0 2.18291e-05 6.34121e-05 9.66766e-05
0 1.71787e-05 5.09112e-05 7.87394e-05
0 1.23459e-05 3.80223e-05 6.02751e-05
0 7.39171e-06 2.48501e-05 4.14393e-05
0 2.37787e-06 1.15027e-05 2.23869e-05
0 -2.6375e-06 -1.90757e-06 3.27065e-06
0 -7.60278e-06 -1.52648e-05 -1.57601e-05
0 -1.24735e-05 -2.84513e-05 -3.4559e-05
0 -1.72105e-05 -4.13496e-05 -5.29817e-05
0 -2.17796e-05 -5.38465e-05 -7.08862e-05
0 -2.61502e-05 -6.58364e-05 -8.81331e-05
0 -3.02928e-05 -7.72215e-05 -0.000104585
0 -3.41794e-05 -8.79138e-05 -0.000120108
0 -3.77842e-05 -9.78356e-05 -0.000134574
0 -4.10824e-05 -0.000106918 -0.000147862
0 -4.40509e-05 -0.000115099 -0.000159862
0 -4.66695e-05 -0.000122326 -0.000170472
0 -4.8923e-05 -0.000128555 -0.000179608
0 -5.08023e-05 -0.000133752 -0.000187205
0 -5.23026e-05 -0.000137891 -0.000193212
0 -5.34211e-05 -0.000140955 -0.0001976
0 -5.41562e-05 -0.000142932 -0.00020035
0 -5.45069e-05 -0.000143817 -0.000201465
0 -5.4474e-05 -0.000143612 -0.000200958
0 -5.40554e-05 -0.000142323 -0.000198856
0 -5.32396e-05 -0.000139951 -0.000195187
0 -5.20111e-05 -0.000136497 -0.000189981
0 -5.03664e-05 -0.000131976 -0.000183286
0 -4.83245e-05 -0.000126427 -0.000175173
0 -4.59245e-05 -0.000119917 -0.00016574
0 -4.32092e-05 -0.000112528 -0.000155092
0 -4.02059e-05 -0.000104334 -0.000143329
0 -3.69262e-05 -9.54045e-05 -0.000130539
0 -3.33853e-05 -8.58112e-05 -0.000116817
0 -2.96211e-05 -7.56473e-05 -0.000102285
0 -2.56919e-05 -6.50266e-05 -8.70851e-05
0 -2.16541e-05 -5.40639e-05 -7.13675e-05
0 -1.75422e-05 -4.28566e-05 -5.52657e-05
0 -1.33721e-05 -3.14852e-05 -3.88992e-05
0 -9.17003e-06 -2.00381e-05 -2.24003e-05
0 -4.99585e-06 -8.63538e-06 -5.93579e-06
0 -9.22937e-07 2.58686e-06 1.03101e-05
0 3.00283e-06 1.3514e-05 2.61754e-05
0 6.77234e-06 2.40652e-05 4.15317e-05
0 1.03702e-05 3.41559e-05 5.62455e-05
0 1.37363e-05 4.366e-05 7.01412e-05
0 1.68079e-05 5.24485e-05 8.30412e-05
0 1.96036e-05 6.04751e-05 9.48522e-05
0 2.22359e-05 6.7804e-05 0.00010559
0 2.48406e-05 7.45611e-05 0.000115327
0 2.75096e-05 8.08781e-05 0.00012414
0 3.02736e-05 8.68707e-05 0.000132102
0 3.31097e-05 9.26277e-05 0.000139279
0 3.59542e-05 9.81969e-05 0.00014574
0 3.87348e-05 0.000103595 0.000151567
0 4.14165e-05 0.000108841 0.000156892
0 4.39762e-05 0.000113934 0.000161858
0 4.62642e-05 0.000118714 0.000166467
0 4.79398e-05 0.000122776 0.000170478
0 4.86369e-05 0.000125608 0.000173538
0 4.8183e-05 0.000126803 0.000175365
0 4.66369e-05 0.000126138 0.000175791
0 4.41799e-05 0.000123527 0.000174685
0 4.10052e-05 0.000118972 0.000171879
0 3.72762e-05 0.000112553 0.000167171
0 3.31367e-05 0.000104439 0.000160364
0 2.87369e-05 9.48913e-05 0.000151323
0 2.42285e-05 8.42282e-05 0.000139993
0 1.97053e-05 7.27341e-05 0.000126365
0 1.51268e-05 6.05418e-05 0.000110394
0 1.03183e-05 4.75891e-05 9.19902e-05
0 5.10379e-06 3.37191e-05 7.1119e-05
0 -5.38757e-07 1.88395e-05 4.79383e-05
0 -6.51057e-06 2.9328e-06 2.27594e-05
0 -1.27196e-05 -1.40127e-05 -4.07955e-06
0 -1.89636e-05 -3.18292e-05 -3.20903e-05
0 -2.4667e-05 -4.98331e-05 -6.03417e-05
0 -2.8925e-05 -6.67748e-05 -8.74372e-05
0 -3.10235e-05 -8.12977e-05 -0.000111967
0 -3.11147e-05 -9.26836e-05 -0.000133187
0 -3.0388e-05 -0.000101264 -0.00015131
0 -3.03191e-05 -0.00010798 -0.000166964
0 -3.14841e-05 -0.000113368 -0.000180153
0 -3.30684e-05 -0.000116959 -0.000189779
0 -3.37056e-05 -0.000117807 -0.000194346
0 -3.29326e-05 -0.000115688 -0.0001933
0 -3.17903e-05 -0.000111722 -0.000187666
0 -3.19671e-05 -0.000107759 -0.000179355
0 -3.44172e-05 -0.000105213 -0.000169935
0 -3.88389e-05 -0.000104534 -0.000160114
0 -4.42806e-05 -0.000105589 -0.000150213
0 -4.9785e-05 -0.000108039 -0.000140613
0 -5.4287e-05 -0.000111047 -0.000131467
0 -5.6332e-05 -0.000112878 -0.000122218
0 -5.453e-05 -0.00011132 -0.000111877
0 -4.87877e-05 -0.000105077 -0.000100172
0 -4.11299e-05 -9.50185e-05 -8.85241e-05
0 -3.4786e-05 -8.38629e-05 -7.94848e-05
0 -3.20059e-05 -7.43901e-05 -7.49072e-05
0 -3.27132e-05 -6.7985e-05 -7.47308e-05
0 -3.51862e-05 -6.47332e-05 -7.75233e-05
0 -3.76832e-05 -6.43503e-05 -8.18544e-05
0 -3.93103e-05 -6.66059e-05 -8.69799e-05
0 -3.9765e-05 -7.09816e-05 -9.25194e-05
0 -3.87896e-05 -7.62913e-05 -9.79112e-05
0 -3.60388e-05 -8.08069e-05 -0.000102286
0 -3.12612e-05 -8.2703e-05 -0.000104654
0 -2.43721e-05 -8.03598e-05 -0.000103987
0 -1.52517e-05 -7.2326e-05 -9.9044e-05
0 -3.48674e-06 -5.71284e-05 -8.81236e-05
0 1.15412e-05 -3.33414e-05 -6.91544e-05
0 2.99005e-05 -3.23813e-07 -4.04882e-05
0 5.01577e-05 4.07099e-05 -2.01934e-06
0 6.965e-05 8.66916e-05 4.4764e-05
0 8.63412e-05 0.000134362 9.83028e-05
0 0.000100286 0.000181912 0.000158308
0 0.000112949 0.000228843 0.000225221
0 0.000125378 0.000274713 0.000298637
0 0.000137356 0.000318541 0.00037662
0 0.000147965 0.000359247 0.000456297
0 0.000156498 0.00039625 0.000534771
0 0.000162996 0.000429743 0.000609686
0 0.00016839 0.000460712 0.000679517
0 0.000174136 0.00049056 0.00074349
0 0.000181253 0.000520208 0.000800884
0 0.000189511 0.000549292 0.000850318
0 0.000197868 0.000576459 0.000890124
0 0.000205867 0.000600693 0.000919645
0 0.000214172 0.00062196 0.000939772
0 0.000223398 0.00064032 0.000951826
0 0.000233077 0.000655076 0.000956477
0 0.000242444 0.0006656 0.000954379
0 0.000251828 0.00067272 0.00094747
0 0.000262514 0.00067866 0.000938869
0 0.000275344 0.000685721 0.000931531
0 0.000290151 0.000695574 0.000927642
0 0.000306685 0.000709914 0.000929414
0 0.000325507 0.000731127 0.000939889
0 0.000347512 0.000761728 0.000962428
0 0.000372573 0.000802938 0.000999297
0 0.000399029 0.000853941 0.00105094
0 0.000424602 0.000912513 0.0011166
0 0.000447675 0.000976136 0.00119524
0 0.000467707 0.00104255 0.00128585
0 0.000484771 0.00110962 0.00138693
0 0.000498599 0.00117475 0.00149561
0 0.000507711 0.00123418 0.00160685
0 0.000509507 0.00128307 0.00171347
0 0.00050177 0.00131665 0.0018076
0 0.00048498 0.0013325 0.00188322
0 0.000463468 0.00133231 0.00193795
0 0.000443577 0.00132096 0.00197217
0 0.000430082 0.00130357 0.00198658
0 0.000424225 0.00128343 0.00198069
0 0.000424852 0.00126244 0.00195402
0 0.000430934 0.00124269 0.00190833
0 0.000442679 0.00122709 0.00184836
0 0.000460334 0.00121805 0.00178039
0 0.00048246 0.00121586 0.00171006
0 0.000506062 0.00121884 0.00164188
0 0.00052869 0.00122535 0.00158051
0 0.000550075 0.00123568 0.00153189
0 0.000571388 0.0012516 0.0015023
0 0.00059262 0.00127399 0.00149568
0 0.000610702 0.00130061 0.00151159
0 0.000620434 0.00132636 0.00154556
0 0.00061723 0.00134531 0.00159133
0 0.000599096 0.00135254 0.00164255
0 0.000566725 0.00134455 0.00169313
0 0.000522367 0.00131901 0.00173668
0 0.000468601 0.00127438 0.00176596
0 0.000407629 0.00120967 0.00177288
0 0.000341048 0.00112411 0.00174905
0 0.000269838 0.00101688 0.00168647
0 0.000194517 0.000887003 0.00157818
0 0.000115489 0.000733429 0.00141896
0 3.34149e-05 0.000555551 0.00120589
0 -5.07137e-05 0.000353542 0.000938693
0 -0.000135781 0.000128484 0.000619568
0 -0.000220839 -0.000117659 0.000252801
0 -0.00030548 -0.000382268 -0.000155997
0 -0.000390249 -0.000662583 -0.000600716
0 -0.000476801 -0.000956338 -0.00107535
0 -0.00056737 -0.00126197 -0.00157377
0 -0.000663308 -0.00157786 -0.00208817
0 -0.000763774 -0.00190079 -0.00260777
0 -0.000866075 -0.0022253 -0.00311956
0 -0.000967233 -0.00254456 -0.00361062
0 -0.00106533 -0.00285177 -0.00407003
0 -0.00115959 -0.00314073 -0.00448937
0 -0.00124937 -0.00340567 -0.00486214
0 -0.00133324 -0.00364091 -0.0051829
0 -0.00140865 -0.003841 -0.00544699
0 -0.0014722 -0.00400081 -0.00565042
0 -0.00151993 -0.00411543 -0.0057897
0 -0.0015479 -0.00418031 -0.00586187
0 -0.00155402 -0.00419275 -0.00586586
0 -0.00154015 -0.00415422 -0.00580451
0 -0.00151182 -0.00407093 -0.00568476
0 -0.00147545 -0.00395178 -0.00551548
0 -0.00143447 -0.00380491 -0.00530412
0 -0.001387 -0.00363433 -0.00505417
0 -0.00132667 -0.00343905 -0.00476507
0 -0.00124651 -0.00321511 -0.00443489
0 -0.00114343 -0.00295913 -0.00406383
0 -0.00102077 -0.00267168 -0.00365673
0 -0.000887614 -0.00235861 -0.00322313
0 -0.00075519 -0.00202988 -0.00277495
0 -0.000632492 -0.00169693 -0.00232337
0 -0.000523008 -0.00136927 -0.00187599
0 -0.000424508 -0.00105276 -0.00143605
0 -0.000331984 -0.000750291 -0.00100447
0 -0.000241341 -0.000463707 -0.000582858
0 -0.000151529 -0.000195015 -0.000175139
0 -6.4343e-05 5.35182e-05 0.000212486
0 1.73682e-05 0.000280165 0.000573
0 9.19369e-05 0.000484824 0.000900527
0 0.000160196 0.000669582 0.00119181
0 0.000224978 0.000838162 0.0014464
0 0.000289482 0.00099464 0.00166583
0 0.000355726 0.00114223 0.00185251
0 0.000423738 0.00128249 0.00200899
0 0.000491373 0.00141473 0.0021374
0 0.000554724 0.00153583 0.00223919
0 0.000610229 0.0016419 0.00231643
0 0.000658051 0.0017319 0.00237461
0 0.000702719 0.00180939 0.00242327
0 0.000748628 0.00187946 0.00247184
0 0.000794592 0.00194368 0.00252423
0 0.000833536 0.00199874 0.00257771
0 0.000857449 0.00203957 0.00262682
0 0.000863149 0.00206368 0.0026683
0 0.000854927 0.00207392 0.00270387
0 0.000842244 0.00207761 0.00273903
0 0.000833667 0.00208219 0.00277838
0 0.000831604 0.00209063 0.00282132
0 0.000832702 0.00210117 0.00286246
0 0.000833214 0.00211131 0.00289655
0 0.000833061 0.00212112 0.00292226
0 0.000835068 0.00213271 0.00294156
0 0.000841874 0.00214798 0.00295707
0 0.000854093 0.00216735 0.00297042
0 0.000870379 0.00218995 0.00298221
0 0.000888506 0.0022144 0.00299272
0 0.000906726 0.00223972 0.00300287
0 0.000924718 0.00226605 0.00301489
0 0.00094318 0.00229437 0.00303177
0 0.000961968 0.00232482 0.00305543
0 0.000978367 0.00235487 0.00308474
0 0.000986828 0.00237858 0.00311475
0 0.000980462 0.00238729 0.00313739
0 0.000954083 0.0023721 0.00314388
0 0.000906792 0.00232678 0.00312718
0 0.000841613 0.00224836 0.00308217
0 0.000763011 0.00213606 0.00300412
0 0.000675394 0.00199086 0.00288835
0 0.000583523 0.00181646 0.00273164
0 0.000492757 0.00161949 0.00253355
0 0.00040789 0.0014082 0.00229603
0 0.000331371 0.00119 0.00202201
0 0.000262123 0.000969268 0.00171407
0 0.000196051 0.000746541 0.00137406
0 0.00012849 0.000519987 0.00100472
0 5.70381e-05 0.00028808 0.000611541
0 -1.77163e-05 5.1104e-05 0.000202812
0 -9.43e-05 -0.000189854 -0.000212821
0 -0.000172873 -0.000434939 -0.000628761
0 -0.000255322 -0.000685758 -0.00104051
0 -0.000342786 -0.000943001 -0.00144339
0 -0.000433359 -0.0012038 -0.00183058
0 -0.000522618 -0.00146145 -0.0021936
0 -0.000606133 -0.00170735 -0.00252431
0 -0.000681109 -0.00193293 -0.00281667
0 -0.000746401 -0.00213062 -0.00306675
0 -0.000802203 -0.00229482 -0.0032726
0 -0.000849984 -0.00242313 -0.00343438
0 -0.00089178 -0.00251655 -0.00355398
0 -0.000928747 -0.00257825 -0.00363381
0 -0.000960417 -0.00261227 -0.00367608
0 -0.000985599 -0.00262321 -0.00368338
0 -0.001004 -0.00261666 -0.00366
0 -0.00101681 -0.0025989 -0.00361229
0 -0.0010258 -0.00257567 -0.00354762
0 -0.0010321 -0.00255087 -0.00347299
0 -0.00103531 -0.00252572 -0.00339381
0 -0.00103288 -0.00249799 -0.00331268
0 -0.00102026 -0.00246196 -0.00322876
0 -0.000992593 -0.00240993 -0.00313867
0 -0.000946599 -0.00233422 -0.00303777
0 -0.000881495 -0.00222883 -0.00292109
0 -0.000799519 -0.00209095 -0.00278427
0 -0.000706125 -0.00192241 -0.00262477
0 -0.0006088 -0.00172958 -0.00244215
0 -0.000514963 -0.00152184 -0.00223744
0 -0.000430485 -0.00130981 -0.00201272
0 -0.000358525 -0.00110319 -0.00177052
0 -0.000297439 -0.000907059 -0.00151154
0 -0.000239805 -0.000718908 -0.00123284
0 -0.000175888 -0.000530517 -0.000930015
0 -9.9139e-05 -0.000332911 -0.000601209
0 -8.69842e-06 -0.000119795 -0.000248763
0 9.15741e-05 0.000111377 0.000121647
0 0.000195093 0.000359161 0.000502243
0 0.000294597 0.00061842 0.000884269
0 0.000384047 0.000881258 0.00125907
0 0.00045968 0.00113809 0.00161867
0 0.000520131 0.0013787 0.00195585
0 0.00056622 0.00159357 0.00226417
0 0.000600429 0.00177516 0.00253778
0 0.00062572 0.00191849 0.00277114
0 0.000644612 0.00202134 0.00295903
0 0.000659411 0.00208491 0.00309745
0 0.000672903 0.00211431 0.00318493
0 0.000687921 0.00211762 0.0032228
0 0.000704974 0.00210255 0.00321321
0 0.000719946 0.00207254 0.00315656
0 0.000725177 0.00202579 0.00305157
0 0.000713542 0.00195761 0.00289798
0 0.000682226 0.00186377 0.00269928
0 0.000634293 0.00174312 0.00246388
0 0.000577371 0.00159867 0.00220413
0 0.000519856 0.00143621 0.00193297
0 0.000467281 0.0012623 0.00166078
0 0.000420836 0.00108299 0.00139402
0 0.00037754 0.000902578 0.00113514
0 0.000331452 0.000722672 0.000883014
0 0.000275961 0.000542293 0.00063443
0 0.000206183 0.000358954 0.000385833
0 0.000120102 0.000169431 0.000134185
0 1.8582e-05 -2.96396e-05 -0.000122868
0 -9.44826e-05 -0.000240313 -0.000386314
0 -0.000212464 -0.000461943 -0.000655256
0 -0.00032864 -0.00069224 -0.000928595
0 -0.000439707 -0.000929934 -0.0012078
0 -0.000546547 -0.00117574 -0.00149738
0 -0.000651467 -0.00143045 -0.00180221
0 -0.000753874 -0.00169132 -0.00212326
0 -0.000847895 -0.00194941 -0.00245465
0 -0.000924743 -0.00219117 -0.00278489
0 -0.000978208 -0.00240345 -0.00310156
0 -0.00100895 -0.00257851 -0.00339563
0 -0.00102459 -0.00271609 -0.00366281
0 -0.00103522 -0.00282141 -0.00390099
0 -0.00104698 -0.00290009 -0.00410573
0 -0.00105865 -0.00295415 -0.00426772
0 -0.00106374 -0.00298164 -0.00437473
0 -0.00105526 -0.00297872 -0.0044157
0 -0.00102941 -0.00294156 -0.00438387
0 -0.000987705 -0.00286846 -0.00427873
0 -0.000937517 -0.00276227 -0.00410733
0 -0.000889744 -0.00263079 -0.00388301
0 -0.000853344 -0.00248378 -0.00362098
0 -0.000829488 -0.00232772 -0.00333265
0 -0.000809858 -0.00216252 -0.00302274
0 -0.000781117 -0.0019829 -0.0026914
0 -0.000731681 -0.0017822 -0.00233867
0 -0.000655754 -0.00155534 -0.00196665
0 -0.000553911 -0.00130014 -0.00157951
0 -0.000432041 -0.00101848 -0.00118314
0 -0.000299336 -0.000716495 -0.000784701
0 -0.000165468 -0.000403351 -0.000391241
0 -3.81482e-05 -8.9455e-05 -8.39382e-06
0 7.82725e-05 0.000215513 0.000360445
0 0.000183208 0.000504417 0.000714436
0 0.000279132 0.000773662 0.00105486
0 0.000370288 0.00102345 0.00138427
0 0.000461585 0.00125765 0.00170602
0 0.000557515 0.00148289 0.00202375
0 0.00066022 0.00170596 0.0023398
0 0.000766974 0.00192989 0.00265266
0 0.000869797 0.00215165 0.00295605
0 0.000959203 0.00236404 0.00324158
0 0.00102922 0.00255956 0.0035027
0 0.00107966 0.00273308 0.00373658
0 0.0011149 0.00288231 0.00394338
0 0.0011409 0.0030068 0.0041241
0 0.00116218 0.00310655 0.00427841
0 0.0011799 0.00318057 0.00440328
0 0.00119197 0.00322655 0.00449313
0 0.00119473 0.00324152 0.00454139
0 0.00118474 0.00322279 0.00454201
0 0.00115978 0.00316839 0.0044904
0 0.00111937 0.00307764 0.00438407
0 0.0010643 0.00295095 0.00422242
0 0.000994874 0.00278826 0.00400513
0 0.00090972 0.00258771 0.00373095
0 0.000806683 0.0023462 0.00339826
0 0.00068536 0.00206171 0.00300727
0 0.000549032 0.0017358 0.00256201
0 0.000403863 0.00137393 0.00207013
0 0.00025589 0.000983573 0.0015402
0 0.000108975 0.000572638 0.000979832
0 -3.42032e-05 0.000150274 0.000396644
0 -0.000170085 -0.000271765 -0.000199657
0 -0.000294776 -0.00068058 -0.000797539
0 -0.000407316 -0.00106653 -0.00138655
0 -0.000511645 -0.00142657 -0.00195933
0 -0.000614192 -0.00176302 -0.00251002
0 -0.000719479 -0.0020795 -0.00303158
0 -0.000827848 -0.00237805 -0.003515
0 -0.000936145 -0.00265842 -0.00395054
0 -0.0010398 -0.0029184 -0.00432967
0 -0.00113485 -0.00315466 -0.00464675
0 -0.00121906 -0.00336344 -0.00489974
0 -0.00129245 -0.00354176 -0.00509056
0 -0.00135792 -0.00368932 -0.00522564
0 -0.00142076 -0.00380967 -0.00531569
0 -0.00148594 -0.00390887 -0.00537324
0 -0.00155478 -0.00399254 -0.00540921
0 -0.00162341 -0.00406345 -0.00543057
0 -0.00168356 -0.00412024 -0.00543976
0 -0.00172442 -0.00415712 -0.00543477
0 -0.00173404 -0.00416329 -0.00540883
0 -0.00170162 -0.00412415 -0.00535112
0 -0.0016233 -0.00402739 -0.0052519
0 -0.00150746 -0.00387055 -0.00510857
0 -0.00137294 -0.0036631 -0.00492642
0 -0.00124067 -0.00342189 -0.0047135
0 -0.00112476 -0.00316404 -0.00447454
0 -0.00102728 -0.00290064 -0.00420715
0 -0.000938439 -0.00263309 -0.00390153
0 -0.000842771 -0.00235467 -0.00354484
0 -0.000728183 -0.00205622 -0.00312833
0 -0.000590837 -0.00173055 -0.00265106
0 -0.000432743 -0.00137208 -0.0021174
0 -0.00025653 -0.000974693 -0.00153184
0 -6.2962e-05 -0.000531578 -0.000896272
0 0.000147754 -3.78812e-05 -0.000210933
0 0.000373048 0.000505974 0.000522727
0 0.000605739 0.00109202 0.00129898
0 0.000833405 0.00170359 0.00210557
0 0.00103885 0.00231433 0.00292175
0 0.00120145 0.00288784 0.00371669
0 0.00130315 0.00338315 0.00445345
0 0.00134065 0.00376939 0.0051016
0 0.0013349 0.00404132 0.00564995
0 0.0013267 0.00422322 0.0061082
0 0.00135843 0.00435786 0.00649593
0 0.00145249 0.00448679 0.00682639
0 0.00159889 0.00463213 0.00709506
0 0.00175902 0.00478843 0.0072796
0 0.00188478 0.00492877 0.00735211
0 0.00194146 0.00501945 0.00729529
0 0.00191976 0.00503251 0.00711076
0 0.00183364 0.00495171 0.00681675
0 0.00170918 0.00477325 0.00643952
0 0.00157139 0.0045029 0.00600347
0 0.00143554 0.00415261 0.00552486
0 0.00130586 0.00373847 0.00501141
0 0.00117884 0.00327904 0.00446529
0 0.00104671 0.00279201 0.00388558
0 0.000901462 0.00229213 0.00327127
0 0.000743854 0.00179647 0.00262976
0 0.000590558 0.00133161 0.00198485
0 0.000466914 0.000929621 0.00137149
0 0.000389859 0.000614673 0.000820549
0 0.000356988 0.000392553 0.000347535
0 0.000348379 0.00024868 -4.79483e-05
0 0.000337063 0.000153687 -0.000375085
0 0.000300656 7.3239e-05 -0.000644276
0 0.000228225 -2.27529e-05 -0.000863352
0 0.000120362 -0.000154878 -0.00103799
0 -1.55678e-05 -0.000333129 -0.00117494
0 -0.000171439 -0.000558939 -0.0012858
0 -0.000342198 -0.000828385 -0.00138864
0 -0.000526389 -0.00113547 -0.00150681
0 -0.000726174 -0.00147682 -0.00166751
0 -0.000946125 -0.0018546 -0.00189997
0 -0.0011866 -0.00227188 -0.00222859
0 -0.00143468 -0.00272262 -0.00266223
0 -0.00165893 -0.00318224 -0.00318497
0 -0.00181379 -0.00360479 -0.00375483
0 -0.00185721 -0.00393376 -0.00431586
0 -0.00177193 -0.0041222 -0.00481656
0 -0.00157468 -0.00414862 -0.00522119
0 -0.00130913 -0.00402065 -0.00551046
0 -0.00102968 -0.00376957 -0.00567621
0 -0.00078509 -0.00344075 -0.00571516
0 -0.000605886 -0.00308156 -0.00562362
0 -0.000497812 -0.00272834 -0.00539396
0 -0.000443913 -0.00239795 -0.00501548
0 -0.000415615 -0.00208839 -0.00448134
0 -0.000387302 -0.00178673 -0.00379783
0 -0.000346585 -0.00147918 -0.00299017
0 -0.000296977 -0.00115906 -0.00210231
0 -0.000254504 -0.000831728 -0.00119081
0 -0.000239876 -0.000514672 -0.000315618
0 -0.000268449 -0.000231585 0.000467994
0 -0.00034232 -4.42547e-06 0.00111525
0 -0.00044796 0.000152197 0.00159657
0 -0.000559392 0.000234791 0.00189974
0 -0.000644306 0.000253475 0.00202972
0 -0.000670465 0.000232216 0.00200745
0 -0.000612342 0.000205295 0.00186654
0 -0.000457975 0.000209499 0.00164728
0 -0.000213175 0.000275024 0.00139021
0 9.87529e-05 0.0004179 0.00113072
0 0.00043957 0.000634849 0.00089425
0 0.000761006 0.000902673 0.000694261
0 0.00101551 0.00118319 0.000537183
0 0.00117005 0.00143321 0.000430362
0 0.00121525 0.00161736 0.000385671
0 0.00116684 0.0017184 0.000419432
0 0.00105923 0.00174103 0.000549184
0 0.00093176 0.00170713 0.00078563
0 0.000814987 0.00164638 0.00112481
0 0.000725436 0.00158924 0.00154794
0 0.00066828 0.00156315 0.00202729
0 0.000642415 0.00159097 0.00253158
0 0.000645227 0.0016896 0.00303057
0 0.000676558 0.00186872 0.00350123
0 0.000741102 0.00213144 0.00393262
0 0.000847108 0.00247514 0.00432632
0 0.00100069 0.00288958 0.00469156
0 0.00119904 0.00335415 0.00503795
0 0.00142699 0.00383744 0.00536977
0 0.0016587 0.0043001 0.00568371
0 0.00186337 0.00470031 0.00596977
0 0.00201252 0.00500047 0.00621408
0 0.00208632 0.00517332 0.00640212
0 0.00207718 0.00520591 0.0065211
0 0.00198948 0.00510028 0.00656066
0 0.00183611 0.00487041 0.00651181
0 0.00163376 0.00453718 0.00636544
0 0.001399 0.00412301 0.0061118
0 0.00114564 0.00364749 0.00574089
0 0.000884442 0.00312552 0.0052446
0 0.000627049 0.00257083 0.00462267
0 0.00038991 0.00200118 0.00388856
0 0.000188117 0.00143478 0.00306493
0 2.25374e-05 0.000879005 0.00217058
0 -0.000124149 0.000324752 0.00121326
0 -0.000277146 -0.000247105 0.000194573
0 -0.000454622 -0.00085294 -0.000880177
0 -0.000659064 -0.00149712 -0.00199451
0 -0.000878174 -0.00217016 -0.00311837
0 -0.00109161 -0.00285023 -0.00421209
0 -0.00127831 -0.00350616 -0.00523375
0 -0.00142278 -0.00410287 -0.00614501
0 -0.00151897 -0.00460757 -0.00691487
0 -0.00157028 -0.00499475 -0.00752086
0 -0.00158692 -0.0052496 -0.00794894
0 -0.00158324 -0.0053707 -0.00819388
0 -0.0015756 -0.00537121 -0.00826024
0 -0.00157923 -0.0052766 -0.00816188
0 -0.00160375 -0.00511828 -0.00791903
0 -0.0016499 -0.0049262 -0.00755513
0 -0.00171036 -0.00472417 -0.00709581
0 -0.00177433 -0.00452896 -0.00657034
0 -0.00183302 -0.00435225 -0.0060134
0 -0.00188147 -0.00420123 -0.00546342
0 -0.001915 -0.00407582 -0.00495564
0 -0.00192441 -0.00396542 -0.00451381
0 -0.00189559 -0.00384959 -0.00414572
0 -0.00181399 -0.00370269 -0.00384493
0 -0.00167051 -0.00349979 -0.00359599
0 -0.00146562 -0.00322288 -0.0033793
0 -0.00121121 -0.00286646 -0.00317537
0 -0.000929136 -0.00244057 -0.00296763
0 -0.000645117 -0.00196867 -0.00274149
0 -0.000380384 -0.00147984 -0.00248167
0 -0.000146793 -0.00100061 -0.00217205
0 5.17268e-05 -0.000551019 -0.00179904
0 0.00021447 -0.00014466 -0.00135651
0 0.000340092 0.000210191 -0.000849135
0 0.000426656 0.000510722 -0.0002913
0 0.000475551 0.000761568 0.000298047
0 0.000495458 0.000975885 0.000901846
0 0.000502547 0.00117369 0.00150824
0 0.000516196 0.00137826 0.00210842
0 0.000553291 0.00161116 0.00269335
0 0.000624695 0.00188759 0.00325384
0 0.00073499 0.00221485 0.00378279
0 0.00088401 0.0025931 0.00427754
0 0.00106792 0.00301616 0.00474021
0 0.00127964 0.00347244 0.0051765
0 0.00151019 0.00394724 0.00559475
0 0.00175004 0.00442562 0.00600499
0 0.00198937 0.00489389 0.00641673
0 0.0022172 0.00533937 0.00683602
0 0.00242065 0.0057493 0.00726265
0 0.00258525 0.00610966 0.00768863
0 0.00269689 0.00640515 0.00809858
0 0.00274502 0.00662053 0.00847206
0 0.0027254 0.00674285 0.00878653
0 0.00264125 0.00676332 0.00901981
0 0.00250157 0.0066777 0.00915091
0 0.00231812 0.00648555 0.0091599
0 0.00210287 0.00618966 0.00902843
0 0.00186667 0.00579569 0.008741
0 0.00161779 0.00531078 0.0082856
0 0.00136034 0.00474125 0.00765343
0 0.00109488 0.00409197 0.00684005
0 0.000822335 0.00336925 0.00584936
0 0.000547707 0.00258445 0.00469744
0 0.00027979 0.00175472 0.00341292
0 2.77206e-05 0.000900438 0.00203329
0 -0.000202623 4.12441e-05 0.000598424
0 -0.000410955 -0.000806647 -0.00085606
0 -0.000603047 -0.00163139 -0.00229906
0 -0.000788681 -0.00242562 -0.00369914
0 -0.000978307 -0.00318508 -0.00502477
0 -0.00118049 -0.00390751 -0.00624812
0 -0.00139994 -0.00459134 -0.00734615
0 -0.00163589 -0.00523338 -0.00830055
0 -0.00188261 -0.00582796 -0.00909861
0 -0.00213223 -0.00636837 -0.00973559
0 -0.00237688 -0.00684824 -0.0102156
0 -0.00260826 -0.00726105 -0.0105495
0 -0.00281665 -0.00759926 -0.0107518
0 -0.00299184 -0.00785527 -0.0108385
0 -0.0031256 -0.00802377 -0.0108278
0 -0.00321333 -0.00810333 -0.0107384
0 -0.00325346 -0.00809594 -0.0105879
0 -0.003246 -0.00800564 -0.0103899
0 -0.00319211 -0.00783797 -0.010153
0 -0.00309413 -0.00759952 -0.00988068
0 -0.00295458 -0.00729648 -0.0095707
0 -0.00277497 -0.00693251 -0.00921472
0 -0.00255628 -0.00650836 -0.00879956
0 -0.00230196 -0.00602432 -0.00831132
0 -0.00202099 -0.00548394 -0.00774033
0 -0.00172769 -0.00489553 -0.00708338
0 -0.00143806 -0.00427108 -0.00634297
0 -0.0011659 -0.00362429 -0.00552586
0 -0.000920136 -0.00296899 -0.00464219
0 -0.000703578 -0.00231731 -0.0037047
0 -0.000512343 -0.00167737 -0.00272734
0 -0.000336854 -0.00105144 -0.00172337
0 -0.000164954 -0.000436636 -0.00070421
0 1.42112e-05 0.000172143 0.00031974
0 0.000207396 0.000779951 0.00133622
0 0.000417087 0.00139104 0.0023299
0 0.000643858 0.00200867 0.00328594
0 0.000888602 0.00263571 0.00419463
0 0.0011518 0.00327386 0.0050522
0 0.00142989 0.00391991 0.0058572
0 0.00171303 0.00456307 0.00660702
0 0.00198768 0.00518677 0.00729827
0 0.00224183 0.00577334 0.00792965
0 0.00246818 0.00630789 0.00850324
0 0.00266372 0.00677942 0.00902295
0 0.0028276 0.0071806 0.0094919
0 0.00295961 0.00750765 0.00991083
0 0.00305944 0.00776009 0.0102775
0 0.00312598 0.00793944 0.0105864
0 0.00315709 0.00804746 0.0108284
0 0.00315074 0.00808545 0.0109925
0 0.0031071 0.00805482 0.0110679
0 0.00303007 0.00795808 0.011047
0 0.00292685 0.00779898 0.0109256
0 0.00280614 0.0075822 0.0107028
0 0.0026762 0.00731283 0.0103807
0 0.00254347 0.00699635 0.00996364
0 0.00241188 0.00663842 0.00945826
0 0.00228232 0.00624433 0.00887282
0 0.0021522 0.00581779 0.00821614
0 0.00201596 0.00536025 0.00749689
0 0.001867 0.00487149 0.00672402
0 0.00170038 0.00435159 0.00590802
0 0.00151516 0.00380306 0.00506216
0 0.00131452 0.00323169 0.00420209
0 0.00110326 0.00264499 0.00334318
0 0.000884907 0.00204981 0.00249708
0 0.000661148 0.00145167 0.00167069
0 0.000433591 0.000856155 0.000868361
0 0.000205402 0.000270099 9.45911e-05
0 -1.94033e-05 -0.0002993 -0.000645754
0 -0.000238255 -0.00084669 -0.00134937
0 -0.000451594 -0.00137014 -0.00201622
0 -0.000662673 -0.00187147 -0.00264992
0 -0.000875929 -0.00235573 -0.00325716
0 -0.00109449 -0.0028293 -0.00384582
0 -0.00131812 -0.00329768 -0.00442276
0 -0.00154312 -0.00376412 -0.00499288
0 -0.00176393 -0.00422962 -0.00555965
0 -0.00197506 -0.00469313 -0.00612559
0 -0.00217141 -0.00515086 -0.00669145
0 -0.00234786 -0.00559544 -0.00725479
0 -0.00249945 -0.00601628 -0.0078094
0 -0.0026221 -0.00640099 -0.00834556
0 -0.00271365 -0.00673745 -0.00885112
0 -0.00277558 -0.00701693 -0.00931389
0 -0.00281392 -0.00723681 -0.00972393
0 -0.00283764 -0.00740055 -0.0100739
0 -0.00285506 -0.00751525 -0.0103577
0 -0.00287114 -0.00758867 -0.0105692
0 -0.00288681 -0.00762737 -0.0107028
0 -0.00290002 -0.00763572 -0.0107543
0 -0.00290701 -0.00761524 -0.0107223
0 -0.00290346 -0.00756451 -0.0106079
0 -0.00288536 -0.0074796 -0.0104152
0 -0.00284934 -0.00735485 -0.0101499
0 -0.00279249 -0.00718369 -0.00981869
0 -0.00271179 -0.00695921 -0.00942721
0 -0.00260405 -0.00667493 -0.00897932
0 -0.00246735 -0.00632686 -0.00847777
0 -0.00230314 -0.00591608 -0.00792618
0 -0.00211679 -0.00544977 -0.00732995
0 -0.0019155 -0.0049395 -0.0066952
0 -0.0017055 -0.00439829 -0.00602711
0 -0.00149056 -0.00383822 -0.00532927
0 -0.00127203 -0.0032689 -0.00460412
0 -0.00104997 -0.00269692 -0.00385409
0 -0.000824528 -0.0021262 -0.00308286
0 -0.000596893 -0.00155871 -0.00229602
0 -0.000369846 -0.000995606 -0.00150106
0 -0.000148321 -0.000439298 -0.000707285
0 6.10373e-05 0.000104837 7.44779e-05
0 0.000251687 0.000628723 0.000832976
0 0.000419312 0.00112356 0.00155749
0 0.00056291 0.00158155 0.00223816
0 0.000684313 0.00199621 0.00286581
0 0.000786753 0.00236212 0.00343152
0 0.000873878 0.00267546 0.00392723
0 0.000949951 0.00293556 0.00434718
0 0.00101998 0.00314574 0.00468904
0 0.0010888 0.00331269 0.00495388
0 0.00116009 0.00344515 0.00514571
0 0.00123593 0.00355277 0.00527134
0 0.00131688 0.00364504 0.00534025
0 0.001402 0.0037301 0.00536412
0 0.001489 0.00381375 0.00535597
0 0.00157441 0.0038987 0.00532916
0 0.00165377 0.00398423 0.00529608
0 0.0017224 0.00406691 0.00526747
0 0.00177719 0.00414269 0.00525287
0 0.0018178 0.00420914 0.00526094
0 0.00184622 0.00426613 0.00529872
0 0.00186505 0.00431533 0.00537012
0 0.00187614 0.00435916 0.00547482
0 0.00188007 0.00439995 0.00560824
0 0.00187688 0.00443972 0.00576259
0 0.0018671 0.00448011 0.0059285
0 0.00185246 0.00452236 0.00609644
0 0.00183584 0.00456707 0.00625755
0 0.00182072 0.00461404 0.00640419
0 0.00181047 0.00466228 0.00653016
0 0.00180751 0.00470997 0.00663066
0 0.00181261 0.0047544 0.00670206
0 0.00182464 0.00479207 0.00674172
0 0.00184111 0.00481925 0.00674833
0 0.00185912 0.00483281 0.00672237
0 0.00187598 0.00483075 0.00666616
0 0.00188946 0.0048123 0.00658362
0 0.00189801 0.00477807 0.00647989
0 0.00190076 0.0047299 0.00636096
0 0.00189733 0.00467045 0.006233
0 0.00188756 0.00460258 0.00610176
0 0.00187146 0.00452901 0.00597218
0 0.00184893 0.00445169 0.00584785
0 0.0018191 0.00437087 0.0057301
0 0.00178031 0.00428481 0.00561768
0 0.00173125 0.00419084 0.00550776
0 0.0016722 0.0040868 0.00539717
0 0.00160497 0.00397148 0.00528266
0 0.00153173 0.0038441 0.00516032
0 0.00145406 0.00370386 0.00502517
0 0.00137275 0.00354978 0.00487151
0 0.0012879 0.00338071 0.00469341
0 0.00119893 0.00319504 0.00448501
0 0.00110436 0.0029902 0.00424056
0 0.00100197 0.0027625 0.00395452
0 0.000889575 0.0025078 0.00362234
0 0.000765956 0.00222263 0.00324133
0 0.000630651 0.00190429 0.00281042
0 0.000482759 0.00155016 0.00232902
0 0.000320689 0.00115745 0.00179645
0 0.000143261 0.000724241 0.00121239
0 -4.9671e-05 0.00025013 0.000577219
0 -0.000257941 -0.000264455 -0.000108889
0 -0.000481982 -0.000819251 -0.000847017
0 -0.000722517 -0.0014142 -0.00163898
0 -0.000979055 -0.00204833 -0.00248538
0 -0.00124865 -0.00271831 -0.00338346
0 -0.00152626 -0.00341784 -0.00432649
0 -0.00180626 -0.00413849 -0.00530513
0 -0.00208411 -0.00487119 -0.00630929
0 -0.00235695 -0.00560714 -0.00732877
0 -0.00262264 -0.00633741 -0.00835248
0 -0.0028784 -0.00705217 -0.00936732
0 -0.00312062 -0.0077408 -0.0103582
0 -0.00334592 -0.00839297 -0.0113095
0 -0.00355215 -0.00899988 -0.012206
0 -0.0037381 -0.00955405 -0.0130336
0 -0.00390224 -0.0100483 -0.0137785
0 -0.00404249 -0.0104756 -0.014427
0 -0.00415734 -0.01083 -0.0149675
0 -0.00424666 -0.0111078 -0.0153916
0 -0.00431095 -0.0113066 -0.0156933
0 -0.00434982 -0.0114245 -0.0158686
0 -0.00436131 -0.0114588 -0.015914
0 -0.00434235 -0.0114063 -0.0158274
0 -0.00428979 -0.0112637 -0.0156077
0 -0.0042008 -0.0110282 -0.0152557
0 -0.00407284 -0.0106968 -0.0147728
0 -0.00390356 -0.0102666 -0.0141607
0 -0.0036912 -0.00973553 -0.013421
0 -0.00343508 -0.00910248 -0.012556
0 -0.0031359 -0.00836834 -0.0115683
0 -0.00279612 -0.00753635 -0.0104617
0 -0.00241985 -0.00661242 -0.00924117
0 -0.00201199 -0.00560443 -0.00791259
0 -0.00157692 -0.00452093 -0.00648204
0 -0.00111829 -0.00337064 -0.00495598
0 -0.000639906 -0.00216298 -0.00334271
0 -0.000146111 -0.000908096 -0.00165333
0 0.000357873 0.00038354 9.98966e-05
0 0.000865575 0.00170059 0.00190545
0 0.00137013 0.00303056 0.00375064
0 0.0018657 0.00436059 0.00561847
0 0.00234758 0.0056774 0.00748815
0 0.0028114 0.00696678 0.0093365
0 0.00325271 0.00821376 0.0111387
0 0.00366751 0.00940338 0.0128692
0 0.00405266 0.0105213 0.0145033
0 0.00440579 0.0115539 0.0160172
0 0.00472466 0.0124887 0.0173891
0 0.00500646 0.0133135 0.0185984
0 0.00524739 0.0140166 0.0196262
0 0.00544296 0.0145868 0.0204559
0 0.00558874 0.0150142 0.0210735
0 0.00568086 0.0152905 0.0214687
0 0.00571625 0.0154091 0.0216344
0 0.00569266 0.0153656 0.0215669
0 0.00560884 0.0151575 0.0212657
0 0.00546487 0.0147851 0.0207339
0 0.00526241 0.0142517 0.019978
0 0.00500488 0.0135642 0.0190084
0 0.00469724 0.0127332 0.0178391
0 0.00434538 0.0117721 0.0164874
0 0.00395514 0.0106966 0.0149726
0 0.00353184 0.00952313 0.0133159
0 0.00308045 0.00826901 0.01154
0 0.00260608 0.00695178 0.00966899
0 0.00211415 0.00558903 0.00772833
0 0.00161039 0.00419808 0.00574429
0 0.00110076 0.00279568 0.00374321
0 0.000591363 0.00139763 0.00174942
0 8.82311e-05 1.83199e-05 -0.000216577
0 -0.000403896 -0.00132972 -0.00213545
0 -0.000881954 -0.00263504 -0.00398622
0 -0.00134317 -0.00388584 -0.00574812
0 -0.00178435 -0.00507036 -0.00740285
0 -0.00220235 -0.00617809 -0.00893516
0 -0.00259427 -0.00720021 -0.0103329
0 -0.00295722 -0.00812941 -0.0115869
0 -0.00328814 -0.00895956 -0.0126905
0 -0.00358371 -0.00968553 -0.013639
0 -0.0038403 -0.0103029 -0.0144299
0 -0.00405404 -0.0108076 -0.0150618
0 -0.00422121 -0.0111957 -0.0155342
0 -0.00433888 -0.0114643 -0.0158478
0 -0.00440525 -0.0116113 -0.0160044
0 -0.00441957 -0.0116357 -0.0160059
0 -0.00438223 -0.0115382 -0.0158551
0 -0.00429528 -0.0113213 -0.0155556
0 -0.00416288 -0.0109908 -0.0151129
0 -0.00399057 -0.0105548 -0.0145341
0 -0.0037838 -0.010023 -0.0138268
0 -0.00354681 -0.00940489 -0.012999
0 -0.00328261 -0.00870964 -0.0120583
0 -0.00299375 -0.00794604 -0.0110138
0 -0.00268293 -0.00712276 -0.00987574
0 -0.00235307 -0.00624812 -0.00865595
0 -0.00200704 -0.00532996 -0.00736723
0 -0.00164765 -0.00437575 -0.00602312
0 -0.00127799 -0.00339321 -0.00463808
0 -0.000901974 -0.00239103 -0.00322772
0 -0.000524365 -0.00137905 -0.00180762
0 -0.000150054 -0.00036784 -0.000391455
0 0.000216852 0.000632153 0.00100851
0 0.000573358 0.00161125 0.002379
0 0.000917195 0.00255965 0.00370526
0 0.00124584 0.00346639 0.00497186
0 0.00155569 0.00431962 0.00616314
0 0.00184207 0.00510729 0.00726338
0 0.00210008 0.00581803 0.00825746
0 0.0023255 0.00644189 0.00913183
0 0.00251538 0.00697094 0.00987522
0 0.0026684 0.00739972 0.0104791
0 0.00278483 0.00772544 0.0109382
0 0.00286602 0.00794783 0.01125
0 0.00291393 0.00806891 0.011415
0 0.00293109 0.008093 0.0114366
0 0.00292054 0.00802668 0.0113215
0 0.00288561 0.00787834 0.0110794
0 0.00282965 0.00765774 0.0107229
0 0.00275554 0.00737514 0.0102663
0 0.00266511 0.00704026 0.00972528
0 0.00255913 0.00666172 0.0091154
0 0.00243815 0.00624746 0.00845282
0 0.00230377 0.00580565 0.00775448
0 0.00215885 0.00534513 0.00703792
0 0.00200681 0.00487488 0.00632009
0 0.00185051 0.0044033 0.00561611
0 0.00169202 0.00393783 0.00493854
0 0.0015328 0.003485 0.00429732
0 0.00137417 0.00305041 0.0036998
0 0.00121719 0.00263844 0.0031504
0 0.00106252 0.00225164 0.00265043
0 0.000910384 0.00189051 0.00219832
0 0.000760671 0.00155354 0.00179039
0 0.000612719 0.00123737 0.00142101
0 0.000464926 0.000936678 0.00108242
0 0.000314629 0.000644192 0.000764612
0 0.000158215 0.000350755 0.00045532
0 -8.26518e-06 4.59525e-05 0.0001405
0 -0.000187621 -0.000280293 -0.000194246
0 -0.000380196 -0.000635971 -0.000562063
0 -0.000584168 -0.00102644 -0.000974437
0 -0.000797067 -0.00145499 -0.00144177
0 -0.00101691 -0.00192333 -0.00197371
0 -0.00124244 -0.00243177 -0.00257865
0 -0.00147314 -0.00297941 -0.00326314
0 -0.00170876 -0.00356412 -0.00403055
0 -0.00194812 -0.0041817 -0.00487885
0 -0.00218791 -0.00482554 -0.00579901
0 -0.00242329 -0.00548691 -0.00677578
0 -0.00264927 -0.00615547 -0.00778971
0 -0.00286147 -0.00681926 -0.00881844
0 -0.00305626 -0.00746481 -0.00983755
0 -0.0032309 -0.00807774 -0.0108215
0 -0.00338364 -0.00864368 -0.0117451
0 -0.00351305 -0.00914856 -0.0125833
0 -0.00361685 -0.00957826 -0.013312
0 -0.00369139 -0.00991849 -0.0139073
0 -0.00373226 -0.0101555 -0.0143473
0 -0.00373494 -0.0102766 -0.0146127
0 -0.00369506 -0.0102707 -0.0146871
0 -0.00360812 -0.0101277 -0.0145569
0 -0.00346931 -0.00983818 -0.014211
0 -0.00327433 -0.00939457 -0.0136414
0 -0.00302086 -0.00879215 -0.0128441
0 -0.00271 -0.00803098 -0.0118208
0 -0.00234663 -0.00711695 -0.0105798
0 -0.00193843 -0.00606164 -0.00913483
0 -0.00149433 -0.0048815 -0.00750516
0 -0.00102354 -0.00359726 -0.00571464
0 -0.000534916 -0.00223269 -0.00379182
0 -3.58413e-05 -0.0008121 -0.00176885
0 0.000467379 0.000641664 0.000321432
0 0.000967472 0.0021055 0.00244857
0 0.00145618 0.00355426 0.00458098
0 0.00192546 0.00496246 0.00668075
0 0.00236779 0.00630571 0.00870672
0 0.00277667 0.00756149 0.0106191
0 0.00314757 0.0087104 0.0123811
0 0.00347811 0.00973683 0.0139611
0 0.00376741 0.0106287 0.0153323
0 0.00401465 0.0113767 0.0164734
0 0.00421827 0.0119733 0.0173679
0 0.0043757 0.0124123 0.0180047
0 0.00448336 0.0126885 0.0183772
0 0.0045374 0.0127976 0.0184841
0 0.00453527 0.0127381 0.0183299
0 0.00447673 0.0125119 0.0179253
0 0.00436302 0.0121242 0.0172858
0 0.00419569 0.0115826 0.0164298
0 0.003976 0.0108969 0.0153774
0 0.0037053 0.0100782 0.0141498
0 0.00338563 0.00913952 0.0127688
0 0.00302006 0.00809516 0.011257
0 0.00261274 0.0069601 0.00963662
0 0.00216884 0.00574971 0.0079295
0 0.00169459 0.0044797 0.00615681
0 0.00119747 0.0031663 0.00433921
0 0.000685885 0.00182598 0.00249665
0 0.000168176 0.000474657 0.000646569
0 -0.000348157 -0.00087275 -0.00119689
0 -0.000856522 -0.00220223 -0.00301983
0 -0.00135094 -0.0035001 -0.00480604
0 -0.0018255 -0.00475251 -0.00653809
0 -0.00227419 -0.00594569 -0.00819827
0 -0.0026912 -0.00706632 -0.00976864
0 -0.00307176 -0.00810218 -0.0112317
0 -0.00341299 -0.00904303 -0.0125717
0 -0.00371387 -0.00988099 -0.0137747
0 -0.00397426 -0.01061 -0.0148286
0 -0.0041936 -0.0112246 -0.0157219
0 -0.00437008 -0.0117197 -0.0164439
0 -0.00450046 -0.0120894 -0.0169841
0 -0.00458073 -0.0123274 -0.017333
0 -0.00460722 -0.0124274 -0.0174828
0 -0.00457733 -0.0123841 -0.0174282
0 -0.00448969 -0.0121931 -0.0171663
0 -0.00434419 -0.0118518 -0.0166965
0 -0.00414218 -0.01136 -0.0160211
0 -0.00388647 -0.0107208 -0.0151451
0 -0.00358061 -0.00994004 -0.0140762
0 -0.00322814 -0.00902592 -0.0128237
0 -0.0028322 -0.00798806 -0.0113989
0 -0.00239598 -0.00683755 -0.0098144
0 -0.00192346 -0.00558704 -0.0080857
0 -0.00141973 -0.00425075 -0.00623081
0 -0.000890884 -0.00284422 -0.00427051
0 -0.000343593 -0.00138366 -0.002228
0 0.00021482 0.000114412 -0.000126721
0 0.000776037 0.00163259 0.00201164
0 0.00133225 0.00315288 0.00416461
0 0.00187776 0.00465795 0.00630672
0 0.00240814 0.00613124 0.00841152
0 0.0029189 0.0075562 0.0104525
0 0.00340461 0.00891584 0.0124026
0 0.00385887 0.0101927 0.0142346
0 0.00427521 0.0113694 0.0159225
0 0.00464801 0.0124296 0.0174423
0 0.00497265 0.0133586 0.0187728
0 0.00524496 0.0141427 0.0198954
0 0.00546087 0.0147697 0.0207936
0 0.00561656 0.0152293 0.0214535
0 0.00570894 0.0155134 0.0218645
0 0.00573568 0.0156169 0.0220194
0 0.00569483 0.015536 0.0219135
0 0.00558471 0.0152688 0.021545
0 0.00540411 0.0148147 0.0209143
0 0.00515277 0.0141748 0.020025
0 0.00483179 0.0133525 0.0188832
0 0.00444362 0.0123535 0.0174982
0 0.00399157 0.0111853 0.0158817
0 0.00347946 0.00985761 0.0140471
0 0.00291154 0.00838147 0.0120097
0 0.00229277 0.00676989 0.00978684
0 0.00162897 0.00503775 0.0073979
0 0.000926921 0.00320171 0.00486469
0 0.000193819 0.00127921 0.00221114
0 -0.000562349 -0.000711558 -0.000539391
0 -0.00133188 -0.00274961 -0.00336386
0 -0.00210415 -0.00481116 -0.00623416
0 -0.00286846 -0.00687095 -0.0091167
0 -0.00361401 -0.00890261 -0.0119754
0 -0.00433044 -0.010879 -0.0147724
0 -0.0050082 -0.012773 -0.0174694
0 -0.00563849 -0.0145581 -0.0200274
0 -0.00621305 -0.0162082 -0.0224077
0 -0.00672368 -0.0176977 -0.0245719
0 -0.00716205 -0.0190018 -0.0264826
0 -0.00751992 -0.0200969 -0.0281051
0 -0.00778958 -0.0209615 -0.0294099
0 -0.00796505 -0.0215767 -0.0303732
0 -0.00804275 -0.0219287 -0.0309748
0 -0.00802169 -0.022009 -0.0311986
0 -0.00790361 -0.0218153 -0.0310336
0 -0.00769285 -0.0213511 -0.030475
0 -0.00739577 -0.0206253 -0.0295256
0 -0.0070203 -0.0196519 -0.0281964
0 -0.00657554 -0.0184493 -0.026507
0 -0.00607093 -0.0170397 -0.0244849
0 -0.00551536 -0.0154482 -0.0221649
0 -0.00491642 -0.0137011 -0.0195876
0 -0.0042801 -0.0118252 -0.0167976
0 -0.00361111 -0.00984696 -0.0138427
0 -0.00291376 -0.00779248 -0.0107725
0 -0.0021931 -0.0056878 -0.00763753
0 -0.00145601 -0.00355942 -0.0044872
0 -0.000711673 -0.00143361 -0.00136572
0 3.08722e-05 0.00066607 0.00168753
0 0.000765751 0.00271902 0.00463454
0 0.00148942 0.00470584 0.00744117
0 0.00219911 0.00660884 0.0100806
0 0.00289169 0.00841287 0.0125329
0 0.00356237 0.010105 0.0147843
0 0.00420447 0.0116742 0.0168259
0 0.00480978 0.0131114 0.0186538
0 0.00536929 0.0144085 0.0202674
0 0.00587436 0.0155588 0.0216695
0 0.00631794 0.0165575 0.0228654
0 0.00669547 0.017402 0.0238628
0 0.00700494 0.0180921 0.0246709
0 0.00724612 0.0186295 0.0252985
0 0.00741965 0.0190169 0.0257532
0 0.00752665 0.0192577 0.0260406
0 0.00756866 0.0193558 0.0261641
0 0.00754792 0.0193156 0.0261258
0 0.00746755 0.0191418 0.0259264
0 0.0073315 0.0188394 0.0255663
0 0.00714418 0.0184138 0.0250455
0 0.00690991 0.01787 0.0243642
0 0.00663257 0.0172127 0.0235228
0 0.00631563 0.0164469 0.0225229
0 0.00596243 0.0155775 0.0213679
0 0.00557625 0.0146098 0.0200637
0 0.00516032 0.01355 0.0186183
0 0.00471776 0.0124047 0.0170422
0 0.00425155 0.0111818 0.0153484
0 0.0037645 0.00989006 0.0135519
0 0.00325928 0.00853952 0.0116693
0 0.00273852 0.0071412 0.00971878
0 0.00220482 0.00570673 0.00771921
0 0.00166047 0.00424763 0.00568939
0 0.00110748 0.00277461 0.00364708
0 0.000548076 0.00129727 0.00160742
0 -1.51713e-05 -0.000175963 -0.000418486
0 -0.000579731 -0.00163803 -0.002421
0 -0.00114295 -0.00308257 -0.00438892
0 -0.00170161 -0.00450255 -0.00631064
0 -0.00225218 -0.00589073 -0.00817611
0 -0.00279117 -0.00724031 -0.009977
0 -0.00331506 -0.00854476 -0.0117065
0 -0.00382033 -0.00979768 -0.0133589
0 -0.00430341 -0.0109928 -0.0149297
0 -0.004761 -0.0121241 -0.0164151
0 -0.0051901 -0.0131861 -0.0178118
0 -0.00558812 -0.0141739 -0.0191167
0 -0.00595305 -0.0150833 -0.020327
0 -0.00628359 -0.0159112 -0.0214396
0 -0.00657891 -0.0166553 -0.0224515
0 -0.00683828 -0.0173138 -0.0233591
0 -0.00706092 -0.0178852 -0.0241579
0 -0.00724598 -0.0183679 -0.0248434
0 -0.00739219 -0.0187595 -0.02541
0 -0.00749767 -0.0190564 -0.0258514
0 -0.00756013 -0.0192539 -0.0261605
0 -0.00757745 -0.0193466 -0.0263302
0 -0.00754796 -0.0193287 -0.0263534
0 -0.00747033 -0.0191948 -0.0262234
0 -0.00734318 -0.0189391 -0.0259335
0 -0.00716489 -0.0185563 -0.0254767
0 -0.00693398 -0.0180417 -0.0248463
0 -0.00664963 -0.0173919 -0.0240366
0 -0.006312 -0.0166053 -0.0230433
0 -0.00592229 -0.0156821 -0.0218639
0 -0.00548274 -0.0146249 -0.0204981
0 -0.00499664 -0.0134383 -0.0189483
0 -0.00446806 -0.0121292 -0.0172196
0 -0.00390155 -0.0107063 -0.0153199
0 -0.00330181 -0.00917984 -0.0132602
0 -0.00267348 -0.00756126 -0.0110542
0 -0.00202095 -0.00586306 -0.00871853
0 -0.00134806 -0.00409825 -0.00627223
0 -0.000658314 -0.00227986 -0.00373672
0 4.41357e-05 -0.000420649 -0.00113496
0 0.000753188 0.00146593 0.00151087
0 0.001461 0.00336348 0.00417958
0 0.00216023 0.00525314 0.00684708
0 0.00284528 0.00711631 0.00948566
0 0.00351158 0.0089353 0.012067
0 0.00415487 0.0106929 0.0145636
0 0.00477065 0.0123726 0.0169489
0 0.00535376 0.0139578 0.0191975
0 0.00589826 0.0154324 0.0212851
0 0.00639798 0.0167808 0.0231894
0 0.00684715 0.0179889 0.0248909
0 0.00724066 0.0190442 0.0263729
0 0.00757404 0.0199356 0.0276216
0 0.00784344 0.0206541 0.0286258
0 0.00804592 0.0211926 0.029377
0 0.0081794 0.0215461 0.0298703
0 0.00824282 0.0217123 0.0301043
0 0.00823603 0.0216911 0.0300801
0 0.00815919 0.0214843 0.0298
0 0.00801219 0.0210946 0.0292678
0 0.00779488 0.0205253 0.0284882
0 0.00750792 0.0197806 0.027468
0 0.00715351 0.0188667 0.0262158
0 0.00673554 0.0177915 0.0247429
0 0.00625912 0.0165651 0.0230626
0 0.00572996 0.015199 0.0211899
0 0.00515403 0.0137061 0.0191411
0 0.00453752 0.0121009 0.0169342
0 0.00388689 0.0103991 0.0145889
0 0.00320881 0.00861737 0.0121266
0 0.0025101 0.00677327 0.00957003
0 0.00179764 0.00488502 0.00694373
0 0.00107842 0.00297129 0.00427348
0 0.000359424 0.00105036 0.00158564
0 -0.000352173 -0.000859637 -0.00109579
0 -0.00104829 -0.00273901 -0.00374749
0 -0.00171984 -0.00456643 -0.00634127
0 -0.00235782 -0.00631981 -0.0088449
0 -0.00295378 -0.00797696 -0.0112257
0 -0.00349983 -0.00951615 -0.0134511
0 -0.00398889 -0.0109164 -0.0154892
0 -0.004415 -0.012158 -0.01731
0 -0.00477388 -0.0132237 -0.0188862
0 -0.00506312 -0.0140993 -0.0201943
0 -0.00528185 -0.0147742 -0.0212155
0 -0.00543001 -0.0152414 -0.0219353
0 -0.00550781 -0.0154969 -0.022344
0 -0.00551583 -0.0155406 -0.022437
0 -0.0054554 -0.0153757 -0.0222157
0 -0.00532876 -0.0150089 -0.0216872
0 -0.00513892 -0.0144499 -0.0208645
0 -0.00488981 -0.0137113 -0.0197664
0 -0.00458653 -0.0128087 -0.018417
0 -0.00423558 -0.0117606 -0.0168457
0 -0.00384457 -0.0105884 -0.0150865
0 -0.00342173 -0.0093158 -0.0131767
0 -0.00297538 -0.00796818 -0.0111561
0 -0.0025137 -0.00657186 -0.00906558
0 -0.00204467 -0.00515372 -0.00694656
0 -0.0015762 -0.00374051 -0.00483991
0 -0.00111676 -0.00235859 -0.00278352
0 -0.000675606 -0.00103315 -0.000810397
0 -0.000260943 0.000214018 0.00104886
0 0.000122502 0.0013656 0.00276379
0 0.000473399 0.00240771 0.0043065
0 0.000791564 0.00332903 0.00565442
0 0.00107633 0.00412074 0.00679091
0 0.00132621 0.00477673 0.00770509
0 0.00153906 0.00529378 0.00839186
0 0.00171243 0.00567139 0.00885186
0 0.00184394 0.0059114 0.00909116
0 0.00193164 0.00601761 0.00912064
0 0.00197412 0.00599519 0.00895499
0 0.00197034 0.00585014 0.00861138
0 0.00191947 0.00558877 0.00810809
0 0.00182124 0.00521774 0.00746372
0 0.00167659 0.00474448 0.00669681
0 0.00148786 0.00417748 0.00582532
0 0.00125875 0.00352639 0.0048662
0 0.000994295 0.00280232 0.00383541
0 0.000700871 0.00201793 0.002748
0 0.000385913 0.00118709 0.00161744
0 5.7301e-05 0.000324508 0.00045468
0 -0.000277309 -0.000554931 -0.000730933
0 -0.000610744 -0.0014369 -0.00192941
0 -0.000936295 -0.00230773 -0.00312844
0 -0.00124787 -0.00315414 -0.00431318
0 -0.00154016 -0.00396347 -0.00546704
0 -0.00180852 -0.00472401 -0.00657236
0 -0.00204879 -0.00542484 -0.00761067
0 -0.00225729 -0.00605549 -0.00856307
0 -0.0024311 -0.00660614 -0.00941094
0 -0.00256835 -0.00706787 -0.0101368
0 -0.0026684 -0.00743301 -0.0107252
0 -0.00273171 -0.00769555 -0.0111631
0 -0.0027598 -0.00785156 -0.0114407
0 -0.00275481 -0.00789939 -0.0115518
0 -0.00271874 -0.00783936 -0.0114935
0 -0.00265262 -0.007673 -0.0112655
0 -0.00255633 -0.00740272 -0.0108705
0 -0.00242943 -0.00703204 -0.0103139
0 -0.00227213 -0.00656606 -0.00960534
0 -0.00208541 -0.0060112 -0.00875747
0 -0.00187035 -0.00537445 -0.00778521
0 -0.00162783 -0.004663 -0.00670474
0 -0.0013589 -0.00388452 -0.00553322
0 -0.00106517 -0.00304743 -0.00428848
0 -0.000749048 -0.0021607 -0.00298821
0 -0.000413854 -0.00123386 -0.00164837
0 -6.38846e-05 -0.000277275 -0.000282281
0 0.000296033 0.000698501 0.00109781
0 0.000661544 0.00168354 0.00247866
0 0.0010295 0.00266816 0.00384664
0 0.00139759 0.00364289 0.0051892
0 0.00176362 0.00459906 0.00649548
0 0.0021249 0.00552883 0.00775607
0 0.00247777 0.00642483 0.00896243
0 0.00281778 0.00727994 0.0101068
0 0.00314035 0.00808754 0.0111823
0 0.00344144 0.00884162 0.0121833
0 0.00371772 0.00953681 0.0131048
0 0.00396654 0.0101681 0.0139425
0 0.00418572 0.0107309 0.0146922
0 0.00437347 0.0112208 0.0153493
0 0.00452833 0.0116336 0.0159092
0 0.00464902 0.0119656 0.0163665
0 0.00473432 0.0122132 0.0167157
0 0.0047829 0.0123729 0.0169507
0 0.00479337 0.0124408 0.0170652
0 0.00476445 0.0124131 0.0170526
0 0.00469519 0.0122862 0.0169072
0 0.00458501 0.0120571 0.0166237
0 0.00443348 0.0117227 0.0161974
0 0.00424004 0.0112808 0.0156244
0 0.00400411 0.0107292 0.0149015
0 0.00372543 0.0100666 0.0140266
0 0.00340442 0.00929305 0.0129992
0 0.00304226 0.00840971 0.0118206
0 0.00264061 0.00741922 0.0104938
0 0.00220148 0.00632545 0.00902338
0 0.00172727 0.00513371 0.00741558
0 0.00122093 0.00385081 0.00567882
0 0.000685771 0.00248489 0.00382374
0 0.000125361 0.00104468 0.00186276
0 -0.000456006 -0.000460053 -0.000191751
0 -0.00105259 -0.00201682 -0.00232836
0 -0.0016576 -0.00361058 -0.00453284
0 -0.00226408 -0.00522538 -0.00678461
0 -0.00286502 -0.00684443 -0.00905874
0 -0.00345344 -0.00844976 -0.0113283
0 -0.0040228 -0.0100228 -0.0135648
0 -0.0045671 -0.0115446 -0.0157391
0 -0.00508061 -0.0129961 -0.0178215
0 -0.00555749 -0.0143579 -0.0197824
0 -0.00599145 -0.0156102 -0.0215922
0 -0.00637587 -0.0167333 -0.023222
0 -0.0067041 -0.0177082 -0.0246445
0 -0.00696969 -0.0185168 -0.0258341
0 -0.00716635 -0.0191423 -0.0267673
0 -0.00728827 -0.0195693 -0.027423
0 -0.00733049 -0.0197847 -0.027783
0 -0.00728931 -0.0197779 -0.0278327
0 -0.00716236 -0.0195411 -0.027561
0 -0.00694864 -0.0190696 -0.0269606
0 -0.00664859 -0.0183621 -0.0260287
0 -0.00626413 -0.0174207 -0.0247667
0 -0.00579863 -0.0162514 -0.023181
0 -0.00525692 -0.014864 -0.0212831
0 -0.00464498 -0.0132718 -0.0190894
0 -0.0039697 -0.0114918 -0.0166211
0 -0.00323864 -0.00954392 -0.0139044
0 -0.00246009 -0.00745077 -0.0109698
0 -0.00164301 -0.00523744 -0.00785232
0 -0.000796611 -0.00293042 -0.00459032
0 6.99888e-05 -0.000555818 -0.00122321
0 0.000946957 0.00186023 0.00221209
0 0.00182389 0.00428974 0.00567743
0 0.00269102 0.00670328 0.00912812
0 0.00353831 0.00907065 0.0125162
0 0.00435502 0.0113607 0.0157941
0 0.00513031 0.0135425 0.0189154
0 0.00585403 0.015586 0.0218358
0 0.00651727 0.0174635 0.024515
0 0.00711251 0.0191497 0.026917
0 0.00763328 0.0206223 0.0290106
0 0.00807295 0.0218613 0.0307712
0 0.00842445 0.0228499 0.0321802
0 0.00868158 0.023576 0.033223
0 0.00883977 0.0240322 0.0338881
0 0.00889663 0.024215 0.0341683
0 0.00885246 0.0241253 0.034061
0 0.00870975 0.0237674 0.0335689
0 0.00847221 0.0231483 0.0326995
0 0.00814415 0.0222771 0.0314648
0 0.00773034 0.0211651 0.0298814
0 0.00723597 0.0198258 0.0279702
0 0.00666644 0.0182749 0.0257556
0 0.00602746 0.0165299 0.0232656
0 0.00532529 0.0146106 0.0205312
0 0.00456699 0.0125386 0.0175859
0 0.00376041 0.0103378 0.0144653
0 0.00291408 0.00803344 0.0112067
0 0.00203693 0.0056515 0.0078476
0 0.00113814 0.00321794 0.00442509
0 0.000227204 0.000757813 0.000971407
0 -0.000686268 -0.0017051 -0.00248497
0 -0.00159338 -0.00414808 -0.00591194
0 -0.00248613 -0.00654806 -0.00927377
0 -0.00335662 -0.00888185 -0.0125358
0 -0.00419688 -0.0111272 -0.0156653
0 -0.00499904 -0.0132629 -0.018632
0 -0.0057554 -0.0152692 -0.021408
0 -0.00645851 -0.0171276 -0.0239679
0 -0.00710127 -0.0188209 -0.0262893
0 -0.00767699 -0.0203337 -0.0283529
0 -0.00817977 -0.0216521 -0.0301424
0 -0.00860476 -0.0227645 -0.0316438
0 -0.00894765 -0.0236611 -0.0328463
0 -0.0092041 -0.0243341 -0.0337416
0 -0.00937055 -0.0247771 -0.0343242
0 -0.00944514 -0.024986 -0.0345914
0 -0.00942798 -0.0249597 -0.0345428
0 -0.00932084 -0.0246997 -0.0341806
0 -0.00912643 -0.0242103 -0.0335094
0 -0.00884781 -0.0234979 -0.0325358
0 -0.00848818 -0.0225708 -0.0312682
0 -0.00805069 -0.0214382 -0.0297168
0 -0.00753858 -0.0201104 -0.027894
0 -0.00695559 -0.0185983 -0.0258142
0 -0.0063062 -0.016914 -0.0234942
0 -0.00559569 -0.0150706 -0.0209532
0 -0.00483011 -0.0130826 -0.0182125
0 -0.00401621 -0.0109661 -0.0152952
0 -0.00316145 -0.0087391 -0.0122266
0 -0.00227359 -0.00642056 -0.00903314
0 -0.00136058 -0.00403047 -0.00574248
0 -0.000430524 -0.00158862 -0.00238195
0 0.000508041 0.000885078 0.00102471
0 0.0014462 0.0033695 0.00445513
0 0.00237557 0.00584316 0.00788215
0 0.00328914 0.00828496 0.0112754
0 0.00418101 0.0106741 0.0146044
0 0.00504511 0.0129903 0.0178387
0 0.00587433 0.0152132 0.0209469
0 0.00666031 0.0173224 0.0238978
0 0.0073942 0.0192975 0.0266606
0 0.00806771 0.0211183 0.0292065
0 0.00867393 0.0227663 0.0315093
0 0.00920818 0.0242248 0.0335461
0 0.00966782 0.0254804 0.035297
0 0.01005 0.0265221 0.0367458
0 0.0103504 0.0273401 0.0378805
0 0.0105644 0.0279253 0.0386917
0 0.0106877 0.0282703 0.0391721
0 0.0107173 0.0283704 0.0393167
0 0.010652 0.0282236 0.039123
0 0.0104927 0.027831 0.0385924
0 0.0102416 0.0271965 0.0377295
0 0.0099022 0.0263265 0.0365419
0 0.009478 0.0252291 0.0350398
0 0.00897265 0.0239142 0.0332358
0 0.00838969 0.0223928 0.0311444
0 0.0077332 0.0206774 0.028783
0 0.00700836 0.0187823 0.0261715
0 0.00622189 0.0167241 0.0233329
0 0.00538205 0.0145219 0.0202933
0 0.00449815 0.0121967 0.0170814
0 0.00357976 0.00977123 0.0137275
0 0.00263602 0.00726886 0.0102631
0 0.00167533 0.00471308 0.00672053
0 0.000705116 0.00212614 0.00313108
0 -0.00026783 -0.000471068 -0.00047785
0 -0.0012361 -0.00305763 -0.00408074
0 -0.00219117 -0.00561167 -0.00764692
0 -0.00312447 -0.00811028 -0.0111412
0 -0.00402777 -0.0105305 -0.0145285
0 -0.00489316 -0.0128505 -0.017775
0 -0.00571333 -0.0150493 -0.0208487
0 -0.00648171 -0.0171075 -0.0237203
0 -0.00719232 -0.019007 -0.0263635
0 -0.00783949 -0.0207313 -0.028755
0 -0.00841759 -0.0222652 -0.0308744
0 -0.00892084 -0.0235947 -0.0327042
0 -0.0093435 -0.0247074 -0.0342294
0 -0.00968053 -0.0255928 -0.0354391
0 -0.00992841 -0.0262431 -0.0363269
0 -0.0100855 -0.0266544 -0.0368905
0 -0.0101515 -0.0268258 -0.0371295
0 -0.0101272 -0.0267591 -0.0370454
0 -0.0100134 -0.0264582 -0.0366413
0 -0.00981154 -0.0259285 -0.0359226
0 -0.0095242 -0.0251773 -0.0348975
0 -0.00915522 -0.0242139 -0.0335772
0 -0.00870963 -0.0230493 -0.0319758
0 -0.00819352 -0.0216966 -0.0301107
0 -0.007614 -0.020171 -0.0280021
0 -0.00697899 -0.01849 -0.0256736
0 -0.00629653 -0.0166727 -0.0231508
0 -0.00557417 -0.0147395 -0.0204614
0 -0.00481895 -0.0127111 -0.017634
0 -0.0040376 -0.0106087 -0.0146984
0 -0.0032368 -0.00845353 -0.0116852
0 -0.00242297 -0.00626632 -0.00862536
0 -0.00160222 -0.00406658 -0.00554887
0 -0.000780737 -0.00187198 -0.00248358
0 3.50092e-05 0.0003012 0.000548022
0 0.000838648 0.00243721 0.00352645
0 0.0016236 0.00452018 0.0064286
0 0.00238257 0.00653269 0.00922766
0 0.00310768 0.00845607 0.0118973
0 0.00379136 0.0102721 0.0144132
0 0.0044271 0.0119637 0.0167531
0 0.00500992 0.0135159 0.0188978
0 0.00553647 0.0149161 0.020831
0 0.00600446 0.0161545 0.0225399
0 0.0064119 0.0172233 0.024014
0 0.0067566 0.0181168 0.0252449
0 0.00703617 0.0188307 0.0262264
0 0.00724847 0.0193625 0.0269544
0 0.00739194 0.0197115 0.0274274
0 0.00746585 0.0198784 0.0276466
0 0.00747044 0.0198655 0.0276153
0 0.00740694 0.0196767 0.0273395
0 0.00727756 0.0193172 0.026827
0 0.00708535 0.0187937 0.0260882
0 0.00683396 0.0181143 0.0251348
0 0.00652723 0.017288 0.0239799
0 0.00616918 0.016325 0.022638
0 0.00576414 0.0152367 0.0211248
0 0.00531693 0.0140357 0.0194574
0 0.00483289 0.0127363 0.0176544
0 0.00431777 0.0113534 0.0157357
0 0.00377748 0.00990303 0.013722
0 0.00321765 0.00840097 0.0116346
0 0.00264348 0.00686267 0.00949466
0 0.00205989 0.0053029 0.0073232
0 0.00147187 0.00373547 0.005141
0 0.000884565 0.00217285 0.00296763
0 0.000303004 0.000626443 0.000819756
0 -0.000268191 -0.000891994 -0.00128931
0 -0.000824578 -0.00237055 -0.00334664
0 -0.00136179 -0.00379786 -0.00533643
0 -0.00187569 -0.00516256 -0.00724067
0 -0.00236204 -0.00645317 -0.00904173
0 -0.00281642 -0.00765874 -0.0107233
0 -0.0032346 -0.008769 -0.0122704
0 -0.00361282 -0.00977447 -0.0136696
0 -0.00394807 -0.0106667 -0.0149098
0 -0.00423831 -0.0114388 -0.0159818
0 -0.0044826 -0.0120856 -0.0168791
0 -0.00468085 -0.012604 -0.0175976
0 -0.00483317 -0.0129928 -0.0181352
0 -0.00493935 -0.0132518 -0.0184911
0 -0.00499875 -0.0133819 -0.0186659
0 -0.00501078 -0.013385 -0.0186617
0 -0.00497525 -0.0132636 -0.0184822
0 -0.00489254 -0.0130211 -0.018133
0 -0.00476366 -0.0126616 -0.0176208
0 -0.0045904 -0.0121899 -0.0169539
0 -0.00437529 -0.0116118 -0.016142
0 -0.00412153 -0.0109341 -0.0151958
0 -0.00383275 -0.0101649 -0.0141271
0 -0.00351282 -0.00931319 -0.0129484
0 -0.00316575 -0.00838908 -0.0116727
0 -0.00279568 -0.00740336 -0.0103138
0 -0.00240695 -0.00636761 -0.00888608
0 -0.00200416 -0.00529395 -0.00740448
0 -0.00159194 -0.00419458 -0.00588451
0 -0.00117471 -0.00308108 -0.00434178
0 -0.000756444 -0.00196381 -0.00279138
0 -0.000340853 -0.000852035 -0.00124672
0 6.88129e-05 0.000245294 0.000281262
0 0.000469848 0.0013192 0.00178356
0 0.000859699 0.00236162 0.00325101
0 0.00123574 0.00336585 0.0046724
0 0.00159531 0.00432581 0.00603483
0 0.00193565 0.00523527 0.00732529
0 0.00225386 0.00608752 0.00853135
0 0.00254686 0.00687527 0.00964137
0 0.00281171 0.00759088 0.0106448
0 0.00304598 0.00822689 0.0115326
0 0.0032481 0.00877674 0.0122975
0 0.00341723 0.00923526 0.0129345
0 0.00355298 0.00959884 0.0134398
0 0.00365498 0.00986533 0.0138112
0 0.00372269 0.010034 0.0140475
0 0.00375553 0.0101051 0.0141486
0 0.00375313 0.0100804 0.0141158
0 0.00371552 0.00996231 0.0139516
0 0.00364314 0.00975387 0.0136598
0 0.00353673 0.00945858 0.0132454
0 0.00339738 0.00908019 0.0127141
0 0.00322665 0.00862288 0.0120728
0 0.0030267 0.00809147 0.0113293
0 0.0028001 0.00749147 0.0104923
0 0.00254971 0.00682906 0.00957108
0 0.00227856 0.00611115 0.00857546
0 0.00198993 0.00534552 0.00751589
0 0.00168756 0.00454096 0.0064037
0 0.0013755 0.00370705 0.00525096
0 0.00105759 0.00285345 0.00407
0 0.000737148 0.00198928 0.00287268
0 0.00041719 0.00112309 0.00166977
0 0.000100426 0.000263279 0.000470707
0 -0.000210859 -0.000581875 -0.000716478
0 -0.000514789 -0.00140499 -0.00188436
0 -0.000809524 -0.00220041 -0.00302458
0 -0.00109304 -0.00296399 -0.0041269
0 -0.00136328 -0.00369189 -0.00517983
0 -0.00161821 -0.00437982 -0.00617201
0 -0.00185605 -0.00502307 -0.00709315
0 -0.00207538 -0.00561667 -0.00793449
0 -0.00227512 -0.00615567 -0.00868898
0 -0.00245445 -0.00663535 -0.00935128
0 -0.00261256 -0.00705155 -0.00991765
0 -0.00274855 -0.00740085 -0.0103857
0 -0.00286131 -0.00768068 -0.0107543
0 -0.00294954 -0.00788935 -0.0110232
0 -0.00301171 -0.00802586 -0.0111928
0 -0.0030462 -0.00808969 -0.0112638
0 -0.00305154 -0.00808078 -0.0112377
0 -0.00302688 -0.00799974 -0.011116
0 -0.00297224 -0.00784793 -0.0109014
0 -0.00288851 -0.00762753 -0.010597
0 -0.00277727 -0.00734137 -0.0102066
0 -0.00264053 -0.0069929 -0.00973411
0 -0.00248057 -0.00658605 -0.00918413
0 -0.00229992 -0.00612535 -0.00856158
0 -0.00210123 -0.00561587 -0.00787197
0 -0.00188725 -0.00506318 -0.00712141
0 -0.00166062 -0.00447324 -0.00631658
0 -0.00142375 -0.00385217 -0.00546474
0 -0.00117873 -0.00320595 -0.00457355
0 -0.000927175 -0.00254008 -0.0036508
0 -0.000670136 -0.00185907 -0.00270384
0 -0.000408662 -0.00116684 -0.00173936
0 -0.00014455 -0.000467886 -0.000763762
0 0.000119284 0.00023186 0.00021641
0 0.00037926 0.000925444 0.00119415
0 0.000631991 0.00160615 0.00216199
0 0.000874831 0.0022684 0.00311183
0 0.0011061 0.00290768 0.00403477
0 0.00132503 0.00351982 0.00492138
0 0.00153136 0.00410032 0.00576225
0 0.00172503 0.00464453 0.00654841
0 0.00190583 0.00514798 0.00727175
0 0.0020732 0.0056065 0.00792524
0 0.002226 0.00601629 0.00850294
0 0.0023624 0.00637374 0.00899988
0 0.00248005 0.00667534 0.00941199
0 0.00257651 0.00691784 0.0097363
0 0.00264963 0.0070984 0.009971
0 0.00269779 0.00721478 0.0101154
0 0.00271992 0.00726534 0.0101695
0 0.00271548 0.00724918 0.0101343
0 0.00268444 0.00716621 0.0100111
0 0.00262728 0.00701729 0.00980192
0 0.00254505 0.00680435 0.00950921
0 0.00243932 0.00653039 0.00913622
0 0.00231219 0.00619948 0.00868692
0 0.00216594 0.00581645 0.00816599
0 0.00200286 0.0053866 0.00757869
0 0.00182492 0.00491528 0.00693071
0 0.00163357 0.00440749 0.00622798
0 0.00142988 0.00386766 0.00547666
0 0.00121493 0.00329986 0.00468324
0 0.000990033 0.00270789 0.0038546
0 0.000756906 0.00209546 0.00299776
0 0.000517648 0.00146654 0.00211951
0 0.000274551 0.000825746 0.0012261
0 2.99983e-05 0.00017844 0.000323135
0 -0.000213498 -0.000469492 -0.000584004
0 -0.000453233 -0.00111206 -0.00148942
0 -0.00068635 -0.00174352 -0.00238597
0 -0.000909933 -0.00235814 -0.00326466
0 -0.00112118 -0.00294952 -0.00411484
0 -0.00131786 -0.00351048 -0.00492502
0 -0.00149888 -0.00403418 -0.0056844
0 -0.0016646 -0.00451525 -0.0063839
0 -0.00181604 -0.00494982 -0.0070161
0 -0.0019537 -0.005335 -0.00757462
0 -0.00207704 -0.00566844 -0.0080539
0 -0.00218468 -0.00594826 -0.00844942
0 -0.00227492 -0.00617302 -0.00875816
0 -0.00234597 -0.00634149 -0.00897856
0 -0.00239594 -0.00645231 -0.0091102
0 -0.00242285 -0.00650372 -0.0091535
0 -0.002425 -0.00649394 -0.0091096
0 -0.00240143 -0.00642175 -0.00898062
0 -0.00235223 -0.00628704 -0.00876964
0 -0.00227843 -0.00609098 -0.00848055
0 -0.00218159 -0.00583593 -0.00811765
0 -0.00206345 -0.0055252 -0.00768533
0 -0.00192582 -0.00516297 -0.00718812
0 -0.00177068 -0.00475422 -0.00663086
0 -0.00160026 -0.00430466 -0.00601896
0 -0.00141706 -0.00382058 -0.00535856
0 -0.0012237 -0.00330847 -0.00465646
0 -0.00102272 -0.00277466 -0.00391989
0 -0.000816488 -0.00222503 -0.00315637
0 -0.000607377 -0.00166508 -0.00237338
0 -0.000397647 -0.00110011 -0.00157812
0 -0.00018939 -0.000535428 -0.000777383
0 1.53966e-05 2.3693e-05 2.2355e-05
0 0.000214778 0.000572259 0.000814611
0 0.000406896 0.00110589 0.00159244
0 0.000590147 0.00162087 0.00234818
0 0.000763433 0.00211394 0.00307353
0 0.000926264 0.00258183 0.00376007
0 0.00107871 0.00302104 0.00439972
0 0.00122101 0.00342784 0.00498512
0 0.0013531 0.00379843 0.00551
0 0.00147455 0.00412931 0.00596936
0 0.00158461 0.00441761 0.00635964
0 0.00168223 0.00466119 0.00667872
0 0.00176593 0.00485839 0.00692574
0 0.00183401 0.00500794 0.00710094
0 0.00188489 0.00510908 0.00720563
0 0.00191735 0.00516165 0.00724212
0 0.00193057 0.00516596 0.00721339
0 0.00192383 0.00512255 0.00712254
0 0.0018965 0.00503203 0.00697254
0 0.0018483 0.00489524 0.00676618
0 0.00177964 0.00471357 0.00650632
0 0.00169176 0.00448908 0.00619603
0 0.00158666 0.00422465 0.0058386
0 0.00146699 0.00392398 0.00543757
0 0.00133563 0.00359149 0.00499663
0 0.00119523 0.00323187 0.00451953
0 0.0010478 0.00284971 0.00400995
0 0.000894779 0.00244925 0.00347151
0 0.000737473 0.00203442 0.00290782
0 0.000577163 0.00160898 0.00232287
0 0.000415322 0.00117676 0.00172118
0 0.000253705 0.000741709 0.00110771
0 9.40425e-05 0.000307682 0.00048754
0 -6.24693e-05 -0.000122076 -0.000134457
0 -0.000215356 -0.000545252 -0.000753722
0 -0.000364581 -0.00096035 -0.00136569
0 -0.000510168 -0.00136632 -0.00196527
0 -0.000651934 -0.00176207 -0.00254653
0 -0.000789359 -0.00214582 -0.00310314
0 -0.000921767 -0.00251483 -0.00362887
0 -0.0010486 -0.00286565 -0.00411805
0 -0.00116925 -0.00319445 -0.00456597
0 -0.0012828 -0.00349722 -0.00496898
0 -0.00138795 -0.00376998 -0.00532427
0 -0.00148296 -0.00400899 -0.0056296
0 -0.00156578 -0.00421096 -0.00588331
0 -0.00163426 -0.00437316 -0.00608417
0 -0.0016865 -0.00449362 -0.00623145
0 -0.00172128 -0.00457135 -0.00632507
0 -0.00173827 -0.00460647 -0.00636562
0 -0.00173785 -0.00460001 -0.00635418
0 -0.00172064 -0.00455341 -0.00629192
0 -0.00168714 -0.00446807 -0.00617972
0 -0.00163765 -0.00434514 -0.00601819
0 -0.00157261 -0.00418571 -0.00580801
0 -0.0014929 -0.0039911 -0.00555034
0 -0.00140004 -0.00376312 -0.00524706
0 -0.00129624 -0.00350444 -0.00490101
0 -0.00118416 -0.00321863 -0.00451601
0 -0.00106639 -0.0029099 -0.00409656
0 -0.000944855 -0.00258261 -0.00364752
0 -0.00082089 -0.00224112 -0.00317398
0 -0.00069542 -0.00188952 -0.00268099
0 -0.000568825 -0.00153137 -0.00217343
0 -0.000440819 -0.00116934 -0.00165569
0 -0.000310854 -0.000805395 -0.00113158
0 -0.000178828 -0.000441336 -0.000604874
0 -4.54841e-05 -7.91873e-05 -7.9676e-05
0 8.77982e-05 0.000278864 0.000439607
0 0.000219532 0.000630834 0.000948607
0 0.000348597 0.000975194 0.00144336
0 0.000474421 0.00131083 0.00192048
0 0.000596789 0.00163672 0.00237688
0 0.000715321 0.00195128 0.00280958
0 0.000828959 0.00225184 0.00321542
0 0.000936016 0.00253469 0.00359109
0 0.00103488 0.0027959 0.00393375
0 0.00112469 0.00303215 0.00424144
0 0.00120526 0.00324113 0.00451311
0 0.00127642 0.00342127 0.00474816
0 0.00133751 0.00357146 0.00494597
0 0.00138756 0.00369103 0.00510585
0 0.00142567 0.00377988 0.00522726
0 0.00145143 0.00383859 0.00531014
0 0.00146511 0.00386841 0.00535498
0 0.00146748 0.00387098 0.00536281
0 0.00145957 0.00384806 0.00533493
0 0.00144231 0.00380127 0.00527277
0 0.00141622 0.00373175 0.00517757
0 0.00138127 0.00363996 0.00505022
0 0.00133724 0.00352596 0.00489152
0 0.0012841 0.00338982 0.00470255
0 0.00122221 0.00323187 0.00448478
0 0.00115222 0.00305287 0.00424006
0 0.00107494 0.002854 0.0039705
0 0.000991206 0.00263685 0.00367822
0 0.000901794 0.00240333 0.00336529
0 0.000807316 0.00215547 0.00303357
0 0.000707989 0.00189508 0.00268466
0 0.000603546 0.00162339 0.00231964
0 0.000493484 0.00134098 0.00193924
0 0.000377505 0.0010481 0.00154409
0 0.000255813 0.000744983 0.00113483
0 0.000129185 0.00043219 0.000712231
0 -1.02891e-06 0.000110763 0.000277502
0 -0.000133094 -0.000217665 -0.000167733
0 -0.000265275 -0.000550992 -0.000621692
0 -0.000396108 -0.000886898 -0.00108252
0 -0.000524344 -0.0012229 -0.00154805
0 -0.000648729 -0.00155623 -0.00201546
0 -0.000768007 -0.00188384 -0.00248111
0 -0.000881189 -0.00220273 -0.00294067
0 -0.000987854 -0.00251025 -0.00338955
0 -0.00108835 -0.00280428 -0.00382319
0 -0.00118356 -0.00308305 -0.00423701
0 -0.00127414 -0.0033449 -0.00462646
0 -0.00136009 -0.00358803 -0.00498703
0 -0.0014407 -0.0038105 -0.0053143
0 -0.00151485 -0.00401036 -0.00560426
0 -0.00158105 -0.00418544 -0.00585338
0 -0.0016373 -0.00433302 -0.00605841
0 -0.00168109 -0.00444953 -0.00621606
0 -0.00170988 -0.00453094 -0.00632328
0 -0.00172184 -0.00457345 -0.00637765
0 -0.00171637 -0.00457434 -0.00637785
0 -0.001694 -0.00453228 -0.00632359
0 -0.00165583 -0.00444721 -0.00621519
0 -0.00160296 -0.0043201 -0.00605327
0 -0.00153634 -0.0041528 -0.00583871
0 -0.00145669 -0.00394774 -0.00557272
0 -0.00136446 -0.00370758 -0.00525679
0 -0.00125995 -0.00343493 -0.00489279
0 -0.00114359 -0.0031323 -0.00448317
0 -0.0010161 -0.00280209 -0.00403103
0 -0.000878435 -0.00244661 -0.00354022
0 -0.000731741 -0.00206807 -0.00301498
0 -0.000577438 -0.00166878 -0.00245976
0 -0.000417067 -0.00125122 -0.00187901
0 -0.000252175 -0.000818276 -0.00127707
0 -8.43584e-05 -0.000373433 -0.00065807
0 8.4632e-05 7.90239e-05 -2.61204e-05
0 0.000252855 0.000534229 0.000614376
0 0.000418335 0.000987224 0.00125858
0 0.00057926 0.00143339 0.0019012
0 0.000734111 0.00186864 0.00253629
0 0.000881745 0.00228945 0.00315703
0 0.00102147 0.00269263 0.00375617
0 0.00115316 0.00307527 0.00432635
0 0.00127696 0.0034345 0.00486038
0 0.00139258 0.00376713 0.00535136
0 0.001499 0.00406954 0.00579269
0 0.00159473 0.0043379 0.00617843
0 0.00167832 0.00456873 0.0065038
0 0.00174874 0.00475922 0.00676572
0 0.00180544 0.00490741 0.00696271
0 0.00184789 0.00501187 0.00709438
0 0.00187515 0.00507137 0.00716086
0 0.00188586 0.00508477 0.00716255
0 0.00187868 0.00505135 0.00710027
0 0.00185288 0.00497126 0.00697562
0 0.00180859 0.00484562 0.00679103
0 0.00174651 0.00467633 0.0065495
0 0.0016677 0.00446584 0.00625434
0 0.00157351 0.00421705 0.00590916
0 0.00146571 0.0039335 0.00551808
0 0.00134647 0.00361938 0.00508574
0 0.00121811 0.00327924 0.00461716
0 0.00108271 0.00291765 0.00411761
0 0.000941891 0.00253895 0.00359233
0 0.000796849 0.00214698 0.0030462
0 0.000648425 0.00174512 0.00248366
0 0.000497286 0.00133645 0.00190898
0 0.000344195 0.000924012 0.00132628
0 0.000190167 0.000510842 0.000739436
0 3.64279e-05 9.98724e-05 0.000152247
0 -0.000115665 -0.000306157 -0.000431483
0 -0.000264635 -0.000704762 -0.00100771
0 -0.000408989 -0.00109378 -0.00157194
0 -0.00054749 -0.00147126 -0.0021193
0 -0.000679393 -0.00183523 -0.00264477
0 -0.000804387 -0.00218353 -0.00314353
0 -0.000922486 -0.00251363 -0.00361104
0 -0.00103386 -0.00282272 -0.00404311
0 -0.00113848 -0.00310794 -0.0044361
0 -0.0012358 -0.00336647 -0.00478699
0 -0.00132464 -0.00359553 -0.00509314
0 -0.00140313 -0.00379225 -0.00535201
0 -0.00146889 -0.00395367 -0.00556117
0 -0.00151961 -0.00407704 -0.00571859
0 -0.00155369 -0.00416035 -0.00582301
0 -0.00157068 -0.00420271 -0.00587425
0 -0.0015711 -0.00420435 -0.00587301
0 -0.00155582 -0.00416626 -0.00582041
0 -0.00152548 -0.00408958 -0.0057174
0 -0.00148025 -0.00397532 -0.00556461
0 -0.00142015 -0.00382442 -0.0053626
0 -0.00134571 -0.00363824 -0.00511256
0 -0.00125835 -0.00341898 -0.00481665
0 -0.00116018 -0.00316956 -0.00447798
0 -0.0010533 -0.00289324 -0.00410019
0 -0.000939398 -0.00259336 -0.00368721
0 -0.000819748 -0.00227326 -0.0032432
0 -0.000695475 -0.00193637 -0.00277251
0 -0.000567591 -0.00158611 -0.0022796
0 -0.000436959 -0.00122588 -0.00176908
0 -0.000304417 -0.00085904 -0.00124556
0 -0.000171073 -0.000489213 -0.000713701
0 -3.848e-05 -0.000120283 -0.000178507
0 9.15285e-05 0.000243722 0.000354572
0 0.000217149 0.000598978 0.000879772
0 0.000336934 0.000942157 0.00139119
0 0.000450159 0.00127069 0.00188307
0 0.000557071 0.00158302 0.00235011
0 0.000658673 0.00187829 0.00278773
0 0.000756095 0.00215584 0.00319213
0 0.000850052 0.00241485 0.00356009
0 0.000940599 0.00265411 0.00388895
0 0.00102688 0.00287184 0.00417646
0 0.00110701 0.00306557 0.00442072
0 0.00117838 0.00323223 0.00462031
0 0.00123834 0.00336865 0.00477447
0 0.00128479 0.00347203 0.00488329
0 0.0013166 0.0035405 0.00494782
0 0.0013337 0.00357343 0.00496986
0 0.00133664 0.00357134 0.00495154
0 0.00132614 0.00353553 0.00489483
0 0.00130292 0.00346794 0.00480146
0 0.00126778 0.00337102 0.00467302
0 0.00122177 0.00324765 0.00451126
0 0.00116617 0.00310087 0.00431816
0 0.00110237 0.00293374 0.004096
0 0.00103171 0.00274902 0.00384719
0 0.000955168 0.00254889 0.00357396
0 0.000873361 0.00233489 0.00327831
0 0.000786699 0.00210812 0.00296223
0 0.000695653 0.00186968 0.00262796
0 0.000600952 0.00162084 0.0022781
0 0.000503643 0.00136334 0.00191567
0 0.000405001 0.00109939 0.00154383
0 0.000306287 0.00083154 0.00116576
0 0.000208497 0.000562389 0.000784501
0 0.000112228 0.000294398 0.000402924
0 1.77063e-05 2.97474e-05 2.36754e-05
0 -7.50529e-05 -0.000229735 -0.000350686
0 -0.000166025 -0.000482565 -0.000717499
0 -0.000255032 -0.000727564 -0.00107391
0 -0.000341729 -0.000963762 -0.001417
0 -0.000425655 -0.00119031 -0.00174377
0 -0.000506229 -0.00140626 -0.00205121
0 -0.000582727 -0.00161034 -0.00233645
0 -0.000654348 -0.00180089 -0.00259697
0 -0.000720372 -0.00197604 -0.00283077
0 -0.000780246 -0.00213389 -0.00303651
0 -0.000833556 -0.00227267 -0.00321345
0 -0.000879922 -0.00239085 -0.00336129
0 -0.000918892 -0.00248719 -0.00347993
0 -0.000949896 -0.00256075 -0.00356936
0 -0.0009723 -0.00261097 -0.00362963
0 -0.000985516 -0.00263766 -0.00366082
0 -0.000989099 -0.00264093 -0.00366312
0 -0.000982829 -0.00262118 -0.00363677
0 -0.000966747 -0.00257903 -0.00358211
0 -0.000941174 -0.00251525 -0.00349961
0 -0.000906709 -0.00243076 -0.00338989
0 -0.000864182 -0.00232661 -0.00325373
0 -0.000814565 -0.00220397 -0.00309206
0 -0.000758831 -0.00206407 -0.00290604
0 -0.000697784 -0.00190818 -0.00269691
0 -0.000631907 -0.0017374 -0.00246595
0 -0.000561381 -0.00155268 -0.00221439
0 -0.000486237 -0.00135492 -0.00194354
0 -0.000406535 -0.00114502 -0.00165493
0 -0.000322555 -0.000924131 -0.00135024
0 -0.000234949 -0.000693758 -0.00103141
0 -0.000144717 -0.000455806 -0.000700732
0 -5.3005e-05 -0.000212408 -0.000360762
0 3.91217e-05 3.42295e-05 -1.41061e-05
0 0.000130788 0.000281975 0.000336645
0 0.00022137 0.000528921 0.000688946
0 0.000310562 0.000773546 0.00104036
0 0.000398318 0.00101476 0.00138855
0 0.00048468 0.00125172 0.00173123
0 0.000569646 0.00148367 0.00206603
0 0.000653111 0.00170985 0.00239048
0 0.000734783 0.00192935 0.00270206
0 0.000814036 0.00214083 0.00299826
0 0.000889903 0.00234245 0.00327659
0 0.000961264 0.00253202 0.0035347
0 0.00102707 0.00270726 0.00377061
0 0.00108644 0.00286589 0.00398257
0 0.00113864 0.00300572 0.00416902
0 0.00118293 0.00312475 0.00432841
0 0.00121864 0.00322122 0.00445936
0 0.00124526 0.00329388 0.00456066
0 0.00126257 0.00334209 0.00463144
0 0.00127066 0.00336583 0.00467115
0 0.00126963 0.00336541 0.00467937
0 0.00125936 0.00334114 0.00465558
0 0.00123943 0.00329308 0.00459909
0 0.00120949 0.00322121 0.00450934
0 0.00116972 0.00312584 0.00438643
0 0.00112098 0.00300781 0.00423129
0 0.00106453 0.00286839 0.00404553
0 0.00100154 0.00270905 0.00383103
0 0.00093284 0.00253124 0.0035897
0 0.000858993 0.00233644 0.00332347
0 0.000780482 0.00212631 0.00303444
0 0.000697856 0.00190276 0.00272509
0 0.000611813 0.00166801 0.00239832
0 0.000523128 0.00142446 0.00205725
0 0.000432302 0.0011743 0.00170492
0 0.000338999 0.000918779 0.00134339
0 0.000241849 0.00065782 0.000973319
0 0.000139305 0.000390507 0.000594744
0 3.09731e-05 0.000116296 0.000208293
0 -8.19012e-05 -0.000164227 -0.00018437
0 -0.000197041 -0.000449529 -0.000580885
0 -0.000311892 -0.000737435 -0.000978604
0 -0.000423957 -0.00102511 -0.00137461
0 -0.000530976 -0.00130899 -0.00176569
0 -0.000631333 -0.00158527 -0.00214851
0 -0.000724695 -0.00185076 -0.00252013
0 -0.000812227 -0.0021037 -0.00287856
0 -0.0008959 -0.00234353 -0.00322248
0 -0.000977418 -0.00257037 -0.00355044
0 -0.00105746 -0.00278424 -0.00386029
0 -0.00113547 -0.00298479 -0.0041493
0 -0.00121005 -0.00317123 -0.00441465
0 -0.00127954 -0.00334259 -0.00465398
0 -0.0013425 -0.00349769 -0.00486557
0 -0.00139762 -0.00363499 -0.0050481
0 -0.00144344 -0.0037522 -0.00520015
0 -0.00147835 -0.00384638 -0.00532008
0 -0.00150097 -0.00391437 -0.00540617
0 -0.00151051 -0.00395335 -0.00545687
0 -0.00150683 -0.00396119 -0.00547089
0 -0.00149047 -0.00393682 -0.0054473
0 -0.00146262 -0.00388049 -0.0053857
0 -0.00142473 -0.00379365 -0.00528615
0 -0.00137811 -0.00367858 -0.00514899
0 -0.00132367 -0.00353797 -0.00497483
0 -0.00126203 -0.00337464 -0.0047647
0 -0.00119368 -0.00319138 -0.00452025
0 -0.00111896 -0.00299052 -0.00424366
0 -0.00103792 -0.0027736 -0.00393747
0 -0.000950416 -0.00254138 -0.00360448
0 -0.00085649 -0.00229427 -0.00324785
0 -0.000756728 -0.00203281 -0.00287105
0 -0.000652088 -0.00175786 -0.00247763
0 -0.000543517 -0.00147073 -0.00207091
0 -0.000431792 -0.00117312 -0.00165387
0 -0.00031761 -0.000867309 -0.00122903
0 -0.000201686 -0.000556044 -0.000798609
0 -8.47624e-05 -0.000242275 -0.000364647
0 3.24152e-05 7.11289e-05 7.08217e-05
0 0.000149081 0.000381587 0.000505734
0 0.000264411 0.000686947 0.000937832
0 0.000377492 0.000985489 0.00136455
0 0.000487369 0.00127583 0.00178302
0 0.000593176 0.00155684 0.00219009
0 0.00069426 0.00182759 0.00258233
0 0.000790205 0.00208711 0.00295644
0 0.000880791 0.00233427 0.00330937
0 0.000965858 0.00256763 0.0036384
0 0.00104506 0.00278519 0.00394084
0 0.00111764 0.00298435 0.0042139
0 0.00118252 0.0031621 0.00445483
0 0.00123868 0.00331561 0.00466135
0 0.00128553 0.00344276 0.00483203
0 0.00132309 0.00354247 0.0049663
0 0.00135159 0.00361455 0.00506415
0 0.00137091 0.00365914 0.0051255
0 0.00138037 0.00367635 0.00514996
0 0.00137904 0.00366627 0.00513702
0 0.00136625 0.00362914 0.00508648
0 0.00134188 0.00356543 0.00499863
0 0.00130632 0.00347577 0.00487428
0 0.00126034 0.00336092 0.00471462
0 0.00120496 0.00322185 0.00452129
0 0.00114125 0.00305976 0.00429629
0 0.00107019 0.00287613 0.0040419
0 0.000992638 0.00267266 0.00376057
0 0.000909369 0.00245137 0.00345486
0 0.000821307 0.00221463 0.00312755
0 0.000729607 0.00196536 0.00278185
0 0.000635575 0.0017069 0.0024214
0 0.000540448 0.00144273 0.00205008
0 0.000445202 0.00117618 0.00167167
0 0.000350446 0.000910113 0.00128955
0 0.00025641 0.00064671 0.000906678
0 0.000163204 0.000387555 0.000525863
0 7.12715e-05 0.00013409 0.000150099
0 -1.82967e-05 -0.000111994 -0.000217067
0 -0.000103939 -0.000348736 -0.000571549
0 -0.000184186 -0.000574156 -0.000909158
0 -0.000258271 -0.000786613 -0.00122621
0 -0.000326447 -0.00098511 -0.00151991
0 -0.00038972 -0.00116918 -0.00178825
0 -0.000449021 -0.00133828 -0.00202953
0 -0.000504459 -0.00149126 -0.00224193
0 -0.000555301 -0.00162641 -0.00242355
0 -0.000600471 -0.0017419 -0.00257284
0 -0.000638996 -0.00183615 -0.00268901
0 -0.000670216 -0.00190809 -0.00277205
0 -0.000693792 -0.00195722 -0.00282272
0 -0.00070953 -0.00198354 -0.00284225
0 -0.000717203 -0.00198742 -0.00283205
0 -0.000716495 -0.00196948 -0.0027936
0 -0.000707077 -0.00193046 -0.00272832
0 -0.000688757 -0.00187126 -0.00263765
0 -0.000661645 -0.00179291 -0.00252305
0 -0.000626279 -0.00169667 -0.00238618
0 -0.000583624 -0.00158406 -0.00222887
0 -0.000534917 -0.00145686 -0.00205311
0 -0.000481443 -0.00131701 -0.00186096
0 -0.000424411 -0.00116658 -0.00165448
0 -0.000364921 -0.00100775 -0.00143564
0 -0.000303969 -0.000842778 -0.00120645
0 -0.000242444 -0.000673916 -0.00096901
0 -0.000181121 -0.00050327 -0.000725608
0 -0.000120668 -0.000332819 -0.000478659
0 -6.16627e-05 -0.000164411 -0.000230685
0 -4.62749e-06 2.80632e-07 1.56474e-05
0 4.99774e-05 0.000159767 0.000257536
0 0.000101779 0.00031275 0.000492116
0 0.000150515 0.000458138 0.000716525
0 0.00019604 0.000595003 0.000927989
0 0.000238284 0.000722481 0.00112393
0 0.00027721 0.000839706 0.00130204
0 0.000312825 0.000945887 0.00146034
0 0.000345291 0.00104048 0.00159739
0 0.000374999 0.00112326 0.00171245
0 0.000402405 0.00119426 0.00180545
0 0.000427759 0.00125356 0.00187678
0 0.000450941 0.00130122 0.00192716
0 0.00047148 0.00133722 0.00195754
0 0.000488681 0.00136153 0.00196911
0 0.000501775 0.00137413 0.00196326
0 0.00051008 0.00137507 0.00194152
0 0.000513193 0.00136461 0.00190564
0 0.000511149 0.00134338 0.00185759
0 0.000504396 0.00131248 0.00179943
0 0.000493514 0.00127312 0.00173305
0 0.000478841 0.00122632 0.00165992
0 0.000460308 0.00117261 0.00158084
0 0.000437695 0.00111223 0.00149616
0 0.000411061 0.00104547 0.00140616
0 0.000380939 0.000972882 0.00131129
0 0.000348187 0.000895295 0.00121207
0 0.00031371 0.000813612 0.00110896
0 0.000278296 0.000728771 0.00100228
0 0.000242612 0.000641747 0.000892339
0 0.000207205 0.000553528 0.000779424
0 0.000172411 0.00046496 0.000663801
0 0.000138227 0.000376526 0.000545579
0 0.000104359 0.000288284 0.000424736
0 7.04358e-05 0.000200008 0.00030129
0 3.62055e-05 0.000111378 0.000175449
0 1.64687e-06 2.21603e-05 4.76873e-05
0 -3.29749e-05 -6.76174e-05 -8.11926e-05
0 -6.71806e-05 -0.000157586 -0.000210111
0 -0.00010048 -0.000247126 -0.00033789
0 -0.00013255 -0.000335503 -0.000463418
0 -0.000163269 -0.000421945 -0.000585707
0 -0.000192666 -0.000505693 -0.000703883
0 -0.000220913 -0.000586132 -0.000817224
0 -0.00024832 -0.000662919 -0.000925207
0 -0.000275235 -0.000735958 -0.00102749
0 -0.000301883 -0.000805275 -0.00112382
0 -0.000328276 -0.000870925 -0.00121399
0 -0.000354199 -0.000932923 -0.00129781
0 -0.000379184 -0.00099112 -0.00137502
0 -0.000402514 -0.00104509 -0.00144528
0 -0.000423356 -0.00109416 -0.00150815
0 -0.000440982 -0.00113748 -0.00156322
0 -0.000454901 -0.00117423 -0.00161017
0 -0.000464866 -0.00120359 -0.00164875
0 -0.0004708 -0.00122482 -0.00167863
0 -0.000472723 -0.00123726 -0.0016994
0 -0.000470704 -0.00124039 -0.00171053
0 -0.00046484 -0.00123389 -0.00171134
0 -0.000455241 -0.00121763 -0.00170112
0 -0.000442048 -0.00119173 -0.00167911
0 -0.000425559 -0.00115661 -0.00164477
0 -0.000406347 -0.00111307 -0.00159795
0 -0.000385194 -0.00106229 -0.00153894
0 -0.000362841 -0.0010055 -0.00146832
0 -0.000339699 -0.000943689 -0.00138673
0 -0.000315677 -0.000877358 -0.00129466
0 -0.000290295 -0.000806514 -0.00119244
0 -0.000263005 -0.000730883 -0.00108052
0 -0.00023351 -0.000650181 -0.000959637
0 -0.000201951 -0.000564397 -0.000830971
0 -0.000168914 -0.000474 -0.000696176
0 -0.000135197 -0.000379914 -0.000557156
0 -0.000101493 -0.000283358 -0.000415775
0 -6.82324e-05 -0.000185706 -0.000273702
0 -3.5595e-05 -8.83473e-05 -0.000132413
0 -3.52439e-06 7.50588e-06 6.82577e-06
0 2.82284e-05 0.000100966 0.000142997
0 5.99396e-05 0.000191465 0.000275247
0 9.17112e-05 0.000278627 0.000402751
0 0.00012338 0.000362157 0.000524647
0 0.000154519 0.000441737 0.00064003
0 0.000184438 0.000516885 0.000747908
0 0.000212245 0.000586864 0.00084718
0 0.000237021 0.000650714 0.000936732
0 0.000258015 0.000707357 0.00101558
0 0.000274736 0.0007557 0.0010829
0 0.000286967 0.000794721 0.00113805
0 0.000294859 0.000823711 0.00118068
0 0.000299033 0.000842546 0.00121086
0 0.000300429 0.000851736 0.00122906
0 0.00029995 0.000852204 0.00123588
0 0.000298176 0.000845032 0.0012319
0 0.000295242 0.000831235 0.00121749
0 0.000290818 0.000811537 0.00119284
0 0.000284248 0.00078627 0.00115794
0 0.000274849 0.000755451 0.00111284
0 0.000262185 0.000718938 0.00105776
0 0.000246191 0.000676562 0.000993237
0 0.000227205 0.000628285 0.00092009
0 0.000205933 0.000574365 0.000839466
0 0.000183256 0.000515393 0.000752712
0 0.000159976 0.000452201 0.000661181
0 0.000136629 0.000385758 0.000566101
0 0.000113398 0.000317048 0.000468461
0 9.0088e-05 0.000246916 0.000368952
0 6.62699e-05 0.000175984 0.000268041
0 4.15232e-05 0.0001047 0.000166149
0 1.56315e-05 3.34096e-05 6.37694e-05
0 -1.13684e-05 -3.76145e-05 -3.85214e-05
0 -3.92381e-05 -0.000108184 -0.000140122
0 -6.76081e-05 -0.000178176 -0.000240461
0 -9.6036e-05 -0.000247477 -0.000339021
0 -0.000124059 -0.000315929 -0.000435351
0 -0.000151254 -0.000383293 -0.000529077
0 -0.000177286 -0.00044924 -0.000619909
0 -0.000201881 -0.000513292 -0.000707574
0 -0.000224676 -0.000574673 -0.000791618
0 -0.000245094 -0.00063221 -0.00087122
0 -0.000262453 -0.00068444 -0.00094522
0 -0.00027621 -0.000729884 -0.00101235
0 -0.000286175 -0.000767341 -0.00107147
0 -0.000292572 -0.000796118 -0.00112163
0 -0.000295905 -0.000816071 -0.00116213
0 -0.000296699 -0.000827447 -0.00119228
0 -0.000295304 -0.000830705 -0.00121139
0 -0.000291883 -0.000826399 -0.0012188
0 -0.00028652 -0.000815133 -0.00121398
0 -0.000279345 -0.000797535 -0.00119677
0 -0.000270634 -0.00077428 -0.0011674
0 -0.000260812 -0.000746083 -0.00112659
0 -0.000250273 -0.000713574 -0.00107538
0 -0.000239084 -0.000677056 -0.00101479
0 -0.00022685 -0.000636368 -0.000945646
0 -0.00021289 -0.000591012 -0.000868617
0 -0.000196566 -0.000540433 -0.000784391
0 -0.000177518 -0.000484261 -0.00069381
0 -0.000155874 -0.000422596 -0.000598021
0 -0.000132368 -0.000356289 -0.000498586
0 -0.000108093 -0.000286871 -0.000397317
0 -8.39693e-05 -0.000216068 -0.00029586
0 -6.03952e-05 -0.000145379 -0.000195409
0 -3.73867e-05 -7.60386e-05 -9.68278e-05
0 -1.49315e-05 -9.15961e-06 -9.5111e-07
0 6.87279e-06 5.42898e-05 9.13215e-05
0 2.79628e-05 0.00011371 0.000179199
0 4.84235e-05 0.000169 0.000262148
0 6.838e-05 0.000220422 0.000339821
0 8.7826e-05 0.000268347 0.000411919
0 0.000106586 0.0003131 0.00047815
0 0.00012439 0.000354902 0.000538286
0 0.000140933 0.000393812 0.000592192
0 0.00015591 0.000429694 0.000639802
0 0.000169071 0.000462241 0.00068113
0 0.000180279 0.000491047 0.000716297
0 0.000189525 0.000515687 0.000745523
0 0.000196902 0.000535797 0.000769088
0 0.000202559 0.00055114 0.000787277
0 0.000206653 0.000561649 0.000800348
0 0.000209305 0.000567432 0.000808494
0 0.00021058 0.000568749 0.00081183
0 0.000210496 0.000565983 0.000810419
0 0.000209058 0.000559597 0.000804306
0 0.000206299 0.000550089 0.000793569
0 0.000202301 0.000537945 0.000778354
0 0.000197213 0.000523598 0.000758899
0 0.000191209 0.000507386 0.000735514
0 0.00018439 0.000489441 0.000708484
0 0.000176664 0.000469595 0.000677935
0 0.00016779 0.000447421 0.000643843
0 0.000157591 0.000422478 0.00060621
0 0.000146206 0.000394637 0.000565287
0 0.000134138 0.000364234 0.000521655
0 0.000122026 0.000331953 0.000476074
0 0.000110378 0.000298618 0.000429274
0 9.94716e-05 0.000265087 0.000381888
0 8.94342e-05 0.000232232 0.000334525
0 8.03498e-05 0.000200926 0.000287867
0 7.23044e-05 0.000171974 0.000242687
0 6.53231e-05 0.000145979 0.000199767
0 5.92167e-05 0.000123128 0.000159699
0 5.35085e-05 0.000103081 0.000122754
0 4.75916e-05 8.50935e-05 8.89445e-05
0 4.09786e-05 6.82826e-05 5.81961e-05
0 3.3412e-05 5.18028e-05 3.04068e-05
0 2.48064e-05 3.49028e-05 5.37311e-06
0 1.51584e-05 1.69516e-05 -1.7288e-05
0 4.51818e-06 -2.50102e-06 -3.81397e-05
0 -7.01178e-06 -2.36779e-05 -5.78842e-05
0 -1.93051e-05 -4.65993e-05 -7.73397e-05
0 -3.2251e-05 -7.11587e-05 -9.74236e-05
0 -4.57659e-05 -9.72001e-05 -0.000119109
0 -5.97623e-05 -0.000124561 -0.000143341
0 -7.40579e-05 -0.000153037 -0.000170891
0 -8.82654e-05 -0.000182287 -0.00020218
0 -0.000101803 -0.000211804 -0.000237211
0 -0.000114066 -0.000241015 -0.000275658
0 -0.00012462 -0.000269418 -0.00031701
0 -0.000133271 -0.000296624 -0.000360616
0 -0.000140025 -0.00032233 -0.000405678
0 -0.000145024 -0.000346283 -0.000451242
0 -0.000148512 -0.000368283 -0.000496234
0 -0.000150819 -0.0003882 -0.000539539
0 -0.000152352 -0.000406001 -0.000580084
0 -0.000153567 -0.000421756 -0.000616912
0 -0.000154888 -0.000435615 -0.000649186
0 -0.000156634 -0.000447745 -0.000676187
0 -0.000158984 -0.000458272 -0.000697373
0 -0.00016203 -0.000467302 -0.000712473
0 -0.000165854 -0.00047501 -0.000721573
0 -0.00017055 -0.000481659 -0.000725135
0 -0.000176143 -0.000487532 -0.000723903
0 -0.000182491 -0.000492816 -0.000718755
0 -0.000189203 -0.000497489 -0.000710549
0 -0.000195647 -0.000501254 -0.000700012
0 -0.000201076 -0.000503599 -0.000687734
0 -0.000204827 -0.000503953 -0.000674227
0 -0.000206431 -0.000501798 -0.000659934
0 -0.00020563 -0.000496702 -0.000645201
0 -0.000202322 -0.000488325 -0.000630203
0 -0.000196526 -0.000476452 -0.000614906
0 -0.000188372 -0.000461019 -0.000599073
0 -0.000178082 -0.000442122 -0.000582287
0 -0.000165959 -0.00041999 -0.000563992
0 -0.000152376 -0.000394973 -0.000543555
0 -0.000137805 -0.000367542 -0.000520374
0 -0.00012282 -0.000338305 -0.00049398
0 -0.000108035 -0.000307946 -0.00046407
0 -9.39946e-05 -0.000277137 -0.000430493
0 -8.10949e-05 -0.000246456 -0.000393244
0 -6.95293e-05 -0.000216307 -0.000352437
0 -5.92207e-05 -0.00018682 -0.000308239
0 -4.98207e-05 -0.000157792 -0.000260824
0 -4.08285e-05 -0.000128763 -0.000210416
0 -3.17647e-05 -9.91801e-05 -0.000157381
0 -2.23238e-05 -6.85804e-05 -0.000102306
0 -1.24488e-05 -3.67572e-05 -4.60294e-05
0 -2.26039e-06 -3.79015e-06 1.04512e-05
0 8.10847e-06 3.00411e-05 6.61564e-05
0 1.86201e-05 6.43486e-05 0.000120252
0 2.93139e-05 9.86667e-05 0.000172063
0 4.02239e-05 0.000132457 0.000221029
0 5.13172e-05 0.000165139 0.000266668
0 6.25163e-05 0.000196182 0.000308616
0 7.38136e-05 0.000225278 0.000346751
0 8.53509e-05 0.000252462 0.000381281
0 9.73326e-05 0.000278059 0.000412679
0 0.000109855 0.000302516 0.00044152
0 0.000122827 0.000326273 0.00046838
0 0.000136026 0.000349723 0.000493847
0 0.000149169 0.000373185 0.000518522
0 0.000161952 0.000396841 0.000542994
0 0.000174099 0.000420724 0.000567808
0 0.000185429 0.000444757 0.000593472
0 0.000195906 0.000468826 0.000620466
0 0.000205626 0.00049283 0.00064921
0 0.000214767 0.000516705 0.000680017
0 0.000223511 0.000540426 0.000713029
0 0.000231987 0.000563993 0.000748189
0 0.000240267 0.000587438 0.000785251
0 0.000248402 0.000610849 0.000823849
0 0.000256453 0.000634369 0.000863544
0 0.000264494 0.000658177 0.000903853
0 0.000272602 0.000682423 0.000944281
0 0.000280814 0.000707141 0.000984328
0 0.000289071 0.00073217 0.00102345
0 0.000297224 0.000757145 0.00106108
0 0.000305105 0.000781561 0.00109668
0 0.000312581 0.000804868 0.0011298
0 0.000319554 0.000826513 0.00116006
0 0.000325916 0.000845965 0.00118715
0 0.000331518 0.000862731 0.00121071
0 0.000336165 0.000876375 0.00123039
0 0.000339635 0.000886542 0.00124581
0 0.000341701 0.000892949 0.0012566
0 0.000342158 0.000895383 0.00126235
0 0.000340839 0.000893676 0.00126271
0 0.000337636 0.000887694 0.00125733
0 0.000332502 0.000877327 0.0012459
0 0.000325453 0.000862483 0.00122817
0 0.000316555 0.000843094 0.00120395
0 0.000305903 0.000819114 0.00117308
0 0.000293607 0.000790531 0.0011355
0 0.000279773 0.000757373 0.00109118
0 0.000264516 0.000719735 0.00104019
0 0.000248004 0.000677838 0.000982734
0 0.000230481 0.000632069 0.000919186
0 0.000212218 0.000582946 0.000850076
0 0.000193439 0.00053104 0.000776015
0 0.00017429 0.000476918 0.000697667
0 0.000154856 0.000421132 0.000615749
0 0.000135205 0.000364223 0.000531036
0 0.000115381 0.000306688 0.000444313
0 9.53487e-05 0.000248865 0.000356314
0 7.49453e-05 0.000190849 0.00026764
0 5.39412e-05 0.000132537 0.000178774
0 3.21628e-05 7.3759e-05 9.01493e-05
0 9.60222e-06 1.44269e-05 2.22814e-06
0 -1.34588e-05 -4.52709e-05 -8.43692e-05
0 -3.63662e-05 -0.000104679 -0.000168741
0 -5.82206e-05 -0.000162688 -0.000249755
0 -7.81529e-05 -0.000217936 -0.000326236
0 -9.55308e-05 -0.000269019 -0.000397111
0 -0.000110001 -0.000314624 -0.000461431
0 -0.000121473 -0.000353657 -0.00051837
0 -0.000130176 -0.000385466 -0.000567327
0 -0.000136636 -0.00040998 -0.000607996
0 -0.000141459 -0.000427608 -0.000640222
0 -0.000145078 -0.000438994 -0.000663848
0 -0.000147679 -0.000444846 -0.000678712
0 -0.000149295 -0.000445887 -0.000684751
0 -0.000149924 -0.000442823 -0.000682113
0 -0.000149585 -0.000436293 -0.000671193
0 -0.000148322 -0.000426806 -0.000652628
0 -0.000146205 -0.000414729 -0.000627254
0 -0.00014333 -0.000400314 -0.000596083
0 -0.000139817 -0.000383754 -0.000560256
0 -0.000135786 -0.000365237 -0.000520963
0 -0.000131322 -0.000344974 -0.000479366
0 -0.000126446 -0.000323179 -0.000436546
0 -0.000121099 -0.00030007 -0.000393465
0 -0.000115178 -0.000275898 -0.000350945
0 -0.000108587 -0.000250987 -0.000309691
0 -0.000101276 -0.000225734 -0.000270295
0 -9.32597e-05 -0.000200587 -0.000233242
0 -8.46323e-05 -0.000176009 -0.000198914
0 -7.55739e-05 -0.000152455 -0.000167605
0 -6.6356e-05 -0.000130356 -0.000139545
0 -5.73276e-05 -0.000110109 -0.000114916
0 -4.88835e-05 -9.20761e-05 -9.38617e-05
0 -4.14213e-05 -7.65857e-05 -7.64919e-05
0 -3.52823e-05 -6.39182e-05 -6.28696e-05
0 -3.06694e-05 -5.42565e-05 -5.29633e-05
0 -2.7589e-05 -4.76292e-05 -4.66045e-05
0 -2.58863e-05 -4.39182e-05 -4.35174e-05
0 -2.5346e-05 -4.29206e-05 -4.34019e-05
0 -2.57688e-05 -4.4394e-05 -4.5991e-05
0 -2.69833e-05 -4.80576e-05 -5.10497e-05
0 -2.88152e-05 -5.35666e-05 -5.83346e-05
0 -3.10429e-05 -6.04788e-05 -6.75381e-05
0 -3.33824e-05 -6.82484e-05 -7.82579e-05
0 -3.55269e-05 -7.62699e-05 -9.00155e-05
0 -3.72036e-05 -8.39431e-05 -0.000102294
0 -3.81984e-05 -9.07137e-05 -0.000114554
0 -3.8346e-05 -9.60832e-05 -0.000126216
0 -3.75253e-05 -9.96239e-05 -0.000136666
0 -3.57126e-05 -0.000101047 -0.00014532
0 -3.30633e-05 -0.000100306 -0.000151733
0 -2.99062e-05 -9.76194e-05 -0.000155643
0 -2.66158e-05 -9.3365e-05 -0.000156902
0 -2.34831e-05 -8.79528e-05 -0.000155394
0 -2.06827e-05 -8.17596e-05 -0.000151038
0 -1.83126e-05 -7.51221e-05 -0.000143842
0 -1.64349e-05 -6.83329e-05 -0.000133948
0 -1.50846e-05 -6.16224e-05 -0.000121637
0 -1.42646e-05 -5.51465e-05 -0.000107311
0 -1.39605e-05 -4.90097e-05 -9.14941e-05
0 -1.41725e-05 -4.33198e-05 -7.48391e-05
0 -1.49207e-05 -3.82214e-05 -5.81101e-05
0 -1.62104e-05 -3.38865e-05 -4.21182e-05
0 -1.79976e-05 -3.0491e-05 -2.76543e-05
0 -2.01934e-05 -2.82113e-05 -1.54512e-05
0 -2.26968e-05 -2.72363e-05 -6.1744e-06
0 -2.5426e-05 -2.77736e-05 -4.12928e-07
0 -2.83345e-05 -3.00422e-05 1.33581e-06
0 -3.1409e-05 -3.42512e-05 -1.30925e-06
0 -3.46561e-05 -4.05716e-05 -8.58623e-06
0 -3.81031e-05 -4.91232e-05 -2.05855e-05
0 -4.18206e-05 -5.99911e-05 -3.72767e-05
0 -4.59402e-05 -7.32467e-05 -5.85417e-05
0 -5.06452e-05 -8.89549e-05 -8.41935e-05
0 -5.61312e-05 -0.00010716 -0.000113974
0 -6.25444e-05 -0.000127845 -0.00014753
0 -6.99261e-05 -0.000150889 -0.000184388
0 -7.82153e-05 -0.000176065 -0.00022398
0 -8.73013e-05 -0.000203085 -0.000265707
0 -9.7068e-05 -0.000231629 -0.000308993
0 -0.000107399 -0.000261361 -0.000353297
0 -0.000118164 -0.000291912 -0.00039811
0 -0.000129208 -0.000322884 -0.000442942
0 -0.000140359 -0.00035386 -0.000487329
0 -0.000151436 -0.000384418 -0.000530837
0 -0.000162255 -0.000414141 -0.000573052
0 -0.000172628 -0.00044262 -0.00061358
0 -0.000182372 -0.000469468 -0.000652032
0 -0.000191311 -0.000494318 -0.000688027
0 -0.000199284 -0.000516845 -0.000721176
0 -0.000206142 -0.000536755 -0.000751076
0 -0.00021174 -0.000553766 -0.000777299
0 -0.000215931 -0.000567577 -0.000799391
0 -0.000218583 -0.000577882 -0.000816888
0 -0.000219609 -0.000584399 -0.000829342
0 -0.000218977 -0.000586885 -0.000836348
0 -0.000216698 -0.000585145 -0.000837541
0 -0.000212804 -0.000579028 -0.000832599
0 -0.000207336 -0.000568427 -0.000821245
0 -0.000200333 -0.000553287 -0.000803255
0 -0.000191838 -0.000533606 -0.000778476
0 -0.000181903 -0.000509445 -0.000746848
0 -0.000170602 -0.000480935 -0.000708422
0 -0.000158021 -0.000448267 -0.000663357
0 -0.000144238 -0.000411662 -0.000611905
0 -0.000129308 -0.000371357 -0.00055439
0 -0.000113274 -0.000327601 -0.000491204
0 -9.61785e-05 -0.000280668 -0.000422795
0 -7.80722e-05 -0.000230848 -0.000349658
0 -5.90245e-05 -0.000178429 -0.00027235
0 -3.91226e-05 -0.000123701 -0.00019148
0 -1.84665e-05 -6.69612e-05 -0.000107687
0 2.83554e-06 -8.52532e-06 -2.16226e-05
0 2.46686e-05 5.12663e-05 6.60584e-05
0 4.69203e-05 0.000112054 0.000154719
0 6.9502e-05 0.000173482 0.000243773
0 9.23625e-05 0.000235234 0.000332709
0 0.000115469 0.000297026 0.000421092
0 0.000138767 0.00035859 0.00050853
0 0.000162165 0.000419665 0.000594669
0 0.000185579 0.000480041 0.000679229
0 0.000208947 0.000539577 0.000762021
0 0.000232213 0.000598194 0.000842905
0 0.000255269 0.000655802 0.000921737
0 0.000277903 0.000712193 0.00099832
0 0.000299749 0.000766952 0.00107232
0 0.00032032 0.000819453 0.00114325
0 0.000339142 0.000868968 0.00121055
0 0.000355878 0.000914781 0.00127369
0 0.000370344 0.00095625 0.00133214
0 0.000382484 0.000992832 0.00138537
0 0.000392367 0.00102416 0.0014329
0 0.0004002 0.00105009 0.00147431
0 0.000406275 0.00107073 0.00150924
0 0.000410859 0.00108632 0.0015374
0 0.000414126 0.00109717 0.00155849
0 0.000416121 0.00110353 0.00157221
0 0.000416749 0.00110554 0.00157827
0 0.000415802 0.00110317 0.00157637
0 0.000413045 0.00109624 0.0015663
0 0.000408318 0.00108449 0.00154799
0 0.000401559 0.00106768 0.00152149
0 0.000392779 0.00104557 0.00148702
0 0.000382013 0.00101796 0.00144481
0 0.000369316 0.000984761 0.00139518
0 0.000354797 0.000946043 0.00133851
0 0.000338624 0.000902098 0.00127529
0 0.000320975 0.000853386 0.00120606
0 0.000301983 0.000800455 0.00113136
0 0.000281725 0.000743886 0.00105173
0 0.000260261 0.000684267 0.000967691
0 0.000237655 0.000622153 0.000879823
0 0.000213956 0.000557999 0.000788671
0 0.000189188 0.000492114 0.000694733
0 0.000163388 0.000424697 0.000598459
0 0.00013667 0.000355929 0.000500289
0 0.000109252 0.000285999 0.000400701
0 8.14113e-05 0.000215122 0.000300199
0 5.34415e-05 0.000143562 0.000199286
0 2.56207e-05 7.16588e-05 9.84533e-05
0 -1.80042e-06 -1.47056e-07 -1.80866e-06
0 -2.86174e-05 -7.13393e-05 -0.000101017
0 -5.46863e-05 -0.000141367 -0.000198703
0 -7.99184e-05 -0.00020969 -0.000294409
0 -0.000104267 -0.000275825 -0.000387687
0 -0.000127714 -0.00033938 -0.000478095
0 -0.000150242 -0.000400066 -0.000565192
0 -0.000171804 -0.000457672 -0.000648518
0 -0.000192307 -0.000512049 -0.000727574
0 -0.000211623 -0.000563088 -0.00080183
0 -0.000229625 -0.000610688 -0.000870777
0 -0.000246204 -0.000654715 -0.000933969
0 -0.000261273 -0.000694989 -0.000991031
0 -0.000274763 -0.000731281 -0.00104166
0 -0.000286627 -0.000763337 -0.00108562
0 -0.000296831 -0.000790897 -0.00112276
0 -0.000305339 -0.000813712 -0.00115297
0 -0.000312086 -0.000831544 -0.00117618
0 -0.000316981 -0.000844176 -0.0011923
0 -0.000319922 -0.000851444 -0.0012013
0 -0.000320819 -0.000853249 -0.00120312
0 -0.000319607 -0.000849567 -0.00119778
0 -0.000316248 -0.00084044 -0.00118528
0 -0.000310739 -0.000825967 -0.00116568
0 -0.000303113 -0.000806292 -0.00113905
0 -0.000293445 -0.000781597 -0.00110552
0 -0.000281851 -0.000752096 -0.00106524
0 -0.000268482 -0.000718028 -0.00101846
0 -0.000253505 -0.000679648 -0.000965433
0 -0.000237095 -0.000637229 -0.000906492
0 -0.00021942 -0.000591064 -0.00084201
0 -0.000200641 -0.000541474 -0.00077241
0 -0.000180903 -0.000488808 -0.000698163
0 -0.000160334 -0.000433442 -0.000619782
0 -0.000139047 -0.000375782 -0.000537801
0 -0.000117149 -0.000316263 -0.000452764
0 -9.47506e-05 -0.000255318 -0.000365246
0 -7.19779e-05 -0.000193361 -0.000275863
0 -4.89692e-05 -0.000130789 -0.000185263
0 -2.58732e-05 -6.79842e-05 -9.41161e-05
0 -2.84292e-06 -5.3268e-06 -3.10039e-06
0 1.99721e-05 5.68055e-05 8.71085e-05
0 4.243e-05 0.000118031 0.000175849
0 6.43979e-05 0.000177963 0.000262482
0 8.57529e-05 0.000236212 0.000346399
0 0.000106378 0.000292394 0.000427031
0 0.000126159 0.000346129 0.000503844
0 0.000144978 0.000397047 0.000576346
0 0.000162713 0.000444795 0.000644084
0 0.000179236 0.000489042 0.000706647
0 0.000194417 0.000529493 0.000763649
0 0.000208131 0.000565895 0.000814738
0 0.000220268 0.000598021 0.000859617
0 0.000230733 0.000625665 0.000898052
0 0.000239449 0.000648652 0.000929861
0 0.000246354 0.00066684 0.000954914
0 0.000251403 0.000680128 0.000973128
0 0.00025457 0.000688456 0.000984463
0 0.000255848 0.000691805 0.000988925
0 0.000255252 0.000690203 0.000986559
0 0.000252812 0.000683716 0.000977452
0 0.000248577 0.000672452 0.000961728
0 0.000242609 0.000656555 0.000939549
0 0.000234984 0.000636204 0.00091112
0 0.00022579 0.000611611 0.000876682
0 0.000215122 0.000583018 0.000836522
0 0.000203086 0.000550691 0.000790966
0 0.000189794 0.000514917 0.000740382
0 0.000175365 0.000476001 0.000685176
0 0.000159921 0.000434262 0.000625791
0 0.000143587 0.000390044 0.00056269
0 0.00012649 0.000343707 0.000496343
0 0.000108766 0.000295616 0.000427256
0 9.05538e-05 0.000246127 0.000355968
0 7.19929e-05 0.000195596 0.000283037
0 5.32196e-05 0.000144384 0.000209034
0 3.43641e-05 9.28526e-05 0.000134532
0 1.55499e-05 4.1366e-05 6.01061e-05
0 -3.10489e-06 -9.71156e-06 -1.3681e-05
0 -2.14851e-05 -6.00188e-05 -8.6278e-05
0 -3.9476e-05 -0.000109201 -0.000157152
0 -5.69625e-05 -0.000156911 -0.000225792
0 -7.38281e-05 -0.000202817 -0.000291713
0 -8.99563e-05 -0.000246596 -0.000354459
0 -0.000105232 -0.000287946 -0.000413606
0 -0.000119541 -0.000326579 -0.000468762
0 -0.000132777 -0.000362228 -0.000519571
0 -0.000144838 -0.00039465 -0.000565716
0 -0.000155632 -0.000423628 -0.000606916
0 -0.000165077 -0.000448971 -0.000642926
0 -0.000173102 -0.000470521 -0.000673534
0 -0.00017965 -0.000488154 -0.00069856
0 -0.000184679 -0.000501773 -0.000717862
0 -0.000188168 -0.000511306 -0.000731349
0 -0.000190108 -0.000516704 -0.000738977
0 -0.000190508 -0.000517951 -0.000740741
0 -0.000189381 -0.000515063 -0.000736679
0 -0.000186751 -0.000508087 -0.00072687
0 -0.00018265 -0.000497107 -0.000711429
0 -0.000177116 -0.000482234 -0.000690506
0 -0.000170196 -0.000463614 -0.000664289
0 -0.000161948 -0.000441417 -0.000633004
0 -0.000152443 -0.000415841 -0.000596903
0 -0.000141783 -0.000387139 -0.000556291
0 -0.000130109 -0.000355615 -0.000511527
