0 0.000909478 0.00248459 0.0038627
0 0.000906185 0.00247581 0.00384995
0 0.000901661 0.00246397 0.00383282
0 0.00089599 0.00244916 0.00381147
0 0.000889266 0.00243152 0.00378607
0 0.000881584 0.00241117 0.00375683
0 0.000873035 0.0023883 0.00372396
0 0.0008637 0.00236309 0.00368769
0 0.000853658 0.00233577 0.00364828
0 0.000842981 0.00230656 0.00360599
0 0.000831738 0.00227571 0.00356113
0 0.000820004 0.00224344 0.00351402
0 0.000807858 0.00221001 0.003465
0 0.00079538 0.00217565 0.00341442
0 0.000782656 0.00214059 0.00336265
0 0.000769774 0.00210508 0.00331008
0 0.000756824 0.00206934 0.0032571
0 0.00074389 0.00203361 0.00320409
0 0.000731046 0.00199811 0.00315143
0 0.00071836 0.00196304 0.00309948
0 0.000705896 0.00192863 0.00304857
0 0.000693722 0.00189507 0.00299906
0 0.000681909 0.00186257 0.00295126
0 0.000670528 0.00183134 0.00290547
0 0.00065966 0.0018016 0.00286198
0 0.000649419 0.00177357 0.0028211
0 0.000639937 0.00174754 0.00278315
0 0.000631316 0.00172373 0.00274839
0 0.000623596 0.0017023 0.00271704
0 0.000616764 0.00168336 0.00268922
0 0.0006108 0.00166698 0.00266504
0 0.000605738 0.00165321 0.00264462
0 0.000601661 0.00164218 0.00262814
0 0.000598645 0.00163395 0.00261571
0 0.000596695 0.00162854 0.00260739
0 0.000595752 0.00162589 0.00260315
0 0.000595757 0.00162593 0.00260291
0 0.000596707 0.00162862 0.00260666
0 0.000598644 0.00163398 0.00261437
0 0.000601572 0.00164196 0.00262597
0 0.000605382 0.0016524 0.00264128
0 0.000609916 0.0016651 0.00266
0 0.000615086 0.00167985 0.00268189
0 0.000620907 0.00169656 0.00270679
0 0.000627366 0.00171509 0.00273447
0 0.000634307 0.00173514 0.00276454
0 0.000641557 0.00175638 0.00279657
0 0.000649181 0.0017787 0.00283034
0 0.00065752 0.00180231 0.00286592
0 0.000666979 0.00182755 0.00290349
0 0.000677833 0.00185478 0.00294321
0 0.000690164 0.00188427 0.00298518
0 0.000703886 0.00191621 0.00302943
0 0.00071878 0.00195064 0.00307596
0 0.000734589 0.00198748 0.00312476
0 0.000751153 0.00202667 0.00317594
0 0.000768336 0.00206803 0.00322963
0 0.000785612 0.0021109 0.0032855
0 0.000801871 0.00215382 0.00334253
0 0.000815908 0.00219503 0.00339934
0 0.000827086 0.00223301 0.00345476
0 0.000835451 0.00226679 0.00350799
0 0.000841414 0.00229577 0.00355835
0 0.000845427 0.0023196 0.00360503
0 0.000847859 0.00233819 0.0036471
0 0.000849028 0.00235169 0.00368364
0 0.000849271 0.00236057 0.00371384
0 0.000848935 0.00236554 0.00373709
0 0.0008482 0.00236723 0.00375285
0 0.000846855 0.00236586 0.00376041
0 0.000844304 0.0023611 0.00375892
0 0.000839964 0.00235236 0.00374764
0 0.00083374 0.00233923 0.00372645
0 0.000825925 0.0023215 0.00369573
0 0.000816822 0.00229895 0.00365601
0 0.000807081 0.00227186 0.00360835
0 0.000798483 0.00224202 0.00355524
0 0.000793796 0.00221291 0.00350062
0 0.000795206 0.00218832 0.00344859
0 0.000802265 0.00217017 0.00340128
0 0.000811333 0.00215729 0.00335797
0 0.000817805 0.00214676 0.00331677
0 0.000819668 0.00213693 0.00327768
0 0.000819029 0.00212921 0.0032441
0 0.000819674 0.0021264 0.00322074
0 0.000822768 0.00212909 0.0032096
0 0.000825055 0.00213381 0.00320805
0 0.000821393 0.00213489 0.00321086
0 0.00080887 0.00212802 0.00321387
0 0.00078837 0.0021118 0.0032155
0 0.000762788 0.00208666 0.00321529
0 0.000735126 0.00205369 0.00321255
0 0.000708794 0.00201559 0.00320718
0 0.000688443 0.00197786 0.00320103
0 0.00067858 0.00194758 0.00319712
0 0.000679843 0.00192927 0.00319604
0 0.000686496 0.00192111 0.00319318
0 0.00068913 0.00191585 0.00318038
0 0.000681202 0.00190606 0.00315159
0 0.000663134 0.00188838 0.00310662
0 0.000640344 0.00186306 0.00304967
0 0.000618425 0.00183118 0.00298525
0 0.000600496 0.0017933 0.00291616
0 0.000587879 0.0017507 0.00284436
0 0.000581624 0.00170654 0.00277247
0 0.000582835 0.00166569 0.0027041
0 0.000592103 0.00163341 0.0026431
0 0.000609322 0.00161455 0.00259332
0 0.000634345 0.00161356 0.0025591
0 0.00066783 0.00163513 0.00254597
0 0.00071106 0.0016839 0.00256047
0 0.000763745 0.00176215 0.0026078
0 0.000821211 0.00186661 0.00268849
0 0.00087523 0.00198832 0.00279835
0 0.000919606 0.00211762 0.00293307
0 0.000954608 0.00224899 0.00309232
0 0.000984971 0.00238062 0.00327811
0 0.0010144 0.00251071 0.00349006
0 0.00104289 0.00263579 0.00372316
0 0.00106827 0.00275226 0.00396946
0 0.00108876 0.00285827 0.00422061
0 0.00110451 0.00295466 0.00446962
0 0.00111809 0.00304491 0.00471165
0 0.0011335 0.00313409 0.00494375
0 0.00115342 0.00322603 0.00516265
0 0.00117699 0.00332077 0.00536283
0 0.00120121 0.0034152 0.00553781
0 0.00122513 0.00350695 0.0056842
0 0.00125147 0.00359627 0.00580335
0 0.00128301 0.00368333 0.00589809
0 0.0013193 0.00376568 0.0059696
0 0.00135892 0.00384074 0.00601935
0 0.00140342 0.0039101 0.00605302
0 0.0014568 0.00397947 0.00608002
0 0.00152128 0.00405482 0.00610942
0 0.00159567 0.00414034 0.00614805
0 0.00167815 0.00424039 0.00620285
0 0.00176914 0.00436153 0.00628327
0 0.00186996 0.00451079 0.00639972
0 0.00197893 0.00469134 0.00655935
0 0.00208993 0.00490021 0.00676393
0 0.00219526 0.0051302 0.00701166
0 0.00228939 0.00537311 0.00730011
0 0.00237026 0.00562145 0.007627
0 0.00243781 0.00586797 0.00798886
0 0.00249106 0.00610402 0.00837823
0 0.00252557 0.00631755 0.00878122
0 0.00253366 0.00649327 0.00917741
0 0.00250881 0.00661646 0.00954395
0 0.00245246 0.00668009 0.00986284
0 0.00237773 0.00668985 0.0101263
0 0.00230408 0.00666148 0.010334
0 0.00224676 0.00661201 0.0104854
0 0.00221096 0.00655357 0.0105753
0 0.00219514 0.00649436 0.0105976
0 0.00219849 0.00644329 0.0105522
0 0.00222395 0.00641136 0.0104482
0 0.0022745 0.00640748 0.0103
0 0.00234774 0.00643337 0.0101213
0 0.00243601 0.00648384 0.00992361
0 0.00253238 0.00655277 0.00972092
0 0.00263545 0.0066386 0.0095331
0 0.00274713 0.00674337 0.009383
0 0.00286478 0.00686588 0.0092878
0 0.00297564 0.00699573 0.00925206
0 0.00305983 0.00711424 0.00926848
0 0.00309896 0.00720085 0.00932422
0 0.00308245 0.00723835 0.00940582
0 0.00300836 0.0072145 0.0094998
0 0.00288047 0.00712108 0.00959088
0 0.00270496 0.00695268 0.00966021
0 0.00248827 0.0067062 0.00968516
0 0.00223631 0.00638032 0.0096402
0 0.00195432 0.00597497 0.00949852
0 0.00164732 0.00549085 0.00923383
0 0.00132097 0.00492977 0.00882268
0 0.000982524 0.00429533 0.0082471
0 0.000640757 0.00359341 0.00749628
0 0.000304882 0.00283205 0.00656713
0 -1.69624e-05 0.00202093 0.00546392
0 -0.000319349 0.00117034 0.00419701
0 -0.000601085 0.000289335 0.00278101
0 -0.000865908 -0.000616223 0.00123292
0 -0.00112094 -0.0015438 -0.000428287
0 -0.0013721 -0.00249089 -0.00217875
0 -0.00161976 -0.00345061 -0.00398646
0 -0.00185922 -0.00441074 -0.00581231
0 -0.0020857 -0.00535705 -0.00761517
0 -0.00229876 -0.00627713 -0.0093566
0 -0.00250271 -0.00716143 -0.0110027
0 -0.00270348 -0.00800202 -0.0125226
0 -0.00290523 -0.0087909 -0.0138874
0 -0.0031091 -0.00951824 -0.0150714
0 -0.00331294 -0.0101716 -0.0160547
0 -0.0035107 -0.0107361 -0.0168223
0 -0.0036931 -0.011195 -0.0173642
0 -0.0038524 -0.0115351 -0.0176791
0 -0.00398856 -0.011754 -0.0177802
0 -0.00410948 -0.0118621 -0.0176945
0 -0.0042234 -0.0118771 -0.0174558
0 -0.00432904 -0.0118137 -0.0170938
0 -0.0044093 -0.0116748 -0.0166252
0 -0.00443474 -0.0114485 -0.0160527
0 -0.00437575 -0.0111155 -0.0153721
0 -0.00421633 -0.0106597 -0.0145824
0 -0.00396264 -0.0100778 -0.0136933
0 -0.0036412 -0.0093836 -0.0127267
0 -0.00328811 -0.00860351 -0.0117097
0 -0.00293562 -0.00776958 -0.0106661
0 -0.00260129 -0.00690991 -0.00960779
0 -0.00228564 -0.00604335 -0.00853365
0 -0.00197991 -0.00518136 -0.00743598
0 -0.00167682 -0.00433317 -0.00630998
0 -0.00137667 -0.00350912 -0.00515902
0 -0.0010868 -0.00272043 -0.00399454
0 -0.000816547 -0.00197635 -0.002832
0 -0.000570948 -0.0012804 -0.0016854
0 -0.000347221 -0.000627998 -0.000563375
0 -0.000136227 -7.71083e-06 0.00053049
0 7.28471e-05 0.000595027 0.00159482
0 0.000288097 0.00119394 0.00262753
0 0.000512624 0.00179882 0.00362428
0 0.000743925 0.002413 0.00457782
0 0.000974902 0.00303195 0.00547831
0 0.00119989 0.00364747 0.0063184
0 0.00142444 0.00425791 0.00710282
0 0.00166677 0.00487296 0.00785121
0 0.00194378 0.00550431 0.00858616
0 0.00225381 0.00615103 0.00931693
0 0.00257474 0.00679619 0.0100359
0 0.00287808 0.00741686 0.0107292
0 0.00314633 0.00799784 0.0113915
0 0.00338183 0.00854008 0.012033
0 0.00360141 0.00905807 0.0126755
0 0.00381987 0.0095669 0.013338
0 0.00403553 0.0100688 0.0140225
0 0.00423209 0.0105525 0.014715
0 0.00439498 0.0110058 0.0153996
0 0.00452339 0.0114254 0.0160693
0 0.00462781 0.0118161 0.0167239
0 0.00472034 0.0121836 0.0173627
0 0.00480857 0.0125305 0.0179801
0 0.00489501 0.0128564 0.0185665
0 0.00497954 0.0131603 0.0191107
0 0.00506276 0.0134429 0.0196036
0 0.00514836 0.013708 0.0200416
0 0.00524164 0.0139614 0.0204256
0 0.00534387 0.0142054 0.0207558
0 0.00544712 0.0144329 0.0210266
0 0.00553352 0.0146249 0.021224
0 0.00557972 0.0147529 0.0213279
0 0.00556613 0.0147867 0.0213186
0 0.00548494 0.0147029 0.0211834
0 0.00533952 0.014488 0.0209166
0 0.00513764 0.0141348 0.0205135
0 0.00488754 0.0136424 0.0199691
0 0.0045997 0.0130188 0.0192804
0 0.00428801 0.0122832 0.0184506
0 0.0039665 0.0114613 0.0174869
0 0.00364394 0.0105781 0.0163965
0 0.00332004 0.00965131 0.0151833
0 0.00298647 0.00868783 0.0138475
0 0.00263383 0.00768815 0.0123916
0 0.00225983 0.00665359 0.0108268
0 0.00187118 0.00559035 0.00917335
0 0.00147716 0.00450611 0.00745424
0 0.00108189 0.00340387 0.00568773
0 0.00068368 0.0022817 0.00388679
0 0.000282188 0.00113987 0.00206555
0 -0.000114878 -1.16913e-05 0.000245976
0 -0.000493357 -0.00115314 -0.0015428
0 -0.000840144 -0.00226033 -0.00327075
0 -0.0011488 -0.00331006 -0.00491193
0 -0.00142009 -0.00428233 -0.00644536
0 -0.00166063 -0.00516277 -0.00785479
0 -0.00188188 -0.00594591 -0.00912982
0 -0.00209721 -0.00663554 -0.0102655
0 -0.00231645 -0.00724118 -0.0112589
0 -0.00254268 -0.00777458 -0.0121071
0 -0.00277428 -0.00824896 -0.0128089
0 -0.00300962 -0.00867956 -0.0133702
0 -0.00324909 -0.00908244 -0.0138056
0 -0.00349278 -0.00947054 -0.0141353
0 -0.00373737 -0.00984986 -0.0143813
0 -0.00397409 -0.0102171 -0.0145628
0 -0.00418716 -0.0105577 -0.0146922
0 -0.00435499 -0.0108466 -0.0147723
0 -0.00445568 -0.0110526 -0.0147987
0 -0.00447319 -0.0111443 -0.0147631
0 -0.00440041 -0.0110957 -0.0146561
0 -0.00424085 -0.0108917 -0.0144685
0 -0.00400927 -0.0105326 -0.0141947
0 -0.00372826 -0.0100348 -0.0138323
0 -0.003422 -0.00942713 -0.0133797
0 -0.00311163 -0.0087451 -0.0128348
0 -0.00281145 -0.00802438 -0.0121937
0 -0.00252228 -0.00728861 -0.011445
0 -0.00222829 -0.00653921 -0.0105666
0 -0.00190707 -0.00575973 -0.00953341
0 -0.00154541 -0.00492991 -0.0083309
0 -0.00114622 -0.00403532 -0.00696104
0 -0.000725185 -0.00307031 -0.00544035
0 -0.000304425 -0.00203931 -0.00379534
0 9.38046e-05 -0.000956709 -0.00205821
0 0.000452571 0.000155711 -0.000262959
0 0.000762926 0.00127187 0.00155686
0 0.00102375 0.00236416 0.00336899
0 0.00124092 0.00340675 0.00514319
0 0.00142596 0.00437873 0.00685163
0 0.00159277 0.00526551 0.00846814
0 0.00175458 0.00605964 0.00996763
0 0.00192373 0.00676348 0.0113279
0 0.00211289 0.00739135 0.012533
0 0.00233361 0.00796598 0.0135754
0 0.00258897 0.00850788 0.0144508
0 0.00286626 0.00902372 0.0151511
0 0.00313972 0.00950362 0.0156651
0 0.0033825 0.00992805 0.0159863
0 0.00357845 0.0102777 0.016122
0 0.00372782 0.0105413 0.0160963
0 0.00384452 0.0107187 0.0159473
0 0.00394557 0.0108167 0.0157168
0 0.00404065 0.0108441 0.0154403
0 0.00412783 0.0108081 0.0151418
0 0.00419394 0.010712 0.0148322
0 0.00421792 0.0105531 0.0145101
0 0.00417757 0.0103238 0.0141654
0 0.00405688 0.0100144 0.0137848
0 0.00384951 0.00961557 0.013354
0 0.00355893 0.00911991 0.0128591
0 0.003199 0.00852547 0.0122884
0 0.00279299 0.0078393 0.0116358
0 0.00236553 0.00707351 0.0108958
0 0.00193193 0.00623674 0.0100563
0 0.00149555 0.00533083 0.00909729
0 0.00105557 0.00435659 0.00799931
0 0.000619212 0.0033249 0.00675616
0 0.000208422 0.00226449 0.00538363
0 -0.000147303 0.00121756 0.00391523
0 -0.000427303 0.000225241 0.00238819
0 -0.000632533 -0.000687138 0.000830196
0 -0.000786155 -0.00151633 -0.000744224
0 -0.000920553 -0.00227527 -0.00232542
0 -0.00105821 -0.00297857 -0.00389408
0 -0.00120065 -0.00363113 -0.00541287
0 -0.0013334 -0.00422832 -0.00683121
0 -0.00143958 -0.0047623 -0.00809732
0 -0.00151077 -0.0052268 -0.00916865
0 -0.00155378 -0.00562178 -0.0100199
0 -0.00159328 -0.0059585 -0.0106496
0 -0.00166513 -0.00625898 -0.0110786
0 -0.00179985 -0.00654653 -0.0113386
0 -0.00200391 -0.00683106 -0.0114541
0 -0.00225287 -0.00710031 -0.0114341
0 -0.00250315 -0.00732564 -0.011277
0 -0.00271175 -0.00747509 -0.0109826
0 -0.0028491 -0.00752188 -0.0105595
0 -0.00290257 -0.00744791 -0.0100249
0 -0.00287542 -0.00724696 -0.00940372
0 -0.00278243 -0.00692602 -0.00872466
0 -0.00264238 -0.00650254 -0.0080155
0 -0.00247115 -0.0059994 -0.0072979
0 -0.0022775 -0.00543955 -0.00658423
0 -0.00206187 -0.00484092 -0.00587614
0 -0.00181834 -0.00421342 -0.0051657
0 -0.00153815 -0.00355819 -0.00443789
0 -0.00121232 -0.00286772 -0.0036724
0 -0.000834286 -0.0021281 -0.00284621
0 -0.000405273 -0.00132592 -0.00193942
0 5.87436e-05 -0.000459079 -0.000944147
0 0.000526586 0.000457165 0.000131487
0 0.00096318 0.0013959 0.00127049
0 0.0013444 0.00233035 0.00245852
0 0.00166407 0.00324179 0.00368956
0 0.00193101 0.00412061 0.00496352
0 0.0021608 0.00496333 0.00627991
0 0.00236711 0.00576792 0.0076314
0 0.00255601 0.0065296 0.00899979
0 0.002726 0.00723996 0.0103564
0 0.00287249 0.0078894 0.0116664
0 0.00299198 0.00846996 0.0128934
0 0.00308424 0.00897712 0.0140021
0 0.00315346 0.00941035 0.0149623
0 0.00320645 0.00977102 0.0157501
0 0.00324692 0.010057 0.0163446
0 0.00327138 0.0102585 0.0167255
0 0.00327153 0.0103596 0.0168747
0 0.00324178 0.0103453 0.0167838
0 0.0031856 0.0102093 0.0164595
0 0.00311406 0.00995559 0.0159233
0 0.00303709 0.00959351 0.0152021
0 0.00295726 0.00913346 0.0143225
0 0.00287307 0.00859004 0.0133127
0 0.00278548 0.00798704 0.0122072
0 0.00269686 0.00735436 0.0110435
0 0.00260222 0.00671516 0.00985215
0 0.00248453 0.00607572 0.0086494
0 0.00232279 0.00542861 0.00744219
0 0.00210507 0.0047633 0.00623861
0 0.00183429 0.00407335 0.00505311
0 0.00152541 0.00335831 0.00390448
0 0.00119821 0.0026227 0.00281104
0 0.000870102 0.00187412 0.00178589
0 0.000551876 0.00112161 0.000834398
0 0.000245533 0.00037295 -4.74464e-05
0 -5.77103e-05 -0.000370492 -0.000875549
0 -0.00037586 -0.00111701 -0.00167754
0 -0.000727476 -0.00188067 -0.00248578
0 -0.00112068 -0.00267287 -0.0033272
0 -0.0015473 -0.00349565 -0.0042165
0 -0.00198388 -0.00433867 -0.00515428
0 -0.00239635 -0.00517841 -0.00612762
0 -0.00274389 -0.00597659 -0.00710926
0 -0.00298617 -0.00668321 -0.00806032
0 -0.00310181 -0.00725416 -0.0089459
0 -0.00310591 -0.00767336 -0.0097535
0 -0.00304638 -0.00795896 -0.0104945
0 -0.00297991 -0.00815045 -0.0111874
0 -0.00294577 -0.00828858 -0.0118384
0 -0.00295009 -0.00839742 -0.012429
0 -0.00296554 -0.00847471 -0.0129135
0 -0.00294879 -0.0084968 -0.0132328
0 -0.00286698 -0.00843445 -0.0133379
0 -0.00271201 -0.00826469 -0.0132028
0 -0.00249314 -0.00796928 -0.0128196
0 -0.00222069 -0.00752734 -0.0121835
0 -0.00189774 -0.00691454 -0.011287
0 -0.00152346 -0.00611074 -0.0101228
0 -0.0011016 -0.00511026 -0.00869172
0 -0.000647497 -0.00392914 -0.00701058
0 -0.000190715 -0.00260866 -0.00511709
0 0.00022446 -0.00121835 -0.00307351
0 0.000540514 0.000142427 -0.000969667
0 0.000703231 0.00135988 0.00108914
0 0.000699906 0.0023481 0.00301925
0 0.000591045 0.00309389 0.00479611
0 0.000500136 0.00366838 0.00645778
0 0.000560022 0.00419612 0.00806852
0 0.000847287 0.00480016 0.00966528
0 0.00134285 0.00555027 0.0112211
0 0.00194077 0.00643692 0.0126482
0 0.00250288 0.00738745 0.0138395
0 0.00292532 0.0083083 0.0147192
0 0.0031748 0.00911956 0.015272
0 0.00328423 0.00977036 0.015538
0 0.0033221 0.010239 0.0155884
0 0.00335489 0.0105245 0.0154957
0 0.00342141 0.0106383 0.0153124
0 0.00352802 0.0106009 0.0150678
0 0.00365755 0.0104403 0.0147738
0 0.00377824 0.0101846 0.0144296
0 0.00385549 0.00985856 0.0140288
0 0.00387911 0.00950046 0.0135837
0 0.00388616 0.00918411 0.0131497
0 0.00394099 0.00900499 0.0128115
0 0.0040865 0.00903692 0.0126399
0 0.00431275 0.00929801 0.01266
0 0.00456184 0.00974454 0.0128499
0 0.00475864 0.0102884 0.0131606
0 0.00484514 0.010825 0.0135405
0 0.00480031 0.0112589 0.0139512
0 0.00463849 0.0115186 0.0143684
0 0.00439238 0.0115619 0.0147714
0 0.00409183 0.0113723 0.0151301
0 0.00375018 0.0109529 0.0153968
0 0.00336187 0.0103197 0.0155048
0 0.00290392 0.00948839 0.015369
0 0.00234389 0.00846164 0.014894
0 0.0016648 0.00723656 0.0140002
0 0.000896084 0.00583197 0.0126589
0 0.000130882 0.00431747 0.0109185
0 -0.000486618 0.00282364 0.0089077
0 -0.000814682 0.00151193 0.00679662
0 -0.000780794 0.000518296 0.0047385
0 -0.000414445 -8.83035e-05 0.0028297
0 0.000169637 -0.000314996 0.00110709
0 0.000817051 -0.000232893 -0.000428373
0 0.00138174 4.48273e-05 -0.00178348
0 0.00176542 0.000392213 -0.00294853
0 0.00194097 0.000702661 -0.00387893
0 0.00194761 0.000914525 -0.0044988
0 0.00185727 0.00101716 -0.00473233
0 0.00173157 0.0010329 -0.00454034
0 0.00159278 0.000990328 -0.00394274
0 0.00141788 0.000902604 -0.00302272
0 0.00115182 0.000753006 -0.00191255
0 0.000732651 0.000494395 -0.000767912
0 0.000119359 6.74673e-05 0.00025749
0 -0.000688372 -0.000574817 0.00103257
0 -0.00164435 -0.00144912 0.00146181
0 -0.00266249 -0.00253078 0.00148855
0 -0.00363011 -0.00375056 0.00109581
0 -0.00442398 -0.00500074 0.000309126
0 -0.00493107 -0.00615052 -0.000806739
0 -0.00507388 -0.00707054 -0.00216201
0 -0.00483015 -0.00765904 -0.0036591
0 -0.00424025 -0.00786105 -0.00520847
0 -0.0034036 -0.00768067 -0.00674398
0 -0.00246173 -0.00718427 -0.00822709
0 -0.00156404 -0.00648721 -0.00963107
0 -0.000826483 -0.00572704 -0.0109127
0 -0.00030446 -0.00502916 -0.0119951
0 1.13211e-05 -0.00447181 -0.012774
0 0.000178877 -0.00406962 -0.0131376
0 0.000270527 -0.00378665 -0.0129952
0 0.000338078 -0.00356282 -0.012305
0 0.000401282 -0.00333146 -0.0110819
0 0.000457545 -0.00302636 -0.00938518
0 0.000497449 -0.00258755 -0.00730036
0 0.000518362 -0.00196852 -0.00491933
0 0.000534105 -0.00113939 -0.00232153
0 0.000578849 -7.99303e-05 0.00043478
0 0.000700729 0.00122623 0.00330953
0 0.000944232 0.00278417 0.00626846
0 0.00133144 0.00457407 0.00926635
0 0.0018533 0.00654247 0.0122383
0 0.00247315 0.00860272 0.0151043
0 0.0031392 0.0106461 0.0177808
0 0.0037999 0.0125609 0.0201928
0 0.00441608 0.014253 0.0222841
0 0.00496622 0.0156608 0.0240225
0 0.0054437 0.0167611 0.0253981
0 0.00584795 0.0175622 0.0264166
0 0.00617584 0.0180909 0.0270902
0 0.0064174 0.0183776 0.0274316
0 0.00655609 0.0184443 0.0274503
0 0.00657492 0.0183006 0.027155
0 0.00647333 0.0179559 0.0265672
0 0.00628129 0.017438 0.0257354
0 0.00604092 0.0167842 0.0247192
0 0.00576554 0.0160085 0.0235507
0 0.00542329 0.0150843 0.0222154
0 0.00496318 0.0139634 0.0206716
0 0.00435694 0.0126099 0.0188864
0 0.00362363 0.0110258 0.0168605
0 0.00282615 0.00925698 0.0146306
0 0.0020505 0.00738531 0.0122603
0 0.00138195 0.0055161 0.00982737
0 0.000884141 0.00376132 0.0074101
0 0.000586112 0.00222192 0.00507754
0 0.000481154 0.000973491 0.00288625
0 0.000533079 5.67699e-05 0.000880868
0 0.000683055 -0.000529708 -0.000907064
0 0.000857559 -0.000833926 -0.00246184
0 0.000981069 -0.000945199 -0.00378176
0 0.000992881 -0.000976669 -0.00486983
0 0.000859525 -0.00104188 -0.00572708
0 0.000574415 -0.00123556 -0.00635808
0 0.000146324 -0.00162585 -0.00678415
0 -0.000414417 -0.00225649 -0.00705514
0 -0.00109885 -0.00314742 -0.00724841
0 -0.00188656 -0.00428698 -0.00744839
0 -0.00273105 -0.005623 -0.00772071
0 -0.00356028 -0.00706317 -0.00810084
0 -0.0042932 -0.00848879 -0.00859889
0 -0.0048608 -0.00977544 -0.0092102
0 -0.00522194 -0.0108149 -0.00992433
0 -0.00537162 -0.0115365 -0.0107316
0 -0.00533927 -0.0119201 -0.0116256
0 -0.00517343 -0.011994 -0.0125958
0 -0.00491863 -0.0118162 -0.0136137
0 -0.00460095 -0.0114555 -0.0146248
0 -0.00423131 -0.010982 -0.0155537
0 -0.00381988 -0.010465 -0.0163197
0 -0.0033894 -0.00996792 -0.0168573
0 -0.00297601 -0.00953744 -0.0171259
0 -0.00261574 -0.0091913 -0.0171047
0 -0.00232838 -0.00891095 -0.0167805
0 -0.00211093 -0.00864546 -0.0161426
0 -0.00194364 -0.00832638 -0.0151861
0 -0.00180167 -0.00788659 -0.0139183
0 -0.00166276 -0.00727392 -0.0123613
0 -0.0015068 -0.00645629 -0.0105451
0 -0.00131234 -0.00542047 -0.00849883
0 -0.00105723 -0.00416952 -0.00624827
0 -0.000722354 -0.00271986 -0.00381755
0 -0.000292925 -0.00109488 -0.00122919
0 0.000241485 0.000681905 0.00149721
0 0.000884447 0.00258864 0.00434305
0 0.00162809 0.00460228 0.00728563
0 0.00244902 0.00669379 0.0102924
0 0.00330772 0.00882452 0.013317
0 0.0041541 0.0109463 0.0163001
0 0.00493806 0.0130045 0.0191771
0 0.00562101 0.0149434 0.0218869
0 0.0061827 0.0167111 0.0243783
0 0.00661987 0.0182617 0.0266094
0 0.00693914 0.0195555 0.0285436
0 0.0071506 0.0205607 0.030147
0 0.00726384 0.0212556 0.0313879
0 0.00728369 0.0216276 0.032236
0 0.00720594 0.0216682 0.0326585
0 0.00702016 0.0213727 0.0326225
0 0.00672266 0.0207482 0.0321067
0 0.00632907 0.0198241 0.0311156
0 0.00587495 0.0186533 0.0296823
0 0.00540452 0.0173035 0.0278617
0 0.00495459 0.0158426 0.0257172
0 0.00454339 0.0143259 0.0233098
0 0.00417065 0.0127911 0.020696
0 0.00382558 0.0112606 0.0179312
0 0.00349356 0.00974527 0.0150718
0 0.00315844 0.00824698 0.0121716
0 0.00280577 0.00676454 0.00927941
0 0.00242799 0.00529846 0.00644274
0 0.00202442 0.00385089 0.00370899
0 0.00159405 0.00242126 0.00111862
0 0.00113091 0.00100369 -0.00130003
0 0.000627883 -0.000409059 -0.00352861
0 8.24884e-05 -0.00181963 -0.00555476
0 -0.000502911 -0.0032255 -0.00737316
0 -0.00112564 -0.00462256 -0.0089915
0 -0.00178465 -0.00600762 -0.0104331
0 -0.00247638 -0.00737653 -0.0117319
0 -0.00318948 -0.00872082 -0.0129246
0 -0.00390384 -0.0100273 -0.014046
0 -0.00459268 -0.0112792 -0.0151257
0 -0.00522315 -0.0124536 -0.0161821
0 -0.0057566 -0.0135175 -0.0172176
0 -0.00615368 -0.0144288 -0.0182181
0 -0.00638646 -0.0151461 -0.0191614
0 -0.00645042 -0.0156428 -0.0200272
0 -0.00636616 -0.0159137 -0.0208006
0 -0.00617029 -0.0159738 -0.0214667
0 -0.00590474 -0.0158527 -0.0220064
0 -0.00560877 -0.0155883 -0.0223956
0 -0.00531324 -0.0152203 -0.0226065
0 -0.00503583 -0.0147813 -0.0226085
0 -0.00477892 -0.0142899 -0.0223691
0 -0.00453347 -0.0137484 -0.0218581
0 -0.00428781 -0.0131488 -0.0210573
0 -0.00403518 -0.012479 -0.019966
0 -0.00377445 -0.0117263 -0.0186008
0 -0.00350346 -0.0108755 -0.0169869
0 -0.00321117 -0.00990462 -0.0151484
0 -0.00287902 -0.00878935 -0.0131053
0 -0.00249316 -0.00751681 -0.0108808
0 -0.00205439 -0.00609522 -0.00850874
0 -0.00157401 -0.00454993 -0.00603057
0 -0.00106154 -0.0029107 -0.00348359
0 -0.000517172 -0.00120189 -0.000894284
0 6.56144e-05 0.000558841 0.00172043
0 0.000693583 0.00235787 0.00434812
0 0.00136946 0.00418424 0.00697729
0 0.00208971 0.00602888 0.00959562
0 0.00284232 0.00788189 0.012187
0 0.00360605 0.00972904 0.0147292
0 0.0043544 0.0115507 0.0171966
0 0.00506365 0.0133244 0.0195659
0 0.00571945 0.0150288 0.0218213
0 0.00631793 0.0166454 0.0239547
0 0.00686222 0.0181585 0.0259624
0 0.0073582 0.0195559 0.0278423
0 0.00781145 0.0208288 0.0295909
0 0.00822568 0.0219722 0.0312031
0 0.00860082 0.0229831 0.0326705
0 0.00893073 0.0238575 0.033979
0 0.00920356 0.0245876 0.0351088
0 0.0094062 0.0251635 0.036037
0 0.00953136 0.025578 0.0367442
0 0.00958319 0.0258319 0.0372207
0 0.00957674 0.0259352 0.0374676
0 0.00952977 0.0259019 0.0374914
0 0.00945307 0.0257416 0.0372967
0 0.00934836 0.0254583 0.036885
0 0.00921436 0.0250544 0.0362607
0 0.00905244 0.0245362 0.0354365
0 0.00886487 0.023912 0.0344312
0 0.0086481 0.023186 0.033262
0 0.00838862 0.0223526 0.0319386
0 0.00806425 0.021396 0.0304614
0 0.00764927 0.0202913 0.0288216
0 0.00712283 0.0190114 0.0270067
0 0.00647656 0.0175339 0.0250055
0 0.00571627 0.0158468 0.022811
0 0.00485725 0.0139476 0.0204175
0 0.00391889 0.0118435 0.0178194
0 0.00292317 0.00955264 0.0150129
0 0.00189553 0.00710703 0.0120018
0 0.000863792 0.00455047 0.00879908
0 -0.000144521 0.00193505 0.00542618
0 -0.00110639 -0.000684848 0.00191021
0 -0.00200946 -0.00326274 -0.00172141
0 -0.00285606 -0.00576959 -0.00544569
0 -0.00365976 -0.00819538 -0.00924258
0 -0.00443628 -0.0105432 -0.0130881
0 -0.00519526 -0.012823 -0.0169483
0 -0.00593754 -0.0150488 -0.0207757
0 -0.00665875 -0.0172349 -0.0245125
0 -0.00735585 -0.0193872 -0.0280988
0 -0.00802988 -0.021499 -0.0314799
0 -0.00868439 -0.0235525 -0.0346101
0 -0.00932259 -0.0255211 -0.0374548
0 -0.00994393 -0.0273716 -0.0399886
0 -0.010541 -0.0290658 -0.0421921
0 -0.0110989 -0.0305628 -0.0440491
0 -0.0116004 -0.031826 -0.0455492
0 -0.012033 -0.032831 -0.046692
0 -0.0123919 -0.0335697 -0.0474885
0 -0.0126754 -0.0340472 -0.0479558
0 -0.0128782 -0.0342738 -0.0481098
0 -0.0129881 -0.0342597 -0.0479615
0 -0.0129884 -0.0340118 -0.0475164
0 -0.0128626 -0.0335324 -0.0467774
0 -0.0126006 -0.0328216 -0.0457473
0 -0.0122025 -0.0318785 -0.0444321
0 -0.0116794 -0.0307052 -0.042842
0 -0.0110541 -0.0293114 -0.0409941
0 -0.0103579 -0.0277181 -0.0389125
0 -0.0096237 -0.0259565 -0.0366255
0 -0.00887764 -0.0240629 -0.0341603
0 -0.00813508 -0.0220743 -0.0315407
0 -0.00740174 -0.0200258 -0.0287882
0 -0.00667775 -0.0179494 -0.0259258
0 -0.0059604 -0.0158711 -0.022978
0 -0.00524369 -0.013806 -0.019967
0 -0.0045179 -0.0117552 -0.0169094
0 -0.00377147 -0.00970894 -0.013816
0 -0.00299354 -0.00765146 -0.0106922
0 -0.00217557 -0.00556407 -0.00753966
0 -0.00131235 -0.00342684 -0.00435715
0 -0.000402829 -0.00122123 -0.00114227
0 0.000549409 0.00106663 0.00210679
0 0.00153643 0.00344254 0.00539029
0 0.00254631 0.0059013 0.00870563
0 0.00356505 0.00842693 0.0120481
0 0.00458121 0.0109978 0.015414
0 0.00558968 0.013593 0.0188031
0 0.00659039 0.0161945 0.0222165
0 0.00758294 0.0187847 0.025653
0 0.00856228 0.0213443 0.0291045
0 0.00951776 0.0238516 0.0325533
0 0.0104349 0.0262834 0.0359733
0 0.011299 0.0286178 0.0393328
0 0.0120977 0.030835 0.0425976
0 0.0128224 0.0329175 0.0457324
0 0.013469 0.03485 0.0487014
0 0.014037 0.0366189 0.0514695
0 0.0145283 0.0382115 0.0540025
0 0.0149453 0.0396155 0.056267
0 0.01529 0.0408182 0.058231
0 0.0155645 0.0418079 0.059866
0 0.0157724 0.0425762 0.0611491
0 0.0159186 0.0431189 0.0620646
0 0.0160088 0.0434364 0.0626047
0 0.016048 0.0435337 0.0627693
0 0.0160397 0.0434196 0.0625659
0 0.0159846 0.0431055 0.0620097
0 0.0158799 0.0426028 0.0611219
0 0.0157198 0.0419224 0.0599286
0 0.0154965 0.0410718 0.0584589
0 0.0151991 0.0400532 0.0567409
0 0.014815 0.0388627 0.0547993
0 0.0143341 0.0374943 0.0526566
0 0.0137535 0.0359453 0.0503354
0 0.0130778 0.0342181 0.0478569
0 0.0123153 0.0323193 0.0452379
0 0.0114752 0.0302589 0.0424892
0 0.0105669 0.02805 0.0396154
0 0.00959959 0.025708 0.0366168
0 0.00858228 0.0232494 0.0334904
0 0.00752279 0.0206891 0.0302301
0 0.00642738 0.0180394 0.0268284
0 0.00530209 0.0153103 0.0232799
0 0.00415506 0.0125121 0.0195844
0 0.00299589 0.00965398 0.0157472
0 0.00183174 0.00674312 0.011775
0 0.00066559 0.00378522 0.00767417
0 -0.000500729 0.000787824 0.00345177
0 -0.00166355 -0.00223912 -0.000881893
0 -0.00281868 -0.00528683 -0.00531469
0 -0.00396469 -0.00835151 -0.00983513
0 -0.00510322 -0.0114344 -0.0144314
0 -0.00623516 -0.0145379 -0.0190869
0 -0.00735562 -0.01766 -0.0237761
0 -0.00845572 -0.02079 -0.0284609
0 -0.00953048 -0.0239075 -0.0330945
0 -0.0105813 -0.026987 -0.0376302
0 -0.0116124 -0.0300017 -0.0420267
0 -0.0126258 -0.0329243 -0.0462464
0 -0.013616 -0.0357243 -0.0502518
0 -0.0145699 -0.0383693 -0.0540052
0 -0.0154709 -0.0408273 -0.0574714
0 -0.016304 -0.0430709 -0.0606209
0 -0.0170557 -0.0450762 -0.0634291
0 -0.0177122 -0.04682 -0.0658725
0 -0.0182589 -0.04828 -0.0679278
0 -0.0186847 -0.0494379 -0.0695753
0 -0.0189849 -0.0502829 -0.0708017
0 -0.0191591 -0.0508102 -0.0715978
0 -0.0192072 -0.0510165 -0.0719554
0 -0.0191271 -0.0508976 -0.0718649
0 -0.0189163 -0.0504492 -0.0713168
0 -0.0185738 -0.049668 -0.0703045
0 -0.0181002 -0.0485525 -0.0688249
0 -0.0174968 -0.0471018 -0.0668776
0 -0.0167641 -0.0453158 -0.064464
0 -0.0159027 -0.0431957 -0.0615876
0 -0.0149148 -0.0407461 -0.0582551
0 -0.0138046 -0.0379758 -0.0544775
0 -0.0125801 -0.0348995 -0.0502717
0 -0.011253 -0.0315381 -0.0456612
0 -0.00983619 -0.0279161 -0.0406745
0 -0.00834038 -0.0240588 -0.0353419
0 -0.00677358 -0.0199903 -0.0296948
0 -0.00514409 -0.0157365 -0.0237692
0 -0.00346243 -0.0113261 -0.0176068
0 -0.00174109 -0.00678968 -0.0112499
0 6.36846e-06 -0.00216068 -0.00473405
0 0.00176636 0.00252604 0.0019112
0 0.00352426 0.00723607 0.00865635
0 0.00526212 0.0119364 0.0154674
0 0.00695746 0.0165962 0.0223001
0 0.00858614 0.0211859 0.0290971
0 0.0101304 0.0256732 0.0357914
0 0.0115831 0.0300209 0.0423117
0 0.0129458 0.0341894 0.0485872
0 0.0142229 0.0381389 0.0545491
0 0.0154167 0.0418303 0.0601321
0 0.0165239 0.0452259 0.0652739
0 0.0175357 0.0482901 0.0699164
0 0.0184403 0.0509907 0.0740078
0 0.0192248 0.0532997 0.0775038
0 0.0198766 0.0551931 0.0803672
0 0.0203837 0.0566505 0.0825681
0 0.020736 0.057656 0.0840835
0 0.0209263 0.0581991 0.0848985
0 0.0209517 0.0582761 0.0850069
0 0.0208148 0.0578914 0.0844141
0 0.0205228 0.0570582 0.0831388
0 0.0200865 0.0557968 0.0812125
0 0.0195175 0.0541325 0.0786758
0 0.0188258 0.0520933 0.0755765
0 0.0180202 0.0497099 0.0719688
0 0.0171085 0.0470161 0.0679119
0 0.0160987 0.0440483 0.0634697
0 0.0149984 0.0408451 0.0587083
0 0.0138165 0.0374464 0.0536944
0 0.0125631 0.0338924 0.0484938
0 0.0112493 0.0302225 0.0431693
0 0.00988786 0.026475 0.0377801
0 0.00849324 0.0226863 0.0323794
0 0.00708157 0.0188918 0.0270148
0 0.00566903 0.0151237 0.0217269
0 0.0042699 0.0114107 0.0165455
0 0.00289577 0.00777768 0.0114891
0 0.00155585 0.00424581 0.00656827
0 0.000257846 0.000832849 0.00179125
0 -0.000990802 -0.00244664 -0.00283422
0 -0.0021819 -0.00558058 -0.00729859
0 -0.00330585 -0.00855827 -0.0115886
0 -0.00435267 -0.0113697 -0.0156875
0 -0.00531426 -0.0140059 -0.0195775
0 -0.00618448 -0.0164595 -0.0232381
0 -0.00696027 -0.0187243 -0.0266423
0 -0.00764497 -0.020792 -0.0297592
0 -0.00824778 -0.0226537 -0.0325609
0 -0.00878182 -0.0243042 -0.0350273
0 -0.00926085 -0.0257419 -0.0371454
0 -0.00969371 -0.0269663 -0.038907
0 -0.010081 -0.0279752 -0.0403057
0 -0.0104159 -0.0287641 -0.0413371
0 -0.0106874 -0.0293275 -0.0420001
0 -0.0108834 -0.0296604 -0.0422979
0 -0.0109921 -0.0297572 -0.0422381
0 -0.0110022 -0.0296125 -0.0418313
0 -0.0109041 -0.0292213 -0.0410904
0 -0.0106932 -0.0285816 -0.0400308
0 -0.0103718 -0.0276972 -0.0386718
0 -0.00994922 -0.0265787 -0.0370364
0 -0.00943819 -0.0252427 -0.0351487
0 -0.00885228 -0.0237091 -0.0330326
0 -0.00820424 -0.0220016 -0.0307107
0 -0.00750621 -0.0201466 -0.0282059
0 -0.0067705 -0.0181739 -0.0255428
0 -0.00601075 -0.0161163 -0.0227493
0 -0.00524211 -0.0140091 -0.0198561
0 -0.00447946 -0.0118877 -0.0168937
0 -0.00373438 -0.00978516 -0.0138915
0 -0.00301438 -0.00772888 -0.0108787
0 -0.00232319 -0.00573846 -0.00788358
0 -0.00166116 -0.00382502 -0.0049319
0 -0.00102613 -0.00199217 -0.00204697
0 -0.00041409 -0.000237042 0.000750401
0 0.000181035 0.00144914 0.00344329
0 0.000767871 0.00307988 0.00601992
0 0.00135705 0.00467164 0.00847385
0 0.00195964 0.00624212 0.0108036
0 0.00258481 0.00780776 0.0130117
0 0.00323721 0.0093797 0.0151047
0 0.00391597 0.0109617 0.0170923
0 0.00461676 0.012552 0.0189885
0 0.00533481 0.014147 0.0208137
0 0.00606569 0.0157428 0.022593
0 0.00680329 0.0173346 0.0243529
0 0.00753755 0.0189147 0.0261168
0 0.00825467 0.0204731 0.0279017
0 0.00893916 0.0219977 0.0297178
0 0.00957566 0.0234753 0.0315679
0 0.0101499 0.0248909 0.033446
0 0.0106494 0.026227 0.0353357
0 0.0110636 0.0274638 0.0372106
0 0.0113851 0.0285799 0.0390354
0 0.0116091 0.0295527 0.0407667
0 0.0117327 0.0303571 0.0423536
0 0.0117534 0.0309654 0.0437376
0 0.011668 0.0313471 0.0448547
0 0.0114731 0.03147 0.0456373
0 0.0111681 0.0313048 0.0460202
0 0.0107583 0.0308297 0.0459465
0 0.0102533 0.0300319 0.0453693
0 0.00966248 0.0289045 0.0442513
0 0.00899053 0.0274451 0.0425651
0 0.00823756 0.0256542 0.0402946
0 0.00739982 0.0235341 0.0374361
0 0.00647262 0.0210898 0.0340001
0 0.00545544 0.0183321 0.030015
0 0.00435507 0.0152814 0.0255281
0 0.00318368 0.0119665 0.0206019
0 0.00195547 0.00842318 0.0153087
0 0.000685799 0.00469417 0.00972498
0 -0.000609302 0.00083135 0.00392691
0 -0.00191431 -0.00310459 -0.00201376
0 -0.00321395 -0.00705023 -0.00802827
0 -0.00449127 -0.0109453 -0.0140454
0 -0.00572459 -0.0147338 -0.0199868
0 -0.00688811 -0.0183653 -0.0257618
0 -0.00795873 -0.0217932 -0.0312653
0 -0.00892124 -0.0249714 -0.0363909
0 -0.0097664 -0.0278519 -0.0410408
0 -0.0104865 -0.0303852 -0.0451274
0 -0.0110726 -0.0325213 -0.0485724
0 -0.0115146 -0.0342118 -0.0513087
0 -0.0118041 -0.0354162 -0.0532832
0 -0.0119386 -0.0361067 -0.0544606
0 -0.0119228 -0.0362725 -0.0548256
0 -0.0117667 -0.0359188 -0.0543818
0 -0.0114821 -0.0350659 -0.0531502
0 -0.0110806 -0.0337476 -0.0511696
0 -0.0105735 -0.0320086 -0.0484964
0 -0.00996979 -0.0299009 -0.0452004
0 -0.00927458 -0.0274774 -0.0413616
0 -0.0084911 -0.0247904 -0.0370686
0 -0.00762603 -0.0218925 -0.0324192
0 -0.00669269 -0.0188387 -0.0275199
0 -0.00570913 -0.0156838 -0.0224802
0 -0.00469444 -0.0124811 -0.0174011
0 -0.00366546 -0.00928071 -0.0123656
0 -0.00263506 -0.00612725 -0.00743883
0 -0.00161279 -0.00305794 -0.00267385
0 -0.000607302 -0.000103052 0.00188302
0 0.000371801 0.00271283 0.00618868
0 0.00131342 0.00537057 0.0102014
0 0.00220529 0.00785398 0.013881
0 0.0030367 0.0101466 0.0171944
0 0.00380291 0.0122335 0.0201219
0 0.00450651 0.0141049 0.022658
0 0.00515332 0.0157555 0.0248082
0 0.00574678 0.017183 0.0265843
0 0.00628472 0.0183867 0.028001
0 0.00676003 0.0193671 0.0290757
0 0.00716329 0.0201269 0.0298283
0 0.00748502 0.0206697 0.0302805
0 0.00771675 0.0209992 0.0304543
0 0.00785159 0.0211182 0.030371
0 0.0078855 0.0210302 0.0300506
0 0.00781865 0.0207409 0.0295116
0 0.00765584 0.0202591 0.0287709
0 0.00740511 0.0195968 0.0278426
0 0.00707588 0.0187678 0.0267373
0 0.00667808 0.0177865 0.0254624
0 0.00622235 0.0166683 0.0240238
0 0.00572071 0.0154302 0.0224276
0 0.00518658 0.0140908 0.0206823
0 0.00463379 0.0126705 0.0187998
0 0.00407387 0.0111896 0.0167939
0 0.00351332 0.00966562 0.0146783
0 0.00295341 0.00811243 0.0124663
0 0.00239331 0.00654196 0.010172
0 0.00183403 0.00496673 0.00781304
0 0.00128135 0.00340121 0.00541311
0 0.000746522 0.00186274 0.00300312
0 0.000244055 0.000371328 0.000619523
0 -0.000212023 -0.00105145 -0.00169844
0 -0.000610936 -0.00238336 -0.00391097
0 -0.000946137 -0.003602 -0.00597853
0 -0.00121556 -0.00468621 -0.00786242
0 -0.00142205 -0.00561837 -0.00952671
0 -0.00157277 -0.00638604 -0.0109397
0 -0.00167629 -0.00698178 -0.0120735
0 -0.00173929 -0.007401 -0.0129035
0 -0.00176484 -0.00763985 -0.0134091
0 -0.00175313 -0.00769511 -0.0135762
0 -0.00170294 -0.00756538 -0.0133987
0 -0.00161279 -0.00725191 -0.0128798
0 -0.00148145 -0.00675911 -0.012032
0 -0.00130871 -0.00609537 -0.0108767
0 -0.00109547 -0.00527396 -0.00944247
0 -0.000842522 -0.00431176 -0.00776131
0 -0.000549023 -0.00322542 -0.00586627
0 -0.000212395 -0.00202918 -0.00378974
0 0.000169262 -0.000735656 -0.00156396
0 0.000593826 0.000641886 0.000776451
0 0.00105313 0.00208671 0.00319275
0 0.00153382 0.00357736 0.0056426
0 0.00202095 0.00508899 0.00808254
0 0.00250138 0.00659584 0.0104703
0 0.00296487 0.00807229 0.0127651
0 0.00340313 0.00949153 0.0149281
0 0.00380873 0.0108246 0.0169223
0 0.00417531 0.0120419 0.0187147
0 0.00449803 0.0131158 0.0202771
0 0.00477237 0.0140213 0.021585
0 0.00499183 0.0147356 0.0226157
0 0.00514666 0.0152377 0.0233473
0 0.00522451 0.0155087 0.0237585
0 0.00521283 0.0155321 0.0238301
0 0.0051012 0.0152955 0.0235457
0 0.00488233 0.0147904 0.0228932
0 0.0045516 0.0140111 0.0218633
0 0.00410668 0.0129537 0.0204495
0 0.00354771 0.0116159 0.0186475
0 0.00287761 0.00999802 0.0164565
0 0.00210228 0.00810426 0.0138796
0 0.00123072 0.00594376 0.0109249
0 0.000274869 0.00353216 0.00760537
0 -0.000750707 0.000892889 0.00393815
0 -0.00182898 -0.0019429 -5.48095e-05
0 -0.0029407 -0.00493781 -0.00434482
0 -0.00406496 -0.00804973 -0.00889441
0 -0.00518016 -0.0112333 -0.0136561
0 -0.00626471 -0.0144416 -0.0185719
0 -0.00729871 -0.0176297 -0.0235693
0 -0.00826736 -0.0207541 -0.0285582
0 -0.00916178 -0.0237703 -0.0334378
0 -0.00997541 -0.0266288 -0.038104
0 -0.0107007 -0.029276 -0.0424529
0 -0.011329 -0.0316568 -0.0463851
0 -0.0118512 -0.033718 -0.0498096
0 -0.0122589 -0.0354103 -0.0526468
0 -0.0125439 -0.0366911 -0.0548296
0 -0.0127004 -0.0375264 -0.0563053
0 -0.0127252 -0.0378934 -0.0570371
0 -0.012619 -0.0377818 -0.0570044
0 -0.0123851 -0.0371942 -0.0562034
0 -0.0120288 -0.0361467 -0.0546501
0 -0.0115577 -0.0346679 -0.05238
0 -0.0109815 -0.0327965 -0.0494471
0 -0.0103107 -0.0305777 -0.0459212
0 -0.00955448 -0.0280595 -0.0418842
0 -0.00872022 -0.0252904 -0.0374264
0 -0.00781367 -0.0223171 -0.0326426
0 -0.00684066 -0.0191847 -0.0276301
0 -0.00580937 -0.0159379 -0.022485
0 -0.00473291 -0.0126237 -0.0172953
0 -0.00362847 -0.00929247 -0.0121347
0 -0.0025136 -0.00599347 -0.00706396
0 -0.00140313 -0.00276783 -0.00213362
0 -0.000306987 0.000356068 0.00261605
0 0.000769977 0.00336443 0.00715324
0 0.00182662 0.00625607 0.011452
0 0.00286441 0.00903665 0.0154941
0 0.00388681 0.0117132 0.0192711
0 0.00489826 0.0142915 0.0227835
0 0.00590222 0.0167744 0.0260391
0 0.00689967 0.0191622 0.0290521
0 0.00788939 0.0214543 0.0318427
0 0.00886834 0.0236516 0.0344375
0 0.00983077 0.0257561 0.0368674
0 0.0107674 0.0277696 0.039164
0 0.0116656 0.0296917 0.0413552
0 0.0125098 0.0315181 0.0434623
0 0.013284 0.0332406 0.0454993
0 0.0139743 0.0348483 0.0474715
0 0.0145701 0.036329 0.0493767
0 0.0150655 0.0376696 0.0512045
0 0.0154583 0.0388569 0.0529373
0 0.0157493 0.0398769 0.0545496
0 0.0159408 0.040716 0.0560093
0 0.0160365 0.0413616 0.057279
0 0.016042 0.0418035 0.0583197
0 0.0159643 0.042034 0.0590921
0 0.0158115 0.0420486 0.0595594
0 0.0155925 0.0418458 0.0596887
0 0.0153165 0.0414271 0.0594532
0 0.0149914 0.0407963 0.0588337
0 0.014623 0.039959 0.0578207
0 0.0142147 0.038922 0.0564153
0 0.0137666 0.0376918 0.0546281
0 0.0132746 0.0362729 0.0524776
0 0.0127307 0.0346666 0.0499876
0 0.0121242 0.0328716 0.0471861
0 0.0114446 0.0308856 0.0441038
0 0.0106825 0.0287065 0.0407724
0 0.00983042 0.0263331 0.0372224
0 0.00888242 0.0237649 0.0334801
0 0.00783511 0.0210034 0.0295661
0 0.00668769 0.0180525 0.025494
0 0.00544222 0.0149187 0.0212717
0 0.00410405 0.0116111 0.016901
0 0.00268103 0.00814265 0.0123787
0 0.00118274 0.00452864 0.00769778
0 -0.000379027 0.000785427 0.00285084
0 -0.00198963 -0.00307006 -0.00216878
0 -0.00363218 -0.00702105 -0.00736627
0 -0.0052891 -0.0110522 -0.0127445
0 -0.00694301 -0.0151489 -0.0183026
0 -0.00857563 -0.0192939 -0.024034
0 -0.0101697 -0.023468 -0.029921
0 -0.011715 -0.0276506 -0.0359281
0 -0.0132086 -0.0318181 -0.042004
0 -0.0146503 -0.0359421 -0.0480882
0 -0.0160392 -0.03999 -0.0541148
0 -0.0173728 -0.0439266 -0.0600159
0 -0.0186473 -0.0477153 -0.0657231
0 -0.0198564 -0.0513184 -0.0711691
0 -0.0209915 -0.0546961 -0.0762874
0 -0.02204 -0.0578085 -0.0810148
0 -0.0229847 -0.0606169 -0.0852963
0 -0.0238075 -0.0630829 -0.0890848
0 -0.0244915 -0.0651682 -0.0923391
0 -0.0250209 -0.0668379 -0.0950223
0 -0.0253804 -0.0680626 -0.0970993
0 -0.0255565 -0.0688193 -0.0985378
0 -0.0255382 -0.0690905 -0.0993079
0 -0.0253214 -0.0688638 -0.0993818
0 -0.0249095 -0.068133 -0.0987346
0 -0.0243118 -0.0668983 -0.0973463
0 -0.0235397 -0.0651651 -0.0952061
0 -0.0226047 -0.0629432 -0.0923145
0 -0.0215179 -0.0602468 -0.0886839
0 -0.0202907 -0.0570965 -0.0843403
0 -0.0189353 -0.0535204 -0.0793233
0 -0.0174632 -0.0495526 -0.0736845
0 -0.0158838 -0.0452303 -0.0674843
0 -0.0142043 -0.040592 -0.0607884
0 -0.0124305 -0.0356758 -0.0536661
0 -0.0105693 -0.0305198 -0.0461887
0 -0.00863 -0.0251621 -0.0384283
0 -0.00662517 -0.0196415 -0.0304571
0 -0.0045695 -0.0139969 -0.0223453
0 -0.00247818 -0.00826783 -0.0141539
0 -0.000365113 -0.00249752 -0.00592806
0 0.00175611 0.00326823 0.00230145
0 0.00386935 0.00898555 0.0105096
0 0.005955 0.0146161 0.0186709
0 0.00798949 0.0201265 0.0267575
0 0.0099478 0.0254895 0.0347307
0 0.0118125 0.0306853 0.0425312
0 0.0135778 0.0356961 0.0500903
0 0.0152445 0.0404999 0.0573408
0 0.0168142 0.0450687 0.0642187
0 0.0182867 0.0493695 0.0706648
0 0.0196596 0.0533674 0.0766262
0 0.020929 0.0570279 0.0820577
0 0.0220891 0.0603197 0.0869216
0 0.0231301 0.0632148 0.0911887
0 0.0240373 0.0656897 0.0948398
0 0.0247957 0.0677261 0.0978616
0 0.0253924 0.0693091 0.100243
0 0.0258157 0.0704277 0.101972
0 0.0260562 0.0710754 0.10304
0 0.0261066 0.0712492 0.103436
0 0.0259641 0.0709508 0.103152
0 0.0256335 0.0701867 0.102185
0 0.0251269 0.0689684 0.100541
0 0.0244622 0.0673132 0.0982414
0 0.0236615 0.0652455 0.0953164
0 0.022748 0.0627973 0.0918105
0 0.0217434 0.0600084 0.0877785
0 0.0206666 0.0569248 0.0832841
0 0.0195328 0.0535983 0.0783995
0 0.0183546 0.050084 0.0732032
0 0.0171431 0.046438 0.0677775
0 0.0159073 0.042714 0.0622059
0 0.0146545 0.0389604 0.0565688
0 0.0133917 0.0352185 0.0509418
0 0.0121269 0.0315246 0.0453942
0 0.0108697 0.02791 0.0399888
0 0.00963064 0.0244004 0.0347793
0 0.00841984 0.0210149 0.0298071
0 0.00724489 0.0177667 0.0251005
0 0.00610956 0.0146659 0.0206737
0 0.00501286 0.0117194 0.0165284
0 0.00394898 0.00892929 0.0126554
0 0.00290835 0.00628987 0.00903706
0 0.00187981 0.00378741 0.00564832
0 0.000853152 0.00140099 0.00245955
0 -0.000179046 -0.000895615 -0.000561785
0 -0.00122074 -0.00313184 -0.0034504
0 -0.00227269 -0.0053381 -0.00624311
0 -0.00333357 -0.00754354 -0.00897869
0 -0.0044016 -0.00977428 -0.0116977
0 -0.00547576 -0.0120521 -0.0144421
0 -0.00655497 -0.0143926 -0.0172532
0 -0.00763502 -0.0168021 -0.0201683
0 -0.0087062 -0.019276 -0.0232175
0 -0.00975485 -0.0217998 -0.0264227
0 -0.0107664 -0.024353 -0.0297965
0 -0.0117271 -0.0269098 -0.0333418
0 -0.0126246 -0.0294409 -0.0370489
0 -0.0134481 -0.0319168 -0.0408936
0 -0.0141881 -0.0343119 -0.0448335
0 -0.0148379 -0.0366062 -0.0488074
0 -0.0153965 -0.0387831 -0.0527418
0 -0.0158702 -0.0408277 -0.0565595
0 -0.0162725 -0.0427274 -0.0601855
0 -0.0166206 -0.0444711 -0.063551
0 -0.0169319 -0.0460484 -0.0665943
0 -0.0172205 -0.047449 -0.0692626
0 -0.0174956 -0.0486626 -0.0715127
0 -0.0177598 -0.0496781 -0.0733109
0 -0.0180077 -0.0504822 -0.0746315
0 -0.0182268 -0.0510591 -0.0754571
0 -0.0184006 -0.0513916 -0.0757795
0 -0.0185096 -0.0514616 -0.0756004
0 -0.0185327 -0.0512507 -0.0749315
0 -0.018448 -0.0507405 -0.0737927
0 -0.0182352 -0.0499142 -0.0722082
0 -0.0178778 -0.0487584 -0.0702045
0 -0.0173639 -0.0472633 -0.0678075
0 -0.0166865 -0.0454241 -0.0650401
0 -0.0158432 -0.0432405 -0.0619206
0 -0.0148369 -0.0407184 -0.058462
0 -0.0136759 -0.0378699 -0.0546734
0 -0.0123739 -0.0347144 -0.0505617
0 -0.0109496 -0.0312787 -0.0461339
0 -0.00942558 -0.0275958 -0.0413996
0 -0.00782758 -0.0237045 -0.0363724
0 -0.00618143 -0.019646 -0.0310707
0 -0.00450941 -0.0154597 -0.0255171
0 -0.00282959 -0.0111801 -0.0197381
0 -0.00115785 -0.00683923 -0.013764
0 0.000490149 -0.00247113 -0.00762687
0 0.00209912 0.00188788 -0.00135969
0 0.00365503 0.00620362 0.0050041
0 0.00514528 0.0104473 0.0114293
0 0.00655927 0.0145957 0.0178774
0 0.00788845 0.0186289 0.0243058
0 0.00912709 0.0225313 0.0306652
0 0.010275 0.026293 0.0368948
0 0.0113386 0.0299073 0.0429255
0 0.0123309 0.0333651 0.0486873
0 0.0132711 0.0366538 0.0541147
0 0.0141813 0.0397602 0.0591511
0 0.0150809 0.0426726 0.0637524
0 0.0159831 0.0453821 0.0678871
0 0.0168919 0.0478819 0.0715356
0 0.0178012 0.0501652 0.0746879
0 0.0186958 0.0522243 0.0773431
0 0.0195547 0.0540499 0.0795091
0 0.0203549 0.0556315 0.0812027
0 0.0210735 0.056957 0.0824476
0 0.0216885 0.0580126 0.0832726
0 0.0221794 0.0587837 0.0837089
0 0.0225272 0.0592559 0.0837872
0 0.022715 0.0594161 0.0835356
0 0.02273 0.0592537 0.0829763
0 0.0225644 0.0587611 0.0821238
0 0.0222164 0.0579343 0.0809833
0 0.0216905 0.0567734 0.0795507
0 0.0209965 0.0552826 0.077813
0 0.0201485 0.0534712 0.0757514
0 0.019164 0.0513528 0.0733432
0 0.0180608 0.0489439 0.0705641
0 0.0168558 0.0462616 0.0673905
0 0.0155641 0.0433219 0.063802
0 0.0141991 0.0401391 0.0597849
0 0.0127728 0.036726 0.0553342
0 0.0112955 0.0330937 0.0504553
0 0.0097748 0.0292516 0.0451625
0 0.00821509 0.025208 0.0394779
0 0.00661644 0.0209704 0.0334309
0 0.00497507 0.0165468 0.0270568
0 0.00328565 0.0119461 0.0203942
0 0.00154396 0.00718151 0.0134801
0 -0.000250528 0.00227202 0.0063467
0 -0.00209304 -0.00275799 -0.000977255
0 -0.00397289 -0.00788115 -0.00846268
0 -0.00587384 -0.0130683 -0.0160778
0 -0.00777424 -0.0182876 -0.0237869
0 -0.00964971 -0.0235041 -0.0315464
0 -0.0114773 -0.0286829 -0.0392994
0 -0.0132394 -0.0337878 -0.0469755
0 -0.0149266 -0.0387771 -0.0544953
0 -0.0165347 -0.0436027 -0.0617767
0 -0.0180582 -0.0482119 -0.0687389
0 -0.0194887 -0.0525494 -0.0753035
0 -0.0208142 -0.0565601 -0.0813955
0 -0.0220189 -0.0601901 -0.0869432
0 -0.0230834 -0.0633879 -0.0918776
0 -0.0239855 -0.0661053 -0.0961327
0 -0.0247 -0.0682983 -0.0996508
0 -0.0251995 -0.0699275 -0.102386
0 -0.0254596 -0.0709602 -0.104297
0 -0.025463 -0.0713701 -0.105344
0 -0.0252021 -0.0711383 -0.105492
0 -0.0246821 -0.0702552 -0.104705
0 -0.0239188 -0.0687222 -0.102958
0 -0.0229345 -0.0665504 -0.10024
0 -0.0217546 -0.0637602 -0.0965584
0 -0.0204049 -0.0603808 -0.0919376
0 -0.0189082 -0.0564498 -0.0864212
0 -0.0172836 -0.0520127 -0.0800707
0 -0.0155464 -0.0471221 -0.0729644
0 -0.0137087 -0.0418353 -0.0651943
0 -0.0117801 -0.0362119 -0.0568619
0 -0.00977025 -0.0303126 -0.0480745
0 -0.00768951 -0.0241983 -0.0389421
0 -0.00555061 -0.017929 -0.0295748
0 -0.00337185 -0.0115653 -0.0200773
0 -0.00117763 -0.0051716 -0.0105415
0 0.00100364 0.00118168 -0.00104381
0 0.00314159 0.00742317 0.00835183
0 0.00520651 0.0134866 0.0175881
0 0.00717049 0.0193135 0.0266106
0 0.00900893 0.0248576 0.0353541
0 0.0107049 0.0300883 0.0437296
0 0.0122513 0.0349799 0.0516385
0 0.0136504 0.0395049 0.0589864
0 0.0149115 0.0436353 0.0656887
0 0.0160472 0.0473463 0.071675
0 0.0170702 0.0506183 0.07689
0 0.0179903 0.053437 0.0812927
0 0.0188097 0.0557914 0.0848547
0 0.0195233 0.0576722 0.0875585
0 0.0201202 0.0590718 0.0893977
0 0.020586 0.0599831 0.0903775
0 0.0209039 0.060399 0.0905152
0 0.0210549 0.0603124 0.0898418
0 0.0210202 0.0597186 0.0884008
0 0.0207844 0.0586184 0.0862451
0 0.0203378 0.0570196 0.0834343
0 0.0196778 0.0549373 0.0800306
0 0.0188092 0.0523942 0.0760962
0 0.0177432 0.0494195 0.0716904
0 0.0164965 0.0460487 0.0668675
0 0.0150905 0.042323 0.0616768
0 0.0135495 0.0382886 0.0561634
0 0.0118996 0.0339956 0.0503687
0 0.0101674 0.0294963 0.044331
0 0.00837742 0.0248435 0.0380868
0 0.00655188 0.020088 0.0316725
0 0.00471075 0.0152754 0.0251243
0 0.00287314 0.0104457 0.0184777
0 0.00105713 0.00563477 0.0117662
0 -0.000720272 0.000876629 0.00502014
0 -0.00244264 -0.00379682 -0.00173209
0 -0.00409354 -0.00835622 -0.00846102
0 -0.00565633 -0.0127744 -0.0151338
0 -0.00711516 -0.0170253 -0.0217138
0 -0.00845685 -0.0210844 -0.0281616
0 -0.00967468 -0.0249319 -0.0344317
0 -0.0107706 -0.0285573 -0.0404672
0 -0.0117529 -0.0319561 -0.0462039
0 -0.0126359 -0.0351228 -0.0515766
0 -0.0134386 -0.038048 -0.0565219
0 -0.0141789 -0.0407173 -0.0609812
0 -0.0148689 -0.0431122 -0.0649016
0 -0.0155117 -0.0452112 -0.0682377
0 -0.0161018 -0.0469915 -0.070952
0 -0.016626 -0.0484299 -0.0730164
0 -0.0170656 -0.0495029 -0.0744114
0 -0.0173989 -0.0501875 -0.0751272
0 -0.0176031 -0.0504612 -0.075164
0 -0.0176556 -0.0503036 -0.0745333
0 -0.0175349 -0.0496973 -0.0732561
0 -0.0172239 -0.04863 -0.0713602
0 -0.0167124 -0.0470969 -0.0688784
0 -0.0159984 -0.0451021 -0.065847
0 -0.015087 -0.0426581 -0.0623024
0 -0.0139878 -0.0397842 -0.058278
0 -0.012713 -0.0365054 -0.0538027
0 -0.0112782 -0.0328518 -0.0489022
0 -0.0097033 -0.0288604 -0.0436013
0 -0.00801338 -0.0245754 -0.037928
0 -0.00623741 -0.0200479 -0.0319154
0 -0.00440556 -0.0153322 -0.0256016
0 -0.00254558 -0.0104823 -0.0190287
0 -0.00068114 -0.00554973 -0.0122382
0 0.00116785 -0.000583781 -0.00526844
0 0.00298377 0.00437055 0.00184246
0 0.00474847 0.00927291 0.00905357
0 0.00644247 0.014087 0.0163184
0 0.00804615 0.018779 0.023585
0 0.00954179 0.0233173 0.0307958
0 0.0109181 0.0276776 0.0378833
0 0.0121739 0.031845 0.0447662
0 0.0133193 0.0358066 0.0513597
0 0.014374 0.0395463 0.0575832
0 0.0153609 0.0430444 0.063362
0 0.0162984 0.0462788 0.0686302
0 0.0171958 0.0492253 0.0733304
0 0.0180514 0.0518584 0.0774137
0 0.0188539 0.0541527 0.0808409
0 0.0195863 0.0560841 0.0835837
0 0.0202289 0.0576307 0.0856258
0 0.0207619 0.0587739 0.0869627
0 0.0211667 0.0594978 0.0876006
0 0.0214245 0.0597881 0.0875554
0 0.0215155 0.0596318 0.0868518
0 0.0214202 0.0590188 0.0855206
0 0.021123 0.0579436 0.0835969
0 0.020616 0.056407 0.0811179
0 0.0198996 0.054417 0.0781221
0 0.0189831 0.0519903 0.074648
0 0.0178827 0.0491524 0.0707325
0 0.0166196 0.045937 0.06641
0 0.0152174 0.0423843 0.0617119
0 0.0137002 0.0385394 0.0566674
0 0.0120916 0.0344499 0.0513041
0 0.0104146 0.0301643 0.0456503
0 0.00869183 0.0257301 0.0397364
0 0.00694449 0.0211929 0.0335979
0 0.00519304 0.0165943 0.027276
0 0.00345638 0.0119715 0.0208165
0 0.0017502 0.00735857 0.0142653
0 8.55356e-05 0.00278703 0.00766275
0 -0.00153097 -0.00171528 0.00104117
0 -0.00309474 -0.0061254 -0.00557023
0 -0.0046004 -0.0104247 -0.0121406
0 -0.00604105 -0.0145972 -0.0186352
0 -0.00740838 -0.0186287 -0.0250165
0 -0.00869443 -0.0225057 -0.0312453
0 -0.0098955 -0.0262191 -0.0372752
0 -0.011013 -0.0297657 -0.04305
0 -0.0120543 -0.0331416 -0.048514
0 -0.0130342 -0.036338 -0.0536191
0 -0.0139718 -0.0393438 -0.0583256
0 -0.0148837 -0.0421461 -0.0626024
0 -0.015779 -0.0447311 -0.0664258
0 -0.0166566 -0.0470844 -0.0697793
0 -0.0175062 -0.0491921 -0.0726535
0 -0.0183106 -0.0510407 -0.0750453
0 -0.0190467 -0.052615 -0.0769566
0 -0.0196888 -0.0538985 -0.078393
0 -0.0202113 -0.0548732 -0.0793633
0 -0.020592 -0.0555215 -0.0798794
0 -0.0208137 -0.0558279 -0.0799564
0 -0.0208653 -0.0557816 -0.0796121
0 -0.0207429 -0.0553776 -0.0788652
0 -0.02045 -0.0546179 -0.0777339
0 -0.0199961 -0.0535107 -0.0762334
0 -0.0193941 -0.05207 -0.0743753
0 -0.0186584 -0.0503138 -0.0721669
0 -0.017802 -0.0482623 -0.0696113
0 -0.0168376 -0.0459383 -0.0667097
0 -0.0157783 -0.0433664 -0.0634643
0 -0.0146384 -0.0405734 -0.0598814
0 -0.0134332 -0.0375868 -0.0559727
0 -0.0121777 -0.0344332 -0.051756
0 -0.0108861 -0.0311372 -0.0472541
0 -0.00957079 -0.0277212 -0.0424956
0 -0.00824242 -0.0242059 -0.037514
0 -0.00690916 -0.02061 -0.0323468
0 -0.00557609 -0.0169497 -0.0270339
0 -0.00424513 -0.0132408 -0.0216153
0 -0.00291621 -0.00950088 -0.0161275
0 -0.00158893 -0.0057513 -0.0106016
0 -0.000263801 -0.00201512 -0.00506545
0 0.00105716 0.00168566 0.000454558
0 0.0023697 0.0053324 0.00593245
0 0.00366688 0.00891084 0.0113429
0 0.00493962 0.0124105 0.0166612
0 0.00617784 0.0158231 0.0218631
0 0.00737044 0.0191398 0.0269242
0 0.00850616 0.02235 0.0318162
0 0.00957665 0.0254431 0.0365033
0 0.0105782 0.0284054 0.0409505
0 0.0115119 0.0312181 0.0451284
0 0.0123822 0.033858 0.0490112
0 0.0131945 0.0363011 0.0525762
0 0.0139518 0.0385252 0.0558041
0 0.0146528 0.0405114 0.0586781
0 0.0152912 0.0422449 0.0611827
0 0.0158564 0.0437144 0.0633044
0 0.0163359 0.044912 0.0650314
0 0.0167172 0.0458326 0.066355
0 0.0169895 0.0464726 0.0672688
0 0.0171445 0.0468288 0.0677686
0 0.0171763 0.0468976 0.067852
0 0.0170814 0.0466737 0.0675174
0 0.0168586 0.0461518 0.0667654
0 0.0165102 0.0453278 0.0655993
0 0.016042 0.0442015 0.0640267
0 0.0154631 0.0427776 0.0620589
0 0.0147833 0.0410666 0.0597104
0 0.014012 0.0390835 0.0569981
0 0.0131583 0.0368485 0.0539414
0 0.0122299 0.0343857 0.0505628
0 0.011234 0.0317218 0.0468873
0 0.0101774 0.0288841 0.0429426
0 0.00906749 0.0258995 0.0387585
0 0.0079121 0.022794 0.0343673
0 0.00672008 0.0195925 0.0298037
0 0.00550136 0.0163178 0.025104
0 0.00426625 0.0129915 0.0203041
0 0.00302478 0.0096347 0.0154359
0 0.00178612 0.00626911 0.0105257
0 0.00055863 0.002916 0.00559808
0 -0.000649446 -0.000404685 0.000677955
0 -0.00182971 -0.00367434 -0.00420923
0 -0.00297393 -0.00687545 -0.00903734
0 -0.00407421 -0.00999134 -0.0137793
0 -0.00512299 -0.013006 -0.0184066
0 -0.00611375 -0.0159042 -0.0228903
0 -0.00704083 -0.0186719 -0.0271996
0 -0.00790051 -0.021297 -0.0313
0 -0.00869328 -0.0237676 -0.0351549
0 -0.00942313 -0.0260724 -0.0387311
0 -0.0100958 -0.0282007 -0.0420023
0 -0.0107175 -0.0301425 -0.0449479
0 -0.0112934 -0.0318876 -0.0475512
0 -0.0118247 -0.0334253 -0.0497979
0 -0.0123073 -0.0347452 -0.0516764
0 -0.0127325 -0.0358367 -0.0531781
0 -0.013089 -0.0366902 -0.0542976
0 -0.0133649 -0.0372971 -0.0550331
0 -0.0135492 -0.03765 -0.0553858
0 -0.0136325 -0.0377425 -0.0553603
0 -0.0136072 -0.0375699 -0.0549642
0 -0.0134694 -0.0371301 -0.0542084
0 -0.013219 -0.036425 -0.0531066
0 -0.0128602 -0.0354607 -0.0516746
0 -0.0123998 -0.0342473 -0.0499298
0 -0.0118465 -0.0327985 -0.04789
0 -0.0112102 -0.031131 -0.0455732
0 -0.0105013 -0.0292648 -0.0429981
0 -0.00972997 -0.0272218 -0.0401842
0 -0.00890557 -0.0250251 -0.0371513
0 -0.00803545 -0.0226969 -0.0339196
0 -0.0071251 -0.0202578 -0.0305093
0 -0.00617959 -0.0177278 -0.0269422
0 -0.00520492 -0.0151256 -0.023242
0 -0.00420858 -0.0124697 -0.0194325
0 -0.00319948 -0.00977855 -0.0155358
0 -0.00218793 -0.0070699 -0.0115748
0 -0.00118552 -0.00436169 -0.00757491
0 -0.00020405 -0.00167252 -0.00356359
0 0.000745961 0.00097914 0.000430608
0 0.00165652 0.00357573 0.00437893
0 0.00252281 0.00610068 0.00825324
0 0.0033429 0.00853831 0.012026
0 0.00411674 0.0108742 0.0156698
0 0.00484499 0.0130953 0.019157
0 0.00552812 0.0151908 0.0224594
0 0.00616589 0.0171523 0.0255479
0 0.00675794 0.0189725 0.0283926
0 0.00730435 0.0206429 0.0309651
0 0.00780507 0.0221541 0.0332421
0 0.0082597 0.0234962 0.0352062
0 0.00866764 0.0246598 0.036847
0 0.00902756 0.0256363 0.0381603
0 0.00933649 0.0264179 0.0391462
0 0.00958935 0.0269979 0.0398084
0 0.0097795 0.0273706 0.0401532
0 0.00989958 0.0275321 0.0401895
0 0.00994244 0.0274806 0.0399288
0 0.00990223 0.0272167 0.039385
0 0.00977531 0.0267436 0.0385731
0 0.00956059 0.0260668 0.0375087
0 0.00925968 0.0251946 0.0362072
0 0.00887688 0.0241376 0.0346844
0 0.0084188 0.0229089 0.0329554
0 0.00789404 0.0215242 0.0310359
0 0.00731303 0.0200015 0.0289425
0 0.00668788 0.018362 0.0266932
0 0.00603097 0.0166282 0.0243074
0 0.00535228 0.0148221 0.0218024
0 0.00465775 0.0129621 0.0191916
0 0.00395063 0.0110632 0.0164874
0 0.0032343 0.00913824 0.013704
0 0.00251406 0.00719986 0.0108588
0 0.00179702 0.00526042 0.00797218
0 0.00109076 0.00333124 0.0050664
0 0.000402137 0.0014224 0.00216431
0 -0.000263461 -0.000456575 -0.000711345
0 -0.000902484 -0.0022959 -0.00353797
0 -0.00151322 -0.00408526 -0.00629343
0 -0.00209588 -0.00581425 -0.00895675
0 -0.00265243 -0.00747345 -0.0115088
0 -0.00318568 -0.00905494 -0.0139324
0 -0.00369796 -0.0105521 -0.0162125
0 -0.00419007 -0.0119592 -0.0183352
0 -0.00466107 -0.013271 -0.0202884
0 -0.00510859 -0.0144829 -0.022062
0 -0.00552914 -0.0155912 -0.0236472
0 -0.0059186 -0.0165925 -0.0250377
0 -0.00627269 -0.0174829 -0.02623
0 -0.00658701 -0.0182567 -0.0272228
0 -0.00685686 -0.0189074 -0.0280168
0 -0.00707743 -0.0194276 -0.0286143
0 -0.0072444 -0.0198099 -0.0290188
0 -0.00735454 -0.0200484 -0.0292348
0 -0.0074064 -0.0201395 -0.0292682
0 -0.00740063 -0.0200832 -0.0291263
0 -0.00733958 -0.0198837 -0.0288176
0 -0.00722639 -0.0195486 -0.0283503
0 -0.00706431 -0.0190877 -0.0277322
0 -0.00685643 -0.0185122 -0.0269703
0 -0.00660574 -0.0178335 -0.026071
0 -0.00631551 -0.0170623 -0.0250402
0 -0.00598959 -0.0162087 -0.0238842
0 -0.00563218 -0.0152811 -0.0226091
0 -0.00524748 -0.0142869 -0.0212218
0 -0.00483937 -0.013232 -0.0197291
0 -0.00441071 -0.0121202 -0.0181376
0 -0.00396238 -0.0109529 -0.016453
0 -0.00349411 -0.00973 -0.0146801
0 -0.00300706 -0.00845321 -0.0128261
0 -0.00250564 -0.00712828 -0.0109019
0 -0.00199615 -0.00576472 -0.00892149
0 -0.00148427 -0.00437352 -0.00689922
0 -0.000973782 -0.00296559 -0.00484845
0 -0.000467132 -0.0015515 -0.00278203
0 3.35866e-05 -0.00014185 -0.000713081
0 0.000526624 0.00125296 0.00134509
0 0.00101133 0.00262381 0.00337977
0 0.00148843 0.00396369 0.00537958
0 0.00195899 0.00526744 0.00733398
0 0.00242263 0.00653068 0.00923218
0 0.00287641 0.00774869 0.0110625
0 0.00331516 0.00891604 0.0128127
0 0.0037329 0.010027 0.0144709
0 0.00412422 0.0110757 0.0160265
0 0.00448499 0.0120563 0.0174702
0 0.00481227 0.012962 0.0187942
0 0.00510388 0.0137852 0.0199913
0 0.00535803 0.0145176 0.0210548
0 0.00557334 0.0151506 0.0219787
0 0.00574887 0.0156766 0.0227574
0 0.00588388 0.0160896 0.0233858
0 0.00597743 0.0163852 0.0238586
0 0.00602825 0.0165607 0.0241703
0 0.00603496 0.0166149 0.0243154
0 0.00599647 0.0165474 0.0242894
0 0.00591234 0.0163587 0.0240887
0 0.00578282 0.0160502 0.0237116
0 0.00560881 0.0156237 0.0231578
0 0.0053918 0.0150815 0.0224291
0 0.0051338 0.0144265 0.0215288
0 0.00483705 0.0136621 0.020462
0 0.00450391 0.0127933 0.0192342
0 0.00413699 0.0118256 0.0178526
0 0.00373952 0.0107659 0.0163262
0 0.00331561 0.00962252 0.0146664
0 0.00286979 0.00840524 0.0128863
0 0.00240634 0.00712482 0.0110001
0 0.00192897 0.00579252 0.00902297
0 0.00144134 0.00442022 0.00697121
0 0.000947346 0.00302021 0.0048624
0 0.000450755 0.00160443 0.00271493
0 -4.5601e-05 0.00018337 0.000546749
0 -0.000540121 -0.00123433 -0.00162547
0 -0.0010319 -0.00264128 -0.0037859
0 -0.00151988 -0.00403038 -0.00591881
0 -0.00200223 -0.00539417 -0.00800841
0 -0.00247601 -0.0067244 -0.0100389
0 -0.00293717 -0.00801199 -0.0119946
0 -0.00338086 -0.00924744 -0.0138604
0 -0.00380243 -0.0104214 -0.0156225
0 -0.00419828 -0.0115253 -0.0172693
0 -0.00456612 -0.0125518 -0.0187915
0 -0.00490432 -0.0134943 -0.0201813
0 -0.00521106 -0.0143462 -0.0214318
0 -0.00548354 -0.015101 -0.0225362
0 -0.0057181 -0.0157521 -0.0234871
0 -0.00591135 -0.0162935 -0.0242775
0 -0.00606173 -0.0167214 -0.0249028
0 -0.00617009 -0.017034 -0.0253614
0 -0.00623862 -0.0172318 -0.0256539
0 -0.00626938 -0.0173162 -0.0257818
0 -0.00626297 -0.0172887 -0.0257468
0 -0.00621813 -0.0171505 -0.0255499
0 -0.00613249 -0.0169022 -0.0251924
0 -0.006004 -0.0165446 -0.0246761
0 -0.00583189 -0.0160788 -0.0240046
0 -0.00561673 -0.0155067 -0.0231826
0 -0.00536012 -0.0148308 -0.0222158
0 -0.00506426 -0.0140548 -0.02111
0 -0.00473179 -0.0131835 -0.0198711
0 -0.00436575 -0.0122231 -0.0185055
0 -0.00396993 -0.011181 -0.0170205
0 -0.00354929 -0.0100665 -0.0154254
0 -0.00311007 -0.00889087 -0.0137316
0 -0.00265878 -0.00766687 -0.0119524
0 -0.00220076 -0.00640681 -0.0101017
0 -0.00173901 -0.00512132 -0.00819268
0 -0.00127436 -0.00381883 -0.00623772
0 -0.000806842 -0.00250597 -0.00424896
0 -0.0003371 -0.00118843 -0.00223931
0 0.000132729 0.000127882 -0.000223001
0 0.000598644 0.00143557 0.0017839
0 0.00105519 0.00272516 0.0037636
0 0.00149676 0.00398566 0.00569778
0 0.00191883 0.00520554 0.00756886
0 0.00231832 0.00637328 0.00936045
0 0.00269319 0.00747788 0.0110574
0 0.00304254 0.00851001 0.0126464
0 0.00336692 0.0094633 0.0141165
0 0.00366758 0.010334 0.0154586
0 0.00394472 0.0111195 0.0166647
0 0.00419646 0.0118168 0.0177263
0 0.00441954 0.0124222 0.0186359
0 0.00461091 0.0129325 0.0193876
0 0.00476893 0.0133457 0.0199787
0 0.00489352 0.0136611 0.0204094
0 0.00498529 0.0138791 0.0206822
0 0.00504388 0.0139994 0.0207999
0 0.00506679 0.0140201 0.0207648
0 0.00504993 0.0139378 0.0205779
0 0.00498995 0.0137493 0.0202415
0 0.00488652 0.0134541 0.0197604
0 0.00474232 0.013055 0.0191418
0 0.00456127 0.0125569 0.0183943
0 0.00434695 0.0119661 0.0175262
0 0.00410227 0.01129 0.0165452
0 0.00383019 0.0105375 0.0154596
0 0.00353454 0.0097194 0.0142785
0 0.00322021 0.00884796 0.013013
0 0.00289269 0.00793603 0.0116753
0 0.00255729 0.00699617 0.0102785
0 0.00221838 0.00603951 0.0088358
0 0.00187853 0.00507453 0.00735991
0 0.00153842 0.0041066 0.00586229
0 0.00119782 0.00313884 0.00435368
0 0.000856763 0.00217349 0.00284495
0 0.000516102 0.00121297 0.00134726
0 0.000177453 0.000260328 -0.000128218
0 -0.000157248 -0.000680487 -0.00157064
0 -0.000486194 -0.00160466 -0.00296989
0 -0.000807946 -0.00250671 -0.00431689
0 -0.0011216 -0.00338092 -0.00560409
0 -0.00142721 -0.00422242 -0.006826
0 -0.0017261 -0.00502817 -0.00797985
0 -0.0020202 -0.00579709 -0.00906524
0 -0.00231081 -0.00652933 -0.0100831
0 -0.00259771 -0.00722553 -0.0110351
0 -0.00287884 -0.00788618 -0.0119226
0 -0.00315032 -0.00851073 -0.0127465
0 -0.00340705 -0.00909731 -0.0135075
0 -0.00364406 -0.0096431 -0.0142062
0 -0.00385748 -0.0101449 -0.0148438
0 -0.00404456 -0.0105993 -0.0154216
0 -0.00420304 -0.0110017 -0.0159398
0 -0.00433103 -0.0113472 -0.0163975
0 -0.00442761 -0.0116311 -0.0167928
0 -0.0044936 -0.0118505 -0.0171239
0 -0.00453169 -0.0120048 -0.0173892
0 -0.00454554 -0.0120959 -0.0175871
0 -0.0045385 -0.0121267 -0.0177155
0 -0.00451264 -0.0121008 -0.0177709
0 -0.00446888 -0.0120216 -0.017749
0 -0.0044076 -0.0118921 -0.0176455
0 -0.00432887 -0.011715 -0.017457
0 -0.00423164 -0.0114902 -0.0171793
0 -0.00411338 -0.0112148 -0.016808
0 -0.00397114 -0.0108835 -0.0163385
0 -0.00380332 -0.0104908 -0.0157679
0 -0.00361104 -0.010033 -0.0150965
0 -0.00339776 -0.0095092 -0.0143275
0 -0.00316748 -0.00892102 -0.013466
0 -0.0029232 -0.00827176 -0.0125178
0 -0.0026665 -0.00756618 -0.0114889
0 -0.00239757 -0.00681009 -0.0103855
0 -0.0021152 -0.00600931 -0.00921313
0 -0.00181746 -0.00516901 -0.0079775
0 -0.00150289 -0.00429358 -0.00668459
0 -0.00117125 -0.00338687 -0.00534128
0 -0.000823672 -0.00245235 -0.00395518
0 -0.000462446 -0.00149324 -0.00253434
0 -9.07025e-05 -0.000512914 -0.00108697
0 0.000287896 0.000484702 0.000378695
0 0.000669564 0.00149482 0.00185438
0 0.00105045 0.00251134 0.00333152
0 0.00142631 0.00352638 0.00480088
0 0.00179257 0.00453021 0.00625249
0 0.0021451 0.00551212 0.00767608
0 0.00248084 0.00646135 0.00906155
0 0.00279764 0.00736779 0.010399
0 0.00309386 0.00822228 0.0116784
0 0.00336811 0.00901715 0.0128898
0 0.00361927 0.00974668 0.014023
0 0.00384602 0.0104068 0.015068
0 0.00404608 0.0109937 0.0160136
0 0.00421607 0.0115033 0.0168479
0 0.00435254 0.0119309 0.0175586
0 0.00445362 0.0122725 0.0181356
0 0.00452024 0.0125258 0.0185717
0 0.00455564 0.0126902 0.0188634
0 0.00456352 0.012766 0.019009
0 0.00454612 0.0127528 0.0190078
0 0.00450355 0.0126501 0.018859
0 0.00443476 0.012457 0.0185633
0 0.00433899 0.0121744 0.0181237
0 0.00421629 0.0118048 0.0175456
0 0.00406701 0.011352 0.0168367
0 0.00389127 0.0108203 0.0160056
0 0.00368917 0.0102146 0.0150615
0 0.00346157 0.00954084 0.0140153
0 0.00321041 0.00880642 0.0128788
0 0.00293837 0.00801928 0.011665
0 0.00264831 0.00718749 0.0103868
0 0.00234261 0.00631848 0.00905653
0 0.00202285 0.00541842 0.00768556
0 0.00169013 0.00449239 0.00628413
0 0.00134578 0.00354498 0.00486184
0 0.000991828 0.00258097 0.00342801
0 0.000630825 0.00160552 0.0019916
0 0.000265548 0.000624116 0.000560813
0 -0.00010122 -0.0003574 -0.000856962
0 -0.000466627 -0.00133267 -0.00225488
0 -0.000827713 -0.00229479 -0.00362636
0 -0.00118149 -0.00323668 -0.00496512
0 -0.00152506 -0.00415135 -0.00626514
0 -0.00185558 -0.00503205 -0.00752059
0 -0.00217021 -0.00587235 -0.0087255
0 -0.00246609 -0.00666617 -0.0098737
0 -0.00274057 -0.007408 -0.0109589
0 -0.00299127 -0.00809302 -0.0119744
0 -0.00321571 -0.00871663 -0.012913
0 -0.00341083 -0.00927363 -0.0137661
0 -0.00357327 -0.00975803 -0.0145239
0 -0.00370048 -0.0101639 -0.0151768
0 -0.00379213 -0.010487 -0.0157166
0 -0.00385072 -0.0107254 -0.0161377
0 -0.00388071 -0.0108802 -0.0164369
0 -0.00388645 -0.0109537 -0.0166122
0 -0.00387021 -0.0109478 -0.0166611
0 -0.0038315 -0.0108633 -0.0165805
0 -0.00376814 -0.0106998 -0.0163674
0 -0.00367844 -0.0104573 -0.0160212
0 -0.00356262 -0.0101376 -0.0155444
0 -0.00342255 -0.00974403 -0.0149429
0 -0.00326035 -0.00928045 -0.0142242
0 -0.00307749 -0.00875081 -0.0133966
0 -0.00287487 -0.00815911 -0.0124692
0 -0.00265322 -0.00750983 -0.0114521
0 -0.00241334 -0.00680795 -0.010356
0 -0.00215617 -0.006059 -0.00919203
0 -0.00188304 -0.00526889 -0.00797146
0 -0.00159627 -0.00444445 -0.00670653
0 -0.00129957 -0.00359396 -0.00541057
0 -0.000997549 -0.00272703 -0.00409762
0 -0.000694776 -0.00185391 -0.00278161
0 -0.000394943 -0.0009847 -0.00147553
0 -0.000100096 -0.000128207 -0.000190613
0 0.000189838 0.000709076 0.00106414
0 0.000476306 0.00152299 0.00228168
0 0.000760453 0.00231073 0.00345585
0 0.00104198 0.00306992 0.00458071
0 0.00131881 0.00379797 0.00565014
0 0.00158692 0.00449115 0.00665745
0 0.00184042 0.00514374 0.0075951
0 0.00207273 0.00574825 0.00845521
0 0.00227821 0.00629653 0.00923058
0 0.00245352 0.00678115 0.00991568
0 0.00259833 0.00719685 0.0105074
0 0.00271504 0.00754125 0.0110049
0 0.00280718 0.00781443 0.0114088
0 0.00287783 0.00801795 0.0117196
0 0.00292897 0.0081544 0.0119377
0 0.0029617 0.00822733 0.0120636
0 0.00297674 0.00824108 0.0120986
0 0.00297469 0.00820046 0.0120447
0 0.00295596 0.00811015 0.0119052
0 0.00292046 0.0079739 0.0116835
0 0.0028671 0.00779364 0.0113831
0 0.00279395 0.00756921 0.0110069
0 0.00269926 0.0072992 0.0105581
0 0.00258243 0.006982 0.0100404
0 0.00244452 0.00661687 0.00945918
0 0.00228816 0.00620471 0.00882058
0 0.00211693 0.00574839 0.00813168
0 0.00193432 0.00525238 0.0073995
0 0.00174292 0.00472226 0.00663041
0 0.00154411 0.00416409 0.00582984
0 0.00133816 0.00358381 0.0050023
0 0.00112485 0.00298697 0.00415177
0 0.000904237 0.00237861 0.00328225
0 0.00067715 0.00176329 0.00239819
0 0.000445255 0.00114504 0.00150455
0 0.000210988 0.000527491 0.000606743
0 -2.24515e-05 -8.57577e-05 -0.000289198
0 -0.00025126 -0.000690613 -0.00117658
0 -0.000471609 -0.00128246 -0.00204832
0 -0.000680412 -0.00185649 -0.00289738
0 -0.000875847 -0.00240813 -0.00371729
0 -0.00105739 -0.0029333 -0.00450226
0 -0.00122538 -0.0034284 -0.00524709
0 -0.00138049 -0.00389021 -0.0059468
0 -0.00152333 -0.00431585 -0.00659653
0 -0.00165431 -0.00470287 -0.0071916
0 -0.00177357 -0.00504941 -0.0077276
0 -0.00188094 -0.00535411 -0.00820054
0 -0.00197589 -0.00561604 -0.00860691
0 -0.00205761 -0.00583461 -0.00894376
0 -0.0021251 -0.00600942 -0.00920882
0 -0.00217737 -0.00614019 -0.0094006
0 -0.00221357 -0.00622666 -0.00951847
0 -0.00223309 -0.00626855 -0.00956264
0 -0.00223559 -0.00626544 -0.00953414
0 -0.00222073 -0.00621664 -0.00943444
0 -0.00218788 -0.00612092 -0.00926503
0 -0.00213607 -0.0059767 -0.00902726
0 -0.00206434 -0.00578241 -0.00872245
0 -0.00197213 -0.00553711 -0.00835215
0 -0.00185957 -0.00524094 -0.00791837
0 -0.00172779 -0.00489564 -0.0074239
0 -0.00157894 -0.0045047 -0.00687241
0 -0.00141558 -0.00407287 -0.00626805
0 -0.0012402 -0.00360553 -0.00561508
0 -0.00105486 -0.00310813 -0.00491766
0 -0.000861167 -0.00258578 -0.00417983
0 -0.000660024 -0.00204265 -0.00340527
0 -0.000451848 -0.00148188 -0.00259744
0 -0.000237082 -0.000905853 -0.0017599
0 -1.65942e-05 -0.000316635 -0.000896706
0 0.000208295 0.000283759 -1.23841e-05
0 0.000435804 0.000892934 0.000887878
0 0.00066351 0.0015075 0.00179792
0 0.000888451 0.00212285 0.0027106
0 0.00110772 0.00273351 0.0036183
0 0.00131908 0.00333375 0.00451349
0 0.00152103 0.00391779 0.00538888
0 0.00171251 0.00447989 0.00623718
0 0.00189266 0.00501439 0.00705095
0 0.00206071 0.00551612 0.00782275
0 0.00221632 0.00598083 0.00854557
0 0.00235974 0.00640569 0.00921328
0 0.00249152 0.00678921 0.00982065
0 0.00261168 0.00713046 0.0103628
0 0.00271886 0.00742802 0.0108346
0 0.00281019 0.00767931 0.0112302
0 0.00288251 0.00788119 0.0115441
0 0.00293392 0.00803104 0.0117727
0 0.00296454 0.00812758 0.0119149
0 0.0029758 0.0081705 0.0119713
0 0.00296909 0.00815972 0.0119434
0 0.00294497 0.00809496 0.0118327
0 0.00290331 0.007976 0.0116408
0 0.00284383 0.00780326 0.01137
0 0.00276667 0.00757824 0.0110234
0 0.00267262 0.00730371 0.0106054
0 0.00256283 0.0069834 0.0101211
0 0.00243771 0.00662073 0.00957513
0 0.00229509 0.00621664 0.00896989
0 0.00212975 0.00576815 0.00830404
0 0.00193606 0.0052701 0.00757461
0 0.00171196 0.00471881 0.0067805
0 0.00146054 0.00411419 0.00592405
0 0.00118806 0.00345931 0.00500989
0 0.0009018 0.00275954 0.00404351
0 0.000609056 0.00202267 0.00303111
0 0.000316669 0.00125889 0.00197985
0 2.98326e-05 0.000479468 0.000897153
0 -0.000249816 -0.000306082 -0.000211186
0 -0.000524928 -0.0010922 -0.00134226
0 -0.000800615 -0.00187706 -0.00249486
0 -0.00108132 -0.0026607 -0.00366685
0 -0.00136852 -0.00344305 -0.00485338
0 -0.00166028 -0.00422306 -0.00604674
0 -0.00195268 -0.00499872 -0.00723758
0 -0.00224162 -0.00576765 -0.00841646
0 -0.00252371 -0.00652702 -0.00957458
0 -0.0027959 -0.00727267 -0.0107033
0 -0.00305447 -0.00799794 -0.0117932
0 -0.00329495 -0.00869362 -0.0128333
0 -0.00351327 -0.00934915 -0.0138124
0 -0.00370683 -0.00995389 -0.0147202
0 -0.0038748 -0.0104982 -0.0155471
0 -0.00401814 -0.0109743 -0.0162853
0 -0.00413928 -0.0113778 -0.0169286
0 -0.00424112 -0.0117072 -0.0174723
0 -0.00432551 -0.0119633 -0.0179118
0 -0.00439264 -0.0121482 -0.0182431
0 -0.00444129 -0.0122647 -0.0184626
0 -0.00446959 -0.0123157 -0.0185681
0 -0.00447514 -0.0123031 -0.0185582
0 -0.004455 -0.0122271 -0.0184324
0 -0.00440618 -0.0120852 -0.0181909
0 -0.00432686 -0.0118743 -0.0178352
0 -0.00421711 -0.0115914 -0.017369
0 -0.00407849 -0.0112343 -0.0167974
0 -0.00391301 -0.0108021 -0.0161259
0 -0.00372248 -0.0102955 -0.0153599
0 -0.00350843 -0.00971681 -0.0145048
0 -0.00327214 -0.00907042 -0.0135659
0 -0.00301467 -0.00836208 -0.0125485
0 -0.00273679 -0.0075984 -0.0114577
0 -0.00243916 -0.00678624 -0.0102987
0 -0.00212272 -0.00593235 -0.00907651
0 -0.00178908 -0.00504309 -0.00779678
0 -0.00144077 -0.00412424 -0.00646602
0 -0.00108113 -0.00318106 -0.00509151
0 -0.000713926 -0.00221836 -0.00368117
0 -0.000342957 -0.00124066 -0.00224323
0 2.82545e-05 -0.000252524 -0.000786033
0 0.000396476 0.000740937 0.000681715
0 0.000758281 0.00173312 0.00215021
0 0.0011097 0.00271539 0.00360809
0 0.00144677 0.00367765 0.005043
0 0.0017668 0.00460975 0.00644285
0 0.00206944 0.00550325 0.00779703
0 0.0023565 0.00635232 0.00909691
0 0.00263039 0.00715327 0.0103348
0 0.00289189 0.00790304 0.0115025
0 0.00313921 0.00859825 0.0125903
0 0.00336873 0.00923529 0.013588
0 0.00357661 0.00981081 0.0144858
0 0.00375985 0.0103218 0.0152756
0 0.00391647 0.0107651 0.0159509
0 0.00404548 0.0111376 0.0165067
0 0.00414673 0.0114361 0.0169397
0 0.00422069 0.0116577 0.0172484
0 0.00426806 0.0117999 0.0174321
0 0.00428935 0.0118608 0.0174916
0 0.0042848 0.0118394 0.0174284
0 0.00425483 0.0117362 0.0172455
0 0.00420041 0.0115541 0.0169476
0 0.00412304 0.0112976 0.0165413
0 0.00402403 0.010973 0.0160341
0 0.00390398 0.0105866 0.0154336
0 0.00376246 0.0101441 0.0147469
0 0.00359818 0.00964977 0.0139806
0 0.00341004 0.00910669 0.0131411
0 0.00319864 0.00851806 0.0122357
0 0.00296718 0.00788847 0.0112735
0 0.00272101 0.00722403 0.0102652
0 0.00246579 0.00653162 0.00922191
0 0.00220556 0.00581768 0.00815329
0 0.00194174 0.0050872 0.0070668
0 0.00167385 0.00434388 0.00596791
0 0.00140173 0.00359179 0.00486206
0 0.00112732 0.00283678 0.00375637
0 0.000854416 0.00208633 0.00265951
0 0.000587129 0.00134831 0.00158042
0 0.00032857 0.000629806 0.000527191
0 8.03329e-05 -6.35452e-05 -0.000493471
0 -0.000157336 -0.000727665 -0.00147607
0 -0.000384811 -0.00135973 -0.0024158
0 -0.00060226 -0.00195768 -0.00330796
0 -0.000809189 -0.00251988 -0.00414781
0 -0.00100444 -0.00304478 -0.00493055
0 -0.00118651 -0.00353085 -0.00565168
0 -0.00135404 -0.0039766 -0.00630739
0 -0.00150625 -0.00438081 -0.00689492
0 -0.0016431 -0.00474267 -0.00741281
0 -0.0017651 -0.00506179 -0.00786077
0 -0.00187287 -0.00533799 -0.00823929
0 -0.00196684 -0.00557127 -0.00854942
0 -0.00204723 -0.00576187 -0.00879275
0 -0.00211413 -0.00591035 -0.00897133
0 -0.00216747 -0.0060176 -0.00908766
0 -0.00220708 -0.00608474 -0.00914458
0 -0.00223279 -0.00611315 -0.00914523
0 -0.00224446 -0.00610443 -0.00909302
0 -0.00224216 -0.00606045 -0.00899165
0 -0.00222614 -0.00598331 -0.00884504
0 -0.00219689 -0.00587524 -0.00865719
0 -0.00215503 -0.00573853 -0.00843207
0 -0.00210133 -0.00557548 -0.00817358
0 -0.0020368 -0.00538846 -0.00788557
0 -0.00196273 -0.00517999 -0.00757186
0 -0.00188041 -0.0049526 -0.00723603
0 -0.00179067 -0.00470833 -0.00688093
0 -0.00169352 -0.00444832 -0.00650827
0 -0.0015885 -0.00417307 -0.00611891
0 -0.00147545 -0.003883 -0.00571345
0 -0.00135482 -0.0035788 -0.00529264
0 -0.0012277 -0.0032616 -0.00485743
0 -0.00109555 -0.00293285 -0.00440887
0 -0.00095997 -0.00259426 -0.00394808
0 -0.000822331 -0.00224764 -0.00347607
0 -0.000683441 -0.00189455 -0.00299349
0 -0.000543182 -0.00153575 -0.00250028
0 -0.000400713 -0.00117124 -0.00199582
0 -0.000255365 -0.000800815 -0.00147965
0 -0.000107774 -0.000425196 -0.000952584
0 3.97573e-05 -4.66452e-05 -0.000417248
0 0.000184171 0.00033147 0.00012251
0 0.000323077 0.000705734 0.000662787
0 0.00045551 0.00107335 0.00120025
0 0.000581609 0.00143206 0.00173193
0 0.000701863 0.00177983 0.00225468
0 0.000816667 0.00211471 0.00276499
0 0.000926283 0.00243501 0.00325908
0 0.00103082 0.00273936 0.00373312
0 0.00112991 0.00302626 0.00418297
0 0.0012223 0.00329353 0.00460386
0 0.00130597 0.00353815 0.00499044
0 0.0013788 0.00375669 0.00533735
0 0.0014392 0.00394581 0.00563982
0 0.00148647 0.00410271 0.005894
0 0.00152098 0.00422559 0.0060973
0 0.00154395 0.00431383 0.00624838
0 0.00155681 0.00436764 0.00634672
0 0.00156059 0.00438769 0.00639217
0 0.00155569 0.00437487 0.00638487
0 0.00154204 0.00433018 0.00632527
0 0.00151896 0.00425438 0.00621399
0 0.00148521 0.00414768 0.00605166
0 0.00143927 0.00400977 0.00583898
0 0.0013799 0.00384011 0.00557705
0 0.00130642 0.00363829 0.00526747
0 0.00121883 0.00340419 0.0049124
0 0.00111797 0.00313842 0.0045146
0 0.00100555 0.00284263 0.00407762
0 0.000883841 0.00251956 0.00360556
0 0.000755125 0.00217263 0.00310265
0 0.000621263 0.00180565 0.002573
0 0.000483707 0.0014227 0.00202062
0 0.000343668 0.00102808 0.00144966
0 0.00020227 0.000626231 0.000864513
0 6.06198e-05 0.000221571 0.000269874
0 -8.01362e-05 -0.000181677 -0.0003293
0 -0.000218792 -0.000579572 -0.000927846
0 -0.0003542 -0.000968601 -0.0015205
0 -0.000485665 -0.0013461 -0.0021023
0 -0.000613318 -0.00171071 -0.002669
0 -0.000737902 -0.00206225 -0.00321725
0 -0.000860038 -0.00240105 -0.00374404
0 -0.000979406 -0.00272694 -0.00424603
0 -0.00109431 -0.00303843 -0.00471913
0 -0.00120209 -0.00333262 -0.00515872
0 -0.00130011 -0.00360573 -0.00556037
0 -0.00138671 -0.00385396 -0.0059206
0 -0.00146175 -0.00407428 -0.00623745
0 -0.00152654 -0.00426509 -0.00651054
0 -0.00158311 -0.00442609 -0.00674065
0 -0.0016331 -0.00455789 -0.00692886
0 -0.00167728 -0.00466162 -0.00707617
0 -0.00171537 -0.00473863 -0.00718338
0 -0.00174618 -0.0047901 -0.00725096
0 -0.00176772 -0.0048165 -0.00727898
0 -0.0017778 -0.00481762 -0.00726738
0 -0.00177481 -0.00479289 -0.00721641
0 -0.00175801 -0.0047417 -0.00712687
0 -0.0017277 -0.00466364 -0.00700015
0 -0.00168519 -0.00455899 -0.00683834
0 -0.00163267 -0.00442903 -0.00664422
0 -0.00157268 -0.00427595 -0.00642099
0 -0.00150752 -0.00410253 -0.00617182
0 -0.00143893 -0.00391193 -0.00589973
0 -0.00136799 -0.00370744 -0.00560749
0 -0.00129483 -0.00349182 -0.00529729
0 -0.00121821 -0.00326653 -0.00497018
0 -0.00113595 -0.00303157 -0.00462621
0 -0.00104599 -0.00278614 -0.00426522
0 -0.00094725 -0.00252931 -0.00388746
0 -0.000840074 -0.00226061 -0.00349402
0 -0.000726346 -0.00198055 -0.00308702
0 -0.000609122 -0.0016909 -0.00266951
0 -0.000491735 -0.00139434 -0.00224497
0 -0.000376934 -0.00109402 -0.00181663
0 -0.00026644 -0.000793174 -0.00138732
0 -0.000160743 -0.00049469 -0.000959143
0 -5.90792e-05 -0.000200685 -0.000533484
0 4.01029e-05 8.75629e-05 -0.000111249
0 0.000138388 0.000369343 0.000306604
0 0.000236807 0.00064421 0.000718685
0 0.000335443 0.000911648 0.00112293
0 0.000433217 0.00117069 0.00151645
0 0.000528161 0.00141985 0.00189572
0 0.000618076 0.00165731 0.00225706
0 0.000701095 0.00188122 0.00259705
0 0.000775885 0.00208969 0.00291272
0 0.000841592 0.00228068 0.00320137
0 0.000897756 0.00245206 0.00346057
0 0.000944264 0.00260167 0.00368812
0 0.000981286 0.00272747 0.00388202
0 0.00100915 0.00282769 0.00404048
0 0.00102819 0.00290093 0.00416185
0 0.0010388 0.00294638 0.00424478
0 0.0010418 0.00296438 0.00428875
0 0.00103872 0.00295691 0.00429452
0 0.00103146 0.00292728 0.00426396
0 0.00102149 0.00287931 0.00419948
0 0.00100925 0.00281644 0.0041034
0 0.000993958 0.00274096 0.00397765
0 0.000974046 0.00265388 0.00382391
0 0.000947995 0.00255527 0.00364412
0 0.000914959 0.00244473 0.00344084
0 0.000874835 0.00232167 0.00321712
0 0.000827953 0.00218535 0.00297619
0 0.000774657 0.00203501 0.00272096
0 0.000714921 0.00186982 0.0024536
0 0.000648269 0.00168902 0.00217538
0 0.000574243 0.00149229 0.00188704
0 0.000493247 0.00128063 0.00158956
0 0.000406989 0.00105675 0.00128473
0 0.000317991 0.000824676 0.000974901
0 0.000228703 0.000588916 0.000662364
0 0.00014084 0.000353652 0.000348922
0 5.48377e-05 0.000121859 3.5384e-05
0 -3.04804e-05 -0.000105539 -0.000278867
0 -0.000117176 -0.000329509 -0.000595387
0 -0.000206564 -0.000551595 -0.000915263
0 -0.000298203 -0.000772797 -0.00123815
0 -0.000390376 -0.000993511 -0.0015626
0 -0.000481251 -0.00121396 -0.00188698
0 -0.00056939 -0.00143413 -0.00220977
0 -0.000653406 -0.00165305 -0.00252913
0 -0.0007317 -0.00186837 -0.00284251
0 -0.000802829 -0.00207677 -0.00314693
0 -0.000866033 -0.00227468 -0.00343947
0 -0.000921319 -0.00245879 -0.00371741
0 -0.000969189 -0.00262627 -0.0039781
0 -0.00101039 -0.00277491 -0.00421889
0 -0.00104574 -0.00290341 -0.00443719
0 -0.00107594 -0.00301122 -0.00463041
0 -0.00110133 -0.00309845 -0.00479594
0 -0.00112184 -0.00316555 -0.0049312
0 -0.00113706 -0.00321313 -0.00503377
0 -0.00114638 -0.00324172 -0.00510155
0 -0.00114915 -0.00325163 -0.00513293
0 -0.00114485 -0.00324286 -0.0051269
0 -0.00113321 -0.00321514 -0.00508314
0 -0.00111422 -0.00316791 -0.00500205
0 -0.00108805 -0.00310044 -0.00488459
0 -0.00105494 -0.00301196 -0.00473218
0 -0.00101505 -0.00290177 -0.00454654
0 -0.000968444 -0.00276947 -0.00432957
0 -0.000915113 -0.00261511 -0.00408332
0 -0.000855232 -0.00243954 -0.0038102
0 -0.000789504 -0.00224484 -0.00351327
0 -0.00071906 -0.00203411 -0.00319616
0 -0.000644843 -0.00181082 -0.00286245
0 -0.000566907 -0.00157779 -0.00251493
0 -0.000484344 -0.00133669 -0.00215532
0 -0.000395997 -0.00108828 -0.00178482
0 -0.000301321 -0.000832971 -0.00140469
0 -0.000200664 -0.000571063 -0.00101652
0 -9.49886e-05 -0.000302779 -0.000621965
0 1.45399e-05 -2.82493e-05 -0.000222542
0 0.000126754 0.000252298 0.000180447
0 0.000240376 0.000538094 0.000585671
0 0.000353609 0.000827193 0.000991223
0 0.000463938 0.00111611 0.00139426
0 0.000568618 0.00140023 0.00179127
0 0.000665431 0.00167458 0.0021786
0 0.000753003 0.00193441 0.0025527
0 0.000830596 0.00217535 0.00290992
0 0.00089781 0.00239352 0.00324631
0 0.000954449 0.00258575 0.00355762
0 0.00100049 0.00274976 0.00383942
0 0.00103596 0.00288412 0.00408717
0 0.0010608 0.00298803 0.00429628
0 0.00107484 0.00306113 0.00446217
0 0.00107794 0.00310334 0.00458063
0 0.00107028 0.00311495 0.00464816
0 0.00105273 0.00309685 0.00466262
0 0.00102694 0.00305063 0.00462342
0 0.000994758 0.00297816 0.00453125
0 0.000957717 0.00288124 0.00438774
0 0.000916789 0.00276145 0.00419524
0 0.000872468 0.0026202 0.0039569
0 0.000824903 0.0024589 0.00367663
0 0.000773949 0.00227894 0.00335904
0 0.00071917 0.00208167 0.00300914
0 0.000659811 0.00186831 0.00263211
0 0.000594878 0.00163991 0.00223307
0 0.000523354 0.00139745 0.00181698
0 0.000444474 0.00114203 0.00138866
0 0.000357871 0.000874875 0.000952676
0 0.00026349 0.000597262 0.000513106
0 0.00016136 0.000310227 7.31427e-05
0 5.15568e-05 1.45484e-05 -0.000365002
0 -6.55684e-05 -0.000289001 -0.000799879
0 -0.000189076 -0.000599266 -0.00123044
0 -0.000317221 -0.000914328 -0.00165564
0 -0.000447453 -0.0012313 -0.00207419
0 -0.000576794 -0.00154651 -0.0024846
0 -0.000702397 -0.00185594 -0.00288548
0 -0.0008219 -0.0021556 -0.0032756
0 -0.000933449 -0.00244167 -0.0036537
0 -0.00103557 -0.00271064 -0.00401825
0 -0.00112709 -0.00295939 -0.00436731
0 -0.00120713 -0.00318537 -0.00469847
0 -0.00127515 -0.00338664 -0.00500892
0 -0.00133092 -0.00356192 -0.00529542
0 -0.00137455 -0.00371048 -0.00555451
0 -0.00140665 -0.00383229 -0.0057828
0 -0.00142835 -0.003928 -0.00597718
0 -0.00144113 -0.0039988 -0.006135
0 -0.00144652 -0.00404614 -0.006254
0 -0.00144588 -0.00407146 -0.00633234
0 -0.00144013 -0.00407592 -0.00636862
0 -0.00142957 -0.00406008 -0.00636166
0 -0.00141379 -0.00402365 -0.00631052
0 -0.00139198 -0.0039657 -0.00621465
0 -0.0013634 -0.00388509 -0.00607433
0 -0.00132781 -0.00378095 -0.0058909
0 -0.0012856 -0.00365317 -0.00566696
0 -0.00123758 -0.00350246 -0.00540612
0 -0.0011844 -0.00333008 -0.00511243
0 -0.00112624 -0.00313762 -0.00479002
0 -0.0010628 -0.00292691 -0.00444296
0 -0.000993651 -0.00270006 -0.00407532
0 -0.000918389 -0.00245936 -0.00369127
0 -0.000836718 -0.00220704 -0.00329479
0 -0.000748174 -0.00194476 -0.0028893
0 -0.000651978 -0.00167326 -0.00247724
0 -0.000547364 -0.00139254 -0.00206021
0 -0.000434144 -0.0011024 -0.00163939
0 -0.000312967 -0.000802846 -0.00121573
0 -0.000185144 -0.000494179 -0.000789891
0 -5.23781e-05 -0.000177126 -0.000362272
0 8.33901e-05 0.000147032 6.69444e-05
0 0.000220159 0.000476395 0.000497672
0 0.000356104 0.000808589 0.000929921
0 0.000489757 0.00114101 0.00136379
0 0.000620043 0.00147103 0.00179933
0 0.00074619 0.00179619 0.00223633
0 0.00086756 0.00211417 0.00267406
0 0.000983525 0.00242291 0.00311113
0 0.00109347 0.00272062 0.00354544
0 0.00119692 0.00300595 0.00397439
0 0.00129361 0.00327797 0.00439494
0 0.0013835 0.00353616 0.00480379
0 0.00146673 0.0037802 0.00519742
0 0.00154341 0.00400976 0.00557215
0 0.00161352 0.00422418 0.00592405
0 0.00167685 0.00442238 0.00624911
0 0.00173328 0.00460299 0.00654356
0 0.00178284 0.00476452 0.00680415
0 0.00182575 0.00490544 0.00702817
0 0.00186217 0.00502422 0.00721345
0 0.00189213 0.00511935 0.00735825
0 0.00191534 0.00518944 0.00746123
0 0.00193129 0.0052333 0.00752142
0 0.00193924 0.00524995 0.00753826
0 0.00193831 0.00523864 0.00751153
0 0.00192754 0.00519885 0.00744135
0 0.00190605 0.00513022 0.00732817
0 0.0018731 0.00503254 0.00717274
0 0.00182821 0.00490579 0.00697608
0 0.00177117 0.00475008 0.00673945
0 0.00170203 0.00456573 0.00646428
0 0.00162113 0.0043533 0.00615216
0 0.00152901 0.0041136 0.00580473
0 0.00142643 0.0038478 0.00542381
0 0.0013145 0.00355764 0.00501146
0 0.00119471 0.00324549 0.00457014
0 0.00106874 0.0029143 0.00410261
0 0.000938188 0.00256726 0.00361176
0 0.000804441 0.0022077 0.00310056
0 0.000668695 0.00183894 0.00257212
0 0.000532036 0.00146427 0.00202977
0 0.000395405 0.00108679 0.00147705
0 0.000259386 0.000709015 0.000917465
0 0.000124063 0.000332655 0.000354199
0 -1.07753e-05 -4.13157e-05 -0.000209817
0 -0.000145243 -0.00041226 -0.000771677
0 -0.000279033 -0.000779427 -0.00132823
0 -0.000411084 -0.00114138 -0.00187567
0 -0.000539352 -0.00149542 -0.00240918
0 -0.000661134 -0.00183762 -0.00292311
0 -0.000773865 -0.00216341 -0.00341174
0 -0.000875725 -0.0024681 -0.00386969
0 -0.000965764 -0.00274729 -0.00429212
0 -0.00104383 -0.0029972 -0.00467478
0 -0.00111072 -0.00321527 -0.00501439
0 -0.00116811 -0.00340061 -0.00530884
0 -0.00121782 -0.0035537 -0.00555684
0 -0.00126103 -0.00367572 -0.00575737
0 -0.00129802 -0.00376813 -0.00590956
0 -0.00132845 -0.00383259 -0.00601297
0 -0.00135171 -0.00387084 -0.00606792
0 -0.00136725 -0.00388453 -0.00607554
0 -0.00137458 -0.00387505 -0.00603781
0 -0.00137344 -0.00384339 -0.0059574
0 -0.00136376 -0.00379025 -0.00583766
0 -0.00134579 -0.00371618 -0.00568242
0 -0.00131995 -0.0036217 -0.00549589
0 -0.00128677 -0.00350742 -0.00528236
0 -0.00124664 -0.00337406 -0.00504597
0 -0.0011998 -0.00322256 -0.00479048
0 -0.00114637 -0.00305412 -0.00451927
0 -0.00108644 -0.00287038 -0.00423537
0 -0.00102025 -0.00267337 -0.00394148
0 -0.000948169 -0.00246545 -0.00364003
0 -0.000870765 -0.00224916 -0.00333314
0 -0.000788853 -0.00202714 -0.00302279
0 -0.000703532 -0.00180199 -0.00271082
0 -0.000616177 -0.00157622 -0.00239906
0 -0.000528374 -0.00135219 -0.00208936
0 -0.000441808 -0.00113209 -0.00178364
0 -0.000358092 -0.000917874 -0.00148376
0 -0.000278477 -0.000711126 -0.00119142
0 -0.000203628 -0.000512951 -0.00090797
0 -0.000133654 -0.000324007 -0.000634454
0 -6.83736e-05 -0.000144728 -0.000371844
0 -7.52969e-06 2.45282e-05 -0.00012116
0 4.91529e-05 0.000183471 0.000116539
0 0.000102029 0.000331979 0.000340289
0 0.000151615 0.000470237 0.000549379
0 0.000198579 0.000598786 0.000743459
0 0.000243595 0.000718419 0.000922481
0 0.000287163 0.000830006 0.00108658
0 0.00032955 0.000934387 0.00123604
0 0.000370852 0.00103234 0.00137135
0 0.000411048 0.00112451 0.00149317
0 0.000449878 0.00121122 0.00160225
0 0.000486626 0.00129212 0.00169902
0 0.00052014 0.0013661 0.00178355
0 0.00054921 0.00143164 0.00185574
0 0.000572932 0.00148717 0.00191557
0 0.000590782 0.00153127 0.00196312
0 0.000602475 0.00156275 0.00199842
0 0.000607816 0.00158059 0.00202126
0 0.000606668 0.00158411 0.00203119
0 0.000598964 0.00157292 0.00202755
0 0.000584679 0.00154695 0.00200946
0 0.000563754 0.0015062 0.00197575
0 0.000536105 0.00145072 0.00192499
0 0.00050176 0.00138058 0.00185568
0 0.000460989 0.00129597 0.0017664
0 0.000414311 0.00119717 0.00165596
0 0.000362404 0.0010845 0.00152336
0 0.000306011 0.000958341 0.00136785
0 0.00024587 0.000819079 0.00118897
0 0.000182692 0.000667205 0.000986588
0 0.000117152 0.000503364 0.000761065
0 4.98582e-05 0.000328386 0.000513219
0 -1.87429e-05 0.000143222 0.000244281
0 -8.84392e-05 -5.11417e-05 -4.41985e-05
0 -0.000159229 -0.000253723 -0.0003504
0 -0.000231217 -0.000463517 -0.000672216
0 -0.00030445 -0.000679397 -0.00100716
0 -0.000378776 -0.00090001 -0.00135227
0 -0.000453855 -0.00112378 -0.00170418
0 -0.000529307 -0.00134905 -0.00205932
0 -0.000604812 -0.00157418 -0.00241407
0 -0.000680081 -0.00179757 -0.00276494
0 -0.000754779 -0.00201759 -0.00310849
0 -0.000828486 -0.0022326 -0.00344147
0 -0.00090069 -0.00244091 -0.00376083
0 -0.000970808 -0.00264079 -0.00406375
0 -0.00103819 -0.00283053 -0.00434776
0 -0.00110212 -0.00300838 -0.00461066
0 -0.00116184 -0.0031726 -0.00485056
0 -0.00121653 -0.00332151 -0.00506582
0 -0.00126541 -0.0034535 -0.00525506
0 -0.00130767 -0.00356707 -0.00541711
0 -0.00134247 -0.0036608 -0.00555085
0 -0.00136896 -0.00373331 -0.00565524
0 -0.00138636 -0.00378335 -0.00572922
0 -0.00139405 -0.00380987 -0.00577184
0 -0.00139168 -0.00381207 -0.00578226
0 -0.00137916 -0.00378946 -0.00575975
0 -0.00135661 -0.00374181 -0.0057037
0 -0.00132428 -0.00366916 -0.00561358
0 -0.0012826 -0.00357184 -0.00548905
0 -0.00123207 -0.00345041 -0.00532993
0 -0.00117334 -0.00330577 -0.00513638
0 -0.00110716 -0.00313906 -0.00490889
0 -0.00103434 -0.00295168 -0.00464835
0 -0.000955642 -0.00274515 -0.00435602
0 -0.000871754 -0.00252105 -0.00403346
0 -0.000783253 -0.00228098 -0.00368261
0 -0.000690654 -0.00202655 -0.00330575
0 -0.000594427 -0.00175937 -0.00290552
0 -0.000495008 -0.00148104 -0.00248482
0 -0.000392806 -0.00119315 -0.00204682
0 -0.000288218 -0.000897295 -0.00159485
0 -0.000181656 -0.000595079 -0.00113233
0 -7.35581e-05 -0.000288145 -0.000662705
0 3.56665e-05 2.18579e-05 -0.000189371
0 0.000145705 0.000333321 0.000284384
0 0.000256384 0.000644737 0.000755497
0 0.000367579 0.000954674 0.00122115
0 0.000479051 0.00126171 0.00167874
0 0.000590415 0.00156442 0.00212587
0 0.000701251 0.00186152 0.00256048
0 0.000811171 0.00215192 0.00298094
0 0.000919746 0.00243462 0.00338598
0 0.00102636 0.0027086 0.0037745
0 0.00113001 0.00297253 0.00414533
0 0.00122918 0.0032245 0.00449694
0 0.00132198 0.00346207 0.00482744
0 0.00140652 0.00368251 0.0051348
0 0.00148139 0.00388318 0.00541713
0 0.00154571 0.00406172 0.00567265
0 0.00159904 0.00421613 0.00589966
0 0.00164142 0.00434496 0.0060966
0 0.0016734 0.0044476 0.00626216
0 0.00169585 0.00452422 0.00639532
0 0.00170967 0.00457556 0.00649515
0 0.00171554 0.00460264 0.0065607
0 0.0017138 0.00460651 0.00659103
0 0.00170441 0.00458801 0.00658515
0 0.00168704 0.00454752 0.00654208
0 0.00166127 0.00448513 0.00646111
0 0.00162696 0.00440073 0.00634202
0 0.00158426 0.00429424 0.00618516
0 0.00153355 0.00416557 0.00599138
0 0.00147529 0.00401471 0.00576188
0 0.00140999 0.00384189 0.00549825
0 0.00133828 0.00364779 0.00520251
0 0.00126092 0.00343364 0.00487715
0 0.00117862 0.00320118 0.00452497
0 0.00109191 0.00295238 0.00414888
0 0.00100102 0.00268934 0.00375182
0 0.000906069 0.00241423 0.00333676
0 0.000807124 0.00212915 0.00290674
0 0.000704164 0.001836 0.0024647
0 0.000597094 0.00153625 0.00201338
0 0.000485915 0.00123106 0.00155537
0 0.000370955 0.000921447 0.00109325
0 0.000252935 0.000608487 0.000629622
0 0.000132868 0.000293328 0.00016703
0 1.19309e-05 -2.27157e-05 -0.000292168
0 -0.000108629 -0.00033806 -0.000745791
0 -0.000227559 -0.000650778 -0.0011918
0 -0.000343726 -0.000958665 -0.00162827
0 -0.000456218 -0.00125937 -0.0020534
0 -0.000564344 -0.00155057 -0.0024655
0 -0.000667594 -0.00183007 -0.00286297
0 -0.000765613 -0.00209603 -0.00324427
0 -0.000858127 -0.00234693 -0.00360788
0 -0.000944832 -0.00258162 -0.00395219
0 -0.00102534 -0.00279918 -0.00427547
0 -0.0010992 -0.00299896 -0.00457592
0 -0.00116598 -0.00318044 -0.00485172
0 -0.00122532 -0.00334326 -0.00510112
0 -0.00127694 -0.00348707 -0.00532245
0 -0.00132071 -0.00361147 -0.00551423
0 -0.00135662 -0.0037161 -0.0056752
0 -0.00138482 -0.00380056 -0.00580438
0 -0.00140553 -0.00386448 -0.00590106
0 -0.00141896 -0.00390745 -0.00596475
0 -0.00142523 -0.00392909 -0.00599517
0 -0.00142443 -0.0039291 -0.00599228
0 -0.00141655 -0.00390739 -0.00595629
0 -0.00140158 -0.00386403 -0.00588766
0 -0.00137944 -0.00379932 -0.0057871
0 -0.00135005 -0.00371373 -0.0056555
0 -0.00131333 -0.0036079 -0.00549396
0 -0.00126931 -0.00348259 -0.00530376
0 -0.00121808 -0.00333868 -0.00508641
0 -0.0011599 -0.00317714 -0.00484355
0 -0.00109514 -0.00299902 -0.00457698
0 -0.00102426 -0.00280544 -0.00428861
0 -0.000947819 -0.00259762 -0.00398045
0 -0.000866445 -0.00237687 -0.00365459
0 -0.000780799 -0.00214466 -0.0033132
0 -0.000691565 -0.00190254 -0.00295846
0 -0.000599428 -0.0016522 -0.00259263
0 -0.00050506 -0.0013954 -0.00221794
0 -0.000409118 -0.00113396 -0.00183668
0 -0.000312262 -0.000869726 -0.00145111
0 -0.000215164 -0.000604516 -0.00106352
0 -0.000118499 -0.000340111 -0.000676186
0 -2.2919e-05 -7.8227e-05 -0.000291429
0 7.09555e-05 0.000179497 8.83957e-05
0 0.000162547 0.000431493 0.000460905
0 0.000251316 0.000676259 0.000823705
0 0.000336749 0.000912356 0.00117445
0 0.000418354 0.00113842 0.00151084
0 0.00049568 0.00135316 0.00183071
0 0.00056833 0.00155537 0.00213198
0 0.000635954 0.00174389 0.00241271
0 0.00069824 0.00191766 0.00267113
0 0.000754921 0.00207569 0.00290565
0 0.000805769 0.00221712 0.00311488
0 0.000850583 0.00234118 0.00329763
0 0.000889176 0.00244724 0.00345295
0 0.000921377 0.00253479 0.00358006
0 0.000947027 0.00260344 0.00367844
0 0.00096599 0.00265293 0.00374777
0 0.00097815 0.00268312 0.00378796
0 0.000983425 0.00269401 0.00379914
0 0.000981769 0.0026857 0.00378165
0 0.000973185 0.00265844 0.00373604
0 0.00095772 0.00261257 0.00366304
0 0.000935486 0.00254855 0.00356356
0 0.000906656 0.00246694 0.00343867
0 0.000871469 0.00236841 0.00328959
0 0.000830219 0.00225377 0.00311767
0 0.000783257 0.00212393 0.00292434
0 0.000730974 0.00197992 0.00271117
0 0.0006738 0.00182288 0.00247977
0 0.000612205 0.00165405 0.00223184
0 0.000546686 0.00147473 0.00196916
0 0.00047777 0.00128633 0.00169354
0 0.000406014 0.00109026 0.00140688
0 0.000331992 0.000888011 0.00111111
0 0.00025628 0.00068105 0.000808196
0 0.000179451 0.000470856 0.000500173
0 0.00010207 0.000258879 0.000189081
0 2.47045e-05 4.65464e-05 -0.000123036
0 -5.20837e-05 -0.00016474 -0.000434147
0 -0.000127756 -0.000373598 -0.000742235
0 -0.000201805 -0.000578671 -0.00104531
0 -0.00027377 -0.000778641 -0.00134141
0 -0.000343252 -0.000972241 -0.00162858
0 -0.000409902 -0.00115827 -0.00190495
0 -0.000473404 -0.0013356 -0.00216866
0 -0.000533455 -0.00150318 -0.00241798
0 -0.000589757 -0.00166004 -0.00265127
0 -0.000642022 -0.00180531 -0.00286703
0 -0.000689973 -0.00193818 -0.0030639
0 -0.000733348 -0.00205794 -0.00324067
0 -0.000771911 -0.00216394 -0.00339631
0 -0.00080545 -0.00225561 -0.00352998
0 -0.000833775 -0.00233246 -0.003641
0 -0.000856723 -0.0023941 -0.00372889
0 -0.000874154 -0.00244021 -0.00379334
0 -0.000885959 -0.00247057 -0.00383423
0 -0.000892054 -0.00248506 -0.00385159
0 -0.00089239 -0.00248366 -0.00384562
0 -0.000886952 -0.00246647 -0.00381667
0 -0.000875762 -0.00243367 -0.00376524
0 -0.000858884 -0.00238558 -0.00369195
0 -0.000836428 -0.00232262 -0.00359753
0 -0.000808553 -0.00224531 -0.00348284
0 -0.000775543 -0.00215438 -0.0033489
0 -0.000737806 -0.00205071 -0.00319692
