0 0.000565083 0.0012026 0.00159931
0 0.000573698 0.00120827 0.00159844
0 0.000587022 0.00122616 0.00161012
0 0.000598311 0.001251 0.00163189
0 0.000607356 0.00127998 0.00166516
0 0.00061588 0.00131078 0.0017106
0 0.000623587 0.00134052 0.001765
0 0.000633214 0.00137172 0.0018272
0 0.000648429 0.00141021 0.00189756
0 0.000665504 0.00145492 0.00197033
0 0.000678858 0.00149996 0.00203791
0 0.000693591 0.00154694 0.0021031
0 0.000717842 0.00160203 0.0021738
0 0.000744305 0.00165908 0.00224518
0 0.000756139 0.00170009 0.00230141
0 0.000747684 0.00171177 0.00233186
0 0.000726272 0.0016919 0.00233365
0 0.000699408 0.00164399 0.00230349
0 0.000674135 0.00157908 0.00224134
0 0.000664815 0.00152209 0.0021622
0 0.000675887 0.00149185 0.00208174
0 0.000689181 0.00148055 0.00199997
0 0.000698722 0.00148182 0.00192868
0 0.000722125 0.00150845 0.00190101
0 0.000762667 0.00156528 0.00193565
0 0.000804148 0.00164296 0.00202881
0 0.000831511 0.00172866 0.00216789
0 0.000829395 0.00179774 0.00232463
0 0.000789404 0.00182129 0.00246086
0 0.000727543 0.00179215 0.00255126
0 0.000671826 0.00172625 0.00258394
0 0.000634338 0.00164095 0.00254517
0 0.000602621 0.0015374 0.00241455
0 0.0005651 0.00141172 0.00218645
0 0.000536295 0.00127917 0.00189327
0 0.000528272 0.00115614 0.00157864
0 0.000529622 0.00104281 0.00127284
0 0.000535809 0.000948454 0.00101419
0 0.000540785 0.000879358 0.000832712
0 0.00050869 0.000803714 0.000711419
0 0.000424673 0.00069414 0.000626359
0 0.000341986 0.00058628 0.000599481
0 0.000329874 0.00055479 0.000671742
0 0.000400777 0.000647729 0.000850827
0 0.000504411 0.000849272 0.00110052
0 0.000587812 0.00110186 0.00137911
0 0.000639521 0.00134803 0.00166883
0 0.00065658 0.00152753 0.0019423
0 0.000607056 0.00156291 0.00212528
0 0.000468983 0.00139985 0.00213304
0 0.00026776 0.00104661 0.00191641
0 6.06249e-05 0.000571734 0.00147157
0 -7.38611e-05 0.000103497 0.000861506
0 -8.13627e-05 -0.00022448 0.00019305
0 6.60289e-06 -0.000369874 -0.000451036
0 0.000106066 -0.000391295 -0.00101764
0 0.000162162 -0.000376772 -0.00144759
0 0.000173907 -0.000381039 -0.00167564
0 0.000158049 -0.000412502 -0.00166836
0 0.000106565 -0.000464228 -0.00146219
0 -6.31598e-06 -0.000539397 -0.00115499
0 -0.000170185 -0.000631571 -0.000844355
0 -0.000320623 -0.000704173 -0.000583101
0 -0.000387504 -0.000709924 -0.000389708
0 -0.000334858 -0.000611873 -0.000260249
0 -0.000156352 -0.00038112 -0.000156136
0 0.000133706 3.0118e-06 -3.46788e-06
0 0.000490391 0.000532909 0.000276036
0 0.00081659 0.00112981 0.000706044
0 0.000989142 0.00163818 0.00122987
0 0.000955929 0.00191573 0.00176771
0 0.000777159 0.00192248 0.00226303
0 0.000566122 0.00173244 0.00267215
0 0.000423605 0.00149792 0.00295929
0 0.000399761 0.00137451 0.00310093
0 0.000487691 0.00144174 0.00309175
0 0.00066327 0.00169357 0.00297391
0 0.000920041 0.00208537 0.00285449
0 0.00124119 0.00255795 0.00285892
0 0.00156199 0.00303606 0.00306458
0 0.00179283 0.00344498 0.00348216
0 0.00187267 0.00373547 0.00407153
0 0.0018057 0.00390286 0.00476697
0 0.00165207 0.00398188 0.0054889
0 0.00147801 0.00400756 0.00613374
0 0.00134024 0.00400608 0.00659939
0 0.00129507 0.0040151 0.00683279
0 0.0013609 0.0040602 0.00682141
0 0.00149752 0.00412858 0.00657564
0 0.00165006 0.00418863 0.00614838
0 0.00176548 0.00419013 0.0056161
0 0.00176734 0.00403728 0.0050148
0 0.00158565 0.00362281 0.00433182
0 0.0012311 0.00291956 0.00356174
0 0.000800142 0.00202 0.00273071
0 0.000406048 0.00109057 0.00187296
0 0.000122188 0.000298208 0.00101608
0 -2.08542e-05 -0.000239065 0.00019952
0 -2.13927e-05 -0.000475709 -0.000510018
0 7.70491e-05 -0.000463148 -0.00105138
0 0.000172221 -0.000355555 -0.00141943
0 0.000150549 -0.000350791 -0.00166657
0 -3.83014e-05 -0.000589899 -0.00186274
0 -0.000376084 -0.00111289 -0.00208926
0 -0.000809018 -0.00186854 -0.00244099
0 -0.00123243 -0.00270435 -0.00296305
0 -0.00151165 -0.00340481 -0.00361491
0 -0.00157465 -0.00380866 -0.00431899
0 -0.00143867 -0.00386964 -0.00498236
0 -0.00115432 -0.00362071 -0.00547304
0 -0.000784824 -0.00314105 -0.00564734
0 -0.000435511 -0.00256386 -0.00543333
0 -0.000207699 -0.0020242 -0.00483873
0 -7.68736e-05 -0.00152498 -0.00385178
0 8.51756e-05 -0.00092283 -0.00243151
0 0.000352993 -7.40931e-05 -0.000611433
0 0.00071399 0.00107657 0.0014936
0 0.00114249 0.00249863 0.00375955
0 0.00160268 0.00405983 0.00604986
0 0.00201081 0.00552055 0.00817085
0 0.00229831 0.00664891 0.00992783
0 0.00249391 0.00736659 0.0112217
0 0.00264401 0.00771791 0.0120078
0 0.00270204 0.00773551 0.0122072
0 0.00263066 0.00746213 0.0117985
0 0.00255844 0.00707479 0.0109752
0 0.00265929 0.00681394 0.0100566
0 0.00292231 0.00677954 0.00926177
0 0.00315555 0.00686557 0.00864316
0 0.00317277 0.00686147 0.00816934
0 0.00290255 0.00656487 0.007771
0 0.00237858 0.00585883 0.00733728
0 0.00170051 0.00475945 0.00673295
0 0.000996123 0.00340738 0.00583864
0 0.000387278 0.0020113 0.00459343
0 -8.16169e-05 0.000724708 0.00297209
0 -0.000464672 -0.000441873 0.000963486
0 -0.000829498 -0.00157899 -0.0013834
0 -0.00119039 -0.00278383 -0.00393227
0 -0.00153877 -0.00410763 -0.00650929
0 -0.00188789 -0.00553405 -0.00895893
0 -0.00225574 -0.00696203 -0.0111445
0 -0.00263195 -0.00822914 -0.0129351
0 -0.00296733 -0.00916775 -0.0142073
0 -0.00318077 -0.00964611 -0.0148472
0 -0.00319359 -0.00959144 -0.0147696
0 -0.00300108 -0.00903169 -0.0139779
0 -0.00270322 -0.00811876 -0.0126078
0 -0.00243197 -0.0070718 -0.0108847
0 -0.00222224 -0.00604333 -0.00900432
0 -0.00195487 -0.00500329 -0.00703025
0 -0.00148193 -0.00379367 -0.00493919
0 -0.000792201 -0.00230003 -0.0027373
0 1.17116e-05 -0.000522554 -0.000457421
0 0.000843621 0.00146846 0.00191284
0 0.00167218 0.00357028 0.00442376
0 0.00248074 0.00566834 0.00710273
0 0.00324798 0.00767294 0.00992744
0 0.00395502 0.00954614 0.0128339
0 0.00455692 0.0112569 0.0156925
0 0.0049442 0.0126892 0.0182617
0 0.00501197 0.0136478 0.0202356
0 0.00479203 0.0139911 0.0213824
0 0.00446369 0.0137406 0.021619
0 0.00420721 0.0130545 0.0209681
0 0.00408777 0.0121371 0.0195205
0 0.00406794 0.0111683 0.0174511
0 0.00405609 0.0102359 0.0149985
0 0.00394566 0.00929915 0.0124097
0 0.00363516 0.00820607 0.00987102
0 0.0030763 0.00680182 0.00749418
0 0.00231723 0.00506206 0.00534406
0 0.00143479 0.0030863 0.00339788
0 0.000469512 0.00100801 0.0015209
0 -0.00051958 -0.00103256 -0.000438188
0 -0.00138996 -0.0028708 -0.00252625
0 -0.00200158 -0.00438151 -0.00469923
0 -0.00235219 -0.00557631 -0.00691448
0 -0.00254408 -0.00656386 -0.00911892
0 -0.00267207 -0.00744083 -0.0111954
0 -0.00278654 -0.00824064 -0.0129803
0 -0.00290767 -0.00893283 -0.014317
0 -0.00304395 -0.0094552 -0.0151038
0 -0.00317921 -0.00973613 -0.015297
0 -0.00325967 -0.00970371 -0.0148932
0 -0.00320752 -0.00929019 -0.0139139
0 -0.00295958 -0.00844654 -0.0124032
0 -0.00251114 -0.00717974 -0.0104426
0 -0.00190416 -0.00555751 -0.00813226
0 -0.00120113 -0.00369464 -0.00557442
0 -0.000481118 -0.00174303 -0.00288357
0 0.000154029 0.000110738 -0.000212999
0 0.000598906 0.00166231 0.00223869
0 0.000826033 0.00277611 0.00429558
0 0.000937382 0.00347847 0.00588278
0 0.00107067 0.00391945 0.00699724
0 0.00125771 0.0042278 0.00761782
0 0.00144126 0.00444735 0.00772205
0 0.00161125 0.00460427 0.00739671
0 0.00185159 0.0047774 0.00687827
0 0.00224023 0.00507747 0.00646262
0 0.00272662 0.00555252 0.00636346
0 0.00312711 0.00611506 0.00663423
0 0.00327412 0.00659969 0.00722162
0 0.00314694 0.006881 0.00804405
0 0.00284083 0.00691775 0.00898338
0 0.00246409 0.00672867 0.00985201
0 0.00206541 0.006335 0.0103922
0 0.00162877 0.00571274 0.0103212
0 0.00112069 0.0047915 0.00940979
0 0.000561675 0.00352597 0.00757939
0 7.61903e-05 0.00200832 0.00498626
0 -0.000173327 0.000481724 0.00199069
0 -0.000138147 -0.000795202 -0.000994147
0 5.82843e-05 -0.0016874 -0.00362314
0 0.000235103 -0.00219166 -0.00561851
0 0.000300465 -0.00236269 -0.0067396
0 0.000283817 -0.00224752 -0.00681417
0 0.000264556 -0.00186152 -0.00580889
0 0.000258428 -0.00124494 -0.00390992
0 0.000167731 -0.000543968 -0.00154337
0 -0.000155859 -2.71589e-05 0.00070313
0 -0.000741266 4.93031e-05 0.00227961
0 -0.00137553 -0.000353673 0.00288889
0 -0.00179011 -0.00108745 0.00245405
0 -0.00191714 -0.00199915 0.000980571
0 -0.00185864 -0.00298442 -0.00141145
0 -0.00170311 -0.00393215 -0.00438737
0 -0.00147189 -0.00471724 -0.00743671
0 -0.00119685 -0.0052597 -0.010034
0 -0.000940638 -0.005536 -0.0117521
0 -0.00073428 -0.00551377 -0.0122891
0 -0.000555908 -0.00511278 -0.0114968
0 -0.000378714 -0.0042526 -0.00942897
0 -0.00019061 -0.0029157 -0.00633035
0 4.78041e-05 -0.00115422 -0.00253987
0 0.000423469 0.000946502 0.00160875
0 0.000995083 0.00326471 0.00579461
0 0.00172224 0.00562281 0.00969175
0 0.00249875 0.0078234 0.0130171
0 0.00321885 0.00969583 0.0155866
0 0.00381004 0.0111162 0.0173272
0 0.00424154 0.0120236 0.0182668
0 0.00452255 0.0124391 0.0185175
0 0.00467861 0.0124531 0.0182393
0 0.00473001 0.0121888 0.0176013
0 0.00469234 0.0117678 0.0167604
0 0.00457841 0.0112775 0.0158408
0 0.00440256 0.0107596 0.014927
0 0.00415881 0.0101918 0.0140361
0 0.00379263 0.00946871 0.0130839
0 0.00326386 0.00847368 0.011942
0 0.00261755 0.00718237 0.0105274
0 0.00195006 0.00567559 0.00881532
0 0.00132544 0.00406991 0.00680165
0 0.00071811 0.00241484 0.00445794
0 5.88387e-05 0.00066968 0.00175284
0 -0.000652158 -0.00120131 -0.00126081
0 -0.00134098 -0.00316507 -0.00443736
0 -0.0019592 -0.00514929 -0.00761998
0 -0.00253317 -0.0070889 -0.0106947
0 -0.0031211 -0.00894126 -0.0135798
0 -0.00372434 -0.0106475 -0.0161708
0 -0.00426219 -0.0121011 -0.018319
0 -0.00465212 -0.0131918 -0.0198951
0 -0.00486067 -0.0138429 -0.0208258
0 -0.0048722 -0.0139957 -0.0210619
0 -0.00467624 -0.0136096 -0.0205648
0 -0.00428905 -0.0126868 -0.0193294
0 -0.0037493 -0.011277 -0.0173874
0 -0.00309982 -0.00946848 -0.0148037
0 -0.00239369 -0.00739261 -0.0116948
0 -0.00170218 -0.00521911 -0.00824704
0 -0.00108736 -0.00311367 -0.00469272
0 -0.000562832 -0.00118328 -0.00125771
0 -9.12939e-05 0.00054103 0.00187187
0 0.000404292 0.00210584 0.00458349
0 0.00102067 0.00362791 0.00687203
0 0.00181966 0.00524159 0.00882811
0 0.00277876 0.00702283 0.0105919
0 0.00379313 0.00894158 0.0123087
0 0.00473637 0.0108839 0.0141113
0 0.00552041 0.0127138 0.0161016
0 0.00610706 0.0143224 0.0183137
0 0.00647516 0.015633 0.0206647
0 0.00659826 0.0165817 0.0229371
0 0.00647351 0.0171184 0.024831
0 0.00614003 0.0172035 0.0260264
0 0.00567062 0.0168024 0.026246
0 0.00514734 0.0158911 0.0253194
0 0.00461981 0.0144649 0.023212
0 0.00408278 0.0125492 0.0200233
0 0.00349169 0.0102137 0.0159624
0 0.00280304 0.00757407 0.0113141
0 0.00200637 0.00476497 0.00640439
0 0.0011366 0.00192192 0.00156844
0 0.000262716 -0.000809982 -0.00287728
0 -0.00055366 -0.00328435 -0.00667916
0 -0.00129783 -0.00539475 -0.00969724
0 -0.00198203 -0.00709018 -0.0119038
0 -0.00259605 -0.00835548 -0.0133409
0 -0.00310339 -0.00920525 -0.0140992
0 -0.00344848 -0.00965868 -0.0142861
0 -0.00356059 -0.00969917 -0.0139791
0 -0.00340568 -0.00929767 -0.0132332
0 -0.00302942 -0.00847018 -0.0121087
0 -0.00252945 -0.00729963 -0.0106689
0 -0.00199107 -0.00591002 -0.00896022
0 -0.00145615 -0.00442643 -0.00701406
0 -0.000975527 -0.00299059 -0.00491654
0 -0.000627637 -0.00175941 -0.0028392
0 -0.000417303 -0.00079931 -0.000936075
0 -0.000196747 2.12987e-05 0.000779718
0 0.000234773 0.000977808 0.00241818
0 0.000965856 0.00231695 0.0041101
0 0.00197505 0.00417975 0.00601109
0 0.00320407 0.0065981 0.00832911
0 0.00455012 0.00946998 0.0112499
0 0.00586277 0.0125785 0.0148534
0 0.0070038 0.0156774 0.0190945
0 0.00791086 0.0185839 0.0238208
0 0.00860676 0.0212256 0.0287939
0 0.00916316 0.0236331 0.0336915
0 0.00966492 0.0258782 0.0381444
0 0.0101971 0.0279969 0.0418491
0 0.0108274 0.029955 0.0446484
0 0.0115787 0.0316789 0.0465389
0 0.0123885 0.0330819 0.0476268
0 0.0130378 0.0339894 0.0479819
0 0.0131943 0.0340899 0.0475349
0 0.0126169 0.0330464 0.0461228
0 0.0112628 0.030613 0.043519
0 0.00921596 0.0266623 0.0394058
0 0.00660929 0.0212005 0.0334234
0 0.00361557 0.0143904 0.0253172
0 0.000440173 0.00652786 0.0150735
0 -0.00273471 -0.00203836 0.00291956
0 -0.00578896 -0.010966 -0.01075
0 -0.00865167 -0.0199548 -0.0254142
0 -0.011303 -0.0288087 -0.0404352
0 -0.0137981 -0.0374318 -0.0550792
0 -0.0162763 -0.045741 -0.0686524
0 -0.0189056 -0.0536284 -0.0806779
0 -0.0217661 -0.0609798 -0.0909356
0 -0.0247914 -0.0676871 -0.0994088
0 -0.0277724 -0.0735937 -0.106161
0 -0.0304333 -0.0784638 -0.111246
0 -0.0325326 -0.082037 -0.114713
0 -0.0338812 -0.0841011 -0.116599
0 -0.0343072 -0.0845219 -0.116885
0 -0.033627 -0.0831496 -0.115395
0 -0.0317774 -0.0798 -0.111805
0 -0.0289386 -0.0743723 -0.105774
0 -0.0254541 -0.0669572 -0.0970538
0 -0.0216952 -0.0579008 -0.0856281
0 -0.0178914 -0.0476832 -0.0717343
0 -0.0140322 -0.0366845 -0.0557754
0 -0.00998202 -0.0250997 -0.0382911
0 -0.00568026 -0.013044 -0.0199207
0 -0.00125744 -0.000745394 -0.00129877
0 0.00307612 0.0114368 0.017071
0 0.00712899 0.0230882 0.0347171
0 0.0106264 0.0336303 0.0508792
0 0.0132695 0.0423056 0.0645348
0 0.0150128 0.0485308 0.0748421
0 0.0162081 0.0523283 0.0815162
0 0.0172802 0.0542364 0.0847174
0 0.0181495 0.054647 0.0845776
0 0.0182997 0.0534784 0.0811783
0 0.0175821 0.0506871 0.0751243
0 0.0164694 0.0466998 0.0676493
0 0.0153037 0.042049 0.0598526
0 0.013793 0.0368825 0.0520991
0 0.0115133 0.0310844 0.0442908
0 0.00850467 0.02464 0.0363521
0 0.00519324 0.0177365 0.0282915
0 0.00212994 0.0108262 0.0202206
0 -0.000208718 0.00458195 0.0124046
0 -0.00168648 -0.000464914 0.00509665
0 -0.0025274 -0.0041846 -0.00155911
0 -0.00305343 -0.00677628 -0.00742333
0 -0.00346544 -0.00857366 -0.0122746
0 -0.0037614 -0.00982464 -0.0157903
0 -0.0038577 -0.0106021 -0.0176637
0 -0.00381309 -0.0109094 -0.0178197
0 -0.00378921 -0.0107183 -0.0164321
0 -0.00388276 -0.00999812 -0.0138315
0 -0.00413024 -0.00887953 -0.0105222
0 -0.00450295 -0.00767464 -0.00712461
0 -0.00478919 -0.00661312 -0.00413005
0 -0.00455587 -0.00551807 -0.00164041
0 -0.0033766 -0.00379179 0.000650464
0 -0.00117775 -0.000802629 0.00323359
0 0.001689 0.0037011 0.00659833
0 0.00464304 0.0094059 0.0111235
0 0.00713238 0.015519 0.0169845
0 0.00887669 0.0211452 0.0241354
0 0.00997127 0.0257625 0.0323278
0 0.0106606 0.0293673 0.0409626
0 0.011143 0.0323271 0.0491033
0 0.0117115 0.0352046 0.0559541
0 0.0126471 0.0383613 0.0610958
0 0.0139158 0.0415954 0.0643409
0 0.0152292 0.0442829 0.0657172
0 0.0162501 0.0457619 0.0654607
0 0.0166137 0.0455381 0.0637974
0 0.0159571 0.0433404 0.0607397
0 0.0140783 0.0391206 0.0560786
0 0.0110463 0.0329817 0.0494889
0 0.00724036 0.0251918 0.0407499
0 0.00325481 0.0162484 0.0299433
0 -0.00049168 0.00667648 0.0173345
0 -0.00399211 -0.00321251 0.00318889
0 -0.0073996 -0.0132485 -0.0121744
0 -0.0107286 -0.0232402 -0.0282913
0 -0.0138099 -0.0329228 -0.0444931
0 -0.016466 -0.041995 -0.0599158
0 -0.0187042 -0.0501678 -0.0736844
0 -0.0207124 -0.0572023 -0.0851375
0 -0.0226849 -0.062952 -0.0938934
0 -0.0246905 -0.0673951 -0.0998319
0 -0.0266102 -0.0705586 -0.103035
0 -0.0281275 -0.0723679 -0.103705
0 -0.0288496 -0.0726195 -0.102146
0 -0.0284435 -0.0710301 -0.0986682
0 -0.0267396 -0.0673101 -0.0934155
0 -0.0238158 -0.0613017 -0.0863108
0 -0.0199644 -0.0531069 -0.077118
0 -0.0155706 -0.0431197 -0.0655947
0 -0.0110213 -0.0319568 -0.0517046
0 -0.00665354 -0.0203194 -0.0357988
0 -0.00272695 -0.00885359 -0.0186295
0 0.00060477 0.0019304 -0.00111784
0 0.00332351 0.0116748 0.0159099
0 0.00550375 0.0201775 0.0316943
0 0.00727437 0.0274083 0.0454195
0 0.00883606 0.0334293 0.0563364
0 0.0103921 0.0382589 0.0639715
0 0.0120183 0.0418369 0.0681966
0 0.0136126 0.044065 0.0692205
0 0.0149271 0.0448459 0.0675542
0 0.0156575 0.0441435 0.0639188
0 0.0155727 0.0420456 0.0590951
0 0.0145961 0.0387462 0.0537297
0 0.012811 0.0344738 0.0481858
0 0.010413 0.0294406 0.0425132
0 0.00764965 0.023832 0.0365278
0 0.00478828 0.0178413 0.0299671
0 0.00205996 0.0116705 0.0226248
0 -0.000408621 0.005484 0.014423
0 -0.00260089 -0.000617518 0.00543518
0 -0.00458657 -0.0066101 -0.00416488
0 -0.00647059 -0.0125298 -0.0141471
0 -0.00830321 -0.0183949 -0.024198
0 -0.0100387 -0.0241177 -0.0338858
0 -0.011598 -0.0294935 -0.0426973
0 -0.0129352 -0.0342316 -0.0501274
0 -0.0140206 -0.037984 -0.055748
0 -0.0148004 -0.0404268 -0.059247
0 -0.0151975 -0.0413624 -0.0604601
0 -0.0151378 -0.0407613 -0.0593943
0 -0.0145788 -0.0387363 -0.0562263
0 -0.0135314 -0.0354829 -0.0512634
0 -0.0120829 -0.0312525 -0.0449072
0 -0.010384 -0.0263462 -0.0376134
0 -0.00857752 -0.0210762 -0.0298231
0 -0.00675191 -0.015729 -0.0219091
0 -0.0049656 -0.0105522 -0.0141727
0 -0.00327986 -0.00574186 -0.00688125
0 -0.00176726 -0.00145234 -0.000297507
0 -0.000505178 0.00217825 0.00532536
0 0.000456997 0.00503952 0.00978129
0 0.00116181 0.00712332 0.0129898
0 0.00176584 0.00858847 0.0150601
0 0.00240914 0.00966995 0.0162118
0 0.00308457 0.0105268 0.0166568
0 0.00371089 0.0112363 0.0166275
0 0.00427553 0.0118853 0.0164498
0 0.0048124 0.0125694 0.016471
0 0.00526757 0.0132842 0.016885
0 0.00552417 0.0139258 0.0177025
0 0.00552412 0.0143814 0.018827
0 0.00532739 0.0146157 0.0201205
0 0.00510004 0.0147353 0.0214606
0 0.00498298 0.0149025 0.0227047
0 0.00499759 0.0151963 0.0236651
0 0.0051068 0.0155819 0.0242008
0 0.00524696 0.0159128 0.0242511
0 0.00528856 0.015937 0.0237636
0 0.00506332 0.0153711 0.0226533
0 0.00443546 0.0139854 0.020798
0 0.003353 0.0116561 0.018049
0 0.00186387 0.00839338 0.0142663
0 7.4076e-05 0.00431339 0.00934207
0 -0.00191786 -0.000436333 0.00320607
0 -0.00402503 -0.00571186 -0.00413142
0 -0.00611384 -0.0113259 -0.0124967
0 -0.00800426 -0.017009 -0.0215219
0 -0.00957673 -0.022462 -0.0307044
0 -0.0108606 -0.0274644 -0.0394911
0 -0.0120075 -0.0319276 -0.0473616
0 -0.0131737 -0.0358381 -0.0538983
0 -0.0143969 -0.0391544 -0.0588074
0 -0.0155743 -0.0417618 -0.0619358
0 -0.0165306 -0.0434892 -0.0632901
0 -0.0170754 -0.044138 -0.0630003
0 -0.0170417 -0.0435294 -0.061246
0 -0.0163314 -0.0415621 -0.0581814
0 -0.014938 -0.0382395 -0.0538797
0 -0.0129436 -0.0336698 -0.0483322
0 -0.0105099 -0.0280622 -0.0415096
0 -0.0078561 -0.0217106 -0.0334488
0 -0.00520093 -0.0149443 -0.024311
0 -0.00268401 -0.00804975 -0.0143477
0 -0.00034043 -0.00122303 -0.00383067
0 0.00184943 0.0054243 0.00694938
0 0.0039073 0.0118402 0.01766
0 0.00583892 0.0179956 0.0279129
0 0.00763725 0.0238169 0.037267
0 0.00930409 0.0291281 0.0453023
0 0.0108621 0.0336935 0.0517202
0 0.0123137 0.0373147 0.0563832
0 0.0135937 0.0398842 0.0592918
0 0.0145707 0.041375 0.0605449
0 0.0150841 0.0417892 0.0603043
0 0.015011 0.0411268 0.0587622
0 0.0143268 0.0393958 0.0560989
0 0.013118 0.0366482 0.0524483
0 0.0115538 0.0330277 0.0479081
0 0.00983457 0.0287862 0.0425786
0 0.00812611 0.0242381 0.0365952
0 0.00651619 0.0196719 0.0301443
0 0.00501935 0.0152799 0.0234666
0 0.00362092 0.0111508 0.0168338
0 0.00231519 0.00730782 0.0105094
0 0.00111022 0.0037511 0.00472929
0 -5.44222e-07 0.000480859 -0.000328605
0 -0.001096 -0.00253833 -0.00462278
0 -0.00230796 -0.00540321 -0.00827019
0 -0.003709 -0.00822767 -0.0114714
0 -0.00526811 -0.011111 -0.0144609
0 -0.00689183 -0.0141245 -0.0174938
0 -0.00848758 -0.0173028 -0.0208307
0 -0.010008 -0.0206542 -0.024713
0 -0.0114296 -0.0241522 -0.0293002
0 -0.0126965 -0.0277023 -0.0345845
0 -0.013728 -0.0311491 -0.0403582
0 -0.0144904 -0.0343448 -0.0462571
0 -0.0150202 -0.0371858 -0.0518247
0 -0.0154094 -0.0395917 -0.0566015
0 -0.0157678 -0.0414927 -0.0602187
0 -0.0161504 -0.0428191 -0.062437
0 -0.0165167 -0.0434972 -0.0631552
0 -0.016739 -0.0434396 -0.0624021
0 -0.0166393 -0.0425319 -0.060302
0 -0.0160554 -0.040646 -0.0570134
0 -0.0149104 -0.037695 -0.0526796
0 -0.0132489 -0.0337036 -0.0474152
0 -0.0111976 -0.0288193 -0.0412892
0 -0.00888807 -0.0232518 -0.0343152
0 -0.00642802 -0.0172136 -0.0265006
0 -0.00391673 -0.0108949 -0.0179079
0 -0.00145333 -0.00446317 -0.00866762
0 0.000884269 0.00194707 0.00103763
0 0.00305628 0.00824281 0.0109824
0 0.00505933 0.0143604 0.0209038
0 0.00692557 0.0202609 0.0304973
0 0.00869335 0.025884 0.0394085
0 0.0103679 0.0310683 0.0472673
0 0.0119034 0.0355498 0.0537342
0 0.0132001 0.039041 0.0585394
0 0.0141141 0.0412929 0.061491
0 0.0144693 0.0420905 0.0624327
0 0.0141083 0.0412501 0.0612297
0 0.0130003 0.0387021 0.0578397
0 0.0112855 0.034576 0.0523772
0 0.00919094 0.0291835 0.045099
0 0.00691846 0.0229259 0.0363583
0 0.00458352 0.0161832 0.0265587
0 0.00221795 0.00924337 0.0161099
0 -0.000184676 0.00229554 0.00538006
0 -0.00262555 -0.00455814 -0.00533421
0 -0.00507551 -0.0112841 -0.0157935
0 -0.00748614 -0.0178788 -0.0258026
0 -0.00983732 -0.0243337 -0.0352144
0 -0.0121595 -0.03061 -0.0439393
0 -0.0144969 -0.0366296 -0.051955
0 -0.0168161 -0.0422569 -0.059244
0 -0.0189188 -0.0472447 -0.0656841
0 -0.0205321 -0.0512762 -0.0710606
0 -0.0214808 -0.054082 -0.0751537
0 -0.0217127 -0.055468 -0.0777297
0 -0.0212621 -0.0553171 -0.0785169
0 -0.0202344 -0.053614 -0.0772405
0 -0.0187671 -0.0504483 -0.0736933
0 -0.0169808 -0.0459851 -0.0678276
0 -0.0149483 -0.0404152 -0.0598061
0 -0.012702 -0.0339254 -0.0499919
0 -0.0102632 -0.0267107 -0.0388971
0 -0.00766428 -0.0190017 -0.0270925
0 -0.00495021 -0.0110662 -0.0150903
0 -0.00217416 -0.00316483 -0.00327802
0 0.000600108 0.00449264 0.00806018
0 0.00329787 0.0117563 0.0187099
0 0.00584992 0.0185316 0.0284984
0 0.00821808 0.0247629 0.0372809
0 0.010404 0.0303992 0.044972
0 0.012422 0.0353795 0.0515557
0 0.0142595 0.0396503 0.0570634
0 0.015861 0.0431832 0.0615496
0 0.0171488 0.0459699 0.0650684
0 0.0180689 0.0480127 0.0676683
0 0.0186156 0.0493227 0.069391
0 0.0188119 0.0499083 0.0702548
0 0.0186643 0.0497452 0.07022
0 0.0181529 0.0487667 0.0691806
0 0.0172725 0.0469088 0.0670151
0 0.0160558 0.044157 0.0636382
0 0.0145568 0.0405552 0.0590199
0 0.0128304 0.0361955 0.0531972
0 0.0109191 0.0311944 0.0462796
0 0.00884054 0.0256584 0.03843
0 0.0065916 0.0196655 0.0298378
0 0.00417071 0.0132732 0.0206971
0 0.00159115 0.00654471 0.011173
0 -0.0011229 -0.000434805 0.00137266
0 -0.00393983 -0.00757423 -0.00863917
0 -0.00682014 -0.0148063 -0.018821
0 -0.00970955 -0.0220892 -0.0291429
0 -0.012525 -0.0293609 -0.0395292
0 -0.0151739 -0.0365036 -0.0498142
0 -0.0176131 -0.0433586 -0.0597787
0 -0.0198744 -0.0497683 -0.0692025
0 -0.0220119 -0.0556177 -0.0778827
0 -0.0240224 -0.0608285 -0.0856177
0 -0.0258044 -0.0652935 -0.0921745
0 -0.027207 -0.0688482 -0.0973108
0 -0.0281267 -0.0713215 -0.100845
0 -0.0285194 -0.0725662 -0.102661
0 -0.028362 -0.0724618 -0.102661
0 -0.0276644 -0.0709489 -0.100782
0 -0.0264818 -0.068067 -0.0970274
0 -0.024886 -0.0639476 -0.091481
0 -0.0229306 -0.0587695 -0.0842946
0 -0.0206539 -0.0527142 -0.0756906
0 -0.0181028 -0.0459449 -0.0659574
0 -0.0153527 -0.0386248 -0.0554292
0 -0.0125043 -0.0309539 -0.0444632
0 -0.00965098 -0.0231653 -0.0334042
0 -0.00685402 -0.0154927 -0.0225338
0 -0.0041489 -0.00814613 -0.0120415
0 -0.00156397 -0.00127518 -0.00204207
0 0.000868182 0.00506785 0.00739376
0 0.00311037 0.0109073 0.0162162
0 0.00513356 0.016291 0.0243785
0 0.00694426 0.0212624 0.0318224
0 0.00859955 0.0258516 0.0384872
0 0.0101839 0.0300648 0.0443493
0 0.0117601 0.0338891 0.0494295
0 0.0133253 0.037305 0.0537693
0 0.0147957 0.0402839 0.0574069
0 0.0160312 0.0427715 0.0603592
0 0.0169081 0.0446919 0.0626351
0 0.0173834 0.0459703 0.0642471
0 0.0174773 0.0465394 0.0651793
0 0.0172273 0.046347 0.0653531
0 0.0166732 0.0453769 0.0646342
0 0.0158557 0.0436578 0.0628738
0 0.0148095 0.0412437 0.0599594
0 0.0135601 0.0381816 0.0558528
0 0.0121247 0.0344983 0.050607
0 0.0105104 0.0302111 0.0443542
0 0.00871307 0.0253478 0.0372718
0 0.00671625 0.0199586 0.0295405
0 0.00450498 0.0141196 0.0213126
0 0.002098 0.00793446 0.012703
0 -0.000432154 0.0015318 0.00381153
0 -0.00298137 -0.00494546 -0.00524955
0 -0.00545497 -0.0113571 -0.0143598
0 -0.00778543 -0.0175798 -0.0233935
0 -0.00993111 -0.0235143 -0.0322029
0 -0.0118779 -0.0290862 -0.0406023
0 -0.0136404 -0.034235 -0.0483809
0 -0.0152511 -0.0388972 -0.0553362
0 -0.0167366 -0.0429995 -0.061298
0 -0.018089 -0.046466 -0.0661438
0 -0.019257 -0.0492251 -0.0698035
0 -0.0201585 -0.051204 -0.0722488
0 -0.0206943 -0.0523129 -0.0734675
0 -0.0207716 -0.0524462 -0.0734452
0 -0.020338 -0.0515103 -0.0721616
0 -0.0193975 -0.0494527 -0.0695837
0 -0.0180029 -0.0462862 -0.0656713
0 -0.0162345 -0.0420967 -0.0604017
0 -0.0141755 -0.0370226 -0.0537949
0 -0.0119006 -0.0312241 -0.0459363
0 -0.00947789 -0.0248614 -0.0369929
0 -0.00696965 -0.0180898 -0.0272174
0 -0.00443185 -0.0110732 -0.016914
0 -0.00191155 -0.00399222 -0.00637796
0 0.000546351 0.00296463 0.00411711
0 0.00287445 0.0096075 0.0142869
0 0.00497894 0.0157505 0.0238201
0 0.00678547 0.0212298 0.0323817
0 0.00828282 0.0259149 0.0396525
0 0.00951547 0.0297053 0.0453915
0 0.010532 0.0325302 0.0494583
0 0.0113338 0.0343532 0.0518099
0 0.0118703 0.0351725 0.0524978
0 0.0120654 0.0350098 0.0516594
0 0.0118524 0.0339041 0.0495016
0 0.0112043 0.0319097 0.0462566
0 0.0101454 0.0290955 0.0421326
0 0.00873986 0.0255536 0.0372869
0 0.00706939 0.021406 0.0318213
0 0.00522051 0.0168059 0.0258062
0 0.00328532 0.0119319 0.0193176
0 0.00135568 0.00696346 0.0124542
0 -0.000493161 0.00204887 0.00533959
0 -0.00221143 -0.00270781 -0.0018704
0 -0.00377228 -0.00723444 -0.00898431
0 -0.00517003 -0.0114712 -0.0157858
0 -0.00642189 -0.0153639 -0.0220576
0 -0.00755609 -0.0188671 -0.0276
0 -0.00859585 -0.0219399 -0.0322415
0 -0.00954928 -0.0245307 -0.0358635
0 -0.0103932 -0.0265711 -0.0384204
0 -0.0110699 -0.0279882 -0.0399333
0 -0.0115039 -0.0287185 -0.0404653
0 -0.0116216 -0.0287153 -0.0400946
0 -0.0113699 -0.0279518 -0.0388862
0 -0.010735 -0.0264259 -0.0368722
0 -0.00975079 -0.0241681 -0.0340525
0 -0.00848932 -0.0212464 -0.0304143
0 -0.00704284 -0.0177679 -0.0259625
0 -0.00550124 -0.0138694 -0.0207409
0 -0.00393682 -0.00970283 -0.0148463
0 -0.00240232 -0.00541233 -0.00843906
0 -0.000935559 -0.00111992 -0.00173671
0 0.000441225 0.00306951 0.00500327
0 0.00172326 0.0070585 0.011504
0 0.00291305 0.0107566 0.0174953
0 0.00401342 0.0140906 0.0227384
0 0.00503681 0.0170117 0.0270567
0 0.00600003 0.0194845 0.0303712
0 0.00688959 0.0214682 0.0326982
0 0.00764176 0.0229107 0.034112
0 0.00816175 0.0237537 0.0347084
0 0.00835705 0.0239385 0.0345732
0 0.00816707 0.0234168 0.0337555
0 0.00758309 0.022166 0.0322531
0 0.00664669 0.0201982 0.0300137
0 0.00542911 0.0175578 0.0269536
0 0.00401781 0.0143235 0.0230053
0 0.00250734 0.0106108 0.0181654
0 0.000979233 0.00656178 0.01251
0 -0.000515893 0.00232722 0.00619173
0 -0.00195541 -0.00195825 -0.000566761
0 -0.00332734 -0.00618669 -0.00748884
0 -0.00462981 -0.0102753 -0.0142748
0 -0.00587979 -0.014164 -0.0206439
0 -0.00710271 -0.0178099 -0.026365
0 -0.0083179 -0.0211793 -0.0312764
0 -0.00952843 -0.0242299 -0.0353081
0 -0.010706 -0.0269044 -0.0384887
0 -0.0117841 -0.0291399 -0.0409153
0 -0.0126705 -0.0308772 -0.0427043
0 -0.0132754 -0.0320677 -0.0439524
0 -0.0135384 -0.0326757 -0.0447076
0 -0.0134299 -0.0326613 -0.0449378
0 -0.0129464 -0.0319687 -0.0445174
0 -0.0121291 -0.0305558 -0.0432692
0 -0.0110621 -0.0284278 -0.0410247
0 -0.00983437 -0.0256378 -0.0376684
0 -0.00851358 -0.0222769 -0.0331793
0 -0.00713955 -0.0184603 -0.0276597
0 -0.00573088 -0.0143133 -0.0213241
0 -0.00430014 -0.00996975 -0.0144565
0 -0.00286213 -0.00556316 -0.00736473
0 -0.00143329 -0.00121411 -0.000352013
0 -2.69324e-05 0.00297256 0.00630321
0 0.00134697 0.00690737 0.0123713
0 0.00267041 0.0105151 0.017687
0 0.00390771 0.0137261 0.0221469
0 0.00500981 0.0164625 0.0257007
0 0.00592891 0.0186407 0.0283501
0 0.00662729 0.0201972 0.0301449
0 0.00707552 0.0211082 0.0311568
0 0.00724889 0.0213846 0.0314449
0 0.00713163 0.0210534 0.0310378
0 0.00672579 0.0201404 0.0299324
0 0.00605242 0.0186596 0.0280995
0 0.00515062 0.0166219 0.0255058
0 0.00407521 0.014058 0.0221422
0 0.0028794 0.0110277 0.0180312
0 0.00159473 0.00761149 0.0132206
0 0.000232872 0.00389725 0.00779026
0 -0.00119001 -2.70722e-05 0.00187106
0 -0.00263169 -0.00406634 -0.00434811
0 -0.00402603 -0.00810005 -0.0106285
0 -0.00531458 -0.0119843 -0.0167107
0 -0.00647913 -0.015585 -0.0223552
0 -0.00753121 -0.0188031 -0.0273567
0 -0.00848088 -0.0215725 -0.0315406
0 -0.00931966 -0.0238387 -0.0347788
0 -0.0100103 -0.0255395 -0.0370028
0 -0.0104882 -0.0265984 -0.0381912
0 -0.0106802 -0.0269332 -0.0383516
0 -0.0105321 -0.0264768 -0.0375089
0 -0.0100311 -0.0252047 -0.0356998
0 -0.00921388 -0.0231594 -0.032975
0 -0.00815558 -0.0204587 -0.0294101
0 -0.00694382 -0.017273 -0.0251116
0 -0.0056556 -0.0137873 -0.0202114
0 -0.00435578 -0.0101742 -0.0148728
0 -0.00309931 -0.0065721 -0.00929653
0 -0.00192243 -0.00307633 -0.00370261
0 -0.000832821 0.000250784 0.00169392
0 0.000187181 0.00336344 0.00670027
0 0.00115967 0.006221 0.011158
0 0.0020876 0.00878078 0.0149494
0 0.00295034 0.0109952 0.0180056
0 0.00371844 0.0128206 0.0203146
0 0.00436524 0.0142285 0.0219176
0 0.00486501 0.0152068 0.0228908
0 0.00518868 0.0157538 0.0233198
0 0.00530804 0.0158733 0.0232766
0 0.00520673 0.0155725 0.0228073
0 0.00488819 0.014861 0.0219255
0 0.00437385 0.0137513 0.0206121
0 0.00369813 0.0122626 0.0188265
0 0.00290623 0.0104301 0.0165311
0 0.00205054 0.00831263 0.0137187
0 0.00118594 0.0059975 0.0104372
0 0.000355838 0.00358924 0.00679476
0 -0.000423702 0.00118152 0.00294222
0 -0.00116058 -0.0011617 -0.000946589
0 -0.00187284 -0.00340705 -0.00469737
0 -0.00257726 -0.00553788 -0.00815739
0 -0.00328376 -0.00753799 -0.0112131
0 -0.00399262 -0.00938342 -0.0138026
0 -0.00468927 -0.0110413 -0.015916
0 -0.00533987 -0.0124708 -0.0175813
0 -0.00589655 -0.0136285 -0.0188454
0 -0.00631202 -0.0144778 -0.0197576
0 -0.00655525 -0.0149971 -0.0203579
0 -0.00662153 -0.015187 -0.0206706
0 -0.00653026 -0.0150698 -0.0207008
0 -0.00631593 -0.0146839 -0.0204358
0 -0.00602164 -0.0140797 -0.0198589
0 -0.00569274 -0.0133162 -0.018967
0 -0.00536763 -0.0124524 -0.0177832
0 -0.00506915 -0.0115395 -0.0163598
0 -0.00480061 -0.0106126 -0.0147734
0 -0.00455048 -0.00969067 -0.0131154
0 -0.00430068 -0.00878225 -0.0114809
0 -0.00403302 -0.00789174 -0.00995465
0 -0.00373484 -0.00702451 -0.00859925
0 -0.00339872 -0.0061842 -0.00744193
0 -0.00301968 -0.0053642 -0.00646389
0 -0.00260204 -0.00455054 -0.00560793
0 -0.00216939 -0.00373695 -0.00480169
0 -0.00175969 -0.00293348 -0.00397756
0 -0.00140754 -0.00216168 -0.00308393
0 -0.00113739 -0.00145184 -0.00210179
0 -0.000965927 -0.000842909 -0.00106059
0 -0.000897978 -0.000374225 -3.63103e-05
0 -0.000922787 -7.5861e-05 0.00086374
0 -0.00101881 3.52419e-05 0.00152012
0 -0.00116671 -5.12062e-05 0.00181725
0 -0.00135576 -0.000345092 0.00166224
0 -0.0015779 -0.000851757 0.00100818
0 -0.0018215 -0.00156221 -0.000130367
0 -0.00207476 -0.002448 -0.00167974
0 -0.00233845 -0.00347064 -0.0035298
0 -0.00262758 -0.00459199 -0.00555737
0 -0.0029592 -0.0057767 -0.00763968
0 -0.00333912 -0.00698883 -0.00966278
0 -0.00375265 -0.00818333 -0.0115268
0 -0.0041657 -0.00930036 -0.0131497
0 -0.00453417 -0.0102671 -0.0144686
0 -0.00481412 -0.0110054 -0.0154369
0 -0.00496881 -0.0114431 -0.0160167
0 -0.00496987 -0.0115218 -0.0161691
0 -0.00479639 -0.0111981 -0.0158457
0 -0.00443979 -0.0104481 -0.0149926
0 -0.00390922 -0.00927117 -0.0135621
0 -0.00323028 -0.00768945 -0.0115251
0 -0.00243897 -0.00574358 -0.00888158
0 -0.0015724 -0.00348706 -0.00566576
0 -0.000661772 -0.000981464 -0.00194647
0 0.000267036 0.00170026 0.00216887
0 0.00118952 0.0044672 0.00652974
0 0.00208237 0.00721533 0.0109507
0 0.00292523 0.00984322 0.0152296
0 0.00369587 0.0122572 0.0191598
0 0.00436419 0.0143654 0.0225359
0 0.00490232 0.0160762 0.0251754
0 0.00529504 0.0173 0.0269477
0 0.00552645 0.0179531 0.0277811
0 0.00556369 0.0179688 0.0276504
0 0.00536468 0.0173105 0.0265692
0 0.00489938 0.0159782 0.0245846
0 0.00416621 0.0140073 0.0217664
0 0.0031938 0.0114646 0.0181923
0 0.00202742 0.00843998 0.0139365
0 0.000716202 0.00503099 0.00907647
0 -0.000692082 0.00133047 0.0037048
0 -0.00215081 -0.00257474 -0.00206191
0 -0.00361414 -0.00659505 -0.00808061
0 -0.00504162 -0.0106281 -0.0141849
0 -0.00640132 -0.0145617 -0.020191
0 -0.0076695 -0.0182877 -0.0259055
0 -0.00882773 -0.0217107 -0.0311276
0 -0.00985909 -0.0247389 -0.0356595
0 -0.0107456 -0.0272788 -0.0393386
0 -0.0114655 -0.0292438 -0.0420606
0 -0.0119912 -0.0305686 -0.0437774
0 -0.012293 -0.0312148 -0.0444888
0 -0.0123472 -0.0311739 -0.0442338
0 -0.012143 -0.0304678 -0.0430826
0 -0.0116886 -0.0291498 -0.0411269
0 -0.0110109 -0.0272966 -0.0384695
0 -0.0101505 -0.0249984 -0.0352186
0 -0.0091562 -0.0223531 -0.0314892
0 -0.00807309 -0.0194599 -0.0273977
0 -0.00693931 -0.016417 -0.0230539
0 -0.00578799 -0.0133165 -0.0185598
0 -0.00464563 -0.010231 -0.0140159
0 -0.00352912 -0.00720685 -0.00951796
0 -0.00244568 -0.00426959 -0.00515092
0 -0.00139773 -0.00143988 -0.00098981
0 -0.000389787 0.00125259 0.00289921
0 0.000568196 0.00376792 0.00646341
0 0.00146036 0.00606347 0.00966664
0 0.00226461 0.00810022 0.0124851
0 0.00295708 0.009847 0.0149018
0 0.00352026 0.0112832 0.016906
0 0.00394794 0.0123995 0.0184922
0 0.00424596 0.0131996 0.0196614
0 0.00443048 0.0137006 0.020423
0 0.00452224 0.0139322 0.0207963
0 0.00453874 0.0139297 0.0208079
0 0.00448808 0.0137244 0.0204887
0 0.00436707 0.0133346 0.0198699
0 0.00416345 0.0127586 0.0189774
0 0.00385903 0.011975 0.0178236
0 0.00343653 0.0109513 0.0164034
0 0.00288815 0.00966072 0.0146968
0 0.00222105 0.00809439 0.0126754
0 0.00145881 0.00627038 0.0103161
0 0.000634769 0.00423367 0.00761375
0 -0.00021678 0.00204732 0.00458987
0 -0.00106649 -0.000222112 0.00129686
0 -0.00189485 -0.00251932 -0.00218571
0 -0.00269152 -0.00480314 -0.00575846
0 -0.00345302 -0.00703966 -0.0093113
0 -0.00418242 -0.00919587 -0.0127343
0 -0.00488494 -0.0112371 -0.0159263
0 -0.00556378 -0.0131311 -0.0188048
0 -0.00621709 -0.0148532 -0.0213157
0 -0.00683072 -0.0163804 -0.0234323
0 -0.00737542 -0.0176823 -0.0251464
0 -0.00781517 -0.0187208 -0.0264598
0 -0.00812239 -0.0194599 -0.0273808
0 -0.00828662 -0.0198767 -0.0279212
0 -0.00831228 -0.0199684 -0.0280902
0 -0.00821145 -0.0197523 -0.027891
0 -0.00799556 -0.0192539 -0.0273181
0 -0.00767398 -0.0184951 -0.0263607
0 -0.0072596 -0.0174919 -0.0250141
0 -0.00677138 -0.0162624 -0.0232881
0 -0.00623167 -0.0148357 -0.0212125
0 -0.00566102 -0.0132525 -0.01884
0 -0.00506987 -0.0115562 -0.0162393
0 -0.00445514 -0.00978234 -0.0134845
0 -0.00380953 -0.00795616 -0.0106503
0 -0.00313361 -0.00609914 -0.00781021
0 -0.00243914 -0.00423632 -0.00503162
0 -0.00174442 -0.0024007 -0.00236997
0 -0.00107102 -0.000635292 0.000131313
0 -0.000447964 0.00100323 0.00243067
0 8.30014e-05 0.00243976 0.00447204
0 0.000472651 0.00358358 0.00617531
0 0.000678111 0.00434083 0.00743776
0 0.000680304 0.00463774 0.00814925
0 0.000491698 0.00444201 0.0082122
0 0.00014385 0.00376399 0.00755347
0 -0.000324267 0.00264957 0.0061414
0 -0.000868448 0.00117447 0.00400782
0 -0.00143976 -0.000559614 0.00126202
0 -0.00198984 -0.00243019 -0.00191132
0 -0.00248601 -0.00431218 -0.00527847
0 -0.00292359 -0.00610143 -0.00859439
0 -0.00332343 -0.00772873 -0.0116336
0 -0.0037167 -0.00916052 -0.0142125
0 -0.00412605 -0.0103879 -0.0162076
0 -0.00455485 -0.01141 -0.0175684
0 -0.00498467 -0.0122208 -0.0183202
0 -0.00537475 -0.0128005 -0.0185462
0 -0.00566615 -0.0131147 -0.018355
0 -0.0057964 -0.0131212 -0.0178479
0 -0.00572037 -0.0127841 -0.0170963
0 -0.00542643 -0.0120898 -0.0161328
0 -0.00493889 -0.0110574 -0.0149507
0 -0.00430908 -0.0097372 -0.0135147
0 -0.00360207 -0.00820176 -0.0117798
0 -0.00288214 -0.00653103 -0.00971419
0 -0.00220168 -0.00479867 -0.00732077
0 -0.00159369 -0.00306298 -0.00464872
0 -0.00106481 -0.00136183 -0.00179177
0 -0.000595352 0.000285005 0.00112218
0 -0.000151543 0.00186674 0.00394675
0 0.000299643 0.00337413 0.00654044
0 0.000780325 0.00479609 0.00879197
0 0.00129407 0.00611633 0.0106372
0 0.0018217 0.00730929 0.0120638
0 0.00232258 0.00833684 0.0131018
0 0.00274175 0.00914767 0.0138022
0 0.00302201 0.00968244 0.0142114
0 0.00311881 0.00988609 0.0143512
0 0.003014 0.00972416 0.0142116
0 0.00272186 0.00919504 0.0137547
0 0.00228166 0.00832879 0.0129249
0 0.00174274 0.00717535 0.0116658
0 0.0011516 0.00579105 0.00994104
0 0.000545764 0.00423109 0.007755
0 -4.98256e-05 0.00254607 0.00516368
0 -0.000626684 0.000777958 0.00227016
0 -0.00119327 -0.00104218 -0.00079205
0 -0.0017706 -0.00289351 -0.00388359
0 -0.00238216 -0.00475992 -0.00688093
0 -0.00304281 -0.00662262 -0.0096893
0 -0.00374941 -0.00845323 -0.0122476
0 -0.00447664 -0.0102099 -0.0145279
0 -0.0051809 -0.0118381 -0.0165284
0 -0.0058089 -0.0132747 -0.0182595
0 -0.00631154 -0.014459 -0.0197304
0 -0.0066566 -0.0153456 -0.0209392
0 -0.0068351 -0.0159115 -0.0218662
0 -0.00686163 -0.01616 -0.0224763
0 -0.0067674 -0.0161164 -0.0227264
0 -0.00658976 -0.0158189 -0.022578
0 -0.0063617 -0.015308 -0.0220099
0 -0.00610429 -0.0146174 -0.0210289
0 -0.00582389 -0.013769 -0.0196731
0 -0.00551356 -0.0127738 -0.018007
0 -0.00516152 -0.011642 -0.0161145
0 -0.00476129 -0.0103939 -0.0140906
0 -0.00431548 -0.00906468 -0.0120289
0 -0.00383568 -0.00770209 -0.0100111
0 -0.003338 -0.00635629 -0.0080989
0 -0.00283504 -0.00506601 -0.00632673
0 -0.00233712 -0.00385448 -0.00470419
0 -0.00186062 -0.00273656 -0.00322893
0 -0.00142849 -0.00172539 -0.00189565
0 -0.00106317 -0.000836247 -0.000700551
0 -0.000780559 -8.911e-05 0.000353097
0 -0.000585403 0.000495484 0.00125239
0 -0.000469906 0.000905932 0.00197669
0 -0.000419513 0.00114415 0.00249953
0 -0.000422089 0.00122103 0.00279037
0 -0.000471622 0.00114851 0.00282064
0 -0.000565814 0.00093384 0.0025729
0 -0.000704379 0.00057687 0.00204582
0 -0.000889475 7.15372e-05 0.00125316
0 -0.001124 -0.000586781 0.000221274
0 -0.00140653 -0.00139075 -0.00101172
0 -0.00172953 -0.0023162 -0.00239896
0 -0.00208285 -0.0033264 -0.00389121
0 -0.00245593 -0.00437946 -0.00544076
0 -0.0028357 -0.0054338 -0.00700035
0 -0.00320674 -0.00645276 -0.00852276
0 -0.00355301 -0.0074053 -0.00996106
0 -0.0038583 -0.00826203 -0.0112684
0 -0.00411092 -0.00899568 -0.0124019
0 -0.00430793 -0.00958537 -0.0133278
0 -0.00445474 -0.0100219 -0.014025
0 -0.00456069 -0.0103098 -0.0144857
0 -0.00463059 -0.0104605 -0.0147117
0 -0.00466048 -0.0104826 -0.0147103
0 -0.00464274 -0.010379 -0.0144947
0 -0.00457278 -0.0101494 -0.0140856
0 -0.00445075 -0.00979443 -0.0135078
0 -0.00428131 -0.00932139 -0.0127883
0 -0.00407214 -0.00874726 -0.0119536
0 -0.00383123 -0.00809553 -0.0110275
0 -0.00356656 -0.0073915 -0.0100307
0 -0.00328707 -0.0066584 -0.00898288
0 -0.00300465 -0.00591755 -0.00790607
0 -0.00273583 -0.00519265 -0.00682957
0 -0.00249618 -0.00450936 -0.0057878
0 -0.00229199 -0.00388957 -0.00481408
0 -0.0021192 -0.00334743 -0.00393768
0 -0.00196941 -0.00288859 -0.00318383
0 -0.00183589 -0.00251149 -0.00257219
0 -0.00171512 -0.00220914 -0.00211279
0 -0.00160559 -0.00197165 -0.00180231
0 -0.00150717 -0.0017893 -0.00162368
0 -0.00142086 -0.00165435 -0.00154884
0 -0.00134727 -0.00155933 -0.0015421
0 -0.00128571 -0.00149445 -0.00156482
0 -0.0012361 -0.0014481 -0.00158265
0 -0.00120262 -0.00141233 -0.00157439
0 -0.0011946 -0.00138937 -0.00153824
0 -0.00121963 -0.00139057 -0.00148905
0 -0.00127914 -0.00143265 -0.00145419
0 -0.00137173 -0.0015359 -0.00147247
0 -0.00149459 -0.00171882 -0.00158849
0 -0.00164235 -0.00199158 -0.00184277
0 -0.00180583 -0.00235147 -0.00226155
0 -0.0019712 -0.00278055 -0.00284745
0 -0.00212042 -0.00324542 -0.00357293
0 -0.00223475 -0.00370126 -0.00438021
0 -0.00230492 -0.00410505 -0.00519345
0 -0.00233799 -0.00442967 -0.00593551
0 -0.00235507 -0.00467069 -0.00654185
0 -0.00238473 -0.00484732 -0.00697363
0 -0.00245371 -0.0049962 -0.00722643
0 -0.00257759 -0.00515914 -0.00733163
0 -0.00275524 -0.00536867 -0.00734966
0 -0.00296793 -0.00563619 -0.00735586
0 -0.00318404 -0.00594804 -0.00742263
0 -0.0033678 -0.00627056 -0.00760204
0 -0.00349071 -0.00656363 -0.00791464
0 -0.00354135 -0.00679718 -0.00834701
0 -0.00352637 -0.0069598 -0.00885426
0 -0.00346427 -0.007056 -0.00936715
0 -0.00338062 -0.00710005 -0.00980813
0 -0.00330195 -0.00710711 -0.0101081
0 -0.00324653 -0.00708357 -0.0102168
0 -0.00322277 -0.00702807 -0.0101137
0 -0.00323095 -0.00693767 -0.00981413
0 -0.00325827 -0.00680669 -0.0093589
0 -0.00327737 -0.00662358 -0.00879924
0 -0.00325508 -0.00637261 -0.008185
0 -0.00316543 -0.00603931 -0.00755647
0 -0.00299755 -0.00561496 -0.00693646
0 -0.00275588 -0.00509833 -0.00632449
0 -0.00245943 -0.00449987 -0.00570072
0 -0.0021396 -0.00384576 -0.00503764
0 -0.00183288 -0.00317565 -0.00431227
0 -0.00157102 -0.00253411 -0.00351653
0 -0.00137209 -0.00195825 -0.00266247
0 -0.00123805 -0.00146921 -0.00178385
0 -0.00115654 -0.00106914 -0.000931523
0 -0.00110411 -0.000742959 -0.000162077
0 -0.00105515 -0.000468634 0.000472735
0 -0.000991578 -0.000229486 0.000934913
0 -0.000909052 -2.30758e-05 0.00120557
0 -0.000816518 0.000137895 0.00128727
0 -0.000732503 0.000230388 0.00120084
0 -0.000684165 0.000224214 0.000972936
0 -0.000699206 9.09163e-05 0.000627362
0 -0.000793946 -0.00018483 0.000182056
0 -0.00096943 -0.000601776 -0.00035493
0 -0.00121469 -0.00114579 -0.000988202
0 -0.00151441 -0.00179894 -0.00173587
0 -0.00185343 -0.00254628 -0.00262421
0 -0.00221531 -0.00337498 -0.00367545
0 -0.00258107 -0.00426953 -0.00489556
0 -0.00293296 -0.00520942 -0.00626894
0 -0.00325699 -0.00616666 -0.00775568
0 -0.00354214 -0.00710283 -0.00928941
0 -0.00378553 -0.0079769 -0.0107873
0 -0.00399435 -0.00875554 -0.012164
0 -0.00417699 -0.00941451 -0.0133382
0 -0.00433736 -0.00993873 -0.0142425
0 -0.00447585 -0.0103219 -0.0148357
0 -0.00458889 -0.0105614 -0.0151079
0 -0.00466942 -0.0106558 -0.0150792
0 -0.0047072 -0.0106038 -0.0147917
0 -0.00469067 -0.0104061 -0.0142985
0 -0.00461428 -0.010073 -0.0136574
0 -0.00448164 -0.00962794 -0.0129235
0 -0.00430216 -0.00910262 -0.0121415
0 -0.00408825 -0.00853052 -0.0113429
0 -0.00385434 -0.00794141 -0.0105474
0 -0.00361408 -0.00735642 -0.00976426
0 -0.00337835 -0.00678726 -0.00899633
0 -0.00315319 -0.00623714 -0.0082421
0 -0.00293889 -0.00570287 -0.00749718
0 -0.00273464 -0.00518119 -0.0067594
0 -0.00254245 -0.00467443 -0.00603307
0 -0.00236879 -0.00419414 -0.00533204
0 -0.00222214 -0.00375993 -0.00467918
0 -0.00210591 -0.00339053 -0.00409966
0 -0.00201426 -0.00309393 -0.00361326
0 -0.00193542 -0.0028638 -0.00323051
0 -0.00185853 -0.00268353 -0.00295193
0 -0.00177791 -0.00253351 -0.00276771
0 -0.00169456 -0.00239932 -0.00265923
0 -0.00161401 -0.0022756 -0.00260146
0 -0.00154151 -0.00216318 -0.00256521
0 -0.00148268 -0.00206756 -0.00252504
0 -0.00144725 -0.00200001 -0.00246987
0 -0.00144669 -0.00197543 -0.00240659
0 -0.00148762 -0.0020071 -0.00235641
0 -0.00156727 -0.00210201 -0.00234828
0 -0.00167428 -0.00225898 -0.00241226
0 -0.0017941 -0.0024709 -0.00257462
0 -0.00191369 -0.00272725 -0.00285228
0 -0.00202708 -0.00301973 -0.0032515
0 -0.00214003 -0.00334951 -0.00377138
0 -0.00226428 -0.00372546 -0.00440289
0 -0.00240999 -0.00415804 -0.00512869
0 -0.00258196 -0.00465326 -0.0059263
0 -0.00278039 -0.00520907 -0.00677301
0 -0.00300121 -0.00581282 -0.00764755
0 -0.00323451 -0.00643995 -0.00852775
0 -0.00346866 -0.00706128 -0.00939296
0 -0.0036912 -0.00764845 -0.0102229
0 -0.00388762 -0.00817522 -0.010994
0 -0.00404392 -0.00861883 -0.0116783
0 -0.00414803 -0.00895777 -0.0122429
0 -0.00419107 -0.00916972 -0.0126495
0 -0.00416936 -0.00923319 -0.0128584
0 -0.00408534 -0.00913201 -0.0128333
0 -0.00394606 -0.00885935 -0.0125459
0 -0.00376185 -0.00842123 -0.0119829
0 -0.00354444 -0.00783648 -0.0111504
0 -0.00330289 -0.00713112 -0.0100743
0 -0.00304228 -0.00633264 -0.00879815
0 -0.00276578 -0.00546788 -0.00738081
0 -0.0024763 -0.00456242 -0.00589024
0 -0.00217527 -0.00363928 -0.00439337
0 -0.0018619 -0.00271828 -0.00294728
0 -0.00153657 -0.0018174 -0.00159522
0 -0.00120386 -0.000953486 -0.000364573
0 -0.000872871 -0.000141988 0.000733355
0 -0.000556284 0.000602896 0.00170016
0 -0.000268072 0.00126863 0.00254534
0 -2.16727e-05 0.00184365 0.00327944
0 0.000170901 0.00231564 0.00390687
0 0.000301951 0.00267253 0.00442299
0 0.000371661 0.00290696 0.00481617
0 0.00038443 0.00301537 0.00506701
0 0.000342599 0.00299325 0.00514714
0 0.000247569 0.00283516 0.00502548
0 0.000102288 0.00253607 0.00467568
0 -9.04632e-05 0.0020908 0.00407932
0 -0.000330175 0.00149415 0.00322724
0 -0.00061911 0.000741914 0.00212001
0 -0.000960413 -0.000166779 0.000768554
0 -0.00135301 -0.00122388 -0.000803241
0 -0.00178868 -0.00240815 -0.00255774
0 -0.00225191 -0.00368368 -0.00444444
0 -0.00272199 -0.00500196 -0.0064019
0 -0.00318102 -0.00631207 -0.00836502
0 -0.00362099 -0.00757253 -0.0102735
0 -0.00404175 -0.00875683 -0.012076
0 -0.00444308 -0.00985065 -0.0137296
0 -0.00481748 -0.0108424 -0.0151967
0 -0.00515041 -0.0117147 -0.0164447
0 -0.00542694 -0.0124431 -0.0174498
0 -0.0056337 -0.0129969 -0.0181941
0 -0.00575909 -0.0133452 -0.0186617
0 -0.00579543 -0.0134659 -0.0188386
0 -0.00573897 -0.0133488 -0.0187112
0 -0.00559078 -0.0129971 -0.018269
0 -0.00535788 -0.012425 -0.0175085
0 -0.00505175 -0.0116529 -0.0164368
0 -0.00468577 -0.0107034 -0.015073
0 -0.00427154 -0.00959798 -0.0134468
0 -0.00381745 -0.00835804 -0.0115973
0 -0.0033297 -0.00700738 -0.00957056
0 -0.0028154 -0.00557423 -0.00742008
0 -0.0022854 -0.00409331 -0.00520544
0 -0.00175231 -0.00260432 -0.00298847
0 -0.00122995 -0.00115063 -0.00083226
0 -0.000734175 0.000222392 0.00119955
0 -0.00028183 0.00147059 0.00304594
0 0.000109246 0.0025521 0.00464973
0 0.000422666 0.0034295 0.00595985
0 0.000645466 0.00407153 0.00693275
0 0.000768413 0.00445362 0.00753241
0 0.00078824 0.00456052 0.00773278
0 0.000707839 0.00438815 0.0075201
0 0.000532826 0.0039424 0.00689298
0 0.000266849 0.00323471 0.00586062
0 -8.80506e-05 0.00227945 0.00444334
0 -0.000525846 0.00109664 0.00267644
0 -0.00103469 -0.000286076 0.000610273
0 -0.00159924 -0.00183273 -0.00169346
0 -0.00220326 -0.00349973 -0.00416658
0 -0.00283108 -0.00523906 -0.00673918
0 -0.00346791 -0.00700171 -0.00934189
0 -0.0040987 -0.00873913 -0.0119058
0 -0.00470439 -0.0104017 -0.0143603
0 -0.00526109 -0.0119378 -0.0166324
0 -0.00574506 -0.0132956 -0.0186496
0 -0.00613697 -0.0144257 -0.0203441
0 -0.00642315 -0.0152836 -0.0216538
0 -0.0065958 -0.0158352 -0.0225261
0 -0.00665258 -0.0160598 -0.0229216
0 -0.00659661 -0.0159531 -0.0228184
0 -0.00643666 -0.0155279 -0.0222173
0 -0.00618385 -0.0148101 -0.0211434
0 -0.00584633 -0.0138311 -0.0196425
0 -0.00542935 -0.0126237 -0.017776
0 -0.00493995 -0.0112238 -0.0156184
0 -0.004389 -0.00967038 -0.0132507
0 -0.00379053 -0.00800542 -0.0107529
0 -0.00316318 -0.00627715 -0.00820151
0 -0.00252923 -0.00453941 -0.00566885
0 -0.00190843 -0.00284539 -0.00321784
0 -0.00131586 -0.00124262 -0.000902301
0 -0.000762897 0.00023171 0.0012322
0 -0.000257901 0.00155442 0.00315008
0 0.000190981 0.00271289 0.00482428
0 0.000573682 0.003697 0.006233
0 0.000878698 0.00449205 0.00735705
0 0.00109557 0.00507716 0.0081789
0 0.00121825 0.00543082 0.0086839
0 0.00124532 0.00553778 0.00886051
0 0.00117692 0.00539195 0.00869862
0 0.00101405 0.00499661 0.00819061
0 0.000761427 0.00436404 0.00733601
0 0.000429482 0.00351432 0.00614632
0 3.37005e-05 0.0024745 0.00464824
0 -0.000408519 0.00127744 0.0028842
0 -0.000880583 -3.86302e-05 0.000911641
0 -0.00137023 -0.00143337 -0.00120186
0 -0.00187121 -0.0028691 -0.00338619
0 -0.00237816 -0.00431062 -0.00557227
0 -0.00288351 -0.00572467 -0.00769546
0 -0.00337829 -0.00708035 -0.00969981
0 -0.00385205 -0.00834889 -0.0115407
0 -0.00429303 -0.00950404 -0.0131853
0 -0.00468887 -0.0105224 -0.0146114
0 -0.00502509 -0.0113804 -0.015801
0 -0.00528655 -0.0120539 -0.0167373
0 -0.00546329 -0.0125235 -0.0174068
0 -0.00554966 -0.0127756 -0.0177967
0 -0.00554349 -0.0128031 -0.0178936
0 -0.00545032 -0.0126096 -0.0176896
0 -0.00528435 -0.0122118 -0.0171878
0 -0.00506497 -0.0116388 -0.0164052
0 -0.00481026 -0.0109268 -0.0153731
0 -0.00453248 -0.0101117 -0.0141347
0 -0.00423687 -0.00922409 -0.0127421
0 -0.00391997 -0.00828245 -0.0112473
0 -0.00357481 -0.00729449 -0.0096971
0 -0.00319893 -0.00626503 -0.00813321
0 -0.00279604 -0.00520222 -0.00658857
0 -0.00237834 -0.00412564 -0.00508908
0 -0.00196511 -0.00306888 -0.00365656
0 -0.00157599 -0.00207173 -0.0023092
0 -0.00122631 -0.00116949 -0.00106267
0 -0.000925862 -0.000385186 6.76994e-05
0 -0.000680761 0.000270485 0.00106364
0 -0.000495127 0.000793868 0.00190242
0 -0.000369206 0.00118395 0.00256001
0 -0.000296897 0.00144154 0.00301673
0 -0.00026858 0.00156849 0.00325969
0 -0.000276797 0.00156673 0.00328275
0 -0.000320517 0.00143703 0.00308565
0 -0.000405642 0.0011777 0.00267311
0 -0.000538815 0.000788081 0.00205751
0 -0.000722149 0.000272304 0.00125997
0 -0.000953058 -0.000360019 0.000307191
0 -0.00122849 -0.0010974 -0.000775569
0 -0.0015462 -0.00192876 -0.00196856
0 -0.00189917 -0.00283877 -0.00325336
0 -0.00227533 -0.00380649 -0.00461112
0 -0.00266092 -0.00480753 -0.00602259
0 -0.00304155 -0.00581467 -0.00746481
0 -0.00340313 -0.00679872 -0.00890765
0 -0.0037325 -0.00772904 -0.0103121
0 -0.00401916 -0.00857529 -0.0116313
0 -0.00425645 -0.00930929 -0.0128139
0 -0.00444053 -0.0099062 -0.0138066
0 -0.00457063 -0.0103473 -0.0145609
0 -0.00464812 -0.010621 -0.0150394
0 -0.00467477 -0.0107214 -0.0152197
0 -0.00465202 -0.0106486 -0.0150977
0 -0.0045769 -0.010404 -0.014683
0 -0.00444135 -0.00998673 -0.0139943
0 -0.0042379 -0.00939729 -0.0130569
0 -0.00396468 -0.00864157 -0.0119009
0 -0.00362885 -0.00773605 -0.0105603
0 -0.00324505 -0.0067087 -0.00907195
0 -0.00283004 -0.00559496 -0.00747282
0 -0.00240023 -0.0044338 -0.00580062
0 -0.00197074 -0.00326382 -0.00409482
0 -0.00155503 -0.00212046 -0.00239824
0 -0.00116463 -0.00103439 -0.000757408
0 -0.000808597 -3.12717e-05 0.00077942
0 -0.000493817 0.000866661 0.00216487
0 -0.00022759 0.00163656 0.00335314
0 -1.80944e-05 0.00225348 0.00430169
0 0.000127956 0.00269329 0.00497516
0 0.000205505 0.00293583 0.005347
0 0.000210036 0.00296702 0.00539962
0 0.000135891 0.00277813 0.00512285
0 -2.14002e-05 0.00236623 0.00451509
0 -0.000259297 0.00173828 0.003588
0 -0.000568174 0.00091207 0.0023669
0 -0.000936163 -8.68438e-05 0.000887106
0 -0.00135209 -0.00122794 -0.000808873
0 -0.00180644 -0.00247928 -0.00267415
0 -0.00229143 -0.00381109 -0.00466092
0 -0.0027986 -0.00519559 -0.00672109
0 -0.00331689 -0.00660417 -0.00880562
0 -0.00383266 -0.00800457 -0.0108645
0 -0.00433034 -0.00935968 -0.0128472
0 -0.00479397 -0.0106297 -0.0147035
0 -0.00520811 -0.011775 -0.016383
0 -0.0055584 -0.0127574 -0.0178365
0 -0.0058323 -0.0135426 -0.0190168
0 -0.00602107 -0.0141041 -0.019882
0 -0.00612147 -0.0144257 -0.0203997
0 -0.006134 -0.0145006 -0.0205484
0 -0.00605911 -0.0143269 -0.020317
0 -0.00589568 -0.0139048 -0.0197034
0 -0.00564086 -0.0132345 -0.0187134
0 -0.0052908 -0.0123155 -0.0173579
0 -0.00484711 -0.0111537 -0.0156576
0 -0.00432214 -0.00976955 -0.0136473
0 -0.00373585 -0.00820088 -0.0113754
0 -0.00311102 -0.00649967 -0.00890106
0 -0.00246916 -0.00472395 -0.00629251
0 -0.00182634 -0.00292771 -0.00362133
0 -0.00119644 -0.00116033 -0.000963584
0 -0.000595506 0.000530193 0.00159846
0 -3.73425e-05 0.00210124 0.003985
0 0.000466839 0.00351562 0.00612462
0 0.000904982 0.00473773 0.00795515
0 0.00126648 0.00573599 0.00942831
0 0.00154175 0.00648388 0.0105098
0 0.00171995 0.00695849 0.0111754
0 0.00178948 0.0071401 0.0114087
0 0.00174192 0.00701505 0.0112024
0 0.00157898 0.00658437 0.0105647
0 0.00131249 0.00586794 0.00952016
0 0.000957051 0.00489893 0.00810467
0 0.0005259 0.00371659 0.0063628
0 3.22229e-05 0.00236177 0.00434803
0 -0.00050927 0.000874906 0.00212255
0 -0.00108344 -0.000705081 -0.000245962
0 -0.00167764 -0.00234181 -0.00269024
0 -0.00228204 -0.0040013 -0.00514816
0 -0.0028877 -0.0056507 -0.00756383
0 -0.00348674 -0.00725908 -0.00988934
0 -0.00407102 -0.00879782 -0.0120862
0 -0.00462796 -0.0102386 -0.0141227
0 -0.00514057 -0.0115536 -0.0159712
0 -0.00559173 -0.0127173 -0.0176083
0 -0.00596722 -0.0137057 -0.0190121
0 -0.00625862 -0.014498 -0.0201618
0 -0.00646462 -0.0150807 -0.021038
0 -0.00658933 -0.0154491 -0.0216238
0 -0.00664044 -0.0156088 -0.0219085
0 -0.00662428 -0.0155706 -0.0218888
0 -0.00654272 -0.0153443 -0.0215681
0 -0.0063943 -0.014936 -0.0209575
0 -0.00617734 -0.0143484 -0.0200755
0 -0.00589303 -0.0135859 -0.0189468
0 -0.00554277 -0.0126558 -0.017596
0 -0.00512827 -0.0115692 -0.0160449
0 -0.00465856 -0.0103472 -0.0143185
0 -0.00414989 -0.00902078 -0.0124469
0 -0.00361934 -0.00762502 -0.0104626
0 -0.00308365 -0.00619639 -0.00840343
0 -0.00255751 -0.00477002 -0.00631355
0 -0.00205135 -0.00337721 -0.00424091
0 -0.0015704 -0.00204374 -0.00223354
0 -0.00111512 -0.000788021 -0.000335617
0 -0.000686112 0.000376285 0.00141363
0 -0.000286269 0.00143811 0.00298321
0 7.85202e-05 0.00238594 0.00435154
0 0.000398854 0.00320454 0.00550432
0 0.000665455 0.00387773 0.00643453
0 0.000870471 0.0043913 0.00713989
0 0.00100746 0.00473487 0.00761954
0 0.00107281 0.00490387 0.00787282
0 0.00106713 0.00490044 0.00789962
0 0.000994873 0.00473228 0.00770085
0 0.000860535 0.00440772 0.00727662
0 0.000667414 0.00393283 0.0066268
0 0.00042086 0.00331427 0.005756
0 0.000127811 0.00256094 0.00467506
0 -0.00020578 0.00168409 0.00340021
0 -0.000573778 0.000699704 0.00195492
0 -0.000968588 -0.00037066 0.000370991
0 -0.00138124 -0.00150102 -0.00131238
0 -0.00180229 -0.00266312 -0.00305126
0 -0.00222275 -0.00382851 -0.00479995
0 -0.00263313 -0.00496857 -0.00651193
0 -0.00302481 -0.00605614 -0.00814244
0 -0.00339191 -0.0070679 -0.0096525
0 -0.0037283 -0.00798301 -0.0110088
0 -0.00402476 -0.00878071 -0.0121815
0 -0.0042701 -0.00944021 -0.0131445
0 -0.0044543 -0.00994225 -0.0138761
0 -0.00457213 -0.0102727 -0.0143607
0 -0.00462452 -0.0104259 -0.0145912
0 -0.00461442 -0.0104031 -0.014566
0 -0.00454401 -0.0102105 -0.0142885
0 -0.00441552 -0.00985759 -0.013768
0 -0.00423285 -0.0093573 -0.0130211
0 -0.00400397 -0.00872745 -0.0120739
0 -0.00373881 -0.0079901 -0.0109595
0 -0.00344782 -0.00717074 -0.00971668
0 -0.00314355 -0.00630017 -0.00839123
0 -0.00283825 -0.00541234 -0.00703326
0 -0.00254224 -0.0045415 -0.00569409
0 -0.00226488 -0.00372097 -0.00442495
0 -0.00201403 -0.00298043 -0.00327445
0 -0.00179528 -0.00234279 -0.00228496
0 -0.00161346 -0.00182484 -0.00149091
0 -0.00147562 -0.00144151 -0.000919745
0 -0.00139019 -0.00120765 -0.000591104
0 -0.00136184 -0.00113377 -0.000512736
0 -0.00138939 -0.00122175 -0.000678956
0 -0.00146966 -0.00146536 -0.00107473
0 -0.00160107 -0.00185332 -0.00168043
0 -0.00178123 -0.00236993 -0.00247205
0 -0.00200469 -0.00299602 -0.00342126
0 -0.00226283 -0.00371007 -0.00449635
0 -0.00254281 -0.00448629 -0.00566078
0 -0.00283209 -0.00529708 -0.00687617
0 -0.00312316 -0.00611749 -0.00810619
0 -0.00341271 -0.00692698 -0.00931789
0 -0.00369841 -0.00770956 -0.010482
0 -0.00397369 -0.00844926 -0.0115699
0 -0.0042253 -0.00912471 -0.0125506
0 -0.00443763 -0.00970932 -0.0133931
0 -0.00459901 -0.0101759 -0.0140692
0 -0.00470274 -0.0105007 -0.0145538
0 -0.00474542 -0.0106655 -0.0148237
0 -0.00472746 -0.0106617 -0.0148609
0 -0.00465251 -0.0104912 -0.0146552
0 -0.00452387 -0.0101626 -0.0142037
0 -0.00434466 -0.00968724 -0.0135123
0 -0.00412093 -0.00907985 -0.0125988
0 -0.00386113 -0.00835756 -0.0114924
0 -0.00357332 -0.00753928 -0.0102306
0 -0.00326208 -0.00664446 -0.00885447
0 -0.00292786 -0.00569158 -0.00740493
0 -0.00257098 -0.00469883 -0.00592058
0 -0.00219603 -0.00368583 -0.00443732
0 -0.00181296 -0.00267481 -0.00298756
0 -0.00143352 -0.00168837 -0.00159769
0 -0.00106865 -0.000747782 -0.000287537
0 -0.000729183 0.000126081 0.000926215
0 -0.000423399 0.000915616 0.00202997
0 -0.000155843 0.00160912 0.00301315
0 6.9241e-05 0.00219831 0.00386409
0 0.000245127 0.00267373 0.00456611
0 0.000364859 0.00302297 0.00509817
0 0.000426091 0.00323385 0.00543976
0 0.000430194 0.00329616 0.00557255
0 0.000378246 0.0032022 0.00548035
0 0.000270879 0.00294921 0.00515224
0 0.000109333 0.00254021 0.00458552
0 -0.000104769 0.00198189 0.00378609
0 -0.000370787 0.00128112 0.00276608
0 -0.000688287 0.000444366 0.00154258
0 -0.00105382 -0.000518778 0.000138703
0 -0.00145936 -0.00159196 -0.00141625
0 -0.00189268 -0.00274991 -0.00308724
0 -0.00233918 -0.00395913 -0.00483436
0 -0.00278353 -0.00518058 -0.00661285
0 -0.00321164 -0.00637412 -0.00837387
0 -0.00361388 -0.00750506 -0.0100684
0 -0.00398546 -0.00854815 -0.011651
0 -0.00432307 -0.00948642 -0.0130807
0 -0.00462341 -0.0103087 -0.0143228
0 -0.00488436 -0.011008 -0.0153529
0 -0.00510496 -0.0115789 -0.0161588
0 -0.00528241 -0.0120144 -0.0167376
0 -0.00540978 -0.0123051 -0.0170927
0 -0.0054778 -0.0124413 -0.0172305
0 -0.00547696 -0.0124142 -0.0171571
0 -0.00539865 -0.0122155 -0.0168739
0 -0.00523877 -0.0118392 -0.0163776
0 -0.00500195 -0.0112873 -0.015664
0 -0.00470013 -0.01057 -0.0147303
0 -0.00434765 -0.00970482 -0.0135769
0 -0.00395775 -0.00871311 -0.0122106
0 -0.00354271 -0.00761986 -0.0106496
0 -0.00311456 -0.00645283 -0.00892662
0 -0.00268395 -0.00524098 -0.00708903
0 -0.00226101 -0.00401612 -0.00519693
0 -0.00185424 -0.00281274 -0.00331818
0 -0.00146832 -0.00166475 -0.00152131
0 -0.00110438 -0.000601393 0.000131509
0 -0.00076215 0.000356149 0.00159107
0 -0.000444893 0.00119307 0.00282314
0 -0.000162583 0.00189638 0.00380742
0 7.19346e-05 0.00245362 0.00453794
0 0.000247542 0.00285343 0.00502142
0 0.000355869 0.00308608 0.00527143
0 0.000392177 0.00314626 0.00530342
0 0.000353912 0.00303339 0.00512892
0 0.000239264 0.00274961 0.00475142
0 5.12228e-05 0.00230175 0.0041699
0 -0.000199245 0.00170366 0.00338494
0 -0.000496303 0.000974865 0.00240194
0 -0.000824002 0.000138298 0.00123346
0 -0.00116788 -0.000779792 -9.67366e-05
0 -0.00151756 -0.00175262 -0.00155395
0 -0.00186928 -0.00275756 -0.00309698
0 -0.00222238 -0.00377545 -0.00467966
0 -0.00257694 -0.00479037 -0.00625501
0 -0.00293365 -0.00578971 -0.00778083
0 -0.00328859 -0.00675784 -0.0092193
0 -0.00363062 -0.00767134 -0.0105363
0 -0.00394555 -0.00850168 -0.0117041
0 -0.00422048 -0.00922052 -0.0127022
0 -0.00444494 -0.00980419 -0.0135159
0 -0.00461075 -0.0102366 -0.0141331
0 -0.0047128 -0.0105101 -0.0145436
0 -0.00475138 -0.010626 -0.0147411
0 -0.00473215 -0.0105927 -0.0147247
0 -0.00466385 -0.0104231 -0.0145001
0 -0.00455556 -0.0101321 -0.0140793
0 -0.0044139 -0.00973441 -0.01348
0 -0.00424387 -0.00924484 -0.0127255
0 -0.00405007 -0.00867947 -0.0118454
0 -0.00383653 -0.00805534 -0.0108731
0 -0.00360671 -0.00738969 -0.0098437
0 -0.00336421 -0.00669982 -0.00879171
0 -0.00311386 -0.00600335 -0.00774954
0 -0.00286055 -0.00531652 -0.00674447
0 -0.00260783 -0.00465198 -0.00579528
0 -0.00235873 -0.0040184 -0.00491167
0 -0.00211731 -0.00342187 -0.0040966
0 -0.00188946 -0.00286765 -0.00334934
0 -0.00168146 -0.00236061 -0.00266724
0 -0.0014988 -0.00190608 -0.00204848
0 -0.00134734 -0.00151227 -0.00149637
0 -0.00123029 -0.00118752 -0.00101855
0 -0.0011465 -0.000937075 -0.000624991
0 -0.00109371 -0.000764022 -0.000328602
0 -0.00106962 -0.000669146 -0.000142853
0 -0.00107182 -0.00065108 -7.83131e-05
0 -0.00109842 -0.000707837 -0.000140759
0 -0.00114945 -0.000839044 -0.000331434
0 -0.00122711 -0.00104687 -0.000647993
0 -0.00133492 -0.00133531 -0.00108572
0 -0.0014756 -0.00170751 -0.00163806
0 -0.0016479 -0.00216103 -0.00229513
0 -0.00184626 -0.0026856 -0.00304336
0 -0.00206322 -0.00326472 -0.00386667
0 -0.00228975 -0.00387718 -0.00474521
0 -0.00251563 -0.00449927 -0.00565428
0 -0.00273305 -0.00510979 -0.00656695
0 -0.00293959 -0.00569461 -0.00745778
0 -0.00313627 -0.00624629 -0.00830408
0 -0.00332222 -0.00675909 -0.00908451
0 -0.0034941 -0.00722622 -0.00978048
0 -0.00364872 -0.00764012 -0.010379
0 -0.00378316 -0.00799239 -0.0108723
0 -0.00389341 -0.00827372 -0.0112553
0 -0.0039733 -0.00847388 -0.0115232
0 -0.00401478 -0.00858152 -0.0116691
0 -0.00401023 -0.00858526 -0.0116837
0 -0.00395611 -0.00847679 -0.0115574
0 -0.00385327 -0.00825224 -0.0112814
0 -0.0037058 -0.00791272 -0.0108486
0 -0.00352219 -0.00746693 -0.0102581
0 -0.00331391 -0.00693128 -0.00951791
0 -0.00309014 -0.00632497 -0.00864326
0 -0.00285437 -0.00566443 -0.00765429
0 -0.00260659 -0.00496202 -0.00657628
0 -0.00234854 -0.00422925 -0.00544082
0 -0.00208559 -0.00348061 -0.00428472
0 -0.00182554 -0.00273608 -0.00314757
0 -0.00157671 -0.00202074 -0.00206875
0 -0.0013467 -0.0013618 -0.00108479
0 -0.00114256 -0.000784972 -0.000227996
0 -0.000970992 -0.000311056 0.000474757
0 -0.00083853 4.5359e-05 0.00100277
0 -0.000751077 0.000275495 0.001342
0 -0.000712052 0.000375969 0.00148613
0 -0.0007224 0.000346826 0.0014355
0 -0.000780645 0.000190771 0.00119626
0 -0.000881211 -8.39972e-05 0.000781928
0 -0.00101446 -0.000461164 0.000214364
0 -0.00116989 -0.000917501 -0.000477897
0 -0.00134006 -0.00142781 -0.00126302
0 -0.00152046 -0.00196882 -0.00210721
0 -0.00170769 -0.0025214 -0.00297579
0 -0.00190069 -0.00307366 -0.00383785
0 -0.00210211 -0.00362274 -0.00467183
0 -0.00231399 -0.00416982 -0.00546532
0 -0.00253232 -0.00471215 -0.00621103
0 -0.00274832 -0.00524022 -0.00690546
0 -0.00295172 -0.005739 -0.00754792
0 -0.00313257 -0.00619077 -0.00813739
0 -0.00328251 -0.00657921 -0.00866954
0 -0.0033978 -0.00689474 -0.00913723
0 -0.00347897 -0.00713517 -0.00953018
0 -0.00352807 -0.00730203 -0.00983426
0 -0.00354892 -0.00739875 -0.0100352
0 -0.00354673 -0.00742893 -0.0101223
0 -0.0035263 -0.0073951 -0.0100901
0 -0.00349112 -0.00729941 -0.00994022
0 -0.00344223 -0.0071441 -0.00968066
0 -0.0033783 -0.00693227 -0.00932483
0 -0.00329875 -0.0066706 -0.008892
0 -0.00320575 -0.00637097 -0.00840692
0 -0.00310407 -0.00604993 -0.00789791
0 -0.00299956 -0.00572635 -0.0073939
0 -0.0028967 -0.00541715 -0.00692033
0 -0.00279785 -0.00513432 -0.00649642
0 -0.00270394 -0.00488403 -0.00613389
0 -0.00261562 -0.0046676 -0.00583696
0 -0.00253434 -0.00448379 -0.00560347
0 -0.0024624 -0.00433086 -0.00542668
0 -0.0024021 -0.0042074 -0.00529688
0 -0.00235418 -0.00411154 -0.00520272
0 -0.00231961 -0.00404256 -0.0051351
0 -0.00230138 -0.0040028 -0.005091
0 -0.00230159 -0.00399516 -0.00507189
0 -0.00231872 -0.00401983 -0.00508074
0 -0.00234853 -0.00407372 -0.00512089
0 -0.00238627 -0.0041517 -0.00519549
0 -0.00242756 -0.00424761 -0.00530582
0 -0.00246786 -0.00435423 -0.00544889
0 -0.00250322 -0.00446399 -0.00561693
0 -0.0025315 -0.00457004 -0.00579849
0 -0.00255199 -0.00466591 -0.00597885
0 -0.00256509 -0.00474586 -0.00614168
0 -0.00257274 -0.0048063 -0.00627213
0 -0.00257648 -0.00484459 -0.00635765
0 -0.00257573 -0.00485736 -0.00638815
0 -0.00256832 -0.0048404 -0.00635731
0 -0.0025506 -0.00478816 -0.006262
0 -0.00251939 -0.00469581 -0.00610319
0 -0.00247405 -0.00456232 -0.00588666
0 -0.00241472 -0.00438984 -0.00562034
0 -0.00234172 -0.00418299 -0.0053127
0 -0.0022558 -0.00394777 -0.00497192
0 -0.00215927 -0.00369136 -0.0046064
0 -0.00205855 -0.00342453 -0.00422752
0 -0.00196088 -0.00315955 -0.00384784
0 -0.00187133 -0.00290772 -0.00347939
0 -0.00179387 -0.00267984 -0.00313538
0 -0.00173039 -0.00248434 -0.00282911
0 -0.00168026 -0.00232592 -0.0025723
0 -0.00164186 -0.00220618 -0.00237469
0 -0.00161585 -0.00212706 -0.00224558
0 -0.00160594 -0.00209323 -0.00219401
0 -0.00161605 -0.00211114 -0.00222673
0 -0.00165038 -0.00218955 -0.00234931
0 -0.00171294 -0.00233805 -0.00256696
0 -0.00180666 -0.00256445 -0.00288442
0 -0.00193253 -0.0028724 -0.00330555
0 -0.00208886 -0.00325993 -0.00383199
0 -0.00227001 -0.00371813 -0.00446043
0 -0.002466 -0.00423051 -0.00517954
0 -0.00266532 -0.00477552 -0.00596973
0 -0.00285999 -0.00533213 -0.00680617
0 -0.00304789 -0.00588441 -0.00766186
0 -0.00323058 -0.00642231 -0.00850913
0 -0.00341094 -0.00694101 -0.00932258
0 -0.00358901 -0.00743595 -0.010079
0 -0.00376 -0.00789816 -0.0107576
0 -0.00391748 -0.00831505 -0.0113426
0 -0.00405566 -0.00867285 -0.011825
0 -0.0041696 -0.00895929 -0.0122006
0 -0.00425448 -0.00916517 -0.0124678
0 -0.00430544 -0.00928485 -0.0126253
0 -0.00431899 -0.0093163 -0.0126719
0 -0.00429335 -0.00925944 -0.0126053
0 -0.00422883 -0.00911494 -0.0124227
0 -0.00413034 -0.00888668 -0.0121237
0 -0.00400487 -0.00858109 -0.0117108
0 -0.00385657 -0.00820391 -0.0111863
0 -0.00368721 -0.00776053 -0.0105544
0 -0.00349781 -0.00725663 -0.00982251
0 -0.0032891 -0.0066978 -0.00900151
0 -0.00306287 -0.00609063 -0.00810601
0 -0.00282299 -0.00544451 -0.0071549
0 -0.0025765 -0.00477416 -0.00617193
0 -0.00233369 -0.00410144 -0.00518574
0 -0.0021049 -0.00345259 -0.00422749
0 -0.00189694 -0.00285268 -0.00332773
0 -0.00171298 -0.00232104 -0.00251473
0 -0.00155469 -0.0018697 -0.00181353
0 -0.00142296 -0.00150367 -0.00124394
0 -0.00131801 -0.00122316 -0.000818593
0 -0.0012409 -0.00102802 -0.000543384
0 -0.00119463 -0.000921125 -0.000419133
0 -0.00118225 -0.000907077 -0.000441435
0 -0.00120522 -0.000988899 -0.000601121
0 -0.00126385 -0.00116592 -0.000886485
0 -0.00135756 -0.00143266 -0.00128504
0 -0.00148404 -0.00177884 -0.00178381
0 -0.00163603 -0.00218768 -0.00236611
0 -0.0018007 -0.00263564 -0.00300915
0 -0.00196435 -0.00309633 -0.00368575
0 -0.00211501 -0.00354298 -0.00436479
0 -0.00224232 -0.003949 -0.00501034
0 -0.00234063 -0.00429222 -0.00558573
0 -0.00241071 -0.0045588 -0.00605851
0 -0.00245708 -0.0047432 -0.00640264
0 -0.00248512 -0.00484706 -0.00660134
0 -0.00249878 -0.00487648 -0.00664909
0 -0.00249988 -0.00483933 -0.00655255
0 -0.00248688 -0.00474151 -0.00632803
0 -0.0024557 -0.00458583 -0.00599843
0 -0.00240079 -0.00437237 -0.00558874
0 -0.00231608 -0.00409955 -0.00512092
0 -0.00219985 -0.0037699 -0.00461402
0 -0.00205627 -0.00339282 -0.00408361
0 -0.00189402 -0.00298407 -0.00354106
0 -0.00172563 -0.00256476 -0.00299605
0 -0.00156477 -0.00215783 -0.00245857
0 -0.00142181 -0.0017825 -0.00193886
0 -0.00130246 -0.00145173 -0.00144871
0 -0.00121079 -0.00117506 -0.0010053
0 -0.00114945 -0.000960472 -0.000630821
0 -0.00111846 -0.000814811 -0.000349243
0 -0.00111764 -0.00074662 -0.000185532
0 -0.00114728 -0.000765848 -0.000162937
0 -0.00120798 -0.000882014 -0.000299903
0 -0.00130153 -0.00110347 -0.000608938
0 -0.00143011 -0.00143548 -0.00109493
0 -0.00159529 -0.00187874 -0.00175426
0 -0.00179698 -0.0024284 -0.00257482
0 -0.00203219 -0.00307325 -0.00353624
0 -0.00229412 -0.00379515 -0.00461026
0 -0.00257393 -0.0045713 -0.00576362
0 -0.00286332 -0.00537756 -0.00696149
0 -0.00315444 -0.00618949 -0.00816823
0 -0.00343891 -0.00698257 -0.00934802
0 -0.00370764 -0.00773269 -0.0104658
0 -0.00395369 -0.00841923 -0.01149
0 -0.00417394 -0.00902778 -0.0123955
0 -0.00436658 -0.00954882 -0.0131632
0 -0.00452873 -0.00997539 -0.0137789
0 -0.00465571 -0.0103008 -0.0142324
0 -0.00474235 -0.010518 -0.0145185
0 -0.00478411 -0.0106198 -0.0146354
0 -0.00477509 -0.010597 -0.0145813
0 -0.00471032 -0.010441 -0.0143534
0 -0.0045901 -0.0101492 -0.0139513
0 -0.00441833 -0.00972515 -0.0133755
0 -0.00420049 -0.00917812 -0.0126281
0 -0.00394424 -0.00852248 -0.0117159
0 -0.00365931 -0.00777669 -0.0106538
0 -0.00335574 -0.00696108 -0.00946477
0 -0.0030422 -0.00609656 -0.0081792
0 -0.00272657 -0.00520565 -0.00683515
0 -0.0024156 -0.00431222 -0.00547558
0 -0.00211338 -0.0034392 -0.00414338
0 -0.00182198 -0.00260702 -0.00287841
0 -0.00154345 -0.00183269 -0.00171539
0 -0.0012814 -0.00112963 -0.000681896
0 -0.00104191 -0.000509485 0.000202002
0 -0.000833176 1.58563e-05 0.000923268
0 -0.000664095 0.000433562 0.0014749
0 -0.000545009 0.000728 0.00185158
0 -0.000485998 0.000882368 0.00204717
0 -0.000492052 0.000884905 0.00205635
0 -0.000562076 0.00073256 0.00187502
0 -0.000690221 0.000431779 0.00150084
0 -0.000867292 -2.76364e-06 0.000935428
0 -0.00108221 -0.000551048 0.000186988
0 -0.00132289 -0.00119002 -0.000726761
0 -0.00157812 -0.00189595 -0.00177787
0 -0.00184049 -0.00264743 -0.00293074
0 -0.00210686 -0.00342629 -0.00414509
0 -0.00237691 -0.00421717 -0.00537942
0 -0.00265108 -0.0050064 -0.00659428
0 -0.00292714 -0.00577868 -0.00775342
0 -0.00319875 -0.00651535 -0.00882552
0 -0.00345674 -0.00719576 -0.00978653
0 -0.00369038 -0.00779895 -0.0106192
0 -0.00388903 -0.00830585 -0.0113115
0 -0.00404446 -0.00870206 -0.0118555
0 -0.00415119 -0.00897829 -0.0122456
0 -0.00420597 -0.00912955 -0.0124762
0 -0.00420912 -0.00915586 -0.0125426
0 -0.00416476 -0.00906215 -0.0124428
0 -0.00407846 -0.00885589 -0.0121771
0 -0.00395573 -0.00854547 -0.0117493
0 -0.00380232 -0.0081407 -0.0111683
0 -0.00362401 -0.00765331 -0.0104497
0 -0.00342538 -0.00709645 -0.00961457
0 -0.00320896 -0.00648339 -0.00868743
0 -0.00297656 -0.00582747 -0.0076954
0 -0.00273117 -0.00514283 -0.00666743
0 -0.00247742 -0.00444467 -0.00563201
0 -0.00222119 -0.00374913 -0.00461509
0 -0.00196938 -0.0030735 -0.00363969
0 -0.00173026 -0.00243632 -0.00272694
0 -0.00151236 -0.00185593 -0.00189606
0 -0.00132267 -0.00134829 -0.00116388
0 -0.00116675 -0.000926508 -0.000545888
0 -0.00104907 -0.000600928 -5.68804e-05
0 -0.000972855 -0.000379281 0.000289335
0 -0.000939248 -0.000266486 0.000481315
0 -0.000946455 -0.00026359 0.000512199
0 -0.000990897 -0.000367901 0.000380398
0 -0.00106907 -0.000573888 8.94898e-05
0 -0.00117803 -0.000873669 -0.000351394
0 -0.00131474 -0.00125716 -0.000927144
0 -0.00147584 -0.00171252 -0.00161734
0 -0.00165781 -0.00222685 -0.00239793
0 -0.00185689 -0.00278636 -0.00324296
0 -0.0020685 -0.00337612 -0.00412583
0 -0.00228708 -0.00398003 -0.00502056
0 -0.00250667 -0.00458158 -0.00590317
0 -0.00272112 -0.00516446 -0.00675197
0 -0.00292433 -0.00571306 -0.00754741
0 -0.00311039 -0.00621321 -0.00827214
0 -0.00327373 -0.00665251 -0.00891085
0 -0.00340977 -0.00702082 -0.00945043
0 -0.00351551 -0.00731058 -0.00988002
0 -0.00358974 -0.00751712 -0.0101913
0 -0.00363269 -0.0076386 -0.0103789
0 -0.00364518 -0.00767539 -0.0104403
0 -0.00362814 -0.00762937 -0.0103761
0 -0.00358298 -0.00750409 -0.0101906
0 -0.00351164 -0.0073047 -0.00989161
0 -0.00341639 -0.0070378 -0.00949039
0 -0.00330003 -0.00671168 -0.00900095
0 -0.00316578 -0.00633615 -0.00843941
0 -0.00301716 -0.00592216 -0.00782327
0 -0.00285783 -0.00548133 -0.00717064
0 -0.00269173 -0.00502552 -0.00649944
0 -0.00252331 -0.00456675 -0.00582705
0 -0.00235755 -0.00411707 -0.00517004
0 -0.00219958 -0.0036884 -0.00454407
0 -0.00205393 -0.0032919 -0.00396372
0 -0.00192429 -0.00293747 -0.00344236
0 -0.00181384 -0.00263373 -0.00299232
0 -0.00172523 -0.00238785 -0.00262465
0 -0.00166017 -0.00220508 -0.00234835
0 -0.00161939 -0.0020887 -0.00216989
0 -0.001603 -0.0020402 -0.00209307
0 -0.00161062 -0.00205937 -0.00211868
0 -0.0016413 -0.00214416 -0.00224429
0 -0.00169372 -0.00229092 -0.00246434
0 -0.00176631 -0.0024946 -0.0027705
0 -0.00185715 -0.00274883 -0.00315205
0 -0.0019638 -0.00304596 -0.00359633
0 -0.00208323 -0.00337718 -0.00408929
0 -0.00221198 -0.00373275 -0.00461615
0 -0.00234627 -0.00410242 -0.00516188
0 -0.00248213 -0.00447571 -0.00571165
0 -0.00261565 -0.00484234 -0.00625107
0 -0.00274325 -0.00519256 -0.00676632
0 -0.00286167 -0.00551736 -0.00724447
0 -0.0029679 -0.00580866 -0.00767373
0 -0.00305929 -0.00605949 -0.00804376
0 -0.00313364 -0.00626407 -0.0083459
0 -0.00318931 -0.00641784 -0.00857338
0 -0.0032252 -0.00651761 -0.00872147
0 -0.00324085 -0.00656167 -0.00878752
0 -0.00323635 -0.00654991 -0.00877104
0 -0.00321228 -0.00648376 -0.00867373
0 -0.00316974 -0.00636613 -0.00849952
0 -0.00311022 -0.00620119 -0.00825453
0 -0.0030355 -0.00599415 -0.0079468
0 -0.00294768 -0.00575117 -0.00758602
0 -0.00284919 -0.00547922 -0.00718312
0 -0.00274275 -0.00518596 -0.00674983
0 -0.00263133 -0.00487955 -0.00629823
0 -0.00251802 -0.00456842 -0.00584046
0 -0.00240605 -0.00426109 -0.00538843
0 -0.00229863 -0.00396589 -0.00495365
0 -0.00219865 -0.00369062 -0.00454717
0 -0.00210863 -0.00344229 -0.00417937
0 -0.0020307 -0.00322692 -0.00385961
0 -0.00196657 -0.00304949 -0.00359586
0 -0.00191757 -0.00291391 -0.00339447
0 -0.00188462 -0.00282297 -0.00325989
0 -0.00186829 -0.00277827 -0.00319456
0 -0.00186876 -0.00278022 -0.00319887
0 -0.0018858 -0.002828 -0.00327127
0 -0.00191873 -0.0029196 -0.0034084
0 -0.00196646 -0.00305183 -0.00360525
0 -0.00202747 -0.00322043 -0.00385535
0 -0.00209992 -0.00342019 -0.00415102
0 -0.00218166 -0.00364519 -0.00448353
0 -0.00227033 -0.00388891 -0.00484336
0 -0.00236334 -0.00414451 -0.00522045
0 -0.00245803 -0.00440492 -0.00560452
0 -0.00255177 -0.00466313 -0.00598536
0 -0.00264218 -0.00491238 -0.00635296
0 -0.00272708 -0.00514627 -0.00669785
0 -0.00280442 -0.00535897 -0.0070113
0 -0.0028723 -0.00554533 -0.00728561
0 -0.00292905 -0.00570093 -0.00751427
0 -0.00297333 -0.00582224 -0.00769212
0 -0.00300418 -0.00590665 -0.00781548
0 -0.00302103 -0.00595259 -0.00788216
0 -0.00302371 -0.0059595 -0.0078915
0 -0.00301238 -0.00592792 -0.00784432
0 -0.00298758 -0.00585938 -0.00774291
0 -0.00295015 -0.00575636 -0.00759091
0 -0.00290125 -0.00562214 -0.00739317
0 -0.00284227 -0.00546064 -0.00715557
