0 0.00023742 0.000833869 0.00167131
0 0.000264289 0.000902061 0.00176729
0 0.000292418 0.000972881 0.0018658
0 0.000321337 0.00104587 0.00196635
0 0.000350626 0.0011205 0.00206845
0 0.000379938 0.00119618 0.00217167
0 0.000409004 0.00127226 0.00227557
0 0.000437614 0.0013481 0.00237974
0 0.000465601 0.00142306 0.00248372
0 0.000492822 0.00149656 0.002587
0 0.000519139 0.00156808 0.00268903
0 0.000544421 0.00163719 0.00278918
0 0.000568546 0.00170354 0.00288679
0 0.000591403 0.0017668 0.00298115
0 0.000612901 0.00182673 0.00307156
0 0.000632974 0.0018831 0.00315731
0 0.000651573 0.00193574 0.00323772
0 0.000668659 0.00198445 0.00331216
0 0.000684198 0.00202903 0.00338005
0 0.000698163 0.00206927 0.00344088
0 0.000710541 0.00210497 0.00349421
0 0.000721329 0.00213589 0.00353973
0 0.000730523 0.00216183 0.00357719
0 0.000738104 0.00218256 0.00360645
0 0.000744041 0.00219794 0.00362746
0 0.000748318 0.00220789 0.00364028
0 0.000750909 0.00221241 0.00364507
0 0.000751732 0.00221157 0.00364201
0 0.000750625 0.00220537 0.00363128
0 0.000747378 0.00219381 0.00361302
0 0.000741821 0.00217688 0.0035874
0 0.000733918 0.00215465 0.00355472
0 0.000723763 0.00212729 0.00351532
0 0.00071151 0.00209499 0.0034696
0 0.000697278 0.00205795 0.00341788
0 0.000681143 0.00201631 0.0033604
0 0.000663215 0.00197031 0.00329742
0 0.000643705 0.00192029 0.00322927
0 0.0006229 0.00186672 0.00315634
0 0.000601045 0.00181008 0.00307901
0 0.000578253 0.00175072 0.00299754
0 0.000554574 0.00168894 0.00291217
0 0.000530163 0.00162513 0.00282323
0 0.000505302 0.00155978 0.00273125
0 0.000480233 0.00149333 0.00263675
0 0.000454994 0.00142605 0.0025401
0 0.000429589 0.00135813 0.00244169
0 0.000404324 0.00129007 0.00234224
0 0.000379858 0.00122278 0.00224288
0 0.000356928 0.00115734 0.00214495
0 0.000336083 0.00109485 0.00204977
0 0.000317612 0.00103628 0.00195859
0 0.000301572 0.000982465 0.00187254
0 0.000287839 0.000934069 0.0017927
0 0.000276237 0.000891592 0.00172009
0 0.000266723 0.000855516 0.00165582
0 0.000259292 0.000826197 0.00160098
0 0.000253435 0.0008033 0.00155601
0 0.000247873 0.000785451 0.00152029
0 0.000241213 0.00077078 0.0014927
0 0.000232817 0.000757768 0.00147234
0 0.000222954 0.000745552 0.00145867
0 0.000212362 0.000733752 0.00145127
0 0.000201815 0.000722273 0.00144947
0 0.000191946 0.000711281 0.00145238
0 0.000183288 0.000701261 0.00145901
0 0.000176374 0.000693052 0.0014685
0 0.00017172 0.000687712 0.00148015
0 0.000169593 0.000686151 0.00149332
0 0.000169714 0.000688658 0.00150708
0 0.000171259 0.000694713 0.00152023
0 0.0001734 0.000703371 0.00153168
0 0.000175925 0.000713875 0.00154109
0 0.000179115 0.000725683 0.0015487
0 0.00018323 0.000738173 0.0015549
0 0.00018897 0.000751345 0.00156069
0 0.000198517 0.000767174 0.00156892
0 0.000215347 0.00078984 0.00158432
0 0.000242144 0.000823922 0.0016117
0 0.000278067 0.000871459 0.00165323
0 0.000318027 0.000930351 0.00170721
0 0.000355648 0.000996143 0.0017703
0 0.00038803 0.00106606 0.00184162
0 0.000417783 0.00114137 0.0019248
0 0.000449779 0.0012252 0.00202516
0 0.000485406 0.0013177 0.00214437
0 0.000520171 0.00141362 0.00227789
0 0.000547068 0.00150478 0.00241772
0 0.000562059 0.0015848 0.00255726
0 0.000566147 0.00165125 0.00269333
0 0.000562994 0.00170414 0.00282429
0 0.00055638 0.00174438 0.00294822
0 0.000550618 0.00177504 0.00306396
0 0.000551681 0.00180298 0.00317306
0 0.000565367 0.00183715 0.00327864
0 0.000592352 0.00188304 0.00338074
0 0.000624841 0.0019377 0.00347254
0 0.00065016 0.00199089 0.00354266
0 0.000659465 0.00203218 0.00358258
0 0.000653184 0.0020566 0.0035917
0 0.000638395 0.00206412 0.00357531
0 0.000622381 0.00205582 0.00353919
0 0.000609121 0.0020323 0.00348684
0 0.0006002 0.00199508 0.00342071
0 0.000596863 0.00194834 0.00334421
0 0.000600464 0.00189856 0.00326205
0 0.000611718 0.00185282 0.00317943
0 0.000630459 0.00181767 0.00310155
0 0.000656526 0.00179922 0.0030343
0 0.000690911 0.00180395 0.00298526
0 0.000735516 0.00183826 0.00296336
0 0.000790232 0.00190551 0.00297579
0 0.000849178 0.00200161 0.00302359
0 0.000901783 0.002115 0.00310153
0 0.000940184 0.00223322 0.00320428
0 0.00096508 0.00234935 0.00333187
0 0.00098302 0.00246155 0.00348752
0 0.000999051 0.00256798 0.0036713
0 0.00101319 0.00266466 0.00387723
0 0.00102246 0.00274741 0.00409544
0 0.00102443 0.00281443 0.00431563
0 0.00101928 0.0028674 0.00452933
0 0.00101051 0.00291147 0.0047311
0 0.0010036 0.00295379 0.00491801
0 0.00100242 0.00299985 0.00508681
0 0.00100611 0.00304996 0.0052313
0 0.00101098 0.00310029 0.00534396
0 0.00101609 0.00314802 0.00542135
0 0.0010253 0.00319384 0.00546629
0 0.00104248 0.00323844 0.00548346
0 0.00106715 0.00327909 0.00547521
0 0.00109742 0.00331294 0.00544418
0 0.00113535 0.00334271 0.00539851
0 0.00118624 0.00337664 0.0053512
0 0.00125309 0.00342324 0.00531475
0 0.00133432 0.00348856 0.00529863
0 0.00142764 0.00357879 0.00531246
0 0.00153374 0.00370293 0.00536913
0 0.00165456 0.00387052 0.00548277
0 0.00178806 0.00408586 0.00566315
0 0.00192626 0.00434503 0.00591276
0 0.0020591 0.00463839 0.00622922
0 0.0021794 0.00495502 0.00660921
0 0.00228456 0.00528489 0.00704949
0 0.00237461 0.00561839 0.00754501
0 0.00244832 0.00594402 0.00808536
0 0.00249979 0.00624577 0.00865138
0 0.00251882 0.00650321 0.0092152
0 0.00249671 0.0066966 0.0097458
0 0.00243539 0.00681638 0.0102186
0 0.00235217 0.00687007 0.0106225
0 0.00227276 0.00687853 0.0109563
0 0.00221713 0.00686449 0.0112181
0 0.00219184 0.00684397 0.0114
0 0.00219472 0.00682721 0.0114932
0 0.00222465 0.0068246 0.0114983
0 0.00228551 0.00684887 0.0114286
0 0.00238098 0.00690988 0.0113047
0 0.00250711 0.00700814 0.0111463
0 0.00265248 0.00713556 0.0109696
0 0.00280638 0.00728378 0.0107931
0 0.00296558 0.007451 0.0106422
0 0.00313163 0.00764041 0.0105458
0 0.00330065 0.00785097 0.010525
0 0.00345583 0.00806914 0.0105839
0 0.00357151 0.00827025 0.0107111
0 0.00362445 0.00842695 0.0108875
0 0.00360212 0.00851642 0.0110932
0 0.00350356 0.00852245 0.0113085
0 0.0033354 0.00843424 0.0115112
0 0.00310723 0.00824488 0.0116745
0 0.00282867 0.0079506 0.0117666
0 0.00250799 0.00755026 0.011752
0 0.0021519 0.00704484 0.011593
0 0.00176635 0.00643623 0.0112531
0 0.00135808 0.00572673 0.010701
0 0.000935826 0.00491979 0.00991455
0 0.000510255 0.00402097 0.00888262
0 9.24106e-05 0.00303815 0.0076055
0 -0.000308333 0.00198126 0.00609397
0 -0.000686566 0.000861535 0.00436667
0 -0.00104278 -0.000310152 0.00244632
0 -0.00138397 -0.00152593 0.000357169
0 -0.00172121 -0.00278165 -0.00187489
0 -0.00206318 -0.00407264 -0.00421852
0 -0.00241034 -0.00538803 -0.00663233
0 -0.00275562 -0.00671013 -0.00906531
0 -0.00309107 -0.0080191 -0.011463
0 -0.00341394 -0.00929815 -0.0137737
0 -0.00372749 -0.0105349 -0.0159509
0 -0.0040375 -0.0117177 -0.0179542
0 -0.00434814 -0.0128319 -0.0197495
0 -0.00465974 -0.0138595 -0.0213083
0 -0.00496776 -0.0147801 -0.022608
0 -0.00526207 -0.0155713 -0.0236307
0 -0.00552775 -0.0162096 -0.0243639
0 -0.00575169 -0.0166771 -0.0248058
0 -0.00593162 -0.016971 -0.0249726
0 -0.0060771 -0.0171063 -0.0248991
0 -0.00619973 -0.017108 -0.0246284
0 -0.00629986 -0.0169976 -0.0241975
0 -0.00635822 -0.0167804 -0.023626
0 -0.00634025 -0.0164431 -0.0229138
0 -0.00621181 -0.0159616 -0.0220523
0 -0.00595674 -0.0153162 -0.0210376
0 -0.00558734 -0.0145046 -0.0198812
0 -0.00514136 -0.0135466 -0.0186106
0 -0.00466746 -0.0124798 -0.0172607
0 -0.00420743 -0.0113491 -0.0158623
0 -0.0037821 -0.0101937 -0.0144313
0 -0.00338888 -0.00903959 -0.0129668
0 -0.00301281 -0.00790203 -0.0114609
0 -0.00264134 -0.00679191 -0.00991043
0 -0.00227267 -0.00572042 -0.00832462
0 -0.00191505 -0.00469928 -0.00672381
0 -0.00157978 -0.00373757 -0.00513346
0 -0.00127279 -0.00283715 -0.00357612
0 -0.000989825 -0.00198987 -0.00206604
0 -0.000718504 -0.00117918 -0.000609409
0 -0.000444475 -0.000385074 0.000791543
0 -0.000157126 0.000410706 0.00213444
0 0.000147386 0.00122037 0.00341491
0 0.000465362 0.00204663 0.00462586
0 0.000786997 0.00288104 0.00575758
0 0.00110424 0.00371008 0.00680405
0 0.00142345 0.00452902 0.00777537
0 0.00176712 0.00534878 0.00870123
0 0.00215523 0.00618374 0.00961469
0 0.00258257 0.00703227 0.0105303
0 0.00301651 0.00787201 0.0114391
0 0.00341656 0.00867296 0.0123234
0 0.00375824 0.00941551 0.0131757
0 0.00404518 0.0101014 0.0140091
0 0.00430182 0.0107505 0.0148515
0 0.00455086 0.0113833 0.0157266
0 0.00479334 0.012004 0.0166347
0 0.0050107 0.012599 0.0175539
0 0.00518625 0.0131541 0.0184592
0 0.00532126 0.013667 0.019338
0 0.0054315 0.0141453 0.0201877
0 0.00553427 0.0145975 0.021006
0 0.00564002 0.0150274 0.0217848
0 0.00575159 0.0154348 0.0225112
0 0.00586746 0.0158182 0.0231714
0 0.00598661 0.0161773 0.0237558
0 0.00611198 0.016516 0.0242621
0 0.00624852 0.0168405 0.0246945
0 0.00639587 0.0171519 0.0250566
0 0.0065416 0.0174391 0.0253441
0 0.0066603 0.0176752 0.025541
0 0.00671971 0.0178215 0.0256223
0 0.00669311 0.017837 0.025563
0 0.00657012 0.0176911 0.0253465
0 0.00635594 0.0173664 0.0249645
0 0.00606222 0.016855 0.0244096
0 0.00570178 0.0161575 0.0236729
0 0.00529074 0.0152869 0.0227488
0 0.00484979 0.0142704 0.0216393
0 0.00439956 0.0131441 0.0203522
0 0.00395326 0.0119429 0.0188956
0 0.00351144 0.0106914 0.0172737
0 0.00306351 0.00939947 0.0154868
0 0.00259723 0.00806811 0.0135383
0 0.00210957 0.00669858 0.0114444
0 0.00160903 0.00529787 0.00923479
0 0.00110699 0.00387476 0.00694289
0 0.000607263 0.00243251 0.00459511
0 0.000105653 0.000968248 0.00220987
0 -0.000400156 -0.000517809 -0.000193202
0 -0.000901567 -0.00201252 -0.00258433
0 -0.00138098 -0.00348971 -0.00492406
0 -0.00182169 -0.00491793 -0.00717134
0 -0.00221527 -0.00626731 -0.00929027
0 -0.00256238 -0.0075124 -0.0112516
0 -0.00287104 -0.00863522 -0.0130328
0 -0.00315553 -0.00962979 -0.014619
0 -0.00343263 -0.010502 -0.0160029
0 -0.00371471 -0.0112641 -0.0171825
0 -0.00400544 -0.0119295 -0.0181573
0 -0.00430228 -0.0125122 -0.0189317
0 -0.00460234 -0.0130293 -0.0195195
0 -0.00490482 -0.0134996 -0.0199452
0 -0.00520805 -0.013939 -0.0202399
0 -0.00550574 -0.0143553 -0.0204352
0 -0.00578475 -0.0147449 -0.020558
0 -0.00602348 -0.0150898 -0.0206252
0 -0.00619352 -0.0153581 -0.0206401
0 -0.00626695 -0.0155101 -0.0205953
0 -0.00622445 -0.0155074 -0.0204772
0 -0.00605946 -0.0153199 -0.020269
0 -0.00578026 -0.0149319 -0.0199534
0 -0.00541055 -0.0143488 -0.0195179
0 -0.00498452 -0.0135963 -0.0189551
0 -0.00453814 -0.012715 -0.01826
0 -0.0041024 -0.011753 -0.0174296
0 -0.00369766 -0.0107565 -0.0164608
0 -0.00332442 -0.00975469 -0.0153429
0 -0.00295913 -0.00874669 -0.0140524
0 -0.00256807 -0.00770761 -0.0125627
0 -0.00212918 -0.00660717 -0.0108621
0 -0.00164148 -0.00542359 -0.00896008
0 -0.00112098 -0.00414868 -0.00688275
0 -0.000593065 -0.00278868 -0.00466752
0 -8.48308e-05 -0.00136305 -0.00235842
0 0.000381864 9.8805e-05 -6.23569e-07
0 0.000793951 0.00156173 0.00236251
0 0.00114754 0.00298859 0.00469001
0 0.00144763 0.0043448 0.00694369
0 0.00170673 0.00560232 0.00908864
0 0.0019406 0.00674174 0.0110916
0 0.00216437 0.00775373 0.0129199
0 0.00239265 0.00864112 0.014546
0 0.00264145 0.00942054 0.0159535
0 0.00292567 0.0101189 0.0171389
0 0.00324876 0.0107607 0.0181022
0 0.00359264 0.011353 0.0188378
0 0.00392155 0.0118821 0.0193341
0 0.00419863 0.0123226 0.019585
0 0.0044021 0.01265 0.019601
0 0.00453309 0.0128514 0.019414
0 0.0046119 0.0129292 0.0190736
0 0.00466359 0.0128959 0.0186335
0 0.00470389 0.0127666 0.0181383
0 0.00473327 0.0125543 0.0176172
0 0.00473727 0.012267 0.0170825
0 0.00469063 0.0119043 0.0165297
0 0.00456636 0.0114591 0.0159434
0 0.00434548 0.0109211 0.0153041
0 0.00402167 0.01028 0.0145922
0 0.00360127 0.00952676 0.0137891
0 0.00310365 0.00865904 0.012881
0 0.00255962 0.00768584 0.0118622
0 0.00200047 0.00662251 0.0107288
0 0.00144373 0.00547935 0.009469
0 0.000890205 0.00425729 0.00806069
0 0.000334926 0.0029556 0.00648273
0 -0.000216028 0.00158668 0.00473163
0 -0.000736223 0.000186688 0.0028327
0 -0.00118814 -0.00119002 0.000834051
0 -0.001545 -0.00249025 -0.00121249
0 -0.00180813 -0.00368133 -0.00326896
0 -0.0020081 -0.00475929 -0.00531622
0 -0.00218733 -0.00574125 -0.00734248
0 -0.00237427 -0.00664669 -0.00932323
0 -0.00256885 -0.00748249 -0.0112097
0 -0.00274962 -0.008243 -0.0129348
0 -0.00289246 -0.00891802 -0.01443
0 -0.0029858 -0.00949688 -0.0156424
0 -0.00303941 -0.0099742 -0.0165462
0 -0.00308665 -0.0103589 -0.0171491
0 -0.00317457 -0.0106758 -0.0174879
0 -0.0033412 -0.0109542 -0.0176106
0 -0.0035911 -0.0112077 -0.0175541
0 -0.00388729 -0.0114228 -0.0173319
0 -0.00416849 -0.0115642 -0.0169426
0 -0.00437633 -0.0115919 -0.016387
0 -0.00447258 -0.0114726 -0.0156761
0 -0.00444327 -0.0111862 -0.0148308
0 -0.0042972 -0.0107285 -0.0138802
0 -0.00405976 -0.0101129 -0.0128585
0 -0.00376217 -0.00936659 -0.0117988
0 -0.0034315 -0.00852367 -0.0107257
0 -0.00308452 -0.00761822 -0.00965223
0 -0.00272548 -0.00667715 -0.00857803
0 -0.00234857 -0.00571619 -0.00749106
0 -0.00194258 -0.00473866 -0.00637117
0 -0.00149463 -0.00373543 -0.00519273
0 -0.000993877 -0.00268785 -0.00392786
0 -0.000438881 -0.00157705 -0.00255403
0 0.000152646 -0.000398362 -0.00106577
0 0.000742739 0.000830475 0.000520423
0 0.00128775 0.00207672 0.00217594
0 0.00175818 0.00330811 0.00387583
0 0.00214827 0.00450293 0.00560673
0 0.00247187 0.00565116 0.00736406
0 0.00275155 0.00675023 0.00914383
0 0.00300722 0.00779859 0.0109342
0 0.00324841 0.00879026 0.0127098
0 0.0034736 0.00971444 0.0144317
0 0.00367577 0.0105591 0.0160529
0 0.00384861 0.011313 0.0175262
0 0.00399017 0.0119669 0.0188105
0 0.00410402 0.0125148 0.019874
0 0.00419621 0.0129531 0.0206945
0 0.00426749 0.0132749 0.0212534
0 0.00430833 0.0134644 0.0215314
0 0.00430294 0.0134993 0.0215105
0 0.0042401 0.01336 0.0211834
0 0.00412238 0.0130394 0.0205616
0 0.00396456 0.0125452 0.0196734
0 0.00378159 0.0118929 0.0185538
0 0.00358021 0.0110999 0.0172355
0 0.00336298 0.0101896 0.0157525
0 0.0031364 0.00919751 0.0141468
0 0.00290904 0.00816682 0.0124657
0 0.00267916 0.00713165 0.0107473
0 0.00242803 0.00610408 0.00900991
0 0.00213082 0.00507764 0.00726025
0 0.00177387 0.00404107 0.00550737
0 0.00136223 0.00298801 0.00376969
0 0.000915718 0.00191952 0.00207252
0 0.0004595 0.000842364 0.000441803
0 1.47647e-05 -0.000233616 -0.00110214
0 -0.000406541 -0.00129752 -0.00254809
0 -0.000804408 -0.00234079 -0.00389645
0 -0.00119325 -0.00336385 -0.00516306
0 -0.00159955 -0.00438019 -0.00637944
0 -0.00205004 -0.00541094 -0.00758379
0 -0.00255682 -0.0064735 -0.00880764
0 -0.00310941 -0.0075725 -0.0100671
0 -0.00367635 -0.00869546 -0.0113605
0 -0.00421208 -0.00981145 -0.0126696
0 -0.00466262 -0.0108687 -0.0139584
0 -0.00497526 -0.0117989 -0.0151763
0 -0.00512265 -0.0125413 -0.016279
0 -0.00512538 -0.0130725 -0.0172524
0 -0.00504668 -0.0134158 -0.0181135
0 -0.00496042 -0.0136242 -0.0188881
0 -0.00491654 -0.0137533 -0.0195848
0 -0.00492093 -0.0138357 -0.0201796
0 -0.00493542 -0.0138674 -0.020615
0 -0.0049012 -0.0138139 -0.020818
0 -0.00477368 -0.0136331 -0.0207298
0 -0.00454116 -0.0132924 -0.0203215
0 -0.00421492 -0.0127671 -0.0195866
0 -0.00380775 -0.01203 -0.0185219
0 -0.00332329 -0.0110508 -0.0171186
0 -0.00276092 -0.00980486 -0.0153678
0 -0.002127 -0.0082868 -0.0132716
0 -0.00144364 -0.00652038 -0.0108531
0 -0.000751494 -0.00456433 -0.00816146
0 -0.000110506 -0.00251639 -0.00527695
0 0.000401287 -0.000513829 -0.00231636
0 0.00070935 0.0012878 0.000582277
0 0.000793655 0.00277085 0.00330961
0 0.000731458 0.0039156 0.00583435
0 0.000683876 0.00481633 0.00820692
0 0.000824319 0.00564105 0.0105092
0 0.00125194 0.00655685 0.0127849
0 0.00194051 0.00765707 0.0149951
0 0.00274993 0.00892695 0.0170229
0 0.00349812 0.0102672 0.018725
0 0.00404941 0.0115508 0.0200001
0 0.00436334 0.0126693 0.0208267
0 0.00448859 0.0135532 0.021257
0 0.00452028 0.0141732 0.0213839
0 0.00454874 0.0145291 0.0213015
0 0.00462502 0.014639 0.0210771
0 0.00475524 0.0145334 0.0207469
0 0.00491311 0.0142533 0.0203246
0 0.00505296 0.0138396 0.0198073
0 0.00512639 0.0133274 0.0191859
0 0.00511935 0.0127687 0.0184774
0 0.00508239 0.0122612 0.0177581
0 0.00510361 0.0119297 0.0171449
0 0.00524311 0.0118694 0.0167374
0 0.00549048 0.0121012 0.0165744
0 0.00577074 0.0125648 0.016631
0 0.00598465 0.0131423 0.016844
0 0.00605455 0.013696 0.0171455
0 0.00595062 0.0141017 0.0174841
0 0.00568925 0.0142688 0.0178259
0 0.00531127 0.0141462 0.0181415
0 0.00485471 0.0137171 0.0183891
0 0.0043372 0.0129904 0.0185024
0 0.00375319 0.0119907 0.0183904
0 0.00307609 0.0107383 0.0179418
0 0.00226766 0.00923299 0.0170355
0 0.00130916 0.00746689 0.0155728
0 0.000241299 0.00546199 0.0135223
0 -0.000812528 0.00330994 0.0109545
0 -0.0016622 0.00118566 0.00804452
0 -0.00212152 -0.000693357 0.00502165
0 -0.0020973 -0.00214281 0.00209121
0 -0.00163253 -0.00306782 -0.000617674
0 -0.000883105 -0.00347502 -0.00305562
0 -5.62273e-05 -0.00345689 -0.00522115
0 0.000655569 -0.00316614 -0.00711924
0 0.00112616 -0.00277774 -0.0087266
0 0.00132262 -0.00243767 -0.00997694
0 0.00129697 -0.00222292 -0.010774
0 0.00114377 -0.00213926 -0.011026
0 0.000945077 -0.00215051 -0.0106885
0 0.000732349 -0.00221483 -0.00979396
0 0.000478013 -0.00231302 -0.00845774
0 0.000111831 -0.00246443 -0.00686369
0 -0.000445749 -0.00272801 -0.00522918
0 -0.00124529 -0.00318374 -0.00376248
0 -0.00228182 -0.00389964 -0.00263552
0 -0.00348818 -0.00490363 -0.00197191
0 -0.00474651 -0.00616745 -0.0018437
0 -0.00590862 -0.00760235 -0.00226989
0 -0.00681716 -0.00906789 -0.0032118
0 -0.00733146 -0.0103923 -0.004578
0 -0.00735936 -0.0114049 -0.00624423
0 -0.00688203 -0.0119718 -0.00807633
0 -0.00596257 -0.0120224 -0.00995143
0 -0.00474142 -0.0115655 -0.0117789
0 -0.00341248 -0.0106939 -0.0135046
0 -0.00217465 -0.0095714 -0.0150847
0 -0.00117837 -0.00839286 -0.0164514
0 -0.000493795 -0.00732814 -0.0175031
0 -0.000105362 -0.00647634 -0.018112
0 6.93131e-05 -0.00584963 -0.0181438
0 0.000134662 -0.00539235 -0.0174958
0 0.000169876 -0.00501712 -0.0161328
0 0.000210943 -0.00462834 -0.014094
0 0.000261485 -0.00413199 -0.0114745
0 0.000313305 -0.00344393 -0.00839981
0 0.0003652 -0.00250053 -0.0049988
0 0.000436033 -0.00126308 -0.0013787
0 0.000569694 0.000293071 0.00238429
0 0.000826797 0.00218767 0.00623801
0 0.00126246 0.00442548 0.0101371
0 0.00190229 0.00697442 0.0140262
0 0.00272983 0.00975162 0.0178327
0 0.00369005 0.0126273 0.021469
0 0.00470496 0.0154441 0.0248415
0 0.00569368 0.0180439 0.0278646
0 0.00658961 0.0202957 0.0304733
0 0.00735013 0.0221152 0.0326308
0 0.00795671 0.0234715 0.0343268
0 0.00840598 0.0243775 0.0355677
0 0.00869866 0.0248726 0.0363652
0 0.00883252 0.0250021 0.0367282
0 0.00880045 0.0248027 0.0366588
0 0.00859654 0.0242961 0.0361553
0 0.00823629 0.0235063 0.0352321
0 0.00777358 0.0224824 0.0339403
0 0.00727513 0.0212863 0.0323489
0 0.00676544 0.0199471 0.0304941
0 0.00620512 0.018438 0.0283553
0 0.00552604 0.0166989 0.0258816
0 0.00468792 0.0146832 0.0230391
0 0.00371144 0.0123909 0.019843
0 0.00267382 0.00987754 0.01636
0 0.00168108 0.0072461 0.0126932
0 0.000836595 0.00463064 0.00896411
0 0.000214671 0.00217526 0.0052931
0 -0.000154966 1.07475e-05 0.00178482
0 -0.000288306 -0.00176454 -0.00147601
0 -0.000238635 -0.00309766 -0.00442302
0 -8.54467e-05 -0.00399259 -0.00700841
0 7.7089e-05 -0.00451845 -0.00920319
0 0.000154757 -0.00480065 -0.0109959
0 7.23347e-05 -0.00498981 -0.0123901
0 -0.000211152 -0.00522695 -0.0134001
0 -0.000701122 -0.00562243 -0.0140531
0 -0.00138037 -0.00625137 -0.0144
0 -0.00222604 -0.00715979 -0.0145274
0 -0.00321403 -0.00836617 -0.0145549
0 -0.00430484 -0.00984879 -0.0146099
0 -0.00542736 -0.0115336 -0.0147922
0 -0.0064806 -0.013298 -0.0151535
0 -0.0073559 -0.0149886 -0.0157036
0 -0.00796466 -0.016446 -0.0164278
0 -0.00825933 -0.0175348 -0.0173003
0 -0.008244 -0.0181708 -0.0182942
0 -0.00797117 -0.0183392 -0.0193856
0 -0.00751996 -0.0180899 -0.0205461
0 -0.00696348 -0.0175136 -0.0217232
0 -0.00634827 -0.0167171 -0.0228262
0 -0.00569917 -0.0158083 -0.0237372
0 -0.00503967 -0.0148828 -0.0243443
0 -0.00440779 -0.0140179 -0.02457
0 -0.00385304 -0.0132663 -0.0243772
0 -0.00341647 -0.0126429 -0.0237586
0 -0.00310997 -0.0121161 -0.022719
0 -0.00291051 -0.011613 -0.0212674
0 -0.00277229 -0.0110385 -0.0194191
0 -0.00264601 -0.0103 -0.0172027
0 -0.00249093 -0.00932508 -0.0146623
0 -0.00227436 -0.00806957 -0.0118477
0 -0.00196646 -0.00651611 -0.00880208
0 -0.00154047 -0.00467017 -0.00556038
0 -0.000977089 -0.00255526 -0.00215321
0 -0.000265582 -0.000204432 0.0013931
0 0.000597658 0.00234839 0.00505789
0 0.00160756 0.00507028 0.00882321
0 0.00274482 0.00792596 0.0126659
0 0.00397041 0.0108718 0.0165496
0 0.00522522 0.0138491 0.0204219
0 0.00643753 0.0167823 0.0242171
0 0.00753676 0.0195849 0.0278638
0 0.00846873 0.0221694 0.0312927
0 0.00920435 0.0244585 0.034443
0 0.00973649 0.0263888 0.0372614
0 0.0100711 0.0279111 0.0396971
0 0.0102205 0.0289906 0.0416986
0 0.0102 0.029609 0.0432141
0 0.0100227 0.0297614 0.0441911
0 0.00969384 0.0294494 0.0445725
0 0.00921376 0.028679 0.0443011
0 0.00859331 0.0274715 0.0433371
0 0.00786805 0.0258766 0.0416777
0 0.00709697 0.0239734 0.0393631
0 0.00634629 0.0218585 0.0364676
0 0.00566742 0.0196257 0.0330834
0 0.0050816 0.0173491 0.0293058
0 0.00458047 0.0150764 0.0252289
0 0.00413844 0.0128323 0.0209488
0 0.0037239 0.0106246 0.0165621
0 0.00330386 0.00844991 0.0121589
0 0.00284858 0.00630274 0.00781807
0 0.00233972 0.004181 0.00361363
0 0.00177116 0.00208417 -0.000381352
0 0.00114027 6.16528e-06 -0.00410199
0 0.000441187 -0.00206643 -0.00750044
0 -0.00033212 -0.00414385 -0.01055
0 -0.00117899 -0.00622308 -0.0132426
0 -0.00209118 -0.00828889 -0.0155885
0 -0.00305805 -0.0103221 -0.0176188
0 -0.00406869 -0.0123061 -0.0193854
0 -0.00510683 -0.0142256 -0.0209521
0 -0.00614457 -0.0160623 -0.022383
0 -0.00714268 -0.0177936 -0.0237356
0 -0.00805603 -0.0193936 -0.0250559
0 -0.0088362 -0.0208308 -0.0263709
0 -0.00943221 -0.0220636 -0.0276799
0 -0.00979768 -0.0230419 -0.0289548
0 -0.00990677 -0.0237206 -0.0301501
0 -0.00976914 -0.0240759 -0.031219
0 -0.00943012 -0.0241141 -0.032121
0 -0.00895655 -0.0238669 -0.0328182
0 -0.00841982 -0.023383 -0.0332723
0 -0.00788288 -0.0227205 -0.0334443
0 -0.00739151 -0.0219372 -0.0332969
0 -0.00696783 -0.0210795 -0.0327953
0 -0.00660805 -0.0201725 -0.0319083
0 -0.00628907 -0.0192175 -0.0306142
0 -0.00598222 -0.0181994 -0.0289105
0 -0.00566536 -0.0170964 -0.0268209
0 -0.00532512 -0.0158854 -0.0243917
0 -0.00494946 -0.0145399 -0.0216788
0 -0.00451873 -0.0130255 -0.0187313
0 -0.00400736 -0.0113072 -0.0155852
0 -0.00339894 -0.00936888 -0.0122738
0 -0.00269859 -0.00722482 -0.00884079
0 -0.00192707 -0.00491376 -0.00533643
0 -0.00110375 -0.00248147 -0.00180349
0 -0.000236111 3.28821e-05 0.00173149
0 0.000677918 0.00259881 0.00525528
0 0.00164177 0.00519119 0.00876029
0 0.00265423 0.00778935 0.012239
0 0.00370606 0.0103766 0.0156807
0 0.00477678 0.0129358 0.0190698
0 0.00583406 0.0154434 0.0223824
0 0.00683975 0.0178687 0.0255894
0 0.00776071 0.0201786 0.0286623
0 0.00857769 0.0223434 0.0315788
0 0.00928699 0.0243406 0.0343236
0 0.00989566 0.0261536 0.0368854
0 0.0104157 0.0277718 0.0392536
0 0.0108603 0.0291902 0.0414156
0 0.0112412 0.0304092 0.0433565
0 0.0115654 0.0314328 0.045058
0 0.0118319 0.0322627 0.0464957
0 0.0120315 0.032895 0.0476394
0 0.0121519 0.0333218 0.0484575
0 0.012187 0.0335369 0.0489259
0 0.012144 0.0335429 0.0490367
0 0.0120425 0.033354 0.0487991
0 0.0119034 0.032988 0.0482327
0 0.0117362 0.0324569 0.0473565
0 0.0115367 0.0317644 0.046187
0 0.011296 0.0309124 0.0447449
0 0.0110095 0.0299082 0.043061
0 0.010675 0.0287626 0.0411725
0 0.010285 0.0274814 0.0391122
0 0.00982121 0.0260588 0.0368998
0 0.00925649 0.0244766 0.0345392
0 0.00856145 0.0227062 0.0320197
0 0.0077148 0.0207167 0.0293224
0 0.00671271 0.0184851 0.0264283
0 0.00557009 0.0160016 0.0233226
0 0.00431383 0.0132693 0.0199918
0 0.0029746 0.0103028 0.0164226
0 0.00158452 0.00713002 0.0126057
0 0.000178629 0.00379582 0.00854238
0 -0.00120564 0.000359874 0.0042479
0 -0.00253111 -0.00310812 -0.000250177
0 -0.00376606 -0.00653699 -0.0049155
0 -0.00489413 -0.00986777 -0.00971002
0 -0.00592164 -0.0130655 -0.0146009
0 -0.00687113 -0.0161206 -0.0195582
0 -0.00776559 -0.0190421 -0.0245432
0 -0.00862127 -0.0218499 -0.0294966
0 -0.00944979 -0.0245656 -0.0343392
0 -0.0102591 -0.0272046 -0.0389858
0 -0.0110533 -0.0297718 -0.0433577
0 -0.0118339 -0.0322595 -0.0473883
0 -0.0126002 -0.0346475 -0.0510267
0 -0.0133495 -0.0369045 -0.0542372
0 -0.0140743 -0.0389904 -0.0569976
0 -0.01476 -0.0408571 -0.0592933
0 -0.0153843 -0.0424527 -0.0611142
0 -0.0159236 -0.0437293 -0.0624567
0 -0.0163617 -0.0446557 -0.0633297
0 -0.0166935 -0.0452224 -0.0637554
0 -0.0169179 -0.0454382 -0.0637634
0 -0.0170283 -0.0453198 -0.0633804
0 -0.0170097 -0.0448844 -0.0626256
0 -0.0168417 -0.0441454 -0.0615098
0 -0.0165058 -0.043111 -0.0600386
0 -0.0159925 -0.0417859 -0.0582168
0 -0.015306 -0.0401741 -0.0560525
0 -0.0144654 -0.0382835 -0.0535593
0 -0.0135042 -0.036132 -0.0507589
0 -0.0124672 -0.0337523 -0.047683
0 -0.0114003 -0.0311903 -0.044369
0 -0.0103403 -0.0284976 -0.0408539
0 -0.00930886 -0.0257256 -0.0371709
0 -0.0083142 -0.0229217 -0.0333514
0 -0.00735677 -0.0201286 -0.0294294
0 -0.0064322 -0.0173801 -0.025442
0 -0.00553035 -0.0146951 -0.0214246
0 -0.00463551 -0.0120733 -0.0174055
0 -0.00372975 -0.00949893 -0.0134029
0 -0.00279585 -0.00694825 -0.00942586
0 -0.00181921 -0.00439296 -0.0054766
0 -0.000789175 -0.00180288 -0.00155289
0 0.000299478 0.000850294 0.00234965
0 0.00144534 0.00358873 0.00623572
0 0.00263935 0.0064238 0.0101091
0 0.00386415 0.00935273 0.0139706
0 0.00509838 0.0123589 0.0178185
0 0.00632539 0.0154168 0.0216556
0 0.00753775 0.0184976 0.0254936
0 0.00873376 0.0215717 0.0293492
0 0.00991121 0.0246095 0.0332348
0 0.0110624 0.0275814 0.0371504
0 0.0121717 0.0304583 0.0410798
0 0.013218 0.0332135 0.0449936
0 0.0141803 0.0358249 0.0488529
0 0.0150431 0.038275 0.0526128
0 0.0157975 0.04055 0.0562266
0 0.0164422 0.0426386 0.0596466
0 0.0169822 0.0445307 0.0628263
0 0.0174267 0.0462161 0.0657205
0 0.0177856 0.0476837 0.0682859
0 0.0180681 0.0489208 0.0704814
0 0.0182823 0.0499151 0.072271
0 0.0184363 0.0506581 0.0736266
0 0.0185387 0.0511461 0.0745305
0 0.0185968 0.0513812 0.074975
0 0.0186156 0.051371 0.0749628
0 0.0185966 0.0511278 0.0745079
0 0.0185365 0.050666 0.0736344
0 0.0184271 0.0499999 0.0723756
0 0.0182568 0.0491416 0.0707706
0 0.0180117 0.0480986 0.0688618
0 0.0176751 0.0468706 0.0666893
0 0.017229 0.0454492 0.064287
0 0.0166599 0.0438235 0.0616845
0 0.0159647 0.0419872 0.0589093
0 0.01515 0.0399414 0.0559861
0 0.0142281 0.0376938 0.052932
0 0.0132125 0.0352571 0.0497546
0 0.0121165 0.0326483 0.0464525
0 0.0109529 0.0298878 0.043018
0 0.00973372 0.0269973 0.0394396
0 0.00846887 0.0239965 0.0357031
0 0.00716637 0.0209 0.0317936
0 0.00583459 0.017719 0.0276995
0 0.00448476 0.0144638 0.0234183
0 0.00312825 0.0111428 0.0189557
0 0.0017715 0.00776022 0.0143212
0 0.000415839 0.00431659 0.00952284
0 -0.000938104 0.000814586 0.00456913
0 -0.00228721 -0.0027384 -0.000529382
0 -0.00362818 -0.0063347 -0.00576204
0 -0.00496206 -0.00997196 -0.0111207
0 -0.00629384 -0.013653 -0.0165981
0 -0.00762527 -0.0173785 -0.0221835
0 -0.0089494 -0.0211402 -0.0278539
0 -0.0102557 -0.0249213 -0.0335651
0 -0.0115389 -0.0286975 -0.0392573
0 -0.0128 -0.0324413 -0.0448698
0 -0.0140437 -0.0361255 -0.0503487
0 -0.0152723 -0.0397219 -0.0556446
0 -0.01648 -0.043197 -0.0607079
0 -0.0176527 -0.0465124 -0.0654894
0 -0.0187738 -0.0496296 -0.0699433
0 -0.0198303 -0.0525156 -0.0740318
0 -0.0208117 -0.0551431 -0.0777249
0 -0.0217038 -0.0574847 -0.0809991
0 -0.0224878 -0.0595125 -0.0838344
0 -0.0231473 -0.0612036 -0.0862152
0 -0.0236725 -0.0625449 -0.088132
0 -0.0240581 -0.0635305 -0.0895786
0 -0.024298 -0.0641563 -0.0905469
0 -0.0243828 -0.0644162 -0.0910238
0 -0.0243026 -0.0643018 -0.090992
0 -0.024052 -0.0638051 -0.0904343
0 -0.0236308 -0.062919 -0.0893364
0 -0.0230417 -0.0616357 -0.0876871
0 -0.0222887 -0.059947 -0.0854767
0 -0.0213759 -0.057846 -0.0826985
0 -0.0203088 -0.0553299 -0.0793496
0 -0.0190942 -0.0524025 -0.0754327
0 -0.0177415 -0.0490756 -0.0709579
0 -0.016263 -0.0453703 -0.0659442
0 -0.0146707 -0.0413135 -0.0604172
0 -0.0129727 -0.0369326 -0.0544054
0 -0.0111737 -0.032254 -0.0479396
0 -0.00928069 -0.0273063 -0.0410575
0 -0.0073063 -0.0221233 -0.0338077
0 -0.00526704 -0.0167411 -0.0262458
0 -0.00317778 -0.0111952 -0.0184297
0 -0.00105178 -0.00551988 -0.0104109
0 0.00109566 0.000246513 -0.00222962
0 0.00324504 0.00606093 0.00607919
0 0.00537145 0.0118771 0.014477
0 0.00744446 0.0176462 0.0229184
0 0.00943176 0.0233189 0.0313469
0 0.011309 0.0288482 0.0396879
0 0.0130676 0.0341894 0.0478514
0 0.0147101 0.0392985 0.0557423
0 0.0162412 0.0441313 0.0632671
0 0.0176623 0.0486434 0.070335
0 0.0189705 0.0527912 0.0768603
0 0.0201605 0.0565343 0.0827654
0 0.0212234 0.0598383 0.0879855
0 0.0221466 0.062675 0.0924737
0 0.0229157 0.06502 0.0961978
0 0.0235181 0.0668528 0.099134
0 0.0239445 0.0681598 0.101264
0 0.0241913 0.0689356 0.102576
0 0.0242608 0.0691843 0.103068
0 0.0241624 0.0689202 0.102744
0 0.0239091 0.0681665 0.101626
0 0.0235136 0.0669504 0.0997457
0 0.0229856 0.0653 0.0971492
0 0.0223323 0.0632447 0.0938932
0 0.0215592 0.0608152 0.0900444
0 0.0206711 0.0580442 0.085678
0 0.0196722 0.0549666 0.0808741
0 0.0185673 0.051619 0.0757148
0 0.0173623 0.0480398 0.0702804
0 0.0160646 0.0442677 0.0646471
0 0.0146837 0.0403422 0.0588842
0 0.0132323 0.0363029 0.053053
0 0.0117257 0.0321894 0.0472068
0 0.0101811 0.0280407 0.0413906
0 0.00861585 0.023892 0.0356402
0 0.00704627 0.019773 0.0299813
0 0.00548712 0.0157081 0.0244311
0 0.00395157 0.0117182 0.0189999
0 0.00245045 0.00782293 0.0136936
0 0.000993046 0.00404182 0.00851531
0 -0.000410147 0.000395122 0.00346936
0 -0.0017466 -0.00309716 -0.001437
0 -0.00300321 -0.0064172 -0.00619358
0 -0.00416764 -0.00955019 -0.0107874
0 -0.0052291 -0.0124837 -0.0152019
0 -0.00617969 -0.0152077 -0.0194177
0 -0.00701663 -0.0177166 -0.0234154
0 -0.0077451 -0.0200113 -0.0271783
0 -0.00837815 -0.0221004 -0.0306871
0 -0.00893173 -0.0239974 -0.033914
0 -0.00942019 -0.0257121 -0.0368252
0 -0.00985503 -0.0272456 -0.0393877
0 -0.010245 -0.0285933 -0.0415738
0 -0.0105964 -0.0297471 -0.0433632
0 -0.0109115 -0.0306967 -0.0447431
0 -0.0111873 -0.0314299 -0.0457066
0 -0.0114149 -0.0319332 -0.0462522
0 -0.0115828 -0.0321954 -0.0463857
0 -0.0116801 -0.0322101 -0.046122
0 -0.0116982 -0.0319772 -0.0454859
0 -0.0116304 -0.0315017 -0.0445079
0 -0.0114709 -0.0307911 -0.0432207
0 -0.0112155 -0.0298558 -0.0416571
0 -0.0108636 -0.0287092 -0.0398504
0 -0.0104198 -0.0273699 -0.0378348
0 -0.00989531 -0.025863 -0.0356467
0 -0.00930694 -0.0242197 -0.0333241
0 -0.00867375 -0.0224746 -0.030904
0 -0.00801324 -0.0206628 -0.02842
0 -0.00733885 -0.0188166 -0.0259002
0 -0.00665867 -0.0169634 -0.0233659
0 -0.00597594 -0.015124 -0.0208315
0 -0.0052914 -0.0133113 -0.0183056
0 -0.00460446 -0.0115304 -0.0157937
0 -0.00391299 -0.00977813 -0.0132969
0 -0.00321305 -0.00804336 -0.010812
0 -0.00249891 -0.00630875 -0.00833161
0 -0.00176391 -0.00455348 -0.00584438
0 -0.00100223 -0.00275665 -0.00333673
0 -0.000211673 -0.000901779 -0.000795537
0 0.000605477 0.00102065 0.00179061
0 0.00144562 0.00301466 0.00443331
0 0.00230789 0.00508255 0.00714744
0 0.00319481 0.00722671 0.00995138
0 0.00410879 0.00944803 0.0128634
0 0.00504803 0.0117435 0.0158968
0 0.00600526 0.0141051 0.0190583
0 0.00696887 0.016521 0.0223466
0 0.00792434 0.0189762 0.0257528
0 0.00885572 0.0214516 0.0292584
0 0.00974685 0.0239227 0.0328341
0 0.0105815 0.0263583 0.0364413
0 0.0113438 0.0287217 0.0400333
0 0.0120187 0.030972 0.0435563
0 0.0125923 0.0330635 0.0469473
0 0.013051 0.0349457 0.0501331
0 0.0133804 0.0365643 0.0530317
0 0.0135658 0.0378629 0.0555546
0 0.0135973 0.0387897 0.0576134
0 0.0134738 0.0393039 0.0591271
0 0.0132021 0.0393775 0.0600242
0 0.0127915 0.038993 0.0602411
0 0.01225 0.0381404 0.0597213
0 0.0115826 0.0368163 0.058418
0 0.0107901 0.0350222 0.0562993
0 0.00987188 0.0327643 0.0533526
0 0.00883228 0.0300574 0.0495915
0 0.00768396 0.0269281 0.0450589
0 0.00644556 0.0234142 0.0398232
0 0.00513688 0.0195614 0.0339715
0 0.00377577 0.015422 0.027605
0 0.00237711 0.0110544 0.0208349
0 0.000953365 0.00652246 0.0137757
0 -0.000484357 0.00189405 0.00653588
0 -0.00192395 -0.00275817 -0.000786161
0 -0.00334719 -0.00735802 -0.00809614
0 -0.00472763 -0.0118297 -0.0152986
0 -0.0060334 -0.0161032 -0.022296
0 -0.00723193 -0.02012 -0.0289824
0 -0.00829753 -0.0238322 -0.0352375
0 -0.00921479 -0.027191 -0.0409378
0 -0.0099743 -0.0301409 -0.0459673
0 -0.0105702 -0.0326243 -0.0502232
0 -0.011002 -0.0345891 -0.0536216
0 -0.0112768 -0.0359974 -0.0561028
0 -0.0114095 -0.0368317 -0.0576337
0 -0.0114189 -0.0370949 -0.0582059
0 -0.0113226 -0.0368075 -0.057833
0 -0.0111347 -0.036006 -0.0565524
0 -0.0108648 -0.0347397 -0.0544264
0 -0.0105164 -0.0330647 -0.0515383
0 -0.0100853 -0.0310366 -0.047986
0 -0.00956377 -0.0287091 -0.0438794
0 -0.00894839 -0.026136 -0.0393407
0 -0.00824498 -0.0233743 -0.0345025
0 -0.00746748 -0.0204822 -0.0295002
0 -0.00663298 -0.0175162 -0.0244608
0 -0.00575751 -0.0145298 -0.0194903
0 -0.00485399 -0.011572 -0.0146677
0 -0.00393314 -0.00868362 -0.0100521
0 -0.00300676 -0.00589752 -0.00569219
0 -0.00208915 -0.0032416 -0.00162889
0 -0.00119634 -0.000740648 0.00210333
0 -0.000345458 0.00158098 0.00547595
0 0.000448032 0.00369959 0.00846755
0 0.00117572 0.0055973 0.0110687
0 0.00183826 0.00726623 0.0132838
0 0.00244092 0.00870744 0.0151272
0 0.00298725 0.00992677 0.0166176
0 0.00347605 0.010932 0.0177749
0 0.00390222 0.0117324 0.0186208
0 0.00425922 0.012338 0.0191784
0 0.00454075 0.0127591 0.0194723
0 0.00474141 0.0130043 0.0195273
0 0.00485714 0.0130803 0.0193663
0 0.00488654 0.0129926 0.0190108
0 0.00483259 0.0127475 0.0184807
0 0.00470281 0.0123535 0.0177951
0 0.00450703 0.0118212 0.0169705
0 0.00425482 0.0111617 0.0160192
0 0.00395422 0.0103869 0.0149493
0 0.00361229 0.00950953 0.0137661
0 0.00323663 0.00854416 0.0124744
0 0.00283675 0.00750828 0.0110812
0 0.0024238 0.00642163 0.00959677
0 0.00200781 0.00530342 0.0080328
0 0.00159433 0.0041685 0.00640009
0 0.00118397 0.00302614 0.00470791
0 0.00077594 0.00188247 0.00296674
0 0.000372312 0.000744195 0.0011919
0 -1.92734e-05 -0.000378131 -0.00059398
0 -0.000385471 -0.00146809 -0.00236025
0 -0.00071006 -0.00250371 -0.00407033
0 -0.000978191 -0.00345953 -0.00568512
0 -0.0011792 -0.00430853 -0.00716546
0 -0.00130714 -0.00502342 -0.00847273
0 -0.00136063 -0.00557869 -0.00956966
0 -0.00134339 -0.00595384 -0.0104226
0 -0.00126355 -0.00613578 -0.0110032
0 -0.00113056 -0.00611814 -0.0112879
0 -0.000951199 -0.0058989 -0.0112558
0 -0.000727671 -0.00547853 -0.0108882
0 -0.000459091 -0.00485972 -0.0101715
0 -0.000144387 -0.00404829 -0.00910019
0 0.000215761 -0.00305386 -0.00767779
0 0.000617861 -0.00188997 -0.00591797
0 0.00105483 -0.000574478 -0.00384469
0 0.00151652 0.000870194 -0.00149118
0 0.00199258 0.00241941 0.00110284
0 0.00247654 0.00405057 0.00389465
0 0.00296721 0.00574539 0.00684092
0 0.00346607 0.00748869 0.00989694
0 0.00397275 0.00926506 0.0130137
0 0.00448179 0.011055 0.0161365
0 0.00498279 0.0128337 0.0192053
0 0.00546393 0.0145731 0.0221585
0 0.00591598 0.0162442 0.0249374
0 0.00633353 0.0178158 0.0274905
0 0.0067126 0.0192535 0.0297715
0 0.0070478 0.0205205 0.0317384
0 0.00733176 0.0215808 0.0333545
0 0.00755583 0.0224033 0.0345893
0 0.0077096 0.0229617 0.0354179
0 0.0077797 0.0232334 0.035818
0 0.00774969 0.0231972 0.0357686
0 0.00760203 0.0228338 0.035251
0 0.00732114 0.0221264 0.0342498
0 0.00689628 0.0210624 0.0327552
0 0.00632226 0.0196342 0.0307625
0 0.00559806 0.017838 0.0282711
0 0.00472482 0.015673 0.0252826
0 0.00370537 0.0131413 0.0218009
0 0.00254505 0.0102499 0.0178316
0 0.00125205 0.00701202 0.0133829
0 -0.000161701 0.00344855 0.00846713
0 -0.00167903 -0.000411926 0.00310183
0 -0.00327666 -0.00453388 -0.00268778
0 -0.00492676 -0.0088748 -0.00886787
0 -0.00659941 -0.0133849 -0.0153947
0 -0.00826317 -0.0180082 -0.022213
0 -0.00988612 -0.0226861 -0.0292506
0 -0.0114405 -0.0273605 -0.0364136
0 -0.0129075 -0.0319728 -0.0435899
0 -0.0142763 -0.0364617 -0.0506599
0 -0.0155402 -0.0407621 -0.0575019
0 -0.0166911 -0.0448045 -0.0639941
0 -0.0177173 -0.0485156 -0.0700165
0 -0.0186035 -0.0518212 -0.0754546
0 -0.0193334 -0.0546502 -0.0802031
0 -0.0198909 -0.0569381 -0.0841696
0 -0.0202591 -0.0586295 -0.087278
0 -0.0204217 -0.0596842 -0.0894682
0 -0.0203691 -0.0600806 -0.0906931
0 -0.0201039 -0.0598163 -0.0909166
0 -0.0196401 -0.0589081 -0.0901155
0 -0.0190004 -0.0573907 -0.0882872
0 -0.018213 -0.055312 -0.0854571
0 -0.0173084 -0.0527293 -0.0816809
0 -0.0163146 -0.0497053 -0.0770409
0 -0.0152534 -0.0463041 -0.0716421
0 -0.0141371 -0.0425876 -0.0656057
0 -0.0129699 -0.0386142 -0.0590644
0 -0.0117517 -0.0344387 -0.0521567
0 -0.0104822 -0.0301148 -0.045023
0 -0.00916485 -0.0256976 -0.0378007
0 -0.00780784 -0.0212436 -0.0306168
0 -0.00642145 -0.0168091 -0.0235779
0 -0.00501466 -0.0124444 -0.0167602
0 -0.0035929 -0.00818859 -0.0102108
0 -0.00215846 -0.00406517 -0.0039552
0 -0.000712987 -8.37605e-05 0.0019962
0 0.000740176 0.00375684 0.00764346
0 0.00219544 0.00746559 0.0129942
0 0.00364506 0.0110555 0.0180612
0 0.00507954 0.0145417 0.0228595
0 0.00648983 0.0179391 0.0274052
0 0.0078711 0.0212592 0.0317196
0 0.00922463 0.0245098 0.0358333
0 0.0105546 0.027696 0.0397839
0 0.0118627 0.0308183 0.043611
0 0.013145 0.0338715 0.0473503
0 0.0143922 0.036845 0.0510272
0 0.0155901 0.0397236 0.0546565
0 0.0167211 0.0424892 0.0582422
0 0.0177679 0.0451225 0.0617777
0 0.0187155 0.0476032 0.0652465
0 0.019552 0.0499111 0.068622
0 0.0202674 0.052025 0.0718682
0 0.020854 0.0539231 0.0749401
0 0.0213076 0.055584 0.0777866
0 0.0216287 0.0569881 0.0803535
0 0.0218224 0.058118 0.0825864
0 0.0218978 0.0589595 0.084433
0 0.0218663 0.0595017 0.0858448
0 0.0217409 0.0597376 0.0867793
0 0.0215345 0.0596644 0.087201
0 0.0212589 0.059284 0.0870825
0 0.0209229 0.0586021 0.0864057
0 0.0205296 0.0576261 0.0851642
0 0.0200747 0.0563617 0.083363
0 0.0195467 0.05481 0.0810172
0 0.0189298 0.0529681 0.0781507
0 0.0182075 0.0508305 0.0747957
0 0.0173647 0.0483907 0.0709901
0 0.0163895 0.0456423 0.0667738
0 0.0152725 0.0425798 0.0621846
0 0.0140078 0.0392001 0.0572557
0 0.0125928 0.0355039 0.0520135
0 0.0110295 0.0314967 0.046477
0 0.00932415 0.0271905 0.0406589
0 0.00748712 0.0226034 0.034567
0 0.0055313 0.0177564 0.0282053
0 0.00346991 0.0126716 0.0215753
0 0.00131465 0.00737185 0.0146748
0 -0.000923286 0.0018822 0.00749748
0 -0.00322984 -0.00377254 3.32794e-05
0 -0.00558557 -0.00956938 -0.00772666
0 -0.00796514 -0.0154856 -0.0157867
0 -0.0103384 -0.0214957 -0.0241453
0 -0.0126722 -0.0275686 -0.032795
0 -0.0149354 -0.0336657 -0.0417157
0 -0.0171051 -0.0397443 -0.0508599
0 -0.0191703 -0.0457661 -0.0601449
0 -0.0211291 -0.0516948 -0.0694659
0 -0.0229884 -0.057491 -0.0787115
0 -0.0247614 -0.0631109 -0.0877702
0 -0.026464 -0.0685092 -0.0965295
0 -0.0281071 -0.0736432 -0.104883
0 -0.0296876 -0.0784692 -0.112743
0 -0.0311931 -0.0829386 -0.120043
0 -0.0326078 -0.0870035 -0.126727
0 -0.033912 -0.0906219 -0.132742
0 -0.0350822 -0.0937591 -0.138041
0 -0.0360926 -0.0963883 -0.14258
0 -0.0369168 -0.0984893 -0.146323
0 -0.0375292 -0.100047 -0.149234
0 -0.037906 -0.101051 -0.151279
0 -0.0380253 -0.10149 -0.15243
0 -0.0378727 -0.101355 -0.152661
0 -0.0374496 -0.100637 -0.151952
0 -0.0367731 -0.0993257 -0.150294
0 -0.0358715 -0.0974151 -0.147695
0 -0.0347785 -0.0949068 -0.144183
0 -0.0335251 -0.0918142 -0.1398
0 -0.0321331 -0.0881621 -0.134598
0 -0.0306121 -0.0839848 -0.128635
0 -0.0289619 -0.0793241 -0.121971
0 -0.0271773 -0.0742261 -0.114668
0 -0.0252552 -0.0687406 -0.106792
0 -0.0231984 -0.0629206 -0.0984107
0 -0.021018 -0.0568218 -0.0895976
0 -0.0187314 -0.0504976 -0.0804276
0 -0.0163601 -0.0439967 -0.0709736
0 -0.0139262 -0.0373628 -0.061302
0 -0.0114524 -0.0306358 -0.0514714
0 -0.00896136 -0.0238535 -0.0415341
0 -0.00647363 -0.0170528 -0.0315363
0 -0.00400622 -0.0102695 -0.0215166
0 -0.00157233 -0.00353811 -0.0115047
0 0.000818263 0.00310803 -0.00152287
0 0.00315728 0.00963505 0.00840842
0 0.00543349 0.0160047 0.0182675
0 0.00763172 0.0221742 0.0280281
0 0.00973644 0.0281007 0.0376565
0 0.0117328 0.033754 0.0470954
0 0.0136088 0.0391284 0.0562501
0 0.0153602 0.0442282 0.0650077
0 0.0169863 0.0490527 0.073261
0 0.0184858 0.0535928 0.080915
0 0.0198622 0.0578298 0.0878905
0 0.0211253 0.0617357 0.0941259
0 0.0222868 0.0652748 0.0995793
0 0.0233536 0.0684068 0.104231
0 0.0243233 0.0710955 0.108079
0 0.0251892 0.0733152 0.111128
0 0.0259438 0.07505 0.113386
0 0.0265792 0.0762946 0.114864
0 0.0270878 0.0770545 0.115582
0 0.0274622 0.077344 0.115567
0 0.0276924 0.0771842 0.114859
0 0.0277668 0.0766028 0.113513
0 0.0276755 0.075633 0.111592
0 0.0274143 0.0743121 0.10917
0 0.0269874 0.072678 0.106325
0 0.0264065 0.0707671 0.103139
0 0.0256882 0.0686121 0.0996886
0 0.0248511 0.0662433 0.0960436
0 0.0239161 0.0636905 0.0922654
0 0.0229042 0.0609854 0.0884055
0 0.0218337 0.0581603 0.0845034
0 0.0207178 0.0552465 0.0805858
0 0.0195648 0.0522725 0.0766663
0 0.0183801 0.0492631 0.0727479
0 0.0171669 0.0462371 0.0688253
0 0.0159258 0.043204 0.064886
0 0.0146553 0.0401623 0.0609112
0 0.0133527 0.0370998 0.0568771
0 0.0120152 0.0339952 0.052757
0 0.0106404 0.0308209 0.0485234
0 0.00922511 0.0275458 0.0441482
0 0.00776413 0.024138 0.0396027
0 0.0062488 0.0205672 0.0348574
0 0.00466697 0.016807 0.0298813
0 0.00300497 0.0128355 0.0246424
0 0.00125128 0.00863721 0.0191096
0 -0.000598632 0.00420552 0.013258
0 -0.00253899 -0.000454951 0.00707248
0 -0.00455374 -0.00532853 0.000547229
0 -0.00661974 -0.0103896 -0.00631705
0 -0.00871112 -0.0156032 -0.0135148
0 -0.0108009 -0.0209272 -0.0210338
0 -0.0128605 -0.026314 -0.0288529
0 -0.0148603 -0.0317122 -0.036942
0 -0.0167711 -0.0370691 -0.0452628
0 -0.0185673 -0.0423325 -0.0537695
0 -0.020231 -0.0474577 -0.0624056
0 -0.0217528 -0.0524124 -0.0711027
0 -0.0231314 -0.0571763 -0.0797807
0 -0.0243733 -0.0617405 -0.088346
0 -0.0254953 -0.0661037 -0.0966925
0 -0.0265258 -0.0702651 -0.10471
0 -0.0274978 -0.0742208 -0.112294
0 -0.0284405 -0.0779613 -0.119347
0 -0.0293762 -0.0814721 -0.125785
0 -0.0303196 -0.0847349 -0.131535
0 -0.0312774 -0.0877292 -0.13654
0 -0.0322473 -0.0904306 -0.140761
0 -0.0332184 -0.092809 -0.144174
0 -0.0341708 -0.094831 -0.146771
0 -0.0350756 -0.096465 -0.148547
0 -0.035897 -0.0976802 -0.149507
0 -0.0365919 -0.0984421 -0.149665
0 -0.0371092 -0.0987134 -0.149047
0 -0.0373928 -0.0984564 -0.147689
0 -0.037387 -0.0976365 -0.14563
0 -0.037047 -0.0962259 -0.142913
0 -0.036351 -0.0942057 -0.139581
0 -0.0353037 -0.0915693 -0.135675
0 -0.033933 -0.0883275 -0.131229
0 -0.0322819 -0.0845089 -0.126271
0 -0.0303997 -0.0801579 -0.120815
0 -0.0283351 -0.0753319 -0.114869
0 -0.0261346 -0.0700987 -0.108434
0 -0.0238437 -0.0645361 -0.101517
0 -0.0215052 -0.0587256 -0.0941332
0 -0.0191558 -0.0527447 -0.0863092
0 -0.0168235 -0.0466602 -0.0780806
0 -0.014528 -0.0405275 -0.0694938
0 -0.0122827 -0.0343921 -0.0606039
0 -0.0100983 -0.0282904 -0.0514714
0 -0.00798534 -0.0222501 -0.0421607
0 -0.00595312 -0.0162926 -0.0327388
0 -0.00400863 -0.0104356 -0.023271
0 -0.00215464 -0.00469549 -0.013815
0 -0.000386798 0.000913164 -0.00441856
0 0.00130804 0.00637902 0.00488014
0 0.00294963 0.0116938 0.0140526
0 0.00455771 0.0168521 0.0230769
0 0.00614796 0.0218506 0.0319311
0 0.00773093 0.0266975 0.0405743
0 0.00931139 0.0314223 0.0489356
0 0.0108962 0.036058 0.0569354
0 0.0125016 0.0406229 0.0645028
0 0.0141481 0.0451186 0.0715815
0 0.0158533 0.0495317 0.0781324
0 0.017626 0.0538376 0.0841322
0 0.0194571 0.058004 0.0895713
0 0.0213163 0.0619927 0.0944501
0 0.0231612 0.0657589 0.0987766
0 0.0249438 0.0692509 0.102564
0 0.0266136 0.072411 0.105827
0 0.0281216 0.0751787 0.108581
0 0.0294239 0.0774967 0.110835
0 0.0304832 0.0793161 0.112591
0 0.0312631 0.0805962 0.11384
0 0.0317263 0.0813027 0.11456
0 0.0318367 0.0814074 0.114717
0 0.0315686 0.0808885 0.114272
0 0.0309181 0.0797317 0.113179
0 0.0299067 0.0779305 0.111389
0 0.0285749 0.0754856 0.108854
0 0.0269737 0.0724073 0.10553
0 0.0251574 0.0687161 0.101378
0 0.0231764 0.0644435 0.0963697
0 0.0210729 0.0596306 0.0904916
0 0.0188781 0.0543255 0.0837491
0 0.0166124 0.0485806 0.0761671
0 0.0142883 0.0424504 0.0677908
0 0.0119126 0.0359886 0.0586844
0 0.00948716 0.0292459 0.0489312
0 0.00701061 0.0222692 0.0386303
0 0.00448453 0.0151024 0.0278886
0 0.0019177 0.00778879 0.0168099
0 -0.000674823 0.000376402 0.00548547
0 -0.00327288 -0.00707819 -0.00600801
0 -0.00585077 -0.0145128 -0.0175999
0 -0.00837906 -0.0218624 -0.0292184
0 -0.0108277 -0.0290594 -0.04079
0 -0.0131679 -0.036039 -0.0522318
0 -0.0153738 -0.0427452 -0.0634432
0 -0.0174243 -0.049129 -0.0743088
0 -0.0193046 -0.0551467 -0.0846995
0 -0.0210099 -0.0607561 -0.0944771
0 -0.0225443 -0.0659115 -0.103507
0 -0.0239134 -0.070566 -0.111666
0 -0.0251199 -0.0746748 -0.118845
0 -0.0261628 -0.0781967 -0.124948
0 -0.0270365 -0.0810956 -0.129901
0 -0.0277324 -0.083341 -0.133644
0 -0.0282412 -0.0849084 -0.136139
0 -0.0285536 -0.0857788 -0.13737
0 -0.0286605 -0.0859379 -0.137339
0 -0.0285536 -0.0853758 -0.136075
0 -0.0282253 -0.0840906 -0.133632
0 -0.0276705 -0.0820919 -0.130088
0 -0.0268863 -0.0794023 -0.125534
0 -0.0258725 -0.0760574 -0.120075
0 -0.0246331 -0.0721041 -0.113818
0 -0.0231781 -0.0676004 -0.10687
0 -0.0215263 -0.0626159 -0.0993391
0 -0.0197053 -0.0572311 -0.0913306
0 -0.0177513 -0.0515361 -0.0829516
0 -0.0157048 -0.0456258 -0.0743057
0 -0.0136071 -0.0395941 -0.0654909
0 -0.011498 -0.0335281 -0.0565971
0 -0.00941377 -0.0275062 -0.0477059
0 -0.00738604 -0.0215982 -0.0388918
0 -0.00544127 -0.0158672 -0.0302237
0 -0.00360138 -0.0103706 -0.0217645
0 -0.00188454 -0.00515904 -0.0135712
0 -0.000305062 -0.000274153 -0.00569519
0 0.0011281 0.00425315 0.001818
0 0.00241225 0.00840247 0.00893064
0 0.00354879 0.0121626 0.0156105
0 0.00453988 0.0155298 0.0218265
0 0.00538751 0.0185058 0.027547
0 0.00609514 0.0211011 0.0327335
0 0.00666823 0.0233382 0.0373329
0 0.00711609 0.0252437 0.0412881
0 0.00745488 0.0268386 0.0445515
0 0.00770812 0.028136 0.0470907
0 0.00790455 0.0291415 0.0488898
0 0.00807304 0.0298561 0.0499485
0 0.00823559 0.030278 0.050282
0 0.00840092 0.0304035 0.0499215
0 0.00856073 0.0302274 0.0489136
0 0.00869158 0.0297439 0.0473161
0 0.00876007 0.0289483 0.0451938
0 0.00872801 0.0278385 0.0426154
0 0.00855741 0.026416 0.0396504
0 0.00821523 0.0246856 0.0363651
0 0.00767797 0.0226564 0.0328185
0 0.00693537 0.0203421 0.0290596
0 0.00599192 0.0177598 0.0251268
0 0.0048664 0.0149299 0.0210497
0 0.00358964 0.0118756 0.0168512
0 0.00220035 0.00862483 0.0125478
0 0.000739968 0.00521152 0.0081509
0 -0.000751705 0.00167593 0.00366845
0 -0.00223897 -0.00193505 -0.000891772
0 -0.00369132 -0.00556943 -0.00552013
0 -0.00508444 -0.00917351 -0.0102046
0 -0.00640112 -0.0126965 -0.014931
0 -0.00763059 -0.0160946 -0.0196823
0 -0.00876572 -0.019333 -0.0244368
0 -0.0098001 -0.0223853 -0.0291651
0 -0.0107267 -0.0252321 -0.0338297
0 -0.0115375 -0.0278592 -0.0383842
0 -0.0122242 -0.030256 -0.042773
0 -0.0127796 -0.0324143 -0.0469316
0 -0.0132011 -0.0343251 -0.0507929
0 -0.0134921 -0.0359774 -0.0542919
0 -0.0136614 -0.0373588 -0.0573671
0 -0.0137223 -0.0384572 -0.0599602
0 -0.0136918 -0.0392621 -0.0620172
0 -0.0135878 -0.0397643 -0.0634917
0 -0.0134268 -0.0399559 -0.0643458
0 -0.0132211 -0.0398307 -0.0645513
0 -0.0129789 -0.0393858 -0.0640907
0 -0.0127017 -0.0386214 -0.0629618
0 -0.0123831 -0.0375385 -0.0611786
0 -0.0120067 -0.0361359 -0.0587675
0 -0.0115478 -0.0344098 -0.0557631
0 -0.0109792 -0.032356 -0.052207
0 -0.0102778 -0.0299734 -0.0481474
0 -0.00943033 -0.0272672 -0.04364
0 -0.00843575 -0.0242511 -0.0387472
0 -0.007304 -0.0209464 -0.0335344
0 -0.00605172 -0.0173807 -0.0280646
0 -0.00469752 -0.0135869 -0.0223937
0 -0.00325906 -0.00960285 -0.0165679
0 -0.00175367 -0.00547074 -0.0106256
0 -0.000200818 -0.00123615 -0.00460135
0 0.00137615 0.00305203 0.00147095
0 0.00295065 0.00734191 0.00755692
0 0.00449579 0.0115809 0.013622
0 0.00598815 0.0157189 0.0196326
0 0.00740925 0.0197116 0.0255568
0 0.00874481 0.0235211 0.0313648
0 0.00998491 0.0271159 0.037024
0 0.0111223 0.0304732 0.0424927
0 0.0121483 0.0335812 0.0477148
0 0.0130526 0.0364325 0.0526256
0 0.0138274 0.0390172 0.0571574
0 0.0144719 0.0413213 0.0612428
0 0.0149922 0.0433283 0.0648211
0 0.0154003 0.0450219 0.0678423
0 0.0157117 0.0463883 0.0702686
0 0.0159411 0.0474167 0.0720734
0 0.0160982 0.0480986 0.0732393
0 0.0161858 0.0484273 0.0737569
0 0.0161993 0.048397 0.0736243
0 0.0161274 0.0480027 0.0728504
0 0.0159547 0.0472412 0.0714557
0 0.0156652 0.046112 0.0694725
0 0.0152448 0.0446187 0.0669427
0 0.0146828 0.0427684 0.0639143
0 0.0139723 0.0405723 0.0604384
0 0.0131106 0.0380448 0.0565653
0 0.0120996 0.0352036 0.0523423
0 0.0109452 0.0320698 0.0478124
0 0.0096579 0.0286676 0.0430142
0 0.00825341 0.0250258 0.0379818
0 0.00675176 0.0211783 0.0327461
0 0.00517652 0.0171638 0.0273357
0 0.00355365 0.0130248 0.0217782
0 0.00190816 0.00880535 0.0160982
0 0.000260072 0.00454776 0.0103149
0 -0.00137683 0.000289271 0.00444328
0 -0.00299218 -0.00393955 -0.00150193
0 -0.00457465 -0.00811324 -0.00750246
0 -0.0061095 -0.0122095 -0.0135343
0 -0.00758003 -0.0162084 -0.0195684
0 -0.0089718 -0.0200924 -0.0255734
0 -0.0102755 -0.0238462 -0.0315173
0 -0.011487 -0.027456 -0.0373691
0 -0.0126073 -0.0309109 -0.0430978
0 -0.0136425 -0.0342059 -0.0486713
0 -0.0146041 -0.0373418 -0.0540572
0 -0.0155052 -0.0403214 -0.0592248
0 -0.0163581 -0.0431473 -0.0641441
0 -0.0171726 -0.045823 -0.0687823
0 -0.0179566 -0.0483523 -0.0731059
0 -0.0187155 -0.050736 -0.0770855
0 -0.0194515 -0.0529695 -0.0806958
0 -0.020163 -0.0550421 -0.083915
0 -0.020845 -0.0569379 -0.0867258
0 -0.0214899 -0.058638 -0.0891169
0 -0.0220885 -0.060123 -0.0910839
0 -0.0226304 -0.0613759 -0.0926293
0 -0.0231049 -0.0623825 -0.0937619
0 -0.0235001 -0.0631316 -0.0944945
0 -0.0238028 -0.0636133 -0.0948421
0 -0.0239982 -0.0638183 -0.0948201
0 -0.0240689 -0.0637365 -0.0944427
0 -0.0239964 -0.0633568 -0.0937199
0 -0.0237655 -0.0626683 -0.092658
0 -0.0233683 -0.0616638 -0.0912603
0 -0.0228063 -0.0603416 -0.0895282
0 -0.0220893 -0.058706 -0.0874616
0 -0.0212333 -0.0567668 -0.0850581
0 -0.0202567 -0.054539 -0.0823137
0 -0.0191789 -0.0520418 -0.0792242
0 -0.0180188 -0.0492983 -0.075787
0 -0.0167939 -0.0463342 -0.0720026
0 -0.0155197 -0.0431762 -0.0678764
0 -0.014209 -0.0398503 -0.0634198
0 -0.0128726 -0.0363818 -0.0586508
0 -0.0115198 -0.0327951 -0.0535955
0 -0.0101576 -0.0291129 -0.0482868
0 -0.00879082 -0.0253556 -0.0427626
0 -0.00742254 -0.0215412 -0.0370616
0 -0.00605372 -0.0176848 -0.0312229
0 -0.004684 -0.0137989 -0.0252846
0 -0.00331339 -0.0098954 -0.0192844
0 -0.00194391 -0.00598726 -0.0132582
0 -0.0005805 -0.00209127 -0.00724013
0 0.000769305 0.00177248 -0.00126148
0 0.00209667 0.00558268 0.00464899
0 0.00339292 0.00931797 0.010465
0 0.00465032 0.0129572 0.0161633
0 0.00586263 0.0164801 0.0217231
0 0.00702457 0.0198675 0.0271262
0 0.00813136 0.0231012 0.032355
0 0.00917859 0.0261664 0.0373863
0 0.010161 0.0290568 0.042186
0 0.0110734 0.0317723 0.0467134
0 0.0119133 0.0343131 0.05093
0 0.0126824 0.0366761 0.0548012
0 0.0133863 0.0388525 0.0582959
0 0.0140307 0.0408275 0.0613875
0 0.014617 0.0425815 0.0640533
0 0.0151416 0.0440913 0.0662736
0 0.0155968 0.0453337 0.0680322
0 0.0159721 0.0462882 0.0693183
0 0.0162561 0.0469384 0.0701263
0 0.0164365 0.0472717 0.0704546
0 0.0165008 0.0472787 0.070306
0 0.0164375 0.0469538 0.0696883
0 0.0162379 0.0462956 0.0686144
0 0.015898 0.045307 0.0671006
0 0.0154179 0.0439944 0.0651652
0 0.0148015 0.0423679 0.0628279
0 0.0140558 0.0404411 0.0601094
0 0.0131908 0.0382308 0.0570316
0 0.0122191 0.0357568 0.0536166
0 0.0111549 0.0330422 0.0498873
0 0.0100119 0.0301118 0.0458673
0 0.00880321 0.026992 0.0415807
0 0.00754179 0.0237106 0.0370527
0 0.00624022 0.0202963 0.0323103
0 0.00491043 0.0167783 0.0273826
0 0.00356405 0.0131852 0.0222996
0 0.00221292 0.00954607 0.017091
0 0.000869035 0.0058918 0.0117845
0 -0.000455477 0.00225329 0.00640892
0 -0.00174827 -0.00134155 0.000995751
0 -0.00299695 -0.00486848 -0.00442095
0 -0.0041901 -0.0083067 -0.00980594
0 -0.0053194 -0.0116393 -0.0151247
0 -0.00638154 -0.0148537 -0.0203452
0 -0.00737798 -0.0179406 -0.0254386
0 -0.00831273 -0.0208925 -0.0303774
0 -0.00918953 -0.0237031 -0.0351326
0 -0.0100105 -0.0263673 -0.0396716
0 -0.0107767 -0.0288789 -0.0439605
0 -0.0114904 -0.0312306 -0.0479672
0 -0.0121543 -0.0334139 -0.0516631
0 -0.0127708 -0.0354203 -0.0550228
0 -0.0133409 -0.0372416 -0.0580233
0 -0.0138645 -0.0388697 -0.060644
0 -0.0143407 -0.0402967 -0.0628687
0 -0.0147682 -0.0415152 -0.0646874
0 -0.0151451 -0.0425187 -0.0660962
0 -0.0154684 -0.0433013 -0.067096
0 -0.0157329 -0.0438572 -0.067692
0 -0.0159323 -0.0441805 -0.0678937
0 -0.0160582 -0.0442662 -0.0677151
0 -0.0161012 -0.0441104 -0.0671749
0 -0.0160508 -0.0437104 -0.0662937
0 -0.0158961 -0.0430645 -0.0650914
0 -0.0156276 -0.0421716 -0.0635859
0 -0.0152394 -0.0410329 -0.0617938
0 -0.0147315 -0.039653 -0.0597303
0 -0.01411 -0.0380408 -0.0574099
0 -0.0133851 -0.0362091 -0.0548461
0 -0.0125714 -0.0341748 -0.0520523
0 -0.0116862 -0.0319604 -0.0490429
0 -0.0107484 -0.0295927 -0.045834
0 -0.00977616 -0.0271015 -0.0424429
0 -0.00878517 -0.0245168 -0.0388885
0 -0.00778801 -0.0218676 -0.0351913
0 -0.0067948 -0.0191806 -0.0313742
0 -0.005814 -0.0164799 -0.027463
0 -0.00485295 -0.0137873 -0.0234861
0 -0.00391812 -0.011123 -0.019474
0 -0.00301526 -0.00850649 -0.0154582
0 -0.00214962 -0.00595572 -0.0114716
0 -0.00132594 -0.00348675 -0.00754768
0 -0.000547971 -0.00111328 -0.00372022
0 0.000182444 0.00115347 -2.14023e-05
0 0.00086625 0.00330483 0.00351954
0 0.00150673 0.00533415 0.0068767
0 0.00210775 0.00723597 0.0100271
0 0.00267226 0.00900533 0.0129501
0 0.0032019 0.0106378 0.0156279
0 0.0036973 0.0121295 0.0180459
0 0.00415862 0.0134777 0.0201931
0 0.0045856 0.0146803 0.0220619
0 0.00497728 0.0157355 0.0236482
0 0.00533174 0.0166418 0.0249504
0 0.00564616 0.0173976 0.0259697
0 0.00591713 0.0180015 0.0267096
0 0.0061409 0.0184519 0.0271766
0 0.00631393 0.0187475 0.0273798
0 0.00643354 0.018888 0.0273324
0 0.00649842 0.0188751 0.0270516
0 0.00650776 0.0187121 0.0265573
0 0.00645877 0.018402 0.0258681
0 0.00634539 0.0179444 0.0249982
0 0.00616047 0.0173376 0.0239578
0 0.00589971 0.0165808 0.0227562
0 0.00556414 0.0156772 0.0214032
0 0.00515988 0.0146341 0.0199096
0 0.00469609 0.0134623 0.0182854
0 0.00418293 0.0121749 0.016539
0 0.00363058 0.0107869 0.0146776
0 0.00304903 0.00931506 0.0127081
0 0.00244788 0.00777725 0.0106378
0 0.00183552 0.00619096 0.00847485
0 0.00121835 0.00457186 0.00622811
0 0.000600757 0.00293287 0.00390724
0 -1.39435e-05 0.00128431 0.0015237
0 -0.000622571 -0.000365513 -0.000908886
0 -0.00122194 -0.00200991 -0.00337494
0 -0.00180933 -0.00364335 -0.0058578
0 -0.00238292 -0.00526106 -0.00834043
0 -0.00294178 -0.0068585 -0.010806
0 -0.00348578 -0.00843096 -0.0132381
0 -0.00401502 -0.00997285 -0.0156205
0 -0.00452933 -0.011477 -0.0179369
0 -0.00502822 -0.0129346 -0.0201715
0 -0.00551098 -0.0143361 -0.0223089
0 -0.00597673 -0.0156726 -0.0243359
0 -0.00642492 -0.016937 -0.0262409
0 -0.00685587 -0.0181252 -0.0280157
0 -0.00727049 -0.0192362 -0.0296551
0 -0.00766908 -0.0202704 -0.0311559
0 -0.00805044 -0.0212283 -0.032517
0 -0.00841175 -0.0221098 -0.0337379
0 -0.00874864 -0.0229133 -0.0348192
0 -0.00905565 -0.0236352 -0.0357619
0 -0.00932708 -0.0242705 -0.0365674
0 -0.00955751 -0.0248128 -0.0372374
0 -0.00974181 -0.0252545 -0.0377735
0 -0.00987504 -0.0255871 -0.0381758
0 -0.00995183 -0.0258009 -0.0384423
0 -0.00996577 -0.0258844 -0.0385671
0 -0.00991097 -0.0258263 -0.0385416
0 -0.00978596 -0.0256193 -0.0383575
0 -0.00959606 -0.0252635 -0.0380103
0 -0.00935117 -0.0247658 -0.0374981
0 -0.00906159 -0.0241367 -0.0368194
0 -0.00873559 -0.0233883 -0.0359716
0 -0.00837966 -0.0225334 -0.0349531
0 -0.00799954 -0.0215857 -0.0337641
0 -0.00760022 -0.0205579 -0.0324084
0 -0.00718484 -0.0194608 -0.0308916
0 -0.00675423 -0.0183007 -0.0292213
0 -0.00630785 -0.0170812 -0.0274073
0 -0.00584569 -0.0158041 -0.0254627
0 -0.00536941 -0.014472 -0.0234047
0 -0.00488185 -0.0130895 -0.0212529
0 -0.00438563 -0.0116624 -0.0190273
0 -0.0038822 -0.0101979 -0.0167471
0 -0.00337205 -0.00870372 -0.0144305
0 -0.00285548 -0.00718877 -0.0120951
0 -0.00233357 -0.00566339 -0.00975893
0 -0.00180863 -0.00413945 -0.00743995
0 -0.00128396 -0.0026298 -0.0051562
0 -0.000763292 -0.00114755 -0.00292508
0 -0.000250687 0.000294478 -0.000763042
0 0.00024914 0.00168376 0.00131441
0 0.000730587 0.00300815 0.00329251
0 0.00118729 0.00425604 0.0051572
0 0.00161256 0.00541656 0.0068953
0 0.00199992 0.00647972 0.00849462
0 0.0023435 0.00743629 0.009944
0 0.00263843 0.00827777 0.0112332
0 0.00288115 0.00899638 0.012353
0 0.00306952 0.0095852 0.0132949
0 0.00320269 0.0100383 0.0140512
0 0.0032809 0.010351 0.0146149
0 0.0033053 0.0105202 0.0149797
0 0.0032782 0.0105452 0.0151404
0 0.00320333 0.0104282 0.015094
0 0.0030852 0.0101746 0.0148395
0 0.00292803 0.00979131 0.0143776
0 0.00273538 0.00928677 0.0137111
0 0.00251061 0.00867029 0.0128456
0 0.00225734 0.00795204 0.0117902
0 0.00197887 0.007142 0.0105568
0 0.00167693 0.00624841 0.00915906
0 0.00135119 0.00527701 0.00761102
0 0.00100023 0.00423167 0.00592772
0 0.000622929 0.0031158 0.0041257
0 0.000219397 0.00193341 0.0022231
0 -0.00020869 0.000689923 0.000239419
0 -0.000658115 -0.000607384 -0.00180515
0 -0.00112477 -0.00194945 -0.00389068
0 -0.0016048 -0.00332624 -0.00599899
0 -0.00209551 -0.00472763 -0.00811454
0 -0.00259535 -0.00614372 -0.0102245
0 -0.00310284 -0.00756445 -0.0123177
0 -0.00361529 -0.00897904 -0.0143835
0 -0.00412787 -0.0103754 -0.0164107
0 -0.00463371 -0.0117403 -0.0183871
0 -0.00512543 -0.0130605 -0.0203005
0 -0.00559723 -0.0143248 -0.0221407
0 -0.00604563 -0.0155256 -0.0238999
0 -0.00646862 -0.0166577 -0.0255715
0 -0.00686403 -0.0177178 -0.027149
0 -0.00722843 -0.0187019 -0.0286243
0 -0.00755707 -0.0196049 -0.0299873
0 -0.00784491 -0.0204202 -0.0312271
0 -0.00808816 -0.0211403 -0.032333
0 -0.00828517 -0.0217581 -0.0332956
0 -0.0084362 -0.022267 -0.0341066
0 -0.00854247 -0.0226613 -0.0347585
0 -0.00860552 -0.0229364 -0.0352441
0 -0.00862672 -0.0230891 -0.0355567
0 -0.00860721 -0.0231177 -0.0356904
0 -0.00854844 -0.023023 -0.0356404
0 -0.00845291 -0.0228083 -0.0354051
0 -0.00832445 -0.0224803 -0.034986
0 -0.0081672 -0.0220476 -0.0343884
0 -0.00798393 -0.0215187 -0.0336191
0 -0.00777471 -0.0208999 -0.0326854
0 -0.00753715 -0.0201948 -0.0315947
0 -0.00726811 -0.0194051 -0.0303557
0 -0.00696558 -0.0185322 -0.028979
0 -0.00662989 -0.0175781 -0.027478
0 -0.00626444 -0.0165479 -0.0258691
0 -0.00587521 -0.0154502 -0.024171
0 -0.00546899 -0.0142964 -0.0224029
0 -0.00505174 -0.0130998 -0.0205834
0 -0.00462821 -0.0118738 -0.0187297
0 -0.00420207 -0.0106322 -0.0168578
0 -0.00377536 -0.00938704 -0.0149822
0 -0.00334799 -0.00814779 -0.0131147
0 -0.00291877 -0.00692106 -0.0112652
0 -0.00248792 -0.00571273 -0.00944387
0 -0.00205856 -0.00452955 -0.00766243
0 -0.00163593 -0.00337907 -0.00593378
0 -0.00122541 -0.0022684 -0.00427016
0 -0.000830753 -0.00120312 -0.00268151
0 -0.00045372 -0.000187054 -0.00117507
0 -9.51222e-05 0.000776781 0.000243701
0 0.000243175 0.00168426 0.00156919
0 0.000556689 0.00252838 0.00279385
0 0.000839001 0.00329945 0.00390836
0 0.00108477 0.00398764 0.00490412
0 0.00129248 0.00458589 0.00577569
0 0.00146435 0.00509078 0.00652099
0 0.00160384 0.00550135 0.00713928
0 0.00171347 0.00581792 0.00762951
0 0.00179435 0.00604192 0.00799021
0 0.00184718 0.00617651 0.00822056
0 0.00187336 0.0062271 0.00832159
0 0.0018754 0.00620102 0.0082968
0 0.0018564 0.00610659 0.00815183
0 0.00181921 0.00595187 0.0078939
0 0.00176553 0.00574347 0.00753087
0 0.00169487 0.00548505 0.00706995
0 0.00160444 0.00517678 0.00651706
0 0.00149069 0.00481639 0.00587759
0 0.00135111 0.00440102 0.00515759
0 0.0011851 0.00392852 0.00436419
0 0.000993779 0.00339824 0.0035052
0 0.000779269 0.00281133 0.00258855
0 0.000543975 0.00217075 0.00162155
0 0.000290025 0.00148105 0.000610575
0 1.88925e-05 0.000747776 -0.000439376
0 -0.000269285 -2.39157e-05 -0.00152538
0 -0.000576142 -0.000830736 -0.00264725
0 -0.000904221 -0.0016715 -0.00380697
0 -0.00125528 -0.00254624 -0.00500727
0 -0.00162912 -0.00345537 -0.00625047
0 -0.00202308 -0.00439876 -0.00753776
0 -0.00243201 -0.00537475 -0.00886856
0 -0.0028491 -0.00637965 -0.0102405
0 -0.00326753 -0.00740826 -0.0116505
0 -0.00368185 -0.0084546 -0.0130948
0 -0.00408789 -0.0095117 -0.0145693
0 -0.00448183 -0.0105709 -0.0160679
0 -0.00485991 -0.0116221 -0.0175825
0 -0.0052195 -0.012655 -0.0191033
0 -0.00556017 -0.0136608 -0.0206203
0 -0.00588379 -0.0146334 -0.0221237
0 -0.0061934 -0.0155691 -0.0236035
0 -0.00649135 -0.0164658 -0.0250486
0 -0.00677806 -0.0173215 -0.0264459
0 -0.00705204 -0.0181342 -0.0277812
0 -0.00731088 -0.0189018 -0.0290395
0 -0.00755167 -0.0196209 -0.0302065
0 -0.00777019 -0.0202853 -0.0312672
0 -0.00796038 -0.0208844 -0.0322061
0 -0.00811585 -0.0214046 -0.0330073
0 -0.00823228 -0.0218318 -0.0336578
0 -0.00830923 -0.0221545 -0.0341482
0 -0.00834961 -0.0223653 -0.0344739
0 -0.00835728 -0.02246 -0.0346324
0 -0.00833486 -0.0224371 -0.0346222
0 -0.00828308 -0.0222978 -0.0344427
0 -0.00820064 -0.0220447 -0.034094
0 -0.00808414 -0.0216812 -0.0335765
0 -0.00792897 -0.0212103 -0.0328913
0 -0.00773094 -0.0206343 -0.0320411
0 -0.00748754 -0.0199554 -0.0310303
0 -0.00719838 -0.0191754 -0.0298659
0 -0.00686504 -0.0182964 -0.028556
0 -0.0064907 -0.0173207 -0.0271102
0 -0.0060797 -0.016252 -0.025539
0 -0.00563686 -0.0150957 -0.023853
0 -0.00516745 -0.0138595 -0.022063
0 -0.00467761 -0.0125541 -0.0201812
0 -0.00417431 -0.0111924 -0.0182208
0 -0.00366433 -0.0097894 -0.0161958
0 -0.0031533 -0.0083601 -0.0141203
0 -0.00264547 -0.00691946 -0.0120085
0 -0.00214418 -0.00548166 -0.00987544
0 -0.00165199 -0.00405969 -0.00773655
0 -0.00117071 -0.00266466 -0.00560791
0 -0.000702187 -0.00130607 -0.00350661
0 -0.000249692 6.99409e-06 -0.00145161
0 0.000181558 0.00126483 0.000536049
0 0.00058571 0.00245735 0.00243452
0 0.000958519 0.00357546 0.00422356
0 0.001299 0.00461245 0.00588654
0 0.00160904 0.00556401 0.00741076
0 0.00189112 0.00642676 0.008786
0 0.00214602 0.00719657 0.0100026
0 0.00237211 0.00786801 0.0110511
0 0.00256674 0.00843546 0.0119233
0 0.00272811 0.00889484 0.0126137
0 0.00285584 0.00924409 0.0131205
0 0.00295008 0.00948258 0.013444
0 0.00301054 0.00961023 0.0135862
0 0.0030365 0.00962769 0.0135505
0 0.00302762 0.0095371 0.0133423
0 0.00298429 0.00934234 0.01297
0 0.00290729 0.00904846 0.0124435
0 0.00279714 0.00866087 0.0117739
0 0.00265362 0.0081844 0.010972
0 0.00247544 0.00762261 0.0100482
0 0.00226081 0.00697789 0.00901169
0 0.00200863 0.00625238 0.00787174
0 0.0017193 0.00544885 0.00663762
0 0.00139466 0.004571 0.00531866
0 0.00103757 0.00362348 0.0039237
0 0.000651543 0.00261198 0.00246096
0 0.000240712 0.00154342 0.000938141
0 -0.000190165 0.000425953 -0.000637398
0 -0.000636032 -0.000731338 -0.0022586
0 -0.00109187 -0.00191889 -0.00391867
0 -0.00155278 -0.00312694 -0.0056108
0 -0.00201393 -0.00434565 -0.00732776
0 -0.00247058 -0.00556524 -0.00906164
0 -0.00291844 -0.00677623 -0.0108038
0 -0.00335378 -0.00796964 -0.0125444
0 -0.00377283 -0.00913643 -0.0142724
0 -0.00417089 -0.0102665 -0.0159741
0 -0.00454261 -0.0113487 -0.0176334
0 -0.00488359 -0.0123719 -0.019233
0 -0.00519217 -0.0133272 -0.020757
0 -0.00547026 -0.0142093 -0.0221915
0 -0.00572226 -0.0150165 -0.0235253
0 -0.00595249 -0.0157489 -0.024748
0 -0.00616261 -0.0164059 -0.0258481
0 -0.00635077 -0.0169852 -0.0268129
0 -0.00651324 -0.0174826 -0.0276293
0 -0.00664724 -0.0178938 -0.0282874
0 -0.00675281 -0.0182164 -0.0287821
0 -0.00683208 -0.0184494 -0.0291128
0 -0.00688726 -0.0185923 -0.0292815
0 -0.00691914 -0.0186446 -0.0292916
0 -0.00692702 -0.0186058 -0.0291482
0 -0.0069092 -0.0184763 -0.0288578
0 -0.00686352 -0.0182574 -0.028429
0 -0.00678771 -0.0179509 -0.027871
0 -0.00667991 -0.0175596 -0.0271944
0 -0.00653963 -0.017088 -0.0264107
0 -0.00636851 -0.0165428 -0.0255332
0 -0.00617 -0.0159332 -0.0245762
0 -0.00594825 -0.0152695 -0.0235542
0 -0.00570712 -0.014562 -0.0224808
0 -0.00544918 -0.0138197 -0.0213674
0 -0.00517499 -0.013049 -0.0202227
0 -0.00488393 -0.0122536 -0.0190525
0 -0.00457595 -0.0114358 -0.0178614
0 -0.00425284 -0.0105979 -0.0166543
0 -0.00391831 -0.00974316 -0.0154362
0 -0.00357818 -0.00887687 -0.0142138
0 -0.00324026 -0.00800749 -0.0129953
0 -0.00291307 -0.00714616 -0.0117905
0 -0.00260382 -0.00630508 -0.0106088
0 -0.00231681 -0.00549558 -0.00945864
0 -0.00205242 -0.00472619 -0.00834595
0 -0.00180759 -0.00400167 -0.00727463
0 -0.00157792 -0.00332368 -0.00624778
0 -0.0013598 -0.00269194 -0.00526915
0 -0.00115135 -0.00210501 -0.00434356
0 -0.000951919 -0.00156034 -0.0034762
0 -0.000761438 -0.00105459 -0.00267175
0 -0.000579998 -0.000584204 -0.00193391
0 -0.000407869 -0.000146206 -0.00126531
0 -0.000246025 0.000260718 -0.00066801
0 -9.68944e-05 0.000635049 -0.000144359
0 3.57571e-05 0.000972214 0.000302781
0 0.000148089 0.00126568 0.000670868
0 0.000237502 0.00150851 0.000958601
0 0.000303316 0.00169472 0.0011664
0 0.000346787 0.00182039 0.00129646
0 0.000370308 0.00188415 0.0013522
0 0.000376072 0.00188677 0.00133717
0 0.000365026 0.00183056 0.00125421
0 0.00033651 0.00171867 0.00110501
0 0.000288539 0.00155442 0.000890144
0 0.000218702 0.00134092 0.000609567
0 0.000125284 0.00108103 0.000263375
0 8.01548e-06 0.000777332 -0.000147636
0 -0.000131787 0.000432038 -0.000621825
0 -0.000291362 4.71945e-05 -0.00115666
0 -0.000466612 -0.000374733 -0.00174844
0 -0.000652441 -0.000830265 -0.00239218
0 -0.000843622 -0.00131488 -0.00308198
0 -0.00103586 -0.00182343 -0.00381167
0 -0.00122654 -0.00235071 -0.00457538
0 -0.00141487 -0.0028918 -0.00536773
0 -0.00160131 -0.00344211 -0.00618348
0 -0.00178681 -0.00399729 -0.00701714
0 -0.0019722 -0.00455325 -0.0078627
0 -0.00215795 -0.0051064 -0.00871372
0 -0.00234405 -0.00565368 -0.00956351
0 -0.00253005 -0.0061926 -0.0104052
0 -0.00271506 -0.00672102 -0.0112318
0 -0.00289788 -0.00723698 -0.0120364
0 -0.00307716 -0.00773852 -0.0128126
0 -0.0032515 -0.00822353 -0.0135544
0 -0.00341965 -0.00868969 -0.0142564
0 -0.00358049 -0.00913436 -0.0149144
0 -0.00373303 -0.00955455 -0.0155246
0 -0.00387602 -0.00994661 -0.0160837
0 -0.00400753 -0.0103059 -0.0165884
0 -0.00412498 -0.0106271 -0.017035
0 -0.00422558 -0.0109043 -0.0174197
0 -0.00430692 -0.0111323 -0.0177394
0 -0.00436743 -0.011307 -0.0179914
0 -0.00440677 -0.0114263 -0.0181741
0 -0.00442584 -0.0114901 -0.0182874
0 -0.00442607 -0.0115003 -0.0183317
0 -0.00440871 -0.0114594 -0.0183073
0 -0.0043745 -0.0113705 -0.0182148
0 -0.00432362 -0.0112363 -0.0180543
0 -0.00425552 -0.0110584 -0.0178253
0 -0.00416922 -0.0108375 -0.0175274
0 -0.00406405 -0.0105733 -0.0171602
0 -0.00394016 -0.0102655 -0.0167241
0 -0.0037986 -0.00991381 -0.0162204
0 -0.00364127 -0.00951892 -0.0156516
0 -0.00347109 -0.00908289 -0.0150213
0 -0.00329184 -0.00860969 -0.0143349
0 -0.0031072 -0.00810474 -0.0135986
0 -0.0029199 -0.00757409 -0.0128191
0 -0.00273167 -0.00702407 -0.0120031
0 -0.00254358 -0.00646124 -0.011158
0 -0.00235648 -0.0058922 -0.0102916
0 -0.00217111 -0.00532323 -0.00941263
0 -0.00198772 -0.00475962 -0.00852948
0 -0.00180585 -0.00420505 -0.00765008
0 -0.00162458 -0.00366171 -0.00678178
0 -0.00144366 -0.00313129 -0.00593211
0 -0.00126471 -0.00261638 -0.00510971
0 -0.00109141 -0.00212127 -0.00432458
0 -0.000928038 -0.00165125 -0.00358679
0 -0.000777389 -0.00121108 -0.00290453
0 -0.000639766 -0.000803993 -0.00228308
0 -0.000513917 -0.000432186 -0.0017255
0 -0.000398754 -9.7904e-05 -0.00123402
0 -0.000294349 0.000195995 -0.000810932
0 -0.000201805 0.000446387 -0.000458454
0 -0.000122517 0.000650647 -0.000178101
0 -5.7471e-05 0.000807329 2.9869e-05
0 -6.95544e-06 0.000916467 0.000166646
0 2.90509e-05 0.000979224 0.000234428
0 4.94225e-05 0.000996309 0.000234856
0 4.95157e-05 0.000965069 0.000166268
0 2.0473e-05 0.000877686 2.22133e-05
0 -4.72079e-05 0.000723487 -0.000206045
0 -0.000158177 0.000493867 -0.000524783
0 -0.000310133 0.000185115 -0.00093567
0 -0.000496164 -0.000202175 -0.00143734
0 -0.000707727 -0.000664116 -0.00202725
0 -0.000935986 -0.00119336 -0.00270184
0 -0.00117251 -0.00177908 -0.00345618
0 -0.00141084 -0.00240878 -0.00428487
0 -0.00164915 -0.00307202 -0.00518436
0 -0.00189139 -0.00376352 -0.00615454
0 -0.00214481 -0.00448296 -0.00719717
0 -0.0024157 -0.00523234 -0.00831262
0 -0.00270629 -0.00601335 -0.00949754
0 -0.00301428 -0.00682606 -0.0107446
0 -0.00333476 -0.00766906 -0.0120438
0 -0.00366267 -0.00854023 -0.0133846
0 -0.00399399 -0.00943669 -0.014757
0 -0.0043251 -0.0103536 -0.0161506
0 -0.00465142 -0.0112824 -0.0175532
0 -0.00496738 -0.012211 -0.0189508
0 -0.00526793 -0.013125 -0.0203281
0 -0.0055498 -0.0140099 -0.0216702
0 -0.00581186 -0.0148523 -0.0229629
0 -0.00605512 -0.0156414 -0.0241936
0 -0.00628246 -0.0163704 -0.0253515
0 -0.00649727 -0.0170361 -0.0264273
0 -0.00670152 -0.0176381 -0.0274121
0 -0.00689487 -0.0181777 -0.0282968
0 -0.00707514 -0.0186565 -0.0290732
0 -0.00723915 -0.019076 -0.0297344
0 -0.00738295 -0.0194361 -0.030275
0 -0.00750165 -0.0197339 -0.0306905
0 -0.00759012 -0.0199633 -0.030977
0 -0.00764459 -0.0201167 -0.0311325
0 -0.00766364 -0.0201866 -0.0311574
0 -0.00764778 -0.0201668 -0.0310544
0 -0.00759811 -0.0200521 -0.0308267
0 -0.00751549 -0.0198396 -0.0304775
0 -0.00740046 -0.0195288 -0.0300098
0 -0.0072533 -0.0191217 -0.0294267
0 -0.00707401 -0.0186231 -0.0287307
0 -0.00686235 -0.0180385 -0.0279244
0 -0.00661812 -0.0173746 -0.02701
0 -0.00634166 -0.0166376 -0.0259901
0 -0.00603427 -0.0158338 -0.0248681
0 -0.00569853 -0.0149692 -0.0236481
0 -0.00533814 -0.0140493 -0.0223359
0 -0.00495756 -0.0130789 -0.020938
0 -0.00456152 -0.0120628 -0.0194622
0 -0.00415461 -0.0110054 -0.0179165
0 -0.0037413 -0.00991232 -0.01631
0 -0.00332651 -0.00879052 -0.0146535
0 -0.00291589 -0.00764997 -0.0129599
0 -0.00251495 -0.00650265 -0.011244
0 -0.00212728 -0.00536082 -0.00952063
0 -0.00175316 -0.00423485 -0.00780275
0 -0.00138958 -0.00313199 -0.00610139
0 -0.00103244 -0.00205703 -0.0044268
0 -0.000679553 -0.0010142 -0.00279047
0 -0.000332131 -8.44367e-06 -0.00120612
0 6.05808e-06 0.00095475 0.000311332
0 0.000330598 0.00187008 0.00174755
0 0.000637623 0.00273264 0.00308982
0 0.000924053 0.0035375 0.00432728
0 0.00118756 0.00427949 0.00545089
0 0.00142657 0.00495328 0.0064535
0 0.00164006 0.00555367 0.00732981
0 0.00182724 0.00607564 0.00807604
0 0.00198722 0.00651462 0.00868964
0 0.0021191 0.00686677 0.00916919
0 0.00222247 0.00712989 0.00951493
0 0.00229806 0.00730426 0.00972933
0 0.00234745 0.00739263 0.00981685
0 0.00237201 0.00739934 0.00978305
0 0.00237197 0.0073291 0.00963368
0 0.00234587 0.00718585 0.00937381
0 0.00229074 0.0069719 0.00900746
0 0.00220355 0.00668829 0.00853828
0 0.00208333 0.00633641 0.00797131
0 0.00193263 0.00591953 0.0073142
0 0.00175692 0.00544314 0.00657689
0 0.00156231 0.00491382 0.00576993
0 0.00135311 0.00433763 0.00490236
0 0.00113037 0.00371879 0.00398038
0 0.000892716 0.00305994 0.00300787
0 0.000639318 0.00236434 0.00198901
0 0.00037232 0.00163785 0.000930514
0 9.65324e-05 0.000888748 -0.000158524
0 -0.000182702 0.000126086 -0.00126832
0 -0.00046132 -0.000641846 -0.00238987
0 -0.000737287 -0.00140835 -0.00351564
0 -0.00101034 -0.00216858 -0.00463948
0 -0.00128099 -0.00291922 -0.00575595
0 -0.00154944 -0.00365786 -0.00685962
0 -0.00181501 -0.00438243 -0.00794468
0 -0.00207614 -0.00509088 -0.00900494
0 -0.00233088 -0.00578096 -0.0100341
0 -0.0025775 -0.00645031 -0.0110265
0 -0.00281506 -0.00709667 -0.0119773
0 -0.00304356 -0.00771814 -0.0128832
0 -0.00326364 -0.00831316 -0.013742
0 -0.00347587 -0.00888033 -0.0145524
0 -0.00368044 -0.00941839 -0.0153134
0 -0.00387706 -0.00992626 -0.0160244
0 -0.00406518 -0.0104031 -0.0166852
0 -0.00424401 -0.0108481 -0.0172958
0 -0.00441264 -0.011261 -0.0178566
0 -0.00457009 -0.0116411 -0.0183683
0 -0.00471543 -0.0119883 -0.018832
0 -0.0048479 -0.0123024 -0.0192487
0 -0.00496695 -0.0125834 -0.01962
0 -0.00507218 -0.0128317 -0.0199474
0 -0.00516326 -0.0130475 -0.0202324
0 -0.00523998 -0.013231 -0.0204763
0 -0.00530241 -0.0133826 -0.0206805
0 -0.00535095 -0.0135028 -0.0208462
0 -0.00538606 -0.0135923 -0.0209745
0 -0.00540763 -0.0136508 -0.0210657
0 -0.00541456 -0.0136774 -0.0211183
0 -0.00540525 -0.0136699 -0.0211302
0 -0.00537856 -0.0136266 -0.0210987
0 -0.00533436 -0.013546 -0.0210216
0 -0.00527347 -0.0134276 -0.0208969
0 -0.00519734 -0.0132715 -0.020723
0 -0.0051077 -0.0130785 -0.0204985
0 -0.00500609 -0.0128496 -0.0202222
0 -0.0048934 -0.0125856 -0.0198924
0 -0.00476931 -0.0122868 -0.0195071
0 -0.0046326 -0.0119521 -0.0190637
0 -0.00448224 -0.0115807 -0.0185603
0 -0.00431888 -0.0111732 -0.0179971
0 -0.00414537 -0.0107322 -0.0173771
0 -0.00396562 -0.0102623 -0.0167054
0 -0.00378269 -0.00976815 -0.0159874
0 -0.00359793 -0.00925357 -0.015228
0 -0.00341132 -0.00872185 -0.0144319
0 -0.00322249 -0.00817607 -0.0136042
0 -0.00303129 -0.00761938 -0.0127511
0 -0.00283774 -0.00705473 -0.0118791
0 -0.00264208 -0.00648494 -0.0109952
0 -0.00244514 -0.00591318 -0.0101067
0 -0.00224886 -0.00534378 -0.00922229
0 -0.00205623 -0.00478236 -0.00835125
0 -0.00187035 -0.00423525 -0.00750318
0 -0.00169371 -0.00370879 -0.00668717
0 -0.00152773 -0.00320868 -0.0059113
0 -0.00137257 -0.00273929 -0.00518219
0 -0.00122737 -0.00230348 -0.00450493
0 -0.00109113 -0.00190306 -0.00388368
0 -0.000963451 -0.00153929 -0.00332209
0 -0.000844728 -0.00121326 -0.00282347
0 -0.000736076 -0.000925993 -0.00239065
0 -0.000639354 -0.000678894 -0.00202618
0 -0.000557186 -0.000474166 -0.00173256
0 -0.000492526 -0.000314721 -0.00151209
0 -0.000447972 -0.000203695 -0.00136651
0 -0.000425341 -0.000144028 -0.00129679
0 -0.000425514 -0.000138133 -0.00130311
0 -0.000448243 -0.000187371 -0.00138473
0 -0.000492038 -0.000291521 -0.00153975
0 -0.000554591 -0.000448786 -0.00176542
0 -0.000633538 -0.000656257 -0.00205861
0 -0.000726953 -0.000910344 -0.00241623
0 -0.000833361 -0.00120693 -0.00283509
0 -0.000951504 -0.00154142 -0.00331164
0 -0.00108013 -0.00190887 -0.00384173
0 -0.00121789 -0.0023042 -0.00442053
0 -0.00136334 -0.00272241 -0.00504256
0 -0.00151497 -0.00315877 -0.00570171
0 -0.00167129 -0.00360899 -0.00639147
0 -0.00183139 -0.0040698 -0.00710549
0 -0.00199534 -0.00453944 -0.00783833
0 -0.00216404 -0.00501757 -0.00858548
0 -0.00233821 -0.00550436 -0.00934273
0 -0.00251732 -0.00599911 -0.0101052
0 -0.00269903 -0.00649924 -0.0108667
0 -0.00287971 -0.00700016 -0.01162
0 -0.0030557 -0.00749607 -0.0123577
0 -0.00322452 -0.00798102 -0.0130736
0 -0.00338567 -0.00845002 -0.0137632
0 -0.00354052 -0.00889983 -0.0144238
0 -0.00369135 -0.00932882 -0.0150544
0 -0.00383993 -0.00973638 -0.015654
0 -0.00398679 -0.0101224 -0.0162215
0 -0.00413114 -0.0104869 -0.0167552
0 -0.00427086 -0.0108297 -0.0172531
0 -0.00440269 -0.0111494 -0.0177124
0 -0.00452299 -0.0114437 -0.01813
0 -0.00462874 -0.01171 -0.0185035
0 -0.00471802 -0.0119453 -0.0188308
0 -0.00479024 -0.0121471 -0.0191109
0 -0.00484617 -0.0123136 -0.0193437
0 -0.00488781 -0.0124444 -0.0195301
0 -0.00491768 -0.0125401 -0.0196714
0 -0.00493807 -0.0126025 -0.0197693
0 -0.00495056 -0.0126335 -0.019825
0 -0.00495594 -0.0126357 -0.0198396
0 -0.00495372 -0.0126109 -0.0198134
0 -0.00494165 -0.0125593 -0.0197455
0 -0.00491628 -0.0124794 -0.0196335
0 -0.00487435 -0.0123689 -0.0194748
0 -0.00481402 -0.0122253 -0.0192679
0 -0.00473541 -0.0120468 -0.0190121
0 -0.00464079 -0.0118334 -0.0187087
0 -0.00453402 -0.0115864 -0.0183601
0 -0.0044194 -0.0113088 -0.0179699
0 -0.00430046 -0.0110043 -0.0175413
0 -0.00417936 -0.0106768 -0.0170774
0 -0.00405664 -0.0103298 -0.0165807
0 -0.00393122 -0.00996605 -0.016053
0 -0.00380108 -0.00958724 -0.0154954
0 -0.00366424 -0.00919448 -0.0149096
0 -0.00351948 -0.0087886 -0.0142978
0 -0.00336686 -0.00837067 -0.0136636
0 -0.00320796 -0.00794246 -0.0130115
0 -0.00304554 -0.00750662 -0.0123475
0 -0.00288271 -0.00706631 -0.0116777
0 -0.00272215 -0.00662494 -0.0110081
0 -0.00256593 -0.00618605 -0.0103442
0 -0.00241553 -0.00575345 -0.00969152
0 -0.00227198 -0.00533121 -0.00905505
0 -0.00213592 -0.00492351 -0.00843984
0 -0.00200763 -0.00453443 -0.00785071
0 -0.00188719 -0.00416783 -0.00729235
0 -0.00177471 -0.00382722 -0.00676937
0 -0.00167024 -0.00351534 -0.00628603
0 -0.00157328 -0.00323346 -0.00584557
0 -0.0014824 -0.00298076 -0.00544953
0 -0.00139572 -0.00275462 -0.00509801
0 -0.00131192 -0.00255178 -0.0047904
0 -0.0012311 -0.00236947 -0.0045262
0 -0.00115499 -0.00220642 -0.00430543
0 -0.00108641 -0.00206301 -0.00412838
0 -0.0010281 -0.00194084 -0.00399494
0 -0.000981907 -0.00184209 -0.00390411
0 -0.000948622 -0.00176916 -0.00385406
0 -0.000928416 -0.00172456 -0.00384266
0 -0.00092138 -0.00171077 -0.0038681
0 -0.000928032 -0.00173025 -0.00392936
0 -0.000949434 -0.00178531 -0.00402655
0 -0.000986565 -0.00187746 -0.00416033
0 -0.00103921 -0.00200639 -0.00433086
0 -0.00110535 -0.00216933 -0.00453709
0 -0.00118186 -0.00236161 -0.00477702
0 -0.00126562 -0.0025778 -0.00504858
0 -0.00135446 -0.00281271 -0.00535012
0 -0.00144787 -0.00306265 -0.00568112
0 -0.00154746 -0.00332654 -0.00604272
0 -0.00165599 -0.00360569 -0.00643707
0 -0.00177524 -0.00390211 -0.00686549
0 -0.00190457 -0.00421698 -0.00732717
0 -0.00204164 -0.00455055 -0.00781968
0 -0.00218384 -0.00490277 -0.00834021
0 -0.00232904 -0.00527314 -0.00888597
0 -0.00247509 -0.0056598 -0.0094536
0 -0.00261955 -0.00605892 -0.0100387
0 -0.00276018 -0.00646526 -0.010636
0 -0.00289562 -0.00687316 -0.0112403
0 -0.00302558 -0.00727718 -0.0118465
0 -0.00315038 -0.00767239 -0.0124494
0 -0.00327068 -0.00805467 -0.0130438
0 -0.00338723 -0.00842093 -0.0136244
0 -0.00350055 -0.00876914 -0.0141858
0 -0.00361062 -0.00909801 -0.0147226
0 -0.00371684 -0.00940674 -0.0152294
0 -0.00381807 -0.0096947 -0.0157007
0 -0.0039129 -0.00996112 -0.0161316
0 -0.00399985 -0.010205 -0.0165175
0 -0.00407768 -0.0104248 -0.0168548
0 -0.00414548 -0.0106188 -0.0171407
0 -0.00420272 -0.0107847 -0.0173733
0 -0.0042491 -0.0109202 -0.0175516
0 -0.00428446 -0.0110227 -0.0176753
0 -0.00430859 -0.01109 -0.0177444
0 -0.00432113 -0.0111201 -0.0177594
0 -0.00432163 -0.0111117 -0.0177212
0 -0.00430991 -0.0110648 -0.0176312
0 -0.0042865 -0.0109807 -0.0174918
0 -0.00425246 -0.0108627 -0.0173063
0 -0.00420863 -0.0107142 -0.0170781
0 -0.00415464 -0.010538 -0.0168098
0 -0.00408886 -0.0103356 -0.0165026
0 -0.00400938 -0.0101074 -0.0161573
0 -0.00391518 -0.00985308 -0.0157746
0 -0.00380644 -0.00957275 -0.0153563
0 -0.00368426 -0.00926625 -0.0149041
0 -0.00355013 -0.00893352 -0.0144197
0 -0.00340561 -0.00857471 -0.0139049
0 -0.00325251 -0.00819083 -0.0133613
0 -0.00309341 -0.0077846 -0.0127917
0 -0.00293185 -0.00736088 -0.0121999
0 -0.00277168 -0.0069262 -0.0115911
0 -0.00261607 -0.0064877 -0.0109705
0 -0.0024671 -0.00605237 -0.0103436
0 -0.00232604 -0.0056268 -0.00971578
0 -0.00219374 -0.00521699 -0.0090933
0 -0.00207083 -0.00482807 -0.00848282
0 -0.00195773 -0.00446406 -0.00789148
0 -0.00185478 -0.00412792 -0.00732677
0 -0.00176242 -0.00382177 -0.00679649
0 -0.0016812 -0.00354723 -0.00630856
0 -0.0016117 -0.00330556 -0.00587062
0 -0.00155402 -0.00309753 -0.00548944
0 -0.00150734 -0.00292315 -0.00517014
0 -0.00146982 -0.00278157 -0.0049158
0 -0.00143933 -0.00267159 -0.0047278
0 -0.00141418 -0.00259217 -0.00460629
0 -0.00139346 -0.0025426 -0.00455041
0 -0.00137698 -0.00252239 -0.00455816
0 -0.00136507 -0.00253107 -0.00462645
0 -0.00135852 -0.00256816 -0.00475116
0 -0.00135854 -0.00263326 -0.00492754
0 -0.00136677 -0.0027261 -0.00515047
0 -0.00138511 -0.00284662 -0.00541484
0 -0.00141546 -0.00299479 -0.00571561
0 -0.00145936 -0.0031704 -0.00604783
0 -0.00151774 -0.00337295 -0.0064068
0 -0.0015911 -0.00360176 -0.00678835
0 -0.00167981 -0.00385633 -0.00718934
0 -0.00178412 -0.0041364 -0.00760781
0 -0.00190385 -0.00444157 -0.00804271
0 -0.00203797 -0.00477091 -0.0084934
0 -0.00218431 -0.00512238 -0.00895917
0 -0.00233954 -0.00549259 -0.00943886
0 -0.00249968 -0.00587695 -0.00993096
0 -0.00266091 -0.00627028 -0.010434
0 -0.00282004 -0.00666727 -0.0109464
0 -0.0029745 -0.00706273 -0.0114668
0 -0.0031222 -0.00745169 -0.011993
0 -0.00326144 -0.00782961 -0.0125223
0 -0.00339086 -0.0081926 -0.0130511
0 -0.00350949 -0.00853751 -0.0135752
0 -0.00361672 -0.00886196 -0.0140897
0 -0.00371239 -0.00916431 -0.0145891
0 -0.00379692 -0.00944372 -0.0150678
0 -0.00387144 -0.00970022 -0.0155206
0 -0.00393758 -0.00993446 -0.0159425
0 -0.00399713 -0.0101474 -0.0163291
0 -0.00405165 -0.0103399 -0.0166761
0 -0.00410221 -0.0105125 -0.0169798
0 -0.00414894 -0.0106649 -0.0172365
0 -0.00419101 -0.0107956 -0.0174428
0 -0.00422703 -0.0109024 -0.0175958
0 -0.00425564 -0.0109825 -0.0176935
0 -0.00427613 -0.0110337 -0.0177356
0 -0.00428862 -0.0110547 -0.0177234
0 -0.00429375 -0.0110449 -0.0176596
0 -0.00429193 -0.0110048 -0.0175477
0 -0.00428284 -0.0109352 -0.0173914
0 -0.00426559 -0.010837 -0.0171943
0 -0.00423898 -0.0107118 -0.0169604
0 -0.00420193 -0.0105612 -0.0166937
0 -0.00415347 -0.010387 -0.0163981
0 -0.00409246 -0.0101901 -0.0160769
0 -0.00401739 -0.00997036 -0.0157321
0 -0.00392676 -0.00972685 -0.0153646
0 -0.00381991 -0.00945837 -0.0149749
0 -0.00369724 -0.0091641 -0.0145634
0 -0.00356016 -0.0088438 -0.0141301
0 -0.00341066 -0.00849787 -0.0136748
0 -0.00325123 -0.00812765 -0.0131971
0 -0.00308458 -0.0077354 -0.0126964
0 -0.00291325 -0.00732412 -0.0121721
0 -0.00273936 -0.00689722 -0.0116237
0 -0.00256451 -0.00645825 -0.0110508
0 -0.00238992 -0.00601067 -0.0104533
0 -0.00221664 -0.00555782 -0.00983234
0 -0.00204573 -0.00510284 -0.00918969
0 -0.00187824 -0.00464855 -0.00852839
0 -0.00171506 -0.0041973 -0.00785238
0 -0.00155674 -0.00375092 -0.00716633
0 -0.00140353 -0.00331076 -0.00647556
0 -0.00125542 -0.00287792 -0.00578586
0 -0.00111241 -0.00245355 -0.00510347
0 -0.000974753 -0.00203927 -0.00443513
0 -0.000842901 -0.00163732 -0.0037878
0 -0.000717298 -0.00125036 -0.00316829
0 -0.000598139 -0.000881262 -0.00258282
0 -0.000485433 -0.000533011 -0.0020369
0 -0.000379235 -0.000208664 -0.00153538
0 -0.000279854 8.86902e-05 -0.00108253
0 -0.000187941 0.00035604 -0.000682029
0 -0.000104487 0.000590557 -0.000337024
0 -3.07817e-05 0.000789675 -5.00937e-05
0 3.16574e-05 0.00095112 0.000176707
0 8.11744e-05 0.0010729 0.000341812
0 0.000116105 0.00115329 0.000444123
0 0.000134917 0.00119083 0.000483002
0 0.000136329 0.00118434 0.000458238
0 0.000119384 0.00113287 0.000370015
0 8.35037e-05 0.00103581 0.000218871
0 2.85104e-05 0.000892838 5.64377e-06
0 -4.53905e-05 0.000704058 -0.000268595
0 -0.000137574 0.000470091 -0.000602487
0 -0.00024686 0.000192366 -0.000994203
0 -0.000371482 -0.000126704 -0.00144131
0 -0.000509341 -0.000483847 -0.00194087
0 -0.000658379 -0.000875248 -0.00248972
0 -0.00081678 -0.00129681 -0.00308449
0 -0.000982932 -0.00174429 -0.00372158
0 -0.00115531 -0.00221337 -0.00439695
0 -0.00133251 -0.00269991 -0.0051062
0 -0.00151357 -0.00320042 -0.00584488
0 -0.00169819 -0.00371236 -0.00660881
0 -0.00188648 -0.00423408 -0.00739397
0 -0.00207846 -0.00476432 -0.00819623
0 -0.00227363 -0.00530173 -0.00901096
0 -0.00247043 -0.005844 -0.00983258
0 -0.00266595 -0.00638713 -0.010654
0 -0.0028564 -0.00692546 -0.0114669
0 -0.0030382 -0.00745239 -0.0122628
0 -0.00320876 -0.00796117 -0.0130333
0 -0.00336669 -0.00844533 -0.0137708
0 -0.00351165 -0.00889917 -0.0144684
0 -0.00364458 -0.00931856 -0.0151204
0 -0.00376754 -0.00970154 -0.0157226
0 -0.0038828 -0.0100479 -0.0162718
0 -0.00399177 -0.0103583 -0.016765
0 -0.00409464 -0.0106337 -0.0171994
0 -0.00419068 -0.0108753 -0.0175729
0 -0.00427879 -0.0110845 -0.017884
0 -0.00435778 -0.0112626 -0.0181327
0 -0.00442657 -0.0114102 -0.01832
0 -0.00448422 -0.0115277 -0.0184477
0 -0.00453016 -0.011615 -0.0185189
0 -0.00456412 -0.0116717 -0.0185373
0 -0.00458617 -0.0116974 -0.018507
0 -0.00459648 -0.0116917 -0.0184326
0 -0.00459517 -0.0116545 -0.0183185
0 -0.00458214 -0.011586 -0.0181685
0 -0.00455718 -0.0114867 -0.0179862
0 -0.00452013 -0.0113579 -0.0177747
0 -0.00447096 -0.0112015 -0.0175366
0 -0.00440993 -0.01102 -0.0172743
0 -0.00433755 -0.0108163 -0.0169899
0 -0.00425472 -0.0105933 -0.0166851
0 -0.00416279 -0.0103543 -0.0163618
0 -0.00406353 -0.0101025 -0.0160216
0 -0.0039591 -0.0098407 -0.0156666
0 -0.00385181 -0.00957194 -0.0152987
0 -0.00374391 -0.00929882 -0.0149203
0 -0.00363717 -0.00902359 -0.0145333
0 -0.00353255 -0.00874784 -0.0141397
0 -0.00343035 -0.00847267 -0.0137411
0 -0.0033305 -0.00819893 -0.013339
0 -0.00323284 -0.00792744 -0.0129354
0 -0.0031372 -0.00765898 -0.0125322
0 -0.0030433 -0.00739417 -0.0121315
0 -0.00295064 -0.00713327 -0.011735
0 -0.0028585 -0.00687614 -0.0113443
0 -0.00276609 -0.00662233 -0.0109604
0 -0.00267288 -0.00637135 -0.0105843
0 -0.00257862 -0.00612278 -0.0102168
0 -0.00248334 -0.00587632 -0.00985852
0 -0.00238726 -0.00563183 -0.00950999
0 -0.00229098 -0.00538965 -0.00917158
0 -0.00219573 -0.00515102 -0.00884411
0 -0.00210334 -0.0049182 -0.00852894
0 -0.00201572 -0.00469407 -0.00822762
0 -0.00193439 -0.00448161 -0.00794157
0 -0.00186035 -0.00428361 -0.00767203
0 -0.0017943 -0.00410264 -0.00742031
0 -0.00173685 -0.00394098 -0.00718794
0 -0.00168853 -0.00380052 -0.00697671
0 -0.00164981 -0.00368269 -0.00678868
0 -0.00162113 -0.00358851 -0.00662611
0 -0.001603 -0.00351884 -0.00649162
0 -0.00159594 -0.00347444 -0.0063881
0 -0.00160029 -0.003456 -0.00631848
0 -0.00161602 -0.00346401 -0.00628551
0 -0.00164274 -0.00349878 -0.00629162
0 -0.00167977 -0.00356046 -0.0063389
0 -0.0017263 -0.00364908 -0.0064291
0 -0.00178146 -0.00376454 -0.00656353
0 -0.00184438 -0.00390651 -0.00674296
0 -0.00191417 -0.00407437 -0.00696751
0 -0.00198997 -0.00426718 -0.00723656
0 -0.00207109 -0.00448375 -0.00754887
0 -0.00215717 -0.00472282 -0.00790266
0 -0.00224814 -0.00498303 -0.00829565
0 -0.0023441 -0.00526297 -0.00872506
0 -0.00244511 -0.00556103 -0.00918749
0 -0.00255096 -0.00587524 -0.00967881
0 -0.00266112 -0.0062033 -0.0101942
0 -0.00277503 -0.00654274 -0.0107286
0 -0.00289214 -0.00689111 -0.0112767
0 -0.00301196 -0.00724597 -0.0118333
0 -0.00313393 -0.00760481 -0.012393
0 -0.00325739 -0.00796505 -0.0129508
0 -0.00338153 -0.00832399 -0.0135017
0 -0.00350548 -0.00867887 -0.0140412
0 -0.00362825 -0.00902684 -0.0145648
0 -0.00374876 -0.00936502 -0.0150687
0 -0.0038658 -0.00969045 -0.0155494
0 -0.0039781 -0.0100002 -0.0160035
0 -0.00408435 -0.0102914 -0.0164283
0 -0.00418326 -0.0105613 -0.0168208
0 -0.00427345 -0.0108073 -0.0171785
0 -0.00435348 -0.0110267 -0.0174987
0 -0.00442197 -0.011217 -0.017779
0 -0.00447775 -0.0113761 -0.0180168
0 -0.00451998 -0.011502 -0.01821
0 -0.00454814 -0.0115932 -0.0183565
0 -0.00456201 -0.0116487 -0.0184544
0 -0.00456158 -0.0116675 -0.0185022
0 -0.00454707 -0.0116493 -0.0184982
0 -0.00451888 -0.0115942 -0.0184414
0 -0.00447757 -0.0115025 -0.018331
0 -0.00442392 -0.0113751 -0.0181668
0 -0.00435879 -0.0112134 -0.0179491
0 -0.00428303 -0.0110188 -0.0176788
0 -0.00419738 -0.010793 -0.0173571
0 -0.00410252 -0.0105378 -0.0169859
0 -0.00399905 -0.0102549 -0.0165677
0 -0.00388757 -0.0099464 -0.0161054
0 -0.00376865 -0.00961406 -0.0156022
0 -0.00364287 -0.00925987 -0.015062
0 -0.00351079 -0.00888581 -0.0144889
0 -0.00337294 -0.00849391 -0.0138871
0 -0.00322985 -0.00808632 -0.0132614
0 -0.00308204 -0.00766524 -0.0126165
0 -0.00292992 -0.00723292 -0.0119568
0 -0.00277379 -0.00679147 -0.0112867
0 -0.00261388 -0.00634296 -0.0106104
0 -0.00245057 -0.00588951 -0.00993166
0 -0.00228441 -0.00543324 -0.00925406
0 -0.00211601 -0.0049762 -0.00858087
0 -0.00194595 -0.00452022 -0.00791488
0 -0.00177487 -0.00406703 -0.00725852
0 -0.00160368 -0.00361849 -0.00661408
0 -0.00143386 -0.00317687 -0.00598405
0 -0.00126763 -0.00274523 -0.00537143
0 -0.00110774 -0.00232744 -0.00477975
0 -0.00095694 -0.00192776 -0.00421271
0 -0.000817411 -0.0015504 -0.00367387
0 -0.000690643 -0.00119925 -0.00316661
0 -0.000577527 -0.000877775 -0.00269422
0 -0.000478331 -0.000588695 -0.00225979
0 -0.000392661 -0.000333676 -0.00186607
0 -0.000319671 -0.000113313 -0.00151544
0 -0.00025849 7.25521e-05 -0.00121017
0 -0.000208539 0.000224478 -0.00095256
0 -0.000169653 0.000343099 -0.000744926
0 -0.000142155 0.00042877 -0.000589652
0 -0.000126766 0.000481331 -0.000489089
0 -0.000124244 0.0005002 -0.000445249
0 -0.000135016 0.000484636 -0.000459457
0 -0.000159058 0.000433915 -0.000532234
0 -0.000196035 0.000347392 -0.000663391
0 -0.000245492 0.000224561 -0.000852171
0 -0.000306897 6.52573e-05 -0.00109726
0 -0.000379537 -0.000130024 -0.00139667
0 -0.000462509 -0.000359972 -0.00174769
0 -0.000554942 -0.000622591 -0.00214709
0 -0.000656254 -0.000915475 -0.00259139
0 -0.000766194 -0.001236 -0.00307699
0 -0.000884691 -0.00158139 -0.00360007
0 -0.00101172 -0.00194891 -0.00415668
0 -0.00114731 -0.00233606 -0.00474287
0 -0.00129158 -0.00274087 -0.0053549
0 -0.00144448 -0.00316176 -0.00598914
0 -0.00160552 -0.00359726 -0.00664188
0 -0.00177363 -0.00404577 -0.00730932
0 -0.00194735 -0.00450551 -0.00798768
0 -0.00212503 -0.00497443 -0.00867333
0 -0.00230491 -0.00545011 -0.00936278
0 -0.00248527 -0.00592966 -0.0100527
0 -0.00266453 -0.00640979 -0.0107397
0 -0.00284136 -0.00688698 -0.0114209
0 -0.00301468 -0.00735767 -0.0120931
0 -0.00318366 -0.00781846 -0.0127536
0 -0.00334766 -0.00826629 -0.0133995
0 -0.0035061 -0.00869857 -0.0140282
0 -0.00365835 -0.00911308 -0.0146366
0 -0.00380361 -0.00950793 -0.0152217
0 -0.00394096 -0.00988152 -0.0157805
0 -0.00406948 -0.0102325 -0.0163095
0 -0.0041884 -0.0105596 -0.0168055
0 -0.00429707 -0.0108617 -0.0172652
0 -0.00439504 -0.0111377 -0.0176858
0 -0.00448206 -0.0113863 -0.0180643
0 -0.00455809 -0.0116064 -0.0183985
0 -0.0046232 -0.0117969 -0.0186862
0 -0.00467747 -0.0119567 -0.0189258
0 -0.0047209 -0.0120846 -0.0191157
0 -0.00475345 -0.0121796 -0.019255
0 -0.00477502 -0.0122411 -0.019343
0 -0.00478545 -0.0122685 -0.0193793
0 -0.00478453 -0.0122617 -0.0193641
0 -0.00477197 -0.0122209 -0.0192978
0 -0.00474747 -0.0121464 -0.0191811
0 -0.00471083 -0.0120388 -0.0190152
0 -0.00466197 -0.0118991 -0.0188015
0 -0.004601 -0.011728 -0.0185419
0 -0.00452823 -0.0115268 -0.0182385
0 -0.00444415 -0.0112968 -0.0178935
0 -0.00434943 -0.0110392 -0.0175096
0 -0.00424484 -0.0107557 -0.0170895
0 -0.00413129 -0.0104481 -0.016636
0 -0.00400972 -0.0101186 -0.0161523
0 -0.00388114 -0.00976928 -0.0156413
0 -0.00374656 -0.00940276 -0.0151061
0 -0.00360696 -0.00902162 -0.01455
0 -0.00346329 -0.00862856 -0.0139763
0 -0.00331649 -0.00822632 -0.0133884
0 -0.0031675 -0.00781765 -0.0127897
0 -0.00301734 -0.00740528 -0.0121841
0 -0.00286699 -0.00699187 -0.0115751
0 -0.00271749 -0.00658004 -0.0109666
0 -0.00256983 -0.00617234 -0.0103624
0 -0.00242497 -0.00577125 -0.00976631
0 -0.00228382 -0.00537916 -0.00918219
0 -0.00214719 -0.00499838 -0.00861373
0 -0.00201584 -0.00463114 -0.00806456
0 -0.00189041 -0.00427957 -0.00753826
0 -0.00177152 -0.00394573 -0.00703823
0 -0.0016597 -0.00363158 -0.0065677
0 -0.00155545 -0.0033389 -0.00612967
0 -0.00145922 -0.00306935 -0.00572685
0 -0.00137145 -0.00282441 -0.0053617
0 -0.00129257 -0.00260542 -0.00503634
0 -0.00122297 -0.00241354 -0.00475259
0 -0.00116304 -0.00224976 -0.00451193
0 -0.00111313 -0.00211487 -0.00431549
0 -0.00107356 -0.00200952 -0.00416408
0 -0.00104461 -0.00193415 -0.00405813
0 -0.00102648 -0.001889 -0.00399774
0 -0.00101931 -0.00187418 -0.00398268
0 -0.00102318 -0.00188957 -0.00401242
0 -0.00103804 -0.0019349 -0.00408613
0 -0.00106381 -0.00200967 -0.00420268
0 -0.00110027 -0.00211319 -0.00436072
0 -0.00114715 -0.00224455 -0.00455864
0 -0.00120405 -0.00240264 -0.00479464
0 -0.00127053 -0.00258615 -0.00506674
0 -0.00134601 -0.0027936 -0.00537277
0 -0.00142986 -0.00302332 -0.00571044
0 -0.00152138 -0.0032735 -0.00607729
0 -0.00161976 -0.00354217 -0.00647074
0 -0.00172416 -0.00382727 -0.00688809
0 -0.00183372 -0.00412664 -0.0073265
0 -0.00194751 -0.00443805 -0.00778306
0 -0.00206461 -0.00475924 -0.00825473
0 -0.00218413 -0.00508793 -0.00873842
0 -0.00230514 -0.00542183 -0.00923098
0 -0.0024268 -0.0057587 -0.00972917
0 -0.00254829 -0.00609627 -0.0102297
0 -0.00266887 -0.00643235 -0.0107294
0 -0.00278782 -0.0067648 -0.0112247
0 -0.00290448 -0.00709153 -0.0117124
0 -0.00301823 -0.00741055 -0.0121894
0 -0.00312849 -0.00771993 -0.0126522
0 -0.00323467 -0.00801786 -0.013098
0 -0.00333624 -0.00830259 -0.0135238
0 -0.00343267 -0.00857247 -0.0139269
0 -0.00352347 -0.00882597 -0.0143046
0 -0.00360816 -0.00906161 -0.0146548
0 -0.00368626 -0.00927806 -0.0149753
0 -0.00375732 -0.00947407 -0.0152643
0 -0.00382089 -0.00964851 -0.0155204
0 -0.00387654 -0.00980039 -0.0157421
0 -0.00392391 -0.00992883 -0.0159284
0 -0.00396268 -0.0100331 -0.0160786
0 -0.00399256 -0.0101126 -0.0161921
0 -0.00401333 -0.010167 -0.0162687
0 -0.00402481 -0.010196 -0.0163082
0 -0.00402689 -0.0101996 -0.0163108
0 -0.00401956 -0.010178 -0.0162768
0 -0.00400287 -0.0101313 -0.016207
0 -0.00397706 -0.0100603 -0.0161021
0 -0.00394259 -0.00996572 -0.0159633
