0 -3.60343e-05
1.25913 6.41493e-05
2.51802 0.000164333
3.77663 0.000264516
5.03491 0.0003647
6.29287 0.000464883
7.55049 0.000565067
8.80778 0.00066525
10.0647 0.000765434
11.3213 0.000865617
12.5776 0.0009658
13.8336 0.00106598
15.0892 0.00116617
16.3445 0.00126635
17.5994 0.00136653
18.854 0.00146672
20.1083 0.0015669
21.3623 0.00166708
22.6159 0.00176726
23.8691 0.00186745
25.1221 0.00196763
26.3747 0.00206781
27.6269 0.002168
28.8788 0.00226818
30.1304 0.00236836
31.3817 0.00246854
32.6326 0.00256873
33.883 0.00266891
35.1322 0.00276909
36.3795 0.00286927
37.6242 0.00296946
38.8651 0.00306964
40.103 0.00316982
41.337 0.00327001
42.5635 0.00337019
43.7829 0.00347037
44.99 0.00357055
46.1876 0.00367073
47.3748 0.00377091
48.5537 0.00387109
49.7283 0.00397127
50.8933 0.00407145
52.0414 0.00417163
53.1737 0.0042718
54.2995 0.00437196
55.4164 0.00447213
56.52 0.00457229
57.6183 0.00467246
58.7126 0.00477262
59.7994 0.00487278
60.8809 0.00497294
61.9522 0.0050731
63.0171 0.00517327
64.0757 0.00527343
65.1318 0.0053736
66.1823 0.00547376
67.2201 0.00557392
68.254 0.00567408
69.2759 0.00577424
70.2922 0.00587439
71.2996 0.00597454
72.3009 0.00607469
73.2989 0.00617484
74.2939 0.00627499
75.2868 0.00637513
76.2775 0.00647528
77.2617 0.00657543
78.2391 0.00667557
79.2108 0.00677571
80.1752 0.00687586
81.1386 0.00697599
82.1013 0.00707613
83.0631 0.00717627
84.0225 0.0072764
84.9783 0.00737654
85.9274 0.00747668
86.8732 0.00757681
87.8146 0.00767695
88.7488 0.00777708
89.676 0.00787722
90.5982 0.00797735
91.5141 0.00807748
92.4243 0.0081776
93.3311 0.00827773
94.2295 0.00837786
95.1214 0.00847799
96.0072 0.00857812
96.8895 0.00867825
97.7707 0.00877838
98.6508 0.00887851
99.529 0.00897863
100.405 0.00907876
101.279 0.00917888
102.152 0.00927901
103.022 0.00937913
103.887 0.00947926
104.746 0.00957938
105.601 0.00967951
106.453 0.00977964
107.303 0.00987977
108.15 0.0099799
108.996 0.01008
109.839 0.0101801
110.68 0.0102803
111.52 0.0103804
112.358 0.0104805
113.192 0.0105806
114.022 0.0106808
114.847 0.0107809
115.668 0.010881
116.483 0.0109811
117.291 0.0110812
118.096 0.0111814
118.899 0.0112815
119.701 0.0113816
120.5 0.0114817
121.298 0.0115818
122.093 0.011682
122.885 0.0117821
123.675 0.0118822
124.461 0.0119823
125.244 0.0120825
126.025 0.0121826
126.803 0.0122827
127.576 0.0123828
128.344 0.0124829
129.11 0.0125831
129.873 0.0126832
130.632 0.0127833
131.388 0.0128834
132.14 0.0129835
132.887 0.0130836
133.63 0.0131838
134.371 0.0132839
135.111 0.013384
135.849 0.0134841
136.585 0.0135842
137.32 0.0136843
138.052 0.0137845
138.783 0.0138846
139.511 0.0139847
140.236 0.0140848
140.956 0.0141849
141.672 0.0142851
142.385 0.0143852
143.094 0.0144853
143.801 0.0145854
144.505 0.0146855
145.206 0.0147856
145.903 0.0148858
146.596 0.0149859
147.287 0.015086
147.976 0.0151861
148.664 0.0152862
149.35 0.0153864
150.034 0.0154865
150.717 0.0155866
151.397 0.0156867
152.076 0.0157868
152.753 0.015887
153.429 0.0159871
154.104 0.0160872
154.777 0.0161873
155.449 0.0162875
156.118 0.0163876
156.786 0.0164877
157.451 0.0165878
158.114 0.0166879
158.775 0.0167881
159.434 0.0168882
160.091 0.0169883
160.746 0.0170884
161.401 0.0171885
162.054 0.0172887
162.705 0.0173888
163.353 0.0174889
163.999 0.017589
164.645 0.0176892
165.289 0.0177893
165.931 0.0178894
166.573 0.0179895
167.213 0.0180896
167.853 0.0181898
168.491 0.0182899
169.129 0.01839
169.765 0.0184901
170.401 0.0185902
171.035 0.0186904
171.668 0.0187905
172.299 0.0188906
172.929 0.0189907
173.556 0.0190909
174.183 0.019191
174.807 0.0192911
175.431 0.0193912
176.053 0.0194914
176.674 0.0195915
177.293 0.0196916
177.911 0.0197917
178.529 0.0198919
179.145 0.019992
179.761 0.0200921
180.374 0.0201923
180.986 0.0202924
181.598 0.0203925
182.208 0.0204926
182.818 0.0205928
183.426 0.0206929
184.034 0.020793
184.641 0.0208931
185.247 0.0209933
185.852 0.0210934
186.456 0.0211935
187.058 0.0212937
187.66 0.0213938
188.261 0.0214939
188.861 0.021594
189.461 0.0216941
190.058 0.0217943
190.655 0.0218944
191.25 0.0219945
191.845 0.0220946
192.439 0.0221948
193.032 0.0222949
193.625 0.022395
194.216 0.0224951
194.808 0.0225953
195.399 0.0226954
195.989 0.0227955
196.579 0.0228956
197.168 0.0229958
197.756 0.0230959
198.343 0.023196
198.93 0.0232961
199.515 0.0233963
200.1 0.0234964
200.684 0.0235965
201.267 0.0236966
201.85 0.0237968
202.432 0.0238969
203.014 0.023997
203.595 0.0240972
204.175 0.0241973
204.755 0.0242974
205.333 0.0243975
205.911 0.0244977
206.488 0.0245978
207.065 0.0246979
207.64 0.024798
208.215 0.0248982
208.789 0.0249983
209.362 0.0250984
209.935 0.0251986
210.506 0.0252987
211.077 0.0253988
211.647 0.0254989
212.217 0.0255991
212.785 0.0256992
213.353 0.0257993
213.92 0.0258994
214.486 0.0259996
215.05 0.0260997
215.614 0.0261998
216.176 0.0262999
216.738 0.0264001
217.298 0.0265002
217.858 0.0266003
218.416 0.0267004
218.974 0.0268006
219.531 0.0269007
220.088 0.0270008
220.644 0.0271009
221.2 0.0272011
221.755 0.0273012
222.309 0.0274013
222.863 0.0275014
223.417 0.0276016
223.97 0.0277017
224.522 0.0278018
225.073 0.027902
225.624 0.0280021
226.174 0.0281022
226.723 0.0282023
227.271 0.0283025
227.819 0.0284026
228.366 0.0285027
228.912 0.0286028
229.457 0.028703
230.002 0.0288031
230.546 0.0289032
231.09 0.0290033
231.633 0.0291035
232.176 0.0292036
232.718 0.0293037
233.259 0.0294038
233.799 0.029504
234.339 0.0296041
234.878 0.0297042
235.417 0.0298043
235.955 0.0299045
236.492 0.0300046
237.029 0.0301047
237.564 0.0302048
238.099 0.030305
238.633 0.0304051
239.166 0.0305052
239.699 0.0306053
240.231 0.0307055
240.762 0.0308056
241.293 0.0309057
241.823 0.0310058
242.352 0.031106
242.88 0.0312061
243.407 0.0313062
243.934 0.0314064
244.46 0.0315065
244.985 0.0316066
245.51 0.0317067
246.034 0.0318069
246.557 0.031907
247.079 0.0320071
247.6 0.0321072
248.121 0.0322074
248.64 0.0323075
249.159 0.0324076
249.676 0.0325078
250.193 0.0326079
250.708 0.032708
251.222 0.0328081
251.735 0.0329083
252.247 0.0330084
252.758 0.0331085
253.266 0.0332086
253.774 0.0333088
254.279 0.0334089
254.782 0.033509
255.283 0.0336092
255.783 0.0337093
256.28 0.0338094
256.776 0.0339095
257.271 0.0340097
257.763 0.0341098
258.254 0.0342099
258.742 0.03431
259.228 0.0344102
259.712 0.0345103
260.193 0.0346104
260.671 0.0347106
261.147 0.0348107
261.621 0.0349108
262.092 0.035011
262.562 0.0351111
263.028 0.0352112
263.492 0.0353114
263.953 0.0354115
264.41 0.0355116
264.865 0.0356117
265.317 0.0357119
265.766 0.035812
266.212 0.0359121
266.656 0.0360123
267.097 0.0361124
267.534 0.0362125
267.969 0.0363127
268.4 0.0364128
268.83 0.0365129
269.257 0.036613
269.681 0.0367132
270.102 0.0368133
270.52 0.0369134
270.936 0.0370136
271.349 0.0371137
271.76 0.0372138
272.168 0.0373139
272.574 0.0374141
272.977 0.0375142
273.379 0.0376143
273.78 0.0377144
274.181 0.0378146
274.582 0.0379147
274.982 0.0380148
275.381 0.0381149
275.777 0.038215
276.172 0.0383151
276.564 0.0384153
276.953 0.0385154
277.341 0.0386155
277.727 0.0387156
278.111 0.0388157
278.494 0.0389158
278.875 0.039016
279.254 0.0391161
279.632 0.0392162
280.008 0.0393163
280.384 0.0394164
280.758 0.0395165
281.131 0.0396166
281.503 0.0397167
281.874 0.0398168
282.245 0.039917
282.614 0.0400171
282.983 0.0401172
283.355 0.0402173
283.728 0.0403174
284.1 0.0404175
284.471 0.0405176
284.843 0.0406178
285.218 0.0407179
285.592 0.040818
285.965 0.0409181
286.337 0.0410182
286.708 0.0411184
287.078 0.0412185
287.447 0.0413186
287.816 0.0414187
288.184 0.0415188
288.551 0.041619
288.918 0.0417191
289.283 0.0418192
289.648 0.0419193
290.012 0.0420195
290.375 0.0421196
290.738 0.0422197
291.1 0.0423199
291.461 0.04242
291.821 0.0425201
292.181 0.0426203
292.54 0.0427204
292.898 0.0428205
293.256 0.0429207
293.613 0.0430208
293.969 0.0431209
294.325 0.0432211
294.681 0.0433212
295.035 0.0434214
295.39 0.0435215
295.743 0.0436216
296.096 0.0437218
296.449 0.0438219
296.801 0.0439221
297.153 0.0440222
297.503 0.0441224
297.854 0.0442225
298.204 0.0443227
298.554 0.0444228
298.906 0.044523
299.257 0.0446231
299.607 0.0447233
299.958 0.0448234
300.309 0.0449236
300.661 0.0450237
301.013 0.0451238
301.365 0.045224
301.716 0.0453241
302.067 0.0454243
302.419 0.0455244
302.769 0.0456246
303.119 0.0457247
303.468 0.0458249
303.816 0.0459251
304.164 0.0460252
304.512 0.0461254
304.858 0.0462255
305.204 0.0463257
305.55 0.0464258
305.895 0.046526
306.24 0.0466262
306.584 0.0467263
306.927 0.0468265
307.269 0.0469266
307.611 0.0470268
307.953 0.047127
308.294 0.0472271
308.635 0.0473273
308.975 0.0474274
309.314 0.0475276
309.655 0.0476278
309.995 0.0477279
310.336 0.0478281
310.675 0.0479283
311.015 0.0480284
311.356 0.0481286
311.696 0.0482288
312.035 0.0483289
312.374 0.0484291
312.712 0.0485293
313.049 0.0486294
313.386 0.0487296
313.723 0.0488298
314.058 0.0489299
314.393 0.0490301
314.727 0.0491303
315.06 0.0492304
315.392 0.0493306
315.724 0.0494308
316.055 0.0495309
316.385 0.0496311
316.715 0.0497312
317.044 0.0498314
317.372 0.0499316
317.699 0.0500317
318.026 0.0501319
318.352 0.050232
318.678 0.0503322
319.002 0.0504324
319.326 0.0505325
319.65 0.0506327
319.974 0.0507328
320.297 0.050833
320.619 0.0509331
320.94 0.0510333
321.261 0.0511334
321.581 0.0512336
321.901 0.0513337
322.219 0.0514339
322.538 0.051534
322.855 0.0516342
323.172 0.0517343
323.489 0.0518345
323.804 0.0519346
324.119 0.0520348
324.433 0.0521349
324.747 0.0522351
325.06 0.0523353
325.373 0.0524354
325.686 0.0525356
325.998 0.0526357
326.309 0.0527359
326.62 0.052836
326.931 0.0529362
327.243 0.0530363
327.554 0.0531365
327.866 0.0532366
328.177 0.0533368
328.488 0.0534369
328.799 0.0535371
329.109 0.0536372
329.419 0.0537374
329.728 0.0538376
330.037 0.0539377
330.345 0.0540379
330.653 0.054138
330.961 0.0542382
331.267 0.0543384
331.573 0.0544385
331.879 0.0545387
332.184 0.0546389
332.489 0.0547391
332.793 0.0548392
333.096 0.0549394
333.399 0.0550396
333.702 0.0551398
334.004 0.0552399
334.307 0.0553401
334.609 0.0554403
334.91 0.0555405
335.211 0.0556406
335.512 0.0557408
335.812 0.055841
336.111 0.0559412
336.409 0.0560414
336.707 0.0561415
337.005 0.0562417
337.302 0.0563419
337.599 0.0564421
337.896 0.0565423
338.193 0.0566425
338.489 0.0567427
338.785 0.0568429
339.08 0.0569431
339.376 0.0570433
339.67 0.0571435
339.965 0.0572437
340.259 0.0573439
340.553 0.0574441
340.846 0.0575443
341.139 0.0576445
341.433 0.0577447
341.725 0.0578449
342.018 0.0579451
342.31 0.0580453
342.601 0.0581455
342.893 0.0582457
343.184 0.0583459
343.475 0.0584461
343.766 0.0585463
344.056 0.0586465
344.345 0.0587467
344.635 0.0588469
344.923 0.0589471
345.212 0.0590472
345.5 0.0591474
345.788 0.0592476
346.076 0.0593478
346.364 0.059448
346.651 0.0595482
346.938 0.0596484
347.225 0.0597486
347.511 0.0598488
347.796 0.059949
348.081 0.0600492
348.366 0.0601493
348.649 0.0602495
348.933 0.0603497
349.216 0.0604499
349.499 0.0605501
349.781 0.0606503
350.062 0.0607504
350.343 0.0608506
350.623 0.0609508
350.902 0.061051
351.181 0.0611511
351.459 0.0612513
351.735 0.0613515
352.011 0.0614517
352.287 0.0615518
352.561 0.061652
352.834 0.0617522
353.106 0.0618523
353.377 0.0619525
353.647 0.0620527
353.916 0.0621528
354.185 0.062253
354.452 0.0623531
354.718 0.0624533
354.983 0.0625534
355.247 0.0626536
355.51 0.0627537
355.773 0.0628539
356.035 0.062954
356.297 0.0630542
356.558 0.0631543
356.818 0.0632544
357.077 0.0633546
357.335 0.0634547
357.592 0.0635548
357.847 0.0636549
358.102 0.0637551
358.355 0.0638552
358.608 0.0639553
358.859 0.0640554
359.109 0.0641555
359.358 0.0642556
359.606 0.0643558
359.853 0.0644559
360.099 0.064556
360.343 0.0646561
360.586 0.0647562
360.828 0.0648563
361.069 0.0649564
361.308 0.0650564
361.547 0.0651565
361.784 0.0652566
362.02 0.0653567
362.256 0.0654568
362.49 0.0655569
362.723 0.065657
362.956 0.0657571
363.188 0.0658571
363.42 0.0659572
363.652 0.0660573
363.882 0.0661574
364.112 0.0662575
364.341 0.0663575
364.57 0.0664576
364.798 0.0665577
365.026 0.0666578
365.254 0.0667578
365.481 0.0668579
365.707 0.066958
365.932 0.0670581
366.157 0.0671581
366.381 0.0672582
366.604 0.0673583
366.827 0.0674584
367.05 0.0675585
367.272 0.0676585
367.493 0.0677586
367.713 0.0678587
367.933 0.0679588
368.152 0.0680588
368.37 0.0681589
368.587 0.068259
368.803 0.0683591
369.019 0.0684592
369.233 0.0685593
369.448 0.0686593
369.661 0.0687594
369.873 0.0688595
370.084 0.0689596
370.293 0.0690597
370.502 0.0691598
370.709 0.0692599
370.915 0.0693599
371.119 0.06946
371.323 0.0695601
371.525 0.0696602
371.725 0.0697603
371.925 0.0698604
372.123 0.0699605
372.32 0.0700605
372.516 0.0701606
372.711 0.0702607
372.905 0.0703608
373.097 0.0704609
373.289 0.070561
373.48 0.070661
373.669 0.0707611
373.858 0.0708612
374.046 0.0709613
374.233 0.0710613
374.419 0.0711614
374.604 0.0712615
374.788 0.0713616
374.97 0.0714617
375.153 0.0715617
375.334 0.0716618
375.514 0.0717619
375.693 0.071862
375.872 0.071962
376.049 0.0720621
376.225 0.0721622
376.4 0.0722622
376.574 0.0723623
376.747 0.0724624
376.919 0.0725625
377.09 0.0726625
377.26 0.0727626
377.428 0.0728627
377.596 0.0729627
377.763 0.0730628
377.928 0.0731629
378.092 0.0732629
378.255 0.073363
378.418 0.073463
378.579 0.0735631
378.74 0.0736632
378.899 0.0737632
379.057 0.0738633
379.215 0.0739634
379.371 0.0740634
379.527 0.0741635
379.682 0.0742635
379.836 0.0743636
379.989 0.0744637
380.14 0.0745637
380.291 0.0746638
380.441 0.0747638
380.59 0.0748639
380.738 0.074964
380.885 0.075064
381.032 0.0751641
381.177 0.0752641
381.322 0.0753642
381.465 0.0754643
381.608 0.0755643
381.749 0.0756644
381.89 0.0757644
382.029 0.0758645
382.167 0.0759646
382.305 0.0760646
382.441 0.0761647
382.576 0.0762647
382.71 0.0763648
382.843 0.0764649
382.975 0.0765649
383.105 0.076665
383.235 0.076765
383.364 0.0768651
383.493 0.0769651
383.62 0.0770652
383.746 0.0771652
383.871 0.0772653
383.996 0.0773653
384.119 0.0774654
384.242 0.0775654
384.366 0.0776655
384.488 0.0777655
384.61 0.0778656
384.731 0.0779656
384.851 0.0780657
384.97 0.0781657
385.089 0.0782658
385.207 0.0783658
385.324 0.0784659
385.441 0.0785659
385.556 0.078666
385.67 0.078766
385.784 0.0788661
385.896 0.0789661
386.008 0.0790661
386.119 0.0791662
386.229 0.0792662
386.338 0.0793663
386.447 0.0794663
386.554 0.0795663
386.661 0.0796664
386.768 0.0797664
386.873 0.0798665
386.977 0.0799665
387.081 0.0800665
387.184 0.0801666
387.286 0.0802666
387.388 0.0803666
387.49 0.0804667
387.591 0.0805667
387.692 0.0806667
387.792 0.0807668
387.892 0.0808668
387.991 0.0809669
388.089 0.0810669
388.187 0.0811669
388.285 0.081267
388.382 0.081367
388.478 0.081467
388.574 0.0815671
388.67 0.0816671
388.766 0.0817671
388.862 0.0818672
388.957 0.0819672
389.053 0.0820673
389.148 0.0821673
389.242 0.0822673
389.336 0.0823674
389.43 0.0824674
389.524 0.0825674
389.617 0.0826675
389.71 0.0827675
389.803 0.0828676
389.895 0.0829676
389.986 0.0830676
390.078 0.0831677
390.168 0.0832677
390.259 0.0833677
390.349 0.0834678
390.438 0.0835678
390.527 0.0836679
390.616 0.0837679
390.704 0.0838679
390.792 0.083968
390.878 0.084068
390.965 0.084168
391.05 0.0842681
391.136 0.0843681
391.22 0.0844682
391.305 0.0845682
391.388 0.0846682
391.472 0.0847683
391.555 0.0848683
391.637 0.0849683
391.719 0.0850684
391.8 0.0851684
391.881 0.0852684
391.961 0.0853685
392.041 0.0854685
392.12 0.0855685
392.199 0.0856686
392.277 0.0857686
392.354 0.0858687
392.431 0.0859687
392.506 0.0860687
392.581 0.0861688
392.656 0.0862688
392.73 0.0863688
392.803 0.0864688
392.877 0.0865689
392.95 0.0866689
393.023 0.0867689
393.096 0.0868689
393.169 0.086969
393.241 0.087069
393.312 0.087169
393.383 0.0872691
393.454 0.0873691
393.523 0.0874691
393.593 0.0875692
393.661 0.0876692
393.73 0.0877692
393.797 0.0878692
393.865 0.0879693
393.931 0.0880693
393.997 0.0881693
394.063 0.0882694
394.128 0.0883694
394.194 0.0884694
394.259 0.0885694
394.325 0.0886694
394.391 0.0887695
394.456 0.0888695
394.522 0.0889695
394.588 0.0890695
394.653 0.0891696
394.718 0.0892696
394.782 0.0893696
394.846 0.0894697
394.91 0.0895697
394.973 0.0896697
395.036 0.0897697
395.099 0.0898698
395.161 0.0899698
395.223 0.0900698
395.284 0.0901699
395.345 0.0902699
395.406 0.0903699
395.467 0.0904699
395.527 0.09057
395.587 0.09067
395.646 0.09077
395.706 0.09087
395.765 0.0909701
395.824 0.0910701
395.883 0.0911701
395.942 0.0912702
396.002 0.0913702
396.06 0.0914702
396.119 0.0915702
396.178 0.0916703
396.236 0.0917703
396.294 0.0918703
396.352 0.0919703
396.41 0.0920704
396.467 0.0921704
396.524 0.0922704
396.58 0.0923705
396.636 0.0924705
396.692 0.0925705
396.747 0.0926705
396.802 0.0927706
396.856 0.0928706
396.911 0.0929706
396.964 0.0930706
397.018 0.0931707
397.071 0.0932707
397.124 0.0933707
397.176 0.0934708
397.228 0.0935708
397.28 0.0936708
397.331 0.0937708
397.382 0.0938709
397.433 0.0939709
397.483 0.0940709
397.532 0.0941709
397.582 0.094271
397.631 0.094371
397.68 0.094471
397.728 0.094571
397.775 0.0946711
397.822 0.0947711
397.867 0.0948711
397.913 0.0949711
397.958 0.0950712
398.002 0.0951712
398.046 0.0952712
398.089 0.0953712
398.13 0.0954713
398.17 0.0955713
398.209 0.0956713
398.246 0.0957714
398.282 0.0958714
398.317 0.0959714
398.348 0.0960714
398.376 0.0961715
398.404 0.0962715
398.43 0.0963715
398.457 0.0964715
398.484 0.0965715
398.511 0.0966715
398.537 0.0967716
398.563 0.0968716
398.589 0.0969716
398.615 0.0970716
398.641 0.0971716
398.669 0.0972716
398.696 0.0973716
398.723 0.0974717
398.75 0.0975717
398.776 0.0976717
398.803 0.0977717
398.83 0.0978717
398.857 0.0979717
398.885 0.0980717
398.914 0.0981718
398.943 0.0982718
398.971 0.0983718
399 0.0984718
399.027 0.0985718
399.055 0.0986718
399.083 0.0987719
399.11 0.0988719
399.137 0.0989719
399.164 0.0990719
399.19 0.0991719
399.217 0.0992719
399.243 0.0993719
399.269 0.0994719
399.296 0.099572
399.322 0.099672
399.349 0.099772
399.375 0.099872
399.402 0.099972
399.43 0.100072
399.458 0.100172
399.486 0.100272
399.515 0.100372
399.544 0.100472
399.572 0.100572
399.601 0.100672
399.629 0.100772
399.657 0.100872
399.686 0.100972
399.714 0.101072
399.742 0.101172
399.77 0.101272
399.799 0.101372
399.828 0.101472
399.857 0.101572
399.886 0.101672
399.915 0.101772
399.944 0.101872
399.973 0.101972
400.003 0.102072
400.032 0.102172
400.061 0.102272
400.09 0.102372
400.119 0.102472
400.148 0.102572
400.177 0.102672
400.206 0.102772
400.235 0.102872
400.264 0.102972
400.292 0.103072
400.321 0.103172
400.35 0.103272
400.378 0.103372
400.407 0.103472
400.436 0.103572
400.465 0.103672
400.493 0.103773
400.522 0.103873
400.55 0.103973
400.578 0.104073
400.606 0.104173
400.634 0.104273
400.661 0.104373
400.689 0.104473
400.715 0.104573
400.742 0.104673
400.769 0.104773
400.795 0.104873
400.822 0.104973
400.848 0.105073
400.873 0.105173
400.899 0.105273
400.924 0.105373
400.949 0.105473
400.974 0.105573
400.998 0.105673
401.023 0.105773
401.047 0.105873
401.071 0.105973
401.095 0.106073
401.118 0.106173
401.142 0.106273
401.165 0.106373
401.188 0.106473
401.211 0.106573
401.234 0.106673
401.257 0.106773
401.28 0.106873
401.302 0.106973
401.324 0.107073
401.346 0.107173
401.368 0.107273
401.389 0.107373
401.41 0.107473
401.431 0.107573
401.452 0.107673
401.473 0.107773
401.493 0.107873
401.513 0.107973
401.533 0.108073
401.552 0.108173
401.572 0.108273
401.591 0.108373
401.611 0.108473
401.63 0.108573
401.65 0.108673
401.669 0.108773
401.688 0.108873
401.707 0.108973
401.726 0.109073
401.745 0.109173
401.764 0.109273
401.782 0.109373
401.8 0.109473
401.818 0.109573
401.836 0.109673
401.854 0.109773
401.871 0.109873
401.888 0.109973
401.905 0.110073
401.922 0.110173
401.938 0.110273
401.955 0.110373
401.971 0.110473
401.987 0.110573
402.004 0.110673
402.02 0.110773
402.036 0.110873
402.051 0.110973
402.067 0.111073
402.082 0.111173
402.098 0.111273
402.113 0.111373
402.128 0.111473
402.143 0.111573
402.158 0.111673
402.173 0.111773
402.187 0.111873
402.202 0.111973
402.216 0.112073
402.23 0.112173
402.244 0.112273
402.258 0.112373
402.271 0.112473
402.285 0.112573
402.298 0.112673
402.311 0.112773
402.325 0.112873
402.338 0.112973
402.351 0.113073
402.363 0.113173
402.376 0.113273
402.388 0.113373
402.401 0.113473
402.413 0.113573
402.425 0.113673
402.437 0.113774
402.449 0.113874
402.461 0.113974
402.473 0.114074
402.485 0.114174
402.496 0.114274
402.508 0.114374
402.519 0.114474
402.531 0.114574
402.542 0.114674
402.554 0.114774
402.565 0.114874
402.577 0.114974
402.588 0.115074
402.6 0.115174
402.611 0.115274
402.622 0.115374
402.634 0.115474
402.645 0.115574
402.656 0.115674
402.667 0.115774
402.678 0.115874
402.689 0.115974
402.7 0.116074
402.71 0.116174
402.721 0.116274
402.732 0.116374
402.742 0.116474
402.753 0.116574
402.763 0.116674
402.773 0.116774
402.784 0.116874
402.794 0.116974
402.804 0.117074
402.814 0.117174
402.824 0.117274
402.834 0.117374
402.844 0.117474
402.853 0.117574
402.863 0.117674
402.873 0.117774
402.882 0.117874
402.892 0.117974
402.901 0.118074
402.911 0.118174
402.92 0.118274
402.929 0.118374
402.938 0.118474
402.947 0.118574
402.956 0.118674
402.965 0.118774
402.974 0.118874
402.983 0.118974
402.992 0.119074
403.001 0.119174
403.01 0.119274
403.018 0.119374
403.027 0.119474
403.035 0.119574
403.044 0.119674
403.052 0.119774
403.06 0.119874
403.068 0.119974
403.076 0.120074
403.084 0.120174
403.092 0.120274
403.1 0.120374
403.108 0.120474
403.116 0.120574
403.124 0.120674
403.132 0.120774
403.139 0.120874
403.147 0.120974
403.154 0.121074
403.162 0.121174
403.169 0.121274
403.177 0.121374
403.184 0.121474
403.191 0.121574
403.199 0.121674
403.206 0.121774
403.213 0.121874
403.22 0.121974
403.227 0.122074
403.234 0.122174
403.241 0.122274
403.247 0.122374
403.254 0.122474
403.261 0.122574
403.267 0.122674
403.274 0.122774
403.281 0.122874
403.287 0.122974
403.294 0.123074
403.3 0.123174
403.306 0.123274
403.312 0.123374
403.318 0.123474
403.324 0.123574
403.33 0.123674
403.336 0.123774
403.342 0.123874
403.348 0.123974
403.353 0.124074
403.359 0.124174
403.365 0.124274
403.371 0.124374
403.376 0.124474
403.382 0.124574
403.388 0.124674
403.393 0.124774
403.399 0.124874
403.404 0.124974
403.41 0.125074
403.416 0.125174
403.421 0.125274
403.427 0.125374
403.432 0.125474
403.437 0.125574
403.443 0.125674
403.448 0.125774
403.453 0.125874
403.458 0.125974
403.463 0.126074
403.468 0.126174
403.473 0.126274
403.478 0.126374
403.483 0.126474
403.488 0.126574
403.493 0.126674
403.497 0.126774
403.502 0.126874
403.506 0.126974
403.511 0.127074
403.516 0.127174
403.52 0.127274
403.524 0.127374
403.529 0.127474
403.533 0.127574
403.537 0.127674
403.542 0.127774
403.546 0.127874
403.55 0.127974
403.554 0.128074
403.558 0.128174
403.562 0.128274
403.566 0.128374
403.57 0.128474
403.574 0.128574
403.578 0.128674
403.582 0.128774
403.586 0.128874
403.59 0.128974
403.593 0.129074
403.597 0.129174
403.601 0.129274
403.605 0.129374
403.608 0.129474
403.612 0.129574
403.615 0.129674
403.619 0.129774
403.622 0.129874
403.626 0.129974
403.629 0.130074
403.632 0.130174
403.635 0.130274
403.639 0.130374
403.642 0.130474
403.645 0.130574
403.648 0.130674
403.651 0.130774
403.654 0.130874
403.657 0.130974
403.66 0.131074
403.662 0.131174
403.665 0.131274
403.668 0.131374
403.67 0.131474
403.673 0.131574
403.675 0.131674
403.678 0.131774
403.68 0.131874
403.682 0.131974
403.684 0.132074
403.687 0.132174
403.689 0.132274
403.691 0.132374
403.693 0.132474
403.695 0.132574
403.697 0.132674
403.699 0.132774
403.7 0.132874
403.702 0.132974
403.704 0.133074
403.705 0.133174
403.707 0.133274
403.709 0.133374
403.71 0.133474
403.711 0.133574
403.713 0.133674
403.714 0.133774
403.715 0.133874
403.717 0.133974
403.718 0.134074
403.719 0.134174
403.72 0.134274
403.721 0.134374
403.722 0.134474
403.723 0.134574
403.724 0.134674
403.725 0.134774
403.725 0.134874
403.726 0.134974
403.726 0.135074
403.727 0.135174
403.728 0.135274
403.728 0.135374
403.728 0.135474
403.729 0.135574
403.729 0.135674
403.729 0.135774
403.729 0.135874
403.729 0.135974
403.729 0.136074
403.729 0.136174
403.729 0.136274
403.729 0.136374
403.729 0.136474
403.729 0.136574
403.728 0.136674
403.728 0.136774
403.728 0.136874
403.727 0.136974
403.727 0.137074
403.726 0.137174
403.725 0.137274
403.724 0.137374
403.724 0.137474
403.723 0.137574
403.722 0.137674
403.721 0.137774
403.72 0.137874
403.719 0.137974
403.718 0.138074
403.717 0.138174
403.715 0.138274
403.714 0.138374
403.713 0.138474
403.711 0.138574
403.71 0.138674
403.708 0.138774
403.706 0.138874
403.705 0.138974
403.703 0.139074
403.701 0.139174
403.699 0.139274
403.697 0.139374
403.695 0.139474
403.693 0.139574
403.691 0.139674
403.689 0.139774
403.687 0.139874
403.685 0.139974
403.682 0.140074
403.68 0.140174
403.678 0.140274
403.675 0.140374
403.673 0.140474
403.67 0.140574
403.668 0.140674
403.665 0.140774
403.662 0.140874
403.66 0.140974
403.657 0.141074
403.654 0.141174
403.651 0.141274
403.648 0.141374
403.645 0.141474
403.642 0.141574
403.639 0.141674
403.636 0.141774
403.633 0.141874
403.63 0.141974
403.626 0.142074
403.623 0.142174
403.619 0.142274
403.616 0.142374
403.612 0.142474
403.608 0.142574
403.605 0.142674
403.601 0.142774
403.597 0.142874
403.593 0.142974
403.589 0.143074
403.584 0.143174
403.58 0.143274
403.576 0.143374
403.571 0.143474
403.567 0.143574
403.562 0.143674
403.558 0.143774
403.553 0.143874
403.548 0.143974
403.543 0.144074
403.538 0.144174
403.533 0.144274
403.528 0.144374
403.523 0.144474
403.517 0.144574
403.512 0.144674
403.507 0.144774
403.501 0.144874
403.495 0.144974
403.489 0.145074
403.484 0.145174
403.478 0.145274
403.471 0.145374
403.465 0.145474
403.459 0.145574
403.453 0.145674
403.446 0.145774
403.44 0.145874
403.433 0.145974
403.426 0.146074
403.419 0.146174
403.412 0.146274
403.405 0.146374
403.398 0.146474
403.391 0.146574
403.384 0.146674
403.376 0.146774
403.369 0.146874
403.361 0.146974
403.354 0.147074
403.346 0.147174
403.338 0.147274
403.33 0.147374
403.322 0.147474
403.314 0.147574
403.306 0.147674
403.297 0.147774
403.289 0.147874
403.28 0.147974
403.272 0.148074
403.263 0.148174
403.254 0.148274
403.245 0.148374
403.236 0.148474
403.227 0.148574
403.218 0.148674
403.209 0.148774
403.199 0.148874
403.19 0.148974
403.18 0.149074
403.17 0.149174
403.16 0.149274
403.15 0.149374
403.14 0.149474
403.13 0.149574
403.12 0.149674
403.109 0.149774
403.099 0.149874
403.088 0.149974
403.077 0.150074
403.066 0.150174
403.055 0.150274
403.044 0.150374
403.033 0.150474
403.022 0.150574
403.01 0.150674
402.999 0.150774
402.987 0.150874
402.975 0.150974
402.963 0.151074
402.951 0.151174
402.939 0.151274
402.927 0.151374
402.915 0.151474
402.902 0.151574
402.889 0.151674
402.877 0.151774
402.864 0.151874
402.851 0.151974
402.838 0.152074
402.824 0.152174
402.811 0.152274
402.798 0.152374
402.784 0.152474
402.77 0.152574
402.756 0.152674
402.742 0.152774
402.728 0.152874
402.714 0.152974
402.699 0.153074
402.685 0.153174
402.67 0.153274
402.655 0.153374
402.64 0.153474
402.625 0.153574
402.61 0.153674
402.594 0.153774
402.579 0.153874
402.563 0.153974
402.547 0.154074
402.531 0.154174
402.515 0.154274
402.499 0.154374
402.482 0.154474
402.465 0.154574
402.449 0.154674
402.432 0.154774
402.415 0.154874
402.397 0.154974
402.38 0.155074
402.362 0.155174
402.344 0.155274
402.326 0.155374
402.307 0.155474
402.289 0.155574
402.27 0.155674
402.251 0.155774
402.232 0.155874
402.212 0.155974
402.193 0.156074
402.174 0.156174
402.154 0.156274
402.134 0.156374
402.113 0.156474
402.093 0.156574
402.073 0.156674
402.053 0.156774
402.032 0.156874
402.012 0.156974
401.991 0.157074
401.97 0.157174
401.949 0.157274
401.928 0.157374
401.907 0.157474
401.886 0.157574
401.864 0.157674
401.843 0.157774
401.822 0.157874
401.8 0.157974
401.778 0.158074
401.756 0.158174
401.734 0.158274
401.712 0.158374
401.69 0.158474
401.668 0.158574
401.645 0.158674
401.622 0.158774
401.6 0.158874
401.577 0.158974
401.554 0.159074
401.531 0.159174
401.508 0.159274
401.484 0.159374
401.461 0.159474
401.437 0.159574
401.413 0.159674
401.389 0.159774
401.365 0.159874
401.341 0.159974
401.316 0.160074
401.292 0.160174
401.267 0.160274
401.243 0.160374
401.218 0.160474
401.193 0.160574
401.167 0.160674
401.142 0.160774
401.117 0.160874
401.091 0.160974
401.065 0.161073
401.039 0.161173
401.013 0.161273
400.986 0.161373
400.96 0.161473
400.933 0.161573
400.906 0.161673
400.878 0.161773
400.85 0.161873
400.822 0.161973
400.793 0.162073
400.765 0.162173
400.736 0.162273
400.707 0.162373
400.678 0.162473
400.648 0.162573
400.619 0.162673
400.589 0.162773
400.56 0.162873
400.53 0.162973
400.5 0.163073
400.471 0.163173
400.441 0.163273
400.411 0.163373
400.38 0.163473
400.35 0.163573
400.32 0.163673
400.29 0.163773
400.259 0.163873
400.229 0.163973
400.198 0.164073
400.167 0.164173
400.136 0.164273
400.105 0.164373
400.074 0.164473
400.043 0.164573
400.012 0.164673
399.98 0.164773
399.949 0.164873
399.917 0.164973
399.885 0.165073
399.853 0.165173
399.821 0.165273
399.788 0.165373
399.757 0.165473
399.725 0.165573
399.693 0.165673
399.661 0.165773
399.63 0.165873
399.599 0.165973
399.568 0.166073
399.537 0.166173
399.505 0.166273
399.474 0.166373
399.442 0.166473
399.41 0.166573
399.378 0.166673
399.347 0.166773
399.316 0.166873
399.285 0.166973
399.254 0.167073
399.222 0.167173
399.191 0.167273
399.159 0.167373
399.128 0.167473
399.096 0.167573
399.064 0.167673
399.032 0.167773
399.001 0.167873
398.969 0.167973
398.937 0.168073
398.905 0.168173
398.873 0.168273
398.84 0.168373
398.808 0.168473
398.776 0.168573
398.743 0.168673
398.711 0.168773
398.678 0.168873
398.646 0.168973
398.613 0.169073
398.58 0.169173
398.547 0.169273
398.514 0.169373
398.481 0.169473
398.448 0.169573
398.414 0.169673
398.381 0.169773
398.348 0.169873
398.314 0.169973
398.28 0.170073
398.245 0.170173
398.21 0.170273
398.175 0.170373
398.14 0.170473
398.105 0.170572
398.07 0.170672
398.034 0.170772
397.999 0.170872
397.963 0.170972
397.928 0.171072
397.892 0.171172
397.857 0.171272
397.821 0.171372
397.786 0.171472
397.75 0.171572
397.715 0.171672
397.679 0.171772
397.643 0.171872
397.608 0.171972
397.572 0.172072
397.536 0.172172
397.501 0.172272
397.465 0.172372
397.429 0.172472
397.393 0.172572
397.358 0.172672
397.322 0.172772
397.286 0.172872
397.25 0.172972
397.215 0.173072
397.179 0.173172
397.143 0.173272
397.107 0.173372
397.071 0.173472
397.035 0.173572
396.999 0.173672
396.963 0.173772
396.927 0.173872
396.891 0.173972
396.855 0.174072
396.819 0.174172
396.783 0.174272
396.747 0.174372
396.711 0.174472
396.675 0.174572
396.639 0.174672
396.602 0.174772
396.566 0.174872
396.53 0.174972
396.494 0.175072
396.457 0.175172
396.421 0.175272
396.385 0.175372
396.35 0.175472
396.317 0.175572
396.284 0.175672
396.251 0.175772
396.218 0.175872
396.186 0.175972
396.154 0.176072
396.122 0.176172
396.09 0.176272
396.058 0.176372
396.026 0.176472
395.994 0.176572
395.963 0.176672
395.932 0.176772
395.901 0.176872
395.871 0.176972
395.84 0.177072
395.81 0.177172
395.78 0.177272
395.75 0.177372
395.72 0.177472
395.69 0.177572
395.661 0.177672
395.631 0.177772
395.601 0.177872
395.571 0.177972
395.541 0.178072
395.512 0.178172
395.483 0.178272
395.454 0.178372
395.425 0.178472
395.396 0.178572
395.367 0.178671
395.338 0.178771
395.309 0.178871
395.28 0.178971
395.251 0.179071
395.221 0.179171
395.192 0.179271
395.163 0.179371
395.134 0.179471
395.104 0.179571
395.075 0.179671
395.045 0.179771
395.016 0.179871
394.987 0.179971
394.957 0.180071
394.928 0.180171
394.898 0.180271
394.869 0.180371
394.839 0.180471
394.81 0.180571
394.78 0.180671
394.751 0.180771
394.721 0.180871
394.692 0.180971
394.662 0.181071
394.632 0.181171
394.602 0.181271
394.572 0.181371
394.542 0.181471
394.512 0.181571
394.482 0.181671
394.452 0.181771
394.422 0.181871
394.392 0.181971
394.362 0.182071
394.332 0.182171
394.301 0.182271
394.271 0.182371
394.241 0.182471
394.211 0.182571
394.18 0.182671
394.151 0.182771
394.123 0.182871
394.096 0.182971
394.069 0.183071
394.042 0.183171
394.016 0.183271
393.989 0.183371
393.963 0.183471
393.937 0.183571
393.912 0.183671
393.886 0.183771
393.86 0.183871
393.834 0.183971
393.809 0.184071
393.783 0.184171
393.757 0.184271
393.731 0.184371
393.706 0.184471
393.68 0.184571
393.654 0.184671
393.628 0.184771
393.602 0.184871
393.576 0.184971
393.551 0.185071
393.525 0.185171
393.499 0.185271
393.473 0.185371
393.447 0.185471
393.421 0.185571
393.395 0.185671
393.37 0.185771
393.344 0.185871
393.318 0.185971
393.292 0.186071
393.266 0.186171
393.24 0.186271
393.214 0.186371
393.188 0.186471
393.162 0.186571
393.136 0.186671
393.11 0.186771
393.084 0.186871
393.059 0.186971
393.033 0.187071
393.007 0.187171
392.981 0.187271
392.955 0.187371
392.929 0.187471
392.903 0.18757
392.877 0.18767
392.851 0.18777
392.825 0.18787
392.799 0.18797
392.773 0.18807
392.747 0.18817
392.722 0.18827
392.696 0.18837
392.67 0.18847
392.644 0.18857
392.618 0.18867
392.592 0.18877
392.566 0.18887
392.539 0.18897
392.513 0.18907
392.487 0.18917
392.461 0.18927
392.435 0.18937
392.409 0.18947
392.383 0.18957
392.357 0.18967
392.331 0.18977
392.305 0.18987
392.279 0.18997
392.253 0.19007
392.227 0.19017
392.201 0.19027
392.175 0.19037
392.149 0.19047
392.123 0.19057
392.097 0.19067
392.071 0.19077
392.045 0.19087
392.019 0.19097
391.992 0.19107
391.966 0.19117
391.94 0.19127
391.914 0.19137
391.888 0.19147
391.862 0.19157
391.836 0.19167
391.81 0.19177
391.784 0.19187
391.757 0.19197
391.731 0.19207
391.705 0.19217
391.679 0.19227
391.653 0.19237
391.627 0.19247
391.601 0.19257
391.575 0.19267
391.549 0.19277
391.523 0.19287
391.497 0.19297
391.471 0.19307
391.444 0.19317
391.418 0.19327
391.392 0.19337
391.366 0.19347
391.34 0.19357
391.314 0.19367
391.287 0.19377
391.261 0.19387
391.235 0.19397
391.209 0.19407
391.183 0.19417
391.157 0.19427
391.13 0.19437
391.104 0.19447
391.078 0.19457
391.052 0.19467
391.026 0.19477
390.999 0.19487
390.973 0.19497
390.947 0.19507
390.921 0.19517
390.894 0.19527
390.868 0.19537
390.842 0.19547
390.816 0.19557
390.789 0.19567
390.763 0.19577
390.737 0.19587
390.711 0.19597
390.685 0.19607
390.659 0.19617
390.633 0.19627
390.607 0.19637
390.581 0.19647
390.555 0.196569
390.529 0.196669
390.503 0.196769
390.477 0.196869
390.451 0.196969
390.425 0.197069
390.399 0.197169
390.373 0.197269
390.347 0.197369
390.321 0.197469
390.295 0.197569
390.269 0.197669
390.243 0.197769
390.217 0.197869
390.192 0.197969
390.166 0.198069
390.14 0.198169
390.114 0.198269
390.088 0.198369
390.062 0.198469
390.036 0.198569
390.01 0.198669
389.984 0.198769
389.959 0.198869
389.933 0.198969
389.907 0.199069
389.881 0.199169
389.855 0.199269
389.829 0.199369
389.803 0.199469
389.777 0.199569
389.751 0.199669
389.725 0.199769
389.699 0.199869
389.673 0.199969
389.647 0.200069
389.621 0.200169
389.595 0.200269
389.569 0.200369
389.543 0.200469
389.517 0.200569
389.491 0.200669
389.464 0.200769
389.438 0.200869
389.412 0.200969
389.386 0.201069
389.36 0.201169
389.334 0.201269
389.308 0.201369
389.282 0.201469
389.256 0.201569
389.229 0.201669
389.203 0.201769
389.177 0.201869
389.151 0.201969
389.125 0.202069
389.099 0.202169
389.072 0.202269
389.046 0.202369
389.02 0.202469
388.994 0.202569
388.968 0.202669
388.941 0.202769
388.915 0.202869
388.889 0.202969
388.863 0.203069
388.836 0.203169
388.81 0.203269
388.784 0.203369
388.757 0.203469
388.731 0.203569
388.705 0.203669
388.678 0.203769
388.652 0.203869
388.626 0.203969
388.599 0.204069
388.573 0.204169
388.547 0.204269
388.52 0.204369
388.494 0.204469
388.468 0.204569
388.441 0.204669
388.415 0.204769
388.388 0.204869
388.362 0.204969
388.336 0.205069
388.309 0.205168
388.283 0.205268
388.256 0.205368
388.23 0.205468
388.203 0.205568
388.177 0.205668
388.15 0.205768
388.124 0.205868
388.097 0.205968
388.071 0.206068
388.044 0.206168
388.018 0.206268
387.991 0.206368
387.965 0.206468
387.938 0.206568
387.912 0.206668
387.885 0.206768
387.858 0.206868
387.832 0.206968
387.805 0.207068
387.779 0.207168
387.752 0.207268
387.725 0.207368
387.699 0.207468
387.672 0.207568
387.645 0.207668
387.619 0.207768
387.592 0.207868
387.565 0.207968
387.539 0.208068
387.512 0.208168
387.485 0.208268
387.459 0.208368
387.432 0.208468
387.405 0.208568
387.378 0.208668
387.352 0.208768
387.325 0.208868
387.298 0.208968
387.271 0.209068
387.244 0.209168
387.218 0.209268
387.191 0.209368
387.164 0.209468
387.137 0.209568
387.11 0.209668
387.083 0.209768
387.057 0.209868
387.03 0.209968
387.003 0.210068
386.976 0.210168
386.949 0.210268
386.922 0.210368
386.895 0.210468
386.869 0.210568
386.842 0.210668
386.815 0.210768
386.788 0.210868
386.761 0.210968
386.734 0.211068
386.707 0.211168
386.68 0.211268
386.653 0.211368
386.626 0.211468
386.599 0.211568
386.572 0.211668
386.545 0.211768
386.518 0.211868
386.491 0.211968
386.464 0.212068
386.437 0.212168
386.41 0.212268
386.383 0.212368
386.356 0.212468
386.329 0.212568
386.302 0.212668
386.275 0.212768
386.248 0.212868
386.221 0.212968
386.194 0.213068
386.167 0.213168
386.14 0.213268
386.113 0.213368
386.086 0.213468
386.059 0.213567
386.032 0.213667
386.005 0.213767
385.978 0.213867
385.95 0.213967
385.923 0.214067
385.896 0.214167
385.869 0.214267
385.842 0.214367
385.815 0.214467
385.788 0.214567
385.761 0.214667
385.733 0.214767
385.706 0.214867
385.679 0.214967
385.652 0.215067
385.625 0.215167
385.598 0.215267
385.57 0.215367
385.543 0.215467
385.516 0.215567
385.489 0.215667
385.461 0.215767
385.434 0.215867
385.407 0.215967
385.38 0.216067
385.352 0.216167
385.325 0.216267
385.298 0.216367
385.27 0.216467
385.243 0.216567
385.216 0.216667
385.189 0.216767
385.161 0.216867
385.134 0.216967
385.107 0.217067
385.079 0.217167
385.052 0.217267
385.024 0.217367
384.997 0.217467
384.97 0.217567
384.942 0.217667
384.915 0.217767
384.887 0.217867
384.86 0.217967
384.832 0.218067
384.805 0.218167
384.778 0.218267
384.75 0.218367
384.723 0.218467
384.695 0.218567
384.668 0.218667
384.64 0.218767
384.612 0.218867
384.585 0.218967
384.557 0.219067
384.53 0.219167
384.502 0.219267
384.475 0.219367
384.447 0.219467
384.419 0.219567
384.392 0.219667
384.364 0.219767
384.337 0.219867
384.309 0.219967
384.281 0.220067
384.254 0.220167
384.226 0.220267
384.198 0.220367
384.171 0.220467
384.143 0.220567
384.115 0.220667
384.087 0.220767
384.06 0.220867
384.032 0.220967
384.004 0.221067
383.976 0.221167
383.949 0.221267
383.921 0.221367
383.893 0.221467
383.865 0.221567
383.837 0.221667
383.81 0.221767
383.782 0.221867
383.754 0.221966
383.726 0.222066
383.698 0.222166
383.67 0.222266
383.642 0.222366
383.615 0.222466
383.587 0.222566
383.559 0.222666
383.531 0.222766
383.503 0.222866
383.475 0.222966
383.447 0.223066
383.419 0.223166
383.391 0.223266
383.363 0.223366
383.335 0.223466
383.307 0.223566
383.279 0.223666
383.251 0.223766
383.223 0.223866
383.195 0.223966
383.167 0.224066
383.139 0.224166
383.111 0.224266
383.083 0.224366
383.055 0.224466
383.027 0.224566
382.998 0.224666
382.97 0.224766
382.942 0.224866
382.914 0.224966
382.886 0.225066
382.858 0.225166
382.83 0.225266
382.802 0.225366
382.773 0.225466
382.745 0.225566
382.717 0.225666
382.689 0.225766
382.661 0.225866
382.632 0.225966
382.604 0.226066
382.576 0.226166
382.548 0.226266
382.519 0.226366
382.491 0.226466
382.463 0.226566
382.434 0.226666
382.406 0.226766
382.378 0.226866
382.349 0.226966
382.321 0.227066
382.293 0.227166
382.264 0.227266
382.236 0.227366
382.207 0.227466
382.179 0.227566
382.151 0.227666
382.122 0.227766
382.094 0.227866
382.065 0.227966
382.037 0.228066
382.008 0.228166
381.98 0.228266
381.951 0.228366
381.923 0.228466
381.894 0.228566
381.866 0.228666
381.837 0.228766
381.809 0.228866
381.78 0.228966
381.752 0.229066
381.723 0.229166
381.694 0.229266
381.666 0.229366
381.637 0.229466
381.608 0.229566
381.58 0.229666
381.551 0.229766
381.523 0.229866
381.494 0.229966
381.465 0.230066
381.436 0.230165
381.408 0.230265
381.379 0.230365
381.35 0.230465
381.322 0.230565
381.293 0.230665
381.264 0.230765
381.235 0.230865
381.207 0.230965
381.178 0.231065
381.149 0.231165
381.12 0.231265
381.092 0.231365
381.063 0.231465
381.034 0.231565
381.005 0.231665
380.976 0.231765
380.947 0.231865
380.918 0.231965
380.889 0.232065
380.861 0.232165
380.832 0.232265
380.803 0.232365
380.774 0.232465
380.745 0.232565
380.716 0.232665
380.687 0.232765
380.658 0.232865
380.629 0.232965
380.6 0.233065
380.571 0.233165
380.542 0.233265
380.513 0.233365
380.484 0.233465
380.454 0.233565
380.425 0.233665
380.396 0.233765
380.367 0.233865
380.338 0.233965
380.309 0.234065
380.28 0.234165
380.251 0.234265
380.222 0.234365
380.192 0.234465
380.163 0.234565
380.134 0.234665
380.105 0.234765
380.076 0.234865
380.046 0.234965
380.017 0.235065
379.988 0.235165
379.959 0.235265
379.929 0.235365
379.9 0.235465
379.871 0.235565
379.841 0.235665
379.812 0.235765
379.783 0.235865
379.753 0.235965
379.724 0.236065
379.695 0.236165
379.665 0.236265
379.636 0.236365
379.607 0.236465
379.577 0.236565
379.548 0.236665
379.518 0.236765
379.489 0.236865
379.459 0.236965
379.43 0.237065
379.4 0.237165
379.371 0.237265
379.341 0.237365
379.312 0.237465
379.282 0.237565
379.252 0.237665
379.223 0.237765
379.193 0.237865
379.164 0.237965
379.134 0.238065
379.104 0.238165
379.075 0.238265
379.045 0.238365
379.015 0.238464
378.986 0.238564
378.956 0.238664
378.926 0.238764
378.896 0.238864
378.867 0.238964
378.837 0.239064
378.807 0.239164
378.777 0.239264
378.748 0.239364
378.718 0.239464
378.688 0.239564
378.658 0.239664
378.628 0.239764
378.598 0.239864
378.568 0.239964
378.538 0.240064
378.509 0.240164
378.479 0.240264
378.449 0.240364
378.419 0.240464
378.389 0.240564
378.359 0.240664
378.329 0.240764
378.299 0.240864
378.269 0.240964
378.239 0.241064
378.209 0.241164
378.178 0.241264
378.148 0.241364
378.118 0.241464
378.088 0.241564
378.058 0.241664
378.028 0.241764
377.998 0.241864
377.968 0.241964
377.937 0.242064
377.907 0.242164
377.877 0.242264
377.847 0.242364
377.816 0.242464
377.786 0.242564
377.756 0.242664
377.726 0.242764
377.695 0.242864
377.665 0.242964
377.635 0.243064
377.604 0.243164
377.574 0.243264
377.544 0.243364
377.513 0.243464
377.483 0.243564
377.453 0.243664
377.422 0.243764
377.392 0.243864
377.362 0.243964
377.331 0.244064
377.301 0.244164
377.271 0.244264
377.24 0.244364
377.21 0.244464
377.179 0.244564
377.149 0.244664
377.118 0.244764
377.088 0.244864
377.057 0.244964
377.027 0.245064
376.996 0.245164
376.966 0.245264
376.935 0.245364
376.904 0.245464
376.874 0.245564
376.843 0.245664
376.813 0.245764
376.782 0.245864
376.751 0.245964
376.721 0.246064
376.69 0.246164
376.659 0.246264
376.629 0.246364
376.598 0.246463
376.567 0.246563
376.536 0.246663
376.506 0.246763
376.475 0.246863
376.444 0.246963
376.413 0.247063
376.382 0.247163
376.352 0.247263
376.321 0.247363
376.29 0.247463
376.259 0.247563
376.228 0.247663
376.197 0.247763
376.166 0.247863
376.135 0.247963
376.104 0.248063
376.073 0.248163
376.042 0.248263
376.011 0.248363
375.98 0.248463
375.949 0.248563
375.918 0.248663
375.887 0.248763
375.856 0.248863
375.825 0.248963
375.794 0.249063
375.763 0.249163
375.732 0.249263
375.701 0.249363
375.669 0.249463
375.638 0.249563
375.607 0.249663
375.576 0.249763
375.545 0.249863
375.513 0.249963
375.482 0.250063
375.451 0.250163
375.419 0.250263
375.388 0.250363
375.357 0.250463
375.325 0.250563
375.294 0.250663
375.263 0.250763
375.231 0.250863
375.2 0.250963
375.169 0.251063
375.137 0.251163
375.106 0.251263
375.074 0.251363
375.043 0.251463
375.011 0.251563
374.98 0.251663
374.948 0.251763
374.917 0.251863
374.885 0.251963
374.853 0.252063
374.822 0.252163
374.79 0.252263
374.759 0.252363
374.727 0.252463
374.695 0.252563
374.664 0.252663
374.632 0.252763
374.6 0.252863
374.568 0.252963
374.537 0.253063
374.505 0.253163
374.473 0.253263
374.441 0.253363
374.41 0.253463
374.378 0.253563
374.346 0.253663
374.314 0.253763
374.282 0.253863
374.25 0.253963
374.219 0.254063
374.187 0.254162
374.155 0.254262
374.123 0.254362
374.091 0.254462
374.059 0.254562
374.027 0.254662
373.995 0.254762
373.963 0.254862
373.931 0.254962
373.899 0.255062
373.867 0.255162
373.835 0.255262
373.802 0.255362
373.77 0.255462
373.738 0.255562
373.706 0.255662
373.674 0.255762
373.642 0.255862
373.609 0.255962
373.577 0.256062
373.545 0.256162
373.513 0.256262
373.48 0.256362
373.448 0.256462
373.416 0.256562
373.383 0.256662
373.351 0.256762
373.319 0.256862
373.286 0.256962
373.254 0.257062
373.221 0.257162
373.189 0.257262
373.157 0.257362
373.124 0.257462
373.092 0.257562
373.059 0.257662
373.027 0.257762
372.994 0.257862
372.961 0.257962
372.929 0.258062
372.896 0.258162
372.864 0.258262
372.831 0.258362
372.798 0.258462
372.766 0.258562
372.733 0.258662
372.7 0.258762
372.667 0.258862
372.635 0.258962
372.602 0.259062
372.569 0.259162
372.536 0.259262
372.503 0.259362
372.471 0.259462
372.438 0.259562
372.405 0.259662
372.372 0.259762
372.339 0.259862
372.306 0.259962
372.273 0.260062
372.24 0.260162
372.207 0.260262
372.174 0.260362
372.141 0.260462
372.108 0.260562
372.075 0.260662
372.042 0.260762
372.008 0.260862
371.975 0.260962
371.942 0.261062
371.909 0.261162
371.876 0.261262
371.843 0.261361
371.809 0.261461
371.776 0.261561
371.743 0.261661
371.71 0.261761
371.676 0.261861
371.643 0.261961
371.61 0.262061
371.576 0.262161
371.543 0.262261
371.509 0.262361
371.476 0.262461
371.443 0.262561
371.409 0.262661
371.376 0.262761
371.342 0.262861
371.308 0.262961
371.275 0.263061
371.241 0.263161
371.208 0.263261
371.174 0.263361
371.14 0.263461
371.107 0.263561
371.073 0.263661
371.039 0.263761
371.006 0.263861
370.972 0.263961
370.938 0.264061
370.904 0.264161
370.87 0.264261
370.836 0.264361
370.803 0.264461
370.769 0.264561
370.735 0.264661
370.701 0.264761
370.667 0.264861
370.633 0.264961
370.599 0.265061
370.565 0.265161
370.531 0.265261
370.496 0.265361
370.462 0.265461
370.428 0.265561
370.394 0.265661
370.36 0.265761
370.325 0.265861
370.291 0.265961
370.257 0.266061
370.223 0.266161
370.188 0.266261
370.154 0.266361
370.12 0.266461
370.085 0.266561
370.051 0.266661
370.016 0.266761
369.982 0.266861
369.947 0.266961
369.913 0.267061
369.878 0.267161
369.843 0.267261
369.809 0.267361
369.774 0.267461
369.739 0.267561
369.705 0.267661
369.67 0.267761
369.635 0.267861
369.6 0.267961
369.565 0.268061
369.531 0.268161
369.496 0.268261
369.461 0.26836
369.426 0.26846
369.391 0.26856
369.356 0.26866
369.321 0.26876
369.286 0.26886
369.251 0.26896
369.216 0.26906
369.181 0.26916
369.146 0.26926
369.11 0.26936
369.075 0.26946
369.04 0.26956
369.005 0.26966
368.969 0.26976
368.934 0.26986
368.899 0.26996
368.864 0.27006
368.828 0.27016
368.793 0.27026
368.757 0.27036
368.722 0.27046
368.686 0.27056
368.651 0.27066
368.615 0.27076
368.58 0.27086
368.544 0.27096
368.509 0.27106
368.473 0.27116
368.437 0.27126
368.402 0.27136
368.366 0.27146
368.33 0.27156
368.294 0.27166
368.258 0.27176
368.223 0.27186
368.187 0.27196
368.151 0.27206
368.115 0.27216
368.079 0.27226
368.043 0.27236
368.008 0.27246
367.972 0.27256
367.936 0.27266
367.9 0.27276
367.865 0.27286
367.829 0.27296
367.793 0.27306
367.758 0.27316
367.722 0.27326
367.686 0.27336
367.651 0.27346
367.615 0.27356
367.579 0.27366
367.543 0.27376
367.507 0.27386
367.471 0.27396
367.435 0.27406
367.399 0.27416
367.363 0.27426
367.326 0.27436
367.29 0.27446
367.254 0.27456
367.217 0.27466
367.181 0.27476
367.145 0.27486
367.108 0.27496
367.071 0.27506
367.035 0.27516
366.999 0.27526
366.962 0.27536
366.926 0.27546
366.89 0.27556
366.853 0.27566
366.817 0.27576
366.78 0.27586
366.743 0.275959
366.707 0.276059
366.67 0.276159
366.634 0.276259
366.598 0.276359
366.562 0.276459
366.526 0.276559
366.49 0.276659
366.454 0.276759
366.418 0.276859
366.382 0.276959
366.347 0.277059
366.311 0.277159
366.275 0.277259
366.239 0.277359
366.203 0.277459
366.167 0.277559
366.131 0.277659
366.095 0.277759
366.059 0.277859
366.023 0.277959
365.987 0.278059
365.951 0.278159
365.914 0.278259
365.878 0.278359
365.842 0.278459
365.805 0.278559
365.769 0.278659
365.733 0.278759
365.697 0.278859
365.661 0.278959
365.624 0.279059
365.588 0.279159
365.552 0.279259
365.516 0.279359
365.48 0.279459
365.444 0.279559
365.408 0.279659
365.372 0.279759
365.336 0.279859
365.299 0.279959
365.263 0.280059
365.227 0.280159
365.191 0.280259
365.154 0.280359
365.118 0.280459
365.082 0.280559
365.045 0.280659
365.009 0.280759
364.972 0.280859
364.936 0.280959
364.899 0.281059
364.863 0.281159
364.826 0.281259
364.79 0.281359
364.753 0.281459
364.717 0.281559
364.68 0.281659
364.644 0.281759
364.607 0.281859
364.571 0.281959
364.534 0.282059
364.498 0.282159
364.461 0.282259
364.425 0.282359
364.388 0.282459
364.352 0.282559
364.316 0.282659
364.279 0.282759
364.243 0.282859
364.207 0.282959
364.17 0.283059
364.134 0.283159
364.098 0.283259
364.061 0.283359
364.025 0.283459
363.989 0.283559
363.952 0.283659
363.916 0.283759
363.879 0.283859
363.843 0.283959
363.806 0.284059
363.769 0.284159
363.733 0.284259
363.696 0.284359
363.659 0.284458
363.623 0.284558
363.586 0.284658
363.549 0.284758
363.512 0.284858
363.475 0.284958
363.438 0.285058
363.401 0.285158
363.364 0.285258
363.327 0.285358
363.291 0.285458
363.255 0.285558
363.219 0.285658
363.183 0.285758
363.146 0.285858
363.11 0.285958
363.074 0.286058
363.038 0.286158
363.002 0.286258
362.966 0.286358
362.93 0.286458
362.893 0.286558
362.857 0.286658
362.821 0.286758
362.785 0.286858
362.748 0.286958
362.712 0.287058
362.676 0.287158
362.64 0.287258
362.604 0.287358
362.568 0.287458
362.532 0.287558
362.496 0.287658
362.46 0.287758
362.425 0.287858
362.389 0.287958
362.353 0.288058
362.317 0.288158
362.281 0.288258
362.245 0.288358
362.209 0.288458
362.173 0.288558
362.137 0.288658
362.101 0.288758
362.065 0.288858
362.029 0.288958
361.993 0.289058
361.956 0.289158
361.92 0.289258
361.884 0.289358
361.848 0.289458
361.811 0.289558
361.775 0.289658
361.738 0.289758
361.702 0.289858
361.665 0.289958
361.628 0.290058
361.592 0.290158
361.555 0.290258
361.518 0.290358
361.481 0.290458
361.444 0.290558
361.407 0.290658
361.37 0.290758
361.333 0.290858
361.296 0.290958
361.258 0.291058
361.221 0.291158
361.184 0.291258
361.147 0.291358
361.109 0.291458
361.072 0.291558
361.034 0.291658
360.997 0.291758
360.959 0.291858
360.922 0.291958
360.884 0.292058
360.847 0.292158
360.81 0.292258
360.772 0.292358
360.734 0.292458
360.696 0.292558
360.658 0.292658
360.62 0.292758
360.582 0.292858
360.544 0.292958
360.506 0.293058
360.468 0.293158
360.43 0.293258
360.392 0.293358
360.354 0.293458
360.316 0.293558
360.277 0.293658
360.239 0.293757
360.2 0.293857
360.162 0.293957
360.124 0.294057
360.085 0.294157
360.046 0.294257
360.008 0.294357
359.969 0.294457
359.93 0.294557
359.892 0.294657
359.853 0.294757
359.814 0.294857
359.775 0.294957
359.736 0.295057
359.697 0.295157
359.658 0.295257
359.619 0.295357
359.58 0.295457
359.54 0.295557
359.501 0.295657
359.462 0.295757
359.422 0.295857
359.383 0.295957
359.344 0.296057
359.305 0.296157
359.266 0.296257
359.227 0.296357
359.189 0.296457
359.15 0.296557
359.111 0.296657
359.072 0.296757
359.033 0.296857
358.994 0.296957
358.955 0.297057
358.916 0.297157
358.877 0.297257
358.838 0.297357
358.799 0.297457
358.76 0.297557
358.721 0.297657
358.681 0.297757
358.642 0.297857
358.603 0.297957
358.564 0.298057
358.524 0.298157
358.485 0.298257
358.445 0.298357
358.405 0.298457
358.366 0.298557
358.326 0.298657
358.286 0.298757
358.246 0.298857
358.206 0.298957
358.166 0.299057
358.126 0.299157
358.085 0.299257
358.045 0.299357
358.005 0.299457
357.965 0.299557
357.924 0.299657
357.883 0.299757
357.843 0.299857
357.802 0.299957
357.761 0.300057
357.721 0.300157
357.68 0.300257
357.639 0.300357
357.598 0.300457
357.557 0.300557
357.516 0.300657
357.475 0.300757
357.434 0.300857
357.392 0.300957
357.351 0.301057
357.31 0.301157
357.268 0.301257
357.227 0.301357
357.185 0.301457
357.143 0.301557
357.101 0.301657
357.06 0.301757
357.018 0.301857
356.976 0.301957
356.934 0.302057
356.892 0.302157
356.849 0.302257
356.806 0.302357
356.764 0.302457
356.721 0.302557
356.677 0.302657
356.634 0.302757
356.591 0.302857
356.547 0.302957
356.504 0.303057
356.46 0.303157
356.416 0.303256
356.373 0.303356
356.329 0.303456
356.285 0.303556
356.241 0.303656
356.197 0.303756
356.153 0.303856
356.109 0.303956
356.065 0.304056
356.021 0.304156
355.977 0.304256
355.933 0.304356
355.889 0.304456
355.844 0.304556
355.8 0.304656
355.755 0.304756
355.711 0.304856
355.666 0.304956
355.622 0.305056
355.577 0.305156
355.533 0.305256
355.488 0.305356
355.443 0.305456
355.398 0.305556
355.354 0.305656
355.309 0.305756
355.264 0.305856
355.22 0.305956
355.176 0.306056
355.131 0.306156
355.087 0.306256
355.043 0.306356
354.999 0.306456
354.955 0.306556
354.91 0.306656
354.866 0.306756
354.822 0.306856
354.777 0.306956
354.733 0.307056
354.689 0.307156
354.644 0.307256
354.599 0.307356
354.555 0.307456
354.509 0.307556
354.464 0.307656
354.419 0.307756
354.374 0.307856
354.328 0.307956
354.283 0.308056
354.237 0.308156
354.192 0.308256
354.146 0.308356
354.1 0.308456
354.055 0.308556
354.009 0.308656
353.962 0.308756
353.916 0.308856
353.87 0.308956
353.824 0.309056
353.778 0.309156
353.732 0.309256
353.685 0.309356
353.639 0.309456
353.593 0.309556
353.547 0.309656
353.5 0.309756
353.454 0.309856
353.408 0.309956
353.361 0.310056
353.315 0.310156
353.269 0.310256
353.222 0.310356
353.176 0.310456
353.13 0.310556
353.083 0.310656
353.037 0.310756
352.991 0.310856
352.944 0.310956
352.898 0.311056
352.852 0.311156
352.805 0.311256
352.759 0.311356
352.713 0.311456
352.666 0.311556
352.62 0.311656
352.574 0.311756
352.527 0.311856
352.481 0.311956
352.435 0.312056
352.39 0.312155
352.345 0.312255
352.299 0.312355
352.255 0.312455
352.211 0.312555
352.167 0.312655
352.123 0.312755
352.079 0.312855
352.035 0.312955
351.991 0.313055
351.947 0.313155
351.903 0.313255
351.858 0.313355
351.814 0.313455
351.77 0.313555
351.727 0.313655
351.683 0.313755
351.639 0.313855
351.596 0.313955
351.552 0.314055
351.509 0.314155
351.465 0.314255
351.422 0.314355
351.378 0.314455
351.335 0.314555
351.292 0.314655
351.249 0.314755
351.205 0.314855
351.162 0.314955
351.119 0.315055
351.077 0.315155
351.033 0.315255
350.99 0.315355
350.948 0.315455
350.906 0.315555
350.865 0.315655
350.823 0.315755
350.781 0.315855
350.739 0.315955
350.697 0.316055
350.655 0.316155
350.614 0.316255
350.572 0.316355
350.53 0.316455
350.489 0.316555
350.447 0.316655
350.405 0.316755
350.362 0.316855
350.32 0.316955
350.277 0.317055
350.235 0.317155
350.193 0.317255
350.151 0.317355
350.109 0.317455
350.067 0.317555
350.026 0.317655
349.984 0.317755
349.943 0.317855
349.901 0.317955
349.859 0.318055
349.818 0.318155
349.776 0.318255
349.735 0.318355
349.695 0.318455
349.655 0.318555
349.614 0.318655
349.574 0.318755
349.533 0.318855
349.494 0.318955
349.455 0.319055
349.416 0.319155
349.377 0.319255
349.337 0.319355
349.298 0.319455
349.259 0.319555
349.221 0.319655
349.184 0.319755
349.148 0.319855
349.112 0.319955
349.077 0.320055
349.042 0.320155
349.008 0.320255
348.973 0.320355
348.939 0.320455
348.905 0.320555
348.87 0.320655
348.836 0.320755
348.801 0.320855
348.767 0.320955
348.733 0.321055
348.698 0.321155
348.664 0.321255
348.63 0.321355
348.595 0.321455
348.56 0.321555
348.525 0.321655
348.49 0.321755
348.454 0.321855
348.42 0.321955
348.386 0.322055
348.351 0.322155
348.317 0.322255
348.283 0.322355
348.249 0.322455
348.215 0.322555
348.181 0.322655
348.147 0.322754
348.113 0.322854
348.08 0.322954
348.046 0.323054
348.012 0.323154
347.978 0.323254
347.944 0.323354
347.911 0.323454
347.877 0.323554
347.843 0.323654
347.809 0.323754
347.775 0.323854
347.741 0.323954
347.706 0.324054
347.671 0.324154
347.637 0.324254
347.602 0.324354
347.568 0.324454
347.534 0.324554
347.499 0.324654
347.465 0.324754
347.431 0.324854
347.397 0.324954
347.362 0.325054
347.328 0.325154
347.293 0.325254
347.259 0.325354
347.224 0.325454
347.189 0.325554
347.155 0.325654
347.12 0.325754
347.085 0.325854
347.051 0.325954
347.016 0.326054
346.982 0.326154
346.947 0.326254
346.912 0.326354
346.878 0.326454
346.843 0.326554
346.808 0.326654
346.773 0.326754
346.739 0.326854
346.706 0.326954
346.673 0.327054
346.641 0.327154
346.609 0.327254
346.577 0.327354
346.546 0.327454
346.515 0.327554
346.483 0.327654
346.452 0.327754
346.421 0.327854
346.39 0.327954
346.359 0.328054
346.328 0.328154
346.296 0.328254
346.265 0.328354
346.234 0.328454
346.203 0.328554
346.172 0.328654
346.14 0.328754
346.109 0.328854
346.078 0.328954
346.047 0.329054
346.016 0.329154
345.985 0.329254
345.953 0.329354
345.922 0.329454
345.896 0.329554
345.867 0.329654
345.831 0.329754
345.801 0.329854
