0 5.80339e-05 0.000137173 0.000173804
0 6.09139e-05 0.000139568 0.000175075
0 6.53622e-05 0.000145201 0.000179507
0 6.92256e-05 0.000152439 0.00018617
0 7.22983e-05 0.000160577 0.000195392
0 7.49702e-05 0.000169062 0.000207301
0 7.70874e-05 0.000177021 0.000220832
0 7.96692e-05 0.00018524 0.000235741
0 8.41522e-05 0.000195517 0.000252412
0 8.94758e-05 0.000207366 0.00026926
0 9.37359e-05 0.000218801 0.00028409
0 9.83826e-05 0.00023049 0.000298129
0 0.000105962 0.000244662 0.00031424
0 0.000114094 0.000259449 0.000330995
0 0.000117192 0.000269077 0.000343217
0 0.000113151 0.000269384 0.000347391
0 0.00010416 0.000259792 0.000342604
0 9.27629e-05 0.000241397 0.000327899
0 8.16862e-05 0.000217577 0.000303544
0 7.62782e-05 0.000196295 0.000274934
0 7.85783e-05 0.000183621 0.000247661
0 8.27276e-05 0.000177108 0.000221929
0 8.6331e-05 0.00017524 0.000201525
0 9.47187e-05 0.000183075 0.000197034
0 0.000108997 0.00020286 0.000214039
0 0.000124319 0.000231801 0.000250585
0 0.000136152 0.000265697 0.00030182
0 0.000139314 0.00029622 0.00035782
0 0.00013031 0.000313338 0.000405612
0 0.000113528 0.00031387 0.000436909
0 9.77572e-05 0.000301817 0.000448385
0 8.71308e-05 0.000281309 0.000436562
0 7.77325e-05 0.000251254 0.0003959
0 6.53361e-05 0.000209673 0.000325506
0 5.38951e-05 0.000161936 0.000236499
0 4.68838e-05 0.000114528 0.000142964
0 4.08122e-05 6.8957e-05 5.38372e-05
0 3.52432e-05 2.99053e-05 -1.97921e-05
0 2.97232e-05 9.07567e-07 -6.97845e-05
0 1.36958e-05 -2.75718e-05 -0.000103475
0 -1.7375e-05 -6.40405e-05 -0.000130035
0 -4.60362e-05 -9.67453e-05 -0.000142475
0 -4.89184e-05 -0.000102053 -0.00012628
0 -2.06654e-05 -6.60049e-05 -7.69548e-05
0 2.25238e-05 4.41272e-06 -4.29424e-06
0 6.1219e-05 8.96815e-05 7.95115e-05
0 8.79177e-05 0.00017164 0.000169174
0 9.82363e-05 0.00023156 0.000255163
0 7.99771e-05 0.000244391 0.000311748
0 2.60491e-05 0.000191776 0.000309717
0 -5.3559e-05 7.51261e-05 0.000232274
0 -0.000137148 -8.50777e-05 7.88078e-05
0 -0.000195262 -0.000248778 -0.000127835
0 -0.00020699 -0.000373041 -0.000349745
0 -0.000182006 -0.000442862 -0.00055781
0 -0.000150373 -0.00047419 -0.000734201
0 -0.000134404 -0.00049131 -0.000860362
0 -0.000137576 -0.000507448 -0.000917313
0 -0.000153857 -0.000521638 -0.000898574
0 -0.000181602 -0.000530267 -0.000821387
0 -0.000223897 -0.000536372 -0.000721111
0 -0.00027408 -0.000542391 -0.000629198
0 -0.000311307 -0.000541539 -0.000559268
0 -0.000315631 -0.000522888 -0.000512075
0 -0.000279369 -0.000477421 -0.000481033
0 -0.000203982 -0.00039678 -0.000449428
0 -9.60257e-05 -0.000273352 -0.000390934
0 2.96394e-05 -0.000107015 -0.000280492
0 0.000141619 8.05194e-05 -0.000114232
0 0.000199099 0.000243268 8.23564e-05
0 0.000184018 0.000339111 0.000275159
0 0.000117068 0.00035666 0.000439582
0 4.01085e-05 0.00031745 0.00055925
0 -6.69925e-06 0.000264962 0.000625046
0 -1.72221e-06 0.000242639 0.000635826
0 5.16634e-05 0.000270729 0.000598885
0 0.000137434 0.00034496 0.000537689
0 0.000242264 0.000453335 0.000493507
0 0.000352504 0.000583028 0.000507179
0 0.000446299 0.000716261 0.000598871
0 0.000500762 0.000833978 0.00076363
0 0.000505536 0.000924023 0.000978115
0 0.000470685 0.000986944 0.0012117
0 0.000421172 0.00103371 0.00143271
0 0.000379582 0.00107236 0.00160666
0 0.000361242 0.0011047 0.00170613
0 0.000378387 0.001134 0.00172625
0 0.00042936 0.00115975 0.0016783
0 0.000492952 0.00117266 0.0015784
0 0.00054419 0.00116397 0.00144882
0 0.000562086 0.00112498 0.00130995
0 0.00052337 0.00103427 0.00116205
0 0.000412368 0.000865074 0.000986864
0 0.000243449 0.000613476 0.000770103
0 5.98534e-05 0.000310664 0.000512637
0 -9.20989e-05 8.34002e-06 0.000224449
0 -0.000184728 -0.00024409 -7.99471e-05
0 -0.000211695 -0.000413582 -0.000377013
0 -0.000182422 -0.000489094 -0.00063248
0 -0.000123931 -0.000488958 -0.000815543
0 -8.11834e-05 -0.000462941 -0.000918379
0 -9.82422e-05 -0.000472414 -0.000959771
0 -0.000191352 -0.000557849 -0.000972867
0 -0.000346423 -0.000727528 -0.000998978
0 -0.000532301 -0.000964297 -0.00108135
0 -0.000700779 -0.0012223 -0.00123989
0 -0.000798837 -0.00143687 -0.00145885
0 -0.000802453 -0.00156039 -0.00170482
0 -0.000725364 -0.00158063 -0.00193616
0 -0.000597203 -0.00150868 -0.0020973
0 -0.000451522 -0.00136768 -0.00213194
0 -0.000330887 -0.00119452 -0.00201684
0 -0.000268488 -0.00102389 -0.00176666
0 -0.00024702 -0.000847943 -0.00139619
0 -0.00020799 -0.000616389 -0.000908085
0 -0.00010941 -0.000286993 -0.000320172
0 5.44566e-05 0.00014884 0.000332803
0 0.000271329 0.000673013 0.00101832
0 0.000513245 0.0012376 0.00170104
0 0.00073135 0.00176116 0.00232617
0 0.00088493 0.0021645 0.002837
0 0.00097467 0.00241789 0.00320612
0 0.00101815 0.00253113 0.00342122
0 0.00100904 0.00251109 0.00345624
0 0.000944356 0.00237171 0.00330228
0 0.000873461 0.00217635 0.00302047
0 0.000860274 0.00201269 0.00271289
0 0.000908589 0.0019229 0.00244768
0 0.000960056 0.00188154 0.00223691
0 0.000952213 0.00182867 0.00206472
0 0.00085525 0.00170419 0.00190481
0 0.00067294 0.00146979 0.00172177
0 0.000433576 0.0011239 0.00147743
0 0.000178985 0.000701086 0.00114248
0 -4.72907e-05 0.00025694 0.000708275
0 -0.000226375 -0.000169074 0.000177187
0 -0.000375445 -0.000578152 -0.000448415
0 -0.000521906 -0.000995138 -0.0011544
0 -0.000677968 -0.00144048 -0.00190361
0 -0.000844461 -0.00191967 -0.00264639
0 -0.00102173 -0.002419 -0.00333742
0 -0.00120435 -0.00289942 -0.00393751
0 -0.00137436 -0.00330365 -0.0044096
0 -0.00150339 -0.00357453 -0.00471788
0 -0.00155905 -0.00366853 -0.00482777
0 -0.00151698 -0.00356399 -0.00471203
0 -0.00138238 -0.00327513 -0.00437159
0 -0.00119793 -0.00285887 -0.00385137
0 -0.00101832 -0.00239486 -0.00322734
0 -0.00086597 -0.00194041 -0.00256665
0 -0.000708854 -0.00149252 -0.00189153
0 -0.000498631 -0.00100733 -0.00119167
0 -0.000225961 -0.000455665 -0.000464246
0 8.14583e-05 0.000158491 0.000282038
0 0.000396812 0.000815664 0.00104786
0 0.000707144 0.00149139 0.00184188
0 0.00100423 0.00215848 0.00266332
0 0.00128158 0.00279482 0.00349567
0 0.00153708 0.00338903 0.00431216
0 0.00176063 0.00392512 0.00507022
0 0.0019159 0.00435495 0.00569651
0 0.00195874 0.00460521 0.00610131
0 0.00188336 0.00462428 0.00622194
0 0.0017352 0.00441762 0.00604705
0 0.00157137 0.00403671 0.00560153
0 0.00142348 0.00355039 0.00493089
0 0.00129518 0.00302429 0.00410354
0 0.00116976 0.00249978 0.00320305
0 0.00101888 0.0019828 0.00230638
0 0.000810298 0.00144775 0.00145943
0 0.00052878 0.000865205 0.00067973
0 0.000195898 0.0002368 -2.40008e-05
0 -0.000152072 -0.000409339 -0.000661259
0 -0.000492253 -0.00104347 -0.00126931
0 -0.000805024 -0.00163647 -0.00188443
0 -0.00105467 -0.00214915 -0.00250511
0 -0.00121278 -0.00255131 -0.00309987
0 -0.0012956 -0.0028534 -0.0036414
0 -0.00134729 -0.00309216 -0.00410774
0 -0.00139925 -0.00329339 -0.00446999
0 -0.00145694 -0.0034565 -0.00469881
0 -0.00150767 -0.00355859 -0.00477655
0 -0.00153368 -0.00357027 -0.0047033
0 -0.00151578 -0.00346698 -0.00448905
0 -0.00143421 -0.00323338 -0.00414252
0 -0.00127344 -0.00286316 -0.00366608
0 -0.00103098 -0.00236007 -0.00305978
0 -0.000726358 -0.00174514 -0.00233346
0 -0.000392334 -0.00105358 -0.00150743
0 -6.25725e-05 -0.000328766 -0.00061016
0 0.000231941 0.000379408 0.00031796
0 0.00046085 0.00101309 0.00121701
0 0.00059813 0.00151107 0.00200633
0 0.000645814 0.00183635 0.00260986
0 0.000649312 0.00200333 0.00298959
0 0.000664596 0.00206112 0.00314426
0 0.000706697 0.00204607 0.00308271
0 0.000750476 0.0019661 0.0028251
0 0.000776996 0.00182857 0.00243024
0 0.000797872 0.00166613 0.00199888
0 0.000832892 0.00152877 0.00163789
0 0.00087411 0.00144862 0.00141433
0 0.000879605 0.0014129 0.00133437
0 0.000813338 0.00138199 0.00136545
0 0.000681698 0.00132657 0.00146738
0 0.000522084 0.00123893 0.00159454
0 0.00037058 0.00112309 0.00168743
0 0.000239206 0.000975484 0.00167372
0 0.000113593 0.000770644 0.00148354
0 -3.24671e-05 0.000466797 0.00106995
0 -0.000210722 3.6684e-05 0.000431252
0 -0.000394068 -0.00049143 -0.000369649
0 -0.000530092 -0.00103009 -0.00121823
0 -0.000589588 -0.00148184 -0.00199342
0 -0.000591952 -0.00178913 -0.00260007
0 -0.000576061 -0.00193685 -0.00296764
0 -0.000558245 -0.00192652 -0.00304353
0 -0.000522168 -0.00175846 -0.0028011
0 -0.000439231 -0.00143172 -0.00225428
0 -0.00030577 -0.000968283 -0.00147512
0 -0.000163651 -0.000440022 -0.000595181
0 -8.31957e-05 3.1193e-05 0.000217256
0 -0.000105503 0.000328136 0.000810775
0 -0.000192249 0.000413567 0.00111011
0 -0.000272846 0.000320228 0.00110188
0 -0.000322153 8.89054e-05 0.000789503
0 -0.000356371 -0.000245816 0.000203592
0 -0.000383877 -0.000633011 -0.000566077
0 -0.000394077 -0.00100492 -0.0013806
0 -0.00038425 -0.00130588 -0.00209453
0 -0.000366379 -0.0015035 -0.00258569
0 -0.000344157 -0.00157035 -0.00276513
0 -0.000302714 -0.00147405 -0.0025874
0 -0.000226201 -0.00119345 -0.00206619
0 -0.000110971 -0.000735354 -0.0012709
0 4.34227e-05 -0.000132226 -0.000294218
0 0.000245024 0.000571009 0.000780553
0 0.000493764 0.00131821 0.00187457
0 0.000764044 0.00204044 0.00289708
0 0.0010175 0.0026695 0.00375869
0 0.00122276 0.00315219 0.00439366
0 0.00136199 0.00345624 0.00476859
0 0.00143152 0.00357418 0.00488332
0 0.00144179 0.00352624 0.00476981
0 0.0014102 0.0033531 0.00448247
0 0.00135233 0.00310302 0.00408501
0 0.00127937 0.00282158 0.00364063
0 0.00119683 0.00254243 0.00320236
0 0.00110669 0.0022841 0.00280741
0 0.00100248 0.00204351 0.00246686
0 0.000862156 0.00178807 0.00215458
0 0.000670053 0.00147883 0.00182752
0 0.000441526 0.0011043 0.00145627
0 0.000212339 0.000685106 0.00102983
0 9.23398e-06 0.000252619 0.000543177
0 -0.000173284 -0.000182835 -1.77702e-05
0 -0.000361386 -0.000638104 -0.000668837
0 -0.000563682 -0.00112659 -0.00139777
0 -0.000764582 -0.00163994 -0.00215956
0 -0.000952755 -0.00215857 -0.00290342
0 -0.00113681 -0.00266417 -0.00359413
0 -0.00133224 -0.00314243 -0.00421229
0 -0.00153326 -0.00357045 -0.00473609
0 -0.0017053 -0.00390883 -0.00513179
0 -0.00181286 -0.00411927 -0.0053706
0 -0.001839 -0.00417895 -0.00543806
0 -0.00177759 -0.00407502 -0.00532226
0 -0.00162976 -0.00380283 -0.00501096
0 -0.00140971 -0.00337189 -0.00450165
0 -0.00114074 -0.00280481 -0.00380576
0 -0.000846285 -0.00213366 -0.00294862
0 -0.000549733 -0.00140235 -0.00197417
0 -0.000276783 -0.000667488 -0.000946623
0 -4.72909e-05 1.34819e-05 6.08288e-05
0 0.000136425 0.000601585 0.000980556
0 0.000289086 0.00108532 0.00175644
0 0.000438415 0.00148117 0.00235625
0 0.000618975 0.00182866 0.00278806
0 0.000853499 0.00217292 0.00309773
0 0.00113443 0.00254259 0.00334998
0 0.00142378 0.00293708 0.00360753
0 0.00167599 0.00333399 0.00391997
0 0.00186232 0.00370667 0.00431648
0 0.00197758 0.00403596 0.00479584
0 0.00202836 0.00430753 0.00531575
0 0.00202032 0.00450231 0.00579449
0 0.00196035 0.00459625 0.00613512
0 0.00185687 0.00456141 0.00625006
0 0.00171625 0.00436996 0.00607782
0 0.00154103 0.00400315 0.00559347
0 0.00132758 0.00345633 0.00480885
0 0.00106816 0.00274115 0.00376753
0 0.000758454 0.00188643 0.00253732
0 0.000405275 0.000938324 0.00119987
0 2.64509e-05 -4.46219e-05 -0.000162392
0 -0.000352386 -0.000998951 -0.00146935
0 -0.0007009 -0.00186179 -0.00263894
0 -0.000994092 -0.00257864 -0.00359693
0 -0.00122356 -0.00311631 -0.00429793
0 -0.00139203 -0.00346594 -0.0047299
0 -0.00149968 -0.00363425 -0.0049034
0 -0.00154431 -0.00363926 -0.00484691
0 -0.00152178 -0.00350096 -0.00459728
0 -0.0014226 -0.00322757 -0.00418409
0 -0.00124435 -0.00282308 -0.0036316
0 -0.00100464 -0.00230486 -0.00296876
0 -0.00073468 -0.00170836 -0.00222876
0 -0.000461856 -0.0010765 -0.00144163
0 -0.000200843 -0.000447925 -0.000632389
0 2.97792e-05 0.000133892 0.000159184
0 0.000202202 0.000617847 0.000870442
0 0.000313337 0.000979519 0.0014502
0 0.000412179 0.00125736 0.00189966
0 0.000567951 0.00153525 0.00226738
0 0.000813546 0.00188786 0.00261402
0 0.00114223 0.00236001 0.0030086
0 0.00153062 0.00296942 0.00353116
0 0.00193991 0.00369775 0.00424356
0 0.00232053 0.00449229 0.00516069
0 0.00263455 0.00528919 0.00624594
0 0.00287487 0.00604025 0.0074238
0 0.00306366 0.00672394 0.00859828
0 0.00323318 0.00733706 0.00967017
0 0.00340565 0.007878 0.0105534
0 0.00358698 0.00833694 0.0111929
0 0.00376898 0.00869517 0.0115731
0 0.00393579 0.0089339 0.0117176
0 0.00406377 0.00903922 0.011671
0 0.00409848 0.00897472 0.0114508
0 0.00395689 0.00866372 0.0110163
0 0.00358025 0.00802226 0.0102933
0 0.00296239 0.00698949 0.00919604
0 0.00213008 0.00553 0.00762686
0 0.00112299 0.00363715 0.00549394
0 -8.08729e-06 0.00134261 0.00275375
0 -0.00119812 -0.00128104 -0.000560187
0 -0.00238117 -0.00412566 -0.00435145
0 -0.00351501 -0.00705904 -0.00846552
0 -0.00458832 -0.0099505 -0.0126777
0 -0.00560828 -0.0126946 -0.0167276
0 -0.00658172 -0.0152092 -0.0203718
0 -0.00750415 -0.0174253 -0.0234227
0 -0.00835948 -0.0192857 -0.0257781
0 -0.00911598 -0.0207444 -0.0274219
0 -0.00972551 -0.0217671 -0.0284024
0 -0.0101171 -0.0223149 -0.0287842
0 -0.0102105 -0.0223371 -0.0286085
0 -0.0099568 -0.0217945 -0.0278887
0 -0.00936323 -0.0206817 -0.0266157
0 -0.00848337 -0.0190303 -0.0247623
0 -0.00736775 -0.0168713 -0.0222698
0 -0.00604683 -0.0142179 -0.0190681
0 -0.00455452 -0.0110892 -0.0151295
0 -0.00293886 -0.00753483 -0.0105014
0 -0.00126445 -0.003658 -0.00532645
0 0.000417161 0.000411651 0.000196727
0 0.00210124 0.00456639 0.00587609
0 0.003808 0.00871167 0.011525
0 0.00552597 0.0127342 0.0169381
0 0.00717419 0.0164807 0.0218873
0 0.00863811 0.0197769 0.0261594
0 0.0098059 0.022442 0.0295728
0 0.0105363 0.0242471 0.0319167
0 0.0106839 0.0249344 0.0329433
0 0.0102181 0.0243519 0.0324736
0 0.00929673 0.0225855 0.0305121
0 0.00815146 0.0199156 0.0272219
0 0.00686592 0.0165932 0.0227711
0 0.00536613 0.0127335 0.0173119
0 0.00366769 0.00847928 0.0111643
0 0.00196456 0.00411878 0.00485619
0 0.000402873 -7.02707e-05 -0.00112938
0 -0.00108818 -0.00398606 -0.00655029
0 -0.00265315 -0.00762494 -0.0113213
0 -0.00429781 -0.0109442 -0.0153798
0 -0.00587655 -0.0138473 -0.0186781
0 -0.00716472 -0.0161721 -0.0211701
0 -0.00794427 -0.0177017 -0.0227864
0 -0.00812897 -0.0182822 -0.0234795
0 -0.00779802 -0.017909 -0.0232475
0 -0.00710862 -0.0167021 -0.0221013
0 -0.00620204 -0.0148356 -0.0200517
0 -0.00514892 -0.0124597 -0.0171186
0 -0.00396589 -0.00967479 -0.0133712
0 -0.00268255 -0.0065742 -0.00898444
0 -0.00134556 -0.00325643 -0.00421627
0 1.58052e-06 0.000176451 0.000662862
0 0.00129926 0.00356986 0.00537531
0 0.00248533 0.00670582 0.0096313
0 0.00354766 0.00939388 0.0132075
0 0.00455476 0.0115909 0.0160379
0 0.00560111 0.0134169 0.01821
0 0.00669636 0.015037 0.0198787
0 0.00773033 0.0165327 0.0211937
0 0.00852864 0.0178391 0.0222577
0 0.0089353 0.0187684 0.023094
0 0.00889349 0.019125 0.0236478
0 0.00848294 0.0188378 0.0238207
0 0.00784576 0.0179717 0.0234719
0 0.00710621 0.0166653 0.0224506
0 0.00638594 0.0151101 0.0207167
0 0.00575636 0.0134604 0.0183596
0 0.00516065 0.0117232 0.0155143
0 0.00447147 0.00979719 0.0123381
0 0.00359215 0.0075834 0.00900344
0 0.00247527 0.00503673 0.00562881
0 0.00111021 0.00216756 0.00222569
0 -0.000474221 -0.000974539 -0.00128208
0 -0.00221098 -0.00431931 -0.00500052
0 -0.00397473 -0.00775278 -0.00897695
0 -0.00558512 -0.0110991 -0.0131285
0 -0.00691254 -0.0141961 -0.0172907
0 -0.00795764 -0.016965 -0.0212939
0 -0.00878973 -0.0193728 -0.0249523
0 -0.0094563 -0.0213699 -0.0280451
0 -0.00994809 -0.0228617 -0.0303375
0 -0.0102183 -0.0237225 -0.0316267
0 -0.0102242 -0.0238418 -0.03179
0 -0.00994826 -0.0231664 -0.0308045
0 -0.00938995 -0.0217116 -0.0287355
0 -0.00856088 -0.0195572 -0.0257225
0 -0.00747419 -0.0168191 -0.0219505
0 -0.00613021 -0.0136049 -0.0176052
0 -0.00453794 -0.0100076 -0.012856
0 -0.00273075 -0.00610768 -0.00783934
0 -0.000756112 -0.00196477 -0.00263908
0 0.00132153 0.00237189 0.00271484
0 0.00341468 0.00682518 0.00821352
0 0.00542573 0.0112602 0.0138052
0 0.00725434 0.0154922 0.0193489
0 0.00880002 0.0193096 0.0246013
0 0.00997877 0.0224961 0.029235
0 0.0107513 0.0248676 0.0329005
0 0.0111311 0.0262992 0.0352991
0 0.0111475 0.0267196 0.036223
0 0.0108168 0.0261048 0.0355696
0 0.0101471 0.0244828 0.0333528
0 0.00914329 0.0219203 0.0297035
0 0.00781052 0.0185143 0.0248448
0 0.00616767 0.0143976 0.0190596
0 0.00426098 0.0097448 0.0126601
0 0.00217394 0.0047733 0.00596702
0 2.68785e-05 -0.000273691 -0.000716707
0 -0.00206107 -0.00515941 -0.00712496
0 -0.00401063 -0.00967341 -0.0130242
0 -0.00577249 -0.0136539 -0.0182278
0 -0.00730467 -0.0170061 -0.0226054
0 -0.00855906 -0.0196809 -0.0260672
0 -0.00948843 -0.0216468 -0.028561
0 -0.0100665 -0.022881 -0.0300764
0 -0.010295 -0.0233743 -0.0306363
0 -0.0102021 -0.0231468 -0.0302902
0 -0.00982977 -0.0222548 -0.0291058
0 -0.00920686 -0.0207679 -0.0271497
0 -0.00833314 -0.018738 -0.0244742
0 -0.00719848 -0.0161962 -0.0211286
0 -0.00580833 -0.0131687 -0.017174
0 -0.00418999 -0.00968955 -0.0126817
0 -0.00239422 -0.00581989 -0.00773539
0 -0.000494978 -0.00166098 -0.00244334
0 0.00141666 0.00264659 0.00306567
0 0.00324686 0.0069237 0.00863861
0 0.00492114 0.0109708 0.0140716
0 0.00638341 0.0146001 0.0191101
0 0.00758516 0.0176557 0.0234757
0 0.00849456 0.0200226 0.026909
0 0.00910172 0.0216221 0.0292132
0 0.00940581 0.0224005 0.0302738
0 0.00939976 0.0223254 0.0300598
0 0.00906413 0.0213863 0.0286123
0 0.00837369 0.0195978 0.0260255
0 0.00731954 0.0170106 0.022435
0 0.00594189 0.0137386 0.0180243
0 0.00434351 0.00997716 0.0130329
0 0.00264565 0.0059647 0.00772391
0 0.000939473 0.00191485 0.00233513
0 -0.000704841 -0.00200093 -0.00291563
0 -0.00221314 -0.00561737 -0.00778887
0 -0.00351868 -0.00876585 -0.0120407
0 -0.00459402 -0.0113256 -0.0154896
0 -0.00543879 -0.0132424 -0.0180311
0 -0.00604567 -0.0145009 -0.0196169
0 -0.00638636 -0.0150929 -0.020239
0 -0.00641465 -0.0149934 -0.0199116
0 -0.00610512 -0.0141877 -0.0186836
0 -0.00548179 -0.0127123 -0.0166494
0 -0.00459677 -0.0106542 -0.0139268
0 -0.00351527 -0.00814257 -0.01065
0 -0.00232124 -0.00534579 -0.0069867
0 -0.00110554 -0.00244567 -0.00313494
0 5.21995e-05 0.000391231 0.000703886
0 0.00109862 0.00302503 0.00433735
0 0.00201526 0.00534831 0.00757994
0 0.00279779 0.007281 0.010266
0 0.00342707 0.00875748 0.012263
0 0.0038729 0.00972712 0.0134859
0 0.00412459 0.0101744 0.0139245
0 0.00420242 0.0101321 0.0136499
0 0.00413165 0.00966704 0.0127835
0 0.00391423 0.0088499 0.0114561
0 0.0035306 0.00773543 0.00978344
0 0.00296955 0.00636573 0.00786566
0 0.00225803 0.00479218 0.00579653
0 0.00145834 0.00308598 0.00365685
0 0.000641738 0.00133019 0.00150349
0 -0.000130367 -0.000387981 -0.000617996
0 -0.000816049 -0.00198472 -0.00265061
0 -0.00139492 -0.0033888 -0.00451634
0 -0.0018574 -0.00454322 -0.00611933
0 -0.00219642 -0.00540534 -0.00735978
0 -0.00241075 -0.0059525 -0.00815621
0 -0.00251132 -0.0061869 -0.00846866
0 -0.00251805 -0.00613026 -0.00830795
0 -0.00244023 -0.00580536 -0.00772054
0 -0.00226418 -0.00522353 -0.00676717
0 -0.00196688 -0.00439255 -0.00551532
0 -0.00153665 -0.00332996 -0.00403438
0 -0.000987211 -0.00207303 -0.00238773
0 -0.000362932 -0.000685691 -0.00063527
0 0.000275179 0.000747118 0.00115786
0 0.000879967 0.00214215 0.00292512
0 0.001435 0.0034391 0.0046063
0 0.00194489 0.00460713 0.00614917
0 0.00241603 0.00563831 0.00751065
0 0.00284339 0.00653211 0.00865711
0 0.0032117 0.00728253 0.0095666
0 0.00350361 0.00787233 0.0102305
0 0.00370624 0.00827752 0.0106515
0 0.0038182 0.00848437 0.0108432
0 0.00385109 0.00850393 0.0108307
0 0.00382081 0.00836891 0.010644
0 0.00373632 0.00811645 0.0103104
0 0.00359725 0.00777226 0.00985254
0 0.00340178 0.00734725 0.00929103
0 0.00315389 0.00684362 0.00864611
0 0.00286435 0.00626407 0.00793516
0 0.00254356 0.00561458 0.00716623
0 0.00218181 0.00488631 0.00631951
0 0.0017489 0.00404547 0.00534508
0 0.00122173 0.00305042 0.00418826
0 0.000595317 0.00186423 0.00280305
0 -0.000123251 0.000461201 0.00115092
0 -0.000920905 -0.00116768 -0.000800807
0 -0.00178334 -0.0030143 -0.00307742
0 -0.00269084 -0.00504393 -0.00567831
0 -0.00360638 -0.00718283 -0.00853992
0 -0.00447771 -0.00932688 -0.0115222
0 -0.00526 -0.0113648 -0.0144424
0 -0.0059271 -0.0131899 -0.0171095
0 -0.0064671 -0.0147068 -0.019346
0 -0.00687484 -0.0158402 -0.0210096
0 -0.00713985 -0.0165343 -0.0220028
0 -0.00724102 -0.0167497 -0.0222761
0 -0.00714902 -0.0164613 -0.0218243
0 -0.00683145 -0.0156546 -0.0206729
0 -0.00626246 -0.0143253 -0.0188645
0 -0.00543782 -0.0124891 -0.0164535
0 -0.00438817 -0.0101975 -0.013511
0 -0.00317012 -0.00753566 -0.0101209
0 -0.0018417 -0.00460304 -0.00637082
0 -0.000451324 -0.0014953 -0.00235625
0 0.000954041 0.00170087 0.00182034
0 0.00232409 0.00489392 0.00605335
0 0.00361903 0.00798182 0.0102198
0 0.00481407 0.010866 0.0141753
0 0.00588804 0.0134618 0.0177683
0 0.00681936 0.0156986 0.0208572
0 0.00757988 0.017507 0.0233179
0 0.00812684 0.0188042 0.0250421
0 0.00841057 0.0195007 0.0259415
0 0.00839264 0.0195217 0.0259572
0 0.00805491 0.0188251 0.0250611
0 0.00739178 0.0173986 0.023244
0 0.00640856 0.0152579 0.0205137
0 0.00514273 0.0124653 0.0169213
0 0.0036755 0.00914613 0.0125878
0 0.00210885 0.0054757 0.00770169
0 0.000530269 0.00164092 0.00249487
0 -0.00100672 -0.00219578 -0.00279447
0 -0.00248078 -0.00589946 -0.00793928
0 -0.00388728 -0.00935328 -0.0127199
0 -0.00521611 -0.0124641 -0.0169461
0 -0.00643624 -0.0151612 -0.0204811
0 -0.00749883 -0.0173846 -0.0232485
0 -0.00835319 -0.0190832 -0.0252316
0 -0.00896049 -0.0202222 -0.0264616
0 -0.00929847 -0.0207894 -0.0269948
0 -0.00935164 -0.0207873 -0.0268803
0 -0.00909368 -0.0202074 -0.0261259
0 -0.00850831 -0.0190362 -0.0247077
0 -0.00762422 -0.0172886 -0.0226096
0 -0.0065017 -0.0150095 -0.0198318
0 -0.00520501 -0.0122643 -0.0163955
0 -0.00379137 -0.00913562 -0.0123588
0 -0.00230702 -0.00571899 -0.00782849
0 -0.000786843 -0.00211381 -0.00296014
0 0.000741948 0.00158293 0.00207096
0 0.00225582 0.00526552 0.00708619
0 0.00372971 0.00880921 0.0118873
0 0.00512178 0.0120782 0.0162686
0 0.00637211 0.0149429 0.0200484
0 0.00742192 0.0172946 0.0230878
0 0.00822571 0.019051 0.0253002
0 0.008753 0.0201594 0.0266458
0 0.0089889 0.0205998 0.0271247
0 0.00893575 0.0203878 0.0267704
0 0.00861405 0.0195736 0.0256462
0 0.00805931 0.0182341 0.02384
0 0.00731766 0.016465 0.0214618
0 0.00643973 0.0143725 0.0186403
0 0.005473 0.0120644 0.0155171
0 0.0044599 0.00964651 0.0122418
0 0.00343873 0.00722026 0.00896513
0 0.002441 0.00487564 0.00582487
0 0.00148514 0.00267632 0.00291894
0 0.000576382 0.000650012 0.000293827
0 -0.000283506 -0.00119884 -0.00203243
0 -0.00108896 -0.00286592 -0.00405173
0 -0.00182491 -0.00433564 -0.0057685
0 -0.00246409 -0.00558346 -0.00719842
0 -0.00297745 -0.00658646 -0.00835981
0 -0.00335035 -0.00733696 -0.00926928
0 -0.00358991 -0.00784908 -0.00994137
0 -0.00371956 -0.00815342 -0.0103875
0 -0.00376897 -0.00828751 -0.0106184
0 -0.00376756 -0.00828998 -0.0106518
0 -0.00374094 -0.00819856 -0.0105205
0 -0.00370966 -0.00805143 -0.0102748
0 -0.00368615 -0.0078858 -0.00997801
0 -0.00366552 -0.00772556 -0.00968652
0 -0.00362697 -0.00757336 -0.00943559
0 -0.00355371 -0.00742162 -0.0092424
0 -0.00345054 -0.00726993 -0.0091149
0 -0.00334101 -0.00713101 -0.00905316
0 -0.00324684 -0.0070202 -0.00904271
0 -0.00316645 -0.00693385 -0.00904529
0 -0.00308013 -0.00684354 -0.00900778
0 -0.00297636 -0.0067155 -0.00888777
0 -0.00285448 -0.0065209 -0.00865788
0 -0.00271038 -0.00623496 -0.00829512
0 -0.00253713 -0.00584444 -0.00778397
0 -0.00233253 -0.00535344 -0.00712494
0 -0.00209834 -0.00477785 -0.00633418
0 -0.00183477 -0.00413421 -0.0054361
0 -0.00154014 -0.00343401 -0.00445821
0 -0.00121501 -0.00268417 -0.00342799
0 -0.000867453 -0.00189435 -0.00237098
0 -0.000516554 -0.0010875 -0.00131111
0 -0.000185849 -0.000298514 -0.000269924
0 0.000108818 0.000439016 0.000732191
0 0.000365033 0.00110363 0.00167147
0 0.000594432 0.00169207 0.00252325
0 0.000819572 0.00222117 0.00327241
0 0.00106202 0.00271919 0.00391941
0 0.0013304 0.00321135 0.00448012
0 0.00162145 0.00371334 0.00498684
0 0.00192808 0.00423408 0.00548648
0 0.00224368 0.00478044 0.00603062
0 0.0025624 0.00536029 0.00666246
0 0.00287927 0.00598173 0.00740645
0 0.00318907 0.00664694 0.00826155
0 0.00348546 0.00734513 0.00920067
0 0.00376701 0.00805574 0.0101818
0 0.0040398 0.00875672 0.0111603
0 0.00430537 0.00942295 0.0120878
0 0.00455041 0.0100208 0.0129095
0 0.00475065 0.0105088 0.0135696
0 0.00488056 0.0108421 0.0140185
0 0.00491824 0.0109775 0.014214
0 0.00484551 0.0108774 0.0141198
0 0.00464913 0.0105138 0.0137047
0 0.0043232 0.00987143 0.0129449
0 0.00386997 0.00894799 0.0118264
0 0.00329702 0.00775098 0.0103456
0 0.00261549 0.00629614 0.00851082
0 0.00184167 0.00460982 0.00634824
0 0.000997584 0.00272995 0.0039074
0 0.000107617 0.000701754 0.0012562
0 -0.000805485 -0.00142427 -0.00153709
0 -0.00172335 -0.00358956 -0.004406
0 -0.00263141 -0.00572926 -0.00726801
0 -0.00351205 -0.00777856 -0.0100237
0 -0.00433974 -0.00967792 -0.0125723
0 -0.00508386 -0.011372 -0.0148243
0 -0.00571471 -0.0128071 -0.0167075
0 -0.00620787 -0.0139331 -0.0181694
0 -0.00654525 -0.0147087 -0.0191743
0 -0.00671323 -0.0151043 -0.0196978
0 -0.00669913 -0.0150994 -0.019719
0 -0.00649266 -0.0146813 -0.0192201
0 -0.00609168 -0.0138479 -0.0181908
0 -0.0055037 -0.0126082 -0.0166328
0 -0.00474606 -0.0109844 -0.0145645
0 -0.00384542 -0.00901458 -0.012026
0 -0.00283257 -0.00675197 -0.0090791
0 -0.0017371 -0.00426157 -0.00580558
0 -0.000585062 -0.00161249 -0.0023052
0 0.000595053 0.00112504 0.00131778
0 0.00176622 0.00387083 0.00496112
0 0.00289055 0.00653078 0.00850961
0 0.00393325 0.00900384 0.011833
0 0.00485408 0.0111899 0.0147944
0 0.00560692 0.0129944 0.0172572
0 0.00615268 0.0143351 0.0191011
0 0.00647116 0.0151524 0.0202388
0 0.00656181 0.0154175 0.0206242
0 0.00643531 0.0151326 0.0202518
0 0.00610691 0.0143282 0.0191552
0 0.00559522 0.0130579 0.0174051
0 0.00492248 0.0113925 0.0151044
0 0.00411499 0.0094148 0.0123792
0 0.00320151 0.0072128 0.00936636
0 0.00221205 0.00487304 0.00620094
0 0.00117929 0.00247486 0.0030029
0 0.000138081 8.67256e-05 -0.00013597
0 -0.000879281 -0.00223046 -0.00314386
0 -0.00184482 -0.00441222 -0.00594775
0 -0.00272938 -0.00638585 -0.00847444
0 -0.00350024 -0.00808413 -0.0106594
0 -0.00412606 -0.00945853 -0.0124467
0 -0.00458297 -0.0104778 -0.0137885
0 -0.00485869 -0.0111212 -0.0146468
0 -0.00495473 -0.0113776 -0.0149983
0 -0.00488346 -0.0112475 -0.0148381
0 -0.00466141 -0.0107467 -0.0141801
0 -0.00430481 -0.0099057 -0.0130572
0 -0.00382859 -0.00876704 -0.0115216
0 -0.00324799 -0.00738061 -0.00964288
0 -0.0025805 -0.00580088 -0.00750456
0 -0.0018456 -0.00408381 -0.00519701
0 -0.0010628 -0.00228105 -0.00280608
0 -0.000251968 -0.000437638 -0.000398163
0 0.000566247 0.0014054 0.00198174
0 0.00137224 0.00320881 0.00429285
0 0.00214579 0.00492819 0.00648731
0 0.00286165 0.00651119 0.00851284
0 0.00348964 0.00790534 0.0103146
0 0.00400114 0.00906463 0.0118363
0 0.00437651 0.00995088 0.0130241
0 0.00460733 0.0105339 0.0138307
0 0.00469361 0.0107931 0.0142183
0 0.00464006 0.0107201 0.0141619
0 0.00445526 0.0103208 0.0136562
0 0.00415411 0.00961922 0.0127232
0 0.00375715 0.00865698 0.0114147
0 0.00328349 0.00748636 0.00980492
0 0.00274563 0.00616109 0.00797913
0 0.00215196 0.00473091 0.00602487
0 0.0015117 0.00323795 0.00402249
0 0.000837862 0.00171586 0.00203292
0 0.000146726 0.000192962 9.1262e-05
0 -0.000545633 -0.00130601 -0.00178597
0 -0.00122572 -0.00276044 -0.00358837
0 -0.00187781 -0.00414659 -0.00530166
0 -0.00247821 -0.0054298 -0.0069023
0 -0.0029985 -0.00656825 -0.00835616
0 -0.00341367 -0.00752129 -0.00961884
0 -0.00370834 -0.00825451 -0.010639
0 -0.00387813 -0.00874088 -0.0113633
0 -0.00392877 -0.00896279 -0.0117449
0 -0.00387373 -0.00891597 -0.0117544
0 -0.0037287 -0.00861088 -0.0113865
0 -0.00350699 -0.00807156 -0.0106633
0 -0.00321848 -0.00733296 -0.009634
0 -0.00287128 -0.00643728 -0.00837003
0 -0.00247353 -0.00542987 -0.00695571
0 -0.00203419 -0.00435532 -0.0054759
0 -0.00156466 -0.00325501 -0.00400563
0 -0.0010792 -0.00216443 -0.00260124
0 -0.000588833 -0.00110646 -0.00128867
0 -9.59619e-05 -8.70587e-05 -5.96853e-05
0 0.00039709 0.000896845 0.00111222
0 0.000878287 0.00184773 0.00225271
0 0.00132842 0.00276398 0.00337791
0 0.00172805 0.00363559 0.00448801
0 0.00206323 0.00444083 0.00556251
0 0.0023279 0.00514825 0.00656084
0 0.00252113 0.00572283 0.0074265
0 0.00264417 0.00613439 0.0080961
0 0.00269914 0.0063629 0.00851164
0 0.0026881 0.0063987 0.00863188
0 0.00261325 0.00624132 0.00844117
0 0.00247676 0.005898 0.00795218
0 0.00227892 0.00538145 0.00720079
0 0.00201761 0.00470823 0.00623659
0 0.00169311 0.00390139 0.00511621
0 0.00131467 0.00299467 0.00389971
0 0.000901119 0.00203121 0.00264398
0 0.00047535 0.00105648 0.00139466
0 5.82039e-05 0.000110756 0.000183117
0 -0.000335448 -0.000777177 -0.000971087
0 -0.000698855 -0.00159464 -0.00205573
0 -0.00103097 -0.00234181 -0.00305869
0 -0.00133116 -0.00302028 -0.00396346
0 -0.00159811 -0.00362586 -0.0047543
0 -0.00183132 -0.00414998 -0.00542257
0 -0.00202938 -0.00458294 -0.00596592
0 -0.00218592 -0.00491428 -0.00638163
0 -0.00228785 -0.00513039 -0.00666006
0 -0.00231769 -0.00521191 -0.00678143
0 -0.00226216 -0.00513811 -0.00672079
0 -0.00212251 -0.00489844 -0.00645962
0 -0.00191342 -0.00449768 -0.00599146
0 -0.00165353 -0.00395292 -0.00532166
0 -0.00135826 -0.00328831 -0.00446791
0 -0.00103572 -0.00252832 -0.00345875
0 -0.000686498 -0.00169214 -0.00232883
0 -0.000308373 -0.000793133 -0.00111188
0 9.74757e-05 0.000156306 0.000164672
0 0.0005228 0.00113922 0.00147695
0 0.000951316 0.00213115 0.00279479
0 0.00136123 0.00309721 0.00407467
0 0.00173219 0.00399291 0.00526369
0 0.00204939 0.0047715 0.00630843
0 0.00230024 0.00539151 0.00715827
0 0.00247254 0.00582217 0.00776777
0 0.00255823 0.0060467 0.00810297
0 0.0025566 0.00606178 0.00814683
0 0.00247367 0.00587486 0.00790092
0 0.00231877 0.00550131 0.00738384
0 0.00210099 0.00496184 0.00662779
0 0.00182873 0.00428192 0.00567604
0 0.00151277 0.00349357 0.00458205
0 0.00116827 0.00263615 0.0034063
0 0.000812589 0.00175354 0.00220841
0 0.000461737 0.000889315 0.00103944
0 0.000128756 8.06316e-05 -5.90792e-05
0 -0.000176437 -0.000647062 -0.00105151
0 -0.000448158 -0.00128098 -0.00190777
0 -0.000686524 -0.00181755 -0.00260837
0 -0.000894825 -0.00225743 -0.00314811
0 -0.00107302 -0.00260104 -0.00353388
0 -0.00121348 -0.00284541 -0.00377806
0 -0.00130101 -0.00298143 -0.00389003
0 -0.00131968 -0.00299639 -0.00387265
0 -0.00126281 -0.00288174 -0.0037248
0 -0.00113635 -0.00263854 -0.00344421
0 -0.000955519 -0.00227888 -0.00303022
0 -0.000738793 -0.00182369 -0.00248727
0 -0.000503648 -0.0012986 -0.00182809
0 -0.000265297 -0.000731087 -0.00107576
0 -3.54743e-05 -0.000148258 -0.00026274
0 0.00017933 0.000426059 0.000572389
0 0.000377683 0.00097352 0.00138742
0 0.000561265 0.0014806 0.00213876
0 0.000732493 0.00193526 0.00278636
0 0.000891485 0.00232326 0.00329921
0 0.00103414 0.00262846 0.00365929
0 0.00115126 0.00283602 0.0038623
0 0.00122863 0.00293433 0.00391377
0 0.00125009 0.00291487 0.00382344
0 0.00120312 0.00277255 0.00360119
0 0.00108379 0.00250703 0.00325465
0 0.000898632 0.00212489 0.00278878
0 0.000662047 0.00163978 0.00220714
0 0.000391846 0.00107077 0.00151423
0 0.000105695 0.000440251 0.000719032
0 -0.000181568 -0.000228174 -0.00016187
0 -0.000457807 -0.000909494 -0.00110013
0 -0.000712238 -0.00157612 -0.00205124
0 -0.000938041 -0.00219938 -0.00295662
0 -0.00113579 -0.00275258 -0.00375544
0 -0.00130985 -0.00321282 -0.00439724
0 -0.00146039 -0.00356134 -0.00484827
0 -0.00158141 -0.00378631 -0.00509546
0 -0.00166453 -0.00388574 -0.00514817
0 -0.00170211 -0.00386642 -0.00503349
0 -0.00168894 -0.00374131 -0.00478799
0 -0.0016243 -0.00352765 -0.0044502
0 -0.00151475 -0.0032469 -0.00405647
0 -0.00137382 -0.00292363 -0.00363787
0 -0.0012165 -0.002581 -0.00321618
0 -0.00105321 -0.0022355 -0.00280137
0 -0.000888357 -0.00189466 -0.00239302
0 -0.000724357 -0.00156013 -0.00198701
0 -0.000564454 -0.00123162 -0.00158079
0 -0.000411749 -0.000908698 -0.00117437
0 -0.000267335 -0.000591272 -0.000769349
0 -0.000128652 -0.000278386 -0.000366998
0 9.93287e-06 3.28615e-05 3.29552e-05
0 0.000154608 0.000347176 0.000432488
0 0.000309706 0.000669919 0.000835282
0 0.000476259 0.00100573 0.0012467
0 0.000652736 0.00135861 0.00167434
0 0.000837266 0.00173291 0.00212846
0 0.00102823 0.00213206 0.00261982
0 0.00122376 0.00255647 0.00315579
0 0.00142154 0.00300289 0.00373719
0 0.00161892 0.00346458 0.00435613
0 0.0018133 0.00393196 0.00499625
0 0.00200184 0.00439293 0.00563511
0 0.00217921 0.00483152 0.0062454
0 0.00233559 0.0052257 0.00679508
0 0.00245851 0.00554868 0.00725001
0 0.00253713 0.00577395 0.00757803
0 0.00256238 0.00587801 0.00774972
0 0.00252506 0.00584043 0.00773749
0 0.00241843 0.00564638 0.00751888
0 0.00224207 0.00528992 0.00708177
0 0.00200057 0.00477372 0.00642534
0 0.00170014 0.00410714 0.00555912
0 0.00134794 0.00330584 0.00450373
0 0.000952717 0.00239116 0.00329058
0 0.000525214 0.00138881 0.00195753
0 7.76278e-05 0.000328093 0.000542578
0 -0.000379005 -0.000760328 -0.000919987
0 -0.000836144 -0.00184918 -0.00239526
0 -0.00128778 -0.00291663 -0.00384066
0 -0.00172816 -0.00394042 -0.00520842
0 -0.00214635 -0.0048914 -0.00645376
0 -0.002524 -0.00573427 -0.0075383
0 -0.00283898 -0.00643286 -0.00842961
0 -0.00307143 -0.00695549 -0.00910055
0 -0.00320772 -0.00727773 -0.00952746
0 -0.00324106 -0.00738333 -0.00968896
0 -0.00317223 -0.00726613 -0.00956871
0 -0.00300971 -0.00693205 -0.0091608
0 -0.00276737 -0.00639836 -0.00847405
0 -0.00246132 -0.00569175 -0.00753451
0 -0.0021074 -0.00484602 -0.0063854
0 -0.00171984 -0.00389966 -0.00508428
0 -0.00131091 -0.00289291 -0.00369773
0 -0.000891411 -0.00186437 -0.00229156
0 -0.000472831 -0.000850606 -0.000920105
0 -6.8188e-05 0.000114225 0.000375574
0 0.000310272 0.0010025 0.00156124
0 0.000652862 0.00179386 0.00260516
0 0.000953414 0.00247231 0.00348075
0 0.00120911 0.00302593 0.00417149
0 0.00141848 0.00344911 0.00467423
0 0.00157955 0.00374346 0.00499848
0 0.00168879 0.00391569 0.00516175
0 0.00174252 0.00397462 0.00518469
0 0.00174074 0.00393045 0.00508852
0 0.00168971 0.00379594 0.00489391
0 0.0016005 0.00358725 0.00461942
0 0.00148579 0.00332342 0.00428157
0 0.00135788 0.003025 0.00389698
0 0.00122769 0.00271238 0.00348439
0 0.00110456 0.00240481 0.00306561
0 0.000996071 0.00212046 0.00266575
0 0.000907655 0.00187609 0.00231167
0 0.000842191 0.00168564 0.00202867
0 0.000799655 0.00155807 0.00183687
0 0.000776868 0.00149561 0.00174774
0 0.000767777 0.00149288 0.00176108
0 0.000764324 0.00153651 0.0018631
0 0.000758687 0.00160713 0.00202727
0 0.000745663 0.00168354 0.00221788
0 0.000723881 0.00174654 0.00239522
0 0.000696233 0.00178173 0.00252292
0 0.000667794 0.00178017 0.00257393
0 0.00064204 0.0017376 0.00253353
0 0.00061769 0.00165287 0.0023995
0 0.000587666 0.00152529 0.00217934
0 0.000542146 0.00135378 0.0018873
0 0.000473072 0.00113805 0.00154099
0 0.000376606 0.000879808 0.00115695
0 0.000253697 0.00058385 0.000747551
0 0.000108357 0.00025691 0.000319322
0 -5.44118e-05 -9.43956e-05 -0.000127049
0 -0.000227845 -0.000463294 -0.000593088
0 -0.000402222 -0.00084128 -0.00107745
0 -0.000567064 -0.00121787 -0.00157308
0 -0.000715951 -0.00158256 -0.00206796
0 -0.000849035 -0.00192665 -0.00254696
0 -0.000971178 -0.002244 -0.00299343
0 -0.00108717 -0.00253051 -0.00339072
0 -0.00119663 -0.00278084 -0.00372277
0 -0.00129287 -0.00298563 -0.00397512
0 -0.00136633 -0.00313243 -0.00413735
0 -0.00140882 -0.0032093 -0.00420466
0 -0.00141598 -0.00320887 -0.0041775
0 -0.00138743 -0.00313064 -0.00406004
0 -0.00132445 -0.00297923 -0.00385742
0 -0.00122805 -0.00276034 -0.00357371
0 -0.00110004 -0.00247899 -0.00321285
0 -0.000944583 -0.00214064 -0.00278046
0 -0.000767867 -0.00175256 -0.00228382
0 -0.000576589 -0.00132397 -0.00173089
0 -0.000377066 -0.000865851 -0.00113087
0 -0.000176828 -0.000392443 -0.000497706
0 1.31663e-05 7.61361e-05 0.000145136
0 0.000179508 0.000513479 0.000762913
0 0.000309858 0.000889427 0.00131229
0 0.000397812 0.00117637 0.00174861
0 0.000444805 0.00135554 0.00203443
0 0.000455581 0.00141785 0.00214415
0 0.000434688 0.00136366 0.00206819
0 0.000387201 0.00120366 0.00181718
0 0.000321059 0.000959724 0.00142315
0 0.000247635 0.000664696 0.000935997
0 0.000177347 0.000356844 0.000414197
0 0.00011486 7.04095e-05 -8.47414e-05
0 5.86567e-05 -0.000172002 -0.000510526
0 3.87622e-06 -0.000360872 -0.000825446
0 -5.3942e-05 -0.000495553 -0.0010101
0 -0.000115934 -0.000579505 -0.00106653
0 -0.000178532 -0.000617721 -0.00101593
0 -0.000233015 -0.000614853 -0.000890488
0 -0.00026663 -0.000573581 -0.000722308
0 -0.00026642 -0.000493993 -0.00053514
0 -0.000224448 -0.000374486 -0.000341529
0 -0.000141484 -0.000214379 -0.000143716
0 -2.67783e-05 -1.62926e-05 6.43904e-05
0 0.000105464 0.000213291 0.000294309
0 0.000240477 0.000464731 0.000558474
0 0.000366729 0.000727106 0.000865331
0 0.000477723 0.000990411 0.00121494
0 0.000572073 0.00124735 0.00159683
0 0.000653293 0.00149469 0.00199151
0 0.000728389 0.00173233 0.00237432
0 0.000804806 0.00195971 0.00272068
0 0.000888085 0.00217365 0.00301194
0 0.000980771 0.00236943 0.00323981
0 0.0010812 0.00254291 0.00340723
0 0.00118275 0.00269183 0.00352579
0 0.00127466 0.00281513 0.00361079
0 0.00134445 0.00291037 0.00367539
0 0.00138139 0.00297172 0.00372567
0 0.00137969 0.00299067 0.00375831
0 0.00134036 0.00295959 0.00376144
0 0.00127074 0.00287521 0.00371787
0 0.00118097 0.00273891 0.00360908
0 0.00107967 0.00255439 0.00341951
0 0.000971749 0.00232555 0.00314112
0 0.000858942 0.0020564 0.00277697
0 0.000741018 0.00175208 0.00234175
0 0.000616146 0.00141911 0.001858
0 0.00048139 0.00106487 0.00135025
0 0.000333531 0.000696257 0.000839694
0 0.000170775 0.000319066 0.000341415
0 -5.53398e-06 -6.15704e-05 -0.000136232
0 -0.000190134 -0.000440049 -0.000590699
0 -0.000374526 -0.000809246 -0.00102323
0 -0.00054857 -0.00116025 -0.00143603
0 -0.000701897 -0.0014826 -0.00182861
0 -0.000826459 -0.00176611 -0.00219592
0 -0.000918873 -0.0020029 -0.00252799
0 -0.00098096 -0.0021882 -0.00281091
0 -0.0010187 -0.0023205 -0.00302955
0 -0.00103905 -0.00240068 -0.00317097
0 -0.00104656 -0.00243067 -0.00322749
0 -0.00104185 -0.00241207 -0.00319831
0 -0.00102209 -0.00234538 -0.00308937
0 -0.000982658 -0.00223018 -0.00291149
0 -0.000919063 -0.00206626 -0.00267727
0 -0.000829903 -0.00185631 -0.00239927
0 -0.000718974 -0.00160836 -0.00208934
0 -0.000594228 -0.00133552 -0.00175811
0 -0.00046525 -0.00105357 -0.00141542
0 -0.000340139 -0.00077675 -0.00107003
0 -0.000222485 -0.000512995 -0.000727903
0 -0.000111898 -0.000263211 -0.000392201
0 -7.36335e-06 -2.50063e-05 -6.56564e-05
0 9.12907e-05 0.000203726 0.000248643
0 0.000183637 0.00042282 0.000547441
0 0.000268426 0.000628762 0.000826583
0 0.000344041 0.000815762 0.00108091
0 0.000409582 0.000978381 0.0013052
0 0.00046458 0.00111288 0.00149453
0 0.000507461 0.00121638 0.00164355
0 0.000535214 0.00128582 0.00174639
0 0.000544762 0.00131771 0.00179773
0 0.000534021 0.00130808 0.00179347
0 0.000502112 0.00125308 0.00173058
0 0.000449861 0.00115064 0.00160747
0 0.000380767 0.00100308 0.00142545
0 0.000300471 0.000817915 0.00118964
0 0.000214422 0.000605877 0.000908193
0 0.000126379 0.000378281 0.000591911
0 3.88863e-05 0.000145385 0.000254577
0 -4.63771e-05 -8.45499e-05 -8.79153e-05
0 -0.000128136 -0.00030494 -0.000419016
0 -0.00020446 -0.000509281 -0.000722328
0 -0.000273356 -0.000690923 -0.000983748
0 -0.000333798 -0.00084399 -0.0011938
0 -0.000385986 -0.000964821 -0.00134894
0 -0.000430619 -0.00105292 -0.00145154
0 -0.00046661 -0.00110952 -0.00150719
0 -0.000490101 -0.0011355 -0.00152167
0 -0.000496673 -0.00113101 -0.00150002
0 -0.000484109 -0.00109631 -0.00144662
0 -0.000453415 -0.00103252 -0.00136479
0 -0.000408646 -0.000942738 -0.00125701
0 -0.000355571 -0.000832385 -0.00112539
0 -0.00029945 -0.000708071 -0.000971927
0 -0.000243676 -0.000576058 -0.000799141
0 -0.00018968 -0.000441092 -0.000610888
0 -0.000138108 -0.000306659 -0.000413332
0 -9.04235e-05 -0.000176698 -0.000215728
0 -4.83247e-05 -5.57776e-05 -2.89715e-05
0 -1.18564e-05 5.23822e-05 0.000137346
0 2.07969e-05 0.000145725 0.000276651
0 5.1858e-05 0.000223678 0.000385648
0 8.25939e-05 0.000286837 0.00046422
0 0.000113154 0.000337058 0.000515605
0 0.000143097 0.000377492 0.000546337
0 0.000171834 0.000412155 0.00056534
0 0.000199043 0.000445398 0.000582564
0 0.000225469 0.000481965 0.000608081
0 0.00025323 0.000527153 0.000651283
0 0.000284733 0.000586024 0.000719372
0 0.000320624 0.000661241 0.000815166
0 0.00035856 0.000750849 0.00093556
0 0.000394871 0.000848706 0.00107266
0 0.000426175 0.000945856 0.00121515
0 0.00044907 0.00103117 0.00134842
0 0.0004606 0.00109332 0.00145615
0 0.000459348 0.00112341 0.00152315
0 0.000446173 0.00111709 0.00153829
0 0.000424486 0.00107599 0.00149728
0 0.000400042 0.00100811 0.00140489
0 0.000379591 0.000926659 0.00127522
0 0.000367278 0.000845627 0.00112799
0 0.000362011 0.000774808 0.000983484
0 0.000357935 0.000717151 0.000858252
0 0.000346284 0.000667973 0.000761086
0 0.0003182 0.0006165 0.000690671
0 0.000267771 0.000549498 0.00063565
0 0.000194268 0.000455734 0.000577211
0 0.000102926 0.000329833 0.000493889
0 3.7521e-06 0.000174016 0.000367209
0 -9.12996e-05 -2.75229e-06 0.000186775
0 -0.000172226 -0.000188196 -4.69866e-05
0 -0.000234481 -0.00037115 -0.000323193
0 -0.000279454 -0.000543838 -0.000622376
0 -0.000312113 -0.000701452 -0.00091897
0 -0.000339015 -0.000841398 -0.00118579
0 -0.000366229 -0.000961513 -0.0013989
0 -0.0003965 -0.0010573 -0.00154121
0 -0.000429051 -0.00112268 -0.00160635
0 -0.00046052 -0.00115298 -0.00159969
0 -0.000484007 -0.00114538 -0.00153366
0 -0.000489457 -0.00109798 -0.00142169
0 -0.000467219 -0.00100956 -0.00127444
0 -0.000412243 -0.000879939 -0.00109853
0 -0.00032554 -0.000710094 -0.000895979
0 -0.000212712 -0.000501957 -0.000663878
0 -8.25948e-05 -0.000259639 -0.000396517
0 5.38466e-05 9.08816e-06 -8.94038e-05
0 0.00018569 0.000292968 0.000257357
0 0.000304611 0.000579006 0.000637154
0 0.000406976 0.000855444 0.0010369
0 0.000493833 0.00111391 0.00143784
0 0.000569693 0.00135025 0.00181787
0 0.000641064 0.00156412 0.00215588
0 0.000713461 0.00175597 0.00243546
0 0.000788436 0.00192387 0.00264754
0 0.000861961 0.00206201 0.0027907
0 0.000925495 0.00216202 0.00286961
0 0.000968637 0.00221562 0.00289188
0 0.000980995 0.00221536 0.00286311
0 0.000955728 0.00215643 0.0027848
0 0.000892949 0.00203871 0.0026554
0 0.000799103 0.00186662 0.00247141
0 0.000683511 0.00164713 0.00222848
0 0.000554046 0.0013867 0.00192219
0 0.000415052 0.00108929 0.00154981
0 0.00026851 0.000757484 0.00111282
0 0.000116129 0.000395181 0.000618717
0 -3.99888e-05 9.1515e-06 8.08853e-05
0 -0.000196675 -0.000389786 -0.000481653
0 -0.000348654 -0.000785989 -0.00104393
0 -0.000490781 -0.00116209 -0.00157761
0 -0.000620249 -0.00150242 -0.00205502
0 -0.000735125 -0.00179298 -0.00245182
0 -0.00083292 -0.00202194 -0.00275004
0 -0.000910272 -0.00218146 -0.00294104
0 -0.000962592 -0.00226797 -0.00302538
0 -0.000985282 -0.00228185 -0.00301109
0 -0.000975298 -0.00222658 -0.00291065
0 -0.000932389 -0.00210814 -0.00273802
0 -0.000860883 -0.00193614 -0.00250785
0 -0.000769139 -0.00172392 -0.00223457
0 -0.000666358 -0.00148631 -0.00193103
0 -0.000559966 -0.00123718 -0.00160854
0 -0.000454721 -0.000987626 -0.00127751
0 -0.000352588 -0.00074459 -0.000947185
0 -0.000253615 -0.000511026 -0.000625486
0 -0.000156709 -0.000286801 -0.000318366
0 -6.02868e-05 -7.00216e-05 -2.90397e-05
0 3.59466e-05 0.000140344 0.000241047
0 0.00012993 0.000342393 0.000490946
0 0.000217115 0.000530298 0.000718718
0 0.000291707 0.00069533 0.000920563
0 0.000349591 0.000829511 0.00109188
0 0.000390486 0.000929273 0.00122894
0 0.000417579 0.000996631 0.00132982
0 0.000435522 0.00103773 0.00139474
0 0.000448644 0.00106032 0.00142653
0 0.000459641 0.001071 0.00143042
0 0.000469342 0.00107386 0.00141368
0 0.000477696 0.00107127 0.00138522
0 0.000483429 0.00106396 0.00135328
0 0.000483053 0.00105014 0.00132216
0 0.000471968 0.00102585 0.00129116
0 0.000446964 0.000986618 0.00125563
0 0.000407994 0.000929186 0.00120883
0 0.00035814 0.000852621 0.00114354
0 0.000301993 0.000758072 0.00105324
0 0.000244202 0.000648303 0.000933652
0 0.000187542 0.000526047 0.000783092
0 0.000131097 0.000391657 0.000601403
0 7.17256e-05 0.000243578 0.000390493
0 6.39638e-06 8.00958e-05 0.000154759
0 -6.64481e-05 -9.90949e-05 -9.95108e-05
0 -0.000146777 -0.000292195 -0.000365428
0 -0.000232786 -0.00049472 -0.000635968
0 -0.000320423 -0.000698977 -0.000903352
0 -0.000405135 -0.000896082 -0.00116008
0 -0.000482569 -0.00107736 -0.00139887
0 -0.000548223 -0.00123463 -0.00161149
0 -0.000597931 -0.00136071 -0.00178858
0 -0.000627913 -0.00144856 -0.00191965
0 -0.000634933 -0.00149064 -0.00199342
0 -0.000616997 -0.0014795 -0.00199888
0 -0.000573894 -0.00140936 -0.00192685
0 -0.000507012 -0.00127761 -0.00177147
0 -0.000419262 -0.00108615 -0.00153187
0 -0.000314692 -0.00084167 -0.00121328
0 -0.000197279 -0.000554176 -0.000826344
0 -7.04716e-05 -0.000235329 -0.000385885
0 6.23026e-05 0.000102451 8.98832e-05
0 0.000197423 0.000446918 0.000580457
0 0.000331815 0.000787449 0.00106518
0 0.000463599 0.00111572 0.00152564
0 0.000591593 0.00142497 0.0019471
0 0.000714617 0.00170939 0.00231953
0 0.000830965 0.00196404 0.00263829
0 0.000937844 0.00218493 0.00290352
0 0.00103144 0.00236929 0.00311839
0 0.00110737 0.00251528 0.00328688
0 0.00116128 0.00262108 0.00341136
0 0.00119028 0.00268483 0.00349186
0 0.00119456 0.00270566 0.00352684
0 0.00117628 0.00268329 0.003513
0 0.00113716 0.0026167 0.00344481
0 0.00107832 0.0025045 0.00331625
0 0.00100091 0.00234588 0.00312283
0 0.000905672 0.00214042 0.00286215
0 0.000792622 0.00188811 0.00253413
0 0.000661167 0.0015894 0.00214096
0 0.000510995 0.00124592 0.00168708
0 0.000343842 0.000862175 0.00117984
0 0.000164304 0.000446815 0.000629938
0 -2.04921e-05 1.2879e-05 5.19455e-05
0 -0.000202022 -0.00042297 -0.000535543
0 -0.000373267 -0.000843948 -0.00111183
0 -0.00053128 -0.0012374 -0.00165651
0 -0.000676943 -0.00159616 -0.0021513
0 -0.000812328 -0.00191643 -0.00258152
0 -0.00093714 -0.00219396 -0.00293656
0 -0.00104692 -0.00242222 -0.00321018
0 -0.00113434 -0.00259312 -0.00340045
0 -0.00119103 -0.002698 -0.00350753
0 -0.00120987 -0.00272914 -0.00353137
0 -0.0011875 -0.00268223 -0.00347117
0 -0.00112471 -0.00255706 -0.00332515
0 -0.00102579 -0.00235755 -0.00309172
0 -0.000897304 -0.00209105 -0.00277153
0 -0.000746325 -0.00176681 -0.00236877
0 -0.000579137 -0.00139451 -0.00189141
0 -0.000400346 -0.000983232 -0.00135043
0 -0.000213032 -0.00054169 -0.000758885
0 -1.96067e-05 -7.90046e-05 -0.000131192
0 0.000177131 0.000394825 0.000516381
0 0.00037338 0.000868698 0.00116494
0 0.000565167 0.00133103 0.00179406
0 0.000748452 0.00176951 0.00238283
0 0.000918596 0.00217068 0.00291127
0 0.00107018 0.00252051 0.00336222
0 0.00119653 0.0028049 0.00372164
0 0.00129037 0.00301132 0.0039788
0 0.00134484 0.00313004 0.00412596
0 0.00135484 0.00315449 0.00415763
0 0.00131877 0.00308213 0.00407078
0 0.00123892 0.00291491 0.00386534
0 0.00112011 0.00265849 0.00354443
0 0.000967437 0.00232053 0.00311379
0 0.000785478 0.00190964 0.0025819
0 0.000579142 0.00143613 0.0019612
0 0.000354024 0.000912591 0.00126799
0 0.000116348 0.000353634 0.000521277
0 -0.000127326 -0.000224803 -0.000257932
0 -0.000370773 -0.000806755 -0.00104694
0 -0.000608659 -0.00137749 -0.00182123
0 -0.000836833 -0.00192329 -0.00255475
0 -0.00105127 -0.00242912 -0.00322149
0 -0.00124608 -0.00287711 -0.00379781
0 -0.00141254 -0.00324813 -0.00426439
0 -0.00153989 -0.00352429 -0.00460625
0 -0.00161756 -0.00369095 -0.0048119
0 -0.00163817 -0.00373834 -0.00487303
0 -0.00159948 -0.00366281 -0.00478477
0 -0.00150487 -0.00346736 -0.00454685
0 -0.00136245 -0.00316171 -0.00416545
0 -0.00118238 -0.00276087 -0.00365382
0 -0.000973709 -0.00228223 -0.00303107
0 -0.000743485 -0.00174358 -0.00232064
0 -0.000498087 -0.00116297 -0.00154863
0 -0.000244047 -0.000558862 -0.000740833
0 1.1978e-05 5.0408e-05 7.88549e-05
0 0.000262596 0.000647021 0.000886336
0 0.000500213 0.00121447 0.00165607
0 0.000719541 0.00173884 0.0023633
0 0.000918197 0.00220854 0.00298658
0 0.00109535 0.00261389 0.00351038
0 0.00125009 0.00294805 0.00392685
0 0.00137927 0.00320697 0.00423494
0 0.00147675 0.00338804 0.00443793
0 0.00153499 0.00348862 0.00454051
0 0.00154805 0.00350566 0.00454666
0 0.00151439 0.00343747 0.00445899
0 0.00143732 0.00328547 0.00427884
0 0.00132299 0.00305442 0.00400652
0 0.00117826 0.00275186 0.00364288
0 0.00100982 0.00238754 0.00319167
0 0.000824066 0.00197259 0.00266135
0 0.000627063 0.00151902 0.00206576
0 0.000424328 0.00103966 0.0014234
0 0.000221098 0.000548365 0.000755856
0 2.17925e-05 5.93256e-05 8.56777e-05
0 -0.000170799 -0.000414485 -0.000565692
0 -0.000354442 -0.000861493 -0.00117788
0 -0.000526743 -0.00127168 -0.00173176
0 -0.000685238 -0.0016366 -0.00221127
0 -0.000827016 -0.00194869 -0.00260555
0 -0.000948235 -0.00220125 -0.00290969
0 -0.00104388 -0.00238888 -0.00312403
0 -0.0011076 -0.00250687 -0.00325146
0 -0.00113343 -0.00255129 -0.00329491
0 -0.00111895 -0.00252082 -0.00325702
0 -0.00106548 -0.00241688 -0.00313895
0 -0.000977174 -0.00224337 -0.00294044
0 -0.000861077 -0.0020076 -0.00266271
0 -0.000726265 -0.00172033 -0.00231119
0 -0.000582257 -0.00139513 -0.00189681
0 -0.000436734 -0.00104667 -0.00143547
0 -0.000294192 -0.000689105 -0.000946206
0 -0.000156132 -0.000334624 -0.000448967
0 -2.10963e-05 8.89977e-06 3.84978e-05
0 0.000113329 0.000337895 0.000501656
0 0.000247823 0.000650727 0.00092899
0 0.000380824 0.000945533 0.00131289
0 0.000507947 0.00121746 0.001649
0 0.000622418 0.00145799 0.00193499
0 0.000717438 0.00165763 0.00217005
0 0.000788245 0.00180911 0.00235418
0 0.000833035 0.00190958 0.00248738
0 0.000852389 0.00196028 0.00256872
0 0.00084824 0.0019646 0.00259594
0 0.000823675 0.00192653 0.00256683
0 0.000783096 0.00185028 0.00248125
0 0.000731121 0.00173994 0.00234199
0 0.000670922 0.00159923 0.00215425
0 0.00060316 0.00143137 0.00192457
0 0.000526178 0.00123877 0.00165972
0 0.00043836 0.00102425 0.00136697
0 0.000340063 0.000792006 0.0010543
0 0.000233659 0.000547401 0.000729896
0 0.000121836 0.000295438 0.000400338
0 6.65621e-06 3.99359e-05 6.96779e-05
0 -0.000108949 -0.000214992 -0.000258713
0 -0.000221164 -0.000464504 -0.000581279
0 -0.00032641 -0.000703518 -0.00089417
0 -0.000421568 -0.000926585 -0.00119225
0 -0.000504015 -0.0011279 -0.00146831
0 -0.00057154 -0.00130135 -0.00171272
0 -0.000622545 -0.00144076 -0.0019142
0 -0.000656038 -0.00154004 -0.00206143
0 -0.000671155 -0.00159338 -0.00214441
0 -0.000667312 -0.00159637 -0.00215616
0 -0.000644145 -0.00154688 -0.00209372
0 -0.000601506 -0.00144538 -0.00195836
0 -0.000539907 -0.00129504 -0.00175541
0 -0.000459681 -0.00110024 -0.00149233
0 -0.000360735 -0.0008652 -0.00117678
0 -0.00024397 -0.000594468 -0.000816334
0 -0.000112256 -0.000293741 -0.000418651
0 2.91751e-05 2.91586e-05 7.511e-06
0 0.000173833 0.000364276 0.000451843
0 0.000315929 0.000700859 0.000902938
0 0.000451146 0.00102842 0.00134818
0 0.000576719 0.0013376 0.00177392
0 0.00069096 0.00162052 0.00216598
0 0.000792591 0.0018706 0.00251062
0 0.000880286 0.00208206 0.00279626
0 0.000952114 0.00224937 0.00301455
0 0.00100469 0.00236637 0.00315974
0 0.0010335 0.00242658 0.00322794
0 0.00103455 0.00242468 0.0032171
0 0.00100542 0.00235762 0.0031266
0 0.000945645 0.00222511 0.00295684
0 0.000856116 0.002029 0.00270867
0 0.000739146 0.001773 0.00238409
0 0.000599441 0.00146376 0.00198822
0 0.000443475 0.0011108 0.00152989
0 0.000277616 0.000725288 0.0010205
0 0.000107059 0.000318917 0.000473371
0 -6.46264e-05 -9.74125e-05 -9.67849e-05
0 -0.000235616 -0.000514744 -0.000674517
0 -0.000404866 -0.000925919 -0.00124365
0 -0.000571036 -0.00132437 -0.00178722
0 -0.000731963 -0.00170251 -0.00228877
0 -0.0008843 -0.00205047 -0.00273401
0 -0.00102317 -0.0023564 -0.00311194
0 -0.00114167 -0.00260791 -0.00341461
0 -0.00123146 -0.00279361 -0.00363587
0 -0.00128473 -0.00290437 -0.00377007
0 -0.00129672 -0.00293455 -0.00381211
0 -0.00126737 -0.00288299 -0.00375828
0 -0.00120045 -0.00275236 -0.00360674
0 -0.00110118 -0.00254744 -0.00335767
0 -0.000974211 -0.00227365 -0.00301361
0 -0.000822224 -0.00193595 -0.00257955
0 -0.00064592 -0.00153828 -0.00206205
0 -0.000446624 -0.0010856 -0.00146988
0 -0.000228693 -0.000586721 -0.00081504
0 8.38467e-07 -5.49229e-05 -0.000112484
0 0.000233636 0.0004933 0.000619568
0 0.000462057 0.00104072 0.00135961
0 0.000681288 0.00157231 0.00208431
0 0.00088828 0.00207487 0.00276881
0 0.00107953 0.00253483 0.00338783
0 0.00125155 0.00293887 0.00391974
0 0.0014 0.00327455 0.00434872
0 0.00151828 0.00353018 0.00466434
0 0.00159942 0.00369657 0.00486155
0 0.00163777 0.00376788 0.00493913
0 0.00162956 0.00374126 0.00489728
0 0.00157338 0.00361662 0.00473671
0 0.00147105 0.00339686 0.0044595
0 0.00132885 0.0030896 0.00407193
0 0.00115627 0.00270753 0.0035858
0 0.000962676 0.00226635 0.00301677
0 0.000755472 0.00178254 0.00238268
0 0.000540208 0.00127216 0.00170316
0 0.000321599 0.000750125 0.000999009
0 0.000104088 0.000229807 0.000291044
0 -0.000108602 -0.000277626 -0.000401022
0 -0.000313692 -0.000763179 -0.00105906
0 -0.000509026 -0.00121926 -0.00166656
0 -0.000693264 -0.00163914 -0.0022102
0 -0.000865274 -0.00201636 -0.00268168
0 -0.00102203 -0.002344 -0.00307714
0 -0.00115771 -0.00261532 -0.00339594
0 -0.00126511 -0.00282496 -0.00363955
0 -0.00133782 -0.002969 -0.00380954
0 -0.00137268 -0.00304536 -0.00390658
0 -0.00137098 -0.00305465 -0.00393044
0 -0.00133777 -0.00300043 -0.00388063
0 -0.00128041 -0.00288949 -0.00375813
0 -0.00120564 -0.00273016 -0.00356609
0 -0.00111742 -0.00253003 -0.0033101
0 -0.0010167 -0.00229475 -0.00299829
0 -0.000902729 -0.00202811 -0.0026409
0 -0.000775121 -0.00173344 -0.00224921
0 -0.00063405 -0.00141377 -0.00183256
0 -0.00048034 -0.00107243 -0.00139705
0 -0.000317405 -0.000715374 -0.000947677
0 -0.000151019 -0.000351129 -0.000489407
0 1.29419e-05 1.14102e-05 -2.72671e-05
0 0.000169093 0.000363611 0.000432139
0 0.000313075 0.000697734 0.000880049
0 0.000442394 0.00100777 0.00130617
0 0.0005569 0.00128977 0.00170006
0 0.000658682 0.00154197 0.00205276
0 0.000750259 0.00176367 0.00235724
0 0.0008334 0.00195464 0.00260955
0 0.000908109 0.00211429 0.00280907
0 0.000971938 0.00224098 0.0029575
0 0.00102141 0.00233286 0.00305843
0 0.00105329 0.0023886 0.00311627
0 0.00106535 0.00240771 0.00313474
0 0.0010572 0.00239097 0.00311634
0 0.00103058 0.00234068 0.0030625
0 0.000988763 0.00226031 0.0029738
0 0.000934692 0.00215286 0.00284962
0 0.000870133 0.00201991 0.0026885
0 0.000796624 0.0018626 0.00249005
0 0.000715535 0.00168209 0.00225553
0 0.000627544 0.00147967 0.0019875
0 0.000533254 0.00125775 0.00169035
0 0.000433739 0.00102035 0.00137028
0 0.000330592 0.00077293 0.00103486
0 0.000225764 0.000521605 0.000692638
0 0.000121381 0.000272432 0.000352533
0 2.00879e-05 3.15736e-05 2.36721e-05
0 -7.5421e-05 -0.000195161 -0.000285374
0 -0.000163287 -0.000403203 -0.000567659
0 -0.000241978 -0.000588732 -0.000817504
0 -0.000309507 -0.000747665 -0.00102971
0 -0.000363608 -0.000875588 -0.0011994
0 -0.000402329 -0.000968373 -0.00132224
0 -0.000424881 -0.00102328 -0.00139514
0 -0.000431957 -0.00103989 -0.00141714
0 -0.000424485 -0.00101937 -0.00138877
0 -0.000402872 -0.000963638 -0.00131177
0 -0.00036736 -0.000875058 -0.00118926
0 -0.000318667 -0.000756536 -0.00102573
0 -0.000258853 -0.00061236 -0.000827513
0 -0.000190791 -0.000447963 -0.00060217
0 -0.000117695 -0.000269781 -0.000358013
0 -4.35834e-05 -8.59275e-05 -0.000104807
0 2.75074e-05 9.46393e-05 0.000146658
0 9.22663e-05 0.000263238 0.000385097
0 0.000148028 0.00041191 0.000598897
0 0.000193023 0.000534142 0.000777099
0 0.00022663 0.000625528 0.000910777
0 0.000248693 0.000683395 0.000993627
0 0.000258178 0.000705456 0.00102152
0 0.000253155 0.000689379 0.000992508
0 0.000232502 0.000634161 0.00090788
0 0.000196901 0.000541442 0.000772457
0 0.000147887 0.000415124 0.000593092
0 8.67246e-05 0.000260224 0.000377029
0 1.4993e-05 8.26564e-05 0.000131958
0 -6.49295e-05 -0.000111131 -0.000133868
0 -0.000149951 -0.000314558 -0.000411767
0 -0.0002359 -0.000520241 -0.000691956
0 -0.000318848 -0.000720705 -0.000964497
0 -0.00039659 -0.000909736 -0.00122075
0 -0.000468548 -0.00108292 -0.00145368
0 -0.000534896 -0.00123758 -0.001658
0 -0.000594639 -0.00137102 -0.0018293
0 -0.000644424 -0.00147891 -0.00196296
0 -0.000679734 -0.00155544 -0.0020544
0 -0.000696935 -0.00159495 -0.00209979
0 -0.000693945 -0.00159293 -0.00209586
0 -0.000670036 -0.00154652 -0.00203948
0 -0.000626246 -0.00145557 -0.00192865
0 -0.000565162 -0.00132283 -0.00176341
0 -0.00048942 -0.00115252 -0.00154563
0 -0.000401302 -0.000949516 -0.00127925
0 -0.000303473 -0.000719628 -0.000970946
0 -0.000198951 -0.0004694 -0.000629795
0 -9.05138e-05 -0.000205661 -0.000266489
0 2.00512e-05 6.51459e-05 0.000107812
0 0.000132166 0.000337619 0.000482571
0 0.000245474 0.000607158 0.000848104
0 0.000358833 0.000869229 0.00119575
0 0.000469975 0.00111885 0.00151835
0 0.00057623 0.00135128 0.00181113
0 0.000674989 0.00156255 0.00207173
0 0.000763334 0.001749 0.00229899
0 0.000838949 0.00190804 0.00249292
0 0.000900853 0.00203879 0.00265449
0 0.000948509 0.00214109 0.00278402
0 0.000980732 0.00221396 0.00287976
0 0.000996022 0.00225514 0.002938
0 0.000993953 0.00226218 0.00295464
0 0.000975058 0.00223293 0.00292577
0 0.000939816 0.00216557 0.0028477
0 0.000888708 0.00205936 0.00271803
0 0.000822421 0.00191507 0.00253642
0 0.000741584 0.0017345 0.00230458
0 0.00064622 0.00151953 0.0020254
0 0.0005361 0.00127179 0.00170247
0 0.00041208 0.000993742 0.00134039
0 0.000276791 0.000689749 0.000945075
0 0.000134514 0.000366613 0.000524122
0 -9.60995e-06 3.34568e-05 8.69362e-05
0 -0.000150352 -0.000298891 -0.000355172
0 -0.00028314 -0.000619279 -0.000789138
0 -0.000405219 -0.000918477 -0.00120136
0 -0.000515963 -0.0011904 -0.00157885
0 -0.000615628 -0.00143127 -0.0019099
0 -0.000704349 -0.00163833 -0.0021857
0 -0.000781854 -0.00180941 -0.00240199
0 -0.000847051 -0.00194265 -0.00255909
0 -0.000897367 -0.00203614 -0.0026601
0 -0.000928906 -0.0020878 -0.0027089
0 -0.000937909 -0.00209598 -0.00270888
0 -0.000921874 -0.00205953 -0.00266178
0 -0.000879652 -0.00197732 -0.0025666
0 -0.000811941 -0.00184856 -0.0024201
0 -0.000721974 -0.00167413 -0.00221888
0 -0.000614505 -0.00145684 -0.00196073
0 -0.00049405 -0.0012008 -0.00164545
0 -0.000363893 -0.000910867 -0.00127555
0 -0.000226626 -0.000592993 -0.000857171
0 -8.49429e-05 -0.000254601 -0.000400221
0 5.83275e-05 9.56289e-05 8.2155e-05
0 0.000199782 0.00044757 0.000573587
0 0.000335824 0.00079035 0.00105545
0 0.000463642 0.00111356 0.00150893
0 0.000581767 0.0014083 0.00191721
0 0.000689942 0.00166812 0.00226757
0 0.000787522 0.00188835 0.00255225
0 0.000871861 0.00206495 0.00276803
0 0.000938896 0.00219472 0.00291593
0 0.000984613 0.0022758 0.00300009
0 0.00100596 0.00230756 0.00302576
0 0.00100181 0.00229092 0.00299782
0 0.000972771 0.00222783 0.00291931
0 0.000920264 0.00212019 0.0027906
0 0.00084696 0.00197038 0.00261099
0 0.000757125 0.0017823 0.00238088
0 0.000655459 0.00156115 0.00210261
0 0.000545952 0.00131295 0.00178096
0 0.000432064 0.00104475 0.00142376
0 0.000316419 0.000764053 0.00104116
0 0.000200076 0.000477331 0.000644153
0 8.35464e-05 0.000190287 0.000244323
0 -3.27112e-05 -9.21338e-05 -0.00014717
0 -0.000148357 -0.000366081 -0.000520933
0 -0.000261578 -0.000627184 -0.000868589
0 -0.000368428 -0.000869144 -0.00118221
0 -0.000464325 -0.00108445 -0.00145512
0 -0.000545425 -0.00126587 -0.00168237
0 -0.000608946 -0.00140761 -0.00186048
0 -0.000652977 -0.00150601 -0.00198683
0 -0.000676562 -0.00155977 -0.00205941
0 -0.000680326 -0.00157005 -0.00207752
0 -0.000666391 -0.00154001 -0.00204231
0 -0.000637674 -0.00147396 -0.00195692
0 -0.000597064 -0.00137668 -0.00182633
0 -0.000546564 -0.00125265 -0.00165675
0 -0.000487632 -0.00110643 -0.00145559
0 -0.000421727 -0.000943069 -0.00123121
0 -0.000350427 -0.000768125 -0.000992111
0 -0.000275416 -0.000587152 -0.000746426
0 -0.000198593 -0.000405404 -0.000501691
0 -0.000122223 -0.000227857 -0.000264779
0 -4.82969e-05 -5.86098e-05 -4.11988e-05
0 2.22075e-05 9.98955e-05 0.000165706
0 8.92466e-05 0.000246975 0.000354854
0 0.000153016 0.000383107 0.000526881
0 0.000213318 0.000509087 0.000683385
0 0.000269636 0.000625645 0.000826513
0 0.000321143 0.000732987 0.000958223
0 0.000366209 0.000829872 0.00107892
0 0.000403449 0.000914369 0.00118773
0 0.000432539 0.000984856 0.00128307
0 0.000453462 0.00103979 0.00136221
0 0.000466364 0.00107795 0.00142174
0 0.000471671 0.00109869 0.00145844
0 0.000469829 0.00110164 0.00146978
0 0.000460749 0.00108611 0.00145376
0 0.00044362 0.00105071 0.00140884
0 0.000417127 0.000993442 0.00133384
0 0.000380117 0.000912454 0.00122806
0 0.000332665 0.000807434 0.0010921
0 0.000276241 0.000680344 0.000928156
0 0.000212936 0.000534969 0.000739625
0 0.000145323 0.000376623 0.000531406
0 7.63527e-05 0.000211664 0.000310146
0 8.29794e-06 4.59783e-05 8.32668e-05
0 -5.81276e-05 -0.000116458 -0.000142418
0 -0.000123166 -0.000273518 -0.000361076
0 -0.000186417 -0.000423397 -0.000567215
0 -0.000246628 -0.000563835 -0.000755975
0 -0.000302518 -0.0006923 -0.000923978
0 -0.000352828 -0.00080595 -0.00106916
0 -0.000395899 -0.00090161 -0.00118992
0 -0.000429369 -0.000975789 -0.00128425
0 -0.000450246 -0.00102458 -0.00134893
0 -0.000455702 -0.00104396 -0.00137961
0 -0.000444298 -0.00103065 -0.00137174
0 -0.000416101 -0.00098245 -0.00132114
0 -0.000372261 -0.0008985 -0.00122441
0 -0.000315328 -0.000780274 -0.00108047
0 -0.000248794 -0.000631822 -0.000891291
0 -0.000175434 -0.000458342 -0.000661203
0 -9.62256e-05 -0.000264506 -0.00039594
0 -1.10288e-05 -5.41399e-05 -0.000102583
0 7.97328e-05 0.000168792 0.000209978
0 0.000174224 0.000399285 0.000531209
0 0.000269312 0.00063072 0.000849594
0 0.000361271 0.000854876 0.00115354
0 0.000446552 0.00106273 0.00143227
0 0.000522019 0.00124558 0.00167631
0 0.000585026 0.00139633 0.00187763
0 0.000633376 0.00151 0.00202975
0 0.000665317 0.0015836 0.00212805
0 0.000679905 0.00161596 0.00217036
0 0.000676859 0.00160718 0.00215665
0 0.000656549 0.00155829 0.00208881
0 0.000620706 0.00147212 0.00197116
0 0.000572622 0.00135403 0.00181071
0 0.000516202 0.00121163 0.00161646
0 0.000454551 0.00105326 0.00139804
0 0.000389753 0.000886709 0.00116537
0 0.00032332 0.000718478 0.000928507
0 0.000255812 0.000552662 0.000696101
0 0.000186375 0.000390275 0.000473554
0 0.000114211 0.000230723 0.000263346
0 4.04927e-05 7.43362e-05 6.65509e-05
0 -3.18596e-05 -7.66985e-05 -0.000116677
0 -9.93879e-05 -0.000218682 -0.000286716
0 -0.000158871 -0.000347144 -0.00044347
0 -0.000207873 -0.000457941 -0.000585503
0 -0.000245708 -0.000548837 -0.000710441
0 -0.000273124 -0.000619573 -0.000815071
0 -0.000291132 -0.000670571 -0.000895277
0 -0.000300963 -0.000702412 -0.000947323
0 -0.000303889 -0.000715439 -0.000968889
0 -0.000300776 -0.000709611 -0.000959424
0 -0.000291995 -0.000684978 -0.000920288
0 -0.000277301 -0.00064198 -0.000854289
0 -0.000256069 -0.000581701 -0.000765188
0 -0.000228358 -0.000506681 -0.000657924
0 -0.000195557 -0.00042128 -0.000538712
0 -0.000160202 -0.000331289 -0.000414764
0 -0.00012524 -0.000243005 -0.00029363
0 -9.28936e-05 -0.000161797 -0.000182018
0 -6.41825e-05 -9.11514e-05 -8.49936e-05
0 -3.90705e-05 -3.23963e-05 -5.53309e-06
0 -1.69992e-05 1.49003e-05 5.55333e-05
0 2.53932e-06 5.21544e-05 9.92672e-05
0 1.96853e-05 8.10061e-05 0.000128163
0 3.4333e-05 0.000102973 0.000145701
0 4.6548e-05 0.000119597 0.000155997
0 5.60202e-05 0.000131796 0.000162487
0 6.15349e-05 0.000139145 0.000166647
0 6.20426e-05 0.000140686 0.000168474
0 5.76903e-05 0.000136039 0.000167378
0 4.96383e-05 0.000125663 0.000162438
0 3.93707e-05 0.00011058 0.00015251
0 2.83758e-05 9.21639e-05 0.000136714
0 1.8273e-05 7.22328e-05 0.000115266
0 1.05235e-05 5.28362e-05 8.97061e-05
0 5.96883e-06 3.58994e-05 6.26472e-05
0 4.92044e-06 2.32937e-05 3.77e-05
0 7.21373e-06 1.66996e-05 1.90094e-05
0 1.20306e-05 1.70888e-05 1.02861e-05
0 1.85969e-05 2.50586e-05 1.4598e-05
0 2.68498e-05 4.1352e-05 3.43143e-05
0 3.73578e-05 6.68692e-05 7.0705e-05
0 5.1354e-05 0.000102871 0.000124104
0 7e-05 0.000150338 0.000193653
0 9.35756e-05 0.000209047 0.000277051
0 0.000121922 0.00027786 0.000371466
0 0.000154608 0.000354976 0.00047408
0 0.000190937 0.000438243 0.000582386
0 0.000229696 0.000525189 0.00069403
0 0.000268421 0.000612242 0.000805783
0 0.000304485 0.000695479 0.000914019
0 0.000336118 0.000771467 0.0010152
0 0.000362045 0.000837015 0.00110535
0 0.000381784 0.00088972 0.00118052
0 0.000395735 0.000928365 0.00123742
0 0.00040463 0.000952648 0.00127369
0 0.000408376 0.00096207 0.00128732
0 0.000405716 0.000955248 0.0012765
0 0.000395101 0.000930333 0.0012401
0 0.000374767 0.000884891 0.00117718
0 0.000343072 0.000816315 0.00108661
0 0.000299027 0.000722586 0.000967124
0 0.000242638 0.00060293 0.000817521
0 0.000175087 0.000458296 0.000637196
0 9.89185e-05 0.000291803 0.000427143
0 1.80275e-05 0.000108999 0.000191115
0 -6.33104e-05 -8.28979e-05 -6.42526e-05
0 -0.000142084 -0.000276768 -0.000330521
0 -0.000217328 -0.000467094 -0.000598575
0 -0.000289463 -0.000650237 -0.00085918
0 -0.00035959 -0.000824218 -0.00110404
0 -0.000427925 -0.000987057 -0.00132595
0 -0.000492851 -0.00113538 -0.00151876
0 -0.000551795 -0.00126476 -0.0016784
0 -0.000602002 -0.00137061 -0.00180313
0 -0.000640893 -0.00144913 -0.00189292
0 -0.000666184 -0.00149786 -0.00194828
0 -0.000676116 -0.00151575 -0.00196942
0 -0.000670001 -0.00150299 -0.00195618
0 -0.000648178 -0.00146039 -0.00190795
0 -0.000611818 -0.00138886 -0.00182388
0 -0.000563442 -0.00129029 -0.00170426
0 -0.000505931 -0.00116725 -0.00155049
0 -0.000440894 -0.00102198 -0.00136426
0 -0.000368908 -0.000856604 -0.00114785
0 -0.000290178 -0.000673366 -0.000904442
0 -0.000204845 -0.000474483 -0.000638041
0 -0.000113553 -0.000262507 -0.000353623
0 -1.78888e-05 -4.09732e-05 -5.71778e-05
0 7.92649e-05 0.000184851 0.000243981
0 0.00017377 0.000407589 0.000540948
0 0.0002614 0.000618665 0.000823977
0 0.000339153 0.000809987 0.00108362
0 0.000405542 0.000975242 0.00131135
0 0.000460037 0.00111036 0.00149996
0 0.000502663 0.00121355 0.00164416
0 0.000533716 0.00128484 0.0017411
0 0.000553086 0.00132465 0.0017901
0 0.000559826 0.00133274 0.00179208
0 0.000552843 0.00130857 0.00174956
0 0.000531642 0.00125237 0.00166638
0 0.000496434 0.00116564 0.00154685
0 0.000448146 0.00105135 0.00139522
0 0.000388545 0.000913693 0.00121595
0 0.000321042 0.000758759 0.00101479
0 0.000250705 0.000594691 0.000799553
0 0.000182696 0.000430499 0.000579447
0 0.000121445 0.000275285 0.000364849
0 7.07519e-05 0.000138065 0.000167606
0 3.28093e-05 2.63928e-05 -3.85727e-07
0 7.58492e-06 -5.4896e-05 -0.000128947
0 -6.31684e-06 -0.00010367 -0.000210445
0 -1.07579e-05 -0.000120216 -0.0002407
0 -7.24367e-06 -0.000106513 -0.000219509
0 3.43669e-06 -6.55336e-05 -0.00015076
0 2.16997e-05 -1.57851e-07 -4.1308e-05
0 4.8835e-05 8.71766e-05 0.000100283
0 8.64539e-05 0.000194576 0.000265248
0 0.000135996 0.00032067 0.000446205
0 0.000196997 0.000462958 0.000636962
0 0.0002667 0.000617065 0.000832546
0 0.000340795 0.00077701 0.00102918
0 0.000414 0.000935486 0.00122327
0 0.000481182 0.00108495 0.00141077
0 0.000538865 0.00121932 0.00158715
0 0.000585575 0.0013347 0.00174732
0 0.000620609 0.00142822 0.00188456
0 0.00064365 0.00149732 0.00199103
0 0.000654886 0.00153945 0.0020592
0 0.000654018 0.00155116 0.00208237
0 0.000640066 0.0015284 0.00205523
0 0.000611636 0.00146751 0.00197448
0 0.000566963 0.00136569 0.00183859
0 0.000504606 0.00122181 0.00164781
0 0.000424183 0.00103691 0.00140415
0 0.000326825 0.000814261 0.0011115
0 0.0002154 0.000559305 0.000776018
0 9.43787e-05 0.000279729 0.000406331
0 -3.1315e-05 -1.52818e-05 1.2831e-05
0 -0.000157448 -0.000316252 -0.000393088
0 -0.000280535 -0.000614065 -0.000799038
0 -0.000397607 -0.000900175 -0.0011917
0 -0.000506176 -0.00116665 -0.00155724
0 -0.000604797 -0.00140685 -0.0018829
0 -0.000693122 -0.00161575 -0.00215906
0 -0.000770604 -0.00178935 -0.00237977
0 -0.000835444 -0.00192429 -0.00254227
0 -0.000884378 -0.00201743 -0.00264616
0 -0.000913583 -0.00206618 -0.00269278
0 -0.000919794 -0.00206872 -0.00268433
0 -0.000900347 -0.00202328 -0.00262199
0 -0.000854312 -0.00192879 -0.00250566
0 -0.000783767 -0.00178636 -0.00233511
0 -0.000692676 -0.00159915 -0.00211021
0 -0.000585474 -0.00137185 -0.00183162
0 -0.000466593 -0.00111055 -0.00150226
0 -0.000340199 -0.000822503 -0.00112825
0 -0.000209783 -0.00051544 -0.000718583
0 -7.79949e-05 -0.000197218 -0.000284611
0 5.27334e-05 0.000123907 0.000159923
0 0.000180126 0.000439576 0.000599736
0 0.000302559 0.000742178 0.00101968
0 0.000418934 0.00102499 0.0014062
0 0.000528167 0.00128205 0.00174856
0 0.000628655 0.00150822 0.00203936
0 0.000717727 0.00169882 0.00227459
0 0.000791552 0.00184945 0.00245299
0 0.000845778 0.00195615 0.00257502
0 0.000875896 0.00201496 0.00264078
0 0.000878416 0.0020222 0.0026491
0 0.000852773 0.00197613 0.00259827
0 0.00080145 0.0018777 0.00248678
0 0.000728886 0.00173061 0.00231401
0 0.000640221 0.00154079 0.00208139
0 0.000540248 0.00131556 0.00179345
0 0.000433064 0.00106303 0.00145842
0 0.000321866 0.000791619 0.00108773
0 0.000208556 0.000509214 0.000694726
0 9.40658e-05 0.000222802 0.000293496
0 -2.10017e-05 -6.14029e-05 -0.000102399
0 -0.000135717 -0.0003377 -0.000480874
0 -0.000247871 -0.00060006 -0.000831358
0 -0.000353956 -0.000841684 -0.00114507
0 -0.000450033 -0.00105551 -0.00141554
0 -0.000532171 -0.00123491 -0.00163822
0 -0.000596807 -0.00137436 -0.0018101
0 -0.000641345 -0.00147026 -0.00192948
0 -0.00066429 -0.00152097 -0.00199535
0 -0.000665196 -0.00152628 -0.00200687
0 -0.0006451 -0.00148749 -0.00196383
0 -0.000606451 -0.00140735 -0.00186728
0 -0.000552074 -0.00128933 -0.00171938
0 -0.000484446 -0.00113722 -0.00152353
0 -0.000405811 -0.000955384 -0.00128487
0 -0.000318342 -0.000749024 -0.00101025
0 -0.000224001 -0.000523922 -0.000707654
0 -0.000124406 -0.000285838 -0.000385647
0 -2.11936e-05 -4.04215e-05 -5.31623e-05
0 8.35089e-05 0.000206584 0.000280614
0 0.000187187 0.000449463 0.000606727
0 0.000287273 0.000682625 0.000917026
0 0.000381231 0.000900488 0.00120434
0 0.00046639 0.00109731 0.00146227
0 0.000540136 0.00126762 0.00168524
0 0.00060036 0.00140695 0.00186863
0 0.00064541 0.00151199 0.0020084
0 0.000674053 0.00158037 0.00210101
0 0.000685524 0.00161043 0.00214372
0 0.000679706 0.00160138 0.00213503
0 0.000657393 0.00155372 0.00207517
0 0.000619962 0.0014693 0.00196614
0 0.000568903 0.00135109 0.00181143
0 0.000505786 0.00120299 0.00161586
0 0.000432492 0.0010299 0.00138551
0 0.000351231 0.000837363 0.00112752
0 0.000264374 0.000631185 0.000849928
0 0.000174344 0.000417208 0.000561165
0 8.35987e-05 0.000201382 0.000269769
0 -5.42874e-06 -1.03297e-05 -1.59117e-05
0 -9.05004e-05 -0.000212259 -0.000288071
0 -0.000169535 -0.000399191 -0.000539568
0 -0.000240593 -0.000566514 -0.000764016
0 -0.000301945 -0.000710281 -0.00095596
0 -0.000352127 -0.000827195 -0.00111105
0 -0.000390006 -0.000914704 -0.00122623
0 -0.000414796 -0.000971141 -0.0012997
0 -0.000426107 -0.00099582 -0.00133095
0 -0.000423985 -0.00098906 -0.00132068
0 -0.000408805 -0.000951985 -0.00127061
0 -0.000381181 -0.000886382 -0.00118324
0 -0.000342144 -0.000794836 -0.00106189
0 -0.000293167 -0.000680644 -0.000910501
0 -0.000236082 -0.000547563 -0.000733715
0 -0.000172998 -0.000399789 -0.000536834
0 -0.000106056 -0.000241896 -0.0003256
0 -3.72659e-05 -7.86388e-05 -0.000106066
0 3.15513e-05 8.53181e-05 0.000115552
0 9.87715e-05 0.000245656 0.000333043
0 0.000162883 0.000398434 0.000540355
0 0.000222448 0.000540011 0.000731835
0 0.000276103 0.000666999 0.000902476
0 0.000322634 0.000776365 0.00104812
0 0.00036099 0.000865515 0.0011656
0 0.000390145 0.000932274 0.00125261
0 0.000409146 0.000974997 0.00130768
0 0.000417351 0.000992794 0.00133018
0 0.000414555 0.00098559 0.00132027
0 0.000400976 0.000954062 0.00127882
0 0.000377281 0.000899596 0.00120738
0 0.000344569 0.000824252 0.00110827
0 0.000304227 0.000730653 0.000984547
0 0.000257765 0.000621858 0.000839911
0 0.000206722 0.00050127 0.000678614
0 0.00015262 0.000372558 0.00050539
0 9.69481e-05 0.000239501 0.000325365
0 4.11385e-05 0.000105834 0.000143894
0 -1.34455e-05 -2.48383e-05 -3.36793e-05
0 -6.55039e-05 -0.0001491 -0.00020225
0 -0.00011379 -0.000263774 -0.000357137
0 -0.000157123 -0.00036598 -0.000494255
0 -0.0001944 -0.000453169 -0.000610247
0 -0.000224617 -0.000523168 -0.000702541
0 -0.000246919 -0.00057429 -0.000769337
0 -0.000260657 -0.000605402 -0.000809543
0 -0.000265456 -0.00061594 -0.000822751
0 -0.00026127 -0.000605937 -0.000809199
0 -0.000248392 -0.000576037 -0.000769718
0 -0.000227431 -0.000527469 -0.000705713
0 -0.000199265 -0.000461992 -0.000619177
0 -0.000164972 -0.000381829 -0.000512671
0 -0.000125743 -0.000289564 -0.000389283
0 -8.28151e-05 -0.000187994 -0.000252623
0 -3.74185e-05 -8.00518e-05 -0.000106724
0 9.24975e-06 3.12562e-05 4.411e-05
0 5.60352e-05 0.000142925 0.000195468
0 0.000101824 0.000252022 0.000343019
0 0.000145526 0.000355725 0.000482677
0 0.000186064 0.00045136 0.000610744
0 0.000222384 0.00053645 0.000724021
0 0.000253488 0.000608811 0.000819851
0 0.000278485 0.000666642 0.000896118
0 0.000296663 0.000708585 0.000951252
0 0.000307554 0.000733738 0.000984243
0 0.00031096 0.000741676 0.00099465
0 0.000306948 0.000732486 0.000982581
0 0.000295823 0.000706759 0.000948702
0 0.000278101 0.000665547 0.000894221
0 0.000254475 0.000610304 0.000820866
0 0.000225766 0.000542824 0.000730868
0 0.000192879 0.000465192 0.000626894
0 0.000156771 0.000379715 0.000511973
0 0.000118438 0.000288813 0.000389448
0 7.88933e-05 0.000194962 0.000262868
0 3.91458e-05 0.000100679 0.000135828
0 1.94589e-07 8.48372e-06 1.18333e-05
0 -3.69692e-05 -7.91821e-05 -0.000105799
0 -7.13693e-05 -0.000160025 -0.000214026
0 -0.000102077 -0.00023197 -0.000310141
0 -0.000128259 -0.000293213 -0.000391832
0 -0.000149224 -0.000342274 -0.000457214
0 -0.000164459 -0.000378026 -0.000504848
0 -0.000173647 -0.000399715 -0.000533782
0 -0.000176671 -0.000406988 -0.000543568
0 -0.000173593 -0.000399905 -0.000534258
0 -0.000164636 -0.000378934 -0.000506395
0 -0.000150166 -0.000344917 -0.00046101
0 -0.000130686 -0.000299025 -0.000399597
0 -0.000106815 -0.000242714 -0.000324079
0 -7.92728e-05 -0.000177682 -0.000236745
0 -4.8833e-05 -0.000105804 -0.000140147
0 -1.63158e-05 -2.90747e-05 -3.70135e-05
