0 0.000366439 0.000874594 0.0011781
0 0.000292573 0.000701676 0.000950581
0 0.000217516 0.000525224 0.000717083
0 0.000141801 0.000346593 0.000479276
0 6.59645e-05 0.000167099 0.00023889
0 -9.45939e-06 -1.19832e-05 -2.30731e-06
0 -8.39537e-05 -0.000189428 -0.000242516
0 -0.000157026 -0.000364075 -0.000479898
0 -0.000228222 -0.000534829 -0.000712593
0 -0.000297137 -0.00070064 -0.000938742
0 -0.000363428 -0.000860481 -0.00115653
0 -0.0004268 -0.00101335 -0.00136421
0 -0.000486999 -0.0011583 -0.00156007
0 -0.000543789 -0.00129437 -0.00174253
0 -0.000596919 -0.00142063 -0.00191022
0 -0.000646108 -0.00153614 -0.00206198
0 -0.00069103 -0.00164001 -0.00219686
0 -0.00073131 -0.00173143 -0.00231408
0 -0.000766544 -0.00180968 -0.00241311
0 -0.000796318 -0.00187414 -0.00249352
0 -0.000820235 -0.00192434 -0.00255506
0 -0.000837928 -0.00195995 -0.0025976
0 -0.000849065 -0.00198076 -0.00262116
0 -0.000853395 -0.00198668 -0.0026259
0 -0.000850775 -0.0019778 -0.00261208
0 -0.000841178 -0.00195428 -0.00258007
0 -0.000824703 -0.00191642 -0.0025303
0 -0.000801581 -0.00186467 -0.00246333
0 -0.000772183 -0.00179957 -0.00237979
0 -0.000736994 -0.00172182 -0.0022804
0 -0.000696582 -0.00163221 -0.00216595
0 -0.000651543 -0.00153166 -0.00203726
0 -0.000602457 -0.00142111 -0.00189524
0 -0.000549874 -0.00130158 -0.00174089
0 -0.000494328 -0.00117415 -0.00157535
0 -0.000436341 -0.00103993 -0.00139988
0 -0.000376402 -0.000900058 -0.00121583
0 -0.000314956 -0.000755646 -0.00102458
0 -0.000252412 -0.000607816 -0.000827525
0 -0.000189179 -0.000457669 -0.00062613
0 -0.000125696 -0.000306303 -0.000421963
0 -6.24028e-05 -0.000154807 -0.000216642
0 3.03194e-07 -4.22233e-06 -1.17866e-05
0 6.20764e-05 0.000144472 0.000191006
0 0.000122582 0.000290328 0.000390136
0 0.000181456 0.000432389 0.000583971
0 0.000238356 0.000569726 0.000770913
0 0.000293047 0.000701505 0.00094951
0 0.000345408 0.000827013 0.00111849
0 0.000395352 0.000945627 0.00127673
0 0.000442766 0.00105673 0.00142322
0 0.000487467 0.00115971 0.00155709
0 0.000529186 0.00125394 0.00167767
0 0.000567566 0.00133878 0.00178443
0 0.000602201 0.00141366 0.00187701
0 0.00063269 0.00147804 0.00195523
0 0.000658628 0.00153151 0.00201905
0 0.000679499 0.00157356 0.00206834
0 0.000694633 0.00160357 0.00210284
0 0.000703397 0.00162091 0.00212223
0 0.000705441 0.00162517 0.00212632
0 0.000700754 0.00161625 0.00211509
0 0.000689571 0.00159423 0.00208863
0 0.000672266 0.00155942 0.00204705
0 0.000649297 0.00151223 0.0019905
0 0.000621186 0.00145328 0.00191921
0 0.000588521 0.00138331 0.00183356
0 0.000551912 0.00130321 0.00173408
0 0.000511902 0.00121387 0.00162143
0 0.000468871 0.00111611 0.0014963
0 0.000423019 0.00101062 0.0013594
0 0.000374499 0.000898027 0.00121159
0 0.000323584 0.000779085 0.00105397
0 0.000270657 0.000654646 0.000887829
0 0.000216096 0.000525589 0.000714484
0 0.000160409 0.000392953 0.000535467
0 0.000104515 0.000258257 0.000352802
0 4.9707e-05 0.000123558 0.000169009
0 -2.86648e-06 -9.01765e-06 -1.3341e-05
0 -5.29e-05 -0.000138009 -0.000192318
0 -0.000101155 -0.000263014 -0.000366944
0 -0.000148775 -0.000384228 -0.00053666
0 -0.000196133 -0.000501421 -0.00070031
0 -0.000242317 -0.000613351 -0.000855672
0 -0.000285894 -0.000718311 -0.00100018
0 -0.000326293 -0.00081537 -0.00113225
0 -0.000364391 -0.000905006 -0.00125193
0 -0.000401699 -0.000988478 -0.00136023
0 -0.000439019 -0.00106663 -0.00145792
0 -0.000475903 -0.00113938 -0.00154502
0 -0.000511222 -0.00120612 -0.00162131
0 -0.00054376 -0.00126612 -0.00168673
0 -0.000572098 -0.00131824 -0.00174107
0 -0.000594349 -0.00136053 -0.00178353
0 -0.000608644 -0.00139064 -0.00181296
0 -0.000614429 -0.0014072 -0.00182902
0 -0.000613389 -0.00141098 -0.00183314
0 -0.000608644 -0.00140462 -0.00182801
0 -0.00060262 -0.00139077 -0.00181569
0 -0.000595656 -0.00137075 -0.0017964
0 -0.000586547 -0.00134464 -0.001769
0 -0.000574019 -0.00131235 -0.00173237
0 -0.000557503 -0.00127401 -0.00168606
0 -0.000536867 -0.00122963 -0.00162999
0 -0.000511911 -0.00117865 -0.00156397
0 -0.000482295 -0.00112004 -0.00148756
0 -0.000447768 -0.00105266 -0.00140032
0 -0.000408288 -0.000975538 -0.00130187
0 -0.000363847 -0.000887854 -0.00119171
0 -0.000314224 -0.000788713 -0.00106894
0 -0.000259062 -0.000677218 -0.000932414
0 -0.000198606 -0.000553198 -0.000781481
0 -0.000134666 -0.000418289 -0.0006171
0 -7.03649e-05 -0.000275953 -0.000441848
0 -8.30166e-06 -0.000129853 -0.000258351
0 5.09831e-05 1.77301e-05 -6.78961e-05
0 0.000108442 0.000165693 0.000129066
0 0.000164794 0.000312824 0.000331362
0 0.000219685 0.000457235 0.000536386
0 0.000272183 0.000596884 0.000740633
0 0.000321578 0.000730277 0.000940542
0 0.000367845 0.000856788 0.00113304
0 0.000411754 0.00097671 0.0013158
0 0.000454535 0.0010909 0.00148717
0 0.000496947 0.00119982 0.00164551
0 0.00053849 0.00130267 0.00178862
0 0.000577842 0.00139767 0.00191414
0 0.000614255 0.00148333 0.00202089
0 0.000648089 0.00155917 0.00210937
0 0.000679692 0.00162483 0.0021806
0 0.000708386 0.00167924 0.00223505
0 0.000733252 0.00172144 0.00227322
0 0.000754508 0.00175201 0.002297
0 0.000773394 0.00177309 0.00230945
0 0.000790795 0.00178695 0.00231348
0 0.000806677 0.00179539 0.00231123
0 0.000820981 0.00180034 0.00230488
0 0.000834495 0.00180453 0.00229742
0 0.000848368 0.00181089 0.00229221
0 0.00086275 0.00182114 0.00229155
0 0.000876242 0.00183497 0.00229603
0 0.000886778 0.00185074 0.00230511
0 0.000892854 0.00186653 0.0023181
0 0.000893961 0.00188064 0.00233446
0 0.00089015 0.00189146 0.00235336
0 0.000881123 0.00189681 0.00237276
0 0.000865408 0.00189329 0.00238862
0 0.000840435 0.00187626 0.00239492
0 0.000803959 0.00184113 0.00238504
0 0.00075632 0.00178571 0.00235429
0 0.000701699 0.00171191 0.0023016
0 0.000646471 0.00162477 0.00222875
0 0.000595764 0.00152961 0.00213765
0 0.000551488 0.00142998 0.00202889
0 0.000513361 0.0013282 0.00190275
0 0.000481266 0.00122701 0.00176142
0 0.000456241 0.0011302 0.00160974
0 0.000439239 0.0010413 0.00145384
0 0.000429406 0.000961824 0.00129908
0 0.000424197 0.000891373 0.00114959
0 0.00042144 0.000829546 0.00100972
0 0.000421009 0.000777648 0.000885297
0 0.000424152 0.000738197 0.000782828
0 0.0004309 0.000712481 0.000706833
0 0.000438131 0.000698444 0.000657651
0 0.000440377 0.000690994 0.000631798
0 0.000432451 0.000684119 0.000624105
0 0.000411413 0.000672651 0.000629399
0 0.000376791 0.000652752 0.000642783
0 0.000329675 0.00062155 0.000659072
0 0.000271711 0.000576703 0.000672278
0 0.000204501 0.000516212 0.00067552
0 0.000129366 0.000438366 0.000661229
0 4.73355e-05 0.000341648 0.000621575
0 -4.07307e-05 0.000224694 0.000549025
0 -0.000133846 8.64287e-05 0.000437076
0 -0.000230535 -7.36578e-05 0.000281124
0 -0.000328794 -0.000255281 7.89252e-05
0 -0.000426372 -0.000457251 -0.00016942
0 -0.000521197 -0.000677522 -0.000461717
0 -0.000611905 -0.000913458 -0.000794224
0 -0.00069837 -0.00116234 -0.00116239
0 -0.000781987 -0.00142203 -0.0015614
0 -0.000865236 -0.0016911 -0.00198602
0 -0.000950174 -0.00196794 -0.00242936
0 -0.00103695 -0.0022494 -0.0028816
0 -0.00112393 -0.0025304 -0.00333042
0 -0.00120911 -0.00280495 -0.00376312
0 -0.00129144 -0.0030674 -0.00416854
0 -0.00137094 -0.0033129 -0.00453777
0 -0.00144776 -0.00353698 -0.00486372
0 -0.00152122 -0.00373516 -0.00514048
0 -0.00158948 -0.0039029 -0.00536309
0 -0.00164964 -0.00403578 -0.00552755
0 -0.00169783 -0.00412936 -0.00563065
0 -0.00172976 -0.00417935 -0.00566999
0 -0.0017425 -0.00418308 -0.00564534
0 -0.00173669 -0.0041418 -0.00556062
0 -0.00171664 -0.00406118 -0.00542407
0 -0.00168773 -0.0039493 -0.00524585
0 -0.00165285 -0.00381321 -0.00503468
0 -0.00160984 -0.00365588 -0.00479496
0 -0.00155209 -0.00347548 -0.00452659
0 -0.0014721 -0.00326758 -0.00422752
0 -0.00136587 -0.00302871 -0.00389723
0 -0.00123572 -0.0027595 -0.00353937
0 -0.00109011 -0.00246582 -0.00316196
0 -0.000940438 -0.00215736 -0.00277522
0 -0.000796998 -0.00184493 -0.00238858
0 -0.000665498 -0.00153732 -0.00200784
0 -0.000546178 -0.00123971 -0.0016345
0 -0.000436115 -0.000954581 -0.00126794
0 -0.00033258 -0.000683727 -0.000908201
0 -0.000234985 -0.000429517 -0.000557735
0 -0.0001448 -0.000194883 -0.000221273
0 -6.4041e-05 1.76441e-05 9.55671e-05
0 6.61884e-06 0.00020727 0.000388085
0 6.8933e-05 0.000375771 0.000653711
0 0.000126596 0.000527086 0.000891934
0 0.00018373 0.00066598 0.00110346
0 0.000243392 0.000796683 0.00128937
0 0.000306694 0.000921962 0.00145059
0 0.000372474 0.00104245 0.00158751
0 0.00043755 0.00115635 0.00169989
0 0.000498717 0.00126098 0.00178837
0 0.000556152 0.00135618 0.00185746
0 0.000614284 0.00144594 0.00191631
0 0.00067756 0.00153511 0.00197465
0 0.000745021 0.00162454 0.00203724
0 0.000809667 0.00170985 0.00210264
0 0.000862978 0.00178491 0.00216677
0 0.000900434 0.00184639 0.00222773
0 0.000924321 0.00189652 0.00228844
0 0.000941938 0.00194212 0.00235537
0 0.000960147 0.00199012 0.00243384
0 0.00098046 0.00204293 0.00252365
0 0.000999423 0.00209817 0.00261938
0 0.00101375 0.00215285 0.00271529
0 0.00102416 0.00220672 0.00280906
0 0.00103452 0.00226172 0.00290136
0 0.00104871 0.00231968 0.00299319
0 0.00106869 0.00238107 0.00308441
0 0.00109449 0.00244518 0.00317377
0 0.00112495 0.00251088 0.00325973
0 0.00115897 0.00257753 0.00334147
0 0.00119641 0.00264569 0.00341974
0 0.00123766 0.00271663 0.00349645
0 0.00128204 0.00279061 0.00357288
0 0.00132606 0.00286491 0.00364778
0 0.00136319 0.00293312 0.00371655
0 0.00138524 0.00298584 0.00377191
0 0.00138536 0.00301331 0.00380616
0 0.00136073 0.00300827 0.00381353
0 0.00131244 0.00296664 0.00379024
0 0.00124342 0.00288642 0.00373283
0 0.00115717 0.00276731 0.00363773
0 0.00105831 0.00261175 0.00350244
0 0.000952795 0.00242547 0.00332677
0 0.000846669 0.00221618 0.0031123
0 0.000743974 0.00199119 0.00286107
0 0.000645289 0.00175518 0.00257425
0 0.00054793 0.00150943 0.00225207
0 0.000448205 0.00125324 0.00189551
0 0.000344286 0.000986325 0.00150837
0 0.00023711 0.000710004 0.00109758
0 0.000128402 0.000426075 0.000670993
0 1.81573e-05 0.000135048 0.000234507
0 -9.54713e-05 -0.000163829 -0.000208358
0 -0.000213666 -0.000470372 -0.000654002
0 -0.000334567 -0.000781219 -0.00109626
0 -0.000453643 -0.00108987 -0.00152649
0 -0.000566092 -0.00138859 -0.00193562
0 -0.000668742 -0.00166999 -0.00231597
0 -0.000760461 -0.00192762 -0.00266156
0 -0.000841991 -0.00215666 -0.00296827
0 -0.000915827 -0.0023549 -0.00323428
0 -0.000985376 -0.00252294 -0.00345987
0 -0.00105329 -0.00266316 -0.00364612
0 -0.00112034 -0.00277859 -0.00379419
0 -0.00118599 -0.00287284 -0.00390588
0 -0.00124978 -0.00295068 -0.00398484
0 -0.0013119 -0.00301771 -0.00403698
0 -0.00137251 -0.00307909 -0.00406937
0 -0.00143072 -0.00313811 -0.00408887
0 -0.00148406 -0.00319527 -0.00410096
0 -0.001528 -0.00324748 -0.00410837
0 -0.00155622 -0.00328803 -0.00411044
0 -0.00156234 -0.00330815 -0.0041039
0 -0.00154183 -0.00329909 -0.00408413
0 -0.00149305 -0.00325375 -0.00404591
0 -0.00141789 -0.00316827 -0.00398443
0 -0.0013221 -0.00304345 -0.00389642
0 -0.0012142 -0.00288477 -0.00378038
0 -0.00110338 -0.00270097 -0.00363599
0 -0.000997724 -0.00250243 -0.00346369
0 -0.000902634 -0.00229899 -0.00326419
0 -0.000818314 -0.00209627 -0.00303639
0 -0.000738464 -0.00189269 -0.00277572
0 -0.00065356 -0.0016812 -0.00247649
0 -0.000556368 -0.00145394 -0.00213621
0 -0.000444717 -0.00120533 -0.00175743
0 -0.000320967 -0.000933072 -0.0013467
0 -0.000190395 -0.000638523 -0.000913048
0 -5.9452e-05 -0.00032659 -0.000466415
0 6.58944e-05 -4.81302e-06 -1.64821e-05
0 0.000181164 0.000317731 0.000427879
0 0.000283656 0.000631413 0.000858621
0 0.000372554 0.000927209 0.00126847
0 0.000448831 0.00119774 0.00165089
0 0.000514592 0.00143758 0.00199982
0 0.000572446 0.0016433 0.0023096
0 0.00062559 0.00181427 0.00257592
0 0.000678152 0.0019534 0.00279701
0 0.000734436 0.00206665 0.00297368
0 0.000796179 0.00215993 0.00310715
0 0.000859869 0.00223551 0.0031964
0 0.000917454 0.00229119 0.0032383
0 0.000960209 0.00232254 0.00323041
0 0.000982722 0.00232595 0.00317397
0 0.000985067 0.00230091 0.00307537
0 0.000972256 0.00225054 0.0029454
0 0.000951079 0.00218 0.00279619
0 0.000926723 0.0020943 0.00263815
0 0.000901222 0.00199726 0.00247834
0 0.000873187 0.00189084 0.00231993
0 0.00083838 0.00177466 0.00216213
0 0.000791423 0.00164656 0.0020015
0 0.000727841 0.00150376 0.00183363
0 0.000645136 0.00134358 0.00165406
0 0.000542993 0.00116373 0.00145867
0 0.000423812 0.000963429 0.00124457
0 0.000292909 0.000744431 0.00101097
0 0.000156332 0.000509632 0.000757766
0 1.75788e-05 0.000260236 0.000482873
0 -0.000123244 -5.15717e-06 0.000181706
0 -0.000266958 -0.000288435 -0.000150286
0 -0.00041135 -0.000588065 -0.000513511
0 -0.000548971 -0.000896301 -0.000901553
0 -0.000669472 -0.00120048 -0.00130272
0 -0.000765111 -0.00148776 -0.00170471
0 -0.000835275 -0.00174997 -0.0020989
0 -0.000887027 -0.0019857 -0.00248137
0 -0.000931065 -0.00219829 -0.00285006
0 -0.000975375 -0.00239102 -0.00320006
0 -0.00102123 -0.00256342 -0.00352109
0 -0.00106439 -0.00271155 -0.00379918
0 -0.0010991 -0.00283033 -0.00402085
0 -0.00112136 -0.00291559 -0.00417624
0 -0.00113118 -0.00296587 -0.00426147
0 -0.00113383 -0.00298439 -0.00428023
0 -0.00113836 -0.0029789 -0.00424288
0 -0.00115274 -0.00295838 -0.00416229
0 -0.00117825 -0.00292786 -0.00404814
0 -0.00120727 -0.00288533 -0.00390395
0 -0.00122698 -0.00282359 -0.00372904
0 -0.00122544 -0.00273447 -0.00352276
0 -0.00119544 -0.00261178 -0.00328683
0 -0.00113532 -0.00245254 -0.00302546
0 -0.00104856 -0.00225787 -0.00274488
0 -0.00094244 -0.00203315 -0.00245248
0 -0.000825563 -0.00178679 -0.00215536
0 -0.000705482 -0.00152844 -0.00185897
0 -0.000587141 -0.00126704 -0.0015663
0 -0.00047223 -0.00100907 -0.00127756
0 -0.000359613 -0.000757703 -0.000990582
0 -0.000246335 -0.000512653 -0.00070161
0 -0.000128476 -0.000270314 -0.000405804
0 -2.14014e-06 -2.46392e-05 -9.78803e-05
0 0.000134573 0.000230436 0.000226147
0 0.000278912 0.000497323 0.000566204
0 0.000422918 0.000772709 0.000917028
0 0.000556841 0.00104938 0.00127068
0 0.000673919 0.00132007 0.00162052
0 0.000772734 0.00157995 0.00196312
0 0.000856371 0.00182678 0.00229766
0 0.000929935 0.00205986 0.00262378
0 0.000997823 0.00227842 0.00293944
0 0.00106177 0.00248028 0.00323964
0 0.00112071 0.00266166 0.00351667
0 0.00117215 0.00281804 0.00376168
0 0.00121357 0.00294511 0.00396622
0 0.00124325 0.00303943 0.00412325
0 0.00126071 0.00309893 0.00422782
0 0.00126613 0.00312274 0.00427691
0 0.00125869 0.00310964 0.00426787
0 0.00123538 0.00305676 0.00419724
0 0.001192 0.00296002 0.00406143
0 0.00112592 0.00281637 0.00385902
0 0.00103838 0.00262609 0.00359286
0 0.000934207 0.00239316 0.00326998
0 0.000818926 0.00212321 0.00289894
0 0.000696589 0.00182197 0.00248789
0 0.000570599 0.0014963 0.00204532
0 0.000445491 0.0011558 0.0015817
0 0.000326149 0.000811863 0.00110855
0 0.000214313 0.00047375 0.00063493
0 0.00010654 0.000145425 0.000164989
0 -3.34519e-06 -0.00017351 -0.000300076
0 -0.00011987 -0.000484565 -0.000758171
0 -0.000243666 -0.000788243 -0.00120435
0 -0.000371945 -0.00108362 -0.0016314
0 -0.000500341 -0.00136876 -0.00203172
0 -0.000624875 -0.0016413 -0.00239905
0 -0.000743068 -0.00189892 -0.00272954
0 -0.000854601 -0.00214016 -0.00302254
0 -0.000962171 -0.00236592 -0.00328158
0 -0.00107128 -0.00258039 -0.00351449
0 -0.00118765 -0.00278957 -0.0037311
0 -0.00131378 -0.00299836 -0.00393991
0 -0.00144706 -0.00320828 -0.00414586
0 -0.00158004 -0.00341649 -0.00434962
0 -0.00170181 -0.0036156 -0.00454767
0 -0.00179908 -0.00379327 -0.00473189
0 -0.00185834 -0.00393341 -0.00489032
0 -0.00187189 -0.00402215 -0.0050123
0 -0.00184377 -0.00405517 -0.00509452
0 -0.00178899 -0.00403957 -0.00514178
0 -0.00172611 -0.00398914 -0.00516172
0 -0.0016688 -0.00391749 -0.00515853
0 -0.00162045 -0.0038321 -0.00512881
0 -0.00157351 -0.00373128 -0.00506099
0 -0.00151465 -0.00360619 -0.00493951
0 -0.00143301 -0.00344677 -0.00475203
0 -0.00132486 -0.00324602 -0.00449341
0 -0.00119164 -0.00299933 -0.0041637
0 -0.00103508 -0.00270174 -0.00376356
0 -0.000854927 -0.00234738 -0.00329211
0 -0.00065037 -0.00193159 -0.0027483
0 -0.000422953 -0.00145409 -0.00213371
0 -0.00017895 -0.000921341 -0.00145499
0 6.96677e-05 -0.000347961 -0.000725116
0 0.000305114 0.000242172 3.52429e-05
0 0.00050444 0.000815269 0.000796637
0 0.00064536 0.00133262 0.00152457
0 0.000719628 0.00176472 0.00219117
0 0.00074445 0.00210618 0.00278715
0 0.000759938 0.00237915 0.0033237
0 0.000811832 0.00262232 0.00382159
0 0.000929593 0.0028722 0.00429471
0 0.00111206 0.00314634 0.00473791
0 0.00132806 0.00343671 0.00512629
0 0.00153262 0.00371682 0.00542733
0 0.00168838 0.00395625 0.00561758
0 0.00177851 0.00413179 0.00569196
0 0.00180705 0.00423152 0.00566283
0 0.00179086 0.00425359 0.00555246
0 0.00174895 0.00420232 0.0053836
0 0.00169479 0.00408484 0.00517309
0 0.00163452 0.00390999 0.00493055
0 0.0015688 0.00368824 0.00466032
0 0.0014944 0.00342987 0.00436282
0 0.00140678 0.00314407 0.0040368
0 0.0013082 0.00284487 0.00368752
0 0.00121495 0.00255835 0.00333503
0 0.00115082 0.00231793 0.00300948
0 0.00113121 0.00214986 0.00273671
0 0.00115275 0.00206195 0.00252746
0 0.00119463 0.00204189 0.00237652
0 0.00122847 0.00206319 0.00226915
0 0.00123002 0.0020943 0.0021895
0 0.0011867 0.00210638 0.00212613
0 0.00109842 0.00207769 0.00207249
0 0.000973343 0.00199471 0.00202362
0 0.000821574 0.00185081 0.00197173
0 0.000650317 0.00164431 0.0019035
0 0.00046193 0.00137675 0.00179969
0 0.000252885 0.00104944 0.00163506
0 1.50039e-05 0.000660128 0.00138035
0 -0.000257049 0.000206344 0.00101061
0 -0.00055528 -0.000305633 0.000516824
0 -0.000851306 -0.000851669 -8.48794e-05
0 -0.00109878 -0.00138705 -0.000752218
0 -0.00124978 -0.00185706 -0.00142923
0 -0.00127679 -0.00221599 -0.00206574
0 -0.00118487 -0.00244088 -0.00263018
0 -0.00100821 -0.00253431 -0.00310946
0 -0.000796368 -0.00252017 -0.00350069
0 -0.000598683 -0.00243532 -0.00380389
0 -0.000451178 -0.00231841 -0.00401661
0 -0.000368196 -0.00219845 -0.00412965
0 -0.000341887 -0.00208787 -0.00412723
0 -0.000350871 -0.00198392 -0.00399391
0 -0.000373349 -0.00187642 -0.0037246
0 -0.000397324 -0.00175658 -0.00333174
0 -0.000424308 -0.00162341 -0.00284674
0 -0.000467262 -0.00148678 -0.00231632
0 -0.00054413 -0.00136637 -0.00179449
0 -0.000668996 -0.00128647 -0.00133235
0 -0.000844758 -0.00126831 -0.000970952
0 -0.00106032 -0.00132381 -0.000737905
0 -0.00129195 -0.00145233 -0.000645702
0 -0.00150723 -0.00163945 -0.00069147
0 -0.00167016 -0.00185736 -0.000857904
0 -0.00174756 -0.00206859 -0.00111613
0 -0.00171673 -0.00223375 -0.00143138
0 -0.00157147 -0.0023204 -0.00176912
0 -0.00132453 -0.00231014 -0.00209958
0 -0.00100727 -0.00220311 -0.00240193
0 -0.00066521 -0.00201895 -0.00266495
0 -0.000347596 -0.00179199 -0.00288205
0 -9.44863e-05 -0.00156026 -0.00304536
0 7.28924e-05 -0.00135361 -0.00314185
0 0.0001559 -0.00118573 -0.00315187
0 0.000175176 -0.00105196 -0.00305202
0 0.000159965 -0.000934902 -0.00282336
0 0.00013613 -0.000813479 -0.00246002
0 0.000120853 -0.0006683 -0.00197125
0 0.000123699 -0.000482958 -0.00137736
0 0.00014931 -0.000244535 -0.000703873
0 0.000200061 5.5613e-05 2.40929e-05
0 0.000278872 0.000422504 0.000785598
0 0.000391631 0.000860108 0.00156545
0 0.000547091 0.00137157 0.00235439
0 0.000752497 0.00195521 0.0031463
0 0.00100741 0.00259943 0.00393353
0 0.0013004 0.00328044 0.00470366
0 0.00161036 0.00396399 0.00543905
0 0.00191119 0.00461034 0.00611892
0 0.00217794 0.0051809 0.00672284
0 0.00239203 0.00564462 0.00723406
0 0.00254406 0.00598263 0.00764148
0 0.00263334 0.00618956 0.00793961
0 0.00266475 0.00627133 0.00812645
0 0.00264482 0.0062407 0.00820087
0 0.0025789 0.00611253 0.00816104
0 0.00246988 0.00589964 0.00800381
0 0.00231935 0.00561109 0.00772613
0 0.00213278 0.00525584 0.00733052
0 0.00192446 0.00484803 0.00683045
0 0.00171176 0.00440367 0.00624575
0 0.00150174 0.00392943 0.00558969
0 0.00128535 0.00341728 0.00486239
0 0.00104545 0.00285117 0.00405671
0 0.000770295 0.00221899 0.00316975
0 0.000461928 0.00152098 0.00221031
0 0.000136245 0.000771466 0.0011991
0 -0.000182352 -3.41817e-06 0.000164457
0 -0.000467839 -0.000769571 -0.000862369
0 -0.000699361 -0.00149045 -0.00185084
0 -0.000866281 -0.00213308 -0.00277325
0 -0.000969633 -0.00267236 -0.00360549
0 -0.00102033 -0.00309394 -0.00432789
0 -0.00103666 -0.00339673 -0.00492676
0 -0.00104192 -0.00359405 -0.00539614
0 -0.00106066 -0.00371142 -0.00573793
0 -0.00111298 -0.00378036 -0.00595963
0 -0.00120975 -0.00383114 -0.00607179
0 -0.00135168 -0.00388824 -0.00608776
0 -0.00153243 -0.00396939 -0.00602582
0 -0.00174338 -0.00408708 -0.00591179
0 -0.0019756 -0.00424868 -0.00577797
0 -0.00221704 -0.00445298 -0.00565664
0 -0.00244881 -0.00468635 -0.00557214
0 -0.00264568 -0.0049231 -0.00553642
0 -0.00278134 -0.00513076 -0.00554941
0 -0.00283509 -0.00527699 -0.00560227
0 -0.00279724 -0.00533584 -0.00568163
0 -0.00267214 -0.00529341 -0.00577337
0 -0.00247772 -0.00515142 -0.00586451
0 -0.00224012 -0.00492573 -0.0059418
0 -0.00198518 -0.00463962 -0.0059884
0 -0.00173241 -0.00431665 -0.00598306
0 -0.00149438 -0.00397739 -0.00590356
0 -0.00127976 -0.00363894 -0.00573256
0 -0.00109622 -0.00331526 -0.00546239
0 -0.000950154 -0.00301578 -0.00509572
0 -0.00084317 -0.00274213 -0.00464188
0 -0.000768776 -0.00248573 -0.00411198
0 -0.000712447 -0.00222877 -0.00351624
0 -0.000655644 -0.00194889 -0.00286441
0 -0.000581284 -0.00162523 -0.00216702
0 -0.00047728 -0.00124303 -0.00143515
0 -0.000336695 -0.000794705 -0.000678735
0 -0.00015618 -0.000278256 9.42716e-05
0 6.49883e-05 0.000303388 0.000878138
0 0.00032522 0.000942322 0.00166925
0 0.000621508 0.00162703 0.00246626
0 0.00095019 0.0023444 0.00327007
0 0.00130613 0.00308068 0.00408256
0 0.00168091 0.00382172 0.004904
0 0.00206137 0.00455238 0.00573022
0 0.00242968 0.00525581 0.00655084
0 0.00276546 0.00591351 0.00734964
0 0.00304941 0.00650663 0.00810662
0 0.00326701 0.00701794 0.00880087
0 0.00341075 0.00743346 0.00941277
0 0.00347979 0.00774262 0.0099245
0 0.00347798 0.00793759 0.0103194
0 0.00341204 0.00801306 0.0105817
0 0.00329033 0.00796649 0.0106975
0 0.00312119 0.00779757 0.0106542
0 0.00291078 0.00750659 0.0104401
0 0.00266308 0.00709438 0.0100451
0 0.00238333 0.00656541 0.00946498
0 0.00208151 0.00593151 0.00870525
0 0.00177228 0.00521249 0.00778254
0 0.00147126 0.00443331 0.0067218
0 0.00118999 0.00361924 0.00555194
0 0.000932342 0.00279139 0.0043021
0 0.000694789 0.00196473 0.00300058
0 0.000469836 0.00114865 0.0016751
0 0.000249414 0.000348571 0.000351355
0 2.59356e-05 -0.000433019 -0.00094757
0 -0.000207406 -0.00119585 -0.0021985
0 -0.000455442 -0.00193923 -0.00337738
0 -0.000720278 -0.00266018 -0.00446241
0 -0.00100251 -0.00335465 -0.00543779
0 -0.00130227 -0.00401889 -0.00629561
0 -0.00161792 -0.00464891 -0.00703457
0 -0.00194417 -0.00523928 -0.00765788
0 -0.00227236 -0.00578365 -0.00817243
0 -0.00259267 -0.00627678 -0.00858931
0 -0.00289588 -0.00671567 -0.00892352
0 -0.00317331 -0.00709884 -0.00919168
0 -0.00341612 -0.00742495 -0.00940918
0 -0.00361573 -0.00769236 -0.00958856
0 -0.00376471 -0.0078991 -0.00973861
0 -0.00385655 -0.00804191 -0.00986285
0 -0.003885 -0.00811489 -0.00995788
0 -0.00384487 -0.00810988 -0.0100137
0 -0.00373517 -0.00801961 -0.0100168
0 -0.0035625 -0.00784182 -0.00995483
0 -0.00334099 -0.00758098 -0.00981832
0 -0.00308904 -0.00724705 -0.00960044
0 -0.00282537 -0.00685326 -0.00929608
0 -0.00256614 -0.00641425 -0.00890181
0 -0.00232295 -0.00594402 -0.00841606
0 -0.00210122 -0.00545343 -0.00783887
0 -0.00189954 -0.00494814 -0.00717147
0 -0.00171119 -0.00442851 -0.0064171
0 -0.00152745 -0.00389169 -0.00558289
0 -0.00134071 -0.00333422 -0.00468121
0 -0.00114535 -0.00275325 -0.00372873
0 -0.000936389 -0.00214575 -0.00274277
0 -0.000707711 -0.00150728 -0.00173681
0 -0.000452883 -0.000833097 -0.000719643
0 -0.000169028 -0.000121618 0.000300043
0 0.000140628 0.000622229 0.00131023
0 0.000468813 0.00138749 0.0022972
0 0.00080846 0.00216076 0.0032498
0 0.00115499 0.00292921 0.00416217
0 0.00150546 0.00368146 0.00503307
0 0.00185658 0.00440754 0.00586339
0 0.00220354 0.00509916 0.00665427
0 0.00253984 0.00574973 0.007406
0 0.00285713 0.00635353 0.0081169
0 0.00314541 0.00690459 0.00878237
0 0.0033945 0.00739643 0.00939544
0 0.00359658 0.00782317 0.00994849
0 0.00374818 0.00818071 0.0104349
0 0.00385047 0.0084671 0.0108497
0 0.00390811 0.00868215 0.0111888
0 0.0039277 0.00882696 0.0114486
0 0.00391655 0.00890377 0.0116259
0 0.00388171 0.0089158 0.0117179
0 0.00382895 0.00886663 0.0117219
0 0.00376147 0.00875898 0.0116353
0 0.00367953 0.00859394 0.0114548
0 0.00358148 0.00837151 0.0111781
0 0.00346587 0.00809222 0.0108054
0 0.00333342 0.00775904 0.0103415
0 0.00318717 0.00737786 0.00979581
0 0.00303027 0.00695559 0.00918023
0 0.00286333 0.00649768 0.00850621
0 0.00268418 0.00600744 0.00778386
0 0.00249032 0.00548779 0.00702356
0 0.00228109 0.00494298 0.00623722
0 0.00205729 0.00437814 0.00543732
0 0.00181904 0.00379724 0.00463418
0 0.0015643 0.0032014 0.00383377
0 0.00128897 0.00258857 0.0030369
0 0.00098816 0.00195407 0.00223947
0 0.000658324 0.00129225 0.00143439
0 0.000299241 0.000598705 0.000614357
0 -8.55776e-05 -0.000128464 -0.00022669
0 -0.000489852 -0.00088865 -0.00109383
0 -0.000905656 -0.00167885 -0.00199144
0 -0.0013235 -0.00249273 -0.00292227
0 -0.00173233 -0.0033196 -0.00388549
0 -0.00212069 -0.00414508 -0.00487566
0 -0.00247827 -0.00495278 -0.00588286
0 -0.00279732 -0.00572645 -0.00689382
0 -0.00307489 -0.00645303 -0.00789423
0 -0.0033143 -0.0071254 -0.00887102
0 -0.00352372 -0.00774238 -0.00981252
0 -0.0037126 -0.00830654 -0.010707
0 -0.00388854 -0.00882152 -0.0115414
0 -0.00405596 -0.00929047 -0.0123019
0 -0.00421633 -0.00971523 -0.0129754
0 -0.00436875 -0.0100958 -0.0135505
0 -0.0045106 -0.0104299 -0.0140187
0 -0.00463822 -0.0107131 -0.014375
0 -0.00474733 -0.010939 -0.0146173
0 -0.00483301 -0.0110998 -0.0147461
0 -0.00488941 -0.0111866 -0.014763
0 -0.00490996 -0.0111898 -0.0146697
0 -0.00488899 -0.0111015 -0.014469
0 -0.00482417 -0.0109184 -0.0141656
0 -0.00471717 -0.0106427 -0.0137675
0 -0.00457206 -0.0102816 -0.0132835
0 -0.00439263 -0.00984387 -0.0127214
0 -0.00418099 -0.00933847 -0.0120869
0 -0.00393765 -0.00877316 -0.0113832
0 -0.0036624 -0.00815418 -0.0106127
0 -0.00335584 -0.00748666 -0.0097777
0 -0.00302041 -0.0067752 -0.0088817
0 -0.00266094 -0.00602469 -0.00793022
0 -0.00228511 -0.00524165 -0.00693153
0 -0.0019031 -0.00443526 -0.00589697
0 -0.00152571 -0.00361681 -0.00483982
0 -0.0011618 -0.00279809 -0.0037734
0 -0.000816858 -0.00198981 -0.00270992
0 -0.000493423 -0.001201 -0.00166015
0 -0.00019231 -0.000439385 -0.000633526
0 8.7224e-05 0.000288429 0.000361948
0 0.000348386 0.000978306 0.00132003
0 0.000597166 0.00162986 0.00223592
0 0.000841094 0.002246 0.00310577
0 0.00108731 0.00283171 0.00392683
0 0.00134117 0.00339314 0.00469789
0 0.00160565 0.003937 0.00541956
0 0.00188108 0.00446952 0.0060941
0 0.00216519 0.00499518 0.00672507
0 0.00245326 0.00551571 0.00731684
0 0.00273852 0.00602924 0.00787388
0 0.00301319 0.00653062 0.00840044
0 0.00327051 0.00701321 0.00890129
0 0.00350635 0.00747095 0.00938213
0 0.00371904 0.00789916 0.00984873
0 0.00390798 0.00829421 0.010305
0 0.00407223 0.00865292 0.0107517
0 0.00421007 0.00897226 0.0111853
0 0.00431946 0.00924957 0.0115991
0 0.00439906 0.00948291 0.0119842
0 0.00444889 0.00967122 0.0123307
0 0.00447049 0.00981408 0.0126285
0 0.00446668 0.00991136 0.0128679
0 0.00444105 0.00996299 0.01304
0 0.00439735 0.00996862 0.0131375
0 0.00433876 0.00992739 0.0131541
0 0.00426744 0.0098378 0.0130851
0 0.00418471 0.00969834 0.0129275
0 0.00409153 0.00950822 0.0126813
0 0.00398875 0.00926798 0.0123492
0 0.00387697 0.00897961 0.0119366
0 0.00375657 0.00864664 0.0114511
0 0.00362766 0.00827402 0.0109027
0 0.00348987 0.0078676 0.0103022
0 0.00334227 0.0074335 0.00966114
0 0.00318357 0.00697763 0.00899124
0 0.00301218 0.00650502 0.00830338
0 0.00282585 0.00601886 0.00760668
0 0.00262191 0.00552014 0.00690785
0 0.00239863 0.00500884 0.00621189
0 0.00215662 0.0044854 0.00552302
0 0.00189877 0.00395131 0.00484469
0 0.00162909 0.00340868 0.00417872
0 0.00135173 0.0028598 0.00352481
0 0.00107041 0.00230704 0.00288074
0 0.0007884 0.00175267 0.00224288
0 0.000508189 0.00119842 0.00160657
0 0.000231169 0.000644892 0.000966236
0 -4.24467e-05 9.14822e-05 0.000315785
0 -0.000312829 -0.000462932 -0.000350445
0 -0.000579504 -0.00101904 -0.00103653
0 -0.000841401 -0.00157705 -0.00174472
0 -0.00109798 -0.00213746 -0.00247615
0 -0.0013498 -0.00270136 -0.00323071
0 -0.00159782 -0.00326973 -0.00400599
0 -0.00184289 -0.00384273 -0.00479726
0 -0.00208644 -0.00442036 -0.00559902
0 -0.0023312 -0.00500342 -0.00640655
0 -0.00258069 -0.00559327 -0.00721622
0 -0.00283757 -0.0061905 -0.00802449
0 -0.00310199 -0.00679339 -0.00882665
0 -0.00337114 -0.00739733 -0.00961648
0 -0.00364037 -0.00799562 -0.0103871
0 -0.00390493 -0.00858104 -0.0111324
0 -0.0041608 -0.00914659 -0.0118473
0 -0.00440399 -0.00968517 -0.012527
0 -0.00462961 -0.0101886 -0.0131654
0 -0.00483192 -0.0106481 -0.0137549
0 -0.00500573 -0.011055 -0.0142874
0 -0.00514757 -0.0114023 -0.0147553
0 -0.00525562 -0.0116847 -0.0151514
0 -0.0053285 -0.0118974 -0.015468
0 -0.00536507 -0.0120359 -0.0156969
0 -0.00536542 -0.0120973 -0.0158308
0 -0.00533159 -0.0120809 -0.0158647
0 -0.00526663 -0.0119881 -0.0157951
0 -0.00517303 -0.0118204 -0.0156199
0 -0.00505172 -0.0115788 -0.0153367
0 -0.00490242 -0.0112636 -0.0149442
0 -0.00472434 -0.010875 -0.0144421
0 -0.00451657 -0.010413 -0.0138315
0 -0.00427791 -0.00987715 -0.0131146
0 -0.00400675 -0.00926657 -0.012294
0 -0.00370149 -0.0085802 -0.0113726
0 -0.00336104 -0.00781758 -0.010354
0 -0.00298529 -0.00697938 -0.00924261
0 -0.00257545 -0.00606805 -0.00804376
0 -0.00213424 -0.0050882 -0.00676399
0 -0.00166511 -0.00404592 -0.00541048
0 -0.001171 -0.00294753 -0.00399002
0 -0.00065419 -0.00179875 -0.00250884
0 -0.000117692 -0.000605289 -0.000973218
0 0.00043357 0.000625593 0.000610318
0 0.000993396 0.00188455 0.00223417
0 0.00155591 0.00316065 0.00388823
0 0.00211623 0.00444207 0.00555986
0 0.00266975 0.0057166 0.00723478
0 0.00321131 0.00697176 0.00889711
0 0.00373486 0.00819446 0.0105291
0 0.00423367 0.00937112 0.0121113
0 0.00470117 0.0104882 0.013624
0 0.00513175 0.0115326 0.0150478
0 0.00552093 0.0124922 0.0163641
0 0.00586514 0.0133552 0.0175554
0 0.00616109 0.0141104 0.0186047
0 0.00640546 0.014747 0.019496
0 0.00659493 0.0152547 0.020214
0 0.00672672 0.0156248 0.0207457
0 0.00679885 0.0158503 0.0210804
0 0.00681014 0.0159259 0.02121
0 0.00676001 0.0158484 0.0211295
0 0.00664848 0.0156165 0.0208364
0 0.00647641 0.0152314 0.0203317
0 0.00624572 0.0146969 0.0196202
0 0.00595966 0.0140198 0.0187103
0 0.0056227 0.0132101 0.0176148
0 0.00524012 0.01228 0.0163497
0 0.00481713 0.0112434 0.0149336
0 0.00435847 0.0101145 0.0133868
0 0.00386856 0.00890816 0.0117311
0 0.00335193 0.00763958 0.00998961
0 0.00281342 0.00632405 0.00818614
0 0.00225817 0.00497697 0.00634484
0 0.00169169 0.00361352 0.00448944
0 0.00112001 0.00224833 0.00264177
0 0.000549755 0.000894799 0.000820092
0 -1.26417e-05 -0.000435411 -0.000959781
0 -0.000562294 -0.00173164 -0.0026821
0 -0.0010959 -0.00298266 -0.00433126
0 -0.00161066 -0.00417672 -0.00589343
0 -0.00210391 -0.00530309 -0.00735722
0 -0.00257292 -0.00635315 -0.00871346
0 -0.00301452 -0.00732027 -0.00995476
0 -0.00342491 -0.0081995 -0.0110752
0 -0.00379989 -0.00898701 -0.0120702
0 -0.0041351 -0.00967957 -0.0129362
0 -0.00442614 -0.010274 -0.0136702
0 -0.00466892 -0.0107673 -0.0142702
0 -0.00486032 -0.0111564 -0.0147349
0 -0.00499844 -0.0114391 -0.0150643
0 -0.00508253 -0.0116134 -0.0152588
0 -0.00511285 -0.0116781 -0.0153194
0 -0.00509126 -0.0116338 -0.0152482
0 -0.00502145 -0.0114837 -0.015049
0 -0.00490839 -0.0112335 -0.0147267
0 -0.00475686 -0.0108901 -0.0142872
0 -0.0045704 -0.0104604 -0.0137355
0 -0.00435126 -0.00995127 -0.0130768
0 -0.00410127 -0.00936921 -0.0123168
0 -0.00382238 -0.00872087 -0.0114622
0 -0.00351679 -0.0080127 -0.010521
0 -0.0031868 -0.00725074 -0.0095021
0 -0.0028348 -0.00644072 -0.00841513
0 -0.00246374 -0.00558867 -0.00727069
0 -0.00207763 -0.00470179 -0.00608084
0 -0.00168154 -0.00378875 -0.00485897
0 -0.00128079 -0.00285899 -0.00361885
0 -0.000880299 -0.00192197 -0.00237321
0 -0.000484504 -0.000986929 -0.00113294
0 -9.72652e-05 -6.2946e-05 9.19018e-05
0 0.000278058 0.00084093 0.00129031
0 0.000638475 0.001715 0.00244936
0 0.000981183 0.00254837 0.00355475
0 0.0013034 0.0033296 0.00459215
0 0.0016024 0.00404809 0.00554826
0 0.00187568 0.00469516 0.00641141
0 0.00212122 0.00526487 0.00717202
0 0.00233779 0.00575414 0.00782298
0 0.00252485 0.00616226 0.00835982
0 0.00268247 0.0064904 0.0087808
0 0.00281162 0.00674139 0.00908728
0 0.00291422 0.00691964 0.0092838
0 0.00299289 0.00703086 0.00937792
0 0.00305057 0.00708176 0.00937966
0 0.00308986 0.00707948 0.00930069
0 0.0031123 0.00703074 0.00915316
0 0.00311817 0.0069414 0.00894898
0 0.00310736 0.00681695 0.0087
0 0.00308061 0.00666339 0.00841851
0 0.00303985 0.00648753 0.00811721
0 0.00298757 0.00629639 0.00780818
0 0.00292587 0.00609634 0.00750178
0 0.00285616 0.00589271 0.00720605
0 0.00277933 0.0056898 0.00692688
0 0.00269604 0.00549091 0.0066681
0 0.00260666 0.00529799 0.00643136
0 0.00251098 0.00511124 0.00621593
0 0.00240827 0.00492896 0.0060187
0 0.00229752 0.00474785 0.00583456
0 0.0021775 0.00456315 0.00565648
0 0.00204639 0.00436852 0.00547542
0 0.00190157 0.00415598 0.00528016
0 0.00173956 0.00391603 0.00505747
0 0.00155637 0.00363818 0.00479261
0 0.00134882 0.00331248 0.00447094
0 0.00111574 0.00293114 0.00407966
0 0.000857757 0.00248885 0.00360833
0 0.00057613 0.00198181 0.00304835
0 0.000271803 0.0014071 0.00239269
0 -5.47267e-05 0.00076254 0.00163602
0 -0.000403272 4.68997e-05 0.000774769
0 -0.000773174 -0.000739422 -0.000192455
0 -0.00116173 -0.00159284 -0.00126379
0 -0.00156341 -0.00250522 -0.00243307
0 -0.00197093 -0.00346396 -0.00368999
0 -0.00237698 -0.00445323 -0.00502034
0 -0.00277505 -0.00545588 -0.00640491
0 -0.0031591 -0.00645476 -0.00781926
0 -0.00352351 -0.00743309 -0.00923562
0 -0.00386361 -0.00837473 -0.0106248
0 -0.00417546 -0.00926413 -0.0119572
0 -0.00445503 -0.0100855 -0.0132024
0 -0.00469777 -0.0108225 -0.0143308
0 -0.00489898 -0.0114589 -0.0153139
0 -0.00505425 -0.0119789 -0.016126
0 -0.00515936 -0.0123678 -0.0167447
0 -0.00520965 -0.0126117 -0.0171507
0 -0.00519975 -0.0126972 -0.0173273
0 -0.00512408 -0.0126123 -0.0172613
0 -0.0049784 -0.0123481 -0.0169441
0 -0.00476128 -0.0119004 -0.0163729
0 -0.00447483 -0.011271 -0.0155516
0 -0.00412401 -0.0104674 -0.0144904
0 -0.00371555 -0.00950222 -0.0132044
0 -0.00325734 -0.0083925 -0.0117141
0 -0.00275811 -0.00715916 -0.010044
0 -0.00222647 -0.00582542 -0.00822264
0 -0.00166995 -0.00441502 -0.00628048
0 -0.0010951 -0.00295128 -0.00424998
0 -0.000508904 -0.00145681 -0.00216575
0 7.96859e-05 4.6558e-05 -6.29171e-05
0 0.000660376 0.00153712 0.00202487
0 0.00122443 0.002993 0.00406414
0 0.00176621 0.00439277 0.0060217
0 0.00228225 0.00571703 0.00786765
0 0.00276999 0.00694945 0.00957649
0 0.00322652 0.00807638 0.0111264
0 0.00364778 0.00908623 0.0124988
0 0.00402846 0.00996916 0.013679
0 0.00436218 0.0107164 0.0146556
0 0.00464231 0.0113205 0.0154207
0 0.00486383 0.0117762 0.0159717
0 0.00502432 0.0120814 0.0163109
0 0.00512338 0.0122371 0.0164448
0 0.00516132 0.012246 0.0163825
0 0.00513857 0.0121124 0.0161342
0 0.00505577 0.011842 0.0157114
0 0.00491419 0.0114422 0.0151263
0 0.00471587 0.0109214 0.0143919
0 0.00446356 0.0102891 0.0135214
0 0.00416062 0.00955498 0.0125281
0 0.00381119 0.00872915 0.0114251
0 0.00342043 0.00782245 0.010226
0 0.00299451 0.00684652 0.00894465
0 0.00254012 0.00581346 0.007595
0 0.00206384 0.00473543 0.00619065
0 0.00157191 0.00362425 0.00474482
0 0.00107029 0.00249127 0.0032705
0 0.000565017 0.0013471 0.00178039
0 6.24995e-05 0.000201898 0.000286258
0 -0.000430785 -0.000933927 -0.00120093
0 -0.000909327 -0.0020499 -0.00266972
0 -0.00136967 -0.0031359 -0.00410784
0 -0.00181022 -0.00418238 -0.00550302
0 -0.00222984 -0.00518052 -0.00684302
0 -0.00262653 -0.00612194 -0.00811492
0 -0.00299667 -0.00699802 -0.00930463
0 -0.00333501 -0.00779947 -0.0103969
0 -0.00363536 -0.00851635 -0.0113762
0 -0.00389174 -0.00913854 -0.0122275
0 -0.00409919 -0.00965618 -0.0129373
0 -0.00425399 -0.0100599 -0.0134939
0 -0.00435366 -0.0103414 -0.0138873
0 -0.00439727 -0.0104942 -0.0141101
0 -0.00438534 -0.0105145 -0.0141573
0 -0.00431922 -0.0104009 -0.0140265
0 -0.00420024 -0.010154 -0.0137172
0 -0.00402934 -0.00977564 -0.0132302
0 -0.0038074 -0.00926934 -0.0125686
0 -0.00353591 -0.00864023 -0.0117381
0 -0.00321737 -0.00789535 -0.0107471
0 -0.00285539 -0.0070436 -0.00960719
0 -0.00245481 -0.00609587 -0.00833276
0 -0.00202146 -0.0050649 -0.00694099
0 -0.00156145 -0.00396464 -0.00545095
0 -0.00108025 -0.00280888 -0.00388242
0 -0.000582387 -0.00161007 -0.00225467
0 -7.22955e-05 -0.000379526 -0.000585347
0 0.000444874 0.000871001 0.00110895
0 0.000963257 0.00212813 0.00280949
0 0.00147666 0.00337615 0.00449441
0 0.00197876 0.0045978 0.00614083
0 0.00246338 0.00577591 0.00772665
0 0.00292452 0.0068941 0.00923088
0 0.00335604 0.00793682 0.0106334
0 0.00375149 0.00888935 0.011915
0 0.00410464 0.00973823 0.0130579
0 0.00440999 0.0104718 0.0140463
0 0.00466288 0.0110801 0.0148666
0 0.00485902 0.0115545 0.0155069
0 0.0049942 0.0118873 0.0159569
0 0.0050645 0.0120717 0.0162079
0 0.00506681 0.0121019 0.0162533
0 0.00499929 0.0119739 0.016089
0 0.00486141 0.0116857 0.0157134
0 0.00465357 0.0112369 0.0151272
0 0.00437672 0.0106287 0.0143326
0 0.00403232 0.00986407 0.0133338
0 0.00362257 0.00894766 0.0121366
0 0.00315064 0.00788628 0.0107492
0 0.00262093 0.00668897 0.00918226
0 0.00203913 0.00536713 0.00744913
0 0.00141222 0.0039345 0.00556603
0 0.000748175 0.00240647 0.00355218
0 5.58936e-05 0.000799119 0.00142916
0 -0.000654508 -0.000869971 -0.000781319
0 -0.00137232 -0.00257958 -0.00305704
0 -0.00208771 -0.00430551 -0.00537166
0 -0.00279183 -0.00602285 -0.00769453
0 -0.00347594 -0.00770687 -0.00999271
0 -0.00413083 -0.00933308 -0.0122315
0 -0.00474659 -0.010877 -0.0143747
0 -0.00531278 -0.0123141 -0.0163848
0 -0.00581925 -0.0136205 -0.0182251
0 -0.00625715 -0.0147734 -0.0198605
0 -0.00661953 -0.0157525 -0.0212596
0 -0.00690146 -0.0165398 -0.0223949
0 -0.00710013 -0.0171211 -0.0232443
0 -0.007215 -0.0174866 -0.0237914
0 -0.00724739 -0.0176316 -0.0240264
0 -0.00720009 -0.0175563 -0.023946
0 -0.00707715 -0.0172658 -0.0235539
0 -0.00688386 -0.0167699 -0.0228608
0 -0.00662622 -0.0160826 -0.0218842
0 -0.00631022 -0.015221 -0.0206471
0 -0.00594123 -0.014204 -0.019177
0 -0.00552355 -0.0130515 -0.0175049
0 -0.00506066 -0.0117835 -0.0156639
0 -0.00455587 -0.01042 -0.0136888
0 -0.00401318 -0.00898126 -0.0116159
0 -0.00343804 -0.00748788 -0.00948167
0 -0.00283722 -0.00596071 -0.00732245
0 -0.00221802 -0.00442001 -0.00517153
0 -0.00158783 -0.00288404 -0.00305617
0 -0.000953341 -0.00136677 -0.000996878
0 -0.000318772 0.000122789 0.000989887
0 0.00031468 0.00157783 0.00289051
0 0.000946677 0.00299115 0.00469553
0 0.00157589 0.0043552 0.00639983
0 0.0021993 0.00566301 0.0080014
0 0.00281194 0.00690857 0.0095003
0 0.00340709 0.00808687 0.0108983
0 0.00397732 0.00919434 0.0121988
0 0.00451583 0.0102291 0.0134069
0 0.0050172 0.0111908 0.0145287
0 0.00547714 0.0120793 0.0155701
0 0.00589205 0.0128945 0.0165354
0 0.00625885 0.013635 0.0174268
0 0.00657515 0.0142988 0.0182439
0 0.00683954 0.0148829 0.0189837
0 0.00705186 0.0153843 0.0196416
0 0.00721322 0.0157994 0.0202112
0 0.00732556 0.0161249 0.0206846
0 0.00739104 0.0163574 0.0210529
0 0.00741155 0.0164937 0.0213061
0 0.00738867 0.0165309 0.0214342
0 0.00732376 0.016467 0.0214277
0 0.00721809 0.0163007 0.0212789
0 0.00707284 0.0160316 0.0209818
0 0.00688924 0.0156603 0.0205335
0 0.00666854 0.0151881 0.0199336
0 0.00641205 0.0146173 0.019185
0 0.00612108 0.0139509 0.0182936
0 0.00579685 0.0131931 0.0172678
0 0.00544025 0.0123486 0.0161183
0 0.00505145 0.0114224 0.0148566
0 0.00462979 0.0104195 0.0134948
0 0.0041742 0.00934494 0.012045
0 0.00368394 0.00820378 0.0105188
0 0.00315905 0.00700164 0.00892796
0 0.00260042 0.00574433 0.00728303
0 0.00200981 0.00443772 0.00559355
0 0.00138979 0.00308747 0.00386761
0 0.000743834 0.00169867 0.00211122
0 7.61765e-05 0.000275681 0.000327688
0 -0.000608565 -0.0011773 -0.0014815
0 -0.00130535 -0.00265504 -0.00331468
0 -0.00200888 -0.00415018 -0.00516883
0 -0.00271394 -0.00565385 -0.0070397
0 -0.00341536 -0.00715704 -0.00892187
0 -0.00410811 -0.00865119 -0.0108088
0 -0.00478758 -0.0101284 -0.0126928
0 -0.00544957 -0.0115813 -0.014565
0 -0.00609014 -0.0130023 -0.0164148
0 -0.0067055 -0.0143837 -0.0182303
0 -0.00729193 -0.0157173 -0.0199982
0 -0.00784537 -0.0169937 -0.0217033
0 -0.00836115 -0.0182024 -0.0233292
0 -0.00883409 -0.0193312 -0.0248578
0 -0.00925906 -0.0203674 -0.0262705
0 -0.00963134 -0.0212977 -0.0275488
0 -0.00994654 -0.0221085 -0.0286743
0 -0.0102003 -0.0227863 -0.0296286
0 -0.0103881 -0.0233173 -0.0303937
0 -0.0105054 -0.0236889 -0.030952
0 -0.0105482 -0.0238895 -0.0312877
0 -0.0105127 -0.0239094 -0.0313867
0 -0.0103964 -0.0237407 -0.0312376
0 -0.0101973 -0.0233781 -0.0308315
0 -0.00991488 -0.0228187 -0.030163
0 -0.00954949 -0.0220624 -0.0292298
0 -0.00910252 -0.0211115 -0.0280331
0 -0.00857619 -0.0199704 -0.0265775
0 -0.00797353 -0.0186459 -0.0248708
0 -0.00729829 -0.0171463 -0.022924
0 -0.00655476 -0.0154817 -0.0207509
0 -0.00574798 -0.013664 -0.0183683
0 -0.00488422 -0.0117074 -0.0157961
0 -0.00397119 -0.00962872 -0.013057
0 -0.00301756 -0.00744683 -0.0101766
0 -0.00203203 -0.00518199 -0.00718196
0 -0.00102251 -0.00285462 -0.00410093
0 3.76328e-06 -0.000483078 -0.000961162
0 0.00103844 0.00191598 0.00221256
0 0.00207227 0.00432345 0.00539651
0 0.00309694 0.00671673 0.00856311
0 0.00410456 0.0090719 0.0116823
0 0.00508668 0.0113654 0.0147242
0 0.00603476 0.013575 0.0176598
0 0.00694046 0.0156804 0.0204612
0 0.00779552 0.0176628 0.0231018
0 0.00859187 0.0195054 0.0255568
0 0.00932186 0.0211925 0.0278036
0 0.00997894 0.0227104 0.0298219
0 0.010558 0.0240479 0.0315952
0 0.0110545 0.0251958 0.0331122
0 0.0114646 0.0261458 0.0343644
0 0.0117841 0.0268899 0.0353447
0 0.0120088 0.0274209 0.0360467
0 0.012135 0.0277329 0.0364648
0 0.0121607 0.0278218 0.0365951
0 0.0120855 0.0276854 0.036436
0 0.0119105 0.0273243 0.0359874
0 0.0116379 0.0267412 0.0352517
0 0.0112707 0.0259408 0.0342331
0 0.0108127 0.0249302 0.0329381
0 0.0102685 0.0237186 0.0313757
0 0.00964363 0.0223169 0.0295578
0 0.00894417 0.020738 0.0274988
0 0.008177 0.0189965 0.025216
0 0.00734979 0.0171086 0.02273
0 0.00647118 0.0150923 0.020064
0 0.00555081 0.0129677 0.0172448
0 0.0045993 0.0107571 0.014302
0 0.00362795 0.00848477 0.0112678
0 0.00264826 0.0061762 0.00817662
0 0.00167154 0.00385755 0.00506429
0 0.000709033 0.00155417 0.00196598
0 -0.000228053 -0.00070988 -0.00108593
0 -0.00113035 -0.00291075 -0.00405909
0 -0.0019915 -0.00502364 -0.00691903
0 -0.00280665 -0.00702389 -0.00963212
0 -0.0035712 -0.00888937 -0.0121675
0 -0.0042805 -0.0106015 -0.0144968
0 -0.0049295 -0.0121449 -0.0165948
0 -0.00551311 -0.0135079 -0.0184401
0 -0.00602695 -0.0146821 -0.0200162
0 -0.00646763 -0.0156621 -0.0213121
0 -0.00683286 -0.0164457 -0.0223223
0 -0.0071215 -0.0170327 -0.0230469
0 -0.0073339 -0.0174261 -0.0234918
0 -0.0074721 -0.017632 -0.0236683
0 -0.00753961 -0.0176594 -0.0235928
0 -0.00754094 -0.01752 -0.0232858
0 -0.00748112 -0.0172279 -0.0227709
0 -0.00736552 -0.016799 -0.0220739
0 -0.00719968 -0.0162506 -0.0212222
0 -0.00698936 -0.0156012 -0.0202438
0 -0.00674055 -0.0148699 -0.0191671
0 -0.00645946 -0.0140763 -0.0180201
0 -0.00615227 -0.0132394 -0.0168294
0 -0.00582433 -0.0123767 -0.0156192
0 -0.00547983 -0.0115031 -0.0144106
0 -0.0051221 -0.0106307 -0.013221
0 -0.00475427 -0.00976893 -0.0120646
0 -0.00437964 -0.00892526 -0.0109524
0 -0.00400169 -0.00810489 -0.00989239
0 -0.00362379 -0.00731119 -0.0088892
0 -0.00324911 -0.00654607 -0.00794431
0 -0.00288051 -0.00581035 -0.00705644
0 -0.00252065 -0.00510439 -0.00622221
0 -0.00217239 -0.00442864 -0.00543706
0 -0.00183903 -0.00378423 -0.00469635
0 -0.001524 -0.00317271 -0.00399577
0 -0.00123021 -0.00259562 -0.00333151
0 -0.000959863 -0.00205421 -0.00270044
0 -0.000714168 -0.00154934 -0.00210032
0 -0.000493125 -0.0010812 -0.00152955
0 -0.000295262 -0.000648943 -0.000986744
0 -0.000117929 -0.000250758 -0.000470746
0 4.19743e-05 0.000115762 1.9143e-05
0 0.000187437 0.00045335 0.000483031
0 0.000321172 0.000765074 0.000920586
0 0.000445681 0.0010544 0.00133142
0 0.000563344 0.00132514 0.00171541
0 0.000676445 0.0015812 0.00207298
0 0.00078727 0.00182648 0.00240536
0 0.000898298 0.00206491 0.00271498
0 0.00101222 0.00230041 0.00300582
0 0.00113159 0.00253669 0.00328316
0 0.00125819 0.00277693 0.00355306
0 0.00139271 0.00302356 0.00382178
0 0.00153441 0.00327803 0.0040951
0 0.00168106 0.00354049 0.00437773
0 0.00182908 0.00380965 0.00467296
0 0.00197442 0.00408325 0.00498282
0 0.00211353 0.00435884 0.00530852
0 0.00224401 0.00463414 0.00565044
0 0.00236415 0.00490663 0.00600739
0 0.00247228 0.00517302 0.00637592
0 0.00256697 0.00542949 0.00675053
0 0.00264768 0.00567251 0.0071246
0 0.00271508 0.00589931 0.00749099
0 0.00277069 0.0061076 0.00784216
0 0.00281622 0.00629523 0.00817023
0 0.00285324 0.00646015 0.00846733
0 0.00288292 0.00660043 0.00872594
0 0.00290586 0.00671421 0.00893918
0 0.00292214 0.0067997 0.00910122
0 0.0029317 0.00685549 0.00920786
0 0.00293479 0.00688097 0.00925713
0 0.00293218 0.00687656 0.00924955
0 0.00292499 0.0068437 0.00918795
0 0.00291409 0.0067844 0.00907688
0 0.00289962 0.00670088 0.00892187
0 0.00288092 0.00659535 0.00872907
0 0.00285691 0.0064702 0.00850516
0 0.00282655 0.00632817 0.00825735
0 0.00278897 0.00617227 0.00799299
0 0.0027435 0.00600541 0.00771914
0 0.00268956 0.00583022 0.00744208
0 0.00262675 0.00564887 0.007167
0 0.00255489 0.00546297 0.00689776
0 0.00247396 0.00527348 0.00663669
0 0.00238403 0.00508056 0.00638441
0 0.00228509 0.00488346 0.00613964
0 0.00217698 0.00468046 0.00589931
0 0.00205946 0.00446902 0.00565867
0 0.00193237 0.0042461 0.0054118
0 0.00179565 0.00400839 0.00515187
0 0.00164901 0.00375218 0.00487131
0 0.00149169 0.00347317 0.00456185
0 0.00132242 0.00316643 0.00421497
0 0.00113967 0.00282676 0.00382235
0 0.000941983 0.00244916 0.00337648
0 0.000728024 0.00202905 0.00287078
0 0.00049655 0.00156218 0.00229949
0 0.000246317 0.00104481 0.00165762
0 -2.377e-05 0.000474045 0.000941051
0 -0.000314365 -0.000151793 0.0001467
0 -0.000625462 -0.00083287 -0.000727226
0 -0.000956244 -0.0015678 -0.00168073
0 -0.00130508 -0.00235371 -0.00271127
0 -0.00166984 -0.00318629 -0.00381286
0 -0.00204796 -0.00405958 -0.00497608
0 -0.00243617 -0.00496576 -0.00618888
0 -0.00283027 -0.00589529 -0.00743728
0 -0.00322539 -0.00683708 -0.00870571
0 -0.00361641 -0.00777894 -0.00997753
0 -0.00399817 -0.00870784 -0.0112353
0 -0.0043653 -0.00960995 -0.012461
0 -0.00471181 -0.0104705 -0.0136354
0 -0.00503099 -0.0112741 -0.0147385
0 -0.00531573 -0.0120045 -0.0157496
0 -0.00555901 -0.0126462 -0.0166482
0 -0.00575409 -0.0131837 -0.0174141
0 -0.00589469 -0.0136024 -0.0180274
0 -0.00597519 -0.0138887 -0.0184694
0 -0.00599094 -0.0140304 -0.0187227
0 -0.00593846 -0.0140171 -0.0187721
0 -0.00581551 -0.0138403 -0.0186047
0 -0.00562101 -0.0134939 -0.0182105
0 -0.00535499 -0.0129742 -0.0175823
0 -0.00501859 -0.0122803 -0.0167168
0 -0.0046141 -0.0114144 -0.0156145
0 -0.00414497 -0.0103817 -0.0142801
0 -0.00361564 -0.00919084 -0.0127227
0 -0.00303132 -0.00785296 -0.0109555
0 -0.00239788 -0.0063818 -0.00899578
0 -0.0017219 -0.00479336 -0.00686493
0 -0.0010104 -0.00310493 -0.00458819
0 -0.000270717 -0.00133392 -0.00219367
0 0.000488972 0.000501691 0.000290996
0 0.00125977 0.00238194 0.00284002
0 0.00203366 0.00428453 0.00542516
0 0.00280369 0.00618499 0.00801376
0 0.00356205 0.00805772 0.0105709
0 0.00429945 0.00987684 0.0130606
0 0.00500565 0.0116169 0.0154467
0 0.00567044 0.0132539 0.0176943
0 0.00628451 0.0147657 0.0197704
0 0.00683983 0.0161325 0.0216457
0 0.00732957 0.0173368 0.023294
0 0.00774775 0.0183628 0.0246928
0 0.00808902 0.0191972 0.0258234
0 0.00834873 0.0198284 0.0266709
0 0.0085232 0.0202482 0.0272246
0 0.00861014 0.0204513 0.0274786
0 0.00860882 0.0204361 0.0274318
0 0.00851977 0.0202041 0.0270878
0 0.00834409 0.0197592 0.0264535
0 0.00808323 0.0191074 0.0255392
0 0.00773921 0.0182567 0.024358
0 0.00731479 0.0172171 0.0229257
0 0.00681349 0.0160006 0.0212605
0 0.00623972 0.0146207 0.0193824
0 0.00559908 0.013093 0.0173134
0 0.00489849 0.0114346 0.0150773
0 0.00414613 0.00966425 0.0126993
0 0.00335106 0.0078019 0.0102059
0 0.00252281 0.00586805 0.00762398
0 0.00167096 0.00388268 0.00498042
0 0.00080525 0.00186441 0.00229954
0 -6.44639e-05 -0.000169425 -0.000397455
0 -0.000929888 -0.00220173 -0.00308878
0 -0.00178549 -0.00421391 -0.00575019
0 -0.00262674 -0.00618607 -0.00835723
0 -0.0034486 -0.00809917 -0.0108863
0 -0.00424526 -0.00993599 -0.0133145
0 -0.00501003 -0.0116811 -0.0156201
0 -0.00573553 -0.013321 -0.0177828
0 -0.00641415 -0.0148431 -0.0197836
0 -0.00703845 -0.0162362 -0.0216057
0 -0.00760165 -0.0174896 -0.0232343
0 -0.00809765 -0.0185928 -0.0246567
0 -0.00852101 -0.0195359 -0.0258621
0 -0.00886695 -0.0203095 -0.0268414
0 -0.00913174 -0.0209055 -0.0275874
0 -0.0093132 -0.0213176 -0.0280953
0 -0.00941084 -0.021542 -0.0283626
0 -0.00942551 -0.0215772 -0.0283887
0 -0.00935865 -0.0214241 -0.028175
0 -0.0092118 -0.0210852 -0.0277236
0 -0.00898632 -0.0205645 -0.027038
0 -0.00868326 -0.0198669 -0.0261224
0 -0.00830359 -0.0189982 -0.0249823
0 -0.00784874 -0.0179646 -0.0236246
0 -0.00732096 -0.0167732 -0.022058
0 -0.00672362 -0.0154319 -0.0202932
0 -0.00606119 -0.0139495 -0.0183428
0 -0.00533927 -0.0123359 -0.0162213
0 -0.00456439 -0.0106028 -0.0139448
0 -0.00374367 -0.0087628 -0.0115313
0 -0.00288455 -0.00683026 -0.00899952
0 -0.00199473 -0.0048207 -0.0063699
0 -0.00108213 -0.00274995 -0.00366367
0 -0.000154975 -0.000633359 -0.000900318
0 0.000778851 0.00151405 0.00190377
0 0.00171378 0.0036768 0.00473125
0 0.00264666 0.00583797 0.00756176
0 0.00357385 0.00797964 0.0103733
0 0.00448925 0.0100837 0.0131423
0 0.00538435 0.0121315 0.0158435
0 0.00624912 0.0141048 0.0184506
0 0.00707319 0.0159856 0.0209375
0 0.00784716 0.017757 0.0232797
0 0.00856322 0.0194035 0.0254547
0 0.00921515 0.0209106 0.0274422
0 0.00979774 0.0222646 0.0292239
0 0.0103062 0.0234518 0.0307832
0 0.0107358 0.0244597 0.0321047
0 0.0110822 0.0252766 0.0331751
0 0.0113418 0.025893 0.0339831
0 0.0115125 0.0263024 0.0345206
0 0.011593 0.026501 0.0347823
0 0.0115831 0.0264875 0.0347656
0 0.011483 0.0262624 0.0344703
0 0.0112929 0.0258278 0.0338984
0 0.0110131 0.0251871 0.0330535
0 0.0106439 0.0243443 0.0319408
0 0.0101865 0.0233048 0.030568
0 0.00964346 0.0220754 0.0289455
0 0.00901905 0.0206652 0.0270864
0 0.00831957 0.0190855 0.025007
0 0.00755257 0.01735 0.022726
0 0.00672611 0.0154741 0.0202638
0 0.00584817 0.013475 0.0176422
0 0.00492639 0.0113705 0.0148836
0 0.00396831 0.00917968 0.0120115
0 0.00298153 0.00692192 0.00905026
0 0.0019741 0.00461677 0.00602543
0 0.000954834 0.00228278 0.00296227
0 -6.68032e-05 -6.2656e-05 -0.000116515
0 -0.00108225 -0.00240245 -0.00318902
0 -0.00208495 -0.0047186 -0.00623038
0 -0.00306921 -0.00699137 -0.0092146
0 -0.00402912 -0.00920061 -0.0121167
0 -0.0049583 -0.0113276 -0.0149124
0 -0.00584955 -0.0133555 -0.017578
0 -0.00669489 -0.0152686 -0.0200907
0 -0.00748592 -0.0170522 -0.0224291
0 -0.00821424 -0.0186916 -0.0245731
0 -0.00887223 -0.0201731 -0.0265048
0 -0.00945398 -0.0214846 -0.0282092
0 -0.00995565 -0.0226161 -0.029675
0 -0.010375 -0.02356 -0.0308935
0 -0.0107106 -0.0243111 -0.0318579
0 -0.0109607 -0.0248655 -0.0325634
0 -0.0111233 -0.0252205 -0.0330067
0 -0.011197 -0.0253746 -0.0331868
0 -0.0111813 -0.0253278 -0.033105
0 -0.0110769 -0.0250817 -0.0327649
0 -0.0108855 -0.0246399 -0.0321724
0 -0.0106102 -0.0240084 -0.031336
0 -0.0102556 -0.0231956 -0.0302665
0 -0.0098267 -0.022212 -0.0289766
0 -0.00932882 -0.0210694 -0.0274805
0 -0.00876714 -0.0197808 -0.0257936
0 -0.00814702 -0.0183601 -0.0239327
0 -0.00747408 -0.0168217 -0.0219157
0 -0.00675407 -0.0151802 -0.0197615
0 -0.00599272 -0.0134499 -0.0174894
0 -0.00519607 -0.0116447 -0.0151193
0 -0.00437069 -0.00977928 -0.0126719
0 -0.00352385 -0.00786843 -0.0101683
0 -0.00266357 -0.00592803 -0.0076302
0 -0.00179823 -0.00397443 -0.00507972
0 -0.000936119 -0.00202326 -0.00253812
0 -8.5114e-05 -8.88293e-05 -2.35832e-05
0 0.000747936 0.00181542 0.00244874
0 0.00155826 0.00367659 0.00486363
0 0.00234314 0.00548142 0.00720532
0 0.00310048 0.00721648 0.00945889
0 0.00382752 0.00886945 0.0116101
0 0.00452041 0.0104295 0.0136448
0 0.00517427 0.0118873 0.0155492
0 0.00578361 0.0132348 0.0173105
0 0.006343 0.0144652 0.0189173
0 0.00684751 0.0155727 0.0203597
0 0.00729299 0.016552 0.0216299
0 0.00767623 0.0173982 0.0227219
0 0.00799506 0.018107 0.0236313
0 0.00824828 0.0186747 0.0243556
0 0.00843535 0.0190983 0.0248932
0 0.00855618 0.0193757 0.0252439
0 0.00861103 0.0195058 0.0254081
0 0.0086007 0.0194888 0.0253873
0 0.00852661 0.0193269 0.0251843
0 0.00839091 0.0190239 0.0248029
0 0.00819628 0.0185853 0.0242484
0 0.00794571 0.0180179 0.0235272
0 0.0076421 0.0173292 0.0226466
0 0.00728811 0.016527 0.0216145
0 0.00688646 0.0156193 0.0204399
0 0.00644028 0.0146142 0.019133
0 0.00595334 0.01352 0.0177053
0 0.00543009 0.0123456 0.0161695
0 0.0048755 0.0111002 0.0145393
0 0.00429499 0.00979403 0.0128293
0 0.00369408 0.00843767 0.0110547
0 0.00307817 0.00704255 0.0092308
0 0.00245239 0.00562039 0.00737289
0 0.00182153 0.0041828 0.00549638
0 0.00119005 0.00274084 0.00361652
0 0.000562218 0.00130459 0.00174754
0 -5.77425e-05 -0.000116434 -9.8576e-05
0 -0.000665872 -0.00151259 -0.00191254
0 -0.00125917 -0.00287459 -0.00368569
0 -0.00183581 -0.00419407 -0.00540786
0 -0.00239407 -0.00546292 -0.00706786
0 -0.00293092 -0.00667293 -0.0086544
0 -0.00344206 -0.00781636 -0.0101561
0 -0.00392248 -0.00888613 -0.0115619
0 -0.00436714 -0.00987564 -0.0128617
0 -0.0047713 -0.0107785 -0.0140464
0 -0.00513093 -0.0115882 -0.0151079
0 -0.00544288 -0.0122988 -0.0160394
0 -0.00570501 -0.0129044 -0.0168354
0 -0.00591607 -0.0134003 -0.0174912
0 -0.00607551 -0.0137828 -0.0180034
0 -0.00618323 -0.0140494 -0.0183692
0 -0.0062395 -0.0141992 -0.0185867
0 -0.00624494 -0.0142322 -0.018655
0 -0.00620062 -0.01415 -0.0185744
0 -0.00610813 -0.0139555 -0.0183464
0 -0.00596935 -0.0136525 -0.017974
0 -0.00578635 -0.0132454 -0.0174612
0 -0.00556124 -0.0127394 -0.0168135
0 -0.00529623 -0.0121401 -0.0160375
0 -0.00499351 -0.0114533 -0.0151409
0 -0.00465525 -0.0106851 -0.0141323
0 -0.00428373 -0.00984173 -0.0130212
0 -0.00388166 -0.00892972 -0.0118178
0 -0.0034522 -0.00795597 -0.0105332
0 -0.00299886 -0.0069279 -0.00917885
0 -0.0025256 -0.00585382 -0.00776688
0 -0.00203694 -0.00474321 -0.00631021
0 -0.00153761 -0.00360642 -0.00482228
0 -0.00103212 -0.0024536 -0.00331654
0 -0.000524546 -0.00129406 -0.00180564
0 -1.8857e-05 -0.000136282 -0.000300367
0 0.000480949 0.00101132 0.00119096
0 0.000971026 0.00214016 0.00266145
0 0.00144786 0.00324185 0.00410333
0 0.00190836 0.00430825 0.00550692
0 0.00234962 0.00533118 0.00686148
0 0.00276868 0.00630269 0.00815609
0 0.00316228 0.00721546 0.00937981
0 0.0035269 0.00806266 0.0105218
0 0.003859 0.00883789 0.0115714
0 0.00415545 0.00953517 0.0125189
0 0.00441373 0.0101491 0.0133557
0 0.00463201 0.0106748 0.0140742
0 0.00480899 0.0111079 0.0146683
0 0.00494387 0.0114449 0.0151328
0 0.00503641 0.011683 0.0154642
0 0.00508716 0.0118209 0.0156606
0 0.00509735 0.0118589 0.0157222
0 0.00506843 0.0117987 0.0156506
0 0.00500167 0.0116425 0.0154484
0 0.00489812 0.0113937 0.0151196
0 0.00475866 0.0110563 0.0146693
0 0.00458403 0.0106345 0.0141035
0 0.00437484 0.010133 0.0134289
0 0.00413173 0.00955609 0.0126527
0 0.00385577 0.00890863 0.011783
0 0.00354877 0.00819585 0.0108286
0 0.00321332 0.00742366 0.00979897
0 0.0028526 0.00659862 0.00870401
0 0.0024702 0.00572787 0.00755386
0 0.00206986 0.004819 0.00635865
0 0.00165536 0.00387977 0.00512841
0 0.00123039 0.00291775 0.00387296
0 0.000798605 0.00193993 0.00260149
0 0.000363795 0.000952885 0.00132214
0 -7.01326e-05 -3.65598e-05 4.16259e-05
0 -0.000499324 -0.00102078 -0.00123429
0 -0.000919942 -0.0019916 -0.00249933
0 -0.00132841 -0.00294079 -0.00374515
0 -0.00172173 -0.00386008 -0.00496144
0 -0.00209716 -0.0047412 -0.00613725
0 -0.00245194 -0.00557627 -0.00726152
0 -0.00278328 -0.00635823 -0.00832309
0 -0.00308842 -0.00708082 -0.00931102
0 -0.00336479 -0.00773844 -0.0102148
0 -0.00361011 -0.00832607 -0.0110249
0 -0.0038226 -0.00883914 -0.0117327
0 -0.00400095 -0.00927352 -0.0123309
0 -0.00414419 -0.0096255 -0.0128137
0 -0.00425165 -0.00989183 -0.0131765
0 -0.00432278 -0.0100698 -0.0134164
0 -0.00435694 -0.0101573 -0.0135313
0 -0.00435319 -0.0101525 -0.0135203
0 -0.00431059 -0.0100544 -0.0133835
0 -0.00422903 -0.00986329 -0.0131227
0 -0.00410971 -0.00958177 -0.0127421
0 -0.00395486 -0.00921418 -0.0122475
0 -0.0037668 -0.00876591 -0.0116459
0 -0.00354744 -0.00824275 -0.0109447
0 -0.0032983 -0.00765065 -0.0101515
0 -0.00302099 -0.00699586 -0.00927456
0 -0.00271759 -0.00628503 -0.00832311
0 -0.0023908 -0.00552515 -0.00730695
0 -0.00204375 -0.0047234 -0.00623642
0 -0.00167989 -0.00388699 -0.00512222
0 -0.00130288 -0.00302306 -0.00397528
0 -0.000916702 -0.00213872 -0.00280662
0 -0.000525709 -0.00124133 -0.00162669
0 -0.000134467 -0.000338694 -0.000444283
0 0.000252703 0.000560961 0.000733336
0 0.000632001 0.00144952 0.00189908
0 0.00100028 0.00231934 0.00304481
0 0.00135509 0.00316287 0.00416123
0 0.0016945 0.0039724 0.00523837
0 0.00201669 0.00474022 0.00626611
0 0.00231973 0.00545932 0.00723451
0 0.00260166 0.00612384 0.00813417
0 0.00286052 0.00672912 0.00895643
0 0.0030944 0.00727148 0.00969353
0 0.00330135 0.00774783 0.0103387
0 0.00347939 0.00815526 0.010886
0 0.00362637 0.00849064 0.0113306
0 0.00374015 0.00875064 0.0116684
0 0.00381894 0.00893202 0.0118966
0 0.0038616 0.00903205 0.0120137
0 0.00386771 0.0090488 0.0120195
0 0.00383754 0.00898146 0.0119153
0 0.00377201 0.00883057 0.0117034
0 0.00367247 0.00859803 0.0113872
0 0.00354059 0.00828708 0.0109709
0 0.00337834 0.00790233 0.0104597
0 0.00318807 0.00744958 0.00985961
0 0.00297265 0.00693591 0.00917803
0 0.00273571 0.00636961 0.00842381
0 0.00248131 0.00575976 0.00760703
0 0.00221295 0.00511501 0.00673817
0 0.00193296 0.00444266 0.00582723
0 0.00164278 0.00374868 0.00488391
0 0.00134391 0.00303822 0.00391799
0 0.00103843 0.00231615 0.00293914
0 0.000728964 0.00158726 0.00195614
0 0.000418175 0.000856559 0.000976309
0 0.000108629 0.000129297 6.07048e-06
0 -0.000196986 -0.000589064 -0.000947947
0 -0.00049584 -0.0012928 -0.00187817
0 -0.000785439 -0.00197581 -0.00277636
0 -0.00106403 -0.00263175 -0.00363432
0 -0.00133044 -0.00325451 -0.00444467
0 -0.0015836 -0.00383844 -0.00520111
0 -0.00182207 -0.00437837 -0.00589811
0 -0.00204374 -0.00486969 -0.00653065
0 -0.00224603 -0.00530857 -0.00709423
0 -0.0024262 -0.0056921 -0.00758504
0 -0.00258182 -0.0060183 -0.00800017
0 -0.00271105 -0.00628603 -0.0083377
0 -0.00281267 -0.00649471 -0.00859663
0 -0.00288606 -0.0066441 -0.00877681
0 -0.00293119 -0.00673422 -0.0088788
0 -0.00294864 -0.00676548 -0.00890399
0 -0.0029395 -0.00673877 -0.00885445
0 -0.00290526 -0.00665565 -0.00873292
0 -0.00284761 -0.00651835 -0.00854261
0 -0.00276827 -0.00632973 -0.00828711
0 -0.00266896 -0.00609326 -0.00797039
0 -0.00255139 -0.00581293 -0.00759674
0 -0.00241725 -0.00549309 -0.00717087
0 -0.00226827 -0.00513836 -0.00669788
0 -0.00210625 -0.00475346 -0.00618335
0 -0.00193305 -0.00434316 -0.00563329
0 -0.00175054 -0.00391208 -0.00505409
0 -0.0015604 -0.00346443 -0.00445226
0 -0.001364 -0.00300384 -0.00383411
0 -0.00116249 -0.00253356 -0.0032056
0 -0.000957099 -0.00205668 -0.00257212
0 -0.000749182 -0.00157625 -0.00193824
0 -0.000540032 -0.00109527 -0.00130761
0 -0.000330757 -0.000616547 -0.000683061
0 -0.000122446 -0.000142696 -6.71621e-05
0 8.35119e-05 0.000323559 0.00053725
0 0.000285291 0.000779258 0.00112675
0 0.000480924 0.00122132 0.00169745
0 0.000668707 0.00164671 0.0022454
0 0.000847408 0.00205257 0.00276694
0 0.00101633 0.00243629 0.00325878
0 0.0011752 0.0027956 0.00371807
0 0.00132381 0.00312859 0.00414234
0 0.00146162 0.00343352 0.0045294
0 0.00158762 0.00370863 0.00487708
0 0.00170045 0.00395207 0.00518323
0 0.00179867 0.00416202 0.00544602
0 0.00188113 0.00433706 0.00566417
0 0.00194722 0.00447635 0.00583705
0 0.00199691 0.00457976 0.0059647
0 0.00203038 0.00464762 0.0060475
0 0.00204759 0.00468021 0.00608565
0 0.00204812 0.00467754 0.00607904
0 0.0020315 0.00463949 0.00602747
0 0.00199763 0.0045661 0.00593106
0 0.00194718 0.00445797 0.00579063
0 0.00188158 0.00431645 0.00560784
0 0.00180281 0.00414362 0.00538511
0 0.00171286 0.00394205 0.00512525
0 0.00161342 0.00371458 0.00483129
0 0.0015058 0.0034642 0.00450642
0 0.00139104 0.00319406 0.00415409
0 0.00127001 0.00290737 0.00377804
0 0.00114352 0.00260725 0.00338228
0 0.00101241 0.00229663 0.00297096
0 0.000877494 0.00197809 0.00254814
0 0.000739281 0.00165369 0.00211743
0 0.000597882 0.00132487 0.0016818
0 0.000453319 0.000992768 0.00124365
0 0.000306003 0.000658593 0.000805264
0 0.000157089 0.000324075 0.000369258
0 8.44466e-06 -8.38795e-06 -6.13636e-05
0 -0.000137749 -0.000335993 -0.000483429
0 -0.000279486 -0.000655909 -0.000893922
0 -0.000415365 -0.000965568 -0.00129025
0 -0.000544891 -0.00126293 -0.00167049
0 -0.000668413 -0.00154664 -0.00203331
0 -0.000786628 -0.00181578 -0.00237778
0 -0.000900053 -0.00206969 -0.00270295
0 -0.00100881 -0.00230786 -0.00300771
0 -0.00111256 -0.00252983 -0.00329089
0 -0.00121029 -0.00273497 -0.00355114
0 -0.00130021 -0.00292209 -0.00378676
0 -0.00138015 -0.00308947 -0.00399587
0 -0.00144832 -0.00323536 -0.00417696
0 -0.00150379 -0.00335833 -0.00432922
0 -0.00154641 -0.00345732 -0.00445241
0 -0.00157633 -0.00353137 -0.00454635
0 -0.00159355 -0.00357944 -0.00461054
0 -0.00159783 -0.00360043 -0.00464398
0 -0.0015889 -0.00359344 -0.00464549
0 -0.00156698 -0.00355825 -0.0046142
0 -0.00153309 -0.0034958 -0.00455002
0 -0.00148895 -0.00340804 -0.00445374
0 -0.00143619 -0.00329726 -0.00432643
0 -0.00137561 -0.00316533 -0.00416891
0 -0.00130718 -0.00301348 -0.00398173
0 -0.00123058 -0.00284256 -0.00376567
0 -0.00114567 -0.00265337 -0.00352211
0 -0.00105266 -0.00244674 -0.00325299
0 -0.000951821 -0.00222333 -0.00296052
0 -0.000843261 -0.00198351 -0.00264683
0 -0.000726918 -0.00172735 -0.0023138
0 -0.00060277 -0.00145487 -0.00196293
0 -0.000471062 -0.00116634 -0.00159549
0 -0.000332451 -0.000862648 -0.00121269
0 -0.000188218 -0.000545637 -0.000816057
0 -4.03119e-05 -0.000218256 -0.000407577
0 0.000109017 0.000115772 1.04759e-05
0 0.00025767 0.000452515 0.000435724
0 0.000403917 0.000788231 0.000865755
0 0.000546394 0.00111958 0.00129803
0 0.000683997 0.00144372 0.00172972
0 0.000815786 0.00175831 0.00215749
0 0.000940927 0.00206146 0.00257745
0 0.00105863 0.00235148 0.0029851
0 0.00116799 0.00262652 0.00337535
0 0.00126792 0.00288405 0.00374253
0 0.00135724 0.0031208 0.00408063
0 0.00143488 0.00333313 0.00438392
0 0.00150002 0.00351732 0.00464726
0 0.00155215 0.00366999 0.00486629
0 0.00159109 0.00378839 0.00503762
0 0.0016169 0.0038706 0.00515881
0 0.00162957 0.00391535 0.00522819
0 0.00162881 0.00392185 0.00524463
0 0.00161416 0.00388989 0.0052077
0 0.00158537 0.00381996 0.00511785
0 0.00154242 0.00371324 0.00497651
0 0.00148541 0.00357132 0.00478585
0 0.00141427 0.00339579 0.00454841
0 0.00132871 0.00318801 0.00426689
0 0.00122842 0.0029492 0.00394417
0 0.0011135 0.00268068 0.00358346
0 0.000984671 0.00238419 0.00318851
0 0.00084329 0.00206193 0.00276344
0 0.000691146 0.00171649 0.00231234
0 0.000530349 0.001351 0.00183927
0 0.000363505 0.000969529 0.00134853
0 0.000193821 0.000577342 0.00084492
0 2.47192e-05 0.000180534 0.000333529
0 -0.000140811 -0.000214745 -0.000180674
0 -0.00030074 -0.000603058 -0.000693189
0 -0.000454023 -0.000980056 -0.00119992
0 -0.000600144 -0.00134238 -0.00169667
0 -0.000738694 -0.00168749 -0.00217862
0 -0.000869271 -0.00201353 -0.00264031
0 -0.000991479 -0.002319 -0.00307589
0 -0.00110477 -0.00260219 -0.00347949
0 -0.00120836 -0.00286102 -0.00384554
0 -0.0013014 -0.0030931 -0.00416913
0 -0.00138305 -0.00329593 -0.00444625
0 -0.00145251 -0.00346696 -0.0046739
0 -0.00150893 -0.00360372 -0.00485001
0 -0.00155148 -0.00370401 -0.00497335
0 -0.00157933 -0.003766 -0.00504347
0 -0.00159173 -0.00378841 -0.00506055
0 -0.0015881 -0.00377066 -0.00502538
0 -0.00156823 -0.00371308 -0.00493946
0 -0.00153235 -0.00361697 -0.00480497
0 -0.00148092 -0.00348431 -0.00462455
0 -0.00141445 -0.00331752 -0.0044011
0 -0.00133349 -0.00311927 -0.00413772
0 -0.00123875 -0.00289237 -0.00383778
0 -0.0011311 -0.00263968 -0.00350487
0 -0.00101156 -0.00236393 -0.00314267
0 -0.000881427 -0.00206778 -0.00275496
0 -0.000742539 -0.00175418 -0.00234593
0 -0.000597382 -0.00142654 -0.00192011
0 -0.000448757 -0.00108871 -0.00148206
0 -0.000299141 -0.000744579 -0.00103589
0 -0.00015023 -0.000397705 -0.000584856
0 -2.97592e-06 -5.11332e-05 -0.000131551
0 0.000141921 0.000292332 0.000321586
0 0.000283482 0.000629817 0.000771651
0 0.000420312 0.000958329 0.00121504
0 0.00055097 0.00127507 0.00164769
0 0.000674487 0.00157784 0.00206554
0 0.000790542 0.00186508 0.00246468
0 0.000899209 0.00213561 0.0028414
0 0.00100068 0.00238821 0.00319214
0 0.00109524 0.00262168 0.00351366
0 0.00118326 0.00283502 0.00380333
0 0.00126512 0.00302749 0.00405938
0 0.00134097 0.00319857 0.00428076
0 0.0014106 0.00334773 0.00446701
0 0.00147321 0.00347429 0.00461798
0 0.00152743 0.00357722 0.00473369
0 0.00157152 0.00365525 0.00481434
0 0.00160372 0.00370707 0.00486033
0 0.00162259 0.00373158 0.00487237
0 0.00162709 0.00372801 0.00485137
0 0.0016166 0.00369591 0.00479825
0 0.00159091 0.0036352 0.00471386
0 0.00155026 0.00354628 0.00459899
0 0.00149535 0.00343003 0.00445439
0 0.00142722 0.00328772 0.0042808
0 0.00134721 0.00312096 0.00407893
0 0.0012568 0.0029316 0.00384961
0 0.00115762 0.00272175 0.00359387
0 0.00105131 0.00249371 0.00331308
0 0.000939458 0.00224985 0.00300892
0 0.000823583 0.00199258 0.00268339
0 0.000705215 0.00172447 0.00233892
0 0.00058608 0.00144848 0.0019787
0 0.000468047 0.00116793 0.00160663
0 0.000352789 0.000886243 0.00122692
0 0.000241328 0.000606478 0.000843584
0 0.000133762 0.000330907 0.000460041
0 2.9485e-05 6.10165e-05 7.92731e-05
0 -7.21986e-05 -0.000202098 -0.000295718
0 -0.000171438 -0.000457226 -0.000661389
0 -0.000267602 -0.000702745 -0.00101346
0 -0.000359646 -0.000936744 -0.00134722
0 -0.00044679 -0.00115747 -0.00165831
0 -0.000528932 -0.0013636 -0.00194339
0 -0.000606494 -0.00155415 -0.00220016
0 -0.000679923 -0.00172817 -0.00242708
0 -0.000749284 -0.00188453 -0.00262309
0 -0.000814157 -0.00202211 -0.00278766
0 -0.000873729 -0.00213987 -0.00292088
0 -0.000926918 -0.00223701 -0.00302338
0 -0.000972463 -0.00231287 -0.00309624
0 -0.0010091 -0.00236705 -0.00314084
0 -0.00103586 -0.00239956 -0.00315897
0 -0.00105236 -0.00241105 -0.0031529
0 -0.0010587 -0.00240278 -0.00312517
0 -0.00105535 -0.00237637 -0.00307834
0 -0.00104283 -0.00233359 -0.00301467
0 -0.00102151 -0.00227595 -0.00293591
0 -0.000991395 -0.00220442 -0.00284298
0 -0.000952327 -0.00211937 -0.00273616
0 -0.000904364 -0.00202093 -0.00261541
0 -0.000848095 -0.00190931 -0.00248073
0 -0.000784688 -0.00178499 -0.00233229
0 -0.000715899 -0.00164904 -0.00217061
0 -0.000644009 -0.00150334 -0.00199681
0 -0.000571466 -0.00135043 -0.00181247
0 -0.000500382 -0.00119316 -0.00161937
0 -0.000432096 -0.00103415 -0.00141919
0 -0.00036692 -0.000875357 -0.00121325
0 -0.000304231 -0.000717805 -0.00100247
0 -0.000242947 -0.000561839 -0.000787661
0 -0.000182051 -0.000407416 -0.000569914
0 -0.000120824 -0.000254299 -0.000350646
0 -5.87823e-05 -0.000102095 -0.000131427
0 4.43546e-06 4.97122e-05 8.62352e-05
0 6.90897e-05 0.000201663 0.000300998
0 0.000135289 0.000354149 0.000511697
0 0.000202832 0.000507152 0.000717239
0 0.000271008 0.000659945 0.000916395
0 0.000338629 0.000811022 0.00110777
0 0.000404348 0.000958362 0.00129004
0 0.000467013 0.00109981 0.00146212
0 0.000525876 0.00123343 0.00162338
0 0.000580665 0.00135773 0.00177355
0 0.000631467 0.00147178 0.00191269
0 0.000678431 0.00157506 0.00204085
0 0.000721516 0.00166737 0.00215792
0 0.000760366 0.00174863 0.00226346
0 0.000794328 0.00181876 0.00235676
0 0.000822616 0.00187765 0.0024369
0 0.000844538 0.00192515 0.00250298
0 0.000859665 0.00196111 0.00255424
0 0.000867885 0.00198532 0.00259008
0 0.000869408 0.00199759 0.00261018
0 0.000864789 0.00199783 0.00261446
0 0.000854907 0.00198622 0.00260322
0 0.000840783 0.00196322 0.00257699
0 0.000823338 0.00192944 0.00253639
0 0.000803192 0.00188556 0.00248201
0 0.000780599 0.00183221 0.00241435
0 0.000755539 0.00177002 0.00233391
0 0.000727865 0.00169965 0.00224131
0 0.000697421 0.0016218 0.00213732
0 0.00066408 0.00153717 0.0020229
0 0.00062776 0.00144638 0.00189914
0 0.000588456 0.00135002 0.00176725
0 0.000546272 0.0012486 0.00162851
0 0.000501435 0.00114265 0.00148424
0 0.000454268 0.00103274 0.00133569
0 0.000405161 0.000919484 0.00118407
0 0.00035455 0.000803551 0.00103052
0 0.000302892 0.000685662 0.000876095
0 0.000250671 0.000566639 0.000721748
0 0.000198444 0.000447484 0.000568439
0 0.000146931 0.00032947 0.000417234
0 9.69987e-05 0.00021412 0.000269362
0 4.95269e-05 0.000103061 0.000126131
0 5.27368e-06 -2.1489e-06 -1.11657e-05
0 -3.52409e-05 -0.000100196 -0.000141334
0 -7.18407e-05 -0.000190195 -0.000263398
0 -0.000104683 -0.00027176 -0.000376621
0 -0.000134076 -0.000344881 -0.000480393
0 -0.000160283 -0.000409725 -0.000574092
0 -0.000183424 -0.000466495 -0.000657049
0 -0.000203436 -0.000515291 -0.000728518
0 -0.000220012 -0.00055595 -0.000787642
0 -0.000232667 -0.00058798 -0.000833503
0 -0.000240919 -0.000610688 -0.000865276
0 -0.000244426 -0.000623325 -0.000882349
0 -0.000243027 -0.000625195 -0.00088435
0 -0.000236761 -0.00061578 -0.000871174
0 -0.000225952 -0.000594952 -0.000843077
0 -0.000211185 -0.000563062 -0.000800697
0 -0.000193106 -0.000520832 -0.000744896
0 -0.00017222 -0.000469174 -0.000676592
0 -0.000148854 -0.000409107 -0.000596729
0 -0.000123241 -0.000341753 -0.000506354
0 -9.55979e-05 -0.000268322 -0.00040668
0 -6.61182e-05 -0.000190015 -0.000299042
0 -3.48897e-05 -0.000107859 -0.000184769
0 -1.8137e-06 -2.25446e-05 -6.50529e-05
0 3.33188e-05 6.55571e-05 5.90522e-05
0 7.05591e-05 0.000156149 0.000186431
0 0.000109496 0.000248665 0.000315642
0 0.000149193 0.000342089 0.000444851
0 0.000188531 0.000435141 0.000572116
0 0.000226717 0.000526686 0.000695865
0 0.000263539 0.000615973 0.000815132
0 0.000299156 0.000702513 0.000929384
0 0.00033371 0.00078579 0.00103816
0 0.000367087 0.000865103 0.00114089
0 0.000398966 0.000939649 0.0012369
0 0.000428999 0.00100871 0.00132559
0 0.000456981 0.00107183 0.00140658
0 0.000482907 0.00112888 0.00147979
0 0.000506864 0.00117997 0.00154528
0 0.000528642 0.00122506 0.00160293
0 0.000547112 0.00126327 0.0016517
0 0.000560005 0.00129238 0.00168933
0 0.000564756 0.00130944 0.00171295
0 0.000559858 0.00131197 0.00172029
0 0.000545431 0.00129869 0.00171025
0 0.000522713 0.00126927 0.00168248
0 0.000493407 0.00122412 0.00163701
0 0.000459403 0.00116437 0.00157414
0 0.000422641 0.00109192 0.00149461
0 0.000384696 0.001009 0.00139928
0 0.000346061 0.000917348 0.0012886
0 0.000305775 0.00081744 0.00116211
0 0.000261944 0.000708665 0.00101887
0 0.000212765 0.000589999 0.000858172
0 0.000157305 0.000460654 0.000680178
0 9.56717e-05 0.000320363 0.000486008
0 2.8642e-05 0.000169308 0.000277344
0 -4.28543e-05 7.91477e-06 5.59552e-05
0 -0.000117977 -0.000163191 -0.000176504
0 -0.00019581 -0.000342923 -0.000418278
0 -0.000275026 -0.000529361 -0.000667117
0 -0.000353887 -0.000719713 -0.000920158
0 -0.000430645 -0.000910687 -0.00117421
0 -0.000503953 -0.00109893 -0.00142604
0 -0.000573047 -0.00128134 -0.00167253
0 -0.000637825 -0.0014554 -0.00191078
0 -0.00069883 -0.0016194 -0.0021383
0 -0.000756949 -0.00177242 -0.00235297
0 -0.000812957 -0.00191403 -0.00255271
0 -0.000867195 -0.00204406 -0.00273543
0 -0.000919505 -0.00216242 -0.00289922
0 -0.00096929 -0.00226903 -0.00304252
0 -0.00101551 -0.00236354 -0.00316411
0 -0.0010566 -0.00244501 -0.00326288
0 -0.00109072 -0.00251184 -0.00333787
0 -0.00111623 -0.00256216 -0.00338851
0 -0.00113202 -0.0025942 -0.00341475
0 -0.00113758 -0.0026065 -0.00341699
0 -0.00113276 -0.00259789 -0.0033957
0 -0.00111764 -0.00256762 -0.00335128
0 -0.00109249 -0.00251548 -0.00328402
0 -0.00105776 -0.00244186 -0.00319413
0 -0.00101398 -0.00234765 -0.00308173
0 -0.000961655 -0.00223406 -0.00294687
0 -0.000901242 -0.00210243 -0.00278957
0 -0.000833167 -0.00195408 -0.00260998
0 -0.000757917 -0.0017903 -0.00240848
0 -0.000676113 -0.00161227 -0.00218576
0 -0.000588514 -0.00142108 -0.00194277
0 -0.000495938 -0.00121774 -0.00168079
0 -0.000399186 -0.00100319 -0.00140129
0 -0.000299026 -0.000778401 -0.001106
0 -0.000196276 -0.000544513 -0.000796772
0 -9.20064e-05 -0.000303161 -0.000475862
0 1.23563e-05 -5.66313e-05 -0.000146072
0 0.000115268 0.000192296 0.000189367
0 0.000215544 0.000440813 0.00052719
0 0.000312766 0.000686624 0.000864494
0 0.000407347 0.0009282 0.00119886
0 0.000500083 0.00116457 0.00152803
0 0.000591476 0.00139482 0.00184936
0 0.000681371 0.00161776 0.00215962
0 0.000769109 0.00183193 0.00245527
0 0.000853887 0.00203577 0.002733
0 0.000934964 0.00222775 0.00299003
0 0.00101167 0.00240627 0.00322402
0 0.00108335 0.00256971 0.00343314
0 0.0011493 0.00271645 0.00361604
0 0.00120875 0.00284498 0.00377188
0 0.00126081 0.00295392 0.00390022
0 0.00130458 0.0030421 0.00400087
0 0.00133917 0.00310862 0.00407391
0 0.00136397 0.00315302 0.00411977
0 0.00137888 0.00317552 0.00413936
0 0.00138426 0.00317696 0.00413402
0 0.00138065 0.00315863 0.00410526
0 0.00136857 0.00312196 0.0040545
0 0.00134827 0.00306818 0.00398288
0 0.00131968 0.0029982 0.00389116
0 0.00128269 0.00291262 0.00377991
0 0.0012376 0.0028122 0.00365002
0 0.00118548 0.0026982 0.00350297
0 0.001128 0.0025724 0.00334088
0 0.00106695 0.00243678 0.00316599
0 0.00100363 0.0022931 0.00298024
0 0.00093851 0.00214251 0.00278487
0 0.000871386 0.00198571 0.00258061
0 0.000802094 0.00182342 0.00236836
0 0.000731111 0.00165694 0.00214968
0 0.00065949 0.00148812 0.0019268
0 0.000588379 0.00131894 0.00170215
0 0.000518607 0.00115115 0.0014779
0 0.000450511 0.000986115 0.00125582
0 0.000383984 0.000824711 0.0010373
0 0.000318716 0.000667448 0.000823522
0 0.00025446 0.000514654 0.000615595
0 0.000191186 0.000366621 0.000414668
0 0.000129103 0.000223679 0.000221923
0 6.85868e-05 8.62214e-05 3.84871e-05
0 1.00464e-05 -4.53293e-05 -0.000134685
0 -4.62123e-05 -0.000170592 -0.000296946
0 -0.000100059 -0.000289284 -0.000448021
0 -0.000151482 -0.0004012 -0.000587951
0 -0.000200471 -0.000506166 -0.000716976
0 -0.000246949 -0.000604008 -0.000835445
0 -0.000290773 -0.000694585 -0.000943783
0 -0.000331763 -0.000777827 -0.00104248
0 -0.000369716 -0.000853735 -0.00113205
0 -0.000404425 -0.000922375 -0.00121301
0 -0.000435706 -0.000983863 -0.00128586
0 -0.000463435 -0.00103838 -0.00135105
0 -0.000487571 -0.00108617 -0.00140903
0 -0.000508162 -0.00112755 -0.00146022
0 -0.000525324 -0.00116286 -0.00150498
0 -0.000539212 -0.00119244 -0.00154357
0 -0.000550015 -0.00121664 -0.0015762
0 -0.000557978 -0.00123577 -0.00160301
0 -0.000563406 -0.00125017 -0.0016242
0 -0.000566589 -0.00126009 -0.00163991
0 -0.000567634 -0.00126561 -0.00165008
0 -0.000566347 -0.00126644 -0.00165436
0 -0.000562346 -0.00126203 -0.00165215
0 -0.000555288 -0.00125182 -0.00164287
0 -0.000545005 -0.00123531 -0.00162602
0 -0.000531508 -0.00121218 -0.00160121
0 -0.000514924 -0.00118223 -0.00156815
0 -0.000495422 -0.00114539 -0.00152659
0 -0.000473149 -0.00110166 -0.00147627
0 -0.000448104 -0.00105097 -0.00141686
0 -0.000420028 -0.00099307 -0.0013478
0 -0.000388466 -0.000927488 -0.00126841
0 -0.000353048 -0.000853756 -0.00117808
0 -0.000313865 -0.000771794 -0.00107666
0 -0.000271607 -0.000682125 -0.000964608
0 -0.000227267 -0.000585723 -0.000842835
0 -0.000181682 -0.000483646 -0.000712283
0 -0.000135291 -0.000376794 -0.000573739
0 -8.82325e-05 -0.000265925 -0.000427924
0 -4.05563e-05 -0.00015178 -0.000275677
0 7.64842e-06 -3.51311e-05 -0.000118031
0 5.62592e-05 8.32727e-05 4.38373e-05
0 0.000105126 0.000202728 0.000208651
0 0.000153966 0.000322457 0.000374953
0 0.000202222 0.000441423 0.000540981
0 0.000249097 0.000558293 0.00070468
0 0.000293762 0.000671587 0.000863896
0 0.000335552 0.000779851 0.00101656
0 0.000374099 0.000881796 0.00116083
0 0.000409388 0.000976446 0.00129521
0 0.000441696 0.00106318 0.00141858
0 0.000471372 0.00114165 0.00153004
0 0.000498642 0.00121162 0.00162878
0 0.00052354 0.00127292 0.00171411
0 0.000545931 0.00132535 0.00178546
0 0.000565475 0.00136861 0.00184232
0 0.000581587 0.0014022 0.00188427
0 0.000593524 0.00142545 0.00191092
0 0.00060056 0.00143763 0.00192205
0 0.000602106 0.0014381 0.00191762
0 0.000597766 0.00142637 0.00189778
0 0.00058742 0.00140218 0.00186285
0 0.000571285 0.0013657 0.00181344
0 0.000549841 0.00131743 0.00175032
0 0.000523664 0.00125816 0.00167434
0 0.000493301 0.00118879 0.00158629
0 0.00045927 0.00111032 0.00148695
0 0.000422101 0.00102388 0.00137715
0 0.000382345 0.000930677 0.0012578
0 0.000340565 0.000831991 0.00112996
0 0.00029732 0.0007291 0.000994784
0 0.000253156 0.000623237 0.000853561
0 0.000208567 0.000515526 0.000707678
0 0.000163877 0.000406851 0.000558465
0 0.000119112 0.000297719 0.000407032
0 7.40518e-05 0.000188288 0.00025425
0 2.84797e-05 7.85837e-05 0.000100937
0 -1.75326e-05 -3.11905e-05 -5.19029e-05
0 -6.34525e-05 -0.000140398 -0.000202918
0 -0.00010839 -0.000247957 -0.000350467
0 -0.000151414 -0.00035254 -0.000492875
0 -0.000191855 -0.000452833 -0.000628689
0 -0.000229514 -0.000547797 -0.000756876
0 -0.000264694 -0.000636823 -0.000876893
0 -0.000297976 -0.000719696 -0.000988539
0 -0.000329891 -0.00079642 -0.00109172
0 -0.000360725 -0.000867107 -0.00118632
0 -0.000390463 -0.000931907 -0.00127214
0 -0.000418759 -0.000990879 -0.00134888
0 -0.000444963 -0.00104383 -0.00141609
0 -0.000468285 -0.00109033 -0.0014733
0 -0.000488006 -0.00112981 -0.0015202
0 -0.000503602 -0.00116171 -0.00155667
0 -0.000514812 -0.00118554 -0.00158278
0 -0.000521682 -0.00120105 -0.00159885
0 -0.000524563 -0.00120831 -0.00160541
0 -0.000523987 -0.0012077 -0.00160313
0 -0.000520492 -0.00119979 -0.00159266
0 -0.000514539 -0.00118523 -0.00157458
0 -0.000506468 -0.00116476 -0.00154938
0 -0.000496366 -0.00113894 -0.00151735
0 -0.000483908 -0.00110791 -0.00147837
0 -0.000468454 -0.00107139 -0.00143201
0 -0.00044936 -0.00102889 -0.00137773
0 -0.000426252 -0.000979937 -0.00131514
0 -0.000399172 -0.000924272 -0.00124413
0 -0.000368644 -0.000861999 -0.00116494
0 -0.000335582 -0.000793649 -0.00107814
0 -0.000301022 -0.00072006 -0.000984531
0 -0.000265858 -0.000642206 -0.000884872
0 -0.000230707 -0.000561051 -0.000779886
0 -0.000195827 -0.000477407 -0.000670176
0 -0.000161087 -0.000391825 -0.000556182
0 -0.000126089 -0.000304596 -0.000438242
0 -9.03815e-05 -0.000215877 -0.000316738
0 -5.36397e-05 -0.000125792 -0.000192205
0 -1.57884e-05 -3.45482e-05 -6.5407e-05
0 2.29162e-05 5.74482e-05 6.26177e-05
0 6.19408e-05 0.000149572 0.000190603
0 0.000100654 0.000241078 0.000317218
0 0.000138482 0.000331191 0.000441201
0 0.000174958 0.000419122 0.000561402
0 0.000209703 0.000504045 0.000676754
0 0.000242395 0.0005851 0.000786244
0 0.000272782 0.000661411 0.00088892
0 0.000300675 0.000732126 0.000983908
0 0.00032594 0.000796445 0.0010704
0 0.000348462 0.000853649 0.00114763
0 0.000368176 0.000903178 0.00121497
0 0.000385206 0.000944828 0.00127205
0 0.000399961 0.000978905 0.00131892
0 0.000413017 0.00100616 0.00135599
0 0.000424853 0.00102752 0.00138383
0 0.00043562 0.00104379 0.00140296
0 0.000445056 0.00105546 0.00141374
0 0.000452593 0.00106261 0.00141642
0 0.000457624 0.0010651 0.00141129
0 0.000459712 0.00106269 0.0013988
0 0.000458641 0.00105513 0.00137954
0 0.000454346 0.00104213 0.0013541
0 0.000446811 0.00102342 0.00132298
0 0.000435971 0.000998677 0.00128642
0 0.000421676 0.000967556 0.00124437
0 0.000403841 0.000929845 0.00119667
0 0.000382696 0.000885727 0.00114326
0 0.000358925 0.000835936 0.00108439
0 0.000333481 0.000781625 0.00102059
0 0.000307288 0.000724089 0.000952403
0 0.000281007 0.00066451 0.000880301
0 0.000254831 0.000603681 0.00080448
0 0.000228356 0.000541731 0.000724722
0 0.000200795 0.000478196 0.000640543
0 0.000171522 0.000412462 0.000551641
0 0.000140429 0.000344148 0.000458202
0 0.000107825 0.000273104 0.000360781
0 7.41042e-05 0.000199253 0.000260001
0 3.96132e-05 0.000122612 0.000156433
0 4.7831e-06 4.35182e-05 5.07509e-05
0 -2.97788e-05 -3.72209e-05 -5.6138e-05
0 -6.34251e-05 -0.000118457 -0.00016319
0 -9.56669e-05 -0.000198942 -0.000269386
0 -0.000126236 -0.000277476 -0.000373778
0 -0.000155029 -0.000352972 -0.000475446
0 -0.000182055 -0.000424516 -0.000573473
0 -0.000207401 -0.000491426 -0.000666952
0 -0.000231165 -0.000553261 -0.000754964
0 -0.000253381 -0.000609748 -0.00083656
0 -0.000273989 -0.000660717 -0.000910786
0 -0.00029283 -0.000706034 -0.000976723
0 -0.000309663 -0.000745561 -0.00103354
0 -0.000324201 -0.000779113 -0.00108054
0 -0.000336157 -0.00080645 -0.00111717
0 -0.000345288 -0.000827275 -0.00114312
0 -0.000351407 -0.000841239 -0.00115822
0 -0.00035438 -0.000847955 -0.00116253
0 -0.000354112 -0.000847042 -0.00115621
0 -0.00035053 -0.000838162 -0.0011395
0 -0.000343575 -0.000821076 -0.00111268
0 -0.000333224 -0.000795706 -0.00107604
0 -0.000319579 -0.000762249 -0.00102999
0 -0.000302972 -0.000721284 -0.000975178
0 -0.000283911 -0.000673736 -0.000912425
0 -0.000262857 -0.000620642 -0.000842577
0 -0.000239956 -0.000562828 -0.00076624
0 -0.000214998 -0.000500745 -0.000683704
0 -0.000187624 -0.000434555 -0.000595114
0 -0.000157598 -0.000364323 -0.000500685
0 -0.000124904 -0.0002901 -0.000400774
0 -8.96955e-05 -0.000211915 -0.000295818
0 -5.21991e-05 -0.000129759 -0.000186245
0 -1.26802e-05 -4.36399e-05 -7.24499e-05
0 2.85042e-05 4.62742e-05 4.51362e-05
0 7.07649e-05 0.000139444 0.000165868
0 0.000113221 0.000234828 0.00028877
0 0.000154864 0.000330996 0.00041263
0 0.000194817 0.00042638 0.000536189
0 0.00023246 0.000519441 0.000658218
0 0.000267377 0.000608722 0.000777464
0 0.00029928 0.000692877 0.000892574
0 0.00032798 0.00077074 0.0010021
0 0.000353388 0.000841376 0.00110452
0 0.000375461 0.000904074 0.00119832
0 0.000394151 0.00095829 0.00128195
0 0.000409376 0.00100359 0.0013539
0 0.000421036 0.00103964 0.00141272
0 0.000429106 0.00106624 0.00145722
0 0.00043376 0.00108342 0.00148663
0 0.00043539 0.00109142 0.0015007
0 0.000434453 0.00109059 0.00149966
0 0.000431299 0.00108128 0.00148398
0 0.000426095 0.00106379 0.00145438
0 0.000418871 0.00103843 0.00141179
0 0.00040956 0.00100554 0.00135732
0 0.000398031 0.000965545 0.00129226
0 0.000384095 0.000918893 0.00121792
0 0.000367506 0.000866049 0.00113557
0 0.000347996 0.000807436 0.00104645
0 0.000325335 0.000743451 0.00095171
0 0.000299408 0.000674519 0.00085244
0 0.000270251 0.000601117 0.000749632
0 0.000237991 0.000523729 0.000644116
0 0.000202772 0.000442745 0.000536484
0 0.000164727 0.000358425 0.000427072
0 0.000124061 0.000270983 0.000316036
0 8.11426e-05 0.000180703 0.000203482
0 3.65829e-05 8.80686e-05 8.95902e-05
0 -8.75686e-06 -6.15754e-06 -2.52948e-05
0 -5.38919e-05 -0.00010098 -0.000140696
0 -9.79024e-05 -0.000195307 -0.000256095
0 -0.00014005 -0.000288052 -0.00037097
0 -0.000179785 -0.000378183 -0.000484752
0 -0.000216707 -0.000464726 -0.000596754
0 -0.000250533 -0.000546803 -0.000706139
0 -0.000281089 -0.000623674 -0.000811913
0 -0.000308305 -0.000694749 -0.000912947
0 -0.000332203 -0.00075958 -0.00100802
0 -0.000352891 -0.000817848 -0.00109589
0 -0.000370589 -0.000869382 -0.00117538
0 -0.000385646 -0.000914194 -0.00124548
0 -0.000398478 -0.000952433 -0.00130536
0 -0.000409475 -0.000984288 -0.00135437
0 -0.000418926 -0.0010099 -0.00139205
0 -0.000426948 -0.0010293 -0.00141813
0 -0.000433399 -0.00104231 -0.00143244
0 -0.000437866 -0.0010485 -0.00143485
0 -0.00043977 -0.00104729 -0.00142537
0 -0.000438537 -0.00103808 -0.00140416
0 -0.000433767 -0.00102046 -0.00137164
0 -0.000425327 -0.000994324 -0.00132854
0 -0.000413311 -0.000959911 -0.00127579
0 -0.000397898 -0.000917688 -0.00121433
0 -0.00037923 -0.000868256 -0.00114503
0 -0.000357426 -0.000812302 -0.00106869
0 -0.000332646 -0.000750584 -0.00098609
0 -0.000305125 -0.000683911 -0.00089801
0 -0.000275133 -0.000613062 -0.000805206
0 -0.000242848 -0.000538616 -0.00070826
0 -0.000208275 -0.000460846 -0.000607466
0 -0.000171316 -0.000379772 -0.000502903
0 -0.000131953 -0.000295324 -0.000394594
0 -9.03394e-05 -0.000207461 -0.000282603
0 -4.67759e-05 -0.000116205 -0.000167011
0 -1.65408e-06 -2.16608e-05 -4.79063e-05
0 4.45641e-05 7.59304e-05 7.45891e-05
0 9.13861e-05 0.000176175 0.000200303
0 0.000138363 0.000278565 0.000329029
0 0.000185152 0.000382534 0.00046054
0 0.000231529 0.000487511 0.000594571
0 0.00027736 0.000592927 0.000730772
0 0.000322545 0.000698221 0.000868656
0 0.000366974 0.000802833 0.00100755
0 0.000410524 0.000906224 0.00114661
0 0.000453092 0.00100791 0.00128486
0 0.000494605 0.00110746 0.00142129
0 0.000535012 0.00120452 0.00155485
0 0.000574249 0.00129873 0.00168449
0 0.000612193 0.00138973 0.00180912
0 0.000648614 0.001477 0.00192757
0 0.00068318 0.00155984 0.00203871
0 0.00071553 0.00163745 0.00214148
0 0.00074533 0.00170899 0.002235
0 0.000772291 0.00177363 0.00231855
0 0.000796132 0.00183057 0.00239152
0 0.000816559 0.00187907 0.00245337
0 0.000833265 0.00191846 0.00250364
0 0.000845942 0.00194818 0.00254186
0 0.000854298 0.00196781 0.00256766
0 0.000858075 0.00197701 0.00258067
0 0.00085706 0.0019756 0.00258058
0 0.000851109 0.00196348 0.00256713
0 0.000840155 0.00194064 0.00254013
0 0.000824218 0.00190714 0.00249949
0 0.000803394 0.00186311 0.00244519
0 0.000777851 0.00180872 0.00237735
0 0.000747812 0.00174421 0.00229617
0 0.00071354 0.00166988 0.00220197
0 0.000675345 0.00158612 0.0020952
0 0.000633617 0.00149347 0.00197646
0 0.000588842 0.00139267 0.00184657
0 0.000541547 0.0012846 0.00170652
0 0.000492229 0.00117022 0.00155742
0 0.000441311 0.00105056 0.00140039
0 0.000389151 0.000926648 0.00123657
0 0.00033607 0.000799547 0.00106719
0 0.000282354 0.000670273 0.000893504
0 0.00022819 0.000539677 0.000716772
0 0.000173621 0.000408375 0.000538112
0 0.000118595 0.000276793 0.000358526
0 6.30927e-05 0.000145275 0.000178992
0 7.24875e-06 1.42101e-05 5.45222e-07
0 -4.85114e-05 -0.000115773 -0.000175587
0 -0.000103373 -0.000243634 -0.000347861
0 -0.000156247 -0.000367936 -0.000514477
0 -0.000206042 -0.000487031 -0.000673581
0 -0.000251883 -0.000599249 -0.000823434
0 -0.00029318 -0.000703005 -0.000962465
0 -0.000329631 -0.000796898 -0.00108929
0 -0.000361294 -0.000879936 -0.00120284
0 -0.00038858 -0.000951683 -0.00130238
0 -0.000412038 -0.00101215 -0.00138745
0 -0.000432097 -0.00106159 -0.00145762
0 -0.000448952 -0.00110031 -0.00151255
0 -0.000462623 -0.00112872 -0.00155206
0 -0.000473052 -0.00114725 -0.00157621
0 -0.000480152 -0.00115636 -0.00158537
0 -0.000483821 -0.00115647 -0.00158016
0 -0.00048396 -0.00114793 -0.00156142
0 -0.000480502 -0.00113107 -0.00153021
0 -0.000473443 -0.0011062 -0.00148769
0 -0.000462848 -0.00107368 -0.00143514
0 -0.000448836 -0.0010339 -0.00137385
0 -0.000431546 -0.000987307 -0.00130501
0 -0.000411135 -0.000934382 -0.00122971
0 -0.00038779 -0.000875688 -0.00114884
0 -0.000361753 -0.000811891 -0.00106321
0 -0.000333327 -0.000743744 -0.000973578
0 -0.000302876 -0.000672055 -0.000880647
0 -0.000270791 -0.000597662 -0.00078509
0 -0.000237497 -0.000521418 -0.000687552
0 -0.000203446 -0.000444165 -0.000588669
0 -0.000169112 -0.000366715 -0.000489102
0 -0.000134978 -0.000289839 -0.000389549
0 -0.000101523 -0.000214241 -0.000290747
0 -6.91827e-05 -0.000140548 -0.000193457
0 -3.82809e-05 -6.92608e-05 -9.83839e-05
0 -8.96758e-06 -7.12873e-07 -6.12061e-06
0 1.87562e-05 6.49054e-05 8.28515e-05
0 4.49532e-05 0.000127468 0.0001681
0 6.9687e-05 0.000186856 0.000249206
0 9.30137e-05 0.000242954 0.000325773
0 0.000115008 0.000295676 0.000397478
0 0.0001358 0.000345015 0.000464119
0 0.000155579 0.000391061 0.000525645
0 0.000174548 0.00043398 0.00058213
0 0.000192864 0.000473962 0.000633717
0 0.000210607 0.000511198 0.000680602
0 0.000227797 0.000545877 0.000723035
0 0.000244404 0.000578178 0.000761317
0 0.0002603 0.000608193 0.000795739
0 0.000275191 0.000635826 0.000826472
0 0.000288624 0.000660761 0.000853533
0 0.000300122 0.000682558 0.000876865
0 0.000309308 0.000700778 0.00089642
0 0.000315954 0.000715036 0.000912165
0 0.000319936 0.000725007 0.000924034
0 0.000321205 0.000730418 0.000931885
0 0.000319768 0.000731074 0.000935497
0 0.000315691 0.000726868 0.000934579
0 0.000309075 0.000717769 0.000928778
0 0.000300017 0.000703764 0.000917655
0 0.000288593 0.000684837 0.000900708
0 0.000274893 0.000660976 0.000877428
0 0.000259049 0.000632202 0.000847359
0 0.000241238 0.000598563 0.000810141
0 0.000221654 0.000560127 0.000765509
0 0.000200478 0.000516967 0.000713303
0 0.000177873 0.000469167 0.00065348
0 0.00015398 0.000416841 0.000586134
0 0.000128938 0.000360161 0.000511515
0 0.000102877 0.000299369 0.000430032
0 7.58919e-05 0.000234762 0.000342208
0 4.80253e-05 0.000166664 0.000248659
0 1.92674e-05 9.54111e-05 0.000150075
0 -1.04116e-05 2.1368e-05 4.72135e-05
0 -4.10043e-05 -5.50308e-05 -5.90818e-05
0 -7.24123e-05 -0.000133251 -0.000167851
0 -0.000104445 -0.000212665 -0.000278044
0 -0.000136864 -0.000292605 -0.000388579
0 -0.000169426 -0.0003724 -0.000498406
0 -0.000201879 -0.000451387 -0.000606517
0 -0.000233952 -0.000528904 -0.000711948
0 -0.000265348 -0.000604281 -0.00081378
0 -0.000295752 -0.000676848 -0.000911153
0 -0.000324847 -0.000745943 -0.00100328
0 -0.000352319 -0.000810918 -0.00108944
0 -0.000377856 -0.000871149 -0.00116899
0 -0.000401155 -0.000926045 -0.00124136
0 -0.000421932 -0.000975065 -0.00130599
0 -0.000439927 -0.00101773 -0.00136239
0 -0.000454912 -0.00105361 -0.00141008
0 -0.000466681 -0.00108231 -0.00144862
0 -0.000475032 -0.00110345 -0.00147755
0 -0.000479779 -0.00111669 -0.00149645
0 -0.000480792 -0.00112174 -0.00150497
0 -0.000478007 -0.00111842 -0.0015028
0 -0.000471423 -0.00110659 -0.00148971
0 -0.00046109 -0.00108621 -0.00146555
0 -0.000447091 -0.00105731 -0.00143026
0 -0.000429542 -0.00101998 -0.00138382
0 -0.000408584 -0.000974402 -0.00132635
0 -0.000384394 -0.000920841 -0.00125806
0 -0.000357192 -0.000859659 -0.00117929
0 -0.00032723 -0.000791306 -0.00109048
0 -0.000294757 -0.000716296 -0.000992175
0 -0.000259996 -0.000635186 -0.000884974
0 -0.000223163 -0.000548561 -0.000769572
0 -0.000184478 -0.000457014 -0.000646758
0 -0.000144165 -0.000361146 -0.000517407
0 -0.000102451 -0.000261571 -0.000382456
0 -5.95644e-05 -0.000158922 -0.000242887
0 -1.5732e-05 -5.38399e-05 -9.97202e-05
0 2.88158e-05 5.30224e-05 4.60043e-05
0 7.38427e-05 0.000161005 0.000193234
0 0.000119113 0.000269455 0.000340923
0 0.000164413 0.000377747 0.000488061
0 0.00020957 0.00048531 0.000633716
0 0.000254441 0.000591626 0.000777034
0 0.000298878 0.000696199 0.000917214
0 0.000342717 0.000798547 0.00105352
0 0.000385814 0.000898229 0.00118531
0 0.00042806 0.00099487 0.00131212
0 0.000469341 0.00108815 0.00143356
0 0.000509483 0.00117778 0.00154927
0 0.000548183 0.00126336 0.00165889
0 0.000584962 0.00134435 0.00176188
0 0.000619208 0.00142001 0.00185763
0 0.000650308 0.00148953 0.00194546
0 0.00067777 0.0015521 0.00202478
0 0.000701254 0.001607 0.00209504
0 0.00072056 0.00165363 0.00215574
0 0.000735645 0.00169155 0.00220645
0 0.000746646 0.00172058 0.00224683
0 0.000753834 0.00174078 0.00227668
0 0.000757511 0.00175238 0.00229583
0 0.000757928 0.00175566 0.00230414
0 0.000755241 0.00175092 0.00230149
0 0.000749477 0.00173839 0.00228775
0 0.000740541 0.00171816 0.0022628
0 0.000728296 0.00169021 0.00222661
0 0.000712651 0.00165455 0.00217926
0 0.000693601 0.00161117 0.00212102
0 0.000671206 0.00156013 0.00205226
0 0.000645565 0.00150152 0.00197346
0 0.00061682 0.00143556 0.00188514
0 0.0005852 0.00136256 0.00178798
0 0.00055103 0.00128308 0.00168274
0 0.000514678 0.00119779 0.00157027
0 0.000476483 0.00110747 0.00145138
0 0.000436725 0.00101294 0.00132688
0 0.000395642 0.000915031 0.00119757
0 0.000353449 0.000814551 0.00106429
0 0.000310311 0.000712199 0.000927868
0 0.000266332 0.000608518 0.000789073
0 0.000221597 0.000503931 0.000648652
0 0.00017624 0.000398821 0.000507355
0 0.000130481 0.00029357 0.000365967
0 8.46029e-05 0.000188574 0.000225282
0 3.89235e-05 8.4258e-05 8.60736e-05
0 -6.21504e-06 -1.89008e-05 -5.09087e-05
0 -5.04573e-05 -0.000120351 -0.000184937
0 -9.34626e-05 -0.000219483 -0.000315313
0 -0.000134935 -0.000315657 -0.000441391
0 -0.000174639 -0.000408237 -0.000562578
0 -0.000212402 -0.000496629 -0.000678331
0 -0.000248115 -0.000580318 -0.000788153
0 -0.000281708 -0.000658874 -0.000891583
0 -0.000313118 -0.000731942 -0.000988173
0 -0.000342251 -0.00079923 -0.00107747
0 -0.000368985 -0.000860499 -0.00115902
0 -0.00039318 -0.000915562 -0.00123241
0 -0.000414693 -0.00096427 -0.00129722
0 -0.00043338 -0.00100649 -0.0013531
0 -0.000449119 -0.00104209 -0.00139972
0 -0.000461824 -0.00107091 -0.00143688
0 -0.000471447 -0.00109281 -0.00146443
0 -0.00047796 -0.00110765 -0.00148234
0 -0.00048134 -0.00111527 -0.00149062
0 -0.000481557 -0.00111557 -0.00148935
0 -0.000478587 -0.00110847 -0.00147863
0 -0.000472429 -0.00109396 -0.00145862
0 -0.000463105 -0.00107214 -0.0014295
0 -0.000450662 -0.00104316 -0.00139152
0 -0.000435169 -0.00100726 -0.00134493
0 -0.000416725 -0.000964734 -0.00129
0 -0.000395468 -0.000915949 -0.00122706
0 -0.000371575 -0.000861308 -0.00115645
0 -0.000345252 -0.000801251 -0.00107855
0 -0.000316732 -0.000736238 -0.000993825
0 -0.000286267 -0.000666729 -0.000902762
0 -0.000254128 -0.000593184 -0.000805929
0 -0.000220589 -0.000516075 -0.00070395
0 -0.000185928 -0.000435886 -0.000597495
0 -0.000150403 -0.000353126 -0.000487271
0 -0.000114253 -0.000268328 -0.000374011
0 -7.76917e-05 -0.000182044 -0.000258475
0 -4.09117e-05 -9.48324e-05 -0.000141437
0 -4.09119e-06 -7.25771e-06 -2.36813e-05
0 3.2599e-05 8.01244e-05 9.40042e-05
0 6.89865e-05 0.000166771 0.000210826
0 0.000104892 0.000252155 0.000325991
0 0.000140127 0.000335768 0.000438717
0 0.000174498 0.000417114 0.000548242
0 0.000207803 0.000495714 0.000653834
0 0.000239843 0.000571104 0.000754805
0 0.00027042 0.000642842 0.000850504
0 0.000299341 0.000710498 0.000940341
0 0.000326424 0.000773657 0.00102378
0 0.0003515 0.000831921 0.00110034
0 0.000374403 0.000884907 0.00116961
0 0.000394979 0.000932267 0.00123123
0 0.000413082 0.000973695 0.00128492
0 0.000428585 0.00100893 0.00133044
0 0.000441373 0.00103777 0.0013676
0 0.000451348 0.00106007 0.00139627
0 0.000458434 0.00107573 0.00141637
0 0.000462581 0.0010847 0.00142785
0 0.000463767 0.001087 0.00143072
0 0.000462002 0.00108269 0.00142505
0 0.000457331 0.00107187 0.00141094
0 0.000449828 0.0010547 0.00138857
0 0.000439598 0.00103137 0.00135813
0 0.000426769 0.00100211 0.00131989
0 0.000411494 0.000967192 0.00127416
0 0.000393942 0.00092691 0.00122129
0 0.000374291 0.000881603 0.00116169
0 0.00035273 0.000831639 0.0010958
0 0.000329449 0.000777413 0.00102411
0 0.000304638 0.000719346 0.00094716
0 0.000278483 0.000657875 0.000865508
0 0.000251168 0.000593458 0.000779754
0 0.00022288 0.000526565 0.000690521
0 0.000193802 0.000457681 0.000598452
0 0.000164116 0.000387303 0.000504202
0 0.000134005 0.000315927 0.000408438
0 0.00010366 0.00024404 0.000311849
0 7.3277e-05 0.000172121 0.000215127
0 4.30539e-05 0.000100642 0.000118963
0 1.31878e-05 3.00658e-05 2.4035e-05
0 -1.61259e-05 -3.91501e-05 -6.89932e-05
0 -4.46955e-05 -0.000106557 -0.000159482
0 -7.2336e-05 -0.000171717 -0.000246819
0 -9.887e-05 -0.000234211 -0.000330426
0 -0.000124127 -0.000293637 -0.000409759
0 -0.000147945 -0.00034961 -0.000484313
0 -0.00017017 -0.000401766 -0.000553631
0 -0.000190658 -0.000449765 -0.000617297
0 -0.000209273 -0.000493302 -0.000674938
0 -0.000225891 -0.000532104 -0.000726222
0 -0.000240403 -0.000565932 -0.000770869
0 -0.000252712 -0.000594583 -0.000808646
0 -0.000262741 -0.000617891 -0.000839364
0 -0.000270428 -0.000635731 -0.000862881
0 -0.000275728 -0.000648017 -0.0008791
0 -0.000278613 -0.000654707 -0.000887972
0 -0.000279075 -0.000655801 -0.000889492
0 -0.000277128 -0.000651336 -0.000883705
0 -0.000272803 -0.000641389 -0.000870698
0 -0.000266155 -0.000626073 -0.000850609
0 -0.000257255 -0.000605538 -0.000823619
0 -0.000246193 -0.000579967 -0.000789956
0 -0.000233074 -0.000549575 -0.000749891
0 -0.000218017 -0.00051461 -0.000703731
0 -0.000201177 -0.000475376 -0.000651853
0 -0.000182743 -0.000432233 -0.000594694
