0 0.00110494 0.00173347 0.00204528
0 0.00113066 0.00178264 0.00210834
0 0.00116348 0.00184657 0.00218719
0 0.00119637 0.00191908 0.00227715
0 0.00122793 0.00199666 0.00237746
0 0.00125852 0.00207609 0.002487
0 0.00128691 0.00215304 0.00260125
0 0.00131542 0.00222833 0.00271818
0 0.00134781 0.00230607 0.00283743
0 0.00138049 0.00238398 0.00295243
0 0.00140752 0.00245562 0.00305459
0 0.00143322 0.00252266 0.0031457
0 0.00146541 0.0025914 0.0032329
0 0.00149727 0.00265576 0.00331103
0 0.00151216 0.00269795 0.00336429
0 0.00150352 0.00270511 0.00338247
0 0.00147742 0.00267517 0.0033637
0 0.00144095 0.00261126 0.00330622
0 0.00140191 0.00252376 0.00321167
0 0.00137641 0.00243739 0.00309645
0 0.00137125 0.00237156 0.00297698
0 0.00136999 0.00232034 0.00285332
0 0.00136656 0.00228036 0.00273689
0 0.00137777 0.00226743 0.00266071
0 0.00140739 0.00228841 0.00264422
0 0.00144076 0.00233488 0.00268524
0 0.00146348 0.00239453 0.00277324
0 0.00145872 0.0024432 0.00288228
0 0.00141464 0.00245205 0.00297663
0 0.0013437 0.00241301 0.00303366
0 0.0012729 0.00233963 0.0030441
0 0.00121698 0.00224608 0.00299617
0 0.00116776 0.00213124 0.00286966
0 0.00111629 0.00199152 0.00265678
0 0.00107732 0.00184475 0.00238589
0 0.00106267 0.00171073 0.00209601
0 0.0010613 0.00159248 0.0018136
0 0.0010693 0.0015008 0.00157473
0 0.00108114 0.00144196 0.00140899
0 0.00105991 0.00138293 0.00130053
0 0.000986403 0.00129471 0.00122735
0 0.000908548 0.0012106 0.00121379
0 0.000895166 0.00120145 0.00130318
0 0.000965188 0.00131115 0.00150449
0 0.00107603 0.00152273 0.00178005
0 0.0011763 0.00178244 0.00208371
0 0.00124907 0.00203942 0.00239233
0 0.00128408 0.00223824 0.00267523
0 0.00124414 0.00230141 0.00285886
0 0.001104 0.00216957 0.00286311
0 0.000887628 0.00184236 0.0026457
0 0.000654187 0.00137824 0.0022096
0 0.000488158 0.000897822 0.00162131
0 0.000452207 0.000533602 0.000985222
0 0.000521464 0.000335349 0.000375318
0 0.000612565 0.000258269 -0.000167583
0 0.000665537 0.00022852 -0.000595146
0 0.000674291 0.000199241 -0.000846795
0 0.000655216 0.000160975 -0.000886179
0 0.000602949 0.000113678 -0.000741532
0 0.000491469 4.62039e-05 -0.000500907
0 0.000325271 -4.13332e-05 -0.000252889
0 0.000161294 -0.000117453 -4.30141e-05
0 6.72966e-05 -0.000139483 0.000115177
0 8.4962e-05 -7.33031e-05 0.000226838
0 0.000232559 0.000111124 0.000326882
0 0.000509979 0.000440583 0.000481066
0 0.000883669 0.000918408 0.000756923
0 0.00125847 0.00148082 0.00116742
0 0.00149853 0.00198802 0.0016489
0 0.00152778 0.0023067 0.00212325
0 0.00138506 0.0023906 0.0025479
0 0.00117846 0.00229037 0.00290349
0 0.00102083 0.00212738 0.00317976
0 0.00098026 0.00203494 0.00336756
0 0.0010602 0.00209118 0.00345667
0 0.00123581 0.002309 0.00346677
0 0.00149726 0.00267093 0.00347509
0 0.00183186 0.00313971 0.00358136
0 0.00218724 0.00365031 0.00384854
0 0.00248438 0.00412788 0.00428566
0 0.00265988 0.00451681 0.00486195
0 0.00269994 0.00480249 0.005529
0 0.00263826 0.00500677 0.00622884
0 0.00251766 0.00514954 0.00687892
0 0.00238417 0.00524137 0.00739248
0 0.00230175 0.00530643 0.00772169
0 0.00231252 0.00536305 0.00784662
0 0.00240392 0.00540291 0.00775755
0 0.00253767 0.00541362 0.00747741
0 0.00266098 0.00537336 0.00705041
0 0.00268674 0.00521019 0.00649042
0 0.00253035 0.00482421 0.00578225
0 0.00218896 0.0041756 0.00493863
0 0.00175039 0.00332922 0.00401751
0 0.00132568 0.00242069 0.00308608
0 0.000990096 0.00159546 0.00219338
0 0.000777359 0.000967874 0.00138131
0 0.000693448 0.000598008 0.000699925
0 0.000702497 0.000459854 0.000181851
0 0.000712719 0.000425638 -0.000197591
0 0.000619108 0.000316753 -0.000512017
0 0.000374002 -1.07952e-06 -0.000837151
0 -7.59843e-06 -0.00057505 -0.00124309
0 -0.000479326 -0.00137183 -0.0018004
0 -0.000945777 -0.00226062 -0.00252461
0 -0.00127892 -0.0030439 -0.00334913
0 -0.00140673 -0.00356858 -0.00418139
0 -0.00134035 -0.00378306 -0.00492847
0 -0.00112076 -0.00370302 -0.00547162
0 -0.000799873 -0.00338433 -0.00568646
0 -0.000473584 -0.00293638 -0.00552022
0 -0.000240932 -0.00247289 -0.00499652
0 -8.13318e-05 -0.00198334 -0.00411209
0 0.000132597 -0.00132699 -0.00281985
0 0.000482252 -0.000379595 -0.0011308
0 0.00096013 0.000889729 0.000870267
0 0.00153172 0.00243526 0.0030843
0 0.00213881 0.00412266 0.00538861
0 0.00267278 0.00571778 0.00759269
0 0.00304952 0.00699475 0.0094962
0 0.00329977 0.00787748 0.0109865
0 0.0034909 0.00840713 0.0120002
0 0.00360409 0.00860861 0.0124412
0 0.00361609 0.00851578 0.0122796
0 0.00364794 0.00829902 0.0117087
0 0.00385782 0.00819433 0.0110526
0 0.00422511 0.00830104 0.0105318
0 0.00455257 0.00851972 0.0101904
0 0.00464488 0.00865067 0.0099814
0 0.00441715 0.00849829 0.00982061
0 0.00389224 0.0079414 0.00958868
0 0.00316806 0.00698043 0.00914878
0 0.00238099 0.00573457 0.00838271
0 0.00166994 0.00439072 0.00723086
0 0.00109856 0.00308302 0.00567197
0 0.000620916 0.00181309 0.00369821
0 0.000157592 0.000501873 0.0013511
0 -0.00032716 -0.000921618 -0.00125126
0 -0.000833965 -0.00248658 -0.00395148
0 -0.00136285 -0.00417056 -0.00659761
0 -0.00190719 -0.00587817 -0.00904263
0 -0.00244071 -0.00745019 -0.011141
0 -0.00291756 -0.00871032 -0.0127585
0 -0.00327168 -0.00951001 -0.0137748
0 -0.00343326 -0.00976235 -0.0140967
0 -0.00338851 -0.00948949 -0.0137174
0 -0.00321615 -0.00884161 -0.0127631
0 -0.00303129 -0.00803256 -0.0114549
0 -0.0028661 -0.00720474 -0.00998732
0 -0.00260621 -0.00632092 -0.00841758
0 -0.00210404 -0.00522488 -0.00670524
0 -0.00134294 -0.00380864 -0.00483265
0 -0.000424393 -0.0020745 -0.00281061
0 0.00055471 -8.7194e-05 -0.000611134
0 0.00154496 0.00206133 0.00182452
0 0.00251587 0.00426755 0.00452644
0 0.00344377 0.00644885 0.00747035
0 0.00431938 0.00856958 0.0105856
0 0.00511384 0.0105989 0.0137292
0 0.00572729 0.0124228 0.0166376
0 0.00604516 0.0138451 0.0189847
0 0.00607101 0.0147075 0.0205358
0 0.00595394 0.0149923 0.0212291
0 0.0058625 0.014804 0.0211182
0 0.00587289 0.0143021 0.020309
0 0.005966 0.01365 0.0189609
0 0.00605723 0.0129498 0.0172727
0 0.00602853 0.0121984 0.015436
0 0.00575715 0.011291 0.0135733
0 0.00518259 0.0101043 0.0117408
0 0.00436438 0.00860779 0.00997886
0 0.00340846 0.00685803 0.00827675
0 0.00237673 0.00493551 0.00653013
0 0.0013208 0.00294284 0.00461569
0 0.000352213 0.00102977 0.00250186
0 -0.000416393 -0.000676296 0.000234468
0 -0.00098458 -0.00217591 -0.00215282
0 -0.00143281 -0.00356145 -0.00462184
0 -0.00182693 -0.00490908 -0.00706981
0 -0.00219531 -0.00623026 -0.00933891
0 -0.0025497 -0.00747321 -0.0112666
0 -0.00290431 -0.00855327 -0.0127379
0 -0.00325588 -0.00937766 -0.0136919
0 -0.00355827 -0.00986286 -0.0141003
0 -0.00372646 -0.00994178 -0.0139522
0 -0.00367615 -0.00957192 -0.0132575
0 -0.00337964 -0.00876157 -0.0120688
0 -0.00286765 -0.00756682 -0.0104678
0 -0.00220644 -0.00607983 -0.00854588
0 -0.00148639 -0.00442786 -0.00640938
0 -0.000820359 -0.00277913 -0.00420098
0 -0.000324124 -0.00132922 -0.00210507
0 -3.68676e-05 -0.000214875 -0.000279743
0 0.000135624 0.000578633 0.00122077
0 0.000336633 0.00118129 0.00241234
0 0.000614809 0.00170217 0.00328272
0 0.000925226 0.00217762 0.00380153
0 0.00125564 0.00264164 0.00403044
0 0.00168243 0.00318758 0.0041705
0 0.00228707 0.0039354 0.00448149
0 0.00303483 0.00493275 0.00514663
0 0.00375189 0.00608668 0.00619583
0 0.00425541 0.00722456 0.00755931
0 0.00448476 0.00820752 0.00914847
0 0.00449071 0.00896721 0.0108488
0 0.00435409 0.00948261 0.0124791
0 0.00411998 0.00973376 0.0137756
0 0.00378571 0.00966247 0.0144331
0 0.00333521 0.00917156 0.0141945
0 0.00279851 0.00819776 0.0129565
0 0.00229985 0.0068267 0.0108548
0 0.00200115 0.00530573 0.00823319
0 0.00195933 0.00390987 0.00548508
0 0.00206847 0.00280381 0.00292578
0 0.002164 0.0020253 0.000802252
0 0.00215426 0.00154806 -0.000658212
0 0.00205151 0.00134021 -0.00126974
0 0.00191533 0.00138686 -0.00096359
0 0.00175356 0.00163574 0.0001215
0 0.0014722 0.00192062 0.00161267
0 0.000922867 0.00195653 0.00297173
0 6.08978e-05 0.00148722 0.00368156
0 -0.000918671 0.000488902 0.00345736
0 -0.00173469 -0.000876402 0.00222684
0 -0.00226492 -0.00245619 8.97658e-06
0 -0.00254739 -0.00414285 -0.00306005
0 -0.00263874 -0.00579124 -0.0066478
0 -0.00256844 -0.00721942 -0.0102555
0 -0.00239484 -0.00830216 -0.0133453
0 -0.00220765 -0.00898984 -0.0154569
0 -0.00205626 -0.00922711 -0.0162678
0 -0.00191658 -0.00891607 -0.0156302
0 -0.00173558 -0.00797355 -0.0136101
0 -0.00146848 -0.0063915 -0.0104709
0 -0.00105923 -0.00424011 -0.00656542
0 -0.000424251 -0.00163841 -0.00221812
0 0.000478225 0.0012452 0.00228405
0 0.00158111 0.00419658 0.0066449
0 0.00274929 0.00700636 0.0105812
0 0.00385441 0.00950916 0.0138804
0 0.00481124 0.0115875 0.0164316
0 0.00558519 0.0131771 0.0182309
0 0.00618653 0.014283 0.0193688
0 0.00664232 0.0149709 0.0199915
0 0.00697054 0.0153389 0.0202553
0 0.00717781 0.0154904 0.0202986
0 0.00726338 0.0155043 0.0202195
0 0.00723084 0.01542 0.0200688
0 0.00707328 0.015214 0.0198288
0 0.00674479 0.0147751 0.0193855
0 0.00621507 0.0139778 0.0185898
0 0.00553344 0.0127868 0.0173501
0 0.00479449 0.0112706 0.0156461
0 0.00405661 0.00953336 0.0134913
0 0.00328528 0.00761616 0.0108836
0 0.00239805 0.00548006 0.00781637
0 0.00138261 0.0031037 0.00435479
0 0.000315677 0.000540475 0.000643918
0 -0.000727432 -0.00211845 -0.00316414
0 -0.0017338 -0.00479007 -0.00695751
0 -0.0027324 -0.0074125 -0.0106476
0 -0.0037182 -0.00990699 -0.0141092
0 -0.00462156 -0.0121469 -0.0171652
0 -0.00537218 -0.0140028 -0.0196572
0 -0.00593669 -0.0153836 -0.021485
0 -0.00628436 -0.0162188 -0.0225745
0 -0.00637792 -0.0164544 -0.0228693
0 -0.00620413 -0.0160741 -0.0223563
0 -0.00578242 -0.0151028 -0.0210687
0 -0.00515415 -0.0136014 -0.0190744
0 -0.00438558 -0.011682 -0.0164846
0 -0.00356684 -0.00951248 -0.0134665
0 -0.00277718 -0.00727701 -0.0102207
0 -0.00204452 -0.00511622 -0.00693399
0 -0.00134714 -0.00309775 -0.00375592
0 -0.000625643 -0.0012 -0.000778982
0 0.000207415 0.000686545 0.00198553
0 0.00122455 0.00270294 0.00459639
0 0.00243146 0.00494048 0.00714409
0 0.00375333 0.00738965 0.00971731
0 0.00507912 0.00995706 0.0123968
0 0.00631465 0.0125188 0.0152488
0 0.0073985 0.0149613 0.0182923
0 0.0082794 0.0171833 0.0214466
0 0.00889957 0.0190801 0.0245075
0 0.00922484 0.0205504 0.0271929
0 0.00926554 0.0214978 0.0292026
0 0.00906943 0.0218356 0.0302703
0 0.00870098 0.0215078 0.0302136
0 0.00820992 0.0205004 0.0289595
0 0.00761341 0.0188457 0.0265533
0 0.0069034 0.0166242 0.0231562
0 0.00606978 0.0139619 0.0190243
0 0.00511355 0.0110123 0.0144639
0 0.00405645 0.00794468 0.00978649
0 0.0029527 0.00493738 0.00528454
0 0.00186984 0.0021443 0.00120635
0 0.000843355 -0.00034729 -0.00228459
0 -0.000125322 -0.00251127 -0.00511868
0 -0.00103231 -0.0043442 -0.00729601
0 -0.00186095 -0.00585196 -0.00888015
0 -0.00256976 -0.00703125 -0.00996753
0 -0.00307958 -0.00784185 -0.0106305
0 -0.00332308 -0.0082358 -0.0109155
0 -0.0033023 -0.00821129 -0.0108693
0 -0.00308352 -0.00782839 -0.0105369
0 -0.00274792 -0.0071818 -0.00994113
0 -0.00235707 -0.00636628 -0.00908304
0 -0.00198907 -0.00550077 -0.00801117
0 -0.0017425 -0.00473328 -0.00685393
0 -0.00162869 -0.00413517 -0.0057212
0 -0.00149134 -0.00358732 -0.00458787
0 -0.00110721 -0.00282489 -0.00331867
0 -0.000358694 -0.00159987 -0.00177662
0 0.000756308 0.000248556 0.000178071
0 0.00219154 0.00278814 0.00272116
0 0.0038479 0.00595597 0.00600327
0 0.00557266 0.00956094 0.0100804
0 0.00721516 0.0133599 0.014901
0 0.00868987 0.0171502 0.0203213
0 0.00999371 0.0208294 0.0261054
0 0.0111791 0.0243846 0.0319281
0 0.0123198 0.0278217 0.0374279
0 0.0134873 0.031111 0.0422987
0 0.0147223 0.0341777 0.0463544
0 0.0160199 0.0369267 0.04955
0 0.0173116 0.0392617 0.0519411
0 0.0183925 0.0410071 0.0535372
0 0.018934 0.041859 0.0542033
0 0.0186585 0.0414883 0.0537198
0 0.0174538 0.0396379 0.0518337
0 0.0153428 0.0361375 0.0482422
0 0.0124349 0.0309208 0.0426325
0 0.00891836 0.0240734 0.0348013
0 0.00503612 0.0158493 0.0247596
0 0.00101165 0.00659473 0.0127362
0 -0.00299784 -0.00334053 -0.000875268
0 -0.00690415 -0.013622 -0.0155896
0 -0.0107003 -0.0239612 -0.0308525
0 -0.0144507 -0.0341472 -0.0459914
0 -0.0182581 -0.0440194 -0.0603121
0 -0.022217 -0.0534504 -0.0732952
0 -0.0263613 -0.0623261 -0.0846759
0 -0.030642 -0.0705393 -0.0944328
0 -0.0349081 -0.0779628 -0.102652
0 -0.038934 -0.084419 -0.109398
0 -0.0424791 -0.0897106 -0.1147
0 -0.0453157 -0.0936738 -0.118575
0 -0.0472318 -0.096191 -0.121009
0 -0.0479626 -0.0970802 -0.121858
0 -0.0472654 -0.0960644 -0.120836
0 -0.045131 -0.092896 -0.117615
0 -0.0418411 -0.0874938 -0.111913
0 -0.0378623 -0.0800573 -0.103595
0 -0.0336029 -0.0709905 -0.0926916
0 -0.0292061 -0.060683 -0.0793571
0 -0.0246018 -0.0494105 -0.063917
0 -0.0197054 -0.0373778 -0.046933
0 -0.014572 -0.0248282 -0.0291587
0 -0.0093491 -0.0120691 -0.0113081
0 -0.00421873 0.000529767 0.00603297
0 0.000508089 0.0123851 0.0221429
0 0.00449007 0.0226959 0.0360933
0 0.00764725 0.030815 0.0471217
0 0.0103049 0.0366745 0.0550192
0 0.0128914 0.0407073 0.0600182
0 0.015347 0.0432428 0.062275
0 0.0171154 0.0442261 0.0617981
0 0.017898 0.0437011 0.0590343
0 0.0179919 0.0421422 0.0550513
0 0.0176879 0.0400126 0.0508346
0 0.0167807 0.0373027 0.0466769
0 0.014945 0.0337469 0.0423948
0 0.01225 0.0292493 0.0377769
0 0.00910612 0.0239755 0.0326659
0 0.00606529 0.0183765 0.0270289
0 0.00364997 0.0131149 0.0210502
0 0.00206017 0.00868912 0.0149864
0 0.00110713 0.00518531 0.00905594
0 0.000452248 0.00239152 0.00348296
0 -0.000168105 2.16847e-05 -0.00147065
0 -0.000827523 -0.0020874 -0.00547711
0 -0.00148007 -0.00392964 -0.00823524
0 -0.00215441 -0.0054528 -0.00968644
0 -0.00293107 -0.006601 -0.0100154
0 -0.00382469 -0.00734342 -0.00952582
0 -0.00483824 -0.00782019 -0.00865366
0 -0.00597569 -0.00834173 -0.00792916
0 -0.00708673 -0.00912476 -0.00774889
0 -0.00774817 -0.00998604 -0.00812068
0 -0.00744452 -0.0103256 -0.00865257
0 -0.00596171 -0.00947267 -0.00879969
0 -0.00355413 -0.0070644 -0.00806395
0 -0.000794905 -0.00325038 -0.00607513
0 0.00169156 0.00133838 -0.00263461
0 0.00350864 0.00592475 0.00228262
0 0.00465155 0.0100282 0.00854169
0 0.00534995 0.0135518 0.0157579
0 0.00587303 0.0166722 0.0232792
0 0.00658928 0.0198483 0.0304437
0 0.0078174 0.0235025 0.0367232
0 0.00954224 0.0275718 0.0416993
0 0.0114948 0.0315508 0.0451775
0 0.0133674 0.0348094 0.0472529
0 0.0148216 0.0367857 0.0481054
0 0.0154606 0.0370769 0.0477688
0 0.014925 0.0354904 0.0460722
0 0.0130326 0.0320023 0.0427021
0 0.00994444 0.0267606 0.0374052
0 0.00618364 0.0201282 0.0301882
0 0.00227874 0.0125005 0.0211972
0 -0.00155622 0.00410031 0.0105455
0 -0.0053195 -0.00493395 -0.00158687
0 -0.00900476 -0.0143811 -0.0148473
0 -0.0125114 -0.023883 -0.0287024
0 -0.0157116 -0.0330346 -0.0424505
0 -0.0185996 -0.0415105 -0.0553146
0 -0.0213261 -0.0491168 -0.066612
0 -0.0240723 -0.0557689 -0.0758787
0 -0.0269438 -0.061463 -0.0829291
0 -0.0298918 -0.0662013 -0.0878115
0 -0.0326549 -0.0698843 -0.0906936
0 -0.0348382 -0.0723111 -0.091812
0 -0.0360129 -0.0732121 -0.0913883
0 -0.0357888 -0.0722741 -0.0894979
0 -0.0339734 -0.0692299 -0.0860296
0 -0.0307113 -0.0639706 -0.0807349
0 -0.026434 -0.056629 -0.0733261
0 -0.021696 -0.0476186 -0.0636279
0 -0.0170201 -0.0375854 -0.0517385
0 -0.0127857 -0.0272596 -0.0381207
0 -0.00916696 -0.017251 -0.0235401
0 -0.00614141 -0.00794152 -0.00886654
0 -0.00359273 0.000464479 0.00506405
0 -0.00138024 0.00789472 0.0174709
0 0.000687573 0.0143573 0.0276804
0 0.00281533 0.0198365 0.0352463
0 0.00509733 0.0242508 0.0400456
0 0.00745445 0.0274969 0.0422788
0 0.00965771 0.0295078 0.0423971
0 0.0114136 0.0303025 0.0410063
0 0.0124715 0.030013 0.0387545
0 0.0126635 0.0288333 0.0361789
0 0.0119162 0.026926 0.0335814
0 0.0102907 0.0243615 0.0309957
0 0.00799525 0.0211332 0.0282288
0 0.00534722 0.0172518 0.0249657
0 0.00266886 0.0128074 0.0208696
0 0.000176335 0.00794938 0.0156651
0 -0.00205886 0.0028268 0.00922516
0 -0.00409902 -0.00249093 0.00160726
0 -0.00608063 -0.00802145 -0.00697575
0 -0.00810474 -0.0137723 -0.0161771
0 -0.0101644 -0.0196649 -0.0254951
0 -0.0121914 -0.025525 -0.0343337
0 -0.0141402 -0.0310645 -0.0421398
0 -0.0159788 -0.0358993 -0.0484716
0 -0.0176326 -0.0396555 -0.053023
0 -0.0189736 -0.0420855 -0.0556528
0 -0.0198555 -0.0431118 -0.0563868
0 -0.0201542 -0.0427975 -0.0553919
0 -0.0198026 -0.0412871 -0.0529264
0 -0.0188379 -0.0387786 -0.0493066
0 -0.017415 -0.0355129 -0.0448757
0 -0.0157345 -0.0317412 -0.0399435
0 -0.0139673 -0.0277004 -0.0347516
0 -0.0122357 -0.023614 -0.0294897
0 -0.0106209 -0.0196877 -0.0243269
0 -0.0091805 -0.0161029 -0.0194384
0 -0.00796601 -0.0130147 -0.0150189
0 -0.0070102 -0.0105254 -0.0112592
0 -0.00626565 -0.0086096 -0.00826589
0 -0.00556775 -0.0070656 -0.00598198
0 -0.00474844 -0.0056297 -0.00424453
0 -0.00376981 -0.00413928 -0.00288869
0 -0.00267671 -0.00252994 -0.00171931
0 -0.00147861 -0.000731894 -0.000439929
0 -0.000172652 0.00133061 0.00127422
0 0.00113715 0.00362839 0.00359865
0 0.00227825 0.00602585 0.00652552
0 0.00314065 0.00837007 0.00993729
0 0.00374652 0.0105721 0.0136703
0 0.0042486 0.0126737 0.0175622
0 0.0047998 0.0147757 0.0214083
0 0.00544639 0.0169065 0.0249496
0 0.00617414 0.0189972 0.0279659
0 0.00693122 0.0208859 0.0303029
0 0.00758066 0.0223142 0.0318149
0 0.00792018 0.022985 0.032351
0 0.00775498 0.0226371 0.0317651
0 0.00696392 0.0210968 0.0299253
0 0.00553963 0.0183151 0.0267333
0 0.00356325 0.0143541 0.0221252
0 0.00114079 0.00932659 0.0160601
0 -0.00160886 0.0033733 0.00855476
0 -0.00451442 -0.00329243 -0.000228565
0 -0.00736338 -0.0103499 -0.00995829
0 -0.00998934 -0.0174272 -0.02021
0 -0.0123471 -0.0242347 -0.0305175
0 -0.0145189 -0.0306391 -0.0403864
0 -0.0166439 -0.0365951 -0.049344
0 -0.0187988 -0.0420314 -0.0569922
0 -0.0209407 -0.0468061 -0.0630576
0 -0.0229361 -0.0507292 -0.0674268
0 -0.0245965 -0.0535893 -0.070115
0 -0.025712 -0.0551844 -0.0712015
0 -0.0260919 -0.0553614 -0.0707739
0 -0.0256029 -0.0540384 -0.0688795
0 -0.0242147 -0.0512186 -0.0655107
0 -0.0220332 -0.047 -0.0606437
0 -0.0192849 -0.0415815 -0.0543015
0 -0.0162455 -0.0352463 -0.0465952
0 -0.0131328 -0.0282904 -0.0377087
0 -0.0100474 -0.020949 -0.0278717
0 -0.00700861 -0.0133914 -0.0173582
0 -0.00401413 -0.00576025 -0.00646703
0 -0.00107917 0.00180314 0.00448693
0 0.00173487 0.0091494 0.0151344
0 0.00435644 0.0161005 0.0250441
0 0.00678924 0.022451 0.0338043
0 0.00910452 0.0280165 0.0411172
0 0.0113457 0.0326772 0.0468355
0 0.0134633 0.0363755 0.0509459
0 0.0153125 0.0390834 0.0535282
0 0.0166999 0.040773 0.0547192
0 0.0174465 0.0414038 0.0546832
0 0.0174476 0.0409404 0.0535748
0 0.0167246 0.0394061 0.051523
0 0.015434 0.036928 0.0486336
0 0.0138056 0.0337245 0.0449901
0 0.0120492 0.0300461 0.0406619
0 0.010297 0.026113 0.0357295
0 0.00860593 0.0220856 0.0303206
0 0.00698806 0.018065 0.0246215
0 0.00543666 0.0141139 0.0188585
0 0.00392997 0.0102719 0.0132436
0 0.0023941 0.00651323 0.00788196
0 0.000710896 0.00272415 0.00274715
0 -0.00120501 -0.00123131 -0.00225469
0 -0.00337938 -0.00546024 -0.00725298
0 -0.00579453 -0.0100296 -0.0124108
0 -0.0084072 -0.0149696 -0.0179164
0 -0.0111676 -0.0202881 -0.0239621
0 -0.0140055 -0.0259534 -0.0306852
0 -0.0167939 -0.031849 -0.0380843
0 -0.0193782 -0.0377764 -0.0459742
0 -0.0216659 -0.0435155 -0.0540207
0 -0.0236475 -0.0488604 -0.0618054
0 -0.0253602 -0.0536359 -0.0688948
0 -0.0268561 -0.0577097 -0.0749128
0 -0.0281603 -0.0609771 -0.0795745
0 -0.0292468 -0.0633472 -0.0826999
0 -0.0300329 -0.0647312 -0.0842099
0 -0.030383 -0.0650251 -0.0840993
0 -0.030138 -0.0641095 -0.0824081
0 -0.0291858 -0.061889 -0.0792066
0 -0.0275306 -0.0583544 -0.0745968
0 -0.025272 -0.0535978 -0.0686866
0 -0.0225278 -0.0477731 -0.0615508
0 -0.0194037 -0.0410634 -0.05325
0 -0.0160082 -0.0336651 -0.0438873
0 -0.0124567 -0.0257684 -0.0336409
0 -0.00884852 -0.0175348 -0.0227442
0 -0.00524911 -0.00910451 -0.0114376
0 -0.00169867 -0.000621865 6.61682e-05
0 0.00177163 0.00777254 0.011575
0 0.00511176 0.0159328 0.0228517
0 0.00825145 0.0236653 0.0335451
0 0.0111321 0.030717 0.0432117
0 0.0137024 0.036811 0.0514228
0 0.0158821 0.0416835 0.0578347
0 0.0175278 0.045087 0.0621711
0 0.0184457 0.0467948 0.0642095
0 0.0184901 0.0466656 0.0638464
0 0.0176611 0.0447202 0.0611578
0 0.016099 0.0411445 0.0563754
0 0.0139971 0.0362323 0.0498194
0 0.0115137 0.0303008 0.0418403
0 0.00874335 0.0236267 0.0327871
0 0.00573923 0.0164249 0.0229897
0 0.00253561 0.00885348 0.0127282
0 -0.000831706 0.00104156 0.00220766
0 -0.00430842 -0.00689812 -0.00843363
0 -0.00782917 -0.0148971 -0.0190868
0 -0.0113408 -0.0229268 -0.0296542
0 -0.0148327 -0.0309416 -0.0400499
0 -0.0183114 -0.0388181 -0.0501422
0 -0.0216898 -0.0463022 -0.0596701
0 -0.0247872 -0.0530601 -0.0682893
0 -0.0274343 -0.0587944 -0.0756846
0 -0.0294899 -0.0632637 -0.0815734
0 -0.0308276 -0.0662706 -0.0856858
0 -0.0313606 -0.0676723 -0.0877881
0 -0.0310687 -0.0673869 -0.0877094
0 -0.0300135 -0.065409 -0.0853694
0 -0.0283111 -0.0618175 -0.080797
0 -0.0260895 -0.0567715 -0.0741406
0 -0.0234665 -0.0505041 -0.0656767
0 -0.0205456 -0.0433054 -0.055801
0 -0.0174085 -0.0354811 -0.0449799
0 -0.0141091 -0.0273038 -0.0336771
0 -0.0106876 -0.0189988 -0.0222864
0 -0.00719405 -0.0107543 -0.0110962
0 -0.00369565 -0.00270689 -0.000306026
0 -0.000263264 0.00507128 0.00993952
0 0.00305761 0.0125343 0.0195497
0 0.00626982 0.0196157 0.0284775
0 0.00941204 0.0262435 0.0366856
0 0.012501 0.0323687 0.0441409
0 0.0154946 0.0379556 0.0508265
0 0.0183144 0.0429721 0.0567447
0 0.0208744 0.0473941 0.0619115
0 0.0230741 0.0511941 0.0663317
0 0.0247833 0.0542978 0.0699597
0 0.0258693 0.0565543 0.0726857
0 0.0262578 0.0577793 0.0743681
0 0.0259598 0.057822 0.0748561
0 0.0250579 0.0566099 0.0739875
0 0.0236678 0.0541722 0.0716027
0 0.0218949 0.0506195 0.0675881
0 0.0198061 0.046082 0.0619151
0 0.0174237 0.0406575 0.0546623
0 0.0147429 0.0344059 0.0460187
0 0.0117532 0.0273768 0.0362539
0 0.0084457 0.0196296 0.025658
0 0.00481461 0.011244 0.0144729
0 0.00085647 0.00231993 0.00284252
0 -0.00341024 -0.00703925 -0.00917206
0 -0.0079037 -0.01672 -0.0215055
0 -0.0124859 -0.026569 -0.0340292
0 -0.0170481 -0.036402 -0.0465615
0 -0.0215679 -0.0460502 -0.0588937
0 -0.026057 -0.0553816 -0.0708167
0 -0.0304733 -0.0642714 -0.0821232
0 -0.0346742 -0.0725478 -0.0925723
0 -0.0384655 -0.079984 -0.1019
0 -0.0417017 -0.0863594 -0.109886
0 -0.0442968 -0.0914882 -0.116354
0 -0.0461712 -0.0952114 -0.121147
0 -0.0472454 -0.0974141 -0.124144
0 -0.0474718 -0.0980473 -0.125262
0 -0.0468687 -0.0971159 -0.12444
0 -0.0455313 -0.0946586 -0.121634
0 -0.0435885 -0.0907498 -0.116841
0 -0.0411586 -0.0855072 -0.110125
0 -0.0383415 -0.0790954 -0.101644
0 -0.0352265 -0.0717253 -0.0916739
0 -0.0318858 -0.0636361 -0.080587
0 -0.0283637 -0.055063 -0.0687965
0 -0.0246834 -0.0462154 -0.0567044
0 -0.0208557 -0.0372585 -0.0446562
0 -0.0168894 -0.0283026 -0.032886
0 -0.0128187 -0.0194281 -0.0214997
0 -0.00871785 -0.0107116 -0.010515
0 -0.0046772 -0.00222494 9.75978e-05
0 -0.000768565 0.00596517 0.0103951
0 0.00297367 0.0138084 0.0204108
0 0.00655627 0.02129 0.030098
0 0.0100097 0.0284175 0.0393393
0 0.013359 0.0351714 0.0479869
0 0.0165967 0.0414677 0.0558894
0 0.0196828 0.047193 0.0629198
0 0.0225571 0.0522548 0.0689902
0 0.0251114 0.0565753 0.0740323
0 0.0271769 0.0600595 0.0779798
0 0.0285927 0.0625771 0.0807742
0 0.0292643 0.0639794 0.0823645
0 0.0291637 0.0641324 0.0826854
0 0.0283278 0.0629507 0.0816332
0 0.0268572 0.0604281 0.0790723
0 0.024884 0.0566428 0.0748751
0 0.0225308 0.0517315 0.0689739
0 0.0198815 0.0458466 0.0613996
0 0.0169749 0.039121 0.0523041
0 0.0138258 0.0316678 0.0419606
0 0.010455 0.0236046 0.0307297
0 0.00689651 0.0150731 0.0189827
0 0.00317931 0.00624312 0.00702075
0 -0.000667997 -0.00271178 -0.00493955
0 -0.00459281 -0.0116474 -0.0167193
0 -0.00851777 -0.0204421 -0.0281566
0 -0.0123791 -0.0289635 -0.0391032
0 -0.0161475 -0.0370731 -0.0494037
0 -0.0197948 -0.0446449 -0.0589046
0 -0.0232651 -0.0515658 -0.0674787
0 -0.0264746 -0.057732 -0.0750285
0 -0.0293181 -0.063043 -0.0814766
0 -0.0316726 -0.0673904 -0.0867385
0 -0.0334137 -0.0706565 -0.0907114
0 -0.0344441 -0.0727223 -0.0932828
0 -0.0347055 -0.0734718 -0.0943346
0 -0.0341961 -0.0728101 -0.0937504
0 -0.0329853 -0.0706993 -0.0914313
0 -0.0311817 -0.0671778 -0.0873138
0 -0.0288909 -0.0623543 -0.0813918
0 -0.0262007 -0.0563855 -0.0737455
0 -0.0231894 -0.0494592 -0.0645648
0 -0.0199367 -0.0417812 -0.0541491
0 -0.0165159 -0.0335598 -0.042873
0 -0.0129888 -0.025001 -0.0311375
0 -0.00942246 -0.0163329 -0.0193255
0 -0.00590392 -0.00781935 -0.00777572
0 -0.0025332 0.000284395 0.0032192
0 0.000601486 0.00778113 0.0134073
0 0.00345587 0.0145394 0.0225633
0 0.00603908 0.0204733 0.0304784
0 0.00837659 0.0255239 0.0369894
0 0.010465 0.0296557 0.042018
0 0.0122586 0.032847 0.0455796
0 0.0136824 0.0350789 0.0477663
0 0.0146468 0.0363318 0.0487078
0 0.0150608 0.036588 0.0485278
0 0.0148567 0.0358415 0.0473178
0 0.0140231 0.0341078 0.0451256
0 0.0126297 0.031433 0.0419656
0 0.010813 0.0279078 0.0378489
0 0.00872821 0.0236682 0.0328044
0 0.00650322 0.0188753 0.0268876
0 0.00422206 0.0136911 0.0201961
0 0.00193531 0.00826568 0.0128868
0 -0.00032343 0.00273587 0.00516814
0 -0.00252849 -0.00277833 -0.0027305
0 -0.00466086 -0.00818102 -0.0105744
0 -0.0067124 -0.0134033 -0.0181173
0 -0.0086901 -0.018392 -0.0251173
0 -0.0106096 -0.0230777 -0.0313865
0 -0.0124798 -0.0273579 -0.036813
0 -0.014277 -0.0311179 -0.0413396
0 -0.0159188 -0.0342561 -0.0449457
0 -0.0172712 -0.0366866 -0.0476289
0 -0.0181922 -0.0383247 -0.0493876
0 -0.0185776 -0.0390852 -0.050212
0 -0.0183902 -0.0389002 -0.050077
0 -0.0176716 -0.0377503 -0.0489418
0 -0.0165248 -0.0356837 -0.0467609
0 -0.0150788 -0.0328121 -0.0435085
0 -0.0134544 -0.029289 -0.03921
0 -0.0117396 -0.0252805 -0.0339669
0 -0.00998659 -0.0209434 -0.0279661
0 -0.00822277 -0.0164125 -0.0214634
0 -0.0064628 -0.0118034 -0.014744
0 -0.00470953 -0.00722343 -0.00806995
0 -0.00295255 -0.00276024 -0.00164997
0 -0.00117923 0.00153527 0.00436196
0 0.000603707 0.00563118 0.00985753
0 0.00235906 0.00948222 0.0147676
0 0.00402374 0.013013 0.0190567
0 0.00551623 0.0161152 0.0227092
0 0.00674306 0.0186633 0.0257047
0 0.00761078 0.0205361 0.0279987
0 0.00804332 0.0216292 0.029514
0 0.00799743 0.0218609 0.0301367
0 0.00748425 0.0211917 0.0297412
0 0.00657702 0.0196461 0.0282286
0 0.00538394 0.017307 0.0255568
0 0.00401228 0.0142942 0.02176
0 0.0025421 0.0107424 0.0169572
0 0.00101695 0.00678858 0.0113471
0 -0.000554608 0.0025644 0.00517278
0 -0.00219022 -0.00181653 -0.00132242
0 -0.00391136 -0.00627367 -0.00791339
0 -0.00572577 -0.010763 -0.0143983
0 -0.00762819 -0.0152639 -0.0206073
0 -0.0096066 -0.01975 -0.0264289
0 -0.0116352 -0.0241602 -0.031831
0 -0.0136609 -0.0283953 -0.0368356
0 -0.0156018 -0.0323418 -0.0414699
0 -0.0173523 -0.035893 -0.045733
0 -0.0187894 -0.0389359 -0.0495603
0 -0.0197913 -0.0413289 -0.0528038
0 -0.0202847 -0.0429256 -0.0552618
0 -0.0202714 -0.0436129 -0.0567227
0 -0.0198137 -0.0433289 -0.0569901
0 -0.0190059 -0.0420755 -0.0559142
0 -0.0179445 -0.0399219 -0.0534307
0 -0.0167014 -0.0369871 -0.0495918
0 -0.0153166 -0.0334162 -0.0445717
0 -0.0138031 -0.0293559 -0.0386418
0 -0.0121582 -0.0249377 -0.0321262
0 -0.0103808 -0.0202775 -0.0253492
0 -0.00847985 -0.0154858 -0.0185804
0 -0.00647638 -0.0106767 -0.0120056
0 -0.00441508 -0.00596513 -0.00574724
0 -0.00237163 -0.00145716 0.000102603
0 -0.000434694 0.00275579 0.00547694
0 0.00132624 0.00660343 0.0103431
0 0.00287249 0.0100358 0.0146939
0 0.00418086 0.0130109 0.0185225
0 0.00522966 0.0154817 0.0217974
0 0.00599641 0.0173928 0.024447
0 0.00645487 0.0186788 0.0263596
0 0.00658392 0.0192746 0.027408
0 0.00638724 0.0191358 0.0274821
0 0.00589211 0.0182474 0.0265083
0 0.00512793 0.0166164 0.0244546
0 0.00411447 0.0142699 0.0213393
0 0.00287027 0.0112635 0.0172428
0 0.0014272 0.00769413 0.0123122
0 -0.000160529 0.00370934 0.0067492
0 -0.00182841 -0.000512029 0.000781593
0 -0.00352653 -0.00480977 -0.00536706
0 -0.00522071 -0.00906538 -0.0114896
0 -0.00688032 -0.0131943 -0.0173868
0 -0.00847815 -0.01713 -0.0228669
0 -0.00998937 -0.0207937 -0.0277686
0 -0.0113799 -0.0240744 -0.0319758
0 -0.0125981 -0.0268389 -0.0354052
0 -0.0135785 -0.0289609 -0.0379911
0 -0.0142557 -0.0303512 -0.039685
0 -0.0145859 -0.0309755 -0.0404619
0 -0.0145657 -0.0308587 -0.0403298
0 -0.0142296 -0.0300699 -0.0393317
0 -0.0136318 -0.0286985 -0.0375383
0 -0.0128354 -0.0268425 -0.0350511
0 -0.011901 -0.0246025 -0.0319975
0 -0.0108725 -0.0220728 -0.028514
0 -0.00977211 -0.0193358 -0.0247305
0 -0.00860865 -0.0164625 -0.0207653
0 -0.00739036 -0.0135169 -0.0167232
0 -0.00613702 -0.0105612 -0.0126956
0 -0.00487948 -0.00765476 -0.00876137
0 -0.00364552 -0.00484339 -0.00498403
0 -0.00245047 -0.00215372 -0.00140675
0 -0.00130375 0.000399232 0.00194415
0 -0.000219513 0.00279865 0.00504968
0 0.000780254 0.00501511 0.00789122
0 0.00166726 0.00700389 0.0104452
0 0.00240746 0.00870856 0.0126752
0 0.00296209 0.0100648 0.014524
0 0.00329669 0.0110081 0.0159148
0 0.00339691 0.0114892 0.0167645
0 0.0032797 0.0114879 0.0170038
0 0.00299411 0.0110255 0.0165991
0 0.00259955 0.0101612 0.0155614
0 0.00213436 0.00896741 0.0139401
0 0.00160556 0.00750756 0.0118161
0 0.000998198 0.00582699 0.0092916
0 0.00029233 0.00395501 0.00647631
0 -0.000523216 0.00191067 0.00347568
0 -0.00144755 -0.000290045 0.00037705
0 -0.00246834 -0.00262468 -0.00275966
0 -0.00356067 -0.00505597 -0.00589861
0 -0.00468895 -0.007531 -0.00901979
0 -0.00581285 -0.00998777 -0.0121105
0 -0.00689318 -0.0123651 -0.0151554
0 -0.00789685 -0.014614 -0.0181284
0 -0.0087978 -0.0167018 -0.0209841
0 -0.00957904 -0.018606 -0.0236581
0 -0.0102398 -0.0203091 -0.0260807
0 -0.0107977 -0.0217961 -0.0281935
0 -0.0112782 -0.0230553 -0.0299568
0 -0.0116994 -0.0240794 -0.0313486
0 -0.0120617 -0.024863 -0.0323589
0 -0.0123477 -0.0254011 -0.0329894
0 -0.0125322 -0.0256877 -0.0332535
0 -0.0125899 -0.0257143 -0.0331731
0 -0.0125034 -0.0254706 -0.0327733
0 -0.0122615 -0.0249437 -0.0320688
0 -0.0118534 -0.0241141 -0.03105
0 -0.011274 -0.0229633 -0.0296857
0 -0.0105372 -0.0214898 -0.0279413
0 -0.00967733 -0.0197168 -0.025796
0 -0.0087368 -0.0176863 -0.0232506
0 -0.00776049 -0.0154575 -0.0203408
0 -0.00679564 -0.0131097 -0.0171481
0 -0.00588297 -0.0107368 -0.0137922
0 -0.00504792 -0.00843866 -0.0104126
0 -0.00430159 -0.00630885 -0.00715661
0 -0.00365225 -0.00442681 -0.00418116
0 -0.00311139 -0.00285334 -0.00164462
0 -0.00268561 -0.00162701 0.000319291
0 -0.00236721 -0.000762271 0.00162902
0 -0.00213774 -0.000253276 0.0022681
0 -0.00198761 -8.69634e-05 0.00227394
0 -0.00192856 -0.000251445 0.00171956
0 -0.00198742 -0.000734137 0.000699204
0 -0.00219035 -0.00151567 -0.000684713
0 -0.0025458 -0.00256144 -0.0023304
0 -0.00303645 -0.00381711 -0.00414299
0 -0.00362215 -0.00521061 -0.00603866
0 -0.00424878 -0.006658 -0.00794458
0 -0.00485835 -0.00807101 -0.00979531
0 -0.00539557 -0.00936153 -0.0115244
0 -0.0058115 -0.0104438 -0.0130545
0 -0.00607074 -0.0112422 -0.0142961
0 -0.00615778 -0.0117014 -0.0151547
0 -0.00607688 -0.01179 -0.0155414
0 -0.00584733 -0.0114993 -0.0153854
0 -0.00549469 -0.0108367 -0.0146452
0 -0.00504213 -0.00982109 -0.0133156
0 -0.00451021 -0.00848611 -0.0114339
0 -0.0039216 -0.00688883 -0.0090819
0 -0.00329877 -0.00510829 -0.00637744
0 -0.00265748 -0.00323095 -0.00346198
0 -0.00201231 -0.00134308 -0.000496073
0 -0.00138754 0.000466786 0.00234392
0 -0.000812636 0.00211203 0.00488457
0 -0.000312018 0.00351429 0.00697998
0 9.21678e-05 0.00460156 0.00852069
0 0.000372863 0.00530581 0.00943283
0 0.000500389 0.00556944 0.0096796
0 0.000448248 0.00535511 0.00925917
0 0.000196571 0.00465196 0.00819486
0 -0.000264952 0.003475 0.0065234
0 -0.000936448 0.00185461 0.00428515
0 -0.00180674 -0.000173275 0.00152125
0 -0.00285232 -0.00256847 -0.00172389
0 -0.00403752 -0.00528087 -0.00539713
0 -0.00531499 -0.00824433 -0.00942957
0 -0.00663078 -0.0113748 -0.0137313
0 -0.00793421 -0.014576 -0.0181864
0 -0.00918773 -0.0177518 -0.0226506
0 -0.0103683 -0.0208106 -0.0269612
0 -0.0114609 -0.0236583 -0.0309532
0 -0.0124537 -0.0262005 -0.0344753
0 -0.0133349 -0.0283563 -0.0374025
0 -0.0140853 -0.0300682 -0.0396466
0 -0.0146789 -0.0313014 -0.0411629
0 -0.0150894 -0.0320405 -0.0419501
0 -0.0152962 -0.0322844 -0.0420458
0 -0.0152881 -0.0320471 -0.0415158
0 -0.015062 -0.0313562 -0.0404379
0 -0.0146253 -0.0302514 -0.0388892
0 -0.0139982 -0.0287851 -0.0369398
0 -0.0132126 -0.027017 -0.0346499
0 -0.0123089 -0.0250102 -0.0320713
0 -0.0113313 -0.0228279 -0.0292528
0 -0.0103169 -0.020526 -0.0262409
0 -0.00928717 -0.0181469 -0.0230794
0 -0.00824609 -0.0157169 -0.0198102
0 -0.0071915 -0.0132548 -0.0164765
0 -0.00612665 -0.0107821 -0.0131243
0 -0.00506181 -0.00832557 -0.00980054
0 -0.00400964 -0.00591303 -0.00655167
0 -0.00298371 -0.00357271 -0.00342239
0 -0.00199898 -0.0013334 -0.000453121
0 -0.00106964 0.000777825 0.00232332
0 -0.000205755 0.00273698 0.00488333
0 0.000588656 0.00452528 0.00721313
0 0.00131409 0.00613376 0.00930865
0 0.00197107 0.00756509 0.0111731
0 0.002556 0.00882847 0.0128123
0 0.0030597 0.00992875 0.0142299
0 0.00346777 0.010855 0.0154223
0 0.00376039 0.0115754 0.0163725
0 0.00391161 0.0120397 0.0170421
0 0.00389452 0.0121891 0.017371
0 0.00369093 0.011969 0.0172838
0 0.00329856 0.0113413 0.0167028
0 0.00273387 0.0102939 0.0155638
0 0.00202639 0.00884272 0.0138326
0 0.00120855 0.00702503 0.0115132
0 0.000306388 0.00489038 0.00864864
0 -0.000666911 0.00249151 0.00531067
0 -0.00170773 -0.000119747 0.00159192
0 -0.00281379 -0.00289348 -0.00239849
0 -0.00397921 -0.00578139 -0.00654516
0 -0.00519117 -0.0087348 -0.010737
0 -0.00643221 -0.0117065 -0.0148759
0 -0.00768524 -0.0146539 -0.0188792
0 -0.00893089 -0.0175324 -0.0226781
0 -0.0101409 -0.0202843 -0.0262176
0 -0.0112763 -0.0228384 -0.0294558
0 -0.0122947 -0.025123 -0.0323597
0 -0.01316 -0.0270801 -0.034897
0 -0.013849 -0.0286722 -0.0370287
0 -0.0143508 -0.0298803 -0.0387098
0 -0.0146606 -0.0306901 -0.0398896
0 -0.0147756 -0.031082 -0.0405155
0 -0.0146965 -0.0310346 -0.0405431
0 -0.0144319 -0.0305346 -0.0399469
0 -0.0139973 -0.029588 -0.0387289
0 -0.0134111 -0.028224 -0.0369205
0 -0.0126871 -0.0264864 -0.0345766
0 -0.011831 -0.024422 -0.0317652
0 -0.010849 -0.0220759 -0.028563
0 -0.00975754 -0.0194954 -0.0250536
0 -0.00858351 -0.0167339 -0.0213231
0 -0.00735699 -0.0138523 -0.0174549
0 -0.00610966 -0.0109205 -0.0135244
0 -0.00488149 -0.008022 -0.00960827
0 -0.00372752 -0.00525634 -0.00580509
0 -0.00271359 -0.00273623 -0.00224534
0 -0.00190182 -0.000579105 0.000914931
0 -0.0013302 0.00111176 0.00351484
0 -0.00100123 0.00226576 0.00541295
0 -0.000892768 0.00284749 0.00649888
0 -0.000971075 0.00285628 0.00670505
0 -0.0011962 0.00232817 0.00602584
0 -0.00152538 0.00133801 0.00453227
0 -0.00191782 -3.41758e-06 0.00237084
0 -0.00234659 -0.00156982 -0.000259675
0 -0.00280708 -0.00324805 -0.00314166
0 -0.00331182 -0.00495746 -0.00606806
0 -0.00387721 -0.00665365 -0.00886369
0 -0.00451278 -0.00831826 -0.0113988
0 -0.00521745 -0.00994241 -0.0135983
0 -0.00597787 -0.0115101 -0.0154478
0 -0.00676176 -0.0129873 -0.0169848
0 -0.00751209 -0.0143211 -0.0182705
0 -0.00815406 -0.0154489 -0.0193592
0 -0.008616 -0.016311 -0.0202778
0 -0.008853 -0.0168643 -0.021017
0 -0.00885912 -0.0170891 -0.0215324
0 -0.00866454 -0.0169899 -0.0217533
0 -0.00832405 -0.0165903 -0.0216014
0 -0.00790105 -0.0159239 -0.0210132
0 -0.00745081 -0.0150268 -0.0199603
0 -0.00700645 -0.0139348 -0.0184593
0 -0.00657149 -0.0126811 -0.0165676
0 -0.00612604 -0.011295 -0.0143731
0 -0.00564353 -0.00980544 -0.0119812
0 -0.00510328 -0.0082396 -0.00950241
0 -0.00449312 -0.00661921 -0.00703958
0 -0.0038096 -0.00496205 -0.00467535
0 -0.00306043 -0.00328898 -0.00246291
0 -0.00226955 -0.00163118 -0.000427015
0 -0.00148132 -3.6204e-05 0.00142598
0 -0.000756872 0.00143068 0.00309414
0 -0.000160237 0.00269377 0.00456775
0 0.000260259 0.00368183 0.00582237
0 0.000484376 0.00434375 0.00681651
0 0.000518998 0.00465545 0.00749078
0 0.000388903 0.00461804 0.00777257
0 0.000128274 0.00425166 0.0075905
0 -0.000223871 0.00358951 0.00689675
0 -0.000629978 0.0026712 0.00568585
0 -0.00106469 0.0015352 0.00399975
0 -0.00152357 0.000213666 0.00191963
0 -0.00202461 -0.0012701 -0.0004514
0 -0.00259831 -0.00289989 -0.00300603
0 -0.00327156 -0.00466245 -0.00564653
0 -0.00405383 -0.00654102 -0.00829432
0 -0.00493114 -0.00850837 -0.0108948
0 -0.00586854 -0.0105227 -0.013416
0 -0.00681665 -0.0125264 -0.0158397
0 -0.00772307 -0.0144529 -0.0181543
0 -0.00854301 -0.0162368 -0.0203464
0 -0.00924504 -0.0178245 -0.0223933
0 -0.0098138 -0.0191822 -0.0242581
0 -0.0102488 -0.0202969 -0.025891
0 -0.0105611 -0.02117 -0.0272357
0 -0.0107696 -0.0218082 -0.0282402
0 -0.0108954 -0.0222154 -0.0288676
0 -0.0109541 -0.0223896 -0.029102
0 -0.0109495 -0.0223255 -0.0289481
0 -0.010874 -0.0220228 -0.0284317
0 -0.0107163 -0.021494 -0.0275987
0 -0.0104675 -0.0207642 -0.0265092
0 -0.0101261 -0.0198656 -0.0252288
0 -0.00969719 -0.0188296 -0.0238166
0 -0.00918607 -0.0176777 -0.0223118
0 -0.0085991 -0.0164223 -0.0207306
0 -0.00795196 -0.0150756 -0.0190751
0 -0.007271 -0.0136565 -0.0173429
0 -0.00658659 -0.0121915 -0.0155333
0 -0.00592664 -0.0107162 -0.0136562
0 -0.00531083 -0.00927098 -0.0117345
0 -0.00474751 -0.00789087 -0.0098038
0 -0.00423706 -0.00660026 -0.00791235
0 -0.00377927 -0.00541562 -0.0061205
0 -0.00337681 -0.0043523 -0.00449475
0 -0.00303355 -0.00342927 -0.00309751
0 -0.00275398 -0.00267149 -0.00197986
0 -0.00254474 -0.00210871 -0.00117928
0 -0.002414 -0.00176899 -0.000718462
0 -0.00236739 -0.00166895 -0.000602618
0 -0.00240676 -0.00180859 -0.00082024
0 -0.0025333 -0.0021743 -0.00134861
0 -0.00274829 -0.0027448 -0.00215814
0 -0.00304905 -0.00349472 -0.00321305
0 -0.00342689 -0.00439785 -0.00447345
0 -0.0038669 -0.00542746 -0.00589719
0 -0.00434797 -0.00655237 -0.00743956
0 -0.00484854 -0.00773741 -0.00905675
0 -0.00535288 -0.00894757 -0.01071
0 -0.00585356 -0.0101535 -0.012368
0 -0.00634903 -0.0113356 -0.0140053
0 -0.00683539 -0.0124801 -0.0155961
0 -0.00730093 -0.0135716 -0.0171077
0 -0.00773032 -0.0145902 -0.0185042
0 -0.00811096 -0.0155117 -0.0197528
0 -0.00843492 -0.0163096 -0.0208258
0 -0.00869839 -0.0169605 -0.0217019
0 -0.00889944 -0.0174486 -0.0223655
0 -0.00903442 -0.017765 -0.0228042
0 -0.00909731 -0.0179055 -0.023008
0 -0.00908195 -0.0178684 -0.0229707
0 -0.00898679 -0.0176555 -0.022693
0 -0.00881947 -0.0172765 -0.0221878
0 -0.00859354 -0.0167487 -0.0214778
0 -0.00832029 -0.0160916 -0.0205888
0 -0.0080054 -0.0153243 -0.0195464
0 -0.00765128 -0.014465 -0.0183757
0 -0.00726058 -0.0135309 -0.0171022
0 -0.00683727 -0.0125376 -0.0157498
0 -0.00638661 -0.0114978 -0.0143387
0 -0.00591555 -0.0104227 -0.0128854
0 -0.00543265 -0.00932365 -0.0114039
0 -0.0049458 -0.00821177 -0.00990579
0 -0.00446033 -0.00709765 -0.00840199
0 -0.00398136 -0.0059932 -0.00690518
0 -0.00351937 -0.004917 -0.00543632
0 -0.00309348 -0.00389906 -0.00402986
0 -0.00272554 -0.00297794 -0.00273097
0 -0.00243415 -0.00219591 -0.00159164
0 -0.00223438 -0.0015965 -0.000670507
0 -0.00213583 -0.00121845 -2.81905e-05
0 -0.00213959 -0.00108814 0.000281572
0 -0.00223692 -0.00121377 0.000221747
0 -0.00241004 -0.00158164 -0.000218534
0 -0.00263436 -0.00215539 -0.00101647
0 -0.00288357 -0.00288051 -0.00211432
0 -0.00314025 -0.0036988 -0.00343033
0 -0.00340309 -0.00456435 -0.00487432
0 -0.0036848 -0.00545233 -0.00636129
0 -0.0040068 -0.00636119 -0.00782513
0 -0.00439165 -0.00730674 -0.00922857
0 -0.00485406 -0.00831044 -0.0105658
0 -0.00539305 -0.00938626 -0.011857
0 -0.00598772 -0.0105295 -0.0131365
0 -0.00659942 -0.0117122 -0.0144374
0 -0.00717991 -0.0128862 -0.0157781
0 -0.00768427 -0.0139947 -0.0171528
0 -0.00808363 -0.0149875 -0.018529
0 -0.00836966 -0.0158313 -0.0198481
0 -0.00855083 -0.0165084 -0.0210303
0 -0.0086483 -0.0170136 -0.021989
0 -0.00868905 -0.0173459 -0.0226484
0 -0.00869469 -0.0175002 -0.0229555
0 -0.0086775 -0.0174702 -0.0228911
0 -0.00864003 -0.0172562 -0.0224741
0 -0.00856993 -0.016865 -0.0217506
0 -0.00844035 -0.0163046 -0.0207779
0 -0.00822105 -0.0155819 -0.0196145
0 -0.00789224 -0.0147045 -0.0183125
0 -0.00745126 -0.0136825 -0.0169121
0 -0.00691068 -0.0125295 -0.0154351
0 -0.00629662 -0.0112669 -0.0138888
0 -0.0056469 -0.00992871 -0.0122758
0 -0.00500476 -0.00856196 -0.0106025
0 -0.00440962 -0.00722064 -0.00888684
0 -0.00388806 -0.00595553 -0.00716086
0 -0.00345065 -0.00480546 -0.00547244
0 -0.00309297 -0.00379236 -0.00388215
0 -0.00279828 -0.00292044 -0.00245391
0 -0.00254601 -0.00218357 -0.00124677
0 -0.00232079 -0.00157554 -0.000307902
0 -0.00211835 -0.00109863 0.000332969
0 -0.00194558 -0.000765797 0.000667957
0 -0.00181848 -0.000597183 0.000709908
0 -0.00176319 -0.000617989 0.000481563
0 -0.00180888 -0.000850668 7.87354e-06
0 -0.00197516 -0.00130468 -0.000686511
0 -0.00226614 -0.00197408 -0.00158157
0 -0.00267193 -0.0028414 -0.002666
0 -0.00317528 -0.00388566 -0.0039402
0 -0.00375639 -0.00508748 -0.0054133
0 -0.00439212 -0.00642706 -0.00709267
0 -0.00505529 -0.00787874 -0.00897228
0 -0.005719 -0.00940898 -0.011027
0 -0.00635957 -0.0109748 -0.0132087
0 -0.00695583 -0.0125227 -0.0154427
0 -0.00749484 -0.0139986 -0.0176342
0 -0.00797594 -0.0153583 -0.0196801
0 -0.00840444 -0.0165662 -0.021481
0 -0.00878625 -0.0175914 -0.0229556
0 -0.00912477 -0.01841 -0.0240553
0 -0.00941498 -0.0190053 -0.0247654
0 -0.00964166 -0.0193691 -0.0251004
0 -0.00978293 -0.0195 -0.0250954
0 -0.00981772 -0.0194016 -0.0247965
0 -0.00973704 -0.0190866 -0.0242563
0 -0.00954763 -0.01858 -0.0235272
0 -0.0092662 -0.0179152 -0.0226529
0 -0.00891359 -0.0171293 -0.0216648
0 -0.00851166 -0.0162578 -0.020584
0 -0.00808008 -0.0153293 -0.0194242
0 -0.00763501 -0.0143641 -0.0181956
0 -0.00718748 -0.0133742 -0.0169073
0 -0.0067426 -0.012366 -0.0155682
0 -0.00630383 -0.0113463 -0.0141913
0 -0.00587673 -0.0103278 -0.0127971
0 -0.00547069 -0.00933305 -0.0114165
0 -0.00509681 -0.00839203 -0.0100899
0 -0.00476114 -0.00753377 -0.00886021
0 -0.00446121 -0.00677642 -0.0077636
0 -0.00418949 -0.00612377 -0.00682508
0 -0.00394011 -0.00556913 -0.00605682
0 -0.00371248 -0.00510239 -0.00545774
0 -0.00351197 -0.00471745 -0.00501549
0 -0.00334739 -0.00441522 -0.00470991
0 -0.00322607 -0.00419979 -0.00451621
0 -0.00315427 -0.0040766 -0.00441334
0 -0.00314075 -0.0040542 -0.00439391
0 -0.00319478 -0.0041431 -0.00446649
0 -0.00332018 -0.00435171 -0.00465061
0 -0.00351149 -0.00468228 -0.00496921
0 -0.003755 -0.00512923 -0.00544204
0 -0.00403384 -0.00568081 -0.00608162
0 -0.0043319 -0.006321 -0.00688909
0 -0.00463898 -0.00703435 -0.00785454
0 -0.00495576 -0.00781263 -0.00896185
0 -0.0052893 -0.00865273 -0.0101886
0 -0.00564596 -0.00955134 -0.011506
0 -0.00602733 -0.0105005 -0.0128802
0 -0.00642996 -0.0114863 -0.0142767
0 -0.00684513 -0.0124876 -0.0156605
0 -0.00725793 -0.0134743 -0.0169947
0 -0.0076528 -0.0144126 -0.0182449
0 -0.00801511 -0.0152688 -0.0193804
0 -0.00832912 -0.0160108 -0.0203711
0 -0.0085786 -0.0166101 -0.0211872
0 -0.00874712 -0.0170408 -0.0217967
0 -0.00881978 -0.0172776 -0.0221658
0 -0.00878707 -0.0172974 -0.0222611
0 -0.00864802 -0.0170832 -0.0220542
0 -0.0084102 -0.0166286 -0.0215259
0 -0.00808839 -0.015942 -0.0206714
0 -0.00770137 -0.0150476 -0.0195049
0 -0.00726618 -0.0139803 -0.0180589
0 -0.0067952 -0.0127804 -0.0163823
0 -0.00629795 -0.0114905 -0.0145375
0 -0.00578325 -0.0101532 -0.0125949
0 -0.00525898 -0.00880677 -0.0106248
0 -0.00473174 -0.00748132 -0.00869161
0 -0.00420828 -0.00619953 -0.0068519
0 -0.00369583 -0.00498034 -0.0051497
0 -0.00320171 -0.00384093 -0.00361343
0 -0.00273434 -0.00279788 -0.00225649
0 -0.0023043 -0.00186676 -0.00108072
0 -0.00192511 -0.00106238 -8.25034e-05
0 -0.00161315 -0.000400321 0.000740083
0 -0.0013837 0.000103968 0.00138398
0 -0.00124477 0.000439245 0.00184222
0 -0.00119804 0.000597605 0.00210192
0 -0.00124358 0.000570583 0.00214128
0 -0.00137896 0.000350675 0.0019343
0 -0.00159796 -6.59523e-05 0.00145738
0 -0.00189335 -0.000679844 0.000692703
0 -0.00225974 -0.00148897 -0.000369208
0 -0.00269467 -0.00248907 -0.00172762
0 -0.00319721 -0.00367275 -0.00336978
0 -0.00376288 -0.00502517 -0.00526725
0 -0.00438071 -0.00652039 -0.00737466
0 -0.00503316 -0.0081195 -0.00963129
0 -0.00569816 -0.00977141 -0.0119645
0 -0.00635647 -0.0114221 -0.0142985
0 -0.00699817 -0.0130275 -0.0165617
0 -0.00762147 -0.014558 -0.0186917
0 -0.00822546 -0.0159931 -0.020638
0 -0.0088015 -0.0173107 -0.0223628
0 -0.0093303 -0.0184814 -0.0238392
0 -0.00978664 -0.0194705 -0.0250513
0 -0.0101434 -0.0202416 -0.0259867
0 -0.010377 -0.0207615 -0.0266312
0 -0.0104737 -0.021007 -0.0269679
0 -0.0104313 -0.0209678 -0.0269772
0 -0.0102581 -0.0206466 -0.0266402
0 -0.00997002 -0.020058 -0.0259458
0 -0.00958596 -0.0192239 -0.024895
0 -0.00912312 -0.0181687 -0.0235041
0 -0.00859344 -0.016916 -0.0218044
0 -0.00800387 -0.0154896 -0.0198395
0 -0.00735928 -0.0139158 -0.0176619
0 -0.00666676 -0.0122274 -0.0153291
0 -0.00593926 -0.0104659 -0.012901
0 -0.00519433 -0.00867791 -0.0104375
0 -0.00445342 -0.00691153 -0.00800034
0 -0.00374072 -0.00521478 -0.0056548
0 -0.00307987 -0.00363396 -0.0034666
0 -0.00249271 -0.0022141 -0.00149929
0 -0.00199748 -0.000997361 0.000189107
0 -0.00160809 -2.13669e-05 0.00154821
0 -0.00133489 0.000681538 0.00253547
0 -0.00118341 0.00108769 0.00311848
0 -0.0011546 0.00118476 0.00327658
0 -0.00124754 0.000971301 0.00300051
0 -0.00146283 0.000452669 0.0022906
0 -0.00180125 -0.000361568 0.00115786
0 -0.00225813 -0.00145517 -0.000371703
0 -0.00282183 -0.0028031 -0.00225678
0 -0.00347615 -0.00437105 -0.00444397
0 -0.00420273 -0.00611663 -0.00687143
0 -0.00498282 -0.00799262 -0.00947296
0 -0.00579753 -0.00995005 -0.012181
0 -0.00662711 -0.0119402 -0.014927
0 -0.00744887 -0.0139133 -0.0176366
0 -0.00823723 -0.0158164 -0.020229
0 -0.00896753 -0.0175921 -0.0226234
0 -0.00961789 -0.0191799 -0.0247461
0 -0.0101683 -0.0205212 -0.0265331
0 -0.0106003 -0.0215656 -0.0279306
0 -0.0108977 -0.0222771 -0.0288955
0 -0.01105 -0.0226374 -0.0293982
0 -0.0110555 -0.0226468 -0.0294264
0 -0.0109215 -0.0223202 -0.028987
0 -0.0106587 -0.0216797 -0.0281035
0 -0.0102793 -0.0207508 -0.0268146
0 -0.00979649 -0.0195644 -0.0251728
0 -0.00922323 -0.0181577 -0.0232395
0 -0.00857153 -0.0165731 -0.0210793
0 -0.00785711 -0.0148589 -0.0187588
0 -0.00710174 -0.0130684 -0.0163447
0 -0.00632843 -0.0112523 -0.013897
0 -0.00555847 -0.00945565 -0.0114677
0 -0.00480958 -0.00771478 -0.00910198
0 -0.00409372 -0.00605509 -0.00683887
0 -0.00341933 -0.00449456 -0.00471266
0 -0.00279568 -0.00305071 -0.00275585
0 -0.00223535 -0.00174678 -0.00100109
0 -0.00175318 -0.000612969 0.00051851
0 -0.00136246 0.000318619 0.00177154
0 -0.0010732 0.00102007 0.00272965
0 -0.00089393 0.0014698 0.00336664
0 -0.000831859 0.00165322 0.00365893
0 -0.000890009 0.00156364 0.00358933
0 -0.0010645 0.00120345 0.00315083
0 -0.00134418 0.000585392 0.00234958
0 -0.00171349 -0.000268119 0.001206
0 -0.00215532 -0.0013259 -0.000244835
0 -0.00265496 -0.00255171 -0.0019562
0 -0.00320331 -0.00390998 -0.00387479
0 -0.00379325 -0.00536659 -0.00594155
0 -0.00441654 -0.00688906 -0.00809439
0 -0.00506368 -0.00844715 -0.010274
0 -0.00572389 -0.0100118 -0.0124283
0 -0.006385 -0.0115544 -0.0145146
0 -0.00703313 -0.0130465 -0.0164977
0 -0.0076502 -0.0144562 -0.0183452
0 -0.00821471 -0.0157469 -0.0200253
0 -0.00870777 -0.0168832 -0.0215091
0 -0.00911325 -0.0178333 -0.0227678
0 -0.0094178 -0.0185699 -0.0237707
0 -0.00961573 -0.0190763 -0.0244906
0 -0.00971117 -0.0193487 -0.0249095
0 -0.00971606 -0.0193967 -0.0250219
0 -0.0096444 -0.019238 -0.0248353
0 -0.00950705 -0.0188939 -0.0243683
0 -0.00930932 -0.018384 -0.023649
0 -0.00904801 -0.01772 -0.0227071
0 -0.0087157 -0.0169066 -0.0215713
0 -0.00830889 -0.0159489 -0.0202685
0 -0.00783126 -0.0148573 -0.0188226
0 -0.00729691 -0.0136526 -0.0172576
0 -0.00672876 -0.0123687 -0.0156004
0 -0.00615045 -0.0110459 -0.0138794
0 -0.00558035 -0.00972342 -0.012123
0 -0.00503047 -0.00843257 -0.0103606
0 -0.00450991 -0.00719575 -0.00862576
0 -0.00402815 -0.00603066 -0.00695891
0 -0.00359365 -0.00495415 -0.00540355
0 -0.00321022 -0.00398299 -0.0040001
0 -0.00287805 -0.00313453 -0.0027829
0 -0.00259778 -0.00242683 -0.00178034
0 -0.00237423 -0.00187851 -0.00101638
0 -0.00221764 -0.00150861 -0.00051164
0 -0.00213874 -0.00133238 -0.000279861
0 -0.00214435 -0.00135764 -0.000325253
0 -0.0022371 -0.00158469 -0.000643683
0 -0.00241898 -0.00201077 -0.00122779
0 -0.00269181 -0.00263288 -0.00206976
0 -0.00305115 -0.00344298 -0.00315703
0 -0.00348567 -0.00442574 -0.00447148
0 -0.00398079 -0.00555912 -0.00599083
0 -0.00451975 -0.00681375 -0.00768678
0 -0.0050841 -0.00815388 -0.00952282
0 -0.00565425 -0.00953882 -0.0114523
0 -0.00621149 -0.0109257 -0.0134189
0 -0.00673994 -0.0122721 -0.0153577
0 -0.00722695 -0.0135386 -0.0171965
0 -0.00766493 -0.0146904 -0.0188631
0 -0.00805066 -0.0156971 -0.0202937
0 -0.00838213 -0.0165319 -0.0214408
0 -0.00865561 -0.0171731 -0.0222769
0 -0.00885998 -0.0176013 -0.0227899
0 -0.008976 -0.0177981 -0.0229774
0 -0.00898374 -0.0177491 -0.0228442
0 -0.00887051 -0.0174479 -0.0224009
0 -0.00863671 -0.0169006 -0.0216642
0 -0.0082954 -0.0161268 -0.0206553
0 -0.00786652 -0.0151563 -0.0193985
0 -0.00737243 -0.0140251 -0.0179219
0 -0.00683465 -0.0127719 -0.0162592
0 -0.00627211 -0.0114356 -0.0144503
0 -0.00570085 -0.0100543 -0.0125405
0 -0.00513429 -0.00866437 -0.0105793
0 -0.00458443 -0.00729892 -0.00862164
0 -0.00406427 -0.00599071 -0.00672899
0 -0.00358724 -0.00477449 -0.00496644
0 -0.003164 -0.00368565 -0.00339608
0 -0.00280248 -0.00275843 -0.0020725
0 -0.00251037 -0.00202374 -0.00104062
0 -0.00229863 -0.00150908 -0.000336227
0 -0.00218036 -0.00123697 1.55241e-05
0 -0.0021645 -0.0012201 4.88908e-06
0 -0.00225371 -0.00145962 -0.000362401
0 -0.00244655 -0.00194721 -0.00106951
0 -0.00273858 -0.00266699 -0.00209184
0 -0.00312314 -0.00359834 -0.00339972
0 -0.00359248 -0.00471895 -0.004961
0 -0.00413644 -0.00600453 -0.00674077
0 -0.00474067 -0.00742662 -0.00869995
0 -0.00538703 -0.00895127 -0.0107947
0 -0.00605494 -0.0105389 -0.012976
0 -0.00672363 -0.0121461 -0.0151891
0 -0.00737371 -0.0137286 -0.0173722
0 -0.00798786 -0.0152414 -0.0194575
0 -0.00855116 -0.0166396 -0.021376
0 -0.00905172 -0.0178802 -0.0230648
0 -0.00948037 -0.0189263 -0.0244729
0 -0.00982724 -0.0197481 -0.0255621
0 -0.0100785 -0.0203204 -0.0263042
0 -0.0102174 -0.0206216 -0.0266783
0 -0.0102266 -0.0206311 -0.0266687
0 -0.0100914 -0.0203303 -0.0262625
0 -0.00980709 -0.0197102 -0.0254537
0 -0.00938484 -0.0187799 -0.0242495
0 -0.00884793 -0.0175675 -0.0226725
0 -0.00822482 -0.0161169 -0.0207614
0 -0.00754144 -0.0144816 -0.0185692
0 -0.00681514 -0.0127142 -0.0161568
0 -0.00605945 -0.0108654 -0.0135921
0 -0.00529164 -0.00898643 -0.0109503
0 -0.00452962 -0.00712346 -0.00830884
0 -0.00379006 -0.00531673 -0.00574476
0 -0.00308974 -0.00360597 -0.00333362
0 -0.00244241 -0.00202995 -0.00114209
0 -0.0018601 -0.000626419 0.000774627
0 -0.00135748 0.000566532 0.00237105
0 -0.000952797 0.00151085 0.00361001
0 -0.000664032 0.0021726 0.00446318
0 -0.000501153 0.00253142 0.00491587
0 -0.000464667 0.00258505 0.00496806
0 -0.000551448 0.00234501 0.00462941
0 -0.000757405 0.00183068 0.00391685
0 -0.00107523 0.00106541 0.00285571
0 -0.00149262 7.47998e-05 0.00148046
0 -0.00199425 -0.00111372 -0.000167706
0 -0.00256611 -0.00247163 -0.00204533
0 -0.00319715 -0.0039696 -0.00410911
0 -0.0038773 -0.00557728 -0.00631542
0 -0.00459691 -0.00726561 -0.0086219
0 -0.00534623 -0.00900793 -0.0109888
0 -0.00611251 -0.0107771 -0.0133767
0 -0.00687993 -0.0125441 -0.0157448
0 -0.00763195 -0.0142785 -0.0180515
0 -0.00835206 -0.0159469 -0.0202544
0 -0.00902524 -0.0175129 -0.0223137
0 -0.00963863 -0.0189413 -0.0241938
0 -0.0101806 -0.020202 -0.0258628
0 -0.010642 -0.0212741 -0.0272933
0 -0.0110147 -0.0221431 -0.0284599
0 -0.0112906 -0.0227956 -0.0293386
0 -0.0114623 -0.0232165 -0.0299082
0 -0.0115237 -0.0233899 -0.0301516
0 -0.0114714 -0.023304 -0.0300576
0 -0.0113022 -0.0229514 -0.0296187
0 -0.0110134 -0.0223288 -0.0288308
0 -0.0106102 -0.021444 -0.0277003
0 -0.0101063 -0.0203165 -0.0262452
0 -0.00951678 -0.0189735 -0.0244921
0 -0.00885843 -0.0174485 -0.0224771
0 -0.00814851 -0.0157793 -0.0202465
0 -0.00740259 -0.0140047 -0.0178529
0 -0.00663256 -0.0121618 -0.0153504
0 -0.00584607 -0.0102853 -0.0127888
0 -0.00505115 -0.00840842 -0.0102144
0 -0.00425889 -0.0065605 -0.00767169
0 -0.00348455 -0.00476772 -0.00520598
0 -0.00274749 -0.00305769 -0.00286337
0 -0.00206603 -0.00146012 -0.000685987
0 -0.00145496 -6.62543e-06 0.00128971
0 -0.000925667 0.00127092 0.00303145
0 -0.000486342 0.00234408 0.00451005
0 -0.000142676 0.00319133 0.00569879
0 0.000100798 0.00379892 0.00657324
0 0.000237684 0.00415628 0.00710941
0 0.000260495 0.00425264 0.00728507
0 0.000166152 0.00407966 0.00708539
0 -4.3027e-05 0.00363372 0.00650524
0 -0.0003619 0.00291722 0.00554873
0 -0.000782377 0.00194197 0.00423109
0 -0.00129341 0.000730807 0.00257973
0 -0.00188198 -0.000683828 0.000633632
0 -0.00253425 -0.00226301 -0.00155844
0 -0.0032361 -0.00396502 -0.00394001
0 -0.00397131 -0.00574686 -0.00644752
0 -0.00472234 -0.00756696 -0.00901383
0 -0.00547332 -0.00938724 -0.0115741
0 -0.00620934 -0.0111708 -0.0140666
0 -0.00691455 -0.0128793 -0.0164303
0 -0.00757272 -0.014473 -0.0186047
0 -0.00816877 -0.0159104 -0.0205352
0 -0.00869017 -0.0171522 -0.0221786
0 -0.00912655 -0.0181666 -0.0235048
0 -0.00946601 -0.0189302 -0.0244935
0 -0.00969476 -0.0194273 -0.0251306
0 -0.00980129 -0.0196491 -0.0254088
0 -0.00978073 -0.019594 -0.0253275
0 -0.00963828 -0.0192697 -0.0248963
0 -0.00938667 -0.0186931 -0.0241333
0 -0.00904278 -0.0178898 -0.0230651
0 -0.00862705 -0.0168953 -0.0217297
0 -0.00815991 -0.015752 -0.0201753
0 -0.00765915 -0.0145058 -0.018458
0 -0.00714059 -0.0132034 -0.0166399
0 -0.00661815 -0.0118896 -0.0147848
0 -0.00610373 -0.0106034 -0.0129533
0 -0.00560894 -0.00937798 -0.0112024
0 -0.0051477 -0.00824394 -0.00958671
0 -0.00473487 -0.00723123 -0.00815773
0 -0.00438077 -0.00636649 -0.00695658
0 -0.00408944 -0.00566953 -0.00601004
0 -0.00386353 -0.00515364 -0.00533285
0 -0.00370867 -0.00482778 -0.0049315
0 -0.00363147 -0.00469587 -0.0048043
0 -0.00363655 -0.00475667 -0.00494185
0 -0.00372469 -0.00500397 -0.00532852
0 -0.00388986 -0.00542387 -0.00594161
0 -0.00412215 -0.00599681 -0.00675456
0 -0.00441236 -0.00670191 -0.00774099
0 -0.0047528 -0.00751897 -0.00887533
0 -0.00513631 -0.00842904 -0.0101321
0 -0.00555218 -0.0094102 -0.0114818
0 -0.00598333 -0.0104332 -0.0128874
0 -0.00640987 -0.0114626 -0.0143052
0 -0.00681472 -0.0124618 -0.0156888
0 -0.00718514 -0.0133957 -0.0169897
0 -0.0075117 -0.0142319 -0.0181588
0 -0.00778902 -0.0149434 -0.0191523
0 -0.00801469 -0.0155104 -0.0199358
0 -0.0081846 -0.015918 -0.0204837
0 -0.00829227 -0.0161548 -0.0207802
0 -0.00833215 -0.0162146 -0.020822
0 -0.00830099 -0.0160968 -0.0206174
0 -0.00819735 -0.0158066 -0.0201825
0 -0.00802083 -0.0153533 -0.0195365
0 -0.00777219 -0.0147482 -0.0186992
0 -0.00745578 -0.0140045 -0.017691
0 -0.00708064 -0.0131388 -0.0165335
0 -0.00665916 -0.0121716 -0.0152501
0 -0.00620325 -0.0111258 -0.0138628
0 -0.00572314 -0.0100236 -0.0123927
0 -0.00522988 -0.00888719 -0.0108636
0 -0.00473371 -0.00773663 -0.00930108
0 -0.00424218 -0.00658855 -0.00773141
0 -0.00376294 -0.00546045 -0.00618351
0 -0.00330699 -0.0043753 -0.0046918
0 -0.00288788 -0.00336197 -0.0032952
0 -0.00251741 -0.00245073 -0.00203263
0 -0.0022049 -0.00167055 -0.000941935
0 -0.00195897 -0.00104817 -6.03253e-05
0 -0.00178647 -0.000605138 0.000578719
0 -0.001692 -0.00035611 0.000948688
0 -0.00167953 -0.000310156 0.00103112
0 -0.00175449 -0.000474154 0.000814683
0 -0.00192251 -0.000853801 0.000295351
0 -0.00218502 -0.00145047 -0.00052156
0 -0.00253694 -0.00225751 -0.00162086
0 -0.00296716 -0.00325734 -0.00297798
0 -0.00346077 -0.00442137 -0.00455992
0 -0.00400084 -0.00571216 -0.00632538
0 -0.00457032 -0.00708802 -0.00822566
0 -0.00515571 -0.00851019 -0.0102089
0 -0.00574823 -0.00994714 -0.0122237
0 -0.00634061 -0.0113733 -0.0142198
0 -0.00692525 -0.0127674 -0.0161493
0 -0.00749506 -0.0141105 -0.0179703
0 -0.00804334 -0.0153826 -0.0196507
0 -0.00856059 -0.0165593 -0.0211675
0 -0.00903213 -0.0176123 -0.0225037
0 -0.00943941 -0.0185127 -0.0236441
0 -0.00976251 -0.019234 -0.0245714
0 -0.00998233 -0.0197511 -0.0252624
0 -0.0100854 -0.0200416 -0.0256889
0 -0.0100687 -0.0200898 -0.0258237
0 -0.00993833 -0.0198886 -0.0256437
0 -0.00970435 -0.0194388 -0.0251317
0 -0.00937715 -0.0187482 -0.0242801
0 -0.00896746 -0.0178317 -0.0230961
0 -0.00848724 -0.0167118 -0.0216041
0 -0.00794885 -0.0154177 -0.0198454
0 -0.00736618 -0.0139868 -0.0178758
0 -0.0067537 -0.0124631 -0.0157608
0 -0.00612442 -0.0108929 -0.0135672
0 -0.00548888 -0.00931969 -0.0113584
0 -0.00485521 -0.00777841 -0.00919079
0 -0.00423208 -0.00629578 -0.00711567
0 -0.00363166 -0.00489513 -0.00517944
0 -0.00306792 -0.00359882 -0.00342023
0 -0.00255464 -0.00242916 -0.00186521
0 -0.00210581 -0.00140965 -0.000532532
0 -0.0017344 -0.000563375 0.000566046
0 -0.00145285 8.74119e-05 0.00141989
0 -0.00127388 0.000521158 0.00201394
0 -0.00120614 0.000721683 0.0023299
0 -0.00124983 0.000682773 0.00235057
0 -0.00139757 0.000408074 0.00206226
0 -0.00163707 -9.089e-05 0.00145802
0 -0.00195271 -0.000795342 0.000543287
0 -0.00232988 -0.00168219 -0.000662534
0 -0.00275989 -0.0027285 -0.00212911
0 -0.00323822 -0.0039111 -0.0038156
0 -0.0037622 -0.00520733 -0.00567382
0 -0.00432967 -0.00659634 -0.00765367
0 -0.00493301 -0.0080537 -0.00970342
0 -0.00555677 -0.0095467 -0.0117703
0 -0.00618196 -0.0110363 -0.0138042
0 -0.00679037 -0.0124818 -0.0157594
0 -0.00736591 -0.0138453 -0.0175929
0 -0.00789445 -0.0150928 -0.0192643
0 -0.00836357 -0.0161951 -0.0207375
0 -0.00876377 -0.0171297 -0.021983
0 -0.00908813 -0.0178806 -0.0229799
0 -0.00933133 -0.0184377 -0.0237145
0 -0.0094894 -0.0187954 -0.0241804
0 -0.00955945 -0.0189504 -0.0243759
0 -0.00954167 -0.0189034 -0.0243049
0 -0.00944032 -0.018661 -0.0239771
0 -0.0092624 -0.0182361 -0.0234074
0 -0.00901585 -0.0176461 -0.0226156
0 -0.00870898 -0.0169116 -0.0216262
0 -0.00835085 -0.0160557 -0.020469
0 -0.0079499 -0.0151012 -0.0191759
0 -0.00751239 -0.0140683 -0.017778
0 -0.00704343 -0.0129744 -0.0163026
0 -0.00654938 -0.0118354 -0.0147739
0 -0.00603953 -0.0106683 -0.0132131
0 -0.0055253 -0.00949218 -0.0116401
0 -0.00501943 -0.00832789 -0.0100756
0 -0.00453667 -0.00720037 -0.00854598
0 -0.00408991 -0.00613562 -0.00708148
0 -0.00368739 -0.00515736 -0.00571445
0 -0.00333514 -0.00428715 -0.00447957
0 -0.00303783 -0.00354346 -0.00341134
0 -0.00279875 -0.00294089 -0.00254046
0 -0.00262059 -0.00249102 -0.00189161
0 -0.00250706 -0.00220421 -0.00148337
0 -0.00246323 -0.00209067 -0.00132837
0 -0.00249482 -0.00216002 -0.00143351
0 -0.00260606 -0.00241883 -0.00179953
0 -0.00279645 -0.00286603 -0.00241916
0 -0.00306025 -0.00349074 -0.00327674
0 -0.00338877 -0.00427375 -0.00434982
0 -0.00377074 -0.00518884 -0.00560865
0 -0.00419242 -0.00620462 -0.00701596
0 -0.00464072 -0.0072896 -0.00853052
0 -0.00510633 -0.00841696 -0.0101117
0 -0.00558244 -0.00956467 -0.011721
0 -0.0060606 -0.0107113 -0.01332
0 -0.00653034 -0.0118345 -0.0148714
0 -0.00698191 -0.012912 -0.0163406
0 -0.00740675 -0.0139211 -0.0176967
0 -0.00779597 -0.0148378 -0.0189125
0 -0.00813864 -0.0156367 -0.0199629
0 -0.00842099 -0.0162922 -0.0208235
0 -0.00862825 -0.0167797 -0.0214699
0 -0.00874889 -0.0170796 -0.0218805
0 -0.00877637 -0.0171781 -0.0220371
0 -0.00870956 -0.0170678 -0.0219257
0 -0.00855457 -0.016751 -0.0215413
0 -0.00832344 -0.0162404 -0.02089
0 -0.00802828 -0.0155549 -0.0199867
0 -0.00767684 -0.0147145 -0.0188533
0 -0.00727378 -0.0137395 -0.0175177
0 -0.00682535 -0.0126523 -0.0160159
0 -0.00634187 -0.0114797 -0.0143909
0 -0.00583757 -0.0102547 -0.0126897
0 -0.00532883 -0.00901482 -0.0109624
0 -0.00483189 -0.00779831 -0.00925982
0 -0.0043611 -0.0066412 -0.00763294
0 -0.00392772 -0.00557515 -0.00612983
0 -0.00354035 -0.00462667 -0.00479358
0 -0.00320619 -0.00381712 -0.00366032
0 -0.00293127 -0.0031626 -0.00275695
0 -0.00272162 -0.00267543 -0.00210135
0 -0.00258287 -0.0023649 -0.00170282
0 -0.00251701 -0.00223457 -0.00156034
0 -0.00252068 -0.00227938 -0.00166178
0 -0.00258754 -0.00248587 -0.0019863
0 -0.0027121 -0.00283576 -0.00250863
0 -0.00289024 -0.00330896 -0.0032008
0 -0.00311763 -0.00388584 -0.00403281
0 -0.00339101 -0.00455103 -0.00497661
0 -0.00370981 -0.00529615 -0.00601079
0 -0.00407208 -0.00611571 -0.00711952
0 -0.00446924 -0.0069997 -0.00828813
0 -0.00488722 -0.00793114 -0.00950199
0 -0.00531045 -0.00888708 -0.010746
0 -0.00572419 -0.00984073 -0.0120027
0 -0.00611597 -0.0107652 -0.0132497
0 -0.00647823 -0.0116391 -0.0144614
0 -0.00680731 -0.0124477 -0.0156085
0 -0.00710045 -0.0131793 -0.0166577
0 -0.00735618 -0.013824 -0.0175764
0 -0.00757412 -0.014371 -0.0183376
0 -0.00775332 -0.0148082 -0.0189228
0 -0.00789141 -0.0151242 -0.0193225
0 -0.00798378 -0.0153101 -0.0195349
0 -0.00802424 -0.0153611 -0.019564
0 -0.00800883 -0.0152792 -0.0194204
0 -0.00793842 -0.0150744 -0.0191213
0 -0.00781887 -0.0147638 -0.0186889
0 -0.00765926 -0.0143687 -0.0181488
0 -0.00746872 -0.0139099 -0.0175263
0 -0.00725461 -0.0134045 -0.016844
0 -0.0070223 -0.0128649 -0.0161207
0 -0.00677594 -0.0123007 -0.0153702
0 -0.00651975 -0.0117197 -0.0146031
0 -0.00625878 -0.0111302 -0.0138273
0 -0.00599848 -0.0105406 -0.0130501
0 -0.00574334 -0.00995893 -0.0122785
0 -0.00549851 -0.00939476 -0.0115223
0 -0.00527149 -0.0088615 -0.0107967
0 -0.00506927 -0.00837366 -0.01012
0 -0.00489566 -0.00794338 -0.00950997
0 -0.00475181 -0.00757943 -0.00898322
0 -0.00463813 -0.00728785 -0.00855412
0 -0.00455462 -0.00707227 -0.00823375
0 -0.00450006 -0.00693334 -0.00802771
0 -0.00447231 -0.006869 -0.0079358
0 -0.00446946 -0.00687534 -0.00795283
0 -0.00448958 -0.00694635 -0.00806882
0 -0.00453083 -0.00707447 -0.00827001
0 -0.00459261 -0.0072524 -0.00854141
0 -0.00467404 -0.0074724 -0.00886703
0 -0.00477242 -0.00772511 -0.00922983
0 -0.00488355 -0.00799976 -0.00961311
0 -0.00500139 -0.00828369 -0.0100006
0 -0.00511979 -0.00856436 -0.0103782
0 -0.00523446 -0.00883203 -0.0107358
0 -0.0053415 -0.00907888 -0.0110656
0 -0.00543689 -0.00929847 -0.0113607
0 -0.0055167 -0.00948509 -0.011615
0 -0.0055783 -0.00963427 -0.0118231
0 -0.0056231 -0.00974573 -0.0119835
0 -0.00565394 -0.00982174 -0.012096
0 -0.00567257 -0.00986489 -0.0121611
0 -0.00568096 -0.00987898 -0.0121812
0 -0.00568011 -0.00986727 -0.01216
0 -0.00566928 -0.00983118 -0.0121015
0 -0.00564698 -0.00977098 -0.0120099
0 -0.00561413 -0.00968888 -0.0118915
0 -0.00557501 -0.00959102 -0.0117558
0 -0.00553478 -0.00948621 -0.0116131
0 -0.00549968 -0.00938652 -0.0114757
0 -0.00547624 -0.00930613 -0.0113579
0 -0.00547006 -0.00925912 -0.0112753
0 -0.00548493 -0.00925727 -0.0112437
0 -0.00552223 -0.00930817 -0.0112774
0 -0.00557997 -0.0094134 -0.0113861
0 -0.00565226 -0.00956727 -0.0115722
0 -0.00573161 -0.0097588 -0.0118298
0 -0.00581342 -0.00997689 -0.012148
0 -0.00589829 -0.0102146 -0.0125136
0 -0.00599025 -0.0104696 -0.0129123
0 -0.00609488 -0.0107439 -0.0133312
0 -0.00621497 -0.0110385 -0.0137579
0 -0.00634792 -0.0113494 -0.0141805
0 -0.00648844 -0.0116681 -0.0145899
0 -0.00663083 -0.0119839 -0.014981
0 -0.0067696 -0.0122859 -0.0153513
0 -0.00689901 -0.0125649 -0.0156985
0 -0.00701297 -0.0128134 -0.0160184
0 -0.00710619 -0.0130256 -0.0163045
0 -0.0071744 -0.0131961 -0.0165479
0 -0.00721469 -0.0133188 -0.0167369
0 -0.00722831 -0.0133896 -0.0168611
0 -0.0072187 -0.0134054 -0.0169116
0 -0.00718689 -0.013362 -0.0168783
0 -0.00713175 -0.0132546 -0.0167523
0 -0.0070512 -0.0130791 -0.0165269
0 -0.00694255 -0.0128325 -0.0161988
0 -0.00680408 -0.0125135 -0.0157684
0 -0.00663664 -0.0121247 -0.0152413
0 -0.00644518 -0.0116745 -0.0146294
0 -0.00623884 -0.0111784 -0.0139513
0 -0.00602762 -0.010657 -0.0132308
0 -0.00581855 -0.0101306 -0.0124924
0 -0.00561508 -0.00961639 -0.01176
0 -0.00541881 -0.00912649 -0.0110557
0 -0.00523062 -0.0086679 -0.0103983
0 -0.00505131 -0.00824391 -0.00980202
0 -0.00488351 -0.00785799 -0.00927742
0 -0.00473276 -0.00751726 -0.00883264
0 -0.00460514 -0.0072314 -0.00847294
0 -0.00450516 -0.00700979 -0.00820051
0 -0.00443588 -0.00685959 -0.00801605
0 -0.0043995 -0.00678434 -0.00792009
0 -0.00439695 -0.00678339 -0.00791294
0 -0.00442489 -0.00684974 -0.00799118
0 -0.00447458 -0.00696942 -0.008145
0 -0.00453563 -0.00712534 -0.00835972
0 -0.00459807 -0.00729927 -0.00861611
0 -0.00465227 -0.00747189 -0.00888949
0 -0.00469237 -0.00762646 -0.00915366
0 -0.00471876 -0.00775236 -0.00938551
0 -0.00473594 -0.00784522 -0.00956677
0 -0.00475 -0.00790634 -0.0096859
0 -0.0047661 -0.00794097 -0.00973916
0 -0.00478718 -0.00795618 -0.00973121
0 -0.00481209 -0.00795723 -0.00967281
0 -0.00483607 -0.00794603 -0.00957861
0 -0.00485189 -0.00792066 -0.00946384
0 -0.00485106 -0.00787557 -0.00934025
0 -0.0048291 -0.00780694 -0.00921694
0 -0.0047871 -0.00771568 -0.00909981
0 -0.00473036 -0.00760765 -0.00899068
0 -0.00466767 -0.00749368 -0.00888936
0 -0.00460908 -0.00738688 -0.00879518
0 -0.00456201 -0.00729758 -0.00870698
0 -0.00453024 -0.00723105 -0.00862458
0 -0.00451695 -0.00719063 -0.00855296
0 -0.00452479 -0.00717954 -0.00850253
0 -0.0045541 -0.00720126 -0.00848675
0 -0.00460482 -0.00726214 -0.00852221
0 -0.00467679 -0.00737085 -0.00862667
0 -0.00476957 -0.00753622 -0.00881648
0 -0.00488366 -0.00776628 -0.00910554
0 -0.00502014 -0.00806647 -0.00950319
0 -0.00518 -0.00843845 -0.0100126
0 -0.00536344 -0.00887959 -0.0106295
0 -0.00556877 -0.00938248 -0.011342
0 -0.0057915 -0.00993452 -0.0121299
0 -0.00602584 -0.01052 -0.0129676
0 -0.0062667 -0.0111226 -0.0138276
0 -0.00650917 -0.0117263 -0.0146822
0 -0.00674746 -0.0123144 -0.0155041
0 -0.00697488 -0.0128697 -0.0162677
0 -0.00718609 -0.013377 -0.0169525
0 -0.00737846 -0.0138258 -0.0175455
0 -0.00754978 -0.014209 -0.01804
0 -0.00769619 -0.0145218 -0.0184326
0 -0.00781187 -0.0147599 -0.0187215
0 -0.00789091 -0.0149187 -0.018906
0 -0.00792879 -0.0149938 -0.0189858
0 -0.00792024 -0.014978 -0.0189574
0 -0.00786107 -0.0148635 -0.0188142
0 -0.00775204 -0.0146468 -0.0185505
0 -0.00759724 -0.0143284 -0.0181613
0 -0.007402 -0.0139125 -0.0176428
0 -0.00717307 -0.0134071 -0.0169959
0 -0.00691833 -0.0128241 -0.016228
0 -0.0066451 -0.0121779 -0.0153536
0 -0.00635933 -0.0114842 -0.0143931
0 -0.00606708 -0.0107608 -0.0133734
0 -0.00577428 -0.0100268 -0.0123263
0 -0.00548491 -0.00929984 -0.0112844
0 -0.00520119 -0.00859489 -0.0102783
0 -0.0049248 -0.00792393 -0.00933432
0 -0.00465794 -0.00729659 -0.00847267
0 -0.00440477 -0.00672176 -0.00770747
0 -0.00417209 -0.00620923 -0.00704754
0 -0.00396866 -0.00577003 -0.00649793
0 -0.00380597 -0.00541851 -0.00606433
0 -0.00369613 -0.00517129 -0.00575509
0 -0.00364638 -0.00504172 -0.00557895
0 -0.00365759 -0.00503673 -0.00554432
0 -0.00372554 -0.00515582 -0.00565876
0 -0.00384261 -0.00539157 -0.00592707
0 -0.00399954 -0.00573155 -0.00634895
0 -0.00418629 -0.00616002 -0.00691622
0 -0.00439351 -0.00665992 -0.00761194
0 -0.00461513 -0.00721574 -0.00841251
0 -0.00484882 -0.00781453 -0.00928995
0 -0.0050949 -0.00844554 -0.0102147
0 -0.00535445 -0.00909912 -0.0111581
0 -0.00562588 -0.00976364 -0.0120932
0 -0.00590371 -0.0104242 -0.0129955
0 -0.0061801 -0.0110641 -0.0138451
0 -0.00644578 -0.0116659 -0.0146267
0 -0.0066909 -0.0122129 -0.0153289
0 -0.00690676 -0.0126917 -0.0159431
0 -0.00708612 -0.0130919 -0.0164622
0 -0.00722287 -0.0134051 -0.0168783
0 -0.00731384 -0.0136261 -0.0171841
0 -0.00735962 -0.013753 -0.0173734
0 -0.00736258 -0.0137853 -0.0174407
0 -0.00732549 -0.0137237 -0.0173813
0 -0.00725199 -0.0135706 -0.0171935
0 -0.00714643 -0.0133309 -0.0168803
0 -0.00701245 -0.0130116 -0.0164494
0 -0.00685175 -0.0126203 -0.0159116
0 -0.00666508 -0.012165 -0.0152812
0 -0.00645428 -0.0116554 -0.0145751
0 -0.00622265 -0.011102 -0.0138119
0 -0.00597464 -0.0105161 -0.0130099
0 -0.00571589 -0.00991008 -0.0121868
0 -0.00545382 -0.00929828 -0.0113605
0 -0.00519656 -0.00869637 -0.0105482
0 -0.00495117 -0.00811936 -0.0097664
0 -0.00472398 -0.00758128 -0.00903104
0 -0.00452095 -0.00709533 -0.00835883
0 -0.0043477 -0.00667373 -0.00776695
0 -0.00420862 -0.00632714 -0.00727204
0 -0.00410566 -0.00606326 -0.00688813
0 -0.00403886 -0.00588681 -0.0066258
0 -0.0040077 -0.00580031 -0.00649217
0 -0.00401158 -0.00580421 -0.00649025
0 -0.00404953 -0.00589659 -0.00661817
0 -0.00412023 -0.00607331 -0.00686935
0 -0.00422234 -0.00632855 -0.00723338
0 -0.0043543 -0.00665517 -0.00769704
0 -0.00451365 -0.00704448 -0.00824488
0 -0.00469674 -0.00748629 -0.00886014
0 -0.00489915 -0.00796937 -0.00952595
0 -0.00511569 -0.00848157 -0.0102259
0 -0.0053405 -0.00900998 -0.010944
0 -0.00556729 -0.00954144 -0.0116651
0 -0.00578963 -0.010063 -0.0123741
0 -0.00600153 -0.0105625 -0.0130565
0 -0.00619791 -0.0110293 -0.0136982
0 -0.00637489 -0.011454 -0.0142857
0 -0.00652984 -0.011829 -0.0148069
0 -0.00666072 -0.0121475 -0.0152505
0 -0.0067657 -0.0124036 -0.0156069
0 -0.00684345 -0.0125928 -0.0158684
0 -0.00689304 -0.0127117 -0.0160307
0 -0.00691368 -0.0127584 -0.016092
0 -0.00690501 -0.012733 -0.0160535
0 -0.00686713 -0.0126372 -0.0159191
0 -0.00680081 -0.0124748 -0.0156947
0 -0.0067076 -0.0122508 -0.0153882
0 -0.00658978 -0.0119713 -0.0150084
0 -0.0064506 -0.0116437 -0.0145653
0 -0.00629422 -0.0112769 -0.0140694
0 -0.00612548 -0.0108804 -0.0135322
0 -0.00594933 -0.0104646 -0.0129659
0 -0.00577056 -0.0100397 -0.0123834
0 -0.0055939 -0.00961639 -0.0117984
0 -0.00542387 -0.00920528 -0.0112255
0 -0.00526424 -0.00881619 -0.010679
0 -0.00511812 -0.0084579 -0.010173
0 -0.00498813 -0.00813821 -0.0097204
0 -0.00487649 -0.00786391 -0.00933273
0 -0.00478499 -0.00764065 -0.00901912
0 -0.00471517 -0.00747284 -0.00878616
0 -0.00466848 -0.00736373 -0.00863784
0 -0.00464618 -0.0073152 -0.00857563
0 -0.00464902 -0.00732761 -0.00859853
0 -0.00467704 -0.00739968 -0.00870335
0 -0.00472947 -0.0075286 -0.00888508
0 -0.00480474 -0.00771012 -0.00913729
0 -0.00490051 -0.00793867 -0.00945233
0 -0.00501373 -0.00820754 -0.00982155
0 -0.00514085 -0.00850913 -0.0102354
0 -0.00527796 -0.00883513 -0.0106836
0 -0.00542104 -0.00917682 -0.011155
0 -0.00556616 -0.0095253 -0.011638
0 -0.00570964 -0.00987182 -0.0121205
0 -0.0058481 -0.0102079 -0.0125903
0 -0.00597855 -0.0105258 -0.0130353
0 -0.00609836 -0.010818 -0.0134441
0 -0.0062052 -0.0110781 -0.0138065
0 -0.00629703 -0.0113002 -0.014114
0 -0.00637199 -0.0114795 -0.0143598
0 -0.00642843 -0.0116123 -0.0145391
0 -0.00646494 -0.0116958 -0.0146494
0 -0.00648049 -0.0117286 -0.0146897
0 -0.00647463 -0.0117108 -0.014661
0 -0.00644758 -0.0116434 -0.0145657
0 -0.00640031 -0.0115293 -0.0144076
0 -0.00633446 -0.011372 -0.0141918
0 -0.0062523 -0.0111765 -0.0139244
0 -0.00615655 -0.0109487 -0.0136124
0 -0.00605019 -0.0106949 -0.0132641
0 -0.00593634 -0.0104223 -0.0128884
0 -0.00581811 -0.010138 -0.0124949
0 -0.00569853 -0.0098494 -0.0120937
0 -0.00558049 -0.00956366 -0.0116953
0 -0.00546664 -0.00928768 -0.0113098
0 -0.00535943 -0.0090279 -0.010947
0 -0.00526112 -0.00879023 -0.0106158
0 -0.00517376 -0.00857995 -0.0103242
0 -0.00509917 -0.00840166 -0.0100787
0 -0.00503893 -0.00825919 -0.00988437
0 -0.00499437 -0.00815546 -0.00974485
0 -0.00496656 -0.00809243 -0.0096621
0 -0.00495618 -0.008071 -0.00963668
0 -0.00496341 -0.00809101 -0.00966776
0 -0.00498787 -0.0081512 -0.00975324
0 -0.00502859 -0.00824929 -0.0098899
0 -0.0050841 -0.00838204 -0.0100735
0 -0.00515252 -0.00854535 -0.0102987
0 -0.00523166 -0.00873445 -0.0105596
0 -0.00531919 -0.00894405 -0.0108492
0 -0.0054127 -0.00916852 -0.01116
0 -0.00550976 -0.00940204 -0.011484
0 -0.00560805 -0.00963877 -0.0118127
0 -0.00570528 -0.009873 -0.0121379
0 -0.0057993 -0.0100992 -0.0124512
0 -0.00588805 -0.0103122 -0.0127452
0 -0.00596961 -0.0105071 -0.0130127
0 -0.00604219 -0.0106795 -0.013248
0 -0.00610415 -0.0108256 -0.0134461
0 -0.006154 -0.0109423 -0.013603
0 -0.00619048 -0.0110269 -0.0137159
