0 -0.00620353 -0.0110569 -0.0137554
0 -0.0062132 -0.0110785 -0.0137837
0 -0.00621952 -0.0110919 -0.0138007
0 -0.00622242 -0.0110971 -0.0138065
0 -0.00622183 -0.0110942 -0.0138013
0 -0.00621776 -0.0110832 -0.013785
0 -0.00621022 -0.0110643 -0.0137581
0 -0.00619929 -0.0110377 -0.0137206
0 -0.00618506 -0.0110035 -0.0136731
0 -0.00616767 -0.0109621 -0.0136158
0 -0.00614728 -0.0109138 -0.0135493
0 -0.00612407 -0.0108588 -0.0134739
0 -0.00609824 -0.0107976 -0.0133903
0 -0.00606998 -0.0107307 -0.0132989
0 -0.00603951 -0.0106584 -0.0132003
0 -0.00600705 -0.0105814 -0.0130952
0 -0.00597282 -0.0105 -0.0129843
0 -0.00593705 -0.010415 -0.0128681
0 -0.00589998 -0.0103267 -0.0127475
0 -0.00586188 -0.010236 -0.0126232
0 -0.005823 -0.0101433 -0.0124959
0 -0.00578358 -0.0100492 -0.0123665
0 -0.00574388 -0.00995432 -0.0122358
0 -0.00570413 -0.00985925 -0.0121047
0 -0.00566455 -0.00976452 -0.0119738
0 -0.00562532 -0.00967065 -0.0118441
0 -0.0055866 -0.0095781 -0.0117163
0 -0.00554856 -0.00948733 -0.011591
0 -0.00551142 -0.00939885 -0.011469
0 -0.00547545 -0.00931319 -0.0113511
0 -0.00544092 -0.00923088 -0.011238
0 -0.00540802 -0.0091524 -0.0111303
0 -0.00537689 -0.00907816 -0.0110287
0 -0.00534763 -0.00900855 -0.0109336
0 -0.00532042 -0.00894398 -0.0108455
0 -0.00529546 -0.00888486 -0.0107649
0 -0.00527297 -0.0088316 -0.0106923
0 -0.00525305 -0.00878448 -0.0106281
0 -0.00523578 -0.00874368 -0.0105725
0 -0.00522122 -0.00870938 -0.0105258
0 -0.00520954 -0.00868183 -0.0104881
0 -0.00520091 -0.00866125 -0.0104599
0 -0.00519543 -0.00864781 -0.0104413
0 -0.00519304 -0.0086415 -0.0104324
0 -0.00519373 -0.00864234 -0.010433
0 -0.00519756 -0.00865041 -0.0104434
0 -0.0052046 -0.00866579 -0.0104636
0 -0.00521469 -0.00868827 -0.0104933
0 -0.00522732 -0.00871732 -0.0105321
0 -0.00524191 -0.00875217 -0.0105792
0 -0.00525798 -0.00879205 -0.0106338
0 -0.00527516 -0.0088362 -0.0106951
0 -0.00529328 -0.00888392 -0.0107625
0 -0.00531226 -0.0089346 -0.0108351
0 -0.00533207 -0.00898771 -0.0109122
0 -0.00535263 -0.00904267 -0.0109928
0 -0.00537381 -0.00909896 -0.011076
0 -0.00539589 -0.00915655 -0.0111613
0 -0.0054198 -0.00921616 -0.0112488
0 -0.00544654 -0.00927887 -0.0113388
0 -0.00547664 -0.00934545 -0.0114317
0 -0.00550993 -0.00941622 -0.0115272
0 -0.00554587 -0.00949113 -0.0116251
0 -0.00558384 -0.00956997 -0.0117251
0 -0.00562324 -0.00965231 -0.0118271
0 -0.00566346 -0.00973753 -0.0119311
0 -0.00570386 -0.0098247 -0.0120368
0 -0.00574374 -0.00991269 -0.0121441
0 -0.0057826 -0.0100004 -0.0122526
0 -0.00582036 -0.0100871 -0.0123624
0 -0.00585738 -0.0101727 -0.0124736
0 -0.00589405 -0.0102572 -0.0125865
0 -0.00593036 -0.0103405 -0.0127007
0 -0.00596595 -0.0104223 -0.0128156
0 -0.00600043 -0.0105025 -0.0129302
0 -0.00603305 -0.0105804 -0.0130433
0 -0.00606187 -0.0106539 -0.013152
0 -0.00608385 -0.0107194 -0.0132523
0 -0.00609643 -0.010773 -0.0133399
0 -0.00609958 -0.0108129 -0.0134125
0 -0.00609654 -0.01084 -0.0134709
0 -0.00609173 -0.0108573 -0.0135169
0 -0.00608731 -0.0108662 -0.0135509
0 -0.00608154 -0.0108651 -0.0135695
0 -0.00607108 -0.010851 -0.0135685
0 -0.00605511 -0.0108234 -0.013546
0 -0.00603716 -0.010786 -0.0135049
0 -0.00602262 -0.0107445 -0.0134507
0 -0.00601483 -0.0107038 -0.0133878
0 -0.0060134 -0.0106656 -0.0133181
0 -0.00601595 -0.0106301 -0.0132422
0 -0.00601981 -0.0105968 -0.0131611
0 -0.00602164 -0.010564 -0.0130752
0 -0.00601661 -0.0105271 -0.0129829
0 -0.00599974 -0.0104801 -0.0128816
0 -0.00596981 -0.0104194 -0.0127713
0 -0.00593208 -0.0103474 -0.0126575
0 -0.00589594 -0.0102716 -0.0125492
0 -0.00586851 -0.0101995 -0.0124539
0 -0.00585045 -0.0101343 -0.0123731
0 -0.00583754 -0.0100754 -0.0123038
0 -0.00582512 -0.0100219 -0.0122427
0 -0.00581045 -0.00997373 -0.012188
0 -0.00579206 -0.00993041 -0.0121383
0 -0.00576835 -0.00988977 -0.0120915
0 -0.00573749 -0.009848 -0.0120446
0 -0.00569819 -0.00980075 -0.0119942
0 -0.00565001 -0.00974395 -0.0119369
0 -0.0055928 -0.00967359 -0.011869
0 -0.00552586 -0.00958521 -0.0117858
0 -0.00544811 -0.00947419 -0.0116814
0 -0.00536017 -0.00933806 -0.0115513
0 -0.00526729 -0.00917977 -0.0113958
0 -0.0051785 -0.00900781 -0.0112199
0 -0.00510114 -0.00883135 -0.0110282
0 -0.00503626 -0.00865551 -0.0108216
0 -0.00498025 -0.00848201 -0.0105981
0 -0.00493 -0.00831303 -0.0103576
0 -0.00488548 -0.00815287 -0.0101046
0 -0.00484834 -0.00800629 -0.00984615
0 -0.00481963 -0.0078763 -0.0095895
0 -0.00479848 -0.00776312 -0.00934086
0 -0.00478185 -0.00766393 -0.00910439
0 -0.00476554 -0.00757394 -0.00888273
0 -0.00474678 -0.00748916 -0.00867905
0 -0.00472649 -0.00740912 -0.00849905
0 -0.00470788 -0.00733616 -0.00834953
0 -0.00469216 -0.00727175 -0.00823431
0 -0.00467685 -0.00721473 -0.00815241
0 -0.00465917 -0.00716412 -0.00810125
0 -0.00463922 -0.00712175 -0.00807972
0 -0.00461775 -0.00708984 -0.00808619
0 -0.00459233 -0.00706659 -0.00811463
0 -0.00455789 -0.00704619 -0.00815513
0 -0.004511 -0.00702257 -0.00819803
0 -0.00445179 -0.00699138 -0.00823586
0 -0.00438123 -0.00694783 -0.00826111
0 -0.00429852 -0.00688468 -0.00826382
0 -0.0042023 -0.00679393 -0.00823314
0 -0.00409457 -0.00667127 -0.00816152
0 -0.00398204 -0.00651838 -0.0080468
0 -0.00387333 -0.00634114 -0.00789027
0 -0.00377518 -0.00614653 -0.00769378
0 -0.00369093 -0.00594107 -0.00745874
0 -0.00362179 -0.00573147 -0.00718755
0 -0.00356952 -0.00552634 -0.00688627
0 -0.003539 -0.00533821 -0.00656718
0 -0.00353811 -0.00518327 -0.00624887
0 -0.00357368 -0.00507732 -0.00595229
0 -0.00364465 -0.00502868 -0.00569355
0 -0.00373828 -0.00503288 -0.00547883
0 -0.00383494 -0.00507546 -0.00530702
0 -0.00391836 -0.00514061 -0.00517777
0 -0.00398158 -0.00521717 -0.00509596
0 -0.00402399 -0.00529728 -0.00506817
0 -0.00404451 -0.00537151 -0.00509576
0 -0.00403863 -0.00542746 -0.0051719
0 -0.00400221 -0.00545403 -0.00528522
0 -0.00393664 -0.005447 -0.00542539
0 -0.00384873 -0.00540921 -0.00558388
0 -0.00374471 -0.00534479 -0.00574918
0 -0.00362552 -0.00525385 -0.00590317
0 -0.00348895 -0.0051335 -0.00602396
0 -0.00333756 -0.00498463 -0.00609446
0 -0.0031844 -0.00481785 -0.0061095
0 -0.00305047 -0.00465231 -0.00607514
0 -0.00295647 -0.00450927 -0.0060026
0 -0.00291646 -0.00440672 -0.00590342
0 -0.0029367 -0.00435805 -0.00578882
0 -0.00301783 -0.00437313 -0.00567166
0 -0.00315756 -0.0044597 -0.00556809
0 -0.0033523 -0.00462383 -0.00549804
0 -0.0035979 -0.00487024 -0.0054845
0 -0.00388985 -0.00520238 -0.00555237
0 -0.00422301 -0.00562259 -0.00572688
0 -0.00459099 -0.00613161 -0.00603143
0 -0.00498525 -0.00672766 -0.0064851
0 -0.00539516 -0.00740595 -0.00710111
0 -0.00580906 -0.00815875 -0.00788625
0 -0.00621569 -0.00897594 -0.00884097
0 -0.006606 -0.00984634 -0.00996028
0 -0.00697502 -0.0107596 -0.0112352
0 -0.00732305 -0.0117084 -0.0126544
0 -0.00765463 -0.0126882 -0.0142039
0 -0.00797431 -0.0136944 -0.0158645
0 -0.00828206 -0.014718 -0.0176077
0 -0.00857339 -0.0157455 -0.0193961
0 -0.00884384 -0.0167634 -0.0211873
0 -0.00909345 -0.0177608 -0.0229398
0 -0.0093277 -0.018729 -0.0246172
0 -0.00955496 -0.0196595 -0.0261873
0 -0.00978297 -0.0205417 -0.0276224
0 -0.0100168 -0.0213631 -0.0288981
0 -0.0102576 -0.0221098 -0.029994
0 -0.0105015 -0.0227671 -0.0308928
0 -0.0107402 -0.0233199 -0.0315814
0 -0.0109654 -0.0237574 -0.0320545
0 -0.0111757 -0.0240799 -0.032321
0 -0.0113774 -0.0242998 -0.0324046
0 -0.0115774 -0.0244362 -0.032337
0 -0.0117736 -0.024504 -0.0321465
0 -0.0119484 -0.0245054 -0.0318497
0 -0.012071 -0.0244272 -0.0314501
0 -0.0121089 -0.0242482 -0.0309448
0 -0.0120409 -0.0239503 -0.0303352
0 -0.0118668 -0.0235279 -0.0296339
0 -0.011607 -0.0229919 -0.028865
0 -0.0112929 -0.0223657 -0.0280578
0 -0.0109552 -0.0216774 -0.027237
0 -0.0106131 -0.020951 -0.0264151
0 -0.0102712 -0.0202016 -0.0255894
0 -0.00992565 -0.0194378 -0.0247498
0 -0.00957391 -0.0186677 -0.0238871
0 -0.00922002 -0.017902 -0.0229995
0 -0.00887398 -0.0171535 -0.0220922
0 -0.00854702 -0.016434 -0.0211742
0 -0.00824581 -0.0157498 -0.0202531
0 -0.00796899 -0.0150993 -0.0193316
0 -0.00770852 -0.0144737 -0.0184081
0 -0.00745416 -0.0138608 -0.0174797
0 -0.00719767 -0.0132486 -0.0165453
0 -0.00693538 -0.0126287 -0.0156071
0 -0.00666907 -0.0119979 -0.0146715
0 -0.00640533 -0.0113595 -0.013749
0 -0.00614971 -0.0107195 -0.0128493
0 -0.00589672 -0.0100762 -0.0119712
0 -0.00562745 -0.00941652 -0.0110997
0 -0.00532273 -0.00872578 -0.0102167
0 -0.00497998 -0.00800276 -0.00931779
0 -0.00461605 -0.00726301 -0.00841488
0 -0.00425439 -0.00652839 -0.00752572
0 -0.0039091 -0.00581301 -0.00665945
0 -0.0035766 -0.00511477 -0.00580874
0 -0.00324061 -0.00441827 -0.00495387
0 -0.00288777 -0.0037082 -0.00407703
0 -0.00252172 -0.00298301 -0.00317594
0 -0.00216139 -0.00225546 -0.00226333
0 -0.00182511 -0.00153998 -0.00135293
0 -0.00151846 -0.000842431 -0.000448566
0 -0.00123616 -0.000161549 0.000453856
0 -0.00097084 0.000504086 0.00135823
0 -0.000718568 0.00115245 0.00226341
0 -0.000479173 0.00177881 0.00316326
0 -0.000254044 0.00237822 0.004049
0 -4.30337e-05 0.00294843 0.0049124
0 0.000157767 0.00349183 0.00574844
0 0.000354582 0.00401403 0.00655453
0 0.000550413 0.00451823 0.00732572
0 0.000739734 0.00499924 0.00804963
0 0.000907264 0.0054406 0.00870467
0 0.00103176 0.00581652 0.00926266
0 0.00109465 0.00609917 0.00969614
0 0.00108799 0.00626692 0.00998569
0 0.00101429 0.00630615 0.0101202
0 0.000880338 0.00620808 0.0100918
0 0.000693782 0.0059682 0.0098934
0 0.000464961 0.00558994 0.00952222
0 0.000207873 0.00508668 0.00898221
0 -6.33373e-05 0.0044784 0.00828207
0 -0.000340085 0.00378502 0.00743051
0 -0.000623556 0.00302003 0.00643206
0 -0.000923957 0.00218809 0.00528678
0 -0.00125362 0.00128897 0.00399553
0 -0.00161838 0.000324357 0.00256715
0 -0.00201501 -0.000699244 0.00102036
0 -0.002437 -0.00177455 -0.000622291
0 -0.00288209 -0.0028993 -0.0023424
0 -0.00335298 -0.00407609 -0.00412703
0 -0.00385013 -0.00530513 -0.00596224
0 -0.00436501 -0.00657688 -0.00782656
0 -0.00488142 -0.00787171 -0.00969176
0 -0.00538276 -0.00916569 -0.0115291
0 -0.00585778 -0.0104358 -0.0133139
0 -0.0063017 -0.011662 -0.0150263
0 -0.00671615 -0.0128288 -0.0166512
0 -0.00710942 -0.013928 -0.0181801
0 -0.00749412 -0.0149587 -0.0196103
0 -0.00788183 -0.0159243 -0.0209415
0 -0.00827913 -0.0168299 -0.0221727
0 -0.00868822 -0.0176827 -0.0233044
0 -0.00911035 -0.0184937 -0.024342
0 -0.00954689 -0.0192779 -0.0252963
0 -0.00999702 -0.0200495 -0.0261815
0 -0.0104551 -0.0208178 -0.0270113
0 -0.0109094 -0.0215836 -0.027796
0 -0.0113411 -0.022336 -0.0285394
0 -0.0117258 -0.0230521 -0.029237
0 -0.0120388 -0.023701 -0.029879
0 -0.012261 -0.0242499 -0.0304532
0 -0.0123821 -0.0246699 -0.0309476
0 -0.0124027 -0.0249407 -0.0313516
0 -0.0123357 -0.0250563 -0.0316587
0 -0.0122033 -0.0250253 -0.0318663
0 -0.012031 -0.0248683 -0.0319725
0 -0.0118421 -0.0246126 -0.0319747
0 -0.0116533 -0.0242869 -0.0318674
0 -0.0114669 -0.0239093 -0.0316371
0 -0.011267 -0.0234785 -0.0312577
0 -0.0110286 -0.0229777 -0.0306988
0 -0.010734 -0.0223877 -0.0299405
0 -0.0103809 -0.0216951 -0.0289799
0 -0.00998033 -0.0208951 -0.0278297
0 -0.00955185 -0.0199918 -0.0265138
0 -0.00911764 -0.0189979 -0.025063
0 -0.00869721 -0.017933 -0.0235105
0 -0.00830411 -0.0168212 -0.021889
0 -0.00794516 -0.0156889 -0.0202293
0 -0.00762056 -0.0145616 -0.0185596
0 -0.00732454 -0.0134618 -0.0169042
0 -0.0070476 -0.0124075 -0.0152844
0 -0.00677876 -0.0114117 -0.0137187
0 -0.00650547 -0.0104798 -0.0122216
0 -0.00621268 -0.00960615 -0.0108011
0 -0.00588525 -0.00877524 -0.00945928
0 -0.00551619 -0.00797071 -0.00819952
0 -0.00511485 -0.00718617 -0.007034
0 -0.00470504 -0.00642787 -0.00598325
0 -0.00431357 -0.00570832 -0.00506687
0 -0.00395832 -0.00503793 -0.00429365
0 -0.00364162 -0.00441913 -0.00365592
0 -0.00335154 -0.00384546 -0.00313066
0 -0.00307106 -0.00330704 -0.00268783
0 -0.00278797 -0.00279695 -0.0022996
0 -0.00249961 -0.00231404 -0.00194519
0 -0.00221417 -0.00186419 -0.00161323
0 -0.00194947 -0.00146063 -0.0013025
0 -0.00172798 -0.00112127 -0.0010194
0 -0.00157056 -0.000864419 -0.000773959
0 -0.0014928 -0.000706174 -0.000577811
0 -0.00150367 -0.00065918 -0.000443628
0 -0.00160307 -0.000729392 -0.000382549
0 -0.00178038 -0.000913273 -0.000401672
0 -0.00202048 -0.00120233 -0.000508129
0 -0.00231333 -0.00159205 -0.000716719
0 -0.00265651 -0.00208511 -0.00105105
0 -0.00304799 -0.0026854 -0.00153533
0 -0.00347476 -0.00338669 -0.00218147
0 -0.00390675 -0.00416445 -0.00298035
0 -0.00430465 -0.00497989 -0.003906
0 -0.00463722 -0.00579396 -0.00492965
0 -0.00489568 -0.0065814 -0.00603272
0 -0.00509597 -0.00733647 -0.00721041
0 -0.00526699 -0.00806694 -0.00846329
0 -0.00543166 -0.00878025 -0.00978207
0 -0.00559502 -0.00947336 -0.0111383
0 -0.00574745 -0.0101341 -0.0124887
0 -0.00587619 -0.0107492 -0.013786
0 -0.00597467 -0.0113104 -0.0149878
0 -0.00604918 -0.0118195 -0.0160646
0 -0.00612289 -0.0122924 -0.0170065
0 -0.00623126 -0.0127567 -0.0178231
0 -0.00640727 -0.0132412 -0.0185334
0 -0.00666339 -0.0137596 -0.0191492
0 -0.00698376 -0.0143019 -0.0196675
0 -0.00733378 -0.0148398 -0.0200764
0 -0.0076773 -0.0153406 -0.020368
0 -0.00798761 -0.0157759 -0.0205452
0 -0.00825032 -0.0161261 -0.0206216
0 -0.00846302 -0.0163829 -0.0206192
0 -0.00863246 -0.0165505 -0.0205658
0 -0.00876857 -0.0166424 -0.0204887
0 -0.0088787 -0.0166767 -0.0204104
0 -0.00896401 -0.0166701 -0.0203442
0 -0.00901823 -0.0166339 -0.0202929
0 -0.0090295 -0.0165712 -0.0202498
0 -0.00898377 -0.0164761 -0.0202002
0 -0.00886748 -0.0163342 -0.0201237
0 -0.00867042 -0.0161249 -0.0199962
0 -0.00839113 -0.0158283 -0.0197957
0 -0.00804418 -0.0154368 -0.0195109
0 -0.007661 -0.0149609 -0.0191447
0 -0.00727907 -0.0144235 -0.0187074
0 -0.00692707 -0.0138484 -0.0182053
0 -0.00661734 -0.0132526 -0.017635
0 -0.00634798 -0.012645 -0.0169868
0 -0.00611001 -0.0120299 -0.0162507
0 -0.0058952 -0.011411 -0.0154238
0 -0.00570142 -0.0107956 -0.014515
0 -0.00553262 -0.0101954 -0.0135442
0 -0.00539461 -0.00962368 -0.0125383
0 -0.00529072 -0.00909299 -0.0115257
0 -0.00521976 -0.008613 -0.010534
0 -0.00517541 -0.00818855 -0.00958801
0 -0.00514855 -0.00782005 -0.00871029
0 -0.00513314 -0.00750819 -0.00792519
0 -0.00513035 -0.00725843 -0.00726151
0 -0.00514624 -0.00708008 -0.00674936
0 -0.00518414 -0.00698027 -0.0064122
0 -0.00523771 -0.00695768 -0.00625922
0 -0.00529174 -0.0070023 -0.0062848
0 -0.00533059 -0.00710185 -0.00647538
0 -0.00534467 -0.00724633 -0.00681489
0 -0.00532814 -0.00742466 -0.00728228
0 -0.00527391 -0.0076192 -0.00784682
0 -0.005176 -0.00780805 -0.00847099
0 -0.00503971 -0.00797645 -0.00912209
0 -0.00488729 -0.00812545 -0.00978063
0 -0.00475003 -0.00826818 -0.0104364
0 -0.00465429 -0.00841948 -0.011078
0 -0.00461368 -0.00858956 -0.0116876
0 -0.00462949 -0.00878308 -0.012243
0 -0.0046956 -0.0090004 -0.0127228
0 -0.00480387 -0.00923953 -0.0131123
0 -0.00494752 -0.00949751 -0.0134065
0 -0.00512363 -0.00977265 -0.013612
0 -0.00533628 -0.0100691 -0.0137496
0 -0.00559657 -0.0103997 -0.013854
0 -0.00591574 -0.0107817 -0.0139665
0 -0.00629544 -0.0112282 -0.0141245
0 -0.0067225 -0.0117418 -0.0143535
0 -0.00716974 -0.0123117 -0.0146652
0 -0.00760021 -0.0129134 -0.0150576
0 -0.00797014 -0.0135071 -0.0155138
0 -0.00823535 -0.0140417 -0.0160044
0 -0.00836907 -0.0144722 -0.0165022
0 -0.00838014 -0.0147823 -0.0170009
0 -0.00831106 -0.0149895 -0.0175165
0 -0.00821632 -0.015132 -0.018071
0 -0.00813731 -0.0152484 -0.018672
0 -0.00808629 -0.015361 -0.0192997
0 -0.0080441 -0.0154667 -0.0199046
0 -0.00797525 -0.015542 -0.020422
0 -0.00785223 -0.0155599 -0.0207945
0 -0.00766949 -0.0155011 -0.0209865
0 -0.00743706 -0.0153511 -0.0209795
0 -0.00716558 -0.0150918 -0.020759
0 -0.00685873 -0.0146996 -0.0203086
0 -0.00651664 -0.0141533 -0.0196144
0 -0.00614405 -0.0134437 -0.018673
0 -0.00575693 -0.0125818 -0.0174991
0 -0.00538515 -0.0116029 -0.0161296
0 -0.0050736 -0.0105696 -0.0146267
0 -0.00488152 -0.00957431 -0.013081
0 -0.00486632 -0.00872442 -0.0115973
0 -0.00504453 -0.00810142 -0.0102571
0 -0.0053579 -0.00771714 -0.00908029
0 -0.00568025 -0.00750273 -0.00802217
0 -0.00586811 -0.00734 -0.00700974
0 -0.005826 -0.00711582 -0.00599448
0 -0.00555002 -0.00677063 -0.004991
0 -0.00512659 -0.00631764 -0.00407956
0 -0.00468485 -0.00582251 -0.0033686
0 -0.0043332 -0.00536146 -0.00294245
0 -0.004121 -0.0049906 -0.00283011
0 -0.00403692 -0.0047366 -0.00300488
0 -0.00403208 -0.00460253 -0.00340461
0 -0.00405139 -0.0045804 -0.00395878
0 -0.00405644 -0.0046609 -0.00460823
0 -0.00403163 -0.00483471 -0.00531023
0 -0.00397956 -0.00509028 -0.00603538
0 -0.00391686 -0.00541647 -0.00676628
0 -0.00386666 -0.0058029 -0.00749332
0 -0.00383382 -0.00622054 -0.00819217
0 -0.00378218 -0.00659932 -0.00880008
0 -0.00365259 -0.00684221 -0.00923004
0 -0.00340963 -0.0068691 -0.00941379
0 -0.003072 -0.00665142 -0.00933278
0 -0.00270785 -0.00621929 -0.00901891
0 -0.00240445 -0.00564579 -0.00853291
0 -0.00223282 -0.00502158 -0.00793742
0 -0.00222524 -0.00443263 -0.00727947
0 -0.00237281 -0.00394786 -0.00658817
0 -0.00263899 -0.00361623 -0.00588384
0 -0.00298025 -0.00346962 -0.00519141
0 -0.003363 -0.00352646 -0.00454982
0 -0.00377169 -0.00379425 -0.00401477
0 -0.00421385 -0.00427741 -0.00366112
0 -0.00471766 -0.00498441 -0.00358008
0 -0.00530889 -0.00591699 -0.00385659
0 -0.00597685 -0.00704541 -0.00453364
0 -0.00664982 -0.00828493 -0.00558186
0 -0.00719887 -0.00949162 -0.00689331
0 -0.0074844 -0.0104968 -0.00831643
0 -0.00742082 -0.0111643 -0.00971338
0 -0.00701314 -0.0114317 -0.0109979
0 -0.00634818 -0.0113165 -0.0121371
0 -0.00555817 -0.0108986 -0.0131314
0 -0.00477982 -0.010296 -0.0139877
0 -0.00411867 -0.00963481 -0.0146943
0 -0.00362474 -0.00901518 -0.015207
0 -0.00329016 -0.0084874 -0.0154551
0 -0.00307266 -0.00805429 -0.0153656
0 -0.00293174 -0.00769389 -0.0148957
0 -0.00285622 -0.007385 -0.0140574
0 -0.00287232 -0.00712608 -0.0129235
0 -0.00303461 -0.00694482 -0.0116191
0 -0.00340435 -0.00689577 -0.0102982
0 -0.00402222 -0.00704604 -0.00911297
0 -0.00488801 -0.007454 -0.00818887
0 -0.00595458 -0.00814926 -0.00761508
0 -0.00713386 -0.00912071 -0.00744179
0 -0.00830969 -0.0103123 -0.00767995
0 -0.00935326 -0.0116248 -0.00830343
0 -0.0101422 -0.0129284 -0.0092559
0 -0.0105839 -0.014088 -0.0104634
0 -0.0106352 -0.0149921 -0.0118483
0 -0.010312 -0.0155732 -0.0133422
0 -0.00969012 -0.0158211 -0.0148982
0 -0.00889257 -0.0157863 -0.0164949
0 -0.00806025 -0.0155645 -0.0181222
0 -0.0073142 -0.0152688 -0.0197542
0 -0.00672673 -0.0149998 -0.0213277
0 -0.00631124 -0.0148179 -0.022741
0 -0.00603264 -0.0147306 -0.0238716
0 -0.00583762 -0.0147053 -0.0246061
0 -0.005687 -0.0146954 -0.0248701
0 -0.00556713 -0.0146549 -0.024639
0 -0.00548209 -0.0145417 -0.0239302
0 -0.00544138 -0.0143184 -0.02279
0 -0.00544953 -0.0139537 -0.0212806
0 -0.00549765 -0.0134207 -0.0194677
0 -0.00555711 -0.0126936 -0.0174084
0 -0.00558218 -0.0117486 -0.015146
0 -0.00552628 -0.0105746 -0.0127167
0 -0.00536195 -0.00918709 -0.0101651
0 -0.00509048 -0.0076338 -0.00755607
0 -0.00473888 -0.00599249 -0.00497439
0 -0.004348 -0.00435909 -0.00251413
0 -0.00395689 -0.0028305 -0.000264362
0 -0.00359009 -0.00148702 0.00170401
0 -0.00325215 -0.000378869 0.00334544
0 -0.00293155 0.000478933 0.00463908
0 -0.00261205 0.00110099 0.00558174
0 -0.00228477 0.00151916 0.00617944
0 -0.00195585 0.00176889 0.00644128
0 -0.00164805 0.00187708 0.00637664
0 -0.00139413 0.00185684 0.00599809
0 -0.0012172 0.0017182 0.00533582
0 -0.00111228 0.00148495 0.00445101
0 -0.00105964 0.00118513 0.00341937
0 -0.00106237 0.000817305 0.00229195
0 -0.00116259 0.000335114 0.00107464
0 -0.00141823 -0.000331042 -0.000255326
0 -0.00186388 -0.00123621 -0.00171567
0 -0.002487 -0.00239373 -0.00329658
0 -0.00322988 -0.00376875 -0.00495889
0 -0.00400743 -0.00528587 -0.00664431
0 -0.0047285 -0.00684255 -0.00828792
0 -0.00531608 -0.00832628 -0.00983036
0 -0.00572188 -0.00963254 -0.0112268
0 -0.00593081 -0.0106784 -0.0124488
0 -0.00595806 -0.011412 -0.0134829
0 -0.00584489 -0.0118206 -0.0143294
0 -0.00565386 -0.0119362 -0.0150032
0 -0.00545834 -0.0118315 -0.0155296
0 -0.0053253 -0.0116045 -0.0159341
0 -0.00530051 -0.011357 -0.016234
0 -0.00540535 -0.0111803 -0.0164402
0 -0.00564503 -0.0111495 -0.0165677
0 -0.00602071 -0.0113259 -0.0166485
0 -0.00653259 -0.0117544 -0.0167332
0 -0.00716844 -0.0124509 -0.0168775
0 -0.00788988 -0.0133882 -0.0171219
0 -0.00863179 -0.014496 -0.0174814
0 -0.00931718 -0.0156749 -0.0179492
0 -0.00987725 -0.0168153 -0.0185084
0 -0.0102678 -0.017817 -0.0191436
0 -0.0104794 -0.0186088 -0.0198485
0 -0.0105373 -0.0191617 -0.0206281
0 -0.0104883 -0.0194872 -0.0214897
0 -0.0103765 -0.0196218 -0.0224264
0 -0.0102277 -0.0196114 -0.0234061
0 -0.0100503 -0.0195056 -0.0243737
0 -0.00984719 -0.0193569 -0.0252663
0 -0.00962883 -0.0192179 -0.026031
0 -0.00941512 -0.0191316 -0.0266322
0 -0.00922531 -0.019118 -0.0270461
0 -0.00906602 -0.0191635 -0.0272508
0 -0.0089278 -0.0192221 -0.027223
0 -0.00879211 -0.0192288 -0.0269432
0 -0.00864223 -0.0191175 -0.0264034
0 -0.00846899 -0.0188353 -0.0256099
0 -0.00826838 -0.0183469 -0.0245785
0 -0.0080355 -0.0176343 -0.023327
0 -0.00776244 -0.0166957 -0.0218711
0 -0.00743946 -0.0155449 -0.0202249
0 -0.00705486 -0.0142062 -0.0183994
0 -0.00659503 -0.0127069 -0.0164024
0 -0.00604823 -0.011074 -0.0142406
0 -0.00541084 -0.0093358 -0.0119255
0 -0.00469326 -0.00752588 -0.00947987
0 -0.0039228 -0.00568522 -0.00694215
0 -0.00314047 -0.00386113 -0.00436566
0 -0.00239242 -0.00210253 -0.00181268
0 -0.00171973 -0.000453723 0.0006537
0 -0.00115107 0.0010501 0.00297578
0 -0.00070166 0.00238235 0.00510278
0 -0.000376539 0.00352147 0.00698915
0 -0.000173384 0.00444949 0.00859348
0 -8.39383e-05 0.00515225 0.00987939
0 -9.74677e-05 0.00561677 0.0108155
0 -0.000206588 0.00582658 0.0113727
0 -0.000407844 0.0057632 0.0115245
0 -0.000692556 0.00541787 0.0112575
0 -0.00103712 0.00480465 0.010582
0 -0.00140372 0.0039636 0.00953476
0 -0.00175122 0.0029532 0.00817053
0 -0.00204964 0.00183634 0.00654874
0 -0.00229001 0.000667008 0.00472305
0 -0.00248319 -0.000514479 0.00273856
0 -0.0026506 -0.00168001 0.000635869
0 -0.00281559 -0.00281303 -0.0015445
0 -0.00299923 -0.00390917 -0.00376171
0 -0.0032163 -0.00497298 -0.00597413
0 -0.00347142 -0.00601155 -0.00813689
0 -0.00376109 -0.00703219 -0.0102031
0 -0.00408214 -0.00804585 -0.0121307
0 -0.004438 -0.00906714 -0.0138904
0 -0.00483645 -0.0101077 -0.0154673
0 -0.00528378 -0.0111701 -0.0168567
0 -0.00578341 -0.0122485 -0.0180644
0 -0.00633878 -0.0133356 -0.019109
0 -0.00695406 -0.0144268 -0.0200229
0 -0.00762954 -0.0155191 -0.0208455
0 -0.00835627 -0.0166084 -0.0216166
0 -0.00911505 -0.0176877 -0.0223713
0 -0.00987831 -0.0187476 -0.0231385
0 -0.01061 -0.0197733 -0.023936
0 -0.0112657 -0.0207397 -0.0247651
0 -0.0117974 -0.0216117 -0.0256113
0 -0.0121671 -0.0223536 -0.0264528
0 -0.0123595 -0.022941 -0.0272712
0 -0.0123862 -0.023367 -0.0280559
0 -0.0122777 -0.0236389 -0.0287992
0 -0.0120741 -0.0237747 -0.029491
0 -0.0118172 -0.0237982 -0.0301161
0 -0.0115439 -0.023735 -0.0306537
0 -0.0112801 -0.0236058 -0.0310759
0 -0.0110369 -0.0234209 -0.0313479
0 -0.0108126 -0.0231794 -0.0314315
0 -0.0106005 -0.0228749 -0.0312944
0 -0.0103961 -0.0225013 -0.0309174
0 -0.0101985 -0.0220546 -0.030296
0 -0.0100042 -0.0215285 -0.0294348
0 -0.00980108 -0.0209083 -0.0283394
0 -0.00957018 -0.0201729 -0.027016
0 -0.00929796 -0.0193073 -0.0254811
0 -0.0089856 -0.0183124 -0.0237687
0 -0.00864408 -0.0172038 -0.0219236
0 -0.00828114 -0.0160005 -0.0199886
0 -0.00789323 -0.0147178 -0.0179942
0 -0.00746782 -0.0133666 -0.0159592
0 -0.00699025 -0.011956 -0.0138964
0 -0.0064488 -0.0104936 -0.0118156
0 -0.00583762 -0.00898652 -0.00972662
0 -0.00515988 -0.00744305 -0.00764136
0 -0.00442973 -0.00587631 -0.00557639
0 -0.00366966 -0.00430387 -0.00355134
0 -0.00290385 -0.00274397 -0.00158406
0 -0.00215194 -0.00121157 0.000314086
0 -0.00142698 0.000282564 0.00213915
0 -0.000736903 0.00173031 0.00389243
0 -8.64488e-05 0.00312467 0.0055777
0 0.000521815 0.00445919 0.00719949
0 0.00108684 0.00572796 0.00876189
0 0.00160745 0.00692464 0.0102665
0 0.00207953 0.00803987 0.0117089
0 0.00249505 0.00905987 0.0130774
0 0.00284496 0.0099687 0.0143548
0 0.00312488 0.0107542 0.0155241
0 0.00334011 0.0114144 0.0165735
0 0.00350543 0.0119587 0.017498
0 0.00363747 0.0124018 0.0182944
0 0.00374604 0.0127556 0.0189546
0 0.00383268 0.0130256 0.0194652
0 0.00389682 0.0132154 0.0198151
0 0.00394155 0.0133306 0.0200012
0 0.00397183 0.0133767 0.0200279
0 0.00398739 0.0133525 0.0198994
0 0.00397752 0.0132454 0.019615
0 0.00392094 0.0130313 0.0191658
0 0.00378942 0.0126768 0.0185366
0 0.00355528 0.012146 0.0177096
0 0.00319931 0.0114088 0.0166698
0 0.00271396 0.0104447 0.0154073
0 0.00210108 0.009243 0.0139147
0 0.00136886 0.00780187 0.0121853
0 0.000531906 0.00612991 0.0102149
0 -0.000387328 0.00424897 0.0080059
0 -0.0013601 0.00219344 0.00556915
0 -0.00235533 6.63119e-06 0.00292315
0 -0.00334495 -0.00226521 9.16556e-05
0 -0.00431144 -0.00458209 -0.00290239
0 -0.00525311 -0.0069185 -0.0060427
0 -0.00618093 -0.00926427 -0.0093188
0 -0.00710916 -0.0116185 -0.0127192
0 -0.00804737 -0.0139834 -0.0162248
0 -0.0089978 -0.0163613 -0.0198069
0 -0.00995646 -0.0187553 -0.0234273
0 -0.0109158 -0.0211669 -0.027042
0 -0.011868 -0.0235926 -0.0306071
0 -0.0128069 -0.0260209 -0.0340837
0 -0.01373 -0.0284317 -0.0374381
0 -0.0146366 -0.0307981 -0.0406394
0 -0.0155239 -0.0330868 -0.0436592
0 -0.0163846 -0.0352612 -0.0464707
0 -0.0172105 -0.037287 -0.049051
0 -0.0179984 -0.0391405 -0.0513863
0 -0.0187516 -0.0408127 -0.0534745
0 -0.019475 -0.0423053 -0.0553205
0 -0.0201674 -0.0436238 -0.056929
0 -0.0208185 -0.0447723 -0.0583006
0 -0.0214095 -0.0457503 -0.0594313
0 -0.021917 -0.0465525 -0.0603147
0 -0.0223183 -0.0471702 -0.0609451
0 -0.0225957 -0.0475932 -0.06132
0 -0.0227396 -0.047812 -0.0614425
0 -0.0227513 -0.0478223 -0.0613227
0 -0.0226433 -0.0476281 -0.0609789
0 -0.0224357 -0.0472408 -0.0604336
0 -0.0221484 -0.0466754 -0.0597072
0 -0.0217972 -0.0459476 -0.0588148
0 -0.021392 -0.0450732 -0.0577664
0 -0.02094 -0.0440688 -0.0565694
0 -0.0204451 -0.0429507 -0.0552286
0 -0.0199058 -0.0417301 -0.0537443
0 -0.0193143 -0.0404093 -0.0521104
0 -0.0186591 -0.0389826 -0.0503163
0 -0.0179288 -0.0374387 -0.0483498
0 -0.0171146 -0.0357619 -0.0461987
0 -0.0162112 -0.0339346 -0.0438516
0 -0.0152179 -0.0319402 -0.0412992
0 -0.0141392 -0.029766 -0.0385355
0 -0.0129845 -0.027407 -0.0355584
0 -0.0117677 -0.0248682 -0.0323716
0 -0.0105049 -0.0221636 -0.0289833
0 -0.00920895 -0.0193119 -0.0254028
0 -0.00788597 -0.016331 -0.0216373
0 -0.00653629 -0.0132364 -0.0176921
0 -0.00515902 -0.0100437 -0.0135747
0 -0.00375602 -0.00677139 -0.00929692
0 -0.00233386 -0.00344133 -0.00487745
0 -0.000903337 -7.71667e-05 -0.000340932
0 0.000523297 0.00329866 0.00428348
0 0.00193456 0.00666714 0.00896352
0 0.00332025 0.0100122 0.0136649
0 0.00467126 0.0133194 0.0183518
0 0.00598104 0.0165761 0.0229847
0 0.00724765 0.0197694 0.0275203
0 0.00847314 0.0228826 0.0319136
0 0.00966122 0.0258951 0.0361195
0 0.0108159 0.0287855 0.0400963
0 0.0119409 0.0315336 0.0438094
0 0.0130399 0.0341206 0.0472331
0 0.0141145 0.0365309 0.0503506
0 0.0151646 0.0387532 0.053153
0 0.0161873 0.0407809 0.0556385
0 0.0171764 0.0426106 0.05781
0 0.0181215 0.0442411 0.0596737
0 0.0190087 0.0456718 0.0612373
0 0.0198205 0.0469007 0.0625089
0 0.0205348 0.0479213 0.0634941
0 0.0211258 0.0487211 0.0641947
0 0.0215684 0.0492845 0.0646114
0 0.0218428 0.0495969 0.0647472
0 0.0219357 0.0496456 0.0646069
0 0.0218397 0.0494193 0.0641943
0 0.0215539 0.0489071 0.0635092
0 0.0210839 0.0481001 0.0625469
0 0.0204404 0.0469928 0.0612982
0 0.0196372 0.0455841 0.0597494
0 0.0186886 0.0438763 0.0578825
0 0.0176076 0.0418742 0.0556761
0 0.0164071 0.0395868 0.0531096
0 0.015102 0.0370278 0.0501674
0 0.0137081 0.0342147 0.0468414
0 0.0122386 0.0311649 0.0431286
0 0.0107032 0.0278936 0.039032
0 0.00910967 0.0244155 0.0345627
0 0.0074665 0.0207461 0.0297412
0 0.00578027 0.0168989 0.0245939
0 0.0040521 0.0128823 0.0191488
0 0.00227758 0.0087012 0.0134351
0 0.000451236 0.00436198 0.00748177
0 -0.00142774 -0.000121166 0.00131868
0 -0.00335293 -0.00472676 -0.00502026
0 -0.00531342 -0.00943008 -0.0114974
0 -0.00729852 -0.0142084 -0.0180734
0 -0.00929977 -0.0190436 -0.0247067
0 -0.0113096 -0.0239158 -0.0313548
0 -0.013322 -0.0287971 -0.0379726
0 -0.0153344 -0.0336532 -0.0445079
0 -0.0173471 -0.0384478 -0.0509075
0 -0.0193615 -0.0431468 -0.0571221
0 -0.0213777 -0.0477181 -0.0631069
0 -0.0233882 -0.0521301 -0.0688197
0 -0.0253776 -0.0563501 -0.0742218
0 -0.0273265 -0.0603485 -0.0792809
0 -0.029216 -0.0641017 -0.0839734
0 -0.0310265 -0.067591 -0.0882828
0 -0.0327359 -0.0707993 -0.0921947
0 -0.0343178 -0.0737071 -0.0956948
0 -0.0357446 -0.0762934 -0.0987684
0 -0.0369902 -0.0785365 -0.101402
0 -0.0380315 -0.0804143 -0.103583
0 -0.0388481 -0.0819039 -0.105299
0 -0.0394215 -0.0829808 -0.106533
0 -0.0397362 -0.0836202 -0.10727
0 -0.039782 -0.083799 -0.107492
0 -0.0395568 -0.0834983 -0.107182
0 -0.0390684 -0.0827073 -0.106324
0 -0.0383337 -0.0814251 -0.104904
0 -0.0373748 -0.0796596 -0.102913
0 -0.0362131 -0.0774243 -0.100337
0 -0.0348678 -0.0747371 -0.0971687
0 -0.0333583 -0.0716214 -0.0934053
0 -0.0317062 -0.0681078 -0.089057
0 -0.0299334 -0.0642315 -0.0841465
0 -0.0280597 -0.0600293 -0.0787071
0 -0.0261007 -0.0555376 -0.0727808
0 -0.0240696 -0.0507922 -0.066418
0 -0.0219783 -0.0458294 -0.059678
0 -0.0198393 -0.0406869 -0.0526287
0 -0.0176652 -0.0354029 -0.0453451
0 -0.0154681 -0.0300157 -0.0379037
0 -0.013259 -0.0245628 -0.0303766
0 -0.0110483 -0.0190833 -0.0228268
0 -0.00884555 -0.0136188 -0.0153077
0 -0.00666278 -0.00821145 -0.00786685
0 -0.00451545 -0.00290148 -0.000551486
0 -0.00242135 0.00227306 0.00658998
0 -0.00039646 0.00727704 0.0135061
0 0.00155027 0.0120785 0.0201398
0 0.00341829 0.0166479 0.0264303
0 0.00521195 0.020957 0.0323178
0 0.006936 0.02498 0.0377473
0 0.00859285 0.0286959 0.0426726
0 0.0101822 0.0320889 0.0470596
0 0.0117016 0.0351471 0.0508885
0 0.0131468 0.0378642 0.0541539
0 0.0145115 0.0402387 0.0568626
0 0.0157854 0.0422715 0.0590305
0 0.0169542 0.0439643 0.0606799
0 0.0180005 0.0453199 0.0618384
0 0.0189052 0.0463423 0.0625387
0 0.0196494 0.0470372 0.0628171
0 0.0202152 0.047412 0.0627122
0 0.0205866 0.047475 0.0622623
0 0.0207514 0.047236 0.0615035
0 0.0207028 0.046706 0.0604687
0 0.020441 0.0458964 0.0591855
0 0.019975 0.0448192 0.0576764
0 0.0193225 0.0434878 0.0559587
0 0.0185075 0.041917 0.054044
0 0.0175565 0.0401224 0.0519375
0 0.0164955 0.0381206 0.0496387
0 0.0153485 0.0359292 0.0471431
0 0.0141371 0.0335678 0.0444457
0 0.0128804 0.0310576 0.0415424
0 0.011595 0.0284213 0.0384328
0 0.0102967 0.0256832 0.0351219
0 0.00900004 0.0228678 0.031621
0 0.00771704 0.0199988 0.027947
0 0.00645688 0.0170976 0.024123
0 0.00522622 0.0141839 0.020178
0 0.00402926 0.0112751 0.0161452
0 0.00286609 0.00838539 0.012057
0 0.00173172 0.00552361 0.00794198
0 0.00061822 0.00269365 0.00382591
0 -0.000481431 -0.000102669 -0.000265101
0 -0.00157071 -0.00286203 -0.0043023
0 -0.00264987 -0.00557904 -0.00825417
0 -0.00371781 -0.00824799 -0.0120875
0 -0.00477364 -0.0108633 -0.0157699
0 -0.00581738 -0.013417 -0.019273
0 -0.00684933 -0.0158963 -0.0225744
0 -0.00786914 -0.0182847 -0.0256578
0 -0.00887587 -0.0205644 -0.0285134
0 -0.00986835 -0.0227197 -0.0311392
0 -0.010845 -0.0247386 -0.0335391
0 -0.011802 -0.0266134 -0.0357194
0 -0.0127313 -0.0283395 -0.0376864
0 -0.01362 -0.0299146 -0.0394474
0 -0.0144531 -0.0313387 -0.0410112
0 -0.0152168 -0.0326141 -0.0423889
0 -0.0159012 -0.033746 -0.0435956
0 -0.0165014 -0.0347419 -0.0446493
0 -0.0170162 -0.0356105 -0.0455692
0 -0.0174459 -0.0363593 -0.0463722
0 -0.0177912 -0.0369935 -0.0470715
0 -0.0180515 -0.0375148 -0.0476747
0 -0.018225 -0.0379208 -0.0481828
0 -0.0183097 -0.0382056 -0.0485913
0 -0.0183044 -0.0383605 -0.0488903
0 -0.0182086 -0.0383737 -0.0490645
0 -0.018021 -0.038231 -0.0490926
0 -0.0177404 -0.0379171 -0.0489486
0 -0.0173653 -0.0374167 -0.0486024
0 -0.0168952 -0.0367166 -0.0480231
0 -0.0163326 -0.0358077 -0.0471816
0 -0.0156831 -0.0346864 -0.046054
0 -0.0149533 -0.0333522 -0.0446205
0 -0.0141474 -0.0318046 -0.0428644
0 -0.0132665 -0.0300419 -0.0407712
0 -0.0123108 -0.0280628 -0.038332
0 -0.0112821 -0.0258688 -0.0355465
0 -0.0101851 -0.0234652 -0.0324234
0 -0.00902608 -0.0208611 -0.0289801
0 -0.00781305 -0.0180688 -0.0252404
0 -0.00655545 -0.0151047 -0.0212345
0 -0.0052647 -0.0119907 -0.0169987
0 -0.00395361 -0.00875519 -0.0125746
0 -0.00263538 -0.00543381 -0.00800615
0 -0.00132338 -0.00206919 -0.00333849
0 -3.24124e-05 0.00129027 0.00137937
0 0.00121948 0.00459317 0.00609117
0 0.00240996 0.00778749 0.0107318
0 0.00351357 0.0108226 0.0152281
0 0.00450663 0.0136533 0.0195037
0 0.00537378 0.0162423 0.023482
0 0.00611079 0.0185585 0.0270901
0 0.00672043 0.0205728 0.0302604
0 0.00720662 0.0222569 0.032932
0 0.00757151 0.0235837 0.0350519
0 0.00781433 0.024529 0.0365762
0 0.00793211 0.0250728 0.0374726
0 0.00792373 0.0252039 0.037725
0 0.00779286 0.0249233 0.0373366
0 0.00754651 0.0242437 0.0363287
0 0.00719199 0.0231869 0.0347373
0 0.00673608 0.0217818 0.0326109
0 0.00618557 0.0200645 0.030008
0 0.00554725 0.0180751 0.0269949
0 0.00482759 0.0158561 0.0236413
0 0.00403422 0.013451 0.0200189
0 0.00317862 0.0109066 0.0162026
0 0.00227692 0.00827389 0.0122687
0 0.0013483 0.0056065 0.00829038
0 0.000413448 0.00295742 0.00433635
0 -0.000505481 0.000376021 0.000472098
0 -0.00138465 -0.00209103 -0.00323772
0 -0.00219944 -0.00439826 -0.00672796
0 -0.00292706 -0.00650319 -0.00993341
0 -0.0035509 -0.00837063 -0.0127927
0 -0.00406532 -0.00997586 -0.0152557
0 -0.00447735 -0.0113058 -0.0172895
0 -0.00480367 -0.0123581 -0.0188781
0 -0.00506561 -0.0131402 -0.0200207
0 -0.00528565 -0.0136687 -0.0207297
0 -0.00548468 -0.0139688 -0.0210304
0 -0.00567786 -0.0140716 -0.020958
0 -0.00587109 -0.0140091 -0.0205545
0 -0.00606247 -0.0138129 -0.019868
0 -0.00624775 -0.0135155 -0.0189548
0 -0.00642454 -0.0131521 -0.0178803
0 -0.00659216 -0.0127578 -0.0167145
0 -0.00674927 -0.0123649 -0.0155254
0 -0.00689207 -0.0119993 -0.0143736
0 -0.00701419 -0.0116785 -0.01331
0 -0.00710869 -0.0114111 -0.0123761
0 -0.00717123 -0.0111996 -0.0116063
0 -0.00720165 -0.0110439 -0.0110284
0 -0.00720364 -0.010943 -0.0106629
0 -0.00718444 -0.0108981 -0.0105235
0 -0.00715281 -0.0109122 -0.0106154
0 -0.00711433 -0.0109871 -0.0109319
0 -0.00706895 -0.0111205 -0.0114529
0 -0.00701355 -0.0113071 -0.0121479
0 -0.00694624 -0.0115408 -0.0129814
0 -0.00686881 -0.011816 -0.0139159
0 -0.00678648 -0.0121266 -0.0149137
0 -0.00670663 -0.0124663 -0.0159364
0 -0.00663803 -0.0128287 -0.0169459
0 -0.00659051 -0.0132078 -0.0179065
0 -0.00657432 -0.0135974 -0.018788
0 -0.0065984 -0.0139903 -0.019567
0 -0.00666804 -0.0143775 -0.0202261
0 -0.00678331 -0.014748 -0.0207532
0 -0.00693942 -0.0150901 -0.0211421
0 -0.0071278 -0.0153933 -0.0213932
0 -0.00733688 -0.0156488 -0.0215125
0 -0.00755227 -0.0158495 -0.0215102
0 -0.00775694 -0.0159883 -0.0213985
0 -0.00793182 -0.0160573 -0.0211896
0 -0.00805757 -0.0160473 -0.0208942
0 -0.00811801 -0.0159499 -0.0205222
0 -0.00810361 -0.0157595 -0.0200848
0 -0.00801234 -0.0154754 -0.0195933
0 -0.00784727 -0.0150993 -0.019057
0 -0.00761309 -0.0146336 -0.0184797
0 -0.0073134 -0.0140787 -0.0178581
0 -0.00694949 -0.0134321 -0.0171803
0 -0.00652125 -0.012689 -0.0164284
0 -0.00602926 -0.0118435 -0.0155803
0 -0.00547613 -0.0108903 -0.0146132
0 -0.00486648 -0.00982449 -0.013504
0 -0.00420677 -0.00864236 -0.0122315
0 -0.00350598 -0.00734306 -0.0107786
0 -0.00277547 -0.00592964 -0.0091338
0 -0.00202701 -0.00440823 -0.00729088
0 -0.00127011 -0.00278618 -0.00524725
0 -0.000510739 -0.00107115 -0.00300277
0 0.000247847 0.000728413 -0.00056079
0 0.00100357 0.00260238 0.00206952
0 0.0017546 0.00453872 0.00487161
0 0.00249865 0.00652353 0.00782119
0 0.00323216 0.00854075 0.010886
0 0.00395023 0.0105721 0.0140263
0 0.00464832 0.0125992 0.0171967
0 0.00532527 0.0146072 0.020348
0 0.00598478 0.0165844 0.0234315
0 0.0066333 0.0185188 0.0264019
0 0.00727623 0.0203945 0.0292167
0 0.00791416 0.0221898 0.031834
0 0.00854098 0.023878 0.0342139
0 0.00914521 0.0254291 0.0363205
0 0.00971258 0.0268135 0.0381244
0 0.010227 0.0280026 0.0396028
0 0.0106703 0.0289683 0.0407379
0 0.0110219 0.0296833 0.0415152
0 0.0112614 0.0301221 0.0419233
0 0.0113706 0.0302634 0.0419546
0 0.011334 0.0300907 0.0416044
0 0.0111387 0.0295913 0.0408683
0 0.0107737 0.0287556 0.0397412
0 0.0102315 0.0275769 0.0382171
0 0.00950903 0.0260516 0.0362902
0 0.00860929 0.0241808 0.0339564
0 0.00754075 0.02197 0.0312142
0 0.00631556 0.0194282 0.0280637
0 0.0049478 0.0165668 0.0245061
0 0.00345257 0.0133994 0.0205443
0 0.00184543 0.00994172 0.0161846
0 0.000141771 0.0062124 0.0114382
0 -0.0016437 0.00223374 0.00632093
0 -0.00349625 -0.00196679 0.000852136
0 -0.00539979 -0.00635682 -0.00494513
0 -0.0073363 -0.0109009 -0.0110414
0 -0.00928636 -0.015562 -0.0173986
0 -0.0112289 -0.0203025 -0.023968
0 -0.0131408 -0.0250859 -0.0306878
0 -0.0150008 -0.0298737 -0.037485
0 -0.0167949 -0.0346245 -0.0442783
0 -0.0185175 -0.0392928 -0.0509805
0 -0.0201675 -0.0438281 -0.0575001
0 -0.0217428 -0.0481747 -0.0637435
0 -0.0232359 -0.0522732 -0.0696177
0 -0.0246338 -0.0560624 -0.0750336
0 -0.025919 -0.0594833 -0.0799084
0 -0.0270717 -0.0624824 -0.0841679
0 -0.0280714 -0.065013 -0.0877476
0 -0.0288987 -0.0670382 -0.090595
0 -0.0295385 -0.0685318 -0.0926714
0 -0.0299806 -0.0694791 -0.0939524
0 -0.0302209 -0.0698767 -0.0944286
0 -0.0302613 -0.0697323 -0.0941064
0 -0.0301087 -0.069066 -0.0930107
0 -0.0297732 -0.067909 -0.0911839
0 -0.0292673 -0.0663001 -0.0886826
0 -0.0286035 -0.0642831 -0.0855749
0 -0.0277931 -0.0619025 -0.0819366
0 -0.0268463 -0.0592025 -0.0778491
0 -0.0257735 -0.0562268 -0.0733966
0 -0.0245877 -0.0530203 -0.0686648
0 -0.0233053 -0.0496301 -0.063739
0 -0.0219454 -0.0461049 -0.0587013
0 -0.0205259 -0.0424918 -0.053626
0 -0.019061 -0.038833 -0.0485753
0 -0.017559 -0.0351626 -0.0435952
0 -0.0160237 -0.0315054 -0.0387158
0 -0.0144572 -0.0278779 -0.0339525
0 -0.0128622 -0.02429 -0.0293101
0 -0.0112433 -0.0207477 -0.0247843
0 -0.0096075 -0.0172533 -0.0203656
0 -0.00796475 -0.0138071 -0.0160419
0 -0.00632569 -0.0104062 -0.0117999
0 -0.00469924 -0.00704493 -0.00762415
0 -0.00309032 -0.00371388 -0.00349653
0 -0.00150003 -0.000401991 0.000603264
0 7.2036e-05 0.00290038 0.004695
0 0.00162511 0.00619787 0.00879533
0 0.0031558 0.00948814 0.0129161
0 0.00465813 0.012763 0.017063
0 0.00612502 0.016011 0.0212336
0 0.00755065 0.0192182 0.0254159
0 0.00893148 0.0223696 0.029587
0 0.010265 0.0254494 0.0337158
0 0.0115487 0.0284398 0.0377647
0 0.0127788 0.0313207 0.0416912
0 0.013951 0.0340684 0.0454508
0 0.0150609 0.0366579 0.0489997
0 0.0161038 0.039065 0.0522963
0 0.0170743 0.0412671 0.0553026
0 0.0179667 0.0432449 0.0579846
0 0.0187747 0.044982 0.0603135
0 0.0194915 0.0464654 0.0622655
0 0.0201098 0.0476846 0.063823
0 0.0206222 0.0486315 0.0649744
0 0.0210205 0.0492989 0.0657135
0 0.0212949 0.0496788 0.0660379
0 0.0214329 0.0497613 0.065948
0 0.0214204 0.0495351 0.0654469
0 0.0212435 0.0489896 0.06454
0 0.0208911 0.0481156 0.0632342
0 0.0203561 0.0469051 0.0615368
0 0.0196353 0.0453521 0.0594539
0 0.0187284 0.0434524 0.0569895
0 0.0176386 0.0412042 0.0541455
0 0.0163717 0.0386096 0.0509219
0 0.014937 0.0356743 0.0473178
0 0.0133463 0.0324087 0.0433323
0 0.0116129 0.0288268 0.0389646
0 0.0097515 0.0249458 0.0342155
0 0.00777709 0.0207848 0.0290875
0 0.00570383 0.0163637 0.0235855
0 0.00354305 0.011702 0.0177184
0 0.00130364 0.00681849 0.0114985
0 -0.00100589 0.00173249 0.00494154
0 -0.00337571 -0.0035361 -0.00193379
0 -0.00579389 -0.00896749 -0.00910401
0 -0.00824604 -0.0145399 -0.0165399
0 -0.0107153 -0.0202273 -0.0242039
0 -0.0131837 -0.0260005 -0.0320474
0 -0.0156366 -0.0318288 -0.04001
0 -0.0180688 -0.0376784 -0.0480221
0 -0.020483 -0.0435099 -0.0560068
0 -0.0228846 -0.0492779 -0.0638826
0 -0.0252756 -0.0549314 -0.0715665
0 -0.0276505 -0.0604168 -0.078978
0 -0.0299955 -0.0656811 -0.0860412
0 -0.0322891 -0.0706752 -0.0926855
0 -0.0345045 -0.0753545 -0.0988469
0 -0.036612 -0.0796786 -0.104469
0 -0.0385823 -0.0836108 -0.109506
0 -0.0403877 -0.0871174 -0.11392
0 -0.0420021 -0.0901674 -0.117682
0 -0.0434012 -0.0927319 -0.120772
0 -0.0445613 -0.0947855 -0.123177
0 -0.0454598 -0.0963061 -0.124889
0 -0.0460766 -0.0972754 -0.125902
0 -0.0463955 -0.0976787 -0.126212
0 -0.0464049 -0.097507 -0.125821
0 -0.046101 -0.0967593 -0.124738
0 -0.0454911 -0.0954422 -0.122978
0 -0.044592 -0.0935689 -0.120558
0 -0.0434268 -0.091158 -0.117498
0 -0.0420215 -0.0882341 -0.113819
0 -0.0404043 -0.0848275 -0.109542
0 -0.0386038 -0.0809749 -0.104694
0 -0.0366491 -0.0767184 -0.0993057
0 -0.0345685 -0.0721046 -0.0934162
0 -0.0323876 -0.0671831 -0.0870699
0 -0.0301275 -0.0620032 -0.0803154
0 -0.0278052 -0.0566114 -0.0732051
0 -0.0254337 -0.0510514 -0.0657949
0 -0.0230233 -0.0453631 -0.0581449
0 -0.020582 -0.0395809 -0.050318
0 -0.0181161 -0.0337336 -0.0423765
0 -0.0156316 -0.0278452 -0.0343771
0 -0.0131355 -0.0219379 -0.0263679
0 -0.0106366 -0.0160362 -0.0183883
0 -0.0081463 -0.0101689 -0.0104722
0 -0.00567875 -0.00436798 -0.00265198
0 -0.00324873 0.00133259 0.00504176
0 -0.00086704 0.00689932 0.0125762
0 0.00146225 0.0123042 0.0199079
0 0.00373887 0.0175259 0.0269835
0 0.00596448 0.0225449 0.0337464
0 0.00814202 0.0273411 0.0401413
0 0.0102731 0.0318929 0.0461179
0 0.0123558 0.0361764 0.0516346
0 0.014384 0.0401667 0.0566595
0 0.0163461 0.04384 0.0611692
0 0.0182257 0.0471763 0.0651485
0 0.0200023 0.0501599 0.0685895
0 0.0216544 0.0527801 0.0714924
0 0.023159 0.0550314 0.0738652
0 0.0244914 0.0569145 0.0757245
0 0.025628 0.0584342 0.0770949
0 0.0265521 0.0595981 0.0780089
0 0.027255 0.0604153 0.0785057
0 0.0277365 0.0608972 0.0786285
0 0.0280035 0.0610577 0.0784223
0 0.0280679 0.0609141 0.0779304
0 0.0279449 0.0604866 0.0771909
0 0.0276516 0.0597966 0.0762337
0 0.0272076 0.0588666 0.0750804
0 0.0266342 0.0577204 0.0737452
0 0.0259536 0.0563832 0.0722367
0 0.0251867 0.0548796 0.0705585
0 0.0243513 0.0532319 0.068709
0 0.023461 0.0514577 0.0666834
0 0.0225254 0.0495706 0.0644751
0 0.0215502 0.047578 0.0620771
0 0.0205362 0.0454808 0.0594818
0 0.0194788 0.0432723 0.0566808
0 0.0183694 0.0409385 0.0536648
0 0.0171968 0.0384604 0.0504244
0 0.015949 0.0358164 0.0469507
0 0.0146143 0.0329846 0.043235
0 0.0131817 0.0299437 0.0392692
0 0.0116416 0.0266755 0.0350441
0 0.00998599 0.0231643 0.0305497
0 0.00820795 0.0193981 0.0257761
0 0.00630278 0.0153697 0.0207143
0 0.00427115 0.0110807 0.0153578
0 0.00212124 0.00654248 0.00970453
0 -0.000131465 0.00177405 0.003759
0 -0.00246657 -0.0032001 -0.00246797
0 -0.00486154 -0.00835002 -0.00896065
0 -0.00729303 -0.0136399 -0.0156986
0 -0.00973698 -0.0190281 -0.0226555
0 -0.0121689 -0.0244704 -0.029796
0 -0.0145652 -0.029925 -0.0370732
0 -0.016909 -0.0353541 -0.0444275
0 -0.0191937 -0.040722 -0.0517889
0 -0.021421 -0.0459958 -0.0590839
0 -0.0235965 -0.051146 -0.0662394
0 -0.0257261 -0.0561446 -0.0731847
0 -0.0278125 -0.0609643 -0.0798548
0 -0.0298548 -0.0655797 -0.086191
0 -0.031847 -0.0699662 -0.0921416
0 -0.033778 -0.0740992 -0.0976612
0 -0.0356322 -0.0779529 -0.102711
0 -0.0373925 -0.0815012 -0.10726
0 -0.0390411 -0.0847188 -0.111284
0 -0.0405599 -0.0875809 -0.114767
0 -0.0419298 -0.090064 -0.117695
0 -0.0431305 -0.0921454 -0.120059
0 -0.0441405 -0.0938039 -0.121854
0 -0.0449377 -0.0950197 -0.123075
0 -0.0454985 -0.0957739 -0.123717
0 -0.0457983 -0.0960473 -0.123778
0 -0.0458128 -0.0958224 -0.123256
0 -0.0455236 -0.0950847 -0.122153
0 -0.0449246 -0.0938247 -0.120468
0 -0.0440246 -0.09204 -0.118207
0 -0.0428447 -0.0897375 -0.115376
0 -0.0414158 -0.0869356 -0.111982
0 -0.0397742 -0.0836628 -0.108038
0 -0.0379561 -0.0799552 -0.103555
0 -0.0359947 -0.0758535 -0.098547
0 -0.03392 -0.0714021 -0.0930358
0 -0.0317603 -0.0666504 -0.087051
0 -0.0295413 -0.0616496 -0.0806327
0 -0.027284 -0.056449 -0.0738288
0 -0.0250032 -0.0510932 -0.0666931
0 -0.0227086 -0.0456221 -0.0592857
0 -0.0204062 -0.04007 -0.0516729
0 -0.0181 -0.0344659 -0.0439243
0 -0.0157942 -0.028835 -0.0361079
0 -0.0134946 -0.0232017 -0.0282853
0 -0.0112073 -0.0175919 -0.0205083
0 -0.00893754 -0.0120323 -0.0128165
0 -0.00668856 -0.00654635 -0.0052404
0 -0.00446153 -0.00115265 0.002196
0 -0.00225386 0.00413403 0.00947128
0 -5.84194e-05 0.00930373 0.0165569
0 0.0021337 0.0143513 0.0234147
0 0.00433036 0.0192718 0.0300056
0 0.00653866 0.0240583 0.0362953
0 0.00876467 0.0287032 0.0422546
0 0.0110107 0.0331961 0.0478625
0 0.013273 0.0375206 0.0531078
0 0.0155412 0.0416574 0.0579866
0 0.0177979 0.0455868 0.062499
0 0.020019 0.0492891 0.066648
0 0.0221756 0.0527446 0.0704371
0 0.0242311 0.0559342 0.0738686
0 0.026138 0.0588383 0.0769427
0 0.0278443 0.0614355 0.0796569
0 0.0293037 0.0636997 0.0820069
0 0.0304798 0.065601 0.0839864
0 0.0313467 0.0671075 0.0855866
0 0.0318872 0.0681865 0.0867934
0 0.0320925 0.0688054 0.0875862
0 0.0319625 0.0689339 0.0879364
0 0.0315084 0.0685467 0.0878087
0 0.0307529 0.0676274 0.0871616
0 0.0297276 0.0661701 0.0859498
0 0.0284675 0.0641798 0.0841263
0 0.0270073 0.0616711 0.0816469
0 0.0253783 0.058667 0.0784741
0 0.0236081 0.055197 0.0745817
0 0.0217196 0.0512947 0.0699588
0 0.0197309 0.0469955 0.0646129
0 0.0176554 0.0423341 0.0585713
0 0.0155028 0.0373448 0.0518808
0 0.0132802 0.0320608 0.0446055
0 0.0109932 0.0265137 0.0368248
0 0.00864705 0.0207338 0.0286289
0 0.00624754 0.0147523 0.0201102
0 0.00380068 0.00860613 0.011355
0 0.00131418 0.00233627 0.00244053
0 -0.00120029 -0.0040157 -0.00655994
0 -0.00372623 -0.0104091 -0.0155703
0 -0.00624398 -0.0168002 -0.024511
0 -0.00873868 -0.023138 -0.0332993
0 -0.0112062 -0.0293656 -0.0418471
0 -0.0136474 -0.0354226 -0.0500664
0 -0.0160615 -0.0412467 -0.0578725
0 -0.0184415 -0.0467754 -0.0651856
0 -0.0207715 -0.0519482 -0.0719335
0 -0.0230269 -0.0567092 -0.0780525
0 -0.0251754 -0.0610074 -0.0834866
0 -0.0271785 -0.0647987 -0.0881881
0 -0.0289944 -0.0680458 -0.0921172
0 -0.0305809 -0.0707179 -0.0952442
0 -0.0318982 -0.072791 -0.0975493
0 -0.0329121 -0.0742469 -0.0990236
0 -0.0335949 -0.0750729 -0.0996694
0 -0.0339268 -0.075261 -0.0995003
0 -0.0338977 -0.0748095 -0.09854
0 -0.0335094 -0.0737254 -0.0968199
0 -0.0327776 -0.072026 -0.0943783
0 -0.0317311 -0.0697381 -0.0912581
0 -0.0304084 -0.0668974 -0.0875056
0 -0.0288533 -0.0635486 -0.0831689
0 -0.0271116 -0.0597451 -0.0782985
0 -0.0252288 -0.0555497 -0.0729477
0 -0.023249 -0.0510339 -0.0671747
0 -0.0212134 -0.046275 -0.0610429
0 -0.0191584 -0.0413526 -0.0546216
0 -0.0171133 -0.0363436 -0.0479848
0 -0.0151006 -0.0313182 -0.0412093
0 -0.0131372 -0.0263372 -0.0343721
0 -0.0112371 -0.0214529 -0.027548
0 -0.00941254 -0.0167109 -0.0208084
0 -0.00767432 -0.0121521 -0.0142191
0 -0.00603285 -0.00781004 -0.00784107
0 -0.00449765 -0.00370865 -0.00173237
0 -0.00307511 0.000137156 0.00405336
0 -0.0017663 0.00372116 0.00946623
0 -0.000564995 0.00704267 0.0144562
0 0.000542656 0.0100998 0.0189739
0 0.00157408 0.0128863 0.0229775
0 0.00254611 0.0153926 0.0264364
0 0.00347205 0.0176075 0.0293306
0 0.00435873 0.0195198 0.0316509
0 0.00520503 0.0211192 0.033399
0 0.00600234 0.0223982 0.0345875
0 0.00673568 0.0233521 0.0352395
0 0.00738492 0.0239795 0.0353879
0 0.00792663 0.0242817 0.0350732
0 0.00833598 0.024262 0.0343396
0 0.00858848 0.0239259 0.0332319
0 0.00866197 0.0232813 0.031793
0 0.00853908 0.0223385 0.0300619
0 0.00820932 0.0211105 0.0280735
0 0.00767059 0.0196126 0.0258579
0 0.00693035 0.0178623 0.0234391
0 0.0060058 0.015878 0.0208352
0 0.00492248 0.013679 0.0180604
0 0.00371193 0.0112856 0.0151249
0 0.00240865 0.00872046 0.0120365
0 0.00104699 0.00600919 0.00880123
0 -0.00034146 0.00318083 0.00542473
0 -0.00172954 0.000266829 0.00191314
0 -0.00309492 -0.00269967 -0.00172516
0 -0.00441946 -0.00568409 -0.00547748
0 -0.00568885 -0.00865165 -0.00932538
0 -0.00689299 -0.0115702 -0.0132443
0 -0.00802635 -0.0144135 -0.0172038
0 -0.00908759 -0.0171638 -0.0211674
0 -0.0100782 -0.0198114 -0.0250928
0 -0.011001 -0.0223509 -0.0289335
0 -0.0118595 -0.0247776 -0.0326419
0 -0.0126583 -0.0270843 -0.0361694
0 -0.0134035 -0.0292584 -0.0394666
0 -0.0141004 -0.0312826 -0.0424854
0 -0.0147526 -0.033137 -0.0451822
0 -0.015361 -0.0347998 -0.0475197
0 -0.0159243 -0.0362483 -0.0494669
0 -0.0164383 -0.0374595 -0.051
0 -0.0168958 -0.0384125 -0.0521028
0 -0.0172862 -0.0390887 -0.0527667
0 -0.0175954 -0.0394729 -0.0529901
0 -0.017806 -0.0395534 -0.0527772
0 -0.0178992 -0.0393234 -0.052139
0 -0.0178568 -0.0387814 -0.0510917
0 -0.0176627 -0.0379301 -0.0496551
0 -0.0173026 -0.0367727 -0.04785
0 -0.0167647 -0.0353125 -0.045696
0 -0.0160436 -0.033553 -0.0432131
0 -0.0151424 -0.0315007 -0.0404222
0 -0.0140748 -0.0291685 -0.0373467
0 -0.0128641 -0.0265767 -0.0340123
0 -0.0115401 -0.0237535 -0.0304453
0 -0.0101343 -0.0207326 -0.0266705
0 -0.00867596 -0.0175503 -0.0227097
0 -0.00718973 -0.0142447 -0.0185821
0 -0.00569519 -0.0108545 -0.0143052
0 -0.00420865 -0.00741899 -0.00989855
0 -0.00274547 -0.00397662 -0.00538739
0 -0.00132114 -0.000563485 -0.000803875
0 4.94642e-05 0.00278834 0.00381361
0 0.00135376 0.00605186 0.00842268
0 0.00258309 0.00920473 0.01298
0 0.00373397 0.0122301 0.0174402
0 0.00480849 0.0151169 0.0217525
0 0.0058131 0.0178566 0.0258616
0 0.00675588 0.0204386 0.0297127
0 0.00764418 0.0228488 0.0332536
0 0.00848309 0.0250694 0.0364359
0 0.00927492 0.0270797 0.0392184
0 0.0100196 0.0288587 0.0415696
0 0.0107152 0.0303869 0.0434692
0 0.0113576 0.0316478 0.0449083
0 0.0119396 0.0326286 0.0458878
0 0.0124495 0.0333192 0.046416
0 0.01287 0.0337117 0.046507
0 0.0131797 0.0338003 0.0461788
0 0.0133551 0.0335821 0.0454526
0 0.0133739 0.0330573 0.0443521
0 0.0132178 0.0322297 0.0429029
0 0.0128748 0.031106 0.0411325
0 0.0123412 0.0296955 0.0390682
0 0.0116222 0.0280094 0.036736
0 0.0107309 0.0260609 0.0341584
0 0.0096861 0.0238655 0.0313543
0 0.00851009 0.0214411 0.0283385
0 0.00722667 0.0188085 0.0251226
0 0.00586025 0.0159918 0.0217159
0 0.00443495 0.0130194 0.0181262
0 0.00297426 0.0099231 0.0143627
0 0.00150054 0.00673706 0.0104374
0 3.30424e-05 0.00349517 0.00636523
0 -0.00141453 0.000227462 0.00216325
0 -0.00283451 -0.00304228 -0.00215102
0 -0.00422324 -0.00629641 -0.00655805
0 -0.00557804 -0.00952173 -0.0110335
0 -0.00689546 -0.0127079 -0.0155465
0 -0.00817129 -0.0158473 -0.0200599
0 -0.00940261 -0.0189358 -0.0245314
0 -0.01059 -0.0219704 -0.028918
0 -0.0117379 -0.0249461 -0.0331809
0 -0.0128558 -0.0278538 -0.0372866
0 -0.0139587 -0.0306829 -0.0412058
0 -0.0150636 -0.0334225 -0.0449152
0 -0.0161847 -0.0360629 -0.0483976
0 -0.0173293 -0.0385943 -0.0516392
0 -0.0184971 -0.0410075 -0.0546297
0 -0.0196797 -0.0432933 -0.0573626
0 -0.0208619 -0.0454427 -0.0598354
0 -0.0220224 -0.0474453 -0.0620486
0 -0.0231354 -0.0492892 -0.0640049
0 -0.0241737 -0.0509604 -0.0657094
0 -0.025111 -0.052444 -0.0671695
0 -0.0259247 -0.0537255 -0.0683948
0 -0.0265972 -0.0547918 -0.0693966
0 -0.0271164 -0.0556332 -0.070186
0 -0.027475 -0.0562425 -0.0707728
0 -0.0276694 -0.0566153 -0.0711629
0 -0.0276996 -0.0567488 -0.0713577
0 -0.0275689 -0.0566404 -0.0713522
0 -0.0272837 -0.0562879 -0.0711348
0 -0.0268535 -0.0556897 -0.0706881
0 -0.0262918 -0.0548474 -0.069992
0 -0.0256151 -0.0537662 -0.0690257
0 -0.0248414 -0.052455 -0.0677697
0 -0.0239882 -0.0509257 -0.0662073
0 -0.0230706 -0.0491917 -0.0643251
0 -0.0221009 -0.0472668 -0.0621152
0 -0.0210885 -0.0451647 -0.0595762
0 -0.0200402 -0.0428978 -0.0567144
0 -0.01896 -0.0404769 -0.0535433
0 -0.01785 -0.0379117 -0.0500839
0 -0.0167103 -0.035211 -0.0463636
0 -0.0155399 -0.0323841 -0.042416
0 -0.0143375 -0.0294407 -0.0382789
0 -0.0131014 -0.0263905 -0.0339915
0 -0.011829 -0.0232437 -0.0295922
0 -0.0105167 -0.0200115 -0.0251161
0 -0.00916041 -0.016707 -0.0205934
0 -0.00775741 -0.0133461 -0.0160487
0 -0.00630809 -0.00994822 -0.011503
0 -0.00481782 -0.00653419 -0.00697581
0 -0.00329696 -0.00312468 -0.00248687
0 -0.00175966 0.000261236 0.00194454
0 -0.000222469 0.00360633 0.00629985
0 0.00129705 0.00689438 0.0105619
0 0.00278164 0.0101084 0.0147162
0 0.00421543 0.0132306 0.0187498
0 0.00558561 0.0162437 0.0226479
0 0.00688337 0.0191311 0.0263925
0 0.00810273 0.0218755 0.0299642
0 0.00923959 0.0244598 0.0333439
0 0.0102914 0.0268684 0.0365122
0 0.0112562 0.0290879 0.0394494
0 0.0121316 0.0311059 0.0421358
0 0.0129136 0.0329091 0.0445518
0 0.0135956 0.0344836 0.0466773
0 0.0141688 0.0358144 0.0484917
0 0.0146242 0.0368878 0.0499754
0 0.0149539 0.0376922 0.0511112
0 0.0151528 0.0382185 0.0518855
0 0.0152179 0.0384601 0.0522875
0 0.0151488 0.0384121 0.0523094
0 0.0149477 0.0380728 0.0519464
0 0.0146193 0.0374436 0.0511973
0 0.0141699 0.0365291 0.0500644
0 0.0136065 0.0353367 0.0485539
0 0.0129361 0.0338758 0.0466753
0 0.0121655 0.032158 0.0444416
0 0.0113008 0.0301969 0.0418693
0 0.0103479 0.0280077 0.0389786
0 0.00931221 0.0256073 0.0357923
0 0.00819862 0.023013 0.0323355
0 0.00701251 0.0202432 0.0286344
0 0.00576031 0.0173167 0.0247162
0 0.00444976 0.0142534 0.0206095
0 0.00308983 0.0110736 0.0163443
0 0.00169044 0.00779873 0.0119504
0 0.000262676 0.00445256 0.00745552
0 -0.00118104 0.0010604 0.00288616
0 -0.00262736 -0.00235224 -0.0017309
0 -0.00406291 -0.00576057 -0.00636902
0 -0.00547542 -0.00914101 -0.0110011
0 -0.00685459 -0.012472 -0.0155989
0 -0.00819259 -0.0157358 -0.0201324
0 -0.00948438 -0.01892 -0.0245707
0 -0.0107274 -0.0220152 -0.0288844
0 -0.0119207 -0.0250111 -0.0330473
0 -0.0130645 -0.0278943 -0.0370343
0 -0.0141611 -0.030649 -0.0408186
0 -0.0152119 -0.0332586 -0.044373
0 -0.0162162 -0.0357068 -0.0476731
0 -0.0171712 -0.0379783 -0.0506967
0 -0.018072 -0.0400587 -0.053425
0 -0.0189117 -0.041934 -0.055842
0 -0.019681 -0.0435915 -0.0579354
0 -0.0203699 -0.0450198 -0.0596967
0 -0.0209688 -0.0462099 -0.0611214
0 -0.0214683 -0.047155 -0.062209
0 -0.0218601 -0.0478501 -0.062962
0 -0.0221364 -0.0482915 -0.0633847
0 -0.0222904 -0.0484769 -0.0634831
0 -0.0223171 -0.0484058 -0.0632653
0 -0.0222134 -0.0480797 -0.0627405
0 -0.0219791 -0.0475021 -0.0619184
0 -0.021616 -0.0466772 -0.060808
0 -0.0211278 -0.0456102 -0.0594171
0 -0.0205206 -0.044308 -0.0577532
0 -0.0198034 -0.0427805 -0.0558245
0 -0.0189873 -0.0410404 -0.05364
0 -0.0180848 -0.0391031 -0.05121
0 -0.0171097 -0.0369872 -0.0485465
0 -0.0160766 -0.0347142 -0.0456643
0 -0.0150008 -0.032308 -0.0425819
0 -0.0138965 -0.0297933 -0.0393208
0 -0.0127763 -0.0271949 -0.0359047
0 -0.0116507 -0.0245361 -0.0323595
0 -0.0105281 -0.0218389 -0.0287129
0 -0.00941542 -0.0191236 -0.0249945
0 -0.00831873 -0.016409 -0.0212353
0 -0.00724328 -0.0137143 -0.0174657
0 -0.00619358 -0.0110584 -0.0137147
0 -0.00517354 -0.00846061 -0.0100103
0 -0.0041869 -0.00593805 -0.00638079
0 -0.00323732 -0.00350494 -0.0028549
0 -0.00232794 -0.00117235 0.00053894
0 -0.00146069 0.00105164 0.00377408
0 -0.000636273 0.00316099 0.00682663
0 0.000145214 0.00515097 0.00967491
0 0.00088371 0.00701739 0.012299
0 0.00157942 0.00875514 0.0146826
0 0.00223316 0.0103571 0.0168141
0 0.00284617 0.0118144 0.0186864
0 0.00341914 0.0131175 0.0202965
0 0.00395062 0.0142579 0.021645
0 0.00443624 0.0152285 0.0227353
0 0.00486908 0.0160238 0.0235734
0 0.00524064 0.0166401 0.0241674
0 0.00554189 0.0170754 0.0245266
0 0.00576431 0.0173297 0.0246619
0 0.00590111 0.0174048 0.0245855
0 0.00594843 0.0173058 0.024311
0 0.00590508 0.0170404 0.0238518
0 0.00577076 0.0166164 0.0232193
0 0.00554492 0.0160399 0.0224207
0 0.00522814 0.0153151 0.0214602
0 0.00482461 0.0144468 0.0203416
0 0.0043434 0.013442 0.0190701
0 0.00379753 0.01231 0.0176522
0 0.00320167 0.0110624 0.0160951
0 0.00256977 0.00971223 0.0144058
0 0.00191399 0.00827402 0.0125913
0 0.00124444 0.00676375 0.010659
0 0.000569138 0.00519806 0.00861767
0 -0.000106228 0.00359291 0.00647779
0 -0.000778426 0.00196209 0.00425173
0 -0.00144621 0.000316677 0.00195348
0 -0.00210932 -0.00133465 -0.000401198
0 -0.00276757 -0.00298505 -0.00279475
0 -0.00342049 -0.0046292 -0.00520821
0 -0.00406736 -0.00626302 -0.00762201
0 -0.00470749 -0.00788317 -0.0100167
0 -0.00534042 -0.00948654 -0.0123733
0 -0.00596602 -0.0110701 -0.0146725
0 -0.00658421 -0.01263 -0.0168957
0 -0.00719488 -0.0141609 -0.0190254
0 -0.00779781 -0.0156546 -0.0210466
0 -0.00839258 -0.0171013 -0.0229474
0 -0.00897854 -0.0184898 -0.0247197
0 -0.00955476 -0.0198099 -0.0263595
0 -0.01012 -0.0210527 -0.0278665
0 -0.0106723 -0.0222124 -0.0292439
0 -0.0112077 -0.0232848 -0.0304961
0 -0.0117206 -0.0242674 -0.0316282
0 -0.012203 -0.0251583 -0.0326449
0 -0.0126458 -0.025956 -0.03355
0 -0.0130396 -0.026659 -0.0343461
0 -0.0133754 -0.0272657 -0.035035
0 -0.0136462 -0.0277736 -0.0356174
0 -0.013847 -0.0281797 -0.0360932
0 -0.0139753 -0.0284794 -0.0364607
0 -0.01403 -0.0286672 -0.036716
0 -0.0140108 -0.0287356 -0.0368526
0 -0.0139185 -0.0286769 -0.0368615
0 -0.0137575 -0.0284867 -0.0367341
0 -0.0135368 -0.0281662 -0.0364645
0 -0.0132679 -0.0277219 -0.0360493
0 -0.0129618 -0.027163 -0.0354856
0 -0.0126268 -0.0264999 -0.0347707
0 -0.0122689 -0.0257435 -0.0339035
0 -0.0118924 -0.0249048 -0.0328853
0 -0.0115004 -0.023994 -0.0317209
0 -0.0110941 -0.0230193 -0.0304177
0 -0.0106726 -0.0219854 -0.0289847
0 -0.0102338 -0.0208943 -0.0274332
0 -0.00977592 -0.019747 -0.025777
0 -0.00929803 -0.0185452 -0.0240326
0 -0.00880047 -0.0172917 -0.0222185
0 -0.00828394 -0.015991 -0.020353
0 -0.00774894 -0.0146486 -0.0184526
0 -0.0071958 -0.0132717 -0.0165322
0 -0.00662536 -0.0118688 -0.0146041
0 -0.00603984 -0.0104502 -0.0126797
0 -0.00544321 -0.00902731 -0.0107699
0 -0.0048408 -0.00761191 -0.00888541
0 -0.0042386 -0.00621555 -0.00703653
0 -0.00364287 -0.00484931 -0.00523314
0 -0.00306003 -0.00352384 -0.00348481
0 -0.0024966 -0.00224946 -0.0018011
0 -0.00195912 -0.00103603 -0.000191596
0 -0.00145387 0.000107364 0.00133411
0 -0.00098667 0.00117253 0.00276645
0 -0.000562705 0.00215224 0.00409595
0 -0.000186302 0.00304002 0.00531343
0 0.000139227 0.00383005 0.00641013
0 0.000411699 0.00451707 0.0073779
0 0.000630059 0.00509623 0.00820926
0 0.000794261 0.00556314 0.00889743
0 0.000905208 0.00591411 0.00943646
0 0.000964892 0.00614674 0.00982164
0 0.00097648 0.0062606 0.0100499
0 0.000943825 0.0062572 0.0101196
0 0.000870634 0.0061396 0.0100303
0 0.000760041 0.0059122 0.0097823
0 0.000614837 0.00558075 0.0093776
0 0.000437755 0.00515223 0.00882029
0 0.000231118 0.00463395 0.00811632
0 -3.97801e-06 0.00403222 0.00727262
0 -0.000267937 0.00335161 0.00629663
0 -0.000561912 0.00259532 0.00519666
0 -0.000886744 0.0017661 0.00398252
0 -0.00124234 0.000867039 0.00266567
0 -0.00162745 -9.78493e-05 0.001259
0 -0.00203981 -0.00112322 -0.000223522
0 -0.00247656 -0.00220239 -0.0017677
0 -0.00293504 -0.00332809 -0.00335997
0 -0.00341323 -0.00449318 -0.00498815
0 -0.00390973 -0.00569089 -0.00664168
0 -0.00442286 -0.00691437 -0.00831118
0 -0.00494987 -0.00815608 -0.00998776
0 -0.00548622 -0.00940725 -0.0116623
0 -0.00602586 -0.0106579 -0.0133254
0 -0.0065624 -0.0118975 -0.0149675
0 -0.00709068 -0.0131171 -0.0165806
0 -0.00760748 -0.0143094 -0.018158
0 -0.00811078 -0.0154692 -0.0196942
0 -0.00859851 -0.0165916 -0.0211833
0 -0.00906753 -0.0176712 -0.0226186
0 -0.0095133 -0.0187018 -0.0239914
0 -0.00993044 -0.0196759 -0.0252923
0 -0.010314 -0.0205858 -0.0265115
0 -0.0106602 -0.0214242 -0.0276401
0 -0.0109667 -0.0221839 -0.0286697
0 -0.011232 -0.0228582 -0.0295924
0 -0.011455 -0.0234409 -0.0304007
0 -0.0116351 -0.0239264 -0.0310877
0 -0.0117719 -0.0243101 -0.0316464
0 -0.0118657 -0.0245893 -0.0320711
0 -0.0119177 -0.0247633 -0.0323576
0 -0.0119303 -0.0248339 -0.0325039
0 -0.0119067 -0.0248048 -0.0325101
0 -0.0118488 -0.02468 -0.0323771
0 -0.011757 -0.0244624 -0.0321057
0 -0.0116295 -0.0241534 -0.0316971
0 -0.011464 -0.0237533 -0.0311527
0 -0.0112589 -0.0232625 -0.030476
0 -0.0110145 -0.0226825 -0.0296726
0 -0.0107331 -0.0220165 -0.028751
0 -0.0104193 -0.0212704 -0.0277222
0 -0.0100787 -0.0204519 -0.0265987
0 -0.00971601 -0.0195699 -0.0253932
0 -0.00933533 -0.0186341 -0.0241181
0 -0.00893985 -0.0176541 -0.0227855
0 -0.00853159 -0.0166393 -0.0214065
0 -0.00811091 -0.0155971 -0.0199905
0 -0.00767728 -0.0145331 -0.0185453
0 -0.00723113 -0.0134529 -0.0170791
0 -0.00677499 -0.0123633 -0.0156008
0 -0.00631308 -0.0112719 -0.0141203
0 -0.00584983 -0.0101862 -0.0126462
0 -0.00538887 -0.00911263 -0.0111862
0 -0.00493267 -0.00805583 -0.0097463
0 -0.00448334 -0.00701967 -0.00833237
0 -0.00404401 -0.00600849 -0.00695102
0 -0.00361998 -0.00502863 -0.00561098
0 -0.0032181 -0.00408844 -0.0043228
0 -0.0028444 -0.00319656 -0.00309683
0 -0.00250181 -0.00235985 -0.00194112
0 -0.00219012 -0.00158297 -0.000861176
0 -0.00190764 -0.000869297 0.000138694
0 -0.00165282 -0.00022176 0.00105411
0 -0.0014247 0.000357218 0.00188047
0 -0.00122247 0.000866374 0.00261376
0 -0.00104488 0.00130621 0.00325129
0 -0.000890113 0.00167901 0.00379208
0 -0.000756309 0.00198816 0.00423648
0 -0.000642113 0.00223727 0.00458578
0 -0.000547292 0.00242926 0.00484156
0 -0.000473412 0.00256513 0.00500484
0 -0.000423863 0.00264344 0.00507571
0 -0.000402674 0.00266101 0.00505408
0 -0.000413063 0.00261425 0.00494067
0 -0.000456695 0.00250009 0.00473738
0 -0.000533684 0.0023165 0.00444713
0 -0.000643011 0.00206273 0.00407337
0 -0.000783086 0.00173936 0.00361962
0 -0.000952212 0.00134819 0.00308911
0 -0.00114901 0.000891956 0.00248446
0 -0.00137307 0.000373361 0.00180702
0 -0.00162545 -0.000205875 0.00105641
0 -0.00190812 -0.000845148 0.000230864
0 -0.0022227 -0.00154431 -0.000671696
0 -0.0025696 -0.00230305 -0.00165275
0 -0.00294745 -0.00312037 -0.00271257
0 -0.00335287 -0.00399394 -0.00384971
0 -0.00378083 -0.00491993 -0.005061
0 -0.00422575 -0.00589355 -0.00634215
0 -0.0046824 -0.00690953 -0.00768835
0 -0.005146 -0.00796182 -0.00909397
0 -0.00561172 -0.00904308 -0.0105519
0 -0.00607467 -0.0101447 -0.0120534
0 -0.00653073 -0.0112574 -0.0135886
0 -0.00697756 -0.0123729 -0.0151474
0 -0.00741492 -0.0134843 -0.01672
0 -0.00784388 -0.0145862 -0.0182957
0 -0.00826557 -0.0156742 -0.0198625
0 -0.00868023 -0.016744 -0.0214066
0 -0.00908715 -0.0177906 -0.0229134
0 -0.00948507 -0.0188084 -0.0243682
0 -0.00987209 -0.0197911 -0.025757
0 -0.0102446 -0.0207302 -0.0270654
0 -0.0105968 -0.0216145 -0.0282788
0 -0.0109215 -0.0224307 -0.0293827
0 -0.0112123 -0.0231654 -0.0303646
0 -0.0114649 -0.0238074 -0.0312153
0 -0.0116781 -0.0243485 -0.0319288
0 -0.0118515 -0.024783 -0.032501
0 -0.0119848 -0.0251071 -0.0329292
0 -0.0120771 -0.0253187 -0.0332108
0 -0.0121269 -0.0254173 -0.0333442
0 -0.0121317 -0.0254027 -0.0333276
0 -0.0120885 -0.0252751 -0.0331595
0 -0.0119947 -0.0250347 -0.0328396
0 -0.0118484 -0.0246827 -0.0323685
0 -0.0116494 -0.0242204 -0.0317488
0 -0.0113986 -0.0236498 -0.030984
0 -0.0110984 -0.0229735 -0.030079
0 -0.0107523 -0.022195 -0.0290398
0 -0.0103645 -0.0213189 -0.0278732
0 -0.00993995 -0.0203512 -0.0265874
0 -0.00948435 -0.0192999 -0.0251917
0 -0.00900395 -0.0181751 -0.0236974
0 -0.00850485 -0.0169886 -0.0221166
0 -0.00799238 -0.0157523 -0.0204617
0 -0.00747092 -0.0144785 -0.0187456
0 -0.00694418 -0.0131793 -0.0169809
0 -0.00641529 -0.0118663 -0.0151807
0 -0.0058868 -0.0105502 -0.0133575
0 -0.00536125 -0.00924121 -0.0115235
0 -0.00484219 -0.00794949 -0.00969264
0 -0.00433461 -0.0066854 -0.00788115
0 -0.00384429 -0.00545915 -0.00610655
0 -0.00337607 -0.00427964 -0.00438608
0 -0.00293254 -0.00315345 -0.00273517
0 -0.00251405 -0.00208496 -0.00116713
0 -0.0021202 -0.00107763 0.00030596
0 -0.00175136 -0.000135557 0.00167222
0 -0.00140909 0.000735893 0.00292001
0 -0.00109523 0.0015308 0.00403909
0 -0.000810735 0.00224391 0.005022
0 -0.000555413 0.00287113 0.00586452
0 -0.000328889 0.00340919 0.00656482
0 -0.000131499 0.00385517 0.00712259
0 3.56664e-05 0.00420687 0.00753889
0 0.000171344 0.00446346 0.00781648
0 0.000274432 0.00462582 0.00795981
0 0.000343788 0.00469609 0.00797452
0 0.000377899 0.004677 0.00786678
0 0.000374682 0.00457118 0.0076426
0 0.000331492 0.00438056 0.00730725
0 0.000245691 0.00410636 0.00686534
0 0.000115618 0.00374961 0.0063214
0 -5.87513e-05 0.00331177 0.00568024
0 -0.00027583 0.0027949 0.0049469
0 -0.000532857 0.00220172 0.00412631
0 -0.000826281 0.00153574 0.00322321
0 -0.00115198 0.000801444 0.00224224
0 -0.00150548 4.45537e-06 0.00118801
0 -0.00188231 -0.000848691 6.51475e-05
0 -0.00227825 -0.00175084 -0.00112161
0 -0.00268934 -0.00269442 -0.00236722
0 -0.00311179 -0.00367163 -0.00366597
0 -0.00354184 -0.0046746 -0.00501125
0 -0.00397593 -0.00569571 -0.00639563
0 -0.00441068 -0.0067277 -0.00781082
0 -0.00484241 -0.00776316 -0.00924718
0 -0.00526655 -0.00879391 -0.0106932
0 -0.00567785 -0.00981088 -0.0121357
0 -0.00607156 -0.010805 -0.0135603
0 -0.00644496 -0.0117687 -0.0149533
0 -0.00679824 -0.012697 -0.0163024
0 -0.00713396 -0.0135875 -0.0175967
0 -0.00745521 -0.0144382 -0.0188262
0 -0.00776375 -0.0152462 -0.0199803
0 -0.008059 -0.0160066 -0.0210479
0 -0.00833879 -0.0167128 -0.0220182
0 -0.00860108 -0.0173584 -0.0228827
0 -0.00884512 -0.0179384 -0.0236368
0 -0.00907095 -0.0184496 -0.0242789
0 -0.00927803 -0.0188896 -0.0248093
0 -0.00946444 -0.0192562 -0.0252295
0 -0.00962707 -0.0195478 -0.0255414
0 -0.00976226 -0.0197635 -0.0257479
0 -0.00986633 -0.0199032 -0.0258528
0 -0.00993594 -0.0199677 -0.0258604
0 -0.00996857 -0.0199579 -0.0257754
0 -0.00996337 -0.019876 -0.0256036
0 -0.00992177 -0.0197259 -0.0253522
0 -0.00984708 -0.0195129 -0.025029
0 -0.00974355 -0.0192431 -0.0246422
0 -0.00961537 -0.0189228 -0.0241992
0 -0.00946562 -0.0185576 -0.0237061
0 -0.00929552 -0.0181513 -0.0231667
0 -0.00910483 -0.0177064 -0.0225827
0 -0.00889319 -0.0172244 -0.0219555
0 -0.00866118 -0.0167071 -0.0212865
0 -0.00841078 -0.0161572 -0.020578
0 -0.00814576 -0.0155785 -0.0198337
0 -0.00787179 -0.0149767 -0.0190591
0 -0.00759552 -0.0143596 -0.0182612
0 -0.0073231 -0.0137353 -0.0174472
0 -0.00705879 -0.0131112 -0.0166237
0 -0.00680405 -0.012493 -0.0157958
0 -0.00655761 -0.0118838 -0.0149667
0 -0.00631684 -0.0112849 -0.0141388
0 -0.00607925 -0.0106968 -0.0133148
0 -0.00584317 -0.0101194 -0.0124981
0 -0.00560753 -0.00955239 -0.0116925
0 -0.00537164 -0.00899471 -0.0109019
0 -0.00513504 -0.00844528 -0.0101295
0 -0.00489772 -0.00790326 -0.00937815
0 -0.00466054 -0.00736882 -0.00865087
0 -0.00442589 -0.00684394 -0.00795115
0 -0.00419754 -0.00633269 -0.00728332
0 -0.00397963 -0.00584048 -0.00665174
0 -0.00377552 -0.00537309 -0.00606
0 -0.00358707 -0.0049358 -0.00551049
0 -0.00341449 -0.00453264 -0.00500417
0 -0.00325683 -0.00416623 -0.004541
0 -0.00311286 -0.00383795 -0.0041206
0 -0.00298202 -0.00354844 -0.00374301
0 -0.00286482 -0.00329793 -0.00340899
0 -0.00276293 -0.00308657 -0.00312015
0 -0.00267875 -0.00291453 -0.00287865
0 -0.00261466 -0.00278199 -0.0026867
0 -0.00257246 -0.00268908 -0.00254613
0 -0.00255312 -0.00263599 -0.00245829
0 -0.0025566 -0.00262297 -0.00242393
0 -0.00258169 -0.00264993 -0.00244297
0 -0.00262597 -0.00271614 -0.00251435
0 -0.00268631 -0.00282018 -0.00263629
0 -0.00275966 -0.00296023 -0.00280679
0 -0.00284363 -0.00313438 -0.00302403
0 -0.00293683 -0.00334081 -0.00328657
0 -0.00303863 -0.00357766 -0.00359306
0 -0.00314886 -0.00384288 -0.003942
0 -0.0032675 -0.00413418 -0.00433139
0 -0.00339461 -0.00444918 -0.00475881
0 -0.0035303 -0.00478559 -0.00522138
0 -0.00367462 -0.00514129 -0.00571581
0 -0.00382741 -0.00551433 -0.00623841
0 -0.00398827 -0.00590292 -0.00678508
0 -0.00415651 -0.00630535 -0.00735149
0 -0.00433121 -0.00672 -0.00793319
0 -0.00451133 -0.00714514 -0.00852581
0 -0.00469574 -0.00757886 -0.00912515
0 -0.00488319 -0.00801897 -0.0097273
0 -0.00507216 -0.00846264 -0.0103283
0 -0.00526054 -0.00890617 -0.0109242
0 -0.00544576 -0.00934497 -0.0115102
0 -0.00562511 -0.00977397 -0.0120821
0 -0.0057963 -0.0101881 -0.0126354
0 -0.00595772 -0.0105828 -0.0131665
0 -0.0061088 -0.0109547 -0.0136722
0 -0.00624992 -0.0113018 -0.0141504
0 -0.00638179 -0.0116232 -0.0145992
0 -0.00650482 -0.0119186 -0.0150168
0 -0.00661888 -0.0121879 -0.0154008
0 -0.00672307 -0.0124308 -0.0157488
0 -0.00681569 -0.0126465 -0.0160576
0 -0.00689447 -0.012833 -0.0163236
0 -0.00695717 -0.0129882 -0.0165436
0 -0.00700216 -0.0131094 -0.0167146
0 -0.00702857 -0.013194 -0.0168348
0 -0.00703638 -0.01324 -0.0169028
0 -0.00702666 -0.0132462 -0.0169187
0 -0.00700144 -0.0132129 -0.0168835
0 -0.00696301 -0.0131414 -0.0167991
0 -0.00691328 -0.0130338 -0.0166675
0 -0.00685355 -0.0128926 -0.0164904
0 -0.00678478 -0.0127208 -0.0162703
0 -0.00670773 -0.0125217 -0.0160098
0 -0.00662299 -0.0122989 -0.015712
0 -0.00653072 -0.0120555 -0.0153802
0 -0.00643041 -0.0117938 -0.0150173
0 -0.00632116 -0.0115149 -0.0146259
0 -0.00620253 -0.0112201 -0.0142087
0 -0.00607554 -0.0109112 -0.01377
0 -0.00594282 -0.0105913 -0.0133152
0 -0.00580771 -0.0102641 -0.0128505
0 -0.00567263 -0.00993293 -0.0123814
0 -0.00553832 -0.00959972 -0.0119115
0 -0.00540436 -0.00926576 -0.0114434
0 -0.00527037 -0.00893249 -0.0109796
0 -0.00513659 -0.00860206 -0.0105232
0 -0.00500381 -0.00827707 -0.0100774
0 -0.00487285 -0.00796009 -0.00964511
0 -0.0047441 -0.0076531 -0.00922865
0 -0.00461745 -0.00735723 -0.00882935
0 -0.00449264 -0.00707306 -0.00844796
0 -0.00437054 -0.00680167 -0.0080858
0 -0.00425497 -0.00654679 -0.00774677
0 -0.00415344 -0.00631611 -0.00743853
0 -0.00407461 -0.00611949 -0.00717054
0 -0.00402408 -0.00596538 -0.00695047
0 -0.00400269 -0.00585875 -0.0067825
0 -0.00400781 -0.0058017 -0.0066685
0 -0.00403527 -0.00579429 -0.00660932
0 -0.00408008 -0.00583441 -0.00660497
0 -0.00413684 -0.00591764 -0.00665447
0 -0.00420105 -0.00603835 -0.00675658
0 -0.00427125 -0.0061923 -0.00691172
0 -0.00435023 -0.0063787 -0.00712321
0 -0.00444347 -0.00659987 -0.00739618
0 -0.00455615 -0.00685924 -0.00773503
0 -0.00469087 -0.00715949 -0.0081415
0 -0.00484714 -0.00750171 -0.00861434
0 -0.00502255 -0.0078858 -0.0091502
0 -0.00521428 -0.0083111 -0.00974509
0 -0.00541984 -0.00877649 -0.0103949
0 -0.00563666 -0.00927956 -0.0110949
0 -0.00586102 -0.00981545 -0.0118386
0 -0.00608808 -0.0103766 -0.0126174
0 -0.00631299 -0.010954 -0.0134217
0 -0.0065321 -0.0115381 -0.0142418
0 -0.00674342 -0.01212 -0.0150683
0 -0.00694693 -0.0126924 -0.0158927
0 -0.00714448 -0.0132504 -0.0167073
0 -0.00733903 -0.0137911 -0.0175054
0 -0.00753318 -0.0143135 -0.0182803
0 -0.00772829 -0.0148169 -0.0190249
0 -0.00792438 -0.0153007 -0.0197323
0 -0.00812034 -0.0157646 -0.0203963
0 -0.00831376 -0.0162074 -0.0210109
0 -0.00850054 -0.0166259 -0.0215705
0 -0.00867545 -0.017015 -0.0220697
0 -0.00883345 -0.0173682 -0.0225044
0 -0.00897083 -0.0176792 -0.022872
0 -0.00908519 -0.0179422 -0.023172
0 -0.00917491 -0.0181516 -0.0234041
0 -0.00923879 -0.0183027 -0.0235683
0 -0.00927602 -0.0183922 -0.0236645
0 -0.00928617 -0.0184183 -0.0236925
0 -0.00926903 -0.0183805 -0.0236516
0 -0.0092243 -0.0182797 -0.0235407
0 -0.00915163 -0.0181173 -0.0233583
0 -0.00905077 -0.0178951 -0.0231024
0 -0.00892186 -0.0176152 -0.0227717
0 -0.00876567 -0.0172799 -0.0223652
0 -0.00858364 -0.0168913 -0.0218828
0 -0.0083777 -0.0164514 -0.0213254
0 -0.00815013 -0.0159622 -0.0206949
0 -0.00790342 -0.0154254 -0.0199937
0 -0.00764035 -0.0148435 -0.0192255
0 -0.00736452 -0.0142201 -0.0183956
0 -0.0070806 -0.0135609 -0.0175113
0 -0.00679357 -0.0128732 -0.0165812
0 -0.00650728 -0.0121649 -0.0156143
0 -0.00622311 -0.0114427 -0.0146182
0 -0.00593986 -0.0107114 -0.0135984
0 -0.00565513 -0.00997479 -0.0125599
0 -0.0053675 -0.00923658 -0.0115084
0 -0.00507764 -0.00850138 -0.0104518
0 -0.00478787 -0.00777426 -0.00939958
0 -0.00450097 -0.00706001 -0.00836156
0 -0.00421953 -0.0063628 -0.00734725
0 -0.00394583 -0.00568649 -0.00636561
0 -0.00368186 -0.00503487 -0.00542502
0 -0.00342927 -0.00441168 -0.00453312
0 -0.00318934 -0.00382061 -0.00369656
0 -0.00296315 -0.00326536 -0.00292112
0 -0.00275175 -0.00274968 -0.00221171
0 -0.00255612 -0.00227717 -0.00157226
0 -0.0023767 -0.00185072 -0.00100528
0 -0.00221301 -0.00147187 -0.00051134
0 -0.00206391 -0.00114069 -8.92565e-05
0 -0.00192847 -0.000856412 0.000263147
0 -0.00180679 -0.000618083 0.000548186
0 -0.00170055 -0.000425358 0.000767571
0 -0.00161304 -0.000278973 0.000922035
0 -0.0015482 -0.000180395 0.00101183
0 -0.00150887 -0.000130639 0.00103798
0 -0.00149554 -0.000129164 0.00100331
0 -0.00150642 -0.0001738 0.000912232
0 -0.0015388 -0.000261641 0.000769553
0 -0.00159065 -0.000390333 0.000578951
0 -0.00166166 -0.000559077 0.000341971
0 -0.00175279 -0.000768298 5.84344e-05
0 -0.00186427 -0.00101786 -0.000271672
0 -0.00199401 -0.00130546 -0.000646528
0 -0.002138 -0.00162663 -0.00106257
0 -0.0022919 -0.00197607 -0.00151572
0 -0.00245246 -0.00234867 -0.00200246
0 -0.00261805 -0.00274031 -0.00252013
0 -0.00278855 -0.00314799 -0.00306688
0 -0.00296457 -0.00356969 -0.00364103
0 -0.00314664 -0.0040039 -0.00424048
0 -0.0033347 -0.00444933 -0.00486234
0 -0.00352801 -0.00490471 -0.00550292
0 -0.00372535 -0.00536875 -0.00615804
0 -0.00392545 -0.00584017 -0.00682338
0 -0.00412743 -0.00631784 -0.00749502
0 -0.00433103 -0.0068009 -0.00816971
0 -0.00453648 -0.00728853 -0.00884484
0 -0.0047441 -0.00777978 -0.00951824
0 -0.00495404 -0.00827344 -0.010188
0 -0.00516624 -0.00876813 -0.0108524
0 -0.00538041 -0.00926235 -0.0115102
0 -0.00559603 -0.00975457 -0.0121602
0 -0.00581235 -0.0102432 -0.0128014
0 -0.0060284 -0.0107267 -0.0134331
0 -0.00624306 -0.0112034 -0.0140542
0 -0.00645514 -0.0116721 -0.0146641
0 -0.00666346 -0.0121313 -0.0152619
0 -0.00686682 -0.0125799 -0.0158468
0 -0.00706396 -0.0130166 -0.0164176
0 -0.00725368 -0.0134402 -0.016973
0 -0.00743494 -0.0138493 -0.0175114
0 -0.00760702 -0.0142429 -0.0180314
0 -0.00776935 -0.0146193 -0.0185313
0 -0.007921 -0.0149766 -0.0190089
0 -0.00806039 -0.0153117 -0.019461
0 -0.00818556 -0.015621 -0.0198834
0 -0.00829488 -0.0159009 -0.020272
0 -0.00838738 -0.0161481 -0.0206229
0 -0.00846275 -0.0163602 -0.0209322
0 -0.00852112 -0.016535 -0.0211966
0 -0.00856284 -0.0166712 -0.0214127
0 -0.00858826 -0.0167678 -0.0215772
0 -0.00859728 -0.0168236 -0.0216868
0 -0.00858909 -0.0168371 -0.0217375
0 -0.00856226 -0.0168058 -0.0217254
0 -0.00851559 -0.0167279 -0.021647
0 -0.00844918 -0.0166023 -0.0215007
0 -0.00836489 -0.0164301 -0.0212871
0 -0.00826542 -0.0162136 -0.0210085
0 -0.00815301 -0.0159554 -0.0206678
0 -0.00802865 -0.0156577 -0.0202677
0 -0.00789237 -0.0153227 -0.0198109
0 -0.00774395 -0.0149524 -0.0193008
0 -0.00758329 -0.0145492 -0.0187412
0 -0.00741049 -0.0141157 -0.0181366
0 -0.00722583 -0.0136544 -0.0174922
0 -0.00703013 -0.0131683 -0.0168133
0 -0.00682516 -0.0126613 -0.0161063
0 -0.0066136 -0.0121385 -0.0153785
0 -0.00639841 -0.0116056 -0.0146372
0 -0.00618227 -0.0110685 -0.0138894
0 -0.00596723 -0.0105324 -0.0131415
0 -0.00575443 -0.0100019 -0.0123989
0 -0.00554427 -0.00948017 -0.0116662
0 -0.00533693 -0.00896977 -0.0109477
0 -0.00513285 -0.00847286 -0.0102475
0 -0.00493289 -0.00799148 -0.00956998
0 -0.00473828 -0.00752765 -0.00891928
0 -0.00455068 -0.00708371 -0.00829966
0 -0.00437224 -0.0066626 -0.00771556
0 -0.00420545 -0.00626781 -0.00717145
0 -0.00405259 -0.00590305 -0.00667145
0 -0.00391554 -0.00557194 -0.00621916
0 -0.00379559 -0.00527776 -0.00581761
0 -0.00369333 -0.00502309 -0.00546909
0 -0.00360847 -0.00480946 -0.00517492
0 -0.00354013 -0.00463736 -0.00493565
0 -0.00348735 -0.00450656 -0.00475141
0 -0.00344942 -0.00441641 -0.00462219
0 -0.00342591 -0.00436593 -0.0045478
0 -0.00341653 -0.00435376 -0.00452768
0 -0.00342096 -0.0043782 -0.00456078
0 -0.00343882 -0.00443729 -0.00464553
0 -0.00346967 -0.00452893 -0.00477981
0 -0.003513 -0.004651 -0.00496104
0 -0.00356831 -0.00480152 -0.00518627
0 -0.00363545 -0.00497905 -0.00545263
0 -0.00371496 -0.00518313 -0.00575779
0 -0.00380787 -0.0054142 -0.0061
0 -0.00391502 -0.0056729 -0.00647753
0 -0.00403617 -0.00595919 -0.00688799
0 -0.0041696 -0.00627151 -0.0073278
0 -0.00431237 -0.00660672 -0.00779239
0 -0.00446133 -0.00696075 -0.00827697
0 -0.00461405 -0.00732929 -0.00877728
0 -0.00476945 -0.00770865 -0.00929019
0 -0.00492791 -0.0080962 -0.00981386
0 -0.00509059 -0.00849035 -0.0103473
0 -0.0052585 -0.00889001 -0.0108894
0 -0.00543193 -0.00929428 -0.0114391
0 -0.00561029 -0.00970227 -0.0119943
0 -0.00579201 -0.0101127 -0.0125528
0 -0.00597459 -0.0105237 -0.0131111
0 -0.00615507 -0.0109326 -0.0136657
0 -0.00633072 -0.0113365 -0.0142126
0 -0.00649945 -0.0117323 -0.0147485
0 -0.00665998 -0.0121171 -0.0152702
0 -0.00681201 -0.0124886 -0.0157753
0 -0.00695618 -0.0128453 -0.016262
0 -0.00709363 -0.0131862 -0.0167287
0 -0.00722553 -0.013511 -0.017174
0 -0.0073527 -0.0138192 -0.0175965
0 -0.00747546 -0.0141105 -0.0179948
0 -0.00759321 -0.0143841 -0.0183669
0 -0.00770393 -0.0146379 -0.0187096
0 -0.00780446 -0.0148685 -0.0190191
0 -0.00789147 -0.0150722 -0.0192911
0 -0.00796237 -0.015245 -0.0195222
0 -0.00801576 -0.0153841 -0.0197095
0 -0.0080517 -0.0154877 -0.0198518
0 -0.00807156 -0.0155553 -0.0199487
0 -0.00807726 -0.0155875 -0.0200005
0 -0.00807057 -0.0155855 -0.0200078
0 -0.00805266 -0.0155504 -0.019971
0 -0.00802388 -0.0154835 -0.0198901
0 -0.00798362 -0.0153851 -0.0197647
0 -0.00793067 -0.0152551 -0.0195943
0 -0.00786377 -0.0150935 -0.0193785
0 -0.00778213 -0.0148999 -0.0191177
0 -0.00768571 -0.0146749 -0.0188131
0 -0.00757546 -0.0144197 -0.0184669
0 -0.00745315 -0.0141364 -0.0180823
0 -0.00732084 -0.0138276 -0.0176631
0 -0.00718043 -0.0134962 -0.0172128
0 -0.00703359 -0.0131453 -0.0167352
0 -0.0068818 -0.0127781 -0.0162343
0 -0.00672647 -0.0123978 -0.015714
0 -0.00656889 -0.0120079 -0.0151786
0 -0.00641019 -0.0116121 -0.014632
0 -0.00625137 -0.0112138 -0.0140785
0 -0.00609333 -0.0108164 -0.0135224
0 -0.00593674 -0.010423 -0.0129678
0 -0.00578165 -0.0100355 -0.0124183
0 -0.00562716 -0.00965475 -0.0118763
0 -0.00547185 -0.00928019 -0.0113435
0 -0.00531459 -0.00891083 -0.0108213
0 -0.00515531 -0.00854604 -0.0103113
0 -0.0049953 -0.00818616 -0.00981607
0 -0.00483688 -0.00783267 -0.0093383
0 -0.00468261 -0.00748782 -0.00888072
0 -0.00453466 -0.0071542 -0.00844547
0 -0.00439462 -0.00683464 -0.00803408
0 -0.00426369 -0.00653216 -0.00764776
0 -0.00414295 -0.00625001 -0.00728776
0 -0.00403371 -0.00599171 -0.00695573
0 -0.00393756 -0.00576087 -0.00665392
0 -0.00385597 -0.00556072 -0.00638482
0 -0.00378948 -0.0053932 -0.00615042
0 -0.00373726 -0.0052584 -0.00595166
0 -0.00369766 -0.00515495 -0.00578875
0 -0.00366904 -0.00508074 -0.00566182
0 -0.00365039 -0.0050337 -0.00557136
0 -0.00364195 -0.00501265 -0.00551871
0 -0.00364557 -0.0050181 -0.00550653
0 -0.003664 -0.00505211 -0.00553826
0 -0.00369928 -0.00511702 -0.00561669
0 -0.00375164 -0.00521436 -0.00574294
0 -0.00381986 -0.00534488 -0.00591679
0 -0.00390233 -0.00550905 -0.00613749
0 -0.00399745 -0.00570701 -0.00640408
0 -0.00410334 -0.00593784 -0.00671493
0 -0.00421764 -0.00619914 -0.00706736
0 -0.00433798 -0.00648732 -0.00745793
0 -0.00446256 -0.00679831 -0.00788299
0 -0.00459039 -0.00712799 -0.00833884
0 -0.00472109 -0.00747237 -0.00882164
0 -0.00485471 -0.0078278 -0.00932732
0 -0.00499152 -0.00819117 -0.00985163
0 -0.00513182 -0.00855997 -0.0103901
0 -0.00527565 -0.00893212 -0.0109379
0 -0.00542261 -0.00930585 -0.01149
0 -0.00557194 -0.00967948 -0.0120411
0 -0.00572246 -0.0100514 -0.0125861
0 -0.00587283 -0.0104197 -0.0131199
0 -0.00602158 -0.0107825 -0.0136377
0 -0.00616737 -0.0111375 -0.0141353
0 -0.00630895 -0.0114822 -0.0146088
0 -0.00644525 -0.0118137 -0.0150554
0 -0.00657532 -0.0121291 -0.0154722
0 -0.00669824 -0.0124252 -0.0158571
0 -0.00681313 -0.012699 -0.0162082
0 -0.00691915 -0.0129476 -0.0165243
0 -0.00701571 -0.0131689 -0.0168044
0 -0.00710274 -0.013362 -0.0170485
0 -0.00718055 -0.0135271 -0.0172574
0 -0.00724914 -0.013665 -0.0174317
0 -0.00730751 -0.013776 -0.0175715
0 -0.00735357 -0.0138596 -0.0176756
0 -0.00738482 -0.0139148 -0.0177426
0 -0.00739933 -0.0139403 -0.0177712
0 -0.00739606 -0.013935 -0.0177605
0 -0.00737477 -0.0138977 -0.01771
0 -0.00733573 -0.0138276 -0.0176192
0 -0.00727964 -0.0137235 -0.0174878
0 -0.00720768 -0.0135852 -0.0173154
0 -0.00712193 -0.0134135 -0.0171028
0 -0.00702546 -0.0132112 -0.0168517
0 -0.00692174 -0.012982 -0.0165649
0 -0.00681382 -0.0127306 -0.0162453
0 -0.00670395 -0.0124617 -0.0158961
0 -0.00659364 -0.0121799 -0.0155208
0 -0.00648391 -0.0118897 -0.0151231
0 -0.00637543 -0.0115955 -0.0147074
0 -0.00626855 -0.0113009 -0.0142784
0 -0.00616348 -0.0110089 -0.0138412
0 -0.00606051 -0.0107221 -0.0134015
0 -0.00596009 -0.0104424 -0.0129651
0 -0.0058628 -0.0101718 -0.0125381
0 -0.00576903 -0.00991161 -0.0121261
0 -0.00567861 -0.00966246 -0.011734
0 -0.00559072 -0.00942435 -0.0113654
0 -0.00550428 -0.00919697 -0.0110231
0 -0.00541848 -0.00898016 -0.0107089
0 -0.00533297 -0.00877413 -0.0104243
0 -0.00524776 -0.00857934 -0.0101699
0 -0.00516313 -0.00839644 -0.00994549
0 -0.00507965 -0.00822617 -0.00975019
0 -0.0049982 -0.00806942 -0.00958265
0 -0.00492005 -0.00792727 -0.00944125
0 -0.00484687 -0.00780097 -0.00932434
0 -0.00478051 -0.00769178 -0.00923029
0 -0.00472274 -0.00760084 -0.0091575
0 -0.00467516 -0.00752904 -0.00910449
0 -0.00463918 -0.00747718 -0.00907009
0 -0.00461622 -0.00744618 -0.00905384
0 -0.00460769 -0.00743722 -0.00905602
0 -0.00461463 -0.00745143 -0.0090775
0 -0.00463732 -0.00748962 -0.00911929
0 -0.00467504 -0.00755183 -0.00918228
0 -0.00472593 -0.00763713 -0.00926687
0 -0.00478744 -0.00774375 -0.00937318
0 -0.00485683 -0.0078694 -0.00950127
0 -0.00493165 -0.00801159 -0.00965126
0 -0.0050098 -0.00816772 -0.00982321
0 -0.00508948 -0.00833512 -0.0100169
0 -0.00516915 -0.0085111 -0.0102316
0 -0.00524761 -0.00869321 -0.0104661
0 -0.00532395 -0.00887922 -0.0107186
0 -0.00539756 -0.0090673 -0.0109868
0 -0.00546816 -0.00925596 -0.0112678
0 -0.0055359 -0.00944422 -0.0115585
0 -0.00560144 -0.00963171 -0.0118557
0 -0.00566579 -0.00981851 -0.0121563
0 -0.00573005 -0.0100049 -0.012457
0 -0.00579518 -0.0101912 -0.0127548
0 -0.0058618 -0.0103773 -0.0130464
0 -0.00592995 -0.0105626 -0.0133284
0 -0.00599901 -0.0107456 -0.0135972
0 -0.00606793 -0.0109241 -0.0138495
0 -0.0061357 -0.0110957 -0.0140825
0 -0.00620171 -0.0112582 -0.0142942
0 -0.00626597 -0.0114098 -0.0144839
0 -0.00632884 -0.0115498 -0.0146521
0 -0.00639052 -0.0116775 -0.0147993
0 -0.0064507 -0.0117928 -0.0149266
0 -0.00650855 -0.0118953 -0.0150348
0 -0.00656292 -0.0119852 -0.0151251
0 -0.0066126 -0.0120626 -0.0151988
0 -0.00665629 -0.0121278 -0.0152569
0 -0.00669233 -0.0121802 -0.0153003
0 -0.00671863 -0.0122187 -0.0153287
0 -0.00673299 -0.0122412 -0.0153415
0 -0.00673372 -0.0122454 -0.0153375
0 -0.00672 -0.0122294 -0.0153156
0 -0.00669179 -0.0121915 -0.0152746
0 -0.0066497 -0.0121302 -0.0152129
0 -0.00659489 -0.0120451 -0.0151291
0 -0.00652891 -0.011936 -0.0150214
0 -0.00645344 -0.0118036 -0.0148882
0 -0.00637001 -0.0116489 -0.0147277
0 -0.00627989 -0.0114732 -0.0145381
0 -0.00618412 -0.0112779 -0.014318
0 -0.0060836 -0.0110647 -0.0140663
0 -0.00597921 -0.0108352 -0.0137828
0 -0.00587173 -0.0105912 -0.013468
0 -0.0057618 -0.0103342 -0.0131232
0 -0.00564981 -0.0100656 -0.0127503
0 -0.00553594 -0.00978623 -0.0123519
0 -0.00542028 -0.00949707 -0.011931
0 -0.00530294 -0.00919904 -0.0114912
0 -0.00518424 -0.0088934 -0.0110367
0 -0.00506473 -0.00858182 -0.0105725
0 -0.00494494 -0.00826626 -0.0101035
0 -0.0048252 -0.00794883 -0.00963448
0 -0.00470567 -0.0076318 -0.00917009
0 -0.00458646 -0.00731758 -0.00871459
0 -0.00446778 -0.00700875 -0.00827199
0 -0.00435007 -0.00670794 -0.00784607
0 -0.00423401 -0.00641778 -0.00744028
0 -0.00412052 -0.0061408 -0.00705774
0 -0.0040108 -0.00587944 -0.0067013
0 -0.00390625 -0.00563602 -0.00637348
0 -0.00380841 -0.00541272 -0.00607655
0 -0.00371886 -0.0052116 -0.00581245
0 -0.00363914 -0.0050346 -0.00558288
0 -0.00357067 -0.00488352 -0.00538925
0 -0.00351471 -0.00476001 -0.00523276
0 -0.00347231 -0.00466557 -0.00511439
0 -0.00344425 -0.00460147 -0.00503494
0 -0.00343102 -0.00456872 -0.00499499
0 -0.00343266 -0.0045678 -0.00499476
0 -0.00344864 -0.00459855 -0.005034
0 -0.0034781 -0.00466021 -0.00511212
0 -0.00352007 -0.00475165 -0.00522834
0 -0.00357364 -0.00487149 -0.00538182
0 -0.00363796 -0.00501812 -0.00557158
0 -0.0037122 -0.00518976 -0.00579645
0 -0.00379558 -0.00538456 -0.00605506
0 -0.00388761 -0.00560094 -0.00634607
0 -0.00398828 -0.00583788 -0.00666841
0 -0.00409784 -0.00609484 -0.0070211
0 -0.00421644 -0.00637148 -0.00740298
0 -0.00434379 -0.00666722 -0.00781242
0 -0.00447874 -0.0069808 -0.00824687
0 -0.00461901 -0.00730963 -0.0087025
0 -0.00476153 -0.00764987 -0.0091744
0 -0.00490322 -0.00799699 -0.00965717
0 -0.00504165 -0.00834629 -0.0101455
0 -0.00517525 -0.00869323 -0.0106342
0 -0.00530328 -0.00903369 -0.0111185
0 -0.0054261 -0.00936458 -0.0115944
0 -0.00554515 -0.00968427 -0.0120587
0 -0.00566222 -0.00999229 -0.0125089
0 -0.00577869 -0.0102887 -0.0129425
0 -0.00589512 -0.0105738 -0.0133567
0 -0.00601149 -0.0108478 -0.0137492
0 -0.00612739 -0.0111113 -0.014118
0 -0.00624225 -0.0113646 -0.0144617
0 -0.00635527 -0.0116078 -0.0147799
0 -0.00646558 -0.0118405 -0.0150724
0 -0.00657225 -0.0120622 -0.0153398
0 -0.00667439 -0.012272 -0.0155834
0 -0.00677123 -0.0124688 -0.0158047
0 -0.00686199 -0.0126515 -0.0160054
0 -0.00694588 -0.0128189 -0.0161874
0 -0.00702205 -0.0129698 -0.016352
0 -0.00708964 -0.0131034 -0.0165005
0 -0.00714797 -0.0132188 -0.0166336
0 -0.00719657 -0.013316 -0.0167519
0 -0.00723519 -0.0133951 -0.0168555
0 -0.00726377 -0.0134565 -0.0169443
0 -0.00728248 -0.0135012 -0.0170177
0 -0.00729172 -0.01353 -0.0170751
0 -0.00729216 -0.013544 -0.0171159
0 -0.00728472 -0.0135443 -0.0171394
0 -0.0072705 -0.0135319 -0.0171452
0 -0.00725069 -0.0135077 -0.017133
0 -0.00722631 -0.013472 -0.0171026
0 -0.007198 -0.0134251 -0.0170535
0 -0.007166 -0.0133665 -0.0169855
0 -0.00713039 -0.0132959 -0.0168982
0 -0.00709118 -0.0132129 -0.0167915
0 -0.00704833 -0.0131172 -0.0166658
0 -0.00700162 -0.0130088 -0.0165212
0 -0.00695055 -0.0128875 -0.0163579
0 -0.00689436 -0.012753 -0.0161761
0 -0.00683218 -0.0126048 -0.0159756
0 -0.00676327 -0.0124425 -0.0157565
0 -0.00668714 -0.012266 -0.0155191
0 -0.00660356 -0.0120751 -0.0152637
0 -0.00651253 -0.0118698 -0.0149905
0 -0.00641447 -0.0116503 -0.0147002
0 -0.00631038 -0.0114177 -0.0143939
0 -0.00620184 -0.0111738 -0.0140733
0 -0.0060906 -0.0109207 -0.0137407
0 -0.00597816 -0.0106608 -0.013398
0 -0.00586567 -0.0103967 -0.0130474
0 -0.00575405 -0.0101308 -0.012691
0 -0.00564413 -0.0098654 -0.0123311
0 -0.00553667 -0.00960297 -0.0119703
0 -0.0054324 -0.00934568 -0.0116113
0 -0.00533206 -0.0090956 -0.0112569
0 -0.00523653 -0.00885473 -0.0109104
0 -0.0051468 -0.00862511 -0.0105752
0 -0.00506386 -0.00840872 -0.0102549
0 -0.00498849 -0.00820742 -0.009953
0 -0.00492127 -0.00802295 -0.00967287
0 -0.00486258 -0.00785692 -0.00941769
0 -0.00481268 -0.00771088 -0.00919045
0 -0.00477169 -0.00758625 -0.0089939
0 -0.0047396 -0.00748427 -0.00883049
0 -0.00471629 -0.00740592 -0.00870225
0 -0.0047015 -0.00735186 -0.00861073
0 -0.00469499 -0.00732251 -0.00855707
0 -0.00469663 -0.00731813 -0.00854202
0 -0.00470648 -0.00733884 -0.00856598
0 -0.00472467 -0.00738458 -0.00862891
0 -0.00475135 -0.00745504 -0.00873023
0 -0.0047865 -0.00754951 -0.00886872
0 -0.00482994 -0.00766695 -0.00904253
0 -0.00488148 -0.00780613 -0.00924939
0 -0.00494098 -0.00796574 -0.00948676
0 -0.00500831 -0.00814444 -0.00975189
0 -0.00508329 -0.00834083 -0.0100418
0 -0.00516564 -0.00855342 -0.0103534
0 -0.0052549 -0.00878064 -0.0106835
0 -0.0053505 -0.0090208 -0.0110288
0 -0.00545174 -0.00927211 -0.0113862
0 -0.0055578 -0.00953263 -0.0117527
0 -0.00566775 -0.00980029 -0.0121253
0 -0.00578056 -0.0100729 -0.0125014
0 -0.00589516 -0.0103482 -0.0128783
0 -0.00601037 -0.0106238 -0.0132535
0 -0.00612493 -0.0108972 -0.0136244
0 -0.00623746 -0.0111658 -0.0139886
0 -0.00634653 -0.0114271 -0.0143432
0 -0.00645078 -0.0116785 -0.0146858
0 -0.00654904 -0.0119175 -0.0150138
0 -0.00664026 -0.012142 -0.0153245
0 -0.00672358 -0.01235 -0.0156154
0 -0.0067983 -0.0125396 -0.0158839
0 -0.00686386 -0.0127093 -0.0161273
0 -0.00691991 -0.0128578 -0.0163432
0 -0.00696628 -0.0129841 -0.0165292
0 -0.00700301 -0.0130872 -0.0166835
0 -0.00703028 -0.0131666 -0.0168046
0 -0.0070483 -0.013222 -0.016891
0 -0.00705722 -0.013253 -0.0169419
0 -0.00705713 -0.0132596 -0.0169568
0 -0.00704805 -0.0132416 -0.0169353
0 -0.00703 -0.0131993 -0.0168777
0 -0.00700293 -0.0131328 -0.0167844
0 -0.00696682 -0.0130425 -0.0166564
0 -0.00692163 -0.0129289 -0.0164947
0 -0.00686737 -0.0127924 -0.0163008
0 -0.0068041 -0.0126339 -0.0160763
0 -0.00673193 -0.0124541 -0.0158232
0 -0.00665096 -0.0122541 -0.0155431
0 -0.00656126 -0.0120347 -0.0152379
0 -0.00646289 -0.0117969 -0.0149091
0 -0.00635608 -0.0115418 -0.0145584
0 -0.00624121 -0.0112705 -0.0141874
0 -0.00611872 -0.0109841 -0.0137976
0 -0.00598906 -0.0106835 -0.0133904
0 -0.00585269 -0.0103698 -0.0129671
0 -0.0057103 -0.0100438 -0.012529
0 -0.00556296 -0.00970734 -0.0120779
0 -0.00541231 -0.00936243 -0.0116157
0 -0.00526045 -0.009012 -0.0111455
0 -0.00510952 -0.00865928 -0.0106704
0 -0.00496136 -0.00830755 -0.0101934
0 -0.00481738 -0.00795995 -0.00971795
0 -0.00467862 -0.00761946 -0.00924715
0 -0.00454566 -0.00728868 -0.00878421
0 -0.00441863 -0.00696964 -0.00833211
0 -0.00429726 -0.00666373 -0.00789361
0 -0.0041813 -0.00637195 -0.00747146
0 -0.00407068 -0.00609511 -0.00706849
0 -0.00396566 -0.00583408 -0.00668765
0 -0.00386694 -0.00558996 -0.00633208
0 -0.00377557 -0.00536421 -0.00600501
0 -0.00369273 -0.00515859 -0.00570956
0 -0.00361943 -0.00497494 -0.00544845
0 -0.00355639 -0.00481504 -0.00522394
0 -0.0035041 -0.0046806 -0.00503783
0 -0.00346292 -0.00457326 -0.00489156
0 -0.00343307 -0.00449438 -0.00478618
0 -0.00341452 -0.0044449 -0.00472225
0 -0.00340697 -0.00442514 -0.00469976
0 -0.00341005 -0.00443495 -0.00471828
0 -0.00342352 -0.00447382 -0.00477715
0 -0.00344738 -0.00454105 -0.00487558
0 -0.00348174 -0.00463572 -0.00501255
0 -0.00352682 -0.00475682 -0.00518687
0 -0.00358299 -0.00490342 -0.00539729
0 -0.00365074 -0.00507486 -0.00564257
0 -0.00373051 -0.00527064 -0.00592143
0 -0.00382244 -0.00549029 -0.00623239
0 -0.00392623 -0.0057332 -0.00657368
0 -0.00404118 -0.00599859 -0.00694334
0 -0.00416633 -0.00628547 -0.0073393
0 -0.00430049 -0.00659255 -0.00775941
0 -0.00444232 -0.00691814 -0.00820141
0 -0.00459045 -0.00726022 -0.00866303
0 -0.00474357 -0.00761646 -0.00914201
0 -0.00490051 -0.00798437 -0.00963612
0 -0.00506029 -0.00836138 -0.0101432
0 -0.00522209 -0.00874498 -0.0106609
0 -0.00538519 -0.0091328 -0.0111871
0 -0.00554888 -0.00952258 -0.0117193
0 -0.00571239 -0.00991218 -0.0122549
0 -0.00587483 -0.0102996 -0.0127909
0 -0.00603531 -0.0106829 -0.0133244
0 -0.00619289 -0.0110605 -0.0138519
0 -0.00634669 -0.0114305 -0.01437
0 -0.00649583 -0.0117913 -0.0148754
0 -0.00663957 -0.0121411 -0.0153646
0 -0.00677729 -0.0124782 -0.0158342
0 -0.00690848 -0.0128008 -0.0162811
0 -0.0070327 -0.0131071 -0.0167022
0 -0.00714951 -0.013395 -0.0170947
0 -0.00725848 -0.0136624 -0.0174563
0 -0.00735919 -0.0139074 -0.0177848
0 -0.00745114 -0.0141282 -0.0180784
0 -0.00753379 -0.0143232 -0.0183358
0 -0.00760647 -0.0144911 -0.0185555
0 -0.00766847 -0.0146308 -0.0187367
0 -0.00771904 -0.0147415 -0.0188786
0 -0.00775745 -0.0148225 -0.0189807
0 -0.00778309 -0.0148736 -0.0190428
0 -0.00779547 -0.0148946 -0.0190647
0 -0.00779427 -0.0148854 -0.0190467
0 -0.00777939 -0.0148463 -0.0189893
0 -0.00775093 -0.0147775 -0.018893
0 -0.00770923 -0.0146797 -0.0187588
0 -0.0076548 -0.0145534 -0.0185878
0 -0.0075883 -0.0143997 -0.0183812
0 -0.00751051 -0.0142197 -0.0181404
0 -0.00742223 -0.0140148 -0.017867
0 -0.00732431 -0.0137865 -0.0175626
0 -0.00721759 -0.0135365 -0.0172292
0 -0.00710292 -0.0132667 -0.0168686
0 -0.00698115 -0.0129792 -0.0164831
0 -0.00685313 -0.0126758 -0.016075
0 -0.00671974 -0.0123589 -0.0156468
0 -0.00658186 -0.0120306 -0.0152013
0 -0.00644038 -0.011693 -0.0147409
0 -0.00629625 -0.0113485 -0.0142686
0 -0.0061504 -0.0109992 -0.0137873
0 -0.00600379 -0.0106471 -0.0133
0 -0.00585736 -0.0102942 -0.0128099
0 -0.00571198 -0.00994266 -0.0123201
0 -0.00556847 -0.0095944 -0.0118338
0 -0.00542755 -0.0092514 -0.0113541
0 -0.00528984 -0.00891557 -0.0108842
0 -0.00515591 -0.00858874 -0.0104271
0 -0.00502631 -0.00827271 -0.00998568
0 -0.00490151 -0.00796918 -0.00956269
0 -0.00478203 -0.00767979 -0.00916072
0 -0.00466837 -0.00740612 -0.00878212
0 -0.00456105 -0.0071496 -0.00842903
0 -0.00446061 -0.0069116 -0.00810336
0 -0.00436765 -0.00669334 -0.00780677
0 -0.00428274 -0.00649596 -0.00754069
0 -0.00420648 -0.00632049 -0.00730625
0 -0.00413943 -0.00616785 -0.00710437
0 -0.0040821 -0.00603882 -0.00693571
0 -0.00403494 -0.00593405 -0.00680073
0 -0.0039983 -0.00585403 -0.00669964
0 -0.00397248 -0.0057991 -0.00663248
0 -0.00395763 -0.00576941 -0.0065991
0 -0.00395384 -0.00576497 -0.00659919
0 -0.00396105 -0.00578558 -0.00663229
0 -0.00397913 -0.00583087 -0.00669778
0 -0.00400784 -0.00590029 -0.00679493
0 -0.00404683 -0.00599313 -0.00692285
0 -0.00409566 -0.00610849 -0.00708053
0 -0.00415382 -0.00624536 -0.00726683
0 -0.00422073 -0.00640257 -0.00748046
0 -0.00429574 -0.00657882 -0.00772
0 -0.00437818 -0.00677274 -0.00798388
0 -0.00446735 -0.00698288 -0.00827038
0 -0.00456251 -0.00720771 -0.00857763
0 -0.00466294 -0.00744566 -0.00890366
0 -0.00476791 -0.00769513 -0.00924633
0 -0.00487667 -0.00795448 -0.00960343
0 -0.00498851 -0.00822205 -0.0099726
0 -0.00510272 -0.00849618 -0.0103514
0 -0.00521863 -0.00877516 -0.0107374
0 -0.00533559 -0.00905729 -0.0111281
0 -0.00545297 -0.00934088 -0.011521
0 -0.00557018 -0.00962422 -0.0119135
0 -0.00568661 -0.00990566 -0.0123032
0 -0.00580169 -0.0101836 -0.0126878
0 -0.00591481 -0.0104564 -0.0130647
0 -0.0060254 -0.0107226 -0.0134317
0 -0.00613289 -0.0109807 -0.0137865
0 -0.00623671 -0.0112292 -0.0141271
0 -0.00633629 -0.0114668 -0.0144515
0 -0.00643109 -0.0116921 -0.0147579
0 -0.00652057 -0.0119039 -0.0150446
0 -0.00660419 -0.012101 -0.0153102
0 -0.00668144 -0.0122822 -0.0155533
0 -0.00675181 -0.0124465 -0.0157728
0 -0.00681485 -0.0125932 -0.0159676
0 -0.00687023 -0.0127213 -0.0161369
0 -0.00691773 -0.0128305 -0.0162803
