0 -0.0146039 -0.0262944 -0.0331732
0 -0.0146107 -0.0263109 -0.0331931
0 -0.0146152 -0.0263228 -0.0332073
0 -0.0146178 -0.0263301 -0.033216
0 -0.0146185 -0.0263328 -0.0332192
0 -0.0146176 -0.0263311 -0.0332167
0 -0.0146151 -0.0263251 -0.0332087
0 -0.0146112 -0.026315 -0.0331951
0 -0.0146059 -0.0263012 -0.033176
0 -0.0145994 -0.0262838 -0.0331516
0 -0.0145916 -0.0262631 -0.033122
0 -0.0145825 -0.0262393 -0.0330876
0 -0.0145724 -0.0262127 -0.0330486
0 -0.0145612 -0.0261835 -0.0330055
0 -0.014549 -0.0261517 -0.0329587
0 -0.0145358 -0.0261177 -0.0329085
0 -0.0145218 -0.0260817 -0.0328556
0 -0.0145069 -0.0260437 -0.0328004
0 -0.0144912 -0.026004 -0.0327434
0 -0.0144749 -0.0259629 -0.032685
0 -0.0144579 -0.0259206 -0.0326258
0 -0.0144405 -0.0258775 -0.0325661
0 -0.0144226 -0.0258337 -0.0325064
0 -0.0144043 -0.0257896 -0.032447
0 -0.0143858 -0.0257455 -0.0323882
0 -0.0143669 -0.0257016 -0.0323304
0 -0.0143478 -0.025658 -0.0322735
0 -0.0143284 -0.025615 -0.032218
0 -0.0143091 -0.0255727 -0.0321639
0 -0.0142901 -0.0255314 -0.0321115
0 -0.0142715 -0.0254914 -0.0320612
0 -0.0142537 -0.0254529 -0.032013
0 -0.0142367 -0.025416 -0.0319671
0 -0.0142206 -0.0253809 -0.0319236
0 -0.0142055 -0.0253478 -0.0318825
0 -0.0141916 -0.0253169 -0.0318442
0 -0.0141791 -0.0252885 -0.0318087
0 -0.0141678 -0.0252628 -0.0317762
0 -0.0141579 -0.0252396 -0.0317467
0 -0.0141492 -0.0252192 -0.0317203
0 -0.0141417 -0.0252017 -0.0316973
0 -0.0141357 -0.0251872 -0.031678
0 -0.0141312 -0.0251759 -0.0316625
0 -0.014128 -0.0251677 -0.031651
0 -0.0141261 -0.0251626 -0.0316436
0 -0.0141256 -0.0251606 -0.0316404
0 -0.0141267 -0.0251621 -0.0316419
0 -0.014129 -0.0251667 -0.0316479
0 -0.0141322 -0.025174 -0.031658
0 -0.0141355 -0.0251833 -0.0316713
0 -0.0141383 -0.0251937 -0.0316872
0 -0.0141404 -0.0252045 -0.031705
0 -0.0141417 -0.0252153 -0.0317241
0 -0.0141423 -0.0252256 -0.0317438
0 -0.0141424 -0.0252351 -0.0317635
0 -0.0141421 -0.0252435 -0.0317826
0 -0.0141415 -0.0252505 -0.0318002
0 -0.0141412 -0.0252567 -0.0318162
0 -0.0141426 -0.0252633 -0.0318314
0 -0.0141474 -0.0252723 -0.0318471
0 -0.0141563 -0.0252853 -0.0318642
0 -0.0141695 -0.025303 -0.0318833
0 -0.0141862 -0.025326 -0.0319048
0 -0.014206 -0.0253544 -0.031929
0 -0.014228 -0.0253881 -0.0319566
0 -0.0142517 -0.0254268 -0.0319884
0 -0.0142762 -0.0254696 -0.032025
0 -0.0143007 -0.0255156 -0.0320665
0 -0.0143248 -0.0255637 -0.0321135
0 -0.0143484 -0.0256134 -0.0321665
0 -0.0143722 -0.025665 -0.0322264
0 -0.0143969 -0.0257189 -0.0322941
0 -0.0144227 -0.0257754 -0.0323695
0 -0.0144492 -0.0258344 -0.0324521
0 -0.0144762 -0.0258959 -0.0325412
0 -0.0145028 -0.0259596 -0.0326353
0 -0.0145265 -0.0260227 -0.0327309
0 -0.0145435 -0.0260809 -0.0328228
0 -0.0145504 -0.0261289 -0.0329054
0 -0.0145474 -0.0261644 -0.032976
0 -0.0145386 -0.0261891 -0.0330354
0 -0.0145302 -0.0262066 -0.0330863
0 -0.0145248 -0.0262189 -0.0331291
0 -0.0145203 -0.0262238 -0.0331594
0 -0.0145122 -0.0262173 -0.0331714
0 -0.0144992 -0.0261983 -0.0331626
0 -0.0144859 -0.0261716 -0.0331367
0 -0.0144794 -0.0261447 -0.033101
0 -0.0144838 -0.0261237 -0.0330612
0 -0.0144986 -0.0261105 -0.0330195
0 -0.0145202 -0.0261052 -0.0329765
0 -0.014545 -0.0261068 -0.0329332
0 -0.0145683 -0.0261127 -0.0328897
0 -0.0145835 -0.0261164 -0.0328434
0 -0.0145837 -0.0261096 -0.0327903
0 -0.0145672 -0.026087 -0.0327298
0 -0.0145409 -0.0260517 -0.0326683
0 -0.0145171 -0.0260134 -0.0326172
0 -0.0145053 -0.0259817 -0.0325856
0 -0.0145065 -0.0259605 -0.0325746
0 -0.0145148 -0.0259486 -0.0325796
0 -0.0145242 -0.0259446 -0.0325952
0 -0.0145309 -0.0259477 -0.0326182
0 -0.0145329 -0.0259569 -0.0326461
0 -0.014528 -0.0259688 -0.0326757
0 -0.0145136 -0.025978 -0.0327022
0 -0.0144877 -0.0259782 -0.0327206
0 -0.0144495 -0.0259634 -0.0327259
0 -0.0143985 -0.025928 -0.0327129
0 -0.0143336 -0.0258657 -0.0326745
0 -0.014253 -0.0257698 -0.0326029
0 -0.0141573 -0.0256367 -0.0324917
0 -0.0140532 -0.02547 -0.032341
0 -0.0139525 -0.0252806 -0.0321571
0 -0.0138649 -0.0250803 -0.0319464
0 -0.0137916 -0.0248758 -0.0317098
0 -0.0137277 -0.0246688 -0.0314446
0 -0.013669 -0.0244622 -0.0311511
0 -0.0136153 -0.0242613 -0.0308352
0 -0.0135688 -0.0240725 -0.0305063
0 -0.0135308 -0.0238999 -0.0301743
0 -0.0135001 -0.0237441 -0.0298471
0 -0.0134726 -0.0236019 -0.0295299
0 -0.0134429 -0.0234671 -0.029226
0 -0.0134075 -0.0233351 -0.0289393
0 -0.0133681 -0.0232054 -0.0286772
0 -0.0133293 -0.0230816 -0.0284487
0 -0.0132933 -0.0229659 -0.028259
0 -0.0132571 -0.0228568 -0.028107
0 -0.0132173 -0.0227532 -0.0279896
0 -0.0131742 -0.0226579 -0.0279056
0 -0.0131289 -0.0225739 -0.0278534
0 -0.0130781 -0.0224991 -0.0278256
0 -0.013015 -0.0224259 -0.0278097
0 -0.0129349 -0.0223464 -0.0277934
0 -0.012838 -0.0222551 -0.0277676
0 -0.0127253 -0.0221459 -0.027723
0 -0.0125956 -0.0220093 -0.0276469
0 -0.0124473 -0.0218349 -0.0275257
0 -0.0122827 -0.0216173 -0.0273499
0 -0.0121111 -0.0213589 -0.0271173
0 -0.011944 -0.0210679 -0.0268301
0 -0.0117906 -0.0207537 -0.0264914
0 -0.0116555 -0.0204254 -0.0261037
0 -0.0115406 -0.0200922 -0.0256704
0 -0.0114485 -0.0197658 -0.0252002
0 -0.0113859 -0.0194634 -0.0247097
0 -0.0113635 -0.0192069 -0.0242239
0 -0.0113905 -0.019018 -0.023771
0 -0.0114656 -0.0189081 -0.0233724
0 -0.0115718 -0.018872 -0.0230362
0 -0.0116831 -0.0188909 -0.0227607
0 -0.011778 -0.0189442 -0.0225454
0 -0.0118476 -0.0190171 -0.0223967
0 -0.0118913 -0.0190992 -0.0223235
0 -0.0119081 -0.0191778 -0.0223281
0 -0.0118923 -0.019236 -0.0224017
0 -0.0118383 -0.0192588 -0.0225298
0 -0.0117481 -0.0192403 -0.0226989
0 -0.0116304 -0.0191841 -0.0228982
0 -0.0114933 -0.0190956 -0.0231127
0 -0.0113376 -0.0189747 -0.0233184
0 -0.01116 -0.0188179 -0.0234861
0 -0.0109635 -0.0186263 -0.0235929
0 -0.0107654 -0.0184145 -0.0236314
0 -0.0105935 -0.0182082 -0.0236093
0 -0.0104756 -0.0180357 -0.0235408
0 -0.0104305 -0.0179211 -0.0234411
0 -0.0104667 -0.0178819 -0.0233247
0 -0.0105851 -0.017931 -0.0232085
0 -0.0107829 -0.0180783 -0.0231139
0 -0.0110554 -0.0183315 -0.0230673
0 -0.011397 -0.0186965 -0.0230992
0 -0.0118015 -0.0191775 -0.0232422
0 -0.0122621 -0.0197777 -0.0235295
0 -0.01277 -0.0204978 -0.0239917
0 -0.0133139 -0.0213354 -0.0246536
0 -0.0138795 -0.0222839 -0.0255326
0 -0.0144512 -0.0233328 -0.0266375
0 -0.0150138 -0.0244683 -0.0279687
0 -0.0155549 -0.0256753 -0.0295196
0 -0.0160677 -0.0269402 -0.0312781
0 -0.0165526 -0.0282527 -0.033229
0 -0.0170156 -0.0296069 -0.0353538
0 -0.0174629 -0.030997 -0.0376258
0 -0.0178945 -0.0324122 -0.0400057
0 -0.0183049 -0.033836 -0.0424416
0 -0.0186888 -0.0352502 -0.0448768
0 -0.0190468 -0.0366389 -0.0472584
0 -0.0193866 -0.0379889 -0.0495408
0 -0.0197193 -0.0392874 -0.0516842
0 -0.0200545 -0.04052 -0.0536528
0 -0.0203975 -0.0416704 -0.0554157
0 -0.0207484 -0.042721 -0.0569465
0 -0.0211006 -0.043653 -0.0582231
0 -0.0214423 -0.0444472 -0.0592278
0 -0.0217627 -0.0450897 -0.0599532
0 -0.0220609 -0.0455813 -0.0604101
0 -0.0223471 -0.0459391 -0.0606283
0 -0.0226327 -0.0461886 -0.0606478
0 -0.0229171 -0.0463499 -0.0605045
0 -0.0231782 -0.0464254 -0.0602185
0 -0.0233759 -0.0463979 -0.0597927
0 -0.0234665 -0.046239 -0.0592222
0 -0.0234209 -0.0459242 -0.0585078
0 -0.0232371 -0.0454457 -0.057666
0 -0.0229401 -0.0448173 -0.0567293
0 -0.0225703 -0.0440687 -0.0557374
0 -0.0221675 -0.0432363 -0.0547246
0 -0.021756 -0.0423502 -0.0537082
0 -0.021341 -0.041429 -0.0526864
0 -0.0209169 -0.040483 -0.0516461
0 -0.0204794 -0.0395222 -0.0505758
0 -0.0200334 -0.0385603 -0.0494726
0 -0.019592 -0.0376141 -0.048343
0 -0.0191701 -0.0366992 -0.0471979
0 -0.0187769 -0.0358242 -0.0460463
0 -0.0184111 -0.0349868 -0.0448904
0 -0.0180627 -0.0341758 -0.0437265
0 -0.0177186 -0.0333752 -0.0425494
0 -0.0173687 -0.0325692 -0.0413563
0 -0.0170088 -0.0317463 -0.0401494
0 -0.0166418 -0.0309024 -0.0389366
0 -0.0162771 -0.0300417 -0.0377316
0 -0.0159223 -0.0291724 -0.0365466
0 -0.0155704 -0.0282927 -0.0353794
0 -0.0151963 -0.0273855 -0.0342089
0 -0.0147747 -0.0264317 -0.0330106
0 -0.014302 -0.0254302 -0.0317779
0 -0.0138001 -0.0244017 -0.0305265
0 -0.0132998 -0.0233755 -0.0292802
0 -0.0128194 -0.02237 -0.0280517
0 -0.0123536 -0.021382 -0.0268319
0 -0.0118801 -0.0203907 -0.0255956
0 -0.0113807 -0.0193748 -0.0243198
0 -0.01086 -0.0183319 -0.0230027
0 -0.0103429 -0.0172782 -0.0216622
0 -0.0098537 -0.0162324 -0.0203175
0 -0.00939982 -0.0152018 -0.0189743
0 -0.00897431 -0.0141845 -0.0176275
0 -0.00856747 -0.0131785 -0.016272
0 -0.00817416 -0.0121868 -0.0149087
0 -0.00779431 -0.0112164 -0.013545
0 -0.00743003 -0.0102749 -0.0121914
0 -0.00708152 -0.00936627 -0.0108574
0 -0.00674425 -0.00848845 -0.00954806
0 -0.00641076 -0.00763478 -0.00826561
0 -0.00607799 -0.0068015 -0.00701569
0 -0.00575421 -0.00599567 -0.00581444
0 -0.00546061 -0.00523895 -0.00469095
0 -0.00522622 -0.00456531 -0.00368365
0 -0.00507637 -0.00401152 -0.00283026
0 -0.00502206 -0.00360638 -0.00215797
0 -0.00506 -0.0033684 -0.00168307
0 -0.00518069 -0.00331021 -0.00141781
0 -0.00537298 -0.00343924 -0.00137341
0 -0.00562176 -0.00375241 -0.00155608
0 -0.00590682 -0.00423312 -0.00196367
0 -0.00620791 -0.00485567 -0.00258823
0 -0.00651274 -0.005594 -0.00342209
0 -0.0068226 -0.00643043 -0.00446315
0 -0.00715134 -0.00735892 -0.00571503
0 -0.00751602 -0.00838009 -0.00717979
0 -0.00792534 -0.00949219 -0.00884825
0 -0.00837599 -0.0106874 -0.0106974
0 -0.0088602 -0.0119573 -0.0126983
0 -0.00937587 -0.0133007 -0.0148267
0 -0.00992741 -0.0147232 -0.0170649
0 -0.0105165 -0.0162277 -0.0193929
0 -0.0111333 -0.0178037 -0.0217804
0 -0.0117581 -0.0194274 -0.024188
0 -0.012371 -0.0210687 -0.0265754
0 -0.0129589 -0.0226986 -0.0289083
0 -0.0135175 -0.0242913 -0.0311596
0 -0.0140502 -0.025827 -0.0333093
0 -0.0145687 -0.0272946 -0.0353473
0 -0.0150899 -0.0286926 -0.0372717
0 -0.0156289 -0.0300249 -0.039084
0 -0.0161937 -0.0312973 -0.0407854
0 -0.0167862 -0.0325185 -0.0423783
0 -0.0174071 -0.0337025 -0.0438713
0 -0.018057 -0.0348686 -0.0452801
0 -0.0187339 -0.0360357 -0.0466239
0 -0.0194291 -0.0372163 -0.0479205
0 -0.0201262 -0.0384115 -0.0491829
0 -0.0207991 -0.0396075 -0.0504148
0 -0.0214146 -0.0407736 -0.051609
0 -0.0219391 -0.0418686 -0.0527508
0 -0.0223469 -0.0428484 -0.0538232
0 -0.0226239 -0.0436731 -0.054809
0 -0.0227703 -0.0443138 -0.0556939
0 -0.0228023 -0.0447594 -0.0564693
0 -0.0227482 -0.0450183 -0.057132
0 -0.0226409 -0.0451141 -0.0576796
0 -0.0225104 -0.0450799 -0.0581074
0 -0.0223779 -0.0449513 -0.0584064
0 -0.0222458 -0.0447508 -0.0585549
0 -0.0220921 -0.0444759 -0.0585129
0 -0.0218836 -0.0441041 -0.058234
0 -0.0215972 -0.0436099 -0.0576843
0 -0.0212308 -0.0429758 -0.0568535
0 -0.0208002 -0.0421953 -0.0557521
0 -0.0203329 -0.0412727 -0.0544072
0 -0.0198595 -0.0402237 -0.0528562
0 -0.0194067 -0.0390723 -0.0511413
0 -0.0189923 -0.0378482 -0.0493049
0 -0.0186242 -0.0365838 -0.0473884
0 -0.018301 -0.0353107 -0.0454302
0 -0.0180125 -0.0340555 -0.0434647
0 -0.017744 -0.0328393 -0.0415226
0 -0.0174784 -0.0316765 -0.0396317
0 -0.017196 -0.0305721 -0.0378136
0 -0.0168738 -0.0295178 -0.0360795
0 -0.0164888 -0.0284942 -0.034431
0 -0.0160295 -0.0274813 -0.0328698
0 -0.0155076 -0.0264722 -0.0314094
0 -0.0149553 -0.0254765 -0.0300745
0 -0.0144102 -0.0245118 -0.0288888
0 -0.0138989 -0.0235919 -0.0278625
0 -0.0134277 -0.0227197 -0.0269844
0 -0.0129841 -0.0218861 -0.0262235
0 -0.0125483 -0.0210778 -0.0255396
0 -0.0121061 -0.0202854 -0.0248958
0 -0.0116552 -0.0195082 -0.024265
0 -0.0112067 -0.0187551 -0.0236326
0 -0.010784 -0.0180452 -0.0229975
0 -0.010416 -0.0174041 -0.0223695
0 -0.0101297 -0.0168576 -0.0217632
0 -0.00994497 -0.016429 -0.0211961
0 -0.00987324 -0.0161366 -0.0206871
0 -0.0099143 -0.0159896 -0.0202535
0 -0.0100543 -0.0159849 -0.0199071
0 -0.0102738 -0.0161125 -0.0196602
0 -0.0105602 -0.0163676 -0.0195356
0 -0.010911 -0.0167546 -0.0195678
0 -0.0113244 -0.0172798 -0.0197928
0 -0.0117835 -0.0179356 -0.0202298
0 -0.0122487 -0.0186904 -0.0208707
0 -0.0126676 -0.0194938 -0.0216846
0 -0.0129986 -0.0202948 -0.0226367
0 -0.0132299 -0.0210616 -0.0237058
0 -0.0133825 -0.0217882 -0.0248885
0 -0.0134952 -0.0224869 -0.0261879
0 -0.0135989 -0.0231696 -0.0275934
0 -0.0137012 -0.0238342 -0.0290687
0 -0.0137907 -0.0244666 -0.0305564
0 -0.0138518 -0.0250514 -0.0319937
0 -0.0138772 -0.0255796 -0.0333244
0 -0.0138774 -0.0260547 -0.0345103
0 -0.0138846 -0.0264983 -0.03554
0 -0.0139473 -0.0269482 -0.0364283
0 -0.0141105 -0.0274438 -0.037201
0 -0.0143913 -0.0280051 -0.0378739
0 -0.0147691 -0.0286203 -0.0384421
0 -0.015198 -0.0292539 -0.0388888
0 -0.0156304 -0.0298636 -0.0392023
0 -0.0160308 -0.0304125 -0.0393857
0 -0.0163802 -0.0308744 -0.0394571
0 -0.0166756 -0.0312375 -0.0394466
0 -0.0169261 -0.0315057 -0.0393922
0 -0.0171445 -0.0316952 -0.0393324
0 -0.0173396 -0.0318276 -0.0392983
0 -0.0175117 -0.0319236 -0.0393091
0 -0.0176505 -0.0319964 -0.0393696
0 -0.0177381 -0.0320487 -0.0394708
0 -0.0177535 -0.0320715 -0.039593
0 -0.0176765 -0.0320449 -0.0397081
0 -0.017492 -0.0319408 -0.0397821
0 -0.0171967 -0.0317322 -0.0397833
0 -0.0168097 -0.0314082 -0.0396936
0 -0.0163732 -0.0309819 -0.0395139
0 -0.0159381 -0.0304827 -0.0392549
0 -0.0155441 -0.029941 -0.0389214
0 -0.0152093 -0.0293777 -0.0385059
0 -0.0149326 -0.0288034 -0.0379917
0 -0.0147032 -0.0282224 -0.0373621
0 -0.0145106 -0.0276385 -0.03661
0 -0.0143518 -0.0270606 -0.035744
0 -0.0142313 -0.0265028 -0.0347882
0 -0.0141554 -0.0259816 -0.0337767
0 -0.0141269 -0.0255115 -0.0327473
0 -0.0141425 -0.0251033 -0.0317368
0 -0.0141916 -0.0247617 -0.0307779
0 -0.0142599 -0.0244865 -0.0298993
0 -0.0143372 -0.0242779 -0.0291317
0 -0.0144237 -0.0241427 -0.0285116
0 -0.0145266 -0.0240923 -0.0280774
0 -0.0146502 -0.024135 -0.0278591
0 -0.0147864 -0.0242674 -0.027868
0 -0.0149155 -0.0244747 -0.0280959
0 -0.0150174 -0.0247389 -0.0285242
0 -0.0150796 -0.0250455 -0.0291312
0 -0.0150945 -0.0253787 -0.0298884
0 -0.0150526 -0.0257149 -0.0307541
0 -0.0149456 -0.0260249 -0.0316776
0 -0.0147799 -0.0262897 -0.032614
0 -0.0145846 -0.026512 -0.0335356
0 -0.0144013 -0.0267114 -0.0344257
0 -0.0142651 -0.0269095 -0.0352665
0 -0.0141952 -0.0271202 -0.0360335
0 -0.0141947 -0.0273485 -0.036698
0 -0.0142574 -0.0275929 -0.0372343
0 -0.0143736 -0.0278489 -0.0376261
0 -0.0145347 -0.0281113 -0.0378699
0 -0.0147366 -0.0283775 -0.0379772
0 -0.0149837 -0.0286534 -0.0379782
0 -0.0152894 -0.0289573 -0.0379212
0 -0.0156674 -0.0293136 -0.0378631
0 -0.0161186 -0.0297416 -0.0378554
0 -0.0166247 -0.0302462 -0.0379341
0 -0.0171489 -0.0308149 -0.0381165
0 -0.0176419 -0.0314171 -0.0384011
0 -0.0180456 -0.0320025 -0.038766
0 -0.018302 -0.0325057 -0.0391716
0 -0.0183769 -0.0328693 -0.0395817
0 -0.0182843 -0.0330733 -0.0399881
0 -0.0180834 -0.0331428 -0.040412
0 -0.0178499 -0.0331299 -0.0408829
0 -0.0176421 -0.0330868 -0.0414116
0 -0.0174791 -0.0330434 -0.0419734
0 -0.0173374 -0.0329948 -0.0425054
0 -0.0171705 -0.0329092 -0.0429248
0 -0.0169414 -0.0327506 -0.0431591
0 -0.0166407 -0.0324946 -0.0431634
0 -0.0162791 -0.0321239 -0.0429147
0 -0.0158679 -0.0316168 -0.0423948
0 -0.0154098 -0.0309442 -0.0415831
0 -0.014904 -0.0300791 -0.040462
0 -0.0143569 -0.0290097 -0.0390282
0 -0.0137906 -0.0277506 -0.0373028
0 -0.0132467 -0.0263479 -0.0353359
0 -0.0127869 -0.0248845 -0.0332119
0 -0.012492 -0.0234826 -0.0310518
0 -0.0124401 -0.0222846 -0.0289961
0 -0.0126536 -0.0213988 -0.027154
0 -0.0130545 -0.0208417 -0.0255513
0 -0.0134742 -0.0205231 -0.0241266
0 -0.0137207 -0.0202874 -0.0227799
0 -0.0136663 -0.0199864 -0.0214426
0 -0.0133054 -0.019543 -0.0201303
0 -0.0127535 -0.0189758 -0.0189475
0 -0.0121835 -0.0183714 -0.0180382
0 -0.0117414 -0.0178289 -0.0175164
0 -0.0114945 -0.0174192 -0.0174237
0 -0.0114282 -0.0171738 -0.0177281
0 -0.0114771 -0.0170932 -0.0183505
0 -0.0115655 -0.0171645 -0.0191991
0 -0.0116392 -0.0173746 -0.020196
0 -0.0116735 -0.0177119 -0.0212834
0 -0.0116681 -0.0181625 -0.0224199
0 -0.0116425 -0.018713 -0.0235798
0 -0.0116261 -0.0193507 -0.0247474
0 -0.0116256 -0.0200375 -0.0258871
0 -0.0115943 -0.0206797 -0.0269125
0 -0.0114555 -0.0211469 -0.0277048
0 -0.0111647 -0.0213312 -0.0281707
0 -0.0107493 -0.0211927 -0.0282835
0 -0.0103025 -0.0207697 -0.0280841
0 -0.00994247 -0.0201578 -0.027652
0 -0.00976514 -0.0194758 -0.0270694
0 -0.00981401 -0.018837 -0.0263982
0 -0.0100768 -0.0183319 -0.025676
0 -0.0105034 -0.0180251 -0.0249291
0 -0.0110337 -0.017958 -0.0241908
0 -0.0116202 -0.0181549 -0.0235128
0 -0.0122385 -0.0186266 -0.0229683
0 -0.0128954 -0.0193811 -0.0226544
0 -0.0136262 -0.0204319 -0.0226891
0 -0.0144644 -0.0217832 -0.0231822
0 -0.0153966 -0.0233959 -0.0241885
0 -0.0163298 -0.025155 -0.025669
0 -0.0170957 -0.026865 -0.0274821
0 -0.0175104 -0.0282964 -0.02943
0 -0.0174608 -0.029263 -0.0313341
0 -0.0169524 -0.0296779 -0.0330845
0 -0.0160979 -0.0295623 -0.0346409
0 -0.0150692 -0.0290247 -0.0360036
0 -0.0140437 -0.0282266 -0.037178
0 -0.0131592 -0.0273386 -0.0381461
0 -0.0124821 -0.0264936 -0.0388507
0 -0.012003 -0.0257575 -0.0391989
0 -0.0116681 -0.0251346 -0.0390923
0 -0.0114262 -0.0245974 -0.0384707
0 -0.0112655 -0.0241202 -0.0373452
0 -0.0112244 -0.0237041 -0.0358084
0 -0.0113791 -0.0233887 -0.0340228
0 -0.0118151 -0.0232479 -0.0321916
0 -0.0125908 -0.023369 -0.0305203
0 -0.0137092 -0.0238269 -0.0291808
0 -0.0151087 -0.0246616 -0.0282923
0 -0.016671 -0.0258619 -0.0279186
0 -0.018239 -0.0273576 -0.0280704
0 -0.0196383 -0.0290213 -0.0287091
0 -0.020703 -0.0306832 -0.029758
0 -0.0213074 -0.0321633 -0.0311222
0 -0.0213913 -0.0333078 -0.032709
0 -0.0209734 -0.0340185 -0.0344424
0 -0.0201511 -0.0342746 -0.0362743
0 -0.0190848 -0.0341394 -0.0381858
0 -0.0179576 -0.0337403 -0.0401688
0 -0.0169268 -0.0332297 -0.0421911
0 -0.0160864 -0.0327433 -0.0441708
0 -0.0154544 -0.0323628 -0.0459742
0 -0.0149867 -0.0321003 -0.0474366
0 -0.0146157 -0.0319175 -0.0484017
0 -0.0142934 -0.0317583 -0.0487629
0 -0.0140073 -0.0315684 -0.0484776
0 -0.0137696 -0.0312977 -0.0475582
0 -0.0136002 -0.0309011 -0.0460571
0 -0.0135123 -0.0303393 -0.0440508
0 -0.0135001 -0.0295772 -0.0416235
0 -0.0135299 -0.0285797 -0.0388507
0 -0.0135436 -0.0273119 -0.0357922
0 -0.0134806 -0.0257539 -0.0325019
0 -0.0133029 -0.0239211 -0.0290457
0 -0.0130074 -0.0218754 -0.0255139
0 -0.0126228 -0.0197202 -0.0220204
0 -0.0121959 -0.0175844 -0.0186899
0 -0.0117721 -0.0155974 -0.0156398
0 -0.0113788 -0.0138658 -0.0129638
0 -0.0110187 -0.0124549 -0.0107218
0 -0.0106741 -0.0113833 -0.00894044
0 -0.0103221 -0.0106298 -0.00762341
0 -0.00995003 -0.0101491 -0.00676375
0 -0.00956547 -0.00989019 -0.0063531
0 -0.00919847 -0.00981167 -0.00638557
0 -0.00889259 -0.00988967 -0.00685274
0 -0.00867834 -0.0101049 -0.00772279
0 -0.00854785 -0.0104224 -0.00891972
0 -0.00847274 -0.0108054 -0.0103434
0 -0.00845505 -0.0112593 -0.0119232
0 -0.00854977 -0.0118506 -0.0136464
0 -0.00883431 -0.0126778 -0.0155366
0 -0.00935671 -0.0138204 -0.0176093
0 -0.0101039 -0.0153022 -0.0198426
0 -0.0110042 -0.0170817 -0.022176
0 -0.0119503 -0.019062 -0.0245245
0 -0.0128281 -0.0211086 -0.0267961
0 -0.0135422 -0.0230721 -0.028908
0 -0.0140351 -0.0248129 -0.0307987
0 -0.0142911 -0.0262194 -0.0324306
0 -0.0143325 -0.0272212 -0.0337872
0 -0.0142137 -0.0278 -0.0348719
0 -0.0140151 -0.0279967 -0.035708
0 -0.0138295 -0.0279064 -0.0363341
0 -0.0137402 -0.0276562 -0.0367913
0 -0.0138013 -0.0273779 -0.0371113
0 -0.0140342 -0.0271892 -0.0373173
0 -0.0144383 -0.0271881 -0.0374357
0 -0.0150081 -0.0274557 -0.0375131
0 -0.015738 -0.0280529 -0.0376189
0 -0.016608 -0.0290025 -0.0378265
0 -0.0175667 -0.0302698 -0.0381878
0 -0.0185311 -0.0317611 -0.0387209
0 -0.0194044 -0.0333426 -0.0394153
0 -0.0201019 -0.0348679 -0.0402459
0 -0.0205713 -0.0362043 -0.0411881
0 -0.0208054 -0.0372586 -0.0422285
0 -0.0208424 -0.0379943 -0.0433688
0 -0.020747 -0.0384292 -0.0446144
0 -0.0205798 -0.0386141 -0.0459515
0 -0.0203755 -0.0386131 -0.0473322
0 -0.0201445 -0.0384942 -0.0486797
0 -0.01989 -0.0383266 -0.0499109
0 -0.0196246 -0.0381777 -0.050959
0 -0.0193727 -0.0381027 -0.0517806
0 -0.0191571 -0.0381266 -0.0523472
0 -0.0189838 -0.0382305 -0.0526317
0 -0.0188375 -0.0383528 -0.0526049
0 -0.0186914 -0.038406 -0.0522419
0 -0.0185219 -0.0383013 -0.0515332
0 -0.0183166 -0.0379672 -0.0504883
0 -0.01807 -0.0373555 -0.0491292
0 -0.0177762 -0.036441 -0.04748
0 -0.0174254 -0.0352203 -0.0455621
0 -0.017005 -0.0337109 -0.0433942
0 -0.0164998 -0.0319444 -0.0409915
0 -0.0158912 -0.0299567 -0.0383638
0 -0.015163 -0.027784 -0.035519
0 -0.0143093 -0.0254644 -0.032472
0 -0.0133433 -0.0230424 -0.0292528
0 -0.0123007 -0.0205727 -0.0259114
0 -0.0112363 -0.0181191 -0.0225163
0 -0.0102121 -0.0157475 -0.0191469
0 -0.00928416 -0.0135183 -0.0158829
0 -0.00849243 -0.0114795 -0.0127955
0 -0.0078597 -0.0096679 -0.00994648
0 -0.00739579 -0.00811282 -0.00739083
0 -0.00710108 -0.00683891 -0.00517803
0 -0.00696768 -0.00586595 -0.0033511
0 -0.00698358 -0.00521134 -0.0019486
0 -0.00713984 -0.00489555 -0.00101011
0 -0.00743092 -0.0049403 -0.000575285
0 -0.00784237 -0.00535334 -0.000669821
0 -0.00833805 -0.0061116 -0.0012896
0 -0.00886132 -0.00715741 -0.002397
0 -0.00935021 -0.00840913 -0.00393052
0 -0.0097576 -0.00978027 -0.00582168
0 -0.010065 -0.0111973 -0.00800841
0 -0.0102816 -0.0126074 -0.0104367
0 -0.0104331 -0.0139765 -0.013054
0 -0.0105506 -0.0152874 -0.0158047
0 -0.0106651 -0.0165391 -0.0186314
0 -0.0108023 -0.0177428 -0.0214738
0 -0.0109765 -0.018913 -0.024266
0 -0.0111921 -0.0200646 -0.0269385
0 -0.0114541 -0.0212166 -0.0294294
0 -0.0117749 -0.0223918 -0.0316956
0 -0.0121715 -0.023609 -0.0337135
0 -0.0126567 -0.0248746 -0.0354744
0 -0.0132379 -0.0261843 -0.0369838
0 -0.0139209 -0.0275302 -0.0382659
0 -0.0147116 -0.0289077 -0.0393643
0 -0.0156092 -0.0303135 -0.0403338
0 -0.0166001 -0.0317412 -0.041231
0 -0.0176561 -0.0331804 -0.042108
0 -0.0187373 -0.0346166 -0.0430092
0 -0.0197921 -0.0360275 -0.043965
0 -0.0207571 -0.0373771 -0.0449843
0 -0.0215641 -0.0386165 -0.0460542
0 -0.0221578 -0.039696 -0.0471513
0 -0.0225133 -0.0405814 -0.0482561
0 -0.0226413 -0.0412615 -0.0493585
0 -0.022579 -0.0417448 -0.0504515
0 -0.0223769 -0.0420529 -0.0515235
0 -0.0220891 -0.0422162 -0.0525549
0 -0.021764 -0.0422676 -0.0535165
0 -0.0214371 -0.0422352 -0.0543677
0 -0.0211254 -0.0421335 -0.0550564
0 -0.0208303 -0.0419629 -0.0555244
0 -0.0205475 -0.0417165 -0.0557203
0 -0.0202769 -0.0413875 -0.0556091
0 -0.0200231 -0.0409718 -0.0551754
0 -0.0197871 -0.0404616 -0.0544163
0 -0.0195572 -0.0398377 -0.0533313
0 -0.0193108 -0.0390719 -0.0519221
0 -0.0190311 -0.0381434 -0.0502056
0 -0.0187191 -0.0370524 -0.0482237
0 -0.0183868 -0.035817 -0.0460357
0 -0.0180411 -0.0344593 -0.0437
0 -0.0176729 -0.032995 -0.0412616
0 -0.0172604 -0.0314329 -0.0387515
0 -0.0167781 -0.0297804 -0.0361922
0 -0.016204 -0.0280443 -0.0336011
0 -0.0155239 -0.0262319 -0.0309934
0 -0.0147369 -0.0243527 -0.0283862
0 -0.0138581 -0.022423 -0.0258016
0 -0.0129151 -0.0204646 -0.0232651
0 -0.0119392 -0.0185005 -0.0207991
0 -0.0109571 -0.0165493 -0.0184165
0 -0.00998795 -0.0146243 -0.0161198
0 -0.00904471 -0.0127352 -0.0139043
0 -0.00813658 -0.0108908 -0.0117614
0 -0.00727015 -0.00909934 -0.00968104
0 -0.00645004 -0.0073687 -0.00765333
0 -0.00568085 -0.00570815 -0.00567145
0 -0.00497064 -0.00413156 -0.00373617
0 -0.00433224 -0.00265903 -0.00185846
0 -0.00377934 -0.0013134 -5.65943e-05
0 -0.00331911 -0.000112632 0.00165092
0 -0.00294537 0.000938458 0.00325246
0 -0.00263905 0.00185022 0.00474447
0 -0.00237835 0.00264073 0.00612405
0 -0.00215066 0.00332491 0.00737984
0 -0.0019544 0.00391084 0.00849144
0 -0.00179041 0.00440505 0.00943876
0 -0.00165389 0.00481784 0.0102104
0 -0.00153654 0.00515994 0.0108023
0 -0.00143573 0.00543301 0.0112094
0 -0.00136141 0.00562253 0.011419
0 -0.00133694 0.0056965 0.0114091
0 -0.00139528 0.00560904 0.0111501
0 -0.00156966 0.00530937 0.0106114
0 -0.00188352 0.0047528 0.00976833
0 -0.00234666 0.00390673 0.00860514
0 -0.00295855 0.00275075 0.00711173
0 -0.00371244 0.00127577 0.00528063
0 -0.00459495 -0.000513109 0.00310903
0 -0.00558354 -0.00259252 0.000603579
0 -0.00664774 -0.00492164 -0.00221804
0 -0.0077536 -0.00744705 -0.00532852
0 -0.00887007 -0.0101105 -0.00869493
0 -0.00997865 -0.0128613 -0.0122871
0 -0.0110807 -0.0156672 -0.0160849
0 -0.0121934 -0.0185163 -0.0200769
0 -0.0133369 -0.0214091 -0.0242513
0 -0.0145235 -0.0243503 -0.0285871
0 -0.0157539 -0.0273445 -0.0330526
0 -0.0170199 -0.030395 -0.0376065
0 -0.0183079 -0.0335027 -0.042201
0 -0.0196022 -0.0366628 -0.0467875
0 -0.0208892 -0.0398627 -0.0513217
0 -0.022159 -0.0430809 -0.0557654
0 -0.0234059 -0.0462864 -0.060085
0 -0.0246244 -0.0494383 -0.0642492
0 -0.0258069 -0.0524891 -0.0682271
0 -0.0269466 -0.0553938 -0.0719922
0 -0.0280449 -0.0581211 -0.0755294
0 -0.0291131 -0.0606598 -0.0788368
0 -0.0301653 -0.0630138 -0.0819187
0 -0.0312079 -0.0651931 -0.0847763
0 -0.0322343 -0.0672061 -0.0874032
0 -0.0332248 -0.0690558 -0.0897859
0 -0.0341521 -0.0707385 -0.0919063
0 -0.0349879 -0.0722457 -0.0937478
0 -0.0357088 -0.0735657 -0.0952986
0 -0.0363002 -0.0746863 -0.0965552
0 -0.0367602 -0.0755996 -0.0975255
0 -0.0371007 -0.0763064 -0.0982298
0 -0.0373412 -0.0768145 -0.0986956
0 -0.0375001 -0.0771335 -0.0989494
0 -0.0375888 -0.0772714 -0.0990113
0 -0.0376111 -0.0772352 -0.0988948
0 -0.0375664 -0.0770327 -0.0986089
0 -0.0374508 -0.0766719 -0.0981583
0 -0.0372542 -0.0761553 -0.097539
0 -0.0369592 -0.0754757 -0.0967361
0 -0.0365453 -0.0746168 -0.0957263
0 -0.0359941 -0.0735564 -0.0944816
0 -0.0352919 -0.0722687 -0.0929718
0 -0.0344317 -0.0707267 -0.0911663
0 -0.0334144 -0.0689055 -0.089036
0 -0.032249 -0.0667866 -0.0865559
0 -0.0309525 -0.0643613 -0.0837074
0 -0.0295488 -0.0616342 -0.0804808
0 -0.0280643 -0.0586224 -0.076875
0 -0.0265207 -0.0553495 -0.0728929
0 -0.0249281 -0.0518377 -0.0685377
0 -0.0232867 -0.0481068 -0.0638138
0 -0.0215921 -0.0441753 -0.0587326
0 -0.0198425 -0.0400635 -0.0533169
0 -0.0180417 -0.0357948 -0.0476022
0 -0.0161986 -0.0313941 -0.0416334
0 -0.0143238 -0.0268867 -0.03546
0 -0.0124274 -0.0222976 -0.0291307
0 -0.010518 -0.017652 -0.02269
0 -0.00860321 -0.0129748 -0.0161775
0 -0.0066901 -0.00828896 -0.00962941
0 -0.00478636 -0.0036167 -0.00308045
0 -0.00290074 0.00101896 0.00343451
0 -0.00104128 0.0055921 0.00987842
0 0.000787887 0.010076 0.0162111
0 0.0025872 0.01445 0.0223892
0 0.00436045 0.0187031 0.0283683
0 0.00611494 0.0228306 0.0341082
0 0.00786264 0.02683 0.0395764
0 0.00961847 0.0306999 0.0447484
0 0.0113959 0.0344392 0.0496071
0 0.013203 0.0380462 0.0541416
0 0.0150407 0.0415158 0.0583476
0 0.0169004 0.0448375 0.0622252
0 0.0187625 0.047993 0.0657744
0 0.0205956 0.050956 0.0689923
0 0.0223632 0.053697 0.071876
0 0.0240298 0.0561891 0.0744262
0 0.0255632 0.0584095 0.076647
0 0.0269326 0.0603378 0.078542
0 0.0281068 0.0619535 0.0801108
0 0.0290557 0.0632363 0.0813485
0 0.0297509 0.0641667 0.0822458
0 0.0301667 0.0647249 0.0827889
0 0.0302808 0.0648893 0.0829581
0 0.0300789 0.0646355 0.0827278
0 0.0295622 0.0639406 0.0820692
0 0.0287506 0.0627891 0.0809543
0 0.0276781 0.0611744 0.0793556
0 0.0263823 0.0590976 0.077244
0 0.0248991 0.0565662 0.0745881
0 0.0232618 0.0535966 0.071361
0 0.0215007 0.0502142 0.0675445
0 0.019639 0.0464482 0.0631286
0 0.0176881 0.0423253 0.0581096
0 0.0156494 0.0378673 0.0524918
0 0.013521 0.0330935 0.0462938
0 0.0113054 0.0280257 0.0395525
0 0.00901177 0.0226901 0.0323222
0 0.00665198 0.0171158 0.0246691
0 0.00423351 0.0113322 0.0166602
0 0.00175915 0.00536899 0.00835347
0 -0.000767712 -0.000743778 -0.000196712
0 -0.00333776 -0.0069739 -0.00893259
0 -0.00593522 -0.0132861 -0.017793
0 -0.0085434 -0.0196463 -0.026716
0 -0.0111509 -0.0260253 -0.0356412
0 -0.0137542 -0.0323972 -0.0445089
0 -0.0163555 -0.0387326 -0.0532574
0 -0.0189583 -0.0449971 -0.0618279
0 -0.0215691 -0.0511567 -0.0701697
0 -0.024199 -0.0571841 -0.0782417
0 -0.0268584 -0.0630578 -0.0860094
0 -0.02955 -0.0687582 -0.0934391
0 -0.0322657 -0.0742637 -0.100494
0 -0.0349871 -0.0795505 -0.107139
0 -0.037689 -0.0845943 -0.11334
0 -0.0403416 -0.0893696 -0.11907
0 -0.0429105 -0.0938469 -0.124305
0 -0.0453577 -0.0979917 -0.129025
0 -0.0476432 -0.101765 -0.133213
0 -0.0497275 -0.105127 -0.136853
0 -0.0515733 -0.108039 -0.139934
0 -0.0531478 -0.11047 -0.142447
0 -0.0544245 -0.112394 -0.144387
0 -0.0553813 -0.113788 -0.145751
0 -0.0559974 -0.114633 -0.146529
0 -0.0562547 -0.114908 -0.14671
0 -0.056145 -0.114598 -0.146281
0 -0.0556755 -0.113701 -0.145236
0 -0.0548685 -0.112226 -0.143569
0 -0.0537567 -0.110191 -0.141279
0 -0.0523781 -0.10762 -0.138365
0 -0.0507727 -0.104545 -0.134829
0 -0.0489827 -0.101006 -0.130681
0 -0.0470515 -0.0970494 -0.125941
0 -0.0450221 -0.0927318 -0.120642
0 -0.0429327 -0.0881106 -0.114828
0 -0.0408133 -0.0832428 -0.10855
0 -0.0386853 -0.0781833 -0.10187
0 -0.0365633 -0.0729841 -0.0948537
0 -0.0344578 -0.0676952 -0.0875785
0 -0.0323779 -0.0623652 -0.0801266
0 -0.0303327 -0.0570404 -0.072584
0 -0.0283304 -0.0517628 -0.0650354
0 -0.026378 -0.0465707 -0.0575601
0 -0.0244807 -0.0414994 -0.0502297
0 -0.0226424 -0.0365831 -0.0431072
0 -0.0208658 -0.0318534 -0.0362462
0 -0.0191523 -0.0273364 -0.0296911
0 -0.0175002 -0.0230498 -0.0234773
0 -0.0159034 -0.0190019 -0.0176314
0 -0.0143505 -0.0151921 -0.012171
0 -0.0128268 -0.0116121 -0.00710743
0 -0.0113186 -0.00824965 -0.00244932
0 -0.00981748 -0.0050902 0.0017953
0 -0.00832001 -0.00211822 0.00561993
0 -0.00682578 0.000679987 0.00902443
0 -0.00533679 0.003313 0.0120196
0 -0.00385829 0.00578346 0.0146273
0 -0.002399 0.00808928 0.016878
0 -0.000971349 0.010225 0.0188078
0 0.00040785 0.0121831 0.0204554
0 0.00171719 0.0139549 0.0218597
0 0.00293225 0.0155326 0.0230564
0 0.00402805 0.0169104 0.0240768
0 0.00498049 0.0180836 0.0249451
0 0.00576679 0.0190463 0.0256769
0 0.00636638 0.0197903 0.0262785
0 0.00676298 0.0203061 0.0267481
0 0.0069466 0.0205844 0.0270771
0 0.00691495 0.0206173 0.0272517
0 0.00667593 0.0203999 0.0272544
0 0.00624969 0.019933 0.0270657
0 0.0056661 0.0192238 0.0266651
0 0.00495965 0.0182842 0.0260306
0 0.00416553 0.0171313 0.0251405
0 0.0033174 0.0157858 0.0239757
0 0.00244468 0.014271 0.0225216
0 0.00156844 0.0126086 0.0207681
0 0.000698171 0.0108144 0.0187077
0 -0.000166569 0.00889857 0.0163377
0 -0.00103067 0.00686922 0.0136644
0 -0.00189827 0.00473683 0.0107055
0 -0.00277108 0.00251457 0.00748821
0 -0.00364982 0.000215728 0.00404643
0 -0.00453557 -0.00214866 0.000419314
0 -0.00542962 -0.0045696 -0.00334958
0 -0.00633244 -0.00703832 -0.00721388
0 -0.00724373 -0.00954521 -0.011127
0 -0.00816466 -0.0120811 -0.0150453
0 -0.00910093 -0.0146397 -0.0189319
0 -0.0100633 -0.0172183 -0.0227575
0 -0.0110645 -0.0198153 -0.0264982
0 -0.0121155 -0.0224282 -0.0301337
0 -0.0132242 -0.0250525 -0.0336479
0 -0.014395 -0.0276819 -0.0370313
0 -0.0156295 -0.0303105 -0.0402831
0 -0.0169267 -0.0329346 -0.0434123
0 -0.0182831 -0.0355542 -0.0464363
0 -0.0196899 -0.0381708 -0.0493781
0 -0.0211323 -0.0407852 -0.0522616
0 -0.0225886 -0.0433944 -0.0551094
0 -0.0240319 -0.0459899 -0.0579395
0 -0.025432 -0.0485558 -0.0607639
0 -0.026759 -0.0510696 -0.0635878
0 -0.0279856 -0.053504 -0.066409
0 -0.0290869 -0.0558272 -0.0692162
0 -0.0300408 -0.0580041 -0.0719879
0 -0.0308282 -0.0599982 -0.0746916
0 -0.0314339 -0.0617727 -0.0772854
0 -0.0318486 -0.0632942 -0.0797202
0 -0.0320715 -0.0645355 -0.0819437
0 -0.0321125 -0.065477 -0.0839027
0 -0.0319889 -0.0661046 -0.0855424
0 -0.0317185 -0.0664059 -0.0868051
0 -0.031317 -0.0663692 -0.0876308
0 -0.0307984 -0.0659867 -0.0879625
0 -0.0301779 -0.0652572 -0.0877509
0 -0.0294717 -0.0641864 -0.0869584
0 -0.0286947 -0.0627857 -0.085561
0 -0.0278587 -0.0610701 -0.0835512
0 -0.026973 -0.0590579 -0.0809402
0 -0.0260459 -0.0567713 -0.0777593
0 -0.0250862 -0.0542364 -0.0740587
0 -0.0241021 -0.0514826 -0.0699042
0 -0.0231009 -0.0485435 -0.0653756
0 -0.0220908 -0.0454582 -0.0605644
0 -0.0210825 -0.0422729 -0.0555715
0 -0.0200901 -0.0390422 -0.0505043
0 -0.0191303 -0.0358285 -0.0454717
0 -0.0182168 -0.0326971 -0.0405764
0 -0.0173558 -0.02971 -0.0359072
0 -0.0165482 -0.0269225 -0.0315377
0 -0.0157961 -0.0243835 -0.0275322
0 -0.0151067 -0.0221346 -0.0239505
0 -0.0144928 -0.0202103 -0.0208483
0 -0.0139712 -0.0186386 -0.0182769
0 -0.0135592 -0.0174395 -0.0162799
0 -0.0132669 -0.0166219 -0.0148869
0 -0.013093 -0.0161799 -0.0141085
0 -0.0130267 -0.0160956 -0.0139379
0 -0.0130528 -0.0163427 -0.014353
0 -0.0131548 -0.0168884 -0.0153177
0 -0.0133166 -0.0176944 -0.0167811
0 -0.0135234 -0.0187197 -0.0186811
0 -0.0137638 -0.0199235 -0.0209471
0 -0.0140292 -0.0212654 -0.0235021
0 -0.0143096 -0.022703 -0.0262609
0 -0.0145924 -0.0241913 -0.0291318
0 -0.0148644 -0.0256848 -0.0320192
0 -0.0151137 -0.0271399 -0.0348282
0 -0.0153303 -0.0285146 -0.0374662
0 -0.0155041 -0.0297654 -0.0398447
0 -0.0156235 -0.030844 -0.0418815
0 -0.0156769 -0.0317007 -0.0435027
0 -0.0156567 -0.0322897 -0.0446487
0 -0.0155641 -0.0325779 -0.0452796
0 -0.0154098 -0.0325498 -0.0453787
0 -0.0152101 -0.0322081 -0.04495
0 -0.0149821 -0.0315716 -0.0440158
0 -0.0147413 -0.0306731 -0.0426149
0 -0.014502 -0.0295577 -0.0408018
0 -0.0142744 -0.0282769 -0.0386417
0 -0.0140622 -0.0268822 -0.0362059
0 -0.0138644 -0.0254228 -0.0335705
0 -0.0136806 -0.0239495 -0.0308178
0 -0.0135154 -0.0225164 -0.0280373
0 -0.0133768 -0.0211777 -0.0253211
0 -0.0132728 -0.0199809 -0.0227589
0 -0.0132078 -0.0189614 -0.0204327
0 -0.0131811 -0.0181408 -0.0184127
0 -0.013188 -0.0175283 -0.0167569
0 -0.0132239 -0.0171254 -0.0155125
0 -0.0132862 -0.0169308 -0.0147168
0 -0.0133749 -0.0169425 -0.0143964
0 -0.0134936 -0.0171608 -0.0145681
0 -0.0136473 -0.0175879 -0.0152365
0 -0.0138383 -0.0182236 -0.0163885
0 -0.014063 -0.019061 -0.0179908
0 -0.0143153 -0.0200881 -0.0199948
0 -0.0145921 -0.021291 -0.0223438
0 -0.0148959 -0.0226551 -0.0249777
0 -0.0152338 -0.0241648 -0.0278358
0 -0.015615 -0.0258032 -0.0308566
0 -0.0160494 -0.0275526 -0.0339804
0 -0.016546 -0.0293965 -0.0371495
0 -0.0171127 -0.0313205 -0.0403105
0 -0.0177546 -0.0333103 -0.0434168
0 -0.0184724 -0.0353486 -0.0464294
0 -0.0192608 -0.037414 -0.0493173
0 -0.0201099 -0.039482 -0.0520582
0 -0.0210071 -0.0415279 -0.0546384
0 -0.0219368 -0.0435281 -0.0570527
0 -0.0228804 -0.0454606 -0.059302
0 -0.0238152 -0.0473043 -0.0613898
0 -0.0247156 -0.0490376 -0.0633191
0 -0.025554 -0.0506389 -0.065091
0 -0.026306 -0.0520881 -0.0667061
0 -0.0269544 -0.0533703 -0.0681663
0 -0.0274906 -0.0544769 -0.0694753
0 -0.0279118 -0.0554033 -0.0706351
0 -0.0282165 -0.0561448 -0.0716417
0 -0.0284014 -0.0566945 -0.0724828
0 -0.0284604 -0.0570409 -0.0731364
0 -0.0283861 -0.0571686 -0.0735731
0 -0.0281739 -0.0570612 -0.0737594
0 -0.0278236 -0.0567032 -0.0736603
0 -0.0273397 -0.056081 -0.0732406
0 -0.0267306 -0.0551841 -0.072467
0 -0.0260092 -0.0540078 -0.0713113
0 -0.025192 -0.0525544 -0.0697528
0 -0.0242965 -0.0508321 -0.0677786
0 -0.0233367 -0.0488519 -0.0653822
0 -0.0223213 -0.0466255 -0.0625632
0 -0.0212542 -0.044165 -0.0593289
0 -0.0201375 -0.0414842 -0.055697
0 -0.0189736 -0.0385991 -0.0516963
0 -0.0177662 -0.0355292 -0.0473663
0 -0.0165217 -0.0322979 -0.0427551
0 -0.0152489 -0.028934 -0.0379174
0 -0.0139569 -0.0254698 -0.0329097
0 -0.0126506 -0.0219382 -0.0277847
0 -0.0113305 -0.0183694 -0.0225886
0 -0.00999636 -0.0147902 -0.0173647
0 -0.00865204 -0.0112261 -0.0121567
0 -0.00730927 -0.00770444 -0.00701196
0 -0.00598643 -0.00425621 -0.00198171
0 -0.00470337 -0.000914624 0.0028813
0 -0.00347682 0.00228665 0.00752584
0 -0.00232019 0.00531514 0.0119018
0 -0.00124569 0.00813947 0.0159574
0 -0.000265886 0.0107278 0.0196408
0 0.000607332 0.013048 0.0229058
0 0.00136463 0.0150691 0.0257138
0 0.00199853 0.0167622 0.028033
0 0.00250043 0.0180992 0.029836
0 0.00285849 0.0190522 0.0310975
0 0.00305815 0.0195939 0.0317944
0 0.00308441 0.0196992 0.031906
0 0.00292387 0.0193482 0.0314162
0 0.00256521 0.0185274 0.0303139
0 0.00199909 0.0172291 0.0285928
0 0.00121835 0.0154493 0.0262495
0 0.000219068 0.0131875 0.0232839
0 -0.000997927 0.0104479 0.0197002
0 -0.00242627 0.00724034 0.0155084
0 -0.00405405 0.00358164 0.0107251
0 -0.00586416 -0.000502889 0.0053732
0 -0.00783488 -0.00497864 -0.000519721
0 -0.00994034 -0.00980363 -0.00691992
0 -0.012151 -0.0149306 -0.0137845
0 -0.014434 -0.0203073 -0.0210618
0 -0.0167547 -0.0258768 -0.0286918
0 -0.0190788 -0.0315798 -0.0366057
0 -0.0213743 -0.037358 -0.0447257
0 -0.0236109 -0.0431553 -0.0529648
0 -0.0257621 -0.0489135 -0.0612273
0 -0.027806 -0.0545679 -0.0694096
0 -0.0297237 -0.0600472 -0.0774037
0 -0.0314996 -0.0652762 -0.0851002
0 -0.0331243 -0.0701814 -0.0923902
0 -0.0345927 -0.0746941 -0.0991692
0 -0.035903 -0.0787541 -0.105338
0 -0.0370562 -0.0823127 -0.110808
0 -0.0380555 -0.0853367 -0.115504
0 -0.038906 -0.0878088 -0.119366
0 -0.0396148 -0.0897264 -0.122355
0 -0.0401916 -0.0911009 -0.124449
0 -0.0406501 -0.0919561 -0.125648
0 -0.0410056 -0.0923255 -0.125974
0 -0.0412704 -0.0922481 -0.12547
0 -0.0414506 -0.0917645 -0.124202
0 -0.0415446 -0.0909141 -0.122251
0 -0.0415438 -0.0897329 -0.119708
0 -0.0414363 -0.0882543 -0.116675
0 -0.0412112 -0.0865114 -0.11326
0 -0.040861 -0.0845389 -0.109571
0 -0.040382 -0.0823732 -0.105715
0 -0.0397717 -0.0800496 -0.10179
0 -0.0390264 -0.0775981 -0.0978747
0 -0.0381389 -0.07504 -0.0940253
0 -0.037101 -0.0723875 -0.0902747
0 -0.0359075 -0.0696453 -0.0866352
0 -0.0345599 -0.0668131 -0.0831019
0 -0.0330671 -0.063888 -0.0796566
0 -0.0314464 -0.0608669 -0.0762705
0 -0.0297214 -0.0577484 -0.0729075
0 -0.0279188 -0.0545332 -0.0695255
0 -0.0260639 -0.0512224 -0.0660774
0 -0.0241767 -0.0478156 -0.0625115
0 -0.0222712 -0.0443105 -0.0587753
0 -0.0203589 -0.0407046 -0.0548222
0 -0.0184509 -0.0369979 -0.0506158
0 -0.0165602 -0.0331941 -0.0461339
0 -0.0147001 -0.0293009 -0.0413689
0 -0.0128832 -0.0253292 -0.0363272
0 -0.0111187 -0.0212928 -0.0310265
0 -0.00941181 -0.0172074 -0.0254945
0 -0.00776418 -0.0130924 -0.0197662
0 -0.00617604 -0.00897155 -0.0138826
0 -0.00464743 -0.00487222 -0.00789081
0 -0.00317768 -0.000823657 -0.00184285
0 -0.00176411 0.00314507 0.00420595
0 -0.000400947 0.0070063 0.0101971
0 0.000921011 0.0107349 0.016069
0 0.00221202 0.0143101 0.0217601
0 0.00347967 0.01772 0.027208
0 0.00472782 0.0209643 0.0323447
0 0.00596029 0.0240487 0.0371037
0 0.00718366 0.0269753 0.0414282
0 0.00840491 0.0297388 0.0452754
0 0.00962666 0.032325 0.0486159
0 0.0108435 0.0347103 0.0514325
0 0.0120412 0.036864 0.0537191
0 0.0131969 0.038751 0.0554795
0 0.0142807 0.0403339 0.056726
0 0.0152552 0.0415747 0.057476
0 0.0160763 0.0424357 0.0577494
0 0.0166952 0.0428807 0.057564
0 0.0170611 0.0428771 0.0569331
0 0.0171243 0.0423978 0.0558637
0 0.0168435 0.0414228 0.054356
0 0.016194 0.0399382 0.0524037
0 0.0151717 0.037935 0.0499946
0 0.0137918 0.0354096 0.0471107
0 0.0120849 0.0323654 0.0437299
0 0.0100917 0.0288119 0.0398264
0 0.0078579 0.0247648 0.0353722
0 0.00542959 0.0202463 0.0303402
0 0.00285001 0.0152855 0.0247093
0 0.000157117 0.00991735 0.0184679
0 -0.00261814 0.00418094 0.0116161
0 -0.00545153 -0.00187928 0.00416759
0 -0.00832262 -0.00821311 -0.00385069
0 -0.0112122 -0.014768 -0.0123972
0 -0.014102 -0.0214926 -0.0214169
0 -0.0169745 -0.0283375 -0.0308451
0 -0.0198127 -0.0352544 -0.0406082
0 -0.0225975 -0.042198 -0.0506204
0 -0.0253103 -0.0491282 -0.0607778
0 -0.0279381 -0.0560073 -0.0709611
0 -0.0304763 -0.0627963 -0.0810487
0 -0.0329287 -0.0694527 -0.0909238
0 -0.0353076 -0.0759304 -0.100475
0 -0.0376315 -0.0821806 -0.109599
0 -0.0399204 -0.0881558 -0.118201
0 -0.0421895 -0.0938123 -0.126199
0 -0.044446 -0.0991104 -0.133522
0 -0.0466874 -0.104014 -0.140114
0 -0.0489015 -0.108492 -0.145928
0 -0.0510665 -0.112515 -0.150932
0 -0.0531525 -0.116058 -0.1551
0 -0.0551235 -0.1191 -0.158421
0 -0.0569407 -0.121622 -0.160895
0 -0.0585651 -0.123612 -0.16254
0 -0.0599565 -0.125058 -0.163386
0 -0.061072 -0.125954 -0.163477
0 -0.0618672 -0.12629 -0.162862
0 -0.0622991 -0.126057 -0.161593
0 -0.0623303 -0.125248 -0.15972
0 -0.0619375 -0.123861 -0.157295
0 -0.0611206 -0.121901 -0.154364
0 -0.0599053 -0.119378 -0.150971
0 -0.0583362 -0.116315 -0.147147
0 -0.0564683 -0.112741 -0.142916
0 -0.0543596 -0.108699 -0.138288
0 -0.0520665 -0.104238 -0.133263
0 -0.0496411 -0.0994176 -0.127841
0 -0.047129 -0.0943019 -0.12202
0 -0.0445673 -0.0889534 -0.1158
0 -0.0419837 -0.0834283 -0.109191
0 -0.0393977 -0.077774 -0.102207
0 -0.0368241 -0.0720311 -0.0948811
0 -0.034278 -0.0662351 -0.087259
0 -0.0317764 -0.0604177 -0.0794012
0 -0.0293362 -0.0546064 -0.0713752
0 -0.026971 -0.0488251 -0.0632509
0 -0.0246876 -0.043095 -0.0550962
0 -0.0224867 -0.0374378 -0.0469745
0 -0.0203643 -0.0318776 -0.038944
0 -0.0183138 -0.026441 -0.0310564
0 -0.0163281 -0.021156 -0.0233559
0 -0.014399 -0.0160492 -0.0158824
0 -0.0125169 -0.0111446 -0.0086757
0 -0.010672 -0.00646286 -0.00177559
0 -0.00885638 -0.00201939 0.00477696
0 -0.00706438 0.0021814 0.0109352
0 -0.00529285 0.00614684 0.0166489
0 -0.00353829 0.00988899 0.0218778
0 -0.00179389 0.0134197 0.0265993
0 -4.9327e-05 0.0167505 0.0308073
0 0.00170711 0.019893 0.0345108
0 0.00348498 0.0228588 0.0377348
0 0.00528954 0.0256592 0.0405201
0 0.00712106 0.0283056 0.0429205
0 0.0089736 0.0308097 0.0449994
0 0.0108333 0.0331811 0.0468248
0 0.0126778 0.0354259 0.048464
0 0.0144786 0.0375465 0.0499793
0 0.0162047 0.0395434 0.0514258
0 0.0178246 0.0414158 0.0528494
0 0.0193074 0.0431614 0.0542832
0 0.0206226 0.0447752 0.0557443
0 0.0217413 0.0462488 0.0572326
0 0.0226381 0.0475703 0.0587327
0 0.0232923 0.0487226 0.0602148
0 0.0236872 0.0496814 0.0616352
0 0.0238102 0.0504134 0.062937
0 0.023656 0.0508761 0.064053
0 0.0232322 0.0510198 0.0649087
0 0.0225578 0.0507925 0.0654245
0 0.0216582 0.0501464 0.0655175
0 0.0205601 0.0490412 0.0651022
0 0.019288 0.0474477 0.0640925
0 0.0178614 0.045347 0.0624043
0 0.0162928 0.0427305 0.05996
0 0.0145886 0.0395988 0.0566964
0 0.012753 0.0359624 0.0525717
0 0.0107914 0.0318402 0.0475711
0 0.00871205 0.0272577 0.0417089
0 0.00652484 0.0222444 0.0350241
0 0.00424101 0.0168311 0.0275778
0 0.00187109 0.0110505 0.0194509
0 -0.000576423 0.0049398 0.0107381
0 -0.00309482 -0.0014556 0.00153749
0 -0.0056767 -0.00808478 -0.00805391
0 -0.00831258 -0.0148964 -0.0179407
0 -0.0109936 -0.0218429 -0.0280299
0 -0.0137138 -0.0288853 -0.0382292
0 -0.016471 -0.0359913 -0.0484462
0 -0.0192699 -0.0431297 -0.0585928
0 -0.0221198 -0.0502663 -0.0685907
0 -0.025033 -0.0573652 -0.0783716
0 -0.0280207 -0.0643885 -0.0878742
0 -0.0310882 -0.071297 -0.0970426
0 -0.0342326 -0.0780507 -0.105825
0 -0.0374426 -0.0846121 -0.114177
0 -0.0406986 -0.0909474 -0.12206
0 -0.0439733 -0.0970259 -0.129447
0 -0.0472336 -0.102817 -0.136316
0 -0.0504415 -0.108289 -0.142652
0 -0.0535552 -0.113412 -0.148442
0 -0.0565306 -0.118154 -0.15368
0 -0.0593209 -0.122483 -0.158358
0 -0.0618778 -0.126365 -0.162471
0 -0.0641532 -0.129767 -0.16601
0 -0.0661026 -0.132655 -0.168967
0 -0.0676877 -0.135 -0.171337
0 -0.0688789 -0.136775 -0.173113
0 -0.0696575 -0.137961 -0.174291
0 -0.0700171 -0.138543 -0.17487
0 -0.0699645 -0.138515 -0.174847
0 -0.0695198 -0.137875 -0.174217
0 -0.0687153 -0.136629 -0.172969
0 -0.0675946 -0.134792 -0.171092
0 -0.0662097 -0.132393 -0.168577
0 -0.064615 -0.129475 -0.16542
0 -0.0628599 -0.126085 -0.161623
0 -0.060985 -0.122275 -0.157193
0 -0.0590223 -0.118095 -0.152146
0 -0.0569966 -0.113598 -0.146513
0 -0.0549261 -0.108832 -0.140335
0 -0.0528241 -0.103841 -0.133665
0 -0.0506984 -0.0986654 -0.126569
0 -0.0485524 -0.0933376 -0.119119
0 -0.0463847 -0.0878849 -0.111395
0 -0.0441883 -0.0823271 -0.103472
0 -0.0419517 -0.076677 -0.0954236
0 -0.0396622 -0.0709428 -0.0873103
0 -0.0373086 -0.0651309 -0.0791843
0 -0.0348839 -0.0592495 -0.0710871
0 -0.0323846 -0.0533109 -0.0630501
0 -0.0298092 -0.0473311 -0.0550949
0 -0.0271575 -0.0413279 -0.0472335
0 -0.0244313 -0.0353191 -0.0394706
0 -0.0216367 -0.0293225 -0.0318067
0 -0.0187831 -0.0233564 -0.024241
0 -0.0158833 -0.017439 -0.016775
0 -0.0129526 -0.0115904 -0.00941359
0 -0.0100095 -0.005832 -0.00216645
0 -0.00707542 -0.000187371 0.00495105
0 -0.00417592 0.00531732 0.0119166
0 -0.00134071 0.0106565 0.0186974
0 0.00139706 0.0158074 0.0252502
0 0.00400478 0.0207463 0.0315282
0 0.00645489 0.0254441 0.0374846
0 0.00872583 0.0298647 0.0430721
0 0.0107999 0.0339656 0.0482417
0 0.0126607 0.0376997 0.0529445
0 0.0142925 0.041017 0.057133
0 0.0156798 0.0438687 0.0607621
0 0.0168067 0.0462104 0.063788
0 0.017656 0.0480036 0.0661675
0 0.0182102 0.0492159 0.0678582
0 0.0184538 0.0498205 0.0688197
0 0.0183771 0.0497972 0.0690155
0 0.0179792 0.0491347 0.0684146
0 0.0172681 0.0478309 0.066994
0 0.0162609 0.0458937 0.0647409
0 0.0149811 0.04334 0.0616548
0 0.0134563 0.0401951 0.0577483
0 0.0117166 0.0364929 0.0530487
0 0.00979355 0.0322743 0.0475982
0 0.00771828 0.0275871 0.0414535
0 0.00552007 0.0224843 0.0346825
0 0.0032257 0.0170226 0.0273614
0 0.000859712 0.0112624 0.0195731
0 -0.00155513 0.00527027 0.0114044
0 -0.00399638 -0.000878648 0.00294162
0 -0.00644041 -0.00710601 -0.005729
0 -0.00886159 -0.0133361 -0.0145192
0 -0.0112312 -0.0194979 -0.0233384
0 -0.0135171 -0.0255259 -0.032092
0 -0.0156858 -0.0313614 -0.040679
0 -0.0177085 -0.0369512 -0.0489917
0 -0.0195675 -0.0422443 -0.0569205
0 -0.0212539 -0.0471898 -0.0643622
0 -0.0227665 -0.0517374 -0.0712228
0 -0.02411 -0.0558396 -0.0774166
0 -0.0252928 -0.059454 -0.0828678
0 -0.0263239 -0.062546 -0.0875116
0 -0.0272127 -0.0650908 -0.0912951
0 -0.0279669 -0.067073 -0.0941783
0 -0.02859 -0.0684857 -0.0961358
0 -0.0290821 -0.0693298 -0.097158
0 -0.0294391 -0.0696131 -0.0972536
0 -0.0296521 -0.0693506 -0.0964521
0 -0.0297081 -0.0685638 -0.0948028
0 -0.0295908 -0.0672797 -0.0923706
0 -0.0292841 -0.0655288 -0.0892328
0 -0.0287747 -0.0633446 -0.0854769
0 -0.0280574 -0.060765 -0.0811979
0 -0.0271383 -0.0578333 -0.0764973
0 -0.0260358 -0.0545993 -0.0714793
0 -0.0247779 -0.0511183 -0.0662468
0 -0.023398 -0.0474491 -0.0608962
0 -0.0219308 -0.0436518 -0.0555128
0 -0.0204101 -0.0397869 -0.0501697
0 -0.0188669 -0.0359149 -0.0449278
0 -0.0173311 -0.0320966 -0.0398387
0 -0.0158305 -0.0283915 -0.034946
0 -0.0143904 -0.0248547 -0.030287
0 -0.0130328 -0.0215341 -0.0258939
0 -0.0117748 -0.0184674 -0.0217936
0 -0.010628 -0.0156806 -0.0180071
0 -0.00960004 -0.0131895 -0.0145519
0 -0.00869722 -0.0110029 -0.0114453
0 -0.00792519 -0.00912435 -0.00870512
0 -0.00728776 -0.00755319 -0.00634892
0 -0.00678598 -0.00628531 -0.0043926
0 -0.00641796 -0.00531476 -0.00285014
0 -0.00617837 -0.00463444 -0.00173275
0 -0.0060577 -0.00423597 -0.00104743
0 -0.00604203 -0.00410919 -0.00079573
0 -0.00611455 -0.00424205 -0.00097284
0 -0.0062584 -0.00462099 -0.00156706
0 -0.00645928 -0.00523171 -0.00256069
0 -0.00670762 -0.0060598 -0.0039316
0 -0.00699959 -0.00709112 -0.00565429
0 -0.00733663 -0.00831146 -0.0077001
0 -0.00772394 -0.00970615 -0.0100374
0 -0.00816899 -0.0112605 -0.0126321
0 -0.00868017 -0.0129606 -0.015448
0 -0.00926535 -0.0147948 -0.0184481
0 -0.00993029 -0.0167534 -0.0215942
0 -0.0106775 -0.0188294 -0.0248476
0 -0.0115058 -0.0210167 -0.0281694
0 -0.0124107 -0.0233085 -0.0315228
0 -0.0133853 -0.025694 -0.0348752
0 -0.0144203 -0.0281575 -0.0381998
0 -0.0155043 -0.0306776 -0.0414741
0 -0.0166225 -0.0332267 -0.0446791
0 -0.0177572 -0.0357721 -0.0477972
0 -0.0188891 -0.0382789 -0.0508135
0 -0.0199996 -0.0407139 -0.0537162
0 -0.0210725 -0.0430479 -0.0564966
0 -0.0220935 -0.045256 -0.0591468
0 -0.0230489 -0.0473166 -0.061657
0 -0.0239245 -0.0492099 -0.0640138
0 -0.0247057 -0.0509174 -0.0661988
0 -0.0253774 -0.0524201 -0.0681877
0 -0.0259247 -0.0536988 -0.0699508
0 -0.026335 -0.0547345 -0.0714548
0 -0.0265991 -0.0555095 -0.072665
0 -0.0267127 -0.0560069 -0.0735463
0 -0.0266761 -0.0562111 -0.0740653
0 -0.0264942 -0.0561095 -0.0741916
0 -0.0261759 -0.0556934 -0.0738987
0 -0.0257311 -0.0549583 -0.073165
0 -0.0251695 -0.0539036 -0.0719742
0 -0.0245007 -0.052534 -0.0703176
0 -0.0237341 -0.0508592 -0.0681954
0 -0.0228771 -0.048892 -0.0656153
0 -0.021933 -0.0466451 -0.0625899
0 -0.0208997 -0.0441284 -0.0591361
0 -0.0197728 -0.0413504 -0.0552762
0 -0.0185493 -0.0383211 -0.0510399
0 -0.0172312 -0.0350555 -0.0464652
0 -0.0158266 -0.0315758 -0.0415976
0 -0.0143483 -0.027911 -0.0364865
0 -0.0128104 -0.0240949 -0.0311809
0 -0.0112256 -0.0201633 -0.0257259
0 -0.00960479 -0.0161504 -0.0201623
0 -0.00795836 -0.0120877 -0.0145283
0 -0.00629861 -0.00800439 -0.00886226
0 -0.00464132 -0.00392951 -0.00320376
0 -0.00300473 0.000106849 0.00240547
0 -0.00140551 0.00407316 0.00792232
0 0.000144766 0.00793653 0.0133043
0 0.00164019 0.0116656 0.01851
0 0.00307881 0.0152357 0.0234965
0 0.00445966 0.0186279 0.0282199
0 0.00578153 0.0218253 0.0326384
0 0.00704205 0.0248094 0.0367127
0 0.00823596 0.0275584 0.040405
0 0.00935488 0.0300477 0.0436793
0 0.0103884 0.0322514 0.0465029
0 0.0113255 0.0341449 0.0488502
0 0.0121561 0.0357078 0.0507034
0 0.0128714 0.0369252 0.0520537
0 0.0134628 0.0377876 0.0528995
0 0.0139201 0.0382898 0.0532454
0 0.0142296 0.0384288 0.0531003
0 0.0143752 0.0382041 0.0524768
0 0.0143407 0.0376175 0.0513906
0 0.0141124 0.036674 0.0498606
0 0.0136821 0.0353814 0.0479092
0 0.0130487 0.0337504 0.0455624
0 0.0122202 0.0317947 0.0428477
0 0.0112116 0.0295297 0.0397925
0 0.0100427 0.0269733 0.0364232
0 0.00873519 0.0241454 0.032764
0 0.0073105 0.0210689 0.0288357
0 0.00578891 0.0177698 0.0246557
0 0.00418955 0.0142775 0.0202396
0 0.00253111 0.0106239 0.0156038
0 0.000832627 0.00684232 0.0107684
0 -0.000886774 0.00296743 0.00575761
0 -0.00260999 -0.000967165 0.000598686
0 -0.00432481 -0.00493224 -0.0046816
0 -0.00602495 -0.00890571 -0.0100585
0 -0.00770812 -0.0128723 -0.0155074
0 -0.00937233 -0.0168209 -0.0210006
0 -0.0110132 -0.0207416 -0.0265055
0 -0.0126247 -0.0246264 -0.0319849
0 -0.0142016 -0.0284682 -0.0373991
0 -0.0157422 -0.0322597 -0.042711
0 -0.01725 -0.0359907 -0.0478873
0 -0.0187335 -0.0396492 -0.0528987
0 -0.0202061 -0.0432236 -0.0577219
0 -0.0216826 -0.0467043 -0.062341
0 -0.0231761 -0.0500829 -0.0667451
0 -0.024694 -0.0533519 -0.0709257
0 -0.0262369 -0.0565039 -0.0748762
0 -0.0277997 -0.0595328 -0.0785909
0 -0.0293714 -0.0624333 -0.0820659
0 -0.0309356 -0.0651992 -0.0852976
0 -0.0324703 -0.0678219 -0.0882832
0 -0.0339511 -0.0702907 -0.0910211
0 -0.0353538 -0.0725937 -0.0935123
0 -0.0366571 -0.0747183 -0.0957612
0 -0.0378438 -0.0766532 -0.0977762
0 -0.0389016 -0.0783886 -0.0995686
0 -0.0398215 -0.0799163 -0.10115
0 -0.0405963 -0.0812292 -0.102532
0 -0.0412191 -0.0823202 -0.103719
0 -0.0416815 -0.0831814 -0.104713
0 -0.041973 -0.0838022 -0.105506
0 -0.0420838 -0.0841705 -0.106084
0 -0.0420093 -0.0842744 -0.10643
0 -0.041753 -0.084104 -0.106525
0 -0.0413266 -0.0836528 -0.106348
0 -0.0407476 -0.0829184 -0.105875
0 -0.0400366 -0.0819024 -0.105082
0 -0.0392155 -0.08061 -0.103943
0 -0.0383045 -0.0790507 -0.102434
0 -0.0373209 -0.077237 -0.100536
0 -0.0362781 -0.0751833 -0.0982338
0 -0.0351854 -0.0729044 -0.0955217
0 -0.0340489 -0.0704153 -0.0924027
0 -0.0328724 -0.067731 -0.0888904
0 -0.0316581 -0.0648655 -0.0850085
0 -0.0304057 -0.0618307 -0.080789
0 -0.0291128 -0.0586363 -0.0762701
0 -0.0277738 -0.0552892 -0.0714942
0 -0.0263817 -0.0517949 -0.0665057
0 -0.0249291 -0.0481597 -0.061349
0 -0.0234106 -0.0443932 -0.0560684
0 -0.021824 -0.0405096 -0.050706
0 -0.0201705 -0.0365285 -0.0453006
0 -0.0184537 -0.0324731 -0.0398858
0 -0.0166796 -0.0283693 -0.0344887
0 -0.0148575 -0.0242443 -0.0291305
0 -0.0129998 -0.020125 -0.0238278
0 -0.0111215 -0.0160363 -0.0185935
0 -0.00924053 -0.0120002 -0.0134383
0 -0.00737639 -0.0080363 -0.00837184
0 -0.00554917 -0.0041628 -0.00340371
0 -0.00377796 -0.000396784 0.00145674
0 -0.00207926 0.00324539 0.0062001
0 -0.00046577 0.00674693 0.010815
0 0.001053 0.0100902 0.0152866
0 0.0024686 0.0132577 0.0195954
0 0.00377195 0.0162332 0.0237136
0 0.00495308 0.0190026 0.0276054
0 0.00600345 0.0215527 0.0312329
0 0.00691934 0.0238706 0.0345604
0 0.0077026 0.0259432 0.037557
0 0.0083591 0.027757 0.0401952
0 0.00889665 0.0292991 0.0424502
0 0.00932305 0.0305579 0.0443011
0 0.00964462 0.0315244 0.0457313
0 0.00986517 0.0321921 0.0467279
0 0.00998536 0.0325561 0.0472819
0 0.0100027 0.0326132 0.0473879
0 0.0099122 0.0323619 0.0470448
0 0.00970709 0.0318027 0.0462565
0 0.00938077 0.0309384 0.0450328
0 0.00892798 0.0297733 0.0433878
0 0.00834506 0.0283129 0.0413395
0 0.00763018 0.0265642 0.0389085
0 0.00678397 0.0245362 0.0361174
0 0.00581045 0.0222405 0.0329907
0 0.00471724 0.019692 0.0295537
0 0.00351481 0.0169084 0.0258328
0 0.00221601 0.0139111 0.0218557
0 0.000835856 0.0107257 0.0176513
0 -0.00060957 0.00738149 0.0132487
0 -0.00210426 0.00391078 0.00867576
0 -0.00363245 0.000346806 0.00395944
0 -0.00517884 -0.00327874 -0.000872462
0 -0.00673004 -0.00693728 -0.00579216
0 -0.00827576 -0.0106045 -0.0107737
0 -0.00980839 -0.0142604 -0.0157928
0 -0.0113215 -0.0178884 -0.0208247
0 -0.0128083 -0.0214732 -0.0258422
0 -0.0142603 -0.0250003 -0.0308152
0 -0.0156681 -0.0284561 -0.0357102
0 -0.0170229 -0.0318281 -0.0404927
0 -0.0183177 -0.035104 -0.0451295
0 -0.0195487 -0.0382693 -0.04959
0 -0.0207158 -0.0413076 -0.0538458
0 -0.0218216 -0.044201 -0.0578706
0 -0.0228695 -0.046932 -0.0616422
0 -0.0238637 -0.049485 -0.0651423
0 -0.024807 -0.0518477 -0.0683565
0 -0.0257004 -0.0540103 -0.0712729
0 -0.0265421 -0.0559654 -0.0738815
0 -0.027328 -0.0577079 -0.0761735
0 -0.0280524 -0.0592344 -0.0781421
0 -0.028708 -0.060543 -0.0797831
0 -0.0292862 -0.0616316 -0.0810941
0 -0.0297757 -0.0624962 -0.0820736
0 -0.0301641 -0.0631306 -0.0827208
0 -0.0304391 -0.063527 -0.0830368
0 -0.0305905 -0.0636777 -0.0830264
0 -0.0306107 -0.0635758 -0.0826974
0 -0.0304952 -0.0632163 -0.0820601
0 -0.0302441 -0.0625978 -0.0811264
0 -0.0298625 -0.0617239 -0.0799098
0 -0.0293603 -0.0606037 -0.078425
0 -0.0287499 -0.0592513 -0.076686
0 -0.0280443 -0.0576842 -0.0747059
0 -0.0272563 -0.0559228 -0.0724965
0 -0.0263985 -0.0539899 -0.0700695
0 -0.0254834 -0.0519094 -0.0674381
0 -0.0245239 -0.0497061 -0.0646175
0 -0.0235325 -0.0474046 -0.0616264
0 -0.0225216 -0.0450291 -0.0584868
0 -0.0215029 -0.0426023 -0.0552246
0 -0.0204869 -0.0401456 -0.0518684
0 -0.0194823 -0.0376783 -0.048449
0 -0.0184956 -0.0352174 -0.044998
0 -0.0175304 -0.032777 -0.0415454
0 -0.0165876 -0.0303694 -0.0381191
0 -0.0156671 -0.028006 -0.0347451
0 -0.0147678 -0.0256986 -0.031447
0 -0.0138895 -0.0234585 -0.0282471
0 -0.0130323 -0.0212958 -0.0251656
0 -0.0121967 -0.019219 -0.0222204
0 -0.0113841 -0.0172349 -0.0194267
0 -0.0105963 -0.015349 -0.0167974
0 -0.00983636 -0.0135663 -0.0143432
0 -0.0091077 -0.0118908 -0.0120724
0 -0.00841422 -0.0103264 -0.00999123
0 -0.00775976 -0.00887631 -0.00810324
0 -0.00714776 -0.0075435 -0.00640928
0 -0.00658042 -0.0063298 -0.00490698
0 -0.00605805 -0.0052353 -0.00359026
0 -0.0055801 -0.00425911 -0.00245061
0 -0.00514818 -0.00340219 -0.00148051
0 -0.0047681 -0.00266947 -0.000676082
0 -0.00444834 -0.00206869 -3.63542e-05
0 -0.00419649 -0.00160722 0.000439396
0 -0.00401682 -0.00128952 0.000753488
0 -0.00391017 -0.00111659 0.000909657
0 -0.00387544 -0.00108686 0.000911683
0 -0.00391085 -0.00119689 0.000762323
0 -0.00401406 -0.00144144 0.00046329
0 -0.00418151 -0.00181351 1.59512e-05
0 -0.00440815 -0.00230479 -0.000578055
0 -0.00468796 -0.00290669 -0.00131681
0 -0.00501491 -0.00361153 -0.00219847
0 -0.00538351 -0.00441288 -0.00322113
0 -0.00578854 -0.00530509 -0.00438206
0 -0.00622483 -0.00628253 -0.00567691
0 -0.00668747 -0.00733924 -0.00709964
0 -0.00717238 -0.00846906 -0.00864282
0 -0.0076766 -0.0096657 -0.0102978
0 -0.00819818 -0.0109229 -0.0120548
0 -0.00873581 -0.0122343 -0.0139028
0 -0.00928822 -0.0135932 -0.0158294
0 -0.00985355 -0.0149923 -0.0178204
0 -0.0104293 -0.0164235 -0.0198603
0 -0.0110128 -0.0178783 -0.021933
0 -0.0116021 -0.0193486 -0.0240226
0 -0.0121966 -0.0208277 -0.026115
0 -0.0127975 -0.0223113 -0.0281984
0 -0.0134077 -0.023797 -0.0302636
0 -0.0140298 -0.025284 -0.0323028
0 -0.0146652 -0.026771 -0.0343085
0 -0.0153135 -0.0282561 -0.0362738
0 -0.0159721 -0.0297352 -0.0381928
0 -0.0166364 -0.0312024 -0.0400597
0 -0.0173005 -0.0326496 -0.0418697
0 -0.0179576 -0.0340674 -0.0436186
0 -0.0185999 -0.0354441 -0.045302
0 -0.0192187 -0.036767 -0.0469149
0 -0.0198036 -0.0380213 -0.0484504
0 -0.0203422 -0.0391903 -0.0498983
0 -0.0208214 -0.0402569 -0.0512458
0 -0.0212323 -0.0412071 -0.0524808
0 -0.0215725 -0.0420334 -0.0535951
0 -0.0218452 -0.0427339 -0.0545832
0 -0.0220551 -0.0433092 -0.0554392
0 -0.0222066 -0.0437608 -0.0561558
0 -0.0223035 -0.0440907 -0.056725
0 -0.0223499 -0.0443024 -0.0571397
0 -0.0223497 -0.0443994 -0.0573936
0 -0.0223056 -0.0443844 -0.0574811
0 -0.0222182 -0.0442573 -0.0573963
0 -0.0220871 -0.044017 -0.0571343
0 -0.021912 -0.043662 -0.0566928
0 -0.0216943 -0.0431925 -0.0560737
0 -0.021437 -0.0426104 -0.0552828
0 -0.021143 -0.041919 -0.0543283
0 -0.0208142 -0.0411222 -0.0532201
0 -0.0204517 -0.0402246 -0.0519686
0 -0.0200557 -0.0392322 -0.0505856
0 -0.0196273 -0.0381523 -0.0490845
0 -0.0191679 -0.0369943 -0.0474801
0 -0.01868 -0.0357683 -0.0457882
0 -0.0181658 -0.0344851 -0.044025
0 -0.0176278 -0.0331555 -0.0422063
0 -0.0170692 -0.0317906 -0.0403477
0 -0.0164942 -0.0304018 -0.0384645
0 -0.015908 -0.0290003 -0.0365718
0 -0.0153164 -0.0275974 -0.034684
0 -0.0147257 -0.0262042 -0.0328145
0 -0.014142 -0.024832 -0.0309758
0 -0.013571 -0.0234918 -0.0291799
0 -0.0130186 -0.0221947 -0.0274382
0 -0.0124899 -0.020951 -0.0257617
0 -0.0119898 -0.0197704 -0.0241614
0 -0.0115229 -0.018662 -0.0226478
0 -0.0110932 -0.0176339 -0.0212311
0 -0.0107033 -0.0166924 -0.0199207
0 -0.0103543 -0.0158418 -0.0187239
0 -0.0100458 -0.0150841 -0.0176467
0 -0.00977689 -0.0144202 -0.016694
0 -0.00954651 -0.0138502 -0.0158698
0 -0.00935319 -0.013373 -0.0151767
0 -0.00919486 -0.0129864 -0.0146157
0 -0.0090695 -0.0126876 -0.0141866
0 -0.0089765 -0.012475 -0.0138889
0 -0.00891719 -0.0123486 -0.0137232
0 -0.00889395 -0.01231 -0.0136899
0 -0.00890885 -0.0123609 -0.0137883
0 -0.0089627 -0.0125021 -0.0140163
0 -0.00905485 -0.0127333 -0.0143696
0 -0.00918318 -0.0130522 -0.0148423
0 -0.00934487 -0.0134552 -0.0154274
0 -0.00953749 -0.013938 -0.0161176
0 -0.00975991 -0.0144962 -0.0169066
0 -0.0100123 -0.0151263 -0.017789
0 -0.010295 -0.0158245 -0.0187595
0 -0.0106076 -0.0165863 -0.0198119
0 -0.0109476 -0.0174056 -0.0209384
0 -0.0113109 -0.0182747 -0.0221295
0 -0.011693 -0.0191854 -0.023375
0 -0.0120908 -0.0201309 -0.0246662
0 -0.0125035 -0.0211065 -0.0259967
0 -0.0129316 -0.0221094 -0.0273611
0 -0.0133746 -0.0231368 -0.0287545
0 -0.01383 -0.0241847 -0.03017
0 -0.0142927 -0.0252471 -0.0315989
0 -0.0147558 -0.0263158 -0.0330308
0 -0.0152123 -0.0273816 -0.0344551
0 -0.0156563 -0.0284352 -0.0358613
0 -0.0160834 -0.0294668 -0.0372395
0 -0.0164902 -0.0304665 -0.0385804
0 -0.0168742 -0.0314245 -0.039874
0 -0.0172334 -0.0323311 -0.0411104
0 -0.0175662 -0.0331781 -0.0422792
0 -0.0178719 -0.0339587 -0.0433702
0 -0.0181509 -0.034669 -0.0443748
0 -0.0184054 -0.0353083 -0.0452867
0 -0.018638 -0.035878 -0.0461009
0 -0.0188497 -0.0363796 -0.0468133
0 -0.0190393 -0.036813 -0.0474186
0 -0.0192025 -0.0371754 -0.0479107
0 -0.019334 -0.0374625 -0.0482841
0 -0.0194293 -0.0376693 -0.0485351
0 -0.0194858 -0.037792 -0.0486629
0 -0.019504 -0.0378287 -0.0486701
0 -0.019487 -0.0377805 -0.048563
0 -0.019439 -0.0376511 -0.0483498
0 -0.0193639 -0.037445 -0.0480389
0 -0.0192645 -0.0371681 -0.0476388
0 -0.0191421 -0.0368265 -0.0471573
0 -0.0189966 -0.0364259 -0.046601
0 -0.0188256 -0.0359697 -0.0459744
0 -0.0186257 -0.0354597 -0.0452802
0 -0.0183947 -0.0348978 -0.044522
0 -0.0181339 -0.0342871 -0.043705
0 -0.0178467 -0.0336325 -0.0428363
0 -0.0175377 -0.0329388 -0.0419224
0 -0.0172099 -0.0322096 -0.0409684
0 -0.0168654 -0.0314472 -0.0399773
0 -0.0165058 -0.0306537 -0.0389513
0 -0.0161342 -0.0298326 -0.0378935
0 -0.0157568 -0.0289904 -0.0368099
0 -0.0153816 -0.0281372 -0.0357091
0 -0.0150161 -0.0272835 -0.0346003
0 -0.0146637 -0.0264378 -0.0334899
0 -0.014324 -0.0256057 -0.0323822
0 -0.0139946 -0.0247912 -0.0312805
0 -0.0136739 -0.0239981 -0.0301893
0 -0.013361 -0.0232294 -0.029114
0 -0.0130555 -0.0224871 -0.0280604
0 -0.0127564 -0.0217706 -0.0270335
0 -0.0124623 -0.0210775 -0.0260368
0 -0.0121712 -0.0204041 -0.0250728
0 -0.0118822 -0.0197468 -0.0241435
0 -0.0115957 -0.0191035 -0.023251
0 -0.0113143 -0.0184751 -0.0223985
0 -0.0110433 -0.0178662 -0.0215912
0 -0.0107889 -0.017284 -0.0208345
0 -0.010556 -0.0167369 -0.0201335
0 -0.010348 -0.0162329 -0.0194915
0 -0.0101662 -0.0157794 -0.0189109
0 -0.0100108 -0.0153823 -0.0183936
0 -0.00988139 -0.015046 -0.0179413
0 -0.00977792 -0.0147738 -0.0175563
0 -0.00970096 -0.0145677 -0.017242
0 -0.00965271 -0.0144301 -0.0170034
0 -0.00963756 -0.0143644 -0.0168482
0 -0.00966121 -0.0143758 -0.0167861
0 -0.0097289 -0.0144697 -0.0168271
0 -0.009844 -0.0146513 -0.0169809
0 -0.0100072 -0.0149246 -0.0172552
0 -0.0102164 -0.0152917 -0.0176556
0 -0.0104666 -0.0157524 -0.0181852
0 -0.0107521 -0.0163049 -0.0188453
0 -0.0110676 -0.0169463 -0.0196362
0 -0.011408 -0.0176725 -0.020557
0 -0.0117683 -0.0184773 -0.021604
0 -0.0121435 -0.0193524 -0.0227707
0 -0.0125292 -0.0202887 -0.0240488
0 -0.0129237 -0.0212779 -0.025429
0 -0.0133276 -0.0223134 -0.0269021
0 -0.0137428 -0.0233901 -0.0284584
0 -0.0141715 -0.0245035 -0.0300866
0 -0.0146139 -0.0256489 -0.0317728
0 -0.0150687 -0.0268207 -0.0335011
0 -0.0155336 -0.0280134 -0.0352539
0 -0.0160051 -0.0292205 -0.0370128
0 -0.0164782 -0.0304327 -0.0387575
0 -0.0169453 -0.0316364 -0.0404659
0 -0.0173981 -0.0328146 -0.0421151
0 -0.0178297 -0.0339498 -0.043684
0 -0.0182368 -0.0350266 -0.045156
0 -0.0186193 -0.0360323 -0.046519
0 -0.0189783 -0.0369573 -0.0477637
0 -0.019314 -0.0377935 -0.0488827
0 -0.019625 -0.0385346 -0.0498691
0 -0.0199084 -0.039176 -0.0507169
0 -0.0201587 -0.0397135 -0.0514203
0 -0.0203691 -0.0401426 -0.0519734
0 -0.0205323 -0.0404594 -0.052371
0 -0.0206418 -0.0406601 -0.0526096
0 -0.0206927 -0.0407414 -0.0526873
0 -0.0206817 -0.0407003 -0.0526032
0 -0.0206075 -0.0405345 -0.0523584
0 -0.0204707 -0.0402427 -0.0519546
0 -0.0202738 -0.0398252 -0.051395
0 -0.0200208 -0.0392842 -0.0506838
0 -0.019718 -0.0386247 -0.0498269
0 -0.019373 -0.037855 -0.0488323
0 -0.0189933 -0.0369858 -0.0477088
0 -0.0185857 -0.0360289 -0.0464661
0 -0.0181556 -0.0349968 -0.0451139
0 -0.0177069 -0.033902 -0.0436633
0 -0.017243 -0.0327567 -0.0421257
0 -0.016766 -0.0315717 -0.0405137
0 -0.0162783 -0.0303571 -0.0388404
0 -0.0157834 -0.0291231 -0.0371211
0 -0.0152872 -0.0278811 -0.0353732
0 -0.0147961 -0.0266432 -0.033616
0 -0.0143155 -0.0254205 -0.0318673
0 -0.0138479 -0.0242221 -0.0301426
0 -0.0133929 -0.0230541 -0.028455
0 -0.01295 -0.0219217 -0.0268161
0 -0.0125199 -0.0208303 -0.0252385
0 -0.0121056 -0.019787 -0.0237358
0 -0.0117106 -0.0187987 -0.0223211
0 -0.0113375 -0.0178716 -0.021005
0 -0.010987 -0.0170098 -0.0197953
0 -0.0106591 -0.0162166 -0.0186975
0 -0.0103544 -0.0154951 -0.0177158
0 -0.0100737 -0.0148479 -0.016853
0 -0.00981774 -0.0142764 -0.0161101
0 -0.0095866 -0.0137804 -0.0154856
0 -0.00938036 -0.0133588 -0.0149768
0 -0.00919971 -0.0130103 -0.01458
0 -0.00904648 -0.0127344 -0.0142916
0 -0.00892392 -0.0125322 -0.0141089
0 -0.00883621 -0.0124059 -0.0140297
0 -0.0087872 -0.0123585 -0.0140523
0 -0.00877959 -0.0123922 -0.0141742
0 -0.00881471 -0.0125088 -0.0143927
0 -0.00889279 -0.0127088 -0.0147054
0 -0.00901317 -0.0129921 -0.0151102
0 -0.00917422 -0.0133569 -0.0156051
0 -0.00937334 -0.0138004 -0.0161883
0 -0.00960733 -0.0143186 -0.0168581
0 -0.00987261 -0.0149066 -0.0176126
0 -0.0101654 -0.0155589 -0.0184498
0 -0.0104815 -0.0162692 -0.0193669
0 -0.0108168 -0.0170308 -0.0203601
0 -0.0111672 -0.0178368 -0.0214248
0 -0.0115287 -0.0186802 -0.0225554
0 -0.0118973 -0.0195533 -0.0237442
0 -0.0122678 -0.020447 -0.024981
0 -0.012634 -0.0213509 -0.0262529
0 -0.0129903 -0.0222544 -0.0275454
0 -0.0133335 -0.0231487 -0.0288447
0 -0.0136641 -0.0240284 -0.0301391
0 -0.0139851 -0.0248912 -0.0314184
0 -0.0143 -0.0257362 -0.0326729
0 -0.0146105 -0.0265613 -0.0338909
0 -0.0149151 -0.027362 -0.0350589
0 -0.0152106 -0.0281317 -0.0361631
0 -0.0154946 -0.0288637 -0.0371914
0 -0.015767 -0.0295532 -0.0381361
0 -0.0160294 -0.0301971 -0.038993
0 -0.0162831 -0.0307928 -0.03976
0 -0.0165278 -0.0313375 -0.0404361
0 -0.0167618 -0.0318283 -0.0410211
0 -0.0169824 -0.032263 -0.041516
0 -0.0171864 -0.03264 -0.0419233
0 -0.0173701 -0.0329582 -0.0422461
0 -0.0175302 -0.033217 -0.0424886
0 -0.0176644 -0.0334167 -0.0426563
0 -0.0177723 -0.0335601 -0.0427564
0 -0.017855 -0.0336515 -0.0427974
0 -0.0179144 -0.0336963 -0.0427881
0 -0.0179518 -0.0337002 -0.0427362
0 -0.0179672 -0.0336672 -0.0426474
0 -0.0179586 -0.0335992 -0.0425244
0 -0.0179229 -0.0334951 -0.0423671
0 -0.0178575 -0.0333531 -0.0421745
0 -0.0177622 -0.033171 -0.0419453
0 -0.0176389 -0.0329479 -0.041679
0 -0.0174926 -0.0326849 -0.0413764
0 -0.0173308 -0.0323867 -0.0410399
0 -0.0171622 -0.0320603 -0.0406737
0 -0.0169947 -0.0317145 -0.0402817
0 -0.0168335 -0.0313577 -0.0398669
0 -0.0166797 -0.0309956 -0.0394302
0 -0.0165311 -0.0306308 -0.0389706
0 -0.0163835 -0.0302635 -0.0384866
0 -0.0162331 -0.0298921 -0.0379779
0 -0.0160771 -0.0295146 -0.0374456
0 -0.0159137 -0.029128 -0.0368921
0 -0.0157413 -0.028729 -0.0363197
0 -0.0155589 -0.0283141 -0.0357306
0 -0.0153654 -0.0278803 -0.0351269
0 -0.0151613 -0.0274263 -0.0345106
0 -0.0149486 -0.0269533 -0.0338852
0 -0.0147316 -0.0264655 -0.0332553
0 -0.0145149 -0.0259692 -0.0326258
0 -0.0143024 -0.0254711 -0.032001
0 -0.0140961 -0.0249778 -0.0313838
0 -0.0138959 -0.0244941 -0.0307754
0 -0.0137001 -0.0240234 -0.0301761
0 -0.0135069 -0.0235677 -0.0295857
0 -0.013315 -0.0231281 -0.029005
0 -0.0131249 -0.0227057 -0.028436
0 -0.0129387 -0.0223012 -0.0278821
0 -0.0127596 -0.0219157 -0.0273477
0 -0.0125913 -0.0215505 -0.0268377
0 -0.0124367 -0.0212068 -0.0263563
0 -0.0122982 -0.0208859 -0.0259075
0 -0.012177 -0.0205898 -0.0254944
0 -0.0120728 -0.0203201 -0.0251191
0 -0.0119841 -0.0200777 -0.0247821
0 -0.0119082 -0.0198632 -0.0244832
0 -0.0118427 -0.019677 -0.0242218
0 -0.0117858 -0.0195193 -0.0239977
0 -0.0117372 -0.0193909 -0.0238113
0 -0.0116972 -0.0192923 -0.0236635
0 -0.0116668 -0.0192237 -0.0235552
0 -0.011647 -0.019185 -0.0234873
0 -0.0116388 -0.0191758 -0.0234601
0 -0.0116431 -0.0191953 -0.023474
0 -0.0116607 -0.0192431 -0.0235291
0 -0.0116921 -0.0193186 -0.0236248
0 -0.0117372 -0.0194212 -0.0237606
0 -0.0117956 -0.0195506 -0.0239351
0 -0.0118667 -0.0197065 -0.0241469
0 -0.0119495 -0.0198885 -0.0243941
0 -0.012043 -0.020096 -0.0246748
0 -0.0121462 -0.0203284 -0.0249867
0 -0.0122578 -0.0205839 -0.0253273
0 -0.0123759 -0.02086 -0.0256931
0 -0.012498 -0.0211524 -0.0260801
0 -0.0126218 -0.0214564 -0.0264836
0 -0.0127454 -0.021767 -0.0268993
0 -0.0128676 -0.0220796 -0.0273229
0 -0.0129888 -0.022391 -0.0277515
0 -0.01311 -0.0226996 -0.0281828
0 -0.0132328 -0.0230052 -0.0286152
0 -0.0133581 -0.0233077 -0.0290469
0 -0.0134857 -0.0236076 -0.0294753
0 -0.0136145 -0.0239045 -0.0298976
0 -0.0137421 -0.024197 -0.0303098
0 -0.0138652 -0.0244826 -0.0307075
0 -0.0139806 -0.0247576 -0.031086
0 -0.0140858 -0.025018 -0.0314411
0 -0.0141792 -0.0252597 -0.0317694
0 -0.0142601 -0.025479 -0.0320681
0 -0.0143295 -0.0256736 -0.0323357
0 -0.0143895 -0.0258428 -0.0325718
0 -0.0144425 -0.0259871 -0.0327772
0 -0.0144902 -0.0261076 -0.0329521
0 -0.0145337 -0.0262059 -0.0330971
0 -0.0145735 -0.0262841 -0.0332127
0 -0.0146096 -0.0263447 -0.0333001
0 -0.0146418 -0.02639 -0.0333607
0 -0.0146693 -0.026422 -0.0333961
0 -0.0146904 -0.026441 -0.0334072
0 -0.0147028 -0.0264462 -0.0333948
0 -0.0147047 -0.0264365 -0.0333596
0 -0.0146965 -0.0264116 -0.0333043
0 -0.0146806 -0.0263731 -0.0332331
0 -0.0146602 -0.0263236 -0.0331509
0 -0.0146376 -0.026265 -0.0330615
0 -0.0146128 -0.0261978 -0.0329664
0 -0.0145846 -0.0261217 -0.0328654
0 -0.0145516 -0.0260365 -0.0327582
0 -0.0145138 -0.0259431 -0.0326452
0 -0.0144716 -0.0258432 -0.0325272
0 -0.0144258 -0.0257383 -0.0324046
0 -0.0143764 -0.0256295 -0.0322775
0 -0.0143229 -0.0255166 -0.0321445
0 -0.0142642 -0.0253987 -0.0320043
0 -0.0142008 -0.0252757 -0.0318563
0 -0.0141371 -0.0251512 -0.031704
0 -0.0140822 -0.025034 -0.031556
0 -0.0140467 -0.024936 -0.0314238
0 -0.0140376 -0.0248673 -0.031317
0 -0.0140551 -0.0248334 -0.0312406
0 -0.0140952 -0.0248362 -0.0311969
0 -0.0141521 -0.0248752 -0.0311869
0 -0.0142187 -0.0249472 -0.0312108
0 -0.0142879 -0.0250464 -0.0312673
0 -0.0143537 -0.0251656 -0.0313551
0 -0.0144145 -0.0252998 -0.0314749
0 -0.0144744 -0.0254487 -0.0316317
0 -0.0145413 -0.0256167 -0.0318328
0 -0.0146231 -0.0258095 -0.0320849
0 -0.0147239 -0.0260321 -0.0323914
0 -0.0148443 -0.0262875 -0.0327518
0 -0.0149818 -0.0265772 -0.0331633
0 -0.0151338 -0.026902 -0.0336224
0 -0.0152979 -0.0272623 -0.0341257
0 -0.0154715 -0.0276569 -0.0346691
0 -0.0156505 -0.0280809 -0.0352468
0 -0.0158292 -0.0285262 -0.0358501
0 -0.0160018 -0.0289824 -0.0364694
0 -0.0161639 -0.0294388 -0.0370949
0 -0.0163135 -0.0298856 -0.0377177
0 -0.0164511 -0.0303146 -0.0383297
0 -0.0165797 -0.0307211 -0.0389248
0 -0.0167038 -0.031103 -0.0394981
0 -0.0168275 -0.0314603 -0.0400449
0 -0.0169531 -0.0317939 -0.0405597
0 -0.0170811 -0.0321052 -0.0410371
0 -0.0172107 -0.0323961 -0.0414718
0 -0.0173389 -0.0326671 -0.041859
0 -0.0174612 -0.0329168 -0.0421934
0 -0.0175711 -0.0331407 -0.0424701
0 -0.0176629 -0.0333329 -0.042685
0 -0.0177328 -0.0334873 -0.0428365
0 -0.0177787 -0.0335981 -0.0429249
0 -0.0178 -0.0336597 -0.0429512
0 -0.0177963 -0.0336673 -0.0429168
0 -0.017768 -0.0336173 -0.0428225
0 -0.0177155 -0.0335082 -0.0426692
0 -0.0176395 -0.0333401 -0.0424572
0 -0.0175401 -0.0331145 -0.0421858
0 -0.0174171 -0.0328334 -0.0418537
0 -0.01727 -0.0324995 -0.0414589
0 -0.0170985 -0.0321155 -0.0409997
0 -0.0169029 -0.0316843 -0.0404749
0 -0.0166844 -0.0312086 -0.039884
0 -0.0164447 -0.0306905 -0.0392274
0 -0.0161859 -0.030132 -0.0385067
0 -0.0159106 -0.0295346 -0.0377241
0 -0.0156218 -0.0289002 -0.0368831
0 -0.0153239 -0.0282321 -0.0359895
0 -0.0150225 -0.0275361 -0.0350514
0 -0.0147238 -0.0268203 -0.0340788
0 -0.0144323 -0.0260928 -0.0330816
0 -0.0141493 -0.0253608 -0.0320678
0 -0.0138723 -0.0246287 -0.0310432
0 -0.0135973 -0.0238996 -0.030012
0 -0.0133214 -0.0231766 -0.0289798
0 -0.0130446 -0.0224642 -0.0279546
0 -0.0127691 -0.0217675 -0.0269461
0 -0.0124979 -0.0210913 -0.0259642
0 -0.0122338 -0.0204396 -0.0250183
0 -0.0119795 -0.0198162 -0.0241167
0 -0.0117374 -0.0192246 -0.0232673
0 -0.0115094 -0.0186681 -0.0224767
0 -0.011297 -0.0181501 -0.0217505
0 -0.0111016 -0.0176738 -0.0210937
0 -0.0109241 -0.0172426 -0.0205098
0 -0.0107652 -0.0168595 -0.0200019
0 -0.0106249 -0.0165269 -0.019571
0 -0.0105017 -0.016245 -0.0192161
0 -0.010393 -0.0160125 -0.0189341
0 -0.0102968 -0.0158268 -0.018721
0 -0.0102119 -0.0156852 -0.0185727
0 -0.0101398 -0.015586 -0.0184862
0 -0.010084 -0.015529 -0.0184601
0 -0.010049 -0.0155152 -0.0184936
0 -0.0100382 -0.015545 -0.018585
0 -0.0100519 -0.0156172 -0.0187302
0 -0.0100877 -0.0157285 -0.0189232
0 -0.0101419 -0.0158748 -0.0191573
0 -0.0102121 -0.0160531 -0.0194273
0 -0.0102981 -0.016263 -0.0197312
0 -0.0104018 -0.0165055 -0.0200689
0 -0.0105239 -0.0167812 -0.0204407
0 -0.0106623 -0.0170881 -0.0208444
0 -0.0108121 -0.0174213 -0.0212757
0 -0.0109682 -0.0177748 -0.0217299
0 -0.0111268 -0.018143 -0.0222033
0 -0.0112863 -0.0185214 -0.0226935
0 -0.0114473 -0.0189074 -0.0231999
0 -0.011611 -0.0192993 -0.0237219
0 -0.0117787 -0.0196961 -0.024259
0 -0.011951 -0.0200974 -0.0248096
0 -0.0121274 -0.0205026 -0.025371
0 -0.0123065 -0.0209113 -0.0259401
0 -0.0124871 -0.0213233 -0.0265136
0 -0.0126683 -0.0217383 -0.0270887
0 -0.0128501 -0.0221568 -0.0276635
0 -0.0130331 -0.0225791 -0.0282368
0 -0.013218 -0.0230054 -0.0288082
0 -0.0134054 -0.0234356 -0.0293772
0 -0.0135958 -0.0238694 -0.0299438
0 -0.0137895 -0.0243062 -0.0305081
0 -0.0139865 -0.0247453 -0.0310707
0 -0.0141864 -0.025186 -0.0316318
0 -0.0143889 -0.0256275 -0.032192
0 -0.0145929 -0.0260691 -0.0327518
0 -0.0147979 -0.0265101 -0.0333114
0 -0.0150026 -0.02695 -0.0338712
0 -0.0152063 -0.0273881 -0.0344312
0 -0.0154076 -0.027824 -0.0349912
0 -0.0156055 -0.0282567 -0.0355503
0 -0.0157988 -0.0286854 -0.0361079
0 -0.0159867 -0.029109 -0.0366629
0 -0.0161685 -0.0295263 -0.0372139
0 -0.0163431 -0.029935 -0.0377585
0 -0.0165082 -0.0303315 -0.0382927
0 -0.0166613 -0.0307113 -0.0388116
0 -0.0168001 -0.0310694 -0.0393097
0 -0.0169235 -0.0314017 -0.0397819
0 -0.0170309 -0.0317043 -0.0402231
0 -0.0171226 -0.0319744 -0.0406285
0 -0.0171989 -0.0322096 -0.040993
0 -0.0172601 -0.0324081 -0.0413116
0 -0.017306 -0.0325679 -0.0415789
0 -0.0173351 -0.0326861 -0.0417885
0 -0.0173454 -0.0327592 -0.0419339
0 -0.0173349 -0.0327835 -0.042009
0 -0.0173036 -0.0327569 -0.04201
0 -0.0172533 -0.0326796 -0.0419362
0 -0.0171876 -0.0325537 -0.0417888
0 -0.0171087 -0.0323814 -0.0415701
0 -0.0170177 -0.0321644 -0.0412818
0 -0.016914 -0.0319042 -0.0409258
0 -0.0167968 -0.0316021 -0.0405049
0 -0.0166652 -0.0312601 -0.0400226
0 -0.0165186 -0.0308799 -0.0394835
0 -0.0163569 -0.0304635 -0.0388925
0 -0.0161803 -0.0300137 -0.0382554
0 -0.0159906 -0.0295342 -0.0375792
0 -0.0157906 -0.0290304 -0.036872
0 -0.0155837 -0.0285084 -0.0361426
0 -0.0153729 -0.0279746 -0.0353992
0 -0.0151603 -0.0274347 -0.0346492
0 -0.0149468 -0.0268937 -0.0338985
0 -0.0147324 -0.026355 -0.0331521
0 -0.0145168 -0.0258213 -0.0324141
0 -0.0143001 -0.0252951 -0.0316883
0 -0.0140834 -0.0247789 -0.0309785
0 -0.0138681 -0.0242751 -0.0302886
0 -0.0136567 -0.0237865 -0.0296227
0 -0.0134525 -0.0233168 -0.0289853
0 -0.0132591 -0.0228703 -0.0283811
0 -0.01308 -0.0224516 -0.0278148
0 -0.0129179 -0.022065 -0.0272907
0 -0.0127747 -0.0217147 -0.0268124
0 -0.0126512 -0.0214039 -0.0263829
0 -0.0125469 -0.0211342 -0.0260041
0 -0.0124603 -0.0209062 -0.0256772
0 -0.01239 -0.0207197 -0.025403
0 -0.0123345 -0.0205738 -0.025182
0 -0.012293 -0.0204674 -0.025015
0 -0.0122648 -0.020399 -0.0249022
0 -0.012249 -0.0203666 -0.0248434
0 -0.012245 -0.0203681 -0.0248376
0 -0.0122521 -0.0204013 -0.0248831
0 -0.0122699 -0.0204637 -0.024978
0 -0.012298 -0.0205536 -0.0251194
0 -0.0123365 -0.0206695 -0.025305
0 -0.0123867 -0.0208118 -0.0255327
0 -0.0124508 -0.0209819 -0.0258014
0 -0.0125303 -0.0211816 -0.0261099
0 -0.0126258 -0.0214122 -0.0264561
0 -0.0127355 -0.0216727 -0.0268361
0 -0.0128562 -0.0219602 -0.0272448
0 -0.0129843 -0.0222706 -0.0276767
0 -0.0131172 -0.0225993 -0.0281271
0 -0.0132539 -0.0229427 -0.028593
0 -0.0133955 -0.0232983 -0.0290729
0 -0.0135441 -0.0236651 -0.0295668
0 -0.0137016 -0.0240425 -0.0300745
0 -0.0138689 -0.0244302 -0.0305956
0 -0.0140457 -0.0248277 -0.031129
0 -0.0142303 -0.0252342 -0.0316726
0 -0.0144195 -0.0256479 -0.0322233
0 -0.0146096 -0.0260658 -0.0327775
0 -0.014797 -0.0264848 -0.0333312
0 -0.0149788 -0.0269014 -0.033881
0 -0.0151533 -0.0273121 -0.0344242
0 -0.01532 -0.0277143 -0.0349585
0 -0.0154796 -0.0281062 -0.0354826
0 -0.0156338 -0.0284868 -0.0359959
0 -0.0157839 -0.0288558 -0.0364974
0 -0.015931 -0.0292128 -0.0369857
0 -0.0160756 -0.0295577 -0.0374594
0 -0.0162171 -0.0298897 -0.0379157
0 -0.0163528 -0.0302063 -0.0383506
0 -0.0164788 -0.0305033 -0.0387585
0 -0.0165911 -0.0307756 -0.0391334
0 -0.0166865 -0.0310185 -0.0394698
0 -0.0167634 -0.031228 -0.0397634
0 -0.0168222 -0.0314018 -0.0400115
0 -0.0168649 -0.0315392 -0.0402128
0 -0.0168942 -0.0316407 -0.0403667
0 -0.0169125 -0.0317075 -0.0404733
0 -0.0169213 -0.0317407 -0.0405322
0 -0.0169208 -0.0317411 -0.0405427
0 -0.01691 -0.0317084 -0.0405037
0 -0.0168867 -0.0316417 -0.0404137
0 -0.0168486 -0.0315399 -0.0402718
0 -0.0167941 -0.0314019 -0.0400777
0 -0.0167224 -0.0312272 -0.0398322
0 -0.0166339 -0.0310165 -0.0395378
0 -0.0165302 -0.0307718 -0.0391977
0 -0.0164136 -0.0304957 -0.0388159
0 -0.0162861 -0.030191 -0.0383966
0 -0.0161493 -0.0298608 -0.0379438
0 -0.0160051 -0.0295085 -0.0374617
0 -0.015855 -0.0291375 -0.0369544
0 -0.0157004 -0.0287517 -0.0364265
0 -0.0155428 -0.0283548 -0.0358826
0 -0.0153832 -0.0279508 -0.0353271
0 -0.0152226 -0.0275434 -0.0347646
0 -0.0150616 -0.0271361 -0.0341996
0 -0.0149002 -0.0267311 -0.0336356
0 -0.0147368 -0.026329 -0.0330748
0 -0.0145694 -0.025929 -0.032518
0 -0.0143963 -0.0255293 -0.0319658
0 -0.0142173 -0.025129 -0.031419
0 -0.0140343 -0.0247283 -0.0308799
0 -0.0138503 -0.0243289 -0.0303512
0 -0.013669 -0.0239334 -0.0298358
0 -0.0134935 -0.0235447 -0.0293359
0 -0.0133259 -0.0231664 -0.0288533
0 -0.0131679 -0.0228019 -0.0283894
0 -0.0130208 -0.0224553 -0.0279457
0 -0.0128861 -0.0221308 -0.0275247
0 -0.0127655 -0.0218332 -0.0271296
0 -0.0126607 -0.0215665 -0.0267641
0 -0.0125719 -0.0213332 -0.0264312
0 -0.0124978 -0.0211334 -0.0261328
0 -0.0124357 -0.0209655 -0.0258695
0 -0.0123834 -0.0208268 -0.025642
0 -0.0123393 -0.0207149 -0.0254516
0 -0.0123038 -0.0206285 -0.0253006
0 -0.0122797 -0.0205687 -0.0251929
0 -0.0122708 -0.0205386 -0.0251339
0 -0.0122804 -0.0205419 -0.0251278
0 -0.0123093 -0.0205811 -0.0251767
0 -0.0123563 -0.0206579 -0.0252811
0 -0.0124199 -0.0207735 -0.0254405
0 -0.0124985 -0.0209288 -0.0256543
0 -0.01259 -0.0211237 -0.025921
0 -0.0126917 -0.0213556 -0.0262377
0 -0.0128006 -0.0216208 -0.0266006
0 -0.0129148 -0.0219147 -0.0270056
0 -0.0130333 -0.0222327 -0.0274486
0 -0.0131558 -0.0225702 -0.0279254
0 -0.0132827 -0.0229231 -0.0284316
0 -0.0134147 -0.0232879 -0.0289626
0 -0.0135525 -0.0236619 -0.0295136
0 -0.0136964 -0.0240429 -0.0300792
0 -0.0138462 -0.0244291 -0.0306538
0 -0.0140012 -0.0248189 -0.0312314
0 -0.01416 -0.0252107 -0.031806
0 -0.014321 -0.0256028 -0.0323716
0 -0.0144823 -0.025993 -0.0329227
0 -0.0146422 -0.0263789 -0.0334546
0 -0.0147991 -0.0267575 -0.0339635
0 -0.0149518 -0.0271253 -0.034446
0 -0.015099 -0.0274785 -0.0348997
0 -0.0152395 -0.0278132 -0.0353228
0 -0.0153721 -0.0281255 -0.0357135
0 -0.0154957 -0.028412 -0.0360705
0 -0.0156094 -0.0286702 -0.0363932
0 -0.0157133 -0.0288992 -0.0366816
0 -0.0158078 -0.0290998 -0.0369366
0 -0.0158932 -0.029273 -0.0371589
0 -0.0159684 -0.0294197 -0.0373483
0 -0.0160308 -0.0295392 -0.037503
0 -0.0160774 -0.0296302 -0.0376205
0 -0.016106 -0.0296908 -0.0376986
0 -0.0161151 -0.0297197 -0.0377356
0 -0.0161046 -0.029715 -0.0377303
0 -0.0160747 -0.029675 -0.0376815
0 -0.0160264 -0.0295982 -0.0375882
0 -0.0159609 -0.0294836 -0.0374496
0 -0.0158807 -0.0293318 -0.0372662
0 -0.0157896 -0.0291457 -0.0370398
0 -0.0156916 -0.0289299 -0.0367734
0 -0.0155905 -0.0286897 -0.0364707
0 -0.0154886 -0.0284307 -0.0361351
0 -0.0153874 -0.0281583 -0.0357706
0 -0.015288 -0.0278778 -0.0353818
0 -0.0151908 -0.0275939 -0.0349736
0 -0.0150958 -0.0273108 -0.0345519
0 -0.0150029 -0.0270317 -0.0341227
0 -0.0149122 -0.026759 -0.0336927
0 -0.0148239 -0.026495 -0.0332689
0 -0.0147383 -0.0262415 -0.0328583
0 -0.0146559 -0.0260001 -0.0324672
0 -0.014576 -0.0257712 -0.0321008
0 -0.0144976 -0.0255545 -0.0317625
0 -0.0144193 -0.0253492 -0.0314546
0 -0.0143401 -0.0251546 -0.0311783
0 -0.0142599 -0.0249705 -0.0309344
0 -0.0141786 -0.0247969 -0.0307227
0 -0.0140969 -0.0246342 -0.0305419
0 -0.0140153 -0.0244829 -0.0303903
0 -0.013935 -0.0243437 -0.0302653
0 -0.0138573 -0.0242176 -0.0301641
0 -0.0137841 -0.024106 -0.0300843
0 -0.0137176 -0.02401 -0.0300233
0 -0.0136598 -0.0239308 -0.0299789
0 -0.0136127 -0.0238693 -0.0299491
0 -0.0135777 -0.023826 -0.0299324
0 -0.0135567 -0.0238021 -0.0299284
0 -0.0135512 -0.0237987 -0.0299376
0 -0.0135624 -0.0238175 -0.0299615
0 -0.0135905 -0.0238593 -0.0300015
0 -0.0136344 -0.0239244 -0.0300591
0 -0.0136917 -0.0240116 -0.0301353
0 -0.0137588 -0.0241189 -0.0302303
0 -0.0138323 -0.0242434 -0.0303447
0 -0.0139092 -0.0243822 -0.0304788
0 -0.0139867 -0.0245322 -0.0306333
0 -0.014063 -0.0246903 -0.0308081
0 -0.0141363 -0.0248535 -0.0310026
0 -0.0142055 -0.0250191 -0.0312156
0 -0.0142699 -0.0251847 -0.0314452
0 -0.014329 -0.0253487 -0.0316886
0 -0.014383 -0.0255097 -0.0319425
0 -0.0144325 -0.0256672 -0.0322032
0 -0.0144788 -0.0258215 -0.032467
0 -0.0145237 -0.0259733 -0.0327304
0 -0.0145688 -0.0261237 -0.03299
0 -0.0146159 -0.0262737 -0.0332422
0 -0.0146659 -0.0264237 -0.033484
0 -0.0147191 -0.0265733 -0.0337119
0 -0.0147747 -0.0267209 -0.0339226
0 -0.0148312 -0.026864 -0.0341129
0 -0.0148873 -0.0269995 -0.0342806
0 -0.0149418 -0.0271249 -0.0344244
0 -0.0149947 -0.0272385 -0.0345446
0 -0.0150462 -0.0273394 -0.0346428
0 -0.0150967 -0.0274275 -0.0347211
0 -0.0151457 -0.0275029 -0.0347814
0 -0.0151921 -0.0275658 -0.0348257
0 -0.0152349 -0.0276169 -0.0348559
0 -0.0152727 -0.0276569 -0.0348739
0 -0.0153043 -0.0276867 -0.0348815
0 -0.0153279 -0.0277063 -0.0348796
0 -0.0153412 -0.0277142 -0.034868
0 -0.0153419 -0.0277084 -0.0348455
0 -0.0153282 -0.0276861 -0.0348104
0 -0.0152992 -0.027645 -0.0347611
0 -0.0152552 -0.027583 -0.0346957
0 -0.0151972 -0.0274984 -0.0346121
0 -0.0151267 -0.0273904 -0.034508
0 -0.0150456 -0.0272589 -0.0343812
0 -0.0149559 -0.0271044 -0.0342293
0 -0.0148594 -0.026928 -0.03405
0 -0.0147575 -0.0267311 -0.0338409
0 -0.0146512 -0.026515 -0.0335999
0 -0.0145413 -0.0262814 -0.0333258
0 -0.0144285 -0.0260318 -0.0330181
0 -0.0143136 -0.0257681 -0.0326775
0 -0.014197 -0.0254916 -0.0323053
0 -0.0140788 -0.0252034 -0.0319039
0 -0.0139588 -0.0249044 -0.031476
0 -0.0138369 -0.0245954 -0.0310252
0 -0.0137129 -0.0242771 -0.0305555
0 -0.0135869 -0.0239509 -0.0300715
0 -0.0134597 -0.0236185 -0.0295788
0 -0.0133319 -0.0232823 -0.0290827
0 -0.0132041 -0.0229445 -0.0285885
0 -0.0130766 -0.0226079 -0.0281011
0 -0.0129497 -0.0222751 -0.0276251
0 -0.0128237 -0.021949 -0.0271647
0 -0.0126993 -0.0216328 -0.0267238
0 -0.0125772 -0.0213295 -0.0263061
0 -0.0124585 -0.0210418 -0.0259148
0 -0.0123445 -0.0207725 -0.0255529
0 -0.0122369 -0.0205242 -0.0252229
0 -0.0121374 -0.0202993 -0.0249273
0 -0.0120478 -0.0201 -0.0246682
0 -0.0119699 -0.0199283 -0.0244473
0 -0.0119052 -0.0197862 -0.0242663
0 -0.0118552 -0.0196752 -0.0241264
0 -0.0118209 -0.0195971 -0.0240289
0 -0.0118031 -0.019553 -0.0239747
0 -0.0118022 -0.0195439 -0.0239644
0 -0.0118177 -0.0195704 -0.0239984
0 -0.0118489 -0.0196321 -0.0240763
0 -0.0118944 -0.0197277 -0.0241973
0 -0.0119527 -0.0198557 -0.0243604
0 -0.0120226 -0.0200142 -0.0245646
0 -0.0121031 -0.0202013 -0.0248086
0 -0.0121933 -0.0204146 -0.0250909
0 -0.0122925 -0.0206519 -0.0254097
0 -0.0124002 -0.0209114 -0.0257633
0 -0.0125168 -0.0211922 -0.0261503
0 -0.0126431 -0.0214939 -0.0265695
0 -0.0127796 -0.0218166 -0.0270195
0 -0.0129264 -0.02216 -0.0274982
0 -0.0130823 -0.0225229 -0.0280028
0 -0.0132444 -0.0229024 -0.0285283
0 -0.0134089 -0.0232939 -0.0290688
0 -0.0135718 -0.0236917 -0.0296177
0 -0.01373 -0.0240903 -0.0301687
0 -0.0138814 -0.0244838 -0.0307156
0 -0.0140252 -0.0248673 -0.0312531
0 -0.0141618 -0.0252371 -0.0317764
0 -0.0142933 -0.0255915 -0.0322825
0 -0.0144219 -0.0259303 -0.0327686
0 -0.0145497 -0.026254 -0.0332325
0 -0.0146775 -0.0265631 -0.0336716
0 -0.0148053 -0.0268583 -0.0340836
0 -0.0149329 -0.0271405 -0.0344671
0 -0.0150596 -0.0274104 -0.0348213
0 -0.0151844 -0.0276684 -0.0351463
0 -0.0153061 -0.0279144 -0.0354428
0 -0.0154238 -0.0281483 -0.0357123
0 -0.0155361 -0.0283692 -0.0359567
0 -0.0156423 -0.0285763 -0.0361786
0 -0.0157415 -0.0287688 -0.0363804
0 -0.0158329 -0.0289456 -0.0365647
0 -0.0159157 -0.0291055 -0.0367334
0 -0.0159891 -0.0292476 -0.036888
0 -0.0160525 -0.0293716 -0.0370297
0 -0.0161056 -0.0294772 -0.037159
0 -0.0161482 -0.029565 -0.0372761
0 -0.0161803 -0.0296358 -0.0373807
0 -0.0162023 -0.0296906 -0.0374721
0 -0.0162148 -0.0297306 -0.0375497
0 -0.0162186 -0.0297571 -0.0376124
0 -0.0162149 -0.0297713 -0.0376596
0 -0.016205 -0.0297743 -0.0376906
0 -0.0161903 -0.0297669 -0.0377051
0 -0.0161719 -0.0297496 -0.0377025
0 -0.0161504 -0.029722 -0.0376821
0 -0.0161257 -0.0296835 -0.0376433
0 -0.0160978 -0.0296332 -0.0375852
0 -0.0160664 -0.0295703 -0.0375074
0 -0.0160311 -0.0294943 -0.0374097
0 -0.0159916 -0.0294046 -0.0372919
0 -0.0159471 -0.0293005 -0.0371538
0 -0.0158964 -0.0291811 -0.036995
0 -0.0158384 -0.0290454 -0.0368146
0 -0.015772 -0.0288924 -0.0366122
0 -0.0156964 -0.0287214 -0.0363875
0 -0.0156111 -0.0285317 -0.0361402
0 -0.0155161 -0.0283228 -0.03587
0 -0.0154115 -0.0280948 -0.0355772
0 -0.0152985 -0.0278486 -0.0352627
0 -0.015179 -0.0275861 -0.0349281
0 -0.0150551 -0.02731 -0.0345755
0 -0.0149289 -0.0270232 -0.0342072
0 -0.0148017 -0.0267284 -0.0338254
0 -0.0146747 -0.0264286 -0.0334323
0 -0.014549 -0.0261265 -0.0330305
0 -0.0144255 -0.025825 -0.0326232
0 -0.0143052 -0.0255267 -0.0322133
0 -0.0141887 -0.0252342 -0.0318045
0 -0.0140771 -0.0249499 -0.0314005
0 -0.0139714 -0.0246766 -0.0310056
0 -0.0138728 -0.0244169 -0.0306241
0 -0.0137822 -0.0241731 -0.0302603
0 -0.0137004 -0.0239475 -0.0299185
0 -0.0136279 -0.0237422 -0.0296027
0 -0.0135652 -0.0235589 -0.029317
0 -0.0135127 -0.0233996 -0.0290649
0 -0.0134703 -0.0232657 -0.0288499
0 -0.013438 -0.0231585 -0.0286747
0 -0.0134156 -0.023079 -0.0285415
0 -0.0134025 -0.0230277 -0.028452
0 -0.0133988 -0.0230052 -0.0284074
0 -0.0134044 -0.0230118 -0.0284084
0 -0.0134195 -0.0230477 -0.0284554
0 -0.0134442 -0.0231126 -0.0285479
0 -0.0134786 -0.0232058 -0.0286845
0 -0.0135224 -0.0233263 -0.0288634
0 -0.0135755 -0.0234725 -0.0290818
0 -0.0136377 -0.0236432 -0.0293368
0 -0.0137089 -0.0238368 -0.0296252
0 -0.0137892 -0.0240516 -0.0299436
0 -0.0138783 -0.0242861 -0.0302883
0 -0.0139758 -0.0245385 -0.0306554
0 -0.0140812 -0.0248067 -0.0310413
0 -0.0141937 -0.0250888 -0.0314422
0 -0.0143126 -0.0253826 -0.0318544
0 -0.0144367 -0.0256857 -0.0322744
0 -0.0145648 -0.0259959 -0.0326989
0 -0.0146957 -0.0263103 -0.0331248
0 -0.014828 -0.0266263 -0.0335491
0 -0.0149602 -0.026941 -0.0339688
0 -0.0150905 -0.0272512 -0.0343811
0 -0.0152172 -0.0275536 -0.0347828
0 -0.0153388 -0.027845 -0.0351711
0 -0.0154535 -0.0281224 -0.0355432
0 -0.0155603 -0.028383 -0.035896
0 -0.0156578 -0.0286242 -0.0362268
0 -0.0157451 -0.0288438 -0.0365325
0 -0.0158214 -0.0290399 -0.0368101
0 -0.0158862 -0.0292107 -0.0370567
0 -0.0159391 -0.0293549 -0.0372696
0 -0.0159802 -0.0294717 -0.0374464
0 -0.0160095 -0.0295604 -0.0375852
0 -0.0160274 -0.0296206 -0.0376842
0 -0.0160341 -0.0296522 -0.0377422
0 -0.0160298 -0.029655 -0.0377581
0 -0.0160148 -0.0296291 -0.0377316
0 -0.0159892 -0.0295746 -0.0376625
0 -0.0159532 -0.0294918 -0.0375512
0 -0.0159069 -0.029381 -0.0373987
0 -0.0158504 -0.0292429 -0.0372061
0 -0.0157838 -0.029078 -0.036975
0 -0.0157071 -0.0288872 -0.0367074
0 -0.0156206 -0.0286714 -0.0364053
0 -0.0155242 -0.0284317 -0.0360709
0 -0.0154178 -0.0281691 -0.0357064
0 -0.0153013 -0.0278844 -0.0353137
0 -0.0151748 -0.0275788 -0.0348948
0 -0.0150384 -0.0272534 -0.0344517
0 -0.0148925 -0.0269093 -0.0339864
0 -0.0147373 -0.0265475 -0.0335004
0 -0.0145731 -0.0261689 -0.0329952
0 -0.0144006 -0.0257746 -0.0324723
0 -0.014221 -0.0253666 -0.0319335
0 -0.0140363 -0.0249474 -0.0313813
0 -0.0138493 -0.0245208 -0.0308189
0 -0.0136628 -0.0240908 -0.03025
0 -0.0134795 -0.0236617 -0.0296781
0 -0.0133012 -0.0232374 -0.029107
0 -0.0131297 -0.0228217 -0.0285403
0 -0.0129658 -0.0224178 -0.0279818
0 -0.0128097 -0.0220284 -0.0274349
0 -0.0126612 -0.0216549 -0.0269028
0 -0.0125198 -0.0212985 -0.0263888
0 -0.0123854 -0.0209602 -0.0258964
0 -0.0122581 -0.0206409 -0.0254292
0 -0.0121388 -0.0203418 -0.0249911
0 -0.0120286 -0.0200649 -0.0245862
0 -0.0119289 -0.0198122 -0.0242186
0 -0.0118409 -0.019586 -0.0238918
0 -0.0117653 -0.0193885 -0.0236089
0 -0.0117029 -0.0192219 -0.0233723
0 -0.0116537 -0.019088 -0.0231842
0 -0.0116181 -0.0189887 -0.0230461
0 -0.0115959 -0.018925 -0.022959
0 -0.0115865 -0.0188974 -0.022923
0 -0.0115896 -0.0189055 -0.0229377
0 -0.0116046 -0.0189488 -0.0230025
0 -0.0116317 -0.0190263 -0.0231165
0 -0.0116709 -0.0191371 -0.0232784
0 -0.0117227 -0.01928 -0.0234869
0 -0.0117875 -0.0194538 -0.0237404
0 -0.0118663 -0.019658 -0.0240373
0 -0.0119597 -0.0198922 -0.024376
0 -0.0120682 -0.0201561 -0.0247546
0 -0.0121916 -0.020449 -0.025171
0 -0.0123292 -0.0207704 -0.0256225
0 -0.0124801 -0.0211191 -0.0261066
0 -0.0126429 -0.0214938 -0.0266206
0 -0.0128161 -0.0218925 -0.0271616
0 -0.012998 -0.0223128 -0.0277268
0 -0.013187 -0.0227517 -0.0283137
0 -0.0133817 -0.0232063 -0.0289194
0 -0.0135807 -0.0236734 -0.0295416
0 -0.0137828 -0.0241497 -0.0301776
0 -0.0139872 -0.0246324 -0.030825
0 -0.014193 -0.0251187 -0.0314808
0 -0.0143989 -0.025606 -0.0321419
0 -0.0146041 -0.0260919 -0.0328047
0 -0.0148071 -0.026574 -0.0334655
0 -0.0150068 -0.0270504 -0.0341202
0 -0.0152022 -0.0275187 -0.0347646
0 -0.0153921 -0.0279767 -0.0353946
0 -0.0155757 -0.0284222 -0.0360062
0 -0.0157523 -0.0288527 -0.0365955
0 -0.0159212 -0.0292657 -0.0371586
0 -0.0160819 -0.0296587 -0.0376922
0 -0.0162335 -0.0300291 -0.0381928
0 -0.0163754 -0.0303744 -0.0386574
0 -0.0165069 -0.0306921 -0.0390833
0 -0.0166273 -0.0309801 -0.039468
0 -0.0167358 -0.0312366 -0.0398094
0 -0.0168316 -0.0314599 -0.0401057
0 -0.0169138 -0.0316489 -0.0403551
0 -0.0169818 -0.0318025 -0.0405565
0 -0.0170347 -0.03192 -0.0407089
0 -0.0170721 -0.0320009 -0.0408116
0 -0.0170934 -0.0320449 -0.0408644
0 -0.0170984 -0.0320518 -0.0408672
0 -0.017087 -0.0320216 -0.0408205
0 -0.0170595 -0.0319546 -0.0407249
0 -0.0170159 -0.0318511 -0.0405815
0 -0.016957 -0.031712 -0.0403915
0 -0.0168831 -0.0315383 -0.0401564
0 -0.0167951 -0.0313313 -0.0398779
0 -0.0166937 -0.0310925 -0.0395581
0 -0.0165797 -0.0308238 -0.0391989
0 -0.016454 -0.0305272 -0.0388026
0 -0.0163175 -0.0302049 -0.0383718
0 -0.0161713 -0.0298592 -0.0379092
0 -0.0160164 -0.0294926 -0.0374175
0 -0.015854 -0.0291075 -0.0369
0 -0.0156852 -0.0287065 -0.0363599
0 -0.0155112 -0.0282923 -0.0358006
0 -0.0153331 -0.0278676 -0.0352255
0 -0.0151522 -0.0274349 -0.0346382
0 -0.0149696 -0.0269968 -0.0340425
0 -0.0147864 -0.0265562 -0.0334421
0 -0.0146037 -0.0261155 -0.0328407
0 -0.0144223 -0.0256774 -0.032242
0 -0.0142431 -0.0252448 -0.0316497
0 -0.0140672 -0.02482 -0.0310672
0 -0.0138952 -0.0244057 -0.0304981
0 -0.013728 -0.0240041 -0.0299458
0 -0.0135667 -0.0236174 -0.0294136
0 -0.013412 -0.0232477 -0.0289046
0 -0.0132647 -0.0228967 -0.0284218
0 -0.0131257 -0.0225662 -0.0279679
0 -0.0129957 -0.0222579 -0.0275456
0 -0.0128754 -0.0219733 -0.0271571
0 -0.0127652 -0.0217137 -0.0268043
0 -0.0126659 -0.0214804 -0.0264891
0 -0.0125779 -0.0212745 -0.0262127
0 -0.0125016 -0.021097 -0.0259764
0 -0.0124375 -0.0209488 -0.0257809
0 -0.0123857 -0.0208305 -0.0256267
0 -0.0123467 -0.0207426 -0.0255142
0 -0.0123204 -0.0206854 -0.0254433
0 -0.0123069 -0.0206589 -0.025414
0 -0.0123064 -0.020663 -0.0254259
0 -0.0123187 -0.0206974 -0.0254783
0 -0.0123436 -0.0207614 -0.0255704
0 -0.0123809 -0.0208543 -0.0257014
0 -0.0124303 -0.0209751 -0.02587
0 -0.0124912 -0.0211228 -0.0260748
0 -0.0125632 -0.0212961 -0.0263143
0 -0.0126457 -0.0214936 -0.0265865
0 -0.0127379 -0.0217138 -0.0268897
0 -0.0128391 -0.0219551 -0.0272215
0 -0.0129487 -0.0222159 -0.0275797
0 -0.0130656 -0.0224943 -0.0279619
0 -0.0131892 -0.0227884 -0.0283654
0 -0.0133185 -0.0230964 -0.0287876
0 -0.0134527 -0.0234163 -0.0292257
0 -0.0135909 -0.023746 -0.0296768
0 -0.0137322 -0.0240835 -0.0301381
0 -0.0138758 -0.0244266 -0.0306066
0 -0.0140208 -0.0247732 -0.0310795
0 -0.0141664 -0.0251212 -0.0315539
0 -0.0143117 -0.0254686 -0.0320267
0 -0.0144559 -0.0258134 -0.0324952
0 -0.0145983 -0.0261535 -0.0329565
0 -0.0147379 -0.0264872 -0.0334078
0 -0.0148741 -0.0268124 -0.0338465
0 -0.0150061 -0.0271274 -0.0342701
0 -0.0151332 -0.0274302 -0.0346763
0 -0.0152548 -0.0277192 -0.0350628
0 -0.0153703 -0.0279926 -0.0354278
0 -0.015479 -0.028249 -0.0357692
0 -0.0155803 -0.028487 -0.0360855
0 -0.0156736 -0.0287052 -0.036375
0 -0.0157584 -0.0289027 -0.0366363
0 -0.0158343 -0.0290783 -0.0368683
0 -0.0159009 -0.0292317 -0.0370701
