0 0.0205556 0.0369684 0.0486692
0 0.0206437 0.0371583 0.0489222
0 0.0207442 0.0373748 0.0492043
0 0.0208443 0.0376052 0.0495044
0 0.0209406 0.0378414 0.0498177
0 0.0210332 0.0380755 0.0501393
0 0.0211193 0.0382984 0.0504589
0 0.0212024 0.0385096 0.0507704
0 0.021288 0.0387143 0.0510709
0 0.0213697 0.0389076 0.0513478
0 0.0214368 0.0390777 0.0515853
0 0.021496 0.0392269 0.0517855
0 0.0215599 0.0393652 0.0519599
0 0.0216172 0.0394821 0.0521
0 0.0216402 0.039548 0.0521801
0 0.0216184 0.0395417 0.0521839
0 0.0215619 0.0394606 0.0521095
0 0.0214833 0.0393106 0.0519552
0 0.0213958 0.0391105 0.0517254
0 0.021327 0.0389026 0.0514489
0 0.0212887 0.0387213 0.0511549
0 0.0212543 0.0385585 0.0508452
0 0.0212144 0.0384106 0.0505407
0 0.0211978 0.0383059 0.0502987
0 0.0212118 0.0382575 0.0501541
0 0.021233 0.0382529 0.0501062
0 0.0212382 0.0382728 0.0501405
0 0.0212 0.0382786 0.0502168
0 0.0210988 0.0382235 0.0502785
0 0.0209549 0.0380957 0.0502903
0 0.0208134 0.037919 0.0502387
0 0.0206993 0.037718 0.0501054
0 0.0205998 0.0374918 0.0498571
0 0.0205014 0.0372352 0.0494802
0 0.0204298 0.0369788 0.0490206
0 0.0204056 0.0367562 0.0485414
0 0.0204106 0.0365731 0.0480848
0 0.0204382 0.0364468 0.0477097
0 0.0204784 0.0363864 0.0474652
0 0.0204685 0.0363344 0.0473259
0 0.0203745 0.0362397 0.0472566
0 0.0202735 0.0361551 0.0472994
0 0.0202777 0.0361969 0.0475267
0 0.0204171 0.0364372 0.0479521
0 0.0206208 0.0368478 0.0485093
0 0.0208042 0.0373398 0.0491169
0 0.0209413 0.0378292 0.0497314
0 0.0210172 0.0382233 0.0502976
0 0.0209715 0.0383917 0.0506905
0 0.0207627 0.0382331 0.0507755
0 0.0204297 0.0377439 0.0504825
0 0.0200691 0.0370184 0.0498173
0 0.0198186 0.036255 0.0488907
0 0.0197791 0.0356736 0.0478745
0 0.019906 0.0353586 0.0468876
0 0.0200587 0.0352374 0.0459929
0 0.020139 0.0351881 0.0452669
0 0.0201406 0.0351312 0.0448098
0 0.0200958 0.0350472 0.0446854
0 0.0199986 0.0349317 0.0448533
0 0.0198048 0.0347644 0.0451731
0 0.0195166 0.034548 0.0455019
0 0.0192219 0.0343403 0.0457658
0 0.0190291 0.0342186 0.0459426
0 0.019008 0.0342441 0.0460406
0 0.0191956 0.0344686 0.0461181
0 0.0196009 0.0349374 0.0462849
0 0.020177 0.035658 0.0466524
0 0.020771 0.0365281 0.0472404
0 0.021158 0.0373198 0.0479425
0 0.0212087 0.0378134 0.0486327
0 0.0209822 0.0379308 0.0492493
0 0.0206521 0.0377521 0.0497726
0 0.0204002 0.0374736 0.0501978
0 0.0203351 0.0373137 0.050517
0 0.0204596 0.0374031 0.0507127
0 0.0207331 0.0377686 0.0508086
0 0.0211447 0.0383879 0.05092
0 0.0216833 0.0392046 0.0511985
0 0.0222737 0.0401133 0.0517367
0 0.0227947 0.0409882 0.0525438
0 0.0231451 0.0417316 0.0535699
0 0.0232961 0.0423123 0.0547426
0 0.0232877 0.042761 0.0559764
0 0.0231697 0.043106 0.0571453
0 0.0230001 0.0433604 0.0581148
0 0.0228776 0.0435585 0.0588105
0 0.0228792 0.0437255 0.0591967
0 0.0230012 0.0438467 0.0592431
0 0.0231993 0.0439079 0.0589637
0 0.0234003 0.043883 0.0584066
0 0.0234651 0.0436625 0.0575747
0 0.0232517 0.043084 0.0564341
0 0.0227487 0.0420753 0.0550119
0 0.0220912 0.0407311 0.0534233
0 0.0214492 0.0392613 0.0518039
0 0.0209315 0.037896 0.0502556
0 0.0205815 0.0368205 0.0488591
0 0.0204044 0.0361367 0.0476963
0 0.0203458 0.0358105 0.0468084
0 0.0202671 0.0356417 0.0461346
0 0.020013 0.0353443 0.0455333
0 0.0195241 0.0347001 0.0448676
0 0.0188384 0.0336298 0.0440211
0 0.0180345 0.0321841 0.0428864
0 0.0172585 0.0305767 0.041453
0 0.0167009 0.0291351 0.0398478
0 0.0164597 0.0281159 0.0382369
0 0.016506 0.0276086 0.0367806
0 0.0167767 0.027592 0.0356747
0 0.017203 0.0279787 0.0351177
0 0.0176479 0.0285903 0.0351891
0 0.0179656 0.029236 0.03585
0 0.0181979 0.0299291 0.0371194
0 0.0185492 0.0309032 0.0390944
0 0.0191346 0.0323733 0.0417708
0 0.0199207 0.0344035 0.0450142
0 0.0208392 0.036928 0.0486636
0 0.0217983 0.0397271 0.0525187
0 0.0226338 0.0424109 0.0562664
0 0.0232244 0.0446022 0.0595783
0 0.0236362 0.04617 0.0622762
0 0.0239891 0.0471771 0.064265
0 0.0242495 0.0476681 0.0653824
0 0.0243676 0.0477179 0.0655497
0 0.0245359 0.047633 0.0650446
0 0.0250208 0.0478132 0.0643694
0 0.0258019 0.048405 0.0638817
0 0.02656 0.0492064 0.0636725
0 0.0269582 0.0498511 0.0636909
0 0.0268223 0.0499926 0.0638167
0 0.0261534 0.0494197 0.0638567
0 0.0250918 0.0481302 0.0635751
0 0.0238638 0.0463184 0.0627604
0 0.0227153 0.0442899 0.0612945
0 0.0217697 0.0422699 0.0591115
0 0.0209652 0.0402713 0.0561577
0 0.0201802 0.0381688 0.0524697
0 0.0193625 0.0358403 0.0482284
0 0.0185144 0.0332299 0.0436869
0 0.0176376 0.0303689 0.039088
0 0.0167435 0.0274104 0.0346651
0 0.0158716 0.0246099 0.0306564
0 0.0150836 0.022247 0.0272962
0 0.0144611 0.0205565 0.0248097
0 0.0140842 0.0196766 0.0233872
0 0.0139469 0.0195683 0.0230861
0 0.0139123 0.0199789 0.0237487
0 0.0138091 0.0205539 0.0250511
0 0.0136195 0.0210762 0.0266879
0 0.0135746 0.0216563 0.0285474
0 0.0139625 0.0226207 0.0306561
0 0.0148506 0.0242119 0.033003
0 0.0160973 0.0264686 0.0355547
0 0.0175496 0.0292988 0.0383782
0 0.0191136 0.0325394 0.0416268
0 0.0207149 0.0359928 0.0454277
0 0.0222866 0.0394953 0.0498205
0 0.0237895 0.042973 0.0547518
0 0.0251602 0.0463752 0.0600256
0 0.0262241 0.0495229 0.0652291
0 0.0267831 0.0521105 0.0698276
0 0.0268409 0.0539051 0.0734102
0 0.0266658 0.0549039 0.0758243
0 0.0265864 0.0552914 0.0770888
0 0.0267918 0.0553271 0.0772947
0 0.0273007 0.0552697 0.0766146
0 0.0279826 0.055275 0.075295
0 0.0286065 0.0553146 0.0736
0 0.0289058 0.0551615 0.071733
0 0.0287074 0.0545275 0.0698393
0 0.0280379 0.0532737 0.0680516
0 0.0270114 0.0514275 0.0663928
0 0.0256899 0.0490878 0.0646896
0 0.0241461 0.0464208 0.0626953
0 0.022581 0.0436911 0.0602841
0 0.0212209 0.0411354 0.0574405
0 0.0201225 0.0387754 0.0541288
0 0.0192157 0.0364707 0.0503386
0 0.0184457 0.0341005 0.0461913
0 0.0177918 0.0316517 0.0419219
0 0.017221 0.0292163 0.0377995
0 0.0166632 0.0269274 0.0340558
0 0.0160578 0.0249126 0.0308798
0 0.0154109 0.0232746 0.028436
0 0.0148043 0.0220947 0.0268642
0 0.0143472 0.0214348 0.0262474
0 0.0140978 0.0213057 0.0265515
0 0.0140638 0.0216765 0.0276365
0 0.0142271 0.0224842 0.0293009
0 0.0145375 0.0236168 0.031303
0 0.0148911 0.0248823 0.0333578
0 0.0151471 0.0260151 0.0351532
0 0.0152542 0.0268122 0.0364736
0 0.0153455 0.0272917 0.0373218
0 0.0156072 0.027645 0.0378425
0 0.0160546 0.0280247 0.0381311
0 0.0165531 0.0284716 0.0382238
0 0.0170458 0.0290381 0.0382653
0 0.0176587 0.0298886 0.0385854
0 0.0185616 0.0312386 0.0395724
0 0.019756 0.0331858 0.0414615
0 0.0210169 0.0355939 0.0442219
0 0.0220868 0.03819 0.0476628
0 0.0228772 0.0407472 0.051584
0 0.0234467 0.0431393 0.0557729
0 0.0238759 0.0452957 0.0599411
0 0.0241767 0.0471179 0.0637007
0 0.0242878 0.0484304 0.0666053
0 0.0241361 0.0490143 0.0682445
0 0.0237465 0.0487483 0.0683861
0 0.0233341 0.0477879 0.0671292
0 0.0232104 0.0465593 0.0648945
0 0.0235277 0.0455095 0.0622145
0 0.0241545 0.0448688 0.0595499
0 0.0248231 0.0446465 0.0572919
0 0.0253392 0.0447627 0.0558117
0 0.0256515 0.0451443 0.0554194
0 0.0257892 0.0457392 0.0562573
0 0.0257168 0.0464196 0.0581502
0 0.0252543 0.0468772 0.0605286
0 0.0241528 0.0466328 0.0625177
0 0.0223558 0.0452772 0.0632545
0 0.0202194 0.0427988 0.0622553
0 0.0182512 0.0395077 0.0593785
0 0.0167017 0.0357158 0.0546094
0 0.015566 0.0316617 0.048124
0 0.0148193 0.0276196 0.0404583
0 0.0144689 0.0239144 0.032442
0 0.0144298 0.0208108 0.0249308
0 0.014528 0.0184589 0.0186355
0 0.0146513 0.0169492 0.0141256
0 0.0148004 0.0163486 0.0118326
0 0.014983 0.0166518 0.0119645
0 0.0151487 0.0177686 0.0144186
0 0.0152699 0.0195938 0.0188072
0 0.0154351 0.0220622 0.0245919
0 0.0157831 0.0250794 0.0311553
0 0.0163841 0.0284456 0.0378332
0 0.0172382 0.0319093 0.0440293
0 0.0183189 0.0352524 0.0493215
0 0.0195852 0.0383224 0.0534937
0 0.0209874 0.0410424 0.0565357
0 0.0224804 0.043423 0.0586315
0 0.0240063 0.0455361 0.0600986
0 0.0254759 0.0474713 0.0613011
0 0.0267864 0.0493043 0.0625772
0 0.027847 0.0510664 0.0641703
0 0.0286071 0.0527383 0.0661909
0 0.029032 0.0542262 0.0685637
0 0.0290513 0.0553258 0.0709793
0 0.0286486 0.0558294 0.0730182
0 0.0279659 0.0556814 0.0743351
0 0.027235 0.0549907 0.0747095
0 0.0266173 0.0539147 0.0740005
0 0.02608 0.052495 0.0720816
0 0.0254548 0.050623 0.0688821
0 0.0246411 0.0481946 0.0645286
0 0.0236613 0.0452117 0.0593406
0 0.0225382 0.0417415 0.0536627
0 0.0212212 0.0378601 0.0477393
0 0.0196349 0.0336445 0.0417178
0 0.0178056 0.0292372 0.0357503
0 0.0159007 0.0248829 0.0300493
0 0.014106 0.0208334 0.0248062
0 0.0125414 0.017273 0.020144
0 0.0113023 0.0143463 0.0161761
0 0.0104674 0.0121683 0.0130276
0 0.0100522 0.0107936 0.010795
0 0.0100038 0.0102163 0.00953608
0 0.0102282 0.0103781 0.00927706
0 0.010596 0.0111398 0.00998271
0 0.0109566 0.0122706 0.0115185
0 0.0111999 0.0135192 0.0136695
0 0.0113194 0.0147215 0.0162008
0 0.0114046 0.0158484 0.0188935
0 0.0116167 0.0170187 0.0215966
0 0.0121632 0.0184817 0.0242891
0 0.0132135 0.0205197 0.0270729
0 0.0148042 0.0233153 0.0301098
0 0.0168145 0.0268681 0.0335664
0 0.0190472 0.0310232 0.0376046
0 0.0213237 0.0355584 0.0423732
0 0.0235125 0.0402533 0.0479538
0 0.0254886 0.0449008 0.0542702
0 0.0271067 0.0492889 0.06104
0 0.0282559 0.0532215 0.0678355
0 0.0289044 0.0565271 0.074167
0 0.0291134 0.0590631 0.0795538
0 0.0290281 0.0607369 0.0835915
0 0.0288175 0.061523 0.0859852
0 0.0286156 0.0614722 0.0865697
0 0.0284933 0.0607047 0.0853486
0 0.0284541 0.059385 0.0825377
0 0.0284397 0.0576782 0.0785431
0 0.0283637 0.0557265 0.0738957
0 0.0281614 0.0536577 0.0691776
0 0.0277892 0.0515744 0.0649081
0 0.0271816 0.0495172 0.0614115
0 0.0262735 0.0474779 0.0587833
0 0.0250702 0.0454509 0.0569466
0 0.0236526 0.0434423 0.0556889
0 0.0221738 0.0414934 0.0547333
0 0.0208574 0.0397212 0.0538482
0 0.0199005 0.038261 0.0528703
0 0.0193656 0.037167 0.0516798
0 0.0191766 0.036383 0.0502152
0 0.0191922 0.0357858 0.0485113
0 0.0192694 0.0352405 0.0466938
0 0.019221 0.0345589 0.0448518
0 0.01883 0.0334971 0.0429599
0 0.0180448 0.0319454 0.0410116
0 0.0171232 0.0301325 0.0391852
0 0.0164699 0.0285632 0.0377839
0 0.0163465 0.0277484 0.0370552
0 0.0168453 0.0280766 0.0372121
0 0.0179865 0.0297797 0.0385187
0 0.0196954 0.0328482 0.0412173
0 0.0217865 0.0370283 0.0454294
0 0.0240417 0.0419525 0.0511395
0 0.0263045 0.0472972 0.0582224
0 0.0285121 0.0528736 0.0664575
0 0.0306637 0.0586197 0.075524
0 0.0327809 0.0645286 0.085028
0 0.0349057 0.0705917 0.0945857
0 0.0371061 0.0767732 0.1039
0 0.0394811 0.0830201 0.112804
0 0.0421118 0.0892621 0.12123
0 0.0448711 0.0952723 0.12901
0 0.0473587 0.100578 0.135755
0 0.0491236 0.104614 0.140994
0 0.0498228 0.106853 0.144275
0 0.0492186 0.106803 0.145111
0 0.0472202 0.10407 0.142978
0 0.0439599 0.0985114 0.137439
0 0.039765 0.0903264 0.12829
0 0.034998 0.0799474 0.115593
0 0.0299221 0.0678799 0.0996613
0 0.0246774 0.0546043 0.0810389
0 0.0192983 0.0404925 0.0603951
0 0.013761 0.0257902 0.0383947
0 0.00800546 0.0106423 0.0155864
0 0.00190281 -0.00489117 -0.00769518
0 -0.00472917 -0.020815 -0.0312785
0 -0.0120678 -0.0372091 -0.055022
0 -0.0201561 -0.0541314 -0.0786515
0 -0.0288836 -0.0714934 -0.101716
0 -0.038123 -0.0890342 -0.12376
0 -0.0477754 -0.106373 -0.144473
0 -0.0576828 -0.123084 -0.163675
0 -0.0674161 -0.138614 -0.181101
0 -0.0762613 -0.152312 -0.196329
0 -0.0834579 -0.163586 -0.208927
0 -0.088453 -0.172003 -0.218569
0 -0.0910975 -0.17737 -0.225144
0 -0.091553 -0.179622 -0.228664
0 -0.0900834 -0.178643 -0.229024
0 -0.0870533 -0.17437 -0.225929
0 -0.0829439 -0.167044 -0.219065
0 -0.0782841 -0.157331 -0.208371
0 -0.0734746 -0.146061 -0.194147
0 -0.0687736 -0.133983 -0.177128
0 -0.0646025 -0.121971 -0.158713
0 -0.0615033 -0.111083 -0.140768
0 -0.0595832 -0.102071 -0.124863
0 -0.0581332 -0.0948274 -0.111599
0 -0.0561218 -0.0885663 -0.100802
0 -0.0532572 -0.0827918 -0.09246
0 -0.0500926 -0.0776688 -0.0869281
0 -0.04686 -0.0731766 -0.0839305
0 -0.0430031 -0.068609 -0.0820944
0 -0.0382308 -0.0633697 -0.0799768
0 -0.0333032 -0.0577566 -0.0770445
0 -0.0293547 -0.0525822 -0.0733774
0 -0.0269611 -0.0484308 -0.0690514
0 -0.0260682 -0.0454726 -0.0641556
0 -0.026134 -0.0433766 -0.0588048
0 -0.0263208 -0.041374 -0.0530357
0 -0.0260385 -0.0388235 -0.0470222
0 -0.0252103 -0.0356064 -0.0411693
0 -0.0240238 -0.0319977 -0.035888
0 -0.0226537 -0.0283755 -0.031404
0 -0.0211078 -0.0249377 -0.0276552
0 -0.0193214 -0.0216742 -0.0243993
0 -0.0174274 -0.0186378 -0.0215079
0 -0.0157141 -0.0159992 -0.0189847
0 -0.0144783 -0.0139798 -0.0168885
0 -0.0141235 -0.0129882 -0.015502
0 -0.0150784 -0.0136032 -0.0153523
0 -0.017349 -0.0161718 -0.0168666
0 -0.0201862 -0.0203255 -0.0199763
0 -0.0224116 -0.0249415 -0.0241111
0 -0.0232113 -0.0286867 -0.0285871
0 -0.0225657 -0.0306392 -0.0328683
0 -0.0211055 -0.0306799 -0.0365864
0 -0.0197003 -0.0295319 -0.0394956
0 -0.0189836 -0.0283016 -0.0413588
0 -0.0190629 -0.0277796 -0.0418821
0 -0.0197551 -0.028198 -0.0410209
0 -0.0208504 -0.029322 -0.0391641
0 -0.0219353 -0.0304289 -0.0367249
0 -0.0225923 -0.0307518 -0.034053
0 -0.0228288 -0.0301231 -0.0316938
0 -0.0228907 -0.0289554 -0.0302097
0 -0.022897 -0.0278726 -0.029882
0 -0.0229099 -0.0275405 -0.0308095
0 -0.0231453 -0.0285623 -0.0331345
0 -0.0239794 -0.031345 -0.0371101
0 -0.0258173 -0.0360841 -0.043064
0 -0.0287906 -0.0426918 -0.0511657
0 -0.0325532 -0.0507191 -0.0611893
0 -0.036666 -0.0597027 -0.0727733
0 -0.0410056 -0.0695135 -0.0857463
0 -0.0455861 -0.080162 -0.0999818
0 -0.0502823 -0.0914747 -0.115176
0 -0.0548022 -0.102965 -0.130788
0 -0.0588467 -0.113943 -0.146117
0 -0.0622903 -0.12378 -0.160458
0 -0.0652138 -0.13213 -0.173217
0 -0.0677955 -0.138958 -0.18394
0 -0.0702386 -0.14447 -0.19236
0 -0.0726728 -0.148928 -0.198378
0 -0.0750183 -0.15241 -0.201954
0 -0.0770153 -0.154762 -0.20314
0 -0.0782641 -0.155617 -0.202077
0 -0.0782533 -0.15444 -0.198851
0 -0.0765501 -0.1507 -0.193409
0 -0.0730279 -0.144078 -0.185578
0 -0.0679348 -0.134607 -0.175145
0 -0.0618121 -0.122738 -0.162009
0 -0.0553448 -0.10929 -0.146355
0 -0.0491857 -0.0952724 -0.128741
0 -0.0437775 -0.0816096 -0.11
0 -0.0392795 -0.0689331 -0.0910464
0 -0.0356698 -0.0576106 -0.0727835
0 -0.0328339 -0.0478394 -0.0560128
0 -0.0305753 -0.0396726 -0.0413129
0 -0.0286686 -0.0330484 -0.0290537
0 -0.0269242 -0.0278153 -0.0194866
0 -0.025196 -0.0237465 -0.0127549
0 -0.0233552 -0.0205881 -0.00883561
0 -0.0212693 -0.0180962 -0.00744506
0 -0.0188362 -0.0160421 -0.00797354
0 -0.0161145 -0.0142713 -0.00961438
0 -0.0134182 -0.012775 -0.0116137
0 -0.0112574 -0.011711 -0.0134527
0 -0.0101683 -0.0113662 -0.0149075
0 -0.0104898 -0.0120348 -0.0159925
0 -0.0122177 -0.0139178 -0.0169251
0 -0.0150149 -0.0170856 -0.0181274
0 -0.0183762 -0.02145 -0.0201717
0 -0.0218569 -0.0268078 -0.0236952
0 -0.0251851 -0.0329115 -0.029253
0 -0.0281947 -0.0394651 -0.0370854
0 -0.0307217 -0.0461059 -0.0469418
0 -0.0326236 -0.0524719 -0.0581236
0 -0.0338408 -0.0582633 -0.0696647
0 -0.034396 -0.0632299 -0.0805016
0 -0.0344159 -0.0671793 -0.0896384
0 -0.0341863 -0.0700077 -0.0963118
0 -0.0340981 -0.0717162 -0.100102
0 -0.0344622 -0.0724142 -0.100948
0 -0.0353322 -0.0722774 -0.0991235
0 -0.0364952 -0.0715057 -0.0952449
0 -0.0376078 -0.0702932 -0.0901887
0 -0.0383244 -0.0687664 -0.0848728
0 -0.0383961 -0.0669677 -0.0800636
0 -0.0377521 -0.064922 -0.0762845
0 -0.0365155 -0.0627096 -0.0737961
0 -0.0349583 -0.060521 -0.0726166
0 -0.0334281 -0.0586685 -0.072578
0 -0.0322406 -0.0574919 -0.0733844
0 -0.0315292 -0.0571446 -0.0746125
0 -0.0311681 -0.0574091 -0.0757192
0 -0.0309497 -0.0578182 -0.0762338
0 -0.0307811 -0.0579358 -0.0759431
0 -0.0305792 -0.0574254 -0.074774
0 -0.0300878 -0.0559619 -0.0725668
0 -0.0289862 -0.053282 -0.0690957
0 -0.0271917 -0.0493785 -0.0642985
0 -0.024879 -0.0444874 -0.0583032
0 -0.0222879 -0.0389225 -0.051299
0 -0.019574 -0.0329277 -0.0434416
0 -0.0167394 -0.0265647 -0.0347911
0 -0.0137742 -0.0198273 -0.0254225
0 -0.010786 -0.0128148 -0.0155365
0 -0.00790793 -0.00571499 -0.0053844
0 -0.00524824 0.00121271 0.00475716
0 -0.00295726 0.00759527 0.0145071
0 -0.0012217 0.0130081 0.0233857
0 -0.000208751 0.0170733 0.0308715
0 -1.10353e-05 0.0195108 0.0364635
0 -0.000590267 0.0201653 0.0397502
0 -0.00180488 0.0190042 0.0403983
0 -0.00352384 0.0160787 0.0380931
0 -0.00566363 0.0115005 0.0326209
0 -0.00809798 0.00548514 0.0240892
0 -0.0106221 -0.00162258 0.0130195
0 -0.0130745 -0.00943126 0.000197127
0 -0.0154684 -0.0176263 -0.0135721
0 -0.0179807 -0.0260289 -0.0276339
0 -0.0207959 -0.0345504 -0.041513
0 -0.0239363 -0.0430873 -0.0548404
0 -0.0272517 -0.0514876 -0.0673019
0 -0.0305445 -0.0595714 -0.0786413
0 -0.0336554 -0.0671022 -0.088662
0 -0.0364617 -0.0737802 -0.0972189
0 -0.0388444 -0.0792995 -0.104201
0 -0.0406549 -0.0833931 -0.109482
0 -0.0417287 -0.085859 -0.112905
0 -0.041954 -0.0865923 -0.114315
0 -0.0413474 -0.0856236 -0.113623
0 -0.0400619 -0.0831191 -0.110837
0 -0.038277 -0.079287 -0.10603
0 -0.0361004 -0.0742795 -0.0993079
0 -0.0335839 -0.0681999 -0.090836
0 -0.0307664 -0.0611571 -0.0808717
0 -0.0276996 -0.0533211 -0.0697525
0 -0.0244804 -0.044973 -0.0578892
0 -0.0212483 -0.0364839 -0.045743
0 -0.0181133 -0.0282 -0.0337421
0 -0.0151072 -0.020343 -0.0222041
0 -0.0122088 -0.0129967 -0.0113297
0 -0.00938833 -0.0061502 -0.00123768
0 -0.00664351 0.000228379 0.00798826
0 -0.00400725 0.00614325 0.0162756
0 -0.00153816 0.0115565 0.0235599
0 0.00070353 0.0163928 0.0297982
0 0.00270283 0.0205872 0.0350082
0 0.00451166 0.0241413 0.039288
0 0.00620575 0.0271251 0.04278
0 0.00781265 0.0296307 0.0456047
0 0.00928083 0.0317246 0.047826
0 0.0105158 0.0334294 0.0494716
0 0.0114334 0.0347258 0.0505709
0 0.0119897 0.0355663 0.0511692
0 0.0121629 0.0358791 0.0512974
0 0.0118631 0.0354941 0.0508551
0 0.0109322 0.0341299 0.0495611
0 0.00927663 0.0315158 0.0470536
0 0.00691079 0.0274691 0.0429583
0 0.0039099 0.0219032 0.0369153
0 0.000356649 0.0148055 0.028618
0 -0.00369655 0.00619435 0.0178567
0 -0.00820033 -0.00386905 0.00460033
0 -0.0130386 -0.0152015 -0.0109157
0 -0.0180331 -0.0274731 -0.0282125
0 -0.0230344 -0.0402943 -0.0467143
0 -0.02795 -0.0532812 -0.065859
0 -0.0327449 -0.0661014 -0.0851045
0 -0.0374552 -0.0785374 -0.103901
0 -0.0421515 -0.0904664 -0.121706
0 -0.0469121 -0.101787 -0.13803
0 -0.0517843 -0.112365 -0.152486
0 -0.0567122 -0.122009 -0.164787
0 -0.0615096 -0.13047 -0.174737
0 -0.0659139 -0.13748 -0.182236
0 -0.0696739 -0.142823 -0.187318
0 -0.0725542 -0.146349 -0.190116
0 -0.0742746 -0.147919 -0.190771
0 -0.0745479 -0.147413 -0.189373
0 -0.073242 -0.144768 -0.185973
0 -0.0705098 -0.14001 -0.180583
0 -0.0667128 -0.133266 -0.173159
0 -0.0622468 -0.124768 -0.163618
0 -0.0574296 -0.114836 -0.151918
0 -0.0524507 -0.103814 -0.138135
0 -0.0474158 -0.0920404 -0.122547
0 -0.0424374 -0.0798737 -0.10568
0 -0.0376601 -0.0676917 -0.0882219
0 -0.0332082 -0.055857 -0.0708721
0 -0.0291456 -0.0447106 -0.0542527
0 -0.0255325 -0.0346159 -0.0389256
0 -0.0224641 -0.0259507 -0.0254139
0 -0.0199713 -0.0189684 -0.0141195
0 -0.0179391 -0.0136635 -0.00524327
0 -0.0161785 -0.00979248 0.00118311
0 -0.0145428 -0.00701127 0.00522894
0 -0.0129966 -0.00504801 0.00702965
0 -0.0116266 -0.0038189 0.00680762
0 -0.0106121 -0.00343835 0.00489097
0 -0.0101961 -0.00414753 0.00164015
0 -0.0106259 -0.00619066 -0.00265473
0 -0.0120605 -0.00971711 -0.00783871
0 -0.014514 -0.0147627 -0.0139291
0 -0.0178693 -0.0212639 -0.0211033
0 -0.02192 -0.0290737 -0.0296276
0 -0.0263662 -0.0379291 -0.0396998
0 -0.0307746 -0.047364 -0.0512426
0 -0.0347152 -0.0567996 -0.0639054
0 -0.0379594 -0.0657522 -0.0772247
0 -0.0404441 -0.0738759 -0.0906343
0 -0.0421947 -0.0809434 -0.103417
0 -0.0433334 -0.0868341 -0.11477
0 -0.0440643 -0.0914838 -0.123956
0 -0.0446235 -0.094851 -0.13043
0 -0.0451908 -0.0969087 -0.133875
0 -0.0458134 -0.0976472 -0.134233
0 -0.0463972 -0.0970823 -0.131751
0 -0.0467475 -0.0952645 -0.126967
0 -0.0466208 -0.0922768 -0.120572
0 -0.0457724 -0.0882114 -0.113221
0 -0.0440374 -0.0831624 -0.105417
0 -0.0414114 -0.0772347 -0.0974694
0 -0.0380524 -0.0705518 -0.0894826
0 -0.0342046 -0.0632565 -0.0813825
0 -0.0301103 -0.0555047 -0.0729684
0 -0.025964 -0.0474492 -0.0639951
0 -0.0218937 -0.0392054 -0.05425
0 -0.0179581 -0.0308288 -0.0436078
0 -0.0141643 -0.0223252 -0.0320586
0 -0.0104731 -0.0136612 -0.0196866
0 -0.0068031 -0.00478417 -0.00662372
0 -0.00306088 0.00432862 0.00696329
0 0.000791476 0.0135972 0.0208306
0 0.00469614 0.0228182 0.0346347
0 0.00854735 0.0317461 0.0479923
0 0.0122471 0.0401645 0.0605545
0 0.0157121 0.0478956 0.0720265
0 0.0188687 0.054802 0.0821604
0 0.0216427 0.0607689 0.090752
0 0.0239354 0.0656626 0.0976244
0 0.0256154 0.0693061 0.102608
0 0.0265439 0.0714923 0.105549
0 0.02661 0.0720112 0.106312
0 0.0257597 0.0706728 0.104775
0 0.0240038 0.0673391 0.100815
0 0.0213813 0.061945 0.0942922
0 0.0179315 0.0545116 0.0850857
0 0.0137389 0.0451806 0.0731791
0 0.00895839 0.0342074 0.0587348
0 0.00374342 0.0218763 0.0420501
0 -0.00183524 0.00841514 0.0234563
0 -0.00778686 -0.00602023 0.0032602
0 -0.0141101 -0.0212831 -0.0182444
0 -0.0206926 -0.0371209 -0.0407307
0 -0.027344 -0.0531532 -0.063844
0 -0.0339275 -0.069023 -0.0872199
0 -0.0403711 -0.0845054 -0.110404
0 -0.046637 -0.0994665 -0.132796
0 -0.0527791 -0.113786 -0.153749
0 -0.0589394 -0.127319 -0.172733
0 -0.0652339 -0.139901 -0.189396
0 -0.071639 -0.151343 -0.203544
0 -0.0779514 -0.161437 -0.215108
0 -0.0838191 -0.169997 -0.224108
0 -0.0888499 -0.176865 -0.230639
0 -0.0927373 -0.181912 -0.2349
0 -0.0952844 -0.185049 -0.237145
0 -0.0963682 -0.186207 -0.237593
0 -0.0959561 -0.185339 -0.236364
0 -0.0941592 -0.182441 -0.233426
0 -0.0912241 -0.177569 -0.228589
0 -0.0874572 -0.17085 -0.221576
0 -0.0831461 -0.162495 -0.212161
0 -0.0784955 -0.152743 -0.20026
0 -0.0735922 -0.14178 -0.185967
0 -0.068415 -0.129713 -0.169544
0 -0.0628747 -0.116585 -0.151367
0 -0.0568713 -0.102433 -0.131852
0 -0.050349 -0.0873419 -0.111384
0 -0.0433153 -0.0714874 -0.0902876
0 -0.0357992 -0.0550986 -0.0688033
0 -0.0278211 -0.0384025 -0.0470753
0 -0.0194384 -0.0216158 -0.0252023
0 -0.0107903 -0.00495101 -0.00331367
0 -0.00208538 0.0113969 0.0184072
0 0.00643357 0.0272721 0.0397349
0 0.0145299 0.0425427 0.0604216
0 0.0220137 0.0570476 0.0802315
0 0.0287637 0.0705892 0.0989439
0 0.0347199 0.0829704 0.116324
0 0.039869 0.0940197 0.132101
0 0.0442229 0.103588 0.145944
0 0.0478022 0.111531 0.157492
0 0.0506305 0.117719 0.166416
0 0.0527292 0.122063 0.172482
0 0.0540979 0.124514 0.175568
0 0.0546801 0.125033 0.175666
0 0.0543565 0.123564 0.172897
0 0.0530145 0.120062 0.1675
0 0.0506408 0.114531 0.159767
0 0.047327 0.107069 0.149968
0 0.043223 0.097895 0.138313
0 0.0385018 0.0873197 0.124973
0 0.0333373 0.0756726 0.110115
0 0.0278929 0.0632524 0.0939383
0 0.0223135 0.0503194 0.0766935
0 0.0167358 0.0371297 0.0586892
0 0.0112938 0.0239577 0.0402768
0 0.006104 0.0110834 0.0218167
0 0.00126307 -0.00121164 0.00366672
0 -0.0031606 -0.012652 -0.0138243
0 -0.00712975 -0.0230064 -0.0303124
0 -0.0106083 -0.0321324 -0.0454269
0 -0.0135575 -0.0399709 -0.0587723
0 -0.015962 -0.0465087 -0.0699632
0 -0.0178522 -0.0517625 -0.0786687
0 -0.0193128 -0.0557432 -0.0846868
0 -0.0204468 -0.0584159 -0.0879839
0 -0.0213161 -0.0597126 -0.0886879
0 -0.0219106 -0.0595969 -0.0870995
0 -0.022137 -0.058135 -0.0836591
0 -0.0218296 -0.0554976 -0.0788443
0 -0.0208217 -0.0518808 -0.0730748
0 -0.019054 -0.0474332 -0.0666662
0 -0.0166208 -0.0422568 -0.0598199
0 -0.0137215 -0.0364469 -0.052628
0 -0.010577 -0.03012 -0.0450891
0 -0.00736729 -0.02342 -0.0371461
0 -0.00420592 -0.0165036 -0.0287334
0 -0.00115562 -0.00952925 -0.0198333
0 0.0017389 -0.00264722 -0.0105187
0 0.00442939 0.00401129 -0.000958578
0 0.00685842 0.0103344 0.00860225
0 0.00897987 0.0162304 0.0178852
0 0.0107934 0.0216346 0.0266349
0 0.0123464 0.0265001 0.0346442
0 0.0137044 0.0307772 0.0417372
0 0.0149233 0.0344165 0.0477514
0 0.0160321 0.0373932 0.0525454
0 0.0170284 0.0397107 0.0560283
0 0.0178756 0.0413762 0.0581716
0 0.0185102 0.0423769 0.0590076
0 0.0188589 0.0426697 0.058636
0 0.01885 0.042191 0.057212
0 0.0184303 0.0408916 0.0549067
0 0.0175824 0.0387722 0.0518614
0 0.016333 0.0358993 0.0481681
0 0.0147552 0.0324043 0.0438792
0 0.0129677 0.0284726 0.0390464
0 0.0111185 0.0243191 0.0337599
0 0.00935228 0.020155 0.0281681
0 0.00777421 0.016162 0.0224688
0 0.00642694 0.0124726 0.0168806
0 0.00529494 0.00916504 0.0116193
0 0.00432739 0.00626795 0.0068782
0 0.00346554 0.00377159 0.00281089
0 0.00266545 0.0016478 -0.000482971
0 0.00190358 -0.000133759 -0.00296929
0 0.00117417 -0.001596 -0.00468091
0 0.000489575 -0.0027488 -0.00570469
0 -0.000110696 -0.00358034 -0.00615332
0 -0.000545285 -0.00404117 -0.00612217
0 -0.000701443 -0.00404334 -0.00565858
0 -0.000487038 -0.00349699 -0.00476887
0 0.000119135 -0.00235667 -0.00343805
0 0.00105937 -0.000644154 -0.00163971
0 0.00221844 0.00154688 0.000649528
0 0.00345396 0.00405949 0.00342582
0 0.00462785 0.00669885 0.00663488
0 0.00562529 0.00926104 0.0101515
0 0.00636177 0.0115549 0.0137699
0 0.00680766 0.0134396 0.0172353
0 0.00700687 0.0148584 0.0202951
0 0.00705467 0.0158324 0.02273
0 0.00705915 0.0164328 0.0243784
0 0.00710705 0.0167454 0.0251584
0 0.00724616 0.0168435 0.0250856
0 0.00747058 0.0167643 0.0242672
0 0.00771033 0.0164919 0.022867
0 0.00784768 0.0159648 0.0210633
0 0.00774967 0.0150953 0.0190058
0 0.00730295 0.0137888 0.0167818
0 0.00644232 0.0119665 0.0143983
0 0.00517027 0.00959101 0.0117881
0 0.0035628 0.00668842 0.00883748
0 0.00175129 0.00334884 0.0054217
0 -0.000104708 -0.000284084 0.00144848
0 -0.00182225 -0.00400388 -0.00307089
0 -0.00320973 -0.00754215 -0.00796687
0 -0.00413613 -0.0106325 -0.0129415
0 -0.00458029 -0.0130771 -0.0176302
0 -0.00461084 -0.0147628 -0.0216449
0 -0.00435187 -0.0156628 -0.0246282
0 -0.00395086 -0.0158309 -0.0263082
0 -0.00354391 -0.0153804 -0.02653
0 -0.00322552 -0.0144513 -0.0252799
0 -0.00301874 -0.0131627 -0.0227002
0 -0.00286621 -0.0115777 -0.0190687
0 -0.00265257 -0.00970092 -0.0147452
0 -0.00223919 -0.00749662 -0.0100953
0 -0.00150494 -0.00491945 -0.00542137
0 -0.000387421 -0.00195566 -0.000924461
0 0.00109453 0.00134672 0.00330079
0 0.00285835 0.00488699 0.00726415
0 0.00479567 0.00855144 0.011069
0 0.00678814 0.0122388 0.0148693
0 0.00870442 0.0158571 0.0188037
0 0.0104082 0.0193119 0.0229397
0 0.0117793 0.0224965 0.0272418
0 0.0127323 0.0252863 0.0315584
0 0.013242 0.0275577 0.0356484
0 0.0133669 0.0292226 0.0392339
0 0.0132233 0.0302391 0.0420337
0 0.0129249 0.0305985 0.0437784
0 0.0125469 0.0303162 0.0442426
0 0.0121291 0.0294322 0.0432987
0 0.0116919 0.0280112 0.0409731
0 0.0112465 0.0261424 0.0374723
0 0.010779 0.0239228 0.0331366
0 0.0102224 0.0214219 0.028338
0 0.00948116 0.0186754 0.0234093
0 0.00848569 0.0157105 0.018615
0 0.00722333 0.012572 0.014135
0 0.00574934 0.00934667 0.0100701
0 0.00418495 0.00617684 0.00646488
0 0.00269318 0.00324824 0.0033337
0 0.00143695 0.000754056 0.00068152
0 0.000536164 -0.00114871 -0.00148283
0 3.64105e-05 -0.00237754 -0.00314331
0 -0.000100896 -0.00294783 -0.00428386
0 3.01042e-05 -0.00295879 -0.00488638
0 0.000323966 -0.0025516 -0.00492679
0 0.000682037 -0.00187678 -0.00439825
0 0.00102351 -0.00106308 -0.00333635
0 0.00130524 -0.000186213 -0.00182067
0 0.00153045 0.000738293 3.63142e-05
0 0.00174175 0.00173702 0.0021063
0 0.00200319 0.00284909 0.00426396
0 0.00237613 0.00410041 0.00640269
0 0.00290293 0.00549673 0.00845046
0 0.0036075 0.00703828 0.0103896
0 0.00449671 0.00873396 0.0122646
0 0.00554978 0.010596 0.014165
0 0.00670978 0.0126216 0.0161946
0 0.00789218 0.0147785 0.0184439
0 0.00900599 0.0170018 0.0209664
0 0.00997245 0.0191998 0.023758
0 0.0107347 0.0212643 0.02674
0 0.0112676 0.0230894 0.0297602
0 0.0115896 0.0245984 0.0326193
0 0.0117635 0.0257656 0.0351126
0 0.0118856 0.0266294 0.0370806
0 0.0120516 0.0272733 0.0384341
0 0.0123111 0.0277767 0.0391506
0 0.0126506 0.028175 0.0392713
0 0.0130049 0.0284461 0.0388946
0 0.0132809 0.0285228 0.0381524
0 0.0133831 0.028319 0.0371747
0 0.0132321 0.027755 0.0360498
0 0.0127823 0.0267805 0.0348012
0 0.012038 0.0253926 0.0333911
0 0.0110532 0.0236347 0.0317386
0 0.0099137 0.0215796 0.0297459
0 0.0087119 0.0193063 0.027327
0 0.00752229 0.0168809 0.0244289
0 0.00639223 0.0143496 0.0210515
0 0.00534214 0.0117424 0.0172545
0 0.00436282 0.00907487 0.0131416
0 0.00341574 0.00635084 0.00883502
0 0.00244491 0.0035678 0.0044578
0 0.00139833 0.000725682 0.000123547
0 0.000250108 -0.00216281 -0.00406986
0 -0.000991405 -0.00506696 -0.00804853
0 -0.00228841 -0.00793752 -0.0117678
0 -0.00358163 -0.0107071 -0.015208
0 -0.00480077 -0.0132949 -0.018363
0 -0.00586575 -0.0156045 -0.0212171
0 -0.00668513 -0.017518 -0.0237164
0 -0.00717555 -0.0189087 -0.0257672
0 -0.00729463 -0.0196753 -0.0272552
0 -0.00705536 -0.0197641 -0.0280612
0 -0.00651491 -0.0191733 -0.0280632
0 -0.00576374 -0.0179592 -0.0271582
0 -0.00491164 -0.0162371 -0.0253
0 -0.00405683 -0.014153 -0.0225275
0 -0.00325967 -0.0118467 -0.0189745
0 -0.0025353 -0.00942885 -0.01486
0 -0.0018682 -0.00698462 -0.0104669
0 -0.00122888 -0.00458243 -0.0061012
0 -0.000577404 -0.00227145 -0.00203493
0 0.000135582 -7.53248e-05 0.00154265
0 0.00095503 0.00200498 0.00454394
0 0.00188988 0.00396844 0.0069646
0 0.00289774 0.00579541 0.00885827
0 0.003899 0.00744666 0.0103185
0 0.00480339 0.0088747 0.0114597
0 0.00553873 0.0100443 0.0124
0 0.00606899 0.0109485 0.013244
0 0.00639808 0.0116131 0.0140684
0 0.00656436 0.0120937 0.0149154
0 0.00663009 0.0124676 0.0157963
0 0.00667362 0.0128279 0.0167077
0 0.0067827 0.0132785 0.0176549
0 0.00703628 0.013918 0.0186628
0 0.00748418 0.0148211 0.019776
0 0.00813797 0.0160267 0.0210572
0 0.00897181 0.0175346 0.0225794
0 0.00993249 0.0193133 0.0244161
0 0.0109533 0.0213118 0.0266275
0 0.0119605 0.0234609 0.0292364
0 0.0128773 0.0256692 0.0322034
0 0.0136409 0.0278307 0.0354239
0 0.0142232 0.0298446 0.0387438
0 0.014627 0.0316215 0.0419681
0 0.0148633 0.033075 0.0448656
0 0.0149471 0.0341276 0.0471973
0 0.014902 0.0347229 0.0487522
0 0.0147477 0.0348172 0.0493653
0 0.0144832 0.0343691 0.0489239
0 0.014086 0.033344 0.0473832
0 0.0135195 0.0317211 0.0447799
0 0.012743 0.0294964 0.0412214
0 0.0117206 0.0266846 0.0368553
0 0.0104253 0.0233147 0.0318329
0 0.00884455 0.0194241 0.0262841
0 0.0069899 0.0150629 0.0203074
0 0.00490485 0.0103037 0.0139761
0 0.00266597 0.0052519 0.00735627
0 0.000373814 4.46441e-05 0.000524928
0 -0.00186469 -0.00516331 -0.00641987
0 -0.00395953 -0.0102212 -0.0133595
0 -0.00584792 -0.0149936 -0.0201541
0 -0.00748881 -0.0193605 -0.0266411
0 -0.00886187 -0.0232272 -0.032643
0 -0.009973 -0.0265359 -0.0379814
0 -0.0108533 -0.0292638 -0.0424899
0 -0.0115493 -0.0314146 -0.0460354
0 -0.0121088 -0.0330068 -0.0485374
0 -0.0125684 -0.0340634 -0.0499744
0 -0.0129436 -0.034607 -0.0503845
0 -0.0132145 -0.0346494 -0.049859
0 -0.0133246 -0.0341921 -0.0485316
0 -0.0131995 -0.0332368 -0.0465576
0 -0.0127745 -0.0317893 -0.0440848
0 -0.0120212 -0.0298658 -0.0412333
0 -0.0109596 -0.0274998 -0.0380823
0 -0.00964444 -0.0247422 -0.0346612
0 -0.008142 -0.0216523 -0.0309519
0 -0.00651442 -0.0182883 -0.0269066
0 -0.00482051 -0.0147059 -0.0224811
0 -0.00311713 -0.010961 -0.0176631
0 -0.00144818 -0.00710651 -0.0124815
0 0.000167571 -0.00318649 -0.00699804
0 0.00173534 0.000763973 -0.00129968
0 0.00327581 0.004719 0.00450745
0 0.00481695 0.00866265 0.0103114
0 0.00638581 0.0125856 0.0160105
0 0.00800195 0.016482 0.0215284
0 0.0096741 0.0203485 0.0268253
0 0.0113984 0.0241816 0.0318994
0 0.0131557 0.0279703 0.0367757
0 0.0149074 0.031687 0.0414881
0 0.0165953 0.0352812 0.046059
0 0.018146 0.038675 0.0504806
0 0.0194773 0.0417643 0.0546961
0 0.02051 0.0444298 0.0585979
0 0.021186 0.0465521 0.0620402
0 0.0214817 0.0480283 0.0648574
0 0.0214189 0.0487908 0.0668842
0 0.0210603 0.0488197 0.0679679
0 0.0204889 0.0481446 0.0679771
0 0.0197783 0.0468336 0.0668121
0 0.0189679 0.0449612 0.064429
0 0.0180594 0.0425793 0.0608725
0 0.0170294 0.0397098 0.0562847
0 0.0158404 0.0363574 0.0508756
0 0.0144516 0.0325309 0.0448811
0 0.0128284 0.0282556 0.0385166
0 0.0109494 0.0235767 0.0319409
0 0.00882264 0.0185678 0.025251
0 0.00649791 0.013338 0.0185031
0 0.00406456 0.00802048 0.0117375
0 0.00163021 0.00274443 0.00499135
0 -0.000703415 -0.0023848 -0.00169449
0 -0.00285883 -0.0072871 -0.0082712
0 -0.00479018 -0.0118978 -0.0146774
0 -0.00647293 -0.0161515 -0.0208286
0 -0.00789148 -0.0199756 -0.0266116
0 -0.00903904 -0.0233002 -0.0318945
0 -0.00992414 -0.0260739 -0.0365359
0 -0.0105745 -0.0282749 -0.0403921
0 -0.0110316 -0.0299078 -0.0433339
0 -0.0113324 -0.0309815 -0.0452589
0 -0.0114898 -0.0314862 -0.0460947
0 -0.0114882 -0.0313909 -0.0458094
0 -0.0112893 -0.0306563 -0.0444272
0 -0.0108425 -0.0292508 -0.0420299
0 -0.0101 -0.0271612 -0.0387358
0 -0.00903479 -0.0244055 -0.0346752
0 -0.00766259 -0.0210523 -0.0299839
0 -0.00605851 -0.0172371 -0.0248144
0 -0.00434823 -0.0131591 -0.0193449
0 -0.00267698 -0.00905693 -0.0137773
0 -0.00116603 -0.00516348 -0.00832114
0 0.000117274 -0.00166125 -0.00317573
0 0.0011544 0.00133124 0.00147078
0 0.0019642 0.00376281 0.00545062
0 0.00259861 0.00565336 0.00864259
0 0.00313807 0.00709004 0.0110014
0 0.0036777 0.00821101 0.0125764
0 0.00429263 0.00916505 0.0134981
0 0.0050033 0.0100632 0.0139473
0 0.00576722 0.0109493 0.0141247
0 0.0064983 0.0117999 0.0142188
0 0.00709663 0.0125462 0.0143744
0 0.00747329 0.0131034 0.0146675
0 0.00756922 0.013396 0.0150927
0 0.00737538 0.0133815 0.0155737
0 0.00694654 0.0130687 0.015991
0 0.00639035 0.0125207 0.0162145
0 0.00583369 0.0118371 0.0161321
0 0.00538451 0.011124 0.0156738
0 0.00510743 0.0104658 0.0148314
0 0.00501665 0.0099085 0.0136682
0 0.00507922 0.00945723 0.0123088
0 0.00522671 0.00908608 0.0109145
0 0.00537211 0.00875433 0.00964703
0 0.00543114 0.00842197 0.00863652
0 0.00534837 0.00806453 0.00796296
0 0.00511329 0.00767992 0.00764698
0 0.00475773 0.00728505 0.0076476
0 0.00434585 0.00691345 0.00787649
0 0.00396285 0.00661552 0.00822703
0 0.00369748 0.00645252 0.0086041
0 0.00362066 0.00648232 0.00894648
0 0.00376487 0.00673978 0.00923647
0 0.00410996 0.00721808 0.00949405
0 0.00458388 0.00786114 0.00976049
0 0.00508257 0.00857365 0.0100801
0 0.00550231 0.00924619 0.0104858
0 0.00576877 0.00978352 0.0109868
0 0.00584791 0.0101214 0.0115558
0 0.00574282 0.0102308 0.0121216
0 0.00548753 0.0101162 0.0125784
0 0.00514265 0.0098126 0.012813
0 0.00478445 0.0093764 0.0127349
0 0.00448284 0.00886829 0.0122958
0 0.00427932 0.0083343 0.0114967
0 0.00417319 0.00779073 0.0103822
0 0.00412384 0.00722158 0.00902965
0 0.00406532 0.0065882 0.00753236
0 0.00392674 0.00584629 0.00598293
0 0.0036526 0.00496247 0.00445705
0 0.00321824 0.00392584 0.00300257
0 0.00263864 0.00275558 0.00163807
0 0.00196145 0.00149703 0.000353448
0 0.00125109 0.000210827 -0.000884381
0 0.000573304 -0.00103922 -0.00211821
0 -1.92155e-05 -0.0022005 -0.00338621
0 -0.000494371 -0.00324061 -0.00470671
0 -0.00084354 -0.00414933 -0.00606862
0 -0.00108105 -0.00493435 -0.00743103
0 -0.00123941 -0.0056129 -0.00873126
0 -0.00135996 -0.0062027 -0.00989773
0 -0.00148017 -0.00671519 -0.0108633
0 -0.00162797 -0.007159 -0.0115827
0 -0.00182079 -0.00754625 -0.0120464
0 -0.00206107 -0.00789031 -0.0122828
0 -0.00233284 -0.00819972 -0.0123496
0 -0.0025989 -0.00846798 -0.012315
0 -0.00279964 -0.00866097 -0.0122305
0 -0.0028702 -0.00872152 -0.0121158
0 -0.00276963 -0.00859247 -0.011962
0 -0.00249493 -0.00823618 -0.0117325
0 -0.00207669 -0.00764475 -0.0113671
0 -0.0015684 -0.00684382 -0.0107952
0 -0.00102851 -0.00588244 -0.00995212
0 -0.000500998 -0.00481219 -0.00879136
0 -8.08536e-06 -0.00367195 -0.00729902
0 0.000443953 -0.00248562 -0.00550638
0 0.000858716 -0.00126627 -0.00348934
0 0.00124809 -2.18252e-05 -0.00135319
0 0.00162911 0.00123615 0.000785704
0 0.0020186 0.00248441 0.00281576
0 0.00242981 0.00368882 0.00464562
0 0.00287192 0.00481577 0.00621855
0 0.00334455 0.00584122 0.00751557
0 0.00382825 0.00674872 0.00854545
0 0.00428442 0.00752367 0.00933336
0 0.0046685 0.00815134 0.00991466
0 0.00494282 0.00861478 0.0103262
0 0.00508636 0.00889756 0.0105983
0 0.00510149 0.00899354 0.0107514
0 0.00500733 0.00890955 0.0107892
0 0.0048274 0.00866132 0.0106934
0 0.00458006 0.00826515 0.0104253
0 0.00427589 0.00772993 0.00993532
0 0.00392639 0.00706055 0.00918316
0 0.00355048 0.00626563 0.00815544
0 0.00316742 0.00535825 0.00686779
0 0.00278669 0.0043538 0.00535848
0 0.00240524 0.00326965 0.00368167
0 0.00200956 0.00212266 0.00189858
0 0.00158271 0.000928046 6.99396e-05
0 0.00111575 -0.000296399 -0.0017465
0 0.000614482 -0.00152665 -0.00349818
0 9.91949e-05 -0.00273087 -0.00514028
0 -0.000403431 -0.0038732 -0.00664021
0 -0.000872206 -0.00492291 -0.00798317
0 -0.00129224 -0.0058558 -0.0091664
0 -0.00164742 -0.00664831 -0.0101856
0 -0.00191879 -0.00727552 -0.0110276
0 -0.00208956 -0.007714 -0.0116697
0 -0.00214957 -0.00794446 -0.0120825
0 -0.00209537 -0.00795099 -0.0122298
0 -0.00192883 -0.00771957 -0.0120711
0 -0.00165639 -0.00723889 -0.0115668
0 -0.00128723 -0.00650221 -0.0106849
0 -0.000828332 -0.00550659 -0.00940376
0 -0.000281265 -0.0042521 -0.00771466
0 0.0003538 -0.00274521 -0.0056268
0 0.00106781 -0.00100797 -0.00317641
0 0.00183584 0.000913081 -0.000432741
0 0.00262491 0.00295028 0.00250927
0 0.00340278 0.00502184 0.0055375
0 0.00413758 0.00703527 0.00852457
0 0.00480093 0.00889827 0.0113365
0 0.00537384 0.0105331 0.0138465
0 0.00585073 0.0118877 0.0159498
0 0.00624078 0.0129434 0.0175778
0 0.0065665 0.0137178 0.0187095
0 0.00685679 0.0142589 0.0193739
0 0.00712849 0.0146216 0.0196362
0 0.00737178 0.0148415 0.0195764
0 0.00755091 0.0149211 0.0192723
0 0.00761297 0.0148264 0.01878
0 0.00750291 0.014496 0.0181191
0 0.00718096 0.0138627 0.0172685
0 0.00663681 0.0128772 0.0161738
0 0.0058961 0.0115291 0.0147655
0 0.00501632 0.00985575 0.0129821
0 0.00407411 0.00793671 0.010792
0 0.00314571 0.00587404 0.00820683
0 0.00228701 0.0037651 0.0052842
0 0.00152617 0.00168584 0.00212611
0 0.000868252 -0.000310119 -0.00112689
0 0.00029757 -0.0021878 -0.00431356
0 -0.0002165 -0.00392227 -0.00727285
0 -0.000703665 -0.0054867 -0.00985887
0 -0.00118576 -0.00685562 -0.0119628
0 -0.00167465 -0.00801258 -0.0135301
0 -0.00215999 -0.00894234 -0.0145546
0 -0.00260179 -0.0096196 -0.0150637
0 -0.00293958 -0.0100078 -0.0151064
0 -0.00311109 -0.0100669 -0.014743
0 -0.00306753 -0.00976191 -0.0140292
0 -0.00278196 -0.00906944 -0.0129985
0 -0.00225868 -0.00798847 -0.0116596
0 -0.00153782 -0.00655113 -0.0100066
0 -0.000686432 -0.00482348 -0.00803137
0 0.000219354 -0.00289514 -0.00573586
0 0.00111455 -0.000859631 -0.0031408
0 0.00195631 0.00120272 -0.000293521
0 0.0027275 0.0032361 0.00273044
0 0.00343686 0.00521416 0.00583528
0 0.00410832 0.00713097 0.00891287
0 0.00476712 0.00898581 0.0118526
0 0.00542881 0.0107682 0.0145528
0 0.00609601 0.0124513 0.0169338
0 0.00675735 0.0139931 0.0189461
0 0.00738064 0.0153357 0.0205612
0 0.00791886 0.0164162 0.0217658
0 0.00832666 0.0171829 0.0225617
0 0.00856888 0.0176018 0.0229574
0 0.00862136 0.017653 0.0229573
0 0.00846713 0.0173233 0.0225499
0 0.00809873 0.0166023 0.0217071
0 0.00752793 0.0154888 0.0203962
0 0.00679036 0.0140014 0.0185972
0 0.00593658 0.0121825 0.0163129
0 0.00502239 0.0100997 0.0135786
0 0.00410433 0.00784676 0.010473
0 0.00322449 0.00552392 0.0071093
0 0.0023994 0.00321676 0.00362071
0 0.00162807 0.000991784 0.000153692
0 0.000898788 -0.00110419 -0.00314479
0 0.000192126 -0.00304534 -0.00614745
0 -0.000507972 -0.00481975 -0.00875971
0 -0.00120536 -0.00642092 -0.0109289
0 -0.00188774 -0.0078382 -0.0126449
0 -0.00252816 -0.00905183 -0.0139337
0 -0.00309692 -0.0100424 -0.0148523
0 -0.00356842 -0.0107996 -0.015475
0 -0.00391908 -0.0113215 -0.0158721
0 -0.00412816 -0.0116122 -0.0160939
0 -0.00418265 -0.0116787 -0.0161639
0 -0.00408002 -0.011527 -0.016077
0 -0.00383158 -0.0111603 -0.0158042
0 -0.0034603 -0.0105797 -0.0153006
0 -0.00299417 -0.00978463 -0.0145141
0 -0.00246434 -0.0087811 -0.0134021
0 -0.00190207 -0.00758922 -0.0119457
0 -0.0013353 -0.00624655 -0.0101597
0 -0.000783447 -0.00480338 -0.00809591
0 -0.000248285 -0.0033059 -0.0058307
0 0.000288418 -0.00177978 -0.00344852
0 0.000855737 -0.000226375 -0.00102806
0 0.00147974 0.00136769 0.00136594
0 0.00217448 0.00301584 0.00368861
0 0.00293738 0.00471675 0.00591635
0 0.00374984 0.006448 0.00804568
0 0.00458327 0.00817287 0.0100905
0 0.00539846 0.00984501 0.0120677
0 0.0061431 0.0114078 0.0139775
0 0.00676162 0.0127988 0.0157939
0 0.00721255 0.0139596 0.0174677
0 0.00748076 0.0148457 0.0189329
0 0.0075789 0.0154328 0.0201145
0 0.00753811 0.0157154 0.0209347
0 0.00739716 0.015705 0.0213229
0 0.00718794 0.0154203 0.0212228
0 0.00692148 0.0148718 0.0205948
0 0.00659101 0.0140595 0.0194283
0 0.0061821 0.0129778 0.0177506
0 0.00568023 0.0116226 0.0156228
0 0.00507379 0.00999894 0.0131269
0 0.00435856 0.00812889 0.010353
0 0.00354412 0.00605859 0.00739332
0 0.00264924 0.00384975 0.00433071
0 0.00170109 0.00157212 0.00123698
0 0.000737711 -0.000699154 -0.00182094
0 -0.000195778 -0.00288825 -0.0047769
0 -0.00105008 -0.00491926 -0.00755894
0 -0.00177676 -0.00671619 -0.0100854
0 -0.00233725 -0.00820669 -0.0122676
0 -0.00271085 -0.00932895 -0.014017
0 -0.0028962 -0.0100388 -0.0152515
0 -0.00290944 -0.0103174 -0.015905
0 -0.00277838 -0.0101747 -0.0159361
0 -0.00253111 -0.00964207 -0.0153309
0 -0.00218796 -0.00876266 -0.0141084
0 -0.00176128 -0.00758311 -0.012325
0 -0.0012572 -0.00614772 -0.0100711
0 -0.000674298 -0.00449329 -0.00745628
0 -4.262e-06 -0.00264792 -0.00459188
0 0.000760841 -0.000635948 -0.0015787
0 0.00162265 0.00151677 0.00150292
0 0.00257462 0.00377982 0.00459832
0 0.00360023 0.00611651 0.0076762
0 0.004672 0.00848522 0.010722
0 0.00575143 0.0108401 0.0137272
0 0.00679127 0.0131298 0.0166767
0 0.00774491 0.0152994 0.0195423
0 0.00857901 0.0172983 0.0222846
0 0.00927371 0.0190804 0.0248482
0 0.00981532 0.0205981 0.0271568
0 0.0101974 0.0218062 0.02912
0 0.0104225 0.022667 0.030644
0 0.0104968 0.0231495 0.0316379
0 0.0104257 0.0232286 0.0320195
0 0.0102112 0.0228843 0.0317215
0 0.00985273 0.0221042 0.0307023
0 0.0093516 0.0208884 0.0289614
0 0.00871399 0.0192554 0.0265461
0 0.00795146 0.0172466 0.0235477
0 0.00707989 0.0149268 0.0200924
0 0.0061125 0.0123712 0.0163187
0 0.00505496 0.00964716 0.0123542
0 0.00391024 0.00680677 0.0083031
0 0.00268952 0.00389213 0.00424685
0 0.00142197 0.000950297 0.00025369
0 0.000153321 -0.00195684 -0.00361492
0 -0.00106491 -0.00475528 -0.00730347
0 -0.00218183 -0.00736313 -0.010756
0 -0.00315364 -0.00969791 -0.0139104
0 -0.0039514 -0.011689 -0.0166991
0 -0.00455985 -0.0132837 -0.019049
0 -0.00497483 -0.0144499 -0.0208852
0 -0.00520137 -0.0151748 -0.0221387
0 -0.00525001 -0.0154587 -0.0227527
0 -0.00513385 -0.0153072 -0.0226872
0 -0.00486397 -0.0147265 -0.0219239
0 -0.00444722 -0.0137232 -0.0204724
0 -0.00388717 -0.012308 -0.018373
0 -0.00318749 -0.0105024 -0.0156943
0 -0.00235522 -0.00834513 -0.0125283
0 -0.00139951 -0.00589029 -0.00897892
0 -0.000335433 -0.00320524 -0.00515498
0 0.000810988 -0.000367431 -0.00116713
0 0.00200406 0.00254128 0.00287743
0 0.00320104 0.00543567 0.0068753
0 0.0043582 0.00823076 0.0107283
0 0.00543478 0.0108457 0.0143438
0 0.00639436 0.0132054 0.0176335
0 0.00720985 0.0152459 0.0205165
0 0.00786554 0.0169182 0.0229226
0 0.0083535 0.0181879 0.024791
0 0.0086666 0.0190292 0.0260663
0 0.00879827 0.019422 0.0267001
0 0.00874986 0.0193571 0.0266607
0 0.00853116 0.0188399 0.0259413
0 0.00815474 0.0178898 0.0245643
0 0.00763121 0.0165383 0.0225811
0 0.00696734 0.0148245 0.020065
0 0.00616834 0.0127918 0.0171045
0 0.00524359 0.0104877 0.0137955
0 0.00421495 0.00796994 0.0102393
0 0.00311979 0.00531179 0.00654048
0 0.00200387 0.00259899 0.00280241
0 0.000913104 -7.47647e-05 -0.00087315
0 -0.000111629 -0.00261427 -0.00438471
0 -0.0010373 -0.0049327 -0.00763227
0 -0.00183999 -0.00696042 -0.0105208
0 -0.00250673 -0.00865041 -0.0129669
0 -0.00303665 -0.00998047 -0.0149075
0 -0.00343559 -0.0109476 -0.0163036
0 -0.00370643 -0.0115561 -0.0171355
0 -0.00384729 -0.0118109 -0.0174024
0 -0.00385644 -0.0117184 -0.0171254
0 -0.00373266 -0.011287 -0.0163462
0 -0.00347402 -0.0105283 -0.0151196
0 -0.00308308 -0.0094659 -0.01351
0 -0.00256874 -0.00813704 -0.0115875
0 -0.0019403 -0.00658398 -0.00941576
0 -0.00120808 -0.00484716 -0.00704769
0 -0.00038575 -0.0029611 -0.00452453
0 0.000511247 -0.000950797 -0.00187345
0 0.00146372 0.00116295 0.000887883
0 0.00244554 0.00335309 0.00374169
0 0.00342365 0.00557811 0.00666044
0 0.00436281 0.00778153 0.0096016
0 0.00523421 0.00990146 0.0125094
0 0.00601973 0.0118811 0.0153167
0 0.00670897 0.0136726 0.0179445
0 0.00729661 0.0152371 0.0203052
0 0.00778183 0.0165455 0.0223137
0 0.00816705 0.0175783 0.0238982
0 0.00845578 0.0183245 0.02501
0 0.00864976 0.0187795 0.0256279
0 0.00874838 0.0189433 0.0257592
0 0.00874539 0.0188176 0.0254341
0 0.00862635 0.0184018 0.0246955
0 0.0083771 0.0176994 0.0235935
0 0.00799089 0.0167219 0.0221772
0 0.00746951 0.0154883 0.020488
0 0.00682368 0.0140241 0.0185564
0 0.00607212 0.0123592 0.0164044
0 0.00524004 0.0105274 0.0140495
0 0.00436071 0.00857088 0.011516
0 0.00347185 0.00654155 0.00884092
0 0.00260438 0.00449252 0.00606997
0 0.00178229 0.00247673 0.00326105
0 0.00102383 0.000545461 0.000486117
0 0.000335052 -0.0012609 -0.00217818
0 -0.000291766 -0.00291841 -0.00466033
0 -0.000872876 -0.00441987 -0.00690185
0 -0.00142201 -0.00576756 -0.00885987
0 -0.00194178 -0.00696297 -0.0105076
0 -0.00242041 -0.0079979 -0.0118331
0 -0.00282779 -0.00884345 -0.0128302
0 -0.00312384 -0.00945284 -0.0134938
0 -0.00327326 -0.00977582 -0.0138205
0 -0.00325257 -0.00977049 -0.013803
0 -0.00305873 -0.00941922 -0.0134321
0 -0.00271056 -0.00873664 -0.0126994
0 -0.00223769 -0.00776007 -0.0115963
0 -0.00166947 -0.00653401 -0.0101173
0 -0.0010288 -0.00509754 -0.00826518
0 -0.000333624 -0.00348139 -0.00606086
0 0.000399688 -0.00171278 -0.00354958
0 0.00115784 0.0001809 -0.000797988
0 0.00193452 0.00217158 0.00211692
0 0.00272837 0.00422745 0.0051157
0 0.00353732 0.00630908 0.0081196
0 0.00435229 0.0083675 0.0110506
0 0.00515296 0.0103453 0.0138312
0 0.00591335 0.0121856 0.0163915
0 0.00660804 0.0138395 0.0186742
0 0.00721298 0.0152666 0.0206339
0 0.00770114 0.0164274 0.0222289
0 0.00804384 0.0172803 0.0234175
0 0.00822336 0.0177895 0.0241649
0 0.00823598 0.017931 0.0244441
0 0.00808765 0.0176948 0.0242338
0 0.00779256 0.0170891 0.0235215
0 0.00737092 0.0161417 0.0223115
0 0.00684719 0.0148963 0.0206308
0 0.00624696 0.0134064 0.0185324
0 0.0055942 0.0117299 0.0160935
0 0.00491043 0.00992546 0.0134116
0 0.00421095 0.00804851 0.0105934
0 0.00350439 0.00614901 0.00774464
0 0.00279569 0.00427157 0.00496201
0 0.00208871 0.00245531 0.00232709
0 0.00139537 0.000741359 -9.03096e-05
0 0.000740757 -0.000821543 -0.00222895
0 0.000157128 -0.00218142 -0.00403923
0 -0.000324222 -0.00328968 -0.00548482
0 -0.000681563 -0.00410985 -0.00654442
0 -0.000904772 -0.00462158 -0.00720897
0 -0.0009908 -0.00481826 -0.00747513
0 -0.000941814 -0.0047053 -0.0073435
0 -0.000764477 -0.00429757 -0.00681936
0 -0.000470119 -0.00361682 -0.00591512
0 -7.45527e-05 -0.0026899 -0.00465293
0 0.000404025 -0.00154719 -0.00306552
0 0.000946458 -0.000222993 -0.00119697
0 0.00153045 0.00124028 0.000894147
0 0.0021316 0.00279109 0.00313558
0 0.00272925 0.00437386 0.00544766
0 0.00330856 0.00593316 0.00774719
0 0.00385854 0.00741678 0.00994962
0 0.00436614 0.00877501 0.0119692
0 0.00481572 0.00996232 0.013725
0 0.00519611 0.0109443 0.0151531
0 0.00550117 0.0116984 0.0162118
0 0.00572439 0.0122088 0.0168788
0 0.00585634 0.0124635 0.0171477
0 0.00588414 0.0124521 0.0170246
0 0.00579235 0.0121637 0.0165213
0 0.00556955 0.0115916 0.015654
0 0.00521527 0.01074 0.0144432
0 0.00474191 0.0096272 0.0129143
0 0.00417231 0.00828769 0.0110997
0 0.00353461 0.00676885 0.00903944
0 0.00285836 0.00512687 0.00678397
0 0.0021724 0.00342252 0.00439655
0 0.00150283 0.00171681 0.00195354
0 0.000869239 6.53233e-05 -0.000460628
0 0.0002822 -0.00148671 -0.0027613
0 -0.000252343 -0.00290273 -0.0048679
0 -0.000725488 -0.00414787 -0.00670459
0 -0.00112218 -0.00518358 -0.00820192
0 -0.00142065 -0.00596389 -0.00929718
0 -0.0015939 -0.00643536 -0.00993388
0 -0.00162087 -0.00655005 -0.0100697
0 -0.0014966 -0.00628273 -0.0096864
0 -0.00122919 -0.00563737 -0.00878971
0 -0.000834176 -0.00464566 -0.00740781
0 -0.00032869 -0.00335644 -0.00558666
0 0.000274987 -0.00181894 -0.00338223
0 0.000963009 -7.99239e-05 -0.000863275
0 0.00171243 0.00181074 0.00188526
0 0.00250102 0.00380496 0.00477542
0 0.0033114 0.00585539 0.00772299
0 0.00412649 0.0079097 0.0106451
0 0.00493152 0.00991614 0.013466
0 0.00571102 0.0118253 0.0161176
0 0.00644309 0.0135867 0.018536
0 0.00709888 0.0151473 0.0206595
0 0.00764888 0.0164564 0.0224324
0 0.00807644 0.0174784 0.023816
0 0.00838103 0.0181995 0.024792
0 0.00856773 0.0186196 0.0253543
0 0.00863975 0.018746 0.0255034
0 0.00859874 0.0185904 0.0252468
0 0.00844749 0.0181681 0.0246017
0 0.00819026 0.0174956 0.0235948
0 0.00783017 0.0165872 0.0222581
0 0.00736861 0.0154542 0.0206251
0 0.00680784 0.0141093 0.018731
0 0.00615027 0.0125659 0.0166075
0 0.00539898 0.0108386 0.0142799
0 0.00456416 0.00894881 0.0117721
0 0.00366488 0.00692516 0.00910822
0 0.00272531 0.00480188 0.00631401
0 0.00177237 0.00261914 0.00342063
0 0.000830901 0.000420269 0.000466915
0 -8.08494e-05 -0.00175313 -0.00250101
0 -0.000952097 -0.00386442 -0.00543109
0 -0.00178017 -0.0058856 -0.00827072
0 -0.00256338 -0.00779276 -0.010966
0 -0.00329334 -0.0095596 -0.01346
0 -0.0039537 -0.0111543 -0.0156947
0 -0.00452429 -0.012539 -0.0176147
0 -0.00498796 -0.0136744 -0.0191732
0 -0.00532698 -0.0145172 -0.0203278
0 -0.00552119 -0.0150234 -0.0210375
0 -0.00555747 -0.0151627 -0.0212725
0 -0.00543137 -0.0149232 -0.0210151
0 -0.00514235 -0.0143064 -0.0202551
0 -0.00469716 -0.0133263 -0.018995
0 -0.00411048 -0.012007 -0.0172527
0 -0.00340056 -0.0103773 -0.0150585
0 -0.00258376 -0.00846724 -0.0124514
0 -0.00167049 -0.00630483 -0.00947498
0 -0.000669218 -0.0039192 -0.00617831
0 0.000411608 -0.00134106 -0.00261435
0 0.00156052 0.00139532 0.0011605
0 0.00275896 0.00424775 0.0050848
0 0.00398607 0.0071684 0.00909562
0 0.00522117 0.0101055 0.0131285
0 0.00644253 0.0130052 0.0171162
0 0.00762721 0.0158147 0.0209911
0 0.00875126 0.0184848 0.0246871
0 0.00978966 0.0209694 0.0281421
0 0.0107138 0.0232194 0.0312935
0 0.0114941 0.0251801 0.0340766
0 0.0121089 0.0267987 0.0364297
0 0.012546 0.0280293 0.0382943
0 0.0127992 0.0288353 0.0396132
0 0.0128691 0.0291952 0.0403344
0 0.0127639 0.0291046 0.0404165
0 0.0124978 0.0285747 0.0398345
0 0.0120857 0.0276282 0.038587
0 0.0115391 0.0262929 0.0367025
0 0.0108674 0.0246014 0.0342405
0 0.0100778 0.0225892 0.0312844
0 0.00917369 0.0202931 0.0279289
0 0.00816135 0.0177554 0.0242727
0 0.00705724 0.0150302 0.0204155
0 0.00588871 0.0121839 0.0164528
0 0.00469031 0.009292 0.0124728
0 0.00349752 0.00643051 0.00855373
0 0.00234148 0.0036682 0.0047653
0 0.0012514 0.00106599 0.00117516
0 0.00025588 -0.00132208 -0.00214829
0 -0.000619643 -0.00344904 -0.00513861
0 -0.00135652 -0.00527532 -0.00773487
0 -0.00194735 -0.00677242 -0.00988774
0 -0.0023926 -0.00792182 -0.0115595
0 -0.00269731 -0.00871476 -0.0127247
0 -0.00287257 -0.0091564 -0.0133748
0 -0.00293086 -0.00926313 -0.0135177
0 -0.00288142 -0.00905858 -0.0131763
0 -0.0027307 -0.00857249 -0.0123919
0 -0.00248276 -0.0078364 -0.0112216
0 -0.00213973 -0.00687917 -0.009731
0 -0.00170577 -0.00572878 -0.0079903
0 -0.00119354 -0.00441984 -0.00607311
0 -0.000623932 -0.00299688 -0.00405197
0 -1.75355e-05 -0.0015078 -0.00198904
0 0.000609984 3.41582e-06 6.87464e-05
0 0.00124269 0.00149699 0.00208437
0 0.00185913 0.00293498 0.0040232
0 0.00243664 0.0042838 0.0058526
0 0.00295625 0.00551509 0.00754201
0 0.00340534 0.00660556 0.00906206
0 0.00378199 0.0075415 0.0103886
0 0.00408948 0.00831566 0.0115004
0 0.00432854 0.00892072 0.0123746
0 0.00449617 0.00934701 0.0129885
0 0.00458729 0.00958282 0.0133225
0 0.00460191 0.00962221 0.0133683
0 0.00454978 0.0094738 0.0131362
0 0.00444527 0.00916051 0.0126538
0 0.00429959 0.00871252 0.0119595
0 0.00412028 0.00816266 0.0111006
0 0.00391423 0.00754432 0.0101312
0 0.00368603 0.00688603 0.00910654
0 0.00343825 0.00620956 0.00807592
0 0.00317732 0.00553553 0.0070842
0 0.0029142 0.00488569 0.00616963
0 0.00265949 0.00428019 0.00535878
0 0.0024221 0.00373703 0.00466654
0 0.00221057 0.00327241 0.00409959
0 0.00203557 0.00290219 0.00366191
0 0.0019108 0.00264307 0.00335972
0 0.00184877 0.00250981 0.00320144
0 0.00185625 0.00251181 0.00319593
0 0.00193273 0.00265172 0.00335126
0 0.00207447 0.00292914 0.00367708
0 0.0022768 0.00334297 0.00418424
0 0.00253176 0.00388859 0.004879
0 0.00283231 0.00456055 0.0057637
0 0.00317568 0.00535475 0.00683764
0 0.00355824 0.00626304 0.00809095
0 0.00396942 0.00726614 0.00949751
0 0.00439314 0.00833284 0.0110149
0 0.00481537 0.00942677 0.0125914
0 0.00522525 0.0105096 0.0141692
0 0.00561164 0.0115413 0.0156851
0 0.00596436 0.0124846 0.0170761
0 0.00627498 0.0133076 0.018286
0 0.00653439 0.0139825 0.0192665
0 0.00672885 0.0144809 0.0199755
0 0.00684108 0.0147731 0.0203774
0 0.00685723 0.0148337 0.0204471
0 0.0067718 0.014647 0.0201733
0 0.00658858 0.0142123 0.0195594
0 0.00631778 0.0135447 0.0186225
0 0.00597295 0.012673 0.0173935
0 0.00556747 0.0116348 0.0159143
0 0.00510912 0.0104652 0.0142323
0 0.00459971 0.00919043 0.012394
0 0.00404151 0.00782881 0.0104454
0 0.00344038 0.00639509 0.00842839
0 0.00280387 0.00490264 0.00637683
0 0.00214037 0.00336703 0.00431499
0 0.00146207 0.00181114 0.00226262
0 0.000787478 0.000267282 0.000240963
0 0.000139007 -0.00122625 -0.00172435
0 -0.000458744 -0.00262763 -0.0035998
0 -0.000978932 -0.00389064 -0.00533903
0 -0.00139751 -0.00496813 -0.00688442
0 -0.00170106 -0.00582017 -0.008175
0 -0.00188644 -0.00641707 -0.00915098
0 -0.00195556 -0.00673794 -0.00975613
0 -0.00191187 -0.00676901 -0.00994199
0 -0.00176206 -0.00650589 -0.00967617
0 -0.00151663 -0.00595564 -0.00894961
0 -0.00118658 -0.00513534 -0.00777906
0 -0.000783319 -0.0040735 -0.00620915
0 -0.000316381 -0.00280717 -0.00430733
0 0.000210046 -0.00137567 -0.0021535
0 0.000797492 0.000185667 0.00017087
0 0.00145093 0.00185025 0.00259364
0 0.00217066 0.00359673 0.00505588
0 0.00294525 0.005401 0.00751107
0 0.00375444 0.00723395 0.00992692
0 0.00457393 0.00906186 0.0122842
0 0.0053763 0.0108461 0.0145693
0 0.00613414 0.0125469 0.0167687
0 0.00682038 0.014124 0.0188595
0 0.00740812 0.0155343 0.0208018
0 0.00787866 0.0167382 0.0225432
0 0.00822765 0.0177066 0.0240268
0 0.00846108 0.0184215 0.0251956
0 0.00858888 0.0188739 0.0259978
0 0.00862324 0.0190642 0.0263952
0 0.00857376 0.0189972 0.0263678
0 0.00844134 0.0186755 0.0259108
0 0.00822143 0.0181006 0.0250387
0 0.00790579 0.0172736 0.0237822
0 0.00748323 0.0161951 0.0221793
0 0.00694994 0.0148747 0.0202763
0 0.00631595 0.0133393 0.0181275
0 0.00560022 0.0116295 0.0157884
0 0.00482464 0.00979402 0.0133109
0 0.00401204 0.00788329 0.0107427
0 0.00318656 0.00594656 0.00813021
0 0.00237254 0.00402923 0.00552037
0 0.00159011 0.00216958 0.00295939
0 0.00085368 0.000398735 0.000492465
0 0.000173063 -0.00125746 -0.00183602
0 -0.000444676 -0.00277617 -0.00398311
0 -0.000992683 -0.00413417 -0.00590678
0 -0.00146617 -0.00530968 -0.00756932
0 -0.00186312 -0.00628503 -0.00894049
0 -0.00218162 -0.00704699 -0.00999801
0 -0.00241723 -0.00758582 -0.0107272
0 -0.00256287 -0.00789461 -0.0111215
0 -0.00261107 -0.00796926 -0.0111827
0 -0.00255361 -0.00780589 -0.0109186
0 -0.00238133 -0.00739844 -0.010337
0 -0.00208736 -0.00674011 -0.00944407
0 -0.00167153 -0.00582801 -0.00824388
0 -0.00114263 -0.00466836 -0.00674076
0 -0.000516187 -0.00327798 -0.00494078
0 0.000187547 -0.00168484 -0.00285614
0 0.000942906 7.01152e-05 -0.00051388
0 0.00172524 0.00194004 0.00204391
0 0.00251596 0.00387966 0.0047628
0 0.0032998 0.00584502 0.0075752
0 0.00406489 0.00779432 0.0104046
0 0.00480327 0.00968873 0.0131715
0 0.00550811 0.0114915 0.0157977
0 0.00616914 0.0131648 0.0182099
0 0.00677078 0.0146674 0.0203417
0 0.0072929 0.0159546 0.0221361
0 0.0077142 0.0169823 0.0235471
0 0.00801822 0.0177154 0.0245433
0 0.00819564 0.0181335 0.0251078
0 0.00824203 0.0182295 0.0252349
0 0.00815855 0.0180105 0.0249309
0 0.0079528 0.0174965 0.0242157
0 0.00763431 0.0167133 0.0231187
0 0.00720977 0.0156845 0.0216728
0 0.00668513 0.0144308 0.0199138
0 0.00607247 0.0129762 0.0178837
0 0.00538982 0.0113513 0.01563
0 0.00465571 0.00959196 0.0132007
0 0.00388789 0.00773868 0.0106446
0 0.00310511 0.00583659 0.00801313
0 0.00232855 0.00393504 0.00536436
0 0.00158228 0.00208754 0.00276539
0 0.000890777 0.000349361 0.000291122
0 0.000274275 -0.00122783 -0.00198214
0 -0.000251655 -0.00259824 -0.00398106
0 -0.000675364 -0.00372279 -0.00563884
0 -0.00099263 -0.00457421 -0.00690326
0 -0.00120575 -0.00513885 -0.00774087
0 -0.00131578 -0.005411 -0.00813346
0 -0.0013169 -0.00538635 -0.00807347
0 -0.00119974 -0.00506169 -0.0075652
0 -0.000960005 -0.00444064 -0.00662919
0 -0.000603153 -0.00353818 -0.00530269
0 -0.000143827 -0.00238311 -0.00363681
0 0.0003981 -0.0010174 -0.00169224
0 0.00100229 0.000507988 0.000464995
0 0.00164976 0.00213865 0.00276654
0 0.00232324 0.00382266 0.00514484
0 0.00300611 0.00551361 0.00753495
0 0.00368168 0.00717089 0.00987551
0 0.00433441 0.00875986 0.0121109
0 0.00494901 0.010249 0.0141909
0 0.00551101 0.0116082 0.0160722
0 0.00601177 0.0128128 0.0177228
0 0.00645074 0.0138486 0.0191256
0 0.0068312 0.0147114 0.0202753
0 0.00715281 0.0154022 0.021172
0 0.00741036 0.0159237 0.0218194
0 0.00759633 0.0162777 0.0222246
0 0.00769979 0.0164587 0.0223926
0 0.00770467 0.0164491 0.0223209
0 0.00759756 0.0162273 0.0220016
0 0.00737789 0.015781 0.0214296
0 0.00705729 0.0151135 0.0206031
0 0.00665363 0.0142431 0.0195238
0 0.00618713 0.0132004 0.0181997
0 0.00567769 0.0120222 0.0166488
0 0.00513989 0.0107426 0.0148983
0 0.00458387 0.00938869 0.0129861
0 0.00401961 0.00798569 0.0109626
0 0.00345539 0.00655747 0.00888559
0 0.00289671 0.00512881 0.00681433
0 0.00234733 0.00372713 0.00480581
0 0.00181035 0.00238136 0.00291051
0 0.00129141 0.00112082 0.00117065
0 0.000801 -2.67529e-05 -0.000380395
0 0.00035122 -0.00104055 -0.00172152
0 -4.78065e-05 -0.00190966 -0.0028454
0 -0.000389451 -0.00263204 -0.00375672
0 -0.000669892 -0.00321076 -0.00446793
0 -0.000884748 -0.00364785 -0.00499246
0 -0.00102773 -0.00394086 -0.00533979
0 -0.00109144 -0.00408251 -0.00551268
0 -0.00106995 -0.00406326 -0.00550683
0 -0.000961829 -0.00387533 -0.00531241
0 -0.000771736 -0.0035164 -0.00491693
0 -0.000509118 -0.00299073 -0.00430816
0 -0.000184921 -0.00230744 -0.00347651
0 0.000187232 -0.00148261 -0.00242221
0 0.000589818 -0.000541785 -0.00116221
0 0.00100758 0.000485396 0.000272004
0 0.00143284 0.00157186 0.0018395
0 0.00186404 0.00269507 0.00349286
0 0.00230143 0.0038358 0.00518087
0 0.00274483 0.00497669 0.00685336
0 0.00319409 0.00610223 0.00846762
0 0.00364764 0.00719734 0.00999114
0 0.00410003 0.00824577 0.0114014
0 0.00454203 0.00923137 0.0126858
0 0.00496093 0.0101386 0.01384
0 0.00534033 0.0109507 0.0148624
0 0.00566473 0.0116527 0.0157533
0 0.00592422 0.0122337 0.0165139
0 0.00611518 0.0126881 0.0171436
0 0.00624102 0.0130173 0.0176404
0 0.00630856 0.0132264 0.0179988
0 0.00632373 0.0133202 0.0182084
0 0.00629321 0.0133037 0.0182592
0 0.00622449 0.0131827 0.0181449
0 0.00612486 0.012964 0.0178662
0 0.00599893 0.0126547 0.0174307
0 0.005844 0.0122574 0.0168481
0 0.00565504 0.0117729 0.0161325
0 0.00542963 0.0112048 0.0153033
0 0.00516663 0.0105581 0.0143803
0 0.00486855 0.00984235 0.0133835
0 0.00454328 0.00907351 0.0123338
0 0.00420244 0.00827247 0.0112521
0 0.00385584 0.00745895 0.0101553
0 0.00350906 0.0066474 0.00905515
0 0.00316641 0.00584811 0.00796198
0 0.00282963 0.00506531 0.00688314
0 0.00249811 0.00429804 0.00582307
0 0.00217062 0.00354319 0.00478444
0 0.00184676 0.00279861 0.00376921
0 0.00152841 0.00206611 0.00278016
0 0.00122173 0.00135468 0.00182412
0 0.000938488 0.000682946 0.000915799
0 0.000692749 7.60711e-05 7.72552e-05
0 0.0004937 -0.000442691 -0.000667523
0 0.000341954 -0.000859338 -0.00129736
0 0.000232196 -0.00117049 -0.00179503
0 0.000155696 -0.00138295 -0.00214979
0 0.000106903 -0.00150594 -0.00235509
0 8.69505e-05 -0.0015437 -0.00240678
0 9.87771e-05 -0.00149636 -0.00230706
0 0.000143469 -0.00136299 -0.00206624
0 0.000219928 -0.0011446 -0.00170123
0 0.000326764 -0.000845543 -0.00123152
0 0.000463758 -0.000473302 -0.000675652
0 0.000630791 -3.82987e-05 -5.0556e-05
0 0.000827955 0.000449083 0.00063028
0 0.00105473 0.000980728 0.00135729
0 0.00130475 0.00154685 0.00211993
0 0.0015683 0.00213711 0.00290794
0 0.00183929 0.00274544 0.00371654
0 0.00211469 0.00336835 0.00454447
0 0.00239274 0.00400303 0.00539149
0 0.00267297 0.0046476 0.00625781
0 0.00295443 0.00529944 0.00714175
0 0.00323371 0.00595299 0.00803692
0 0.0035029 0.00659667 0.00892889
0 0.00374946 0.00721055 0.00979311
0 0.00396157 0.00776995 0.0105988
0 0.00413401 0.00825265 0.0113152
0 0.00426883 0.00864394 0.0119162
0 0.00437173 0.00893813 0.0123809
0 0.00444917 0.00913842 0.0126969
0 0.00450632 0.00925434 0.0128621
0 0.0045437 0.00929509 0.0128822
0 0.00455576 0.00926368 0.0127675
0 0.00453553 0.00915825 0.0125331
0 0.00447925 0.00897642 0.012198
0 0.00438648 0.00871828 0.0117818
0 0.0042591 0.00838872 0.0113012
0 0.00410094 0.00799855 0.0107701
0 0.00392205 0.00756829 0.0102044
0 0.00374014 0.0071287 0.00962677
0 0.00357451 0.00671394 0.00906479
0 0.00344296 0.00635735 0.00855068
0 0.00336212 0.00609127 0.00812357
0 0.00334146 0.00594081 0.00782332
0 0.00337879 0.00591837 0.00768293
0 0.0034634 0.00602404 0.0077257
0 0.00358027 0.00624705 0.00796207
0 0.00371477 0.00656894 0.00838782
0 0.00385585 0.00696711 0.00898339
0 0.00399992 0.00742086 0.00971771
0 0.00415029 0.00791458 0.0105517
0 0.00431496 0.00843956 0.0114436
0 0.00450435 0.0089944 0.0123552
0 0.00472271 0.00957619 0.0132517
0 0.00496568 0.010175 0.0141031
0 0.00522279 0.0107726 0.0148879
0 0.0054781 0.0113426 0.0155909
0 0.00571319 0.0118546 0.0162012
0 0.00591284 0.0122832 0.0167131
0 0.00606653 0.0126127 0.0171228
0 0.00616384 0.012832 0.0174214
0 0.00619535 0.0129319 0.0175931
0 0.00615669 0.0129049 0.0176186
0 0.00604658 0.0127411 0.0174739
0 0.00586681 0.0124293 0.0171332
0 0.00562245 0.0119601 0.0165726
0 0.00531894 0.0113277 0.0157729
0 0.00496163 0.0105322 0.0147229
0 0.00455575 0.00958045 0.0134238
0 0.00410643 0.00848639 0.0118909
0 0.00361985 0.00727098 0.0101554
0 0.00310483 0.00596266 0.008264
0 0.00257094 0.00459392 0.00627366
0 0.00202576 0.00319717 0.00424525
0 0.00147662 0.00180459 0.0022398
0 0.000933284 0.000449286 0.00031551
0 0.000409015 -0.000834449 -0.0014753
0 -8.31829e-05 -0.00201549 -0.00309192
0 -0.000533881 -0.00307041 -0.00450838
0 -0.000934695 -0.00398235 -0.00570968
0 -0.00127601 -0.00473852 -0.00668715
0 -0.00154667 -0.00532743 -0.00743473
0 -0.00173661 -0.00573859 -0.00794804
0 -0.00183861 -0.00596267 -0.00822328
0 -0.00184427 -0.00598727 -0.0082511
0 -0.00174702 -0.00580003 -0.00801832
0 -0.00154894 -0.00539649 -0.00751501
0 -0.00125812 -0.0047798 -0.00673462
0 -0.000885142 -0.00395939 -0.00567484
0 -0.000442945 -0.00295227 -0.00434216
0 5.39791e-05 -0.00178267 -0.00275525
0 0.000592338 -0.000479313 -0.000945284
0 0.00116134 0.000927341 0.00104486
0 0.00174976 0.00240402 0.00316014
0 0.00234599 0.00391569 0.00533773
0 0.0029416 0.00542922 0.00751525
0 0.00353167 0.00691475 0.00963589
0 0.00411271 0.00834617 0.0116511
0 0.00468013 0.0097015 0.0135224
0 0.00522511 0.0109611 0.015221
0 0.00573376 0.0121053 0.0167265
0 0.0061889 0.0131131 0.0180244
0 0.0065695 0.0139579 0.0190996
0 0.00685439 0.0146089 0.0199335
0 0.00703077 0.0150395 0.0205082
0 0.00709552 0.0152332 0.0208069
0 0.00705261 0.0151864 0.020815
0 0.00691099 0.014908 0.0205221
0 0.00668289 0.0144167 0.0199261
0 0.0063837 0.0137377 0.0190381
0 0.00603005 0.0128989 0.0178835
0 0.00563519 0.0119266 0.0164988
0 0.00520702 0.0108443 0.0149284
0 0.0047485 0.00967255 0.0132204
0 0.0042599 0.0084307 0.0114233
0 0.00374432 0.00714086 0.00958527
0 0.00320995 0.00583001 0.00775308
0 0.00266796 0.00452789 0.00596828
0 0.00213188 0.00326547 0.00426652
0 0.00161699 0.00207307 0.00267749
0 0.00113848 0.000977175 0.00122465
0 0.000711298 5.52515e-07 -7.22912e-05
0 0.000349974 -0.000836219 -0.00119453
0 6.46872e-05 -0.00151649 -0.00212506
0 -0.000140807 -0.00202897 -0.00284913
0 -0.000266228 -0.00236586 -0.00335185
0 -0.000312692 -0.00252208 -0.00361798
0 -0.000283704 -0.00249694 -0.00363571
0 -0.000185464 -0.00229517 -0.00340005
0 -2.46232e-05 -0.00192545 -0.00291377
0 0.000194588 -0.00139789 -0.00218697
0 0.000469719 -0.000723653 -0.00123763
0 0.000797579 8.37906e-05 -9.1945e-05
0 0.00117385 0.00100875 0.00121815
0 0.00159329 0.0020336 0.00265846
0 0.00204882 0.00313792 0.00419452
0 0.00252982 0.00429687 0.00579154
0 0.00302344 0.00548241 0.00741557
0 0.0035172 0.00666631 0.009035
0 0.00399879 0.00782071 0.0106185
0 0.00445564 0.00891826 0.0121334
0 0.00487535 0.00993267 0.0135451
0 0.00524706 0.0108399 0.0148194
0 0.00556357 0.0116206 0.0159257
0 0.00582047 0.0122598 0.0168383
0 0.00601436 0.0127463 0.0175365
0 0.00614271 0.013072 0.0180056
0 0.00620471 0.0132325 0.0182383
0 0.0062012 0.0132275 0.0182343
0 0.00613365 0.0130602 0.0179994
0 0.00600375 0.0127373 0.0175444
0 0.00581425 0.0122689 0.0168855
0 0.00556949 0.0116686 0.0160434
0 0.00527489 0.0109517 0.015042
0 0.00493721 0.0101359 0.0139078
0 0.00456444 0.00924035 0.0126687
0 0.0041657 0.00828603 0.0113532
0 0.00375118 0.00729509 0.00998967
0 0.00333155 0.00629009 0.00860614
0 0.00291721 0.00529324 0.00722987
0 0.00251749 0.00432566 0.00588753
0 0.00214016 0.00340675 0.00460516
0 0.00179201 0.00255444 0.00340868
0 0.00147946 0.00178554 0.00232373
0 0.00120774 0.0011147 0.00137398
0 0.000980902 0.00055427 0.000579892
0 0.000802325 0.000114315 -4.20895e-05
0 0.000674522 -0.000197849 -0.000480561
0 0.000599425 -0.00037759 -0.000729297
0 0.000578463 -0.000422876 -0.000787052
0 0.000612482 -0.000334176 -0.000657041
0 0.000701443 -0.000114442 -0.000346278
0 0.000843664 0.000230441 0.000134742
0 0.00103541 0.00069138 0.000772405
0 0.00127102 0.00125608 0.00155032
0 0.00154357 0.00190967 0.00244982
0 0.00184537 0.00263534 0.00345027
0 0.00216773 0.00341438 0.00452854
0 0.00250153 0.0042268 0.00565919
0 0.00283837 0.0050526 0.00681548
0 0.00317078 0.0058725 0.00797015
0 0.00349187 0.00666795 0.00909578
0 0.00379544 0.00742159 0.0101654
0 0.00407603 0.0081176 0.0111538
0 0.0043287 0.00874191 0.0120382
0 0.00454883 0.00928208 0.0127992
0 0.00473212 0.00972741 0.0134211
0 0.0048748 0.0100693 0.0138925
0 0.00497378 0.0103014 0.0142067
0 0.0050267 0.01042 0.0143609
0 0.00503212 0.0104238 0.0143561
0 0.00498978 0.0103143 0.0141966
0 0.00490089 0.0100959 0.0138895
0 0.00476823 0.0097756 0.0134447
0 0.00459614 0.00936294 0.0128747
0 0.00439028 0.00886976 0.0121939
0 0.00415729 0.00830965 0.0114193
0 0.0039043 0.00769762 0.0105693
0 0.00363853 0.0070496 0.00966437
0 0.00336686 0.00638186 0.00872629
0 0.00309564 0.00571043 0.00777792
0 0.00283057 0.00505084 0.00684255
0 0.00257667 0.00441771 0.00594316
0 0.00233836 0.0038246 0.00510163
0 0.00211976 0.00328391 0.00433793
0 0.00192496 0.00280684 0.00366934
0 0.00175808 0.00240322 0.00310986
0 0.00162296 0.00208132 0.00266993
0 0.00152298 0.00184767 0.00235639
0 0.00146087 0.0017068 0.00217285
0 0.00143842 0.00166097 0.0021199
0 0.00145619 0.00170999 0.00219544
0 0.00151332 0.00185106 0.00239487
0 0.00160747 0.00207888 0.00271124
0 0.00173501 0.00238587 0.00313542
0 0.00189132 0.00276262 0.00365621
0 0.00207116 0.00319819 0.00426044
0 0.00226909 0.00368056 0.00493293
0 0.00247971 0.00419708 0.00565684
0 0.00269783 0.00473493 0.00641401
0 0.00291854 0.00528136 0.00718562
0 0.00313727 0.00582387 0.00795272
0 0.00334974 0.00635037 0.00869673
0 0.00355192 0.0068494 0.00939998
0 0.0037399 0.00731034 0.0100463
0 0.00390991 0.00772342 0.0106213
0 0.00405825 0.00808004 0.0111133
0 0.00418152 0.00837289 0.0115131
0 0.00427677 0.00859617 0.0118138
0 0.00434172 0.00874574 0.0120116
0 0.00437489 0.00881923 0.0121046
0 0.00437576 0.00881619 0.0120934
0 0.0043448 0.00873811 0.0119806
0 0.00428346 0.00858841 0.011771
0 0.0041941 0.00837229 0.0114708
0 0.0040799 0.0080965 0.0110884
0 0.00394458 0.00776907 0.0106336
0 0.00379218 0.00739892 0.0101179
0 0.00362685 0.00699561 0.0095542
0 0.00345269 0.00656905 0.00895651
0 0.00327369 0.0061293 0.00833955
0 0.00309364 0.00568646 0.00771827
0 0.00291621 0.00525048 0.00710744
0 0.00274503 0.00483104 0.00652136
0 0.00258373 0.00443741 0.00597346
