0 0.000865205 0.00144236 0.00165476
0 0.000858233 0.0014235 0.00163078
0 0.000849535 0.00140106 0.00160272
0 0.000839141 0.00137509 0.00157067
0 0.000827092 0.0013457 0.00153475
0 0.000813439 0.00131296 0.00149506
0 0.000798242 0.00127698 0.00145173
0 0.000781571 0.00123787 0.00140487
0 0.000763506 0.00119575 0.00135459
0 0.000744131 0.00115074 0.00130104
0 0.000723535 0.00110298 0.00124433
0 0.000701812 0.00105261 0.00118461
0 0.000679057 0.000999785 0.001122
0 0.000655367 0.000944653 0.00105665
0 0.000630838 0.000887376 0.000988704
0 0.000605568 0.000828121 0.000918324
0 0.000579652 0.000767058 0.000845665
0 0.000553188 0.00070436 0.000770894
0 0.000526263 0.000640197 0.000694175
0 0.000498962 0.000574741 0.000615684
0 0.000471365 0.000508165 0.000535603
0 0.000443546 0.000440641 0.000454122
0 0.000415584 0.000372347 0.000371436
0 0.00038755 0.000303458 0.000287745
0 0.00035952 0.000234153 0.000203263
0 0.000331577 0.00016462 0.000118223
0 0.000303812 9.5054e-05 3.28707e-05
0 0.0002763 2.56436e-05 -5.25515e-05
0 0.000249094 -4.34396e-05 -0.000137814
0 0.000222223 -0.000112041 -0.000222706
0 0.000195708 -0.000180014 -0.000307016
0 0.000169581 -0.000247198 -0.00039052
0 0.000143887 -0.000313424 -0.000472977
0 0.00011867 -0.000378524 -0.000554146
0 9.39528e-05 -0.000442354 -0.000633811
0 6.97413e-05 -0.00050479 -0.00071178
0 4.60419e-05 -0.000565712 -0.000787864
0 2.28807e-05 -0.000624987 -0.000861865
0 3.0386e-07 -0.000682469 -0.000933572
0 -2.16496e-05 -0.00073803 -0.00100279
0 -4.29713e-05 -0.000791584 -0.00106938
0 -6.36662e-05 -0.000843065 -0.0011332
0 -8.37159e-05 -0.000892396 -0.00119414
0 -0.000103069 -0.000939472 -0.00125204
0 -0.000121679 -0.000984202 -0.00130678
0 -0.000139546 -0.00102655 -0.00135829
0 -0.000156675 -0.00106648 -0.00140653
0 -0.000172991 -0.00110391 -0.00145141
0 -0.00018832 -0.00113864 -0.00149272
0 -0.000202441 -0.00117044 -0.00153025
0 -0.000215151 -0.00119908 -0.0015638
0 -0.000226279 -0.00122437 -0.00159319
0 -0.00023569 -0.00124614 -0.00161831
0 -0.000243292 -0.00126428 -0.00163907
0 -0.000249018 -0.00127867 -0.0016554
0 -0.000252794 -0.00128919 -0.00166723
0 -0.000254562 -0.00129572 -0.00167449
0 -0.000254429 -0.00129832 -0.00167728
0 -0.000252744 -0.00129729 -0.00167592
0 -0.000249962 -0.00129305 -0.00167087
0 -0.000246431 -0.00128593 -0.00166246
0 -0.000242333 -0.00127613 -0.0016509
0 -0.000237751 -0.00126377 -0.00163629
0 -0.000232738 -0.001249 -0.00161875
0 -0.000227327 -0.00123193 -0.00159837
0 -0.000221514 -0.0012127 -0.00157524
0 -0.00021523 -0.00119139 -0.00154939
0 -0.000208352 -0.00116801 -0.00152081
0 -0.000200777 -0.00114264 -0.00148955
0 -0.000192515 -0.00111545 -0.00145575
0 -0.000183717 -0.00108673 -0.00141972
0 -0.000174566 -0.00105685 -0.0013818
0 -0.00016513 -0.001026 -0.00134224
0 -0.000155375 -0.000994325 -0.0013012
0 -0.000145267 -0.000961914 -0.00125884
0 -0.000134629 -0.000928724 -0.0012152
0 -0.000122838 -0.000894234 -0.00116984
0 -0.000108808 -0.000857423 -0.00112186
0 -9.1463e-05 -0.000817219 -0.00107031
0 -7.04527e-05 -0.000773204 -0.0010149
0 -4.64696e-05 -0.000725944 -0.000956356
0 -2.07022e-05 -0.000676471 -0.00089583
0 6.22591e-06 -0.000625238 -0.0008339
0 3.47986e-05 -0.000571592 -0.000770007
0 6.59559e-05 -0.000514403 -0.000703092
0 9.97978e-05 -0.000453366 -0.000632892
0 0.000134973 -0.000389621 -0.000560558
0 0.000169384 -0.000325097 -0.000487983
0 0.000201437 -0.000261296 -0.000416591
0 0.000230576 -0.000198786 -0.00034682
0 0.000256829 -0.000137646 -0.000278584
0 0.000280353 -7.7915e-05 -0.000211722
0 0.000301688 -1.93211e-05 -0.000145748
0 0.00032215 3.91442e-05 -7.94348e-05
0 0.000343444 9.88774e-05 -1.11823e-05
0 0.000366366 0.000160407 5.97128e-05
0 0.000389734 0.000222321 0.000131971
0 0.000410909 0.000281755 0.000202818
0 0.000427687 0.000336236 0.000269835
0 0.000439654 0.000385019 0.000332296
0 0.000447811 0.000428729 0.000390797
0 0.000453343 0.000468168 0.00044606
0 0.000457008 0.000503727 0.000498337
0 0.000459448 0.000535717 0.000547745
0 0.00046165 0.00056485 0.000594747
0 0.000464947 0.000592257 0.000640169
0 0.000470696 0.000619202 0.000684921
0 0.000480081 0.000646896 0.000729831
0 0.000494222 0.000676622 0.00077578
0 0.00051439 0.00070996 0.000823936
0 0.000541919 0.000748716 0.000875699
0 0.000577451 0.000794156 0.000931961
0 0.000619875 0.000845925 0.000992044
0 0.000666392 0.000902046 0.00105373
0 0.0007142 0.000960521 0.00111488
0 0.00076201 0.0010208 0.00117496
0 0.000809692 0.00108341 0.00123459
0 0.000856808 0.00114843 0.00129415
0 0.000901969 0.00121488 0.00135304
0 0.000943376 0.00128115 0.00141021
0 0.000979601 0.00134585 0.00146488
0 0.00101002 0.00140814 0.00151697
0 0.00103495 0.00146796 0.0015672
0 0.00105536 0.00152578 0.00161682
0 0.00107202 0.00158171 0.00166676
0 0.0010847 0.00163486 0.0017168
0 0.00109253 0.00168358 0.00176593
0 0.00109531 0.0017269 0.00181366
0 0.00109405 0.00176504 0.00186053
0 0.00108997 0.00179848 0.00190718
0 0.00108348 0.00182696 0.0019533
0 0.00107492 0.00185024 0.00199841
0 0.00106588 0.00186947 0.00204324
0 0.00105915 0.00188715 0.00208965
0 0.00105725 0.00190574 0.00213932
0 0.00106185 0.00192707 0.00219316
0 0.00107445 0.00195311 0.00225208
0 0.0010972 0.00198664 0.0023178
0 0.0011323 0.00203083 0.00239238
0 0.00118061 0.00208776 0.00247682
0 0.00124104 0.00215768 0.00257042
0 0.00131115 0.00223972 0.00267148
0 0.00138841 0.00233282 0.00277835
0 0.00147055 0.00243617 0.00288988
0 0.00155535 0.00254884 0.00300511
0 0.00163991 0.00266896 0.00312244
0 0.00171995 0.00279295 0.00323891
0 0.00178992 0.00291553 0.00335013
0 0.00184437 0.00303098 0.00345158
0 0.0018804 0.00313551 0.00354093
0 0.00189924 0.00322898 0.00361963
0 0.00190522 0.00331388 0.00369184
0 0.0019027 0.00339251 0.00376152
0 0.00189426 0.00346528 0.00383059
0 0.0018814 0.00353153 0.0038997
0 0.00186653 0.00359163 0.00397019
0 0.00185358 0.00364776 0.00404484
0 0.00184665 0.00370266 0.00412656
0 0.00184811 0.00375782 0.00421655
0 0.00185845 0.00381339 0.00431422
0 0.00187808 0.00386996 0.004419
0 0.00190889 0.00393012 0.00453195
0 0.00195355 0.00399777 0.00465515
0 0.00201303 0.00407556 0.00478924
0 0.00208451 0.00416275 0.00493135
0 0.00216189 0.00425547 0.00507558
0 0.00223814 0.00434887 0.00521521
0 0.00230721 0.00443875 0.00534452
0 0.00236447 0.00452188 0.00545912
0 0.00240623 0.00459537 0.00555546
0 0.00242923 0.00465607 0.00563021
0 0.00243049 0.00470032 0.00568006
0 0.00240726 0.00472396 0.00570163
0 0.00235721 0.00472243 0.00569156
0 0.00227857 0.00469104 0.00564662
0 0.00217046 0.00462528 0.00556404
0 0.00203332 0.0045215 0.00544192
0 0.00186906 0.00437715 0.00527942
0 0.00168095 0.00419095 0.00507671
0 0.00147322 0.00396278 0.00483472
0 0.00125055 0.00369335 0.00455473
0 0.00101729 0.00338372 0.00423779
0 0.000776828 0.00303477 0.00388414
0 0.000531671 0.00264727 0.00349333
0 0.000284526 0.00222298 0.00306537
0 3.96417e-05 0.00176596 0.00260212
0 -0.000197253 0.00128255 0.00210739
0 -0.000420396 0.000779996 0.00158564
0 -0.000625472 0.000264933 0.00104066
0 -0.000809996 -0.000256994 0.000475209
0 -0.000972686 -0.000780667 -0.0001083
0 -0.00111274 -0.00130091 -0.000707146
0 -0.00122962 -0.00181235 -0.00131804
0 -0.00132306 -0.00230952 -0.0019371
0 -0.00139296 -0.00278674 -0.00255973
0 -0.00143952 -0.00323833 -0.0031807
0 -0.00146468 -0.00366022 -0.00379557
0 -0.00147415 -0.00405212 -0.00440273
0 -0.00147751 -0.00441805 -0.00500374
0 -0.00148571 -0.0047643 -0.00560112
0 -0.00150746 -0.00509606 -0.00619502
0 -0.00154624 -0.00541457 -0.00678055
0 -0.00159998 -0.00571678 -0.00734765
0 -0.0016637 -0.00599777 -0.007884
0 -0.00173328 -0.00625422 -0.00837888
0 -0.00180843 -0.00648724 -0.00882636
0 -0.0018933 -0.00670274 -0.00922604
0 -0.00199448 -0.00690954 -0.00958139
0 -0.00211801 -0.00711618 -0.00989688
0 -0.00226632 -0.00732797 -0.0101751
0 -0.00243716 -0.00754578 -0.0104158
0 -0.00262534 -0.0077676 -0.0106174
0 -0.00282546 -0.00799105 -0.0107796
0 -0.00303356 -0.00821486 -0.0109047
0 -0.00324717 -0.0084389 -0.0109975
0 -0.00346411 -0.00866299 -0.0110642
0 -0.00368092 -0.00888542 -0.0111099
0 -0.00389196 -0.00910202 -0.0111383
0 -0.00408992 -0.00930657 -0.0111511
0 -0.00426712 -0.00949205 -0.0111491
0 -0.00441686 -0.00965195 -0.0111335
0 -0.0045343 -0.00978114 -0.011106
0 -0.00461695 -0.00987649 -0.0110694
0 -0.00466485 -0.00993707 -0.0110278
0 -0.00467894 -0.00996262 -0.0109842
0 -0.00465775 -0.00995034 -0.0109379
0 -0.00459626 -0.00989367 -0.010883
0 -0.00448967 -0.00978598 -0.0108121
0 -0.00433856 -0.00962577 -0.0107214
0 -0.00414986 -0.00941775 -0.0106123
0 -0.00393298 -0.00916922 -0.010487
0 -0.00369487 -0.00888522 -0.010345
0 -0.00343709 -0.00856575 -0.0101792
0 -0.00315706 -0.00820686 -0.00997842
0 -0.00285269 -0.0078052 -0.0097316
0 -0.00252706 -0.00736245 -0.00943291
0 -0.00218816 -0.00688517 -0.0090817
0 -0.0018441 -0.00638019 -0.00867819
0 -0.00149933 -0.00585095 -0.00822003
0 -0.00115526 -0.00529798 -0.00770303
0 -0.000812848 -0.00472136 -0.00712382
0 -0.000474054 -0.00412217 -0.00648143
0 -0.000141779 -0.00350231 -0.00577718
0 0.000180977 -0.00286372 -0.00501392
0 0.000492233 -0.00220748 -0.00419497
0 0.000791806 -0.00153315 -0.00332321
0 0.00108087 -0.000839217 -0.00240137
0 0.00136013 -0.000125008 -0.0014336
0 0.00162798 0.000607393 -0.000427078
0 0.00187975 0.00135223 0.000607489
0 0.00210861 0.0021007 0.00165683
0 0.00230815 0.00284343 0.00270762
0 0.00247498 0.00357305 0.003749
0 0.00260908 0.00428452 0.00477281
0 0.00271232 0.00497362 0.00577207
0 0.002788 0.0056363 0.00674025
0 0.00284182 0.00626985 0.00767222
0 0.00288218 0.00687379 0.00856503
0 0.00291885 0.00744897 0.00941717
0 0.00296065 0.00799589 0.0102267
0 0.00301346 0.00851302 0.0109898
0 0.00307971 0.00899657 0.0117003
0 0.00315991 0.00944222 0.0123513
0 0.00325502 0.00984754 0.012938
0 0.00336723 0.0102128 0.0134583
0 0.00349826 0.0105395 0.0139111
0 0.00364709 0.0108276 0.0142946
0 0.00380987 0.0110758 0.0146054
0 0.00398238 0.0112833 0.0148417
0 0.0041625 0.0114526 0.0150052
0 0.00435022 0.0115889 0.0151011
0 0.00454568 0.0116981 0.0151362
0 0.00474756 0.0117853 0.0151172
0 0.00495284 0.0118538 0.0150501
0 0.00515671 0.0119055 0.0149402
0 0.00535217 0.0119397 0.014791
0 0.00553056 0.0119537 0.0146045
0 0.00568304 0.0119434 0.0143827
0 0.00580189 0.0119051 0.0141277
0 0.00588034 0.0118348 0.0138417
0 0.00591183 0.011727 0.0135259
0 0.00588994 0.0115754 0.0131799
0 0.0058096 0.0113734 0.0128029
0 0.00566833 0.0111157 0.0123947
0 0.0054672 0.0107995 0.0119562
0 0.00521149 0.0104253 0.0114909
0 0.00491059 0.00999728 0.0110045
0 0.0045764 0.00952231 0.0105039
0 0.0042213 0.00900818 0.00999547
0 0.00385668 0.00846259 0.00948383
0 0.00349143 0.00789194 0.00897098
0 0.00313061 0.00730022 0.00845513
0 0.00277563 0.00668898 0.00793105
0 0.00242555 0.00605841 0.0073914
0 0.00207834 0.00540832 0.00682814
0 0.00173233 0.00473934 0.00623407
0 0.00138909 0.00405557 0.00560598
0 0.00105557 0.00336663 0.00494694
0 0.000741879 0.00268531 0.00426441
0 0.00045656 0.00202278 0.00356568
0 0.000204001 0.0013861 0.00285532
0 -1.55489e-05 0.000778101 0.00213518
0 -0.000205236 0.000198152 0.00140505
0 -0.000370618 -0.00035702 0.000663399
0 -0.000518457 -0.000892136 -9.15946e-05
0 -0.000655782 -0.00141247 -0.000861353
0 -0.000789321 -0.00192332 -0.00164651
0 -0.000924918 -0.00242946 -0.00244654
0 -0.00106706 -0.00293466 -0.00325934
0 -0.00121893 -0.00344179 -0.00408131
0 -0.0013825 -0.00395299 -0.00490746
0 -0.00155786 -0.00446891 -0.00573093
0 -0.00174243 -0.00498772 -0.00654245
0 -0.00193141 -0.00550533 -0.00733098
0 -0.00212056 -0.0060179 -0.00808667
0 -0.00230936 -0.00652474 -0.00880419
0 -0.00250117 -0.00702853 -0.00948302
0 -0.00270041 -0.00753257 -0.0101248
0 -0.00290929 -0.00803765 -0.0107302
0 -0.00312581 -0.0085401 -0.0112969
0 -0.00334394 -0.0090319 -0.0118195
0 -0.00355594 -0.00950315 -0.0122917
0 -0.00375519 -0.00994476 -0.0127094
0 -0.00393751 -0.0103499 -0.013071
0 -0.00410173 -0.0107146 -0.0133784
0 -0.00424975 -0.011038 -0.0136363
0 -0.00438533 -0.0113215 -0.0138519
0 -0.0045126 -0.0115676 -0.0140324
0 -0.00463504 -0.0117788 -0.0141846
0 -0.00475514 -0.0119576 -0.0143141
0 -0.00487341 -0.0121055 -0.0144248
0 -0.00498765 -0.0122225 -0.0145177
0 -0.00509457 -0.0123082 -0.0145923
0 -0.00519276 -0.0123646 -0.0146502
0 -0.00528353 -0.0123972 -0.0146949
0 -0.00536863 -0.0124123 -0.0147305
0 -0.00544633 -0.0124128 -0.0147571
0 -0.00550897 -0.0123957 -0.0147689
0 -0.00554471 -0.0123532 -0.014755
0 -0.00554274 -0.0122775 -0.0147052
0 -0.00549792 -0.0121654 -0.0146139
0 -0.0054123 -0.0120191 -0.0144817
0 -0.00529231 -0.0118442 -0.0143132
0 -0.00514353 -0.0116444 -0.0141114
0 -0.0049672 -0.011418 -0.0138746
0 -0.00476105 -0.011159 -0.0135972
0 -0.00452248 -0.0108605 -0.013273
0 -0.00425105 -0.0105168 -0.0128973
0 -0.00395048 -0.0101265 -0.0124696
0 -0.00363004 -0.00969328 -0.0119946
0 -0.00330361 -0.00922618 -0.0114819
0 -0.00298542 -0.00873551 -0.0109421
0 -0.00268452 -0.00822766 -0.0103812
0 -0.00240177 -0.00770231 -0.0097982
0 -0.00213215 -0.00715457 -0.0091869
0 -0.00186944 -0.00657951 -0.00854073
0 -0.00160918 -0.00597491 -0.00785563
0 -0.00134961 -0.00534189 -0.00713082
0 -0.00109191 -0.00468504 -0.00636912
0 -0.000839866 -0.00401179 -0.00557655
0 -0.000598427 -0.00333101 -0.00476092
0 -0.000371939 -0.00265116 -0.00393012
0 -0.000162791 -0.00197892 -0.00309073
0 2.94496e-05 -0.00131812 -0.00224698
0 0.000208082 -0.000669516 -0.00140061
0 0.000378769 -3.12023e-05 -0.000551168
0 0.000549066 0.000601036 0.000303668
0 0.000727573 0.00123293 0.00116731
0 0.000921767 0.00186965 0.00204223
0 0.00113479 0.00251263 0.00292691
0 0.00136398 0.0031581 0.00381437
0 0.00160332 0.0037993 0.00469451
0 0.00184757 0.00443056 0.00555811
0 0.00209449 0.00504948 0.00639924
0 0.00234458 0.00565659 0.00721495
0 0.00259936 0.00625358 0.00800378
0 0.00285928 0.00684123 0.00876386
0 0.00312233 0.00741792 0.00949157
0 0.003384 0.00797943 0.0101815
0 0.00363849 0.00852018 0.0108276
0 0.00388 0.00903429 0.0114243
0 0.0041036 0.00951642 0.0119675
0 0.00430584 0.00996228 0.0124546
0 0.00448455 0.0103684 0.0128847
0 0.00463733 0.0107308 0.0132565
0 0.00476032 0.0110433 0.0135672
0 0.00484885 0.0112989 0.0138128
0 0.00489983 0.0114917 0.0139908
0 0.00491398 0.0116192 0.0141017
0 0.00489577 0.0116831 0.0141494
0 0.00485101 0.0116861 0.0141388
0 0.0047849 0.0116314 0.014074
0 0.00470294 0.0115228 0.0139592
0 0.00461247 0.011367 0.0138007
0 0.0045217 0.0111724 0.0136057
0 0.00443592 0.0109459 0.013379
0 0.00435481 0.0106899 0.0131202
0 0.0042741 0.0104036 0.0128257
0 0.00418934 0.0100867 0.0124919
0 0.00409815 0.00974124 0.0121177
0 0.00400016 0.00937147 0.0117044
0 0.00389599 0.00898248 0.0112546
0 0.00378596 0.00857888 0.0107714
0 0.00366952 0.00816395 0.0102569
0 0.0035445 0.0077389 0.00971233
0 0.00340608 0.00730151 0.00913632
0 0.00324645 0.0068458 0.00852458
0 0.003057 0.0063638 0.00787177
0 0.00283146 0.00584883 0.00717443
0 0.00256821 0.00529771 0.00643302
0 0.00227077 0.0047115 0.00565241
0 0.00194745 0.00409545 0.00484165
0 0.00161125 0.00345925 0.00401408
0 0.00127843 0.00281611 0.00318615
0 0.000962565 0.0021773 0.00237181
0 0.00066781 0.0015456 0.00157595
0 0.000388012 0.00091441 0.000793386
0 0.000112206 0.00027299 1.4102e-05
0 -0.000168267 -0.000386649 -0.000769825
0 -0.000454559 -0.00106466 -0.00155914
0 -0.000738673 -0.00175163 -0.00234561
0 -0.00100697 -0.00243176 -0.00311535
0 -0.00124712 -0.00308959 -0.00385546
0 -0.00145245 -0.00371411 -0.00455812
0 -0.00162052 -0.00429759 -0.00521903
0 -0.0017493 -0.00483187 -0.00583343
0 -0.00183566 -0.00530709 -0.00639463
0 -0.00187713 -0.0057136 -0.0068956
0 -0.00187484 -0.00604519 -0.00733202
0 -0.00183575 -0.00630173 -0.00770465
0 -0.00177362 -0.00649072 -0.00802065
0 -0.00170972 -0.00662849 -0.00829471
0 -0.00167295 -0.00674102 -0.00854984
0 -0.00169479 -0.00685941 -0.00881292
0 -0.00179581 -0.00700686 -0.00910185
0 -0.00197238 -0.00718527 -0.00941246
0 -0.00219533 -0.00737326 -0.00971698
0 -0.00242283 -0.0075379 -0.00997624
0 -0.00261962 -0.00765272 -0.0101583
0 -0.00277226 -0.00771196 -0.0102531
0 -0.0028924 -0.00773356 -0.0102758
0 -0.00300611 -0.00774878 -0.0102565
0 -0.00313707 -0.00778586 -0.0102238
0 -0.00329565 -0.00785941 -0.0101946
0 -0.00347746 -0.00796897 -0.0101717
0 -0.00366827 -0.00810368 -0.0101494
0 -0.00385139 -0.00824934 -0.0101196
0 -0.00401321 -0.00839362 -0.0100771
0 -0.00414455 -0.00852725 -0.0100205
0 -0.00423972 -0.00864315 -0.00995074
0 -0.00429652 -0.00873654 -0.0098712
0 -0.00431524 -0.00880418 -0.0097861
0 -0.00429144 -0.00883732 -0.00969335
0 -0.00420836 -0.00881412 -0.0095766
0 -0.00404208 -0.00870444 -0.00940993
0 -0.00377633 -0.00848441 -0.00917235
0 -0.00341317 -0.00814736 -0.00885843
0 -0.0029734 -0.00770486 -0.00847917
0 -0.00248905 -0.00718026 -0.00805525
0 -0.00199351 -0.0065997 -0.00760805
0 -0.00151404 -0.0059856 -0.00715298
0 -0.00106919 -0.00535444 -0.00669755
0 -0.000670256 -0.00471809 -0.00624315
0 -0.000324672 -0.00408704 -0.00578872
0 -3.86857e-05 -0.00347274 -0.00533393
0 0.000181375 -0.00288865 -0.00488071
0 0.000327248 -0.0023517 -0.00443547
0 0.00038807 -0.00188272 -0.00400999
0 0.000356001 -0.00150045 -0.00361603
0 0.000236108 -0.0012112 -0.00325534
0 5.46402e-05 -0.000999763 -0.00291094
0 -0.00014048 -0.000827898 -0.0025457
0 -0.000292583 -0.00064611 -0.00211428
0 -0.00035637 -0.000412925 -0.00158216
0 -0.000311214 -0.000107806 -0.000938178
0 -0.000161772 0.000267965 -0.000194682
0 6.9671e-05 0.000698144 0.000620022
0 0.000353082 0.00116046 0.00147108
0 0.00066064 0.00163574 0.00232661
0 0.000975351 0.00211594 0.00316601
0 0.00129441 0.00260706 0.00398331
0 0.00162468 0.00312419 0.00478295
0 0.00197321 0.00368165 0.00557081
0 0.00233888 0.00428431 0.00634612
0 0.00270842 0.00492333 0.00709737
0 0.00305694 0.0055761 0.00780245
0 0.00335276 0.00621038 0.00843281
0 0.00356542 0.00679148 0.00896067
0 0.00367336 0.00728968 0.00936601
0 0.00366869 0.00768508 0.00964083
0 0.00355874 0.0079698 0.00979042
0 0.00336533 0.00814852 0.00983289
0 0.0031224 0.00823768 0.00979738
0 0.00287132 0.00826236 0.00971994
0 0.00265312 0.00825008 0.00963658
0 0.00250049 0.0082242 0.00957606
0 0.00243215 0.008199 0.00955475
0 0.00244931 0.00817632 0.00957313
0 0.00253578 0.00814525 0.00961584
0 0.00266414 0.00808751 0.0096574
0 0.00280598 0.00798655 0.00967201
0 0.00294128 0.00783582 0.00964249
0 0.00306389 0.00764325 0.00956567
0 0.00318116 0.00743035 0.00945211
0 0.00330669 0.00722453 0.00931918
0 0.00345096 0.00704942 0.00918209
0 0.00361728 0.00692053 0.00905001
0 0.00380298 0.00684602 0.00892731
0 0.00400178 0.00682872 0.00881583
0 0.00420608 0.00686802 0.00871682
0 0.00440925 0.00696212 0.00863301
0 0.00460804 0.00711042 0.00857075
0 0.00480286 0.00731396 0.00854001
0 0.00499409 0.00757206 0.0085504
0 0.005177 0.00787738 0.00860572
0 0.00533891 0.00821315 0.00870081
0 0.00546014 0.00855381 0.00882197
0 0.00551798 0.00886882 0.00895026
0 0.00549209 0.00912789 0.00906633
0 0.0053696 0.00930604 0.00915499
0 0.00514814 0.00938706 0.00920802
0 0.004836 0.00936426 0.00922434
0 0.00444915 0.00923841 0.00920742
0 0.00400701 0.00901451 0.00916162
0 0.0035284 0.00869879 0.009089
0 0.00302859 0.00829659 0.0089872
0 0.00251912 0.0078123 0.00884965
0 0.002012 0.0072539 0.00867039
0 0.00152474 0.00663834 0.0084496
0 0.00107609 0.00598707 0.00818991
0 0.000673976 0.00531345 0.00788496
0 0.000309878 0.00461633 0.00751424
0 -3.40829e-05 0.00388609 0.00705021
0 -0.000372584 0.00311621 0.00647092
0 -0.000708529 0.00231111 0.00576869
0 -0.00103192 0.0014871 0.00495152
0 -0.00132343 0.000669047 0.00403989
0 -0.00155942 -0.000114299 0.00306212
0 -0.00171741 -0.000835243 0.00204916
0 -0.00178076 -0.00147154 0.00102991
0 -0.00174124 -0.00200878 2.83905e-05
0 -0.00159981 -0.00244116 -0.00093761
0 -0.00136739 -0.00277229 -0.0018579
0 -0.00106532 -0.00301536 -0.002731
0 -0.000723417 -0.00319141 -0.00356276
0 -0.000374925 -0.00332514 -0.00436137
0 -5.09994e-05 -0.00344037 -0.00513218
0 0.000222243 -0.00355771 -0.00587617
0 0.000423326 -0.00369534 -0.0065922
0 0.000533211 -0.00387124 -0.00728037
0 0.000535358 -0.00410311 -0.00794271
0 0.000420209 -0.00440384 -0.00857924
0 0.000190428 -0.00477602 -0.00918293
0 -0.000138023 -0.00521037 -0.00973866
0 -0.000539828 -0.00568882 -0.0102266
0 -0.000986427 -0.00618967 -0.0106278
0 -0.00145175 -0.00669268 -0.0109291
0 -0.00191697 -0.00718349 -0.0111272
0 -0.00237289 -0.00765599 -0.0112305
0 -0.00281776 -0.00811052 -0.0112567
0 -0.00325167 -0.00854838 -0.0112263
0 -0.00367188 -0.00896755 -0.0111576
0 -0.00407252 -0.00936266 -0.0110656
0 -0.00444722 -0.00972792 -0.0109639
0 -0.0047917 -0.0100598 -0.0108666
0 -0.00510344 -0.0103571 -0.0107873
0 -0.00537833 -0.0106173 -0.0107358
0 -0.00560743 -0.0108331 -0.0107144
0 -0.00577659 -0.0109923 -0.0107173
0 -0.00586984 -0.0110804 -0.0107333
0 -0.00587402 -0.0110849 -0.0107502
0 -0.00578174 -0.0109981 -0.0107577
0 -0.00559141 -0.0108168 -0.0107471
0 -0.00530568 -0.010541 -0.0107105
0 -0.00493066 -0.0101728 -0.01064
0 -0.00447565 -0.0097169 -0.0105281
0 -0.00395195 -0.00917914 -0.0103669
0 -0.0033713 -0.00856568 -0.0101473
0 -0.00274561 -0.00788287 -0.00985925
0 -0.00208789 -0.00713845 -0.00949419
0 -0.00141364 -0.00634303 -0.00904675
0 -0.000741656 -0.005511 -0.00851656
0 -9.35548e-05 -0.00465991 -0.00790823
0 0.000508458 -0.00380846 -0.00722975
0 0.00104461 -0.00297404 -0.00649033
0 0.00149961 -0.00217097 -0.00569874
0 0.00186292 -0.00141039 -0.00486335
0 0.00212785 -0.000701208 -0.00399314
0 0.00229107 -5.07068e-05 -0.00309814
0 0.00235267 0.000535447 -0.00218932
0 0.00231526 0.00105258 -0.00127896
0 0.00218229 0.00149554 -0.000381823
0 0.001958 0.00185885 0.000485522
0 0.00165057 0.00214009 0.00130869
0 0.00127566 0.00234357 0.00207999
0 0.000856925 0.00248094 0.00279918
0 0.000422946 0.00256865 0.0034705
0 2.2876e-06 0.00262376 0.0040978
0 -0.000380816 0.00266047 0.0046809
0 -0.000708102 0.00268908 0.00521537
0 -0.000966415 0.00271711 0.00569473
0 -0.00114671 0.00275031 0.00611209
0 -0.00124394 0.00279281 0.0064606
0 -0.00125628 0.00284782 0.00673459
0 -0.00118362 0.00291901 0.00693123
0 -0.0010275 0.0030104 0.00705078
0 -0.000792733 0.00312437 0.00709474
0 -0.00048851 0.00326015 0.00706455
0 -0.0001269 0.00341481 0.00696263
0 0.000279385 0.0035849 0.00679387
0 0.000717511 0.00376636 0.00656549
0 0.00117328 0.00395311 0.00628515
0 0.00163037 0.00413644 0.00595975
0 0.00207166 0.00430635 0.00559594
0 0.00248161 0.00445349 0.00520104
0 0.00284735 0.00457013 0.00478313
0 0.00315894 0.00465028 0.00435128
0 0.00341046 0.00469068 0.00391676
0 0.00360119 0.00469225 0.00349437
0 0.0037354 0.00465994 0.0031017
0 0.00381917 0.0046 0.00275536
0 0.0038563 0.0045162 0.00246667
0 0.0038467 0.00440834 0.00223991
0 0.00378782 0.00427372 0.00207359
0 0.00367669 0.00410905 0.00196245
0 0.00351134 0.00391176 0.00189887
0 0.00329192 0.00368102 0.00187429
0 0.003022 0.00341911 0.00188092
0 0.0027095 0.00313235 0.00191323
0 0.00236604 0.00283038 0.00196792
0 0.0020044 0.00252355 0.00204214
0 0.001636 0.00222051 0.00213159
0 0.0012702 0.0019277 0.00223021
0 0.000915878 0.00165105 0.00233191
0 0.000583453 0.00139829 0.00243292
0 0.000284383 0.00117855 0.00253142
0 2.73493e-05 0.000998456 0.00262415
0 -0.000184797 0.000858789 0.00270384
0 -0.000353802 0.000755652 0.00276075
0 -0.000482047 0.000684395 0.00278672
0 -0.000569859 0.000642344 0.00277796
0 -0.000615725 0.00062868 0.00273493
0 -0.000617793 0.000643079 0.00266074
0 -0.000574839 0.000684953 0.00256023
0 -0.000486783 0.000753119 0.00243922
0 -0.000355574 0.000845043 0.00230344
0 -0.000185979 0.00095611 0.00215737
0 1.49029e-05 0.00108013 0.00200418
0 0.000239352 0.00121103 0.00184697
0 0.000480695 0.00134444 0.00169008
0 0.00073373 0.00147805 0.00153936
0 0.000994122 0.00161105 0.00140158
0 0.00125778 0.00174347 0.00128362
0 0.00152063 0.00187583 0.00119201
0 0.00177849 0.00200899 0.00113262
0 0.00202674 0.00214358 0.00111014
0 0.0022595 0.00227907 0.00112694
0 0.0024694 0.00241327 0.00118256
0 0.00264862 0.00254311 0.00127443
0 0.00279098 0.00266638 0.00139976
0 0.00289395 0.0027836 0.00155747
0 0.00295904 0.00289828 0.00174861
0 0.00298983 0.00301488 0.00197448
0 0.00298921 0.00313614 0.00223418
0 0.00295887 0.00326242 0.00252413
0 0.00290097 0.00339352 0.00284009
0 0.00281987 0.00353041 0.00317897
0 0.00272128 0.00367467 0.00353828
0 0.00260993 0.00382627 0.00391398
0 0.00248768 0.00398185 0.00429878
0 0.00235311 0.00413431 0.00468178
0 0.00220231 0.00427356 0.0050492
0 0.00203086 0.00438832 0.00538625
0 0.0018361 0.00446853 0.00567946
0 0.00161806 0.0045064 0.00591784
0 0.00137874 0.00449611 0.00609242
0 0.00112131 0.00443327 0.0061958
0 0.000850538 0.00431546 0.00622281
0 0.000573674 0.00414334 0.00617161
0 0.000300357 0.00392078 0.00604378
0 4.15978e-05 0.00365409 0.00584361
0 -0.000191976 0.00335073 0.00557669
0 -0.000392902 0.00301681 0.00524745
0 -0.000559184 0.00265492 0.00485699
0 -0.000694007 0.0022642 0.00440331
0 -0.000803271 0.00184251 0.00388361
0 -0.000893195 0.00138855 0.00329649
0 -0.000969253 0.000902543 0.00264281
0 -0.00103608 0.000386016 0.00192552
0 -0.0010976 -0.000158495 0.00114928
0 -0.00115708 -0.000727676 0.000320132
0 -0.00121717 -0.00131772 -0.000554998
0 -0.00127991 -0.00192449 -0.00146852
0 -0.00134661 -0.0025433 -0.0024121
0 -0.00141753 -0.00316845 -0.00337616
0 -0.00149204 -0.00379321 -0.00434977
0 -0.00157 -0.0044114 -0.00532192
0 -0.0016539 -0.00501975 -0.00628376
0 -0.00174959 -0.00561888 -0.00722968
0 -0.00186466 -0.00621178 -0.0081563
0 -0.00200571 -0.00680142 -0.00906034
0 -0.0021767 -0.00738918 -0.00993733
0 -0.00237844 -0.00797436 -0.0107813
0 -0.00260903 -0.00855458 -0.0115854
0 -0.00286481 -0.0091266 -0.0123429
0 -0.00314142 -0.00968718 -0.0130482
0 -0.00343462 -0.0102338 -0.0136974
0 -0.00374146 -0.0107655 -0.0142898
0 -0.00406085 -0.0112837 -0.0148283
0 -0.00439276 -0.0117912 -0.015318
0 -0.00473661 -0.0122903 -0.0157654
0 -0.0050901 -0.012782 -0.0161759
0 -0.00544931 -0.0132656 -0.0165548
0 -0.00580931 -0.0137399 -0.016907
0 -0.00616416 -0.0142025 -0.0172368
0 -0.00650611 -0.0146493 -0.0175471
0 -0.00682519 -0.0150734 -0.0178375
0 -0.00710989 -0.0154658 -0.0181055
0 -0.00734844 -0.015816 -0.0183469
0 -0.00752954 -0.016113 -0.0185563
0 -0.00764314 -0.0163457 -0.0187273
0 -0.00768114 -0.0165034 -0.0188532
0 -0.00763821 -0.0165768 -0.0189272
0 -0.00751237 -0.0165587 -0.0189435
0 -0.00730547 -0.0164446 -0.0188973
0 -0.00702276 -0.0162322 -0.0187849
0 -0.00667117 -0.0159207 -0.0186022
0 -0.00625761 -0.0155089 -0.0183433
0 -0.00578869 -0.0149958 -0.0180008
0 -0.00527126 -0.0143809 -0.0175668
0 -0.00471314 -0.013666 -0.0170343
0 -0.00412345 -0.0128555 -0.016398
0 -0.00351205 -0.0119555 -0.0156538
0 -0.00288837 -0.0109736 -0.0147988
0 -0.00226076 -0.00991768 -0.0138308
0 -0.00163637 -0.00879565 -0.0127485
0 -0.00102112 -0.0076154 -0.0115515
0 -0.000419865 -0.00638462 -0.010241
0 0.000163438 -0.00511075 -0.00881969
0 0.000725616 -0.00380107 -0.00729248
0 0.00126414 -0.00246262 -0.00566652
0 0.00177726 -0.00110173 -0.00395077
0 0.00226453 0.000276677 -0.00215524
0 0.00272707 0.00166919 -0.000290285
0 0.00316723 0.00307369 0.00163398
0 0.00358836 0.00448904 0.00360822
0 0.00399468 0.00591473 0.00562415
0 0.00439115 0.00735037 0.00767398
0 0.00478339 0.00879518 0.00974934
0 0.00517743 0.0102479 0.0118406
0 0.00557867 0.0117066 0.0139363
0 0.00599054 0.0131678 0.0160232
0 0.00641398 0.0146258 0.0180864
0 0.00684848 0.016074 0.0201105
0 0.00729327 0.0175059 0.0220815
0 0.00774755 0.0189154 0.0239869
0 0.00820981 0.0202961 0.0258154
0 0.00867739 0.0216406 0.0275561
0 0.00914643 0.0229409 0.029199
0 0.00961203 0.0241881 0.0307348
0 0.0100683 0.0253728 0.0321551
0 0.0105084 0.0264844 0.0334518
0 0.0109245 0.0275115 0.034617
0 0.0113086 0.0284427 0.035644
0 0.0116536 0.0292675 0.0365273
0 0.0119534 0.0299766 0.0372633
0 0.0122019 0.0305612 0.0378485
0 0.0123929 0.0310124 0.0382795
0 0.012521 0.0313226 0.0385532
0 0.0125823 0.0314857 0.038668
0 0.0125733 0.0314966 0.038622
0 0.0124903 0.0313502 0.0384124
0 0.0123296 0.0310416 0.0380355
0 0.0120883 0.0305672 0.0374878
0 0.0117663 0.0299264 0.0367676
0 0.0113665 0.0291218 0.0358754
0 0.0108941 0.0281588 0.0348133
0 0.0103547 0.0270435 0.0335838
0 0.00975382 0.0257824 0.0321888
0 0.00909744 0.0243831 0.030631
0 0.00839293 0.0228547 0.0289148
0 0.00764905 0.0212082 0.0270467
0 0.00687468 0.0194553 0.0250342
0 0.00607765 0.0176072 0.0228849
0 0.00526466 0.0156746 0.0206068
0 0.00444189 0.0136688 0.018209
0 0.00361473 0.0116016 0.0157027
0 0.00278682 0.00948445 0.0130992
0 0.00195934 0.00732707 0.0104096
0 0.00113178 0.00513777 0.00764482
0 0.000303858 0.00292418 0.00481758
0 -0.000522924 0.000693801 0.0019423
0 -0.00134507 -0.0015455 -0.000965753
0 -0.00215803 -0.00378494 -0.0038916
0 -0.00295725 -0.00601462 -0.00681998
0 -0.00373862 -0.00822368 -0.00973376
0 -0.00449812 -0.0104004 -0.0126139
0 -0.00523163 -0.0125325 -0.0154404
0 -0.00593486 -0.0146077 -0.0181936
0 -0.00660359 -0.0166139 -0.0208543
0 -0.00723454 -0.0185403 -0.0234051
0 -0.00782587 -0.0203766 -0.0258299
0 -0.00837656 -0.0221134 -0.0281143
0 -0.00888527 -0.0237406 -0.0302445
0 -0.00935031 -0.0252474 -0.032207
0 -0.00977068 -0.026624 -0.0339903
0 -0.0101468 -0.0278624 -0.0355854
0 -0.0104801 -0.0289567 -0.0369857
0 -0.010772 -0.0299019 -0.0381862
0 -0.0110234 -0.0306941 -0.0391831
0 -0.0112349 -0.0313302 -0.0399735
0 -0.0114075 -0.0318091 -0.0405568
0 -0.0115425 -0.0321313 -0.0409343
0 -0.0116421 -0.0322998 -0.0411095
0 -0.0117084 -0.0323188 -0.0410878
0 -0.0117429 -0.0321937 -0.0408752
0 -0.0117459 -0.0319304 -0.0404787
0 -0.0117175 -0.0315361 -0.0399062
0 -0.0116575 -0.0310187 -0.0391668
0 -0.0115662 -0.0303875 -0.0382714
0 -0.0114438 -0.0296527 -0.0372321
0 -0.0112908 -0.0288244 -0.0360616
0 -0.0111069 -0.0279126 -0.0347731
0 -0.0108918 -0.0269269 -0.03338
0 -0.0106449 -0.0258762 -0.0318957
0 -0.0103656 -0.0247688 -0.0303337
0 -0.0100531 -0.0236117 -0.028707
0 -0.00970626 -0.0224103 -0.0270274
0 -0.00932282 -0.0211683 -0.0253053
0 -0.0088999 -0.0198877 -0.0235494
0 -0.00843432 -0.0185687 -0.0217664
0 -0.00792356 -0.0172113 -0.0199624
0 -0.00736629 -0.0158156 -0.0181429
0 -0.0067624 -0.0143818 -0.0163128
0 -0.00611281 -0.0129105 -0.0144762
0 -0.00541928 -0.0114023 -0.0126361
0 -0.00468421 -0.00985861 -0.0107943
0 -0.00391068 -0.00828116 -0.00895184
0 -0.00310256 -0.00667237 -0.00710898
0 -0.00226464 -0.00503528 -0.00526549
0 -0.00140261 -0.00337351 -0.00342103
0 -0.000522585 -0.00169097 -0.00157533
0 0.000369214 8.21507e-06 0.000271788
0 0.00126588 0.00171943 0.00212004
0 0.00215931 0.00343687 0.0039684
0 0.00304026 0.00515318 0.00581506
0 0.00389882 0.00685973 0.0076576
0 0.00472517 0.00854737 0.00949328
0 0.0055103 0.0102068 0.011319
0 0.00624664 0.0118289 0.0131313
0 0.00692866 0.0134055 0.014927
0 0.00755294 0.0149295 0.0167023
0 0.0081177 0.0163947 0.0184531
0 0.00862259 0.0177953 0.0201746
0 0.00906876 0.0191268 0.0218615
0 0.0094585 0.0203854 0.0235078
0 0.00979437 0.0215675 0.025106
0 0.0100785 0.022669 0.0266469
0 0.0103127 0.0236853 0.0281196
0 0.0104996 0.0246128 0.0295128
0 0.0106432 0.0254494 0.030816
0 0.0107489 0.0261946 0.0320199
0 0.0108231 0.0268487 0.0331159
0 0.0108719 0.0274126 0.034096
0 0.0109013 0.0278875 0.0349527
0 0.0109169 0.0282753 0.0356797
0 0.0109239 0.0285785 0.036272
0 0.0109263 0.0287994 0.0367255
0 0.0109261 0.0289394 0.0370361
0 0.0109232 0.0289984 0.0372002
0 0.0109163 0.0289761 0.0372151
0 0.0109027 0.0288717 0.0370793
0 0.0108794 0.0286846 0.0367932
0 0.0108426 0.0284141 0.0363584
0 0.0107874 0.0280588 0.0357774
0 0.0107077 0.0276161 0.0350533
0 0.0105966 0.0270828 0.0341891
0 0.0104469 0.026455 0.0331887
0 0.0102521 0.0257295 0.0320571
0 0.0100074 0.0249039 0.0308006
0 0.0097097 0.0239774 0.0294274
0 0.00935848 0.0229509 0.0279472
0 0.008955 0.0218271 0.0263709
0 0.00850223 0.0206103 0.0247101
0 0.00800482 0.0193067 0.0229773
0 0.00746909 0.0179247 0.0211855
0 0.00690267 0.0164744 0.0193479
0 0.00631396 0.0149676 0.0174782
0 0.00571141 0.0134172 0.0155889
0 0.0051025 0.0118359 0.0136915
0 0.00449317 0.0102364 0.0117957
0 0.00388832 0.00863096 0.00990979
0 0.00329281 0.00703262 0.00804204
0 0.00271187 0.00545488 0.00620086
0 0.00215079 0.00391066 0.00439434
0 0.00161399 0.00241118 0.00262964
0 0.00110436 0.000965632 0.000912831
0 0.000623062 -0.000418374 -0.000750904
0 0.000169702 -0.00173453 -0.00235698
0 -0.000257581 -0.00297817 -0.00390135
0 -0.000662237 -0.00414679 -0.00538077
0 -0.0010491 -0.00524008 -0.0067929
0 -0.00142388 -0.00625987 -0.00813634
0 -0.00179283 -0.00721006 -0.00941065
0 -0.00216287 -0.00809696 -0.0106168
0 -0.00254153 -0.00892941 -0.0117573
0 -0.00293691 -0.00971871 -0.0128368
0 -0.00335716 -0.010478 -0.0138614
0 -0.00380907 -0.0112209 -0.0148379
0 -0.0042965 -0.0119593 -0.0157724
0 -0.00482022 -0.0127034 -0.0166702
0 -0.00537874 -0.0134619 -0.0175365
0 -0.00596901 -0.0142429 -0.0183776
0 -0.00658673 -0.0150531 -0.0192005
0 -0.00722686 -0.0158981 -0.0200131
0 -0.00788332 -0.0167817 -0.0208234
0 -0.00854785 -0.0177042 -0.0216382
0 -0.00920934 -0.0186615 -0.0224619
0 -0.00985461 -0.0196456 -0.0232965
0 -0.0104696 -0.0206454 -0.0241426
0 -0.0110405 -0.0216479 -0.024999
0 -0.0115537 -0.0226381 -0.0258634
0 -0.0119973 -0.0235997 -0.0267314
0 -0.0123613 -0.0245163 -0.0275982
0 -0.0126379 -0.0253715 -0.028457
0 -0.0128208 -0.0261485 -0.0292994
0 -0.0129048 -0.0268302 -0.0301136
0 -0.0128866 -0.0274002 -0.0308862
0 -0.0127651 -0.0278432 -0.0316016
0 -0.0125417 -0.0281456 -0.032243
0 -0.0122191 -0.0282953 -0.0327916
0 -0.011801 -0.0282811 -0.0332265
0 -0.0112921 -0.0280938 -0.0335258
0 -0.0106993 -0.0277272 -0.0336677
0 -0.0100327 -0.0271796 -0.0336328
0 -0.00930609 -0.0264545 -0.0334055
0 -0.00853599 -0.0255602 -0.0329741
0 -0.00774067 -0.0245091 -0.0323305
0 -0.00693908 -0.0233165 -0.0314705
0 -0.00615014 -0.022001 -0.0303939
0 -0.00539119 -0.0205823 -0.0291041
0 -0.00467646 -0.0190802 -0.0276071
0 -0.00401678 -0.0175141 -0.0259118
0 -0.00342084 -0.0159032 -0.0240309
0 -0.00289615 -0.0142673 -0.0219821
0 -0.00244851 -0.0126256 -0.019787
0 -0.00208075 -0.0109953 -0.0174699
0 -0.00179187 -0.00939057 -0.0150565
0 -0.0015766 -0.00782183 -0.0125729
0 -0.001426 -0.00629602 -0.0100452
0 -0.00132887 -0.00481742 -0.00750035
0 -0.00127327 -0.00338809 -0.00496536
0 -0.00124759 -0.00200879 -0.00246612
0 -0.00124078 -0.000680314 -2.61161e-05
0 -0.001241 0.00059668 0.00233174
0 -0.00123455 0.00182338 0.00458517
0 -0.00120613 0.00300321 0.00671491
0 -0.00114015 0.00414069 0.00870557
0 -0.00102223 0.00524005 0.010545
0 -0.000840313 0.00630453 0.0122236
0 -0.000585042 0.00733641 0.0137348
0 -0.000249997 0.00833717 0.0150753
0 0.000167972 0.00930754 0.0162447
0 0.000668505 0.0102473 0.0172454
0 0.00124776 0.011155 0.0180822
0 0.00189895 0.0120284 0.0187624
0 0.00261309 0.0128646 0.019296
0 0.00337908 0.0136604 0.0196951
0 0.00418318 0.0144125 0.0199736
0 0.00500866 0.0151174 0.0201463
0 0.00583644 0.0157709 0.0202283
0 0.00664645 0.016369 0.0202348
0 0.00741899 0.0169077 0.0201812
0 0.00813584 0.017384 0.0200829
0 0.00878076 0.0177957 0.019955
0 0.00933955 0.0181409 0.0198113
0 0.00979972 0.0184174 0.019663
0 0.0101506 0.0186225 0.0195186
0 0.0103844 0.0187537 0.0193842
0 0.0104971 0.0188095 0.0192648
0 0.0104896 0.0187904 0.0191645
0 0.0103679 0.0186991 0.0190872
0 0.0101421 0.0185404 0.0190359
0 0.00982574 0.0183205 0.0190126
0 0.00943447 0.0180466 0.0190171
0 0.00898552 0.0177267 0.0190478
0 0.00849687 0.0173694 0.0191009
0 0.00798617 0.0169835 0.0191705
0 0.00746987 0.0165775 0.0192481
0 0.00696302 0.0161595 0.0193243
0 0.00647957 0.0157379 0.0193888
0 0.00603236 0.0153212 0.019432
0 0.00563262 0.014918 0.019445
0 0.00528918 0.0145357 0.0194196
0 0.00500807 0.0141804 0.019348
0 0.00479232 0.0138562 0.0192236
0 0.00464183 0.0135653 0.0190407
0 0.00455363 0.0133074 0.0187947
0 0.00452262 0.0130808 0.0184828
0 0.00454272 0.0128826 0.018105
0 0.0046075 0.0127097 0.0176645
0 0.00471004 0.0125584 0.017167
0 0.00484213 0.0124235 0.0166194
0 0.00499375 0.012298 0.0160289
0 0.0051532 0.0121727 0.0154026
0 0.00530799 0.0120374 0.0147471
0 0.00544599 0.0118822 0.0140694
0 0.00555581 0.0116973 0.0133765
0 0.00562679 0.0114734 0.0126743
0 0.00564896 0.0112017 0.011967
0 0.00561363 0.0108742 0.0112574
0 0.00551403 0.010484 0.0105473
0 0.00534533 0.0100256 0.00983723
0 0.00510416 0.00949428 0.0091261
0 0.00478818 0.00888589 0.00841055
0 0.0043961 0.00819685 0.00768505
0 0.00392795 0.00742458 0.00694232
0 0.00338529 0.00656774 0.00617395
0 0.00277094 0.00562624 0.00537075
0 0.00208867 0.00460076 0.00452279
0 0.00134281 0.00349231 0.00361946
0 0.000537977 0.00230203 0.00264976
0 -0.000320471 0.00103133 0.00160288
0 -0.00122564 -0.000317959 0.000468713
0 -0.00216888 -0.00174302 -0.000761736
0 -0.00313988 -0.0032394 -0.002096
0 -0.00412639 -0.00480095 -0.00353972
0 -0.00511419 -0.00642005 -0.00509625
0 -0.00608765 -0.00808769 -0.00676626
0 -0.00703016 -0.00979352 -0.00854739
0 -0.00792513 -0.0115258 -0.010434
0 -0.00875687 -0.0132714 -0.0124174
0 -0.00951123 -0.0150164 -0.0144861
0 -0.0101762 -0.016746 -0.0166257
0 -0.0107419 -0.018444 -0.0188185
0 -0.0112007 -0.0200929 -0.021044
0 -0.011547 -0.021674 -0.0232779
0 -0.0117775 -0.0231681 -0.0254932
0 -0.0118919 -0.0245571 -0.0276609
0 -0.0118934 -0.0258239 -0.0297515
0 -0.0117887 -0.0269531 -0.0317356
0 -0.011588 -0.0279315 -0.0335852
0 -0.0113052 -0.0287496 -0.0352741
0 -0.0109569 -0.0294014 -0.0367789
0 -0.010562 -0.0298847 -0.0380794
0 -0.0101409 -0.0302013 -0.0391586
0 -0.00971484 -0.0303571 -0.040004
0 -0.00930487 -0.0303611 -0.0406071
0 -0.00893073 -0.0302242 -0.0409641
0 -0.00860952 -0.0299583 -0.0410758
0 -0.00835447 -0.0295757 -0.0409456
0 -0.00817422 -0.0290895 -0.0405787
0 -0.00807283 -0.0285138 -0.0399816
0 -0.0080503 -0.0278632 -0.0391636
0 -0.00810322 -0.0271528 -0.0381373
0 -0.00822495 -0.0263971 -0.0369186
0 -0.00840524 -0.0256088 -0.035526
0 -0.00862972 -0.0247976 -0.0339787
0 -0.00887983 -0.0239686 -0.032296
0 -0.00913371 -0.0231227 -0.030497
0 -0.00936769 -0.0222565 -0.0286002
0 -0.00955786 -0.0213637 -0.0266245
0 -0.00968134 -0.0204356 -0.0245886
0 -0.00971748 -0.0194622 -0.022511
0 -0.00964872 -0.0184329 -0.0204098
0 -0.00946102 -0.0173371 -0.0183012
0 -0.0091437 -0.016164 -0.0161989
0 -0.0086894 -0.0149027 -0.0141131
0 -0.00809443 -0.0135421 -0.0120514
0 -0.00735934 -0.0120728 -0.0100178
0 -0.00648914 -0.0104882 -0.00801444
0 -0.00549297 -0.00878556 -0.00604148
0 -0.00438332 -0.00696573 -0.00409754
0 -0.00317507 -0.00503336 -0.00217935
0 -0.00188449 -0.00299638 -0.000281615
0 -0.000528479 -0.000865506 0.0016028
0 0.000875545 0.00134619 0.00348223
0 0.00230842 0.00362324 0.00536548
0 0.00374843 0.00594757 0.00726148
0 0.00517213 0.00829929 0.00917907
0 0.00655637 0.0106578 0.0111264
0 0.00787977 0.0130027 0.0131107
0 0.00912347 0.0153138 0.0151382
0 0.0102714 0.017572 0.0172133
0 0.0113106 0.0197593 0.0193387
0 0.0122314 0.0218596 0.0215145
0 0.0130281 0.0238592 0.0237378
0 0.0136986 0.0257472 0.0260028
0 0.0142438 0.0275144 0.0283003
0 0.0146673 0.0291536 0.0306171
0 0.014974 0.030659 0.0329359
0 0.0151703 0.0320259 0.035235
0 0.0152639 0.0332517 0.037489
0 0.0152634 0.0343352 0.0396701
0 0.0151782 0.0352765 0.0417486
0 0.0150178 0.0360767 0.0436933
0 0.0147914 0.0367367 0.0454723
0 0.0145083 0.0372576 0.0470545
0 0.0141771 0.0376397 0.0484104
0 0.0138067 0.0378818 0.0495142
0 0.0134058 0.0379808 0.0503462
0 0.0129824 0.0379324 0.0508909
0 0.0125437 0.0377324 0.0511358
0 0.0120956 0.0373767 0.0510709
0 0.0116431 0.0368615 0.0506886
0 0.011189 0.0361831 0.049984
0 0.0107344 0.0353384 0.0489547
0 0.0102788 0.0343249 0.0476025
0 0.00982017 0.0331413 0.0459331
0 0.00935557 0.0317874 0.0439563
0 0.00888148 0.030265 0.0416856
0 0.00839443 0.0285782 0.0391389
0 0.00789103 0.0267333 0.0363378
0 0.00736783 0.0247383 0.0333065
0 0.00682137 0.0226028 0.0300718
0 0.00624866 0.0203374 0.026662
0 0.00564763 0.0179544 0.023107
0 0.00501714 0.0154679 0.0194382
0 0.00435657 0.0128934 0.0156873
0 0.00366537 0.0102477 0.0118853
0 0.0029432 0.00754865 0.00806127
0 0.0021905 0.00481374 0.00424178
0 0.0014088 0.00205879 0.000452037
0 0.000599577 -0.000702421 -0.00328269
0 -0.000236799 -0.00345646 -0.0069377
0 -0.00110051 -0.00618872 -0.0104909
0 -0.00199129 -0.00888371 -0.0139231
0 -0.0029079 -0.011526 -0.017218
0 -0.00384781 -0.0141005 -0.0203612
0 -0.00480672 -0.0165928 -0.0233408
0 -0.00577836 -0.018989 -0.0261468
0 -0.00675513 -0.0212769 -0.0287718
0 -0.00772905 -0.0234459 -0.0312109
0 -0.00869206 -0.0254872 -0.0334617
0 -0.00963556 -0.0273926 -0.0355231
0 -0.01055 -0.0291546 -0.0373949
0 -0.0114249 -0.0307662 -0.0390774
0 -0.012249 -0.0322212 -0.0405714
0 -0.0130115 -0.0335144 -0.0418782
0 -0.0137027 -0.0346421 -0.0429999
0 -0.0143145 -0.0356023 -0.0439398
0 -0.01484 -0.036394 -0.0447012
0 -0.0152735 -0.0370166 -0.0452874
0 -0.0156103 -0.0374699 -0.0457011
0 -0.0158465 -0.0377542 -0.0459448
0 -0.0159801 -0.0378706 -0.0460209
0 -0.0160098 -0.0378207 -0.0459314
0 -0.0159356 -0.0376068 -0.0456782
0 -0.0157588 -0.0372309 -0.0452621
0 -0.0154816 -0.0366956 -0.0446837
0 -0.0151085 -0.0360043 -0.0439439
0 -0.0146463 -0.035162 -0.0430447
0 -0.0141041 -0.0341757 -0.0419895
0 -0.0134928 -0.0330533 -0.0407826
0 -0.0128233 -0.0318034 -0.0394282
0 -0.0121068 -0.0304349 -0.0379309
0 -0.0113541 -0.0289569 -0.0362954
0 -0.0105757 -0.0273789 -0.0345272
0 -0.00978145 -0.0257113 -0.0326324
0 -0.00898077 -0.0239645 -0.030618
0 -0.00818184 -0.022149 -0.0284917
0 -0.00739155 -0.0202752 -0.0262617
0 -0.00661537 -0.0183535 -0.0239372
0 -0.00585722 -0.0163938 -0.0215278
0 -0.00511897 -0.0144054 -0.0190434
0 -0.00440002 -0.0123967 -0.0164943
0 -0.00369735 -0.0103745 -0.0138902
0 -0.00300586 -0.00834421 -0.0112405
0 -0.0023189 -0.0063089 -0.00855389
0 -0.00162913 -0.00426968 -0.00583861
0 -0.000929043 -0.00222557 -0.00310162
0 -0.000211274 -0.000174055 -0.000348258
0 0.000531586 0.00188817 0.00241734
0 0.00130697 0.00396433 0.00519127
0 0.0021214 0.00605684 0.00796878
0 0.00297924 0.00816698 0.0107437
0 0.00388208 0.0102949 0.0135087
0 0.00482889 0.0124396 0.0162562
0 0.005816 0.0145991 0.0189788
0 0.00683696 0.0167702 0.0216685
0 0.00788271 0.0189478 0.024317
0 0.00894211 0.021125 0.0269153
0 0.0100025 0.0232928 0.0294544
0 0.0110497 0.0254402 0.0319251
0 0.0120681 0.0275537 0.0343175
0 0.0130411 0.0296173 0.0366211
0 0.0139527 0.0316121 0.0388246
0 0.0147879 0.0335176 0.040916
0 0.0155331 0.0353124 0.0428831
0 0.0161763 0.0369749 0.0447133
0 0.0167076 0.0384838 0.046394
0 0.0171191 0.0398185 0.0479121
0 0.0174044 0.0409597 0.0492543
0 0.0175588 0.0418899 0.0504069
0 0.0175791 0.0425941 0.0513563
0 0.0174653 0.0430603 0.0520901
0 0.0172214 0.043281 0.0525975
0 0.0168556 0.0432523 0.0528693
0 0.016379 0.0429742 0.0528981
0 0.0158055 0.0424496 0.0526777
0 0.0151507 0.0416846 0.0522033
0 0.0144314 0.0406888 0.0514717
0 0.0136644 0.0394746 0.0504813
0 0.012866 0.0380576 0.0492323
0 0.0120508 0.0364553 0.0477264
0 0.0112313 0.0346861 0.0459665
0 0.0104167 0.0327686 0.0439567
0 0.00961309 0.030721 0.0417023
0 0.00882395 0.028561 0.0392107
0 0.00805032 0.0263054 0.0364916
0 0.00729144 0.0239699 0.0335571
0 0.0065455 0.0215688 0.0304223
0 0.00581025 0.0191151 0.0271057
0 0.005083 0.016621 0.0236291
0 0.00436039 0.014097 0.0200164
0 0.00363829 0.0115526 0.016294
0 0.00291222 0.00899542 0.0124894
0 0.00217814 0.00643225 0.00863163
0 0.00143329 0.0038687 0.00474926
0 0.000676724 0.00130951 0.000870075
0 -9.12302e-05 -0.00124124 -0.00297776
0 -0.000870084 -0.00377929 -0.00676407
0 -0.00165913 -0.00629882 -0.0104582
0 -0.00245706 -0.00879203 -0.0140314
0 -0.00326221 -0.0112496 -0.0174578
0 -0.00407271 -0.0136614 -0.0207149
0 -0.00488655 -0.0160166 -0.0237843
0 -0.00570183 -0.0183045 -0.0266517
0 -0.00651682 -0.0205146 -0.0293074
0 -0.00732945 -0.0226361 -0.0317456
0 -0.00813659 -0.0246576 -0.0339637
0 -0.00893424 -0.0265671 -0.0359614
0 -0.00971809 -0.0283525 -0.0377411
0 -0.0104839 -0.0300028 -0.0393081
0 -0.0112272 -0.0315086 -0.0406703
0 -0.0119426 -0.0328616 -0.0418362
0 -0.0126232 -0.0340543 -0.0428147
0 -0.0132616 -0.0350803 -0.0436145
0 -0.0138497 -0.0359352 -0.0442441
0 -0.0143798 -0.036616 -0.0447114
0 -0.0148443 -0.0371216 -0.0450237
0 -0.015236 -0.0374526 -0.0451874
0 -0.015548 -0.0376116 -0.045208
0 -0.0157735 -0.037602 -0.0450892
0 -0.0159058 -0.0374282 -0.0448332
0 -0.0159379 -0.0370943 -0.0444401
0 -0.0158634 -0.0366044 -0.0439085
0 -0.0156773 -0.0359627 -0.0432358
0 -0.0153768 -0.0351738 -0.0424196
0 -0.0149621 -0.0342424 -0.0414572
0 -0.0144353 -0.0331732 -0.0403465
0 -0.0138013 -0.0319707 -0.0390856
0 -0.0130669 -0.030639 -0.037673
0 -0.0122411 -0.029182 -0.0361081
0 -0.0113349 -0.0276042 -0.0343915
0 -0.0103609 -0.0259101 -0.032525
0 -0.0093331 -0.0241053 -0.0305121
0 -0.00826637 -0.0221961 -0.0283577
0 -0.00717604 -0.02019 -0.0260685
0 -0.00607726 -0.018096 -0.0236529
0 -0.0049842 -0.0159251 -0.0211212
0 -0.00390967 -0.0136893 -0.0184852
0 -0.00286483 -0.0114025 -0.0157582
0 -0.00185914 -0.00907931 -0.0129543
0 -0.000900698 -0.00673543 -0.0100894
0 3.33987e-06 -0.00438695 -0.00718085
0 0.000846769 -0.00204988 -0.00424759
0 0.00162434 0.000260215 -0.00130934
0 0.00233157 0.00252804 0.00161458
0 0.00296488 0.00473792 0.00450594
0 0.00352228 0.00687363 0.00734717
0 0.00400419 0.00891873 0.0101203
0 0.00441345 0.0108574 0.0128065
0 0.00475473 0.0126755 0.0153866
0 0.00503395 0.0143609 0.0178417
0 0.00525809 0.0159034 0.0201532
0 0.00543484 0.0172956 0.022304
0 0.00557236 0.0185322 0.0242776
0 0.00567912 0.0196103 0.0260595
0 0.00576364 0.0205294 0.0276369
0 0.00583441 0.0212915 0.0289991
0 0.00589963 0.0219007 0.0301382
0 0.00596683 0.0223628 0.0310484
0 0.00604236 0.0226851 0.0317268
0 0.00613144 0.0228763 0.0321728
0 0.00623836 0.0229467 0.0323896
0 0.00636663 0.0229082 0.0323837
0 0.00651877 0.0227739 0.0321651
0 0.00669614 0.0225575 0.0317473
0 0.00689896 0.0222728 0.0311465
0 0.00712654 0.0219338 0.030382
0 0.00737737 0.0215541 0.029476
0 0.00764895 0.0211466 0.0284525
0 0.00793777 0.0207234 0.0273371
0 0.0082394 0.020295 0.0261567
0 0.0085487 0.019871 0.0249383
0 0.00885982 0.0194593 0.0237091
0 0.00916621 0.0190666 0.0224953
0 0.0094606 0.0186977 0.0213215
0 0.00973512 0.0183559 0.02021
0 0.00998156 0.018043 0.0191799
0 0.0101918 0.0177593 0.0182473
0 0.0103582 0.0175037 0.0174251
0 0.0104737 0.0172734 0.0167232
0 0.0105318 0.0170642 0.0161479
0 0.0105272 0.016871 0.0157019
0 0.0104557 0.0166884 0.0153844
0 0.0103146 0.0165111 0.0151913
0 0.010103 0.0163338 0.0151152
0 0.00982077 0.0161509 0.0151452
0 0.00946905 0.0159563 0.0152669
0 0.00904965 0.015743 0.0154623
0 0.00856573 0.0155038 0.0157115
0 0.00802221 0.0152316 0.0159928
0 0.00742606 0.0149202 0.0162844
0 0.00678619 0.0145645 0.0165644
0 0.00611284 0.014161 0.0168108
0 0.00541671 0.0137069 0.0170017
0 0.00470831 0.0132002 0.017116
0 0.00399765 0.0126399 0.0171337
0 0.00329427 0.0120257 0.0170371
0 0.00260743 0.0113586 0.016811
0 0.00194627 0.0106408 0.0164438
0 0.00131946 0.00987556 0.0159273
0 0.000734523 0.00906574 0.0152559
0 0.000197281 0.00821398 0.0144266
0 -0.000288268 0.00732255 0.0134394
0 -0.000719977 0.00639344 0.0122969
0 -0.00109764 0.00542832 0.0110046
0 -0.00142293 0.00442856 0.0095704
0 -0.00169913 0.0033956 0.00800494
0 -0.00193078 0.00233117 0.00632131
0 -0.00212338 0.00123727 0.00453482
0 -0.00228323 0.000116071 0.00266252
0 -0.00241721 -0.00103026 0.000722321
0 -0.00253261 -0.00219951 -0.00126838
0 -0.00263702 -0.00338918 -0.00329363
0 -0.00273828 -0.00459669 -0.00533823
0 -0.00284484 -0.0058196 -0.00738612
0 -0.00296599 -0.0070554 -0.0094202
0 -0.00311141 -0.0083013 -0.0114237
0 -0.00329053 -0.00955401 -0.0133811
0 -0.00351193 -0.0108098 -0.0152788
0 -0.00378281 -0.0120647 -0.0171047
0 -0.00410862 -0.0133145 -0.0188487
0 -0.00449273 -0.0145546 -0.0205023
0 -0.00493611 -0.0157802 -0.0220587
0 -0.00543727 -0.016986 -0.0235126
0 -0.00599203 -0.0181665 -0.0248606
0 -0.00659327 -0.0193151 -0.0260998
0 -0.00723097 -0.0204249 -0.0272285
0 -0.00789315 -0.0214886 -0.0282461
0 -0.00856679 -0.0224991 -0.0291534
0 -0.00923859 -0.0234499 -0.029953
0 -0.00989515 -0.0243349 -0.0306488
0 -0.010523 -0.0251482 -0.0312453
0 -0.0111087 -0.0258835 -0.0317468
0 -0.0116387 -0.0265338 -0.0321575
0 -0.0120997 -0.0270918 -0.0324802
0 -0.0124795 -0.0275495 -0.0327169
0 -0.0127671 -0.0278986 -0.0328682
0 -0.0129534 -0.0281311 -0.0329341
0 -0.0130312 -0.0282396 -0.0329132
0 -0.0129962 -0.0282174 -0.0328033
0 -0.0128466 -0.0280586 -0.0326016
0 -0.0125832 -0.027759 -0.0323043
0 -0.0122099 -0.0273152 -0.031907
0 -0.0117326 -0.0267256 -0.0314045
0 -0.0111596 -0.0259899 -0.0307913
0 -0.0105014 -0.0251101 -0.0300618
0 -0.00976957 -0.0240894 -0.0292097
0 -0.00897569 -0.0229321 -0.0282284
0 -0.00813092 -0.0216427 -0.02711
0 -0.00724587 -0.0202265 -0.0258469
0 -0.00633093 -0.01869 -0.0244321
0 -0.00539642 -0.0170419 -0.0228609
0 -0.00445253 -0.0152926 -0.0211313
0 -0.00350902 -0.0134544 -0.0192436
0 -0.00257467 -0.0115401 -0.0172008
0 -0.00165664 -0.00956227 -0.0150072
0 -0.000760219 -0.00753282 -0.0126694
0 0.000110734 -0.00546243 -0.0101956
0 0.000953232 -0.00336073 -0.0075968
0 0.00176458 -0.00123658 -0.00488707
0 0.00254203 0.000901561 -0.00208347
0 0.00328272 0.00304536 0.000794869
0 0.00398384 0.00518674 0.00372838
0 0.00464313 0.00731791 0.00669859
0 0.0052602 0.00943104 0.00968817
0 0.00583723 0.0115179 0.0126797
0 0.00637813 0.0135702 0.0156546
0 0.00688724 0.0155797 0.0185928
0 0.00736856 0.0175381 0.0214735
0 0.00782544 0.0194368 0.0242749
0 0.00826088 0.0212668 0.0269757
0 0.00867796 0.0230195 0.0295559
0 0.00908023 0.0246872 0.0319971
0 0.00947194 0.0262628 0.0342835
0 0.00985739 0.0277404 0.0364014
0 0.01024 0.0291147 0.0383391
0 0.0106219 0.0303809 0.0400866
0 0.0110033 0.0315344 0.0416353
0 0.0113831 0.0325709 0.0429788
0 0.0117587 0.0334869 0.0441124
0 0.0121269 0.0342792 0.0450335
0 0.0124835 0.0349455 0.0457419
0 0.012824 0.0354841 0.0462396
0 0.013143 0.0358935 0.0465302
0 0.0134347 0.0361724 0.0466188
0 0.0136925 0.0363198 0.0465115
0 0.0139092 0.0363347 0.0462155
0 0.0140772 0.0362163 0.0457386
0 0.0141893 0.0359643 0.0450894
0 0.0142387 0.035579 0.0442775
0 0.01422 0.0350619 0.0433131
0 0.014129 0.0344154 0.0422074
0 0.0139629 0.0336426 0.0409717
0 0.0137196 0.0327466 0.0396167
0 0.0133972 0.0317301 0.0381515
0 0.0129945 0.0305955 0.0365843
0 0.012512 0.029346 0.0349226
0 0.0119521 0.0279859 0.0331741
0 0.0113192 0.0265208 0.031346
0 0.0106191 0.0249566 0.0294451
0 0.00985863 0.0233 0.0274774
0 0.00904506 0.0215581 0.025448
0 0.00818594 0.019738 0.023361
0 0.00728857 0.017847 0.0212195
0 0.00635972 0.0158921 0.0190253
0 0.0054057 0.0138806 0.0167797
0 0.0044323 0.0118202 0.0144841
0 0.00344478 0.00971931 0.01214
0 0.00244784 0.00758652 0.00974939
0 0.00144582 0.00543053 0.00731487
0 0.000443186 0.00325963 0.00483989
0 -0.000554682 0.00108163 0.0023292
0 -0.00154138 -0.00109593 -0.000211575
0 -0.0025101 -0.00326547 -0.00277647
0 -0.00345435 -0.00541948 -0.00535952
0 -0.00436865 -0.00755115 -0.00795459
0 -0.00524889 -0.00965444 -0.010555
0 -0.00609231 -0.0117237 -0.0131532
0 -0.0068969 -0.0137533 -0.0157405
0 -0.00766089 -0.015738 -0.0183068
0 -0.0083825 -0.0176722 -0.0208403
0 -0.00905959 -0.0195496 -0.0233277
0 -0.00968986 -0.0213638 -0.0257547
0 -0.0102716 -0.023108 -0.0281068
0 -0.0108039 -0.0247755 -0.0303699
0 -0.011287 -0.02636 -0.0325306
0 -0.0117218 -0.0278554 -0.0345762
0 -0.01211 -0.0292553 -0.0364946
0 -0.0124538 -0.0305531 -0.0382745
0 -0.0127556 -0.0317427 -0.0399054
0 -0.0130179 -0.0328182 -0.0413782
0 -0.013243 -0.0337744 -0.0426844
0 -0.0134328 -0.0346063 -0.043817
0 -0.0135893 -0.0353098 -0.0447697
0 -0.013714 -0.0358813 -0.0455382
0 -0.0138082 -0.0363186 -0.0461192
0 -0.013873 -0.0366197 -0.0465107
0 -0.0139085 -0.036783 -0.0467115
0 -0.013914 -0.0368074 -0.0467213
0 -0.0138879 -0.0366918 -0.0465406
0 -0.013828 -0.0364362 -0.0461705
0 -0.0137319 -0.0360415 -0.0456138
0 -0.0135971 -0.03551 -0.0448745
0 -0.0134215 -0.0348449 -0.0439578
0 -0.0132031 -0.0340504 -0.0428703
0 -0.0129396 -0.0331311 -0.0416191
0 -0.0126291 -0.0320921 -0.0402121
0 -0.0122698 -0.0309384 -0.0386577
0 -0.0118601 -0.0296755 -0.0369647
0 -0.0113989 -0.0283086 -0.0351425
0 -0.0108858 -0.0268433 -0.0332006
0 -0.0103213 -0.0252851 -0.0311494
0 -0.00970665 -0.0236398 -0.0289992
0 -0.00904361 -0.0219131 -0.0267605
0 -0.00833475 -0.0201107 -0.0244435
0 -0.00758339 -0.0182389 -0.0220588
0 -0.00679381 -0.0163046 -0.0196169
0 -0.00597124 -0.0143158 -0.0171288
0 -0.00512144 -0.0122814 -0.0146057
0 -0.00425007 -0.0102109 -0.0120588
0 -0.00336241 -0.00811407 -0.0094983
0 -0.00246355 -0.00599997 -0.00693331
0 -0.00155864 -0.00387735 -0.00437178
0 -0.000652688 -0.00175429 -0.00182066
0 0.00024969 0.00036183 0.000713747
0 0.00114415 0.00246411 0.00322541
0 0.0020265 0.00454539 0.00570833
0 0.00289285 0.00659785 0.00815645
0 0.00373975 0.0086133 0.0105636
0 0.00456389 0.0105836 0.0129234
0 0.00536182 0.0125009 0.0152296
0 0.00612982 0.0143578 0.017476
0 0.00686409 0.0161473 0.0196558
0 0.00756091 0.0178631 0.0217625
0 0.00821683 0.0194992 0.0237888
0 0.00882877 0.0210502 0.0257279
0 0.00939425 0.0225112 0.0275727
0 0.00991156 0.0238778 0.0293165
0 0.0103796 0.0251463 0.0309532
0 0.0107979 0.0263138 0.0324768
0 0.0111668 0.027378 0.0338821
0 0.011488 0.028337 0.0351644
0 0.0117635 0.0291898 0.0363196
0 0.0119957 0.0299354 0.037344
0 0.0121871 0.0305736 0.0382345
0 0.0123401 0.0311042 0.0389879
0 0.0124562 0.0315269 0.0396013
0 0.0125363 0.0318411 0.0400717
0 0.0125813 0.0320466 0.0403967
0 0.0125921 0.0321438 0.0405749
0 0.0125701 0.032134 0.0406061
0 0.0125166 0.0320192 0.0404913
0 0.0124334 0.0318019 0.0402326
0 0.0123214 0.031485 0.0398327
0 0.0121818 0.0310717 0.0392951
0 0.0120152 0.0305654 0.0386242
0 0.011822 0.02997 0.037825
0 0.0116024 0.0292891 0.0369031
0 0.0113562 0.0285263 0.0358645
0 0.0110825 0.0276851 0.0347152
0 0.0107805 0.0267688 0.0334619
0 0.0104497 0.0257807 0.0321116
0 0.0100895 0.0247241 0.0306717
0 0.00969976 0.0236024 0.0291499
0 0.00928039 0.0224187 0.0275538
0 0.00883179 0.0211769 0.0258917
0 0.00835514 0.0198812 0.0241721
0 0.00785245 0.0185366 0.0224039
0 0.00732614 0.0171484 0.0205962
0 0.0067787 0.0157222 0.0187575
0 0.00621261 0.0142637 0.0168961
0 0.00563022 0.0127786 0.0150193
0 0.00503358 0.0112725 0.013134
0 0.00442409 0.00975071 0.0112461
0 0.0038026 0.00821823 0.00936015
0 0.00316988 0.00667981 0.00748009
0 0.0025272 0.00514001 0.00560928
0 0.00187659 0.00360308 0.00375078
0 0.00122038 0.00207266 0.00190759
0 0.000560779 0.000551939 8.27065e-05
0 -0.000100278 -0.000956118 -0.00172095
0 -0.000761061 -0.00244855 -0.00350047
0 -0.00141988 -0.00392236 -0.0052529
0 -0.00207489 -0.00537452 -0.00697538
0 -0.00272402 -0.00680197 -0.00866516
0 -0.00336515 -0.00820164 -0.0103196
0 -0.003996 -0.00957019 -0.0119361
0 -0.00461386 -0.010904 -0.0135116
0 -0.00521549 -0.0121991 -0.0150428
0 -0.00579737 -0.0134519 -0.0165264
0 -0.00635577 -0.0146588 -0.0179589
0 -0.00688702 -0.0158166 -0.0193373
0 -0.00738776 -0.0169222 -0.0206584
0 -0.0078549 -0.0179726 -0.0219187
0 -0.00828568 -0.0189645 -0.0231151
0 -0.00867772 -0.0198949 -0.024244
0 -0.00902921 -0.0207606 -0.0253021
0 -0.00933898 -0.0215588 -0.0262863
0 -0.00960646 -0.0222865 -0.0271934
0 -0.0098316 -0.022941 -0.0280202
0 -0.0100148 -0.0235197 -0.0287635
0 -0.0101566 -0.02402 -0.02942
0 -0.0102574 -0.024439 -0.0299861
0 -0.010318 -0.024774 -0.030458
0 -0.0103397 -0.025023 -0.0308324
0 -0.0103253 -0.0251857 -0.0311076
0 -0.0102785 -0.0252628 -0.0312826
0 -0.0102031 -0.0252558 -0.031357
0 -0.0101021 -0.0251657 -0.03133
0 -0.00997794 -0.0249939 -0.0312006
0 -0.00983237 -0.0247415 -0.0309677
0 -0.00966679 -0.0244102 -0.030631
0 -0.00948234 -0.0240023 -0.0301903
0 -0.00927975 -0.0235199 -0.0296463
0 -0.00905942 -0.0229658 -0.0289999
0 -0.0088215 -0.0223426 -0.0282528
0 -0.00856622 -0.0216536 -0.0274077
0 -0.00829388 -0.0209022 -0.026468
0 -0.00800481 -0.0200921 -0.0254384
0 -0.00769916 -0.0192272 -0.0243237
0 -0.00737699 -0.0183109 -0.0231295
0 -0.0070383 -0.0173468 -0.0218621
0 -0.00668319 -0.0163382 -0.0205279
0 -0.0063118 -0.0152888 -0.0191342
0 -0.00592427 -0.0142018 -0.0176883
0 -0.00552061 -0.0130805 -0.0161977
0 -0.0051005 -0.0119283 -0.0146697
0 -0.00466341 -0.010748 -0.0131113
0 -0.0042089 -0.00954267 -0.0115295
0 -0.00373686 -0.00831539 -0.00993103
0 -0.00324789 -0.00706952 -0.00832254
0 -0.0027436 -0.00580896 -0.00671083
0 -0.00222664 -0.00453828 -0.00510243
0 -0.00170033 -0.00326228 -0.0035033
0 -0.00116821 -0.00198561 -0.00191875
0 -0.000633623 -0.000712583 -0.000353547
0 -9.94053e-05 0.000552913 0.00118797
0 0.000432214 0.00180724 0.00270191
0 0.000959516 0.00304679 0.00418479
0 0.00148113 0.00426779 0.00563362
0 0.00199589 0.00546641 0.007046
0 0.00250285 0.00663893 0.00842011
0 0.00300154 0.00778213 0.00975484
0 0.00349213 0.00889364 0.01105
0 0.00397512 0.00997174 0.0123057
0 0.00445019 0.0110145 0.013522
0 0.00491533 0.0120192 0.0146972
0 0.00536724 0.0129823 0.015829
0 0.00580218 0.0139006 0.0169145
0 0.00621652 0.0147715 0.0179513
0 0.00660688 0.0155927 0.0189369
0 0.00697008 0.0163622 0.0198687
0 0.00730327 0.0170782 0.0207442
0 0.00760432 0.0177395 0.0215611
0 0.00787206 0.0183452 0.0223178
0 0.00810616 0.0188954 0.023013
0 0.0083067 0.01939 0.0236456
0 0.00847383 0.0198285 0.024214
0 0.00860777 0.0202101 0.0247166
0 0.00870898 0.0205342 0.0251515
0 0.00877841 0.0208 0.0255173
0 0.00881738 0.0210068 0.0258126
0 0.00882746 0.0211544 0.0260364
0 0.00881024 0.0212421 0.0261874
0 0.00876722 0.0212693 0.0262645
0 0.00869985 0.0212356 0.0262666
0 0.00860964 0.0211405 0.0261928
0 0.00849809 0.020984 0.0260424
0 0.00836663 0.0207664 0.0258149
0 0.00821652 0.0204881 0.0255103
0 0.0080488 0.0201498 0.0251285
0 0.00786433 0.0197523 0.0246698
0 0.00766378 0.0192969 0.0241347
0 0.00744768 0.018785 0.0235241
0 0.00721637 0.0182182 0.0228394
0 0.00697005 0.0175984 0.022082
0 0.0067088 0.0169275 0.0212539
0 0.00643258 0.0162077 0.0203574
0 0.00614132 0.0154411 0.0193953
0 0.00583489 0.0146303 0.0183706
0 0.00551336 0.0137777 0.0172868
0 0.00517704 0.0128865 0.0161482
0 0.00482644 0.0119599 0.0149596
0 0.0044621 0.0110014 0.0137262
0 0.00408456 0.0100145 0.0124532
0 0.00369446 0.00900298 0.0111465
0 0.00329268 0.00797059 0.00981208
0 0.00288033 0.00692114 0.00845588
0 0.00245846 0.00585807 0.00708359
0 0.00202793 0.00478421 0.00570013
0 0.00158954 0.00370189 0.00430985
0 0.00114426 0.00261316 0.00291676
0 0.000693365 0.00152 0.00152483
0 0.000238394 0.000424472 0.000138196
0 -0.000218846 -0.00067105 -0.00123882
0 -0.000676395 -0.00176388 -0.00260181
0 -0.00113239 -0.00285116 -0.00394644
0 -0.00158526 -0.00393002 -0.00526871
0 -0.0020337 -0.00499756 -0.00656512
0 -0.00247656 -0.00605076 -0.00783255
0 -0.00291272 -0.00708626 -0.0090681
0 -0.0033408 -0.00810025 -0.0102688
0 -0.00375922 -0.00908841 -0.0114317
0 -0.00416637 -0.0100463 -0.0125539
0 -0.00456092 -0.01097 -0.0136332
0 -0.00494203 -0.0118563 -0.014668
0 -0.00530917 -0.0127027 -0.0156573
0 -0.00566164 -0.0135069 -0.0166002
0 -0.00599811 -0.0142666 -0.0174951
0 -0.00631655 -0.0149793 -0.0183403
0 -0.0066145 -0.0156424 -0.0191332
0 -0.00688938 -0.0162535 -0.0198713
0 -0.00713884 -0.0168104 -0.0205518
0 -0.00736078 -0.0173113 -0.0211721
0 -0.00755338 -0.0177546 -0.0217299
0 -0.00771508 -0.0181391 -0.0222225
0 -0.00784468 -0.0184633 -0.0226476
0 -0.00794138 -0.0187264 -0.0230028
0 -0.00800495 -0.0189275 -0.0232863
0 -0.00803592 -0.0190667 -0.0234967
0 -0.00803571 -0.0191443 -0.0236333
0 -0.0080063 -0.0191612 -0.0236962
0 -0.00794981 -0.0191185 -0.0236852
0 -0.007868 -0.0190167 -0.0236004
0 -0.00776214 -0.018856 -0.023441
0 -0.00763326 -0.0186364 -0.0232066
0 -0.00748239 -0.018358 -0.0228969
0 -0.00731091 -0.0180217 -0.0225123
0 -0.00712069 -0.0176288 -0.022054
0 -0.00691413 -0.0171817 -0.0215243
0 -0.00669382 -0.0166832 -0.0209261
0 -0.00646218 -0.0161364 -0.0202624
0 -0.00622125 -0.0155445 -0.0195367
0 -0.00597263 -0.0149108 -0.0187527
0 -0.00571725 -0.0142383 -0.0179136
0 -0.00545505 -0.0135297 -0.0170228
0 -0.00518514 -0.0127871 -0.0160832
0 -0.00490647 -0.0120129 -0.015098
0 -0.00461831 -0.01121 -0.0140711
0 -0.00432026 -0.0103815 -0.0130069
0 -0.00401188 -0.00953058 -0.0119103
0 -0.00369242 -0.00865981 -0.0107856
0 -0.00336091 -0.00777128 -0.00963706
0 -0.00301655 -0.00686671 -0.00846883
0 -0.00265918 -0.00594804 -0.00728527
0 -0.00228976 -0.00501789 -0.0060913
0 -0.00191033 -0.00407956 -0.00489227
0 -0.00152326 -0.00313635 -0.00369315
0 -0.0011305 -0.00219086 -0.00249797
0 -0.000733389 -0.00124483 -0.00130974
0 -0.00033294 -0.000299615 -0.000131016
0 6.97849e-05 0.000643333 0.0010357
0 0.000473658 0.00158237 0.00218795
0 0.00087766 0.0025158 0.00332346
0 0.00128106 0.00344204 0.0044404
0 0.00168342 0.00435957 0.00553752
0 0.0020844 0.00526687 0.00661397
0 0.00248356 0.00616218 0.00766904
0 0.00288012 0.00704343 0.00870188
0 0.00327273 0.00790791 0.00971113
0 0.00365926 0.00875229 0.0106948
0 0.00403711 0.00957287 0.0116504
0 0.00440347 0.010366 0.0125755
0 0.00475564 0.0111285 0.0134678
0 0.00509112 0.0118574 0.0143253
0 0.00540764 0.0125502 0.015146
0 0.00570314 0.0132047 0.0159281
0 0.00597576 0.0138188 0.0166698
0 0.00622381 0.0143908 0.0173689
0 0.0064456 0.0149185 0.018023
0 0.0066392 0.0153994 0.0186291
0 0.0068026 0.0158306 0.0191836
0 0.00693399 0.0162092 0.0196827
0 0.00703209 0.0165326 0.0201226
0 0.00709634 0.0167984 0.0205
0 0.00712701 0.0170048 0.0208118
0 0.00712521 0.0171508 0.0210558
0 0.0070926 0.0172356 0.0212297
0 0.00703115 0.0172588 0.0213317
0 0.00694309 0.0172201 0.0213601
0 0.0068311 0.0171201 0.0213139
0 0.00669821 0.0169596 0.0211925
0 0.00654747 0.0167403 0.0209957
0 0.00638152 0.0164635 0.0207235
0 0.00620236 0.0161305 0.0203758
0 0.00601145 0.0157428 0.0199525
0 0.00580995 0.0153019 0.0194539
0 0.00559898 0.0148098 0.0188811
0 0.00537963 0.0142691 0.0182359
0 0.00515271 0.0136828 0.0175207
0 0.00491884 0.0130538 0.0167384
0 0.00467883 0.0123861 0.0158932
0 0.00443401 0.0116842 0.0149904
0 0.00418594 0.0109534 0.0140363
0 0.00393579 0.0101987 0.0130375
0 0.0036838 0.0094243 0.0120003
0 0.00342928 0.00863371 0.0109307
0 0.00317104 0.00782979 0.00983437
0 0.00290784 0.00701514 0.0087171
0 0.00263851 0.00619221 0.00758461
0 0.00236223 0.00536329 0.00644257
0 0.00207873 0.00453076 0.00529664
0 0.0017884 0.00369702 0.00415243
0 0.00149212 0.00286438 0.0030154
0 0.00119098 0.00203495 0.0018908
0 0.000886098 0.00121063 0.000783678
0 0.000578567 0.000393285 -0.000301103
0 0.000269352 -0.000415223 -0.0013589
0 -4.0781e-05 -0.00121301 -0.00238535
0 -0.000351205 -0.00199811 -0.00337645
0 -0.00066142 -0.00276856 -0.00432881
0 -0.000971185 -0.00352244 -0.00523992
0 -0.00128054 -0.0042579 -0.00610827
0 -0.0015895 -0.00497307 -0.00693312
0 -0.0018978 -0.0056659 -0.00771426
0 -0.00220477 -0.00633425 -0.00845183
0 -0.0025094 -0.00697595 -0.00914631
0 -0.00281035 -0.00758878 -0.00979838
0 -0.00310594 -0.00817047 -0.0104088
0 -0.00339428 -0.00871889 -0.0109783
0 -0.00367359 -0.00923244 -0.0115082
0 -0.00394239 -0.00971025 -0.0120001
0 -0.00419932 -0.010152 -0.0124556
0 -0.00444274 -0.0105577 -0.0128764
0 -0.00467038 -0.0109267 -0.0132632
0 -0.00487948 -0.0112584 -0.0136161
0 -0.00506728 -0.0115521 -0.0139349
0 -0.00523155 -0.0118078 -0.0142194
0 -0.00537084 -0.0120257 -0.0144698
0 -0.00548415 -0.0122067 -0.0146862
0 -0.00557062 -0.0123514 -0.0148686
0 -0.00562944 -0.0124598 -0.0150161
0 -0.00566007 -0.0125322 -0.0151279
0 -0.00566256 -0.0125685 -0.0152029
0 -0.00563742 -0.0125689 -0.0152402
0 -0.00558549 -0.0125332 -0.0152388
0 -0.0055078 -0.0124611 -0.0151973
0 -0.0054056 -0.0123521 -0.0151144
0 -0.00528049 -0.0122058 -0.0149887
0 -0.00513456 -0.0120222 -0.0148195
0 -0.00497046 -0.0118017 -0.0146064
0 -0.00479132 -0.0115453 -0.0143496
0 -0.00460035 -0.0112542 -0.0140495
0 -0.00440065 -0.0109299 -0.0137067
0 -0.00419501 -0.0105738 -0.0133219
0 -0.00398589 -0.0101876 -0.0128959
0 -0.00377542 -0.00977318 -0.0124299
0 -0.00356527 -0.00933253 -0.011925
0 -0.00335668 -0.00886773 -0.0113827
0 -0.00315047 -0.00838094 -0.0108045
0 -0.00294711 -0.00787437 -0.0101924
0 -0.00274675 -0.00735027 -0.00954853
0 -0.00254922 -0.00681077 -0.00887524
0 -0.00235409 -0.00625789 -0.00817518
0 -0.00216067 -0.00569354 -0.00745116
0 -0.00196809 -0.00511955 -0.00670618
0 -0.00177523 -0.00453747 -0.00594322
0 -0.00158055 -0.00394826 -0.00516492
0 -0.00138212 -0.00335234 -0.00437351
0 -0.00117805 -0.00274989 -0.00357102
0 -0.000966976 -0.00214129 -0.00275975
0 -0.000748435 -0.00152753 -0.00194257
0 -0.000522793 -0.000910061 -0.00112282
0 -0.000290726 -0.000290423 -0.000303885
0 -5.26329e-05 0.000330296 0.000511315
0 0.000191647 0.000951649 0.00132067
0 0.000442598 0.00157358 0.00212259
0 0.000700427 0.00219585 0.00291543
0 0.000964614 0.00281752 0.0036971
0 0.00123398 0.00343705 0.00446516
0 0.00150706 0.00405259 0.00521723
0 0.00178229 0.00466225 0.00595126
0 0.00205808 0.00526406 0.00666555
0 0.00233271 0.00585594 0.00735857
0 0.00260437 0.00643562 0.00802893
0 0.00287121 0.00700077 0.00867542
0 0.00313137 0.00754902 0.00929693
0 0.00338283 0.00807773 0.00989228
0 0.00362323 0.00858395 0.01046
0 0.00385002 0.00906444 0.0109983
0 0.00406069 0.00951596 0.0115053
0 0.00425298 0.00993555 0.0119795
0 0.00442523 0.0103208 0.0124196
0 0.00457671 0.0106703 0.0128249
0 0.00470754 0.0109833 0.0131953
0 0.00481826 0.0112595 0.013531
0 0.00490953 0.0114989 0.0138317
0 0.00498192 0.0117013 0.0140972
0 0.00503571 0.0118664 0.0143264
0 0.00507072 0.0119935 0.0145176
0 0.00508641 0.0120816 0.0146688
0 0.00508231 0.0121299 0.0147776
0 0.00505838 0.0121377 0.0148419
0 0.00501539 0.0121056 0.0148606
0 0.00495488 0.0120347 0.014833
0 0.00487892 0.0119267 0.0147592
0 0.00478961 0.0117834 0.0146395
0 0.00468892 0.0116069 0.0144742
0 0.00457871 0.0113989 0.0142639
0 0.00446077 0.0111616 0.0140096
0 0.00433684 0.0108969 0.0137123
0 0.00420841 0.010607 0.0133738
0 0.00407656 0.0102937 0.0129955
0 0.00394169 0.0099583 0.0125789
0 0.00380347 0.00960176 0.0121253
0 0.00366114 0.00922456 0.0116359
0 0.00351389 0.00882725 0.0111123
0 0.00336112 0.00841062 0.0105567
0 0.00320258 0.00797581 0.00997175
0 0.00303834 0.00752429 0.00936076
0 0.00286866 0.00705768 0.00872727
0 0.00269379 0.00657758 0.00807486
0 0.00251382 0.00608542 0.00740695
0 0.00232872 0.00558244 0.00672666
0 0.00213836 0.0050697 0.00603685
0 0.00194263 0.00454821 0.00534018
0 0.00174154 0.00401901 0.00463919
0 0.00153524 0.00348317 0.00393622
0 0.00132409 0.00294181 0.0032335
0 0.00110863 0.00239614 0.00253326
0 0.000889694 0.00184761 0.00183783
0 0.000668288 0.00129785 0.00114949
0 0.000445446 0.000748556 0.000470398
0 0.000222051 0.000201365 -0.000197589
0 -1.20942e-06 -0.000342158 -0.000852949
0 -0.000223776 -0.000880492 -0.00149443
0 -0.000445124 -0.00141206 -0.00212095
0 -0.000664703 -0.0019352 -0.00273153
0 -0.000881917 -0.00244813 -0.00332529
0 -0.00109614 -0.00294909 -0.00390144
0 -0.0013067 -0.00343627 -0.0044593
0 -0.00151284 -0.00390789 -0.00499819
0 -0.00171373 -0.00436224 -0.00551749
0 -0.00190846 -0.0047977 -0.00601652
0 -0.00209612 -0.00521276 -0.00649459
0 -0.00227576 -0.0056061 -0.00695094
0 -0.00244647 -0.00597652 -0.00738476
0 -0.00260734 -0.00632301 -0.00779516
0 -0.00275737 -0.00664459 -0.0081811
0 -0.00289544 -0.00694027 -0.00854126
0 -0.00302026 -0.00720899 -0.0088741
0 -0.00313059 -0.00744971 -0.00917793
0 -0.0032253 -0.00766154 -0.00945109
0 -0.00330362 -0.00784384 -0.00969208
0 -0.00336522 -0.00799634 -0.00989975
0 -0.00341026 -0.00811916 -0.0100733
0 -0.00343929 -0.00821265 -0.0102123
0 -0.00345302 -0.00827723 -0.0103163
0 -0.00345218 -0.00831329 -0.010385
0 -0.00343749 -0.00832111 -0.010418
0 -0.00340946 -0.00830071 -0.0104149
0 -0.00336844 -0.00825195 -0.0103751
0 -0.0033147 -0.00817455 -0.010298
0 -0.00324856 -0.00806833 -0.0101833
0 -0.00317044 -0.00793321 -0.0100309
0 -0.00308094 -0.0077693 -0.009841
0 -0.00298089 -0.00757708 -0.00961413
0 -0.00287148 -0.0073574 -0.00935145
0 -0.002754 -0.00711141 -0.00905439
0 -0.00262969 -0.00684035 -0.00872453
0 -0.00249965 -0.00654555 -0.00836356
0 -0.00236486 -0.00622846 -0.00797328
0 -0.00222623 -0.00589066 -0.00755566
0 -0.00208453 -0.00553385 -0.00711274
0 -0.00194025 -0.00515969 -0.00664655
0 -0.00179353 -0.00476965 -0.0061589
0 -0.00164415 -0.004365 -0.00565147
0 -0.00149185 -0.00394705 -0.00512594
0 -0.00133664 -0.00351742 -0.00458437
0 -0.00117895 -0.0030782 -0.00402921
0 -0.00101937 -0.00263164 -0.00346315
0 -0.000858273 -0.0021797 -0.00288862
0 -0.000695552 -0.00172379 -0.00230758
0 -0.000530853 -0.00126496 -0.00172163
0 -0.000363905 -0.000804193 -0.00113237
0 -0.00019471 -0.000342631 -0.000541582
0 -2.34819e-05 0.000118511 4.87753e-05
0 0.000149532 0.000578068 0.000636808
0 0.000324211 0.00103509 0.00122083
0 0.000500618 0.00148888 0.00179944
0 0.000678902 0.00193892 0.00237139
0 0.000858893 0.00238445 0.00293524
0 0.00103941 0.00282378 0.00348869
0 0.00121793 0.00325389 0.00402814
0 0.00139122 0.00367105 0.00454938
0 0.00155668 0.00407201 0.00504883
0 0.0017129 0.00445463 0.00552415
0 0.00185936 0.00481762 0.00597392
0 0.00199606 0.0051601 0.00639725
0 0.00212345 0.00548156 0.00679373
0 0.0022424 0.00578195 0.00716341
0 0.00235388 0.00606138 0.00750651
0 0.00245816 0.00631936 0.00782265
0 0.00255429 0.0065543 0.00811032
0 0.00264038 0.00676375 0.00836715
0 0.00271441 0.00694524 0.0085907
0 0.00277495 0.00709692 0.00877909
0 0.00282129 0.00721771 0.00893122
0 0.00285326 0.00730711 0.0090465
0 0.00287087 0.00736483 0.00912453
0 0.00287415 0.00739068 0.00916494
0 0.0028634 0.00738475 0.00916767
0 0.00283955 0.00734788 0.00913331
0 0.00280421 0.00728167 0.00906323
0 0.00275931 0.00718816 0.00895922
0 0.00270669 0.00706949 0.00882314
0 0.00264786 0.00692767 0.00865672
0 0.0025838 0.00676435 0.00846138
0 0.00251483 0.00658071 0.00823808
0 0.00244066 0.00637748 0.00798741
0 0.00236081 0.00615531 0.00770994
0 0.00227483 0.00591488 0.00740642
0 0.00218232 0.005657 0.00707781
0 0.00208298 0.0053825 0.00672521
0 0.00197673 0.00509239 0.00635008
0 0.001864 0.00478812 0.0059544
0 0.00174573 0.00447152 0.00554066
0 0.00162294 0.00414446 0.00511155
0 0.00149651 0.00380863 0.0046696
0 0.00136712 0.00346544 0.00421719
0 0.0012354 0.00311621 0.00375658
0 0.00110197 0.0027622 0.00329004
0 0.000967383 0.00240458 0.00281966
0 0.000832076 0.00204438 0.00234743
0 0.000696428 0.00168259 0.00187519
0 0.000560832 0.00132024 0.00140479
0 0.000425752 0.000958474 0.000938086
0 0.000291727 0.000598544 0.000476938
0 0.000159305 0.000241772 2.31708e-05
0 2.89969e-05 -0.000110491 -0.000421481
0 -9.87257e-05 -0.000456863 -0.000855389
0 -0.000223425 -0.000795923 -0.00127702
0 -0.000344687 -0.00112621 -0.00168492
0 -0.000462128 -0.00144626 -0.00207768
0 -0.000575499 -0.00175473 -0.00245411
0 -0.000684912 -0.00205062 -0.00281343
0 -0.000790994 -0.00233352 -0.00315544
0 -0.000894708 -0.00260344 -0.00348043
0 -0.000996889 -0.00286041 -0.00378865
0 -0.00109777 -0.00310405 -0.00407993
0 -0.00119683 -0.00333342 -0.00435348
0 -0.00129304 -0.0035473 -0.00460817
0 -0.0013855 -0.00374477 -0.00484311
0 -0.00147371 -0.00392551 -0.00505793
0 -0.00155749 -0.00408966 -0.00525266
0 -0.00163663 -0.00423751 -0.00542746
0 -0.00171081 -0.0043693 -0.0055824
0 -0.00177955 -0.00448528 -0.00571755
0 -0.00184238 -0.00458568 -0.00583299
0 -0.00189875 -0.00467076 -0.00592886
0 -0.00194812 -0.0047407 -0.00600528
0 -0.00198997 -0.00479572 -0.00606244
0 -0.00202384 -0.00483598 -0.0061006
0 -0.00204934 -0.00486165 -0.00612007
0 -0.00206599 -0.00487266 -0.00612104
0 -0.00207303 -0.00486855 -0.00610337
0 -0.0020695 -0.00484852 -0.00606665
0 -0.00205449 -0.00481161 -0.00601037
0 -0.00202735 -0.00475699 -0.00593419
0 -0.00198802 -0.00468424 -0.00583816
0 -0.00193705 -0.00459341 -0.00572283
0 -0.00187544 -0.00448494 -0.00558906
0 -0.00180418 -0.00435917 -0.00543755
0 -0.00172384 -0.00421604 -0.0052685
0 -0.00163457 -0.0040551 -0.00508161
0 -0.00153644 -0.00387585 -0.00487639
0 -0.00142991 -0.00367826 -0.0046527
0 -0.00131611 -0.00346306 -0.00441102
0 -0.00119672 -0.00323165 -0.00415239
0 -0.00107324 -0.00298545 -0.00387772
0 -0.000946509 -0.00272535 -0.00358734
0 -0.000816682 -0.00245171 -0.00328097
0 -0.00068368 -0.00216481 -0.00295825
0 -0.000547566 -0.00186516 -0.00261905
0 -0.000408728 -0.00155369 -0.00226368
0 -0.000267892 -0.00123172 -0.00189292
0 -0.000125967 -0.000900812 -0.00150785
0 1.61511e-05 -0.00056255 -0.0011097
0 0.000157702 -0.000218431 -0.000699689
0 0.000298091 0.000130198 -0.000278998
0 0.000436854 0.000482119 0.000151157
0 0.000573568 0.000836158 0.000589461
0 0.000707763 0.00119108 0.00103441
0 0.000838859 0.00154555 0.00148424
0 0.000966232 0.00189811 0.001937
0 0.00108931 0.00224731 0.00239065
0 0.00120761 0.00259172 0.00284309
0 0.00132077 0.00292996 0.00329218
0 0.00142851 0.00326064 0.00373573
0 0.00153063 0.00358237 0.00417154
0 0.00162709 0.00389379 0.00459733
0 0.00171793 0.0041936 0.00501085
0 0.00180326 0.00448052 0.0054098
0 0.00188321 0.00475334 0.00579189
0 0.00195791 0.00501088 0.00615487
0 0.0020275 0.00525205 0.00649658
0 0.00209215 0.00547584 0.00681496
0 0.00215202 0.00568137 0.00710808
0 0.00220725 0.00586784 0.00737417
0 0.00225786 0.00603455 0.0076116
0 0.00230388 0.00618088 0.00781896
0 0.00234545 0.00630653 0.00799527
0 0.00238294 0.00641158 0.00814007
0 0.00241684 0.0064964 0.0082534
0 0.00244758 0.00656148 0.00833553
0 0.00247537 0.00660728 0.00838691
0 0.00250018 0.00663418 0.00840809
0 0.00252179 0.00664255 0.00839976
0 0.00253983 0.00663274 0.00836279
0 0.00255387 0.00660516 0.00829825
0 0.00256352 0.00656039 0.00820753
0 0.00256863 0.00649927 0.00809244
0 0.00256924 0.00642295 0.00795515
0 0.00256539 0.0063326 0.00779794
0 0.00255674 0.00622907 0.00762283
0 0.00254242 0.00611265 0.00743131
0 0.00252125 0.00598335 0.00722454
0 0.00249219 0.0058412 0.00700371
0 0.00245455 0.0056865 0.00677022
0 0.00240798 0.00551975 0.00652561
0 0.00235231 0.00534152 0.00627138
0 0.00228745 0.00515231 0.00600891
0 0.00221348 0.00495265 0.00573942
0 0.00213062 0.00474311 0.00546406
0 0.00203914 0.00452417 0.00518374
0 0.00193918 0.0042961 0.00489898
0 0.00183074 0.0040589 0.00460988
0 0.00171386 0.00381248 0.00431633
0 0.00158873 0.00355683 0.00401814
0 0.00145588 0.00329215 0.00371522
0 0.0013162 0.00301895 0.00340765
0 0.00117092 0.00273808 0.00309578
0 0.00102146 0.00245058 0.00278
0 0.000869244 0.00215752 0.00246069
0 0.000715611 0.00185996 0.00213814
0 0.000561801 0.00155896 0.00181255
0 0.000408846 0.00125544 0.00148399
0 0.000257507 0.000950177 0.00115234
0 0.000108316 0.000643768 0.000817329
0 -3.83106e-05 0.000336762 0.000478698
0 -0.00018199 2.97301e-05 0.000136262
0 -0.000322328 -0.0002767 -0.000210023
0 -0.00045884 -0.000581774 -0.000559962
0 -0.000590877 -0.000884543 -0.000913023
0 -0.000717678 -0.00118389 -0.00126837
0 -0.00083852 -0.00147867 -0.001625
0 -0.000952824 -0.00176779 -0.0019818
0 -0.00106015 -0.00205025 -0.00233762
0 -0.00116018 -0.00232507 -0.00269114
0 -0.00125266 -0.00259127 -0.00304093
0 -0.00133746 -0.00284792 -0.00338542
0 -0.00141454 -0.00309409 -0.00372291
0 -0.00148402 -0.00332897 -0.0040516
0 -0.00154614 -0.00355182 -0.00436964
0 -0.00160142 -0.00376213 -0.00467531
0 -0.00165076 -0.00395975 -0.00496717
0 -0.00169536 -0.00414489 -0.00524407
0 -0.00173649 -0.00431791 -0.00550496
0 -0.00177517 -0.00447898 -0.00574864
0 -0.00181195 -0.00462793 -0.0059736
0 -0.00184693 -0.00476419 -0.00617806
0 -0.00187992 -0.00488706 -0.00636026
0 -0.0019108 -0.00499594 -0.00651876
0 -0.00193964 -0.00509056 -0.00665262
0 -0.00196684 -0.00517104 -0.00676157
0 -0.00199298 -0.00523782 -0.00684587
0 -0.00201861 -0.0052914 -0.00690609
0 -0.00204407 -0.00533222 -0.00694297
0 -0.00206945 -0.00536063 -0.00695738
0 -0.00209453 -0.00537679 -0.00695017
0 -0.00211867 -0.0053806 -0.00692212
0 -0.00214095 -0.0053718 -0.00687398
0 -0.00216035 -0.00535009 -0.00680655
0 -0.00217583 -0.00531525 -0.00672081
0 -0.00218647 -0.00526716 -0.00661789
0 -0.00219151 -0.00520596 -0.00649914
0 -0.00219048 -0.00513205 -0.00636614
0 -0.00218311 -0.00504604 -0.00622065
0 -0.00216924 -0.00494861 -0.00606435
0 -0.00214874 -0.00484049 -0.0058989
0 -0.00212151 -0.00472235 -0.00572574
0 -0.00208733 -0.00459472 -0.00554602
0 -0.00204563 -0.00445775 -0.00536034
0 -0.00199559 -0.0043112 -0.00516877
0 -0.00193635 -0.00415471 -0.00497113
0 -0.00186733 -0.00398803 -0.0047672
0 -0.00178833 -0.00381115 -0.00455686
0 -0.00169967 -0.00362441 -0.00434029
0 -0.00160222 -0.00342853 -0.00411791
0 -0.00149715 -0.00322444 -0.00389027
0 -0.00138576 -0.00301308 -0.00365787
0 -0.00126932 -0.00279535 -0.00342105
0 -0.00114896 -0.00257194 -0.00317991
0 -0.00102554 -0.00234332 -0.00293426
0 -0.000899699 -0.00210974 -0.00268368
0 -0.00077199 -0.00187141 -0.00242768
0 -0.000643 -0.00162857 -0.00216586
0 -0.000513433 -0.00138162 -0.00189797
0 -0.000384184 -0.00113123 -0.00162406
0 -0.000256306 -0.000878292 -0.00134448
0 -0.000130871 -0.00062378 -0.0010597
0 -8.84113e-06 -0.000368668 -0.000770287
0 0.000108954 -0.00011388 -0.000476816
0 0.000221796 0.000139688 -0.000179952
0 0.000329068 0.000391137 0.00011954
0 0.00043027 0.000639575 0.000420807
0 0.000525023 0.000884136 0.000722918
0 0.000613075 0.00112399 0.00102487
0 0.000694296 0.00135836 0.0013256
0 0.000768745 0.00158652 0.00162403
0 0.000836831 0.00180804 0.00191926
0 0.000899434 0.00202286 0.0022107
0 0.000957801 0.0022313 0.00249804
0 0.00101328 0.00243376 0.00278095
0 0.00106707 0.00263049 0.00305892
0 0.00112 0.00282148 0.00333111
0 0.00117255 0.00300645 0.00359632
0 0.00122502 0.00318501 0.00385324
0 0.00127765 0.00335682 0.00410054
0 0.00133064 0.00352162 0.00433701
0 0.00138411 0.00367916 0.00456145
0 0.001438 0.00382914 0.0047727
0 0.00149202 0.00397112 0.00496954
0 0.00154562 0.0041045 0.00515072
0 0.00159815 0.00422867 0.00531511
0 0.00164918 0.00434321 0.00546195
0 0.0016986 0.00444816 0.00559109
0 0.00174658 0.00454378 0.00570279
0 0.00179325 0.00463041 0.00579755
0 0.00183858 0.0047082 0.00587587
0 0.00188209 0.00477691 0.00593802
0 0.00192271 0.00483573 0.00598382
0 0.00195893 0.00488339 0.00601277
0 0.00198926 0.00491863 0.00602446
0 0.00201265 0.00494055 0.00601893
0 0.00202842 0.00494857 0.00599655
0 0.00203602 0.00494217 0.00595778
0 0.002035 0.00492091 0.00590311
0 0.00202519 0.00488456 0.00583316
0 0.00200684 0.00483329 0.00574888
0 0.00198047 0.00476753 0.00565138
0 0.00194672 0.00468786 0.00554169
0 0.00190618 0.00459484 0.00542075
0 0.00185939 0.00448906 0.0052893
0 0.00180689 0.00437117 0.00514796
0 0.00174911 0.00424176 0.0049972
0 0.00168643 0.00410148 0.00483731
0 0.00161922 0.00395103 0.00466855
0 0.00154789 0.00379116 0.00449112
0 0.00147287 0.00362272 0.00430523
0 0.00139464 0.00344663 0.00411114
0 0.00131371 0.00326383 0.00390913
0 0.00123064 0.00307529 0.00369953
0 0.00114595 0.00288197 0.0034827
0 0.00106016 0.00268479 0.00325904
0 0.000973769 0.00248465 0.00302902
0 0.000887285 0.00228242 0.00279316
0 0.000801191 0.00207891 0.00255207
0 0.000715948 0.00187492 0.00230644
0 0.00063195 0.00167112 0.00205699
0 0.000549428 0.00146804 0.00180439
0 0.000468338 0.00126589 0.00154914
0 0.000388399 0.00106464 0.00129155
0 0.000309315 0.000864209 0.00103203
0 0.000231054 0.000664732 0.00077125
0 0.000153954 0.000466712 0.000510326
0 7.85651e-05 0.00027087 0.00025061
0 5.42818e-06 7.79371e-05 -6.50892e-06
0 -6.50113e-05 -0.000111422 -0.000259705
0 -0.00013237 -0.000296569 -0.000507681
0 -0.000196281 -0.000476827 -0.000749139
0 -0.000256412 -0.000651482 -0.000982798
0 -0.000312569 -0.000819876 -0.00120752
0 -0.000364881 -0.000981599 -0.00142248
0 -0.000413905 -0.00113662 -0.00162733
0 -0.000460497 -0.00128516 -0.00182205
0 -0.000505575 -0.00142752 -0.00200674
0 -0.000549972 -0.00156392 -0.0021815
0 -0.000594432 -0.00169457 -0.00234645
0 -0.000639623 -0.00181966 -0.00250178
0 -0.000686099 -0.0019394 -0.00264772
0 -0.00073426 -0.00205397 -0.00278448
0 -0.000784346 -0.00216349 -0.00291232
0 -0.000836474 -0.00226814 -0.00303153
0 -0.000890659 -0.00236812 -0.00314245
0 -0.0009468 -0.00246367 -0.00324549
0 -0.00100461 -0.00255497 -0.00334102
0 -0.00106348 -0.00264198 -0.00342925
0 -0.00112251 -0.00272447 -0.00351018
0 -0.0011806 -0.00280204 -0.0035837
0 -0.00123661 -0.0028743 -0.00364974
0 -0.0012895 -0.0029409 -0.0037083
0 -0.00133823 -0.00300151 -0.00375943
0 -0.00138188 -0.00305574 -0.00380317
0 -0.00141957 -0.0031032 -0.00383958
0 -0.00145057 -0.00314348 -0.00386873
0 -0.00147435 -0.00317625 -0.00389074
0 -0.0014906 -0.00320123 -0.0039058
0 -0.0014992 -0.0032182 -0.00391414
0 -0.00150019 -0.00322698 -0.00391596
0 -0.00149376 -0.00322739 -0.00391143
0 -0.00148026 -0.00321936 -0.0039007
0 -0.00146028 -0.00320297 -0.00388404
0 -0.00143466 -0.00317852 -0.00386178
0 -0.00140439 -0.00314645 -0.00383429
0 -0.00137045 -0.00310723 -0.00380185
0 -0.00133367 -0.00306123 -0.00376452
0 -0.00129463 -0.00300866 -0.00372206
0 -0.00125374 -0.00294964 -0.00367406
0 -0.00121129 -0.00288428 -0.00361998
0 -0.00116758 -0.00281275 -0.00355931
0 -0.00112288 -0.00273531 -0.00349158
0 -0.00107741 -0.00265223 -0.00341631
0 -0.0010313 -0.00256379 -0.00333306
0 -0.000984672 -0.00247027 -0.00324144
0 -0.000937593 -0.00237196 -0.00314112
0 -0.00089011 -0.00226911 -0.00303186
0 -0.000842254 -0.00216201 -0.00291356
0 -0.000794095 -0.00205095 -0.00278626
0 -0.000745791 -0.00193632 -0.00265022
0 -0.000697562 -0.00181855 -0.00250589
0 -0.000649628 -0.00169807 -0.00235387
0 -0.00060216 -0.00157524 -0.0021948
0 -0.000555228 -0.00145032 -0.00202934
0 -0.000508713 -0.00132338 -0.00185806
0 -0.000462279 -0.00119428 -0.00168139
0 -0.000415447 -0.00106273 -0.00149966
0 -0.000367739 -0.000928421 -0.00131324
0 -0.000318828 -0.000791211 -0.00112266
0 -0.000268636 -0.000651186 -0.000928709
0 -0.000217309 -0.000508655 -0.000732378
0 -0.000165085 -0.000364029 -0.000534736
0 -0.000112183 -0.000217723 -0.000336796
0 -5.87915e-05 -7.01565e-05 -0.000139492
0 -5.09161e-06 7.82158e-05 5.62914e-05
0 4.8727e-05 0.000226884 0.000249717
0 0.000102524 0.000375347 0.000440051
0 0.000156343 0.000523253 0.000626807
0 0.000210512 0.000670514 0.000809849
0 0.000265564 0.000817247 0.000989325
0 0.000322065 0.000963614 0.0011655
0 0.000380497 0.00110973 0.00133864
0 0.000441243 0.00125565 0.00150903
0 0.000504579 0.00140139 0.00167694
0 0.000570638 0.00154693 0.0018426
0 0.000639395 0.00169216 0.00200621
0 0.000710703 0.00183695 0.00216792
0 0.000784334 0.0019812 0.00232791
0 0.000859999 0.00212483 0.00248639
0 0.000937337 0.00226779 0.00264353
0 0.0010159 0.00241 0.00279952
0 0.00109513 0.00255133 0.00295445
0 0.00117439 0.0026916 0.00310835
0 0.00125301 0.00283064 0.00326123
0 0.00133035 0.00296827 0.00341311
0 0.00140577 0.00310432 0.003564
0 0.00147869 0.00323859 0.00371387
0 0.00154852 0.00337084 0.00386265
0 0.00161462 0.00350065 0.00401012
0 0.00167632 0.00362751 0.0041559
0 0.001733 0.00375081 0.00429955
0 0.00178416 0.00386993 0.00444061
0 0.00182944 0.00398428 0.00457861
0 0.00186864 0.00409326 0.00471304
0 0.00190163 0.00419625 0.00484336
0 0.00192844 0.00429264 0.00496896
0 0.00194917 0.00438181 0.00508922
0 0.00196406 0.00446319 0.00520345
0 0.00197338 0.00453624 0.00531093
0 0.00197751 0.00460049 0.00541087
0 0.00197685 0.00465551 0.00550248
0 0.00197183 0.00470091 0.00558492
0 0.00196289 0.00473641 0.00565731
0 0.00195045 0.00476176 0.0057188
0 0.00193494 0.0047768 0.0057685
0 0.00191671 0.00478142 0.00580556
0 0.00189609 0.00477557 0.00582918
0 0.00187338 0.00475928 0.00583861
0 0.00184887 0.00473271 0.00583325
0 0.00182293 0.00469617 0.00581272
0 0.00179593 0.00465008 0.00577682
0 0.00176818 0.0045949 0.00572548
0 0.0017399 0.00453109 0.00565873
0 0.0017112 0.00445908 0.00557673
0 0.00168212 0.0043793 0.00547977
0 0.00165263 0.00429213 0.00536825
0 0.00162251 0.00419782 0.00524261
0 0.00159132 0.00409644 0.0051032
0 0.00155844 0.00398785 0.00495039
0 0.0015232 0.00387187 0.00478457
0 0.00148503 0.00374836 0.00460634
0 0.0014436 0.0036174 0.00441659
0 0.00139901 0.00347943 0.00421667
0 0.00135175 0.00333525 0.00400829
0 0.00130245 0.00318583 0.00379333
0 0.00125176 0.00303211 0.00357365
0 0.00120019 0.00287497 0.00335095
0 0.00114814 0.00271519 0.00312679
0 0.00109566 0.00255327 0.00290235
0 0.00104247 0.00238942 0.00267843
0 0.00098802 0.0022236 0.0024555
0 0.000931791 0.0020558 0.00223393
0 0.00087334 0.0018861 0.00201409
0 0.000812302 0.00171464 0.0017963
0 0.000748334 0.00154155 0.00158076
0 0.000681139 0.00136698 0.00136759
0 0.000610492 0.00119107 0.00115681
0 0.000536263 0.00101399 0.000948434
0 0.000458408 0.000835921 0.00074239
0 0.000376964 0.00065707 0.000538565
0 0.000292039 0.000477619 0.000336797
0 0.000203836 0.000297768 0.000136902
0 0.000112684 0.000117746 -6.12887e-05
0 1.90427e-05 -6.21687e-05 -0.000257902
0 -7.65238e-05 -0.000241671 -0.000453039
0 -0.000173394 -0.000420462 -0.0006468
0 -0.000270917 -0.000598268 -0.000839295
0 -0.000368418 -0.000774832 -0.00103063
0 -0.000465206 -0.000949902 -0.0012209
0 -0.00056059 -0.00112323 -0.00141017
0 -0.000653897 -0.00129458 -0.00159851
0 -0.000744491 -0.0014637 -0.00178594
0 -0.00083179 -0.00163036 -0.00197246
0 -0.000915282 -0.00179432 -0.00215806
0 -0.000994511 -0.00195531 -0.00234265
0 -0.00106903 -0.00211298 -0.00252603
0 -0.00113836 -0.00226686 -0.00270785
0 -0.00120203 -0.00241633 -0.00288757
0 -0.00125964 -0.00256076 -0.0030646
0 -0.00131093 -0.00269955 -0.00323831
0 -0.00135578 -0.0028321 -0.00340805
0 -0.00139419 -0.00295783 -0.00357309
0 -0.00142618 -0.00307609 -0.00373257
0 -0.00145181 -0.00318619 -0.00388552
0 -0.00147118 -0.00328743 -0.00403085
0 -0.00148448 -0.00337912 -0.00416744
0 -0.00149196 -0.00346063 -0.00429415
0 -0.00149397 -0.00353139 -0.00440985
0 -0.00149089 -0.00359089 -0.00451342
0 -0.00148318 -0.00363874 -0.00460382
0 -0.00147149 -0.00367481 -0.00468019
0 -0.00145663 -0.00369921 -0.0047419
0 -0.00143946 -0.00371222 -0.00478849
0 -0.00142076 -0.00371416 -0.00481955
0 -0.00140118 -0.00370538 -0.00483472
0 -0.00138126 -0.00368624 -0.00483371
0 -0.00136143 -0.00365717 -0.0048164
0 -0.00134201 -0.00361861 -0.00478276
0 -0.00132321 -0.00357103 -0.0047329
0 -0.00130513 -0.00351492 -0.00466712
0 -0.00128779 -0.00345082 -0.00458588
0 -0.0012712 -0.00337931 -0.00448986
0 -0.00125528 -0.003301 -0.0043799
0 -0.00123987 -0.00321648 -0.00425699
0 -0.00122473 -0.00312629 -0.0041222
0 -0.00120956 -0.00303094 -0.0039767
0 -0.001194 -0.00293093 -0.00382176
0 -0.0011777 -0.00282672 -0.0036587
0 -0.00116027 -0.00271874 -0.00348887
0 -0.00114128 -0.00260735 -0.00331361
0 -0.00112029 -0.00249286 -0.00313421
0 -0.00109688 -0.00237554 -0.00295192
0 -0.00107068 -0.00225565 -0.00276792
0 -0.00104138 -0.00213348 -0.00258338
0 -0.00100875 -0.00200929 -0.00239937
0 -0.000972581 -0.0018833 -0.00221685
0 -0.000932674 -0.00175568 -0.00203663
0 -0.000888828 -0.0016265 -0.00185932
0 -0.000840899 -0.00149583 -0.00168544
0 -0.000788847 -0.00136378 -0.00151538
0 -0.000732735 -0.00123051 -0.00134948
0 -0.000672719 -0.00109617 -0.00118795
0 -0.00060904 -0.000960975 -0.0010309
0 -0.000542011 -0.000825134 -0.000878336
0 -0.000472018 -0.000688896 -0.000730182
0 -0.00039951 -0.000552535 -0.000586281
0 -0.000324984 -0.000416351 -0.0004464
0 -0.000248971 -0.000280659 -0.000310246
0 -0.00017203 -0.000145792 -0.000177475
0 -9.47308e-05 -1.20888e-05 -4.77092e-05
0 -1.76437e-05 0.000120113 7.94593e-05
0 5.8696e-05 0.000250508 0.000204472
0 0.000133808 0.000378842 0.000327809
0 0.000207262 0.000504909 0.000449959
0 0.000278652 0.000628532 0.000571386
0 0.000347597 0.000749548 0.0006925
0 0.000413743 0.000867817 0.000813645
0 0.000476775 0.000983227 0.000935099
0 0.000536429 0.0010957 0.00105707
0 0.000592496 0.00120518 0.00117968
0 0.000644815 0.00131163 0.00130299
0 0.000693261 0.00141504 0.00142693
0 0.000737738 0.00151535 0.00155134
0 0.00077819 0.00161252 0.00167597
0 0.000814623 0.0017065 0.00180048
0 0.000847119 0.00179728 0.00192449
0 0.00087583 0.00188485 0.00204756
0 0.000900966 0.0019692 0.00216922
0 0.000922796 0.00205035 0.00228897
0 0.000941635 0.00212829 0.00240628
0 0.000957842 0.00220304 0.00252062
0 0.000971808 0.00227459 0.00263145
0 0.000983951 0.00234294 0.00273825
0 0.000994694 0.00240808 0.0028405
0 0.00100447 0.00247002 0.00293774
0 0.00101372 0.00252876 0.00302954
0 0.00102292 0.00258438 0.0031156
0 0.00103256 0.00263699 0.00319569
0 0.00104308 0.00268671 0.00326965
0 0.00105489 0.00273369 0.00333738
0 0.00106835 0.00277811 0.00339888
0 0.00108382 0.00282021 0.00345429
0 0.0011016 0.00286028 0.00350383
0 0.0011219 0.00289859 0.00354778
0 0.00114472 0.00293531 0.00358638
0 0.00116978 0.00297042 0.00361972
0 0.00119657 0.00300371 0.0036478
0 0.00122439 0.00303487 0.00367055
0 0.00125253 0.0030636 0.00368798
0 0.0012803 0.00308961 0.00370017
0 0.001307 0.00311265 0.00370727
0 0.00133205 0.00313252 0.00370953
0 0.00135499 0.00314913 0.00370736
0 0.00137553 0.00316251 0.00370127
0 0.00139342 0.00317271 0.00369183
0 0.00140848 0.00317975 0.00367957
0 0.00142047 0.00318359 0.00366492
0 0.0014291 0.00318408 0.00364818
0 0.00143401 0.00318091 0.00362948
0 0.00143483 0.00317374 0.0036088
0 0.00143127 0.00316222 0.00358611
0 0.00142312 0.00314606 0.00356132
0 0.00141029 0.003125 0.00353433
0 0.00139276 0.00309883 0.00350497
0 0.00137062 0.00306737 0.00347303
0 0.0013441 0.00303059 0.00343836
0 0.0013136 0.00298857 0.00340082
0 0.00127961 0.00294151 0.00336031
0 0.00124268 0.00288962 0.0033167
0 0.00120333 0.00283317 0.00326978
0 0.00116209 0.00277239 0.00321929
0 0.00111944 0.00270756 0.00316495
0 0.00107576 0.0026389 0.0031064
0 0.00103133 0.00256653 0.00304318
0 0.000986335 0.00249054 0.00297477
0 0.000940912 0.00241099 0.00290068
0 0.000895213 0.002328 0.00282049
0 0.000849383 0.0022417 0.00273388
0 0.000803558 0.00215222 0.00264057
0 0.000757866 0.00205972 0.00254042
0 0.000712446 0.00196439 0.00243338
0 0.000667435 0.00186639 0.00231953
0 0.000622945 0.00176593 0.00219902
0 0.00057905 0.00166313 0.00207208
0 0.00053577 0.00155812 0.00193899
0 0.000493061 0.00145095 0.00180007
0 0.000450825 0.00134163 0.00165567
0 0.000408933 0.00123019 0.0015062
0 0.000367253 0.00111662 0.00135212
0 0.000325654 0.00100097 0.00119396
0 0.000284007 0.000883283 0.00103228
0 0.000242192 0.000763626 0.000867696
0 0.000200102 0.000642102 0.000700822
0 0.000157649 0.000518853 0.000532309
0 0.000114753 0.000394056 0.000362804
0 7.13382e-05 0.000267916 0.000192941
0 2.7342e-05 0.000140675 2.33461e-05
0 -1.72643e-05 1.26239e-05 -0.00014536
0 -6.24708e-05 -0.000115895 -0.000312565
0 -0.000108242 -0.000244505 -0.00047768
0 -0.000154534 -0.000372813 -0.000640166
0 -0.000201292 -0.00050041 -0.000799536
0 -0.000248452 -0.000626872 -0.000955359
0 -0.000295933 -0.000751765 -0.00110725
0 -0.000343629 -0.000874643 -0.00125486
0 -0.000391415 -0.000995059 -0.00139791
0 -0.000439143 -0.00111258 -0.00153611
0 -0.000486638 -0.00122677 -0.00166925
0 -0.000533697 -0.00133721 -0.0017971
0 -0.000580087 -0.00144351 -0.00191948
0 -0.000625553 -0.00154527 -0.00203619
0 -0.000669821 -0.00164215 -0.00214706
0 -0.000712609 -0.00173383 -0.00225193
0 -0.000753626 -0.00182001 -0.00235064
0 -0.000792581 -0.00190046 -0.00244304
0 -0.000829186 -0.00197493 -0.00252898
0 -0.000863159 -0.00204325 -0.00260833
0 -0.000894232 -0.00210525 -0.00268093
0 -0.000922157 -0.0021608 -0.00274663
0 -0.000946709 -0.00220979 -0.00280531
0 -0.000967701 -0.00225212 -0.0028568
0 -0.00098498 -0.00228774 -0.00290099
0 -0.000998433 -0.00231661 -0.00293776
0 -0.00100799 -0.00233869 -0.00296698
0 -0.00101364 -0.002354 -0.00298856
0 -0.00101538 -0.00236251 -0.00300242
0 -0.00101329 -0.00236427 -0.00300849
0 -0.00100747 -0.0023593 -0.0030067
0 -0.00099805 -0.00234765 -0.00299705
0 -0.000985213 -0.00232938 -0.00297951
0 -0.000969158 -0.00230457 -0.00295411
0 -0.000950104 -0.00227331 -0.00292086
0 -0.000928279 -0.0022357 -0.00287983
0 -0.000903921 -0.00219186 -0.00283108
0 -0.000877267 -0.00214191 -0.00277471
0 -0.000848548 -0.002086 -0.00271081
0 -0.000817988 -0.0020243 -0.00263954
0 -0.000785795 -0.001957 -0.00256103
0 -0.000752158 -0.00188428 -0.00247545
0 -0.000717247 -0.00180637 -0.00238301
0 -0.000681208 -0.0017235 -0.00228392
0 -0.000644168 -0.00163591 -0.0021784
0 -0.000606234 -0.00154387 -0.00206673
0 -0.000567495 -0.00144766 -0.00194917
0 -0.000528015 -0.00134756 -0.00182604
0 -0.000487844 -0.00124386 -0.00169767
0 -0.000447014 -0.00113685 -0.0015644
0 -0.000405546 -0.00102685 -0.00142659
0 -0.000363449 -0.000914147 -0.00128463
0 -0.000320727 -0.00079904 -0.00113894
0 -0.000277379 -0.000681824 -0.000989935
0 -0.000233404 -0.000562786 -0.000838076
0 -0.000188805 -0.000442206 -0.000683821
0 -0.000143589 -0.000320357 -0.000527645
0 -9.77724e-05 -0.000197505 -0.000370033
0 -5.13755e-05 -7.39143e-05 -0.000211465
0 -4.42889e-06 5.01546e-05 -5.24205e-05
0 4.30284e-05 0.000174441 0.000106627
0 9.09467e-05 0.000298688 0.000265213
0 0.000139264 0.000422636 0.000422886
0 0.000187904 0.000546029 0.000579212
0 0.000236774 0.000668612 0.000733775
0 0.000285768 0.000790133 0.00088617
0 0.000334769 0.000910339 0.00103602
0 0.000383648 0.00102897 0.00118296
0 0.000432273 0.00114578 0.00132665
0 0.000480501 0.00126051 0.00146679
0 0.000528184 0.00137288 0.00160309
0 0.000575166 0.00148265 0.00173528
0 0.000621289 0.00158955 0.00186315
0 0.000666388 0.00169331 0.00198648
0 0.000710297 0.00179368 0.00210508
0 0.000752848 0.00189041 0.00221879
0 0.000793874 0.00198325 0.00232745
0 0.000833211 0.00207197 0.00243092
0 0.000870698 0.00215633 0.0025291
0 0.000906185 0.00223613 0.00262186
0 0.00093953 0.00231115 0.00270911
0 0.000970602 0.00238121 0.00279075
0 0.000999283 0.00244613 0.0028667
0 0.00102547 0.00250576 0.00293687
0 0.00104908 0.00255997 0.00300116
0 0.00107004 0.00260863 0.00305951
0 0.00108826 0.00265163 0.0031118
0 0.00110365 0.00268884 0.00315788
