0 0.0293659 0.0399138 0.0396689
0 0.0294407 0.0400938 0.0399006
0 0.0295174 0.0402686 0.0401225
0 0.0295922 0.0404344 0.04033
0 0.0296634 0.0405896 0.0405215
0 0.0297299 0.0407334 0.0406958
0 0.0297891 0.0408634 0.0408509
0 0.0298415 0.0409798 0.0409875
0 0.0298892 0.0410844 0.0411083
0 0.0299302 0.0411748 0.0412117
0 0.0299604 0.0412466 0.0412941
0 0.0299824 0.0413017 0.0413582
0 0.0300016 0.0413453 0.0414097
0 0.0300151 0.0413742 0.0414454
0 0.0300125 0.041378 0.041455
0 0.0299878 0.0413501 0.0414316
0 0.0299425 0.0412903 0.0413743
0 0.0298797 0.0411999 0.0412837
0 0.0298058 0.0410829 0.041163
0 0.0297355 0.0409527 0.041024
0 0.0296798 0.0408203 0.0408762
0 0.0296338 0.0406828 0.0407148
0 0.0295965 0.0405427 0.0405407
0 0.0295798 0.0404165 0.0403693
0 0.0295868 0.0403135 0.0402097
0 0.0296084 0.0402311 0.0400602
0 0.0296323 0.0401635 0.0399174
0 0.0296399 0.0400964 0.0397708
0 0.0296114 0.0400112 0.0396073
0 0.029542 0.0399003 0.0394252
0 0.0294407 0.0397665 0.0392337
0 0.0293162 0.0396104 0.0390382
0 0.0291685 0.0394232 0.0388331
0 0.0289998 0.0391991 0.0386126
0 0.0288298 0.0389512 0.0383868
0 0.0286792 0.0386971 0.0381669
0 0.0285551 0.038445 0.0379524
0 0.0284678 0.0382105 0.0377484
0 0.0284219 0.038007 0.0375578
0 0.0283937 0.0378212 0.0373588
0 0.028361 0.0376407 0.0371334
0 0.0283407 0.0374894 0.0369043
0 0.0283682 0.0374084 0.036716
0 0.0284561 0.0374162 0.036594
0 0.0285799 0.0374937 0.0365301
0 0.028702 0.0376072 0.0365039
0 0.028798 0.0377325 0.0365058
0 0.0288439 0.0378418 0.0365226
0 0.0287994 0.0378851 0.0365173
0 0.028634 0.0378163 0.0364528
0 0.028354 0.0376205 0.0363184
0 0.0280009 0.0373159 0.0361292
0 0.0276524 0.0369596 0.035932
0 0.0273915 0.0366235 0.0357803
0 0.0272507 0.0363419 0.0356837
0 0.0272107 0.0361103 0.0356098
0 0.0272417 0.0359223 0.0355254
0 0.0273278 0.0357886 0.0354196
0 0.0274594 0.0357255 0.0352964
0 0.0276124 0.0357295 0.0351516
0 0.0277453 0.035772 0.0349681
0 0.0278291 0.0358254 0.0347416
0 0.0278669 0.0358836 0.0344979
0 0.0278792 0.0359502 0.0342773
0 0.0278879 0.0360279 0.0341178
0 0.0279185 0.0361258 0.0340578
0 0.0279996 0.0362631 0.0341348
0 0.028146 0.0364559 0.0343699
0 0.0283291 0.0366866 0.0347374
0 0.0284734 0.0368959 0.035159
0 0.028512 0.0370305 0.0355567
0 0.0284327 0.0370834 0.0358971
0 0.0282716 0.0370867 0.0361873
0 0.0280925 0.0370927 0.0364582
0 0.0279581 0.0371496 0.0367412
0 0.0279037 0.03728 0.0370466
0 0.0279441 0.0374902 0.0373735
0 0.0280953 0.0377928 0.0377322
0 0.0283662 0.0382003 0.0381374
0 0.0287379 0.0387028 0.0385868
0 0.0291679 0.0392713 0.0390628
0 0.0296096 0.0398733 0.0395486
0 0.030031 0.0404882 0.0400428
0 0.0304169 0.041108 0.0405577
0 0.0307501 0.0417173 0.0410988
0 0.0310146 0.0422961 0.0416642
0 0.0312142 0.0428399 0.0422633
0 0.0313587 0.0433464 0.0429019
0 0.031448 0.0438025 0.0435672
0 0.0314871 0.0441999 0.0442437
0 0.0314827 0.0445326 0.0449099
0 0.0314152 0.0447695 0.0455127
0 0.0312507 0.0448641 0.0459785
0 0.0309913 0.0448031 0.0462647
0 0.030692 0.044625 0.0463805
0 0.0304306 0.0443939 0.0463636
0 0.030272 0.0441687 0.0462516
0 0.0302556 0.0439937 0.0460752
0 0.0303929 0.0438974 0.0458584
0 0.0306521 0.0438741 0.0456016
0 0.0309454 0.0438664 0.0452641
0 0.0311577 0.0437852 0.0447831
0 0.0312014 0.0435567 0.044118
0 0.0310346 0.0431365 0.0432621
0 0.0306554 0.0425044 0.0422323
0 0.0301202 0.0416878 0.0410878
0 0.0295347 0.0407618 0.0399254
0 0.0289899 0.0397953 0.0388221
0 0.0285308 0.0388282 0.03781
0 0.0281781 0.0378939 0.0369
0 0.0279342 0.0370243 0.0360897
0 0.0277586 0.0362191 0.0353394
0 0.0275907 0.0354597 0.0345926
0 0.0274326 0.0347845 0.0338586
0 0.0273544 0.0342909 0.0332188
0 0.0274052 0.0340484 0.0327421
0 0.0275802 0.0340657 0.0324528
0 0.0278483 0.0343178 0.0323563
0 0.0281474 0.0347398 0.0324297
0 0.0283692 0.0352085 0.0325988
0 0.0284166 0.0355977 0.0327859
0 0.0282812 0.0358569 0.032981
0 0.0280108 0.0359853 0.0332089
0 0.0276303 0.0359611 0.0334512
0 0.0271784 0.0357836 0.0336882
0 0.0267977 0.0355698 0.0339968
0 0.0266705 0.0354995 0.0345011
0 0.0268698 0.035673 0.0352364
0 0.0273251 0.0360721 0.0361189
0 0.0279016 0.0366255 0.0370199
0 0.0284676 0.037258 0.0378254
0 0.0289235 0.0379044 0.0384589
0 0.029221 0.0385217 0.0388957
0 0.0293689 0.0390939 0.0391649
0 0.0294205 0.0396283 0.0393354
0 0.0294188 0.040111 0.039461
0 0.0293582 0.0404784 0.0395414
0 0.0292152 0.0406548 0.0395509
0 0.0289894 0.0405986 0.0394774
0 0.0287014 0.0403054 0.0393206
0 0.0283791 0.0397969 0.0390805
0 0.0280644 0.0391287 0.0387684
0 0.0278135 0.0383896 0.0384124
0 0.0276821 0.037684 0.0380484
0 0.0277131 0.037116 0.0377128
0 0.0279238 0.0367693 0.037435
0 0.0282743 0.0366677 0.0372063
0 0.0286518 0.036747 0.0369605
0 0.0289126 0.0368865 0.0366063
0 0.028971 0.0369907 0.0361052
0 0.0288661 0.0370583 0.0355326
0 0.0287149 0.037147 0.035032
0 0.0286045 0.0372823 0.034711
0 0.0285666 0.0374467 0.0346158
0 0.0286186 0.0376301 0.0347705
0 0.0287737 0.0378456 0.0351864
0 0.0290275 0.038114 0.0358493
0 0.0293614 0.0384614 0.0367264
0 0.0297568 0.0389232 0.0377833
0 0.0301758 0.0395141 0.0389664
0 0.0305217 0.0401777 0.0401619
0 0.0306663 0.0408001 0.0412169
0 0.0305422 0.0412945 0.0420274
0 0.0301956 0.0416535 0.0425901
0 0.0297456 0.0419175 0.0429672
0 0.0293242 0.0421325 0.043235
0 0.0290509 0.0423426 0.0434687
0 0.0290051 0.0425788 0.0437215
0 0.0292025 0.0428428 0.0440049
0 0.0295861 0.0430983 0.0442783
0 0.0300659 0.0433029 0.0444846
0 0.0305777 0.0434561 0.0446037
0 0.0310722 0.0435757 0.0446356
0 0.0314818 0.043654 0.0445622
0 0.0317494 0.0436771 0.0443712
0 0.0318758 0.0436671 0.044099
0 0.0318882 0.0436519 0.0437989
0 0.0317726 0.0436001 0.043472
0 0.0314928 0.0434418 0.0430838
0 0.0310478 0.04313 0.0426197
0 0.0304837 0.0426585 0.0420973
0 0.0298735 0.0420512 0.04155
0 0.0292875 0.0413418 0.041004
0 0.0287828 0.0405706 0.0404741
0 0.0284032 0.0397878 0.0399689
0 0.0281799 0.0390534 0.039496
0 0.0281247 0.0384256 0.0390586
0 0.0282133 0.037937 0.0386394
0 0.0283932 0.037592 0.0382086
0 0.0285994 0.0373731 0.0377367
0 0.0287595 0.0372367 0.0371937
0 0.028789 0.0371039 0.0365379
0 0.0285995 0.0368643 0.0357154
0 0.0281508 0.0364288 0.0347054
0 0.0275008 0.0357872 0.0335687
0 0.0267698 0.0349866 0.0324129
0 0.0260489 0.0340569 0.0313054
0 0.0253794 0.0330036 0.0302575
0 0.0248123 0.0318734 0.0292872
0 0.0244426 0.0307905 0.0284616
0 0.0243683 0.0299137 0.0278653
0 0.0246144 0.0293556 0.0275324
0 0.0250964 0.0291333 0.027412
0 0.0256773 0.0292062 0.0274192
0 0.026248 0.029538 0.0275064
0 0.0267426 0.0300993 0.0276697
0 0.0271163 0.0308393 0.0279196
0 0.0273205 0.0316636 0.0282494
0 0.0272978 0.0324353 0.0286212
0 0.0270027 0.033006 0.0289798
0 0.0264499 0.0332776 0.029295
0 0.025766 0.0332713 0.0296168
0 0.0251668 0.0331272 0.0300663
0 0.0248508 0.0330148 0.0307489
0 0.0249146 0.0330547 0.0316871
0 0.0253633 0.0333234 0.0328431
0 0.026163 0.0338924 0.034174
0 0.0272655 0.0348366 0.035654
0 0.0286018 0.0362071 0.037265
0 0.0300452 0.0379714 0.0389533
0 0.0313837 0.03997 0.0405944
0 0.0323521 0.0419314 0.0420041
0 0.0327471 0.0435827 0.0430326
0 0.0325565 0.0447843 0.0436794
0 0.0319141 0.0455021 0.0440466
0 0.0309672 0.0457026 0.0442109
0 0.0298552 0.0453664 0.0442101
0 0.028755 0.0445623 0.044101
0 0.0278676 0.0434519 0.0439644
0 0.0273437 0.0422229 0.043848
0 0.0272505 0.0410518 0.043746
0 0.0275979 0.0401129 0.0436377
0 0.0283574 0.0395697 0.0435173
0 0.0294458 0.0395272 0.0433788
0 0.0307212 0.0399984 0.0432065
0 0.0320221 0.0409222 0.0430006
0 0.0332152 0.0421992 0.0428043
0 0.0341918 0.0436915 0.0426761
0 0.0348485 0.0452137 0.042652
0 0.0351104 0.0465647 0.0427598
0 0.0349608 0.0475743 0.0430333
0 0.0344422 0.0481318 0.0435001
0 0.0336468 0.0482036 0.0441706
0 0.0327056 0.0478401 0.0450367
0 0.0317633 0.0471593 0.046066
0 0.0309495 0.0463159 0.0471983
0 0.0303622 0.045475 0.0483475
0 0.0300541 0.0447895 0.0494018
0 0.0300327 0.0443793 0.0502433
0 0.0302524 0.0442983 0.0507602
0 0.0306057 0.0445029 0.0508437
0 0.0309743 0.0448891 0.0504337
0 0.0312957 0.0453569 0.0495719
0 0.0315664 0.0458253 0.0483887
0 0.0317982 0.0462116 0.0470386
0 0.0319663 0.0464021 0.0456275
0 0.0320097 0.0462657 0.044204
0 0.0318926 0.0457233 0.0428168
0 0.0316254 0.0447779 0.0415276
0 0.0312247 0.0434787 0.0403666
0 0.030684 0.0418866 0.0393042
0 0.0299835 0.0400664 0.0382664
0 0.0291305 0.0381112 0.0371872
0 0.0281808 0.0361496 0.0360415
0 0.0272023 0.0343035 0.0348176
0 0.0262507 0.0326568 0.0334988
0 0.0253845 0.0312681 0.0320889
0 0.0246659 0.0301735 0.0306216
0 0.024141 0.0293748 0.0291435
0 0.0238321 0.0288426 0.0277061
0 0.0237392 0.0285277 0.0263633
0 0.023828 0.0283572 0.0251587
0 0.0240241 0.0282329 0.0241104
0 0.0242358 0.0280566 0.0232184
0 0.0243895 0.0277669 0.0224853
0 0.0244467 0.0273527 0.0219224
0 0.0244138 0.0268601 0.0215565
0 0.0243479 0.0263936 0.0214385
0 0.0243313 0.0260877 0.0216258
0 0.0244319 0.0260627 0.0221529
0 0.0246775 0.0263935 0.0230148
0 0.0250663 0.0271135 0.0241831
0 0.0255887 0.0282306 0.0256305
0 0.0262344 0.029731 0.0273383
0 0.0269776 0.0315652 0.0292802
0 0.0277644 0.0336366 0.0314061
0 0.0285292 0.0358212 0.0336524
0 0.0292093 0.0379879 0.0359519
0 0.0297545 0.0400152 0.0382385
0 0.0301394 0.0418091 0.0404549
0 0.0303661 0.0433086 0.0425539
0 0.0304627 0.0444887 0.0444985
0 0.030481 0.0453641 0.0462641
0 0.0304919 0.0459908 0.0478387
0 0.0305715 0.0464552 0.0492167
0 0.0307882 0.0468598 0.050399
0 0.0311987 0.0473132 0.0514023
0 0.0318313 0.0479069 0.0522525
0 0.0326623 0.0486823 0.0529629
0 0.0336207 0.0496258 0.0535358
0 0.0346178 0.0506902 0.0539826
0 0.0355616 0.0518033 0.0543241
0 0.0363756 0.0528869 0.0545954
0 0.0370252 0.0538873 0.0548572
0 0.0375024 0.0547661 0.0551726
0 0.0377943 0.0554764 0.0555719
0 0.0378781 0.0559613 0.0560448
0 0.0377384 0.0561759 0.0565559
0 0.037381 0.0561013 0.0570568
0 0.0368027 0.0557144 0.0574594
0 0.0359796 0.0549734 0.0576275
0 0.0349332 0.0538823 0.0574513
0 0.0337987 0.0525576 0.056929
0 0.0327846 0.0511943 0.0561482
0 0.0320679 0.049969 0.0552022
0 0.0317659 0.049018 0.0541784
0 0.0319475 0.0484504 0.0531778
0 0.0326059 0.0483208 0.0522886
0 0.0336476 0.0486127 0.051566
0 0.0349281 0.0492639 0.0510481
0 0.0363024 0.0502066 0.0507807
0 0.0376556 0.0513882 0.0508258
0 0.0389049 0.0527649 0.0512526
0 0.0399913 0.0542883 0.0521216
0 0.0408794 0.0559093 0.0534756
0 0.0415614 0.0575895 0.0553347
0 0.0420619 0.0593151 0.0576995
0 0.0424262 0.0610897 0.0605428
0 0.0426501 0.0628651 0.0637445
0 0.0426421 0.0644997 0.0670563
0 0.0422897 0.0658208 0.0701701
0 0.0415129 0.0666708 0.0727764
0 0.040256 0.0668926 0.0745681
0 0.0384927 0.066331 0.0752619
0 0.0362645 0.064874 0.0746525
0 0.0337004 0.0624856 0.0726496
0 0.0309766 0.0591883 0.0692575
0 0.0282623 0.0550381 0.0645414
0 0.0256922 0.0501204 0.0586133
0 0.0233405 0.044532 0.0516082
0 0.0212116 0.0383692 0.0436686
0 0.0192456 0.0317197 0.0349352
0 0.0173215 0.0246467 0.0255185
0 0.0152798 0.0171885 0.0154967
0 0.0129519 0.00935963 0.00495029
0 0.010223 0.00118775 -0.00597557
0 0.00707023 -0.00725876 -0.0170556
0 0.00352861 -0.0158951 -0.0280389
0 -0.000346624 -0.0246431 -0.038699
0 -0.00448835 -0.0334241 -0.0488504
0 -0.0087643 -0.0420856 -0.0582953
0 -0.0129856 -0.0503794 -0.0668194
0 -0.0169767 -0.0580324 -0.0742515
0 -0.0206019 -0.0648213 -0.0804985
0 -0.023795 -0.0706286 -0.0855769
0 -0.0265296 -0.0754017 -0.0895658
0 -0.0287453 -0.0790621 -0.0925095
0 -0.0303525 -0.0815047 -0.0944059
0 -0.0312983 -0.0826687 -0.0952638
0 -0.031618 -0.0826064 -0.0951556
0 -0.03139 -0.0814555 -0.0941766
0 -0.0307176 -0.0794123 -0.0924265
0 -0.0298398 -0.0768293 -0.0901277
0 -0.029113 -0.0741936 -0.0876293
0 -0.0287693 -0.0718837 -0.0851898
0 -0.0286915 -0.0699318 -0.0827632
0 -0.0285261 -0.0681051 -0.080099
0 -0.0280869 -0.0662806 -0.0771232
0 -0.0274638 -0.0645485 -0.074034
0 -0.0266343 -0.0628369 -0.0709053
0 -0.0252762 -0.060732 -0.0674791
0 -0.0231464 -0.0578564 -0.0635199
0 -0.0204147 -0.0542201 -0.0591414
0 -0.0174717 -0.0500663 -0.0546323
0 -0.0146012 -0.0455831 -0.050157
0 -0.0119239 -0.0408649 -0.0457197
0 -0.00939521 -0.0359034 -0.0411724
0 -0.00682852 -0.0305905 -0.0362415
0 -0.00408585 -0.0248819 -0.0307186
0 -0.00119209 -0.0188905 -0.0245789
0 0.00173811 -0.0128039 -0.0179156
0 0.00460236 -0.00677774 -0.0108481
0 0.00738749 -0.00085663 -0.0034461
0 0.0101512 0.00500588 0.00425524
0 0.0129103 0.0108315 0.0121486
0 0.0156305 0.0166028 0.0200515
0 0.018261 0.0222892 0.0277547
0 0.0206779 0.0277796 0.0349826
0 0.0226894 0.0328755 0.0414121
0 0.0241843 0.0374349 0.0468308
0 0.025296 0.0415382 0.0513061
0 0.0263857 0.0454788 0.0551739
0 0.027834 0.049564 0.058831
0 0.0298647 0.0539476 0.0625554
0 0.0324863 0.0585765 0.0664375
0 0.0355219 0.0632247 0.0703954
0 0.0387413 0.0676278 0.0742907
0 0.0420158 0.0716416 0.0780699
0 0.045299 0.0752275 0.081738
0 0.0485559 0.0783948 0.0852927
0 0.0518358 0.0812813 0.0888023
0 0.0551981 0.0840658 0.0923347
0 0.0585333 0.0867726 0.0957858
0 0.061607 0.0893032 0.0989315
0 0.0642062 0.0915578 0.101569
0 0.066158 0.0934307 0.103534
0 0.0672966 0.0947699 0.104671
0 0.0674705 0.0953878 0.104849
0 0.0665791 0.0950814 0.103968
0 0.0646753 0.0937102 0.102012
0 0.0620215 0.0912804 0.0991069
0 0.0589225 0.0878427 0.0953847
0 0.0555543 0.0833744 0.0908433
0 0.0520124 0.0778599 0.0854153
0 0.0484127 0.0714013 0.0790832
0 0.044921 0.0642429 0.0719246
0 0.0417126 0.056714 0.0640875
0 0.0388964 0.0491266 0.0557271
0 0.0364756 0.0417022 0.0469646
0 0.0343689 0.0345611 0.0378898
0 0.0324389 0.0277276 0.0285701
0 0.0305407 0.0211717 0.0190959
0 0.0285929 0.0148767 0.00964929
0 0.0265842 0.00884387 0.000495541
0 0.0245677 0.00310511 -0.00804931
0 0.0226684 -0.00224174 -0.0156383
0 0.0210482 -0.0070469 -0.021946
0 0.0198509 -0.011152 -0.0267314
0 0.0191569 -0.0144273 -0.0298816
0 0.0189468 -0.0168071 -0.0314405
0 0.0190829 -0.0183119 -0.0316141
0 0.0193331 -0.0190381 -0.0307325
0 0.0194557 -0.0191048 -0.0291578
0 0.0192885 -0.0186098 -0.0271972
0 0.0187671 -0.0176524 -0.0250858
0 0.0179199 -0.0163545 -0.0229876
0 0.0168652 -0.0148376 -0.0209823
0 0.0157746 -0.0132124 -0.0190826
0 0.0148295 -0.0115755 -0.0172648
0 0.0142011 -0.00999335 -0.0154831
0 0.0140439 -0.0084853 -0.0136776
0 0.0144932 -0.00700588 -0.0117726
0 0.0156534 -0.0054382 -0.00967439
0 0.017551 -0.00363546 -0.00730624
0 0.0200902 -0.00148314 -0.00465269
0 0.0230537 0.0010635 -0.00177025
0 0.0261469 0.0039744 0.00123658
0 0.0290791 0.00717581 0.00426993
0 0.0316197 0.0105692 0.00727004
0 0.0336122 0.0140288 0.0102117
0 0.0349753 0.017406 0.0130933
0 0.0356835 0.0205302 0.0159111
0 0.0357582 0.0232262 0.0186457
0 0.0352978 0.0253714 0.0212905
0 0.0344987 0.0269488 0.0238815
0 0.0336149 0.0280426 0.0264743
0 0.0329021 0.0288034 0.0291105
0 0.032587 0.0294266 0.0318098
0 0.0328327 0.0301237 0.0345542
0 0.0336964 0.0310768 0.0372701
0 0.0351174 0.0323998 0.0398386
0 0.0369422 0.0341274 0.0421313
0 0.0389718 0.0362231 0.044051
0 0.0409931 0.0385791 0.0455441
0 0.0428013 0.0410206 0.0465988
0 0.0442379 0.0433433 0.0472544
0 0.0452113 0.045352 0.0475941
0 0.0456839 0.0468755 0.04771
0 0.0456527 0.0477722 0.0476721
0 0.045135 0.0479318 0.0475075
0 0.0441576 0.0472781 0.0471856
0 0.0427667 0.045788 0.0466294
0 0.0410688 0.0435402 0.0457723
0 0.0392602 0.040749 0.0446091
0 0.0375563 0.0376965 0.0431526
0 0.0360972 0.0346284 0.0413693
0 0.0349632 0.0317481 0.0392237
0 0.0342423 0.0292637 0.0367643
0 0.0340152 0.0273575 0.0341187
0 0.0342677 0.0260925 0.0314059
0 0.0348906 0.0254126 0.0287221
0 0.035747 0.0252117 0.0261765
0 0.0367272 0.025395 0.0239152
0 0.037785 0.0259179 0.0221417
0 0.038888 0.0267412 0.0210635
0 0.0399613 0.0277836 0.0208143
0 0.0409114 0.0289556 0.0214463
0 0.0416421 0.0301764 0.0229257
0 0.0420382 0.0313501 0.0251079
0 0.0419844 0.0323713 0.0277584
0 0.0414017 0.0331444 0.0306014
0 0.0402725 0.0335926 0.0333646
0 0.0386565 0.0336684 0.0358085
0 0.0366729 0.0333498 0.0377191
0 0.0344584 0.0326158 0.0388868
0 0.0321517 0.0314444 0.0391316
0 0.029922 0.0298535 0.0383655
0 0.027977 0.0279244 0.0366219
0 0.0265104 0.0257675 0.0340182
0 0.0256329 0.0234675 0.0306928
0 0.0253423 0.0210609 0.02677
0 0.025546 0.0185582 0.0223713
0 0.0261143 0.0159891 0.0176448
0 0.0269106 0.0134176 0.0127588
0 0.0277895 0.0109208 0.00788514
0 0.0286071 0.00857202 0.00321167
0 0.0292429 0.0064342 -0.00105841
0 0.0296138 0.00455941 -0.00472851
0 0.0296861 0.00299745 -0.00762238
0 0.0294734 0.00179916 -0.00959772
0 0.0290175 0.00100504 -0.0105696
0 0.0283655 0.0006288 -0.0105323
0 0.0275651 0.000655292 -0.0095582
0 0.0266896 0.00107085 -0.00776061
0 0.0258566 0.00189026 -0.00525616
0 0.0252048 0.00314444 -0.00216258
0 0.0248608 0.00485554 0.00139449
0 0.024913 0.007018 0.00528045
0 0.0253876 0.00958143 0.00934897
0 0.0262464 0.0124549 0.0134487
0 0.0274251 0.0155445 0.0174524
0 0.0288694 0.0187853 0.0212853
0 0.0305416 0.0221423 0.0249295
0 0.0324111 0.0255947 0.0284081
0 0.0344371 0.0291159 0.0317623
0 0.0365596 0.0326634 0.0350346
0 0.0387024 0.0361819 0.0382607
0 0.0407853 0.0396121 0.0414667
0 0.0427478 0.0429101 0.0446809
0 0.0445662 0.0460646 0.0479435
0 0.0462463 0.0490915 0.0512966
0 0.0477998 0.0520119 0.0547597
0 0.0492267 0.0548362 0.0583145
0 0.0505186 0.0575659 0.0619103
0 0.0516667 0.0602 0.0654794
0 0.0526695 0.062739 0.0689493
0 0.0535258 0.065177 0.0722436
0 0.0541967 0.06746 0.0752503
0 0.0545926 0.0694704 0.0778129
0 0.054616 0.0710683 0.0797751
0 0.0541933 0.0721163 0.0810047
0 0.0532851 0.0724813 0.0813935
0 0.0518856 0.072035 0.0808514
0 0.050016 0.0706562 0.0793003
0 0.0477369 0.0682531 0.0766879
0 0.0451708 0.0648109 0.0730199
0 0.0424855 0.060411 0.0683636
0 0.0398367 0.0551989 0.0628097
0 0.037333 0.0493523 0.0564521
0 0.0350273 0.0430606 0.0493851
0 0.0329139 0.0365004 0.041702
0 0.0309473 0.0298256 0.0335061
0 0.029068 0.023165 0.0249155
0 0.0272215 0.0166256 0.0160662
0 0.0253714 0.010299 0.00713416
0 0.0235094 0.00425995 -0.0016529
0 0.0216478 -0.0014429 -0.0100405
0 0.0197944 -0.00679787 -0.0177958
0 0.0179519 -0.0118112 -0.02473
0 0.0161405 -0.0164679 -0.0306895
0 0.0143979 -0.0207189 -0.0355617
0 0.0127596 -0.0244922 -0.0392938
0 0.0112491 -0.0277028 -0.041898
0 0.00988854 -0.0302537 -0.0434325
0 0.00870825 -0.0320428 -0.0439804
0 0.00774408 -0.0329801 -0.0436386
0 0.00703998 -0.0330023 -0.0425018
0 0.00663834 -0.0321045 -0.0406657
0 0.00655596 -0.0303663 -0.0382421
0 0.00678191 -0.0279401 -0.0353539
0 0.00729426 -0.0250107 -0.0321134
0 0.00806344 -0.0217666 -0.0286169
0 0.00903165 -0.0184037 -0.0249676
0 0.0101093 -0.01512 -0.0212884
0 0.0112234 -0.0120626 -0.0176808
0 0.0123628 -0.00927819 -0.0141848
0 0.0135668 -0.00672481 -0.0107894
0 0.0148816 -0.00431673 -0.00746992
0 0.0163212 -0.00197149 -0.00422018
0 0.0178516 0.000362038 -0.00106412
0 0.0194 0.00269788 0.0019514
0 0.02087 0.0050127 0.00476287
0 0.0221614 0.00725366 0.0073033
0 0.0231885 0.00934918 0.00951579
0 0.0238825 0.0112094 0.0113516
0 0.0241909 0.0127278 0.0127638
0 0.0240835 0.0137929 0.0137095
0 0.0235836 0.0143262 0.014176
0 0.0228151 0.0143426 0.0142301
0 0.0219682 0.0139345 0.0139915
0 0.0212125 0.0132059 0.0135592
0 0.0206794 0.0122701 0.013006
0 0.020466 0.0112637 0.0123955
0 0.0206243 0.0103323 0.011779
0 0.0211553 0.00961137 0.0111943
0 0.0220091 0.00920934 0.010668
0 0.0230978 0.00919944 0.0102261
0 0.0243125 0.00961297 0.00990021
0 0.0255332 0.0104299 0.00972339
0 0.0266392 0.0115777 0.00972357
0 0.0275304 0.0129486 0.00993309
0 0.0281522 0.0144274 0.0104036
0 0.0285018 0.0159113 0.0111996
0 0.0286184 0.0173203 0.0123778
0 0.0285706 0.0186076 0.0139722
0 0.028446 0.019769 0.0159882
0 0.02834 0.0208445 0.0184013
0 0.0283427 0.0219087 0.0211598
0 0.028532 0.0230582 0.0241938
0 0.0289684 0.0244004 0.0274196
0 0.029688 0.0260391 0.0307414
0 0.030703 0.0280614 0.0340719
0 0.0320089 0.0305265 0.0373545
0 0.0335808 0.0334479 0.0405651
0 0.0353568 0.0367688 0.0436909
0 0.037235 0.0403561 0.0467146
0 0.0391063 0.0440371 0.0496293
0 0.0408823 0.0476386 0.0524477
0 0.0424989 0.0510059 0.0551892
0 0.0439109 0.0540132 0.0578658
0 0.0450839 0.0565668 0.0604673
0 0.0459804 0.0585967 0.0629449
0 0.0465505 0.0600478 0.0652023
0 0.0467377 0.0608814 0.0671053
0 0.0464929 0.061077 0.0684989
0 0.0457852 0.0606243 0.0692198
0 0.0446074 0.0595102 0.0691072
0 0.0429707 0.0577072 0.0680104
0 0.0409033 0.0551732 0.0658015
0 0.0384682 0.0518785 0.0624061
0 0.0357675 0.0478249 0.0578218
0 0.0329096 0.0430322 0.0520964
0 0.0299688 0.0375148 0.0452958
0 0.0269718 0.0312808 0.0374926
0 0.0239163 0.0243583 0.0287819
0 0.0208108 0.0168328 0.0193099
0 0.0176826 0.00884806 0.00926021
0 0.0145438 0.000560658 -0.00119866
0 0.0113811 -0.0078824 -0.0119061
0 0.00817685 -0.016343 -0.0226743
0 0.00491451 -0.0247071 -0.0333047
0 0.00157203 -0.032899 -0.0436178
0 -0.00187718 -0.0408666 -0.0534594
0 -0.00545494 -0.0485532 -0.0626949
0 -0.00916492 -0.0558931 -0.0712074
0 -0.0129848 -0.062821 -0.0789031
0 -0.016878 -0.0692812 -0.0857234
0 -0.0208156 -0.0752343 -0.0916592
0 -0.0247747 -0.080649 -0.0967462
0 -0.0287182 -0.0854875 -0.101041
0 -0.032585 -0.0897044 -0.1046
0 -0.0362876 -0.0932504 -0.107462
0 -0.0397131 -0.0960733 -0.109631
0 -0.042732 -0.098125 -0.111087
0 -0.0452195 -0.0993726 -0.111803
0 -0.047061 -0.0998004 -0.111753
0 -0.0481448 -0.0994005 -0.110903
0 -0.0483613 -0.0981647 -0.10922
0 -0.0476235 -0.096082 -0.106671
0 -0.0459095 -0.0931382 -0.10324
0 -0.0432889 -0.0893251 -0.0989313
0 -0.0399166 -0.0846538 -0.0937782
0 -0.0359922 -0.0791523 -0.087824
0 -0.0317086 -0.0728608 -0.0811035
0 -0.0272357 -0.0658468 -0.0736504
0 -0.022722 -0.0582176 -0.0655132
0 -0.018288 -0.0501107 -0.0567593
0 -0.0140177 -0.041677 -0.0474709
0 -0.00996318 -0.0330687 -0.0377443
0 -0.00615609 -0.0244353 -0.0276905
0 -0.00261519 -0.0159152 -0.0174378
0 0.000650558 -0.00762547 -0.00713647
0 0.00363822 0.000343899 0.00303669
0 0.00634179 0.00792553 0.0128797
0 0.00874804 0.0150664 0.0221797
0 0.0108439 0.021726 0.0307375
0 0.012627 0.0278784 0.0383937
0 0.0141061 0.0335049 0.0450398
0 0.0152903 0.0385788 0.0506131
0 0.0161846 0.0430576 0.0550926
0 0.0167912 0.0468852 0.0584963
0 0.0171127 0.0499953 0.060874
0 0.017157 0.052315 0.0622961
0 0.0169415 0.0537742 0.0628417
0 0.0164933 0.0543145 0.0625855
0 0.0158463 0.0538947 0.0615881
0 0.0150346 0.0524997 0.0598899
0 0.0140814 0.0501619 0.0575096
0 0.0130015 0.0469772 0.0544545
0 0.0118069 0.0430989 0.0507329
0 0.0105082 0.0387117 0.0463617
0 0.00911949 0.0340114 0.0413807
0 0.00765975 0.0291817 0.0358609
0 0.00615021 0.0243744 0.0299064
0 0.00461768 0.0197014 0.0236557
0 0.00309716 0.0152372 0.0172753
0 0.0016279 0.0110258 0.0109398
0 0.000242749 0.00708427 0.00481192
0 -0.00104217 0.0034029 -0.00096021
0 -0.00222703 -4.64977e-05 -0.00623732
0 -0.00332468 -0.00329494 -0.0109048
0 -0.00436722 -0.00637361 -0.0149013
0 -0.00540764 -0.00931363 -0.0182313
0 -0.00650264 -0.012133 -0.0209512
0 -0.00768909 -0.0148205 -0.0231432
0 -0.00897172 -0.0173323 -0.0248956
0 -0.0103266 -0.0196035 -0.0262935
0 -0.0117083 -0.021563 -0.0274111
0 -0.0130547 -0.0231439 -0.0283022
0 -0.014292 -0.0242935 -0.0289949
0 -0.0153405 -0.0249804 -0.0294913
0 -0.0161251 -0.0252026 -0.0297757
0 -0.0165877 -0.0249903 -0.0298245
0 -0.0166934 -0.0243998 -0.0296131
0 -0.016435 -0.0235031 -0.0291212
0 -0.0158357 -0.0223731 -0.0283356
0 -0.0149407 -0.0210651 -0.0272459
0 -0.0138118 -0.0196121 -0.0258475
0 -0.0125284 -0.018033 -0.0241515
0 -0.0111808 -0.0163387 -0.0221856
0 -0.00985519 -0.0145331 -0.0199867
0 -0.00861933 -0.0126142 -0.0175919
0 -0.00751858 -0.0105824 -0.0150374
0 -0.0065758 -0.00844711 -0.0123588
0 -0.00579097 -0.00622916 -0.0095893
0 -0.00514463 -0.00395991 -0.0067591
0 -0.0046039 -0.00167829 -0.00389396
0 -0.0041294 0.000574389 -0.00101653
0 -0.00368025 0.00275924 0.00185022
0 -0.0032157 0.0048454 0.0046823
0 -0.00269405 0.00681832 0.0074568
0 -0.00207424 0.00868552 0.010152
0 -0.00132146 0.0104742 0.0127457
0 -0.000414935 0.0122215 0.0152138
0 0.000644784 0.0139609 0.0175311
0 0.00183525 0.0157139 0.0196737
0 0.00311639 0.0174853 0.0216229
0 0.00443672 0.019262 0.0233689
0 0.00574064 0.0210153 0.0249128
0 0.00697313 0.0227035 0.0262652
0 0.00808284 0.0242749 0.0274425
0 0.00902545 0.0256744 0.0284626
0 0.00976979 0.026854 0.0293448
0 0.0103072 0.0277871 0.0301147
0 0.0106538 0.0284752 0.030804
0 0.0108384 0.028938 0.0314386
0 0.0108865 0.0292001 0.0320242
0 0.0108156 0.0292838 0.0325434
0 0.0106339 0.0292052 0.0329565
0 0.0103408 0.0289699 0.0332064
0 0.00993025 0.0285713 0.033226
0 0.00939296 0.0279905 0.0329453
0 0.00871828 0.0271947 0.032297
0 0.00790529 0.0261496 0.03123
0 0.00697443 0.0248331 0.0297244
0 0.0059647 0.0232399 0.0277916
0 0.00492426 0.0213801 0.0254671
0 0.00389981 0.019277 0.0228025
0 0.00292956 0.0169659 0.0198589
0 0.00203537 0.0144898 0.0166995
0 0.00121485 0.0118906 0.0133785
0 0.000442132 0.00920432 0.00993478
0 -0.000325817 0.00645688 0.00639077
0 -0.00114205 0.00366213 0.00275526
0 -0.00206178 0.000822175 -0.000970157
0 -0.00313212 -0.00206965 -0.00477964
0 -0.00438187 -0.00502311 -0.00865165
0 -0.00581631 -0.00804555 -0.012548
0 -0.00741496 -0.0111349 -0.0164185
0 -0.00912274 -0.0142623 -0.0201949
0 -0.0108472 -0.0173601 -0.0237851
0 -0.0124833 -0.0203382 -0.0270938
0 -0.0139412 -0.0231058 -0.0300455
0 -0.015154 -0.0255786 -0.0325886
0 -0.0160824 -0.0276864 -0.0346969
0 -0.0167174 -0.0293802 -0.0363689
0 -0.0170764 -0.0306356 -0.0376232
0 -0.0171968 -0.0314519 -0.0384896
0 -0.017126 -0.0318455 -0.0389992
0 -0.0169109 -0.0318414 -0.0391731
0 -0.0165918 -0.0314679 -0.0390183
0 -0.0161944 -0.0307534 -0.0385255
0 -0.0157271 -0.0297248 -0.0376725
0 -0.0151875 -0.02841 -0.0364343
0 -0.0145705 -0.0268401 -0.0347949
0 -0.0138687 -0.0250428 -0.0327494
0 -0.0130671 -0.0230321 -0.0302991
0 -0.0121465 -0.0208076 -0.0274529
0 -0.011095 -0.0183653 -0.0242363
0 -0.00991841 -0.0157095 -0.020698
0 -0.00864364 -0.0128607 -0.0169105
0 -0.00731779 -0.00986124 -0.0129673
0 -0.00599683 -0.00677093 -0.00896806
0 -0.004728 -0.00365307 -0.00499817
0 -0.00354422 -0.00056953 -0.00112461
0 -0.00246894 0.00241655 0.00259413
0 -0.00151647 0.0052429 0.00610311
0 -0.000685473 0.0078579 0.00935715
0 4.72464e-05 0.0102316 0.0123288
0 0.000727205 0.0123628 0.0150126
0 0.00140797 0.0142707 0.0174174
0 0.00212658 0.0159742 0.0195474
0 0.00289473 0.017483 0.0213965
0 0.00370498 0.0188021 0.0229549
0 0.0045376 0.0199357 0.0242158
0 0.00536906 0.020891 0.0251825
0 0.00618015 0.0216842 0.0258751
0 0.00695858 0.02234 0.0263306
0 0.00769528 0.0228858 0.0265971
0 0.00837776 0.023343 0.0267237
0 0.00898347 0.0237186 0.0267495
0 0.00947544 0.0239996 0.0266952
0 0.00980879 0.0241584 0.0265648
0 0.00994337 0.0241642 0.0263538
0 0.00984935 0.0239875 0.0260511
0 0.00951289 0.0236019 0.0256396
0 0.00894429 0.022991 0.0251018
0 0.00817873 0.0221528 0.0244234
0 0.00726964 0.0210985 0.0235916
0 0.00627892 0.0198498 0.0225933
0 0.00526668 0.0184346 0.0214125
0 0.00428587 0.0168857 0.0200347
0 0.00338398 0.0152451 0.0184557
0 0.00260424 0.0135655 0.0166898
0 0.00198023 0.0119046 0.0147684
0 0.00152784 0.0103141 0.0127343
0 0.00124156 0.00883244 0.0106349
0 0.00109562 0.00748171 0.00851758
0 0.00104717 0.0062661 0.00642524
0 0.0010404 0.00517211 0.00439177
0 0.00101441 0.00417302 0.00244273
0 0.000915291 0.00323686 0.000605379
0 0.000708455 0.00233564 -0.00108247
0 0.000388194 0.00145718 -0.00256967
0 -2.5186e-05 0.000607974 -0.00380152
0 -0.000499469 -0.000195361 -0.00473806
0 -0.00100111 -0.00093261 -0.00536474
0 -0.00150046 -0.00158285 -0.00569412
0 -0.00197327 -0.00212553 -0.00576182
0 -0.00240088 -0.00254246 -0.00561934
0 -0.002771 -0.00282225 -0.00532659
0 -0.00307669 -0.00296279 -0.00494344
0 -0.00331245 -0.00296892 -0.00452141
0 -0.00347199 -0.00285043 -0.00409943
0 -0.0035493 -0.00262217 -0.0037039
0 -0.00354105 -0.00230426 -0.00335045
0 -0.00344946 -0.00192239 -0.00304691
0 -0.00328204 -0.00150463 -0.00279403
0 -0.00305005 -0.00107737 -0.0025856
0 -0.00277014 -0.000665253 -0.00241254
0 -0.00246638 -0.00029277 -0.00226794
0 -0.00216904 1.6382e-05 -0.00214935
0 -0.00191023 0.000241972 -0.00205845
0 -0.00171834 0.000370515 -0.00199924
0 -0.00161486 0.000395819 -0.00197743
0 -0.00161303 0.000317606 -0.00200069
0 -0.00171627 0.000140835 -0.00207728
0 -0.00191754 -0.000125124 -0.00221453
0 -0.00219596 -0.000463294 -0.00241349
0 -0.00251323 -0.000844016 -0.00266205
0 -0.00281976 -0.0012282 -0.00293697
0 -0.00306917 -0.00157814 -0.0032141
0 -0.003228 -0.00186417 -0.00347441
0 -0.00327689 -0.00206399 -0.00370275
0 -0.00321397 -0.00216583 -0.00389016
0 -0.00305866 -0.00217369 -0.00403832
0 -0.0028467 -0.00210538 -0.00415674
0 -0.00262069 -0.00198687 -0.0042569
0 -0.00242225 -0.00184814 -0.00434855
0 -0.00228932 -0.00172313 -0.00444141
0 -0.00225259 -0.0016476 -0.0045456
0 -0.00232715 -0.00165048 -0.00466663
0 -0.00250544 -0.00174464 -0.0048002
0 -0.00275834 -0.00192394 -0.0049327
0 -0.00304727 -0.00217074 -0.00505078
0 -0.00333552 -0.00246331 -0.00514878
0 -0.00359267 -0.00277784 -0.00522874
0 -0.00379514 -0.00308853 -0.0052969
0 -0.00392389 -0.00336589 -0.00535772
0 -0.00396278 -0.00357675 -0.00540949
0 -0.0038992 -0.0036867 -0.00544272
0 -0.00372502 -0.00366323 -0.00544
0 -0.00343708 -0.00347843 -0.00537617
0 -0.00303513 -0.00310884 -0.00521686
0 -0.00251844 -0.00253337 -0.00491661
0 -0.00188702 -0.00173485 -0.00442235
0 -0.00114521 -0.000703478 -0.00368034
0 -0.000302985 0.000562035 -0.00264208
0 0.000624325 0.00205515 -0.00126958
0 0.00161728 0.00376415 0.000461702
0 0.0026534 0.00567459 0.00256127
0 0.00370558 0.00776676 0.00501937
0 0.00473991 0.0100106 0.00780263
0 0.00572004 0.0123652 0.0108573
0 0.00661648 0.0147837 0.0141187
0 0.00740891 0.0172144 0.017513
0 0.00808277 0.0195998 0.0209509
0 0.00863177 0.0218837 0.0243296
0 0.0090617 0.0240188 0.0275434
0 0.00938647 0.0259647 0.0304919
0 0.00962196 0.0276834 0.0330826
0 0.00978517 0.0291403 0.0352375
0 0.00989437 0.0303065 0.0368984
0 0.00996665 0.0311581 0.0380288
0 0.0100136 0.0316745 0.0386116
0 0.0100357 0.031834 0.0386432
0 0.0100186 0.0316138 0.0381283
0 0.00993525 0.0309935 0.0370792
0 0.00975151 0.0299618 0.0355168
0 0.00943486 0.0285217 0.0334731
0 0.00896047 0.026693 0.0309918
0 0.00831381 0.02451 0.0281255
0 0.00748964 0.0220161 0.0249315
0 0.00649269 0.0192604 0.0214697
0 0.00533995 0.0162978 0.0178025
0 0.00405862 0.0131852 0.0139894
0 0.0026804 0.00997574 0.0100807
0 0.00123648 0.00671389 0.00611615
0 -0.000245511 0.00343445 0.00212718
0 -0.00174227 0.000163692 -0.00186065
0 -0.00323545 -0.00307947 -0.00582359
0 -0.00471221 -0.0062821 -0.00973632
0 -0.00616199 -0.00943223 -0.0135693
0 -0.00757411 -0.0125155 -0.0172904
0 -0.00893807 -0.0155145 -0.0208681
0 -0.0102425 -0.0184071 -0.0242717
0 -0.0114755 -0.0211668 -0.0274722
0 -0.0126254 -0.0237644 -0.030443
0 -0.0136783 -0.0261665 -0.0331575
0 -0.0146155 -0.0283338 -0.035586
0 -0.0154131 -0.0302224 -0.0376954
0 -0.0160479 -0.03179 -0.0394531
0 -0.0165022 -0.033002 -0.0408315
0 -0.016764 -0.0338323 -0.0418077
0 -0.0168249 -0.0342611 -0.0423609
0 -0.0166812 -0.0342741 -0.0424719
0 -0.0163362 -0.0338624 -0.0421232
0 -0.015799 -0.0330221 -0.041299
0 -0.0150808 -0.0317554 -0.0399847
0 -0.0141923 -0.0300685 -0.0381676
0 -0.0131422 -0.0279704 -0.0358371
0 -0.011936 -0.0254711 -0.0329873
0 -0.0105794 -0.0225838 -0.0296206
0 -0.00908165 -0.0193287 -0.0257532
0 -0.00745907 -0.0157363 -0.0214189
0 -0.00573686 -0.0118505 -0.0166712
0 -0.00394878 -0.00772983 -0.0115852
0 -0.00213382 -0.00344392 -0.00625078
0 -0.000333125 0.000931262 -0.000761397
0 0.00141524 0.0053187 0.00479371
0 0.00308552 0.00964745 0.0103313
0 0.00466892 0.0138591 0.0157698
0 0.00617058 0.0179108 0.0210251
0 0.00760213 0.0217711 0.0260155
0 0.00897383 0.0254132 0.0306645
0 0.0102918 0.0288111 0.0349044
0 0.0115585 0.031939 0.0386809
0 0.0127718 0.0347704 0.041955
0 0.0139252 0.037277 0.0447031
0 0.0150056 0.0394269 0.0469141
0 0.0159908 0.0411836 0.0485839
0 0.0168539 0.0425101 0.0497164
0 0.0175694 0.0433776 0.0503253
0 0.0181143 0.0437692 0.0504319
0 0.0184629 0.0436809 0.0500588
0 0.0185834 0.0431192 0.0492238
0 0.0184415 0.0420997 0.0479395
0 0.0180103 0.0406455 0.0462165
0 0.0172824 0.0387895 0.044071
0 0.0162755 0.0365741 0.0415291
0 0.0150281 0.034047 0.0386255
0 0.0135912 0.0312552 0.0353987
0 0.0120198 0.0282402 0.0318875
0 0.0103664 0.0250379 0.0281298
0 0.00868039 0.0216832 0.0241659
0 0.00700899 0.0182167 0.0200433
0 0.00539407 0.0146859 0.0158124
0 0.00386837 0.0111404 0.0115214
0 0.00245453 0.00762954 0.00721498
0 0.00116513 0.00420188 0.00293677
0 2.32162e-06 0.000902386 -0.00126819
0 -0.00104598 -0.00223563 -0.00535339
0 -0.00201071 -0.00520003 -0.00927636
0 -0.00293907 -0.00800233 -0.0130062
0 -0.00388621 -0.0106718 -0.016526
0 -0.0049013 -0.0132419 -0.0198257
0 -0.00601493 -0.0157371 -0.022895
0 -0.00723778 -0.0181692 -0.0257243
0 -0.00856072 -0.0205351 -0.0283062
0 -0.00995238 -0.022812 -0.0306311
0 -0.0113577 -0.0249534 -0.0326815
0 -0.0127012 -0.0268907 -0.0344301
0 -0.0138996 -0.0285453 -0.035846
0 -0.0148796 -0.0298459 -0.0369061
0 -0.0155878 -0.0307408 -0.0375999
0 -0.0159944 -0.031202 -0.037929
0 -0.0160903 -0.0312246 -0.037903
0 -0.0158855 -0.0308242 -0.0375346
0 -0.0154085 -0.0300333 -0.0368367
0 -0.0147014 -0.0288919 -0.0358176
0 -0.013809 -0.0274382 -0.0344766
0 -0.0127717 -0.0257033 -0.0328034
0 -0.0116234 -0.0237108 -0.0307826
0 -0.010393 -0.0214794 -0.0284014
0 -0.0091059 -0.0190262 -0.0256557
0 -0.00778362 -0.0163679 -0.0225528
0 -0.0064433 -0.0135223 -0.0191131
0 -0.0050973 -0.0105087 -0.0153695
0 -0.00375334 -0.00734959 -0.0113675
0 -0.00241439 -0.00407075 -0.00716161
0 -0.0010794 -0.000700041 -0.00280768
0 0.000253259 0.00273287 0.00164278
0 0.00158419 0.0061953 0.00613974
0 0.0029156 0.00965362 0.010631
0 0.00425451 0.0130791 0.015062
0 0.00561281 0.0164512 0.0193783
0 0.00700382 0.0197562 0.0235304
0 0.00843705 0.0229814 0.0274769
0 0.00991244 0.0261089 0.0311811
0 0.0114169 0.0291114 0.0346094
0 0.0129255 0.031952 0.0377315
0 0.0144067 0.0345891 0.0405239
0 0.0158283 0.0369824 0.0429726
0 0.0171596 0.0390957 0.045072
0 0.0183708 0.040897 0.0468211
0 0.0194337 0.0423602 0.0482216
0 0.0203251 0.0434692 0.0492782
0 0.021029 0.0442201 0.0499992
0 0.0215342 0.0446204 0.0503942
0 0.0218305 0.0446857 0.05047
0 0.0219053 0.0444334 0.0502279
0 0.0217453 0.043879 0.0496634
0 0.0213441 0.0430342 0.0487699
0 0.0207076 0.0419069 0.047542
0 0.0198557 0.0405029 0.045979
0 0.0188213 0.0388286 0.0440867
0 0.0176482 0.0368944 0.0418784
0 0.0163851 0.0347157 0.0393734
0 0.0150787 0.0323124 0.0365943
0 0.0137683 0.0297095 0.0335655
0 0.0124809 0.0269351 0.0303115
0 0.0112306 0.0240206 0.026858
0 0.0100197 0.0209999 0.0232327
0 0.00884212 0.0179089 0.019466
0 0.00768768 0.0147841 0.0155893
0 0.00654723 0.0116603 0.0116365
0 0.00541467 0.00856962 0.00764523
0 0.00428414 0.00553884 0.00365595
0 0.00314648 0.00258405 -0.000287379
0 0.00199037 -0.000289971 -0.0041351
0 0.000806658 -0.00308515 -0.00783538
0 -0.000406124 -0.00580185 -0.011338
0 -0.00163635 -0.00842964 -0.0145935
0 -0.00286059 -0.0109449 -0.0175557
0 -0.00405136 -0.013316 -0.0201901
0 -0.00518248 -0.0155072 -0.0224777
0 -0.0062312 -0.0174819 -0.024415
0 -0.00717991 -0.0192066 -0.026012
0 -0.00801506 -0.0206524 -0.0272872
0 -0.00872371 -0.021795 -0.0282604
0 -0.00929227 -0.0226154 -0.028948
0 -0.00970854 -0.0231039 -0.0293624
0 -0.00996277 -0.0232623 -0.0295119
0 -0.0100466 -0.0231041 -0.0293997
0 -0.00995419 -0.0226522 -0.0290248
0 -0.00968624 -0.0219362 -0.0283851
0 -0.0092511 -0.0209873 -0.027478
0 -0.00866195 -0.0198315 -0.0263008
0 -0.00793491 -0.0184873 -0.0248509
0 -0.00709042 -0.0169666 -0.0231302
0 -0.00615382 -0.0152786 -0.0211482
0 -0.00515289 -0.0134307 -0.0189217
0 -0.00411552 -0.0114314 -0.0164742
0 -0.00306679 -0.00929173 -0.0138342
0 -0.0020249 -0.00702525 -0.0110315
0 -0.00100101 -0.00464985 -0.00809736
0 -1.50279e-06 -0.0021903 -0.00506457
0 0.000968897 0.000320466 -0.001968
0 0.00190492 0.00284256 0.00115653
0 0.00280333 0.00533558 0.00427444
0 0.00366584 0.00776425 0.0073544
0 0.00449798 0.0100992 0.0103666
0 0.00530612 0.0123169 0.013279
0 0.00609534 0.0144 0.0160556
0 0.0068675 0.0163369 0.0186555
0 0.00762026 0.0181194 0.0210357
0 0.00834845 0.0197422 0.0231576
0 0.00904558 0.0212015 0.0249919
0 0.00970472 0.0224936 0.0265209
0 0.0103174 0.0236125 0.0277379
0 0.010871 0.0245465 0.0286435
0 0.0113504 0.0252801 0.0292452
0 0.0117415 0.0257987 0.0295586
0 0.012034 0.0260922 0.0296069
0 0.0122202 0.0261562 0.0294168
0 0.0122941 0.0259923 0.0290154
0 0.0122522 0.02561 0.0284281
0 0.0120953 0.0250261 0.0276786
0 0.0118294 0.0242642 0.0267878
0 0.0114655 0.023352 0.0257739
0 0.011019 0.0223207 0.024653
0 0.0105102 0.021203 0.0234415
0 0.00996074 0.0200307 0.0221551
0 0.00938937 0.0188292 0.0208061
0 0.00880732 0.0176134 0.0194012
0 0.00821972 0.0163893 0.0179427
0 0.00762781 0.0151559 0.0164313
0 0.00702886 0.0139063 0.0148655
0 0.00641835 0.01263 0.0132438
0 0.00579388 0.0113181 0.0115678
0 0.00515831 0.0099682 0.00984519
0 0.00452212 0.00858739 0.00809226
0 0.00390521 0.00719528 0.00633528
0 0.00333545 0.00582334 0.00460971
0 0.00283981 0.00450796 0.00295305
0 0.00243444 0.0032819 0.00139689
0 0.00211979 0.00216874 -3.75273e-05
0 0.00187921 0.00117887 -0.00134126
0 0.00168195 0.000308604 -0.00251639
0 0.00149022 -0.000457216 -0.00357181
0 0.00126855 -0.0011397 -0.00451802
0 0.00099282 -0.00175916 -0.00536193
0 0.000656056 -0.00232964 -0.00610354
0 0.000269542 -0.00285599 -0.00673562
0 -0.000141489 -0.00333489 -0.00724734
0 -0.00054568 -0.00375861 -0.00763013
0 -0.000911397 -0.00411697 -0.0078808
0 -0.00120921 -0.00439679 -0.00800087
0 -0.00141516 -0.00458333 -0.00799641
0 -0.00151269 -0.00466175 -0.00787672
0 -0.00149165 -0.00461661 -0.00765064
0 -0.00135147 -0.004436 -0.0073273
0 -0.00110416 -0.00411641 -0.00691803
0 -0.0007694 -0.00366078 -0.00643203
0 -0.000367545 -0.00307473 -0.00587128
0 8.36034e-05 -0.0023656 -0.0052296
0 0.000569158 -0.00154328 -0.00449504
0 0.0010779 -0.000619488 -0.00365205
0 0.00160363 0.000394602 -0.0026828
0 0.00214284 0.0014878 -0.0015716
0 0.00269047 0.00264654 -0.000310806
0 0.00323807 0.00385449 0.00109615
0 0.00377486 0.00509413 0.00263492
0 0.0042909 0.00634993 0.00428319
0 0.00477888 0.00760987 0.00601367
0 0.00523528 0.00886581 0.00779769
0 0.00566246 0.0101136 0.00960874
0 0.00606742 0.011351 0.0114216
0 0.00645886 0.0125746 0.0132098
0 0.00684415 0.0137786 0.0149438
0 0.00722855 0.0149542 0.0165933
0 0.00761542 0.0160906 0.0181296
0 0.00800353 0.0171718 0.0195244
0 0.0083877 0.0181783 0.0207532
0 0.00876227 0.0190911 0.0217997
0 0.0091212 0.0198924 0.0226561
0 0.00945601 0.0205649 0.0233203
0 0.00975233 0.0210892 0.0237901
0 0.00998947 0.0214434 0.024061
0 0.010145 0.0216072 0.0241282
0 0.0102007 0.0215678 0.02399
0 0.0101454 0.0213214 0.0236492
0 0.00997812 0.020875 0.023114
0 0.00971051 0.0202482 0.0224008
0 0.00936149 0.0194676 0.0215294
0 0.00895058 0.0185602 0.020518
0 0.00849656 0.0175529 0.0193835
0 0.0080157 0.0164703 0.0181414
0 0.00751867 0.0153314 0.016803
0 0.00701095 0.0141498 0.015377
0 0.00649392 0.0129338 0.0138704
0 0.00596705 0.0116886 0.0122913
0 0.00542956 0.0104177 0.0106498
0 0.00487845 0.00912136 0.00895525
0 0.0043086 0.00779632 0.00721544
0 0.00371699 0.0064398 0.00543892
0 0.00310539 0.00505246 0.00363736
0 0.00248037 0.00363976 0.00182609
0 0.0018531 0.00221339 2.47386e-05
0 0.00123778 0.000790904 -0.00174394
0 0.000650032 -0.000604994 -0.00345481
0 0.000105325 -0.00194741 -0.00508087
0 -0.000384581 -0.00320936 -0.00659716
0 -0.000814412 -0.0043677 -0.00798434
0 -0.00118672 -0.00540631 -0.00923065
0 -0.00151021 -0.00631639 -0.0103309
0 -0.0017936 -0.00709241 -0.0112812
0 -0.00203963 -0.00772755 -0.0120737
0 -0.00224321 -0.00821225 -0.012695
0 -0.00239338 -0.00853566 -0.0131282
0 -0.00247645 -0.00868751 -0.0133559
0 -0.0024797 -0.0086602 -0.0133637
0 -0.00239371 -0.00844965 -0.0131418
0 -0.00221239 -0.00805394 -0.0126846
0 -0.00193506 -0.00747429 -0.0119926
0 -0.00156975 -0.00671839 -0.0110754
0 -0.00113244 -0.00580082 -0.00995202
0 -0.000642835 -0.00474044 -0.00864705
0 -0.000119628 -0.00355758 -0.00718683
0 0.000422528 -0.0022724 -0.00559706
0 0.000973556 -0.000905119 -0.0039023
0 0.00152801 0.000524424 -0.00212517
0 0.00208227 0.00199512 -0.000287387
0 0.00263013 0.00348178 0.00158672
0 0.00316385 0.00495765 0.0034706
0 0.00367685 0.00639807 0.00533776
0 0.00416544 0.00778228 0.00716315
0 0.00462855 0.00909329 0.00892282
0 0.00506747 0.0103186 0.0105941
0 0.00548621 0.0114521 0.0121572
0 0.00588796 0.0124909 0.0135933
0 0.00627398 0.0134341 0.0148844
0 0.00664487 0.014283 0.0160167
0 0.00700079 0.01504 0.0169812
0 0.00734287 0.0157094 0.0177763
0 0.00767405 0.0162976 0.0184093
0 0.00799793 0.0168121 0.0188958
0 0.00831638 0.0172597 0.019256
0 0.00862768 0.0176451 0.0195122
0 0.00892454 0.0179687 0.0196846
0 0.00919379 0.0182268 0.0197884
0 0.00941911 0.0184131 0.0198344
0 0.00958402 0.0185213 0.0198293
0 0.00967349 0.0185449 0.0197753
0 0.00967579 0.0184786 0.0196712
0 0.00958599 0.0183199 0.0195137
0 0.00940864 0.0180714 0.0193007
0 0.00915695 0.0177402 0.019031
0 0.00885092 0.0173373 0.0187044
0 0.00851525 0.0168775 0.0183221
0 0.0081763 0.0163779 0.0178871
0 0.00785897 0.0158574 0.0174039
0 0.00758322 0.0153339 0.0168775
0 0.00736067 0.0148219 0.0163124
0 0.00719415 0.0143314 0.0157128
0 0.00708023 0.01387 0.015085
0 0.00700913 0.0134409 0.0144368
0 0.00696352 0.0130403 0.0137741
0 0.00692182 0.0126587 0.0131016
0 0.00686241 0.0122836 0.0124241
0 0.00676548 0.0119001 0.011745
0 0.00661433 0.0114914 0.0110658
0 0.00639645 0.0110397 0.0103849
0 0.00610488 0.0105284 0.00969843
0 0.0057409 0.00994581 0.00900227
0 0.005315 0.00928804 0.00829398
0 0.004846 0.00856089 0.00757359
0 0.0043589 0.00777958 0.00684365
0 0.00387885 0.00696383 0.00610507
0 0.00342422 0.00613132 0.00535252
0 0.00300384 0.0052949 0.00457396
0 0.00261898 0.00446377 0.00375468
0 0.00226851 0.00364722 0.00288383
0 0.0019525 0.00285626 0.0019587
0 0.0016721 0.00210196 0.000985099
0 0.00143031 0.00139531 -2.17856e-05
0 0.00123171 0.000746751 -0.00103794
0 0.00107981 0.000163958 -0.00203362
0 0.000976071 -0.000348092 -0.00297501
0 0.000918939 -0.000786702 -0.00382671
0 0.000903355 -0.0011508 -0.0045552
0 0.000922056 -0.00143895 -0.00513137
0 0.000967177 -0.00164749 -0.00553228
0 0.00103224 -0.00176887 -0.00574173
0 0.00111282 -0.00179226 -0.00575101
0 0.00120646 -0.00170554 -0.00555928
0 0.00131186 -0.00149825 -0.00517386
0 0.00142829 -0.0011646 -0.00460967
0 0.00155712 -0.000703548 -0.00388603
0 0.00170186 -0.000119589 -0.00302467
0 0.00186706 0.000576624 -0.0020486
0 0.002058 0.00136943 -0.000980105
0 0.00227896 0.00223875 0.000159397
0 0.00253262 0.00316205 0.00134975
0 0.00281933 0.00411631 0.00257152
0 0.00313591 0.00507891 0.00380487
0 0.00347655 0.00602983 0.00503051
0 0.00383403 0.00695289 0.00623039
0 0.00419976 0.00783498 0.00738692
0 0.00456232 0.00866356 0.00848087
0 0.00490785 0.00942605 0.00949148
0 0.00522342 0.0101121 0.0103999
0 0.00549906 0.0107147 0.0111913
0 0.00572821 0.011229 0.0118552
0 0.00590758 0.0116518 0.0123855
0 0.00603621 0.01198 0.012779
0 0.00611468 0.01221 0.0130351
0 0.00614495 0.0123382 0.0131555
0 0.00613196 0.0123634 0.0131455
0 0.00608464 0.0122896 0.0130157
0 0.00601423 0.0121252 0.0127799
0 0.00593233 0.0118827 0.0124541
0 0.00584947 0.011578 0.0120553
0 0.00577335 0.0112286 0.0116004
0 0.00570753 0.0108516 0.0111042
0 0.00565034 0.0104618 0.010579
0 0.00559438 0.0100687 0.0100329
0 0.00552877 0.00967685 0.00947098
0 0.00544372 0.00928866 0.00889896
0 0.00533281 0.00890536 0.00832402
0 0.00519239 0.00852606 0.00775361
0 0.00502196 0.00814833 0.00719521
0 0.00482465 0.00776966 0.00665656
0 0.00460497 0.00738652 0.00614326
0 0.00436768 0.00699466 0.00565771
0 0.00412035 0.00659305 0.00520174
0 0.00387386 0.00618559 0.00477769
0 0.00364178 0.00578168 0.00438879
0 0.00344015 0.00539683 0.00404043
0 0.00328435 0.00505016 0.00373872
0 0.00318471 0.00475996 0.00348785
0 0.00314352 0.00453976 0.00328808
0 0.00315491 0.00439664 0.00313612
0 0.00320807 0.00433231 0.00302802
0 0.00329052 0.00434438 0.00296158
0 0.00338922 0.00442585 0.00293624
0 0.00349169 0.00456534 0.00295274
0 0.00358805 0.00474888 0.00301361
0 0.00367252 0.00496231 0.00312319
0 0.00374403 0.00519338 0.00328708
0 0.00380561 0.00543314 0.00351071
0 0.00386346 0.00567716 0.00379834
0 0.00392445 0.00592452 0.00415067
0 0.00399283 0.00617534 0.00456236
0 0.0040707 0.00643125 0.00502338
0 0.00415835 0.00669501 0.00552052
0 0.00425368 0.0069687 0.00603771
0 0.00435252 0.00725255 0.00655712
0 0.00444939 0.00754425 0.00706044
0 0.00453879 0.00783893 0.00753052
0 0.00461837 0.00813164 0.0079549
0 0.0046902 0.00841846 0.0083274
0 0.00475786 0.00869424 0.00864565
0 0.00482637 0.00895378 0.00891139
0 0.00490184 0.00919311 0.00913024
0 0.00498746 0.00940714 0.00930766
0 0.00508084 0.00958828 0.00944601
0 0.00517351 0.00972649 0.00954326
0 0.00525337 0.0098115 0.0095945
0 0.00530801 0.00983522 0.00959408
0 0.00532761 0.00979349 0.00953763
0 0.00530945 0.00968955 0.00942593
0 0.00525788 0.00953326 0.00926489
0 0.00518074 0.00933724 0.00906238
0 0.0050875 0.00911497 0.00882703
0 0.00498544 0.00887703 0.00856519
0 0.00487788 0.00862928 0.0082796
0 0.00476665 0.00837531 0.0079722
0 0.00465497 0.00811928 0.00764714
0 0.00454866 0.00786747 0.00731222
0 0.00445458 0.00762704 0.00697744
0 0.00437779 0.00740384 0.0066524
0 0.00432073 0.00720196 0.00634548
0 0.00428448 0.0070252 0.00606488
0 0.00426871 0.00687702 0.00581834
0 0.00427096 0.00675965 0.00561196
0 0.0042859 0.00667291 0.0054489
0 0.00430527 0.00661345 0.00532858
0 0.00432092 0.00657704 0.00524898
0 0.00432752 0.0065606 0.00520866
0 0.00432254 0.00656181 0.0052064
0 0.00430342 0.00657617 0.00523804
0 0.00426607 0.00659551 0.00529499
0 0.00420828 0.00661157 0.00536758
0 0.00413072 0.00661734 0.00544633
0 0.00403596 0.00660673 0.00552153
0 0.00392898 0.00657568 0.00558433
0 0.00381733 0.00652319 0.00562788
0 0.00371091 0.00645202 0.00564816
0 0.00362068 0.00636834 0.00564398
0 0.00355711 0.00628087 0.00561662
0 0.00352915 0.00620029 0.00556992
0 0.00354195 0.00613694 0.0055087
0 0.00359574 0.00609924 0.00543803
0 0.00368597 0.00609278 0.00536312
0 0.00380378 0.00611961 0.005289
0 0.00393988 0.00618066 0.00522327
0 0.00408766 0.00627794 0.00517794
0 0.00424266 0.00641342 0.00516759
0 0.00440131 0.00658763 0.00520696
0 0.00455902 0.00679805 0.00530786
0 0.00471011 0.00703923 0.00547787
0 0.00484969 0.00730514 0.00572116
0 0.0049745 0.0075903 0.00603858
0 0.00508335 0.00789059 0.00642775
0 0.0051771 0.00820334 0.00688316
0 0.00525819 0.00852702 0.0073962
0 0.0053304 0.00886101 0.00795586
0 0.00539801 0.00920478 0.00854897
0 0.00546363 0.00955557 0.00915904
0 0.00552731 0.00990756 0.00976631
0 0.00558811 0.0102532 0.0103501
0 0.00564488 0.0105839 0.0108907
0 0.00569637 0.0108903 0.0113699
0 0.00574 0.011161 0.011771
0 0.00577233 0.0113836 0.0120794
0 0.00579196 0.0115477 0.012286
0 0.00579986 0.0116466 0.0123875
0 0.0057971 0.0116753 0.0123842
0 0.00578334 0.0116303 0.0122786
0 0.00575561 0.0115083 0.0120734
0 0.00570742 0.0113059 0.0117697
0 0.00563028 0.0110197 0.0113681
0 0.00551622 0.0106486 0.0108699
0 0.00535978 0.0101943 0.0102782
0 0.0051591 0.00966185 0.00959891
0 0.00491601 0.00905893 0.00884029
0 0.00463598 0.00839568 0.0080129
0 0.00432792 0.00768456 0.00712965
0 0.00400351 0.00693988 0.00620529
0 0.00367517 0.00617631 0.00525493
0 0.00335364 0.00540723 0.00429235
0 0.00304766 0.00464519 0.00333049
0 0.00276549 0.00390398 0.00238366
0 0.00251578 0.00319979 0.00146896
0 0.00230838 0.00255191 0.000607411
0 0.00215448 0.00198279 -0.000175658
0 0.00206253 0.00151377 -0.000854673
0 0.00203337 0.0011598 -0.00140882
0 0.00206019 0.000928322 -0.00182297
0 0.00213052 0.000819918 -0.00208754
0 0.0022301 0.000830604 -0.00219677
0 0.00234819 0.000955978 -0.00214549
0 0.00247745 0.00119045 -0.00193093
0 0.00261166 0.00152483 -0.00155621
0 0.00274853 0.00194948 -0.00102793
0 0.00288984 0.00245536 -0.00035562
0 0.00303858 0.00303228 0.000446551
0 0.00319948 0.00367071 0.00136188
0 0.00337782 0.00436182 0.00237142
0 0.00357654 0.00509552 0.00345258
0 0.0037948 0.0058595 0.00457923
0 0.00402926 0.00664047 0.00572413
0 0.00427891 0.00742865 0.0068643
0 0.00454677 0.00821935 0.00798306
0 0.0048365 0.00900963 0.00906712
0 0.00514935 0.00979555 0.0101045
0 0.00548339 0.0105717 0.0110848
0 0.00583374 0.0113314 0.0119999
0 0.00619241 0.0120664 0.0128436
0 0.00654788 0.0127655 0.0136108
0 0.00688585 0.0134149 0.0142963
0 0.00719121 0.0139994 0.0148955
0 0.00744855 0.0145023 0.0154033
0 0.00764281 0.0149059 0.0158129
0 0.00776216 0.0151946 0.016117
0 0.0077994 0.0153558 0.0163088
0 0.00775171 0.0153806 0.0163807
0 0.00762132 0.0152642 0.0163251
0 0.00741482 0.0150061 0.0161344
0 0.00714118 0.0146087 0.0158004
0 0.0068103 0.0140768 0.0153147
0 0.00643121 0.013416 0.0146682
0 0.00601316 0.0126337 0.0138544
0 0.00556704 0.011741 0.0128726
0 0.00510502 0.0107526 0.0117292
0 0.00463925 0.00968586 0.0104375
0 0.00418005 0.00855847 0.00901623
0 0.00373784 0.00739018 0.00748975
0 0.00332341 0.00620278 0.00588781
0 0.00294309 0.0050158 0.00424027
0 0.00259745 0.00384567 0.00257586
0 0.00228384 0.00270805 0.000924809
0 0.00199663 0.00161675 -0.000681644
0 0.00172822 0.000583359 -0.00221145
0 0.00147135 -0.000381532 -0.00363118
0 0.00122159 -0.00126664 -0.00490695
0 0.000979664 -0.00205813 -0.00600638
0 0.000750279 -0.00274044 -0.00690227
0 0.000541591 -0.00329665 -0.00757405
0 0.000363813 -0.00370971 -0.00800882
0 0.000226945 -0.00396482 -0.00820265
0 0.000141361 -0.00404917 -0.00815842
0 0.000117589 -0.00395272 -0.00788407
0 0.000165328 -0.00366956 -0.00739148
0 0.000292967 -0.00319823 -0.00669454
0 0.000507166 -0.00254152 -0.00580759
0 0.000811839 -0.00170677 -0.00474489
0 0.00120522 -0.000707854 -0.00352253
0 0.00167883 0.000434644 -0.00215911
0 0.00222002 0.00169662 -0.000673073
0 0.00281319 0.0030521 0.000917843
0 0.00344035 0.00447392 0.00259529
0 0.00408386 0.00593634 0.00434091
0 0.00472848 0.00741683 0.00613683
0 0.00536158 0.00889603 0.00796533
0 0.00597235 0.0103567 0.00980811
0 0.00655159 0.0117824 0.0116454
0 0.00709303 0.0131586 0.0134563
0 0.00759286 0.0144718 0.0152178
0 0.00804781 0.0157092 0.0169034
0 0.00845603 0.0168587 0.0184846
0 0.00881899 0.0179114 0.0199347
0 0.00914129 0.0188611 0.02123
0 0.00942904 0.0197031 0.0223515
0 0.00968723 0.0204321 0.0232853
0 0.00991776 0.0210409 0.0240209
0 0.0101205 0.0215219 0.0245536
0 0.0102943 0.0218689 0.0248851
0 0.0104365 0.0220772 0.025022
0 0.0105428 0.0221444 0.0249747
0 0.0106053 0.0220683 0.0247544
0 0.010614 0.0218488 0.0243721
0 0.0105579 0.0214876 0.0238387
0 0.0104253 0.0209861 0.0231622
0 0.0102053 0.0203465 0.0223486
0 0.00989106 0.0195719 0.0214025
0 0.00947979 0.0186662 0.0203276
0 0.00897458 0.0176345 0.0191271
0 0.00838534 0.0164851 0.0178054
0 0.00772737 0.0152279 0.0163677
0 0.00701771 0.0138733 0.0148183
0 0.00627297 0.0124311 0.0131606
0 0.00550993 0.0109129 0.0114003
0 0.00474561 0.00933444 0.00954747
0 0.00399588 0.00771348 0.00761512
0 0.00327385 0.00606756 0.00561711
0 0.0025896 0.00441454 0.00356863
0 0.00194936 0.00277285 0.00148702
0 0.00135526 0.00116079 -0.000607587
0 0.000807407 -0.000402975 -0.00268948
0 0.000303126 -0.00190161 -0.00472785
0 -0.000164354 -0.00332282 -0.00668967
0 -0.000604726 -0.00465914 -0.00854255
0 -0.0010285 -0.00590666 -0.0102571
0 -0.00144285 -0.00706091 -0.0118066
0 -0.00184818 -0.00811304 -0.0131657
0 -0.00223854 -0.00904979 -0.0143124
0 -0.00260442 -0.00985586 -0.0152309
0 -0.00293396 -0.0105148 -0.0159122
0 -0.00321345 -0.0110097 -0.0163533
0 -0.0034296 -0.0113256 -0.0165573
0 -0.00357091 -0.0114513 -0.0165328
0 -0.00362619 -0.011379 -0.0162906
0 -0.00358481 -0.0111041 -0.0158413
0 -0.0034393 -0.010628 -0.0151959
0 -0.00318655 -0.0099568 -0.0143652
0 -0.00282773 -0.00910135 -0.0133591
0 -0.00236715 -0.00807458 -0.0121853
0 -0.00181119 -0.00689006 -0.010849
0 -0.00116881 -0.00556189 -0.00935434
0 -0.000452086 -0.00410515 -0.00770657
0 0.000324148 -0.0025359 -0.00591316
0 0.00114469 -0.000869375 -0.00398305
0 0.0019956 0.000880788 -0.00192612
0 0.00286337 0.00270088 0.000246057
0 0.00373674 0.004578 0.00252127
0 0.00460815 0.00650121 0.00488689
0 0.00547067 0.00845919 0.00732748
0 0.00631472 0.0104365 0.00982251
0 0.00712917 0.0124124 0.0123461
0 0.00790511 0.0143641 0.0148688
0 0.0086364 0.0162684 0.0173576
0 0.00931871 0.0181019 0.0197748
0 0.00995029 0.0198432 0.0220796
0 0.0105321 0.0214735 0.0242316
0 0.0110658 0.0229753 0.0261935
0 0.0115514 0.0243303 0.0279315
0 0.011986 0.0255184 0.029416
0 0.0123656 0.0265206 0.0306242
0 0.0126865 0.0273201 0.0315419
0 0.0129456 0.0279044 0.0321636
0 0.0131407 0.0282655 0.0324922
0 0.0132698 0.0284006 0.0325372
0 0.0133299 0.0283116 0.0323125
0 0.0133139 0.0280032 0.0318328
0 0.0132107 0.027481 0.0311106
0 0.0130081 0.0267516 0.0301578
0 0.012695 0.0258233 0.0289856
0 0.0122633 0.0247044 0.0276044
0 0.0117091 0.0234035 0.0260243
0 0.0110351 0.0219308 0.0242572
0 0.0102524 0.0202996 0.022318
0 0.009379 0.0185263 0.0202242
0 0.00843905 0.0166312 0.0179955
0 0.00746222 0.0146401 0.0156544
0 0.00647995 0.0125832 0.0132258
0 0.00551968 0.0104916 0.0107349
0 0.00460356 0.00839622 0.00820703
0 0.00374992 0.00632742 0.00566805
0 0.00297277 0.00431587 0.00314529
0 0.00227905 0.00239023 0.000667008
0 0.0016677 0.000574491 -0.00173722
0 0.00113089 -0.00111333 -0.00403478
0 0.000654959 -0.00266264 -0.00619134
0 0.000223727 -0.0040692 -0.00817307
0 -0.000177317 -0.00533173 -0.00994797
0 -0.000557654 -0.0064484 -0.0114867
0 -0.000919465 -0.00741375 -0.0127632
0 -0.00125869 -0.00821896 -0.0137571
0 -0.00156769 -0.00885377 -0.0144572
0 -0.00183579 -0.0093066 -0.0148608
0 -0.00204975 -0.00956495 -0.0149728
0 -0.00219545 -0.00961769 -0.0148054
0 -0.0022586 -0.0094567 -0.0143757
0 -0.00222707 -0.00907955 -0.0137055
0 -0.00209397 -0.00849186 -0.0128209
0 -0.00185697 -0.00770574 -0.0117491
0 -0.00151641 -0.00673693 -0.0105141
0 -0.00107556 -0.00560415 -0.00913692
0 -0.000541225 -0.00432862 -0.0076355
0 7.73739e-05 -0.00293209 -0.00602414
0 0.000768138 -0.00143653 -0.00431491
0 0.00151443 0.000134524 -0.00252054
0 0.00229665 0.00175754 -0.000653969
0 0.00309313 0.00340924 0.00127077
0 0.00388069 0.00506603 0.00323647
0 0.00463936 0.00670721 0.00522503
0 0.00535545 0.00831697 0.00721963
0 0.00602008 0.00988234 0.00920357
0 0.00662747 0.0113907 0.0111586
0 0.00717471 0.0128293 0.0130641
0 0.00766207 0.0141858 0.0148972
0 0.00809243 0.0154491 0.0166327
0 0.00846953 0.0166083 0.0182432
0 0.00879745 0.0176531 0.0196998
0 0.00908052 0.0185738 0.0209747
0 0.00932302 0.0193616 0.0220442
0 0.00952938 0.0200092 0.0228912
0 0.00970277 0.0205102 0.0235054
0 0.00984387 0.0208579 0.0238827
0 0.00995075 0.0210465 0.0240247
0 0.0100193 0.0210714 0.0239383
0 0.0100436 0.0209309 0.0236351
0 0.0100155 0.0206257 0.0231294
0 0.0099273 0.0201609 0.0224384
0 0.00977408 0.0195468 0.0215829
0 0.00955475 0.0187989 0.0205863
0 0.00927169 0.0179365 0.019473
0 0.00892994 0.0169803 0.0182663
0 0.00853706 0.0159522 0.0169876
0 0.00810213 0.0148729 0.0156563
0 0.00763353 0.0137597 0.0142879
0 0.00713991 0.0126274 0.0128958
0 0.00663141 0.0114895 0.011493
0 0.00611793 0.0103569 0.0100912
0 0.00560854 0.00923868 0.00870128
0 0.00511166 0.00814298 0.00733411
0 0.00463485 0.00707717 0.0060001
0 0.00418379 0.00604748 0.00470834
0 0.00376133 0.00505855 0.00346593
0 0.00336716 0.00411347 0.00227791
0 0.00299882 0.00321457 0.0011482
0 0.00265427 0.00236542 8.16929e-05
0 0.00233321 0.00157156 -0.00091472
0 0.0020364 0.000839412 -0.00183283
0 0.00176603 0.000176311 -0.00266307
0 0.00152583 -0.000409545 -0.00339482
0 0.00131895 -0.000911211 -0.00401889
0 0.0011457 -0.00132535 -0.00453023
0 0.00100393 -0.00165202 -0.00492787
0 0.000891765 -0.00189215 -0.00521242
0 0.000808499 -0.00204676 -0.00538535
0 0.000753682 -0.0021179 -0.00544983
0 0.000727384 -0.00210836 -0.00541036
0 0.000731 -0.00202071 -0.00527171
0 0.000767838 -0.00185637 -0.0050378
0 0.000843359 -0.00161473 -0.00471079
0 0.000964163 -0.00129337 -0.00429126
0 0.00113572 -0.000889773 -0.00377963
0 0.0013614 -0.000401824 -0.00317656
0 0.0016421 0.00017187 -0.00248278
0 0.00197417 0.000829769 -0.00170106
0 0.00234927 0.00156652 -0.00083675
0 0.00275721 0.00237489 0.000104501
0 0.00318897 0.00324804 0.00111902
0 0.00363727 0.00417938 0.00220452
0 0.00409499 0.00516077 0.00335749
0 0.0045543 0.00618143 0.00457153
0 0.0050066 0.00722792 0.00583673
0 0.00544316 0.00828499 0.00713992
0 0.00585622 0.00933693 0.00846579
0 0.00623991 0.0103684 0.00979779
0 0.00659124 0.0113655 0.0111189
0 0.00691025 0.0123159 0.0124119
0 0.00719942 0.0132099 0.0136588
0 0.00746319 0.0140404 0.0148414
0 0.00770631 0.0148024 0.0159412
0 0.00793272 0.0154924 0.0169397
0 0.00814672 0.0161093 0.0178216
0 0.00835394 0.0166553 0.0185766
0 0.00856013 0.0171346 0.0192
0 0.00876859 0.0175507 0.0196915
0 0.00897894 0.0179054 0.0200542
0 0.00918711 0.018198 0.0202949
0 0.00938394 0.0184244 0.0204209
0 0.00955414 0.018575 0.0204374
0 0.00967958 0.0186377 0.0203482
0 0.00974459 0.0186023 0.0201587
0 0.00973811 0.0184623 0.0198757
0 0.00965412 0.0182144 0.0195059
0 0.00949213 0.0178593 0.0190555
0 0.00925666 0.0174008 0.0185292
0 0.00895484 0.016844 0.0179286
0 0.00859581 0.0161955 0.0172522
0 0.00819164 0.0154645 0.0164985
0 0.00775598 0.0146622 0.0156657
0 0.00730279 0.0138008 0.0147527
0 0.00684547 0.0128934 0.0137605
0 0.00639544 0.0119525 0.0126919
0 0.00596143 0.0109902 0.0115527
0 0.00554904 0.0100172 0.0103512
0 0.00515973 0.00904155 0.00909736
0 0.00479068 0.00806746 0.00780104
0 0.00443601 0.00709592 0.00647206
0 0.00408857 0.00612621 0.00512081
0 0.00374233 0.00515837 0.00376019
0 0.00339389 0.00419479 0.00240663
0 0.00304303 0.00324081 0.0010799
0 0.00269236 0.00230457 -0.000198402
0 0.00234613 0.0013963 -0.00140668
0 0.00200896 0.000527496 -0.00252483
0 0.00168557 -0.000289357 -0.00353562
0 0.0013812 -0.00104052 -0.00442538
0 0.00110018 -0.00171291 -0.0051857
0 0.000844487 -0.00229648 -0.0058147
0 0.00061536 -0.00278344 -0.00631471
0 0.000415567 -0.00316705 -0.00668934
0 0.000249701 -0.00344187 -0.00694229
0 0.000123489 -0.00360451 -0.00707701
0 4.33879e-05 -0.00365374 -0.00709628
0 1.67739e-05 -0.00358965 -0.00700116
0 5.1067e-05 -0.00341341 -0.00679123
0 0.000152099 -0.00312728 -0.00646543
0 0.000323412 -0.00273388 -0.0060223
0 0.000565509 -0.00223606 -0.00546073
0 0.000874688 -0.00163771 -0.00478133
0 0.00124391 -0.00094324 -0.00398625
0 0.00166427 -0.00015684 -0.00307842
0 0.00212566 0.000717065 -0.0020618
0 0.00261802 0.00167385 -0.000940686
0 0.0031311 0.00270726 0.00027945
0 0.00365394 0.0038079 0.00159081
0 0.0041767 0.00496433 0.00298406
0 0.00469189 0.00616398 0.00444857
0 0.00519479 0.00739403 0.00597263
0 0.00568262 0.00864152 0.00754317
0 0.0061521 0.0098915 0.0091439
0 0.00660061 0.0111282 0.0107565
0 0.00702749 0.0123368 0.0123619
0 0.00743286 0.0135028 0.0139386
0 0.00781793 0.0146139 0.0154641
0 0.00818489 0.0156609 0.0169153
0 0.00853607 0.0166369 0.01827
0 0.00887187 0.0175358 0.0195053
0 0.00918974 0.0183498 0.0205981
0 0.00948504 0.0190703 0.0215286
0 0.00975059 0.0196867 0.0222801
0 0.00997712 0.020186 0.0228405
0 0.0101545 0.0205543 0.0232023
0 0.010273 0.0207777 0.023363
0 0.0103244 0.0208442 0.0233249
0 0.0103033 0.0207456 0.0230949
0 0.0102089 0.0204802 0.0226842
0 0.010044 0.0200522 0.022107
0 0.00981239 0.0194694 0.0213769
0 0.00951701 0.0187417 0.0205047
0 0.00915956 0.0178799 0.019498
0 0.00874114 0.0168954 0.0183613
0 0.00826477 0.0158013 0.0170993
0 0.00773745 0.0146137 0.0157184
0 0.0071688 0.0133494 0.0142278
0 0.00656941 0.0120243 0.0126382
0 0.00594962 0.0106527 0.0109621
0 0.00531925 0.00924737 0.0092141
0 0.00468828 0.00782037 0.00741063
0 0.0040671 0.00638332 0.00556982
0 0.00346616 0.00494883 0.0037117
0 0.00289492 0.00353111 0.00185854
0 0.00235928 0.00214395 3.30502e-05
0 0.00186195 0.000801025 -0.00174111
0 0.00140464 -0.000482318 -0.00343726
0 0.000988128 -0.00168965 -0.00502714
0 0.000612281 -0.00280443 -0.00648334
0 0.000276956 -0.00381015 -0.0077808
0 -1.80896e-05 -0.00469135 -0.00889844
0 -0.00027355 -0.00543477 -0.00982053
0 -0.000491276 -0.00603106 -0.010538
0 -0.000674602 -0.00647599 -0.0110491
0 -0.00082653 -0.00676944 -0.0113578
0 -0.000947105 -0.00691318 -0.0114705
0 -0.00103223 -0.00690959 -0.011395
0 -0.00107384 -0.00676177 -0.011139
0 -0.00106066 -0.00647325 -0.0107106
0 -0.000980213 -0.00604759 -0.0101177
0 -0.000822317 -0.00548944 -0.00936982
0 -0.000581814 -0.0048058 -0.00847938
0 -0.000258636 -0.00400519 -0.00746064
0 0.000143082 -0.00309658 -0.00632817
0 0.000615365 -0.00208939 -0.00509629
0 0.00114706 -0.0009938 -0.00377865
0 0.00172495 0.000179276 -0.00238751
0 0.00233678 0.00142004 -0.000931483
0 0.00297305 0.00272073 0.00058558
0 0.00362602 0.00407404 0.00216241
0 0.00428968 0.0054729 0.0037988
0 0.00496083 0.00691163 0.00549544
0 0.00563671 0.00838423 0.00725132
0 0.00631225 0.00988211 0.00906119
0 0.00698008 0.0113937 0.0109155
0 0.00763139 0.0129044 0.0128001
0 0.00825734 0.0143978 0.0146969
0 0.00884991 0.0158566 0.0165833
0 0.00940356 0.0172647 0.0184343
0 0.00991586 0.0186091 0.0202234
0 0.010388 0.0198794 0.0219239
0 0.010825 0.0210691 0.0235111
0 0.0112318 0.0221716 0.0249622
0 0.0116119 0.0231793 0.0262569
0 0.0119666 0.0240834 0.0273788
0 0.0122943 0.024873 0.0283151
0 0.012591 0.0255366 0.0290576
0 0.0128521 0.026064 0.0296035
0 0.0130728 0.0264472 0.0299555
0 0.0132458 0.0266791 0.0301182
0 0.0133611 0.0267531 0.0300963
0 0.0134069 0.0266638 0.0298945
0 0.0133695 0.026407 0.0295154
0 0.0132355 0.025979 0.0289598
0 0.0129944 0.0253778 0.0282274
0 0.0126401 0.0246031 0.0273171
0 0.012172 0.0236565 0.0262285
0 0.0115962 0.0225426 0.0249623
0 0.0109248 0.021269 0.0235218
0 0.0101755 0.0198469 0.0219132
0 0.00937041 0.0182925 0.0201466
0 0.00853325 0.0166251 0.0182349
0 0.00768605 0.0148658 0.0161919
0 0.0068473 0.0130373 0.0140326
0 0.00603075 0.0111627 0.0117745
0 0.00524618 0.00926523 0.00943788
0 0.00449955 0.00736618 0.00704431
0 0.00379207 0.00548353 0.00461474
0 0.00312075 0.00363308 0.00217115
0 0.00248002 0.00182896 -0.000261136
0 0.00186364 8.36177e-05 -0.00265077
0 0.0012657 -0.00159249 -0.00496023
0 0.00068209 -0.00319006 -0.00714899
0 0.000113496 -0.00469768 -0.0091758
0 -0.000435347 -0.00610132 -0.0110028
0 -0.000958553 -0.00738596 -0.0126005
0 -0.00144896 -0.00853495 -0.0139483
0 -0.00189795 -0.00952994 -0.015034
0 -0.00229661 -0.0103526 -0.0158545
0 -0.00263634 -0.0109866 -0.0164144
0 -0.00290857 -0.0114181 -0.0167234
0 -0.00310442 -0.011637 -0.0167946
0 -0.00321573 -0.0116391 -0.0166425
0 -0.00323481 -0.0114267 -0.0162821
0 -0.00315379 -0.0110066 -0.0157255
0 -0.00296572 -0.0103892 -0.0149821
0 -0.00266599 -0.00958682 -0.0140577
0 -0.00225336 -0.0086129 -0.0129566
0 -0.00173137 -0.0074815 -0.0116823
0 -0.00110933 -0.00620735 -0.01024
0 -0.000402104 -0.00480586 -0.00863793
0 0.000369205 -0.0032948 -0.00688937
0 0.00117903 -0.00169455 -0.00501321
0 0.00200212 -2.5714e-05 -0.00303089
0 0.00281653 0.00169172 -0.000964462
0 0.00360482 0.00343814 0.00116486
0 0.004355 0.00519452 0.00333707
0 0.00506066 0.00694294 0.00553258
0 0.00572042 0.00866725 0.00773221
0 0.00633672 0.0103525 0.00991696
0 0.00691398 0.0119838 0.0120663
0 0.00745747 0.0135461 0.014157
0 0.00797214 0.0150256 0.0161624
0 0.00846162 0.0164101 0.0180534
0 0.00892916 0.0176908 0.0198003
0 0.0093776 0.0188615 0.0213752
0 0.00980795 0.0199172 0.0227547
0 0.0102188 0.0208528 0.023921
0 0.0106063 0.0216621 0.0248638
0 0.0109638 0.0223374 0.0255786
0 0.0112827 0.0228698 0.026068
0 0.0115541 0.0232514 0.0263406
0 0.0117682 0.023475 0.0264091
0 0.0119143 0.0235346 0.0262882
0 0.0119826 0.023428 0.025994
0 0.011965 0.0231571 0.0255425
0 0.0118555 0.0227271 0.0249482
0 0.011651 0.0221459 0.0242228
0 0.011352 0.0214241 0.0233757
0 0.010964 0.0205746 0.0224147
0 0.010497 0.0196123 0.0213468
0 0.00996407 0.0185527 0.0201775
0 0.00938127 0.0174118 0.0189125
0 0.00876646 0.0162059 0.017558
0 0.00813801 0.0149513 0.0161215
0 0.00751273 0.013663 0.0146118
0 0.00690465 0.0123552 0.0130399
0 0.00632467 0.0110415 0.011419
0 0.00577992 0.00973462 0.00976479
0 0.00527402 0.00844607 0.00809368
0 0.00480776 0.00718579 0.00642284
0 0.00437949 0.00596293 0.00477006
0 0.00398587 0.00478671 0.00315468
0 0.00362224 0.0036661 0.00159767
0 0.00328288 0.00260914 0.000120797
0 0.0029619 0.00162273 -0.00125383
0 0.00265433 0.000713103 -0.00250439
0 0.00235692 -0.000113824 -0.00361092
0 0.00206854 -0.000852186 -0.00455753
0 0.00179033 -0.00149597 -0.00533379
0 0.0015258 -0.00203883 -0.00593484
0 0.00128068 -0.00247429 -0.00636111
0 0.00106222 -0.00279646 -0.0066179
0 0.000878816 -0.00300042 -0.00671424
0 0.000739504 -0.00308277 -0.00666155
0 0.000653401 -0.00304215 -0.00647246
0 0.000629012 -0.00287942 -0.00615956
0 0.000673236 -0.0025978 -0.0057348
0 0.000790357 -0.00220272 -0.00520889
0 0.00098125 -0.00170158 -0.00459114
0 0.00124307 -0.00110345 -0.00388943
0 0.00156964 -0.000418366 -0.00311013
0 0.00195197 0.000343247 -0.0022581
0 0.00237868 0.00117061 -0.00133748
0 0.00283681 0.00205275 -0.000352266
0 0.00331269 0.0029786 0.000693352
0 0.00379276 0.00393695 0.00179445
0 0.00426466 0.00491668 0.0029448
0 0.00471819 0.00590705 0.00413657
0 0.00514586 0.00689794 0.00536043
0 0.00554319 0.00787998 0.00660568
0 0.00590839 0.0088445 0.00786035
0 0.00624199 0.0097833 0.00911132
0 0.00654641 0.0106885 0.0103444
0 0.00682552 0.0115527 0.0115444
0 0.00708408 0.0123693 0.0126957
0 0.00732678 0.0131326 0.0137818
0 0.00755755 0.013838 0.014786
0 0.00777928 0.0144815 0.0156929
0 0.00799343 0.01506 0.0164891
0 0.00819986 0.0155707 0.017164
0 0.00839686 0.0160104 0.0177103
0 0.00858135 0.016376 0.0181247
0 0.00874907 0.0166642 0.0184077
0 0.00889473 0.0168715 0.018563
0 0.00901242 0.0169946 0.0185974
0 0.00909607 0.0170307 0.0185198
0 0.00913983 0.0169782 0.0183398
0 0.00913852 0.0168368 0.0180673
0 0.00908812 0.0166076 0.0177115
0 0.00898631 0.0162935 0.0172802
0 0.00883278 0.0158987 0.0167803
0 0.00862937 0.0154287 0.0162169
0 0.00838006 0.0148905 0.0155941
0 0.00809077 0.0142916 0.014915
0 0.00776904 0.0136405 0.0141823
0 0.00742357 0.0129458 0.0133989
0 0.00706359 0.0122164 0.0125677
0 0.00669815 0.0114612 0.0116926
0 0.00633543 0.0106889 0.0107786
0 0.00598221 0.00990775 0.00983182
0 0.00564382 0.00912541 0.00885981
0 0.00532417 0.00834909 0.0078713
0 0.00502589 0.00758553 0.00687598
0 0.00475035 0.00684107 0.00588451
0 0.00449766 0.00612169 0.0049083
0 0.00426658 0.00543306 0.00395928
0 0.00405487 0.00478048 0.00304979
0 0.00385964 0.00416882 0.00219224
0 0.00367792 0.00360246 0.00139867
0 0.00350709 0.00308534 0.000680199
0 0.00334525 0.00262097 4.65466e-05
0 0.00319145 0.0022125 -0.00049421
0 0.00304594 0.00186276 -0.000936143
0 0.00291026 0.0015744 -0.00127586
0 0.00278718 0.00134988 -0.00151257
0 0.00268047 0.00119145 -0.00164789
0 0.00259462 0.00110103 -0.0016856
0 0.00253446 0.00108007 -0.0016311
0 0.00250476 0.00112935 -0.00149083
0 0.00250979 0.0012488 -0.00127177
0 0.00255291 0.00143743 -0.000980959
0 0.0026361 0.00169328 -0.000625051
0 0.00275976 0.00201337 -0.000209965
0 0.0029225 0.00239373 0.000259299
0 0.00312125 0.00282951 0.000778545
0 0.00335152 0.00331507 0.00134421
0 0.00360762 0.00384415 0.00195319
0 0.00388305 0.00441003 0.00260256
0 0.00417095 0.00500568 0.00328929
0 0.00446447 0.00562397 0.00401001
0 0.00475721 0.00625777 0.00476069
0 0.00504357 0.00690016 0.00553653
0 0.00531907 0.00754447 0.00633181
0 0.00558046 0.00818445 0.00713983
0 0.00582572 0.00881417 0.00795302
0 0.00605405 0.00942809 0.008763
0 0.00626567 0.010021 0.00956075
0 0.00646161 0.0105881 0.0103367
0 0.00664336 0.0111249 0.011081
0 0.00681262 0.0116274 0.0117838
0 0.00697096 0.0120922 0.0124353
0 0.00711964 0.0125164 0.0130268
0 0.0072594 0.0128973 0.0135503
