0 -0.0470852 -0.0713778 -0.0713779
0 -0.0470055 -0.0711879 -0.0711297
0 -0.0469284 -0.0710051 -0.070891
0 -0.0468541 -0.0708299 -0.0706624
0 -0.0467829 -0.0706625 -0.0704444
0 -0.0467148 -0.0705032 -0.0702374
0 -0.0466501 -0.0703525 -0.0700418
0 -0.0465889 -0.0702105 -0.069858
0 -0.0465315 -0.0700776 -0.0696863
0 -0.0464781 -0.0699539 -0.069527
0 -0.0464286 -0.0698397 -0.0693803
0 -0.0463834 -0.0697353 -0.0692466
0 -0.0463424 -0.0696407 -0.069126
0 -0.0463059 -0.0695562 -0.0690187
0 -0.0462739 -0.0694819 -0.0689249
0 -0.0462464 -0.069418 -0.0688445
0 -0.0462235 -0.0693645 -0.0687777
0 -0.0462053 -0.0693215 -0.0687245
0 -0.0461917 -0.0692891 -0.068685
0 -0.0461828 -0.0692674 -0.0686591
0 -0.0461785 -0.0692563 -0.0686468
0 -0.0461789 -0.069256 -0.068648
0 -0.046184 -0.0692663 -0.0686627
0 -0.0461935 -0.0692872 -0.0686907
0 -0.0462076 -0.0693186 -0.0687318
0 -0.0462259 -0.0693602 -0.0687859
0 -0.0462484 -0.069412 -0.0688527
0 -0.0462748 -0.0694735 -0.0689318
0 -0.0463049 -0.0695446 -0.0690229
0 -0.0463388 -0.069625 -0.069126
0 -0.0463764 -0.0697147 -0.0692408
0 -0.0464175 -0.0698132 -0.0693669
0 -0.046462 -0.0699203 -0.0695041
0 -0.0465097 -0.0700356 -0.0696518
0 -0.0465603 -0.0701587 -0.0698098
0 -0.046614 -0.0702893 -0.0699778
0 -0.0466706 -0.0704271 -0.0701554
0 -0.04673 -0.0705718 -0.0703421
0 -0.0467919 -0.0707228 -0.0705376
0 -0.0468563 -0.0708799 -0.0707413
0 -0.046923 -0.0710425 -0.0709528
0 -0.046992 -0.0712106 -0.0711717
0 -0.0470633 -0.0713837 -0.0713977
0 -0.0471368 -0.0715615 -0.0716301
0 -0.0472121 -0.0717435 -0.0718685
0 -0.0472893 -0.0719296 -0.0721123
0 -0.0473685 -0.0721195 -0.0723613
0 -0.0474493 -0.0723128 -0.0726148
0 -0.0475311 -0.0725087 -0.0728716
0 -0.047613 -0.072706 -0.0731305
0 -0.0476941 -0.0729037 -0.0733902
0 -0.0477738 -0.0731008 -0.0736497
0 -0.0478514 -0.0732967 -0.0739077
0 -0.0479266 -0.0734904 -0.0741635
0 -0.0479991 -0.0736814 -0.0744161
0 -0.0480683 -0.0738689 -0.0746646
0 -0.0481342 -0.074052 -0.0749081
0 -0.0481969 -0.0742307 -0.0751463
0 -0.0482578 -0.0744057 -0.0753797
0 -0.0483186 -0.0745783 -0.0756096
0 -0.0483806 -0.0747493 -0.0758366
0 -0.0484444 -0.0749188 -0.0760608
0 -0.0485103 -0.075087 -0.076282
0 -0.0485782 -0.0752535 -0.0764999
0 -0.0486482 -0.0754184 -0.0767143
0 -0.0487202 -0.0755815 -0.0769248
0 -0.0487937 -0.0757423 -0.0771309
0 -0.0488679 -0.0759002 -0.0773318
0 -0.0489423 -0.0760549 -0.0775269
0 -0.0490167 -0.0762063 -0.0777162
0 -0.0490913 -0.0763549 -0.0779001
0 -0.0491665 -0.0765015 -0.0780792
0 -0.0492424 -0.0766462 -0.0782537
0 -0.0493183 -0.076789 -0.0784235
0 -0.0493938 -0.0769294 -0.0785884
0 -0.0494677 -0.0770669 -0.0787477
0 -0.0495371 -0.0771986 -0.078899
0 -0.0495973 -0.0773198 -0.0790377
0 -0.0496435 -0.0774258 -0.0791593
0 -0.0496738 -0.0775143 -0.0792619
0 -0.0496906 -0.077587 -0.0793475
0 -0.0496981 -0.0776473 -0.07942
0 -0.0496985 -0.0776967 -0.0794811
0 -0.0496894 -0.0777317 -0.0795279
0 -0.0496668 -0.0777474 -0.0795555
0 -0.0496299 -0.0777418 -0.0795622
0 -0.0495838 -0.0777189 -0.0795523
0 -0.0495367 -0.0776858 -0.0795326
0 -0.0494949 -0.077648 -0.0795086
0 -0.0494603 -0.0776069 -0.0794815
0 -0.0494327 -0.0775624 -0.0794506
0 -0.0494116 -0.077514 -0.0794149
0 -0.0493948 -0.0774601 -0.079372
0 -0.0493769 -0.0773961 -0.0793166
0 -0.0493511 -0.077316 -0.079242
0 -0.0493143 -0.0772174 -0.0791449
0 -0.0492713 -0.0771056 -0.0790299
0 -0.0492324 -0.0769919 -0.0789075
0 -0.0492066 -0.076886 -0.078787
0 -0.0491956 -0.0767909 -0.0786707
0 -0.0491953 -0.0767041 -0.0785556
0 -0.0492012 -0.0766224 -0.0784382
0 -0.0492101 -0.0765443 -0.078317
0 -0.0492197 -0.0764687 -0.0781909
0 -0.0492261 -0.076393 -0.0780575
0 -0.0492238 -0.0763128 -0.0779131
0 -0.0492076 -0.0762233 -0.0777536
0 -0.0491728 -0.0761198 -0.0775754
0 -0.0491148 -0.0759975 -0.0773747
0 -0.0490285 -0.0758502 -0.0771468
0 -0.0489086 -0.0756708 -0.076886
0 -0.0487525 -0.0754545 -0.0765891
0 -0.0485646 -0.0752028 -0.076259
0 -0.0483558 -0.0749235 -0.0759051
0 -0.0481373 -0.0746248 -0.0755367
0 -0.0479141 -0.0743086 -0.0751568
0 -0.0476866 -0.0739727 -0.0747638
0 -0.0474564 -0.0736165 -0.0743574
0 -0.0472289 -0.0732438 -0.0739413
0 -0.0470114 -0.0728606 -0.0735209
0 -0.0468098 -0.0724722 -0.0731007
0 -0.0466267 -0.0720818 -0.0726823
0 -0.0464611 -0.0716893 -0.0722641
0 -0.0463094 -0.0712929 -0.0718421
0 -0.046169 -0.0708922 -0.0714138
0 -0.046041 -0.0704911 -0.0709805
0 -0.0459293 -0.0700966 -0.070547
0 -0.0458349 -0.0697135 -0.0701154
0 -0.045754 -0.0693417 -0.0696835
0 -0.045682 -0.0689805 -0.0692486
0 -0.0456173 -0.0686323 -0.0688116
0 -0.0455589 -0.0682995 -0.0683736
0 -0.0455003 -0.0679789 -0.0679311
0 -0.0454307 -0.0676624 -0.0674758
0 -0.0453399 -0.0673416 -0.0670001
0 -0.0452215 -0.0670108 -0.0664997
0 -0.0450695 -0.0666637 -0.0659703
0 -0.0448754 -0.0662903 -0.0654045
0 -0.0446306 -0.0658792 -0.064794
0 -0.0443317 -0.0654229 -0.0641349
0 -0.0439831 -0.0649211 -0.0634305
0 -0.0435947 -0.0643776 -0.0626884
0 -0.0431767 -0.0637966 -0.0619166
0 -0.0427381 -0.063181 -0.0611212
0 -0.0422878 -0.0625342 -0.0603083
0 -0.0418374 -0.0618626 -0.0594864
0 -0.0414042 -0.0611795 -0.05867
0 -0.0410105 -0.0605049 -0.0578793
0 -0.0406786 -0.0598602 -0.0571353
0 -0.0404208 -0.0592593 -0.0564499
0 -0.0402331 -0.0587014 -0.05582
0 -0.0400996 -0.0581754 -0.0552312
0 -0.0400039 -0.0576711 -0.0546696
0 -0.0399372 -0.0571862 -0.054129
0 -0.0398945 -0.0567231 -0.0536079
0 -0.0398672 -0.0562804 -0.0531013
0 -0.0398402 -0.0558503 -0.0525978
0 -0.0397972 -0.0554229 -0.0520852
0 -0.0397286 -0.054994 -0.0515571
0 -0.0396318 -0.0545653 -0.0510141
0 -0.0395039 -0.0541369 -0.0504561
0 -0.039336 -0.0537012 -0.0498762
0 -0.0391157 -0.0532457 -0.0492633
0 -0.0388371 -0.0527627 -0.0486121
0 -0.0385094 -0.0522579 -0.0479311
0 -0.0381547 -0.0517491 -0.0472419
0 -0.0377993 -0.0512575 -0.0465694
0 -0.0374661 -0.0508011 -0.0459355
0 -0.0371727 -0.0503931 -0.0453572
0 -0.036934 -0.0500445 -0.0448491
0 -0.0367639 -0.0497667 -0.0444257
0 -0.0366763 -0.0495722 -0.0441022
0 -0.0366847 -0.049475 -0.0438945
0 -0.036802 -0.0494901 -0.0438189
0 -0.0370391 -0.0496329 -0.0438914
0 -0.0374033 -0.0499178 -0.0441264
0 -0.0378968 -0.0503561 -0.0445343
0 -0.0385156 -0.0509548 -0.0451213
0 -0.0392497 -0.0517166 -0.0458887
0 -0.0400844 -0.0526404 -0.0468342
0 -0.0410023 -0.0537226 -0.0479532
0 -0.0419864 -0.054959 -0.0492412
0 -0.0430223 -0.0563472 -0.0506963
0 -0.0440985 -0.057886 -0.0523184
0 -0.0452024 -0.0595705 -0.0541052
0 -0.0463156 -0.0613874 -0.0560465
0 -0.0474135 -0.0633142 -0.058124
0 -0.0484715 -0.0653252 -0.0603171
0 -0.04947 -0.067397 -0.062608
0 -0.0503966 -0.0695096 -0.0649835
0 -0.0512436 -0.0716452 -0.0674326
0 -0.052005 -0.0737849 -0.0699439
0 -0.0526754 -0.0759092 -0.0725043
0 -0.0532506 -0.0779977 -0.0750987
0 -0.0537259 -0.0800293 -0.07771
0 -0.0540979 -0.0819824 -0.0803197
0 -0.054369 -0.0838413 -0.0829132
0 -0.0545565 -0.0856054 -0.0854888
0 -0.0546933 -0.08729 -0.088059
0 -0.0548189 -0.0889186 -0.0906409
0 -0.054965 -0.0905096 -0.093243
0 -0.0551439 -0.0920644 -0.0958541
0 -0.0553471 -0.0935667 -0.0984427
0 -0.0555561 -0.0949927 -0.100967
0 -0.0557566 -0.096325 -0.103392
0 -0.055951 -0.0975644 -0.105698
0 -0.0561604 -0.0987319 -0.107886
0 -0.0564168 -0.0998609 -0.10997
0 -0.0567508 -0.100985 -0.111965
0 -0.0571798 -0.102126 -0.113878
0 -0.0577036 -0.10329 -0.115698
0 -0.0583109 -0.10447 -0.117411
0 -0.0589899 -0.105663 -0.119001
0 -0.0597347 -0.106868 -0.120464
0 -0.0605451 -0.108091 -0.121805
0 -0.0614219 -0.109338 -0.123032
0 -0.0623606 -0.110608 -0.124151
0 -0.0633475 -0.111891 -0.125161
0 -0.0643612 -0.11317 -0.126056
0 -0.0653773 -0.11442 -0.126829
0 -0.0663737 -0.11562 -0.127475
0 -0.0673336 -0.116753 -0.127995
0 -0.0682474 -0.117808 -0.128399
0 -0.0691133 -0.118781 -0.128702
0 -0.0699308 -0.119669 -0.128921
0 -0.0706874 -0.120457 -0.129061
0 -0.071354 -0.121116 -0.129108
0 -0.0718998 -0.121613 -0.129045
0 -0.0723126 -0.121934 -0.128872
0 -0.0726037 -0.122091 -0.128611
0 -0.0727924 -0.122105 -0.128289
0 -0.0728875 -0.121985 -0.127922
0 -0.072876 -0.121722 -0.127502
0 -0.0727288 -0.121291 -0.127002
0 -0.0724207 -0.120668 -0.126395
0 -0.0719488 -0.11985 -0.125673
0 -0.0713316 -0.118857 -0.124847
0 -0.0705913 -0.117708 -0.123925
0 -0.0697382 -0.116411 -0.122906
0 -0.0687732 -0.114964 -0.121773
0 -0.0676983 -0.113365 -0.12051
0 -0.0665218 -0.11162 -0.119108
0 -0.0652576 -0.109736 -0.117558
0 -0.0639223 -0.107727 -0.115859
0 -0.0625299 -0.105601 -0.114003
0 -0.0610891 -0.103365 -0.111982
0 -0.0596043 -0.10102 -0.109783
0 -0.0580825 -0.0985689 -0.107398
0 -0.0565404 -0.0960285 -0.104832
0 -0.0550075 -0.093427 -0.102106
0 -0.0535228 -0.0908036 -0.0992525
0 -0.0521239 -0.0881979 -0.0963071
0 -0.0508368 -0.0856393 -0.0932979
0 -0.0496748 -0.0831464 -0.0902442
0 -0.048645 -0.0807321 -0.0871627
0 -0.0477507 -0.078407 -0.0840695
0 -0.0469875 -0.0761751 -0.0809752
0 -0.0463408 -0.0740308 -0.0778819
0 -0.04579 -0.0719626 -0.0747876
0 -0.045316 -0.0699606 -0.0716932
0 -0.0449083 -0.0680237 -0.0686094
0 -0.0445665 -0.0661607 -0.0655576
0 -0.0442937 -0.0643837 -0.0625635
0 -0.0440866 -0.0626979 -0.059648
0 -0.0439326 -0.0610986 -0.0568238
0 -0.0438162 -0.0595776 -0.0541018
0 -0.0437287 -0.0581328 -0.051499
0 -0.0436691 -0.056769 -0.049039
0 -0.0436344 -0.0554887 -0.046742
0 -0.0436107 -0.0542832 -0.0446154
0 -0.0435735 -0.0531328 -0.0426535
0 -0.0434961 -0.0520153 -0.0408455
0 -0.0433566 -0.0509127 -0.039182
0 -0.0431398 -0.049813 -0.0376566
0 -0.0428379 -0.0487109 -0.0362668
0 -0.0424534 -0.0476106 -0.0350165
0 -0.0419974 -0.0465249 -0.0339151
0 -0.0414853 -0.0454699 -0.0329726
0 -0.040932 -0.0444618 -0.0321962
0 -0.0403532 -0.0435171 -0.0315908
0 -0.0397689 -0.0426573 -0.0311641
0 -0.0392042 -0.0419085 -0.0309269
0 -0.0386844 -0.0412975 -0.0308894
0 -0.0382299 -0.0408466 -0.0310562
0 -0.0378529 -0.0405689 -0.0314234
0 -0.0375534 -0.040465 -0.0319748
0 -0.0373186 -0.0405214 -0.0326814
0 -0.0371285 -0.0407151 -0.0335073
0 -0.0369621 -0.0410208 -0.034416
0 -0.036803 -0.0414153 -0.0353754
0 -0.0366434 -0.0418817 -0.0363625
0 -0.0364887 -0.0424146 -0.0373674
0 -0.0363568 -0.0430197 -0.0383937
0 -0.0362732 -0.0437089 -0.0394529
0 -0.0362652 -0.0444961 -0.0405603
0 -0.0363565 -0.0453916 -0.0417287
0 -0.0365548 -0.0463915 -0.0429578
0 -0.0368428 -0.0474682 -0.0442246
0 -0.0371874 -0.04858 -0.0454925
0 -0.0375587 -0.0496895 -0.0467294
0 -0.0379408 -0.0507739 -0.0479183
0 -0.0383316 -0.0518255 -0.0490571
0 -0.0387403 -0.0528487 -0.0501557
0 -0.0391834 -0.0538569 -0.0512326
0 -0.0396801 -0.0548681 -0.0523101
0 -0.0402485 -0.0559014 -0.053411
0 -0.0409037 -0.0569758 -0.0545567
0 -0.0416559 -0.0581073 -0.0557653
0 -0.0425083 -0.0593079 -0.0570496
0 -0.0434581 -0.0605856 -0.058418
0 -0.0444972 -0.0619447 -0.0598746
0 -0.0456103 -0.0633836 -0.061417
0 -0.0467717 -0.0648905 -0.0630328
0 -0.047948 -0.0664454 -0.0647015
0 -0.0491095 -0.0680302 -0.066405
0 -0.0502421 -0.0696411 -0.0681397
0 -0.0513489 -0.0712894 -0.0699181
0 -0.0524389 -0.0729901 -0.0717571
0 -0.053514 -0.0747498 -0.073666
0 -0.054562 -0.0765584 -0.0756377
0 -0.0555561 -0.0783897 -0.0776498
0 -0.0564653 -0.0802104 -0.0796733
0 -0.057265 -0.0819912 -0.0816836
0 -0.0579422 -0.0837115 -0.0836652
0 -0.0584972 -0.0853623 -0.0856141
0 -0.0589439 -0.0869462 -0.0875377
0 -0.0593054 -0.0884743 -0.0894509
0 -0.0596072 -0.08996 -0.0913699
0 -0.0598746 -0.0914158 -0.0933085
0 -0.0601303 -0.0928527 -0.0952769
0 -0.0603908 -0.0942761 -0.0972781
0 -0.0606624 -0.0956831 -0.0993044
0 -0.0609479 -0.0970685 -0.101345
0 -0.0612573 -0.098436 -0.103394
0 -0.0616109 -0.0998016 -0.105461
0 -0.0620301 -0.101184 -0.107552
0 -0.0625213 -0.102589 -0.109663
0 -0.0630651 -0.103997 -0.111762
0 -0.0636232 -0.105372 -0.113803
0 -0.0641575 -0.106677 -0.115736
0 -0.0646489 -0.107896 -0.117536
0 -0.0651029 -0.109034 -0.119198
0 -0.0655385 -0.110113 -0.120736
0 -0.0659685 -0.111144 -0.122155
0 -0.0663853 -0.112122 -0.123445
0 -0.0667648 -0.113022 -0.124579
0 -0.0670797 -0.113816 -0.125526
0 -0.0673095 -0.11448 -0.126265
0 -0.0674492 -0.115008 -0.126791
0 -0.0675155 -0.115412 -0.127121
0 -0.0675448 -0.115724 -0.127293
0 -0.0675771 -0.11598 -0.12735
0 -0.0676342 -0.116197 -0.127318
0 -0.0677087 -0.116364 -0.127195
0 -0.0677727 -0.116451 -0.126958
0 -0.0677962 -0.116424 -0.126586
0 -0.0677589 -0.116261 -0.126063
0 -0.0676531 -0.115953 -0.12539
0 -0.067485 -0.115503 -0.124578
0 -0.0672724 -0.11493 -0.123651
0 -0.0670386 -0.114258 -0.122638
0 -0.0668054 -0.11351 -0.121567
0 -0.066587 -0.112707 -0.120458
0 -0.0663864 -0.111856 -0.119321
0 -0.0661944 -0.110958 -0.118154
0 -0.0659918 -0.110003 -0.116945
0 -0.065751 -0.108974 -0.115674
0 -0.0654402 -0.107849 -0.114315
0 -0.0650318 -0.106607 -0.112845
0 -0.0645154 -0.105247 -0.111257
0 -0.0639037 -0.103786 -0.109565
0 -0.063223 -0.102254 -0.107795
0 -0.0624963 -0.100676 -0.10597
0 -0.0617345 -0.099065 -0.104099
0 -0.060937 -0.0974212 -0.10218
0 -0.0600992 -0.0957396 -0.100208
0 -0.0592199 -0.0940182 -0.0981797
0 -0.0583076 -0.0922637 -0.0961009
0 -0.0573804 -0.0904918 -0.0939876
0 -0.0564608 -0.0887231 -0.0918608
0 -0.055571 -0.0869778 -0.0897411
0 -0.0547297 -0.0852731 -0.0876467
0 -0.0539492 -0.0836212 -0.0855907
0 -0.0532372 -0.0820303 -0.0835824
0 -0.0526024 -0.080511 -0.0816335
0 -0.0520598 -0.0790812 -0.0797633
0 -0.051628 -0.0777639 -0.0779959
0 -0.0513197 -0.0765775 -0.0763515
0 -0.0511328 -0.0755271 -0.0748366
0 -0.0510504 -0.0746039 -0.0734444
0 -0.0510499 -0.073794 -0.0721635
0 -0.0511105 -0.0730859 -0.0709851
0 -0.0512093 -0.0724657 -0.0698988
0 -0.0513152 -0.0719105 -0.0688858
0 -0.0513921 -0.0713914 -0.0679218
0 -0.0514146 -0.0708879 -0.066992
0 -0.051379 -0.0703993 -0.0661015
0 -0.0512968 -0.069938 -0.0652688
0 -0.0511798 -0.0695154 -0.0645114
0 -0.0510323 -0.0691336 -0.0638373
0 -0.0508508 -0.0687861 -0.0632455
0 -0.0506293 -0.0684624 -0.0627302
0 -0.050364 -0.068153 -0.0622859
0 -0.0500563 -0.0678526 -0.0619104
0 -0.0497156 -0.067563 -0.0616075
0 -0.0493642 -0.0672984 -0.0613922
0 -0.0490375 -0.0670867 -0.0612917
0 -0.0487767 -0.0669625 -0.0613385
0 -0.048615 -0.0669544 -0.0615576
0 -0.0485689 -0.0670768 -0.061958
0 -0.0486353 -0.0673267 -0.0625305
0 -0.0487926 -0.0676848 -0.063248
0 -0.0490004 -0.0681141 -0.0640655
0 -0.0492046 -0.0685641 -0.0649241
0 -0.0493609 -0.068993 -0.0657737
0 -0.0494612 -0.0693937 -0.0665993
0 -0.049537 -0.0697977 -0.0674254
0 -0.0496383 -0.0702538 -0.0682944
0 -0.0498043 -0.0708007 -0.0692394
0 -0.0500436 -0.0714467 -0.0702639
0 -0.0503267 -0.0721624 -0.0713345
0 -0.0506004 -0.0728942 -0.0723946
0 -0.0508153 -0.0735906 -0.0733908
0 -0.0509433 -0.0742191 -0.0742901
0 -0.0509716 -0.0747606 -0.0750737
0 -0.0508883 -0.0751939 -0.0757221
0 -0.0506758 -0.0754905 -0.0762089
0 -0.0503192 -0.0756214 -0.0765082
0 -0.0498174 -0.0755697 -0.0766064
0 -0.0491934 -0.0753409 -0.0765122
0 -0.0484982 -0.0749682 -0.0762619
0 -0.0478146 -0.0745177 -0.0759238
0 -0.0472574 -0.0740915 -0.075601
0 -0.0469538 -0.07381 -0.0754132
0 -0.0469899 -0.0737598 -0.0754444
0 -0.047357 -0.0739409 -0.0756908
0 -0.0479458 -0.07426 -0.0760529
0 -0.0485967 -0.074577 -0.0763846
0 -0.0491772 -0.0747787 -0.0765665
0 -0.0496405 -0.0748362 -0.076564
0 -0.0500387 -0.0748172 -0.0764406
0 -0.0504799 -0.0748448 -0.0763163
0 -0.0510613 -0.0750319 -0.0763022
0 -0.051826 -0.0754391 -0.0764586
0 -0.0527569 -0.0760683 -0.0767885
0 -0.0537973 -0.0768817 -0.0772568
0 -0.0548795 -0.0778293 -0.0778182
0 -0.0559475 -0.0788692 -0.0784382
0 -0.0569611 -0.079972 -0.0790967
0 -0.057893 -0.0811167 -0.0797848
0 -0.0587285 -0.08229 -0.0805034
0 -0.059462 -0.0834834 -0.08126
0 -0.0600679 -0.0846644 -0.082039
0 -0.0604704 -0.0857458 -0.0827711
0 -0.0605634 -0.0866048 -0.0833511
0 -0.0602701 -0.0871417 -0.0836967
0 -0.0595868 -0.087323 -0.0837903
0 -0.0585854 -0.0871859 -0.0836829
0 -0.057384 -0.086812 -0.0834667
0 -0.0561086 -0.0862914 -0.0832382
0 -0.0548634 -0.0856971 -0.0830718
0 -0.0537213 -0.0850762 -0.0830103
0 -0.0527284 -0.0844569 -0.083072
0 -0.0519171 -0.0838616 -0.083264
0 -0.0513168 -0.0833177 -0.0835938
0 -0.0509589 -0.0828626 -0.0840746
0 -0.0508842 -0.0825499 -0.0847333
0 -0.0511442 -0.0824526 -0.0856134
0 -0.051778 -0.0826395 -0.0867517
0 -0.0527718 -0.0831345 -0.0881387
0 -0.0540254 -0.0838802 -0.0896843
0 -0.0553502 -0.084731 -0.0912133
0 -0.056521 -0.0854998 -0.0925139
0 -0.0573558 -0.0860341 -0.0934151
0 -0.0577695 -0.0862663 -0.0938386
0 -0.0577764 -0.0862162 -0.0938011
0 -0.0574607 -0.0859618 -0.0933854
0 -0.056938 -0.0856038 -0.0927032
0 -0.0563153 -0.0852282 -0.0918572
0 -0.0556566 -0.0848746 -0.0909079
0 -0.0549702 -0.0845236 -0.0898604
0 -0.0542262 -0.0841161 -0.0886827
0 -0.0533955 -0.0835917 -0.0873427
0 -0.0524821 -0.0829229 -0.0858412
0 -0.0515395 -0.0821333 -0.0842277
0 -0.0506676 -0.081297 -0.0825999
0 -0.0499951 -0.0805231 -0.0810864
0 -0.0496481 -0.0799265 -0.079818
0 -0.0497196 -0.0795995 -0.0788981
0 -0.0502499 -0.0795935 -0.0783848
0 -0.0512197 -0.0799123 -0.0782829
0 -0.0525513 -0.0805111 -0.0785454
0 -0.0541174 -0.0813016 -0.0790778
0 -0.0557582 -0.0821658 -0.079754
0 -0.0573111 -0.0829824 -0.0804428
0 -0.0586409 -0.0836536 -0.0810365
0 -0.059663 -0.0841243 -0.081471
0 -0.0603572 -0.0843958 -0.0817403
0 -0.0607676 -0.0845262 -0.0818964
0 -0.0609791 -0.0846079 -0.0820282
0 -0.061078 -0.0847303 -0.0822222
0 -0.0611168 -0.0849447 -0.082529
0 -0.0610938 -0.0852448 -0.0829429
0 -0.0609564 -0.0855687 -0.0834042
0 -0.0606311 -0.0858281 -0.0838282
0 -0.0600614 -0.0859455 -0.0841424
0 -0.0592249 -0.0858712 -0.0843027
0 -0.058128 -0.0855794 -0.084289
0 -0.0567963 -0.0850603 -0.0840965
0 -0.0552652 -0.0843123 -0.0837276
0 -0.0535712 -0.0833339 -0.0831833
0 -0.0517413 -0.0821147 -0.0824533
0 -0.0497902 -0.0806352 -0.0815152
0 -0.0477329 -0.078881 -0.0803486
0 -0.0456052 -0.0768643 -0.0789556
0 -0.0434744 -0.0746348 -0.077373
0 -0.0414364 -0.0722788 -0.0756699
0 -0.0396007 -0.0699039 -0.0739332
0 -0.0380699 -0.0676196 -0.0722485
0 -0.0369202 -0.0655169 -0.0706807
0 -0.0361893 -0.0636554 -0.0692623
0 -0.0358754 -0.0620608 -0.0679924
0 -0.0359467 -0.0607335 -0.0668465
0 -0.0363543 -0.0596628 -0.0657909
0 -0.0370457 -0.0588382 -0.064797
0 -0.0379757 -0.0582578 -0.0638498
0 -0.0391074 -0.0579279 -0.0629485
0 -0.0403956 -0.0578442 -0.0620885
0 -0.0417663 -0.05797 -0.0612395
0 -0.0431352 -0.0582525 -0.0603624
0 -0.0444572 -0.0586709 -0.0594571
0 -0.0457495 -0.0592604 -0.0585859
0 -0.0470651 -0.0600859 -0.057847
0 -0.0484434 -0.0611946 -0.0573253
0 -0.049878 -0.0625831 -0.0570587
0 -0.0513125 -0.0641928 -0.0570332
0 -0.0526543 -0.0659233 -0.0571955
0 -0.0537946 -0.0676516 -0.0574707
0 -0.0546295 -0.0692534 -0.057781
0 -0.0550784 -0.0706215 -0.0580628
0 -0.0550939 -0.0716766 -0.0582758
0 -0.0546663 -0.0723716 -0.0584064
0 -0.0538278 -0.0726959 -0.0584701
0 -0.0526531 -0.0726786 -0.0585143
0 -0.0512505 -0.0723835 -0.0586109
0 -0.0497412 -0.0718918 -0.0588382
0 -0.048238 -0.0712826 -0.0592615
0 -0.0468343 -0.0706247 -0.0599248
0 -0.0456069 -0.0699806 -0.0608561
0 -0.0446256 -0.0694167 -0.0620794
0 -0.0439537 -0.0690032 -0.0636161
0 -0.0436311 -0.0687959 -0.065469
0 -0.0436536 -0.0688147 -0.0676022
0 -0.0439678 -0.069037 -0.0699369
0 -0.0444857 -0.0694106 -0.0723651
0 -0.0451079 -0.0698756 -0.0747703
0 -0.0457465 -0.0703825 -0.0770496
0 -0.0463445 -0.0709087 -0.0791326
0 -0.0468852 -0.0714662 -0.0809909
0 -0.0473841 -0.0720922 -0.0826306
0 -0.047866 -0.072826 -0.0840702
0 -0.0483462 -0.0736902 -0.0853221
0 -0.0488289 -0.0746894 -0.0863916
0 -0.0493168 -0.0758199 -0.0872867
0 -0.0498211 -0.0770803 -0.0880278
0 -0.0503588 -0.0784697 -0.0886454
0 -0.0509391 -0.0799755 -0.0891653
0 -0.0515485 -0.0815595 -0.0895939
0 -0.0521491 -0.0831571 -0.089915
0 -0.0526907 -0.08469 -0.0901005
0 -0.0531279 -0.0860842 -0.0901266
0 -0.0534317 -0.0872814 -0.0899834
0 -0.0535887 -0.0882401 -0.0896737
0 -0.0535958 -0.0889301 -0.0892076
0 -0.0534569 -0.0893301 -0.0885989
0 -0.053183 -0.0894282 -0.0878654
0 -0.0527883 -0.0892192 -0.087024
0 -0.052285 -0.0887001 -0.0860863
0 -0.0516835 -0.0878714 -0.0850588
0 -0.0509975 -0.0867425 -0.0839481
0 -0.0502502 -0.0853386 -0.0827681
0 -0.0494786 -0.0837053 -0.0815448
0 -0.0487313 -0.0819065 -0.0803151
0 -0.0480611 -0.0800166 -0.0791203
0 -0.0475144 -0.0781097 -0.0779969
0 -0.0471242 -0.0762518 -0.0769708
0 -0.04691 -0.0744989 -0.0760579
0 -0.0468823 -0.072901 -0.0752676
0 -0.0470443 -0.0715046 -0.0746052
0 -0.047393 -0.0703507 -0.0740728
0 -0.0479219 -0.0694762 -0.0736737
0 -0.0486277 -0.0689189 -0.0734182
0 -0.0495098 -0.0687166 -0.0733236
0 -0.0505571 -0.0688918 -0.0734003
0 -0.0517328 -0.0694365 -0.0736362
0 -0.052972 -0.0703088 -0.0739943
0 -0.0541946 -0.0714433 -0.0744226
0 -0.055324 -0.0727689 -0.0748726
0 -0.0563038 -0.0742242 -0.0753128
0 -0.0571009 -0.0757613 -0.075732
0 -0.0577002 -0.0773408 -0.0761325
0 -0.0580986 -0.0789281 -0.0765252
0 -0.0583039 -0.0804927 -0.0769276
0 -0.0583309 -0.0820061 -0.0773603
0 -0.0581946 -0.0834366 -0.0778397
0 -0.0579094 -0.0847504 -0.0783765
0 -0.0574954 -0.0859203 -0.0789829
0 -0.0569832 -0.0869317 -0.0796765
0 -0.056408 -0.0877798 -0.0804756
0 -0.0558023 -0.0884626 -0.0813916
0 -0.055195 -0.0889813 -0.082429
0 -0.0546164 -0.0893469 -0.0835916
0 -0.0541017 -0.0895829 -0.0848861
0 -0.0536856 -0.0897205 -0.0863179
0 -0.0533953 -0.0897914 -0.0878853
0 -0.053248 -0.089825 -0.0895766
0 -0.0532499 -0.0898466 -0.0913709
0 -0.0533928 -0.0898731 -0.0932345
0 -0.0536487 -0.089907 -0.0951165
0 -0.0539724 -0.0899371 -0.0969506
0 -0.0543153 -0.0899502 -0.0986686
0 -0.0546421 -0.0899454 -0.100218
0 -0.0549386 -0.0899392 -0.101569
0 -0.0552061 -0.0899594 -0.102711
0 -0.0554541 -0.0900369 -0.103643
0 -0.0556945 -0.090199 -0.104372
0 -0.0559373 -0.0904651 -0.104905
0 -0.0561845 -0.0908405 -0.105247
0 -0.0564255 -0.0913117 -0.105395
0 -0.0566397 -0.0918486 -0.105339
0 -0.0568055 -0.0924145 -0.10507
0 -0.0569092 -0.0929754 -0.104591
0 -0.056947 -0.0935032 -0.103916
0 -0.0569178 -0.0939691 -0.103061
0 -0.0568136 -0.0943358 -0.102035
0 -0.0566208 -0.0945597 -0.100843
0 -0.0563353 -0.0946069 -0.0994957
0 -0.0559734 -0.0944661 -0.0980237
0 -0.0555667 -0.0941447 -0.0964703
0 -0.0551453 -0.0936522 -0.0948763
0 -0.0547263 -0.0929905 -0.0932685
0 -0.0543137 -0.0921546 -0.0916603
0 -0.0539049 -0.0911385 -0.0900564
0 -0.0534933 -0.089939 -0.0884569
0 -0.0530714 -0.0885576 -0.0868584
0 -0.0526337 -0.0870035 -0.0852582
0 -0.0521809 -0.0852968 -0.0836584
0 -0.051719 -0.0834669 -0.0820647
0 -0.0512527 -0.0815453 -0.080481
0 -0.0507804 -0.079559 -0.0789041
0 -0.0502935 -0.0775279 -0.0773232
0 -0.049779 -0.0754664 -0.0757228
0 -0.0492231 -0.0733867 -0.0740857
0 -0.0486124 -0.0712995 -0.0723943
0 -0.0479356 -0.0692142 -0.0706323
0 -0.0471854 -0.0671405 -0.0687872
0 -0.0463624 -0.065092 -0.0668545
0 -0.0454777 -0.0630874 -0.0648398
0 -0.0445486 -0.061148 -0.0627561
0 -0.0435914 -0.0592896 -0.0606161
0 -0.042613 -0.0575153 -0.0584245
0 -0.0416098 -0.0558142 -0.056177
0 -0.040575 -0.0541695 -0.0538674
0 -0.0395091 -0.052569 -0.0514985
0 -0.0384216 -0.0510082 -0.0490839
0 -0.0373236 -0.0494826 -0.0466401
0 -0.0362205 -0.0479817 -0.0441791
0 -0.035114 -0.0464916 -0.04171
0 -0.0340113 -0.045004 -0.0392481
0 -0.0329317 -0.0435238 -0.0368213
0 -0.0319075 -0.0420708 -0.0344713
0 -0.0309816 -0.0406774 -0.0322504
0 -0.0301989 -0.0393809 -0.0302136
0 -0.0295974 -0.0382156 -0.0284087
0 -0.029204 -0.0372077 -0.0268722
0 -0.0290358 -0.0363778 -0.0256308
0 -0.0291026 -0.0357433 -0.0247039
0 -0.0294029 -0.0353157 -0.0241015
0 -0.0299201 -0.0350966 -0.0238198
0 -0.0306222 -0.0350773 -0.0238413
0 -0.0314662 -0.0352408 -0.0241381
0 -0.0324049 -0.0355681 -0.024678
0 -0.0333983 -0.0360466 -0.0254342
0 -0.0344225 -0.0366796 -0.0263955
0 -0.0354697 -0.0374846 -0.0275648
0 -0.0365394 -0.0384843 -0.028951
0 -0.0376291 -0.0396974 -0.0305606
0 -0.0387326 -0.0411347 -0.032394
0 -0.0398401 -0.0427991 -0.0344471
0 -0.0409408 -0.0446863 -0.0367121
0 -0.0420234 -0.0467855 -0.0391784
0 -0.0430776 -0.0490813 -0.0418336
0 -0.0440943 -0.0515535 -0.0446644
0 -0.0450655 -0.0541778 -0.047655
0 -0.0459813 -0.0569237 -0.0507859
0 -0.0468304 -0.0597555 -0.0540334
0 -0.0476051 -0.0626383 -0.0573751
0 -0.0483099 -0.0655475 -0.0607988
0 -0.0489645 -0.0684734 -0.0643073
0 -0.0495971 -0.071416 -0.0679112
0 -0.0502343 -0.0743761 -0.0716196
0 -0.0508952 -0.0773492 -0.0754328
0 -0.0515896 -0.0803239 -0.0793415
0 -0.0523188 -0.0832837 -0.083328
0 -0.0530803 -0.0862112 -0.0873696
0 -0.0538705 -0.0890917 -0.0914414
0 -0.0546882 -0.0919164 -0.0955204
0 -0.0555387 -0.0946859 -0.0995899
0 -0.056436 -0.0974127 -0.103642
0 -0.0573992 -0.100117 -0.107676
0 -0.0584459 -0.102821 -0.111688
0 -0.0595874 -0.105541 -0.115672
0 -0.060829 -0.10829 -0.119618
0 -0.0621722 -0.111076 -0.123512
0 -0.063615 -0.113905 -0.127342
0 -0.065147 -0.116776 -0.131086
0 -0.0667471 -0.119674 -0.134718
0 -0.0683853 -0.122574 -0.138203
0 -0.0700266 -0.125446 -0.141505
0 -0.0716336 -0.128252 -0.144586
0 -0.0731682 -0.130956 -0.147411
0 -0.0745944 -0.133519 -0.14995
0 -0.0758808 -0.135905 -0.152176
0 -0.0770029 -0.138084 -0.154075
0 -0.0779456 -0.140032 -0.15564
0 -0.0787017 -0.141735 -0.156874
0 -0.0792665 -0.143178 -0.157784
0 -0.0796318 -0.144344 -0.158373
0 -0.0797861 -0.14521 -0.15864
0 -0.0797195 -0.145758 -0.158584
0 -0.0794295 -0.145971 -0.158211
0 -0.0789237 -0.145843 -0.157529
0 -0.0782183 -0.145373 -0.156554
0 -0.0773337 -0.144562 -0.155301
0 -0.0762927 -0.143415 -0.153785
0 -0.0751183 -0.141937 -0.152018
0 -0.0738328 -0.140134 -0.15001
0 -0.0724571 -0.138018 -0.147769
0 -0.0710109 -0.135603 -0.145302
0 -0.069513 -0.132906 -0.142615
0 -0.0679818 -0.129953 -0.139715
0 -0.0664331 -0.126769 -0.136607
0 -0.0648771 -0.123381 -0.133295
0 -0.0633171 -0.119814 -0.129777
0 -0.0617501 -0.116086 -0.126047
0 -0.0601678 -0.112217 -0.122097
0 -0.0585575 -0.108217 -0.117917
0 -0.0569044 -0.104099 -0.113497
0 -0.0551942 -0.0998692 -0.108829
0 -0.0534147 -0.0955365 -0.103912
0 -0.0515576 -0.0911101 -0.0987479
0 -0.0496223 -0.086604 -0.0933483
0 -0.0476172 -0.0820383 -0.0877348
0 -0.0455554 -0.0774346 -0.0819347
0 -0.043449 -0.0728106 -0.0759765
0 -0.0413077 -0.0681798 -0.0698879
0 -0.0391415 -0.0635543 -0.0636985
0 -0.0369623 -0.0589467 -0.0574422
0 -0.0347844 -0.0543704 -0.0511579
0 -0.0326232 -0.0498389 -0.0448874
0 -0.0304962 -0.0453668 -0.0386749
0 -0.0284236 -0.0409711 -0.0325676
0 -0.0264289 -0.0366718 -0.0266156
0 -0.0245354 -0.0324897 -0.020868
0 -0.022763 -0.0284428 -0.0153682
0 -0.0211279 -0.0245464 -0.0101542
0 -0.0196465 -0.0208173 -0.00526202
0 -0.0183368 -0.0172746 -0.000726654
0 -0.0172149 -0.0139368 0.00342106
0 -0.0162933 -0.0108199 0.00715705
0 -0.0155836 -0.00794043 0.0104609
0 -0.0151014 -0.00532021 0.0133117
0 -0.0148653 -0.00298555 0.0156884
0 -0.0148915 -0.000962267 0.0175747
0 -0.0151859 0.000730119 0.0189651
0 -0.0157407 0.00208057 0.0198669
0 -0.0165376 0.00308346 0.0202957
0 -0.0175548 0.00373327 0.0202699
0 -0.0187696 0.00402245 0.0198074
0 -0.0201564 0.00394464 0.0189277
0 -0.0216822 0.00349934 0.0176565
0 -0.0233078 0.00269247 0.0160247
0 -0.0249927 0.00153231 0.0140645
0 -0.0266996 2.53313e-05 0.0118038
0 -0.0283956 -0.00182278 0.00926695
0 -0.0300489 -0.004002 0.00647815
0 -0.0316304 -0.00649547 0.00346185
0 -0.0331197 -0.00928323 0.000237821
0 -0.0345087 -0.012346 -0.00318236
0 -0.0357981 -0.0156635 -0.00679281
0 -0.0369923 -0.0192097 -0.0105877
0 -0.0380949 -0.0229505 -0.0145574
0 -0.0391088 -0.0268455 -0.0186888
0 -0.0400378 -0.0308514 -0.0229671
0 -0.0408859 -0.0349231 -0.0273755
0 -0.0416555 -0.0390141 -0.0318939
0 -0.0423443 -0.0430759 -0.0364976
0 -0.0429471 -0.0470603 -0.0411586
0 -0.0434566 -0.0509215 -0.0458458
0 -0.0438661 -0.0546183 -0.0505265
0 -0.0441706 -0.0581162 -0.0551675
0 -0.0443684 -0.0613891 -0.059737
0 -0.044459 -0.0644164 -0.0642013
0 -0.0444387 -0.0671789 -0.0685219
0 -0.0443011 -0.0696582 -0.0726553
0 -0.0440426 -0.0718408 -0.0765591
0 -0.0436661 -0.0737221 -0.080196
0 -0.0431801 -0.0753046 -0.0835336
0 -0.0425956 -0.0765942 -0.0865415
0 -0.0419241 -0.0775982 -0.0891908
0 -0.041179 -0.0783255 -0.091455
0 -0.0403767 -0.0787885 -0.0933134
0 -0.039539 -0.0790041 -0.0947532
0 -0.0386921 -0.0789931 -0.0957706
0 -0.0378644 -0.0787778 -0.0963685
0 -0.0370833 -0.0783798 -0.0965543
0 -0.0363749 -0.0778187 -0.0963389
0 -0.0357635 -0.0771136 -0.0957374
0 -0.0352724 -0.0762852 -0.0947708
0 -0.034924 -0.0753569 -0.0934667
0 -0.0347379 -0.0743546 -0.0918589
0 -0.034729 -0.0733038 -0.0899847
0 -0.0349055 -0.0722286 -0.0878834
0 -0.0352688 -0.0711515 -0.0855952
0 -0.0358136 -0.0700935 -0.0831612
0 -0.0365287 -0.0690735 -0.0806224
0 -0.0373957 -0.0681073 -0.0780172
0 -0.0383884 -0.0672051 -0.0753804
0 -0.0394733 -0.0663704 -0.0727409
0 -0.0406094 -0.065599 -0.0701208
0 -0.0417526 -0.0648808 -0.0675365
0 -0.0428595 -0.0642033 -0.065
0 -0.0438904 -0.0635533 -0.0625215
0 -0.0448094 -0.0629172 -0.0601112
0 -0.0455841 -0.0622794 -0.0577793
0 -0.0461857 -0.0616234 -0.0555346
0 -0.0465895 -0.0609318 -0.0533848
0 -0.046775 -0.0601874 -0.0513369
0 -0.0467264 -0.0593741 -0.0493981
0 -0.046434 -0.0584775 -0.0475741
0 -0.0458958 -0.0574864 -0.0458701
0 -0.0451163 -0.0563922 -0.0442895
0 -0.0441066 -0.0551886 -0.0428338
0 -0.0428839 -0.0538723 -0.0415027
0 -0.0414724 -0.0524451 -0.0402958
0 -0.0399033 -0.0509145 -0.0392125
0 -0.0382115 -0.0492925 -0.0382511
0 -0.0364333 -0.0475943 -0.0374074
0 -0.0346049 -0.0458372 -0.0366738
0 -0.03276 -0.0440389 -0.0360391
0 -0.0309275 -0.0422161 -0.0354871
0 -0.0291306 -0.040384 -0.0349984
0 -0.0273878 -0.0385571 -0.0345516
0 -0.0257143 -0.0367498 -0.0341243
0 -0.0241212 -0.0349748 -0.0336943
0 -0.0226166 -0.0332438 -0.0332395
0 -0.0212082 -0.0315709 -0.0327407
0 -0.0199067 -0.0299745 -0.0321847
0 -0.0187251 -0.0284758 -0.0315642
0 -0.0176747 -0.0270941 -0.0308744
0 -0.0167615 -0.0258421 -0.0301093
0 -0.0159859 -0.0247261 -0.0292621
0 -0.0153457 -0.0237477 -0.0283273
0 -0.0148376 -0.0229059 -0.027303
0 -0.0144575 -0.0221964 -0.0261904
0 -0.0141999 -0.0216119 -0.0249931
0 -0.0140577 -0.0211418 -0.0237171
0 -0.0140245 -0.0207748 -0.0223723
0 -0.0140969 -0.0205026 -0.0209752
0 -0.0142751 -0.0203205 -0.0195488
0 -0.01456 -0.020226 -0.0181195
0 -0.0149505 -0.0202169 -0.0167151
0 -0.0154429 -0.0202902 -0.0153637
0 -0.0160318 -0.0204435 -0.0140956
0 -0.0167125 -0.0206766 -0.0129428
0 -0.0174821 -0.0209931 -0.0119406
0 -0.0183401 -0.0214016 -0.0111265
0 -0.019286 -0.021913 -0.0105369
0 -0.0203168 -0.0225381 -0.0102044
0 -0.0214247 -0.0232854 -0.010155
0 -0.0225965 -0.0241592 -0.0104064
0 -0.0238131 -0.0251592 -0.0109668
0 -0.0250506 -0.0262806 -0.0118366
0 -0.0262824 -0.0275153 -0.0130079
0 -0.0274792 -0.0288505 -0.0144651
0 -0.0286089 -0.0302689 -0.0161844
0 -0.029638 -0.0317487 -0.0181343
0 -0.0305333 -0.0332646 -0.0202778
0 -0.0312646 -0.0347901 -0.0225749
0 -0.031808 -0.0363004 -0.0249862
0 -0.0321483 -0.0377744 -0.0274747
0 -0.0322764 -0.039192 -0.0300044
0 -0.0321862 -0.040531 -0.0325366
0 -0.031874 -0.0417654 -0.0350298
0 -0.03134 -0.0428686 -0.037443
0 -0.030592 -0.0438167 -0.0397402
0 -0.029646 -0.0445912 -0.0418906
0 -0.0285249 -0.045178 -0.043868
0 -0.0272564 -0.0455677 -0.0456513
0 -0.0258741 -0.0457564 -0.047224
0 -0.024417 -0.0457479 -0.048575
0 -0.0229288 -0.0455545 -0.0496981
0 -0.0214555 -0.0451954 -0.0505925
0 -0.020044 -0.0446966 -0.0512633
0 -0.0187435 -0.0440915 -0.051723
0 -0.0176055 -0.0434215 -0.0519926
0 -0.0166841 -0.0427356 -0.052102
0 -0.0160343 -0.0420889 -0.0520884
0 -0.0157059 -0.0415372 -0.0519918
0 -0.0157373 -0.0411308 -0.0518485
0 -0.0161522 -0.0409131 -0.0516906
0 -0.0169617 -0.040924 -0.0515496
0 -0.0181671 -0.0412015 -0.0514587
0 -0.0197612 -0.0417811 -0.0514538
0 -0.0217291 -0.0426953 -0.0515722
0 -0.0240483 -0.0439705 -0.0518508
0 -0.0266849 -0.0456219 -0.0523203
0 -0.0295913 -0.0476487 -0.0530001
0 -0.0327099 -0.0500357 -0.0538997
0 -0.0359796 -0.0527563 -0.0550221
0 -0.0393392 -0.055774 -0.0563659
0 -0.042728 -0.0590446 -0.0579243
0 -0.0460879 -0.062518 -0.0596872
0 -0.0493665 -0.0661401 -0.0616448
0 -0.0525164 -0.0698538 -0.0637871
0 -0.0554922 -0.073597 -0.0660998
0 -0.0582485 -0.077303 -0.0685628
0 -0.0607421 -0.0809039 -0.0711515
0 -0.0629332 -0.0843342 -0.0738381
0 -0.0647857 -0.0875314 -0.076592
0 -0.0662648 -0.0904353 -0.079377
0 -0.0673356 -0.0929872 -0.0821503
0 -0.0679648 -0.0951322 -0.0848637
0 -0.068127 -0.0968252 -0.0874694
0 -0.0678124 -0.0980368 -0.0899254
0 -0.0670319 -0.0987569 -0.0922004
0 -0.0658174 -0.0989934 -0.0942719
0 -0.0642179 -0.0987686 -0.0961236
0 -0.0622965 -0.0981178 -0.0977455
0 -0.0601277 -0.0970874 -0.099134
0 -0.0577909 -0.0957309 -0.100289
0 -0.0553634 -0.0941042 -0.101208
0 -0.0529184 -0.0922647 -0.101886
0 -0.0505276 -0.0902741 -0.102324
0 -0.0482627 -0.0882003 -0.102525
0 -0.0461929 -0.0861137 -0.102501
0 -0.0443788 -0.0840805 -0.102264
0 -0.0428683 -0.0821572 -0.101827
0 -0.0416939 -0.0803887 -0.101199
0 -0.0408738 -0.0788083 -0.100386
0 -0.0404165 -0.0774422 -0.0993932
0 -0.0403231 -0.0763113 -0.09823
0 -0.040587 -0.075433 -0.096909
0 -0.0411954 -0.0748207 -0.0954499
0 -0.0421285 -0.0744829 -0.093879
0 -0.0433554 -0.0744179 -0.0922231
0 -0.0448326 -0.0746113 -0.0905061
0 -0.0465083 -0.0750388 -0.0887498
0 -0.0483288 -0.0756712 -0.0869779
0 -0.0502416 -0.0764782 -0.0852169
0 -0.0521974 -0.0774283 -0.0834955
0 -0.0541504 -0.0784893 -0.0818423
0 -0.0560598 -0.0796297 -0.0802835
0 -0.0578908 -0.0808193 -0.0788447
0 -0.0596151 -0.0820299 -0.0775528
0 -0.06121 -0.083235 -0.076435
0 -0.0626568 -0.0844095 -0.0755161
0 -0.0639388 -0.0855291 -0.0748164
0 -0.0650425 -0.0865724 -0.0743532
0 -0.0659585 -0.0875223 -0.0741406
0 -0.0666816 -0.0883667 -0.0741903
0 -0.06721 -0.0890977 -0.074509
0 -0.0675433 -0.0897102 -0.0750976
0 -0.0676803 -0.0902 -0.0759483
0 -0.0676201 -0.0905645 -0.0770443
0 -0.0673645 -0.0908039 -0.0783627
0 -0.0669216 -0.0909242 -0.0798788
0 -0.0663066 -0.0909374 -0.0815679
0 -0.0655381 -0.0908585 -0.0834027
0 -0.064635 -0.090701 -0.0853506
0 -0.0636124 -0.0904735 -0.0873709
0 -0.0624804 -0.0901774 -0.0894157
0 -0.0612452 -0.0898081 -0.0914308
0 -0.0599118 -0.0893576 -0.0933584
0 -0.0584857 -0.0888167 -0.0951388
0 -0.0569728 -0.088176 -0.0967133
0 -0.0553798 -0.087426 -0.0980259
0 -0.053716 -0.086559 -0.0990263
0 -0.0519942 -0.0855704 -0.0996728
0 -0.05023 -0.0844572 -0.0999311
0 -0.0484382 -0.0832154 -0.0997734
0 -0.0466316 -0.0818382 -0.099177
0 -0.0448214 -0.0803173 -0.098125
0 -0.0430188 -0.0786454 -0.0966086
0 -0.0412365 -0.0768171 -0.0946276
0 -0.0394891 -0.0748302 -0.0921917
0 -0.0377933 -0.0726862 -0.0893207
0 -0.0361675 -0.0703906 -0.086044
0 -0.0346298 -0.0679518 -0.0823971
0 -0.0331933 -0.0653771 -0.0784174
0 -0.031865 -0.0626717 -0.0741411
0 -0.0306469 -0.0598405 -0.0696043
0 -0.0295401 -0.056892 -0.0648457
0 -0.0285476 -0.0538413 -0.0599092
0 -0.0276756 -0.0507106 -0.054844
0 -0.0269313 -0.0475269 -0.0497005
0 -0.0263199 -0.0443189 -0.0445259
0 -0.0258444 -0.0411157 -0.0393646
0 -0.0255072 -0.0379471 -0.0342612
0 -0.025311 -0.0348436 -0.0292623
0 -0.0252568 -0.0318351 -0.0244154
0 -0.0253428 -0.0289487 -0.019766
0 -0.0255652 -0.0262089 -0.0153564
0 -0.0259202 -0.0236399 -0.0112273
0 -0.0264063 -0.0212667 -0.00741882
0 -0.0270239 -0.0191146 -0.00397072
0 -0.027774 -0.0172084 -0.000920906
0 -0.0286563 -0.0155706 0.00169595
0 -0.0296684 -0.0142212 0.00384919
0 -0.0308073 -0.0131799 0.0055117
0 -0.0320697 -0.0124669 0.00665913
0 -0.0334524 -0.0121033 0.00727011
0 -0.0349508 -0.01211 0.00732726
0 -0.0365585 -0.0125063 0.0068185
0 -0.0382654 -0.0133088 0.00573829
0 -0.040058 -0.0145306 0.00408851
0 -0.0419181 -0.0161798 0.00187866
0 -0.0438233 -0.018259 -0.000874123
0 -0.0457478 -0.0207637 -0.00414549
0 -0.0476638 -0.0236795 -0.00790427
0 -0.0495432 -0.026982 -0.0121129
0 -0.0513583 -0.0306368 -0.0167288
0 -0.053083 -0.0346022 -0.0217055
0 -0.0546928 -0.0388289 -0.0269931
0 -0.0561638 -0.0432605 -0.0325376
0 -0.0574702 -0.0478323 -0.0382791
0 -0.0585843 -0.0524719 -0.0441517
0 -0.0594774 -0.0571032 -0.0500857
0 -0.0601226 -0.0616503 -0.0560128
0 -0.0604964 -0.0660412 -0.0618679
0 -0.0605809 -0.0702105 -0.0675903
0 -0.0603669 -0.0741022 -0.0731247
0 -0.0598572 -0.0776737 -0.0784232
0 -0.059067 -0.0808968 -0.0834444
0 -0.0580233 -0.0837582 -0.0881554
0 -0.0567637 -0.0862589 -0.092533
0 -0.0553368 -0.0884143 -0.096565
0 -0.0537996 -0.0902522 -0.100248
0 -0.0522136 -0.0918086 -0.103587
0 -0.0506407 -0.093124 -0.106591
0 -0.0491393 -0.0942394 -0.109268
0 -0.047763 -0.0951947 -0.111631
0 -0.0465601 -0.0960276 -0.113692
0 -0.0455755 -0.0967748 -0.115468
0 -0.044851 -0.0974733 -0.11698
0 -0.044425 -0.0981584 -0.118252
0 -0.0443277 -0.0988603 -0.119308
0 -0.0445764 -0.0995991 -0.120167
0 -0.0451701 -0.100382 -0.120837
0 -0.046089 -0.101201 -0.121321
0 -0.0472969 -0.102043 -0.121611
0 -0.0487447 -0.102885 -0.1217
0 -0.0503747 -0.103703 -0.121579
0 -0.0521241 -0.10447 -0.121238
0 -0.0539283 -0.10516 -0.120672
0 -0.0557238 -0.105744 -0.119877
0 -0.0574477 -0.106195 -0.11885
0 -0.0590372 -0.106479 -0.117584
0 -0.0604315 -0.106562 -0.116073
0 -0.0615754 -0.106409 -0.114311
0 -0.0624228 -0.105991 -0.112297
0 -0.0629384 -0.105287 -0.110036
0 -0.0630985 -0.104282 -0.107539
0 -0.0628904 -0.102967 -0.104821
0 -0.062313 -0.101339 -0.101901
0 -0.0613762 -0.0993993 -0.0988001
0 -0.0601007 -0.0971537 -0.0955417
0 -0.058517 -0.0946138 -0.0921504
0 -0.0566639 -0.0917968 -0.0886531
0 -0.0545855 -0.0887241 -0.0850768
0 -0.0523282 -0.0854203 -0.0814467
0 -0.0499374 -0.0819115 -0.0777848
0 -0.0474559 -0.0782255 -0.0741091
0 -0.0449227 -0.0743905 -0.0704332
0 -0.0423719 -0.0704348 -0.0667658
0 -0.0398313 -0.0663868 -0.0631107
0 -0.0373232 -0.0622738 -0.0594676
0 -0.0348643 -0.0581219 -0.0558327
0 -0.0324676 -0.053957 -0.0522009
0 -0.0301445 -0.0498062 -0.0485682
0 -0.0279073 -0.0456986 -0.0449344
0 -0.0257693 -0.0416649 -0.041303
0 -0.0237437 -0.0377364 -0.0376794
0 -0.0218442 -0.0339443 -0.0340719
0 -0.0200852 -0.0303193 -0.0304924
0 -0.018483 -0.0268921 -0.0269572
0 -0.0170562 -0.0236933 -0.0234881
0 -0.0158252 -0.0207532 -0.0201116
0 -0.0148112 -0.0181007 -0.0168591
0 -0.0140352 -0.0157621 -0.0137649
0 -0.0135173 -0.0137611 -0.0108653
0 -0.0132766 -0.0121187 -0.00819841
0 -0.0133302 -0.010853 -0.00580362
0 -0.0136922 -0.00997996 -0.00372116
0 -0.0143708 -0.00951385 -0.00199166
0 -0.0153696 -0.00946808 -0.000656387
0 -0.0166866 -0.00985416 0.000243816
0 -0.0183135 -0.0106804 0.000670856
0 -0.0202346 -0.0119516 0.000591093
0 -0.0224278 -0.0136683 -2.333e-05
0 -0.0248634 -0.0158257 -0.00119244
0 -0.0275044 -0.0184119 -0.00292671
0 -0.0303085 -0.0214083 -0.00522731
0 -0.0332309 -0.024791 -0.00808779
0 -0.0362265 -0.0285318 -0.0114953
0 -0.0392513 -0.0325982 -0.0154305
0 -0.0422628 -0.0369515 -0.0198663
0 -0.0452193 -0.0415473 -0.0247674
0 -0.0480812 -0.0463369 -0.0300916
0 -0.0508127 -0.0512699 -0.0357916
0 -0.0533831 -0.0562962 -0.041817
0 -0.0557664 -0.0613669 -0.0481152
0 -0.0579423 -0.0664356 -0.0546323
0 -0.0598954 -0.0714603 -0.0613142
0 -0.061615 -0.0764027 -0.0681083
0 -0.0630944 -0.081228 -0.0749639
0 -0.0643305 -0.0859048 -0.0818318
0 -0.0653225 -0.0904059 -0.0886625
0 -0.0660712 -0.0947081 -0.0954062
0 -0.066579 -0.0987917 -0.102011
0 -0.0668492 -0.102642 -0.108423
0 -0.0668883 -0.10625 -0.114592
0 -0.0667081 -0.109615 -0.120473
0 -0.0663257 -0.112743 -0.126025
0 -0.0657603 -0.11564 -0.13121
0 -0.0650317 -0.118312 -0.135993
0 -0.0641588 -0.120765 -0.140342
0 -0.063161 -0.122999 -0.14423
0 -0.0620584 -0.125019 -0.147638
0 -0.0608746 -0.126825 -0.150553
0 -0.0596372 -0.12842 -0.15297
0 -0.0583752 -0.129808 -0.15489
0 -0.0571161 -0.130987 -0.156315
0 -0.0558846 -0.131955 -0.157253
0 -0.0547017 -0.13271 -0.157712
0 -0.0535861 -0.133246 -0.157706
0 -0.0525544 -0.133557 -0.157253
0 -0.05162 -0.133634 -0.156374
0 -0.0507929 -0.133467 -0.155089
0 -0.0500803 -0.133041 -0.153424
0 -0.0494896 -0.132343 -0.151403
0 -0.0490287 -0.131368 -0.14906
0 -0.048705 -0.130119 -0.146428
0 -0.0485218 -0.128608 -0.143546
0 -0.0484756 -0.126853 -0.140447
0 -0.0485555 -0.124876 -0.137163
0 -0.0487451 -0.122701 -0.133724
0 -0.0490245 -0.120354 -0.130158
0 -0.0493722 -0.117867 -0.126493
0 -0.0497654 -0.115272 -0.122754
0 -0.0501802 -0.1126 -0.118966
0 -0.0505928 -0.109882 -0.115153
0 -0.05098 -0.107147 -0.111336
0 -0.0513205 -0.10442 -0.107533
0 -0.0515935 -0.101723 -0.103762
0 -0.051779 -0.0990718 -0.100035
0 -0.0518564 -0.096474 -0.0963585
0 -0.0518033 -0.0939302 -0.0927357
0 -0.0515964 -0.0914331 -0.0891641
0 -0.0512121 -0.0889686 -0.0856371
0 -0.0506276 -0.0865168 -0.0821448
0 -0.0498213 -0.0840527 -0.0786749
0 -0.0487741 -0.0815475 -0.0752128
0 -0.0474708 -0.0789699 -0.0717422
0 -0.0459025 -0.0762903 -0.0682478
0 -0.0440686 -0.073483 -0.0647175
0 -0.0419763 -0.0705279 -0.0611431
0 -0.0396384 -0.0674091 -0.0575186
0 -0.0370713 -0.0641151 -0.0538401
0 -0.0342949 -0.0606401 -0.0501065
0 -0.0313331 -0.0569854 -0.0463205
0 -0.0282134 -0.0531604 -0.0424894
0 -0.0249656 -0.049182 -0.0386234
0 -0.0216219 -0.0450743 -0.0347359
0 -0.0182182 -0.0408695 -0.0308451
0 -0.0147948 -0.0366087 -0.0269745
0 -0.0113969 -0.0323406 -0.0231531
0 -0.00807263 -0.0281197 -0.0194141
0 -0.00487145 -0.024004 -0.0157933
0 -0.0018432 -0.0200528 -0.0123281
0 0.000962731 -0.0163256 -0.00905727
0 0.00349812 -0.0128807 -0.00601986
0 0.00571634 -0.00977439 -0.0032553
0 0.00757289 -0.0070603 -0.000802702
0 0.00902744 -0.0047869 0.00130097
0 0.0100475 -0.00299383 0.00302435
0 0.0106112 -0.00170902 0.00434421
0 0.0107071 -0.000948799 0.00524528
0 0.0103352 -0.000719916 0.00571849
0 0.00950977 -0.0010212 0.00575984
0 0.00825911 -0.00184393 0.0053704
0 0.00662338 -0.00317184 0.00455633
0 0.00465261 -0.00498183 0.0033283
0 0.00240407 -0.00724507 0.00170039
0 -6.15083e-05 -0.0099286 -0.000311952
0 -0.00268472 -0.0129977 -0.00269484
0 -0.00541178 -0.0164182 -0.00543816
0 -0.00819656 -0.0201571 -0.00853531
0 -0.0110006 -0.0241807 -0.0119817
0 -0.0137925 -0.0284555 -0.0157735
0 -0.016548 -0.0329477 -0.0199073
0 -0.0192484 -0.0376226 -0.0243777
0 -0.021878 -0.042444 -0.0291751
0 -0.0244239 -0.0473747 -0.0342857
0 -0.0268762 -0.0523786 -0.039692
0 -0.0292283 -0.0574223 -0.0453737
0 -0.0314757 -0.0624748 -0.0513075
0 -0.0336149 -0.0675068 -0.0574674
0 -0.0356421 -0.0724908 -0.0638235
0 -0.0375535 -0.0774009 -0.0703418
0 -0.0393444 -0.0822131 -0.0769833
0 -0.0410086 -0.0869043 -0.0837038
0 -0.0425375 -0.0914519 -0.0904531
0 -0.0439209 -0.0958345 -0.0971758
0 -0.0451486 -0.100033 -0.103814
0 -0.0462112 -0.104033 -0.11031
0 -0.0471018 -0.107824 -0.116607
0 -0.0478169 -0.111401 -0.122653
0 -0.0483573 -0.114765 -0.128399
0 -0.0487263 -0.117922 -0.133802
0 -0.0489278 -0.120876 -0.138822
0 -0.0489651 -0.123631 -0.143422
0 -0.0488446 -0.126188 -0.147574
0 -0.0485796 -0.12855 -0.151259
0 -0.0481886 -0.130718 -0.154466
0 -0.0476917 -0.132697 -0.157194
0 -0.0471079 -0.134485 -0.159441
0 -0.0464554 -0.136081 -0.161211
0 -0.0457533 -0.137483 -0.16251
0 -0.0450209 -0.13869 -0.163351
0 -0.0442778 -0.139696 -0.16375
0 -0.0435436 -0.140498 -0.163731
0 -0.0428372 -0.141088 -0.163318
0 -0.0421749 -0.141458 -0.162539
0 -0.041568 -0.141597 -0.16142
0 -0.0410225 -0.141487 -0.159985
0 -0.0405387 -0.141108 -0.158252
0 -0.0401134 -0.140439 -0.156239
0 -0.0397399 -0.139465 -0.153961
0 -0.0394076 -0.138173 -0.151434
0 -0.0391011 -0.136558 -0.14867
0 -0.0387999 -0.134622 -0.145677
0 -0.0384801 -0.132368 -0.142462
0 -0.0381165 -0.129807 -0.139029
0 -0.0376847 -0.126953 -0.135383
0 -0.0371628 -0.123824 -0.13153
0 -0.0365329 -0.120444 -0.127477
0 -0.0357817 -0.116838 -0.123234
0 -0.0349019 -0.113037 -0.118814
0 -0.0338931 -0.109072 -0.114235
0 -0.0327619 -0.104981 -0.109519
0 -0.0315216 -0.100802 -0.104692
0 -0.0301909 -0.0965738 -0.0997831
0 -0.0287929 -0.0923366 -0.0948238
0 -0.027355 -0.0881306 -0.0898486
0 -0.0259091 -0.0839972 -0.0848953
0 -0.02449 -0.0799784 -0.0800052
0 -0.0231338 -0.0761158 -0.075221
0 -0.0218759 -0.0724487 -0.0705856
0 -0.0207498 -0.0690136 -0.0661415
0 -0.0197874 -0.0658447 -0.0619316
0 -0.0190186 -0.0629738 -0.0579989
0 -0.01847 -0.0604296 -0.054386
0 -0.0181644 -0.0582371 -0.0511331
0 -0.0181195 -0.0564169 -0.0482767
0 -0.0183463 -0.0549851 -0.0458482
0 -0.0188475 -0.0539528 -0.0438742
0 -0.0196177 -0.0533265 -0.0423753
0 -0.0206432 -0.053108 -0.0413664
0 -0.0219025 -0.0532939 -0.0408557
0 -0.023366 -0.0538756 -0.0408442
0 -0.0249978 -0.0548393 -0.0413264
0 -0.0267573 -0.0561673 -0.042291
0 -0.0286011 -0.0578391 -0.0437219
0 -0.0304838 -0.0598302 -0.0455978
0 -0.0323575 -0.062111 -0.0478909
0 -0.034173 -0.0646452 -0.0505668
0 -0.0358826 -0.0673894 -0.0535847
0 -0.0374413 -0.0702955 -0.0568995
0 -0.0388077 -0.0733105 -0.0604618
0 -0.0399439 -0.0763779 -0.0642182
0 -0.0408154 -0.079438 -0.068112
0 -0.0413928 -0.0824301 -0.0720845
0 -0.0416526 -0.0852941 -0.0760766
0 -0.0415779 -0.0879719 -0.0800292
0 -0.0411587 -0.090408 -0.0838855
0 -0.0403933 -0.0925512 -0.0875908
0 -0.0392891 -0.0943561 -0.0910928
0 -0.0378625 -0.0957846 -0.0943425
0 -0.0361389 -0.0968078 -0.097294
0 -0.0341513 -0.0974063 -0.0999055
0 -0.0319375 -0.0975701 -0.102138
0 -0.0295383 -0.097299 -0.103958
0 -0.0269973 -0.0966022 -0.105336
0 -0.0243602 -0.095498 -0.106248
0 -0.0216726 -0.0940119 -0.106679
0 -0.0189782 -0.0921743 -0.106616
0 -0.0163186 -0.0900188 -0.106052
0 -0.0137331 -0.0875821 -0.104988
0 -0.0112601 -0.0849046 -0.103431
0 -0.00893774 -0.0820319 -0.101398
0 -0.00680402 -0.0790151 -0.0989158
0 -0.00489511 -0.0759084 -0.0960187
0 -0.00324332 -0.0727662 -0.0927459
0 -0.00187526 -0.0696394 -0.0891396
0 -0.00081111 -0.0665737 -0.0852447
0 -6.52133e-05 -0.0636099 -0.0811088
0 0.000353506 -0.0607845 -0.0767832
0 0.000441511 -0.0581303 -0.0723226
0 0.000201256 -0.0556753 -0.0677841
0 -0.000356844 -0.0534422 -0.063225
0 -0.00121291 -0.0514468 -0.0586998
0 -0.00233848 -0.0496971 -0.0542573
0 -0.00369902 -0.0481953 -0.049941
0 -0.00525718 -0.0469402 -0.0457925
0 -0.00697491 -0.0459292 -0.0418537
0 -0.0088138 -0.0451562 -0.0381673
0 -0.0107362 -0.0446115 -0.0347763
0 -0.0127069 -0.0442836 -0.0317213
0 -0.0146934 -0.0441601 -0.0290392
0 -0.016665 -0.0442262 -0.0267629
0 -0.018592 -0.0444651 -0.0249211
0 -0.0204456 -0.0448585 -0.0235358
0 -0.0221985 -0.04539 -0.0226202
0 -0.023826 -0.0460464 -0.0221793
0 -0.025307 -0.046818 -0.0222124
0 -0.0266244 -0.0476982 -0.0227154
0 -0.0277646 -0.0486827 -0.023682
0 -0.0287173 -0.0497687 -0.0251022
0 -0.0294757 -0.0509557 -0.02696
0 -0.0300371 -0.0522446 -0.029234
0 -0.030404 -0.053637 -0.0318992
0 -0.0305842 -0.055135 -0.034927
0 -0.0305904 -0.0567404 -0.0382859
0 -0.0304404 -0.0584539 -0.0419422
0 -0.0301563 -0.0602745 -0.0458601
0 -0.0297635 -0.0621991 -0.0500018
0 -0.0292899 -0.0642223 -0.0543283
0 -0.0287637 -0.0663362 -0.0587991
0 -0.02821 -0.0685288 -0.0633732
0 -0.0276502 -0.0707851 -0.0680102
0 -0.0271031 -0.0730882 -0.0726706
0 -0.0265875 -0.0754226 -0.0773153
0 -0.0261234 -0.0777763 -0.0819064
0 -0.0257298 -0.0801398 -0.0864075
0 -0.025423 -0.0825042 -0.0907835
0 -0.0252139 -0.084859 -0.0950004
0 -0.0251074 -0.087192 -0.0990241
0 -0.0251015 -0.0894872 -0.10282
0 -0.0251879 -0.0917256 -0.106354
0 -0.0253533 -0.0938861 -0.10959
0 -0.0255812 -0.0959461 -0.112499
0 -0.0258529 -0.0978825 -0.11505
0 -0.0261491 -0.0996719 -0.11722
0 -0.0264507 -0.101291 -0.118988
0 -0.02674 -0.102718 -0.120341
0 -0.0270008 -0.103931 -0.121269
0 -0.0272187 -0.104909 -0.121769
0 -0.0273822 -0.105632 -0.121843
0 -0.0274835 -0.106084 -0.1215
0 -0.027517 -0.106248 -0.12075
0 -0.0274766 -0.10611 -0.119606
0 -0.0273532 -0.105651 -0.118078
0 -0.0271363 -0.104857 -0.116177
0 -0.026817 -0.103715 -0.113914
0 -0.0263904 -0.102222 -0.111307
0 -0.0258578 -0.100386 -0.108377
0 -0.0252246 -0.0982186 -0.105151
0 -0.0244979 -0.0957408 -0.101657
0 -0.023684 -0.092974 -0.0979196
0 -0.0227868 -0.0899406 -0.093963
0 -0.0218087 -0.0866639 -0.0898077
0 -0.0207528 -0.0831691 -0.0854742
0 -0.0196253 -0.0794854 -0.0809846
0 -0.0184367 -0.0756453 -0.0763627
0 -0.0172002 -0.0716837 -0.0716329
0 -0.0159294 -0.0676348 -0.0668189
0 -0.0146358 -0.06353 -0.0619417
0 -0.0133289 -0.0593971 -0.0570199
0 -0.0120166 -0.0552606 -0.0520707
0 -0.0107071 -0.0511437 -0.0471124
0 -0.00941004 -0.047069 -0.042166
0 -0.00813783 -0.0430602 -0.0372568
0 -0.00690587 -0.0391419 -0.0324139
0 -0.00573093 -0.0353382 -0.0276677
0 -0.00462869 -0.0316708 -0.0230477
0 -0.0036116 -0.0281567 -0.0185805
0 -0.00268786 -0.0248076 -0.0142888
0 -0.00186212 -0.0216308 -0.0101914
0 -0.00113734 -0.0186315 -0.00630521
0 -0.000516204 -0.0158139 -0.0026463
0 -1.62295e-06 -0.0131827 0.00076983
0 0.000403633 -0.0107421 0.00392858
0 0.000697722 -0.00849569 0.00681724
0 0.000880657 -0.00644559 0.009426
0 0.0009547 -0.00459209 0.0117484
0 0.000924092 -0.00293429 0.0137809
0 0.000794711 -0.00147102 0.0155221
0 0.000573603 -0.000201673 0.0169718
0 0.000268222 0.00087313 0.0181307
0 -0.000114055 0.00175125 0.019
0 -0.000565644 0.00242941 0.0195815
0 -0.00107809 0.00290408 0.0198789
0 -0.00164123 0.00317245 0.0198981
0 -0.00224232 0.00323372 0.0196484
0 -0.00286589 0.00308943 0.0191424
0 -0.00349573 0.002742 0.0183942
0 -0.00411815 0.00219177 0.0174161
0 -0.00472426 0.00143567 0.0162166
0 -0.00530963 0.000469424 0.0148012
0 -0.00587229 -0.000708389 0.0131755
0 -0.00641079 -0.00209385 0.0113468
0 -0.00692434 -0.00367805 0.00932415
0 -0.00741422 -0.00544887 0.0071169
0 -0.00788463 -0.00739242 0.00473342
0 -0.00834252 -0.00949356 0.00218122
0 -0.00879767 -0.011737 -0.000533417
0 -0.00926347 -0.014109 -0.00340646
0 -0.00975659 -0.0165984 -0.00643621
0 -0.0102947 -0.0191951 -0.00962148
0 -0.010894 -0.021889 -0.0129595
0 -0.0115679 -0.0246696 -0.0164452
0 -0.0123273 -0.0275267 -0.0200718
0 -0.0131798 -0.030451 -0.0238315
0 -0.0141287 -0.0334327 -0.0277139
0 -0.0151725 -0.0364612 -0.0317052
0 -0.0163061 -0.0395255 -0.0357887
0 -0.0175224 -0.0426162 -0.039947
0 -0.0188141 -0.0457258 -0.0441632
0 -0.0201753 -0.0488501 -0.0484219
0 -0.0216015 -0.0519885 -0.0527094
0 -0.0230892 -0.0551424 -0.057012
0 -0.0246341 -0.0583141 -0.0613149
0 -0.0262303 -0.0615046 -0.0656022
0 -0.0278687 -0.0647118 -0.0698552
0 -0.0295361 -0.0679287 -0.0740526
0 -0.0312162 -0.0711447 -0.0781706
0 -0.0328929 -0.0743476 -0.0821867
0 -0.034551 -0.0775253 -0.0860801
0 -0.0361776 -0.0806659 -0.0898333
0 -0.0377604 -0.0837573 -0.0934308
0 -0.0392883 -0.0867863 -0.0968588
0 -0.0407504 -0.0897392 -0.100106
0 -0.042137 -0.0926016 -0.103161
0 -0.0434392 -0.0953591 -0.106017
0 -0.0446488 -0.0979972 -0.108668
0 -0.0457585 -0.100501 -0.111108
0 -0.0467623 -0.102857 -0.113336
0 -0.0476563 -0.105053 -0.115352
0 -0.0484381 -0.107078 -0.117158
0 -0.049106 -0.108922 -0.118757
0 -0.0496582 -0.110575 -0.120152
0 -0.050092 -0.112027 -0.121345
0 -0.0504041 -0.113268 -0.122337
0 -0.0505912 -0.114286 -0.123129
0 -0.0506521 -0.115076 -0.123721
0 -0.0505885 -0.115634 -0.124118
0 -0.0504059 -0.115957 -0.124324
0 -0.0501123 -0.116047 -0.124344
0 -0.0497172 -0.115907 -0.124181
0 -0.0492311 -0.115538 -0.123839
0 -0.0486652 -0.114945 -0.123321
0 -0.0480304 -0.114131 -0.122627
0 -0.0473366 -0.113103 -0.121756
0 -0.0465932 -0.111869 -0.120707
0 -0.0458089 -0.11044 -0.119478
0 -0.0449914 -0.108827 -0.118067
0 -0.0441464 -0.107045 -0.116471
0 -0.0432787 -0.105108 -0.114687
0 -0.0423928 -0.103032 -0.112716
0 -0.0414936 -0.100836 -0.110556
0 -0.0405882 -0.0985405 -0.108215
0 -0.0396854 -0.0961697 -0.1057
0 -0.0387943 -0.093748 -0.103025
0 -0.0379223 -0.0912975 -0.100203
0 -0.0370742 -0.0888375 -0.0972467
0 -0.0362532 -0.0863847 -0.0941711
0 -0.0354614 -0.0839535 -0.090992
0 -0.0346992 -0.0815557 -0.0877261
0 -0.0339666 -0.0792003 -0.0843912
0 -0.033263 -0.0768939 -0.081006
0 -0.0325886 -0.0746417 -0.0775901
0 -0.0319436 -0.0724481 -0.074164
0 -0.0313291 -0.0703168 -0.0707481
0 -0.0307457 -0.0682509 -0.0673629
0 -0.0301936 -0.066253 -0.0640281
0 -0.029673 -0.0643248 -0.0607635
0 -0.0291843 -0.0624675 -0.0575903
0 -0.0287285 -0.0606821 -0.0545302
0 -0.0283058 -0.0589696 -0.0516047
0 -0.0279161 -0.0573302 -0.0488346
0 -0.0275579 -0.055764 -0.0462379
0 -0.0272292 -0.0542705 -0.0438303
0 -0.0269263 -0.0528488 -0.0416235
0 -0.0266443 -0.0514975 -0.0396256
0 -0.026377 -0.0502143 -0.0378407
0 -0.0261175 -0.0489973 -0.0362697
0 -0.025859 -0.0478451 -0.0349107
0 -0.025595 -0.0467571 -0.0337593
0 -0.0253204 -0.0457346 -0.0328098
0 -0.0250332 -0.0447819 -0.0320567
0 -0.0247338 -0.0439062 -0.0314945
0 -0.0244237 -0.0431152 -0.0311164
0 -0.0241033 -0.0424157 -0.0309129
0 -0.0237719 -0.0418124 -0.0308712
0 -0.0234276 -0.0413084 -0.0309764
0 -0.0230684 -0.0409053 -0.0312119
0 -0.0226929 -0.0406041 -0.0315613
0 -0.0223014 -0.0404046 -0.0320082
0 -0.0218949 -0.0403052 -0.0325372
0 -0.0214761 -0.0403024 -0.0331333
0 -0.0210491 -0.0403919 -0.0337834
0 -0.0206207 -0.0405692 -0.0344768
0 -0.0201995 -0.0408299 -0.035205
0 -0.0197954 -0.0411689 -0.0359613
0 -0.019419 -0.0415804 -0.0367404
0 -0.0190807 -0.0420579 -0.0375375
0 -0.018791 -0.0425945 -0.0383493
0 -0.01856 -0.0431833 -0.0391735
0 -0.0183962 -0.0438165 -0.040008
0 -0.018305 -0.0444848 -0.0408493
0 -0.0182889 -0.0451771 -0.0416922
0 -0.0183477 -0.045882 -0.0425308
0 -0.0184804 -0.0465896 -0.0433596
0 -0.0186845 -0.0472914 -0.0441742
0 -0.0189566 -0.0479808 -0.0449705
0 -0.0192922 -0.0486535 -0.0457458
0 -0.0196876 -0.049308 -0.0464994
0 -0.0201393 -0.049946 -0.0472323
0 -0.0206432 -0.0505707 -0.0479466
0 -0.0211937 -0.0511862 -0.0486441
0 -0.021784 -0.0517965 -0.0493265
0 -0.0224058 -0.0524057 -0.0499949
0 -0.0230508 -0.0530186 -0.0506512
0 -0.0237104 -0.0536399 -0.0512975
0 -0.0243771 -0.054275 -0.0519369
0 -0.0250438 -0.0549293 -0.0525735
0 -0.0257048 -0.0556081 -0.0532122
0 -0.0263555 -0.0563165 -0.0538587
0 -0.0269918 -0.0570587 -0.054519
0 -0.02761 -0.0578372 -0.0551986
0 -0.0282061 -0.0586522 -0.0559018
0 -0.0287757 -0.0595019 -0.056632
0 -0.0293152 -0.0603828 -0.0573919
0 -0.029822 -0.061291 -0.0581846
0 -0.0302949 -0.0622222 -0.0590134
0 -0.0307336 -0.0631713 -0.0598814
0 -0.0311378 -0.0641325 -0.0607906
0 -0.0315074 -0.0650989 -0.061742
0 -0.0318425 -0.0660636 -0.0627354
0 -0.0321437 -0.0670194 -0.0637701
0 -0.0324123 -0.0679595 -0.0648444
0 -0.0326498 -0.0688773 -0.0659558
0 -0.032858 -0.0697664 -0.0671004
0 -0.0330383 -0.0706208 -0.0682731
0 -0.0331913 -0.0714338 -0.0694666
0 -0.0333155 -0.0721979 -0.0706708
0 -0.0334089 -0.0729052 -0.0718738
0 -0.0334713 -0.0735507 -0.0730652
0 -0.0335074 -0.0741348 -0.0742379
0 -0.0335249 -0.0746618 -0.0753875
0 -0.0335317 -0.0751373 -0.0765093
0 -0.0335335 -0.0755654 -0.0775959
0 -0.0335332 -0.0759489 -0.0786371
0 -0.0335325 -0.0762899 -0.0796216
0 -0.0335325 -0.0765908 -0.0805383
0 -0.0335342 -0.0768545 -0.0813767
0 -0.0335381 -0.0770833 -0.0821272
0 -0.0335441 -0.0772792 -0.0827805
0 -0.0335522 -0.0774441 -0.0833294
0 -0.0335631 -0.0775803 -0.0837685
0 -0.0335787 -0.0776907 -0.0840955
0 -0.0336009 -0.0777785 -0.08431
0 -0.0336316 -0.0778459 -0.0844132
0 -0.033672 -0.0778942 -0.0844073
0 -0.0337228 -0.0779239 -0.0842963
0 -0.0337845 -0.0779354 -0.0840855
0 -0.0338574 -0.0779282 -0.0837814
0 -0.0339412 -0.0779016 -0.0833918
0 -0.0340346 -0.0778541 -0.0829249
0 -0.0341353 -0.077783 -0.0823887
0 -0.0342395 -0.0776847 -0.0817908
0 -0.0343425 -0.077555 -0.0811389
0 -0.0344401 -0.0773905 -0.080441
0 -0.0345287 -0.0771892 -0.079706
0 -0.034607 -0.0769518 -0.078945
0 -0.0346756 -0.0766814 -0.0781701
0 -0.0347359 -0.0763826 -0.077394
0 -0.034789 -0.0760605 -0.0766282
0 -0.0348353 -0.0757199 -0.0758828
0 -0.0348741 -0.075365 -0.0751661
0 -0.0349033 -0.0749992 -0.074484
0 -0.0349201 -0.0746249 -0.0738406
0 -0.0349208 -0.074244 -0.0732382
0 -0.0349009 -0.0738575 -0.0726774
0 -0.0348551 -0.0734652 -0.0721566
0 -0.0347766 -0.0730648 -0.0716714
0 -0.0346566 -0.0726511 -0.0712141
0 -0.0344852 -0.0722171 -0.0707744
0 -0.0342561 -0.0717575 -0.0703438
0 -0.0339687 -0.0712719 -0.069918
0 -0.0336277 -0.0707633 -0.0694965
0 -0.0332397 -0.0702358 -0.0690793
0 -0.0328113 -0.0696921 -0.0686655
0 -0.0323494 -0.0691342 -0.0682532
0 -0.0318615 -0.0685645 -0.0678409
0 -0.0313557 -0.067985 -0.0674268
0 -0.0308388 -0.0673966 -0.0670079
0 -0.0303154 -0.066798 -0.0665789
0 -0.0297884 -0.0661864 -0.0661333
0 -0.0292607 -0.0655596 -0.0656646
0 -0.0287365 -0.0649169 -0.0651683
0 -0.0282213 -0.0642595 -0.0646414
0 -0.0277212 -0.0635893 -0.064082
0 -0.0272415 -0.0629085 -0.0634884
0 -0.0267865 -0.0622187 -0.0628588
0 -0.0263599 -0.0615224 -0.0621922
0 -0.0259657 -0.0608225 -0.0614885
0 -0.0256078 -0.0601234 -0.0607493
0 -0.02529 -0.0594299 -0.0599773
0 -0.0250151 -0.058747 -0.0591755
0 -0.0247849 -0.0580794 -0.0583476
0 -0.0246005 -0.0574318 -0.0574976
0 -0.0244622 -0.0568089 -0.0566304
0 -0.0243698 -0.0562158 -0.0557515
0 -0.0243222 -0.0556571 -0.0548673
0 -0.0243179 -0.0551373 -0.0539842
0 -0.0243545 -0.0546606 -0.0531093
0 -0.024429 -0.0542308 -0.05225
0 -0.0245381 -0.0538512 -0.051414
0 -0.024678 -0.0535246 -0.0506098
0 -0.0248449 -0.0532533 -0.0498458
0 -0.0250347 -0.0530393 -0.0491311
0 -0.0252434 -0.0528837 -0.0484744
0 -0.0254663 -0.0527865 -0.047884
0 -0.0256975 -0.052746 -0.0473668
0 -0.0259304 -0.0527589 -0.0469283
0 -0.0261583 -0.0528209 -0.0465737
0 -0.0263753 -0.0529279 -0.0463073
0 -0.0265754 -0.0530749 -0.0461322
0 -0.0267528 -0.0532559 -0.04605
0 -0.0269025 -0.0534653 -0.046061
0 -0.0270217 -0.0536985 -0.0461657
0 -0.0271106 -0.0539529 -0.0463657
0 -0.0271715 -0.0542277 -0.0466623
0 -0.027208 -0.0545224 -0.047056
0 -0.0272234 -0.0548363 -0.0475453
0 -0.0272209 -0.0551679 -0.0481268
0 -0.0272029 -0.0555152 -0.0487945
0 -0.0271718 -0.0558758 -0.0495411
0 -0.02713 -0.056248 -0.0503587
0 -0.0270815 -0.0566313 -0.0512396
0 -0.0270315 -0.0570271 -0.0521769
0 -0.0269858 -0.0574373 -0.0531636
0 -0.0269496 -0.0578638 -0.0541919
0 -0.0269263 -0.0583069 -0.0552526
0 -0.026918 -0.0587659 -0.056335
0 -0.026926 -0.0592395 -0.0574287
0 -0.0269526 -0.0597279 -0.058525
0 -0.0270022 -0.0602337 -0.0596181
0 -0.0270803 -0.060761 -0.0607038
0 -0.0271917 -0.0613139 -0.0617781
0 -0.0273392 -0.0618947 -0.0628363
0 -0.0275229 -0.0625035 -0.0638717
0 -0.0277404 -0.0631381 -0.0648771
0 -0.0279883 -0.0637951 -0.0658451
0 -0.028263 -0.064471 -0.0667696
0 -0.028561 -0.0651618 -0.0676458
0 -0.0288784 -0.0658628 -0.0684696
0 -0.0292109 -0.0665691 -0.0692379
0 -0.0295542 -0.0672747 -0.0699485
0 -0.0299035 -0.0679738 -0.0706002
0 -0.030255 -0.0686606 -0.0711933
0 -0.0306059 -0.0693306 -0.0717303
0 -0.0309556 -0.0699814 -0.0722164
0 -0.0313046 -0.0706116 -0.0726584
0 -0.0316527 -0.0712195 -0.0730629
0 -0.0319975 -0.0718013 -0.0734342
0 -0.0323342 -0.0723513 -0.0737746
0 -0.0326566 -0.0728628 -0.0740845
0 -0.0329585 -0.0733295 -0.0743641
0 -0.0332354 -0.0737468 -0.0746147
0 -0.033485 -0.074113 -0.0748392
0 -0.0337079 -0.0744292 -0.0750428
0 -0.0339062 -0.0746985 -0.0752313
0 -0.0340823 -0.0749248 -0.0754105
0 -0.0342383 -0.0751118 -0.0755847
0 -0.0343758 -0.0752633 -0.0757576
0 -0.0344951 -0.0753823 -0.0759305
0 -0.0345942 -0.0754695 -0.0761021
0 -0.0346693 -0.0755241 -0.0762685
0 -0.034717 -0.0755458 -0.0764256
0 -0.0347361 -0.075536 -0.0765705
0 -0.0347271 -0.0754979 -0.0767017
0 -0.0346907 -0.0754344 -0.0768172
0 -0.0346268 -0.0753468 -0.0769135
0 -0.034534 -0.075235 -0.0769853
0 -0.0344108 -0.0750977 -0.0770265
0 -0.0342573 -0.0749349 -0.0770326
0 -0.0340775 -0.0747492 -0.077002
0 -0.0338783 -0.074546 -0.0769366
0 -0.0336672 -0.0743305 -0.0768385
0 -0.0334496 -0.0741053 -0.0767078
0 -0.0332277 -0.07387 -0.0765424
0 -0.033003 -0.0736226 -0.076339
0 -0.0327768 -0.0733615 -0.0760955
0 -0.0325512 -0.0730855 -0.0758104
0 -0.0323274 -0.0727928 -0.0754825
0 -0.0321054 -0.0724804 -0.0751096
0 -0.0318833 -0.0721438 -0.0746886
0 -0.0316584 -0.0717779 -0.0742157
0 -0.0314278 -0.0713776 -0.0736877
0 -0.0311893 -0.070939 -0.0731025
0 -0.030943 -0.0704608 -0.0724606
0 -0.0306916 -0.0699447 -0.0717658
0 -0.0304394 -0.0693943 -0.0710235
0 -0.0301903 -0.0688139 -0.0702396
0 -0.0299471 -0.0682074 -0.0694193
0 -0.0297116 -0.0675779 -0.068567
0 -0.0294841 -0.066928 -0.0676863
0 -0.0292644 -0.0662605 -0.0667804
0 -0.0290518 -0.0655779 -0.0658524
0 -0.0288459 -0.0648834 -0.064906
0 -0.0286474 -0.0641817 -0.063946
0 -0.0284589 -0.0634797 -0.0629798
0 -0.0282852 -0.0627866 -0.0620168
0 -0.0281315 -0.0621122 -0.061067
0 -0.0280028 -0.0614663 -0.0601407
0 -0.0279025 -0.0608576 -0.059247
0 -0.0278321 -0.060293 -0.0583934
0 -0.0277912 -0.0597774 -0.0575861
0 -0.027778 -0.0593149 -0.0568301
0 -0.0277906 -0.0589089 -0.0561309
0 -0.0278265 -0.0585623 -0.0554931
0 -0.0278818 -0.058276 -0.0549203
0 -0.0279517 -0.0580492 -0.0544147
0 -0.0280308 -0.0578802 -0.0539779
0 -0.0281151 -0.0577677 -0.0536121
0 -0.0282026 -0.0577115 -0.0533213
0 -0.0282928 -0.0577122 -0.0531101
0 -0.0283856 -0.0577699 -0.0529828
0 -0.0284803 -0.0578832 -0.0529422
0 -0.0285754 -0.0580495 -0.0529895
0 -0.0286691 -0.058265 -0.0531249
0 -0.0287594 -0.0585253 -0.0533469
0 -0.0288428 -0.0588234 -0.0536516
0 -0.0289128 -0.0591494 -0.054031
0 -0.0289618 -0.0594913 -0.0544746
0 -0.0289829 -0.0598377 -0.0549714
0 -0.0289729 -0.0601798 -0.0555125
0 -0.0289321 -0.0605124 -0.0560914
0 -0.0288633 -0.0608322 -0.0567028
0 -0.0287705 -0.0611371 -0.0573413
0 -0.0286578 -0.0614253 -0.0580011
0 -0.0285295 -0.0616955 -0.0586759
0 -0.0283891 -0.0619459 -0.0593583
0 -0.0282392 -0.0621739 -0.0600394
0 -0.0280818 -0.0623766 -0.0607098
0 -0.0279188 -0.0625515 -0.0613604
0 -0.0277525 -0.0626965 -0.0619822
0 -0.0275847 -0.06281 -0.0625664
0 -0.0274177 -0.0628909 -0.0631043
0 -0.0272534 -0.0629389 -0.0635879
0 -0.0270939 -0.0629542 -0.0640094
0 -0.0269417 -0.0629382 -0.0643626
0 -0.0268003 -0.0628936 -0.0646429
0 -0.0266743 -0.0628249 -0.0648483
0 -0.0265685 -0.0627372 -0.0649782
0 -0.0264869 -0.0626354 -0.065033
0 -0.0264325 -0.0625239 -0.0650135
0 -0.0264076 -0.0624066 -0.0649216
0 -0.0264131 -0.0622868 -0.0647596
0 -0.0264485 -0.0621667 -0.0645303
0 -0.0265126 -0.062048 -0.0642372
0 -0.0266046 -0.0619331 -0.0638861
0 -0.026725 -0.061826 -0.0634851
0 -0.0268748 -0.0617312 -0.0630446
0 -0.0270539 -0.0616526 -0.0625746
0 -0.0272592 -0.0615912 -0.0620836
0 -0.0274851 -0.0615455 -0.0615779
0 -0.0277251 -0.0615135 -0.0610633
0 -0.0279737 -0.0614938 -0.0605468
0 -0.028227 -0.0614872 -0.0600371
0 -0.0284821 -0.0614945 -0.0595433
0 -0.0287347 -0.0615155 -0.0590736
0 -0.0289795 -0.061548 -0.0586343
0 -0.0292107 -0.0615889 -0.058231
0 -0.0294228 -0.0616351 -0.0578687
0 -0.029611 -0.0616836 -0.057552
0 -0.0297703 -0.0617307 -0.0572841
0 -0.0298953 -0.0617718 -0.0570662
0 -0.0299809 -0.0618021 -0.0568981
0 -0.030023 -0.0618172 -0.0567789
0 -0.0300196 -0.0618143 -0.0567079
0 -0.0299709 -0.0617924 -0.0566849
0 -0.0298799 -0.0617524 -0.0567104
0 -0.0297508 -0.0616964 -0.0567842
0 -0.0295884 -0.0616266 -0.0569055
0 -0.0293978 -0.0615453 -0.0570719
0 -0.0291846 -0.0614554 -0.0572807
0 -0.0289545 -0.0613598 -0.0575281
0 -0.0287136 -0.0612618 -0.0578098
0 -0.0284674 -0.0611646 -0.0581208
0 -0.0282217 -0.0610711 -0.0584555
0 -0.0279819 -0.0609846 -0.0588086
0 -0.0277533 -0.0609079 -0.0591744
0 -0.0275407 -0.0608436 -0.0595475
0 -0.0273483 -0.0607941 -0.0599223
0 -0.0271795 -0.0607614 -0.0602931
0 -0.0270371 -0.0607474 -0.0606544
0 -0.0269227 -0.060753 -0.061
0 -0.0268355 -0.060777 -0.0613226
0 -0.0267725 -0.0608165 -0.0616137
0 -0.0267298 -0.0608673 -0.0618651
0 -0.0267047 -0.0609265 -0.0620705
0 -0.0266968 -0.0609932 -0.0622275
0 -0.0267078 -0.0610687 -0.0623368
0 -0.0267399 -0.0611541 -0.0624008
0 -0.0267929 -0.0612488 -0.0624208
0 -0.026864 -0.061349 -0.0623964
0 -0.0269481 -0.0614489 -0.0623264
0 -0.0270407 -0.061543 -0.0622105
0 -0.0271392 -0.0616282 -0.0620514
0 -0.0272431 -0.061703 -0.0618542
0 -0.0273521 -0.0617668 -0.0616248
0 -0.0274653 -0.0618183 -0.0613686
0 -0.0275814 -0.0618565 -0.061091
0 -0.0276988 -0.0618804 -0.0607973
0 -0.0278163 -0.0618894 -0.0604927
0 -0.0279323 -0.0618833 -0.0601826
0 -0.0280456 -0.0618623 -0.0598724
0 -0.0281558 -0.0618277 -0.0595681
0 -0.0282638 -0.0617826 -0.059277
0 -0.0283719 -0.0617318 -0.0590073
0 -0.0284827 -0.0616806 -0.0587672
0 -0.028598 -0.0616342 -0.0585637
0 -0.0287179 -0.0615964 -0.0584016
0 -0.0288394 -0.0615683 -0.0582824
0 -0.0289574 -0.0615488 -0.0582047
0 -0.0290658 -0.0615361 -0.0581654
0 -0.0291593 -0.0615286 -0.0581615
0 -0.0292338 -0.0615259 -0.0581903
0 -0.0292877 -0.0615291 -0.0582507
0 -0.0293223 -0.0615418 -0.0583438
0 -0.0293413 -0.0615692 -0.0584722
0 -0.0293497 -0.0616171 -0.0586388
0 -0.0293512 -0.0616896 -0.0588453
0 -0.029348 -0.0617882 -0.0590908
0 -0.0293394 -0.0619115 -0.0593713
0 -0.0293235 -0.0620559 -0.0596813
0 -0.0292987 -0.0622175 -0.060015
0 -0.0292641 -0.0623927 -0.0603671
0 -0.0292193 -0.0625778 -0.0607323
0 -0.029164 -0.0627684 -0.0611054
0 -0.0290981 -0.0629604 -0.0614808
0 -0.0290218 -0.0631492 -0.0618535
0 -0.0289365 -0.0633314 -0.062219
0 -0.0288456 -0.0635054 -0.0625752
0 -0.0287545 -0.0636718 -0.0629217
0 -0.0286697 -0.0638322 -0.0632596
0 -0.0285971 -0.0639886 -0.0635895
0 -0.0285412 -0.0641417 -0.0639113
0 -0.0285045 -0.0642912 -0.0642232
0 -0.0284874 -0.0644354 -0.064522
0 -0.0284892 -0.0645724 -0.0648039
0 -0.0285088 -0.0647004 -0.0650654
0 -0.0285453 -0.0648187 -0.0653038
0 -0.0285979 -0.0649275 -0.0655172
0 -0.0286666 -0.065028 -0.0657049
0 -0.0287506 -0.0651217 -0.0658665
0 -0.028849 -0.06521 -0.066002
0 -0.0289605 -0.0652942 -0.0661113
0 -0.029083 -0.0653755 -0.0661947
0 -0.0292139 -0.0654543 -0.0662521
0 -0.0293494 -0.0655301 -0.0662828
0 -0.0294852 -0.0656014 -0.0662859
0 -0.0296167 -0.0656666 -0.066261
0 -0.0297404 -0.0657244 -0.0662081
0 -0.0298533 -0.065774 -0.0661286
0 -0.0299532 -0.0658146 -0.0660242
0 -0.0300385 -0.0658456 -0.0658974
0 -0.0301077 -0.065866 -0.0657503
0 -0.0301596 -0.0658747 -0.0655855
0 -0.0301933 -0.0658705 -0.0654052
0 -0.0302085 -0.0658521 -0.0652119
0 -0.0302051 -0.0658184 -0.0650082
0 -0.0301833 -0.0657681 -0.0647961
0 -0.0301437 -0.0657 -0.064578
0 -0.0300869 -0.065613 -0.0643556
0 -0.0300139 -0.0655063 -0.0641307
0 -0.029926 -0.065379 -0.0639049
0 -0.0298244 -0.0652307 -0.0636792
0 -0.0297099 -0.0650606 -0.063454
0 -0.0295827 -0.0648677 -0.0632285
0 -0.0294422 -0.0646501 -0.0630007
0 -0.0292873 -0.0644061 -0.0627678
0 -0.0291172 -0.0641341 -0.0625268
0 -0.0289315 -0.0638336 -0.0622751
0 -0.0287314 -0.0635054 -0.0620108
0 -0.0285191 -0.0631517 -0.0617331
0 -0.0282979 -0.0627759 -0.0614421
0 -0.028071 -0.0623816 -0.0611374
0 -0.0278414 -0.0619719 -0.0608186
0 -0.0276111 -0.0615498 -0.0604844
0 -0.0273813 -0.0611169 -0.0601327
0 -0.0271517 -0.0606741 -0.0597603
0 -0.0269216 -0.0602217 -0.0593636
0 -0.0266903 -0.0597597 -0.0589394
0 -0.0264571 -0.0592887 -0.0584849
0 -0.0262222 -0.0588093 -0.0579982
0 -0.0259865 -0.0583233 -0.057479
0 -0.0257524 -0.0578336 -0.0569285
0 -0.0255229 -0.0573435 -0.056349
0 -0.0253009 -0.0568562 -0.0557436
0 -0.0250891 -0.0563748 -0.0551153
0 -0.02489 -0.0559018 -0.0544679
0 -0.0247059 -0.0554402 -0.0538055
0 -0.0245392 -0.0549926 -0.0531326
0 -0.0243913 -0.0545608 -0.0524537
0 -0.0242621 -0.0541455 -0.0517725
0 -0.0241504 -0.0537464 -0.0510918
0 -0.024055 -0.0533631 -0.0504149
0 -0.0239753 -0.0529963 -0.0497464
0 -0.0239125 -0.0526483 -0.0490928
0 -0.0238683 -0.0523222 -0.0484613
0 -0.0238432 -0.0520204 -0.0478584
0 -0.0238354 -0.051743 -0.0472882
0 -0.0238418 -0.051489 -0.0467536
0 -0.0238593 -0.0512574 -0.0462575
0 -0.0238855 -0.0510482 -0.0458032
0 -0.0239185 -0.0508621 -0.0453945
0 -0.0239564 -0.0506994 -0.0450346
0 -0.0239967 -0.0505602 -0.0447258
0 -0.0240361 -0.0504435 -0.044469
0 -0.024071 -0.0503475 -0.0442639
0 -0.0240989 -0.0502719 -0.0441108
0 -0.0241216 -0.0502196 -0.0440132
0 -0.0241463 -0.0501993 -0.0439795
0 -0.0241832 -0.050222 -0.0440201
0 -0.0242402 -0.050297 -0.044143
0 -0.0243207 -0.0504287 -0.0443512
0 -0.0244247 -0.0506182 -0.0446437
0 -0.0245504 -0.0508651 -0.0450178
0 -0.0246945 -0.0511669 -0.0454688
0 -0.0248523 -0.0515197 -0.0459903
0 -0.025019 -0.0519189 -0.0465752
0 -0.0251924 -0.0523624 -0.0472194
0 -0.0253758 -0.0528526 -0.047923
0 -0.025576 -0.0533955 -0.0486904
0 -0.0258005 -0.0539974 -0.0495261
0 -0.0260548 -0.0546623 -0.0504328
0 -0.0263414 -0.0553913 -0.0514104
0 -0.0266606 -0.0561835 -0.0524571
0 -0.0270122 -0.0570372 -0.0535706
0 -0.0273961 -0.0579508 -0.0547487
0 -0.0278109 -0.0589219 -0.0559885
0 -0.0282529 -0.0599453 -0.0572849
0 -0.0287157 -0.0610131 -0.0586299
0 -0.0291915 -0.0621161 -0.0600143
0 -0.0296729 -0.0632452 -0.0614291
0 -0.0301533 -0.064392 -0.0628663
0 -0.0306281 -0.0655497 -0.0643196
0 -0.0310952 -0.0667137 -0.0657849
0 -0.0315547 -0.0678811 -0.0672602
0 -0.0320076 -0.0690499 -0.0687441
0 -0.0324551 -0.0702175 -0.0702347
0 -0.0328978 -0.0713814 -0.0717298
0 -0.0333367 -0.0725389 -0.0732268
0 -0.0337717 -0.0736867 -0.074722
0 -0.0342013 -0.0748199 -0.0762095
0 -0.0346221 -0.0759321 -0.0776815
0 -0.0350305 -0.077017 -0.0791297
0 -0.0354237 -0.078069 -0.0805462
0 -0.0357998 -0.0790838 -0.0819239
0 -0.0361574 -0.0800576 -0.0832561
0 -0.0364951 -0.080987 -0.084536
0 -0.036812 -0.0818689 -0.0857575
0 -0.0371077 -0.082701 -0.086915
0 -0.0373817 -0.0834812 -0.0880032
0 -0.0376339 -0.0842076 -0.0890174
0 -0.0378634 -0.0848777 -0.0899523
0 -0.0380692 -0.0854891 -0.0908031
0 -0.0382501 -0.0860389 -0.0915649
0 -0.038405 -0.0865246 -0.0922336
0 -0.0385326 -0.0869436 -0.0928052
0 -0.0386321 -0.0872934 -0.0932766
0 -0.0387021 -0.0875715 -0.0936447
0 -0.0387419 -0.0877753 -0.0939071
0 -0.0387507 -0.087903 -0.0940624
0 -0.0387295 -0.0879539 -0.094111
0 -0.0386816 -0.0879299 -0.0940558
0 -0.0386118 -0.0878345 -0.0939017
0 -0.0385245 -0.0876711 -0.0936538
0 -0.0384222 -0.0874415 -0.0933157
0 -0.0383042 -0.0871454 -0.0928885
0 -0.0381682 -0.086781 -0.0923722
0 -0.0380125 -0.0863477 -0.0917677
0 -0.0378371 -0.0858474 -0.0910781
0 -0.0376436 -0.0852834 -0.0903083
0 -0.0374333 -0.0846599 -0.0894635
0 -0.0372073 -0.0839806 -0.0885486
0 -0.0369658 -0.0832494 -0.0875684
0 -0.0367092 -0.08247 -0.0865276
0 -0.0364374 -0.0816461 -0.0854309
0 -0.0361499 -0.0807815 -0.0842827
0 -0.0358463 -0.0798796 -0.0830876
0 -0.0355264 -0.0789442 -0.0818502
0 -0.0351897 -0.0779788 -0.0805748
0 -0.0348352 -0.0769858 -0.0792651
0 -0.0344608 -0.0759666 -0.0779231
0 -0.034063 -0.0749206 -0.0765495
0 -0.0336386 -0.073847 -0.0751442
0 -0.0331852 -0.0727449 -0.0737077
0 -0.0327023 -0.0716153 -0.0722418
0 -0.0321921 -0.0704606 -0.0707499
0 -0.0316582 -0.0692846 -0.0692368
0 -0.0311039 -0.0680902 -0.0677067
0 -0.0305308 -0.0668784 -0.0661617
0 -0.0299386 -0.0656481 -0.0646019
0 -0.0293271 -0.0643977 -0.063027
0 -0.0286975 -0.063127 -0.0614378
0 -0.0280541 -0.0618387 -0.0598379
0 -0.0274033 -0.0605378 -0.058233
0 -0.0267509 -0.059229 -0.0566284
0 -0.0261001 -0.0579149 -0.0550269
0 -0.0254515 -0.0565956 -0.0534287
0 -0.0248049 -0.0552709 -0.0518332
0 -0.0241608 -0.0539416 -0.0502408
0 -0.0235206 -0.05261 -0.048653
0 -0.0228876 -0.0512802 -0.047073
0 -0.0222655 -0.0499573 -0.0455047
0 -0.0216577 -0.0486466 -0.0439524
0 -0.0210673 -0.047353 -0.0424197
0 -0.0204963 -0.046081 -0.0409102
0 -0.0199461 -0.0448346 -0.0394272
0 -0.0194177 -0.0436178 -0.037974
0 -0.0189125 -0.0424345 -0.0365544
0 -0.0184319 -0.0412895 -0.0351729
0 -0.0179781 -0.0401876 -0.0338345
0 -0.0175529 -0.0391336 -0.0325443
0 -0.0171581 -0.0381319 -0.0313074
0 -0.016795 -0.0371869 -0.0301288
0 -0.0164652 -0.0363023 -0.0290135
0 -0.0161699 -0.0354821 -0.0279666
0 -0.0159101 -0.0347296 -0.0269929
0 -0.015687 -0.0340479 -0.0260973
0 -0.0155014 -0.03344 -0.0252844
0 -0.0153541 -0.0329086 -0.0245588
0 -0.0152458 -0.0324564 -0.0239249
0 -0.0151773 -0.0320855 -0.0233868
0 -0.0151488 -0.031798 -0.0229485
0 -0.0151605 -0.0315956 -0.0226132
0 -0.0152119 -0.0314797 -0.022384
0 -0.0153023 -0.0314515 -0.0222636
0 -0.0154307 -0.0315122 -0.0222542
0 -0.0155945 -0.0316615 -0.0223568
0 -0.0157899 -0.0318981 -0.0225704
0 -0.0160121 -0.0322189 -0.0228931
0 -0.0162562 -0.0326208 -0.0233222
0 -0.0165179 -0.0331002 -0.0238549
0 -0.0167938 -0.0336538 -0.0244888
0 -0.0170812 -0.0342781 -0.0252211
0 -0.0173778 -0.0349696 -0.0260489
0 -0.0176819 -0.0357242 -0.026969
0 -0.0179917 -0.0365373 -0.0279769
0 -0.0183047 -0.0374027 -0.0290671
0 -0.018618 -0.0383133 -0.0302325
0 -0.018929 -0.0392617 -0.0314655
0 -0.019237 -0.0402418 -0.0327597
0 -0.0195439 -0.04125 -0.0341105
0 -0.0198532 -0.0422839 -0.0355142
0 -0.0201686 -0.0433413 -0.0369668
0 -0.0204924 -0.044419 -0.038463
0 -0.0208263 -0.0455134 -0.0399966
0 -0.0211716 -0.0466209 -0.0415612
0 -0.0215294 -0.0477386 -0.0431511
0 -0.0219004 -0.0488637 -0.0447603
0 -0.0222853 -0.0499937 -0.0463828
0 -0.0226848 -0.051127 -0.0480131
0 -0.0231002 -0.052263 -0.0496468
0 -0.0235335 -0.0534028 -0.0512807
0 -0.0239867 -0.0545478 -0.0529124
0 -0.0244612 -0.0556998 -0.0545395
0 -0.0249575 -0.0568596 -0.0561591
0 -0.0254744 -0.0580271 -0.0577672
0 -0.0260097 -0.0592009 -0.059359
0 -0.02656 -0.0603791 -0.0609291
0 -0.0271222 -0.0615596 -0.0624725
0 -0.0276928 -0.0627403 -0.0639847
0 -0.0282686 -0.0639193 -0.0654619
0 -0.028847 -0.0650946 -0.0669012
0 -0.0294262 -0.0662649 -0.0683012
0 -0.0300049 -0.0674292 -0.0696612
0 -0.0305826 -0.0685866 -0.0709817
0 -0.0311584 -0.0697356 -0.0722634
0 -0.0317312 -0.0708741 -0.0735071
0 -0.0322998 -0.0719994 -0.0747136
0 -0.0328616 -0.0731079 -0.0758827
0 -0.0334138 -0.0741948 -0.0770139
0 -0.0339533 -0.0752552 -0.0781066
0 -0.034477 -0.0762844 -0.0791603
0 -0.0349824 -0.0772778 -0.0801749
0 -0.0354669 -0.0782312 -0.0811499
0 -0.035928 -0.0791401 -0.0820849
0 -0.0363633 -0.0800006 -0.082979
0 -0.0367702 -0.0808087 -0.083831
0 -0.0371465 -0.0815608 -0.0846397
0 -0.0374903 -0.082254 -0.0854037
0 -0.0378005 -0.0828863 -0.086122
0 -0.0380774 -0.0834574 -0.0867943
0 -0.0383224 -0.0839684 -0.0874216
0 -0.0385376 -0.0844214 -0.0880047
0 -0.0387242 -0.0848176 -0.0885432
0 -0.0388818 -0.0851574 -0.0890351
0 -0.0390086 -0.0854395 -0.0894764
0 -0.0391022 -0.0856624 -0.0898625
0 -0.0391608 -0.0858253 -0.0901891
0 -0.039184 -0.0859288 -0.0904531
0 -0.0391735 -0.0859751 -0.0906532
0 -0.0391321 -0.0859679 -0.0907894
0 -0.0390636 -0.0859113 -0.0908623
0 -0.0389717 -0.085809 -0.0908724
0 -0.0388597 -0.0856643 -0.0908201
0 -0.0387305 -0.0854797 -0.0907053
0 -0.0385857 -0.0852568 -0.0905274
0 -0.0384264 -0.0849961 -0.0902852
0 -0.0382534 -0.084698 -0.0899779
0 -0.0380675 -0.0843629 -0.0896052
0 -0.0378702 -0.0839916 -0.0891677
0 -0.0376633 -0.0835855 -0.0886671
0 -0.0374497 -0.0831469 -0.0881064
0 -0.0372324 -0.0826787 -0.0874897
0 -0.0370146 -0.082184 -0.0868217
0 -0.0367989 -0.0816654 -0.0861069
0 -0.0365873 -0.0811258 -0.0853503
0 -0.0363804 -0.0805667 -0.0845558
0 -0.0361769 -0.0799881 -0.083726
0 -0.0359735 -0.0793886 -0.0828618
0 -0.035766 -0.0787657 -0.0819639
0 -0.0355504 -0.0781178 -0.0810328
0 -0.0353237 -0.0774438 -0.0800703
0 -0.0350841 -0.0767444 -0.0790794
0 -0.0348316 -0.0760215 -0.0780644
0 -0.0345668 -0.0752781 -0.0770303
0 -0.0342907 -0.0745172 -0.0759817
0 -0.034004 -0.0737413 -0.0749229
0 -0.0337067 -0.0729526 -0.0738572
0 -0.0333979 -0.072152 -0.0727866
0 -0.0330763 -0.0713396 -0.0717119
0 -0.0327403 -0.0705154 -0.0706336
0 -0.032389 -0.0696793 -0.0695522
0 -0.0320224 -0.0688323 -0.0684686
0 -0.0316414 -0.0679759 -0.0673846
0 -0.0312485 -0.0671127 -0.0663028
0 -0.0308464 -0.0662458 -0.0652262
0 -0.030438 -0.0653779 -0.0641575
0 -0.0300259 -0.0645117 -0.0630993
0 -0.0296129 -0.0636499 -0.062054
0 -0.0292016 -0.0627952 -0.0610239
0 -0.0287951 -0.0619505 -0.0600115
0 -0.028396 -0.0611186 -0.0590189
0 -0.028007 -0.0603023 -0.0580482
0 -0.0276307 -0.0595045 -0.0571015
0 -0.0272689 -0.0587277 -0.0561804
0 -0.0269225 -0.0579738 -0.0552856
0 -0.0265907 -0.0572426 -0.0544163
0 -0.0262713 -0.0565332 -0.0535704
0 -0.0259616 -0.0558438 -0.0527456
0 -0.0256599 -0.0551737 -0.0519403
0 -0.0253655 -0.0545231 -0.0511541
0 -0.0250791 -0.0538932 -0.0503881
0 -0.0248018 -0.0532859 -0.049644
0 -0.0245348 -0.0527028 -0.0489233
0 -0.024279 -0.0521453 -0.0482276
0 -0.0240355 -0.0516144 -0.0475584
0 -0.0238053 -0.0511116 -0.0469177
0 -0.0235902 -0.0506388 -0.0463079
0 -0.0233926 -0.0501983 -0.0457324
0 -0.0232147 -0.0497925 -0.0451943
0 -0.0230576 -0.0494228 -0.0446961
0 -0.0229207 -0.0490888 -0.0442382
0 -0.022802 -0.0487886 -0.0438201
0 -0.0226991 -0.0485203 -0.0434408
0 -0.0226105 -0.0482825 -0.0431
0 -0.0225356 -0.0480749 -0.0427987
0 -0.0224765 -0.0478999 -0.04254
0 -0.0224366 -0.0477614 -0.0423287
0 -0.0224196 -0.0476632 -0.0421696
0 -0.0224271 -0.0476079 -0.0420656
0 -0.0224597 -0.0475965 -0.0420184
0 -0.0225172 -0.0476301 -0.0420294
0 -0.0225994 -0.0477097 -0.0420994
0 -0.0227049 -0.0478355 -0.0422289
0 -0.0228312 -0.0480064 -0.0424163
0 -0.0229747 -0.0482202 -0.0426595
0 -0.0231317 -0.0484746 -0.0429559
0 -0.0232991 -0.0487675 -0.0433032
0 -0.0234741 -0.0490969 -0.0436991
0 -0.0236545 -0.0494608 -0.0441416
0 -0.0238385 -0.0498575 -0.0446289
0 -0.0240251 -0.0502854 -0.0451595
0 -0.0242134 -0.0507428 -0.0457319
0 -0.0244028 -0.0512278 -0.0463444
0 -0.0245929 -0.0517382 -0.0469949
0 -0.0247831 -0.0522717 -0.0476814
0 -0.0249732 -0.0528255 -0.0484013
0 -0.025163 -0.053397 -0.0491521
0 -0.0253525 -0.0539835 -0.049931
0 -0.0255417 -0.054582 -0.0507351
0 -0.0257309 -0.05519 -0.0515612
0 -0.0259203 -0.0558047 -0.0524062
0 -0.0261101 -0.0564235 -0.0532666
0 -0.0263005 -0.0570439 -0.054139
0 -0.0264919 -0.0576636 -0.0550199
0 -0.0266849 -0.0582811 -0.0559061
0 -0.0268812 -0.058896 -0.0567956
0 -0.0270829 -0.0595089 -0.0576871
0 -0.0272921 -0.0601206 -0.0585794
0 -0.0275097 -0.0607309 -0.0594701
0 -0.0277347 -0.0613382 -0.0603555
0 -0.0279651 -0.0619401 -0.0612308
0 -0.0281987 -0.0625341 -0.0620912
0 -0.0284336 -0.063118 -0.0629324
0 -0.0286679 -0.0636899 -0.0637501
0 -0.0288993 -0.0642475 -0.0645399
0 -0.0291257 -0.0647888 -0.0652978
0 -0.0293452 -0.0653117 -0.0660202
0 -0.029557 -0.0658154 -0.0667046
0 -0.029762 -0.0663005 -0.0673507
0 -0.0299619 -0.0667684 -0.0679594
0 -0.030159 -0.0672211 -0.0685321
0 -0.0303549 -0.0676599 -0.0690704
0 -0.0305514 -0.0680862 -0.0695759
0 -0.0307499 -0.068501 -0.0700505
0 -0.0309515 -0.0689053 -0.0704962
0 -0.0311571 -0.0692999 -0.0709152
0 -0.0313671 -0.0696851 -0.0713094
0 -0.0315818 -0.0700616 -0.0716812
0 -0.0318014 -0.0704297 -0.072033
0 -0.0320256 -0.07079 -0.0723673
0 -0.0322541 -0.0711427 -0.0726865
0 -0.0324852 -0.0714872 -0.072992
0 -0.0327162 -0.0718221 -0.0732844
0 -0.0329439 -0.0721452 -0.0735637
0 -0.0331649 -0.0724544 -0.0738296
0 -0.0333762 -0.0727482 -0.0740822
0 -0.033575 -0.0730247 -0.0743216
0 -0.0337585 -0.0732824 -0.0745475
0 -0.033924 -0.0735196 -0.0747595
0 -0.0340694 -0.0737347 -0.0749573
0 -0.0341929 -0.0739266 -0.0751406
0 -0.0342932 -0.0740945 -0.0753092
0 -0.03437 -0.0742377 -0.0754631
0 -0.0344228 -0.074356 -0.0756021
0 -0.0344518 -0.074449 -0.075726
0 -0.0344577 -0.0745167 -0.0758344
0 -0.0344418 -0.0745597 -0.0759276
0 -0.0344065 -0.0745794 -0.0760062
0 -0.0343548 -0.0745777 -0.076071
0 -0.0342897 -0.0745563 -0.0761227
0 -0.0342137 -0.0745164 -0.0761611
0 -0.0341284 -0.0744585 -0.076185
0 -0.0340348 -0.0743825 -0.0761926
0 -0.0339336 -0.0742881 -0.0761816
0 -0.0338258 -0.0741753 -0.0761501
0 -0.0337123 -0.0740441 -0.0760961
0 -0.0335939 -0.0738946 -0.0760176
0 -0.0334713 -0.0737271 -0.0759127
0 -0.0333451 -0.0735417 -0.0757796
0 -0.0332159 -0.0733386 -0.0756167
0 -0.0330841 -0.0731182 -0.0754225
0 -0.0329502 -0.0728807 -0.0751961
0 -0.0328148 -0.0726268 -0.0749367
0 -0.0326787 -0.0723576 -0.0746446
0 -0.0325432 -0.0720745 -0.0743203
0 -0.0324094 -0.0717788 -0.0739651
0 -0.0322781 -0.0714719 -0.0735802
0 -0.0321498 -0.0711548 -0.0731669
0 -0.032024 -0.0708279 -0.0727261
0 -0.0318994 -0.0704904 -0.0722581
0 -0.0317742 -0.0701414 -0.0717631
0 -0.0316463 -0.0697797 -0.0712411
0 -0.0315143 -0.0694046 -0.0706933
0 -0.0313778 -0.0690166 -0.0701217
0 -0.0312374 -0.0686167 -0.0695292
0 -0.0310938 -0.0682066 -0.0689193
0 -0.0309478 -0.0677877 -0.0682952
0 -0.0307999 -0.0673614 -0.0676603
0 -0.0306508 -0.0669291 -0.0670176
0 -0.0305011 -0.0664923 -0.0663705
0 -0.0303512 -0.0660525 -0.0657219
0 -0.0302007 -0.0656102 -0.065074
0 -0.0300481 -0.0651652 -0.0644278
0 -0.029891 -0.0647161 -0.0637831
0 -0.0297268 -0.0642614 -0.0631397
0 -0.0295532 -0.0637995 -0.062497
0 -0.0293683 -0.0633295 -0.061855
0 -0.0291706 -0.0628502 -0.0612132
0 -0.0289589 -0.0623609 -0.0605717
0 -0.0287328 -0.0618613 -0.0599306
0 -0.0284922 -0.0613512 -0.0592901
0 -0.0282374 -0.0608304 -0.0586501
0 -0.0279688 -0.0602988 -0.0580105
0 -0.0276871 -0.0597566 -0.0573709
0 -0.0273933 -0.0592038 -0.0567311
0 -0.0270889 -0.058641 -0.0560908
0 -0.0267755 -0.0580691 -0.05545
0 -0.026455 -0.0574892 -0.0548085
0 -0.0261293 -0.0569024 -0.0541661
0 -0.0258004 -0.0563096 -0.0535225
0 -0.0254699 -0.0557123 -0.0528771
0 -0.02514 -0.0551118 -0.0522299
0 -0.024813 -0.0545102 -0.0515812
0 -0.0244917 -0.0539101 -0.0509318
0 -0.0241789 -0.0533142 -0.0502828
0 -0.0238772 -0.0527254 -0.0496353
0 -0.0235887 -0.0521464 -0.0489905
0 -0.0233156 -0.0515797 -0.0483495
0 -0.0230595 -0.0510282 -0.0477138
0 -0.0228219 -0.0504943 -0.047085
0 -0.0226043 -0.0499808 -0.0464649
0 -0.0224075 -0.04949 -0.0458554
0 -0.0222323 -0.0490242 -0.0452587
0 -0.0220793 -0.0485857 -0.0446771
0 -0.0219487 -0.0481763 -0.0441132
0 -0.0218405 -0.0477981 -0.0435697
0 -0.0217547 -0.0474525 -0.0430494
0 -0.0216909 -0.047141 -0.0425556
0 -0.0216486 -0.046865 -0.0420914
0 -0.0216272 -0.0466256 -0.0416603
0 -0.021626 -0.0464236 -0.0412657
0 -0.0216438 -0.0462597 -0.0409112
0 -0.0216793 -0.046134 -0.0405998
0 -0.0217304 -0.0460463 -0.0403343
0 -0.0217947 -0.0459954 -0.0401167
0 -0.0218698 -0.0459804 -0.0399489
0 -0.0219535 -0.0460002 -0.0398327
0 -0.0220437 -0.0460535 -0.0397696
0 -0.0221384 -0.0461394 -0.0397608
0 -0.022236 -0.0462565 -0.0398074
0 -0.0223355 -0.0464044 -0.0399104
0 -0.0224371 -0.0465828 -0.0400712
0 -0.0225414 -0.0467926 -0.0402914
0 -0.0226499 -0.0470343 -0.0405722
0 -0.0227636 -0.0473086 -0.0409142
0 -0.0228828 -0.0476148 -0.0413166
0 -0.0230065 -0.0479511 -0.0417766
0 -0.0231324 -0.0483141 -0.0422895
0 -0.0232577 -0.0486997 -0.0428499
0 -0.0233803 -0.0491042 -0.0434519
0 -0.0234983 -0.0495241 -0.0440899
0 -0.0236107 -0.0499565 -0.0447587
0 -0.023718 -0.0503994 -0.0454541
0 -0.0238222 -0.0508526 -0.0461732
0 -0.0239263 -0.0513167 -0.046914
0 -0.0240337 -0.0517924 -0.0476746
0 -0.0241474 -0.0522802 -0.0484528
0 -0.02427 -0.0527804 -0.0492462
0 -0.0244044 -0.0532934 -0.0500527
0 -0.0245531 -0.0538198 -0.05087
0 -0.0247184 -0.0543601 -0.0516964
0 -0.0249022 -0.054915 -0.0525298
0 -0.0251059 -0.0554846 -0.0533686
0 -0.0253307 -0.0560696 -0.0542111
0 -0.0255771 -0.0566704 -0.055056
0 -0.0258454 -0.0572872 -0.0559021
0 -0.0261352 -0.0579202 -0.0567482
0 -0.0264453 -0.0585693 -0.0575933
0 -0.0267744 -0.0592341 -0.0584361
0 -0.0271207 -0.059914 -0.0592757
0 -0.0274823 -0.0606086 -0.0601115
0 -0.0278572 -0.061317 -0.0609432
0 -0.0282436 -0.0620384 -0.0617705
0 -0.0286395 -0.0627716 -0.0625936
0 -0.029043 -0.0635156 -0.0634127
0 -0.0294519 -0.0642688 -0.0642282
0 -0.0298643 -0.0650297 -0.065041
0 -0.0302778 -0.0657965 -0.0658517
0 -0.0306904 -0.0665674 -0.0666611
0 -0.0310997 -0.06734 -0.0674699
0 -0.0315029 -0.0681114 -0.068278
0 -0.0318972 -0.0688782 -0.0690851
0 -0.0322797 -0.0696368 -0.0698905
0 -0.0326479 -0.0703837 -0.0706935
0 -0.0329996 -0.0711157 -0.0714935
0 -0.0333329 -0.0718295 -0.0722893
0 -0.0336459 -0.0725216 -0.0730794
0 -0.0339366 -0.0731884 -0.0738616
0 -0.0342031 -0.0738263 -0.0746332
0 -0.0344438 -0.074432 -0.0753912
0 -0.0346575 -0.0750022 -0.0761323
0 -0.0348432 -0.0755342 -0.0768528
0 -0.0350002 -0.0760256 -0.077549
0 -0.0351285 -0.0764743 -0.078217
0 -0.0352288 -0.0768795 -0.0788534
0 -0.0353031 -0.0772413 -0.0794555
0 -0.0353536 -0.0775605 -0.0800204
0 -0.0353828 -0.0778381 -0.0805456
0 -0.0353931 -0.0780752 -0.0810281
0 -0.035387 -0.0782729 -0.081465
0 -0.0353667 -0.0784327 -0.0818533
0 -0.0353347 -0.078556 -0.0821904
0 -0.0352935 -0.0786444 -0.0824741
0 -0.0352453 -0.0786995 -0.0827023
0 -0.0351925 -0.078723 -0.0828734
0 -0.0351377 -0.0787171 -0.0829868
0 -0.035083 -0.0786836 -0.0830423
0 -0.0350307 -0.0786247 -0.08304
0 -0.0349824 -0.0785421 -0.0829808
0 -0.0349393 -0.0784375 -0.0828657
0 -0.0349024 -0.0783126 -0.0826964
0 -0.0348723 -0.0781689 -0.0824752
0 -0.034849 -0.0780078 -0.0822046
0 -0.0348322 -0.0778305 -0.0818876
0 -0.0348209 -0.0776377 -0.0815273
0 -0.0348138 -0.0774302 -0.081127
0 -0.0348094 -0.0772084 -0.0806904
0 -0.034806 -0.076973 -0.0802217
0 -0.0348018 -0.0767244 -0.0797248
0 -0.0347945 -0.0764628 -0.0792041
0 -0.0347818 -0.0761882 -0.0786632
0 -0.0347609 -0.0759001 -0.0781058
0 -0.034729 -0.0755981 -0.077535
0 -0.0346839 -0.0752817 -0.0769541
0 -0.0346232 -0.0749507 -0.0763659
0 -0.0345451 -0.0746048 -0.0757735
0 -0.0344482 -0.0742437 -0.0751792
0 -0.0343312 -0.0738675 -0.0745854
0 -0.0341935 -0.073476 -0.073994
0 -0.0340346 -0.0730694 -0.0734067
0 -0.0338548 -0.0726477 -0.0728249
0 -0.0336545 -0.0722113 -0.0722495
0 -0.0334345 -0.0717605 -0.0716812
0 -0.0331962 -0.0712959 -0.0711204
0 -0.0329408 -0.070818 -0.0705672
0 -0.0326701 -0.0703276 -0.0700213
0 -0.0323858 -0.0698251 -0.0694818
0 -0.0320894 -0.0693111 -0.0689477
0 -0.031783 -0.0687864 -0.0684176
0 -0.0314683 -0.0682518 -0.0678899
0 -0.0311475 -0.0677081 -0.067363
0 -0.0308226 -0.0671565 -0.0668353
0 -0.0304955 -0.0665981 -0.0663048
0 -0.0301682 -0.0660341 -0.06577
0 -0.0298423 -0.0654658 -0.0652289
0 -0.0295195 -0.0648946 -0.06468
0 -0.0292014 -0.064322 -0.064122
0 -0.0288896 -0.0637497 -0.0635538
0 -0.0285857 -0.0631792 -0.0629745
0 -0.0282913 -0.0626121 -0.0623834
0 -0.0280076 -0.0620499 -0.06178
0 -0.0277358 -0.0614939 -0.0611642
0 -0.027477 -0.0609455 -0.0605359
0 -0.0272317 -0.0604058 -0.0598956
0 -0.0270006 -0.059876 -0.0592438
0 -0.026784 -0.0593569 -0.0585815
0 -0.0265818 -0.0588495 -0.05791
0 -0.026394 -0.0583545 -0.0572306
0 -0.0262201 -0.0578724 -0.0565453
0 -0.0260593 -0.0574037 -0.0558558
0 -0.0259107 -0.0569483 -0.0551641
0 -0.0257728 -0.0565058 -0.0544722
0 -0.0256441 -0.0560759 -0.0537821
0 -0.0255229 -0.0556576 -0.0530962
0 -0.0254073 -0.0552501 -0.0524166
0 -0.0252954 -0.0548521 -0.0517455
0 -0.0251848 -0.0544619 -0.0510848
0 -0.0250736 -0.0540781 -0.0504364
0 -0.0249601 -0.0536995 -0.0498027
0 -0.0248437 -0.0533259 -0.0491867
0 -0.0247246 -0.0529577 -0.0485918
0 -0.0246034 -0.0525957 -0.0480217
0 -0.0244809 -0.052241 -0.0474798
0 -0.0243577 -0.0518946 -0.0469688
0 -0.0242343 -0.0515575 -0.0464912
0 -0.0241111 -0.0512306 -0.0460488
0 -0.0239881 -0.0509145 -0.0456424
0 -0.0238647 -0.0506094 -0.0452721
0 -0.0237404 -0.0503157 -0.0449374
0 -0.0236149 -0.0500337 -0.0446376
0 -0.0234883 -0.0497645 -0.0443721
0 -0.0233612 -0.0495095 -0.0441402
0 -0.0232351 -0.0492707 -0.0439418
0 -0.0231117 -0.0490505 -0.0437768
0 -0.0229929 -0.0488513 -0.043645
0 -0.0228804 -0.0486753 -0.0435459
0 -0.0227761 -0.0485245 -0.0434789
0 -0.0226818 -0.0484011 -0.0434433
0 -0.0225993 -0.0483065 -0.0434384
0 -0.0225298 -0.0482422 -0.0434632
0 -0.0224744 -0.0482087 -0.0435164
0 -0.0224336 -0.0482063 -0.0435964
0 -0.0224082 -0.0482348 -0.0437019
0 -0.0223987 -0.0482942 -0.0438319
0 -0.0224059 -0.0483841 -0.0439853
0 -0.0224304 -0.0485043 -0.0441615
0 -0.022473 -0.0486544 -0.0443603
0 -0.0225346 -0.0488345 -0.044582
0 -0.0226163 -0.0490447 -0.0448273
0 -0.0227189 -0.0492851 -0.0450972
0 -0.0228429 -0.0495554 -0.0453925
0 -0.0229884 -0.0498553 -0.0457141
0 -0.023155 -0.0501843 -0.0460627
0 -0.0233421 -0.0505417 -0.046439
0 -0.0235486 -0.0509265 -0.0468437
0 -0.023773 -0.0513377 -0.0472771
0 -0.0240136 -0.0517742 -0.0477396
0 -0.0242687 -0.0522347 -0.0482315
0 -0.0245365 -0.0527183 -0.0487531
0 -0.0248151 -0.0532239 -0.0493047
0 -0.0251029 -0.0537507 -0.0498866
0 -0.0253982 -0.0542978 -0.0504991
0 -0.0256991 -0.0548641 -0.0511421
0 -0.0260039 -0.0554486 -0.0518154
0 -0.026311 -0.0560501 -0.0525186
0 -0.0266187 -0.0566672 -0.0532509
0 -0.0269255 -0.0572987 -0.0540114
0 -0.0272298 -0.057943 -0.0547988
0 -0.0275303 -0.0585985 -0.0556118
0 -0.0278262 -0.0592637 -0.0564485
0 -0.0281164 -0.0599368 -0.0573071
0 -0.0284002 -0.0606163 -0.0581854
0 -0.0286772 -0.0613003 -0.059081
0 -0.0289466 -0.0619869 -0.0599913
0 -0.0292083 -0.0626744 -0.0609135
0 -0.029462 -0.0633611 -0.0618448
0 -0.0297076 -0.0640451 -0.0627825
0 -0.0299454 -0.0647247 -0.0637236
0 -0.0301756 -0.065398 -0.0646651
0 -0.0303984 -0.0660634 -0.065604
0 -0.0306144 -0.0667191 -0.0665373
0 -0.0308241 -0.0673635 -0.0674618
0 -0.0310279 -0.0679952 -0.0683742
0 -0.0312265 -0.0686127 -0.0692712
0 -0.0314204 -0.0692147 -0.0701495
0 -0.0316101 -0.0697999 -0.0710056
0 -0.0317961 -0.0703673 -0.0718361
0 -0.031979 -0.070916 -0.0726377
0 -0.0321591 -0.071445 -0.0734072
0 -0.0323367 -0.0719535 -0.0741413
0 -0.0325121 -0.0724407 -0.0748374
0 -0.0326851 -0.0729061 -0.0754927
0 -0.0328559 -0.0733488 -0.076105
0 -0.0330241 -0.0737681 -0.0766721
0 -0.0331895 -0.0741632 -0.0771924
0 -0.0333517 -0.0745336 -0.0776645
0 -0.0335101 -0.0748783 -0.0780875
0 -0.033664 -0.0751967 -0.0784606
0 -0.0338129 -0.0754878 -0.0787837
0 -0.0339557 -0.075751 -0.0790569
0 -0.0340916 -0.0759853 -0.0792806
0 -0.0342197 -0.07619 -0.0794555
0 -0.034339 -0.0763642 -0.0795827
0 -0.0344483 -0.0765073 -0.0796634
0 -0.0345466 -0.0766186 -0.079699
0 -0.0346328 -0.0766973 -0.0796912
0 -0.0347058 -0.076743 -0.0796417
0 -0.0347644 -0.0767553 -0.0795522
0 -0.0348075 -0.0767339 -0.0794246
0 -0.0348341 -0.0766786 -0.0792605
0 -0.034843 -0.0765894 -0.0790619
0 -0.0348334 -0.0764665 -0.0788304
0 -0.0348045 -0.0763102 -0.0785676
0 -0.0347556 -0.0761208 -0.0782751
0 -0.0346864 -0.0758989 -0.0779543
0 -0.0345966 -0.0756453 -0.0776064
0 -0.0344863 -0.0753608 -0.0772328
0 -0.0343559 -0.0750463 -0.0768344
0 -0.0342058 -0.0747029 -0.0764122
0 -0.0340367 -0.0743317 -0.0759671
0 -0.0338496 -0.0739342 -0.0754998
0 -0.0336457 -0.0735115 -0.075011
0 -0.0334263 -0.0730653 -0.0745012
0 -0.0331928 -0.0725969 -0.0739709
0 -0.0329468 -0.0721081 -0.0734208
0 -0.03269 -0.0716003 -0.0728512
0 -0.0324242 -0.0710754 -0.0722626
0 -0.032151 -0.070535 -0.0716555
0 -0.0318724 -0.069981 -0.0710304
0 -0.0315902 -0.069415 -0.0703877
0 -0.031306 -0.0688388 -0.069728
0 -0.0310216 -0.0682542 -0.0690521
0 -0.0307384 -0.067663 -0.0683607
0 -0.030458 -0.0670668 -0.0676546
0 -0.0301815 -0.0664673 -0.0669348
0 -0.0299099 -0.0658661 -0.0662026
0 -0.0296442 -0.0652648 -0.0654591
0 -0.0293849 -0.0646649 -0.0647059
0 -0.0291326 -0.0640678 -0.0639444
0 -0.0288877 -0.0634747 -0.0631763
0 -0.0286506 -0.062887 -0.0624035
0 -0.0284216 -0.0623057 -0.0616277
0 -0.0282009 -0.0617321 -0.0608511
0 -0.0279886 -0.0611673 -0.0600757
0 -0.0277847 -0.0606122 -0.0593035
0 -0.0275892 -0.0600679 -0.0585369
0 -0.0274018 -0.0595353 -0.0577782
0 -0.0272222 -0.0590154 -0.0570296
0 -0.02705 -0.058509 -0.0562936
0 -0.0268848 -0.0580168 -0.0555728
0 -0.0267261 -0.0575396 -0.0548695
0 -0.0265733 -0.057078 -0.0541864
0 -0.0264261 -0.0566325 -0.0535257
0 -0.026284 -0.0562038 -0.0528899
0 -0.0261464 -0.0557922 -0.0522813
0 -0.0260131 -0.0553982 -0.051702
0 -0.0258837 -0.0550223 -0.051154
0 -0.0257582 -0.054665 -0.0506391
0 -0.0256365 -0.0543269 -0.0501592
