0 -1.55901e-07 -1.60809e-07 -1.60257e-07
0 -7.62602e-07 -8.00408e-07 -7.96427e-07
0 -1.92365e-06 -2.07279e-06 -2.0585e-06
0 -3.55849e-06 -3.97076e-06 -3.93623e-06
0 -5.57122e-06 -6.48391e-06 -6.42075e-06
0 -7.8586e-06 -9.59563e-06 -9.50505e-06
0 -1.0318e-05 -1.32805e-05 -1.31839e-05
0 -1.28544e-05 -1.75024e-05 -1.74534e-05
0 -1.53823e-05 -2.22096e-05 -2.23055e-05
0 -1.78342e-05 -2.73395e-05 -2.77305e-05
0 -2.01663e-05 -3.28237e-05 -3.37185e-05
0 -2.23511e-05 -3.85828e-05 -4.02489e-05
0 -2.43796e-05 -4.45337e-05 -4.72917e-05
0 -2.62625e-05 -5.0597e-05 -5.48089e-05
0 -2.80181e-05 -5.66931e-05 -6.27449e-05
0 -2.9668e-05 -6.27447e-05 -7.10249e-05
0 -3.12372e-05 -6.86843e-05 -7.95592e-05
0 -3.2758e-05 -7.44633e-05 -8.82524e-05
0 -3.42744e-05 -8.00615e-05 -9.70134e-05
0 -3.58301e-05 -8.54781e-05 -0.00010575
0 -3.74581e-05 -9.07219e-05 -0.000114366
0 -3.91748e-05 -9.58049e-05 -0.000122759
0 -4.09808e-05 -0.000100739 -0.000130827
0 -4.28666e-05 -0.000105538 -0.000138476
0 -4.47901e-05 -0.000110185 -0.000145602
0 -4.66452e-05 -0.0001146 -0.000152054
0 -4.82866e-05 -0.000118647 -0.000157654
0 -4.96057e-05 -0.000122204 -0.000162271
0 -5.05907e-05 -0.000125225 -0.000165873
0 -5.13218e-05 -0.000127736 -0.000168531
0 -5.18987e-05 -0.000129778 -0.000170343
0 -5.23483e-05 -0.000131323 -0.00017135
0 -5.26122e-05 -0.000132263 -0.00017152
0 -5.26312e-05 -0.000132496 -0.000170824
0 -5.24345e-05 -0.000132023 -0.000169326
0 -5.21344e-05 -0.000130943 -0.00016718
0 -5.18261e-05 -0.000129367 -0.000164533
0 -5.14959e-05 -0.000127325 -0.000161432
0 -5.10354e-05 -0.000124769 -0.000157836
0 -5.03845e-05 -0.000121711 -0.000153748
0 -4.96506e-05 -0.000118341 -0.000149341
0 -4.90245e-05 -0.000114938 -0.000144876
0 -4.85865e-05 -0.000111689 -0.000140513
0 -4.82582e-05 -0.000108622 -0.000136265
0 -4.80064e-05 -0.000105808 -0.000132193
0 -4.80341e-05 -0.000103548 -0.0001286
0 -4.85775e-05 -0.000102178 -0.000125838
0 -4.94837e-05 -0.000101643 -0.000123884
0 -5.01144e-05 -0.000101373 -0.000122216
0 -4.96518e-05 -0.000100544 -0.000120078
0 -4.7412e-05 -9.83504e-05 -0.000116755
0 -4.29481e-05 -9.40946e-05 -0.000111645
0 -3.60639e-05 -8.72038e-05 -0.000104268
0 -2.68167e-05 -7.72599e-05 -9.42684e-05
0 -1.54109e-05 -6.39336e-05 -8.13339e-05
0 -1.99417e-06 -4.68234e-05 -6.50115e-05
0 1.32281e-05 -2.56101e-05 -4.48492e-05
0 2.93195e-05 -7.88193e-07 -2.11193e-05
0 4.42597e-05 2.58758e-05 4.7294e-06
0 5.57327e-05 5.20074e-05 3.07297e-05
0 6.22242e-05 7.56411e-05 5.53868e-05
0 6.33204e-05 9.55245e-05 7.79326e-05
0 5.93266e-05 0.000110815 9.79553e-05
0 5.08604e-05 0.000120793 0.000115038
0 3.87021e-05 0.000124842 0.000128672
0 2.38254e-05 0.000122612 0.000138374
0 7.4369e-06 0.000114191 0.000143816
0 -9.15478e-06 0.000100086 0.000144813
0 -2.49471e-05 8.0886e-05 0.000141009
0 -3.97364e-05 5.67847e-05 0.000131466
0 -5.42226e-05 2.74031e-05 0.000114571
0 -6.94075e-05 -7.72796e-06 8.86302e-05
0 -8.57876e-05 -4.84759e-05 5.26637e-05
0 -0.000103391 -9.4225e-05 6.3776e-06
0 -0.000122248 -0.000144409 -5.02969e-05
0 -0.00014166 -0.000197801 -0.000116447
0 -0.000158716 -0.000250953 -0.000188609
0 -0.000168337 -0.000298022 -0.000260615
0 -0.000165782 -0.00033303 -0.000325891
0 -0.000150244 -0.000353376 -0.000380989
0 -0.000126306 -0.000361523 -0.000427241
0 -0.000100917 -0.000362425 -0.000468169
0 -7.78524e-05 -0.000358354 -0.000504306
0 -5.49567e-05 -0.000346179 -0.000530568
0 -2.7532e-05 -0.000320508 -0.00053953
0 5.0857e-06 -0.000280088 -0.000527951
0 3.65841e-05 -0.00023091 -0.000499978
0 5.7462e-05 -0.000182866 -0.000463845
0 6.1466e-05 -0.000143671 -0.000425872
0 4.82518e-05 -0.000116203 -0.000387943
0 2.09151e-05 -0.000100664 -0.000349821
0 -1.65727e-05 -9.67029e-05 -0.000311434
0 -5.8415e-05 -0.000101984 -0.000271548
0 -9.5405e-05 -0.000110007 -0.000225643
0 -0.000117291 -0.000111844 -0.00016763
0 -0.000119476 -0.000102501 -9.60498e-05
0 -0.000108263 -8.64579e-05 -1.93041e-05
0 -9.77278e-05 -7.54527e-05 4.69923e-05
0 -9.97053e-05 -7.94926e-05 8.94195e-05
0 -0.000116713 -0.000100331 0.000103567
0 -0.000143847 -0.000133316 9.2316e-05
0 -0.000175136 -0.000173387 5.9848e-05
0 -0.000206771 -0.000217961 8.70691e-06
0 -0.00023569 -0.000265233 -5.85994e-05
0 -0.000257425 -0.000311697 -0.000137269
0 -0.000266289 -0.00035195 -0.000220174
0 -0.000257134 -0.000380087 -0.000299416
0 -0.000226403 -0.000390529 -0.000367276
0 -0.000171578 -0.000377407 -0.000415667
0 -9.00304e-05 -0.000333441 -0.000435038
0 2.0667e-05 -0.000250365 -0.000414781
0 0.000159161 -0.000122796 -0.00034704
0 0.000315515 4.62479e-05 -0.000232107
0 0.000472228 0.000245218 -7.84154e-05
0 0.000613373 0.000461988 0.000105484
0 0.000732619 0.000691247 0.000318219
0 0.00083136 0.000932701 0.000563522
0 0.000911132 0.00118392 0.000842686
0 0.00097006 0.00143718 0.00115101
0 0.00100531 0.00168224 0.00148021
0 0.00101668 0.00191042 0.0018221
0 0.00100831 0.00211691 0.00217066
0 0.000988784 0.00230174 0.00252278
0 0.000969014 0.00246857 0.00287704
0 0.00095742 0.00262068 0.00322975
0 0.00095572 0.00275694 0.00357138
0 0.000960692 0.00287337 0.0038886
0 0.000970967 0.00296946 0.0041713
0 0.000989987 0.00305072 0.00441589
0 0.00102087 0.0031234 0.00462056
0 0.0010617 0.00318933 0.00478076
0 0.00110957 0.00324941 0.0048932
0 0.00116748 0.00331029 0.00496276
0 0.00124375 0.0033839 0.00500213
0 0.00134516 0.00348088 0.00502515
0 0.00147372 0.00360741 0.00504354
0 0.00163071 0.00376915 0.0050704
0 0.00182064 0.00397521 0.00512383
0 0.00204889 0.00423572 0.00522396
0 0.00231501 0.00455503 0.00538564
0 0.0026097 0.00492839 0.00561454
0 0.00291885 0.00534531 0.00591013
0 0.00322926 0.00579501 0.0062706
0 0.00353093 0.00626868 0.00669459
0 0.00381553 0.00675789 0.00717924
0 0.00407241 0.00725086 0.00771617
0 0.00428507 0.0077286 0.00828748
0 0.00443132 0.008165 0.00886568
0 0.00449021 0.00853328 0.00942035
0 0.00445416 0.00881764 0.00993001
0 0.0043373 0.00902147 0.0103906
0 0.00416934 0.00916245 0.0108108
0 0.00397968 0.00925831 0.0111977
0 0.00378753 0.00931775 0.0115491
0 0.00360524 0.0093443 0.0118571
0 0.00344785 0.0093462 0.0121195
0 0.00333622 0.00934017 0.0123431
0 0.0032897 0.00934495 0.0125376
0 0.00331656 0.00937216 0.0127066
0 0.00341341 0.0094257 0.0128474
0 0.00357455 0.0095106 0.0129599
0 0.00380016 0.00964036 0.0130547
0 0.00409351 0.00983342 0.0131504
0 0.00444894 0.0101002 0.0132611
0 0.00484361 0.0104322 0.0133854
0 0.00524216 0.0108033 0.0135086
0 0.00560775 0.0111811 0.0136127
0 0.00591039 0.0115355 0.0136847
0 0.00612874 0.0118411 0.0137173
0 0.00624727 0.012075 0.0137057
0 0.00625344 0.0122142 0.0136436
0 0.00613701 0.0122351 0.0135217
0 0.00589045 0.0121137 0.0133265
0 0.00550934 0.0118273 0.013041
0 0.00499297 0.0113549 0.012645
0 0.00434548 0.0106798 0.0121173
0 0.00357743 0.00979219 0.0114377
0 0.00270603 0.00869067 0.010589
0 0.00175419 0.00738237 0.00955787
0 0.000748966 0.00588166 0.00833414
0 -0.000277913 0.00420775 0.00691031
0 -0.00129417 0.00238176 0.00527941
0 -0.00227907 0.000424779 0.00343333
0 -0.0032266 -0.00164243 0.00136433
0 -0.00413617 -0.00379569 -0.000928202
0 -0.00500434 -0.00600116 -0.00343061
0 -0.00582289 -0.00821603 -0.00611413
0 -0.00658161 -0.0103996 -0.00894002
0 -0.00727252 -0.0125227 -0.0118659
0 -0.00789186 -0.0145685 -0.0148493
0 -0.0084379 -0.0165281 -0.0178462
0 -0.00890824 -0.0183951 -0.0208106
0 -0.0092995 -0.020162 -0.023697
0 -0.00960778 -0.0218188 -0.0264639
0 -0.00982813 -0.0233517 -0.0290726
0 -0.00995578 -0.0247447 -0.0314878
0 -0.0099937 -0.0259871 -0.0336835
0 -0.00996291 -0.0270847 -0.0356538
0 -0.00990352 -0.0280621 -0.0374141
0 -0.00986256 -0.0289523 -0.0389902
0 -0.00987599 -0.0297796 -0.0404007
0 -0.00995372 -0.0305465 -0.0416433
0 -0.0100785 -0.0312316 -0.0426931
0 -0.0102196 -0.0318027 -0.0435156
0 -0.0103517 -0.0322348 -0.0440846
0 -0.0104708 -0.0325243 -0.0443974
0 -0.0105961 -0.0326921 -0.0444776
0 -0.0107606 -0.0327736 -0.0443664
0 -0.0109944 -0.032805 -0.0441075
0 -0.0113101 -0.0328083 -0.0437318
0 -0.0116971 -0.0327862 -0.0432521
0 -0.0121312 -0.0327293 -0.0426706
0 -0.0125873 -0.0326294 -0.0419914
0 -0.0130486 -0.0324864 -0.0412278
0 -0.0135058 -0.0323081 -0.040402
0 -0.0139521 -0.0321044 -0.0395382
0 -0.0143763 -0.031879 -0.0386548
0 -0.0147573 -0.0316242 -0.0377586
0 -0.0150657 -0.031323 -0.0368462
0 -0.0152702 -0.030954 -0.0359095
0 -0.0153434 -0.0304981 -0.0349412
0 -0.0152671 -0.0299423 -0.0339388
0 -0.015035 -0.0292818 -0.0329063
0 -0.0146542 -0.0285207 -0.0318551
0 -0.0141374 -0.0276648 -0.0307955
0 -0.0134856 -0.026705 -0.0297203
0 -0.0126825 -0.0256115 -0.0285988
0 -0.0117129 -0.0243527 -0.0273953
0 -0.0105882 -0.0229207 -0.0260948
0 -0.00935094 -0.0213375 -0.0247088
0 -0.00805489 -0.019637 -0.0232576
0 -0.00673964 -0.0178409 -0.0217461
0 -0.00541619 -0.0159453 -0.0201511
0 -0.00407281 -0.0139264 -0.0184275
0 -0.00269823 -0.0117641 -0.0165323
0 -0.00130413 -0.00946378 -0.0144482
0 7.33354e-05 -0.00705553 -0.0121832
0 0.00139573 -0.00457132 -0.00974922
0 0.00264338 -0.00202786 -0.00714396
0 0.00381336 0.000570145 -0.0043546
0 0.00490665 0.00321868 -0.00137085
0 0.00592366 0.0059072 0.00180773
0 0.00686642 0.00861771 0.00517248
0 0.00774222 0.0113285 0.0087086
0 0.00856713 0.0140214 0.0123978
0 0.00936442 0.0166893 0.0162214
0 0.0101576 0.0193373 0.0201587
0 0.0109614 0.0219732 0.0241783
0 0.0117742 0.0245949 0.0282329
0 0.0125757 0.0271822 0.0322607
0 0.0133325 0.0296984 0.0361929
0 0.014011 0.0321034 0.0399647
0 0.0145907 0.0343679 0.0435263
0 0.015065 0.0364751 0.0468437
0 0.0154318 0.0384143 0.0498908
0 0.0156907 0.0401784 0.0526465
0 0.0158488 0.0417677 0.0550997
0 0.015925 0.0431931 0.0572532
0 0.0159448 0.0444712 0.0591187
0 0.0159302 0.0456157 0.0607069
0 0.0158903 0.0466289 0.0620193
0 0.01582 0.0475008 0.063046
0 0.0157088 0.0482166 0.0637741
0 0.0155535 0.0487688 0.0641998
0 0.0153628 0.04916 0.064334
0 0.0151488 0.0493953 0.0641933
0 0.014916 0.0494703 0.0637888
0 0.0146606 0.0493703 0.0631247
0 0.0143824 0.0490823 0.0622098
0 0.0140954 0.0486076 0.0610681
0 0.013826 0.0479626 0.0597385
0 0.0136008 0.0471701 0.0582628
0 0.0134378 0.046252 0.0566777
0 0.0133438 0.0452265 0.0550116
0 0.0133136 0.0441074 0.0532838
0 0.0133278 0.0429006 0.0515015
0 0.0133552 0.0416045 0.0496608
0 0.0133594 0.0402156 0.0477534
0 0.0133062 0.0387324 0.0457714
0 0.0131629 0.0371536 0.0437063
0 0.012895 0.0354725 0.0415447
0 0.0124664 0.0336752 0.0392674
0 0.0118464 0.0317462 0.036855
0 0.0110164 0.0296738 0.0342947
0 0.00997479 0.0274552 0.0315843
0 0.00874149 0.025101 0.0287375
0 0.00735749 0.0226367 0.0257841
0 0.00587705 0.0200971 0.0227642
0 0.00435711 0.0175181 0.0197187
0 0.00284958 0.0149321 0.0166834
0 0.00139359 0.0123619 0.0136839
0 9.07952e-06 0.00981546 0.0107288
0 -0.00130166 0.00728623 0.00781115
0 -0.00254688 0.00476013 0.00491364
0 -0.00373959 0.00222166 0.00201482
0 -0.00489013 -0.000340264 -0.000903476
0 -0.00599162 -0.00291869 -0.0038411
0 -0.00700994 -0.0054777 -0.00676837
0 -0.00789606 -0.00796302 -0.00963681
0 -0.00861023 -0.0103254 -0.0124026
0 -0.00913532 -0.0125337 -0.0150394
0 -0.00947691 -0.0145752 -0.0175384
0 -0.00965918 -0.0164525 -0.0199048
0 -0.00971932 -0.0181796 -0.0221534
0 -0.00970071 -0.0197771 -0.0243028
0 -0.00964736 -0.0212675 -0.0263713
0 -0.00960063 -0.0226736 -0.0283752
0 -0.00959677 -0.0240146 -0.0303262
0 -0.00966518 -0.025303 -0.0322299
0 -0.0098281 -0.0265456 -0.0340862
0 -0.0100991 -0.0277457 -0.0358896
0 -0.010479 -0.0289011 -0.0376267
0 -0.0109512 -0.0299993 -0.0392719
0 -0.0114848 -0.0310197 -0.0407897
0 -0.0120486 -0.0319454 -0.0421487
0 -0.012628 -0.0327784 -0.0433372
0 -0.0132265 -0.0335398 -0.044365
0 -0.0138522 -0.0342561 -0.0452498
0 -0.0145025 -0.0349432 -0.0460017
0 -0.015156 -0.0355959 -0.0466136
0 -0.015774 -0.036188 -0.0470614
0 -0.0163134 -0.0366838 -0.0473159
0 -0.0167397 -0.0370514 -0.0473559
0 -0.0170328 -0.0372691 -0.0471739
0 -0.0171888 -0.0373287 -0.0467787
0 -0.0172192 -0.0372362 -0.0461948
0 -0.0171458 -0.0370074 -0.0454571
0 -0.0169945 -0.0366608 -0.0446031
0 -0.0167906 -0.036214 -0.0436683
0 -0.0165564 -0.0356829 -0.0426841
0 -0.0163059 -0.0350769 -0.0416726
0 -0.0160409 -0.0343958 -0.040643
0 -0.0157585 -0.0336374 -0.0395979
0 -0.015465 -0.0328113 -0.0385487
0 -0.01518 -0.0319433 -0.0375187
0 -0.0149244 -0.0310629 -0.0365319
0 -0.0147002 -0.0301839 -0.0355937
0 -0.0144784 -0.0292898 -0.0346773
0 -0.0142073 -0.0283418 -0.0337321
0 -0.0138386 -0.0273012 -0.0327082
0 -0.0133504 -0.0261525 -0.0315789
0 -0.0127545 -0.0249097 -0.0303484
0 -0.0120821 -0.0236033 -0.0290384
0 -0.0113582 -0.022255 -0.0276636
0 -0.0105839 -0.0208609 -0.0262139
0 -0.00974073 -0.0193957 -0.0246597
0 -0.00880765 -0.0178288 -0.0229677
0 -0.00777387 -0.0161372 -0.0211139
0 -0.00664894 -0.0143161 -0.0190937
0 -0.00547026 -0.0123876 -0.0169303
0 -0.00429862 -0.0103979 -0.0146717
0 -0.00319721 -0.00839869 -0.0123713
0 -0.00220316 -0.00642068 -0.0100611
0 -0.00131319 -0.00445924 -0.00773748
0 -0.000495751 -0.00248538 -0.00537229
0 0.00028502 -0.000468159 -0.00293551
0 0.00105435 0.00161121 -0.000409544
0 0.00182241 0.00375557 0.00220728
0 0.00258249 0.00595062 0.00490029
0 0.00331303 0.00816656 0.00764115
0 0.00398623 0.0103651 0.010395
0 0.00457803 0.0125078 0.0131278
0 0.00507556 0.0145644 0.0158119
0 0.00548167 0.0165174 0.0184312
0 0.00581502 0.0183641 0.020982
0 0.0061069 0.0201148 0.0234713
0 0.00639799 0.0217914 0.0259153
0 0.00673327 0.0234242 0.0283359
0 0.0071507 0.0250415 0.0307501
0 0.00766496 0.0266539 0.0331553
0 0.00826034 0.0282469 0.0355216
0 0.00890312 0.0297921 0.0378045
0 0.00956247 0.0312666 0.0399652
0 0.0102224 0.0326639 0.0419823
0 0.0108803 0.033992 0.0438506
0 0.0115391 0.0352645 0.0455726
0 0.012197 0.0364902 0.0471494
0 0.0128411 0.0376657 0.0485729
0 0.0134473 0.0387746 0.0498256
0 0.0139867 0.039793 0.0508866
0 0.0144327 0.0406956 0.051737
0 0.0147648 0.0414595 0.0523637
0 0.0149712 0.042067 0.0527617
0 0.015048 0.0425046 0.0529325
0 0.0149905 0.0427554 0.0528754
0 0.0147876 0.0427932 0.0525813
0 0.0144247 0.0425859 0.0520348
0 0.0138957 0.0421076 0.0512257
0 0.0132139 0.0413505 0.0501599
0 0.0124113 0.0403253 0.0488591
0 0.0115255 0.0390515 0.0473495
0 0.01059 0.0375482 0.0456527
0 0.00963819 0.0358402 0.0437904
0 0.00871077 0.0339663 0.0417938
0 0.00785087 0.0319755 0.0396994
0 0.00708513 0.0299082 0.0375312
0 0.00641046 0.0277823 0.0352878
0 0.00580254 0.0256001 0.0329506
0 0.00523534 0.0233656 0.0305028
0 0.00469251 0.0210938 0.0279402
0 0.0041677 0.0188093 0.0252711
0 0.00365957 0.0165396 0.0225114
0 0.00316591 0.0143084 0.0196779
0 0.00268029 0.0121314 0.0167855
0 0.00218902 0.0100126 0.0138432
0 0.00166586 0.00793743 0.0108476
0 0.00107061 0.00587106 0.00778025
0 0.000358718 0.00376911 0.00461579
0 -0.00050319 0.00159408 0.00133697
0 -0.00152619 -0.000674087 -0.00205277
0 -0.00269463 -0.00303536 -0.00552502
0 -0.00396663 -0.00546996 -0.00902878
0 -0.00527577 -0.00793552 -0.012492
0 -0.00653976 -0.0103713 -0.0158283
0 -0.00768977 -0.0127253 -0.0189657
0 -0.00870427 -0.0149867 -0.0218793
0 -0.00961369 -0.0171904 -0.0245967
0 -0.0104727 -0.0193912 -0.0271717
0 -0.0113244 -0.021629 -0.0296493
0 -0.0121749 -0.0239041 -0.0320405
0 -0.0129848 -0.0261684 -0.0343129
0 -0.0136876 -0.028342 -0.036407
0 -0.0142257 -0.030345 -0.0382693
0 -0.0145719 -0.0321194 -0.0398725
0 -0.0147214 -0.033623 -0.0412068
0 -0.0146706 -0.0348139 -0.0422597
0 -0.0144079 -0.0356452 -0.0430076
0 -0.0139229 -0.0360747 -0.0434241
0 -0.0132211 -0.0360802 -0.0434955
0 -0.0123375 -0.0356702 -0.0432328
0 -0.0113422 -0.0348909 -0.0426789
0 -0.0103442 -0.0338317 -0.0419139
0 -0.00949069 -0.0326294 -0.041059
0 -0.0089396 -0.0314476 -0.0402541
0 -0.00879156 -0.030411 -0.0395933
0 -0.00902423 -0.0295387 -0.0390603
0 -0.00948686 -0.0287334 -0.0385207
0 -0.00996597 -0.0278396 -0.0377833
0 -0.010283 -0.0267329 -0.036693
0 -0.0103709 -0.0253911 -0.0352049
0 -0.0102901 -0.0239088 -0.0334002
0 -0.0101753 -0.0224452 -0.0314354
0 -0.01015 -0.0211435 -0.0294598
0 -0.0102715 -0.0200784 -0.0275623
0 -0.0105232 -0.0192494 -0.0257636
0 -0.0108393 -0.0186037 -0.0240391
0 -0.0111418 -0.018072 -0.0223532
0 -0.0113676 -0.0175943 -0.0206842
0 -0.0114754 -0.0171267 -0.0190282
0 -0.011441 -0.016637 -0.017392
0 -0.0112571 -0.0161056 -0.0157915
0 -0.0109283 -0.0155207 -0.0142472
0 -0.0104355 -0.0148422 -0.0127487
0 -0.00969814 -0.0139638 -0.0112152
0 -0.00859933 -0.0127376 -0.00951863
0 -0.0070602 -0.0110466 -0.00755566
0 -0.00509326 -0.0088596 -0.0053015
0 -0.00280363 -0.00623601 -0.00281407
0 -0.000350295 -0.00329301 -0.000200677
0 0.00210149 -0.000159771 0.00242705
0 0.00441422 0.00305479 0.00498674
0 0.00649259 0.00627067 0.0074364
0 0.00827884 0.00943023 0.00976504
0 0.0097358 0.0124839 0.0119733
0 0.0108326 0.0153767 0.0140597
0 0.0115395 0.0180414 0.0160148
0 0.0118198 0.0203906 0.0178098
0 0.011628 0.022316 0.0193912
0 0.0109377 0.0237189 0.0207064
0 0.00979062 0.0245632 0.0217521
0 0.00833645 0.0249212 0.0226181
0 0.00683308 0.0249807 0.0234945
0 0.00557925 0.0249876 0.0246119
0 0.00481154 0.0251491 0.026146
0 0.004637 0.0255703 0.0281554
0 0.00503051 0.0262502 0.0305794
0 0.00587292 0.0271165 0.0332754
0 0.00700086 0.0280697 0.0360662
0 0.00825865 0.0290275 0.0387898
0 0.00954382 0.0299627 0.041342
0 0.0108255 0.0309152 0.0436966
0 0.0121227 0.0319676 0.0458836
0 0.0134572 0.0331964 0.0479425
0 0.014814 0.0346302 0.0498792
0 0.0161263 0.0362281 0.0516457
0 0.017282 0.0378796 0.0531395
0 0.0181418 0.0394256 0.0542253
0 0.0185687 0.0406961 0.0547711
0 0.0184627 0.0415473 0.0546826
0 0.0177879 0.0418851 0.0539249
0 0.0165842 0.0416762 0.0525293
0 0.0149654 0.04095 0.0505911
0 0.0131054 0.0397954 0.0482612
0 0.011215 0.0383446 0.0457265
0 0.0095024 0.0367408 0.0431751
0 0.00813436 0.0351044 0.0407607
0 0.00720704 0.033509 0.0385761
0 0.00672742 0.0319653 0.0366353
0 0.00661445 0.0304208 0.0348734
0 0.00673081 0.0287856 0.0331743
0 0.00693418 0.0269782 0.0314204
0 0.00712449 0.0249666 0.0295371
0 0.00727131 0.0227903 0.0275187
0 0.0074119 0.0205574 0.0254273
0 0.0076144 0.0184062 0.023357
0 0.00793145 0.0164569 0.021389
0 0.00838078 0.0147891 0.0195723
0 0.00895049 0.0134463 0.0179292
0 0.00961044 0.0124472 0.0164664
0 0.0103236 0.0117954 0.0151849
0 0.0110577 0.0114892 0.0140906
0 0.0117971 0.0115336 0.013206
0 0.0125433 0.0119422 0.0125713
0 0.013297 0.0127196 0.0122255
0 0.0140336 0.0138358 0.0121806
0 0.0146894 0.0152103 0.0124076
0 0.0151668 0.0167167 0.0128377
0 0.0153536 0.0182021 0.0133768
0 0.0151497 0.0195141 0.0139287
0 0.0144928 0.0205266 0.0144181
0 0.0133732 0.0211566 0.0148043
0 0.0118348 0.0213675 0.0150826
0 0.00996038 0.0211584 0.0152737
0 0.00784933 0.0205479 0.0154049
0 0.00559812 0.0195602 0.0154924
0 0.0032852 0.0182149 0.0155289
0 0.000969475 0.0165262 0.0154851
0 -0.00128736 0.0145259 0.0153352
0 -0.00339603 0.012289 0.0150866
0 -0.00526248 0.00991202 0.0147602
0 -0.00684822 0.00745164 0.0143314
0 -0.00819742 0.00489528 0.0137011
0 -0.00940155 0.00219163 0.0127306
0 -0.0105368 -0.000691753 0.0113055
0 -0.0116215 -0.00372961 0.00937858
0 -0.0126102 -0.00683547 0.00697912
0 -0.0134122 -0.0098786 0.0041964
0 -0.0139168 -0.0127066 0.00115551
0 -0.0140203 -0.0151716 -0.0020084
0 -0.0136482 -0.0171535 -0.00517155
0 -0.0127692 -0.0185727 -0.00823396
0 -0.0113992 -0.0193936 -0.011126
0 -0.00960431 -0.0196295 -0.0138134
0 -0.00750046 -0.0193461 -0.0162994
0 -0.00524265 -0.0186521 -0.0186187
0 -0.00299785 -0.0176779 -0.0208165
0 -0.00091653 -0.0165531 -0.0229223
0 0.000879405 -0.0153949 -0.0249414
0 0.00229163 -0.0143078 -0.0268707
0 0.00323488 -0.0133899 -0.0287233
0 0.0036382 -0.0127333 -0.0305307
0 0.00346661 -0.0124047 -0.032316
0 0.00274606 -0.0124208 -0.034063
0 0.0015679 -0.0127433 -0.0357056
0 6.75697e-05 -0.0132961 -0.0371425
0 -0.00160629 -0.0139911 -0.0382645
0 -0.0033189 -0.014753 -0.0389806
0 -0.00497257 -0.0155383 -0.0392427
0 -0.00652043 -0.0163439 -0.0390602
0 -0.00795707 -0.0171962 -0.0384895
0 -0.00928994 -0.0181223 -0.0376039
0 -0.0105166 -0.0191283 -0.0364693
0 -0.0116226 -0.020198 -0.0351411
0 -0.0125946 -0.0213065 -0.0336746
0 -0.013432 -0.0224339 -0.0321352
0 -0.0141453 -0.0235653 -0.0305939
0 -0.0147381 -0.0246757 -0.0291068
0 -0.0151899 -0.0257134 -0.027697
0 -0.0154536 -0.0265969 -0.0263532
0 -0.0154714 -0.0272295 -0.0250447
0 -0.0151961 -0.0275222 -0.0237412
0 -0.014605 -0.0274092 -0.022424
0 -0.0136992 -0.0268484 -0.0210854
0 -0.0124951 -0.025815 -0.0197208
0 -0.0110201 -0.0242994 -0.0183252
0 -0.00931095 -0.0223078 -0.0168927
0 -0.00740702 -0.0198582 -0.015412
0 -0.00534323 -0.0169743 -0.0138621
0 -0.00314993 -0.0136865 -0.0122133
0 -0.000859688 -0.0100363 -0.0104367
0 0.00148209 -0.00608293 -0.00851565
0 0.003811 -0.00190657 -0.00645278
0 0.0060478 0.00239183 -0.00426689
0 0.00810939 0.00669862 -0.00198367
0 0.00992184 0.0109019 0.000373323
0 0.0114304 0.0149032 0.0027889
0 0.0126007 0.0186182 0.00525539
0 0.0134139 0.0219737 0.00776574
0 0.0138638 0.0249062 0.0103092
0 0.0139547 0.0273642 0.0128708
0 0.0136976 0.0293057 0.0154284
0 0.0131018 0.0306918 0.0179449
0 0.0121765 0.0314881 0.0203684
0 0.0109477 0.0316826 0.022649
0 0.00947537 0.0313045 0.0247606
0 0.00785467 0.0304276 0.0267075
0 0.00619966 0.0291541 0.0285139
0 0.0046179 0.0275927 0.030203
0 0.00319086 0.0258399 0.0317779
0 0.00196878 0.0239765 0.0332164
0 0.00097734 0.0220747 0.034477
0 0.000225046 0.0202003 0.0355101
0 -0.00029353 0.018404 0.0362737
0 -0.000591933 0.0167215 0.0367431
0 -0.0006833 0.0151844 0.0369107
0 -0.000579829 0.0138244 0.036779
0 -0.000301845 0.0126657 0.0363475
0 0.000116869 0.0117177 0.035607
0 0.000636053 0.010979 0.0345457
0 0.00121899 0.0104439 0.033162
0 0.00183307 0.0101001 0.0314662
0 0.00244252 0.00992201 0.0294733
0 0.00300501 0.00986706 0.0271966
0 0.0034778 0.00988286 0.0246516
0 0.00382695 0.00991705 0.0218624
0 0.00403083 0.00992217 0.0188631
0 0.00408049 0.00985751 0.0156971
0 0.00398438 0.0096962 0.012419
0 0.0037744 0.00943348 0.0090994
0 0.00350286 0.00908455 0.00582403
0 0.00322479 0.00866893 0.00268038
0 0.00297627 0.00819207 -0.000263281
0 0.00276612 0.00763923 -0.00296837
0 0.00258241 0.00698312 -0.00542067
0 0.0024025 0.00619369 -0.00762026
0 0.00220042 0.00524479 -0.00957447
0 0.00195318 0.00411995 -0.0112924
0 0.00164855 0.00281987 -0.012778
0 0.00129106 0.00136831 -0.0140247
0 0.00089965 -0.000191006 -0.0150182
0 0.000496357 -0.00180654 -0.0157463
0 9.51042e-05 -0.00343101 -0.0162097
0 -0.0003003 -0.00502469 -0.016423
0 -0.000687181 -0.00654794 -0.0164049
0 -0.00105238 -0.00795106 -0.0161657
0 -0.00137385 -0.00917753 -0.0157083
0 -0.00163923 -0.0101839 -0.0150444
0 -0.00186061 -0.0109556 -0.0142098
0 -0.00206774 -0.0115017 -0.013257
0 -0.0022875 -0.0118342 -0.0122355
0 -0.00252973 -0.0119555 -0.0111783
0 -0.00278781 -0.0118592 -0.0101021
0 -0.00304607 -0.0115377 -0.00901376
0 -0.00328472 -0.0109863 -0.00791484
0 -0.00348275 -0.0102056 -0.0068035
0 -0.00362309 -0.00920559 -0.00567929
0 -0.00369755 -0.00800926 -0.00454768
0 -0.00370587 -0.00665069 -0.00341879
0 -0.00364849 -0.00516644 -0.00230021
0 -0.00351968 -0.00358719 -0.00119008
0 -0.00330657 -0.00193484 -7.63633e-05
0 -0.00299271 -0.00022459 0.00105905
0 -0.00256177 0.00153219 0.00223619
0 -0.00199941 0.0033262 0.00347504
0 -0.00129464 0.00514944 0.00479467
0 -0.00044327 0.00699337 0.0062104
0 0.000546642 0.00884455 0.00772831
0 0.00165331 0.0106819 0.0093426
0 0.00284603 0.0124809 0.0110395
0 0.00409379 0.0142229 0.0128064
0 0.00537461 0.0159053 0.014641
0 0.00667847 0.0175428 0.0165535
0 0.00799824 0.0191571 0.0185565
0 0.00931737 0.0207626 0.0206528
0 0.0106084 0.0223635 0.0228328
0 0.0118431 0.0239618 0.0250839
0 0.0130026 0.0255657 0.0273999
0 0.0140751 0.0271864 0.0297777
0 0.0150462 0.0288265 0.0322063
0 0.0158902 0.030471 0.0346587
0 0.0165696 0.0320851 0.0370898
0 0.0170386 0.0336177 0.0394401
0 0.0172529 0.0350105 0.0416457
0 0.0171812 0.0362098 0.0436495
0 0.0168113 0.0371716 0.0454061
0 0.0161478 0.0378603 0.0468803
0 0.0152084 0.0382462 0.0480434
0 0.0140245 0.0383093 0.0488758
0 0.0126454 0.0380454 0.0493726
0 0.0111356 0.0374667 0.0495433
0 0.00956855 0.0365993 0.0494081
0 0.00801729 0.0354759 0.0489906
0 0.00653976 0.0341238 0.0483054
0 0.00516701 0.0325541 0.0473474
0 0.00390368 0.0307629 0.0460931
0 0.0027399 0.0287424 0.044512
0 0.00166311 0.0264921 0.042578
0 0.000662763 0.0240213 0.0402745
0 -0.000269696 0.0213486 0.0375941
0 -0.00114134 0.0184991 0.0345378
0 -0.00195809 0.0155023 0.0311144
0 -0.00272556 0.0123892 0.0273397
0 -0.00344928 0.00919137 0.0232359
0 -0.00413293 0.00594129 0.0188328
0 -0.00477482 0.00267469 0.0141693
0 -0.00536767 -0.000570097 0.00929346
0 -0.00590592 -0.00375969 0.00425465
0 -0.00639616 -0.00687738 -0.000908756
0 -0.00686179 -0.00992733 -0.0061749
0 -0.0073369 -0.0129267 -0.0115304
0 -0.00785399 -0.0158933 -0.0169589
0 -0.00843439 -0.018838 -0.0224349
0 -0.00908527 -0.0217629 -0.0279219
0 -0.00980262 -0.0246634 -0.0333735
0 -0.0105773 -0.0275313 -0.0387398
0 -0.0114 -0.0303582 -0.0439725
0 -0.0122649 -0.0331396 -0.0490285
0 -0.0131735 -0.0358815 -0.0538758
0 -0.0141366 -0.0386022 -0.0585002
0 -0.0151696 -0.0413276 -0.0629021
0 -0.0162852 -0.0440823 -0.0670881
0 -0.0174904 -0.046883 -0.0710645
0 -0.0187895 -0.049738 -0.0748361
0 -0.020187 -0.0526508 -0.0784069
0 -0.0216855 -0.0556201 -0.0817794
0 -0.0232781 -0.0586349 -0.0849481
0 -0.0249435 -0.0616702 -0.0878963
0 -0.0266483 -0.0646888 -0.0905993
0 -0.0283517 -0.0676457 -0.0930292
0 -0.0300082 -0.0704909 -0.0951575
0 -0.0315706 -0.0731719 -0.0969572
0 -0.0329943 -0.0756364 -0.0984053
0 -0.0342405 -0.0778356 -0.0994856
0 -0.0352787 -0.0797277 -0.100191
0 -0.0360897 -0.081282 -0.100527
0 -0.0366637 -0.0824772 -0.100504
0 -0.0369932 -0.0832955 -0.100139
0 -0.0370662 -0.0837156 -0.0994371
0 -0.0368685 -0.0837123 -0.0984011
0 -0.0363914 -0.0832622 -0.0970306
0 -0.035638 -0.0823499 -0.0953296
0 -0.034624 -0.0809704 -0.0933082
0 -0.0333749 -0.0791291 -0.0909805
0 -0.0319202 -0.0768381 -0.0883605
0 -0.0302895 -0.0741143 -0.0854596
0 -0.0285108 -0.0709786 -0.0822852
0 -0.0266094 -0.0674555 -0.0788419
0 -0.0246074 -0.0635734 -0.0751317
0 -0.0225241 -0.0593649 -0.0711554
0 -0.0203771 -0.0548678 -0.0669147
0 -0.0181841 -0.0501243 -0.0624131
0 -0.015961 -0.0451778 -0.0576547
0 -0.0137189 -0.0400682 -0.0526412
0 -0.011462 -0.034829 -0.0473712
0 -0.00918863 -0.029486 -0.0418406
0 -0.00689095 -0.0240576 -0.0360433
0 -0.00455605 -0.0185556 -0.0299717
0 -0.00216885 -0.0129872 -0.0236197
0 0.00028488 -0.00735653 -0.0169851
0 0.00281684 -0.00166621 -0.0100705
0 0.00543393 0.00408022 -0.0028856
0 0.00813422 0.00987343 0.00454872
0 0.0109053 0.0156968 0.0121988
0 0.0137264 0.0215322 0.0200229
0 0.0165683 0.0273668 0.0279775
0 0.0193987 0.0331937 0.0360191
0 0.0221962 0.0390078 0.0441025
0 0.0249497 0.0447999 0.0521792
0 0.0276531 0.0505535 0.0601986
0 0.0303041 0.0562444 0.0681091
0 0.0328962 0.0618458 0.0758588
0 0.0354131 0.0673319 0.0833949
0 0.037831 0.0726754 0.0906623
0 0.0401233 0.0778498 0.0976072
0 0.0422659 0.0828331 0.104182
0 0.0442378 0.0876058 0.110349
0 0.0460166 0.0921465 0.116072
0 0.0475775 0.0964309 0.121316
0 0.0488971 0.100436 0.126052
0 0.0499568 0.104141 0.130256
0 0.0507383 0.107529 0.133909
0 0.0512185 0.110573 0.136988
0 0.0513706 0.113246 0.139467
0 0.0511719 0.115517 0.141329
0 0.050615 0.117364 0.142569
0 0.0497115 0.118777 0.143197
0 0.0484872 0.119749 0.143236
0 0.0469739 0.120276 0.14271
0 0.0452053 0.120349 0.141643
0 0.0432197 0.119963 0.140061
0 0.0410644 0.119118 0.137998
0 0.0387934 0.117823 0.135494
0 0.0364616 0.116087 0.132589
0 0.0341179 0.113919 0.129322
0 0.0318053 0.111325 0.125723
0 0.0295639 0.108317 0.121824
0 0.0274293 0.104918 0.117657
0 0.0254246 0.101157 0.113248
0 0.0235565 0.0970603 0.108611
0 0.0218192 0.0926585 0.103755
0 0.0202019 0.087988 0.0986881
0 0.0186948 0.0830949 0.0934229
0 0.0172903 0.0780322 0.0879769
0 0.0159818 0.0728546 0.0823705
0 0.014764 0.0676172 0.0766261
0 0.0136361 0.0623756 0.0707711
0 0.0126033 0.0571871 0.0648379
0 0.0116759 0.0521082 0.0588633
0 0.0108661 0.0471926 0.0528872
0 0.0101868 0.0424878 0.0469513
0 0.00964909 0.0380335 0.0410963
0 0.00925977 0.0338596 0.0353606
0 0.0090242 0.0299893 0.0297837
0 0.00895109 0.0264448 0.0244106
0 0.00905266 0.0232481 0.0192912
0 0.00933773 0.0204158 0.014473
0 0.00980608 0.0179547 0.00999547
0 0.0104494 0.0158637 0.00589099
0 0.0112552 0.0141379 0.00218868
0 0.0122091 0.0127711 -0.00108381
0 0.0132934 0.0117553 -0.00390221
0 0.014485 0.0110786 -0.00624868
0 0.0157535 0.0107223 -0.00811371
0 0.0170613 0.0106614 -0.00949565
0 0.0183679 0.0108678 -0.0103989
0 0.0196329 0.0113145 -0.0108322
0 0.0208179 0.011976 -0.0108082
0 0.0218858 0.0128275 -0.0103431
0 0.0227998 0.0138429 -0.00945918
0 0.0235238 0.0149925 -0.00818592
0 0.0240254 0.016243 -0.00655895
0 0.02428 0.0175605 -0.00461755
0 0.0242723 0.0189122 -0.00240268
0 0.0239968 0.0202668 4.36065e-05
0 0.0234571 0.0215943 0.00267826
0 0.0226661 0.0228669 0.00545833
0 0.0216465 0.024061 0.00834307
0 0.0204319 0.0251596 0.0112961
0 0.0190665 0.0261549 0.0142871
0 0.0176043 0.0270486 0.017293
0 0.0161042 0.0278507 0.0202967
0 0.0146241 0.0285754 0.023284
0 0.0132171 0.0292386 0.026242
0 0.0119308 0.0298571 0.0291585
0 0.010808 0.0304498 0.0320221
0 0.00988642 0.0310381 0.0348211
0 0.00919835 0.0316458 0.0375436
0 0.00877032 0.0322967 0.0401773
0 0.00862294 0.0330145 0.0427101
0 0.00876969 0.0338203 0.0451299
0 0.00921544 0.0347323 0.0474248
0 0.00995626 0.0357655 0.0495844
0 0.0109803 0.0369323 0.0516002
0 0.0122677 0.0382419 0.0534648
0 0.0137888 0.0396977 0.0551704
0 0.0155053 0.0412963 0.0567085
0 0.017373 0.0430284 0.0580723
0 0.0193453 0.0448799 0.0592588
0 0.0213762 0.0468334 0.0602703
0 0.0234221 0.0488702 0.0611152
0 0.0254448 0.0509717 0.0618095
0 0.0274126 0.0531198 0.0623765
0 0.0292998 0.0552954 0.0628437
0 0.0310861 0.0574779 0.0632406
0 0.0327574 0.0596472 0.0635988
0 0.0343049 0.0617837 0.0639494
0 0.0357207 0.0638658 0.0643191
0 0.0369939 0.065866 0.0647265
0 0.0381107 0.0677524 0.0651842
0 0.0390598 0.0694945 0.0657034
0 0.0398371 0.071069 0.0662971
0 0.0404463 0.0724612 0.0669801
0 0.0408951 0.073662 0.067765
0 0.0411922 0.0746664 0.0686605
0 0.0413472 0.0754737 0.0696708
0 0.041371 0.0760883 0.0707965
0 0.0412762 0.0765194 0.0720346
0 0.0410751 0.0767782 0.073376
0 0.0407757 0.076874 0.074802
0 0.0403814 0.0768126 0.0762844
0 0.0398934 0.0765986 0.0777891
0 0.039314 0.0762378 0.0792796
0 0.0386473 0.0757376 0.0807185
0 0.0378972 0.075106 0.0820663
0 0.0370659 0.0743495 0.0832798
0 0.0361515 0.0734707 0.0843111
0 0.0351486 0.0724668 0.0851091
0 0.0340512 0.071332 0.0856239
0 0.0328568 0.0700607 0.0858108
0 0.0315685 0.0686499 0.0856332
0 0.030197 0.0671018 0.0850652
0 0.0287609 0.0654236 0.0840927
0 0.0272847 0.0636273 0.0827128
0 0.0257974 0.0617284 0.0809333
0 0.024332 0.0597464 0.0787732
0 0.0229261 0.0577053 0.076263
0 0.0216201 0.055633 0.0734441
0 0.0204552 0.0535602 0.0703664
0 0.0194697 0.0515179 0.0670846
0 0.0186946 0.0495338 0.0636534
0 0.0181514 0.0476303 0.0601244
0 0.0178547 0.0458275 0.0565487
0 0.0178162 0.0441478 0.0529809
0 0.0180462 0.0426176 0.0494787
0 0.0185497 0.0412644 0.046099
0 0.0193222 0.0401121 0.0428925
0 0.0203476 0.0391796 0.0399022
0 0.0216005 0.0384807 0.0371637
0 0.0230471 0.0380241 0.0347067
0 0.0246453 0.0378123 0.0325555
0 0.0263441 0.0378389 0.0307267
0 0.0280855 0.0380884 0.0292282
0 0.0298074 0.0385373 0.0280595
0 0.0314459 0.0391541 0.0272119
0 0.0329348 0.0398985 0.0266667
0 0.0342065 0.0407204 0.0263942
0 0.0351919 0.0415599 0.0263529
0 0.0358231 0.0423493 0.0264923
0 0.0360401 0.0430193 0.0267587
0 0.0357999 0.0435072 0.0271031
0 0.0350794 0.0437583 0.0274819
0 0.0338713 0.0437225 0.0278525
0 0.0321804 0.0433522 0.0281696
0 0.0300218 0.0426029 0.0283854
0 0.0274196 0.0414342 0.0284497
0 0.0244066 0.0398134 0.0283133
0 0.0210286 0.0377227 0.0279351
0 0.0173461 0.035165 0.0272882
0 0.0134291 0.0321613 0.0263588
0 0.00935024 0.0287468 0.0251415
0 0.00518147 0.0249677 0.0236378
0 0.000993211 0.02088 0.0218558
0 -0.00314851 0.0165473 0.0198076
0 -0.00718495 0.0120383 0.0175046
0 -0.0110638 0.00742522 0.0149589
0 -0.014734 0.00278572 0.012188
0 -0.0181433 -0.00179789 0.00921826
0 -0.0212403 -0.00624257 0.0060821
0 -0.0239759 -0.0104684 0.00281574
0 -0.0263042 -0.0143995 -0.000541109
0 -0.0281788 -0.017962 -0.00394256
0 -0.0295511 -0.0210835 -0.00733418
0 -0.030377 -0.0236962 -0.0106545
0 -0.0306267 -0.0257448 -0.0138412
0 -0.0302898 -0.0271941 -0.0168403
0 -0.0293814 -0.0280327 -0.0196116
0 -0.0279413 -0.0282708 -0.022128
0 -0.0260304 -0.0279365 -0.0243712
0 -0.023727 -0.0270739 -0.0263306
0 -0.021123 -0.025741 -0.0280037
0 -0.0183162 -0.0240043 -0.0293925
0 -0.0154023 -0.0219323 -0.0304982
0 -0.0124725 -0.0195935 -0.0313211
0 -0.0096159 -0.0170624 -0.0318661
0 -0.00692159 -0.0144219 -0.0321444
0 -0.00447398 -0.0117597 -0.0321724
0 -0.00234599 -0.00915856 -0.0319689
0 -0.00059385 -0.00668974 -0.0315521
0 0.000745327 -0.00440938 -0.0309366
0 0.0016519 -0.00235966 -0.0301329
0 0.0021186 -0.000573814 -0.0291511
0 0.00214737 0.000919419 -0.0280012
0 0.00174919 0.00209404 -0.0266942
0 0.00094292 0.00292651 -0.0252457
0 -0.000244672 0.0033995 -0.0236785
0 -0.00177401 0.00350899 -0.0220166
0 -0.00358994 0.00326788 -0.0202806
0 -0.00562677 0.00270244 -0.0184897
0 -0.00781623 0.00184574 -0.0166656
0 -0.0100924 0.000733625 -0.0148347
0 -0.0123933 -0.000595708 -0.0130273
0 -0.0146618 -0.00210173 -0.0112748
0 -0.016848 -0.00374325 -0.00960774
0 -0.0189099 -0.00548096 -0.00805535
0 -0.0208148 -0.00727849 -0.0066473
0 -0.0225381 -0.00910057 -0.00541456
0 -0.0240612 -0.0109117 -0.00438676
0 -0.0253698 -0.0126769 -0.00358886
0 -0.026454 -0.0143636 -0.00304149
0 -0.0273099 -0.0159436 -0.00276302
0 -0.0279389 -0.0173936 -0.00277026
0 -0.0283465 -0.0186944 -0.00307688
0 -0.0285399 -0.0198292 -0.00369064
0 -0.028526 -0.0207822 -0.00461078
0 -0.0283114 -0.0215395 -0.00582679
0 -0.0279052 -0.0220921 -0.00732032
0 -0.0273227 -0.0224401 -0.00906934
0 -0.0265857 -0.0225929 -0.0110499
0 -0.0257182 -0.0225657 -0.0132334
0 -0.0247417 -0.022374 -0.0155828
0 -0.0236705 -0.0220298 -0.0180492
0 -0.0225108 -0.0215389 -0.020571
0 -0.0212624 -0.020901 -0.0230773
0 -0.0199223 -0.020112 -0.0254935
0 -0.0184873 -0.0191664 -0.0277454
0 -0.0169543 -0.0180584 -0.0297593
0 -0.0153212 -0.0167836 -0.0314639
0 -0.0135898 -0.0153403 -0.0327949
0 -0.0117675 -0.0137308 -0.0336973
0 -0.00986571 -0.0119599 -0.0341246
0 -0.00789676 -0.0100303 -0.0340385
0 -0.00587119 -0.00794078 -0.0334073
0 -0.0037985 -0.00568777 -0.0322064
0 -0.00168922 -0.00326887 -0.0304202
0 0.000443642 -0.000684598 -0.0280429
0 0.00258389 0.00206095 -0.0250795
0 0.00471158 0.00495988 -0.0215478
0 0.0068035 0.0080008 -0.0174791
0 0.00883619 0.0111713 -0.0129147
0 0.0107909 0.0144617 -0.0078998
0 0.0126557 0.0178674 -0.00247998
0 0.0144241 0.0213855 0.00329818
0 0.0160899 0.0250104 0.00938373
0 0.0176437 0.0287293 0.015718
0 0.0190714 0.0325214 0.0222351
0 0.020358 0.0363603 0.0288668
0 0.0214908 0.0402174 0.035549
0 0.0224603 0.0440638 0.0422214
0 0.0232574 0.0478688 0.0488253
0 0.0238727 0.0515994 0.0553014
0 0.0242977 0.0552228 0.0615896
0 0.0245267 0.0587093 0.0676332
0 0.0245562 0.0620312 0.0733799
0 0.0243829 0.0651604 0.0787808
0 0.0240025 0.068067 0.0837876
0 0.0234097 0.0707198 0.0883528
0 0.0225999 0.0730889 0.09243
0 0.0215724 0.0751466 0.095976
0 0.0203323 0.0768661 0.0989523
0 0.0188881 0.0782199 0.101325
0 0.0172488 0.07918 0.103065
0 0.0154233 0.0797192 0.104144
0 0.0134216 0.079812 0.104541
0 0.0112562 0.0794363 0.104236
0 0.0089441 0.0785735 0.103219
0 0.00650806 0.0772093 0.101487
0 0.00397704 0.0753344 0.0990488
0 0.00138509 0.0729458 0.0959225
0 -0.00122962 0.0700481 0.0921373
0 -0.00382589 0.0666559 0.087732
0 -0.00636228 0.0627959 0.082754
0 -0.00880038 0.0585076 0.0772574
0 -0.011106 0.0538415 0.0713005
0 -0.0132487 0.0488576 0.064946
0 -0.015199 0.043626 0.0582614
0 -0.0169255 0.0382266 0.0513219
0 -0.0183935 0.0327481 0.0442105
0 -0.0195675 0.0272837 0.0370152
0 -0.0204147 0.0219253 0.0298245
0 -0.0209062 0.0167598 0.0227236
0 -0.0210189 0.0118656 0.0157913
0 -0.0207396 0.00730983 0.00909796
0 -0.0200695 0.00314408 0.00270293
0 -0.0190265 -0.000597018 -0.00334581
0 -0.0176433 -0.00389658 -0.00901092
0 -0.0159675 -0.0067559 -0.0142674
0 -0.0140599 -0.00919407 -0.0191046
0 -0.0119916 -0.0112455 -0.0235242
0 -0.00983957 -0.0129555 -0.0275369
0 -0.00768131 -0.0143745 -0.0311587
0 -0.00559043 -0.0155537 -0.0344081
0 -0.00363469 -0.0165423 -0.0373031
0 -0.00187626 -0.0173884 -0.0398615
0 -0.000373103 -0.0181389 -0.042104
0 0.000819627 -0.0188403 -0.0440572
0 0.00165126 -0.0195372 -0.0457511
0 0.00208041 -0.0202678 -0.0472139
0 0.00208125 -0.0210577 -0.048466
0 0.00164948 -0.0219168 -0.0495156
0 0.000804505 -0.0228392 -0.0503585
0 -0.000413709 -0.0238075 -0.0509814
0 -0.00194903 -0.024797 -0.0513672
0 -0.00373355 -0.0257784 -0.0514976
0 -0.00569209 -0.0267202 -0.0513558
0 -0.0077456 -0.0275904 -0.0509284
0 -0.00981359 -0.0283565 -0.0502051
0 -0.0118152 -0.0289836 -0.0491761
0 -0.0136696 -0.0294319 -0.04783
0 -0.0152983 -0.0296581 -0.0461548
0 -0.0166308 -0.0296196 -0.0441417
0 -0.0176089 -0.0292785 -0.0417886
0 -0.0181894 -0.0286052 -0.0391016
0 -0.0183443 -0.027579 -0.0360944
0 -0.0180603 -0.0261869 -0.0327869
0 -0.0173383 -0.0244219 -0.029204
0 -0.0161928 -0.0222824 -0.0253741
0 -0.0146512 -0.0197719 -0.0213291
0 -0.0127527 -0.0169009 -0.0171038
0 -0.0105474 -0.0136871 -0.0127353
0 -0.00809166 -0.0101535 -0.00826123
0 -0.00544373 -0.00632739 -0.0037172
0 -0.00266048 -0.00223816 0.000864811
0 0.000204634 0.00208286 0.00545765
0 0.00310414 0.00660312 0.01004
0 0.00599827 0.0112892 0.0145971
0 0.00885528 0.016107 0.0191207
0 0.0116514 0.0210231 0.0236083
0 0.01437 0.026005 0.0280622
0 0.0169995 0.0310199 0.032487
0 0.0195299 0.0360334 0.0368864
0 0.0219503 0.0410081 0.0412606
0 0.0242483 0.0459042 0.0456059
0 0.0264098 0.0506814 0.0499161
0 0.0284184 0.0553002 0.054182
0 0.0302546 0.0597218 0.0583902
0 0.0318965 0.0639072 0.0625214
0 0.0333209 0.0678173 0.0665497
0 0.0345038 0.0714131 0.0704435
0 0.0354202 0.074657 0.0741669
0 0.0360453 0.077514 0.0776811
0 0.0363541 0.0799524 0.0809458
0 0.0363234 0.0819435 0.0839188
0 0.0359341 0.0834619 0.0865569
0 0.035174 0.0844852 0.0888163
0 0.0340381 0.0849931 0.0906525
0 0.0325273 0.0849663 0.0920202
0 0.0306485 0.0843875 0.0928748
0 0.0284162 0.0832429 0.093175
0 0.0258517 0.0815241 0.092884
0 0.0229841 0.0792287 0.0919707
0 0.0198513 0.0763618 0.0904123
0 0.0164995 0.072938 0.0881966
0 0.0129812 0.0689818 0.0853218
0 0.00934987 0.0645259 0.0817947
0 0.00565549 0.0596105 0.0776284
0 0.00194421 0.0542832 0.0728434
0 -0.00174015 0.0485993 0.0674681
0 -0.00535474 0.0426223 0.0615401
0 -0.00885889 0.0364212 0.0551042
0 -0.0122164 0.0300677 0.0482106
0 -0.0153962 0.0236322 0.0409135
0 -0.018372 0.0171821 0.033271
0 -0.0211222 0.0107793 0.0253433
0 -0.0236299 0.00447848 0.0171919
0 -0.025882 -0.00167232 0.00887777
0 -0.0278651 -0.00763183 0.000461535
0 -0.029564 -0.0133656 -0.00799549
0 -0.0309658 -0.0188459 -0.0164303
0 -0.0320624 -0.0240507 -0.0247777
0 -0.0328494 -0.0289621 -0.0329701
0 -0.0333253 -0.0335663 -0.0409413
0 -0.0334933 -0.0378571 -0.0486298
0 -0.0333626 -0.041837 -0.0559809
0 -0.0329483 -0.0455158 -0.062946
0 -0.0322692 -0.0489061 -0.0694803
0 -0.0313458 -0.0520203 -0.0755411
0 -0.030199 -0.0548688 -0.0810892
0 -0.0288512 -0.0574585 -0.086093
0 -0.0273279 -0.0597938 -0.0905299
0 -0.0256622 -0.0618772 -0.0943875
0 -0.0238972 -0.063707 -0.0976627
0 -0.0220799 -0.0652791 -0.100359
0 -0.0202496 -0.0665918 -0.102484
0 -0.0184369 -0.0676455 -0.104043
0 -0.0166679 -0.068441 -0.105045
0 -0.0149662 -0.0689804 -0.105498
0 -0.0133533 -0.0692655 -0.105412
0 -0.0118485 -0.069294 -0.104802
0 -0.0104674 -0.0690574 -0.103684
0 -0.00922295 -0.0685436 -0.102078
0 -0.00812787 -0.0677407 -0.100007
0 -0.00719806 -0.0666428 -0.0975058
0 -0.00645071 -0.0652521 -0.0946131
0 -0.00589937 -0.0635788 -0.0913725
0 -0.00554964 -0.0616388 -0.0878264
0 -0.00539774 -0.0594528 -0.0840145
0 -0.00543143 -0.057046 -0.0799743
0 -0.0056321 -0.0544491 -0.0757426
0 -0.00597679 -0.0516964 -0.071356
0 -0.00643962 -0.0488241 -0.0668504
0 -0.00699261 -0.0458675 -0.0622603
0 -0.00760638 -0.0428607 -0.0576182
0 -0.00825125 -0.0398357 -0.0529548
0 -0.00889772 -0.0368216 -0.0482982
0 -0.0095161 -0.0338423 -0.0436725
0 -0.0100763 -0.0309146 -0.0390969
0 -0.0105474 -0.0280467 -0.0345836
0 -0.0108962 -0.0252372 -0.0301374
0 -0.0110882 -0.0224757 -0.0257562
0 -0.0110879 -0.0197441 -0.0214318
0 -0.0108607 -0.0170176 -0.0171508
0 -0.0103733 -0.014266 -0.0128952
0 -0.00959495 -0.0114541 -0.00864414
0 -0.00849917 -0.00854446 -0.00437513
0 -0.00706782 -0.00550085 -6.75351e-05
0 -0.005294 -0.00229229 0.00429472
0 -0.0031819 0.00110578 0.00872269
0 -0.000744012 0.00471251 0.0132238
0 0.0020012 0.00854184 0.0178023
0 0.00503006 0.012601 0.0224585
0 0.00831408 0.0168885 0.0271866
0 0.0118209 0.0213941 0.0319745
0 0.0155154 0.026099 0.0368052
0 0.0193591 0.0309762 0.0416573
0 0.0233085 0.0359885 0.0465037
0 0.02731 0.0410883 0.0513108
0 0.0312973 0.0462192 0.0560377
0 0.035198 0.0513188 0.0606376
0 0.0389421 0.0563193 0.0650608
0 0.0424673 0.0611483 0.0692564
0 0.0457177 0.0657311 0.0731736
0 0.0486415 0.0699911 0.0767622
0 0.0511877 0.0738534 0.0799739
0 0.0533058 0.0772464 0.0827619
0 0.0549481 0.0801057 0.0850833
0 0.0560745 0.0823784 0.0869031
0 0.0566569 0.0840263 0.0881978
0 0.0566805 0.0850253 0.0889544
0 0.0561455 0.0853639 0.0891685
0 0.0550701 0.0850412 0.0888424
0 0.0534896 0.0840669 0.0879847
0 0.0514549 0.0824602 0.0866104
0 0.0490299 0.0802487 0.0847398
0 0.046287 0.0774664 0.0823971
0 0.0433014 0.0741523 0.0796084
0 0.0401444 0.0703478 0.0763971
0 0.0368793 0.0660935 0.0727818
0 0.0335595 0.0614297 0.0687755
0 0.0302293 0.0563979 0.0643879
0 0.0269235 0.0510413 0.059626
0 0.0236674 0.0454036 0.0544953
0 0.0204792 0.0395304 0.0490019
0 0.0173726 0.03347 0.0431554
0 0.0143585 0.0272722 0.0369699
0 0.0114441 0.0209863 0.030462
0 0.00863296 0.0146588 0.0236499
0 0.00592668 0.00833323 0.0165546
0 0.0033268 0.00204992 0.00920119
0 0.00083619 -0.00415414 0.00162057
0 -0.0015406 -0.0102456 -0.00615077
0 -0.00379694 -0.0161945 -0.0140698
0 -0.00592296 -0.0219734 -0.022086
0 -0.00790477 -0.0275563 -0.0301407
0 -0.00972584 -0.0329184 -0.0381697
0 -0.0113692 -0.0380375 -0.0461068
0 -0.0128189 -0.0428951 -0.0538872
0 -0.0140616 -0.0474785 -0.0614479
0 -0.0150882 -0.0517828 -0.0687307
0 -0.0158947 -0.0558099 -0.0756833
0 -0.0164812 -0.0595657 -0.0822593
0 -0.0168496 -0.0630553 -0.088416
0 -0.0170031 -0.0662808 -0.0941134
0 -0.0169487 -0.069243 -0.0993189
0 -0.0167005 -0.0719456 -0.104011
0 -0.0162777 -0.0743948 -0.108179
0 -0.0157011 -0.076597 -0.111817
0 -0.0149904 -0.0785564 -0.114922
0 -0.0141655 -0.0802763 -0.117494
0 -0.0132477 -0.08176 -0.119536
0 -0.0122602 -0.0830116 -0.121056
0 -0.0112274 -0.0840352 -0.12206
0 -0.0101744 -0.0848342 -0.122562
0 -0.00912612 -0.0854104 -0.122579
0 -0.00810481 -0.0857615 -0.122131
0 -0.00712724 -0.0858797 -0.121239
0 -0.00620353 -0.085751 -0.119919
0 -0.00533767 -0.0853555 -0.118189
0 -0.00452988 -0.0846705 -0.116063
0 -0.00377884 -0.0836738 -0.113558
0 -0.00308142 -0.0823463 -0.110692
0 -0.0024302 -0.0806733 -0.107482
0 -0.00181163 -0.0786446 -0.103942
0 -0.0012069 -0.0762557 -0.100086
0 -0.000594134 -0.0735081 -0.0959267
0 4.96041e-05 -0.0704101 -0.0914756
0 0.000746592 -0.0669769 -0.0867469
0 0.00151661 -0.06323 -0.0817565
0 0.00237495 -0.0591962 -0.0765231
0 0.00333065 -0.0549073 -0.0710691
0 0.00438547 -0.0504002 -0.065422
0 0.0055336 -0.0457167 -0.0596142
0 0.00676231 -0.0409022 -0.0536826
0 0.00805323 -0.0360041 -0.047667
0 0.00938324 -0.0310705 -0.0416094
0 0.0107244 -0.0261513 -0.0355546
0 0.0120435 -0.0212982 -0.0295505
0 0.0133034 -0.0165647 -0.0236476
0 0.0144648 -0.0120034 -0.0178979
0 0.0154895 -0.00766487 -0.0123526
0 0.0163406 -0.00359664 -0.00706185
0 0.0169828 0.000156311 -0.0020745
0 0.0173829 0.00355163 0.00256115
0 0.017511 0.00655053 0.00679787
0 0.0173429 0.00911894 0.0105913
0 0.0168625 0.0112283 0.0139017
0 0.016063 0.012856 0.0166953
0 0.0149477 0.0139857 0.0189446
0 0.0135296 0.0146074 0.0206287
0 0.0118313 0.0147174 0.0217334
0 0.00988495 0.0143189 0.0222519
0 0.00773143 0.0134221 0.0221854
0 0.0054186 0.0120443 0.0215425
0 0.00299852 0.0102077 0.0203378
0 0.000525256 0.00793901 0.0185912
0 -0.00194537 0.00526999 0.0163278
0 -0.0043562 0.00224012 0.0135796
0 -0.00665047 -0.00110126 0.0103856
0 -0.00877421 -0.00469517 0.0067915
0 -0.0106778 -0.00847508 0.00284746
0 -0.0123161 -0.0123686 -0.00139154
0 -0.0136477 -0.0162984 -0.00586554
0 -0.0146352 -0.0201841 -0.01051
0 -0.0152456 -0.0239451 -0.0152575
0 -0.0154521 -0.027503 -0.0200395
0 -0.0152343 -0.0307826 -0.0247878
0 -0.0145807 -0.0337141 -0.0294345
0 -0.0134893 -0.0362345 -0.0339124
0 -0.0119683 -0.0382903 -0.0381553
0 -0.010037 -0.039839 -0.0420995
0 -0.00772606 -0.0408504 -0.0456847
0 -0.00507474 -0.0413063 -0.0488563
0 -0.00212823 -0.0411997 -0.0515666
0 0.00106421 -0.0405355 -0.0537736
0 0.00444957 -0.0393301 -0.0554416
0 0.00797252 -0.0376107 -0.0565425
0 0.0115777 -0.0354121 -0.0570567
0 0.0152113 -0.0327741 -0.0569714
0 0.018823 -0.02974 -0.05628
0 0.0223647 -0.0263557 -0.0549838
0 0.0257894 -0.0226714 -0.053094
0 0.0290488 -0.0187435 -0.0506333
0 0.0320932 -0.0146348 -0.0476347
0 0.0348745 -0.010413 -0.0441392
0 0.0373507 -0.0061469 -0.0401924
0 0.0394882 -0.00190279 -0.0358409
0 0.0412628 0.00225795 -0.031132
0 0.0426573 0.00627983 -0.0261154
0 0.0436586 0.0101133 -0.0208463
0 0.0442571 0.0137149 -0.0153856
0 0.0444478 0.0170483 -0.00979765
0 0.0442341 0.0200842 -0.00414763
0 0.0436316 0.0228026 0.00150128
0 0.0426684 0.0251944 0.00709028
0 0.0413817 0.0272588 0.0125656
0 0.039812 0.0289991 0.0178767
0 0.0380005 0.0304206 0.0229752
0 0.0359892 0.0315305 0.0278154
0 0.0338207 0.0323384 0.0323545
0 0.0315375 0.0328554 0.0365517
0 0.0291812 0.0330934 0.0403697
0 0.0267912 0.0330665 0.043777
0 0.0244062 0.032791 0.0467484
0 0.0220641 0.0322853 0.0492656
0 0.0198008 0.0315696 0.0513142
0 0.0176485 0.0306669 0.0528792
0 0.0156344 0.0295987 0.0539465
0 0.0137809 0.0283818 0.0545077
0 0.0121059 0.027028 0.0545606
0 0.0106238 0.0255474 0.054106
0 0.0093454 0.0239497 0.0531469
0 0.0082769 0.0222447 0.0516878
0 0.00741904 0.0204429 0.0497345
0 0.00676754 0.0185542 0.0472962
0 0.00631379 0.0165865 0.0443879
0 0.00604523 0.0145462 0.0410311
0 0.00594585 0.0124391 0.037254
0 0.00599685 0.0102709 0.0330901
0 0.00617723 0.00804779 0.0285781
0 0.00646519 0.00577737 0.0237617
0 0.00684023 0.00346988 0.0186906
0 0.00728424 0.00113811 0.0134197
0 0.00778096 -0.00120438 0.00800495
0 0.00831414 -0.00354561 0.00249936
0 0.00886561 -0.00587649 -0.00304865
0 0.00941604 -0.00818988 -0.00859431
0 0.00994774 -0.0104787 -0.0140942
0 0.0104465 -0.0127343 -0.0195036
0 0.0109032 -0.0149456 -0.0247753
0 0.0113156 -0.0170979 -0.0298595
0 0.0116883 -0.0191726 -0.0347051
0 0.0120308 -0.0211483 -0.0392621
0 0.0123557 -0.023002 -0.0434825
0 0.0126773 -0.0247101 -0.0473218
0 0.0130104 -0.0262497 -0.0507381
0 0.0133686 -0.0275999 -0.0536935
0 0.0137634 -0.0287418 -0.0561552
0 0.0142043 -0.0296572 -0.0580961
0 0.0146987 -0.030329 -0.0594946
0 0.01525 -0.0307428 -0.0603351
0 0.0158574 -0.0308877 -0.0606085
0 0.0165173 -0.0307538 -0.0603116
0 0.0172274 -0.0303282 -0.0594446
0 0.0179883 -0.0295932 -0.0580094
0 0.0188014 -0.0285291 -0.0560106
0 0.0196663 -0.0271194 -0.0534592
0 0.0205788 -0.0253554 -0.0503745
0 0.0215291 -0.0232388 -0.0467858
0 0.0225039 -0.0207803 -0.0427302
0 0.0234904 -0.0179957 -0.0382488
0 0.0244791 -0.0149035 -0.0333831
0 0.0254658 -0.0115226 -0.0281726
0 0.0264505 -0.00787314 -0.0226552
0 0.0274346 -0.00397878 -0.0168693
0 0.0284177 0.000131535 -0.0108557
0 0.0293964 0.00442372 -0.00465814
0 0.0303647 0.00886083 0.00167952
0 0.031317 0.0134061 0.00811599
0 0.0322495 0.0180258 0.0146141
0 0.0331614 0.0226905 0.0211409
0 0.0340531 0.0273742 0.0276661
0 0.0349235 0.0320524 0.0341598
0 0.0357688 0.0367006 0.0405898
0 0.036581 0.0412929 0.0469197
0 0.037347 0.0458011 0.0531106
0 0.0380511 0.0501975 0.0591231
0 0.0386777 0.0544569 0.0649208
0 0.0392142 0.0585593 0.0704722
0 0.0396525 0.0624906 0.0757524
0 0.0399884 0.0662414 0.0807421
0 0.0402193 0.0698049 0.0854255
0 0.0403425 0.0731744 0.0897885
0 0.0403553 0.0763427 0.093818
0 0.0402559 0.0793029 0.0975022
0 0.0400448 0.0820483 0.100832
0 0.0397261 0.0845746 0.103801
0 0.0393081 0.086879 0.106408
0 0.0388025 0.0889601 0.108654
0 0.0382232 0.0908164 0.110542
0 0.0375864 0.0924444 0.112079
0 0.0369078 0.0938392 0.11327
0 0.0362013 0.0949951 0.11412
0 0.0354789 0.0959062 0.114636
0 0.0347517 0.0965671 0.114824
0 0.0340318 0.0969744 0.114693
0 0.0333333 0.0971265 0.114256
0 0.0326733 0.0970249 0.11353
0 0.0320692 0.0966721 0.112535
0 0.0315342 0.0960682 0.111285
0 0.0310735 0.0952105 0.109791
0 0.030684 0.0940971 0.108061
0 0.030358 0.0927309 0.106099
0 0.0300862 0.0911219 0.103913
0 0.0298586 0.0892863 0.101514
0 0.0296629 0.0872437 0.0989109
0 0.0294843 0.0850151 0.0961146
0 0.029306 0.0826217 0.0931333
0 0.0291091 0.0800841 0.0899748
0 0.0288721 0.0774196 0.086644
0 0.0285707 0.0746415 0.0831434
0 0.028181 0.0717604 0.0794747
0 0.0276827 0.0687861 0.0756415
0 0.0270605 0.0657281 0.0716498
0 0.0263038 0.062595 0.0675073
0 0.0254066 0.0593942 0.0632238
0 0.0243693 0.0561336 0.0588125
0 0.0231982 0.0528227 0.0542911
0 0.0219046 0.0494711 0.0496798
0 0.0205018 0.0460877 0.0449995
0 0.0190036 0.0426788 0.0402698
0 0.0174225 0.0392471 0.035508
0 0.0157684 0.0357917 0.0307286
0 0.0140502 0.0323094 0.025945
0 0.0122765 0.0287973 0.0211706
0 0.0104572 0.0252543 0.0164202
0 0.00860571 0.0216835 0.0117115
0 0.00673948 0.0180939 0.00706659
0 0.00487905 0.0144994 0.00250983
0 0.00304488 0.0109153 -0.00193466
0 0.00125534 0.00735722 -0.00624536
0 -0.00047361 0.00384013 -0.0104036
0 -0.00212773 0.000379231 -0.014393
0 -0.00369376 -0.00300958 -0.0181985
0 -0.00515932 -0.00630975 -0.0218066
0 -0.00651312 -0.00950457 -0.0252055
0 -0.00774505 -0.0125774 -0.0283851
0 -0.0088459 -0.0155118 -0.031337
0 -0.00980739 -0.0182912 -0.0340544
0 -0.0106228 -0.0209003 -0.0365328
0 -0.011288 -0.0233259 -0.0387708
0 -0.0118006 -0.0255566 -0.0407691
0 -0.0121595 -0.0275818 -0.0425299
0 -0.012363 -0.0293909 -0.044055
0 -0.0124088 -0.0309725 -0.045345
0 -0.0122946 -0.0323144 -0.0463995
0 -0.0120205 -0.0334054 -0.0472179
0 -0.011591 -0.0342369 -0.0478012
0 -0.011016 -0.034804 -0.0481532
0 -0.0103096 -0.0351053 -0.0482797
0 -0.00948904 -0.0351417 -0.048187
0 -0.00857287 -0.0349149 -0.0478813
0 -0.00758065 -0.0344276 -0.0473676
0 -0.00653213 -0.033683 -0.04665
0 -0.00544652 -0.0326844 -0.0457309
0 -0.00434225 -0.031436 -0.0446114
0 -0.00323665 -0.0299444 -0.0432918
0 -0.00214494 -0.0282193 -0.041772
0 -0.00107889 -0.0262737 -0.0400507
0 -4.64318e-05 -0.024123 -0.0381257
0 0.000947867 -0.021785 -0.0359941
0 0.00190183 -0.0192805 -0.0336544
0 0.00281413 -0.0166336 -0.0311075
0 0.00368251 -0.0138732 -0.028359
0 0.00450331 -0.0110315 -0.0254193
0 0.00527325 -0.00814204 -0.0223019
0 0.00599149 -0.00523592 -0.019021
0 0.00666014 -0.00234074 -0.0155911
0 0.00728289 0.000519505 -0.0120279
0 0.00786406 0.00332437 -0.00834857
0 0.0084085 0.00605733 -0.00457178
0 0.00892143 0.00870556 -0.000716653
0 0.00940761 0.0112594 0.00319642
0 0.00987083 0.0137119 0.00714499
0 0.0103139 0.0160577 0.0111046
0 0.0107386 0.0182934 0.0150495
0 0.0111461 0.020417 0.0189535
0 0.0115372 0.0224281 0.0227903
0 0.0119119 0.0243279 0.0265331
0 0.0122696 0.026118 0.0301538
0 0.0126088 0.0278003 0.0336242
0 0.0129277 0.0293768 0.036916
0 0.0132249 0.0308505 0.0400035
0 0.0134997 0.0322248 0.0428636
0 0.0137526 0.0335036 0.045477
0 0.0139852 0.0346914 0.0478288
0 0.0142015 0.0357938 0.0499087
0 0.0144067 0.0368165 0.0517112
0 0.014607 0.0377656 0.0532345
0 0.0148088 0.0386461 0.0544801
0 0.0150182 0.0394622 0.0554522
0 0.0152397 0.0402153 0.0561563
0 0.0154744 0.0409028 0.056598
0 0.0157205 0.0415183 0.0567834
0 0.0159754 0.0420538 0.0567207
0 0.0162376 0.0425018 0.0564223
0 0.0165079 0.0428569 0.0559053
0 0.0167885 0.0431154 0.0551901
0 0.0170817 0.0432748 0.0542997
0 0.0173888 0.0433334 0.0532573
0 0.01771 0.0432904 0.0520866
0 0.0180441 0.0431462 0.0508108
0 0.0183885 0.0429032 0.0494526
0 0.018739 0.0425641 0.0480331
0 0.0190884 0.0421319 0.0465704
0 0.0194272 0.0416089 0.04508
0 0.0197444 0.0409981 0.0435751
0 0.0200286 0.0403036 0.0420672
0 0.0202686 0.0395304 0.040566
0 0.0204535 0.0386843 0.0390792
0 0.0205723 0.0377713 0.0376125
0 0.0206162 0.036799 0.0361711
0 0.0205796 0.0357775 0.0347615
0 0.0204611 0.0347195 0.0333919
0 0.0202621 0.0336387 0.0320706
0 0.0199856 0.0325477 0.0308046
0 0.0196354 0.0314577 0.029599
0 0.0192162 0.0303784 0.0284575
0 0.018733 0.0293174 0.0273816
0 0.01819 0.028279 0.0263697
0 0.0175903 0.0272644 0.0254176
0 0.0169373 0.0262727 0.0245191
0 0.0162362 0.0253028 0.0236682
0 0.0154935 0.0243535 0.0228593
0 0.0147172 0.0234233 0.0220867
0 0.0139159 0.0225102 0.0213448
0 0.0130979 0.0216116 0.0206272
0 0.0122716 0.0207237 0.0199268
0 0.0114445 0.019842 0.019236
0 0.0106232 0.0189615 0.0185464
0 0.00981342 0.0180767 0.0178492
0 0.00902035 0.0171826 0.017136
0 0.00824956 0.0162757 0.0163993
0 0.00750771 0.0153545 0.0156336
0 0.00680219 0.01442 0.0148357
0 0.00613985 0.0134742 0.0140029
0 0.00552612 0.0125196 0.0131328
0 0.00496484 0.0115587 0.0122232
0 0.00445874 0.0105948 0.0112723
0 0.00400987 0.00963227 0.0102799
0 0.00361982 0.00867664 0.00924688
0 0.00328941 0.00773409 0.00817533
0 0.00301849 0.00681092 0.00706809
0 0.00280591 0.00591333 0.00592879
0 0.0026498 0.00504747 0.00476202
0 0.00254775 0.00421944 0.00357342
0 0.00249711 0.0034355 0.00236996
0 0.00249599 0.00270287 0.00116087
0 0.00254416 0.0020306 -4.15174e-05
0 0.00264201 0.00142829 -0.00122298
0 0.00278677 0.000902235 -0.00237128
0 0.00296984 0.000452488 -0.00347899
0 0.00317829 7.41689e-05 -0.00454232
0 0.00339904 -0.000238689 -0.00555734
0 0.00362188 -0.000490244 -0.00651733
0 0.00384002 -0.000682516 -0.0074126
0 0.00404873 -0.000816809 -0.00823222
0 0.00424411 -0.000894939 -0.00896546
0 0.00442291 -0.000919329 -0.00960228
0 0.00458297 -0.000892482 -0.010133
0 0.00472333 -0.000816722 -0.0105486
0 0.00484355 -0.00069471 -0.0108414
0 0.00494282 -0.000530338 -0.0110061
0 0.00501967 -0.000328878 -0.0110403
0 0.0050728 -9.61086e-05 -0.010944
0 0.00510182 0.000162647 -0.0107184
0 0.00510747 0.000442848 -0.0103658
0 0.00509129 0.000740586 -0.00989019
0 0.00505529 0.00105244 -0.00929723
0 0.00500189 0.00137553 -0.00859415
0 0.00493406 0.00170773 -0.00778951
0 0.00485563 0.00204814 -0.00689258
0 0.0047718 0.00239758 -0.00591262
0 0.00468894 0.00275853 -0.00485859
0 0.00461383 0.00313438 -0.00373955
0 0.00455257 0.00352846 -0.00256521
0 0.00450931 0.0039427 -0.00134701
0 0.00448513 0.00437645 -9.89494e-05
0 0.00447816 0.00482647 0.00116266
0 0.00448514 0.00528829 0.0024207
0 0.00450273 0.00575744 0.00365864
0 0.00452827 0.00623014 0.00486137
0 0.00456041 0.00670376 0.00601589
0 0.00459935 0.00717701 0.00711172
0 0.0046465 0.00764957 0.00814057
0 0.00470437 0.00812197 0.00909636
0 0.00477663 0.00859569 0.00997552
0 0.00486839 0.00907341 0.0107773
0 0.00498691 0.00955994 0.0115049
0 0.00514261 0.0100633 0.0121662
0 0.00534734 0.0105933 0.0127727
0 0.0056095 0.0111571 0.0133346
0 0.00593039 0.0117551 0.0138569
0 0.00630534 0.012383 0.0143409
0 0.0067277 0.0130346 0.0147876
0 0.0071911 0.0137052 0.0151998
0 0.00768913 0.0143904 0.0155818
0 0.00821454 0.0150853 0.0159378
0 0.00875965 0.0157854 0.0162725
0 0.00931816 0.0164875 0.0165923
0 0.00988617 0.0171913 0.0169063
0 0.0104613 0.0178984 0.0172251
0 0.011041 0.0186101 0.0175592
0 0.0116203 0.019326 0.0179166
0 0.0121928 0.0200433 0.0183028
0 0.0127513 0.0207588 0.0187222
0 0.0132893 0.0214694 0.0191788
0 0.0138013 0.0221725 0.0196764
0 0.014282 0.0228654 0.0202176
0 0.0147259 0.0235446 0.0208035
0 0.0151272 0.0242055 0.021433
0 0.0154799 0.0248431 0.0221032
0 0.0157793 0.0254526 0.0228107
0 0.0160216 0.0260297 0.0235511
0 0.016204 0.0265703 0.0243192
0 0.0163248 0.0270704 0.0251087
0 0.0163826 0.027526 0.0259124
0 0.0163772 0.0279331 0.026722
0 0.0163096 0.0282881 0.027529
0 0.0161818 0.0285878 0.0283243
0 0.0159968 0.0288293 0.0290983
0 0.0157587 0.0290099 0.0298411
0 0.0154721 0.0291274 0.0305424
0 0.0151424 0.02918 0.0311918
0 0.0147752 0.0291661 0.0317784
0 0.0143766 0.0290848 0.0322918
0 0.0139542 0.0289363 0.0327225
0 0.0135168 0.0287228 0.0330629
0 0.0130745 0.0284483 0.0333071
0 0.0126374 0.0281176 0.0334502
0 0.0122147 0.0277358 0.0334882
0 0.0118157 0.0273087 0.0334185
0 0.0114493 0.0268435 0.0332405
0 0.0111231 0.0263474 0.0329544
0 0.010842 0.0258262 0.0325605
0 0.0106067 0.0252835 0.0320574
0 0.0104153 0.0247207 0.0314435
0 0.0102641 0.0241393 0.0307182
0 0.0101492 0.0235409 0.0298831
0 0.0100671 0.0229285 0.0289422
0 0.0100146 0.0223055 0.0279021
0 0.00998898 0.0216763 0.0267713
0 0.00998665 0.0210442 0.025559
0 0.0100023 0.0204108 0.024274
0 0.0100288 0.0197757 0.0229246
0 0.0100584 0.0191372 0.0215191
0 0.0100841 0.0184939 0.020067
0 0.0101009 0.0178456 0.0185799
0 0.0101058 0.0171938 0.0170709
0 0.0100967 0.0165402 0.0155538
0 0.0100699 0.0158843 0.0140398
0 0.0100195 0.0152227 0.0125375
0 0.00993784 0.01455 0.0110529
0 0.00981836 0.0138605 0.00959205
0 0.009657 0.0131508 0.00816192
0 0.00945322 0.0124202 0.00677163
0 0.00920954 0.0116704 0.0054316
0 0.00893006 0.0109048 0.00415206
0 0.0086193 0.0101267 0.002942
0 0.00828206 0.00933988 0.00180895
0 0.00792363 0.00854865 0.000759254
0 0.00754987 0.00775818 -0.000201807
0 0.00716699 0.00697428 -0.00107013
0 0.00678114 0.00620321 -0.00184299
0 0.0063977 0.00545098 -0.00251968
0 0.00602001 0.00472207 -0.00310258
0 0.00564881 0.00401884 -0.0035976
0 0.00528333 0.00334239 -0.00401298
0 0.00492343 0.00269458 -0.00435699
0 0.00457159 0.00207992 -0.00463577
0 0.00423327 0.00150584 -0.00485279
0 0.0039155 0.000981203 -0.00500994
0 0.00362506 0.000514526 -0.00510913
0 0.00336694 0.000112384 -0.00515365
0 0.00314296 -0.000221967 -0.00514933
0 0.00295156 -0.000488929 -0.00510472
0 0.00278925 -0.000691286 -0.00502966
0 0.00265225 -0.000832618 -0.00493348
0 0.00253734 -0.000916719 -0.00482433
0 0.00244199 -0.00094747 -0.00470896
0 0.00236553 -0.000927759 -0.00459156
0 0.00231044 -0.000858107 -0.00447249
0 0.00228161 -0.000737247 -0.00434888
0 0.00228354 -0.000564716 -0.00421737
0 0.00231829 -0.000342719 -0.00407615
0 0.00238588 -7.55737e-05 -0.00392452
0 0.00248605 0.000232278 -0.00376115
0 0.00261994 0.000578009 -0.00358254
0 0.00279022 0.000960831 -0.00338276
0 0.00299984 0.00138084 -0.00315486
0 0.00324947 0.00183667 -0.00289337
0 0.00353532 0.00232333 -0.00259665
0 0.00384948 0.00283254 -0.00226668
0 0.00418326 0.00335592 -0.00190601
0 0.00453072 0.00388844 -0.00151437
0 0.00488921 0.00442893 -0.00108833
0 0.00525736 0.00497798 -0.000623361
0 0.00563318 0.00553609 -0.0001159
0 0.00601394 0.00610341 0.000436488
0 0.00639736 0.0066808 0.00103613
0 0.00678273 0.00727096 0.00168637
0 0.00717123 0.0078786 0.00239182
0 0.00756511 0.00850959 0.00315758
0 0.00796662 0.00916987 0.0039882
0 0.0083768 0.00986411 0.00488643
0 0.00879402 0.0105941 0.00585168
0 0.00921333 0.0113578 0.00687942
0 0.0096279 0.0121512 0.00796254
0 0.0100311 0.0129694 0.00909339
0 0.0104178 0.0138085 0.010265
0 0.0107844 0.0146653 0.0114712
0 0.0111289 0.0155373 0.0127068
0 0.0114504 0.0164221 0.0139668
0 0.0117489 0.0173171 0.0152463
0 0.0120242 0.0182192 0.0165399
0 0.0122754 0.019123 0.0178406
0 0.0124991 0.0200202 0.0191386
0 0.0126898 0.0208997 0.0204214
0 0.0128419 0.0217491 0.0216755
0 0.0129506 0.0225561 0.0228878
0 0.0130131 0.0233097 0.0240462
0 0.013029 0.024001 0.0251406
0 0.013001 0.0246234 0.0261631
0 0.012933 0.0251717 0.0271069
0 0.0128291 0.0256412 0.0279653
0 0.0126944 0.0260281 0.0287324
0 0.0125353 0.0263309 0.0294037
0 0.0123598 0.0265503 0.0299769
0 0.0121759 0.0266882 0.0304501
0 0.0119903 0.026746 0.0308207
0 0.0118066 0.0267237 0.0310842
0 0.0116265 0.0266206 0.0312351
0 0.0114508 0.0264366 0.0312684
0 0.011281 0.0261736 0.0311809
0 0.011119 0.0258355 0.0309716
0 0.0109666 0.0254274 0.0306408
0 0.0108257 0.0249558 0.0301906
0 0.0107001 0.0244303 0.0296263
0 0.0105965 0.0238644 0.0289584
0 0.0105232 0.0232742 0.0282004
0 0.0104872 0.0226753 0.0273664
0 0.0104911 0.0220799 0.0264678
0 0.0105328 0.0214957 0.0255131
0 0.0106073 0.0209281 0.0245093
0 0.0107083 0.0203808 0.0234636
0 0.0108291 0.0198569 0.0223838
0 0.010963 0.0193589 0.0212786
0 0.0111049 0.0188896 0.0201582
0 0.011251 0.0184524 0.0190349
0 0.0113985 0.0180509 0.0179216
0 0.011545 0.017688 0.0168313
0 0.0116881 0.0173659 0.0157764
0 0.0118258 0.0170862 0.0147697
0 0.0119565 0.0168497 0.0138233
0 0.0120784 0.0166563 0.0129485
0 0.0121901 0.0165051 0.012156
0 0.0122896 0.016394 0.0114549
0 0.0123739 0.016319 0.0108517
0 0.0124385 0.016274 0.01035
0 0.0124786 0.0162523 0.00995128
0 0.0124904 0.0162473 0.00965603
0 0.012471 0.0162532 0.00946391
0 0.0124189 0.0162648 0.00937351
0 0.0123337 0.0162779 0.00938258
0 0.0122164 0.0162898 0.00948833
0 0.0120692 0.0162985 0.00968679
0 0.0118933 0.0163012 0.00997129
0 0.0116882 0.0162935 0.0103316
0 0.0114525 0.01627 0.010755
0 0.0111865 0.016227 0.0112288
0 0.0108935 0.0161638 0.0117421
0 0.0105801 0.0160831 0.0122866
0 0.0102541 0.015989 0.0128542
0 0.00992161 0.015884 0.0134353
0 0.00958681 0.0157689 0.0140179
0 0.00925291 0.0156436 0.0145897
0 0.00892438 0.0155098 0.0151397
0 0.0086075 0.0153709 0.0156594
0 0.00830923 0.0152318 0.0161415
0 0.00803597 0.0150969 0.0165793
0 0.00779348 0.0149708 0.0169664
0 0.00758779 0.0148587 0.0172988
0 0.00742544 0.0147666 0.0175744
0 0.00731275 0.014701 0.0177933
0 0.00725477 0.0146673 0.0179562
0 0.00725421 0.0146694 0.0180641
0 0.00731067 0.0147082 0.0181169
0 0.0074209 0.0147823 0.018114
0 0.00757994 0.0148891 0.0180554
0 0.00778218 0.0150252 0.0179422
0 0.0080216 0.0151872 0.0177772
0 0.0082917 0.015371 0.0175641
0 0.00858551 0.015572 0.0173074
0 0.00889606 0.0157856 0.0170128
0 0.00921664 0.0160072 0.0166867
0 0.00954072 0.0162321 0.016336
0 0.00986187 0.0164556 0.0159677
0 0.0101739 0.0166733 0.015589
0 0.0104712 0.0168809 0.015207
0 0.0107488 0.0170745 0.0148295
0 0.0110026 0.0172507 0.0144638
0 0.0112288 0.0174063 0.0141173
0 0.0114256 0.0175394 0.0137978
0 0.0115937 0.0176508 0.0135146
0 0.0117363 0.0177439 0.0132781
0 0.011858 0.0178231 0.0130989
0 0.0119616 0.0178921 0.0129843
0 0.012047 0.0179512 0.0129375
0 0.0121114 0.0179988 0.0129573
0 0.0121514 0.0180329 0.0130407
0 0.0121663 0.0180542 0.0131858
0 0.012159 0.0180671 0.0133929
0 0.0121351 0.0180787 0.0136634
0 0.0120994 0.0180955 0.0139973
0 0.0120543 0.0181216 0.0143907
0 0.0119998 0.0181584 0.014837
0 0.0119357 0.018207 0.0153281
0 0.0118624 0.0182686 0.0158564
0 0.0117813 0.018345 0.0164144
0 0.0116936 0.0184374 0.0169948
0 0.011601 0.0185466 0.0175897
0 0.0115051 0.0186729 0.0181916
0 0.0114075 0.018816 0.0187929
0 0.0113089 0.0189744 0.0193852
0 0.0112083 0.019144 0.0199584
0 0.0111033 0.0193189 0.0205012
0 0.0109911 0.0194922 0.0210026
0 0.01087 0.0196574 0.0214528
0 0.0107408 0.0198096 0.0218448
0 0.0106078 0.0199472 0.0221759
0 0.0104781 0.0200713 0.0224471
0 0.01036 0.0201841 0.0226612
0 0.0102608 0.0202874 0.0228214
0 0.0101862 0.0203816 0.0229302
0 0.0101386 0.0204651 0.0229885
0 0.0101168 0.0205335 0.0229944
0 0.0101161 0.0205797 0.0229441
0 0.0101308 0.0205967 0.0228337
0 0.0101558 0.020579 0.022661
0 0.0101886 0.0205246 0.0224269
0 0.0102299 0.020435 0.0221365
0 0.0102815 0.0203145 0.0217969
0 0.0103452 0.0201678 0.0214155
0 0.0104215 0.0199993 0.0209996
0 0.0105105 0.0198134 0.020556
0 0.0106117 0.0196152 0.0200921
0 0.0107247 0.0194101 0.0196152
0 0.0108485 0.0192031 0.0191326
0 0.0109807 0.0189986 0.0186502
0 0.0111165 0.0187982 0.0181717
0 0.0112486 0.018601 0.017698
0 0.0113686 0.0184046 0.0172285
0 0.0114687 0.0182066 0.016763
0 0.011543 0.0180056 0.0163022
0 0.0115882 0.0178019 0.015849
0 0.0116037 0.0175974 0.0154078
0 0.0115904 0.0173946 0.0149838
0 0.0115498 0.0171955 0.0145818
0 0.0114832 0.0170012 0.0142054
0 0.0113917 0.0168113 0.0138571
0 0.0112758 0.0166247 0.013538
0 0.0111367 0.0164396 0.0132486
0 0.0109758 0.0162545 0.0129892
0 0.0107955 0.016068 0.0127597
0 0.0105987 0.0158789 0.01256
0 0.0103892 0.0156871 0.0123901
0 0.0101721 0.0154937 0.0122507
0 0.0099534 0.0153008 0.012143
0 0.00973888 0.0151108 0.0120677
0 0.00953359 0.0149259 0.0120244
0 0.00934138 0.0147477 0.0120117
0 0.00916513 0.0145774 0.012027
0 0.00900717 0.0144164 0.0120676
0 0.00886952 0.0142663 0.0121306
0 0.0087538 0.0141292 0.0122129
0 0.00866113 0.0140072 0.0123115
0 0.0085921 0.0139022 0.0124234
0 0.00854687 0.0138164 0.0125454
0 0.00852521 0.0137519 0.0126749
0 0.00852654 0.0137107 0.0128092
0 0.00854995 0.0136946 0.012946
0 0.00859422 0.0137052 0.0130834
0 0.00865788 0.0137439 0.0132198
0 0.00873943 0.0138114 0.0133541
0 0.00883771 0.0139091 0.0134863
0 0.00895252 0.0140386 0.0136176
0 0.00908471 0.0142022 0.0137511
0 0.00923556 0.0144025 0.0138907
0 0.00940616 0.0146412 0.0140406
0 0.00959678 0.0149194 0.0142047
0 0.00980617 0.0152359 0.0143858
0 0.0100314 0.0155879 0.0145854
0 0.0102685 0.0159713 0.0148042
0 0.0105136 0.0163816 0.015043
0 0.0107631 0.0168146 0.015303
0 0.0110145 0.0172667 0.0155864
0 0.0112668 0.0177355 0.0158964
0 0.0115202 0.0182201 0.0162375
0 0.0117758 0.0187199 0.0166146
0 0.0120348 0.0192347 0.0170323
0 0.0122979 0.0197638 0.0174946
0 0.0125654 0.0203062 0.0180041
0 0.0128358 0.0208597 0.0185617
0 0.0131063 0.0214208 0.0191662
0 0.0133731 0.0219853 0.0198149
0 0.0136324 0.022549 0.0205042
0 0.0138808 0.0231086 0.0212305
0 0.0141152 0.0236605 0.0219893
0 0.0143322 0.0242014 0.0227753
0 0.0145289 0.0247282 0.0235829
0 0.0147037 0.0252384 0.0244066
0 0.0148563 0.0257314 0.0252419
0 0.0149881 0.0262074 0.0260852
0 0.0151008 0.0266671 0.0269324
0 0.015195 0.0271098 0.0277777
0 0.015269 0.0275323 0.0286128
0 0.0153209 0.027931 0.0294285
0 0.01535 0.0283032 0.0302167
0 0.0153585 0.0286487 0.0309715
0 0.0153502 0.0289688 0.0316892
0 0.0153292 0.0292649 0.0323659
0 0.0152985 0.0295371 0.032997
0 0.0152605 0.0297848 0.0335775
0 0.0152175 0.0300073 0.0341027
0 0.0151728 0.0302051 0.0345695
0 0.0151306 0.0303795 0.0349761
0 0.0150954 0.0305327 0.0353224
0 0.0150702 0.0306655 0.0356072
0 0.0150529 0.0307741 0.0358256
0 0.0150347 0.0308481 0.0359665
0 0.0150028 0.0308735 0.0360161
0 0.0149474 0.030839 0.0359638
0 0.0148646 0.030739 0.0358052
0 0.0147544 0.030572 0.0355409
0 0.0146193 0.0303385 0.0351736
0 0.0144635 0.0300413 0.0347088
0 0.0142933 0.0296851 0.0341541
0 0.0141148 0.0292753 0.033518
0 0.0139306 0.0288142 0.0328058
0 0.0137369 0.0282984 0.0320171
0 0.013525 0.0277198 0.0311468
0 0.0132856 0.0270701 0.0301892
0 0.0130118 0.0263438 0.0291413
0 0.0127007 0.0255387 0.0280033
0 0.0123515 0.0246555 0.026778
0 0.0119643 0.0236956 0.0254686
0 0.0115394 0.0226603 0.024078
0 0.0110781 0.0215523 0.0226102
0 0.010585 0.0203774 0.0210722
0 0.0100679 0.019145 0.0194741
0 0.00953636 0.0178663 0.0178277
0 0.00899944 0.0165527 0.0161444
0 0.00846497 0.0152145 0.0144343
0 0.00793839 0.01386 0.0127056
0 0.00742192 0.0124947 0.0109632
0 0.00691505 0.0111222 0.00920966
0 0.00641614 0.00974504 0.00744682
0 0.00592364 0.00836635 0.00567676
0 0.00543624 0.00698949 0.00390201
0 0.00495276 0.00561796 0.00212544
0 0.00447304 0.0042561 0.000351108
0 0.00399921 0.00291029 -0.00141458
0 0.00353549 0.00158874 -0.00316287
0 0.00308652 0.000299876 -0.00488427
0 0.00265592 -0.000949143 -0.00657003
0 0.00224609 -0.0021526 -0.00821234
0 0.00185892 -0.0033055 -0.00980361
0 0.00149613 -0.0044033 -0.0113363
0 0.00115897 -0.00544219 -0.0128034
0 0.000848073 -0.00641921 -0.0141984
0 0.000563729 -0.00733195 -0.0155152
0 0.000306383 -0.00817808 -0.016748
0 7.69114e-05 -0.00895497 -0.0178904
0 -0.000123406 -0.00965973 -0.0189362
0 -0.000293147 -0.0102894 -0.019879
0 -0.000430977 -0.0108412 -0.0207133
0 -0.000535701 -0.0113124 -0.0214336
0 -0.000606215 -0.0117004 -0.0220351
0 -0.000641475 -0.0120027 -0.0225134
0 -0.000640609 -0.0122166 -0.0228646
0 -0.000603512 -0.0123402 -0.023086
0 -0.000532114 -0.0123735 -0.0231772
0 -0.000431183 -0.0123192 -0.0231408
0 -0.000307434 -0.0121818 -0.0229822
0 -0.00016721 -0.0119661 -0.0227068
0 -1.40185e-05 -0.0116746 -0.0223182
0 0.000152368 -0.0113069 -0.0218173
0 0.000334377 -0.010861 -0.0212032
0 0.000533854 -0.0103363 -0.0204769
0 0.00075047 -0.00973491 -0.0196418
0 0.000982382 -0.00906116 -0.0187038
0 0.00122782 -0.00831986 -0.0176694
0 0.00148586 -0.00751559 -0.0165447
0 0.00175625 -0.00665277 -0.0153358
0 0.00203915 -0.00573585 -0.0140489
0 0.00233512 -0.00476919 -0.0126902
0 0.00264511 -0.00375696 -0.0112657
0 0.00297026 -0.00270329 -0.00978155
0 0.00331163 -0.00161231 -0.00824389
0 0.00367031 -0.000487959 -0.00665885
0 0.00404812 0.000666877 -0.00503149
0 0.0044484 0.00185133 -0.00336488
0 0.0048758 0.0030664 -0.00166031
0 0.00533507 0.0043139 8.1659e-05
0 0.00582968 0.00559513 0.00185989
0 0.0063607 0.00690974 0.00367144
0 0.00692619 0.00825515 0.00551102
0 0.00752213 0.00962743 0.0073719
0 0.00814468 0.0110234 0.0092481
0 0.00879217 0.0124425 0.0111363
0 0.00946492 0.0138864 0.0130358
0 0.0101635 0.0153578 0.0149466
0 0.0108862 0.016857 0.0168673
0 0.011628 0.0183813 0.0187929
0 0.012381 0.0199247 0.0207164
0 0.0131378 0.0214813 0.0226312
0 0.0138944 0.0230479 0.0245341
0 0.0146502 0.0246242 0.0264254
0 0.0154054 0.02621 0.0283064
0 0.0161595 0.0278042 0.0301776
0 0.0169102 0.0294033 0.0320379
0 0.0176537 0.031002 0.0338844
0 0.0183853 0.0325935 0.0357133
0 0.0191004 0.0341709 0.0375203
0 0.0197954 0.0357277 0.0393016
0 0.0204675 0.0372581 0.0410541
0 0.0211147 0.0387565 0.042775
0 0.0217355 0.0402179 0.0444614
0 0.0223279 0.0416366 0.0461098
0 0.0228897 0.0430067 0.0477157
0 0.0234181 0.0443217 0.049274
0 0.0239105 0.0455756 0.0507792
0 0.0243645 0.0467626 0.0522259
0 0.024778 0.0478776 0.0536085
0 0.0251491 0.0489155 0.0549212
0 0.025476 0.0498721 0.0561582
0 0.025757 0.0507431 0.0573136
0 0.025991 0.0515251 0.0583816
0 0.0261765 0.0522147 0.0593562
0 0.0263127 0.052809 0.0602316
0 0.0263985 0.0533053 0.0610019
0 0.0264332 0.0537012 0.0616614
0 0.0264165 0.0539948 0.0622047
0 0.0263487 0.0541846 0.0626271
0 0.026231 0.0542693 0.0629238
0 0.0260648 0.054248 0.0630909
0 0.0258523 0.05412 0.0631245
0 0.0255974 0.0538858 0.0630227
0 0.0253057 0.0535479 0.0627855
0 0.024984 0.0531104 0.0624145
0 0.0246392 0.052578 0.061912
0 0.0242774 0.0519555 0.0612805
0 0.0239037 0.0512475 0.0605223
0 0.0235219 0.0504587 0.0596399
0 0.0231354 0.049594 0.0586363
0 0.0227468 0.0486586 0.057515
0 0.0223588 0.0476588 0.056281
0 0.0219745 0.0466021 0.0549409
0 0.0215978 0.0454976 0.0535037
0 0.0212319 0.0443544 0.0519786
0 0.0208776 0.0431799 0.0503738
0 0.0205323 0.0419785 0.0486956
0 0.0201913 0.0407525 0.0469488
0 0.0198496 0.0395042 0.045139
0 0.0195037 0.038237 0.0432734
0 0.019151 0.0369547 0.0413605
0 0.0187894 0.0356612 0.0394089
0 0.0184168 0.0343594 0.0374268
0 0.0180314 0.0330519 0.0354227
0 0.0176319 0.0317412 0.0334049
0 0.0172168 0.0304286 0.0313814
0 0.0167836 0.029114 0.0293585
0 0.0163292 0.0277957 0.0273409
0 0.0158503 0.0264709 0.0253325
0 0.0153446 0.0251372 0.023337
0 0.014811 0.0237928 0.0213586
0 0.0142501 0.0224373 0.0194031
0 0.0136646 0.0210719 0.0174768
0 0.013058 0.0196989 0.0155866
0 0.0124343 0.0183204 0.0137388
0 0.0117975 0.0169392 0.0119385
0 0.0111516 0.0155577 0.0101901
0 0.0105 0.0141782 0.00849653
0 0.00984521 0.0128026 0.00685894
0 0.00918889 0.0114322 0.005277
0 0.00853233 0.0100684 0.0037495
0 0.0078769 0.00871323 0.0022748
0 0.0072242 0.00736914 0.000851067
0 0.00657646 0.00603962 -0.000523261
0 0.00593698 0.00472947 -0.00184894
0 0.00530983 0.00344456 -0.00312606
0 0.00469924 0.00219108 -0.00435456
0 0.00410908 0.000975042 -0.00553468
0 0.00354283 -0.00019787 -0.00666681
0 0.00300379 -0.00132211 -0.00775128
0 0.00249515 -0.00239222 -0.00878813
0 0.00202003 -0.00340293 -0.00977705
0 0.00158136 -0.00434923 -0.0107174
0 0.00118178 -0.00522657 -0.0116084
0 0.000823476 -0.00603099 -0.0124488
0 0.000507545 -0.00675988 -0.0132382
0 0.000233306 -0.00741263 -0.013977
0 -1.54352e-06 -0.00799055 -0.0146669
0 -0.000199843 -0.00849582 -0.0153094
0 -0.000363518 -0.00893005 -0.0159047
0 -0.00049253 -0.00929324 -0.0164504
0 -0.000585019 -0.00958385 -0.0169421
0 -0.000638482 -0.00979996 -0.017374
0 -0.000651118 -0.00994044 -0.0177409
0 -0.000623015 -0.0100061 -0.0180389
0 -0.000556746 -0.00999999 -0.018266
0 -0.000456785 -0.009927 -0.0184219
0 -0.000328273 -0.00979251 -0.0185068
0 -0.000176211 -0.00960181 -0.0185205
0 -5.09697e-06 -0.00935976 -0.0184628
0 0.000181577 -0.00907038 -0.0183327
0 0.000381711 -0.00873639 -0.0181282
0 0.000594287 -0.00835954 -0.0178468
0 0.000818635 -0.00794126 -0.0174862
0 0.00105397 -0.00748308 -0.0170451
0 0.00129912 -0.00698691 -0.016523
0 0.00155213 -0.00645538 -0.0159212
0 0.00181007 -0.00589212 -0.0152426
0 0.00206942 -0.00530133 -0.0144915
0 0.00232677 -0.00468722 -0.0136731
0 0.00257922 -0.00405364 -0.0127929
0 0.00282454 -0.00340393 -0.0118567
0 0.00306206 -0.00274014 -0.0108695
0 0.00329359 -0.00206202 -0.00983465
0 0.00352328 -0.00136712 -0.00875372
0 0.00375629 -0.00065209 -0.00762779
0 0.00399747 8.61569e-05 -0.00645848
0 0.00425053 0.00084964 -0.00524865
0 0.00451728 0.00163866 -0.00400285
0 0.0047976 0.00245174 -0.00272733
0 0.00509027 0.00328642 -0.00142921
0 0.00539387 0.0041401 -0.000115492
0 0.00570735 0.00501059 0.00120755
0 0.00603051 0.00589653 0.00253485
0 0.00636435 0.00679776 0.00386291
0 0.00671082 0.00771502 0.0051896
0 0.00707204 0.00864926 0.00651339
0 0.0074496 0.00960104 0.00783285
0 0.0078441 0.01057 0.00914608
0 0.00825467 0.0115544 0.0104503
0 0.00867907 0.0125514 0.011742
0 0.00911444 0.0135573 0.0130173
0 0.00955785 0.0145686 0.0142728
0 0.0100064 0.0155818 0.0155058
0 0.0104574 0.0165932 0.0167134
0 0.0109077 0.0175989 0.0178934
0 0.0113544 0.0185948 0.0190435
0 0.0117947 0.0195768 0.0201619
0 0.0122258 0.0205406 0.0212468
0 0.0126452 0.021482 0.0222968
0 0.0130508 0.0223971 0.0233109
0 0.0134417 0.0232831 0.0242895
0 0.0138191 0.0241393 0.0252346
0 0.0141858 0.0249667 0.0261501
0 0.0145448 0.0257668 0.02704
0 0.0148981 0.0265405 0.0279073
0 0.0152461 0.0272872 0.0287534
0 0.0155875 0.0280051 0.0295777
0 0.0159201 0.028692 0.0303792
0 0.0162418 0.029346 0.0311564
0 0.0165508 0.0299657 0.0319079
0 0.016845 0.0305498 0.0326322
0 0.0171221 0.031097 0.0333272
0 0.0173793 0.0316054 0.03399
0 0.0176131 0.0320725 0.0346166
0 0.0178198 0.0324959 0.035203
0 0.0179977 0.0328744 0.0357463
0 0.0181471 0.0332093 0.0362455
0 0.01827 0.0335032 0.0367012
0 0.0183693 0.0337591 0.0371145
0 0.0184469 0.0339794 0.0374854
0 0.0185033 0.0341646 0.0378125
0 0.0185362 0.0343124 0.0380915
0 0.0185413 0.0344181 0.0383162
0 0.0185149 0.0344773 0.0384803
0 0.0184552 0.0344871 0.0385798
0 0.0183626 0.0344462 0.0386121
0 0.0182378 0.0343534 0.0385755
0 0.0180823 0.0342076 0.0384681
0 0.0178985 0.0340087 0.0382894
0 0.0176907 0.033758 0.0380407
0 0.0174643 0.0334581 0.0377245
0 0.0172247 0.033112 0.0373436
0 0.0169767 0.0327222 0.0369007
0 0.0167246 0.0322912 0.0363983
0 0.0164719 0.0318213 0.0358387
0 0.0162211 0.0313146 0.0352239
0 0.015974 0.0307731 0.0345557
0 0.0157319 0.0301989 0.033836
0 0.0154955 0.0295944 0.0330671
0 0.0152654 0.0289623 0.0322512
0 0.0150418 0.0283056 0.0313913
0 0.014825 0.0276277 0.0304904
0 0.0146146 0.026932 0.0295519
0 0.0144101 0.0262221 0.0285794
0 0.0142108 0.0255013 0.0275768
0 0.0140157 0.0247731 0.0265481
0 0.0138237 0.0240409 0.0254977
0 0.0136338 0.0233079 0.0244299
0 0.0134449 0.0225771 0.0233497
0 0.0132559 0.0218511 0.0222616
0 0.0130651 0.0211317 0.0211699
0 0.01287 0.0204192 0.0200775
0 0.0126671 0.0197125 0.0189864
0 0.0124533 0.0190103 0.0178984
0 0.0122272 0.0183125 0.016817
0 0.0119895 0.0176206 0.0157471
0 0.0117425 0.0169372 0.0146953
0 0.0114888 0.016265 0.0136676
0 0.0112308 0.0156064 0.01267
0 0.0109709 0.0149634 0.0117079
0 0.0107119 0.0143385 0.0107866
0 0.0104569 0.0137342 0.0099112
0 0.0102083 0.0131525 0.00908617
0 0.00996744 0.0125944 0.00831408
0 0.00973367 0.0120591 0.00759523
0 0.00950491 0.0115443 0.00692804
0 0.00927888 0.0110477 0.00631026
0 0.00905367 0.0105675 0.00573946
0 0.00882769 0.0101019 0.00521305
0 0.00859953 0.00964959 0.00472807
0 0.00836806 0.00920928 0.00428137
0 0.00813259 0.00878009 0.00386973
0 0.00789287 0.00836142 0.00348993
0 0.00764884 0.00795279 0.00313858
0 0.00740058 0.00755361 0.00281203
0 0.00714831 0.00716334 0.0025065
0 0.00689286 0.00678181 0.00221856
0 0.00663622 0.00640989 0.00194579
0 0.0063817 0.00604962 0.00168702
0 0.00613336 0.00570375 0.00144186
0 0.00589518 0.00537494 0.00121
0 0.00567081 0.00506556 0.000991035
0 0.00546359 0.00477784 0.000784614
0 0.00527672 0.00451395 0.000590648
0 0.00511315 0.00427606 0.000409309
0 0.00497541 0.00406612 0.000240895
0 0.00486535 0.00388568 8.56371e-05
0 0.00478404 0.00373575 -5.6388e-05
0 0.00473186 0.00361692 -0.000185144
0 0.00470873 0.00352955 -0.000300416
0 0.00471417 0.00347388 -0.000401744
0 0.00474706 0.00344969 -0.000488677
0 0.00480518 0.00345596 -0.000561232
0 0.00488517 0.00349067 -0.000620009
0 0.00498304 0.00355123 -0.000665816
0 0.00509479 0.00363506 -0.000699097
0 0.00521713 0.00374021 -0.000719364
0 0.00534789 0.00386571 -0.000724879
0 0.00548577 0.00401132 -0.000712944
0 0.00562979 0.00417696 -0.000680549
0 0.00577893 0.00436229 -0.000624813
0 0.00593211 0.00456678 -0.000543017
0 0.00608841 0.00478986 -0.000432504
0 0.0062471 0.00503098 -0.000290675
0 0.0064076 0.00528961 -0.000115099
0 0.00656941 0.00556518 9.63869e-05
0 0.00673216 0.00585709 0.000345646
0 0.00689545 0.00616472 0.000634138
0 0.00705871 0.00648716 0.000962649
0 0.00722093 0.00682303 0.00133105
0 0.00738076 0.00717059 0.0017384
0 0.00753692 0.00752807 0.00218323
0 0.00768837 0.00789394 0.00266386
0 0.00783466 0.00826712 0.0031786
0 0.00797626 0.00864746 0.00372622
0 0.00811481 0.00903589 0.00430618
0 0.0082527 0.00943411 0.0049183
0 0.00839239 0.00984388 0.0055621
0 0.0085356 0.0102663 0.00623617
0 0.00868287 0.0107013 0.00693768
0 0.00883368 0.0111479 0.0076626
0 0.00898707 0.0116044 0.00840636
0 0.00914223 0.0120696 0.00916444
0 0.00929854 0.012542 0.00993246
0 0.0094554 0.0130205 0.010706
0 0.0096122 0.0135035 0.0114808
0 0.00976858 0.0139897 0.0122527
0 0.00992514 0.0144787 0.0130187
0 0.0100839 0.0149714 0.0137774
0 0.010248 0.0154698 0.0145288
0 0.0104207 0.0159762 0.0152733
0 0.010605 0.0164924 0.0160113
0 0.0108033 0.0170201 0.0167433
0 0.0110177 0.0175605 0.0174698
0 0.0112495 0.0181147 0.0181911
0 0.0114996 0.0186829 0.0189075
0 0.0117682 0.0192651 0.0196191
0 0.0120551 0.0198614 0.0203265
0 0.01236 0.0204716 0.0210304
0 0.0126823 0.0210954 0.0217318
0 0.0130209 0.0217324 0.0224316
0 0.013374 0.0223817 0.0231307
0 0.0137395 0.0230418 0.0238299
0 0.014115 0.0237114 0.0245298
0 0.014498 0.024389 0.0252313
0 0.0148862 0.0250731 0.0259354
0 0.0152769 0.0257622 0.0266432
0 0.0156674 0.0264542 0.0273551
0 0.0160543 0.0271468 0.0280713
0 0.016434 0.0278368 0.028791
0 0.0168026 0.0285208 0.0295131
0 0.0171566 0.0291954 0.0302366
0 0.0174928 0.0298575 0.0309601
0 0.0178087 0.0305038 0.0316823
0 0.0181018 0.0311313 0.0324014
0 0.0183699 0.0317369 0.0331157
0 0.0186116 0.0323176 0.0338228
0 0.0188255 0.0328706 0.0345204
0 0.0190106 0.0333931 0.0352057
0 0.0191666 0.0338828 0.0358759
0 0.0192931 0.0343373 0.0365276
0 0.0193904 0.0347544 0.0371576
0 0.0194589 0.0351322 0.037762
0 0.0194994 0.035469 0.0383369
0 0.0195129 0.0357633 0.0388783
0 0.0195006 0.0360137 0.0393818
0 0.0194639 0.0362192 0.0398433
0 0.0194045 0.0363788 0.0402584
0 0.0193248 0.0364925 0.0406233
0 0.0192277 0.0365607 0.0409349
0 0.0191166 0.0365847 0.0411904
0 0.0189948 0.0365659 0.0413874
0 0.0188655 0.0365057 0.0415238
0 0.0187315 0.0364057 0.0415973
0 0.0185955 0.0362676 0.0416063
0 0.0184596 0.036093 0.0415492
0 0.0183249 0.0358831 0.0414243
0 0.0181914 0.0356381 0.0412296
0 0.0180579 0.0353578 0.0409626
0 0.0179226 0.0350415 0.0406213
0 0.0177839 0.0346891 0.0402046
0 0.0176412 0.0343015 0.039713
0 0.0174956 0.0338814 0.0391496
0 0.0173496 0.0334334 0.0385198
0 0.0172064 0.0329626 0.0378302
0 0.0170686 0.0324741 0.0370876
0 0.0169383 0.0319721 0.0362989
0 0.0168164 0.0314604 0.0354707
0 0.0167024 0.030941 0.0346084
0 0.0165933 0.0304142 0.0337158
0 0.0164853 0.0298788 0.0327956
0 0.0163743 0.0293336 0.0318507
0 0.0162564 0.0287775 0.0308842
0 0.0161282 0.0282094 0.0298997
0 0.0159864 0.0276283 0.0289005
0 0.0158276 0.0270328 0.0278898
0 0.0156491 0.0264216 0.0268706
0 0.0154485 0.0257933 0.0258459
0 0.0152239 0.025147 0.0248184
0 0.0149741 0.0244816 0.0237905
0 0.014698 0.0237959 0.0227643
0 0.0143954 0.0230891 0.0217417
0 0.0140666 0.0223607 0.0207246
0 0.0137128 0.0216106 0.0197145
0 0.0133356 0.0208389 0.0187132
0 0.012937 0.0200461 0.0177217
0 0.0125192 0.0192329 0.0167408
0 0.0120844 0.0184001 0.0157709
0 0.011635 0.0175488 0.0148119
0 0.0111736 0.0166804 0.0138632
0 0.0107026 0.0157967 0.0129243
0 0.0102247 0.0148996 0.0119938
0 0.00974249 0.0139912 0.0110704
0 0.00925875 0.0130741 0.0101524
0 0.00877611 0.012151 0.00923826
0 0.00829748 0.0112252 0.00832648
0 0.00782626 0.0103009 0.00741628
0 0.00736612 0.00938275 0.00650746
0 0.00692066 0.00847552 0.00560008
0 0.00649305 0.00758394 0.00469431
0 0.00608606 0.00671248 0.00379042
0 0.00570221 0.00586553 0.0028891
0 0.005344 0.00504756 0.00199167
0 0.005014 0.00426322 0.0011003
0 0.00471473 0.0035171 0.000217799
0 0.00444836 0.00281348 -0.000652507
0 0.0042166 0.00215621 -0.00150692
0 0.00402074 0.00154869 -0.00234133
0 0.00386165 0.000993886 -0.0031512
0 0.00373947 0.000493982 -0.00393195
0 0.00365318 4.99287e-05 -0.00467948
0 0.00360048 -0.000338685 -0.00539036
0 0.00357828 -0.000673133 -0.00606138
0 0.00358335 -0.000954978 -0.00668905
0 0.00361243 -0.00118587 -0.00726958
0 0.00366224 -0.00136765 -0.00779906
0 0.00372937 -0.00150241 -0.00827367
0 0.0038104 -0.00159246 -0.00868974
0 0.00390199 -0.00164019 -0.00904382
0 0.00400087 -0.00164815 -0.0093328
0 0.0041037 -0.00161913 -0.00955421
0 0.00420709 -0.0015562 -0.00970632
0 0.00430779 -0.00146255 -0.00978809
0 0.00440292 -0.00134122 -0.009799
0 0.00449017 -0.00119511 -0.00973908
0 0.0045677 -0.00102697 -0.00960895
0 0.0046342 -0.000839405 -0.00940995
0 0.0046888 -0.000634853 -0.00914408
0 0.00473127 -0.000415467 -0.00881393
0 0.00476199 -0.000182991 -0.00842256
0 0.00478203 6.12843e-05 -0.00797344
0 0.00479295 0.000316406 -0.00747048
0 0.00479663 0.00058163 -0.00691812
0 0.00479517 0.000856365 -0.00632132
0 0.00479087 0.00114023 -0.00568542
0 0.00478639 0.00143321 -0.0050158
0 0.00478483 0.00173587 -0.00431763
0 0.00478961 0.00204923 -0.00359576
0 0.00480414 0.00237457 -0.00285487
0 0.00483159 0.00271312 -0.00209966
0 0.00487477 0.00306606 -0.0013348
0 0.00493612 0.00343455 -0.000564754
0 0.00501774 0.0038197 0.000206324
0 0.00512132 0.00422254 0.000974611
0 0.0052481 0.00464395 0.00173661
0 0.00539891 0.00508463 0.00248921
0 0.0055741 0.00554508 0.00322971
0 0.00577362 0.0060256 0.00395587
0 0.00599699 0.00652626 0.00466595
0 0.00624337 0.00704687 0.00535872
0 0.00651156 0.00758699 0.0060335
0 0.00680019 0.00814605 0.00669027
0 0.00710781 0.00872343 0.0073297
0 0.00743287 0.00931839 0.00795312
0 0.00777364 0.00992997 0.00856229
0 0.00812817 0.0105569 0.00915934
0 0.00849432 0.0111978 0.00974667
0 0.00886987 0.0118508 0.010327
0 0.00925255 0.0125143 0.0109031
0 0.00964012 0.0131863 0.011478
0 0.0100304 0.0138649 0.0120547
0 0.010421 0.0145478 0.0126362
0 0.0108096 0.0152329 0.013225
0 0.0111937 0.0159176 0.0138234
0 0.011571 0.0165997 0.0144336
0 0.0119391 0.0172767 0.0150575
0 0.0122959 0.0179466 0.0156965
0 0.0126395 0.0186074 0.0163521
0 0.0129682 0.019257 0.0170249
0 0.0132805 0.0198939 0.0177155
0 0.0135753 0.0205165 0.0184239
0 0.0138515 0.0211234 0.0191495
0 0.0141086 0.0217136 0.0198916
0 0.0143461 0.0222861 0.0206488
0 0.014564 0.0228403 0.0214193
0 0.0147627 0.023376 0.0222011
0 0.014943 0.0238933 0.0229922
0 0.0151063 0.0243929 0.0237901
0 0.0152542 0.0248757 0.0245926
0 0.0153886 0.0253427 0.0253968
0 0.0155115 0.0257955 0.0262
0 0.0156257 0.0262358 0.0269997
0 0.0157339 0.0266659 0.0277932
0 0.0158388 0.0270881 0.0285778
0 0.0159427 0.0275038 0.0293503
0 0.0160467 0.027914 0.0301067
0 0.016151 0.0283182 0.030842
0 0.0162551 0.0287156 0.0315514
0 0.0163588 0.0291053 0.0322301
0 0.0164616 0.0294865 0.0328738
0 0.0165636 0.029858 0.0334789
0 0.0166649 0.0302192 0.0340426
0 0.0167662 0.0305698 0.0345629
0 0.0168688 0.0309097 0.035039
0 0.016974 0.0312389 0.0354707
0 0.0170827 0.0315572 0.0358581
0 0.0171956 0.0318636 0.0362013
0 0.0173122 0.0321566 0.0365005
0 0.0174314 0.0324338 0.0367553
0 0.0175514 0.0326924 0.0369654
0 0.0176704 0.0329294 0.0371308
0 0.0177863 0.0331422 0.0372518
0 0.0178972 0.0333279 0.037329
0 0.018001 0.0334842 0.0373633
0 0.0180958 0.0336085 0.0373558
0 0.0181799 0.0336991 0.0373078
0 0.0182522 0.0337548 0.0372216
0 0.0183118 0.0337751 0.0370993
0 0.0183577 0.0337597 0.0369434
0 0.0183889 0.0337083 0.0367558
0 0.0184042 0.0336208 0.0365384
0 0.0184025 0.0334973 0.0362927
0 0.0183822 0.0333378 0.0360197
0 0.0183415 0.0331418 0.0357198
0 0.0182783 0.032909 0.0353928
0 0.018191 0.0326388 0.0350381
0 0.0180781 0.0323314 0.0346555
0 0.0179388 0.031987 0.0342443
0 0.0177727 0.031606 0.0338041
0 0.0175798 0.0311892 0.0333345
0 0.0173608 0.0307378 0.032835
0 0.017117 0.0302529 0.0323055
0 0.0168497 0.029736 0.0317457
0 0.0165608 0.0291887 0.0311553
0 0.0162522 0.0286122 0.030534
0 0.015926 0.0280078 0.0298812
0 0.0155841 0.0273769 0.0291964
0 0.0152286 0.0267205 0.028479
0 0.0148617 0.0260401 0.0277287
0 0.014486 0.025337 0.0269455
0 0.0141038 0.0246128 0.0261293
0 0.0137175 0.0238694 0.0252807
0 0.0133297 0.0231083 0.0244002
0 0.0129427 0.0223317 0.0234887
0 0.0125588 0.0215414 0.0225476
0 0.0121799 0.0207397 0.0215782
0 0.0118077 0.0199286 0.0205822
0 0.011444 0.0191103 0.0195619
0 0.01109 0.0182871 0.0185195
0 0.0107471 0.0174614 0.0174579
0 0.0104164 0.0166354 0.0163797
0 0.0100986 0.0158114 0.015288
0 0.00979442 0.0149915 0.0141859
0 0.00950409 0.0141779 0.0130765
0 0.00922765 0.0133728 0.0119633
0 0.00896487 0.0125784 0.0108496
0 0.00871526 0.0117969 0.00973919
0 0.00847814 0.0110303 0.00863563
0 0.00825268 0.0102807 0.00754274
0 0.008038 0.00955003 0.00646442
0 0.00783315 0.00884001 0.00540464
0 0.00763715 0.00815231 0.0043674
0 0.00744905 0.00748839 0.00335669
0 0.00726792 0.00684952 0.00237644
0 0.00709288 0.0062368 0.00143056
0 0.00692316 0.00565119 0.000522879
0 0.00675806 0.00509351 -0.000342882
0 0.00659703 0.00456448 -0.00116315
0 0.00643968 0.00406472 -0.00193457
0 0.00628578 0.00359476 -0.00265402
0 0.00613522 0.00315509 -0.00331869
0 0.00598807 0.00274611 -0.00392606
0 0.00584453 0.00236822 -0.00447398
0 0.00570496 0.00202181 -0.00496072
0 0.00556984 0.00170728 -0.00538496
0 0.00543983 0.00142503 -0.00574579
0 0.00531565 0.00117553 -0.00604276
0 0.00519816 0.00095925 -0.00627583
0 0.00508828 0.000776685 -0.0064454
0 0.00498699 0.000628359 -0.00655229
0 0.0048953 0.000514824 -0.00659768
0 0.00481433 0.000436659 -0.00658309
0 0.00474521 0.000394442 -0.00651032
0 0.00468914 0.000388699 -0.00638145
0 0.00464733 0.000419886 -0.00619875
0 0.004621 0.000488387 -0.00596467
0 0.00461134 0.000594502 -0.00568179
0 0.00461947 0.000738423 -0.00535274
0 0.00464642 0.000920229 -0.00498021
0 0.00469309 0.00113987 -0.00456685
0 0.00476019 0.00139717 -0.00411528
0 0.00484826 0.00169177 -0.00362804
0 0.00495762 0.00202316 -0.00310759
0 0.00508837 0.00239068 -0.00255626
0 0.00524041 0.00279349 -0.00197623
0 0.00541343 0.00323056 -0.00136955
0 0.0056069 0.00370071 -0.000738092
0 0.00582009 0.00420261 -8.35592e-05
0 0.00605204 0.00473474 0.000592524
0 0.00630164 0.00529544 0.00128881
0 0.00656757 0.0058829 0.00200412
0 0.00684838 0.00649517 0.00273738
0 0.00714252 0.00713019 0.00348768
0 0.0074483 0.00778578 0.00425416
0 0.00776399 0.00845966 0.00503605
0 0.00808779 0.00914952 0.00583262
0 0.00841789 0.00985298 0.00664318
0 0.00875248 0.0105677 0.00746703
0 0.00908976 0.0112911 0.00830342
0 0.00942804 0.0120211 0.00915159
0 0.00976571 0.0127552 0.0100107
0 0.0101013 0.0134913 0.0108797
0 0.0104334 0.0142272 0.0117576
0 0.0107609 0.014961 0.0126432
0 0.0110824 0.0156908 0.0135352
0 0.011397 0.0164147 0.014432
0 0.0117036 0.0171312 0.0153322
0 0.0120012 0.0178385 0.0162339
0 0.0122891 0.0185351 0.0171354
0 0.0125665 0.0192196 0.0180346
0 0.012833 0.0198905 0.0189294
0 0.0130881 0.0205464 0.0198176
0 0.0133316 0.0211861 0.0206971
0 0.0135634 0.0218083 0.0215652
0 0.0137835 0.0224119 0.0224197
0 0.013992 0.0229958 0.0232578
0 0.0141893 0.0235593 0.0240769
0 0.0143756 0.0241015 0.0248743
0 0.0145513 0.0246216 0.0256474
0 0.0147167 0.0251191 0.0263934
0 0.0148724 0.0255935 0.0271096
0 0.0150188 0.0260442 0.0277936
0 0.0151563 0.0264709 0.0284429
0 0.0152851 0.0268729 0.0290551
0 0.0154056 0.0272497 0.0296278
