0 -1.54277e-05 -2.98297e-05 -4.27705e-05
0 -1.37782e-05 -2.59999e-05 -3.74536e-05
0 -1.21192e-05 -2.20722e-05 -3.1931e-05
0 -1.04406e-05 -1.80939e-05 -2.62623e-05
0 -8.73666e-06 -1.41033e-05 -2.05183e-05
0 -7.01129e-06 -1.01229e-05 -1.47783e-05
0 -5.27776e-06 -6.16847e-06 -9.1235e-06
0 -3.55496e-06 -2.26868e-06 -3.6279e-06
0 -1.8602e-06 1.54781e-06 1.65043e-06
0 -2.04843e-07 5.25837e-06 6.6721e-06
0 1.40043e-06 8.80895e-06 1.14099e-05
0 2.93694e-06 1.21423e-05 1.58435e-05
0 4.37961e-06 1.52371e-05 1.99568e-05
0 5.70455e-06 1.80673e-05 2.37327e-05
0 6.88577e-06 2.06009e-05 2.7151e-05
0 7.89489e-06 2.28237e-05 3.01922e-05
0 8.71929e-06 2.4725e-05 3.28392e-05
0 9.36727e-06 2.6289e-05 3.50726e-05
0 9.84864e-06 2.75e-05 3.68692e-05
0 1.01666e-05 2.83478e-05 3.82035e-05
0 1.03279e-05 2.88327e-05 3.90504e-05
0 1.03445e-05 2.89627e-05 3.93879e-05
0 1.02237e-05 2.87475e-05 3.92011e-05
0 9.96712e-06 2.81985e-05 3.84863e-05
0 9.58432e-06 2.73321e-05 3.72573e-05
0 9.09831e-06 2.61731e-05 3.55528e-05
0 8.53292e-06 2.47558e-05 3.34311e-05
0 7.89628e-06 2.31141e-05 3.09529e-05
0 7.17579e-06 2.12673e-05 2.81685e-05
0 6.34539e-06 1.92185e-05 2.51159e-05
0 5.38427e-06 1.69662e-05 2.18321e-05
0 4.29764e-06 1.45217e-05 1.83668e-05
0 3.11776e-06 1.19157e-05 1.47792e-05
0 1.87988e-06 9.18855e-06 1.11171e-05
0 5.98054e-07 6.37389e-06 7.39932e-06
0 -7.33194e-07 3.49241e-06 3.61911e-06
0 -2.11375e-06 5.64103e-07 -2.30458e-07
0 -3.51235e-06 -2.38065e-06 -4.13324e-06
0 -4.87233e-06 -5.29668e-06 -8.05009e-06
0 -6.15941e-06 -8.14479e-06 -1.19462e-05
0 -7.39064e-06 -1.09291e-05 -1.58162e-05
0 -8.60075e-06 -1.36793e-05 -1.96688e-05
0 -9.79934e-06 -1.63968e-05 -2.34878e-05
0 -1.09712e-05 -1.9051e-05 -2.7224e-05
0 -1.21136e-05 -2.16321e-05 -3.08396e-05
0 -1.32633e-05 -2.41785e-05 -3.43498e-05
0 -1.44579e-05 -2.67298e-05 -3.77841e-05
0 -1.56558e-05 -2.92498e-05 -4.1104e-05
0 -1.67208e-05 -3.15965e-05 -4.41815e-05
0 -1.74954e-05 -3.35682e-05 -4.68505e-05
0 -1.78746e-05 -3.49641e-05 -4.89551e-05
0 -1.78194e-05 -3.56125e-05 -5.03511e-05
0 -1.73353e-05 -3.53935e-05 -5.08935e-05
0 -1.64534e-05 -3.42613e-05 -5.04345e-05
0 -1.52033e-05 -3.22256e-05 -4.88165e-05
0 -1.35809e-05 -2.92953e-05 -4.58598e-05
0 -1.1589e-05 -2.54836e-05 -4.14197e-05
0 -9.37952e-06 -2.09358e-05 -3.55509e-05
0 -7.30573e-06 -1.60203e-05 -2.86023e-05
0 -5.72973e-06 -1.12144e-05 -2.10794e-05
0 -4.78822e-06 -6.91114e-06 -1.34451e-05
0 -4.3667e-06 -3.33546e-06 -6.0747e-06
0 -4.24668e-06 -5.69333e-07 6.70278e-07
0 -4.24698e-06 1.40897e-06 6.39058e-06
0 -4.26775e-06 2.70217e-06 1.0682e-05
0 -4.25957e-06 3.43993e-06 1.32296e-05
0 -4.17263e-06 3.73748e-06 1.39008e-05
0 -3.94753e-06 3.67517e-06 1.27722e-05
0 -3.58531e-06 3.23402e-06 1.00585e-05
0 -3.24977e-06 2.23083e-06 5.97617e-06
0 -3.28193e-06 3.32603e-07 6.67413e-07
0 -4.05228e-06 -2.80447e-06 -5.7645e-06
0 -5.76735e-06 -7.36476e-06 -1.31699e-05
0 -8.46156e-06 -1.33546e-05 -2.13817e-05
0 -1.20936e-05 -2.06976e-05 -3.03471e-05
0 -1.64138e-05 -2.91098e-05 -3.99778e-05
0 -2.07079e-05 -3.77733e-05 -4.97947e-05
0 -2.3876e-05 -4.5326e-05 -5.88603e-05
0 -2.50024e-05 -5.03462e-05 -6.6163e-05
0 -2.40547e-05 -5.21206e-05 -7.12181e-05
0 -2.20295e-05 -5.11327e-05 -7.43063e-05
0 -2.0173e-05 -4.86378e-05 -7.59278e-05
0 -1.88305e-05 -4.55449e-05 -7.58695e-05
0 -1.70845e-05 -4.16548e-05 -7.28926e-05
0 -1.37394e-05 -3.60345e-05 -6.55819e-05
0 -8.80148e-06 -2.81597e-05 -5.37177e-05
0 -3.88283e-06 -1.87023e-05 -3.88126e-05
0 -1.0076e-06 -9.23443e-06 -2.31409e-05
0 -9.99987e-07 -1.25477e-06 -8.36698e-06
0 -3.03934e-06 4.38263e-06 4.83495e-06
0 -5.62544e-06 7.33193e-06 1.61829e-05
0 -7.59232e-06 7.83475e-06 2.51902e-05
0 -8.14288e-06 7.11148e-06 3.14237e-05
0 -6.45976e-06 7.27851e-06 3.51839e-05
0 -1.86251e-06 1.07117e-05 3.75674e-05
0 5.30422e-06 1.85514e-05 3.94924e-05
0 1.30078e-05 2.91664e-05 4.06555e-05
0 1.83687e-05 3.86582e-05 3.99171e-05
0 1.96153e-05 4.32079e-05 3.67947e-05
0 1.70596e-05 4.1022e-05 3.20778e-05
0 1.21101e-05 3.25445e-05 2.68016e-05
0 5.72313e-06 1.95049e-05 2.10607e-05
0 -1.99962e-06 4.01912e-06 1.37858e-05
0 -1.09906e-05 -1.1832e-05 3.6457e-06
0 -2.0302e-05 -2.62541e-05 -9.76857e-06
0 -2.80137e-05 -3.79608e-05 -2.56133e-05
0 -3.20187e-05 -4.6198e-05 -4.21988e-05
0 -3.09721e-05 -5.04777e-05 -5.74453e-05
0 -2.45747e-05 -5.00608e-05 -6.90515e-05
0 -1.32291e-05 -4.34798e-05 -7.44808e-05
0 2.22377e-06 -2.88782e-05 -7.10041e-05
0 2.03133e-05 -5.30959e-06 -5.62781e-05
0 3.86438e-05 2.59721e-05 -2.93984e-05
0 5.44753e-05 6.15006e-05 8.89112e-06
0 6.64297e-05 9.75131e-05 5.74329e-05
0 7.55291e-05 0.000132048 0.000115473
0 8.39226e-05 0.000165049 0.000181859
0 9.27453e-05 0.000197469 0.000253862
0 0.000101676 0.000230495 0.000326794
0 0.000110165 0.000264316 0.0003956
0 0.000118484 0.000298285 0.000456843
0 0.000127929 0.000331976 0.000508695
0 0.000140447 0.000364788 0.00055094
0 0.000157473 0.000396191 0.000584938
0 0.000178421 0.000426141 0.000612135
0 0.000200244 0.000454112 0.000633034
0 0.0002189 0.000478634 0.000647824
0 0.000231723 0.000498189 0.000657676
0 0.000238549 0.000512012 0.000664953
0 0.000240575 0.000519552 0.000671782
0 0.000238499 0.000520046 0.000678533
0 0.000232716 0.000513709 0.000684231
0 0.000224769 0.000503066 0.00068821
0 0.000217297 0.000492352 0.000690623
0 0.00021266 0.00048548 0.00069178
0 0.000212374 0.000484904 0.000692128
0 0.000217808 0.000492223 0.000693295
0 0.000230622 0.000509095 0.000698798
0 0.000251797 0.000537052 0.000713201
0 0.000280124 0.000576438 0.000740323
0 0.000311964 0.000625776 0.000782232
0 0.000342992 0.000682276 0.000839646
0 0.000370294 0.000742782 0.000912687
0 0.000392702 0.000804414 0.00100081
0 0.000410356 0.000864786 0.001102
0 0.00042385 0.000921698 0.00121167
0 0.000432667 0.000972485 0.00132203
0 0.000435263 0.00101366 0.00142293
0 0.00043092 0.00104179 0.00150394
0 0.000421549 0.00105528 0.00155737
0 0.000412153 0.00105564 0.00158058
0 0.000408421 0.00104716 0.0015752
0 0.000412741 0.00103448 0.00154429
0 0.000422706 0.00101992 0.0014912
0 0.000433491 0.00100339 0.00142044
0 0.000441471 0.000984289 0.0013393
0 0.000445731 0.000962553 0.00125764
0 0.000446579 0.000938223 0.00118512
0 0.000443303 0.000911374 0.0011279
0 0.000434221 0.000882724 0.00108823
0 0.000419022 0.00085409 0.00106615
0 0.000400498 0.0008294 0.00106121
0 0.000383715 0.000814059 0.00107323
0 0.000373053 0.000811941 0.00110033
0 0.000369513 0.000822847 0.00113737
0 0.000370809 0.000842395 0.00117735
0 0.000373785 0.000864286 0.00121333
0 0.000376285 0.000882453 0.00124016
0 0.00037695 0.000891945 0.00125448
0 0.00037412 0.000889041 0.00125339
0 0.000365424 0.000870838 0.00123367
0 0.000348104 0.000834907 0.00119178
0 0.000319674 0.000778887 0.00112391
0 0.000278566 0.000699935 0.00102638
0 0.000224179 0.0005951 0.000895799
0 0.000156555 0.000462214 0.000729337
0 7.63199e-05 0.000300332 0.000525022
0 -1.51656e-05 0.000110185 0.000281928
0 -0.000116032 -0.000105696 3.68628e-07
0 -0.000224618 -0.000343752 -0.000318008
0 -0.000340022 -0.000600309 -0.000670782
0 -0.000460394 -0.000871338 -0.00105434
0 -0.000582253 -0.00115264 -0.00146275
0 -0.000704444 -0.00144201 -0.00188853
0 -0.000827425 -0.00173765 -0.00232277
0 -0.000949236 -0.00203384 -0.00275402
0 -0.00106703 -0.00232189 -0.00316972
0 -0.00117854 -0.00259302 -0.00355841
0 -0.00128162 -0.00283939 -0.0039101
0 -0.0013745 -0.00305475 -0.00421654
0 -0.0014548 -0.00323453 -0.00447094
0 -0.00151918 -0.00337538 -0.00466741
0 -0.00156424 -0.00347402 -0.00480112
0 -0.00158702 -0.00352649 -0.00486878
0 -0.00158506 -0.00352854 -0.00486822
0 -0.00155705 -0.0034765 -0.00479799
0 -0.00150358 -0.00336895 -0.00465825
0 -0.00142832 -0.00320956 -0.00445237
0 -0.00133798 -0.00300783 -0.0041874
0 -0.00123956 -0.00277622 -0.00387255
0 -0.00113679 -0.00252564 -0.00351686
0 -0.00102849 -0.00226141 -0.00312727
0 -0.000909844 -0.00198209 -0.00270873
0 -0.000776031 -0.00168216 -0.00226578
0 -0.000625823 -0.00135716 -0.00180434
0 -0.000463401 -0.00100851 -0.00133239
0 -0.000296973 -0.000645867 -0.000859023
0 -0.000135968 -0.000284894 -0.000392505
0 1.2281e-05 5.80396e-05 5.98512e-05
0 0.000145912 0.000370548 0.000491845
0 0.000265587 0.000648518 0.000899273
0 0.000370914 0.000895651 0.00127791
0 0.000461747 0.00111616 0.00162119
0 0.000536547 0.00131068 0.00192128
0 0.000593791 0.00147724 0.00217091
0 0.000636379 0.00161151 0.00236505
0 0.000668607 0.00170847 0.002502
0 0.000693609 0.00176665 0.00258295
0 0.000713798 0.00178991 0.00261108
0 0.000728565 0.00178522 0.00259064
0 0.000734489 0.00175897 0.00252681
0 0.00072872 0.00171475 0.00242597
0 0.000709846 0.00165237 0.00229532
0 0.000677234 0.00156808 0.0021415
0 0.000631685 0.00145811 0.00197018
0 0.00057681 0.0013246 0.0017877
0 0.000518695 0.00117753 0.00160157
0 0.000461972 0.00102986 0.0014176
0 0.00040619 0.000890148 0.00123653
0 0.000347652 0.000758997 0.00105495
0 0.000284204 0.000631602 0.000869738
0 0.000218608 0.000503474 0.000682154
0 0.000158383 0.00037532 0.000499083
0 0.000111975 0.000254291 0.000330169
0 8.33207e-05 0.0001503 0.000182503
0 6.79668e-05 6.97414e-05 5.75041e-05
0 5.6237e-05 1.28076e-05 -4.70662e-05
0 4.19465e-05 -2.39564e-05 -0.000131626
0 2.68838e-05 -4.45649e-05 -0.00019165
0 1.74644e-05 -5.19785e-05 -0.000219309
0 1.88123e-05 -4.68423e-05 -0.00020887
0 3.15801e-05 -2.74607e-05 -0.000161064
0 5.25087e-05 9.31858e-06 -8.09918e-05
0 7.73845e-05 6.67121e-05 2.49213e-05
0 0.000104653 0.00014636 0.0001515
0 0.000137334 0.000247933 0.00029762
0 0.000181105 0.000369543 0.000464525
0 0.000239456 0.0005082 0.000652551
0 0.000309862 0.000659642 0.000859059
0 0.000384234 0.000817486 0.00107684
0 0.000452005 0.000973007 0.00129506
0 0.000504004 0.00111619 0.00150304
0 0.000537167 0.00123801 0.00169279
0 0.00055517 0.0013322 0.001858
0 0.000563191 0.00139506 0.00199215
0 0.000564148 0.00142616 0.00208765
0 0.000559768 0.00142961 0.00213754
0 0.000552132 0.00141262 0.00213849
0 0.000543416 0.00138218 0.00209174
0 0.000534896 0.00134196 0.0020021
0 0.000525672 0.00129065 0.00187627
0 0.000512119 0.00122295 0.001721
0 0.000489158 0.00113285 0.00154265
0 0.000452708 0.00101751 0.00134775
0 0.000401332 0.000878464 0.00114273
0 0.000335484 0.000720125 0.000931848
0 0.00025556 0.000546974 0.000715614
0 0.000161832 0.000361468 0.000491603
0 5.74705e-05 0.000165411 0.000257508
0 -4.94966e-05 -3.69725e-05 1.39932e-05
0 -0.000149419 -0.000238505 -0.000235335
0 -0.000235264 -0.000430626 -0.000485882
0 -0.000303797 -0.000604958 -0.000733055
0 -0.000354518 -0.000754737 -0.000971554
0 -0.00038909 -0.000876762 -0.00119433
0 -0.00041225 -0.000973061 -0.00139328
0 -0.000430363 -0.00104968 -0.00156047
0 -0.000448579 -0.00111308 -0.00168921
0 -0.000470502 -0.00116824 -0.00177621
0 -0.000499133 -0.00121848 -0.0018232
0 -0.000536969 -0.00126555 -0.00183744
0 -0.000584539 -0.00131108 -0.00183092
0 -0.00063914 -0.00135715 -0.00181756
0 -0.000695415 -0.00140545 -0.00181019
0 -0.000745965 -0.00145599 -0.00181864
0 -0.000782447 -0.00150561 -0.0018479
0 -0.00079793 -0.00154745 -0.00189723
0 -0.000788909 -0.00157283 -0.00196076
0 -0.00075617 -0.00157402 -0.00202835
0 -0.000704151 -0.00154644 -0.00208617
0 -0.000639768 -0.00149064 -0.00211853
0 -0.000571783 -0.00141242 -0.0021112
0 -0.000509787 -0.0013209 -0.00205488
0 -0.000461958 -0.00122584 -0.001947
0 -0.000433217 -0.00113501 -0.00179219
0 -0.000424059 -0.00105216 -0.00160148
0 -0.00042825 -0.000974957 -0.0013883
0 -0.000432018 -0.000894259 -0.00116362
0 -0.000418638 -0.000797086 -0.000934985
0 -0.00037563 -0.000671829 -0.000707437
0 -0.000298712 -0.000512257 -0.000483844
0 -0.000191805 -0.000318799 -0.000264698
0 -6.4427e-05 -9.84401e-05 -4.85308e-05
0 7.20494e-05 0.00013685 0.000167471
0 0.000205602 0.000372948 0.000387346
0 0.000323417 0.000595337 0.000614959
0 0.000415044 0.000790867 0.00085122
0 0.000475422 0.000950435 0.00109235
0 0.000503398 0.00106989 0.00132965
0 0.000501501 0.00114888 0.00155004
0 0.000477651 0.00119101 0.00173807
0 0.0004434 0.00120408 0.00187901
0 0.000411221 0.00119771 0.00196175
0 0.000392376 0.00118122 0.00198126
0 0.000392694 0.00116168 0.00193848
0 0.000409218 0.00114012 0.00183772
0 0.000431532 0.00110992 0.00168569
0 0.000446548 0.00106047 0.0014928
0 0.000444058 0.000982593 0.00127289
0 0.000419925 0.000872415 0.0010416
0 0.000375271 0.000733389 0.000814421
0 0.000313702 0.000575214 0.000603306
0 0.000239162 0.000409666 0.000413581
0 0.000155438 0.000246817 0.000244629
0 6.67469e-05 9.31416e-05 9.18775e-05
0 -2.25285e-05 -4.9764e-05 -5.14846e-05
0 -0.000108662 -0.000184665 -0.00019288
0 -0.000188712 -0.000316053 -0.000339127
0 -0.000260866 -0.00044784 -0.000495851
0 -0.000325221 -0.000582359 -0.000667564
0 -0.000382979 -0.000719507 -0.000856629
0 -0.000434902 -0.000856544 -0.00106154
0 -0.000482381 -0.000990725 -0.0012778
0 -0.000529243 -0.00112304 -0.0015009
0 -0.000581199 -0.00125867 -0.00172721
0 -0.000642766 -0.0014034 -0.00195296
0 -0.000713557 -0.00155879 -0.00217278
0 -0.000787287 -0.00171864 -0.00237843
0 -0.000854279 -0.00186925 -0.00256034
0 -0.00090644 -0.00199498 -0.00271132
0 -0.00094162 -0.00208552 -0.00282897
0 -0.000963275 -0.00213952 -0.00291485
0 -0.00097587 -0.00216287 -0.00297092
0 -0.000979928 -0.00216287 -0.00299563
0 -0.000970851 -0.00214233 -0.00298288
0 -0.00094265 -0.00209757 -0.0029252
0 -0.000892614 -0.00202052 -0.0028177
0 -0.000822774 -0.00190303 -0.0026593
0 -0.000738901 -0.00174205 -0.00245241
0 -0.000648937 -0.00154378 -0.0022028
0 -0.000560703 -0.00132359 -0.00191901
0 -0.000478965 -0.00110002 -0.00161055
0 -0.000402741 -0.0008857 -0.00128545
0 -0.000325466 -0.000681829 -0.000949412
0 -0.000239703 -0.000479665 -0.000607486
0 -0.000142118 -0.00026689 -0.00026527
0 -3.32335e-05 -3.49389e-05 7.22963e-05
0 8.53478e-05 0.000217976 0.000402995
0 0.000210128 0.00048719 0.000726111
0 0.00033446 0.000760835 0.00104052
0 0.0004521 0.0010219 0.00134566
0 0.000558047 0.00125529 0.00163996
0 0.000645412 0.00145298 0.00191907
0 0.000709039 0.00161349 0.00217723
0 0.000749484 0.0017396 0.0024082
0 0.000772076 0.00183769 0.00260651
0 0.000786371 0.00191658 0.00276935
0 0.000803521 0.00198477 0.00289705
0 0.000831261 0.00204872 0.00299161
0 0.000869962 0.00211102 0.00305432
0 0.000911991 0.00216788 0.00308471
0 0.000946183 0.00221013 0.00308233
0 0.000964241 0.00222792 0.00304978
0 0.000963501 0.00221476 0.00299305
0 0.000945482 0.00216886 0.00291885
0 0.000912946 0.00209306 0.00283141
0 0.000867519 0.00199311 0.00273059
0 0.000809176 0.00187464 0.00261187
0 0.000737874 0.00174041 0.00246825
0 0.000655565 0.00159001 0.00229312
0 0.000566378 0.00142109 0.00208203
0 0.000474897 0.00123135 0.00183295
0 0.000384001 0.00102058 0.00154607
0 0.000293474 0.000791142 0.0012232
0 0.000199549 0.000545449 0.000866407
0 9.51304e-05 0.000283021 0.000477104
0 -2.6522e-05 4.17631e-07 5.69529e-05
0 -0.000166775 -0.000307071 -0.000390875
0 -0.000322621 -0.000640947 -0.000859586
0 -0.000487815 -0.000994963 -0.00133846
0 -0.000653283 -0.00135874 -0.00181823
0 -0.000813259 -0.00172181 -0.00229353
0 -0.000965513 -0.0020713 -0.00275855
0 -0.00110495 -0.00239247 -0.0032039
0 -0.00122409 -0.00267323 -0.00361642
0 -0.00131831 -0.00290757 -0.00398223
0 -0.00138867 -0.00309609 -0.00429098
0 -0.00144055 -0.00324297 -0.00453636
0 -0.00147954 -0.00335228 -0.00471393
0 -0.00150841 -0.00342525 -0.0048203
0 -0.00152681 -0.0034596 -0.00485371
0 -0.00153203 -0.00345174 -0.00481468
0 -0.0015203 -0.00339878 -0.00470658
0 -0.00148848 -0.0032994 -0.00453533
0 -0.0014351 -0.00315489 -0.0043089
0 -0.0013618 -0.00297096 -0.00403782
0 -0.00127407 -0.00275808 -0.00373517
0 -0.0011791 -0.0025293 -0.00341462
0 -0.00108231 -0.00229652 -0.00308778
0 -0.000985605 -0.00206758 -0.00276271
0 -0.000887644 -0.00184473 -0.00244381
0 -0.00078487 -0.00162445 -0.00213184
0 -0.000671685 -0.00139766 -0.001823
0 -0.000541612 -0.00115184 -0.00150871
0 -0.000392677 -0.000878076 -0.00118002
0 -0.000232212 -0.000578661 -0.000833697
0 -7.54826e-05 -0.000267993 -0.00047383
0 6.17498e-05 3.34173e-05 -0.000108349
0 0.000172152 0.00030696 0.000255583
0 0.000258364 0.000542828 0.000614086
0 0.000329949 0.000745892 0.000966579
0 0.000400417 0.000934359 0.0013144
0 0.000479812 0.00112829 0.00165672
0 0.00057 0.00134069 0.00198817
0 0.000670597 0.001577 0.00230486
0 0.000784446 0.00183653 0.00261059
0 0.000915566 0.00211471 0.00291615
0 0.00106476 0.0024062 0.00323439
0 0.00122509 0.00270559 0.00357431
0 0.00138064 0.00300507 0.0039366
0 0.00151118 0.0032911 0.00431198
0 0.001597 0.00354154 0.00468069
0 0.00162166 0.00372453 0.00501145
0 0.00157688 0.00380468 0.00526462
0 0.00147047 0.00375995 0.00540385
0 0.00133057 0.00359886 0.00540893
0 0.00119819 0.00336339 0.00528017
0 0.00110953 0.00311318 0.00503263
0 0.00107852 0.00289909 0.00468617
0 0.00109044 0.00273918 0.00425825
0 0.00110943 0.00260945 0.00376301
0 0.00109625 0.00245605 0.00321617
0 0.00102506 0.00222207 0.00263866
0 0.000887896 0.00187224 0.0020515
0 0.000689145 0.00140523 0.00147115
0 0.000438664 0.000850995 0.000904566
0 0.000146593 0.000254871 0.000340272
0 -0.000176702 -0.000341697 -0.00024192
0 -0.000513093 -0.000911069 -0.00085397
0 -0.000828978 -0.0014398 -0.00149976
0 -0.00108719 -0.00192644 -0.00217751
0 -0.00127221 -0.0023759 -0.00287532
0 -0.0013857 -0.00278374 -0.00356605
0 -0.00142755 -0.00312316 -0.00420721
0 -0.00140272 -0.0033563 -0.00474735
0 -0.00133042 -0.00345855 -0.0051371
0 -0.00123691 -0.0034311 -0.00534003
0 -0.00114814 -0.00330046 -0.00533797
0 -0.00108578 -0.00310944 -0.0051318
0 -0.0010609 -0.00289993 -0.00474162
0 -0.00107036 -0.00269665 -0.00420619
0 -0.00110037 -0.00250262 -0.00357937
0 -0.00113265 -0.00230609 -0.00292385
0 -0.00114794 -0.00209294 -0.00230284
0 -0.00112807 -0.00185773 -0.00177025
0 -0.00106044 -0.00160604 -0.00135365
0 -0.000944984 -0.00135263 -0.00105886
0 -0.000796786 -0.00112122 -0.000893963
0 -0.000640211 -0.00093938 -0.000857535
0 -0.000497478 -0.000824486 -0.000925737
0 -0.000375474 -0.000767493 -0.00105867
0 -0.000260888 -0.000729653 -0.00119365
0 -0.000132542 -0.000659516 -0.00125734
0 1.93603e-05 -0.000514942 -0.00119647
0 0.000185527 -0.000276275 -0.000985033
0 0.000344815 4.91695e-05 -0.000619305
0 0.000475632 0.000430197 -0.000116115
0 0.000564379 0.000822178 0.000495321
0 0.000613635 0.00118103 0.00117929
0 0.000643429 0.00148418 0.00189046
0 0.00067901 0.00174888 0.00258783
0 0.00074156 0.00201667 0.00324773
0 0.000844426 0.0023196 0.00384298
0 0.000988096 0.00266752 0.00434484
0 0.00116088 0.00304695 0.00474351
0 0.00134191 0.00341726 0.00503616
0 0.00150219 0.00371774 0.00521839
0 0.00160913 0.00389046 0.00528954
0 0.00163448 0.0038994 0.00524656
0 0.00156174 0.00373381 0.00508098
0 0.00139193 0.0034058 0.00478547
0 0.00114628 0.00294867 0.00435742
0 0.000864021 0.00241035 0.00380259
0 0.000592437 0.00184323 0.00313937
0 0.000371133 0.00129642 0.0023964
0 0.000219632 0.000808842 0.00160826
0 0.000134399 0.000399888 0.000812521
0 9.26506e-05 6.19909e-05 4.00818e-05
0 5.88632e-05 -0.000237817 -0.000691841
0 -5.10429e-06 -0.00053525 -0.00135926
0 -0.000126668 -0.000851787 -0.00192984
0 -0.000314538 -0.00120665 -0.00239437
0 -0.000557989 -0.00160629 -0.00275647
0 -0.000827002 -0.00201828 -0.00301869
0 -0.00108068 -0.00238773 -0.00319889
0 -0.0012835 -0.0026703 -0.00332366
0 -0.00141151 -0.00283949 -0.00341237
0 -0.00144877 -0.0028826 -0.00347421
0 -0.00138772 -0.00280397 -0.00350367
0 -0.00123495 -0.00262257 -0.00348013
0 -0.0010117 -0.00235777 -0.00337632
0 -0.000745994 -0.00202069 -0.00316322
0 -0.000465746 -0.00161783 -0.00281332
0 -0.000196138 -0.00115645 -0.00230902
0 4.19555e-05 -0.000647844 -0.00164952
0 0.000234695 -0.000110997 -0.000853632
0 0.000377741 0.000424785 3.99086e-05
0 0.000471928 0.000919719 0.000975362
0 0.000523521 0.00133795 0.0018831
0 0.000550443 0.00167437 0.00270257
0 0.000573603 0.00194708 0.0033925
0 0.000608517 0.00216625 0.00390859
0 0.000667049 0.00233765 0.0042215
0 0.000754485 0.00247517 0.00433598
0 0.000866262 0.00258468 0.00427072
0 0.000986917 0.00265173 0.00405507
0 0.00109148 0.0026557 0.00373122
0 0.00115614 0.00258563 0.00334416
0 0.00116817 0.00244125 0.00293855
0 0.00112168 0.00222886 0.0025521
0 0.00101006 0.00195652 0.00220007
0 0.000827131 0.00162599 0.00187069
0 0.000574196 0.00123037 0.00153403
0 0.000266821 0.000765899 0.00115603
0 -6.6248e-05 0.00024473 0.000711883
0 -0.000389997 -0.000304297 0.000190641
0 -0.000667439 -0.00084165 -0.000406104
0 -0.000864598 -0.00132478 -0.00106269
0 -0.000962044 -0.00171934 -0.00174954
0 -0.000964365 -0.00200374 -0.0024308
0 -0.000892026 -0.00216659 -0.00305587
0 -0.000769789 -0.00221362 -0.00355221
0 -0.000629605 -0.00217162 -0.00385961
0 -0.00050989 -0.00207589 -0.00394962
0 -0.000443693 -0.00195639 -0.00381595
0 -0.000450403 -0.00183452 -0.00348244
0 -0.000532447 -0.00172488 -0.00300189
0 -0.000672227 -0.00163359 -0.002439
0 -0.000835357 -0.00155944 -0.0018662
0 -0.000984306 -0.00150382 -0.00136474
0 -0.00109108 -0.00147249 -0.000999609
0 -0.00113825 -0.00145764 -0.000798741
0 -0.00111475 -0.00143554 -0.000774353
0 -0.00101683 -0.00139266 -0.000917777
0 -0.00085254 -0.00133129 -0.00118152
0 -0.000641331 -0.00125242 -0.0015086
0 -0.000410836 -0.00115258 -0.00184053
0 -0.000194971 -0.00103428 -0.0020995
0 -3.03543e-05 -0.000912738 -0.00222458
0 5.28975e-05 -0.000809068 -0.00219894
0 4.39261e-05 -0.000737376 -0.00202155
0 -4.516e-05 -0.000699568 -0.00170817
0 -0.00018846 -0.000688148 -0.00130281
0 -0.000354202 -0.000690854 -0.000860577
0 -0.000507406 -0.000695754 -0.000446157
0 -0.00061587 -0.000690023 -0.00011508
0 -0.000656244 -0.000652563 0.000111712
0 -0.00061325 -0.000563214 0.000224569
0 -0.000480702 -0.000418279 0.000229894
0 -0.000267823 -0.000222716 0.000169451
0 3.01499e-07 1.96236e-05 9.27637e-05
0 0.000288276 0.000297626 4.11478e-05
0 0.000557035 0.00059451 6.48477e-05
0 0.000774787 0.000901141 0.000217956
0 0.000924414 0.00120881 0.000527814
0 0.00100266 0.00150025 0.000997027
0 0.00102011 0.00176224 0.00161147
0 0.00099962 0.00199635 0.0023254
0 0.00096917 0.00222078 0.00307508
0 0.000955663 0.00246314 0.00381208
0 0.000980919 0.0027413 0.00449096
0 0.00105728 0.00305335 0.00505808
0 0.0011851 0.00338323 0.00548513
0 0.00135332 0.00370576 0.00576903
0 0.00154043 0.00398874 0.00591335
0 0.00171649 0.00419981 0.00593579
0 0.00184836 0.00431479 0.00586146
0 0.00190691 0.00431806 0.00570835
0 0.00187338 0.00419897 0.00548836
0 0.00174314 0.003953 0.00520595
0 0.0015257 0.00358357 0.00485312
0 0.00124023 0.00309946 0.00441161
0 0.000909749 0.00251371 0.00385701
0 0.000558454 0.00184654 0.00316508
0 0.000209503 0.00112586 0.00232332
0 -0.000120123 0.000382789 0.00133808
0 -0.000421225 -0.000355419 0.00023413
0 -0.000686382 -0.00107473 -0.000950445
0 -0.000909189 -0.00177694 -0.00217867
0 -0.0010965 -0.00245615 -0.00340624
0 -0.00127043 -0.00309018 -0.00456445
0 -0.00145201 -0.00367489 -0.00559629
0 -0.00165403 -0.00422424 -0.00647297
0 -0.00188338 -0.00473499 -0.00716977
0 -0.0021351 -0.00518982 -0.00767692
0 -0.00239008 -0.005578 -0.00800801
0 -0.0026249 -0.00589079 -0.00818551
0 -0.00281806 -0.00611256 -0.00823927
0 -0.00294874 -0.00623024 -0.00820379
0 -0.00300005 -0.00624114 -0.00810562
0 -0.00296523 -0.006147 -0.00796011
0 -0.00284877 -0.00595213 -0.00777348
0 -0.0026647 -0.00566975 -0.00754236
0 -0.00243526 -0.00532061 -0.00725635
0 -0.00218631 -0.00492469 -0.00690199
0 -0.00194051 -0.00449912 -0.00646578
0 -0.00171358 -0.00405915 -0.00593928
0 -0.00151314 -0.00361415 -0.00532222
0 -0.0013366 -0.00316384 -0.00462136
0 -0.00117138 -0.00270037 -0.00384978
0 -0.00100098 -0.00221341 -0.00302726
0 -0.000812522 -0.00169547 -0.00217885
0 -0.000599513 -0.00114687 -0.00133177
0 -0.000361546 -0.000577316 -0.000510211
0 -0.000104583 -2.67259e-06 0.000272167
0 0.000161744 0.000564468 0.00101069
0 0.000427938 0.00111846 0.00170124
0 0.000686299 0.00164987 0.00234302
0 0.000929618 0.00214649 0.00294189
0 0.00114794 0.00260371 0.00350598
0 0.00133433 0.00302015 0.00404252
0 0.00148948 0.00339134 0.00455469
0 0.00161452 0.00371356 0.00503897
0 0.00171006 0.00398805 0.0054878
0 0.00178321 0.00422019 0.00589319
0 0.00184484 0.00441747 0.00624729
0 0.00190091 0.00458617 0.00654123
0 0.00195102 0.00472693 0.00676487
0 0.00199197 0.00483362 0.00690876
0 0.00202032 0.00489749 0.00696832
0 0.00203373 0.00491197 0.00694586
0 0.00203097 0.00487392 0.00684819
0 0.00201039 0.00478337 0.00668342
0 0.00196889 0.00464336 0.00645944
0 0.00190321 0.00445873 0.00618329
0 0.00181181 0.00423355 0.00586061
0 0.00169535 0.00396952 0.00549507
0 0.0015563 0.00366674 0.0050885
0 0.00139904 0.00332602 0.00464181
0 0.00122979 0.00295136 0.00415623
0 0.00105504 0.00255073 0.00363387
0 0.000880003 0.0021348 0.00307818
0 0.000708271 0.00171459 0.00249482
0 0.00054251 0.00129921 0.00189245
0 0.000384734 0.000894732 0.00128279
0 0.000235162 0.000503944 0.00067849
0 9.05166e-05 0.000126094 9.01861e-05
0 -5.4507e-05 -0.000242319 -0.000473555
0 -0.000203588 -0.000602523 -0.00100329
0 -0.000359255 -0.000950877 -0.00148958
0 -0.000520026 -0.00128348 -0.00192631
0 -0.000677495 -0.00159516 -0.00230908
0 -0.000821973 -0.00187577 -0.00263529
0 -0.000946205 -0.00211474 -0.00290703
0 -0.00104583 -0.00230641 -0.00312912
0 -0.0011184 -0.00244818 -0.00330477
0 -0.00116038 -0.0025373 -0.00343322
0 -0.00116893 -0.00257256 -0.00351031
0 -0.00114621 -0.00255693 -0.00353163
0 -0.00109997 -0.00249681 -0.00349562
0 -0.00104185 -0.0024016 -0.00340483
0 -0.000985254 -0.00228463 -0.00326614
0 -0.000941076 -0.00216121 -0.00308994
0 -0.000914201 -0.00204456 -0.00288869
0 -0.000903634 -0.00194379 -0.00267673
0 -0.000905178 -0.00186384 -0.00247075
0 -0.000913867 -0.00180567 -0.00228906
0 -0.000924379 -0.00176657 -0.00214831
0 -0.000930419 -0.00174117 -0.0020593
0 -0.000925289 -0.00172314 -0.00202455
0 -0.000903603 -0.00170642 -0.00203816
0 -0.000863352 -0.00168616 -0.00208789
0 -0.000808364 -0.00166086 -0.00215897
0 -0.000749447 -0.00163379 -0.00223698
0 -0.00070135 -0.00161231 -0.0023099
0 -0.000676848 -0.00160549 -0.00236908
0 -0.000682811 -0.00162069 -0.00240959
0 -0.00071943 -0.0016616 -0.002431
0 -0.00078111 -0.00172754 -0.0024383
0 -0.000858556 -0.00181301 -0.00244189
0 -0.000940913 -0.00190892 -0.0024549
0 -0.00101718 -0.00200534 -0.00248966
0 -0.00107744 -0.00209352 -0.00255468
0 -0.00111398 -0.00216688 -0.00265155
0 -0.00112221 -0.0022212 -0.00277381
0 -0.0011017 -0.00225366 -0.00290792
0 -0.0010574 -0.00226287 -0.00303617
0 -0.00100038 -0.0022507 -0.00314132
0 -0.000945568 -0.00222313 -0.00321004
0 -0.000906787 -0.00218868 -0.00323352
0 -0.0008918 -0.00215542 -0.00320739
0 -0.000900381 -0.00212811 -0.00313228
0 -0.000925546 -0.00210648 -0.00301433
0 -0.000956444 -0.00208492 -0.00286487
0 -0.000981403 -0.00205432 -0.00269889
0 -0.000990171 -0.00200524 -0.00253182
0 -0.000975435 -0.00193127 -0.00237622
0 -0.000934323 -0.00183179 -0.00223982
0 -0.000869375 -0.00171273 -0.00212525
0 -0.000787946 -0.00158469 -0.00203073
0 -0.000700316 -0.00145937 -0.00195091
0 -0.000617553 -0.00134641 -0.0018784
0 -0.000549837 -0.00125221 -0.0018065
0 -0.000505049 -0.00118036 -0.00173152
0 -0.000486832 -0.00113198 -0.00165307
0 -0.000492471 -0.00110504 -0.00157275
0 -0.000512841 -0.00109371 -0.00149291
0 -0.000535293 -0.00108881 -0.00141588
0 -0.000547178 -0.00107903 -0.00134337
0 -0.000538064 -0.00105212 -0.00127477
0 -0.000500963 -0.000996082 -0.00120539
0 -0.000432985 -0.000901445 -0.00112659
0 -0.000335179 -0.000763321 -0.00102637
0 -0.000211862 -0.000581629 -0.000889987
0 -7.04794e-05 -0.000360169 -0.00070253
0 7.9782e-05 -0.000104516 -0.000451736
0 0.000230988 0.000180513 -0.000129271
0 0.000377365 0.000491827 0.000269309
0 0.000515292 0.000826701 0.000744377
0 0.000645527 0.00118138 0.0012908
0 0.000772952 0.00155356 0.00189658
0 0.000902811 0.00194388 0.00254606
0 0.00103977 0.00235225 0.0032223
0 0.00118782 0.00277608 0.0039042
0 0.0013492 0.00321129 0.00457115
0 0.00152427 0.00365246 0.00520904
0 0.00171057 0.00409212 0.00580791
0 0.00190216 0.0045204 0.00636145
0 0.00209074 0.00492645 0.00686783
0 0.00226656 0.00529961 0.00732671
0 0.00241928 0.0056291 0.00773723
0 0.00254061 0.0059051 0.008098
0 0.00262634 0.00612089 0.00840613
0 0.00267643 0.00627344 0.00865672
0 0.00269433 0.00636324 0.00884348
0 0.00268613 0.00639441 0.00895933
0 0.00265906 0.00637381 0.0089977
0 0.00261995 0.00630919 0.00895426
0 0.00257412 0.00620748 0.00882806
0 0.00252458 0.0060737 0.00862229
0 0.00247151 0.00591029 0.00834419
0 0.00241164 0.00571647 0.00800342
0 0.00233885 0.00548876 0.00761022
0 0.00224638 0.00522301 0.00717477
0 0.00212944 0.00491669 0.00670656
0 0.00198615 0.00456981 0.00621311
0 0.00181734 0.00418477 0.00569858
0 0.00162598 0.0037658 0.00516317
0 0.00141685 0.00331824 0.00460393
0 0.00119603 0.00284784 0.00401633
0 0.00096988 0.00235998 0.00339564
0 0.000743396 0.00185872 0.00273805
0 0.000518998 0.00134618 0.00204154
0 0.000296149 0.000822669 0.00130693
0 7.06739e-05 0.000286975 0.000538172
0 -0.000163913 -0.000263871 -0.000259807
0 -0.000413705 -0.000834875 -0.00108288
0 -0.000679982 -0.00142741 -0.00192326
0 -0.000957369 -0.00203468 -0.00276818
0 -0.00124215 -0.00265133 -0.00360794
0 -0.00153481 -0.00327701 -0.00443818
0 -0.00183381 -0.00390716 -0.00525688
0 -0.00213612 -0.00453333 -0.00606474
0 -0.00243869 -0.00515025 -0.00686329
0 -0.00273524 -0.0057544 -0.00765091
0 -0.00301617 -0.00633859 -0.00842228
0 -0.00327261 -0.00689316 -0.00916982
0 -0.00349995 -0.00741008 -0.00988473
0 -0.0036982 -0.00788251 -0.0105575
0 -0.00386904 -0.00830303 -0.0111769
0 -0.00401318 -0.0086652 -0.0117283
0 -0.00413015 -0.00896459 -0.0121955
0 -0.00421899 -0.00919741 -0.0125627
0 -0.00427909 -0.00936001 -0.0128175
0 -0.00431054 -0.00944911 -0.0129523
0 -0.00431298 -0.00946095 -0.0129632
0 -0.00428439 -0.00939096 -0.0128494
0 -0.00422184 -0.00923597 -0.0126134
0 -0.00412312 -0.00899614 -0.0122611
0 -0.00398681 -0.00867445 -0.0118004
0 -0.00381161 -0.00827467 -0.0112394
0 -0.00359661 -0.00780035 -0.0105855
0 -0.00334237 -0.00725483 -0.00984527
0 -0.0030516 -0.00664175 -0.00902487
0 -0.00272853 -0.00596547 -0.00812958
0 -0.0023777 -0.00523125 -0.00716348
0 -0.00200324 -0.00444505 -0.00612944
0 -0.00160879 -0.00361319 -0.00503015
0 -0.00119799 -0.00274219 -0.00386938
0 -0.000775212 -0.00183842 -0.00265311
0 -0.000346081 -0.00090865 -0.00139007
0 8.059e-05 3.73866e-05 -9.23188e-05
0 0.00049114 0.000983119 0.00122384
0 0.000881566 0.00191769 0.00254554
0 0.00126623 0.00285042 0.00386919
0 0.00165153 0.0037851 0.005186
0 0.00202493 0.00470145 0.00647792
0 0.00238025 0.00558138 0.00773038
0 0.00272333 0.00642146 0.00893032
0 0.00305176 0.00721503 0.0100613
0 0.00335391 0.00794775 0.0111077
0 0.00362435 0.00861028 0.0120555
0 0.00386257 0.00919786 0.0128908
0 0.0040634 0.0096996 0.0136012
0 0.00422037 0.010101 0.0141753
0 0.00433202 0.0103932 0.0146031
0 0.00439832 0.0105719 0.0148762
0 0.00441614 0.0106321 0.0149869
0 0.00438185 0.0105699 0.0149279
0 0.00429475 0.0103851 0.014694
0 0.00415566 0.0100775 0.0142824
0 0.00396539 0.00964611 0.0136929
0 0.00372623 0.00909216 0.0129287
0 0.00344211 0.00842048 0.0119958
0 0.00311626 0.0076381 0.0109027
0 0.00275082 0.00675366 0.00966051
0 0.00234906 0.00577842 0.0082835
0 0.00191643 0.00472596 0.00678978
0 0.00145991 0.00361116 0.00520123
0 0.000987376 0.00245049 0.00354309
0 0.00050603 0.00126228 0.00184285
0 1.51294e-05 6.17047e-05 0.000125835
0 -0.000500346 -0.0011497 -0.00159185
0 -0.00104068 -0.00236009 -0.00328523
0 -0.00156872 -0.00352396 -0.00491061
0 -0.00205785 -0.00461225 -0.00643798
0 -0.00251584 -0.00563159 -0.00784918
0 -0.00294134 -0.00657236 -0.00912026
0 -0.00331414 -0.00740221 -0.0102352
0 -0.00362739 -0.0081032 -0.0111858
0 -0.00388827 -0.00867394 -0.0119621
0 -0.0040923 -0.00910722 -0.0125557
0 -0.0042259 -0.00939263 -0.0129595
0 -0.00428646 -0.00953184 -0.0131673
0 -0.00428053 -0.00953259 -0.0131781
0 -0.00421114 -0.00939615 -0.0129956
0 -0.00408096 -0.00912341 -0.0126263
0 -0.00389886 -0.00872367 -0.0120802
0 -0.0036731 -0.00820926 -0.0113699
0 -0.00340501 -0.00759035 -0.0105085
0 -0.00309457 -0.00687832 -0.00951131
0 -0.00274569 -0.00608649 -0.00839649
0 -0.00236321 -0.00522611 -0.00718429
0 -0.00195094 -0.00430614 -0.00589615
0 -0.00151424 -0.00333718 -0.00455337
0 -0.00106035 -0.00233263 -0.00317554
0 -0.0005967 -0.00130754 -0.00178062
0 -0.000133271 -0.000281051 -0.000386587
0 0.000310855 0.000719311 0.000985915
0 0.000719419 0.00167328 0.00232042
0 0.00109963 0.0025856 0.00360914
0 0.00146096 0.00345873 0.00483867
0 0.0017899 0.00427134 0.00599013
0 0.00207583 0.0050053 0.00705067
0 0.00232945 0.00565941 0.00800849
0 0.00255801 0.00623097 0.00884947
0 0.00275339 0.00671108 0.00956105
0 0.00291043 0.00709747 0.0101326
0 0.00303216 0.00739347 0.0105557
0 0.00311703 0.00759578 0.0108257
0 0.00315898 0.00769548 0.0109415
0 0.00315725 0.00768779 0.0109051
0 0.00311451 0.00757229 0.0107214
0 0.00302893 0.00734841 0.0103952
0 0.00289599 0.00701725 0.0099304
0 0.00271464 0.00658376 0.00933117
0 0.00248688 0.0060535 0.00860175
0 0.00221541 0.00543029 0.00774697
0 0.00190541 0.00471905 0.00677348
0 0.00156548 0.00392848 0.00568998
0 0.00120417 0.00307045 0.00450715
0 0.000827783 0.0021592 0.00323829
0 0.000440875 0.00121105 0.00190002
0 4.3022e-05 0.000240898 0.000512154
0 -0.000374751 -0.000745951 -0.000907561
0 -0.000812921 -0.00174488 -0.00234029
0 -0.00124633 -0.00272896 -0.00374946
0 -0.00164983 -0.00366464 -0.0050929
0 -0.00202335 -0.00454165 -0.00634426
0 -0.00237046 -0.00535364 -0.00748073
0 -0.0026813 -0.00607617 -0.00847906
0 -0.00294849 -0.00668623 -0.00932454
0 -0.00317221 -0.00717681 -0.0100043
0 -0.00334526 -0.0075423 -0.010504
0 -0.00345314 -0.00777036 -0.0108133
0 -0.0034884 -0.00785336 -0.0109261
0 -0.00345262 -0.00779159 -0.0108406
0 -0.00334833 -0.00758396 -0.0105596
0 -0.00317787 -0.00722889 -0.0100882
0 -0.0029471 -0.00673322 -0.00943302
0 -0.00266386 -0.0061114 -0.00860345
0 -0.00233441 -0.00537906 -0.00761225
0 -0.00196521 -0.00455298 -0.00647621
0 -0.00156612 -0.0036528 -0.00521823
0 -0.00114897 -0.00269904 -0.00386701
0 -0.000725087 -0.0017118 -0.00245564
0 -0.000306306 -0.00071432 -0.00102077
0 9.15184e-05 0.000260255 0.000396117
0 0.000451446 0.00117658 0.00175444
0 0.000774263 0.00202395 0.00302866
0 0.00107566 0.0028081 0.00419691
0 0.00135166 0.00351188 0.00522676
0 0.00158248 0.00410591 0.0060927
0 0.00176412 0.00457958 0.00678007
0 0.0019016 0.00492851 0.00727415
0 0.00198811 0.00513805 0.00756464
0 0.00201372 0.00519756 0.00764829
0 0.00198074 0.00511211 0.00752661
0 0.00189629 0.00489172 0.00720708
0 0.00176208 0.00454375 0.00670218
0 0.00158093 0.00408003 0.00602794
0 0.00136269 0.00351926 0.0052055
0 0.00111709 0.00287979 0.00426011
0 0.000849193 0.00217765 0.00321849
0 0.000564183 0.00143134 0.00210961
0 0.000268449 0.000660804 0.00096426
0 -3.7237e-05 -0.000119723 -0.000190476
0 -0.000356073 -0.000900037 -0.00133035
0 -0.000678366 -0.00165676 -0.00242128
0 -0.000980436 -0.00235516 -0.00342482
0 -0.001247 -0.00297595 -0.00431454
0 -0.00147465 -0.00351123 -0.00506788
0 -0.00165508 -0.00394099 -0.00566203
0 -0.00177624 -0.00424108 -0.0060824
0 -0.00183603 -0.00440148 -0.0063202
0 -0.0018394 -0.00442262 -0.00636982
0 -0.0017873 -0.00430636 -0.00623096
0 -0.00167979 -0.00405996 -0.00590793
0 -0.0015237 -0.00369947 -0.0054105
0 -0.00132914 -0.00324259 -0.00475615
0 -0.00110383 -0.00270392 -0.00396842
0 -0.000854712 -0.00209847 -0.00307446
0 -0.000589997 -0.00144372 -0.00210447
0 -0.000317011 -0.000758566 -0.00109036
0 -4.27797e-05 -6.56328e-05 -6.55735e-05
0 0.000223464 0.000607808 0.000935612
0 0.000473961 0.00124356 0.00188685
0 0.000708335 0.00184022 0.00276984
0 0.000927326 0.00239113 0.00356293
0 0.00112275 0.00287642 0.00424761
0 0.00128669 0.00328294 0.00481535
0 0.00142003 0.00360698 0.00525974
0 0.00152168 0.00384146 0.00557526
0 0.00158375 0.0039774 0.00575906
0 0.00160123 0.0040132 0.00580917
0 0.00157575 0.0039528 0.00572626
0 0.00151055 0.00379987 0.00551517
0 0.00140949 0.00355996 0.00518334
0 0.00127915 0.00324331 0.00474016
0 0.00112643 0.00286129 0.00419687
0 0.000955285 0.00242388 0.00356571
0 0.000767889 0.00194162 0.00286074
0 0.000567075 0.00142579 0.00209842
0 0.000355231 0.000885349 0.00129617
0 0.000131514 0.000325754 0.000469849
0 -0.000107205 -0.000250151 -0.000367836
0 -0.000361857 -0.00083777 -0.00120381
0 -0.000626627 -0.00142491 -0.00202074
0 -0.000890228 -0.00199721 -0.00280265
0 -0.00114504 -0.00254694 -0.00353995
0 -0.00138818 -0.00306796 -0.00422595
0 -0.00161434 -0.0035497 -0.00485536
0 -0.00181717 -0.00398186 -0.00542472
0 -0.00199294 -0.00435819 -0.00592969
0 -0.00213789 -0.00467368 -0.00636405
0 -0.00224746 -0.00492332 -0.00672099
0 -0.00232017 -0.00510464 -0.0069942
0 -0.0023589 -0.00521825 -0.00717863
0 -0.00236781 -0.00526517 -0.00727067
0 -0.00234967 -0.0052458 -0.00726724
0 -0.00230563 -0.00516064 -0.0071656
0 -0.00223509 -0.00500963 -0.00696366
0 -0.00213552 -0.00479109 -0.0066604
0 -0.00200358 -0.00450239 -0.00625649
0 -0.00183711 -0.00414135 -0.00575449
0 -0.00163529 -0.00370664 -0.00515806
0 -0.00139805 -0.00319845 -0.00447119
0 -0.00112659 -0.00261964 -0.0036983
0 -0.000824296 -0.00197619 -0.0028445
0 -0.000496437 -0.00127641 -0.00191577
0 -0.000149317 -0.000529932 -0.000919011
0 0.000207345 0.000252801 0.000137148
0 0.000560231 0.00105784 0.00124117
0 0.000904644 0.00187365 0.00238165
0 0.00124575 0.00270031 0.00355061
0 0.00158042 0.00353323 0.00473621
0 0.00189899 0.00435163 0.00591829
0 0.0022007 0.00513697 0.00707543
0 0.00248884 0.00588126 0.00818638
0 0.0027598 0.00657595 0.00922729
0 0.00300729 0.00720965 0.0101754
0 0.00322949 0.00777536 0.0110121
0 0.00342549 0.00826827 0.0117219
0 0.00359049 0.00867797 0.0122927
0 0.00371825 0.00899023 0.0127154
0 0.00380394 0.00919385 0.0129832
0 0.00384258 0.00928089 0.0130919
0 0.00382804 0.0092442 0.013038
0 0.00375559 0.00907936 0.0128188
0 0.00362373 0.00878593 0.0124318
0 0.00343365 0.00836525 0.0118759
0 0.00318889 0.00781977 0.0111514
0 0.00289533 0.00715482 0.0102605
0 0.00255954 0.00637846 0.00920753
0 0.0021866 0.00549959 0.00799876
0 0.00177992 0.00452738 0.00664298
0 0.00134252 0.00347158 0.0051526
0 0.000877587 0.00234222 0.00354394
0 0.000386618 0.00114882 0.0018367
0 -0.000139215 -0.000102972 5.08193e-05
0 -0.000721995 -0.00142147 -0.00180288
0 -0.00135987 -0.00280572 -0.00370925
0 -0.00201222 -0.00421555 -0.00563259
0 -0.00265842 -0.00561904 -0.00754619
0 -0.00330933 -0.00702147 -0.00943852
0 -0.00395732 -0.00841372 -0.0112903
0 -0.00457718 -0.00975829 -0.0130827
0 -0.00515856 -0.0110293 -0.0148016
0 -0.00570089 -0.0122181 -0.0164271
0 -0.00619175 -0.0133071 -0.0179352
0 -0.00661324 -0.0142703 -0.0193
0 -0.00695885 -0.0150927 -0.0204928
0 -0.00722935 -0.0157654 -0.0214857
0 -0.00742116 -0.0162718 -0.0222529
0 -0.00752986 -0.0165935 -0.0227692
0 -0.00755568 -0.0167205 -0.0230122
0 -0.00749727 -0.016645 -0.0229631
0 -0.00734749 -0.0163561 -0.0226068
0 -0.00709994 -0.015846 -0.0219338
0 -0.00675312 -0.0151126 -0.0209428
0 -0.00630728 -0.014156 -0.0196387
0 -0.00576322 -0.0129785 -0.0180324
0 -0.00512541 -0.0115898 -0.0161413
0 -0.0044025 -0.0100074 -0.0139875
0 -0.00360475 -0.00825405 -0.0115981
0 -0.00274416 -0.00635687 -0.0090056
0 -0.00183641 -0.00434804 -0.00624842
0 -0.000900575 -0.00226326 -0.0033706
0 3.7588e-05 -0.000141525 -0.000421237
0 0.000920473 0.00195192 0.00253367
0 0.00171641 0.00396098 0.00543625
0 0.00248342 0.00590516 0.00826537
0 0.00324218 0.00779145 0.0109808
0 0.00393169 0.00954783 0.0135181
0 0.00453524 0.0111223 0.0158362
0 0.00508427 0.0125196 0.0178982
0 0.00557329 0.0137294 0.0196608
0 0.00596816 0.0147132 0.0210926
0 0.00626446 0.0154578 0.0221733
0 0.00647882 0.0159752 0.0228921
0 0.00660887 0.0162622 0.0232541
0 0.00664293 0.0163081 0.0232746
0 0.00658719 0.0161232 0.0229653
0 0.00645232 0.0157269 0.0223448
0 0.00623437 0.0151294 0.021443
0 0.0059303 0.0143436 0.0202846
0 0.00555206 0.013393 0.018898
0 0.00511432 0.0123022 0.0173207
0 0.00462617 0.0110922 0.0155865
0 0.0040989 0.0097881 0.0137284
0 0.00354729 0.00841996 0.011782
0 0.00298167 0.00701545 0.00977941
0 0.00240792 0.00559712 0.00775057
0 0.00183384 0.00418595 0.00572714
0 0.00126926 0.00280128 0.00373924
0 0.000720703 0.00145763 0.00181358
0 0.000186088 0.000159066 -3.34376e-05
0 -0.000349101 -0.00109733 -0.00178926
0 -0.000889711 -0.00229154 -0.003426
0 -0.00140708 -0.00338627 -0.00491897
0 -0.00187639 -0.00437626 -0.00626159
0 -0.00230602 -0.00527491 -0.00744599
0 -0.00269721 -0.00607248 -0.00846599
0 -0.00302812 -0.00675035 -0.00932526
0 -0.00329137 -0.00730407 -0.0100281
0 -0.00349758 -0.00773371 -0.010578
0 -0.00364483 -0.00803316 -0.010978
0 -0.00372203 -0.00819958 -0.0112263
0 -0.00373122 -0.00824047 -0.0113198
0 -0.00368282 -0.00816516 -0.0112574
0 -0.0035822 -0.00797888 -0.0110397
0 -0.00343514 -0.00768855 -0.0106704
0 -0.00325444 -0.0073055 -0.0101583
0 -0.00305114 -0.00684151 -0.00951504
0 -0.00282791 -0.00630807 -0.00875554
0 -0.00258574 -0.00571882 -0.00789927
0 -0.0023288 -0.00508881 -0.00696986
0 -0.00206059 -0.0044317 -0.00599409
0 -0.0017829 -0.0037598 -0.00500065
0 -0.00149977 -0.00308593 -0.00401774
0 -0.00121762 -0.002424 -0.00307098
0 -0.000942424 -0.00178872 -0.00218229
0 -0.00068038 -0.00119633 -0.0013693
0 -0.000439936 -0.000663526 -0.000645172
0 -0.000231591 -0.000205318 -1.90435e-05
0 -6.36499e-05 0.000168443 0.000501405
0 6.08473e-05 0.000454567 0.000907506
0 0.000140432 0.000649396 0.00119066
0 0.000173058 0.000746465 0.00134403
0 0.000159432 0.000743082 0.00136299
0 0.00010344 0.000640998 0.00124596
0 8.7529e-06 0.000443537 0.00099456
0 -0.000121665 0.00015654 0.000613505
0 -0.000283821 -0.000211133 0.000110681
0 -0.000473988 -0.000649203 -0.000503674
0 -0.000687951 -0.00114844 -0.00121782
0 -0.000917678 -0.00169778 -0.00201769
0 -0.00115421 -0.00227856 -0.00288117
0 -0.00139085 -0.00287123 -0.00377612
0 -0.00162254 -0.00346221 -0.00467067
0 -0.00184648 -0.00403805 -0.00553643
0 -0.00206087 -0.00458193 -0.00634475
0 -0.00226231 -0.00507758 -0.00707047
0 -0.00244623 -0.00551217 -0.00769379
0 -0.00260702 -0.00587447 -0.00819813
0 -0.00273686 -0.00615328 -0.00857108
0 -0.0028272 -0.00633899 -0.00880533
0 -0.0028711 -0.006424 -0.00889711
0 -0.00286335 -0.00640125 -0.00884539
0 -0.00280024 -0.00626502 -0.00865102
0 -0.00268015 -0.00601311 -0.00831527
0 -0.00250426 -0.00564745 -0.00783983
0 -0.00227642 -0.00517364 -0.00722756
0 -0.00200239 -0.00460044 -0.00648253
0 -0.00168909 -0.0039386 -0.00561056
0 -0.00134386 -0.0031992 -0.00461994
0 -0.00097363 -0.00239304 -0.00352179
0 -0.000584614 -0.00153065 -0.00233039
0 -0.000183275 -0.00062314 -0.00106324
0 0.000220155 0.000314489 0.000258478
0 0.000612074 0.00125981 0.00160826
0 0.000991548 0.00219976 0.00296566
0 0.00137084 0.00314145 0.00432147
0 0.00174828 0.00407909 0.00565746
0 0.00211018 0.0049852 0.00694941
0 0.00245478 0.00584345 0.00818196
0 0.00278583 0.0066514 0.00933959
0 0.00309612 0.00739946 0.0104043
0 0.00337481 0.00807281 0.0113621
0 0.00361887 0.00866532 0.012202
0 0.00382801 0.00917446 0.0129146
0 0.00399751 0.00959008 0.0134925
0 0.004122 0.00990007 0.0139285
0 0.00419997 0.010099 0.0142161
0 0.00423067 0.0101845 0.0143505
0 0.00421153 0.0101527 0.0143273
0 0.00414149 0.0100033 0.0141432
0 0.00402292 0.00974001 0.0137974
0 0.00385894 0.00936625 0.0132911
0 0.00365209 0.00888489 0.0126276
0 0.00340592 0.00830111 0.0118133
0 0.00312472 0.00762264 0.0108574
0 0.00281169 0.00685776 0.00977158
0 0.00246913 0.00601554 0.00856985
0 0.00210028 0.00510703 0.00726914
0 0.00170984 0.00414481 0.00588884
0 0.00130338 0.00314227 0.00445062
0 0.000887239 0.00211443 0.00297805
0 0.000467557 0.00107789 0.00149554
0 4.47503e-05 4.61176e-05 2.37951e-05
0 -0.000388355 -0.000975317 -0.00142129
0 -0.000827228 -0.00196845 -0.00281245
0 -0.00124295 -0.0028928 -0.00411116
0 -0.00161169 -0.00372492 -0.00529075
0 -0.00193461 -0.0044658 -0.00633108
0 -0.00221176 -0.00510309 -0.00721009
0 -0.0024303 -0.00561216 -0.00791397
0 -0.00258664 -0.00598234 -0.00843458
0 -0.0026882 -0.00621441 -0.00876413
0 -0.00273359 -0.00630577 -0.00889821
0 -0.00271534 -0.00625471 -0.00883607
0 -0.00263504 -0.00606946 -0.008581
0 -0.00250047 -0.0057618 -0.00814286
0 -0.00231663 -0.00533956 -0.00753703
0 -0.00208888 -0.00481246 -0.00678298
0 -0.00182753 -0.00419769 -0.00590485
0 -0.00154322 -0.00351598 -0.00492984
0 -0.00124258 -0.00278847 -0.00388645
0 -0.000932075 -0.00203835 -0.00280526
0 -0.00062193 -0.0012901 -0.00171878
0 -0.0003242 -0.00056807 -0.000660709
0 -5.13186e-05 0.000101978 0.000334006
0 0.00018676 0.000700107 0.00123684
0 0.000386785 0.00122117 0.00202796
0 0.000549521 0.00165949 0.00268403
0 0.000673821 0.00199702 0.00318266
0 0.000754749 0.00221915 0.00351271
0 0.000790487 0.00232306 0.00366818
0 0.000784667 0.0023081 0.00364606
0 0.000737183 0.00217353 0.00344916
0 0.000644866 0.00192468 0.00308428
0 0.000509712 0.00157235 0.00256237
0 0.000336137 0.00112702 0.00189971
0 0.000125386 0.000598085 0.00111602
0 -0.000123741 -4.45846e-06 0.00023262
0 -0.000410304 -0.000672725 -0.000731088
0 -0.000727868 -0.00139959 -0.00175955
0 -0.00106572 -0.00216761 -0.0028322
0 -0.00141237 -0.00295154 -0.00392306
0 -0.00176094 -0.00373589 -0.00501282
0 -0.00210756 -0.00451241 -0.00608539
0 -0.00244511 -0.00526591 -0.00712166
0 -0.00276503 -0.00597836 -0.00810436
0 -0.0030607 -0.00663811 -0.00901796
0 -0.00332616 -0.00723556 -0.00984634
0 -0.00355548 -0.00775795 -0.010575
0 -0.00374408 -0.00819403 -0.0111911
0 -0.00388906 -0.00853686 -0.0116826
0 -0.00398837 -0.00878014 -0.0120386
0 -0.00403993 -0.00891704 -0.01225
0 -0.00404172 -0.00894312 -0.0123088
0 -0.00399247 -0.00885608 -0.0122091
0 -0.00389117 -0.00865332 -0.011947
0 -0.00373669 -0.0083324 -0.0115207
0 -0.00352878 -0.00789308 -0.0109309
0 -0.00326861 -0.00733726 -0.0101812
0 -0.0029583 -0.00666869 -0.00927738
0 -0.00260103 -0.00589394 -0.00822826
0 -0.00220148 -0.0050229 -0.00704546
0 -0.00176539 -0.00406751 -0.00574308
0 -0.00129852 -0.00304055 -0.0043372
0 -0.000806946 -0.00195526 -0.00284564
0 -0.000298603 -0.000825882 -0.00128822
0 0.000210531 0.00032778 0.000311611
0 0.000697693 0.00147633 0.00192475
0 0.00116038 0.00260511 0.00353129
0 0.00161725 0.00372484 0.00512376
0 0.00206507 0.00482636 0.00668117
0 0.00248242 0.00587414 0.00817609
0 0.00286825 0.00685005 0.00959139
0 0.00323168 0.0077537 0.0109072
0 0.00356489 0.00857401 0.0120998
0 0.00385407 0.00929317 0.0131498
0 0.00409813 0.00990585 0.0140412
0 0.00430081 0.010412 0.0147621
0 0.00445963 0.0108031 0.0153064
0 0.00457202 0.0110708 0.0156722
0 0.00464064 0.011217 0.0158608
0 0.00466635 0.011246 0.0158769
0 0.00464449 0.0111585 0.0157263
0 0.00457208 0.0109576 0.0154168
0 0.0044518 0.0106511 0.0149596
0 0.0042877 0.0102455 0.0143675
0 0.00408311 0.00974637 0.0136535
0 0.00384274 0.00916247 0.0128306
0 0.00357229 0.0085055 0.0119114
0 0.00327587 0.00778689 0.0109073
0 0.00295656 0.00701724 0.00982988
0 0.00261863 0.00620705 0.00869108
0 0.00226706 0.00536549 0.00750316
0 0.00190574 0.00449925 0.00627825
0 0.00153736 0.00361402 0.00502803
0 0.0011641 0.00271598 0.00376338
0 0.000787163 0.00181123 0.0024941
0 0.000405327 0.00090423 0.0012279
0 1.18057e-05 -5.14834e-06 -3.24585e-05
0 -0.0004046 -0.000922983 -0.00128812
0 -0.000843792 -0.0018471 -0.00253313
0 -0.00128715 -0.00276091 -0.00375484
0 -0.00171944 -0.00365823 -0.00494834
0 -0.00214256 -0.00454597 -0.00611346
0 -0.0025576 -0.00541946 -0.00724834
0 -0.00295603 -0.00626403 -0.00835366
0 -0.0033347 -0.00707234 -0.00942985
0 -0.00369685 -0.0078437 -0.0104727
0 -0.00403836 -0.00857404 -0.0114748
0 -0.00435061 -0.0092574 -0.0124258
0 -0.00463158 -0.00989119 -0.0133141
0 -0.00488346 -0.0104722 -0.0141284
0 -0.00510577 -0.0109918 -0.0148579
0 -0.0052969 -0.0114399 -0.0154916
0 -0.00545636 -0.0118097 -0.0160182
0 -0.00558179 -0.0120952 -0.0164268
0 -0.00566714 -0.0122896 -0.0167067
0 -0.00570615 -0.0123867 -0.016849
0 -0.00569482 -0.0123802 -0.0168464
0 -0.00562974 -0.0122624 -0.0166929
0 -0.00550709 -0.0120245 -0.0163833
0 -0.0053243 -0.0116599 -0.0159126
0 -0.00508015 -0.0111648 -0.0152757
0 -0.0047733 -0.0105371 -0.0144669
0 -0.00440291 -0.00977679 -0.0134817
0 -0.00397049 -0.00888556 -0.0123171
0 -0.00347991 -0.00786663 -0.0109733
0 -0.00293606 -0.00672446 -0.00945395
0 -0.00234417 -0.00546542 -0.00776622
0 -0.00170965 -0.00409857 -0.00592095
0 -0.00103788 -0.00263579 -0.00393282
0 -0.000335636 -0.00109146 -0.00182067
0 0.000375052 0.000513867 0.00039165
0 0.00106046 0.00214046 0.00266713
0 0.00172404 0.00376329 0.00497543
0 0.00239767 0.00540289 0.00730902
0 0.00307028 0.00705196 0.00964083
0 0.00370666 0.00865311 0.0119258
0 0.00430709 0.0101739 0.0141336
0 0.00488306 0.0116129 0.0162322
0 0.00541911 0.0129499 0.0181802
0 0.00589397 0.0141502 0.0199412
0 0.00630445 0.0151978 0.0214824
0 0.00665046 0.0160857 0.0227735
0 0.00691974 0.0167899 0.0237891
0 0.00710097 0.0172827 0.0245067
0 0.00719824 0.0175564 0.0249122
0 0.00721777 0.0176145 0.0250036
0 0.00714914 0.0174472 0.0247748
0 0.00697712 0.0170416 0.0242185
0 0.00670333 0.0164033 0.0233396
0 0.00633767 0.015545 0.0221469
0 0.00588261 0.014471 0.0206498
0 0.00534136 0.0131885 0.0188644
0 0.00472671 0.0117175 0.0168122
0 0.00405211 0.0100823 0.0145172
0 0.00332482 0.00830534 0.0120086
0 0.00255232 0.00641151 0.00931956
0 0.00174643 0.00442967 0.00648726
0 0.000917641 0.00238627 0.00355283
0 6.25957e-05 0.000299732 0.000557981
0 -0.000852531 -0.0018385 -0.0024736
0 -0.00183748 -0.004023 -0.00550786
0 -0.00282014 -0.0061726 -0.00847119
0 -0.00374666 -0.00822356 -0.0113139
0 -0.00464188 -0.0101903 -0.0140131
0 -0.00550876 -0.0120651 -0.0165296
0 -0.00629962 -0.0137884 -0.018833
0 -0.00699451 -0.0153224 -0.0209074
0 -0.00760905 -0.0166659 -0.0227322
0 -0.0081425 -0.0178086 -0.0242873
0 -0.00857689 -0.0187303 -0.0255602
0 -0.00890172 -0.0194255 -0.0265376
0 -0.00911821 -0.0198973 -0.0272036
0 -0.00922963 -0.0201449 -0.0275561
0 -0.0092337 -0.020166 -0.0275984
0 -0.00913155 -0.0199646 -0.0273306
0 -0.00893393 -0.0195492 -0.0267614
0 -0.00864889 -0.0189255 -0.0259046
0 -0.00827699 -0.0180997 -0.0247722
0 -0.00782094 -0.0170864 -0.0233808
0 -0.00728728 -0.0159029 -0.0217515
0 -0.00668068 -0.0145638 -0.0199054
0 -0.00600471 -0.0130836 -0.0178666
0 -0.00526742 -0.0114789 -0.015663
0 -0.00448059 -0.00976761 -0.0133222
0 -0.00365491 -0.0079692 -0.0108726
0 -0.00279979 -0.00610603 -0.00834277
0 -0.00192609 -0.00420287 -0.00575997
0 -0.00104664 -0.00228501 -0.00315126
0 -0.000182583 -0.000378979 -0.000545241
0 0.00063637 0.00147285 0.00201864
0 0.0013897 0.00324134 0.00451242
0 0.00209429 0.00495471 0.00693699
0 0.00278217 0.00662761 0.00927354
0 0.00343402 0.00821125 0.0114878
0 0.00401987 0.0096699 0.0135659
0 0.00456096 0.0110114 0.015492
0 0.00507048 0.0122338 0.0172413
0 0.00552239 0.0133138 0.0187941
0 0.00590352 0.0142433 0.0201332
0 0.00622401 0.0150299 0.0212443
0 0.00648495 0.0156666 0.0221204
0 0.00667776 0.0161354 0.0227577
0 0.00680252 0.0164317 0.0231556
0 0.00686602 0.0165611 0.0233188
0 0.0068674 0.0165255 0.0232526
0 0.00679867 0.0163272 0.0229619
0 0.00665809 0.0159751 0.022455
0 0.00645104 0.0154779 0.021742
0 0.00618068 0.0148383 0.0208334
0 0.00584985 0.0140598 0.0197416
0 0.00546691 0.013152 0.0184799
0 0.00504058 0.0121287 0.0170621
0 0.00457518 0.0110044 0.0155022
0 0.00407465 0.00979588 0.0138157
0 0.00354564 0.00852028 0.0120204
0 0.00299514 0.00719203 0.0101362
0 0.00242915 0.00582267 0.00818494
0 0.00185409 0.00442417 0.00619042
0 0.00127629 0.00301041 0.00417715
0 0.000696031 0.00159548 0.00216908
0 0.000106549 0.000188624 0.000183663
0 -0.000497711 -0.00121383 -0.00177152
0 -0.0011201 -0.0026013 -0.0036756
0 -0.0017476 -0.00393001 -0.00549201
0 -0.00234686 -0.00518032 -0.00720298
0 -0.00290742 -0.00636897 -0.00879995
0 -0.00343783 -0.00749128 -0.0102682
0 -0.0039237 -0.00851839 -0.0116028
0 -0.00435053 -0.00943421 -0.012804
0 -0.00472498 -0.0102362 -0.0138671
0 -0.00504626 -0.0109149 -0.0147864
0 -0.00530093 -0.0114597 -0.0155539
0 -0.00548426 -0.0118726 -0.0161586
0 -0.00560108 -0.0121609 -0.0165918
0 -0.00565564 -0.0123234 -0.0168479
0 -0.00565146 -0.0123569 -0.016923
0 -0.00559501 -0.0122639 -0.0168171
0 -0.00549373 -0.012049 -0.0165329
0 -0.00534961 -0.0117154 -0.0160743
0 -0.00515953 -0.0112696 -0.0154485
0 -0.00492271 -0.0107208 -0.0146671
0 -0.00464166 -0.0100773 -0.0137456
0 -0.00431818 -0.0093456 -0.0127023
0 -0.00395467 -0.00853315 -0.0115578
0 -0.00355638 -0.00764949 -0.0103314
0 -0.00312834 -0.00670572 -0.00904069
0 -0.00267374 -0.00571398 -0.00770017
0 -0.002197 -0.00468779 -0.00632287
0 -0.0017062 -0.00364172 -0.00492183
0 -0.0012122 -0.00259043 -0.00351124
0 -0.000728929 -0.00154847 -0.00210631
0 -0.000270929 -0.000531548 -0.000722798
0 0.000154889 0.000440589 0.000621893
0 0.000548315 0.0013524 0.00191246
0 0.000907921 0.002207 0.00314098
0 0.0012321 0.00301095 0.00429693
0 0.00152232 0.00375156 0.00536197
0 0.00178042 0.0044122 0.00632143
0 0.00200699 0.00498909 0.00716473
0 0.00220251 0.0054794 0.00787892
0 0.00236384 0.00587386 0.00845212
0 0.00248558 0.00616693 0.00887643
0 0.00256628 0.00635996 0.00914686
0 0.0026056 0.00645212 0.00926207
0 0.00260201 0.00643892 0.00922442
0 0.00255642 0.00631999 0.00903895
0 0.00247153 0.00610012 0.0087133
0 0.00234869 0.00578446 0.00825645
0 0.00218862 0.00537915 0.00767764
0 0.00199311 0.00489357 0.00698722
0 0.00176523 0.00433749 0.00619664
0 0.00150903 0.00371858 0.00531772
0 0.00122924 0.00304437 0.00436306
0 0.000930873 0.00232421 0.00334626
0 0.000616056 0.00156817 0.00228129
0 0.000285859 0.000786257 0.00118229
0 -5.38416e-05 -1.16683e-05 6.22788e-05
0 -0.000399773 -0.00081914 -0.001069
0 -0.000753659 -0.00162656 -0.00219755
0 -0.00111012 -0.00241269 -0.00329912
0 -0.00145389 -0.00316135 -0.0043514
0 -0.00177182 -0.0038702 -0.00533855
0 -0.00206164 -0.00453158 -0.00624507
0 -0.00232292 -0.0051279 -0.00705831
0 -0.00255178 -0.00564573 -0.00776957
0 -0.00274652 -0.00607899 -0.00836998
0 -0.00290468 -0.00642202 -0.00885015
0 -0.00302025 -0.00666926 -0.00920168
0 -0.00308836 -0.00681944 -0.00941782
0 -0.00310782 -0.00687325 -0.00949497
0 -0.00308003 -0.00682888 -0.00943339
0 -0.00300771 -0.00668416 -0.0092356
0 -0.00289347 -0.00644045 -0.00890549
0 -0.00273915 -0.00610155 -0.00844768
0 -0.00254561 -0.00567222 -0.00786694
0 -0.00231305 -0.00515899 -0.00716924
0 -0.00204324 -0.00456994 -0.00636316
0 -0.00174081 -0.00391314 -0.00546004
0 -0.00141182 -0.00319666 -0.0044735
0 -0.00106274 -0.00242989 -0.00341855
0 -0.000701716 -0.00162386 -0.00231047
0 -0.000336581 -0.000791043 -0.00116436
0 3.04543e-05 5.42397e-05 4.27205e-06
0 0.000397767 0.000894326 0.00117795
0 0.000757759 0.0017185 0.00234317
0 0.00110105 0.00253124 0.00349265
0 0.00142372 0.00332926 0.00461325
0 0.00172753 0.00409223 0.0056881
0 0.00201127 0.00480475 0.00670587
0 0.00227277 0.00546124 0.0076548
0 0.00251186 0.00605421 0.0085198
0 0.00272345 0.00657415 0.00928624
0 0.00290111 0.00701656 0.00994024
0 0.00304226 0.00737896 0.0104693
0 0.00314534 0.00765395 0.0108644
0 0.00320978 0.00783253 0.0111198
0 0.00323698 0.00791049 0.0112325
0 0.0032274 0.00788681 0.0112016
0 0.00317951 0.0077611 0.0110272
0 0.0030913 0.00753592 0.0107112
0 0.00296183 0.00721672 0.0102578
0 0.0027925 0.00680842 0.00967413
0 0.00258674 0.00631501 0.0089693
0 0.0023487 0.00574174 0.0081542
0 0.00208266 0.00509592 0.00724064
0 0.00179256 0.00438642 0.0062406
0 0.00148135 0.0036236 0.00516641
0 0.00115182 0.00281899 0.00403118
0 0.000806786 0.00198371 0.00284898
0 0.000445381 0.00112673 0.0016347
0 6.84586e-05 0.000254017 0.000401851
0 -0.000317057 -0.000633448 -0.000841242
0 -0.000711178 -0.00153156 -0.00208412
0 -0.00111675 -0.00242077 -0.00330592
0 -0.00152069 -0.00328141 -0.00448709
0 -0.00190434 -0.00410923 -0.00561525
0 -0.00226367 -0.00489859 -0.00667753
0 -0.00259794 -0.00563247 -0.00766216
0 -0.00289987 -0.00629589 -0.0085609
0 -0.00316573 -0.00688207 -0.00936486
0 -0.00339417 -0.00738513 -0.0100641
0 -0.00358144 -0.00779858 -0.0106495
0 -0.00372481 -0.00812054 -0.0111126
0 -0.00382394 -0.00835242 -0.0114469
0 -0.00387998 -0.00849289 -0.0116485
0 -0.00389492 -0.00853883 -0.0117155
0 -0.0038698 -0.00848947 -0.0116482
0 -0.00380507 -0.0083458 -0.0114486
0 -0.00370117 -0.00810923 -0.0111201
0 -0.00355749 -0.00778291 -0.0106675
0 -0.0033733 -0.00737184 -0.0100975
0 -0.00314999 -0.00688116 -0.0094183
0 -0.00289058 -0.00631597 -0.00863976
0 -0.00259885 -0.00568267 -0.00777299
0 -0.00227964 -0.00498949 -0.00682975
0 -0.00193831 -0.00424609 -0.00582175
0 -0.00157965 -0.00346322 -0.00476072
0 -0.00120858 -0.00265251 -0.00365879
0 -0.000831634 -0.00182556 -0.00252893
0 -0.000458498 -0.000993628 -0.00138513
0 -9.58141e-05 -0.000168443 -0.000242312
0 0.000257179 0.000636113 0.000883405
0 0.000597564 0.00141169 0.00198048
0 0.000918108 0.00216374 0.00304378
0 0.00121638 0.00289309 0.00406377
0 0.00149327 0.00358352 0.00502765
0 0.00174994 0.00422086 0.00592743
0 0.00198651 0.00480122 0.00675508
0 0.00220026 0.00531904 0.00749945
0 0.00238553 0.00576592 0.00814942
0 0.00253727 0.00613853 0.00869488
0 0.00265402 0.00643649 0.00912748
0 0.00273597 0.00665554 0.00944188
0 0.00278396 0.00678972 0.00963512
0 0.00280001 0.00683708 0.00970588
0 0.00278529 0.00679852 0.00965435
0 0.00273859 0.00667496 0.00948141
0 0.00265792 0.00646874 0.00918901
0 0.00254259 0.00618417 0.00878138
0 0.00239381 0.00582505 0.00826495
0 0.00221419 0.0053941 0.00764773
0 0.0020073 0.0048955 0.00693925
0 0.00177714 0.00433612 0.00614999
0 0.00152744 0.00372469 0.00529054
0 0.00126105 0.00307112 0.00437181
0 0.000980476 0.00238606 0.00340538
0 0.000686679 0.00167938 0.00240388
0 0.00038076 0.00095893 0.00138071
0 6.87155e-05 0.000230576 0.000347933
0 -0.000245306 -0.000503331 -0.000686074
0 -0.000565014 -0.0012382 -0.00171076
0 -0.000889526 -0.00195821 -0.00270838
0 -0.0012082 -0.00264858 -0.00366255
0 -0.00151202 -0.00330615 -0.00456183
0 -0.00179609 -0.00392606 -0.00539565
0 -0.00205571 -0.00449521 -0.00615559
0 -0.00228718 -0.00500198 -0.00683573
0 -0.00248801 -0.00544009 -0.0074298
0 -0.00265501 -0.00580369 -0.00793065
0 -0.00278404 -0.0060872 -0.00833144
0 -0.00287294 -0.00628951 -0.0086265
0 -0.00292303 -0.00641296 -0.00881218
0 -0.00293692 -0.00645868 -0.00888697
0 -0.00291668 -0.0064265 -0.00885068
0 -0.00286436 -0.00631766 -0.00870467
0 -0.00278196 -0.00613474 -0.008452
0 -0.00267032 -0.00588053 -0.00809718
0 -0.00252936 -0.0055587 -0.00764624
0 -0.00235945 -0.00517427 -0.0071069
0 -0.00216197 -0.00473242 -0.00648821
0 -0.0019389 -0.00423823 -0.00580027
0 -0.00169309 -0.00369767 -0.00505397
0 -0.00142855 -0.00311825 -0.00426043
0 -0.00115006 -0.00250854 -0.00343047
0 -0.000862681 -0.00187767 -0.0025744
0 -0.000573309 -0.00123542 -0.00170227
0 -0.000287456 -0.000592172 -0.000824145
0 -5.16016e-06 4.20906e-05 4.97441e-05
0 0.000270512 0.000658001 0.00090871
0 0.000530646 0.00125014 0.00174366
0 0.00077182 0.00181942 0.00254802
0 0.000993629 0.00236276 0.00331325
0 0.00119214 0.00286861 0.00402961
0 0.00136969 0.00332766 0.00468984
0 0.00153251 0.00373649 0.0052865
0 0.00167852 0.0040918 0.00581025
0 0.00180134 0.00438942 0.00625167
0 0.00189773 0.00462763 0.00660251
0 0.00196696 0.00480542 0.0068567
0 0.00200847 0.00491876 0.00701125
0 0.00202222 0.00496247 0.00706566
0 0.00200988 0.00493443 0.00702109
0 0.00197285 0.00483572 0.00687975
0 0.0019099 0.00466887 0.00664433
0 0.00181921 0.00443801 0.00631831
0 0.00170169 0.0041489 0.00590708
0 0.00156032 0.00380728 0.0054181
0 0.00139904 0.00341833 0.00486074
0 0.00122304 0.00298853 0.00424609
0 0.00103752 0.00252648 0.00358608
0 0.000845023 0.00204128 0.00289216
0 0.00064342 0.00154068 0.00217472
0 0.000431289 0.00103088 0.00144344
0 0.000213859 0.000516708 0.000707056
0 -5.79937e-06 1.27389e-06 -2.68486e-05
0 -0.000231179 -0.000513855 -0.000751191
0 -0.0004622 -0.0010243 -0.00145675
0 -0.000691057 -0.00152096 -0.00213276
0 -0.000910509 -0.00199691 -0.00277155
0 -0.00111982 -0.00244818 -0.00336755
0 -0.00131619 -0.00286713 -0.00391561
0 -0.00149066 -0.00324328 -0.00441208
0 -0.00163943 -0.00356979 -0.00485365
0 -0.00176457 -0.00384429 -0.00523612
0 -0.00186446 -0.00406504 -0.00555437
0 -0.00193531 -0.00423066 -0.00580278
0 -0.00197746 -0.00434159 -0.00597623
0 -0.00199428 -0.00439874 -0.00607132
0 -0.00198835 -0.00440207 -0.00608669
0 -0.00196148 -0.00435174 -0.00602284
0 -0.00191613 -0.00424967 -0.00588195
0 -0.00185396 -0.00409913 -0.00566763
0 -0.00177422 -0.00390371 -0.00538476
0 -0.00167551 -0.00366698 -0.0050398
0 -0.00155818 -0.00339272 -0.0046409
0 -0.00142365 -0.00308467 -0.00419731
0 -0.0012734 -0.00274641 -0.00371853
0 -0.00110967 -0.00238212 -0.00321349
0 -0.000935553 -0.00199752 -0.00269001
0 -0.00075511 -0.0015994 -0.00215467
0 -0.000572436 -0.00119466 -0.00161313
0 -0.000389075 -0.000790138 -0.00107053
0 -0.000206567 -0.000391864 -0.000531842
0 -2.94806e-05 -5.20177e-06 -2.40418e-06
0 0.000137137 0.000364697 0.00051171
0 0.000290053 0.000714799 0.00100529
0 0.000428792 0.00104456 0.00147427
0 0.000554721 0.00135213 0.00191366
0 0.000667812 0.00163308 0.00231841
0 0.000767492 0.00188393 0.00268406
0 0.00085487 0.0021035 0.00300608
0 0.000931212 0.00229095 0.0032804
0 0.000996802 0.00244549 0.00350374
0 0.00105041 0.00256714 0.00367364
0 0.00108986 0.00265565 0.00378883
0 0.00111383 0.00270908 0.0038495
0 0.001122 0.00272501 0.00385706
0 0.0011145 0.00270228 0.00381381
0 0.00109144 0.00264106 0.00372238
0 0.0010529 0.00254283 0.00358519
0 0.000999285 0.00241063 0.00340458
0 0.000931429 0.00224842 0.00318301
0 0.000850703 0.0020597 0.00292315
0 0.000758513 0.00184718 0.00262808
0 0.000656318 0.00161326 0.00230154
0 0.000547345 0.00136066 0.00194783
0 0.000435257 0.00109307 0.00157168
0 0.000320899 0.000814875 0.00117815
0 0.000203287 0.000530251 0.00077231
0 8.22021e-05 0.000242682 0.000359113
0 -4.20226e-05 -4.62711e-05 -5.69956e-05
0 -0.000169658 -0.000336641 -0.00047202
0 -0.000300406 -0.000627294 -0.000880804
0 -0.000431732 -0.000915306 -0.00127759
0 -0.000560258 -0.0011974 -0.00165806
0 -0.000684032 -0.00147037 -0.00201865
0 -0.000801715 -0.00172941 -0.00235641
0 -0.000911518 -0.00196808 -0.0026694
0 -0.00101132 -0.00218193 -0.0029553
0 -0.00109799 -0.00236861 -0.00321109
0 -0.00116863 -0.0025255 -0.00343308
0 -0.00122196 -0.00265059 -0.00361699
0 -0.00125787 -0.00274328 -0.00375882
0 -0.00127718 -0.00280294 -0.00385535
0 -0.00128169 -0.0028288 -0.00390441
0 -0.00127372 -0.00282141 -0.00390509
0 -0.00125535 -0.00278262 -0.00385764
0 -0.00122738 -0.00271462 -0.00376318
0 -0.00118909 -0.00261912 -0.00362352
0 -0.00113928 -0.00249721 -0.00344148
0 -0.00107682 -0.00234936 -0.00322095
0 -0.00100119 -0.00217563 -0.00296672
0 -0.000912752 -0.00197665 -0.002684
0 -0.000813269 -0.00175465 -0.00237797
0 -0.000705851 -0.00151354 -0.00205338
0 -0.000592361 -0.00125834 -0.00171432
0 -0.000472974 -0.000994723 -0.00136428
0 -0.000350191 -0.000728006 -0.00100673
0 -0.000228388 -0.000462278 -0.000645557
0 -0.000109894 -0.000200665 -0.000284604
0 4.44154e-06 5.43732e-05 7.21563e-05
0 0.000112992 0.000301118 0.000420833
0 0.000214393 0.000538573 0.000758672
0 0.000309055 0.00076578 0.00108284
0 0.000397825 0.000980631 0.0013892
0 0.000480204 0.00117973 0.00167403
0 0.00055523 0.00136083 0.00193436
0 0.000623344 0.00152376 0.00216738
0 0.000685314 0.00166789 0.00237099
0 0.000739929 0.0017918 0.00254336
0 0.000784868 0.00189427 0.0026826
0 0.000818626 0.00197327 0.00278711
0 0.000840488 0.00202609 0.00285587
0 0.000850259 0.00205108 0.00288878
0 0.000848557 0.00204832 0.00288652
0 0.000836468 0.00201905 0.00284997
0 0.000814456 0.00196513 0.00277981
0 0.000782255 0.00188875 0.00267692
0 0.000740363 0.00179218 0.00254295
0 0.000691074 0.00167774 0.00238063
0 0.000636959 0.00154792 0.00219373
0 0.000579455 0.00140554 0.00198677
0 0.000519509 0.00125368 0.00176449
0 0.000457817 0.00109547 0.00153152
0 0.000394117 0.000933334 0.00129202
0 0.000327342 0.00076856 0.00104951
0 0.000256884 0.000601882 0.000806863
0 0.000183234 0.000433837 0.000566756
0 0.000107404 0.000264814 0.000331649
0 3.02674e-05 9.5377e-05 0.000102935
0 -4.72441e-05 -7.28676e-05 -0.000118447
0 -0.000123797 -0.000237127 -0.000331641
0 -0.000198075 -0.000395134 -0.000536569
0 -0.000269097 -0.000545393 -0.000733116
0 -0.000336047 -0.000686382 -0.000920796
0 -0.000398319 -0.000817839 -0.00109951
0 -0.000455695 -0.000941055 -0.00126938
0 -0.000508526 -0.00105732 -0.00143034
0 -0.0005578 -0.00116759 -0.00158232
0 -0.000604619 -0.00127254 -0.00172536
0 -0.000649572 -0.00137212 -0.00185944
0 -0.000692673 -0.00146574 -0.00198427
0 -0.000733641 -0.00155282 -0.00209949
0 -0.000772026 -0.00163308 -0.00220481
0 -0.000807074 -0.00170618 -0.00230001
0 -0.000837752 -0.00177138 -0.00238469
0 -0.000863466 -0.00182753 -0.00245824
0 -0.000883784 -0.00187336 -0.00251999
0 -0.000897969 -0.00190797 -0.00256938
0 -0.00090642 -0.00193116 -0.00260597
0 -0.000910483 -0.00194353 -0.00262934
0 -0.000910682 -0.00194605 -0.00263894
0 -0.000906857 -0.00193944 -0.00263414
0 -0.000899058 -0.00192401 -0.00261445
0 -0.000887572 -0.00189972 -0.00257989
0 -0.000872344 -0.00186612 -0.00253084
0 -0.000852524 -0.00182212 -0.00246748
0 -0.000826742 -0.00176598 -0.0023893
0 -0.000793733 -0.00169585 -0.00229521
0 -0.000752568 -0.00161028 -0.00218404
0 -0.000702744 -0.00150875 -0.00205501
0 -0.000644938 -0.0013918 -0.00190785
0 -0.000581129 -0.0012609 -0.00174261
0 -0.00051323 -0.00111813 -0.00155954
0 -0.000442477 -0.000965782 -0.00135924
0 -0.000369765 -0.000805757 -0.00114287
0 -0.00029552 -0.000639379 -0.000912247
0 -0.000219851 -0.000467546 -0.000669653
0 -0.000142732 -0.00029072 -0.000417515
0 -6.38482e-05 -0.000109511 -0.000158665
0 1.68862e-05 7.5158e-05 0.000103897
0 9.90822e-05 0.0002629 0.000367781
0 0.000182462 0.000452911 0.000631324
0 0.000266811 0.000643643 0.000893042
0 0.000351313 0.00083375 0.00115129
0 0.000434344 0.001021 0.00140448
0 0.000513833 0.00120201 0.00165091
0 0.000587703 0.00137374 0.00188805
0 0.000654329 0.00153357 0.00211289
0 0.000712737 0.00167858 0.0023223
0 0.000762401 0.00180612 0.00251269
0 0.000803259 0.00191458 0.00268008
0 0.000835499 0.00200315 0.00282073
0 0.000859544 0.00207144 0.00293118
0 0.00087627 0.00211917 0.00300855
0 0.000885887 0.00214595 0.00305077
0 0.000887458 0.00215085 0.00305638
0 0.000880036 0.0021323 0.00302474
0 0.000863109 0.00208897 0.00295638
0 0.000836471 0.0020206 0.00285298
0 0.000800025 0.00192796 0.00271708
0 0.000753382 0.00181251 0.00255148
0 0.000696487 0.00167605 0.00235873
0 0.000630163 0.00152033 0.00214102
0 0.00055518 0.00134704 0.00190053
0 0.000472426 0.00115817 0.0016398
0 0.000383846 0.000956243 0.00136177
0 0.00029165 0.000744104 0.00106952
0 0.000197166 0.000524827 0.000765949
0 0.000101126 0.000301807 0.000454128
0 4.28764e-06 7.76982e-05 0.000137684
0 -9.24447e-05 -0.000145559 -0.000179634
0 -0.000187927 -0.000365622 -0.000493818
0 -0.000280639 -0.000579751 -0.000799671
0 -0.000369217 -0.000785095 -0.00109199
0 -0.000453327 -0.000979592 -0.00136713
0 -0.000533311 -0.00116241 -0.00162198
0 -0.00060912 -0.00133235 -0.00185366
0 -0.000680008 -0.0014872 -0.00206058
0 -0.000744945 -0.00162526 -0.00224174
0 -0.000802861 -0.00174571 -0.00239642
0 -0.000852845 -0.00184746 -0.00252474
0 -0.000893759 -0.00192924 -0.00262708
0 -0.000923902 -0.00199033 -0.00270378
0 -0.000942701 -0.00203024 -0.00275529
0 -0.000950621 -0.00204865 -0.00278188
0 -0.0009476 -0.00204587 -0.00278348
0 -0.000934159 -0.00202266 -0.00275984
0 -0.000911644 -0.00198004 -0.00271064
0 -0.000881088 -0.00191925 -0.0026357
0 -0.00084363 -0.00184159 -0.00253528
0 -0.000800406 -0.00174817 -0.00241009
0 -0.000751664 -0.0016396 -0.00226105
0 -0.000696989 -0.00151597 -0.00208924
0 -0.00063573 -0.00137732 -0.00189613
0 -0.0005677 -0.00122423 -0.00168378
0 -0.00049376 -0.00105832 -0.00145493
0 -0.000415367 -0.000882059 -0.00121277
0 -0.000333624 -0.000697916 -0.000960548
0 -0.000248963 -0.000508195 -0.000700787
0 -0.000161722 -0.000314637 -0.000435157
0 -7.2282e-05 -0.000118428 -0.000165401
0 1.85701e-05 7.9298e-05 0.000106422
0 0.000109059 0.000277638 0.000378216
0 0.000197088 0.000474812 0.000647762
0 0.000281198 0.000668033 0.000912879
0 0.000360578 0.000854866 0.00117142
0 0.00043464 0.00103256 0.00142105
0 0.000502808 0.00119792 0.00165905
0 0.000564491 0.00134908 0.00188196
0 0.000619265 0.00148544 0.00208585
0 0.000666852 0.00160591 0.00226692
0 0.000706815 0.00170884 0.0024214
0 0.000738697 0.00179259 0.00254582
0 0.000762265 0.00185516 0.00263737
0 0.000777113 0.00189428 0.0026938
0 0.000782432 0.00190814 0.00271359
0 0.000777643 0.00189601 0.00269624
0 0.000762839 0.00185849 0.00264239
0 0.000738379 0.001797 0.00255372
0 0.000704716 0.00171345 0.00243274
0 0.000662603 0.00160991 0.00228241
0 0.000612804 0.00148832 0.00210593
0 0.000555688 0.00135011 0.00190641
0 0.000491242 0.00119632 0.00168655
0 0.000419387 0.00102781 0.00144855
0 0.000340216 0.000845286 0.0011943
0 0.00025418 0.00064994 0.000925722
0 0.000162457 0.000444274 0.000644952
0 6.70109e-05 0.000231484 0.000354758
0 -3.01565e-05 1.43169e-05 5.8291e-05
0 -0.00012756 -0.000204469 -0.000241762
0 -0.000223741 -0.000421435 -0.000542462
0 -0.000316847 -0.000633333 -0.000839837
0 -0.00040518 -0.000837157 -0.00112941
0 -0.000487637 -0.00103012 -0.00140666
0 -0.000563569 -0.00121033 -0.00166672
0 -0.000632652 -0.00137609 -0.0019047
0 -0.000694889 -0.00152528 -0.00211698
0 -0.000750893 -0.00165646 -0.0023012
0 -0.000801546 -0.00176935 -0.0024557
0 -0.000847092 -0.00186381 -0.00257981
0 -0.000886404 -0.00193926 -0.0026734
0 -0.000917067 -0.00199491 -0.00273671
0 -0.000937259 -0.00202968 -0.00277055
0 -0.000945961 -0.00204219 -0.00277615
0 -0.00094196 -0.00203122 -0.00275478
0 -0.000925105 -0.00199631 -0.00270757
0 -0.000896437 -0.00193814 -0.00263528
0 -0.000857098 -0.0018584 -0.00253823
0 -0.000808662 -0.00175941 -0.00241648
0 -0.000753059 -0.00164365 -0.0022703
0 -0.000691721 -0.00151339 -0.00210046
0 -0.000625855 -0.00137061 -0.00190854
0 -0.000556916 -0.00121701 -0.00169684
0 -0.000485918 -0.00105415 -0.0014681
0 -0.000413008 -0.000883477 -0.00122534
0 -0.000337654 -0.000706124 -0.000971935
0 -0.000259247 -0.000523344 -0.000711296
0 -0.000178004 -0.000336718 -0.000446655
0 -9.46699e-05 -0.000148128 -0.000181512
0 -9.97818e-06 4.05451e-05 8.09156e-05
0 7.48977e-05 0.000228177 0.000338421
0 0.000158334 0.000413285 0.000589316
0 0.000239106 0.000593611 0.000832157
0 0.000316476 0.000767195 0.00106564
0 0.00038917 0.000931725 0.00128844
0 0.000455501 0.00108453 0.00149919
0 0.000514438 0.00122365 0.00169605
0 0.000565614 0.00134801 0.00187665
0 0.000608858 0.00145684 0.00203847
0 0.000644252 0.00154926 0.00217894
0 0.000672341 0.00162458 0.00229545
0 0.000694035 0.00168281 0.00238603
0 0.000710218 0.00172429 0.00244943
0 0.000721396 0.00174942 0.00248521
0 0.000727684 0.00175884 0.00249388
0 0.000728941 0.00175336 0.00247686
0 0.000724712 0.00173336 0.00243613
0 0.000714174 0.00169877 0.00237404
0 0.000696435 0.00164938 0.00229295
0 0.00067093 0.00158502 0.00219505
0 0.000637557 0.00150582 0.00208216
0 0.000596675 0.00141257 0.0019557
0 0.000549233 0.00130696 0.00181669
0 0.000496815 0.00119128 0.00166605
0 0.000441346 0.00106825 0.0015048
0 0.000384686 0.000940725 0.00133426
0 0.000328443 0.000811293 0.00115612
0 0.000273914 0.000682199 0.000972618
0 0.000221859 0.000555232 0.000786358
0 0.000172172 0.000431375 0.000600166
0 0.000124103 0.000310841 0.000417041
0 7.68475e-05 0.000193435 0.000239527
0 2.9736e-05 7.89831e-05 6.97838e-05
0 -1.76934e-05 -3.20596e-05 -9.00271e-05
0 -6.55855e-05 -0.000139112 -0.000238368
0 -0.00011378 -0.000242055 -0.000374615
0 -0.000161744 -0.000340426 -0.00049868
0 -0.000208499 -0.000432973 -0.000611017
0 -0.000252625 -0.000518236 -0.000712388
0 -0.000292381 -0.000594935 -0.000803428
0 -0.000326314 -0.000661952 -0.000884721
0 -0.000353764 -0.000718511 -0.000956928
0 -0.000374668 -0.000764547 -0.00102061
0 -0.000389432 -0.000800687 -0.00107594
0 -0.000398854 -0.000827736 -0.00112243
0 -0.000403677 -0.000846245 -0.00115879
0 -0.000404321 -0.00085647 -0.00118339
0 -0.000401357 -0.000858595 -0.00119481
0 -0.000395871 -0.000852895 -0.00119229
0 -0.000388933 -0.000839685 -0.00117586
0 -0.000380928 -0.000819315 -0.00114593
0 -0.000371497 -0.000792091 -0.00110315
0 -0.000359805 -0.000758064 -0.00104847
0 -0.000344817 -0.000717069 -0.000983052
0 -0.000325859 -0.000669105 -0.000908427
0 -0.00030348 -0.000615063 -0.000827012
0 -0.000279668 -0.000557234 -0.000742518
0 -0.00025676 -0.000498926 -0.000658949
0 -0.000236093 -0.000443418 -0.000579325
0 -0.000217553 -0.000392912 -0.000505453
0 -0.000200291 -0.00034844 -0.000438397
0 -0.000183815 -0.000310082 -0.000379039
0 -0.000168032 -0.000276826 -0.000328154
0 -0.000152736 -0.000247126 -0.000285721
0 -0.000137788 -0.000219662 -0.00025105
0 -0.000123713 -0.000194024 -0.000223841
0 -0.000111883 -0.000171681 -0.000204148
0 -0.000104013 -0.00015566 -0.000192387
0 -0.0001015 -0.000149 -0.00018933
0 -0.000105141 -0.000153751 -0.000195497
0 -0.000115089 -0.000170692 -0.00021138
0 -0.000131008 -0.000199419 -0.000237896
0 -0.00015241 -0.000238789 -0.000276326
0 -0.000178796 -0.000287475 -0.000328072
0 -0.000209114 -0.000344146 -0.000394066
0 -0.000241256 -0.000407254 -0.000474082
0 -0.000272696 -0.000474974 -0.000566537
0 -0.000301554 -0.000545285 -0.000668963
0 -0.000326928 -0.000615815 -0.000778228
0 -0.000348811 -0.000684276 -0.000890624
0 -0.000368197 -0.000749377 -0.00100254
0 -0.000386916 -0.00081083 -0.00111052
0 -0.000406733 -0.000868955 -0.00121124
0 -0.000428567 -0.000924597 -0.0013017
0 -0.000452549 -0.000978574 -0.00137961
0 -0.000478402 -0.00103094 -0.00144416
0 -0.000505496 -0.00108079 -0.00149599
0 -0.000532585 -0.00112645 -0.00153667
0 -0.000557585 -0.0011657 -0.00156812
0 -0.000577851 -0.00119624 -0.00159175
0 -0.000590981 -0.00121606 -0.00160829
0 -0.000595257 -0.00122384 -0.00161784
0 -0.0005899 -0.00121913 -0.00161969
0 -0.000575447 -0.00120197 -0.00161239
0 -0.000553478 -0.00117267 -0.00159379
0 -0.000525945 -0.00113193 -0.00156146
0 -0.000494905 -0.0010809 -0.00151307
0 -0.000462286 -0.00102083 -0.00144678
0 -0.000429355 -0.000952844 -0.00136152
0 -0.000396383 -0.000877758 -0.00125731
0 -0.000362914 -0.000795965 -0.00113533
0 -0.000328228 -0.000707374 -0.000997851
0 -0.000291354 -0.000611627 -0.000847918
0 -0.000251099 -0.000508503 -0.000688631
0 -0.000206332 -0.000397931 -0.000522851
0 -0.000156129 -0.000280106 -0.000353127
0 -0.000100127 -0.000155754 -0.000181317
0 -3.89773e-05 -2.57209e-05 -8.36614e-06
0 2.57352e-05 0.000108934 0.000165126
0 9.18138e-05 0.000245955 0.000338299
0 0.000156558 0.000381943 0.000510293
0 0.000217421 0.000513732 0.00068048
0 0.000272979 0.000639104 0.000848271
0 0.000322935 0.0007564 0.00101309
0 0.000367432 0.000864683 0.00117375
0 0.00040658 0.000963991 0.00132785
0 0.000440398 0.00105434 0.00147214
0 0.00046906 0.0011352 0.00160287
0 0.000493241 0.00120602 0.00171638
0 0.00051402 0.00126616 0.00181003
0 0.000532222 0.00131458 0.00188199
0 0.000547906 0.00135034 0.00193106
0 0.000560411 0.00137298 0.00195693
0 0.000568552 0.00138217 0.00196004
0 0.000570904 0.00137751 0.00194143
0 0.000566244 0.00135854 0.00190273
0 0.000553946 0.00132483 0.00184588
0 0.000534137 0.00127637 0.00177293
0 0.000507625 0.00121408 0.00168593
0 0.000475629 0.00113988 0.00158678
0 0.000439478 0.00105649 0.00147707
0 0.000400388 0.000966732 0.00135806
0 0.000359307 0.000872877 0.00123086
0 0.000316968 0.000776422 0.00109652
0 0.000274097 0.000678126 0.000956346
0 0.000231443 0.000578487 0.000812044
0 0.00018972 0.000478394 0.000666003
0 0.000149637 0.000379377 0.000521206
0 0.000111705 0.000283394 0.000380416
0 7.57309e-05 0.000191992 0.000245808
0 4.0785e-05 0.000105779 0.000118907
0 6.0341e-06 2.48421e-05 7.63848e-07
0 -2.84829e-05 -5.08942e-05 -0.000107527
0 -6.1864e-05 -0.000121385 -0.000204639
0 -9.26631e-05 -0.000185966 -0.000289294
0 -0.000119365 -0.000243281 -0.000360568
0 -0.000141253 -0.000291475 -0.000418181
0 -0.00015857 -0.000328882 -0.000462792
0 -0.000171557 -0.000354987 -0.000495299
0 -0.000180073 -0.000370191 -0.000516205
0 -0.000184008 -0.000375346 -0.000525751
0 -0.000183296 -0.000371687 -0.000523922
0 -0.000177828 -0.000360331 -0.000510656
0 -0.000167887 -0.000341856 -0.000486257
0 -0.000154459 -0.000316422 -0.000451429
0 -0.000138818 -0.000284259 -0.000407157
0 -0.000121951 -0.000246107 -0.000354616
0 -0.00010441 -0.000203186 -0.000294985
0 -8.63838e-05 -0.000156863 -0.000229406
0 -6.78744e-05 -0.000108731 -0.000159183
0 -4.88308e-05 -6.02929e-05 -8.59143e-05
0 -2.93175e-05 -1.22075e-05 -1.13841e-05
0 -9.87818e-06 3.52112e-05 6.24269e-05
0 8.6561e-06 8.1222e-05 0.00013331
0 2.57926e-05 0.000125019 0.000199328
0 4.15533e-05 0.000165983 0.000259128
0 5.61042e-05 0.000203118 0.000311658
0 6.92704e-05 0.000235027 0.000355986
0 8.04917e-05 0.000260682 0.000391305
0 8.93041e-05 0.000279573 0.000417039
0 9.53671e-05 0.000291305 0.000432688
0 9.79228e-05 0.000295402 0.000437708
0 9.61319e-05 0.000291503 0.000431835
0 8.99202e-05 0.000279462 0.000415053
0 7.98388e-05 0.000259198 0.000387585
0 6.65071e-05 0.000230953 0.00035006
0 5.05685e-05 0.000195592 0.000303311
0 3.27375e-05 0.000154391 0.000248134
0 1.35356e-05 0.000108645 0.000185322
0 -6.93164e-06 5.93701e-05 0.000115769
0 -2.86647e-05 7.45152e-06 4.05157e-05
0 -5.13745e-05 -4.62485e-05 -3.91668e-05
0 -7.46744e-05 -0.000101267 -0.000121629
0 -9.81218e-05 -0.000157276 -0.000204922
0 -0.000120934 -0.000213267 -0.000287144
0 -0.000142477 -0.000267599 -0.000366349
0 -0.000162721 -0.000318831 -0.000440551
0 -0.000181748 -0.00036593 -0.000508319
0 -0.000199523 -0.000407976 -0.000568864
0 -0.0002162 -0.000444747 -0.000621636
0 -0.00023193 -0.000476897 -0.000666174
0 -0.000246255 -0.000504751 -0.000702142
0 -0.0002582 -0.000527827 -0.000729294
0 -0.000267108 -0.000545479 -0.000747774
0 -0.000272973 -0.000557181 -0.000758234
0 -0.000275937 -0.00056235 -0.000761315
0 -0.000275832 -0.000560537 -0.000757436
0 -0.000272438 -0.000551901 -0.00074688
0 -0.000265963 -0.000537334 -0.000729889
0 -0.000257041 -0.000518123 -0.000706868
0 -0.000246411 -0.000495556 -0.000678428
0 -0.000234828 -0.000470752 -0.000645333
0 -0.000223055 -0.000444541 -0.000608436
0 -0.000211576 -0.000417346 -0.000568547
0 -0.000200329 -0.000389242 -0.00052633
0 -0.00018888 -0.000360183 -0.000482386
0 -0.000176806 -0.000330135 -0.000437332
0 -0.000163855 -0.000299163 -0.000391774
0 -0.00014992 -0.000267381 -0.000346313
0 -0.000135098 -0.000234874 -0.000301549
0 -0.000119818 -0.00020214 -0.000258062
0 -0.000104778 -0.000170129 -0.000216353
0 -9.06762e-05 -0.000139666 -0.000176841
0 -7.79468e-05 -0.000111469 -0.000139935
0 -6.68015e-05 -8.63532e-05 -0.000106045
0 -5.75077e-05 -6.48971e-05 -7.55124e-05
0 -5.01676e-05 -4.71135e-05 -4.85655e-05
0 -4.44115e-05 -3.26128e-05 -2.54002e-05
0 -3.97712e-05 -2.09561e-05 -6.20932e-06
0 -3.60394e-05 -1.17558e-05 8.86153e-06
0 -3.30478e-05 -4.59081e-06 1.97766e-05
0 -3.04635e-05 9.21454e-07 2.67243e-05
0 -2.79803e-05 4.98272e-06 3.00992e-05
0 -2.54857e-05 7.74323e-06 3.04745e-05
0 -2.2982e-05 9.4786e-06 2.85821e-05
0 -2.05197e-05 1.04887e-05 2.52072e-05
0 -1.8273e-05 1.09572e-05 2.10879e-05
0 -1.6621e-05 1.09062e-05 1.68125e-05
0 -1.61023e-05 1.00759e-05 1.26398e-05
0 -1.72467e-05 7.86442e-06 8.41259e-06
0 -2.03725e-05 3.56172e-06 3.75324e-06
0 -2.53864e-05 -3.24156e-06 -1.71076e-06
0 -3.16766e-05 -1.23546e-05 -8.21533e-06
0 -3.82995e-05 -2.29815e-05 -1.58422e-05
0 -4.43604e-05 -3.39819e-05 -2.46482e-05
0 -4.92808e-05 -4.42547e-05 -3.47504e-05
0 -5.295e-05 -5.31472e-05 -4.63219e-05
0 -5.574e-05 -6.07358e-05 -5.95475e-05
0 -5.82403e-05 -6.77765e-05 -7.45015e-05
0 -6.09571e-05 -7.53596e-05 -9.10311e-05
0 -6.43131e-05 -8.45386e-05 -0.000108835
0 -6.87451e-05 -9.60918e-05 -0.000127665
0 -7.46061e-05 -0.000110335 -0.000147411
0 -8.2013e-05 -0.000127005 -0.000168007
0 -9.08366e-05 -0.000145413 -0.000189427
0 -0.000100753 -0.0001648 -0.000211756
0 -0.000111275 -0.000184583 -0.00023508
0 -0.000121846 -0.000204437 -0.00025945
0 -0.000132059 -0.00022431 -0.00028497
0 -0.000141815 -0.000244402 -0.000311851
0 -0.00015128 -0.000265069 -0.000340375
0 -0.00016081 -0.000286731 -0.000370786
0 -0.000170832 -0.000309699 -0.000403245
0 -0.00018165 -0.00033409 -0.000437721
0 -0.000193278 -0.000359885 -0.000473886
0 -0.000205321 -0.000386715 -0.000511076
0 -0.000217011 -0.000413702 -0.000548253
0 -0.000227548 -0.000439556 -0.000584209
0 -0.000236429 -0.000462904 -0.000617872
0 -0.000243522 -0.000482853 -0.000648316
0 -0.000249034 -0.000499058 -0.000674796
0 -0.000253379 -0.000511569 -0.000696794
0 -0.00025694 -0.000520868 -0.000713901
0 -0.000259931 -0.000527659 -0.00072579
0 -0.000262406 -0.000532425 -0.000732313
0 -0.000264244 -0.000535156 -0.000733494
0 -0.000265107 -0.000535374 -0.000729466
0 -0.000264523 -0.000532293 -0.000720422
0 -0.000262007 -0.000525048 -0.000706563
0 -0.000257099 -0.00051296 -0.000688034
0 -0.000249479 -0.00049578 -0.000664912
0 -0.000239129 -0.000473774 -0.000637281
0 -0.000226385 -0.000447589 -0.000605267
0 -0.000211804 -0.000418028 -0.000569026
0 -0.000196021 -0.000385882 -0.000528737
0 -0.000179679 -0.000351862 -0.000484677
0 -0.00016337 -0.000316588 -0.000437295
0 -0.00014755 -0.000280685 -0.000387233
0 -0.000132505 -0.000244786 -0.000335289
0 -0.00011834 -0.000209358 -0.000282443
0 -0.000104996 -0.000174886 -0.000229844
0 -9.23699e-05 -0.000141936 -0.000178586
0 -8.02668e-05 -0.000110676 -0.000129626
0 -6.82554e-05 -8.08532e-05 -8.38832e-05
0 -5.58408e-05 -5.21173e-05 -4.17125e-05
0 -4.25785e-05 -2.3905e-05 -2.80632e-06
0 -2.80515e-05 4.57637e-06 3.32615e-05
0 -1.22071e-05 3.38544e-05 6.71699e-05
0 4.38445e-06 6.38098e-05 9.97201e-05
0 2.08293e-05 9.37948e-05 0.000131439
0 3.62865e-05 0.000122988 0.000162856
0 5.01431e-05 0.000150629 0.000194555
0 6.20296e-05 0.000176053 0.000226827
0 7.1663e-05 0.000198746 0.000259559
0 7.88423e-05 0.000218441 0.000292148
0 8.3583e-05 0.000234975 0.000323428
0 8.60099e-05 0.000248161 0.0003518
0 8.63436e-05 0.00025788 0.000375651
0 8.5259e-05 0.000264182 0.00039371
0 8.39192e-05 0.000267411 0.000405208
0 8.34045e-05 0.000268264 0.000410054
0 8.4242e-05 0.000267621 0.000408526
0 8.63407e-05 0.000266081 0.000401088
0 8.89505e-05 0.000263611 0.000388414
0 9.06641e-05 0.000259424 0.000371023
0 8.98678e-05 0.00025197 0.000349274
0 8.54296e-05 0.000239539 0.000323653
0 7.69787e-05 0.000221004 0.000294752
0 6.46139e-05 0.000195918 0.000262897
0 4.85464e-05 0.000164387 0.00022779
0 2.90811e-05 0.000127104 0.000188557
0 6.85604e-06 8.5283e-05 0.000144202
0 -1.69878e-05 4.03215e-05 9.40571e-05
0 -4.10582e-05 -6.46011e-06 3.79464e-05
0 -6.41127e-05 -5.39195e-05 -2.38431e-05
0 -8.51436e-05 -0.000101164 -9.05815e-05
0 -0.000103519 -0.000147548 -0.000161094
0 -0.000119419 -0.000192658 -0.00023396
0 -0.000133772 -0.000236244 -0.000307438
0 -0.000147572 -0.0002783 -0.000379466
0 -0.00016149 -0.000318928 -0.000448225
0 -0.000175985 -0.000358127 -0.000511768
0 -0.000191391 -0.000395765 -0.000568179
0 -0.000207668 -0.000431445 -0.000616566
0 -0.000224334 -0.000464702 -0.000656569
0 -0.000240695 -0.000494866 -0.000688325
0 -0.000255919 -0.000520827 -0.000712579
0 -0.000269022 -0.0005416 -0.000730196
0 -0.000278999 -0.000556548 -0.000742048
0 -0.000284965 -0.000565108 -0.000748719
0 -0.000286278 -0.000566898 -0.000750434
0 -0.000282688 -0.000561867 -0.000747066
0 -0.00027449 -0.000550158 -0.000738127
0 -0.000262505 -0.000532133 -0.000723027
0 -0.000247964 -0.000508558 -0.000701245
0 -0.000232269 -0.000480572 -0.000672432
0 -0.000216535 -0.000449401 -0.00063643
0 -0.000201283 -0.000415973 -0.00059314
0 -0.000186421 -0.000380655 -0.000542607
0 -0.000171437 -0.00034331 -0.000485246
0 -0.000155726 -0.000303508 -0.000421954
0 -0.000138791 -0.000260789 -0.000354026
0 -0.000120194 -0.000214709 -0.000282773
0 -9.94602e-05 -0.0001649 -0.000209296
0 -7.61814e-05 -0.00011135 -0.000134155
0 -5.01162e-05 -5.42751e-05 -5.75359e-05
0 -2.14329e-05 5.87465e-06 2.01302e-05
0 8.76001e-06 6.78768e-05 9.84343e-05
0 3.87034e-05 0.000129983 0.000176792
0 6.70434e-05 0.000190677 0.000254502
0 9.30583e-05 0.000248612 0.000331073
0 0.00011596 0.000302136 0.000405583
0 0.000134874 0.00034981 0.000476733
0 0.000149664 0.000390983 0.000542974
0 0.000160895 0.000425392 0.000602369
0 0.000168966 0.000452827 0.000652903
0 0.000173938 0.00047302 0.000692574
0 0.000176122 0.000485802 0.000719581
0 0.000176152 0.000491158 0.000732628
0 0.00017436 0.000488923 0.000730983
0 0.000170631 0.000478929 0.000714631
0 0.000164886 0.000461315 0.000684341
0 0.000157118 0.000436437 0.000641439
0 0.000146966 0.000404672 0.000587544
0 0.000133766 0.000366369 0.000524421
0 0.000117058 0.000321843 0.000453905
0 9.68019e-05 0.000271541 0.000377804
0 7.31946e-05 0.000215991 0.000297682
0 4.64838e-05 0.000155755 0.000214783
0 1.70969e-05 9.1708e-05 0.000129941
0 -1.41255e-05 2.50023e-05 4.35269e-05
0 -4.63161e-05 -4.31283e-05 -4.41597e-05
0 -7.90671e-05 -0.00011179 -0.000132971
0 -0.000111844 -0.000180366 -0.00022275
0 -0.000143499 -0.000247951 -0.000313097
0 -0.000173418 -0.000313796 -0.000403699
0 -0.000202073 -0.000378076 -0.000494146
0 -0.000229683 -0.000441128 -0.000583813
0 -0.000255855 -0.000502407 -0.000671745
0 -0.000280704 -0.00056137 -0.000756906
0 -0.000304859 -0.000618099 -0.000838259
0 -0.000328284 -0.000672179 -0.000914539
0 -0.000350237 -0.000722474 -0.000984679
0 -0.000370419 -0.000768219 -0.00104784
0 -0.00038888 -0.000809046 -0.00110333
0 -0.0004052 -0.00084429 -0.0011506
0 -0.000418709 -0.000873242 -0.00118914
0 -0.000428965 -0.000895483 -0.00121862
0 -0.000435758 -0.000910696 -0.00123882
0 -0.000438972 -0.00091851 -0.00124948
0 -0.000438485 -0.000918604 -0.00125047
0 -0.000434323 -0.000910963 -0.00124177
0 -0.000426827 -0.00089591 -0.00122337
0 -0.000416422 -0.000873911 -0.00119543
0 -0.000403389 -0.000845526 -0.00115822
0 -0.000387968 -0.000811409 -0.00111214
0 -0.000370447 -0.000772117 -0.00105778
0 -0.000350958 -0.000727958 -0.000995697
0 -0.000329341 -0.000679003 -0.000926422
0 -0.000305373 -0.000625201 -0.000850571
0 -0.000279034 -0.000566598 -0.00076874
0 -0.000250471 -0.000503388 -0.000681615
0 -0.000220003 -0.000436017 -0.000590079
0 -0.000188104 -0.000365452 -0.000495052
0 -0.000155245 -0.000292878 -0.000397492
0 -0.000121981 -0.000219536 -0.000298292
0 -8.89741e-05 -0.000146519 -0.00019837
0 -5.68726e-05 -7.46747e-05 -9.88199e-05
0 -2.60895e-05 -4.86193e-06 -6.45156e-07
0 3.24055e-06 6.24745e-05 9.51414e-05
0 3.08035e-05 0.000126969 0.000187368
0 5.64497e-05 0.000188161 0.000275221
0 8.09688e-05 0.00024606 0.000358349
0 0.000105246 0.000301023 0.000436452
0 0.000129136 0.000353385 0.000509244
0 0.000152271 0.000403361 0.000576575
0 0.000174872 0.000451084 0.000638565
0 0.000196922 0.0004963 0.000695513
0 0.000217634 0.000538558 0.00074783
0 0.000236333 0.000577508 0.000796064
0 0.000252988 0.000612717 0.000840686
0 0.000267608 0.000643921 0.000882021
0 0.00027986 0.000671174 0.000920203
0 0.000289526 0.000694549 0.00095509
0 0.000296886 0.00071415 0.000986283
0 0.000302384 0.000730218 0.00101325
0 0.000306317 0.000742957 0.00103544
0 0.000309031 0.000752514 0.00105237
0 0.000311043 0.000759075 0.00106377
0 0.000312704 0.000762844 0.00106952
0 0.000313922 0.000763942 0.00106961
0 0.000314343 0.000762287 0.00106424
0 0.000313562 0.000757605 0.00105365
0 0.000311158 0.000749534 0.0010382
0 0.00030675 0.000737696 0.00101833
0 0.000300113 0.000721782 0.000994445
0 0.000291188 0.000701671 0.000966775
0 0.000279996 0.000677458 0.000935346
0 0.000266634 0.000649377 0.00090004
0 0.000251346 0.000617745 0.000860557
0 0.000234504 0.000582934 0.000816607
0 0.00021652 0.000545307 0.00076803
0 0.000197786 0.000505165 0.000714749
0 0.000178576 0.000462715 0.000656847
0 0.000159018 0.000418183 0.000594624
0 0.000139146 0.000371857 0.000528545
0 0.000118899 0.000323862 0.000459195
0 9.80676e-05 0.0002743 0.000387279
0 7.64018e-05 0.000223282 0.000313552
0 5.3729e-05 0.000170821 0.000238716
0 3.00308e-05 0.000117053 0.000163415
0 5.57469e-06 6.23547e-05 8.82201e-05
0 -1.91994e-05 7.43298e-06 1.37346e-05
0 -4.39633e-05 -4.69765e-05 -5.94739e-05
0 -6.85279e-05 -0.000100399 -0.000130936
0 -9.24324e-05 -0.000152247 -0.000200231
0 -0.000114884 -0.0002016 -0.00026699
0 -0.000135554 -0.000247717 -0.000330688
0 -0.000154685 -0.000290556 -0.000390829
0 -0.000172206 -0.000330121 -0.000446937
0 -0.00018778 -0.000365982 -0.000498397
0 -0.000201633 -0.000398305 -0.000544913
0 -0.000214494 -0.000427762 -0.000586484
0 -0.000226724 -0.000454427 -0.000622967
0 -0.000237983 -0.00047802 -0.000654133
0 -0.000247654 -0.000498164 -0.000679682
0 -0.000255138 -0.000514065 -0.000699075
0 -0.000259764 -0.000524609 -0.000711723
0 -0.000260852 -0.000528675 -0.000717115
0 -0.000258023 -0.000525426 -0.000714719
0 -0.000251322 -0.000514494 -0.000703969
0 -0.000241103 -0.000495987 -0.000684401
0 -0.000227933 -0.000470538 -0.000655803
0 -0.000212535 -0.000439232 -0.000618235
0 -0.000195683 -0.000403236 -0.000571996
0 -0.000178 -0.000363485 -0.00051765
0 -0.000159844 -0.000320738 -0.000456137
0 -0.000141431 -0.000275685 -0.00038882
0 -0.000122976 -0.000229047 -0.000317359
0 -0.000104583 -0.000181387 -0.000243543
0 -8.61575e-05 -0.000133196 -0.000169288
0 -6.74656e-05 -8.52165e-05 -9.61485e-05
0 -4.83037e-05 -3.79165e-05 -2.54591e-05
0 -2.88129e-05 8.28898e-06 4.12857e-05
0 -9.46829e-06 5.24448e-05 0.000103007
0 9.27113e-06 9.37573e-05 0.00015901
0 2.70535e-05 0.00013187 0.000208812
0 4.34232e-05 0.0001662 0.000252173
0 5.77746e-05 0.00019586 0.000289059
0 6.95435e-05 0.000220234 0.000319484
0 7.83384e-05 0.000239003 0.000343363
0 8.39377e-05 0.000251739 0.000360639
0 8.62259e-05 0.000258093 0.000371098
0 8.51555e-05 0.000258025 0.000374344
0 8.08169e-05 0.000251651 0.000369977
0 7.3515e-05 0.000239153 0.000357554
0 6.36426e-05 0.000220729 0.000336656
0 5.15178e-05 0.000196618 0.000307055
0 3.7509e-05 0.000167209 0.000268755
0 2.21294e-05 0.000133012 0.000222081
0 5.75794e-06 9.45633e-05 0.000167695
0 -1.15005e-05 5.23782e-05 0.0001065
0 -2.96306e-05 7.11421e-06 3.95282e-05
0 -4.86673e-05 -4.04489e-05 -3.20551e-05
0 -6.8741e-05 -8.98527e-05 -0.000106797
0 -8.97868e-05 -0.000140828 -0.000183064
0 -0.000111355 -0.000192736 -0.000259357
0 -0.000133088 -0.000244589 -0.000334198
0 -0.000154997 -0.000295606 -0.000406236
0 -0.000176852 -0.000345116 -0.000474389
0 -0.000197868 -0.000391983 -0.00053763
0 -0.000217361 -0.000434965 -0.000595181
0 -0.00023507 -0.000473353 -0.000646468
0 -0.000250746 -0.000506887 -0.000691105
0 -0.000264034 -0.000535254 -0.000728959
0 -0.000274726 -0.000558207 -0.000759962
0 -0.00028288 -0.000575925 -0.00078415
0 -0.000288637 -0.000588615 -0.000801544
0 -0.000292012 -0.000596207 -0.000812145
0 -0.00029303 -0.000598765 -0.000816066
0 -0.000291925 -0.000596617 -0.000813483
0 -0.000288996 -0.000590055 -0.000804619
0 -0.000284401 -0.00057932 -0.000789779
0 -0.000278273 -0.000564822 -0.000769385
0 -0.000270865 -0.000547114 -0.000744024
0 -0.000262471 -0.000526733 -0.000714414
0 -0.000253303 -0.000504186 -0.000681332
0 -0.000243496 -0.000479977 -0.000645617
0 -0.000233156 -0.000454579 -0.000608158
0 -0.000222445 -0.000428448 -0.000569848
0 -0.000211558 -0.000402087 -0.000531555
0 -0.000200628 -0.000375997 -0.000494073
0 -0.000189754 -0.000350584 -0.000458055
0 -0.000179081 -0.000326255 -0.000424046
0 -0.000168807 -0.000303407 -0.000392497
0 -0.000159144 -0.00028225 -0.000363757
0 -0.000150294 -0.000263033 -0.000338106
0 -0.000142468 -0.00024616 -0.000315768
0 -0.000135849 -0.000231899 -0.000296843
0 -0.000130495 -0.000220323 -0.000281306
0 -0.000126338 -0.000211384 -0.000269088
0 -0.000123276 -0.000204923 -0.00026009
0 -0.000121251 -0.00020079 -0.000254216
0 -0.000120233 -0.000198834 -0.00025139
0 -0.000120145 -0.000198841 -0.000251485
0 -0.000120837 -0.000200621 -0.000254308
0 -0.000122175 -0.000204023 -0.000259624
0 -0.000124064 -0.000208879 -0.000267152
0 -0.000126409 -0.000215006 -0.000276587
0 -0.000129127 -0.00022221 -0.000287609
0 -0.000132187 -0.00023027 -0.000299888
0 -0.00013557 -0.00023897 -0.000313081
0 -0.000139232 -0.000248135 -0.000326834
0 -0.000143091 -0.000257555 -0.000340783
0 -0.000147007 -0.000266945 -0.00035453
0 -0.000150798 -0.000276041 -0.000367659
0 -0.000154283 -0.00028455 -0.000379781
0 -0.000157304 -0.00029209 -0.000390529
0 -0.000159709 -0.000298311 -0.000399573
0 -0.000161369 -0.000302931 -0.00040661
0 -0.000162185 -0.000305684 -0.000411324
0 -0.000162047 -0.00030635 -0.000413398
0 -0.000160848 -0.000304775 -0.000412521
0 -0.000158521 -0.000300837 -0.000408413
0 -0.000155068 -0.000294449 -0.000400862
0 -0.000150543 -0.000285581 -0.000389739
0 -0.000145031 -0.000274247 -0.000375001
0 -0.000138605 -0.000260502 -0.000356672
0 -0.0001313 -0.000244432 -0.000334823
0 -0.000123125 -0.000226138 -0.00030958
0 -0.000114081 -0.00020573 -0.000281147
0 -0.000104175 -0.000183334 -0.000249783
0 -9.34296e-05 -0.00015915 -0.000215798
0 -8.189e-05 -0.000133313 -0.000179484
0 -6.95951e-05 -0.000105801 -0.000141082
0 -5.66142e-05 -7.67838e-05 -0.000100916
0 -4.30725e-05 -4.6627e-05 -5.93701e-05
0 -2.90906e-05 -1.55406e-05 -1.67224e-05
0 -1.47246e-05 1.63655e-05 2.68576e-05
0 -2.50439e-08 4.88908e-05 7.11483e-05
0 1.49183e-05 8.18122e-05 0.000115944
0 3.00648e-05 0.000115055 0.000161195
0 4.54245e-05 0.000148632 0.000206827
0 6.09419e-05 0.000182469 0.000252694
0 7.64932e-05 0.0002165 0.000298822
0 9.20544e-05 0.000250723 0.000345257
0 0.000107715 0.00028513 0.000391959
0 0.000123434 0.000319712 0.000438899
0 0.000138925 0.000354139 0.000485755
0 0.000153784 0.000387774 0.000531981
0 0.000167682 0.000420075 0.000577054
0 0.000180372 0.000450493 0.000620347
0 0.000191672 0.00047843 0.000661171
0 0.000201542 0.000503444 0.00069885
0 0.000210053 0.000525316 0.000732699
0 0.000217342 0.000544062 0.000762128
0 0.000223613 0.00055986 0.00078673
0 0.000229071 0.000572874 0.000806238
0 0.000233786 0.000583218 0.000820531
0 0.000237675 0.000590949 0.00082964
0 0.00024055 0.000595869 0.000833686
0 0.000242085 0.000597541 0.000832801
0 0.000241868 0.000595512 0.000827125
0 0.000239558 0.0005894 0.000816793
0 0.000234957 0.000578933 0.000801888
0 0.000227977 0.000564002 0.000782386
0 0.000218624 0.000544656 0.000758147
0 0.000207051 0.000521071 0.000728969
0 0.000193603 0.000493581 0.000694693
0 0.000178762 0.000462685 0.000655305
0 0.000163018 0.000428919 0.00061095
0 0.000146813 0.000392789 0.000561911
0 0.000130437 0.000354781 0.000508616
0 0.00011394 0.000315338 0.000451671
0 9.7228e-05 0.000274806 0.000391858
0 8.01703e-05 0.000233283 0.000329988
0 6.25158e-05 0.000190662 0.000266857
0 4.39408e-05 0.000146915 0.000203202
0 2.43305e-05 0.000102022 0.000139512
0 3.8074e-06 5.60503e-05 7.61946e-05
0 -1.75208e-05 9.44422e-06 1.36742e-05
0 -3.95734e-05 -3.74769e-05 -4.79925e-05
0 -6.2149e-05 -8.46026e-05 -0.000108831
0 -8.4771e-05 -0.00013144 -0.000168724
0 -0.00010673 -0.00017724 -0.000227828
0 -0.000127594 -0.000221487 -0.000286144
0 -0.000147368 -0.000263963 -0.000343414
0 -0.000165918 -0.000304585 -0.000399522
0 -0.000182855 -0.000343118 -0.000454097
0 -0.00019811 -0.000379199 -0.000506455
0 -0.000212044 -0.000412935 -0.000556055
0 -0.000225042 -0.000444535 -0.000602408
0 -0.000237276 -0.000473707 -0.000644871
0 -0.000248776 -0.00050028 -0.000682919
0 -0.000259575 -0.000524367 -0.000716261
0 -0.000269696 -0.000545894 -0.000744669
0 -0.000278978 -0.00056462 -0.000768082
0 -0.000287099 -0.000580304 -0.000786636
0 -0.000293768 -0.000592732 -0.000800531
0 -0.000298756 -0.00060171 -0.000810025
0 -0.000301842 -0.000607029 -0.000815354
0 -0.000302798 -0.000608508 -0.000816634
0 -0.000301492 -0.0006061 -0.000813893
0 -0.000297992 -0.000599852 -0.000807067
0 -0.000292479 -0.000589853 -0.000796006
0 -0.00028517 -0.000576269 -0.000780527
0 -0.00027635 -0.000559347 -0.000760451
0 -0.000266351 -0.000539339 -0.000735654
0 -0.000255445 -0.000516501 -0.000706107
0 -0.000243801 -0.000491101 -0.000671922
0 -0.000231516 -0.000463383 -0.000633375
0 -0.000218647 -0.000433537 -0.000590894
0 -0.00020518 -0.00040175 -0.000545031
0 -0.000191027 -0.000368215 -0.000496432
0 -0.000176109 -0.000333121 -0.000445807
0 -0.00016038 -0.000296716 -0.00039382
0 -0.000143848 -0.000259258 -0.000341061
0 -0.000126594 -0.000220906 -0.000288116
0 -0.000108799 -0.000182015 -0.00023543
0 -9.07548e-05 -0.000143111 -0.000183222
0 -7.27069e-05 -0.000104448 -0.000131662
0 -5.47974e-05 -6.62232e-05 -8.10106e-05
0 -3.73657e-05 -2.89168e-05 -3.14923e-05
0 -2.08859e-05 6.98299e-06 1.6756e-05
0 -5.57206e-06 4.11963e-05 6.34669e-05
0 8.54781e-06 7.34667e-05 0.000108276
0 2.1427e-05 0.000103503 0.000150893
0 3.30453e-05 0.000131109 0.000190955
0 4.34368e-05 0.000156149 0.000227916
0 5.26271e-05 0.000178531 0.000261283
0 6.06427e-05 0.000198197 0.000290624
0 6.75528e-05 0.000215082 0.000315532
0 7.34447e-05 0.000229165 0.000335751
0 7.8373e-05 0.000240376 0.000351099
0 8.22948e-05 0.00024858 0.000361537
0 8.5089e-05 0.000253672 0.000367154
0 8.66388e-05 0.000255615 0.00036808
0 8.68139e-05 0.000254419 0.000364552
0 8.54609e-05 0.00025006 0.000356833
0 8.24867e-05 0.000242531 0.000345191
0 7.79052e-05 0.000231912 0.000329914
0 7.17974e-05 0.00021834 0.000311246
0 6.42778e-05 0.000201969 0.000289387
0 5.55086e-05 0.000183026 0.000264494
0 4.56892e-05 0.000161828 0.000236693
0 3.50213e-05 0.000138684 0.000206119
0 2.37054e-05 0.000113876 0.000172924
0 1.19579e-05 8.77476e-05 0.000137338
0 -2.70607e-08 6.06251e-05 9.96534e-05
0 -1.21376e-05 3.27475e-05 6.02385e-05
0 -2.433e-05 4.32354e-06 1.95585e-05
0 -3.6571e-05 -2.44338e-05 -2.19391e-05
0 -4.88244e-05 -5.32973e-05 -6.36976e-05
0 -6.10713e-05 -8.20555e-05 -0.000105103
0 -7.32906e-05 -0.000110524 -0.000145694
0 -8.54438e-05 -0.000138446 -0.000185062
0 -9.74813e-05 -0.000165525 -0.000222791
0 -0.000109306 -0.00019156 -0.00025853
0 -0.000120743 -0.000216345 -0.000292073
0 -0.000131607 -0.000239645 -0.000323249
0 -0.000141733 -0.000261257 -0.000351844
0 -0.000150923 -0.000280912 -0.000377737
0 -0.000159 -0.000298336 -0.000400863
0 -0.000165858 -0.000313371 -0.000421097
0 -0.000171455 -0.000325907 -0.000438352
0 -0.000175785 -0.000335842 -0.000452528
0 -0.000178824 -0.000343112 -0.00046344
0 -0.000180555 -0.000347734 -0.000470929
0 -0.000181055 -0.000349779 -0.000474866
0 -0.000180443 -0.000349279 -0.000475125
0 -0.000178797 -0.000346265 -0.000471662
0 -0.000176186 -0.000340824 -0.00046451
0 -0.0001727 -0.000333044 -0.000453755
0 -0.00016839 -0.000323022 -0.000439549
0 -0.000163243 -0.00031088 -0.000422109
0 -0.000157234 -0.000296726 -0.000401699
0 -0.000150363 -0.000280692 -0.000378624
0 -0.000142652 -0.000262927 -0.000353231
0 -0.000134134 -0.000243547 -0.000325871
0 -0.000124862 -0.000222705 -0.000296882
0 -0.000114938 -0.00020063 -0.00026658
0 -0.000104506 -0.000177626 -0.000235213
0 -9.36764e-05 -0.000153935 -0.000202972
0 -8.25366e-05 -0.000129659 -0.000170064
0 -7.12679e-05 -0.000105052 -0.000136708
0 -6.00974e-05 -8.04945e-05 -0.00010315
0 -4.91981e-05 -5.62194e-05 -6.97041e-05
0 -3.87087e-05 -3.24193e-05 -3.66754e-05
