0 -0.00231969 -0.00389525 -0.00501418
0 -0.00229955 -0.00385562 -0.00496252
0 -0.00227783 -0.00381166 -0.00490703
0 -0.00225894 -0.0037681 -0.00485032
0 -0.00224285 -0.00372775 -0.00479259
0 -0.00222863 -0.00369208 -0.00473536
0 -0.00221704 -0.00366188 -0.00468335
0 -0.00220669 -0.00363472 -0.00463908
0 -0.00219462 -0.00360746 -0.00460202
0 -0.00218231 -0.00358257 -0.00457369
0 -0.00217373 -0.0035654 -0.00455602
0 -0.00216718 -0.00355479 -0.00454472
0 -0.0021593 -0.00354495 -0.00453351
0 -0.00215562 -0.00353789 -0.0045253
0 -0.00216509 -0.00354472 -0.00453008
0 -0.00218744 -0.0035739 -0.00455456
0 -0.0022154 -0.00362471 -0.00460182
0 -0.00224495 -0.00369058 -0.00467624
0 -0.00227355 -0.00376126 -0.00477752
0 -0.00229215 -0.00382181 -0.00488996
0 -0.00229708 -0.00386469 -0.00499357
0 -0.00230073 -0.00389882 -0.00507946
0 -0.00230917 -0.00392789 -0.00513614
0 -0.0023122 -0.00393867 -0.00514511
0 -0.00230569 -0.00392108 -0.00510293
0 -0.00229408 -0.00387672 -0.00502174
0 -0.0022787 -0.00381419 -0.0049162
0 -0.00226368 -0.00375217 -0.00480746
0 -0.0022564 -0.00371127 -0.00472099
0 -0.00225603 -0.00369631 -0.00467214
0 -0.00225594 -0.00369776 -0.00466418
0 -0.00225591 -0.00370981 -0.00469696
0 -0.00226576 -0.00374187 -0.00477193
0 -0.00229111 -0.00380513 -0.00488352
0 -0.00232122 -0.00388985 -0.00501004
0 -0.00234879 -0.00397649 -0.00513309
0 -0.00237901 -0.00405409 -0.00524786
0 -0.00240539 -0.0041109 -0.00534105
0 -0.00241892 -0.0041432 -0.00539939
0 -0.00243552 -0.00417382 -0.00543773
0 -0.00246704 -0.00422012 -0.00547426
0 -0.00248747 -0.00425672 -0.00549474
0 -0.00246193 -0.0042353 -0.00546818
0 -0.00238989 -0.00413103 -0.00537855
0 -0.00230558 -0.00396847 -0.00523181
0 -0.00223999 -0.00380072 -0.00503885
0 -0.00219974 -0.003668 -0.00481041
0 -0.00219251 -0.00359244 -0.00458647
0 -0.00224257 -0.00359998 -0.00444954
0 -0.00235371 -0.00371436 -0.00447925
0 -0.00248977 -0.00393668 -0.00471046
0 -0.00260542 -0.00423508 -0.00513017
0 -0.00266628 -0.00453474 -0.00566971
0 -0.00266754 -0.00475683 -0.00622106
0 -0.0026498 -0.00488933 -0.00668537
0 -0.00266629 -0.00498639 -0.0069949
0 -0.00273783 -0.00509995 -0.00711603
0 -0.00284651 -0.00522673 -0.00706402
0 -0.0029569 -0.00531789 -0.00690666
0 -0.00303743 -0.00533664 -0.00673644
0 -0.00306621 -0.00529608 -0.00663192
0 -0.00302671 -0.00523196 -0.00661957
0 -0.00292267 -0.00515709 -0.00666673
0 -0.00279269 -0.00506063 -0.00671603
0 -0.00268336 -0.00493435 -0.00670579
0 -0.00260788 -0.00477874 -0.00657241
0 -0.00254122 -0.00458982 -0.00627105
0 -0.00245798 -0.00435185 -0.00580667
0 -0.00237291 -0.00406841 -0.0052547
0 -0.00232475 -0.00379631 -0.00473913
0 -0.00231639 -0.00360854 -0.00436243
0 -0.0023084 -0.00353138 -0.00416746
0 -0.002268 -0.0035269 -0.00415181
0 -0.00219227 -0.00352242 -0.00427318
0 -0.00209762 -0.00346949 -0.0044502
0 -0.00200686 -0.00338183 -0.00458654
0 -0.00193733 -0.00329995 -0.00459966
0 -0.00189491 -0.00322652 -0.00444487
0 -0.00187993 -0.00312584 -0.00413611
0 -0.00188435 -0.00297628 -0.00373984
0 -0.00188165 -0.00279339 -0.00333737
0 -0.00184 -0.00260934 -0.00299414
0 -0.00174731 -0.0024389 -0.00274745
0 -0.00162439 -0.00227344 -0.0026033
0 -0.00151592 -0.00212131 -0.00254587
0 -0.00145313 -0.00201925 -0.00253952
0 -0.0014342 -0.00199124 -0.0025366
0 -0.00145474 -0.00203366 -0.00252098
0 -0.00152278 -0.00212865 -0.00252554
0 -0.00162587 -0.00225323 -0.00259029
0 -0.00173037 -0.00240261 -0.00274204
0 -0.00183259 -0.00260974 -0.00301805
0 -0.00196515 -0.00291975 -0.00346053
0 -0.00214181 -0.00334012 -0.00407159
0 -0.00233424 -0.00382414 -0.00479517
0 -0.00250243 -0.0042988 -0.00554295
0 -0.00262533 -0.00469931 -0.00622482
0 -0.00270109 -0.00498209 -0.00675783
0 -0.00273602 -0.00512982 -0.00707317
0 -0.0027522 -0.00516527 -0.00714811
0 -0.00279523 -0.00515682 -0.00703768
0 -0.00290496 -0.00519073 -0.0068612
0 -0.00307337 -0.00532195 -0.00675012
0 -0.00325762 -0.0055553 -0.00681657
0 -0.00341669 -0.00585954 -0.00713373
0 -0.00350604 -0.00616952 -0.0076812
0 -0.00348986 -0.00640417 -0.0083298
0 -0.00338847 -0.0065201 -0.00891007
0 -0.00327347 -0.0065268 -0.00926513
0 -0.00320359 -0.00644689 -0.00927403
0 -0.00318865 -0.00629197 -0.00890667
0 -0.0032159 -0.00607992 -0.0082607
0 -0.0032494 -0.00582825 -0.00750888
0 -0.00318858 -0.00549344 -0.00676605
0 -0.00292348 -0.00497226 -0.0060332
0 -0.0024525 -0.00420371 -0.0052707
0 -0.00187704 -0.00323211 -0.00441119
0 -0.00131299 -0.00217585 -0.00335441
0 -0.000863393 -0.00118626 -0.00206601
0 -0.000628515 -0.000420735 -0.000660124
0 -0.000639419 3.60504e-05 0.000627043
0 -0.000784065 0.000227851 0.00155689
0 -0.000899133 0.00024741 0.00196631
0 -0.000924166 0.000128733 0.00174918
0 -0.000885278 -0.000124737 0.00094197
0 -0.000786711 -0.000442873 -0.000179279
0 -0.000643862 -0.000720115 -0.00124322
0 -0.00056546 -0.000926659 -0.00198003
0 -0.000689885 -0.00113626 -0.00230282
0 -0.00104903 -0.00146079 -0.00230576
0 -0.00154756 -0.00196332 -0.00220446
0 -0.00205597 -0.00260357 -0.0022842
0 -0.00246916 -0.00327819 -0.00279437
0 -0.00271059 -0.00390125 -0.00380465
0 -0.00276322 -0.00443744 -0.00519197
0 -0.0027205 -0.00494093 -0.00672187
0 -0.00276447 -0.00552758 -0.00815927
0 -0.00305371 -0.00627428 -0.00934806
0 -0.00360561 -0.00718918 -0.0102341
0 -0.00429508 -0.00820736 -0.0109208
0 -0.00494398 -0.00918237 -0.0116054
0 -0.00537611 -0.00995555 -0.0124215
0 -0.0054786 -0.0104243 -0.0133625
0 -0.00527148 -0.0105437 -0.01424
0 -0.00487807 -0.0103236 -0.014749
0 -0.00445373 -0.00981852 -0.014609
0 -0.00413749 -0.00911317 -0.0136804
0 -0.00399152 -0.00832203 -0.0120717
0 -0.00397518 -0.00755136 -0.0101159
0 -0.00395462 -0.00681876 -0.0082073
0 -0.00373326 -0.00602609 -0.00661141
0 -0.0031836 -0.00503386 -0.00537411
0 -0.00237289 -0.00379817 -0.00441126
0 -0.00149183 -0.00244436 -0.00352985
0 -0.000712146 -0.00115582 -0.00245586
0 -0.000158373 -4.39369e-05 -0.0010211
0 0.00010984 0.000858866 0.000755777
0 0.000160759 0.00160253 0.00267073
0 0.000172289 0.00229096 0.00443155
0 0.000312895 0.0029691 0.00579579
0 0.000602372 0.00356316 0.00655748
0 0.000893857 0.00392099 0.00661222
0 0.00102119 0.00388779 0.00603246
0 0.000914328 0.00339554 0.00499656
0 0.000576747 0.00250205 0.0036992
0 5.25789e-05 0.00134846 0.00225933
0 -0.000565337 9.73561e-05 0.000722341
0 -0.00116073 -0.00112235 -0.000873668
0 -0.0016588 -0.00225382 -0.00249948
0 -0.00207775 -0.00331632 -0.00414162
0 -0.00248254 -0.00435121 -0.00576496
0 -0.00289959 -0.0053649 -0.00729854
0 -0.00332563 -0.00634071 -0.00867606
0 -0.00376152 -0.00726661 -0.00987602
0 -0.00419067 -0.00811901 -0.010915
0 -0.00454837 -0.00883242 -0.0117922
0 -0.00476825 -0.00933645 -0.0124846
0 -0.00486376 -0.00963135 -0.0129989
0 -0.00490246 -0.0097813 -0.0133475
0 -0.00492244 -0.0098452 -0.0135104
0 -0.00491552 -0.00983119 -0.013458
0 -0.00486116 -0.00969926 -0.0131813
0 -0.00474245 -0.00940016 -0.0126963
0 -0.00453423 -0.00890666 -0.0120143
0 -0.0042137 -0.00822034 -0.0111243
0 -0.00378089 -0.00735136 -0.0100035
0 -0.00326647 -0.00630813 -0.0086407
0 -0.00272887 -0.00512835 -0.00706065
0 -0.00221761 -0.00389061 -0.00531954
0 -0.00175196 -0.00268899 -0.00349802
0 -0.00134253 -0.00160006 -0.00172375
0 -0.00102224 -0.000691309 -0.000183897
0 -0.000834946 -5.06094e-05 0.000927933
0 -0.000774432 0.00025398 0.00148378
0 -0.000771366 0.000239925 0.00146945
0 -0.000776854 -4.77547e-06 0.000971848
0 -0.000831399 -0.000412087 9.68742e-05
0 -0.00100633 -0.00098353 -0.00104126
0 -0.00130018 -0.00172479 -0.0022828
0 -0.0016312 -0.00255026 -0.00344644
0 -0.00191633 -0.00329015 -0.00439533
0 -0.00213192 -0.00380875 -0.00508494
0 -0.00230399 -0.00410624 -0.00554186
0 -0.00244608 -0.00428392 -0.00580756
0 -0.00254115 -0.0044286 -0.00591635
0 -0.00259257 -0.00454968 -0.0059188
0 -0.00263766 -0.00461954 -0.00589466
0 -0.00271474 -0.00466554 -0.00593028
0 -0.0028445 -0.00479681 -0.00610234
0 -0.00304106 -0.0051357 -0.00648644
0 -0.00330994 -0.00571559 -0.00714108
0 -0.00360135 -0.00641926 -0.00804148
0 -0.00380155 -0.00703231 -0.00904105
0 -0.00381869 -0.00738335 -0.00992328
0 -0.00366578 -0.00742268 -0.0104698
0 -0.00342859 -0.00717852 -0.0104958
0 -0.00317383 -0.00668151 -0.009892
0 -0.0029059 -0.00593078 -0.00864787
0 -0.00258029 -0.00491224 -0.00685957
0 -0.00217441 -0.00367348 -0.00474871
0 -0.00174476 -0.00238046 -0.0026169
0 -0.00140482 -0.00128396 -0.000808528
0 -0.00123752 -0.000614939 0.000365428
0 -0.00121497 -0.000452976 0.000779592
0 -0.00127436 -0.000713735 0.000438244
0 -0.00143007 -0.00129833 -0.000612555
0 -0.00172115 -0.00217387 -0.00223182
0 -0.00211142 -0.00328871 -0.00418109
0 -0.00252108 -0.00451596 -0.00616401
0 -0.0029189 -0.00569131 -0.0079338
0 -0.00330144 -0.00665491 -0.0093503
0 -0.00361012 -0.00729403 -0.0102804
0 -0.00374843 -0.00755564 -0.0106153
0 -0.00367464 -0.00741227 -0.010347
0 -0.00343087 -0.00687019 -0.00954031
0 -0.00308451 -0.00600005 -0.00830692
0 -0.00266693 -0.00491123 -0.00675345
0 -0.00219801 -0.00372888 -0.00498565
0 -0.00173949 -0.00258176 -0.00317486
0 -0.00136559 -0.0015676 -0.00152005
0 -0.00110053 -0.000753639 -0.000186511
0 -0.000915572 -0.000192092 0.000721106
0 -0.000770288 0.000111804 0.00117171
0 -0.000643873 0.000217395 0.00120029
0 -0.000541862 0.000204132 0.00091476
0 -0.000474211 0.000129346 0.000480047
0 -0.000439442 2.37254e-05 6.73151e-05
0 -0.000443339 -9.40168e-05 -0.000196252
0 -0.000498786 -0.000198917 -0.000263086
0 -0.00061201 -0.00028431 -0.000181651
0 -0.000789391 -0.000406202 -8.70911e-05
0 -0.00101598 -0.000640682 -0.000136959
0 -0.00124066 -0.00100533 -0.000440982
0 -0.0014211 -0.00145677 -0.00103838
0 -0.00156707 -0.00195042 -0.00190669
0 -0.00174338 -0.00251206 -0.00299883
0 -0.00202773 -0.00323635 -0.00425853
0 -0.00244529 -0.00418211 -0.00561134
0 -0.00296286 -0.00530387 -0.00700213
0 -0.00353303 -0.00649369 -0.00842496
0 -0.00410863 -0.00765548 -0.00990373
0 -0.00463204 -0.00874989 -0.0114475
0 -0.0050395 -0.00975839 -0.0129869
0 -0.00529961 -0.0106135 -0.0143834
0 -0.00544461 -0.0112292 -0.0155024
0 -0.00552929 -0.0115698 -0.0162216
0 -0.00556063 -0.0116398 -0.0164275
0 -0.00549987 -0.0114436 -0.0160647
0 -0.00532424 -0.0109654 -0.0151717
0 -0.00503584 -0.0101816 -0.0138632
0 -0.00462712 -0.00910853 -0.0122634
0 -0.00409824 -0.00783286 -0.0104749
0 -0.00349931 -0.0064841 -0.00860845
0 -0.00291837 -0.00518543 -0.00678455
0 -0.00242776 -0.00402545 -0.00510152
0 -0.00204374 -0.00304852 -0.00362611
0 -0.00171857 -0.00224186 -0.00239074
0 -0.00138192 -0.00153523 -0.00137563
0 -0.000993099 -0.000831704 -0.000513542
0 -0.00055311 -6.41643e-05 0.000288502
0 -0.000104712 0.000757253 0.00112984
0 0.000293299 0.00156808 0.00208858
0 0.000608865 0.00231458 0.00318951
0 0.000838282 0.00298489 0.00438224
0 0.000987624 0.00357716 0.00553924
0 0.00107397 0.00405357 0.00649024
0 0.00111709 0.00434343 0.00707496
0 0.00110407 0.00436793 0.0071686
0 0.000989188 0.00406391 0.00669731
0 0.000725817 0.00339536 0.00564877
0 0.000288719 0.00234926 0.00406678
0 -0.000310132 0.00094625 0.00203322
0 -0.00102869 -0.000740488 -0.000350256
0 -0.00181329 -0.00258925 -0.00296744
0 -0.00260764 -0.00446688 -0.00568241
0 -0.00335161 -0.00625722 -0.00833016
0 -0.00397695 -0.007839 -0.0107318
0 -0.00444156 -0.00909802 -0.0127049
0 -0.00476965 -0.00998825 -0.0141079
0 -0.00500569 -0.0105171 -0.0148942
0 -0.00515263 -0.0107121 -0.0150684
0 -0.00519383 -0.010617 -0.0146987
0 -0.00511306 -0.0102541 -0.0139233
0 -0.00487759 -0.00960909 -0.0128554
0 -0.00446841 -0.00868366 -0.0115742
0 -0.00391994 -0.00753763 -0.0101293
0 -0.00330748 -0.00627245 -0.0085413
0 -0.00271365 -0.00499134 -0.00684767
0 -0.00220087 -0.00377908 -0.00510014
0 -0.00180938 -0.00271544 -0.00339945
0 -0.00155789 -0.0018814 -0.00191881
0 -0.00141205 -0.00130825 -0.00080934
0 -0.0012555 -0.000905945 -9.66929e-05
0 -0.000962511 -0.000494976 0.000319526
0 -0.000515462 6.35e-05 0.000609053
0 1.92184e-05 0.000811595 0.00100568
0 0.0005746 0.00172452 0.00176454
0 0.00107954 0.00274603 0.00304815
0 0.00146143 0.00381598 0.0048364
0 0.00171828 0.0048888 0.00693593
0 0.00194334 0.00594992 0.00908656
0 0.00225598 0.00700968 0.0110415
0 0.00271774 0.00807627 0.0126244
0 0.00328606 0.00912848 0.0137827
0 0.00384727 0.0100862 0.0145877
0 0.00429091 0.0108288 0.0151826
0 0.0045444 0.011284 0.0156971
0 0.00457845 0.0114612 0.016166
0 0.00438412 0.0113588 0.0164646
0 0.00395765 0.0108916 0.0163212
0 0.00333068 0.00993199 0.0154343
0 0.00254288 0.00837207 0.0135571
0 0.00156286 0.00613932 0.0105031
0 0.000299964 0.00317737 0.00618616
0 -0.00129694 -0.000544 0.000682403
0 -0.00320095 -0.00498221 -0.00579613
0 -0.00537371 -0.0100306 -0.0129883
0 -0.00773427 -0.0154725 -0.0206187
0 -0.0101188 -0.0209846 -0.0284004
0 -0.0124517 -0.0263466 -0.036021
0 -0.0147454 -0.0314625 -0.0431807
0 -0.0168724 -0.0361545 -0.049654
0 -0.0187192 -0.0402411 -0.0552959
0 -0.0203643 -0.0437315 -0.0600662
0 -0.0217934 -0.0466384 -0.0639761
0 -0.0229054 -0.0488963 -0.067024
0 -0.023695 -0.0504792 -0.0691777
0 -0.0240827 -0.0513036 -0.0703632
0 -0.0239843 -0.0512706 -0.0705003
0 -0.0234572 -0.0503708 -0.0695012
0 -0.0224995 -0.0485416 -0.0672327
0 -0.021047 -0.0456589 -0.063531
0 -0.0191128 -0.0416702 -0.0582835
0 -0.0167532 -0.0366163 -0.0514965
0 -0.0140797 -0.0306635 -0.0433264
0 -0.0112158 -0.0240591 -0.0340458
0 -0.00819486 -0.0169978 -0.0239643
0 -0.00498742 -0.00962118 -0.0134063
0 -0.00160087 -0.00205046 -0.00268401
0 0.00182535 0.00553751 0.00790078
0 0.00506329 0.0128561 0.0180737
0 0.00788005 0.0195327 0.0275608
0 0.00988297 0.0250524 0.035914
0 0.0108198 0.0287788 0.0424104
0 0.0110536 0.030488 0.0463898
0 0.0109598 0.0307007 0.0476807
0 0.0106669 0.029854 0.046433
0 0.0102718 0.028003 0.042884
0 0.0094794 0.0251571 0.037418
0 0.00804866 0.0211824 0.0307066
0 0.0062866 0.0163844 0.0236593
0 0.00439551 0.0115363 0.0169252
0 0.00223393 0.00686896 0.0105498
0 -0.000184237 0.00220976 0.00437858
0 -0.00254561 -0.00241967 -0.00160808
0 -0.00456243 -0.0069139 -0.00741778
0 -0.00615516 -0.0109733 -0.0129966
0 -0.00725933 -0.014076 -0.0180865
0 -0.00781506 -0.0160525 -0.0222286
0 -0.00797837 -0.0171872 -0.0249621
0 -0.00802964 -0.0177201 -0.0260473
0 -0.00812994 -0.0176933 -0.0255129
0 -0.0082209 -0.0170636 -0.0236202
0 -0.00804178 -0.0157186 -0.020719
0 -0.00731603 -0.0136019 -0.0171614
0 -0.00600296 -0.0107978 -0.01328
0 -0.00431328 -0.00747784 -0.0092473
0 -0.0025716 -0.00397223 -0.00511564
0 -0.0011043 -0.000761271 -0.000996278
0 -9.05111e-05 0.00180593 0.00295453
0 0.000600427 0.00380754 0.0066293
0 0.00132451 0.00570501 0.0100152
0 0.00236122 0.00794584 0.0131914
0 0.00377529 0.0106751 0.0162883
0 0.00538467 0.0136981 0.0194566
0 0.00680017 0.0165593 0.0227718
0 0.00769165 0.0188133 0.0261186
0 0.00801453 0.0203128 0.0292351
0 0.00794181 0.021152 0.0317381
0 0.00774127 0.0214891 0.0331897
0 0.00772033 0.0215461 0.0334196
0 0.00798854 0.0214879 0.032573
0 0.00827767 0.0211867 0.0308614
0 0.0081684 0.0202929 0.0285592
0 0.00741182 0.0185364 0.025913
0 0.00598222 0.0158228 0.0229003
0 0.00400652 0.0122203 0.019223
0 0.00171502 0.0079357 0.0144487
0 -0.000656209 0.00313356 0.0082494
0 -0.00293587 -0.00209169 0.000630792
0 -0.00502034 -0.00758866 -0.00802331
0 -0.00696725 -0.0131826 -0.0171603
0 -0.00902266 -0.0187885 -0.0262212
0 -0.0113754 -0.0244454 -0.0346993
0 -0.0140166 -0.0301328 -0.0422509
0 -0.0167534 -0.035555 -0.0487283
0 -0.0191469 -0.0401769 -0.0541699
0 -0.0207664 -0.0435486 -0.058624
0 -0.0215292 -0.0455777 -0.0619926
0 -0.0215191 -0.0463378 -0.0640486
0 -0.0209376 -0.0459562 -0.0645403
0 -0.0201573 -0.0446607 -0.0632839
0 -0.0193413 -0.0426157 -0.0602602
0 -0.0183715 -0.039865 -0.0556753
0 -0.0170732 -0.0363619 -0.0498953
0 -0.0152453 -0.0319878 -0.0433211
0 -0.012745 -0.0266377 -0.036145
0 -0.00963595 -0.0203508 -0.0283178
0 -0.00620412 -0.0133895 -0.0196897
0 -0.00277801 -0.00612575 -0.0101832
0 0.000411331 0.00108732 -3.54827e-06
0 0.00313685 0.0078823 0.0103695
0 0.00524406 0.0139285 0.0203121
0 0.00685104 0.0190509 0.0291261
0 0.00817332 0.0231282 0.0360986
0 0.00922539 0.026014 0.0407262
0 0.0100338 0.0277927 0.0428906
0 0.0106725 0.0285463 0.0427917
0 0.0108252 0.0279704 0.0408218
0 0.0101861 0.0259586 0.0374369
0 0.00883828 0.0227513 0.0330199
0 0.00689111 0.0185737 0.0277656
0 0.0046282 0.0138275 0.0217781
0 0.00250914 0.0090123 0.015207
0 0.00066364 0.00438211 0.00823826
0 -0.00103141 -2.13426e-05 0.00117397
0 -0.0026415 -0.00421955 -0.00561826
0 -0.00428184 -0.00828395 -0.0118422
0 -0.00610342 -0.012279 -0.0172765
0 -0.0080265 -0.0161212 -0.0219194
0 -0.00984121 -0.0196431 -0.0259968
0 -0.0114221 -0.0227393 -0.0297324
0 -0.0126444 -0.0253544 -0.0332771
0 -0.0134084 -0.0274503 -0.036626
0 -0.0137757 -0.0289767 -0.0395328
0 -0.013845 -0.0298629 -0.0416261
0 -0.0136514 -0.0300232 -0.0424974
0 -0.0132425 -0.0293421 -0.0418033
0 -0.0125967 -0.0277553 -0.0394165
0 -0.0116206 -0.0252602 -0.0354471
0 -0.0102785 -0.0218505 -0.0302104
0 -0.00855858 -0.017648 -0.0240935
0 -0.00649744 -0.0129086 -0.0174111
0 -0.00426533 -0.00790009 -0.0104584
0 -0.00208418 -0.00295002 -0.00355518
0 -8.86586e-05 0.00165781 0.00303135
0 0.00164609 0.00578183 0.00906986
0 0.00303142 0.0092617 0.0143082
0 0.00404186 0.0119431 0.0185082
0 0.00471904 0.0137874 0.0214514
0 0.00507295 0.0147621 0.0229643
0 0.00508464 0.0147969 0.0229793
0 0.00479141 0.0139306 0.021566
0 0.00428416 0.0123522 0.0189822
0 0.00359145 0.0102588 0.0155771
0 0.00269795 0.00781983 0.0116751
0 0.00164578 0.00519587 0.00761524
0 0.000536737 0.00253563 0.00371269
0 -0.000507895 4.15289e-05 0.00021446
0 -0.00142706 -0.00210008 -0.00274539
0 -0.00224259 -0.00383825 -0.00516242
0 -0.00294852 -0.00520302 -0.00703106
0 -0.00344652 -0.00620567 -0.00832054
0 -0.00365759 -0.0067833 -0.00901424
0 -0.0036119 -0.00683214 -0.00910577
0 -0.0033686 -0.00633518 -0.00861454
0 -0.00296277 -0.00540853 -0.00754128
0 -0.00244872 -0.00422357 -0.00590848
0 -0.0019218 -0.00293615 -0.00387917
0 -0.00149345 -0.00168622 -0.00172328
0 -0.00122797 -0.000613522 0.000252274
0 -0.00109534 0.000163916 0.00176354
0 -0.00102684 0.000561602 0.00261242
0 -0.00101826 0.00053809 0.00265998
0 -0.00114356 8.36101e-05 0.00184327
0 -0.00148012 -0.000833777 0.000216437
0 -0.00203981 -0.00223911 -0.00206181
0 -0.00276518 -0.00405697 -0.00475425
0 -0.0035909 -0.00610773 -0.00763414
0 -0.00447466 -0.00818583 -0.0105522
0 -0.0053693 -0.0101585 -0.0134026
0 -0.00620965 -0.0120014 -0.0160723
0 -0.00693009 -0.0136886 -0.0184447
0 -0.00749939 -0.0151132 -0.0204321
0 -0.00791974 -0.0161597 -0.0219682
0 -0.00817395 -0.0167659 -0.022963
0 -0.00821093 -0.0169077 -0.0233028
0 -0.00800003 -0.0165673 -0.0229
0 -0.00755867 -0.015704 -0.0217185
0 -0.00690907 -0.0142747 -0.0197579
0 -0.00605154 -0.0123002 -0.0170358
0 -0.004998 -0.00987541 -0.0136177
0 -0.00379727 -0.00711828 -0.00964635
0 -0.00251225 -0.00413268 -0.00531338
0 -0.00118124 -0.00101421 -0.000794889
0 0.000199979 0.00216687 0.00377035
0 0.00161705 0.00536498 0.00825858
0 0.00297749 0.00846072 0.0125631
0 0.00417157 0.0112718 0.0165527
0 0.00511952 0.0136423 0.0200562
0 0.00577328 0.015442 0.0228921
0 0.00614991 0.0166004 0.0248806
0 0.00631747 0.0171489 0.0259002
0 0.00632947 0.0171529 0.0259058
0 0.00619356 0.0166456 0.024942
0 0.00588204 0.015641 0.0231561
0 0.00534597 0.0141427 0.0207243
0 0.00454569 0.0121641 0.0178073
0 0.00350459 0.00978906 0.0145326
0 0.0023218 0.00717107 0.011002
0 0.00112251 0.0044821 0.00731588
0 1.02495e-05 0.00188291 0.00358331
0 -0.000964318 -0.000516435 -4.9402e-05
0 -0.00182414 -0.00268631 -0.00342353
0 -0.00261165 -0.00461796 -0.006377
0 -0.00332952 -0.00627143 -0.00876271
0 -0.00397113 -0.00762339 -0.010529
0 -0.00454833 -0.00869202 -0.0117385
0 -0.0050715 -0.00952663 -0.0125589
0 -0.00552917 -0.0102141 -0.0132044
0 -0.00591139 -0.0108536 -0.0138615
0 -0.00624241 -0.01152 -0.0146841
0 -0.00657782 -0.0122816 -0.0157822
0 -0.00699144 -0.0132296 -0.0172044
0 -0.00753168 -0.0144369 -0.0189496
0 -0.00817359 -0.0158906 -0.0209622
0 -0.00885104 -0.0174815 -0.0231426
0 -0.00950163 -0.0190522 -0.025377
0 -0.0100591 -0.0204572 -0.0275185
0 -0.0104758 -0.0216053 -0.0293911
0 -0.0107497 -0.0224525 -0.0308267
0 -0.0108998 -0.0229613 -0.0316854
0 -0.0109425 -0.0230969 -0.0318936
0 -0.0108677 -0.0228349 -0.0314361
0 -0.0106181 -0.0221467 -0.0303293
0 -0.0101232 -0.020991 -0.0286129
0 -0.0093548 -0.0193351 -0.0263295
0 -0.00834632 -0.0171975 -0.023511
0 -0.00716197 -0.0146561 -0.0201732
0 -0.00585837 -0.0118107 -0.0163268
0 -0.00447771 -0.00873849 -0.0120105
0 -0.00306337 -0.00548798 -0.00733349
0 -0.00164222 -0.0021315 -0.00245842
0 -0.000190699 0.00125769 0.00246562
0 0.00130052 0.00465384 0.00730823
0 0.00276925 0.00798314 0.0119568
0 0.00414441 0.0111192 0.0163314
0 0.0053649 0.0139617 0.0203396
0 0.00634812 0.0163788 0.0238477
0 0.00701824 0.0181965 0.0266685
0 0.00734775 0.019294 0.0285842
0 0.00734916 0.0196101 0.0293852
0 0.00702831 0.0190782 0.0288782
0 0.0063709 0.0176459 0.0269365
0 0.00538387 0.0153191 0.0235607
0 0.00411485 0.0121678 0.0189103
0 0.002623 0.00836979 0.0132638
0 0.000953498 0.00417424 0.00695827
0 -0.000860282 -0.000221251 0.000359761
0 -0.0027942 -0.00470931 -0.00622212
0 -0.00479865 -0.00919372 -0.0125428
0 -0.0067834 -0.0135367 -0.0184187
0 -0.00867338 -0.0176221 -0.023815
0 -0.0104079 -0.0213539 -0.0287693
0 -0.0119218 -0.0246506 -0.0332997
0 -0.0132 -0.0275096 -0.0373866
0 -0.0142732 -0.0299792 -0.0409663
0 -0.0151406 -0.032048 -0.0439585
0 -0.0157728 -0.0335889 -0.0462081
0 -0.0161183 -0.0344614 -0.0475298
0 -0.0160987 -0.0345664 -0.0477829
0 -0.0156888 -0.0338108 -0.0468613
0 -0.0149001 -0.0321662 -0.0447046
0 -0.0137161 -0.0296482 -0.0413009
0 -0.0121792 -0.0262977 -0.0367054
0 -0.0103726 -0.0222294 -0.0310491
0 -0.00832754 -0.0175705 -0.0245155
0 -0.00610686 -0.012476 -0.0173184
0 -0.00384301 -0.00717429 -0.00971672
0 -0.00160509 -0.00189351 -0.00204692
0 0.000601961 0.00321359 0.00537138
0 0.00267713 0.0080282 0.0123052
0 0.00449927 0.0123755 0.0185387
0 0.00606104 0.0161068 0.0239037
0 0.00737214 0.019182 0.0283163
0 0.00837765 0.021565 0.0317131
0 0.00903175 0.0232066 0.0340542
0 0.00940996 0.024154 0.0353721
0 0.0095933 0.0245002 0.0357473
0 0.00954254 0.0242581 0.0352699
0 0.00926763 0.0234662 0.0340604
0 0.00881866 0.0222566 0.0322453
0 0.00818783 0.0206992 0.029954
0 0.00742532 0.0188558 0.0273165
0 0.00657852 0.0168264 0.0244194
0 0.00561812 0.0146162 0.021305
0 0.0045445 0.0122127 0.0179818
0 0.00339903 0.00965915 0.0144609
0 0.00221456 0.00698897 0.0107663
0 0.00101588 0.00425248 0.00692427
0 -0.000176194 0.00152305 0.00299528
0 -0.00136278 -0.00118287 -0.000934187
0 -0.00255984 -0.00388585 -0.00478766
0 -0.00377505 -0.00657126 -0.0085071
0 -0.00500439 -0.00921336 -0.0120696
0 -0.00622273 -0.0118005 -0.0154992
0 -0.0073919 -0.0143062 -0.0188333
0 -0.00848917 -0.0167053 -0.0221027
0 -0.00952102 -0.0190176 -0.0253379
0 -0.0104947 -0.021259 -0.0285189
0 -0.0113905 -0.0233894 -0.0315773
0 -0.0122054 -0.0253627 -0.0344293
0 -0.0129925 -0.0271603 -0.0369983
0 -0.0137568 -0.0287685 -0.0392449
0 -0.0144256 -0.0301713 -0.0411305
0 -0.0149606 -0.031316 -0.0426127
0 -0.0153027 -0.0320893 -0.0436416
0 -0.0153782 -0.0323846 -0.0441502
0 -0.0152 -0.0321573 -0.0440593
0 -0.0147862 -0.031409 -0.0432571
0 -0.0141433 -0.0301534 -0.0416594
0 -0.013329 -0.0284175 -0.0392713
0 -0.0123958 -0.0262548 -0.0361722
0 -0.0113367 -0.0237169 -0.0324878
0 -0.0101142 -0.0208509 -0.0283573
0 -0.00871838 -0.0177083 -0.023919
0 -0.00719065 -0.0143493 -0.0192846
0 -0.00561918 -0.0108755 -0.0145455
0 -0.00410278 -0.00742942 -0.00981068
0 -0.00268178 -0.00415626 -0.00518372
0 -0.00135455 -0.00113549 -0.000770989
0 -0.000140062 0.00164044 0.00330125
0 0.000948027 0.00417608 0.00693887
0 0.00193897 0.00645315 0.0101191
0 0.00286776 0.00847101 0.0128535
0 0.00371652 0.0102253 0.0151773
0 0.00443177 0.011714 0.0171443
0 0.0049987 0.0129643 0.0188067
0 0.00544566 0.0139953 0.0202294
0 0.00579735 0.0148124 0.0214433
0 0.00606686 0.0154506 0.022431
0 0.00625886 0.0159385 0.0231642
0 0.00637227 0.0162539 0.0236088
0 0.00641633 0.0163695 0.0237594
0 0.00639443 0.016279 0.0236213
0 0.00627197 0.0159653 0.0231712
0 0.00600367 0.0153962 0.0223851
0 0.00558567 0.0145398 0.021241
0 0.00503859 0.0133706 0.0197095
0 0.00437001 0.0118892 0.0177542
0 0.00358365 0.0101219 0.0153377
0 0.00269172 0.00809233 0.0124567
0 0.00170515 0.0058112 0.00915323
0 0.000623674 0.00328705 0.00549096
0 -0.000561645 0.000538387 0.00154295
0 -0.00186253 -0.00240155 -0.00261707
0 -0.00327912 -0.00549688 -0.0069117
0 -0.00475791 -0.00868832 -0.0112602
0 -0.00620055 -0.0118656 -0.0155932
0 -0.00754247 -0.0149184 -0.0198424
0 -0.00876895 -0.0177714 -0.0239202
0 -0.00987382 -0.0203665 -0.0277168
0 -0.0108446 -0.0226698 -0.0311066
0 -0.0116835 -0.0246643 -0.0339616
0 -0.0124137 -0.0263135 -0.0362125
0 -0.013026 -0.027564 -0.0378447
0 -0.0134597 -0.0283789 -0.0388615
0 -0.0136601 -0.0287428 -0.039287
0 -0.0135943 -0.0286317 -0.0391257
0 -0.0132517 -0.0280101 -0.0383647
0 -0.0126598 -0.0268651 -0.0369651
0 -0.0118512 -0.0252121 -0.0348654
0 -0.0108505 -0.0230812 -0.0320283
0 -0.00968828 -0.0205109 -0.0284661
0 -0.0083824 -0.0175376 -0.0242568
0 -0.00693997 -0.0142095 -0.0195135
0 -0.00537637 -0.0106027 -0.0143633
0 -0.00373229 -0.00680977 -0.00896854
0 -0.00205102 -0.00295265 -0.00351068
0 -0.000353147 0.000852008 0.00186353
0 0.00128585 0.00452279 0.0070166
0 0.0027385 0.00791189 0.0117953
0 0.00392657 0.010826 0.0160527
0 0.00482165 0.0131452 0.0196099
0 0.00541889 0.0147999 0.0222771
0 0.00574304 0.0157547 0.0239049
0 0.00583628 0.0160424 0.0244028
0 0.00573596 0.0157094 0.0237828
0 0.00544532 0.0147741 0.0221618
0 0.00493303 0.0132804 0.019725
0 0.0041783 0.0113045 0.0166814
0 0.00319133 0.0089265 0.0132181
0 0.00201575 0.00625058 0.00948025
0 0.00072622 0.00339337 0.00555981
0 -0.000599961 0.000454374 0.00151408
0 -0.00190671 -0.00247428 -0.00258945
0 -0.00316779 -0.00533039 -0.0066618
0 -0.00435879 -0.00806582 -0.0105923
0 -0.00544085 -0.0105979 -0.0142535
0 -0.00640079 -0.012863 -0.0175299
0 -0.00724747 -0.0148273 -0.0203256
0 -0.00796783 -0.0164357 -0.0225695
0 -0.00852142 -0.0176403 -0.0242186
0 -0.00887619 -0.0184189 -0.0252492
0 -0.0090249 -0.0187478 -0.0256719
0 -0.0089625 -0.0186128 -0.025501
0 -0.00869695 -0.0180373 -0.0247472
0 -0.00825664 -0.0170678 -0.0234375
0 -0.00766526 -0.0157497 -0.0216042
0 -0.00695383 -0.0141336 -0.0193129
0 -0.00615176 -0.0122716 -0.0166436
0 -0.00525933 -0.0102026 -0.0136751
0 -0.00427656 -0.00796565 -0.0104976
0 -0.00322647 -0.00560906 -0.00719013
0 -0.00214779 -0.00319379 -0.00382908
0 -0.00106782 -0.000788514 -0.000483561
0 -1.60742e-05 0.00154637 0.00277182
0 0.00093446 0.00372932 0.00585111
0 0.00172983 0.00565908 0.0086687
0 0.00236755 0.00726579 0.0111107
0 0.00284089 0.00850103 0.0130609
0 0.00314185 0.00932582 0.0144049
0 0.00328302 0.00972972 0.015053
0 0.00328232 0.00971757 0.0149966
0 0.00315306 0.00930368 0.014283
0 0.00289871 0.00853098 0.013007
0 0.00250339 0.00745246 0.0112912
0 0.00195146 0.00610327 0.00924837
0 0.00125684 0.00451696 0.00697721
0 0.000452603 0.00273827 0.00453951
0 -0.000429245 0.000813605 0.0019555
0 -0.00135908 -0.00120589 -0.000773216
0 -0.0023162 -0.00328099 -0.00364484
0 -0.00328867 -0.00540878 -0.00662852
0 -0.00424862 -0.00757107 -0.00966422
0 -0.00515179 -0.00968815 -0.0126772
0 -0.00597751 -0.0116723 -0.0155689
0 -0.00672225 -0.0134587 -0.0182181
0 -0.00736306 -0.0149868 -0.0204891
0 -0.00787541 -0.0162097 -0.0222701
0 -0.00825373 -0.0170933 -0.0234996
0 -0.00849795 -0.0176078 -0.0241618
0 -0.00860187 -0.017751 -0.0242871
0 -0.00855972 -0.0175566 -0.0239301
0 -0.00837889 -0.0170738 -0.0231692
0 -0.00808048 -0.0163539 -0.0220995
0 -0.00769599 -0.0154533 -0.0208077
0 -0.00725505 -0.0144292 -0.0193675
0 -0.00677283 -0.0133321 -0.0178298
0 -0.00625251 -0.0121849 -0.0162224
0 -0.00568423 -0.0109676 -0.0145429
0 -0.00505504 -0.00964272 -0.0127657
0 -0.00436657 -0.00819434 -0.0108608
0 -0.00363202 -0.00663443 -0.00879704
0 -0.00287913 -0.00499208 -0.00656467
0 -0.00214265 -0.00331512 -0.00420212
0 -0.00144045 -0.00166199 -0.00178716
0 -0.000790376 -8.66396e-05 0.000575327
0 -0.000216404 0.00134914 0.00275444
0 0.000272257 0.00258218 0.00462895
0 0.000670432 0.00357008 0.00610647
0 0.000971453 0.00428124 0.00712523
0 0.00117224 0.00469514 0.00767187
0 0.00125992 0.00481416 0.00776151
0 0.00121503 0.00464589 0.00742958
0 0.0010355 0.0041973 0.0067317
0 0.000741972 0.00350081 0.00572824
0 0.00036576 0.00261687 0.00448528
0 -6.23801e-05 0.00161093 0.00306215
0 -0.000520256 0.000538355 0.00151103
0 -0.000998854 -0.000571537 -0.000116477
0 -0.00150651 -0.00172299 -0.00178494
0 -0.00205821 -0.00293007 -0.00347392
0 -0.00265191 -0.00419543 -0.00517309
0 -0.00327184 -0.00550917 -0.00688789
0 -0.00390229 -0.0068436 -0.00863537
0 -0.00451595 -0.00816101 -0.0104259
0 -0.00507752 -0.00943172 -0.0122392
0 -0.00556427 -0.0106229 -0.0140152
0 -0.00596186 -0.0116787 -0.0156483
0 -0.00626579 -0.012533 -0.0170103
0 -0.00648834 -0.0131403 -0.017998
0 -0.00663458 -0.0134848 -0.0185372
0 -0.00669014 -0.0135643 -0.0185963
0 -0.00663909 -0.0133741 -0.0182022
0 -0.00646573 -0.0129017 -0.0174096
0 -0.00614807 -0.0121358 -0.0162759
0 -0.0056712 -0.0110812 -0.0148366
0 -0.00504354 -0.00976187 -0.0130977
0 -0.00430269 -0.00821627 -0.0110649
0 -0.00350866 -0.00650316 -0.00875976
0 -0.00272769 -0.0047032 -0.00623905
0 -0.00199801 -0.00291315 -0.00360478
0 -0.0013162 -0.00121323 -0.00098877
0 -0.000684696 0.00035674 0.00145485
0 -0.000121502 0.0017559 0.00357782
0 0.000367823 0.00293107 0.00527522
0 0.000773474 0.00384084 0.00649739
0 0.00107313 0.00444615 0.00724775
0 0.00124101 0.0047225 0.00755027
0 0.00124715 0.00467772 0.00743361
0 0.00108363 0.00432791 0.00693418
0 0.000786074 0.00369605 0.00608753
0 0.000406788 0.00284084 0.00493646
0 -1.16433e-05 0.00184435 0.00353325
0 -0.000441018 0.000778978 0.00194326
0 -0.00086959 -0.000302798 0.000257286
0 -0.00129949 -0.00137672 -0.00142548
0 -0.00174293 -0.00244 -0.00302007
0 -0.00221335 -0.00348635 -0.00447536
0 -0.00270964 -0.00450595 -0.00578794
0 -0.00320942 -0.00548832 -0.00698355
0 -0.00367092 -0.00640354 -0.00809455
0 -0.0040433 -0.00720045 -0.00913621
0 -0.00429153 -0.00782896 -0.0100874
0 -0.00441205 -0.00825756 -0.0108863
0 -0.00442997 -0.00848238 -0.0114433
0 -0.00438788 -0.0085239 -0.0116751
0 -0.00432311 -0.0084046 -0.011533
0 -0.00424924 -0.0081374 -0.0110327
0 -0.00415249 -0.00773473 -0.0102514
0 -0.0040025 -0.00721056 -0.0092948
0 -0.0037739 -0.00658054 -0.0082688
0 -0.00346432 -0.00587073 -0.00725318
0 -0.0031004 -0.00511804 -0.00629119
0 -0.00272706 -0.00436914 -0.00539072
0 -0.00239012 -0.00367943 -0.00454625
0 -0.00212586 -0.0030979 -0.00376154
0 -0.00195297 -0.00265317 -0.00305604
0 -0.00186885 -0.00235428 -0.0024776
0 -0.00185683 -0.00219945 -0.00209322
0 -0.00189556 -0.00218608 -0.00196224
0 -0.00196836 -0.00231753 -0.00212203
0 -0.0020735 -0.00260004 -0.00257734
0 -0.00222646 -0.00303578 -0.00330009
0 -0.00244882 -0.00362335 -0.00424156
0 -0.00275247 -0.0043573 -0.00534443
0 -0.0031327 -0.00522001 -0.0065549
0 -0.00356636 -0.00617196 -0.0078304
0 -0.00401045 -0.00714588 -0.00913057
0 -0.00441189 -0.00806009 -0.0104049
0 -0.00473075 -0.00884816 -0.0115916
0 -0.00495418 -0.00947084 -0.0126141
0 -0.00509069 -0.0099091 -0.0133857
0 -0.00516284 -0.0101602 -0.013836
0 -0.00519842 -0.0102354 -0.0139413
0 -0.00520937 -0.010156 -0.0137271
0 -0.00518391 -0.00994579 -0.0132592
0 -0.00510366 -0.00962416 -0.0126332
0 -0.00496118 -0.00921304 -0.0119476
0 -0.00476461 -0.00874477 -0.0112786
0 -0.00453438 -0.00825934 -0.0106627
0 -0.00429404 -0.00779083 -0.0100978
0 -0.00406324 -0.00735404 -0.00956301
0 -0.00385917 -0.00694801 -0.00903394
0 -0.00369097 -0.00656791 -0.00849932
0 -0.00355108 -0.00621139 -0.0079622
0 -0.00342168 -0.00587526 -0.00743289
0 -0.00328559 -0.00554856 -0.00692872
0 -0.00313065 -0.00521418 -0.00645775
0 -0.00295214 -0.00485659 -0.0060102
0 -0.0027512 -0.0044683 -0.00556197
0 -0.00253187 -0.004049 -0.00507613
0 -0.00230058 -0.00359631 -0.00451601
0 -0.00206031 -0.00309937 -0.00385257
0 -0.0018048 -0.00254132 -0.00306705
0 -0.00152224 -0.00190632 -0.0021558
0 -0.00120286 -0.00118645 -0.00112668
0 -0.000843181 -0.000384499 4.5516e-06
0 -0.000449104 0.000486962 0.00121703
0 -3.84535e-05 0.00140546 0.00248862
0 0.000363909 0.00233505 0.00379172
0 0.000734337 0.00322606 0.00508208
0 0.00105191 0.00402501 0.00629453
0 0.0012996 0.00468687 0.00734903
0 0.00146706 0.00517463 0.00815975
0 0.00154613 0.00544999 0.00864443
0 0.00152818 0.00547524 0.00873707
0 0.00140751 0.00522348 0.00839934
0 0.00117576 0.00468163 0.00761961
0 0.000819858 0.00384729 0.00640752
0 0.000336521 0.00272919 0.0047933
0 -0.000262122 0.00135057 0.00282448
0 -0.00095763 -0.000248381 0.000559633
0 -0.00173368 -0.00201441 -0.00193902
0 -0.00257412 -0.00389834 -0.00460532
0 -0.00345879 -0.00587097 -0.00736977
0 -0.00436621 -0.00789583 -0.0101765
0 -0.005261 -0.0099045 -0.0129739
0 -0.00610251 -0.0118311 -0.0156973
0 -0.00687077 -0.0136205 -0.0182681
0 -0.00754716 -0.015212 -0.0205879
0 -0.00810753 -0.016556 -0.0225595
0 -0.00854276 -0.0176101 -0.0240989
0 -0.00884533 -0.0183291 -0.0251361
0 -0.0089957 -0.0186777 -0.0256288
0 -0.00898027 -0.018638 -0.0255605
0 -0.00879831 -0.0182093 -0.0249417
0 -0.00845264 -0.0174115 -0.0238081
0 -0.00795916 -0.016284 -0.0222146
0 -0.00734992 -0.014882 -0.0202337
0 -0.00665527 -0.0132749 -0.0179489
0 -0.00590434 -0.0115349 -0.0154547
0 -0.00512868 -0.00972733 -0.012854
0 -0.00435264 -0.00791601 -0.0102504
0 -0.00359669 -0.0061626 -0.00773716
0 -0.00288463 -0.00452106 -0.00538881
0 -0.00222941 -0.00302968 -0.00326727
0 -0.00163252 -0.00170507 -0.00141979
0 -0.00110595 -0.000562201 0.000133962
0 -0.000661137 0.000381106 0.00139697
0 -0.000302233 0.00112309 0.00238322
0 -4.50072e-05 0.0016684 0.00311075
0 0.000100393 0.00201474 0.0035932
0 0.000153011 0.00216712 0.00384145
0 0.00013748 0.00214707 0.00386284
0 6.56309e-05 0.00198337 0.00366047
0 -4.74456e-05 0.00170695 0.00325052
0 -0.00018446 0.00134698 0.00267172
0 -0.000337667 0.000923903 0.001981
0 -0.000501488 0.000462246 0.00124459
0 -0.000671299 4.8295e-07 0.000527046
0 -0.000843534 -0.000425701 -0.000115867
0 -0.00100478 -0.000790447 -0.000641367
0 -0.00113867 -0.0010746 -0.00102565
0 -0.00124042 -0.00127384 -0.00126994
0 -0.00131491 -0.0013996 -0.001399
0 -0.00137273 -0.00147393 -0.0014531
0 -0.0014276 -0.00153074 -0.00147969
0 -0.00148943 -0.00160662 -0.00152656
0 -0.00156323 -0.00172517 -0.00163533
0 -0.00165287 -0.00189698 -0.00183662
0 -0.00175928 -0.00212497 -0.00214582
0 -0.00188154 -0.0024073 -0.00256139
0 -0.00202279 -0.0027443 -0.00307057
0 -0.00218859 -0.00313837 -0.0036559
0 -0.00238295 -0.00358712 -0.00429932
0 -0.0026067 -0.00408391 -0.00498713
0 -0.00285491 -0.0046208 -0.00571098
0 -0.00311948 -0.0051892 -0.00646847
0 -0.00339512 -0.00578294 -0.00726387
0 -0.00367829 -0.00639844 -0.00810218
0 -0.00396152 -0.0070277 -0.00897882
0 -0.0042354 -0.00765581 -0.00987622
0 -0.00449566 -0.00826872 -0.0107703
0 -0.00474319 -0.00885592 -0.0116337
0 -0.00498011 -0.0094094 -0.0124392
0 -0.00520567 -0.00992217 -0.0131628
0 -0.0054111 -0.0103786 -0.0137837
0 -0.00557947 -0.0107512 -0.0142842
0 -0.00569158 -0.0110106 -0.0146462
0 -0.00573424 -0.0111336 -0.0148479
0 -0.00570569 -0.0111106 -0.0148684
0 -0.00561497 -0.0109465 -0.0146901
0 -0.00547398 -0.0106511 -0.0143034
0 -0.00528788 -0.0102309 -0.0137088
0 -0.00505446 -0.00968816 -0.012918
0 -0.00477001 -0.00902508 -0.0119557
0 -0.00443314 -0.00825047 -0.0108529
0 -0.00404701 -0.00738179 -0.00963793
0 -0.00362302 -0.00644207 -0.00833499
0 -0.00318588 -0.00546261 -0.00697615
0 -0.00276867 -0.00449236 -0.00561213
0 -0.0024004 -0.00359566 -0.0043079
0 -0.00210752 -0.00283941 -0.00314578
0 -0.00191142 -0.00228064 -0.00222148
0 -0.00181476 -0.00195423 -0.0016213
0 -0.00180848 -0.00187131 -0.00141086
0 -0.00188342 -0.002028 -0.00161895
0 -0.00202732 -0.0024071 -0.00222335
0 -0.00222388 -0.00297081 -0.00315122
0 -0.0024574 -0.00365849 -0.00428767
0 -0.0027138 -0.00439916 -0.00550016
0 -0.00298029 -0.00512787 -0.00666208
0 -0.00324631 -0.00579459 -0.00767333
0 -0.00349941 -0.00636599 -0.00846944
0 -0.00372344 -0.00682122 -0.00902891
0 -0.00390463 -0.00714733 -0.00937587
0 -0.00403047 -0.00734129 -0.00955256
0 -0.00408769 -0.00741154 -0.00960012
0 -0.00407038 -0.00737077 -0.00954583
0 -0.00398372 -0.00722664 -0.00939219
0 -0.00384124 -0.00698141 -0.00912645
0 -0.00366157 -0.0066393 -0.00872693
0 -0.00345867 -0.00620939 -0.00817282
0 -0.00323659 -0.00570132 -0.00745919
0 -0.00299443 -0.00512174 -0.00660131
0 -0.00272889 -0.00447621 -0.00563342
0 -0.00243673 -0.00377406 -0.00459665
0 -0.00211801 -0.00303132 -0.00352941
0 -0.00177824 -0.00227077 -0.00246673
0 -0.00143164 -0.00151889 -0.00143547
0 -0.00110079 -0.000803355 -0.000457727
0 -0.000808077 -0.000152528 0.000444795
0 -0.000565559 0.000410275 0.00125132
0 -0.000375065 0.000873225 0.00194249
0 -0.000231206 0.00123506 0.00250005
0 -0.000124295 0.00149982 0.00290613
0 -5.11466e-05 0.00166896 0.00314851
0 -1.95911e-05 0.00173368 0.00321929
0 -4.19757e-05 0.00167582 0.00311306
0 -0.000130772 0.00147714 0.00282791
0 -0.00029262 0.00112873 0.00236074
0 -0.000523551 0.000634424 0.00170735
0 -0.000813926 7.71416e-06 0.000865787
0 -0.00115275 -0.000734053 -0.000158451
0 -0.00152674 -0.00157083 -0.00134514
0 -0.00192103 -0.0024777 -0.00265445
0 -0.00232232 -0.003425 -0.00403329
0 -0.002723 -0.00438146 -0.00542751
0 -0.00312096 -0.00531983 -0.00678506
0 -0.0035131 -0.00621832 -0.00806364
0 -0.00389056 -0.00705783 -0.00923054
0 -0.00423865 -0.00781935 -0.0102643
0 -0.00454349 -0.0084835 -0.0111613
0 -0.00479472 -0.00903245 -0.0119169
0 -0.00498024 -0.0094531 -0.0125183
0 -0.00509319 -0.00973807 -0.0129493
0 -0.0051395 -0.00988303 -0.0131906
0 -0.00513054 -0.00988856 -0.0132303
0 -0.00507555 -0.00976378 -0.0130658
0 -0.00497974 -0.00952293 -0.0127063
0 -0.00484471 -0.00918062 -0.0121788
0 -0.0046713 -0.00874979 -0.0115216
0 -0.00446185 -0.00824431 -0.0107758
0 -0.00421993 -0.0076827 -0.00997546
0 -0.00395246 -0.00708611 -0.00914525
0 -0.00367531 -0.00647772 -0.00830803
0 -0.00341134 -0.00588505 -0.00748824
0 -0.00317974 -0.00533847 -0.00671435
0 -0.00299026 -0.0048675 -0.00601872
0 -0.00284354 -0.00449184 -0.00543279
0 -0.00273216 -0.0042111 -0.00498277
0 -0.00264498 -0.00401056 -0.00468109
0 -0.00257344 -0.00387482 -0.0045221
0 -0.00251491 -0.00379468 -0.00448428
0 -0.00247451 -0.00376829 -0.00453466
0 -0.00246364 -0.00379703 -0.00464048
0 -0.00249195 -0.00388006 -0.0047785
0 -0.00255898 -0.00401134 -0.00493654
0 -0.00265234 -0.00417901 -0.0051134
0 -0.00275435 -0.00436827 -0.00531676
0 -0.00285171 -0.004566 -0.00555688
0 -0.00293861 -0.0047644 -0.0058385
0 -0.00301604 -0.00496329 -0.00615627
0 -0.00309187 -0.00516868 -0.00649626
0 -0.00317622 -0.00538746 -0.00684136
0 -0.00327387 -0.0056196 -0.00717528
0 -0.00338064 -0.00585413 -0.00748451
0 -0.00348555 -0.00607406 -0.007761
0 -0.00357563 -0.0062627 -0.00800158
0 -0.00363937 -0.0064063 -0.00820155
0 -0.00367113 -0.00649687 -0.00835215
0 -0.00367286 -0.0065324 -0.00844094
0 -0.00365004 -0.00651299 -0.00845259
0 -0.00360927 -0.0064406 -0.00837499
0 -0.00355675 -0.00632026 -0.00820571
0 -0.00349739 -0.00616094 -0.00795594
0 -0.00343452 -0.00597574 -0.00765052
0 -0.00336766 -0.00577762 -0.00732094
0 -0.00329298 -0.00557547 -0.00699672
0 -0.00320834 -0.00537457 -0.00669945
0 -0.00311714 -0.00517978 -0.00644075
0 -0.00302705 -0.00499871 -0.00622305
0 -0.0029477 -0.00484231 -0.00604224
0 -0.0028888 -0.0047218 -0.00589393
0 -0.00285657 -0.00464415 -0.00577803
0 -0.0028505 -0.00460966 -0.00569916
0 -0.00286368 -0.00461283 -0.00566504
0 -0.00288741 -0.00464651 -0.00568376
0 -0.00291692 -0.00470723 -0.00576183
0 -0.00295239 -0.0047957 -0.00590057
0 -0.00299592 -0.00491321 -0.0060927
0 -0.00304912 -0.00505768 -0.00632351
0 -0.00311249 -0.0052223 -0.00657527
0 -0.0031845 -0.00539725 -0.00683071
0 -0.00325914 -0.00556983 -0.00707352
0 -0.00332575 -0.00572415 -0.00728796
0 -0.00337343 -0.00584338 -0.00745849
0 -0.00339448 -0.00591123 -0.00756923
0 -0.00338367 -0.00591372 -0.00760243
0 -0.00333801 -0.00584107 -0.00753802
0 -0.00325779 -0.00568802 -0.00735821
0 -0.00314813 -0.00545633 -0.00705497
0 -0.00301952 -0.00515818 -0.00663618
0 -0.00288237 -0.00481392 -0.00612552
0 -0.0027431 -0.00444752 -0.00555848
0 -0.0026083 -0.00408503 -0.00498117
0 -0.00248526 -0.00375178 -0.00444583
0 -0.00237856 -0.00346832 -0.00399882
0 -0.00229045 -0.0032495 -0.00367159
0 -0.00222082 -0.00310229 -0.00347612
0 -0.00216666 -0.00302065 -0.00340152
0 -0.00212406 -0.00298666 -0.00341714
0 -0.00209186 -0.00298019 -0.00348248
0 -0.00207267 -0.0029878 -0.00355857
0 -0.00207171 -0.00300635 -0.0036186
0 -0.00209638 -0.00304388 -0.00365731
0 -0.00215329 -0.00311564 -0.00369422
0 -0.00224466 -0.00323833 -0.00376887
0 -0.00236707 -0.00342638 -0.00392914
0 -0.0025115 -0.0036872 -0.00421617
0 -0.00266634 -0.00401774 -0.00465125
0 -0.00282369 -0.00440573 -0.00522823
0 -0.00298212 -0.00483443 -0.00591402
0 -0.00314556 -0.00528852 -0.00665734
0 -0.00332046 -0.00575467 -0.00740095
0 -0.00350792 -0.00621677 -0.00809147
0 -0.00370018 -0.00665358 -0.00869025
0 -0.00388362 -0.007039 -0.00918068
0 -0.00403751 -0.00734564 -0.00955941
0 -0.00414042 -0.00755397 -0.00982707
0 -0.00418381 -0.00765845 -0.00998586
0 -0.00417249 -0.0076643 -0.0100336
0 -0.0041173 -0.00757972 -0.00996195
0 -0.00403051 -0.00741232 -0.00976145
0 -0.00392068 -0.00716964 -0.00942794
0 -0.00378861 -0.00685637 -0.00896669
0 -0.00362972 -0.00647272 -0.00839161
0 -0.00343884 -0.006019 -0.007723
0 -0.00321537 -0.00550099 -0.00698504
0 -0.00296646 -0.00493509 -0.00620247
0 -0.00270439 -0.00434722 -0.00539731
0 -0.00244426 -0.00376423 -0.00459043
0 -0.00220117 -0.0032103 -0.00380557
0 -0.00198421 -0.00270362 -0.00306704
0 -0.0017947 -0.00225366 -0.00239835
0 -0.00162991 -0.00186504 -0.00182194
0 -0.00148812 -0.00154102 -0.00135533
0 -0.00137209 -0.00128747 -0.00100978
0 -0.00128819 -0.00111406 -0.000790007
0 -0.00124446 -0.00103102 -0.00069501
0 -0.00125027 -0.00104761 -0.000724315
0 -0.00131198 -0.00117033 -0.000881448
0 -0.00142735 -0.00139884 -0.00116983
0 -0.0015866 -0.00172513 -0.00159101
0 -0.00177896 -0.00213755 -0.00214466
0 -0.0019994 -0.00262699 -0.00282705
0 -0.00224913 -0.00318974 -0.00363071
0 -0.00252934 -0.00382507 -0.00454135
0 -0.00283707 -0.00452763 -0.00553722
0 -0.00316618 -0.00528197 -0.00659354
0 -0.00350594 -0.00606077 -0.00768098
0 -0.00383741 -0.00682434 -0.00876117
0 -0.00413718 -0.00753072 -0.00978698
0 -0.0043878 -0.00814663 -0.0107083
0 -0.00458331 -0.0086465 -0.0114768
0 -0.00472496 -0.00901322 -0.0120475
0 -0.00481654 -0.00924009 -0.0123893
0 -0.00486165 -0.00932658 -0.0124932
0 -0.00486009 -0.00927729 -0.0123735
0 -0.0048068 -0.00910066 -0.0120615
0 -0.00469719 -0.0088074 -0.0115975
0 -0.00453483 -0.00841588 -0.0110231
0 -0.00433232 -0.0079536 -0.010375
0 -0.00410754 -0.00745146 -0.00968267
0 -0.00387895 -0.00693893 -0.00897035
0 -0.00366091 -0.00643961 -0.00826009
0 -0.00346034 -0.00596758 -0.00757371
0 -0.00327659 -0.00552912 -0.00693149
0 -0.00310361 -0.00512537 -0.00634808
0 -0.00293528 -0.00475299 -0.00582937
0 -0.00277224 -0.00440945 -0.00537554
0 -0.00262186 -0.00409949 -0.00498331
0 -0.00249611 -0.00383529 -0.00464927
0 -0.00240694 -0.00363321 -0.00437542
0 -0.00235968 -0.00350605 -0.00416992
0 -0.00235058 -0.00345346 -0.00404432
0 -0.00236716 -0.00346231 -0.00400825
0 -0.00239351 -0.00351409 -0.00406326
0 -0.00241755 -0.00359105 -0.00419812
0 -0.00243518 -0.00368108 -0.00438885
0 -0.00245087 -0.0037781 -0.00460356
0 -0.00247283 -0.003878 -0.00480832
0 -0.0025076 -0.0039778 -0.00497663
0 -0.00255826 -0.00407714 -0.00509876
0 -0.00262306 -0.00417775 -0.00518366
0 -0.00269469 -0.00428102 -0.0052537
0 -0.00276287 -0.00438609 -0.00533516
0 -0.00281915 -0.00449024 -0.00544873
0 -0.00286079 -0.00459235 -0.00560326
0 -0.00289145 -0.00469441 -0.00579321
0 -0.00292095 -0.00480219 -0.00600328
0 -0.00296341 -0.00492595 -0.00621882
0 -0.00303012 -0.00507569 -0.00643228
0 -0.00312357 -0.005256 -0.0066458
0 -0.00323645 -0.00546345 -0.00687031
0 -0.00335539 -0.00568796 -0.00712114
0 -0.003466 -0.00591675 -0.00740921
0 -0.00355756 -0.00613706 -0.00773229
0 -0.00362797 -0.0063404 -0.00807359
0 -0.00368318 -0.00652337 -0.00840448
0 -0.00373227 -0.00668407 -0.00869178
0 -0.00378086 -0.00681839 -0.00890723
0 -0.00382599 -0.00691617 -0.00903235
0 -0.00385536 -0.00696075 -0.00905915
0 -0.00385145 -0.0069326 -0.00898649
0 -0.00379981 -0.0068154 -0.00881461
0 -0.0036949 -0.0066016 -0.00854108
0 -0.00354275 -0.0062956 -0.00816116
0 -0.0033595 -0.00591297 -0.00767277
0 -0.00316311 -0.00547538 -0.00708153
0 -0.00296592 -0.00500579 -0.00640564
0 -0.00277394 -0.00452522 -0.00567715
0 -0.0025886 -0.00405014 -0.00493709
0 -0.00240752 -0.00359192 -0.00422852
0 -0.00222661 -0.00315883 -0.00358709
0 -0.00204501 -0.00275801 -0.00303312
0 -0.00186775 -0.00239679 -0.00257094
0 -0.0017042 -0.00208216 -0.00219136
0 -0.00156503 -0.00181848 -0.00187704
0 -0.00145845 -0.0016072 -0.00161094
0 -0.0013869 -0.00144715 -0.00138306
0 -0.00134699 -0.00133512 -0.00119436
0 -0.001332 -0.00126762 -0.00105559
0 -0.00133335 -0.00124082 -0.000980439
0 -0.00134486 -0.00125284 -0.000980951
0 -0.00136894 -0.0013086 -0.00106634
0 -0.0014145 -0.00141867 -0.00124088
0 -0.00149116 -0.00159488 -0.00150427
0 -0.00160734 -0.00184747 -0.00185629
0 -0.00176795 -0.00218274 -0.00230074
0 -0.00197233 -0.00260218 -0.002846
0 -0.00221459 -0.00310293 -0.0035012
0 -0.00248316 -0.00367653 -0.00426957
0 -0.00276383 -0.00430739 -0.00514326
0 -0.00304537 -0.00497259 -0.00609903
0 -0.00332001 -0.00564509 -0.00709739
0 -0.0035836 -0.00630063 -0.00808994
0 -0.00383687 -0.00692182 -0.00902626
0 -0.0040823 -0.00749822 -0.00986548
0 -0.00431968 -0.0080223 -0.0105876
0 -0.0045413 -0.00848242 -0.0111864
0 -0.00473009 -0.00886201 -0.0116638
0 -0.00486627 -0.00914408 -0.012025
0 -0.00493628 -0.00931309 -0.0122679
0 -0.00493684 -0.00935833 -0.0123791
0 -0.00487469 -0.00927787 -0.0123373
0 -0.00476291 -0.00907706 -0.0121192
0 -0.00461451 -0.0087653 -0.0117104
0 -0.00443669 -0.00835282 -0.0111152
0 -0.00423053 -0.00784849 -0.0103567
0 -0.00399199 -0.00726082 -0.00946964
0 -0.00371465 -0.0065988 -0.00849224
0 -0.00339836 -0.00587373 -0.00745941
0 -0.00305225 -0.00510257 -0.00639981
0 -0.00268965 -0.00430867 -0.00533172
0 -0.00232843 -0.00352073 -0.00426901
0 -0.00198952 -0.00276864 -0.00323009
0 -0.00168873 -0.00207877 -0.00223896
0 -0.00143531 -0.0014726 -0.00133119
0 -0.00123369 -0.00096653 -0.000550543
0 -0.00108236 -0.000574186 6.11027e-05
0 -0.000977633 -0.000308238 0.000468122
0 -0.000921368 -0.000180204 0.000649171
0 -0.000922041 -0.000199957 0.000597373
0 -0.000989433 -0.000374057 0.000317991
0 -0.00113015 -0.000704267 -0.000171624
0 -0.00134495 -0.00118548 -0.000851692
0 -0.00162888 -0.00180564 -0.0017049
0 -0.00197191 -0.00254788 -0.00271532
0 -0.00235831 -0.00339056 -0.00386794
0 -0.0027687 -0.0043078 -0.00514025
0 -0.00318632 -0.0052708 -0.00650017
0 -0.00360229 -0.00624939 -0.00790943
0 -0.00401037 -0.00721332 -0.00931969
0 -0.00440012 -0.00813435 -0.0106742
0 -0.00476247 -0.00898967 -0.0119199
0 -0.00509168 -0.00975529 -0.0130114
0 -0.0053754 -0.0103996 -0.0139082
0 -0.00559532 -0.0108907 -0.0145823
0 -0.00573484 -0.0112027 -0.0150156
0 -0.00577952 -0.0113164 -0.015189
0 -0.00572261 -0.0112215 -0.0150886
0 -0.00557138 -0.010919 -0.0147063
0 -0.00534039 -0.0104215 -0.0140412
0 -0.00504483 -0.00975317 -0.01311
0 -0.00469984 -0.0089458 -0.0119475
0 -0.00431651 -0.00803168 -0.0106063
0 -0.00390119 -0.0070411 -0.00915018
0 -0.00346284 -0.00600534 -0.00764052
0 -0.00301539 -0.00495828 -0.00613871
0 -0.00256956 -0.0039352 -0.00469726
0 -0.00213686 -0.0029684 -0.00335205
0 -0.00173938 -0.00208926 -0.00213738
0 -0.00139741 -0.00132931 -0.00108085
0 -0.00112135 -0.000709744 -0.000200628
0 -0.00091638 -0.000238791 0.000483448
0 -0.00077905 8.37202e-05 0.000959834
0 -0.000699659 0.000266371 0.0012277
0 -0.000671303 0.000319701 0.00129004
0 -0.000692993 0.000248365 0.00115971
0 -0.000767914 5.44315e-05 0.000854336
0 -0.000899681 -0.000258436 0.000391587
0 -0.00108928 -0.000684112 -0.00020925
0 -0.00133233 -0.0012118 -0.000933691
0 -0.00161842 -0.00182619 -0.00176945
0 -0.00193356 -0.00250988 -0.00270314
0 -0.00226318 -0.00324256 -0.00371954
0 -0.00259447 -0.00400084 -0.00479426
0 -0.00291756 -0.00476152 -0.00589387
0 -0.00322611 -0.00550186 -0.00697846
0 -0.00351641 -0.00619978 -0.00800423
0 -0.00378488 -0.00683574 -0.00892936
0 -0.00402612 -0.00739168 -0.00971999
0 -0.00423257 -0.00785146 -0.0103564
0 -0.00439573 -0.00820225 -0.0108296
0 -0.00450835 -0.00843659 -0.011139
0 -0.0045659 -0.00855378 -0.0112908
0 -0.00456904 -0.00855812 -0.0112939
0 -0.00452265 -0.00845654 -0.0111569
0 -0.00443168 -0.00825755 -0.0108863
0 -0.0043026 -0.00797185 -0.0104912
0 -0.00414308 -0.00761095 -0.0099829
0 -0.00395837 -0.00718617 -0.00937591
0 -0.00375344 -0.00671044 -0.00869108
0 -0.00353704 -0.00620121 -0.00795586
0 -0.00331962 -0.00568123 -0.0072038
0 -0.00310908 -0.00517543 -0.00647049
0 -0.00291246 -0.00470684 -0.00578859
0 -0.00273652 -0.00429278 -0.00518584
0 -0.00258364 -0.00394148 -0.00468218
0 -0.00245364 -0.00365415 -0.00428522
0 -0.00234626 -0.00342986 -0.00399239
0 -0.00226189 -0.00326688 -0.00379475
0 -0.00220539 -0.00316466 -0.00368087
0 -0.00218286 -0.00312521 -0.00364233
0 -0.00219584 -0.00314969 -0.00367397
0 -0.00224003 -0.00323422 -0.00377209
0 -0.00230541 -0.00336766 -0.00393353
0 -0.00238085 -0.00353445 -0.00415373
0 -0.00245927 -0.00372066 -0.00442433
0 -0.00253729 -0.00391706 -0.00473103
0 -0.00261369 -0.004118 -0.00505347
0 -0.00268996 -0.00431903 -0.0053695
0 -0.0027692 -0.00451511 -0.00566122
0 -0.00285303 -0.00470173 -0.00591855
0 -0.00293978 -0.00487678 -0.00614048
0 -0.00302353 -0.00503825 -0.00633228
0 -0.00309621 -0.0051817 -0.00650122
0 -0.003152 -0.00530116 -0.0066535
0 -0.00319147 -0.00539518 -0.00679314
0 -0.00322071 -0.00547034 -0.00692127
0 -0.00324599 -0.00553657 -0.00703525
0 -0.00327297 -0.00560225 -0.00713258
0 -0.00330629 -0.00567135 -0.00721539
0 -0.0033463 -0.00574311 -0.00728991
0 -0.00338779 -0.0058141 -0.00736285
0 -0.00342172 -0.00587861 -0.00743752
0 -0.00344037 -0.00592916 -0.00751169
0 -0.00344136 -0.00595768 -0.00757668
0 -0.00342641 -0.00595741 -0.00761723
0 -0.0033991 -0.00592588 -0.00761508
0 -0.00336355 -0.00586417 -0.00755484
0 -0.00332298 -0.00577425 -0.00742961
0 -0.00327877 -0.00565799 -0.00724404
0 -0.00322778 -0.00551518 -0.00700989
0 -0.00316202 -0.0053434 -0.00673991
0 -0.00307436 -0.00513997 -0.00644403
0 -0.00296383 -0.00490411 -0.00612761
0 -0.00283702 -0.00464109 -0.00579299
0 -0.00270509 -0.00436311 -0.00544018
0 -0.00257828 -0.00408494 -0.00506966
0 -0.00246325 -0.0038189 -0.00468747
0 -0.00236281 -0.00357186 -0.00430693
0 -0.00227606 -0.00334645 -0.00394727
0 -0.00219886 -0.00314424 -0.00362854
0 -0.00212656 -0.00296782 -0.00336615
0 -0.00205863 -0.00282162 -0.00316897
0 -0.00200178 -0.00271317 -0.00304089
0 -0.00196753 -0.00265303 -0.00298287
0 -0.00196612 -0.00265257 -0.00299471
0 -0.0020028 -0.00272068 -0.00307826
0 -0.00207732 -0.00286072 -0.00323993
0 -0.00218616 -0.00307167 -0.0034911
0 -0.00232357 -0.00334983 -0.00384334
0 -0.00248087 -0.00368813 -0.00430045
0 -0.00264961 -0.00407682 -0.00485476
0 -0.00282656 -0.00450541 -0.00548829
0 -0.00301353 -0.00496447 -0.00617567
0 -0.00321376 -0.00544596 -0.00688873
0 -0.00342919 -0.00594339 -0.00760289
0 -0.0036574 -0.00644976 -0.00829982
0 -0.00388957 -0.00695184 -0.00896861
0 -0.00411299 -0.00743104 -0.00960573
0 -0.00431368 -0.00786874 -0.0102059
0 -0.00447833 -0.00824882 -0.0107553
0 -0.00460021 -0.00855907 -0.0112326
0 -0.00468008 -0.00878971 -0.0116095
0 -0.00472259 -0.00893142 -0.0118566
0 -0.0047328 -0.00897786 -0.0119498
0 -0.00471149 -0.0089271 -0.0118766
0 -0.00465491 -0.00877809 -0.0116399
0 -0.00455635 -0.00852898 -0.0112537
0 -0.00440773 -0.00817792 -0.0107352
0 -0.00420379 -0.0077237 -0.0100978
0 -0.00394443 -0.00716766 -0.00934636
0 -0.0036378 -0.00651749 -0.00848098
0 -0.00330223 -0.00579022 -0.00750634
0 -0.00295753 -0.00501183 -0.00643689
0 -0.00261631 -0.00421379 -0.00530098
0 -0.00228578 -0.00342503 -0.00413815
0 -0.00196948 -0.00266439 -0.00299451
0 -0.00166797 -0.00194548 -0.00192126
0 -0.00138467 -0.00128578 -0.000965206
0 -0.00112662 -0.000705719 -0.000157883
0 -0.00090348 -0.000226836 0.000483438
0 -0.000730369 0.000130298 0.00095114
0 -0.000624457 0.000351851 0.00124372
0 -0.000595547 0.00042991 0.00135933
0 -0.000641516 0.000359967 0.0012936
0 -0.000753946 0.000143436 0.00103836
0 -0.000923933 -0.000210713 0.000583751
0 -0.00114085 -0.000686077 -6.86944e-05
0 -0.00139259 -0.00126182 -0.000899408
0 -0.00166976 -0.00191814 -0.00187254
0 -0.00196814 -0.00263665 -0.00294169
0 -0.00228781 -0.0033975 -0.00406032
0 -0.0026266 -0.00418013 -0.00518503
0 -0.00297472 -0.0049642 -0.00627972
0 -0.00331928 -0.00572803 -0.00732082
0 -0.00364767 -0.00644857 -0.00829349
0 -0.00394617 -0.00710446 -0.00918808
0 -0.00420392 -0.00768052 -0.00999676
0 -0.00441706 -0.00817048 -0.0107084
0 -0.00458717 -0.00857466 -0.0113083
0 -0.00471973 -0.00889473 -0.0117814
0 -0.00482141 -0.0091312 -0.0121179
0 -0.0048949 -0.00928329 -0.0123158
0 -0.00493733 -0.00935075 -0.0123813
0 -0.00494288 -0.00933493 -0.0123274
0 -0.00490808 -0.00923917 -0.0121716
0 -0.00483602 -0.00907155 -0.0119318
0 -0.00473356 -0.00884402 -0.0116226
0 -0.00460803 -0.00856965 -0.0112528
0 -0.00446614 -0.00825987 -0.0108275
0 -0.00431329 -0.00792186 -0.0103531
0 -0.00415381 -0.00756045 -0.00983886
0 -0.00398776 -0.00717877 -0.00929333
0 -0.00381129 -0.00677803 -0.0087243
0 -0.00362481 -0.00636187 -0.00814117
0 -0.00343388 -0.00593727 -0.00755391
0 -0.00324382 -0.00551238 -0.00697168
0 -0.00305943 -0.00509797 -0.00640191
0 -0.002885 -0.00470439 -0.00585197
0 -0.00272358 -0.00433784 -0.00533153
0 -0.00257646 -0.00400126 -0.00484989
0 -0.00244139 -0.00369337 -0.00441261
0 -0.00231386 -0.00341144 -0.00402145
0 -0.00219112 -0.00315286 -0.00367362
0 -0.00207463 -0.00291487 -0.00336342
0 -0.00196776 -0.00269707 -0.00308425
0 -0.00187355 -0.0025011 -0.00282909
0 -0.00179414 -0.00232876 -0.00259336
0 -0.00172932 -0.0021806 -0.00237699
0 -0.00167761 -0.00205556 -0.00218446
0 -0.00163683 -0.00195205 -0.00202241
0 -0.00160366 -0.0018693 -0.00189692
0 -0.00157815 -0.00181036 -0.00181403
0 -0.00156573 -0.00178306 -0.00178036
0 -0.00157256 -0.00179624 -0.00180142
0 -0.00160346 -0.00185762 -0.00188212
0 -0.00166193 -0.00197321 -0.0020287
0 -0.00174753 -0.00214508 -0.00224737
0 -0.00185602 -0.00237055 -0.00254207
0 -0.00198218 -0.00264339 -0.00291271
0 -0.00212124 -0.00295586 -0.0033535
0 -0.00226971 -0.00330045 -0.00385292
0 -0.00242579 -0.00366951 -0.00439412
0 -0.00258902 -0.00405514 -0.00495761
0 -0.00275953 -0.00445056 -0.00552582
0 -0.00293583 -0.00484907 -0.00608393
0 -0.00311192 -0.00524026 -0.00661938
0 -0.00327863 -0.00561045 -0.00712197
0 -0.00342723 -0.00594562 -0.00758251
0 -0.00355115 -0.00623293 -0.00799062
0 -0.00364787 -0.006465 -0.00833487
0 -0.00371787 -0.0066398 -0.00860337
0 -0.00376264 -0.00675574 -0.00878413
0 -0.00378357 -0.00681087 -0.00886843
0 -0.00378148 -0.00680425 -0.0088541
0 -0.00375709 -0.00673697 -0.00874606
0 -0.0037097 -0.00661269 -0.00855447
0 -0.00363913 -0.00643825 -0.00829331
0 -0.00354917 -0.00622408 -0.00798026
0 -0.00344681 -0.00598293 -0.00763455
0 -0.00334012 -0.00572983 -0.00727499
0 -0.00323611 -0.00548149 -0.00691992
0 -0.0031408 -0.0052528 -0.00658675
0 -0.0030587 -0.00505423 -0.00629129
0 -0.00299219 -0.00489226 -0.00604808
0 -0.00294432 -0.0047729 -0.00587023
0 -0.00291824 -0.00470388 -0.00576821
0 -0.00291444 -0.00469077 -0.00574748
0 -0.00293178 -0.0047333 -0.00580735
0 -0.00296929 -0.0048269 -0.00594314
0 -0.00302699 -0.00496619 -0.00614791
0 -0.0031037 -0.00514577 -0.00641141
0 -0.00319593 -0.0053602 -0.00672108
0 -0.00330001 -0.00560262 -0.00706428
0 -0.00341096 -0.00586157 -0.00742788
0 -0.00352345 -0.0061237 -0.00779864
0 -0.0036341 -0.00637904 -0.00816413
0 -0.00374018 -0.00662203 -0.00851347
0 -0.00383992 -0.00684978 -0.00883806
0 -0.00393164 -0.00705792 -0.0091301
0 -0.00400998 -0.00723718 -0.00938039
0 -0.00406762 -0.00737493 -0.00957788
0 -0.00409918 -0.00745962 -0.0097105
0 -0.00410115 -0.00748295 -0.00976505
0 -0.00407212 -0.00743943 -0.00972814
0 -0.00401422 -0.00732731 -0.00958999
0 -0.00393176 -0.0071489 -0.00934764
0 -0.0038272 -0.00690821 -0.00900446
0 -0.00370103 -0.00661015 -0.00857006
0 -0.00355398 -0.00626175 -0.0080608
0 -0.00338822 -0.00587199 -0.0074972
0 -0.00320789 -0.00545202 -0.00690061
0 -0.00301699 -0.00501525 -0.00628941
0 -0.00281966 -0.00457356 -0.00567653
0 -0.00262245 -0.00413656 -0.00507286
0 -0.00243297 -0.0037148 -0.00448915
0 -0.00225741 -0.00331846 -0.0039351
0 -0.00209825 -0.00295555 -0.00341989
0 -0.00195562 -0.00263152 -0.00295282
0 -0.00183015 -0.00234819 -0.00254362
0 -0.00172144 -0.00210488 -0.00219945
0 -0.00162764 -0.00190115 -0.00192199
0 -0.00154897 -0.00173803 -0.00170904
0 -0.00148987 -0.00161927 -0.0015586
0 -0.00145752 -0.00155179 -0.00147187
0 -0.00145735 -0.00154238 -0.00145205
0 -0.00149029 -0.00159526 -0.00150474
0 -0.00155428 -0.00171287 -0.00163926
0 -0.001646 -0.00189464 -0.00186488
0 -0.00176084 -0.00213659 -0.00218681
0 -0.00189501 -0.00243442 -0.00260442
0 -0.00204896 -0.00278581 -0.00311122
0 -0.0022252 -0.00318989 -0.00369648
0 -0.00242463 -0.00364469 -0.00434644
0 -0.0026455 -0.00414365 -0.00504617
0 -0.00288179 -0.00467408 -0.00578003
0 -0.00312349 -0.00521834 -0.00653135
0 -0.00335928 -0.00575526 -0.00728121
0 -0.00357838 -0.00626407 -0.00800746
0 -0.00377329 -0.0067283 -0.00868508
0 -0.00394305 -0.0071368 -0.00928977
0 -0.00409009 -0.00748423 -0.0098022
0 -0.00421538 -0.00776865 -0.0102084
0 -0.00431912 -0.00798924 -0.0105038
0 -0.00440021 -0.0081466 -0.0106949
0 -0.00445424 -0.00824039 -0.0107936
0 -0.00447567 -0.00826917 -0.010812
0 -0.004461 -0.0082335 -0.0107588
0 -0.00441017 -0.00813469 -0.0106364
0 -0.00432614 -0.00797323 -0.0104398
0 -0.00421388 -0.00775034 -0.0101599
0 -0.00407945 -0.00746897 -0.00978881
0 -0.00392763 -0.00713341 -0.00932465
0 -0.00376028 -0.00674838 -0.00877306
0 -0.0035766 -0.00631789 -0.00814662
0 -0.00337582 -0.00584684 -0.00746418
0 -0.00315961 -0.00534415 -0.00674839
0 -0.00293266 -0.00482449 -0.00602082
0 -0.00270393 -0.00430719 -0.00530161
0 -0.00248559 -0.00381322 -0.00461205
0 -0.0022896 -0.00336298 -0.0039733
0 -0.00212261 -0.00297159 -0.00340453
0 -0.00198454 -0.00264587 -0.0029222
0 -0.00187303 -0.00238694 -0.00253911
0 -0.0017861 -0.00219298 -0.00226336
0 -0.00172207 -0.00206167 -0.00209516
0 -0.00168114 -0.00199187 -0.00202606
0 -0.00166581 -0.00198233 -0.00204299
0 -0.00167856 -0.00203028 -0.00213183
0 -0.00172204 -0.00213311 -0.00228204
0 -0.00179766 -0.00228944 -0.00248993
0 -0.0019018 -0.00249766 -0.00275643
0 -0.00202712 -0.00275341 -0.00308422
0 -0.00216593 -0.00304883 -0.00347523
0 -0.0023118 -0.00337462 -0.00392703
0 -0.0024604 -0.00372133 -0.00442977
0 -0.00261004 -0.00408086 -0.00496588
0 -0.00276193 -0.00444819 -0.00551445
0 -0.00291836 -0.00481918 -0.00605546
0 -0.0030802 -0.00518803 -0.00657328
0 -0.00324568 -0.00554873 -0.00706021
0 -0.00340829 -0.00589403 -0.00751378
0 -0.00355648 -0.00621169 -0.00793113
0 -0.00367956 -0.00648772 -0.0083081
0 -0.0037727 -0.00671218 -0.00863815
0 -0.00383661 -0.00688041 -0.00890914
0 -0.00387534 -0.00699325 -0.00910556
0 -0.00389437 -0.00705481 -0.00921457
0 -0.00389988 -0.00706866 -0.0092318
0 -0.00389537 -0.00703768 -0.00916366
0 -0.00387883 -0.00696574 -0.00902505
0 -0.00384496 -0.00685693 -0.00883493
0 -0.00378928 -0.00671446 -0.00861152
0 -0.00371238 -0.00654271 -0.00836942
0 -0.0036206 -0.00634907 -0.00811735
0 -0.00352302 -0.00614442 -0.00785833
0 -0.00342855 -0.00594107 -0.00759294
0 -0.00334377 -0.00574876 -0.00732396
0 -0.00327185 -0.00557308 -0.00705954
0 -0.00321176 -0.00541573 -0.00681123
0 -0.00315737 -0.00527428 -0.0065887
0 -0.00310058 -0.00514291 -0.0063964
0 -0.00303685 -0.00501541 -0.00623276
0 -0.00296681 -0.00488732 -0.00608917
0 -0.00289466 -0.00475706 -0.0059516
0 -0.00282583 -0.00462649 -0.00580544
0 -0.00276558 -0.00449989 -0.00564187
0 -0.0027168 -0.00438039 -0.0054608
0 -0.00267771 -0.00426838 -0.00527019
0 -0.0026435 -0.00416307 -0.00508409
0 -0.00260927 -0.00406408 -0.00491769
0 -0.00257192 -0.00397279 -0.00478232
0 -0.00253227 -0.00389263 -0.00468317
0 -0.00249636 -0.00382954 -0.00462036
0 -0.00247329 -0.00379213 -0.00459181
0 -0.00247149 -0.00378984 -0.00459675
0 -0.00249554 -0.00382992 -0.0046383
0 -0.00254389 -0.00391415 -0.00472311
0 -0.00260974 -0.00403772 -0.00485896
0 -0.0026847 -0.00419211 -0.00505138
0 -0.00276159 -0.00436795 -0.00529892
0 -0.00283599 -0.00455676 -0.0055904
0 -0.0029083 -0.0047531 -0.00590771
0 -0.00298422 -0.00495558 -0.00623164
0 -0.00307057 -0.00516499 -0.00654646
0 -0.00316891 -0.00538069 -0.00684177
0 -0.0032747 -0.00559822 -0.00711458
0 -0.00338001 -0.00580937 -0.00736911
0 -0.00347569 -0.00600497 -0.0076121
0 -0.00355425 -0.00617733 -0.00784674
0 -0.00361108 -0.00632052 -0.00806756
0 -0.00364498 -0.0064297 -0.00825957
0 -0.00365891 -0.00650008 -0.00840214
0 -0.00365758 -0.0065273 -0.00847484
0 -0.00364335 -0.0065076 -0.00846211
0 -0.00361447 -0.00643742 -0.00835648
0 -0.00356749 -0.00631485 -0.00816128
0 -0.00349978 -0.00614075 -0.00788945
0 -0.00340939 -0.00591812 -0.00755738
0 -0.00329462 -0.00565121 -0.00717873
0 -0.00315623 -0.00534605 -0.00676281
0 -0.00300095 -0.0050116 -0.00631596
0 -0.00283966 -0.00465987 -0.00584441
0 -0.0026833 -0.00430647 -0.00535811
0 -0.00254111 -0.00396914 -0.00487202
0 -0.00241787 -0.0036626 -0.00440672
0 -0.00231407 -0.00339646 -0.0039875
0 -0.00222904 -0.00317686 -0.0036395
0 -0.00216139 -0.00300777 -0.00338239
0 -0.00211002 -0.002893 -0.0032264
0 -0.00207683 -0.0028365 -0.00317135
0 -0.00206745 -0.00284115 -0.00320972
0 -0.00208799 -0.00290803 -0.00333021
0 -0.00214051 -0.00303443 -0.00351954
0 -0.00222029 -0.00321173 -0.00376394
0 -0.00231731 -0.00342547 -0.00405071
0 -0.00242129 -0.00365887 -0.00436887
0 -0.00252421 -0.00389674 -0.00470705
0 -0.00262049 -0.00412767 -0.00505104
0 -0.00270936 -0.00434692 -0.00538591
0 -0.00279614 -0.00455678 -0.00570089
0 -0.00288707 -0.00476174 -0.00599066
0 -0.0029831 -0.00496348 -0.00625445
0 -0.00308006 -0.00515941 -0.00649581
0 -0.00317107 -0.00534337 -0.00672065
0 -0.00324876 -0.00550771 -0.00693338
0 -0.00330804 -0.00564624 -0.00713322
0 -0.00334894 -0.00575744 -0.00731453
0 -0.00337637 -0.00584369 -0.00746778
0 -0.00339616 -0.00590748 -0.00758148
0 -0.00341246 -0.00595026 -0.00764768
0 -0.00342611 -0.00597181 -0.00766463
0 -0.0034339 -0.00597 -0.00763659
0 -0.00343061 -0.00594254 -0.00757235
0 -0.00341183 -0.00588838 -0.00748138
0 -0.00337625 -0.00580843 -0.00737079
0 -0.00332773 -0.0057079 -0.00724524
0 -0.00327465 -0.00559704 -0.00710848
0 -0.00322679 -0.00548916 -0.00696586
0 -0.00319172 -0.00539721 -0.00682645
0 -0.00317199 -0.00532958 -0.00670267
0 -0.003165 -0.00528812 -0.00660837
0 -0.00316479 -0.00526953 -0.00655507
0 -0.00316512 -0.00526795 -0.00654762
0 -0.00316241 -0.00527794 -0.00658203
0 -0.00315736 -0.00529655 -0.00664642
0 -0.00315409 -0.00532225 -0.00672389
0 -0.00315687 -0.00535292 -0.00679673
0 -0.00316838 -0.00538643 -0.00685229
0 -0.00318931 -0.00542193 -0.00688731
0 -0.00321623 -0.00545802 -0.0069066
0 -0.00324199 -0.00549109 -0.00691882
0 -0.00325949 -0.00551659 -0.00693258
0 -0.00326484 -0.00553086 -0.00695275
0 -0.00325837 -0.00553257 -0.00697757
0 -0.00324336 -0.00552285 -0.00699829
0 -0.00322415 -0.00550339 -0.00700252
0 -0.00320471 -0.00547465 -0.0069793
0 -0.00318635 -0.00543479 -0.00692202
0 -0.00316669 -0.00538003 -0.0068297
0 -0.00314118 -0.00530691 -0.006707
0 -0.00310462 -0.00521284 -0.00656013
0 -0.00305328 -0.00509616 -0.0063938
0 -0.00298693 -0.00495674 -0.00621041
0 -0.00290844 -0.0047961 -0.00600804
0 -0.00282294 -0.00461859 -0.00578333
0 -0.00273662 -0.00443152 -0.00553549
0 -0.00265431 -0.00424215 -0.00526751
0 -0.002578 -0.00405607 -0.00498772
0 -0.00250677 -0.0038765 -0.0047086
0 -0.00243884 -0.00370542 -0.00444428
0 -0.00237431 -0.00354748 -0.00420926
0 -0.00231476 -0.0034095 -0.00401475
0 -0.00226323 -0.0032983 -0.0038668
0 -0.00222505 -0.00322061 -0.00376851
0 -0.00220537 -0.00318144 -0.00372076
0 -0.00220656 -0.00318308 -0.00372288
0 -0.00222789 -0.00322489 -0.00377397
0 -0.00226749 -0.00330519 -0.0038748
0 -0.00232393 -0.00342269 -0.00402786
0 -0.00239577 -0.00357614 -0.00423508
0 -0.00248238 -0.00376566 -0.00449726
0 -0.00258422 -0.00399215 -0.00481398
0 -0.00270227 -0.00425622 -0.00518335
0 -0.00283694 -0.00455716 -0.00560189
0 -0.00298674 -0.00489161 -0.00606446
0 -0.0031472 -0.00525194 -0.00656322
0 -0.00331149 -0.00562603 -0.0070861
0 -0.0034716 -0.00599932 -0.00761694
0 -0.00362139 -0.006357 -0.00813642
0 -0.00375879 -0.00668733 -0.00862405
0 -0.00388369 -0.0069839 -0.00906178
0 -0.0039968 -0.00724349 -0.0094359
0 -0.00409606 -0.00746223 -0.00973734
0 -0.00417649 -0.00763397 -0.00996237
0 -0.00423324 -0.00775142 -0.0101114
0 -0.0042617 -0.00780936 -0.0101864
0 -0.00426004 -0.00780741 -0.0101892
0 -0.00423004 -0.00774916 -0.0101201
0 -0.00417592 -0.00763951 -0.00997915
0 -0.00410384 -0.00748413 -0.00976841
0 -0.00401828 -0.00728884 -0.00949238
0 -0.0039201 -0.00705842 -0.00915813
0 -0.0038098 -0.0067982 -0.00877723
0 -0.00368845 -0.00651391 -0.00836381
0 -0.00355589 -0.00620968 -0.0079301
0 -0.00341287 -0.00588937 -0.00748525
0 -0.00326265 -0.00555814 -0.00703526
0 -0.0031088 -0.00522236 -0.00658309
0 -0.00295613 -0.00488868 -0.0061306
0 -0.00281062 -0.004564 -0.00568187
0 -0.00267767 -0.00425713 -0.00524635
0 -0.00256257 -0.00397934 -0.00483886
0 -0.00246826 -0.00374169 -0.00447793
0 -0.00239444 -0.00355243 -0.00418263
0 -0.00234027 -0.00341591 -0.0039687
0 -0.00230504 -0.00333297 -0.00384595
0 -0.00228765 -0.00330243 -0.00381536
0 -0.00228809 -0.00332251 -0.00386898
0 -0.00230849 -0.00339119 -0.00399401
0 -0.00235207 -0.0035064 -0.00417713
0 -0.0024205 -0.00366522 -0.00440683
0 -0.00251135 -0.00386232 -0.00467436
0 -0.00261776 -0.00408947 -0.00497396
0 -0.00273151 -0.00433643 -0.00530174
0 -0.00284565 -0.00459216 -0.0056527
0 -0.00295295 -0.00484452 -0.00601606
0 -0.00304647 -0.00508033 -0.00637332
0 -0.00312298 -0.00528712 -0.00670091
0 -0.00318149 -0.00545367 -0.00697308
0 -0.00322017 -0.00556879 -0.00716446
0 -0.00323698 -0.0056225 -0.00725487
0 -0.00323032 -0.0056087 -0.00723444
0 -0.00319851 -0.00552553 -0.00710416
0 -0.00314019 -0.00537525 -0.00687357
0 -0.00305532 -0.00516466 -0.00655884
0 -0.00294649 -0.00490427 -0.00617925
0 -0.00281814 -0.00460555 -0.00575313
0 -0.00267644 -0.00428123 -0.00529764
0 -0.0025277 -0.00394429 -0.00482705
0 -0.00237663 -0.00360476 -0.00435221
0 -0.00222866 -0.00327214 -0.00388444
0 -0.00209011 -0.00295698 -0.00343652
0 -0.00196613 -0.00266932 -0.00302228
0 -0.00186036 -0.00241925 -0.00265677
0 -0.00177579 -0.00221638 -0.00235525
0 -0.00171385 -0.00206687 -0.00213067
0 -0.00167446 -0.00197348 -0.00199183
0 -0.00165922 -0.00193888 -0.00194398
0 -0.00167113 -0.00196686 -0.00198932
0 -0.00171287 -0.00206119 -0.00212718
0 -0.00178781 -0.00222563 -0.0023567
0 -0.00189858 -0.00246258 -0.00267854
0 -0.00204489 -0.00277179 -0.00309384
0 -0.00222331 -0.00315071 -0.00360328
0 -0.00242777 -0.00359406 -0.0042057
0 -0.00265152 -0.00409298 -0.00489538
0 -0.00288895 -0.0046355 -0.00566025
0 -0.00313507 -0.00520803 -0.00648075
0 -0.00338436 -0.00579492 -0.00732962
0 -0.00363145 -0.00637854 -0.00817589
0 -0.00387064 -0.0069409 -0.00898727
0 -0.00409558 -0.0074631 -0.00973398
0 -0.00429882 -0.00792695 -0.010393
0 -0.00447117 -0.00831692 -0.0109441
0 -0.00460526 -0.00862087 -0.0113723
0 -0.00469756 -0.00883192 -0.0116702
0 -0.00474817 -0.00894785 -0.0118346
0 -0.00475899 -0.00896995 -0.0118662
0 -0.00473062 -0.00890223 -0.0117686
0 -0.00466451 -0.00874961 -0.011549
0 -0.00456358 -0.00851781 -0.0112178
0 -0.00442853 -0.008212 -0.0107849
0 -0.00426058 -0.00783713 -0.0102594
0 -0.00406472 -0.00740133 -0.0096522
0 -0.00384688 -0.00691512 -0.00897493
0 -0.00361376 -0.00639021 -0.00824059
0 -0.00337318 -0.00584028 -0.00746591
0 -0.00313102 -0.00527998 -0.00667151
0 -0.0028917 -0.0047244 -0.00587996
0 -0.00266012 -0.00418849 -0.00511366
0 -0.00244236 -0.00368634 -0.00439599
0 -0.00224538 -0.00323266 -0.00374984
0 -0.00207481 -0.00284148 -0.00319334
0 -0.0019344 -0.00252288 -0.00274034
0 -0.00182681 -0.00228299 -0.00240049
0 -0.00175377 -0.00212363 -0.00217819
0 -0.00171562 -0.00204374 -0.00207306
0 -0.00171198 -0.00204193 -0.00208028
0 -0.00174216 -0.00211573 -0.0021924
0 -0.00180632 -0.00226287 -0.00240292
0 -0.00190559 -0.00248154 -0.0027069
0 -0.00203814 -0.00276746 -0.00309913
0 -0.00219756 -0.00311361 -0.00357275
0 -0.00237579 -0.00350952 -0.00411859
0 -0.00256543 -0.00394145 -0.00472445
0 -0.00276018 -0.00439448 -0.00537333
0 -0.00295484 -0.00485419 -0.00604238
0 -0.00314457 -0.00530692 -0.00670478
0 -0.0033259 -0.00573957 -0.0073344
0 -0.00349669 -0.00614041 -0.00790854
0 -0.00365383 -0.00649814 -0.00840929
0 -0.0037922 -0.00680263 -0.0088263
0 -0.00390479 -0.0070457 -0.00915443
0 -0.00398467 -0.00721948 -0.00938999
0 -0.00402723 -0.00731842 -0.00953088
0 -0.00403259 -0.00734128 -0.00957515
0 -0.00400488 -0.00729058 -0.00952067
0 -0.0039493 -0.00717274 -0.00936761
0 -0.00387144 -0.00699657 -0.00912042
0 -0.00377573 -0.00677013 -0.00878899
0 -0.0036645 -0.00650083 -0.00838895
0 -0.00353903 -0.00619715 -0.00793991
0 -0.00340044 -0.00586777 -0.00746165
0 -0.00325049 -0.00552131 -0.00697151
0 -0.00309301 -0.00516824 -0.00648322
0 -0.00293538 -0.00481968 -0.00600694
0 -0.0027856 -0.00448652 -0.00555126
0 -0.00264975 -0.00417961 -0.00512428
0 -0.00253214 -0.00390721 -0.00473444
0 -0.00243415 -0.00367462 -0.00439201
0 -0.0023554 -0.00348529 -0.00410813
0 -0.00229529 -0.00334077 -0.00389225
0 -0.00225252 -0.00324167 -0.00375029
0 -0.00222686 -0.00318907 -0.00368389
0 -0.00222018 -0.00318432 -0.00369062
0 -0.00223456 -0.00322729 -0.00376457
0 -0.00227089 -0.00331605 -0.00389832
0 -0.00232893 -0.00344775 -0.00408479
0 -0.0024068 -0.00361828 -0.00431831
0 -0.00250014 -0.00382181 -0.00459419
0 -0.00260353 -0.00405068 -0.00490721
0 -0.00271186 -0.00429627 -0.00525045
0 -0.00282099 -0.00455034 -0.0056144
0 -0.00292848 -0.0048056 -0.00598682
0 -0.00303263 -0.00505524 -0.00635347
0 -0.00313195 -0.00529249 -0.00669984
0 -0.00322535 -0.00551103 -0.0070132
0 -0.00331052 -0.00570484 -0.00728397
0 -0.00338353 -0.00586752 -0.00750547
0 -0.0034407 -0.00599335 -0.00767402
0 -0.00347934 -0.00607842 -0.00778866
0 -0.00349775 -0.00612064 -0.0078489
0 -0.00349608 -0.00612044 -0.00785434
0 -0.00347634 -0.00608048 -0.00780534
0 -0.00344156 -0.00600447 -0.00770331
0 -0.00339501 -0.005897 -0.00755209
0 -0.00333917 -0.00576333 -0.00735836
0 -0.00327561 -0.00560896 -0.0071313
0 -0.00320573 -0.00543974 -0.00688223
0 -0.00313082 -0.00526146 -0.00662266
0 -0.0030525 -0.0050796 -0.00636255
0 -0.00297342 -0.00489983 -0.00611071
0 -0.00289702 -0.00472809 -0.00587396
0 -0.00282708 -0.00457071 -0.0056573
0 -0.00276681 -0.00443351 -0.00546557
0 -0.00271836 -0.00432071 -0.00530352
0 -0.0026829 -0.00423511 -0.00517604
0 -0.00266028 -0.00417796 -0.00508788
0 -0.00264947 -0.00414932 -0.00504224
0 -0.00264943 -0.00414855 -0.00504023
0 -0.00265944 -0.00417449 -0.00508067
0 -0.00267943 -0.00422576 -0.00516001
0 -0.00270963 -0.0043004 -0.00527283
0 -0.00274973 -0.00439584 -0.00541283
0 -0.00279874 -0.004509 -0.00557372
0 -0.00285498 -0.00463602 -0.00575011
0 -0.00291583 -0.00477217 -0.0059373
0 -0.00297804 -0.0049123 -0.00613082
0 -0.00303882 -0.00505128 -0.00632604
0 -0.00309603 -0.00518466 -0.00651751
0 -0.00314817 -0.00530888 -0.00669889
0 -0.00319473 -0.00542086 -0.00686346
0 -0.00323548 -0.00551784 -0.00700498
0 -0.00326961 -0.00559751 -0.00711862
0 -0.00329622 -0.00565773 -0.00720131
0 -0.00331419 -0.00569636 -0.00725171
0 -0.00332215 -0.00571194 -0.00727006
0 -0.00331928 -0.00570408 -0.00725746
0 -0.00330566 -0.00567333 -0.00721525
0 -0.00328208 -0.00562144 -0.00714505
0 -0.00325031 -0.00555091 -0.0070489
0 -0.00321245 -0.0054649 -0.00692957
0 -0.00317016 -0.00536693 -0.00679072
0 -0.00312476 -0.00526034 -0.00663702
0 -0.00307742 -0.00514843 -0.00647437
0 -0.00302886 -0.00503423 -0.00630897
0 -0.00298013 -0.00492064 -0.00614655
0 -0.0029326 -0.00481104 -0.00599214
0 -0.00288764 -0.00470895 -0.00584975
0 -0.00284703 -0.00461753 -0.00572265
0 -0.0028126 -0.00453953 -0.00561366
0 -0.00278562 -0.00447712 -0.00552526
0 -0.00276661 -0.00443192 -0.00545959
0 -0.00275563 -0.00440479 -0.0054185
0 -0.00275241 -0.00439583 -0.00540333
0 -0.00275655 -0.00440458 -0.00541453
0 -0.00276755 -0.00443012 -0.00545138
0 -0.002785 -0.00447149 -0.00551192
0 -0.00280846 -0.00452729 -0.00559322
0 -0.00283745 -0.00459553 -0.00569172
0 -0.00287135 -0.00467409 -0.00580364
0 -0.00290906 -0.00476037 -0.00592521
0 -0.00294901 -0.00485142 -0.00605276
0 -0.00298958 -0.00494419 -0.00618278
0 -0.00302932 -0.00503565 -0.0063118
0 -0.00306698 -0.00512293 -0.00643622
0 -0.00310153 -0.0052036 -0.00655232
0 -0.00313228 -0.00527575 -0.00665645
0 -0.00315865 -0.00533763 -0.00674529
0 -0.00318019 -0.00538767 -0.00681626
0 -0.00319659 -0.00542468 -0.00686771
0 -0.00320719 -0.00544771 -0.00689883
0 -0.00321136 -0.00545625 -0.00690957
0 -0.00320902 -0.00545036 -0.00690048
0 -0.00320026 -0.00543047 -0.00687253
0 -0.00318555 -0.00539751 -0.00682698
0 -0.0031658 -0.00535298 -0.00676536
0 -0.00314196 -0.00529871 -0.00668956
0 -0.003115 -0.00523669 -0.00660198
0 -0.00308584 -0.00516902 -0.00650551
0 -0.00305531 -0.00509788 -0.00640345
0 -0.00302422 -0.00502533 -0.00629924
0 -0.00299332 -0.00495326 -0.00619624
0 -0.00296338 -0.00488391 -0.00609767
0 -0.00293531 -0.00481934 -0.00600639
0 -0.00291004 -0.0047613 -0.00592477
0 -0.00288834 -0.00471156 -0.00585482
0 -0.00287092 -0.00467156 -0.00579819
0 -0.0028583 -0.00464221 -0.00575615
0 -0.00285061 -0.00462402 -0.0057297
0 -0.00284786 -0.00461718 -0.00571935
0 -0.00284982 -0.00462145 -0.00572507
