0 -0.00296604 -0.00486528 -0.00606389
0 -0.00296704 -0.00486723 -0.00606649
0 -0.00296868 -0.00487056 -0.00607099
0 -0.0029709 -0.00487523 -0.00607731
0 -0.00297362 -0.0048812 -0.00608541
0 -0.0029768 -0.00488837 -0.00609522
0 -0.00298041 -0.00489667 -0.00610667
0 -0.00298441 -0.00490597 -0.00611967
0 -0.0029888 -0.00491616 -0.00613413
0 -0.00299354 -0.00492715 -0.0061499
0 -0.00299859 -0.00493885 -0.00616684
0 -0.00300389 -0.00495118 -0.00618476
0 -0.0030094 -0.00496406 -0.00620348
0 -0.00301508 -0.00497741 -0.00622279
0 -0.00302089 -0.0049911 -0.00624253
0 -0.00302682 -0.00500505 -0.00626251
0 -0.00303283 -0.00501912 -0.00628257
0 -0.00303891 -0.00503318 -0.00630254
0 -0.00304501 -0.00504713 -0.00632229
0 -0.00305107 -0.00506087 -0.00634168
0 -0.00305705 -0.00507432 -0.00636057
0 -0.00306286 -0.00508739 -0.00637885
0 -0.00306845 -0.00509998 -0.0063964
0 -0.00307378 -0.00511201 -0.00641312
0 -0.00307876 -0.00512336 -0.00642893
0 -0.00308333 -0.00513392 -0.0064437
0 -0.00308744 -0.00514352 -0.00645732
0 -0.00309105 -0.00515206 -0.00646966
0 -0.00309412 -0.00515948 -0.00648061
0 -0.00309671 -0.0051658 -0.00649012
0 -0.00309885 -0.00517102 -0.00649812
0 -0.00310054 -0.00517515 -0.00650454
0 -0.00310175 -0.00517818 -0.00650926
0 -0.00310247 -0.0051801 -0.00651222
0 -0.00310273 -0.0051809 -0.00651343
0 -0.00310259 -0.00518063 -0.00651293
0 -0.00310212 -0.00517934 -0.00651081
0 -0.0031013 -0.00517703 -0.00650714
0 -0.00310008 -0.00517373 -0.00650195
0 -0.00309844 -0.00516944 -0.00649534
0 -0.00309639 -0.00516427 -0.00648745
0 -0.00309403 -0.00515834 -0.00647849
0 -0.00309138 -0.00515175 -0.00646863
0 -0.00308843 -0.00514456 -0.00645799
0 -0.00308518 -0.00513682 -0.00644668
0 -0.00308176 -0.00512871 -0.00643495
0 -0.00307828 -0.00512042 -0.006423
0 -0.00307473 -0.00511199 -0.00641092
0 -0.00307088 -0.00510327 -0.00639857
0 -0.00306651 -0.005094 -0.00638573
0 -0.00306145 -0.00508391 -0.0063722
0 -0.00305567 -0.00507277 -0.0063578
0 -0.00304925 -0.00506041 -0.00634238
0 -0.00304232 -0.00504681 -0.0063258
0 -0.00303497 -0.00503201 -0.00630788
0 -0.00302723 -0.00501607 -0.00628839
0 -0.00301912 -0.00499911 -0.00626711
0 -0.00301093 -0.0049815 -0.00624414
0 -0.00300337 -0.00496408 -0.00622015
0 -0.00299719 -0.0049479 -0.0061961
0 -0.00299279 -0.00493374 -0.00617285
0 -0.00299011 -0.00492205 -0.00615106
0 -0.00298883 -0.00491302 -0.00613135
0 -0.00298858 -0.00490668 -0.00611443
0 -0.00298909 -0.00490291 -0.00610108
0 -0.00299014 -0.00490144 -0.00609198
0 -0.00299147 -0.00490188 -0.00608763
0 -0.00299285 -0.00490385 -0.00608822
0 -0.00299411 -0.00490716 -0.00609371
0 -0.0029954 -0.00491194 -0.00610404
0 -0.00299718 -0.00491872 -0.00611916
0 -0.00299997 -0.00492818 -0.00613892
0 -0.00300409 -0.0049408 -0.00616286
0 -0.00300968 -0.00495676 -0.00619032
0 -0.00301691 -0.0049761 -0.00622076
0 -0.00302566 -0.00499839 -0.00625348
0 -0.00303494 -0.0050221 -0.00628701
0 -0.00304293 -0.00504461 -0.00631902
0 -0.00304803 -0.00506315 -0.00634719
0 -0.00305011 -0.00507628 -0.00637045
0 -0.00305098 -0.00508476 -0.00638951
0 -0.00305288 -0.00509073 -0.00640574
0 -0.00305632 -0.00509561 -0.00641915
0 -0.00305923 -0.00509874 -0.00642752
0 -0.00305878 -0.00509824 -0.00642798
0 -0.00305437 -0.00509335 -0.0064198
0 -0.00304876 -0.00508565 -0.00640553
0 -0.00304609 -0.00507812 -0.00638945
0 -0.00304877 -0.00507321 -0.0063748
0 -0.00305627 -0.00507198 -0.00636276
0 -0.00306633 -0.00507474 -0.00635348
0 -0.00307654 -0.00508146 -0.00634719
0 -0.00308451 -0.00509081 -0.00634383
0 -0.00308754 -0.00509926 -0.00634216
0 -0.00308346 -0.00510202 -0.00634022
0 -0.00307276 -0.00509609 -0.00633739
0 -0.00305989 -0.00508308 -0.006336
0 -0.00305111 -0.00506891 -0.00634011
0 -0.00305023 -0.00506015 -0.00635194
0 -0.00305625 -0.00506081 -0.00636989
0 -0.00306529 -0.00507169 -0.00639024
0 -0.0030743 -0.00509169 -0.00641032
0 -0.00308276 -0.00511862 -0.00642998
0 -0.00309167 -0.00514897 -0.00645047
0 -0.00310164 -0.00517813 -0.00647266
0 -0.00311187 -0.0052015 -0.00649602
0 -0.00312025 -0.00521579 -0.00651868
0 -0.0031237 -0.00521946 -0.00653761
0 -0.00311889 -0.00521188 -0.00654877
0 -0.00310288 -0.00519192 -0.00654722
0 -0.003074 -0.0051574 -0.00652787
0 -0.00303337 -0.00510639 -0.00648713
0 -0.00298634 -0.00503981 -0.006425
0 -0.0029409 -0.00496214 -0.00634467
0 -0.00290289 -0.00487891 -0.00624912
0 -0.00287277 -0.00479373 -0.00613838
0 -0.00284719 -0.00470834 -0.00601092
0 -0.00282301 -0.0046244 -0.00586733
0 -0.00279952 -0.00454399 -0.00571203
0 -0.00277783 -0.00446859 -0.00555216
0 -0.00275909 -0.00439819 -0.00539536
0 -0.00274309 -0.00433121 -0.00524803
0 -0.0027275 -0.00426522 -0.00511418
0 -0.00270857 -0.00419794 -0.00499535
0 -0.00268332 -0.00412857 -0.00489215
0 -0.00265176 -0.00405909 -0.00480586
0 -0.0026165 -0.00399342 -0.00473802
0 -0.00257995 -0.00393439 -0.00468815
0 -0.00254303 -0.00388223 -0.00465283
0 -0.00250718 -0.00383653 -0.00462811
0 -0.00247583 -0.00379838 -0.00461166
0 -0.00245201 -0.00376901 -0.00460143
0 -0.00243527 -0.00374703 -0.00459309
0 -0.00242221 -0.00372832 -0.00458042
0 -0.00240951 -0.0037086 -0.00455816
0 -0.00239525 -0.00368454 -0.00452335
0 -0.00237754 -0.00365234 -0.00447365
0 -0.00235314 -0.00360634 -0.00440548
0 -0.00231857 -0.00354044 -0.00431466
0 -0.0022726 -0.00345124 -0.00419893
0 -0.00221733 -0.00333979 -0.00405909
0 -0.00215645 -0.0032103 -0.00389751
0 -0.00209298 -0.0030679 -0.00371624
0 -0.00202844 -0.00291743 -0.00351672
0 -0.00196397 -0.00276355 -0.00330102
0 -0.00190224 -0.00261161 -0.00307385
0 -0.00184879 -0.00246903 -0.00284421
0 -0.00181125 -0.00234568 -0.00262522
0 -0.00179594 -0.00225157 -0.00243126
0 -0.00180314 -0.00219236 -0.002273
0 -0.00182469 -0.00216577 -0.00215406
0 -0.00184793 -0.00216297 -0.00207295
0 -0.00186301 -0.00217412 -0.00202846
0 -0.00186717 -0.00219242 -0.00202248
0 -0.00186249 -0.00221358 -0.00205714
0 -0.00185066 -0.00223312 -0.00212955
0 -0.00183048 -0.00224574 -0.00222994
0 -0.0018001 -0.00224792 -0.00234457
0 -0.00176093 -0.00224082 -0.00246057
0 -0.00171811 -0.00222917 -0.00256749
0 -0.00167691 -0.00221645 -0.00265517
0 -0.00163922 -0.00220123 -0.00271185
0 -0.00160443 -0.00217819 -0.00272623
0 -0.001574 -0.0021433 -0.00269266
0 -0.00155437 -0.00209867 -0.002615
0 -0.00155432 -0.00205289 -0.00250517
0 -0.00157956 -0.00201744 -0.00237832
0 -0.00162961 -0.0020028 -0.00224941
0 -0.00169881 -0.0020167 -0.00213273
0 -0.00178003 -0.00206378 -0.00204338
0 -0.00186833 -0.00214588 -0.00199811
0 -0.00196192 -0.00226318 -0.0020148
0 -0.00206111 -0.00241602 -0.00211087
0 -0.00216781 -0.00260619 -0.00230095
0 -0.00228513 -0.00283705 -0.00259494
0 -0.00241584 -0.00311334 -0.00299752
0 -0.00256064 -0.00344075 -0.00350783
0 -0.00271887 -0.00382429 -0.0041194
0 -0.00289055 -0.00426584 -0.0048213
0 -0.0030772 -0.00476304 -0.00560074
0 -0.00328143 -0.0053107 -0.00644529
0 -0.00350702 -0.00590305 -0.00734333
0 -0.00375887 -0.00653493 -0.0082844
0 -0.00404036 -0.00720073 -0.00925978
0 -0.00434828 -0.00789308 -0.0102586
0 -0.00467123 -0.00860289 -0.0112649
0 -0.00499431 -0.0093186 -0.0122618
0 -0.00530431 -0.0100253 -0.0132349
0 -0.00559272 -0.010706 -0.0141699
0 -0.00585564 -0.0113436 -0.0150562
0 -0.00609125 -0.0119241 -0.0158874
0 -0.00629788 -0.0124368 -0.0166543
0 -0.00647309 -0.0128746 -0.0173416
0 -0.00661273 -0.0132328 -0.0179328
0 -0.00671104 -0.0135077 -0.0184113
0 -0.00676373 -0.0136958 -0.0187601
0 -0.00677293 -0.013795 -0.0189676
0 -0.00674983 -0.0138084 -0.0190335
0 -0.00671132 -0.0137467 -0.0189676
0 -0.00667257 -0.0136254 -0.0187847
0 -0.00663929 -0.013459 -0.0184983
0 -0.00660335 -0.0132542 -0.0181162
0 -0.00654573 -0.0130062 -0.0176402
0 -0.00644612 -0.0127018 -0.0170721
0 -0.00629331 -0.0123266 -0.0164206
0 -0.0060908 -0.0118736 -0.0157033
0 -0.00585416 -0.0113483 -0.0149435
0 -0.00560229 -0.0107688 -0.014164
0 -0.00534889 -0.010161 -0.0133805
0 -0.00509772 -0.00954965 -0.0125982
0 -0.00484407 -0.00895229 -0.0118135
0 -0.00458246 -0.00837716 -0.0110226
0 -0.00431496 -0.0078249 -0.0102284
0 -0.00405259 -0.00729255 -0.00944084
0 -0.00380988 -0.00677819 -0.00867435
0 -0.00359835 -0.00628349 -0.00794362
0 -0.00342071 -0.00581307 -0.00725822
0 -0.00326775 -0.0053717 -0.00661836
0 -0.00312216 -0.00496139 -0.00601817
0 -0.00296802 -0.00457983 -0.00545255
0 -0.00279806 -0.00422054 -0.0049197
0 -0.00261488 -0.0038752 -0.00442084
0 -0.00242824 -0.00353775 -0.0039603
0 -0.00225073 -0.00320753 -0.00354395
0 -0.00209151 -0.0028883 -0.00317378
0 -0.00194918 -0.00258265 -0.00284085
0 -0.00181114 -0.00228788 -0.00252495
0 -0.00166412 -0.00199974 -0.00220528
0 -0.0015074 -0.00171956 -0.00187304
0 -0.00135535 -0.00145565 -0.00153413
0 -0.00122764 -0.00121765 -0.00120149
0 -0.00113584 -0.00100932 -0.000884494
0 -0.0010753 -0.000824681 -0.00058192
0 -0.0010281 -0.000650905 -0.000283884
0 -0.000975598 -0.000476448 1.7924e-05
0 -0.000910901 -0.000298518 0.000320692
0 -0.000839684 -0.000122495 0.00061209
0 -0.00076972 4.60104e-05 0.000880182
0 -0.000702284 0.00020699 0.00112003
0 -0.000633239 0.000364293 0.00133382
0 -0.000558697 0.00052067 0.00152674
0 -0.00047835 0.00067537 0.00170252
0 -0.000395495 0.000824927 0.00186298
0 -0.000315399 0.00096515 0.00200968
0 -0.000242703 0.00109323 0.00214522
0 -0.00017908 0.00120922 0.00227416
0 -0.000123584 0.00131538 0.002402
0 -7.622e-05 0.00141283 0.00253142
0 -4.14583e-05 0.00149772 0.0026586
0 -2.87271e-05 0.00155931 0.00277188
0 -4.93907e-05 0.0015812 0.00285334
0 -0.000110932 0.0015464 0.00288386
0 -0.000212353 0.00144329 0.00284784
0 -0.000345793 0.00126739 0.00273315
0 -0.000502481 0.00101948 0.00252809
0 -0.0006758 0.000704702 0.00222114
0 -0.000859593 0.00033355 0.00180484
0 -0.00104655 -7.9029e-05 0.00127924
0 -0.00122965 -0.000517745 0.000652067
0 -0.00140513 -0.000972059 -6.40701e-05
0 -0.00157466 -0.00143968 -0.000855059
0 -0.00174528 -0.00192637 -0.00170805
0 -0.00192638 -0.00244111 -0.00261011
0 -0.00212491 -0.00298971 -0.00354311
0 -0.00234289 -0.00357162 -0.00448484
0 -0.0025807 -0.004182 -0.00541736
0 -0.00284171 -0.00481662 -0.0063322
0 -0.00313124 -0.0054729 -0.00722777
0 -0.00344937 -0.00614547 -0.00810214
0 -0.00378553 -0.00682214 -0.00894946
0 -0.00412082 -0.00748483 -0.00976282
0 -0.00443441 -0.00811404 -0.0105358
0 -0.00470925 -0.00869214 -0.0112627
0 -0.0049352 -0.00920399 -0.0119404
0 -0.00511 -0.00963859 -0.012566
0 -0.00523851 -0.0099927 -0.0131363
0 -0.00532962 -0.010272 -0.013646
0 -0.00539231 -0.0104877 -0.0140869
0 -0.00543459 -0.010652 -0.0144497
0 -0.00546526 -0.0107773 -0.0147276
0 -0.00549499 -0.0108765 -0.0149185
0 -0.00553485 -0.0109617 -0.0150281
0 -0.00559326 -0.011042 -0.0150694
0 -0.0056731 -0.011122 -0.0150581
0 -0.00576954 -0.0112014 -0.0150085
0 -0.00586864 -0.0112737 -0.0149327
0 -0.00594933 -0.011325 -0.0148371
0 -0.00599 -0.0113367 -0.0147236
0 -0.00597463 -0.0112896 -0.0145911
0 -0.0058955 -0.0111682 -0.0144359
0 -0.00575452 -0.010964 -0.0142519
0 -0.00556342 -0.0106792 -0.0140312
0 -0.00534053 -0.0103276 -0.0137655
0 -0.00510571 -0.00993193 -0.0134457
0 -0.00487722 -0.00951842 -0.0130634
0 -0.00466937 -0.0091097 -0.0126129
0 -0.00448734 -0.00871631 -0.0120892
0 -0.0043234 -0.0083311 -0.0114857
0 -0.00416285 -0.00793367 -0.0107984
0 -0.0039941 -0.00750159 -0.0100325
0 -0.00381187 -0.0070191 -0.00920345
0 -0.00361456 -0.00648145 -0.00832971
0 -0.00340251 -0.00589622 -0.00742923
0 -0.00317755 -0.00528097 -0.00652119
0 -0.00294188 -0.00465766 -0.00562394
0 -0.00269765 -0.00404738 -0.00475246
0 -0.00245003 -0.00346742 -0.00392121
0 -0.0022091 -0.0029301 -0.0031458
0 -0.0019864 -0.0024434 -0.00244034
0 -0.00179109 -0.00201283 -0.00181533
0 -0.00162833 -0.00164187 -0.0012787
0 -0.00149812 -0.00133082 -0.0008347
0 -0.00139421 -0.00107632 -0.000479409
0 -0.00130597 -0.000872207 -0.000201902
0 -0.00122509 -0.000712555 6.01072e-06
0 -0.00115305 -0.000596306 0.000144511
0 -0.0011014 -0.000528675 0.000208621
0 -0.0010838 -0.000517647 0.000192139
0 -0.00110664 -0.000568845 9.28855e-05
0 -0.00116454 -0.000681017 -8.19227e-05
0 -0.00124303 -0.00084442 -0.000316631
0 -0.00132654 -0.0010439 -0.000594115
0 -0.00140535 -0.00126371 -0.000901435
0 -0.0014779 -0.00149073 -0.00123081
0 -0.00154986 -0.00171728 -0.0015793
0 -0.0016313 -0.00194384 -0.00194823
0 -0.00173195 -0.00217889 -0.00234001
0 -0.00185761 -0.00243557 -0.00275518
0 -0.00200958 -0.00272768 -0.00319334
0 -0.00218601 -0.00306641 -0.00365528
0 -0.00238264 -0.00345617 -0.00414224
0 -0.0025937 -0.00389166 -0.00465516
0 -0.00281507 -0.00436153 -0.00519748
0 -0.00304766 -0.00485644 -0.00577846
0 -0.00329694 -0.00537315 -0.00641159
0 -0.00356722 -0.00591243 -0.00710786
0 -0.00385179 -0.00647285 -0.00786713
0 -0.00412865 -0.00704437 -0.00867334
0 -0.00436973 -0.00760735 -0.00949983
0 -0.00455657 -0.00813848 -0.0103199
0 -0.00469025 -0.0086203 -0.0111143
0 -0.00479 -0.00904807 -0.0118739
0 -0.0048824 -0.00942785 -0.0125947
0 -0.00498572 -0.00976787 -0.0132641
0 -0.0050991 -0.0100721 -0.0138539
0 -0.00520736 -0.0103382 -0.0143317
0 -0.0052948 -0.0105585 -0.0146737
0 -0.00535345 -0.0107214 -0.0148672
0 -0.00538589 -0.010816 -0.0149138
0 -0.00540519 -0.0108388 -0.0148345
0 -0.00542877 -0.010799 -0.0146616
0 -0.00546656 -0.0107148 -0.0144249
0 -0.00551048 -0.0106018 -0.0141429
0 -0.00553461 -0.0104634 -0.0138202
0 -0.00550771 -0.0102897 -0.0134528
0 -0.00540893 -0.0100644 -0.0130386
0 -0.00523651 -0.00977002 -0.0125831
0 -0.00500541 -0.00939374 -0.0120951
0 -0.00473869 -0.00893487 -0.0115808
0 -0.00445931 -0.00840906 -0.0110415
0 -0.00418471 -0.0078455 -0.0104746
0 -0.00392551 -0.00727845 -0.00987498
0 -0.00368654 -0.00673747 -0.00923559
0 -0.00346825 -0.00623989 -0.00855282
0 -0.00326991 -0.00578693 -0.00783119
0 -0.00309011 -0.00536491 -0.0070805
0 -0.00292384 -0.00495139 -0.00631165
0 -0.00276206 -0.0045223 -0.00553343
0 -0.00259388 -0.00405843 -0.00475146
0 -0.00241084 -0.00355369 -0.00397431
0 -0.00221084 -0.00302005 -0.00321588
0 -0.00199681 -0.00248094 -0.00248976
0 -0.00177256 -0.00195843 -0.00180468
0 -0.0015407 -0.00146533 -0.00116284
0 -0.00130365 -0.00100461 -0.00056163
0 -0.00106643 -0.000573061 1.34443e-06
0 -0.000839128 -0.000166623 0.000525983
0 -0.00063659 0.000214347 0.00100981
0 -0.000474125 0.000561971 0.00144705
0 -0.000361474 0.000861128 0.00183097
0 -0.000299719 0.00109326 0.00215648
0 -0.000283254 0.00124234 0.0024182
0 -0.000304047 0.00130014 0.00260848
0 -0.000355792 0.0012673 0.00271628
0 -0.000437349 0.0011497 0.00272487
0 -0.000553172 0.000953273 0.00261239
0 -0.00070895 0.000680879 0.00235749
0 -0.000904502 0.000333019 0.0019467
0 -0.00112928 -8.86729e-05 0.00137984
0 -0.00136573 -0.000579116 0.000669526
0 -0.00159866 -0.00113075 -0.000165372
0 -0.00182186 -0.00173439 -0.00110512
0 -0.0020362 -0.00237687 -0.00212874
0 -0.00224377 -0.00303863 -0.00321091
0 -0.0024466 -0.00369757 -0.0043209
0 -0.00265037 -0.00433924 -0.00542807
0 -0.00286616 -0.00496412 -0.00651046
0 -0.00310575 -0.00558325 -0.00755548
0 -0.00337431 -0.00620717 -0.00854911
0 -0.00366683 -0.00683967 -0.00947082
0 -0.00397115 -0.00747792 -0.0103065
0 -0.00427511 -0.00811159 -0.0110541
0 -0.00457176 -0.00872192 -0.0117177
0 -0.0048577 -0.00928695 -0.012309
0 -0.00512897 -0.00979142 -0.0128473
0 -0.00538238 -0.0102335 -0.0133516
0 -0.00561779 -0.0106253 -0.0138382
0 -0.00583483 -0.0109879 -0.0143215
0 -0.00602938 -0.0113414 -0.0148105
0 -0.00619553 -0.0116965 -0.0153051
0 -0.00632885 -0.0120489 -0.0157993
0 -0.00642649 -0.0123804 -0.0162816
0 -0.00648389 -0.0126606 -0.0167323
0 -0.00649323 -0.0128541 -0.0171214
0 -0.00645091 -0.0129358 -0.0174185
0 -0.00636846 -0.012906 -0.0176045
0 -0.00627157 -0.0127916 -0.0176748
0 -0.0061867 -0.0126331 -0.0176322
0 -0.00612807 -0.0124671 -0.0174794
0 -0.00609172 -0.0123097 -0.0172144
0 -0.00605699 -0.0121486 -0.0168297
0 -0.00599647 -0.0119486 -0.0163195
0 -0.00589009 -0.0116686 -0.0156889
0 -0.00573063 -0.0112762 -0.0149545
0 -0.00551629 -0.0107534 -0.014133
0 -0.00524004 -0.0100936 -0.0132296
0 -0.00488802 -0.00929803 -0.0122338
0 -0.00444821 -0.00837527 -0.011127
0 -0.00392234 -0.0073404 -0.00989374
0 -0.0033336 -0.00621523 -0.00853199
0 -0.00272616 -0.00503134 -0.00705759
0 -0.00215547 -0.00383643 -0.00550617
0 -0.00167625 -0.00269783 -0.0039346
0 -0.00133371 -0.00169265 -0.0024107
0 -0.00114505 -0.000878683 -0.000987516
0 -0.00107495 -0.000264014 0.000315043
0 -0.00103823 0.000201795 0.00150457
0 -0.000941089 0.000610173 0.00260157
0 -0.000730623 0.00105528 0.00361892
0 -0.000418283 0.00159095 0.00453215
0 -6.82466e-05 0.00220561 0.00528223
0 0.000241616 0.00283118 0.00581573
0 0.000462682 0.00337604 0.00611465
0 0.000593339 0.00375809 0.00620028
0 0.000663972 0.00392686 0.00612063
0 0.000705005 0.00387405 0.00592756
0 0.000721743 0.00363168 0.00565271
0 0.000691474 0.00325807 0.00529898
0 0.000581404 0.00281555 0.00485332
0 0.000372441 0.00234849 0.00430536
0 7.21593e-05 0.00187023 0.00365489
0 -0.000284955 0.0013676 0.00291367
0 -0.000639064 0.000828372 0.00211472
0 -0.00091421 0.000273149 0.00131649
0 -0.00104983 -0.000240968 0.000582943
0 -0.00103608 -0.000646295 -4.53024e-05
0 -0.000920703 -0.000897059 -0.000563172
0 -0.00078389 -0.000991914 -0.00099284
0 -0.000703226 -0.000976461 -0.0013616
0 -0.000726812 -0.000926981 -0.00168067
0 -0.000858931 -0.000928806 -0.00194269
0 -0.00106773 -0.00105456 -0.0021364
0 -0.00131647 -0.00134298 -0.0022651
0 -0.00159262 -0.00179046 -0.00235984
0 -0.00191013 -0.00236182 -0.00248001
0 -0.00228996 -0.00301273 -0.00270287
0 -0.00274438 -0.00371509 -0.0031101
0 -0.00327508 -0.00446988 -0.00376825
0 -0.00386466 -0.00529844 -0.00471083
0 -0.00445759 -0.00621976 -0.00593345
0 -0.0049613 -0.00721825 -0.00738525
0 -0.00527925 -0.00821862 -0.0089662
0 -0.00535453 -0.00910159 -0.0105564
0 -0.00519536 -0.00975116 -0.0120574
0 -0.0048741 -0.0100954 -0.013405
0 -0.00450189 -0.0101339 -0.0145478
0 -0.00418333 -0.00994642 -0.0154243
0 -0.00398204 -0.00966349 -0.0159695
0 -0.00391658 -0.00941551 -0.0161387
0 -0.00397335 -0.00928327 -0.0159046
0 -0.00412059 -0.00926893 -0.0152625
0 -0.0043177 -0.00930985 -0.0142701
0 -0.00452897 -0.0093165 -0.0130352
0 -0.00473699 -0.0092024 -0.0116763
0 -0.00493537 -0.00891801 -0.0103293
0 -0.00510714 -0.00848736 -0.00911946
0 -0.00522098 -0.00800031 -0.00812002
0 -0.00525058 -0.00755853 -0.00738461
0 -0.00518707 -0.00723686 -0.00696505
0 -0.00503772 -0.00707611 -0.00687465
0 -0.00482588 -0.00707562 -0.0070934
0 -0.00458787 -0.0071897 -0.0075933
0 -0.00435678 -0.00734592 -0.00831784
0 -0.00414221 -0.00747304 -0.00916493
0 -0.00392745 -0.00751987 -0.0100142
0 -0.00369202 -0.00746171 -0.0107509
0 -0.00343509 -0.00730427 -0.0112696
0 -0.00318121 -0.00708303 -0.0114931
0 -0.00297792 -0.00684878 -0.0114045
0 -0.00288402 -0.00664939 -0.011049
0 -0.00294285 -0.00651913 -0.0104914
0 -0.00315651 -0.00646973 -0.00978797
0 -0.00347612 -0.00648265 -0.00899731
0 -0.00381286 -0.00651177 -0.00816998
0 -0.00406991 -0.00649762 -0.00733555
0 -0.00417626 -0.00637923 -0.00651472
0 -0.00409773 -0.00609922 -0.00573474
0 -0.00383108 -0.0056181 -0.00502858
0 -0.00339776 -0.00493108 -0.00440176
0 -0.00283464 -0.00406515 -0.0038225
0 -0.0021783 -0.00306177 -0.00324967
0 -0.00145348 -0.00196491 -0.00262766
0 -0.000682914 -0.000815025 -0.00187398
0 8.87784e-05 0.000355029 -0.000917489
0 0.000793228 0.00151389 0.00026843
0 0.00136087 0.00262159 0.00167354
0 0.00173954 0.00362866 0.00325556
0 0.0019 0.0044818 0.0049414
0 0.00184079 0.00513067 0.00663438
0 0.00159532 0.00554002 0.00822532
0 0.00123001 0.00570569 0.00961492
0 0.000827988 0.00565817 0.0107181
0 0.000462689 0.00545159 0.0114476
0 0.000180605 0.00514797 0.0117274
0 2.91817e-06 0.0048023 0.0115249
0 -6.79416e-05 0.00444952 0.0108448
0 -4.51682e-05 0.00409265 0.00971043
0 4.89396e-05 0.00370661 0.00818861
0 0.000191986 0.00326336 0.00639899
0 0.000355069 0.00274629 0.00447643
0 0.000482267 0.00213687 0.00253121
0 0.000486378 0.00139635 0.000627038
0 0.000276247 0.000471965 -0.00120908
0 -0.000202974 -0.000673753 -0.00295419
0 -0.00094395 -0.00203756 -0.00458646
0 -0.00187808 -0.00357245 -0.00609877
0 -0.00290007 -0.00520249 -0.00748976
0 -0.00390729 -0.00683755 -0.00876947
0 -0.00482191 -0.00837762 -0.00996962
0 -0.00557612 -0.00971914 -0.0111181
0 -0.0061077 -0.0107754 -0.0122277
0 -0.00638717 -0.0114995 -0.0133089
0 -0.00643348 -0.0118967 -0.0143583
0 -0.00629796 -0.0120222 -0.0153464
0 -0.00604041 -0.0119628 -0.0162318
0 -0.00572274 -0.0118119 -0.0169644
0 -0.00541514 -0.0116509 -0.0174895
0 -0.00519403 -0.0115423 -0.0177784
0 -0.00512317 -0.0115262 -0.0178404
0 -0.0052361 -0.0116228 -0.0177034
0 -0.00553542 -0.0118376 -0.0174188
0 -0.00599527 -0.012165 -0.017063
0 -0.00655594 -0.0125854 -0.0167048
0 -0.00712351 -0.013053 -0.0163944
0 -0.00759078 -0.0134961 -0.0161746
0 -0.00787238 -0.0138349 -0.016075
0 -0.00792825 -0.0140016 -0.0161019
0 -0.00776299 -0.0139544 -0.016242
0 -0.00741278 -0.0136878 -0.0164794
0 -0.00693168 -0.0132386 -0.0167872
0 -0.00638141 -0.0126726 -0.0170974
0 -0.00582178 -0.0120577 -0.0173098
0 -0.00530095 -0.0114515 -0.0173314
0 -0.00485837 -0.0108966 -0.0171012
0 -0.00453423 -0.0104152 -0.0165937
0 -0.00436207 -0.0100092 -0.0158161
0 -0.00434862 -0.00966348 -0.014808
0 -0.0044618 -0.00934861 -0.0136234
0 -0.00463538 -0.00902346 -0.0123122
0 -0.00478623 -0.00864021 -0.0109262
0 -0.0048348 -0.00815699 -0.00952307
0 -0.00472259 -0.00754795 -0.00814751
0 -0.0044241 -0.00679378 -0.00681975
0 -0.00394491 -0.00587227 -0.00555926
0 -0.00331167 -0.00477545 -0.00437941
0 -0.00256315 -0.00352675 -0.00325349
0 -0.00173778 -0.00217013 -0.00213545
0 -0.000868757 -0.000751518 -0.000984196
0 2.44241e-06 0.000686108 0.000253839
0 0.000820397 0.00209974 0.0016346
0 0.00153136 0.00344565 0.00318197
0 0.00209488 0.00468306 0.00488256
0 0.00248325 0.00577816 0.00669963
0 0.00268397 0.00670551 0.00857094
0 0.00270844 0.00744854 0.0104105
0 0.00259543 0.0080005 0.0121297
0 0.00240066 0.00836535 0.0136406
0 0.00217705 0.00855795 0.0148465
0 0.00196284 0.0086009 0.0156553
0 0.00178362 0.00851672 0.0160074
0 0.00165404 0.00831929 0.0158749
0 0.00157131 0.00800551 0.0152398
0 0.00151348 0.00755401 0.0141141
0 0.00145104 0.0069389 0.0125575
0 0.0013595 0.00614602 0.0106469
0 0.00122066 0.00517725 0.00846931
0 0.00101652 0.00404984 0.00613985
0 0.000725759 0.00279456 0.00376871
0 0.000327531 0.00144354 0.00142031
0 -0.000190665 1.79168e-05 -0.000858403
0 -0.000827984 -0.00146735 -0.0030133
0 -0.00157008 -0.00299376 -0.00501757
0 -0.00238908 -0.00454018 -0.00687755
0 -0.00324898 -0.00608574 -0.0086008
0 -0.00411182 -0.00760757 -0.0101977
0 -0.0049368 -0.0090758 -0.0116972
0 -0.00568594 -0.0104545 -0.0131385
0 -0.00633332 -0.0117124 -0.0145543
0 -0.00686662 -0.0128293 -0.0159655
0 -0.00728429 -0.0137971 -0.017381
0 -0.00759131 -0.014621 -0.0187904
0 -0.0077978 -0.0153182 -0.020162
0 -0.0079224 -0.015913 -0.0214579
0 -0.0079956 -0.0164326 -0.0226455
0 -0.00805535 -0.0169008 -0.0236939
0 -0.00813544 -0.0173327 -0.0245761
0 -0.00825582 -0.0177334 -0.0252703
0 -0.00841984 -0.0180987 -0.0257595
0 -0.0086148 -0.018414 -0.0260374
0 -0.00881399 -0.0186557 -0.0261054
0 -0.00898324 -0.0187961 -0.025971
0 -0.00909207 -0.0188103 -0.0256557
0 -0.00912204 -0.0186834 -0.0251942
0 -0.00906714 -0.018413 -0.0246209
0 -0.00892855 -0.0180066 -0.0239611
0 -0.00870994 -0.0174783 -0.0232353
0 -0.00841631 -0.0168466 -0.0224551
0 -0.00805432 -0.0161288 -0.0216171
0 -0.00763189 -0.0153362 -0.0207073
0 -0.00715835 -0.0144722 -0.0197079
0 -0.00664624 -0.0135362 -0.0186011
0 -0.00611258 -0.0125292 -0.0173728
0 -0.00557605 -0.0114572 -0.0160162
0 -0.00504982 -0.0103293 -0.0145288
0 -0.00453455 -0.00915208 -0.0129074
0 -0.00402054 -0.00792784 -0.0111509
0 -0.00349991 -0.00666009 -0.00927079
0 -0.00297689 -0.0053611 -0.00729808
0 -0.00246137 -0.00405289 -0.00527652
0 -0.0019547 -0.00275471 -0.00324425
0 -0.00144968 -0.00146914 -0.00122647
0 -0.000939663 -0.000190888 0.000747425
0 -0.000422424 0.00107694 0.00264774
0 0.000102244 0.00232398 0.00446466
0 0.000634124 0.00354164 0.00619111
0 0.00116883 0.00472323 0.00780972
0 0.00169394 0.00585671 0.00931166
0 0.00219119 0.0069212 0.0106966
0 0.00264293 0.00789259 0.0119584
0 0.00303662 0.00875324 0.0130909
0 0.00336573 0.00949547 0.0140971
0 0.00362898 0.0101165 0.0149807
0 0.00382806 0.0106145 0.015739
0 0.00396573 0.0109902 0.0163657
0 0.00404665 0.0112506 0.016855
0 0.00407798 0.011405 0.0171997
0 0.00406589 0.0114592 0.0173876
0 0.00401222 0.0114123 0.0174064
0 0.00391724 0.0112602 0.0172474
0 0.00378484 0.0110005 0.0169053
0 0.00362297 0.0106359 0.0163829
0 0.00344056 0.0101749 0.0156937
0 0.00324314 0.00962929 0.0148548
0 0.00302883 0.00901022 0.0138805
0 0.00278937 0.00832524 0.0127858
0 0.0025167 0.00757932 0.0115883
0 0.0022085 0.00677693 0.0103086
0 0.00186696 0.00592263 0.00896973
0 0.00149374 0.00501897 0.007593
0 0.0010868 0.00406417 0.00619038
0 0.000639377 0.00305132 0.00476198
0 0.000140855 0.00196985 0.00329843
0 -0.000417304 0.000809923 0.00178474
0 -0.00103495 -0.000432916 0.000204325
0 -0.0017032 -0.00175688 -0.00145797
0 -0.00240966 -0.00315669 -0.00321394
0 -0.00314424 -0.00462654 -0.00507128
0 -0.00389622 -0.0061585 -0.00703392
0 -0.00464493 -0.00773538 -0.00910036
0 -0.00536339 -0.00932738 -0.0112609
0 -0.0060297 -0.0108989 -0.0134969
0 -0.00663124 -0.0124198 -0.0157789
0 -0.00716812 -0.0138715 -0.0180702
0 -0.00765571 -0.015247 -0.0203309
0 -0.00811626 -0.0165507 -0.0225193
0 -0.00856779 -0.0177962 -0.0246009
0 -0.00902314 -0.0189967 -0.0265505
0 -0.00949224 -0.0201588 -0.0283336
0 -0.00997879 -0.0212813 -0.0299173
0 -0.0104772 -0.0223543 -0.0312969
0 -0.010975 -0.02336 -0.0324791
0 -0.0114569 -0.0242759 -0.0334717
0 -0.0119047 -0.0250783 -0.0342937
0 -0.012296 -0.0257461 -0.034963
0 -0.0126039 -0.0262604 -0.0354886
0 -0.0128003 -0.0266052 -0.0358721
0 -0.0128667 -0.0267692 -0.0361099
0 -0.012804 -0.0267494 -0.0361966
0 -0.0126308 -0.0265533 -0.0361269
0 -0.0123748 -0.0261975 -0.0358935
0 -0.012062 -0.0257023 -0.0354855
0 -0.0117143 -0.0250882 -0.0348864
0 -0.0113474 -0.0243734 -0.034079
0 -0.0109688 -0.0235716 -0.0330524
0 -0.0105793 -0.0226895 -0.0318055
0 -0.0101768 -0.0217282 -0.0303495
0 -0.00976067 -0.0206861 -0.0287103
0 -0.00933172 -0.0195641 -0.0269234
0 -0.0088897 -0.0183701 -0.0250296
0 -0.00843077 -0.0171197 -0.0230741
0 -0.00794932 -0.0158327 -0.0210926
0 -0.00744089 -0.0145261 -0.0191121
0 -0.00690334 -0.0132128 -0.0171634
0 -0.00633778 -0.0119045 -0.0152739
0 -0.00575116 -0.0106112 -0.0134607
0 -0.00515514 -0.0093391 -0.0117335
0 -0.00456012 -0.00809178 -0.0100921
0 -0.00397046 -0.0068712 -0.00852358
0 -0.0033841 -0.00567492 -0.00700945
0 -0.00279667 -0.00449658 -0.00553062
0 -0.00220646 -0.00332986 -0.00406722
0 -0.00161588 -0.00216867 -0.00259936
0 -0.00103063 -0.00100727 -0.00111083
0 -0.000459453 0.000156395 0.000408848
0 8.73954e-05 0.00131847 0.00196459
0 0.00060147 0.00247104 0.00355387
0 0.00107941 0.00360616 0.0051707
0 0.00152589 0.00471837 0.00681146
0 0.00195228 0.00580538 0.00846852
0 0.00236992 0.00686776 0.0101261
0 0.00278363 0.00790779 0.0117654
0 0.00319139 0.00892724 0.0133648
0 0.00358883 0.00992453 0.0149007
0 0.00397299 0.0108933 0.0163516
0 0.00434283 0.0118231 0.0177009
0 0.00469866 0.0127013 0.018937
0 0.0050408 0.013514 0.0200544
0 0.00536672 0.0142488 0.0210503
0 0.00566858 0.0148963 0.0219193
0 0.00593389 0.0154488 0.022655
0 0.00614918 0.0158991 0.0232531
0 0.0063041 0.0162405 0.0237093
0 0.00639405 0.016467 0.0240197
0 0.00642044 0.0165742 0.0241843
0 0.00638951 0.0165607 0.0242051
0 0.00631144 0.0164304 0.0240833
0 0.00619742 0.0161932 0.0238205
0 0.00605428 0.0158635 0.0234192
0 0.00588481 0.0154564 0.0228831
0 0.00569205 0.0149846 0.0222174
0 0.00547945 0.0144573 0.0214309
0 0.00524754 0.0138772 0.0205343
0 0.00499299 0.0132404 0.019538
0 0.00471134 0.0125396 0.0184521
0 0.00439955 0.0117693 0.0172866
0 0.00405554 0.0109291 0.0160508
0 0.00367666 0.0100221 0.014753
0 0.00325999 0.0090528 0.0133981
0 0.0028044 0.00802502 0.011985
0 0.00231151 0.00694148 0.0105108
0 0.00178404 0.00580458 0.00897325
0 0.0012247 0.00461556 0.00736859
0 0.000637463 0.00337301 0.00569032
0 2.81163e-05 0.00207462 0.00393323
0 -0.00059787 0.000720883 0.0020951
0 -0.00123818 -0.000684169 0.000175416
0 -0.00189559 -0.0021362 -0.00182602
0 -0.00257717 -0.00363508 -0.00390955
0 -0.0032866 -0.00518518 -0.00607199
0 -0.0040181 -0.00678691 -0.00830429
0 -0.00476289 -0.00843113 -0.0105996
0 -0.00551641 -0.0101092 -0.0129547
0 -0.00627789 -0.0118214 -0.0153621
0 -0.00704874 -0.0135684 -0.0178125
0 -0.00782885 -0.0153425 -0.0202934
0 -0.00861265 -0.0171282 -0.022789
0 -0.00939142 -0.0189085 -0.025284
0 -0.010158 -0.0206681 -0.0277624
0 -0.0109068 -0.0223944 -0.0302076
0 -0.0116316 -0.0240752 -0.0325987
0 -0.0123254 -0.0256956 -0.0349096
0 -0.0129886 -0.0272399 -0.0371156
0 -0.013625 -0.0286937 -0.0391922
0 -0.0142187 -0.0300432 -0.041116
0 -0.0147454 -0.031272 -0.0428674
0 -0.0152039 -0.0323589 -0.0444267
0 -0.0156033 -0.0332885 -0.0457732
0 -0.0159382 -0.0340547 -0.0468883
0 -0.0161963 -0.0346523 -0.047759
0 -0.0163744 -0.0350764 -0.0483769
0 -0.0164759 -0.0353243 -0.0487359
0 -0.0165009 -0.0353923 -0.048831
0 -0.0164446 -0.0352744 -0.0486594
0 -0.0163016 -0.0349655 -0.0482197
0 -0.0160685 -0.0344614 -0.0475127
0 -0.0157429 -0.0337569 -0.0465401
0 -0.0153195 -0.0328482 -0.0453028
0 -0.0147923 -0.0317337 -0.0438013
0 -0.0141617 -0.030414 -0.0420366
0 -0.0134359 -0.0288943 -0.0400104
0 -0.0126267 -0.0271822 -0.0377263
0 -0.0117435 -0.0252858 -0.0351898
0 -0.0107913 -0.023216 -0.0324084
0 -0.00977528 -0.0209888 -0.0293916
0 -0.00870141 -0.0186192 -0.0261493
0 -0.0075771 -0.0161182 -0.022696
0 -0.00641745 -0.0135043 -0.019053
0 -0.00524262 -0.010804 -0.0152412
0 -0.00406172 -0.00804242 -0.0112896
0 -0.00286707 -0.00524085 -0.00724252
0 -0.00164989 -0.0024137 -0.00314608
0 -0.000413182 0.000429145 0.000969129
0 0.000826223 0.00327426 0.00508153
0 0.0020429 0.00610147 0.00914816
0 0.00321716 0.00887975 0.0131235
0 0.00434046 0.0115709 0.0169851
0 0.00540562 0.014145 0.0207051
0 0.0064032 0.0165827 0.0242397
0 0.00732512 0.0188607 0.0275601
0 0.0081604 0.0209482 0.0306467
0 0.00887532 0.0228147 0.03345
0 0.0094326 0.0244286 0.0359183
0 0.00985653 0.0257598 0.0380328
0 0.010205 0.0268113 0.0397675
0 0.010482 0.0276178 0.0410892
0 0.0106544 0.0281826 0.041986
0 0.0107188 0.0284655 0.042446
0 0.0107 0.0284476 0.0424574
0 0.0106061 0.0281577 0.0420285
0 0.0104214 0.0276188 0.0411791
0 0.0101354 0.0268224 0.0399304
0 0.00975567 0.0257729 0.0383101
0 0.00928952 0.0245008 0.0363574
0 0.00873159 0.023028 0.0341137
0 0.00807758 0.0213642 0.0316188
0 0.00733902 0.0195245 0.0289104
0 0.00653224 0.0175346 0.0260258
0 0.00566546 0.0154297 0.0230073
0 0.0047492 0.0132454 0.0198915
0 0.00380022 0.0110043 0.0167034
0 0.00283005 0.00872322 0.0134653
0 0.00184642 0.00642992 0.0102047
0 0.000859278 0.0041547 0.00695493
0 -0.000121944 0.00191237 0.00374173
0 -0.00108535 -0.000290135 0.000580223
0 -0.00201551 -0.00243962 -0.00250867
0 -0.00290824 -0.00452187 -0.005497
0 -0.00377434 -0.00652509 -0.00836601
0 -0.00461872 -0.00844008 -0.0111045
0 -0.00543024 -0.0102653 -0.0136964
0 -0.00619624 -0.0120009 -0.0161253
0 -0.00691196 -0.0136354 -0.0183776
0 -0.00757434 -0.0151471 -0.0204456
0 -0.00817724 -0.0165199 -0.0223303
0 -0.00871507 -0.0177482 -0.0240281
0 -0.00918534 -0.0188269 -0.025532
0 -0.00958602 -0.0197468 -0.0268407
0 -0.00991373 -0.0205039 -0.0279475
0 -0.0101666 -0.0211046 -0.028842
0 -0.0103476 -0.0215582 -0.029524
0 -0.0104627 -0.0218685 -0.0299938
0 -0.0105171 -0.0220334 -0.0302464
0 -0.0105131 -0.0220494 -0.0302809
0 -0.0104504 -0.0219161 -0.0301002
0 -0.0103287 -0.0216357 -0.0297066
0 -0.0101489 -0.0212108 -0.029103
0 -0.00991045 -0.0206447 -0.028295
0 -0.00961095 -0.0199424 -0.0272908
0 -0.00925084 -0.0191114 -0.0261024
0 -0.00883645 -0.0181614 -0.0247471
0 -0.00837712 -0.017105 -0.0232461
0 -0.00788083 -0.015956 -0.0216181
0 -0.00735339 -0.0147299 -0.0198769
0 -0.00680076 -0.0134433 -0.0180414
0 -0.00623076 -0.0121129 -0.0161361
0 -0.00565285 -0.0107569 -0.0141846
0 -0.00507715 -0.0093954 -0.0122124
0 -0.00451388 -0.00804922 -0.0102501
0 -0.00397117 -0.006738 -0.00832802
0 -0.00345321 -0.00547912 -0.00646993
0 -0.00296263 -0.00428542 -0.00469223
0 -0.00250089 -0.00316599 -0.00301199
0 -0.00206534 -0.00212575 -0.00145139
0 -0.00164987 -0.00116074 -2.57457e-05
0 -0.00124811 -0.000259948 0.00126404
0 -0.000855129 0.000585407 0.00242112
0 -0.000469123 0.00137858 0.00344857
0 -9.11789e-05 0.00212206 0.00435892
0 0.000277776 0.00282093 0.00517397
0 0.000636128 0.00348028 0.00591495
0 0.000978043 0.00410091 0.00660065
0 0.00129503 0.00468032 0.00725004
0 0.00158155 0.00521872 0.0078816
0 0.00183748 0.00572222 0.00851114
0 0.00206584 0.00619936 0.00915075
0 0.00226978 0.00665657 0.00980744
0 0.00245172 0.00709808 0.0104819
0 0.00261452 0.00752784 0.0111695
0 0.0027628 0.00794908 0.0118621
0 0.00290204 0.00836198 0.0125489
0 0.00303537 0.00876226 0.0132157
0 0.00316188 0.00914182 0.0138454
0 0.00327796 0.00949001 0.0144197
0 0.00337851 0.00979419 0.0149193
0 0.00345558 0.0100388 0.015323
0 0.0034973 0.0102042 0.015608
0 0.00348921 0.0102665 0.0157503
0 0.0034171 0.0102 0.0157238
0 0.00327136 0.00998078 0.015503
0 0.00304827 0.00959104 0.0150657
0 0.00274649 0.00901943 0.0143926
0 0.0023654 0.00826006 0.0134659
0 0.00190506 0.00731165 0.0122691
0 0.00136623 0.00617635 0.0107889
0 0.00075157 0.00485756 0.00901731
0 6.63391e-05 0.00335929 0.0069531
0 -0.000680853 0.00168941 0.00460504
0 -0.00147683 -0.000137019 0.00199378
0 -0.00230839 -0.00209865 -0.000848918
0 -0.00317365 -0.00417395 -0.00388494
0 -0.00407538 -0.00634375 -0.00707476
0 -0.00499756 -0.00857757 -0.0103743
0 -0.00590987 -0.0108266 -0.0137301
0 -0.00679401 -0.0130452 -0.0170831
0 -0.00764807 -0.0152049 -0.0203731
0 -0.00846866 -0.0172841 -0.0235347
0 -0.00924193 -0.0192542 -0.0265083
0 -0.00995156 -0.0210764 -0.029248
0 -0.0105862 -0.0227092 -0.0316966
0 -0.0111381 -0.0241208 -0.0337976
0 -0.0115983 -0.025287 -0.0355179
0 -0.0119542 -0.0261831 -0.0368278
0 -0.01219 -0.0267789 -0.0376928
0 -0.0122892 -0.0270449 -0.0380908
0 -0.01224 -0.026965 -0.0380129
0 -0.0120412 -0.0265446 -0.0374569
0 -0.0117048 -0.0257994 -0.0364323
0 -0.0112468 -0.0247446 -0.0349605
0 -0.0106785 -0.0234031 -0.0330705
0 -0.0100121 -0.0218136 -0.030799
0 -0.00926667 -0.0200175 -0.0281932
0 -0.00846099 -0.0180496 -0.0253062
0 -0.00760749 -0.0159444 -0.0221964
0 -0.00671746 -0.0137438 -0.0189237
0 -0.00580711 -0.0114918 -0.0155462
0 -0.00489686 -0.00922556 -0.0121275
0 -0.00400726 -0.00698079 -0.00874071
0 -0.00315144 -0.0048031 -0.00545401
0 -0.00232892 -0.00273114 -0.00231133
0 -0.00153229 -0.000774257 0.000656514
0 -0.000758347 0.00107114 0.00340427
0 -1.26512e-05 0.00279583 0.00589657
0 0.000687777 0.0043775 0.00812246
0 0.00131989 0.00579165 0.010065
0 0.00186973 0.0070207 0.0117072
0 0.00233889 0.0080567 0.0130563
0 0.00273288 0.008895 0.014129
0 0.0030475 0.00952906 0.0149328
0 0.0032717 0.0099565 0.0154761
0 0.00340089 0.0101871 0.015773
0 0.00344091 0.0102385 0.0158349
0 0.00339925 0.010125 0.0156697
0 0.00327973 0.00985447 0.0152877
0 0.00308842 0.00943448 0.014701
0 0.00283828 0.00887604 0.0139214
0 0.0025431 0.00819203 0.0129599
0 0.00221046 0.00739565 0.0118292
0 0.00184249 0.00650059 0.0105427
0 0.00144083 0.00552132 0.00911472
0 0.0010093 0.00447214 0.00756149
0 0.000552351 0.00336485 0.00590263
0 7.27944e-05 0.002207 0.00415955
0 -0.000426693 0.0010038 0.00235447
0 -0.000941171 -0.000237101 0.000510906
0 -0.00146554 -0.00150294 -0.00135003
0 -0.00199841 -0.00277953 -0.00320955
0 -0.00254232 -0.00405779 -0.00504741
0 -0.00310069 -0.00533379 -0.00684886
0 -0.00367195 -0.00659925 -0.00860638
0 -0.00424442 -0.00783647 -0.0103087
0 -0.00479893 -0.00902823 -0.0119389
0 -0.00531703 -0.0101635 -0.0134826
0 -0.00578598 -0.0112268 -0.0149273
0 -0.0061962 -0.0121916 -0.0162564
0 -0.00653775 -0.0130303 -0.0174528
0 -0.00680249 -0.0137224 -0.0185002
0 -0.00698768 -0.0142548 -0.0193778
0 -0.00709476 -0.0146202 -0.0200607
0 -0.00712569 -0.0148164 -0.0205248
0 -0.00708219 -0.0148456 -0.0207487
0 -0.0069683 -0.0147112 -0.0207138
0 -0.00679148 -0.0144162 -0.0204068
0 -0.00655989 -0.0139625 -0.019822
0 -0.00627971 -0.013351 -0.0189617
0 -0.00595477 -0.0125846 -0.0178361
0 -0.00558732 -0.0116712 -0.016462
0 -0.00517837 -0.0106227 -0.0148635
0 -0.00472752 -0.00945371 -0.0130708
0 -0.00423308 -0.0081804 -0.011118
0 -0.00369357 -0.00681878 -0.00904125
0 -0.0031114 -0.00538336 -0.00687833
0 -0.00249359 -0.00389145 -0.00466331
0 -0.001846 -0.00236328 -0.00242052
0 -0.00117145 -0.000811699 -0.000175495
0 -0.000478452 0.000753147 0.00203428
0 0.000211287 0.00230926 0.00418223
0 0.000870703 0.00382338 0.00625888
0 0.00148211 0.00525979 0.00824278
0 0.00203928 0.00658691 0.0101067
0 0.00253608 0.00778156 0.0118363
0 0.00295853 0.00882624 0.013413
0 0.00329108 0.00970298 0.0148049
0 0.00352714 0.0103964 0.0159804
0 0.00366951 0.010901 0.0169105
0 0.00372247 0.0112161 0.0175655
0 0.00368867 0.011335 0.0179193
0 0.00357353 0.0112447 0.0179505
0 0.00338682 0.0109375 0.0176397
0 0.00313562 0.0104139 0.016975
0 0.00281827 0.00967635 0.015954
0 0.00242683 0.00872499 0.0145779
0 0.00195203 0.00755889 0.0128511
0 0.00138609 0.00617959 0.0107854
0 0.00072471 0.00459067 0.00840179
0 -3.19837e-05 0.00279659 0.00572964
0 -0.000879948 0.000804539 0.0027982
0 -0.00181139 -0.00137305 -0.00036493
0 -0.00281852 -0.00371885 -0.00372752
0 -0.00390397 -0.00621622 -0.00725531
0 -0.00506901 -0.00884406 -0.0109181
0 -0.00628358 -0.0115585 -0.0146853
0 -0.00749631 -0.0143014 -0.0185163
0 -0.0086727 -0.0170253 -0.0223641
0 -0.009803 -0.0196971 -0.0261795
0 -0.0108794 -0.0222856 -0.0299198
0 -0.0118813 -0.02475 -0.0335425
0 -0.012786 -0.0270404 -0.0369751
0 -0.013592 -0.0291166 -0.0401412
0 -0.0143077 -0.0309611 -0.0429849
0 -0.0149112 -0.0325501 -0.0454449
0 -0.0153685 -0.0338269 -0.0474573
0 -0.0156771 -0.0347467 -0.0489756
0 -0.0158547 -0.0353116 -0.0499655
0 -0.0159072 -0.0355333 -0.0504009
0 -0.0158298 -0.0354043 -0.05027
0 -0.0156257 -0.0349227 -0.04958
0 -0.0153076 -0.034114 -0.0483557
0 -0.0148858 -0.0330097 -0.0466372
0 -0.0143626 -0.0316307 -0.0444795
0 -0.0137388 -0.0299999 -0.0419463
0 -0.0130229 -0.028153 -0.0391043
0 -0.0122262 -0.0261276 -0.0360221
0 -0.0113512 -0.0239501 -0.0327663
0 -0.0103974 -0.0216451 -0.0293979
0 -0.00937396 -0.0192446 -0.0259719
0 -0.00830216 -0.0167893 -0.0225322
0 -0.00721227 -0.0143253 -0.0191086
0 -0.0061342 -0.0118924 -0.015733
0 -0.00508373 -0.00951663 -0.0124346
0 -0.00406184 -0.00721113 -0.00922977
0 -0.00306794 -0.00498549 -0.0061311
0 -0.00210438 -0.00284863 -0.00314052
0 -0.00116991 -0.000796584 -0.000252114
0 -0.000263243 0.001183 0.00252371
0 0.000606509 0.00309124 0.00517462
0 0.00142786 0.00491997 0.00770993
0 0.00220176 0.00666976 0.0101383
0 0.00293952 0.00834996 0.012459
0 0.00365107 0.00996409 0.014682
0 0.00433936 0.011508 0.016823
0 0.00500248 0.0129808 0.0188848
0 0.00563597 0.014388 0.0208614
0 0.00623351 0.0157341 0.0227487
0 0.00678847 0.017016 0.0245459
0 0.00729503 0.0182239 0.026246
0 0.00774906 0.0193449 0.0278358
0 0.00814898 0.0203642 0.0293062
0 0.00849312 0.021267 0.0306483
0 0.00877166 0.0220395 0.0318432
0 0.00897295 0.022669 0.0328659
0 0.00910353 0.0231452 0.0336928
0 0.00917699 0.0234628 0.0343019
0 0.0091894 0.0236201 0.0346725
0 0.00913137 0.023614 0.0347863
0 0.00901014 0.0234393 0.0346299
0 0.00883931 0.0230924 0.034196
0 0.00862057 0.0225757 0.0334835
0 0.00835047 0.0218936 0.0324965
0 0.00802672 0.0210504 0.0312446
0 0.00764295 0.0200493 0.02974
0 0.00719253 0.0188935 0.0279961
0 0.00667112 0.0175874 0.026033
0 0.00607451 0.0161346 0.0238745
0 0.00540201 0.0145354 0.021539
0 0.00465632 0.0127901 0.019042
0 0.00383927 0.010905 0.0163975
0 0.00295364 0.00889072 0.0136119
0 0.00200457 0.0067587 0.0106877
0 0.000995165 0.00452103 0.00763084
0 -7.30726e-05 0.00219092 0.0044442
0 -0.00119604 -0.000221656 0.00112671
0 -0.0023608 -0.00271652 -0.00231342
0 -0.00355018 -0.00529583 -0.00586413
0 -0.00475953 -0.00794904 -0.00951893
0 -0.00598548 -0.0106581 -0.0132694
0 -0.00720985 -0.013409 -0.0171031
0 -0.00841956 -0.0161898 -0.0210057
0 -0.00962145 -0.0189888 -0.0249576
0 -0.0108251 -0.0217967 -0.0289371
0 -0.0120279 -0.0246009 -0.0329339
0 -0.013236 -0.0273841 -0.0369245
0 -0.0144708 -0.0301378 -0.0408591
0 -0.0157178 -0.0328684 -0.0447013
0 -0.0169229 -0.0355583 -0.0484248
0 -0.0180567 -0.0381409 -0.0519917
0 -0.0191294 -0.0405628 -0.0553709
0 -0.0201451 -0.0428202 -0.0585405
0 -0.0210797 -0.0449042 -0.0614712
0 -0.0219008 -0.0467699 -0.0641299
0 -0.0225896 -0.0483723 -0.0664865
0 -0.0231406 -0.0496954 -0.0685109
0 -0.023549 -0.0507356 -0.0701753
0 -0.0238037 -0.0514776 -0.0714559
0 -0.0238948 -0.0518951 -0.0723276
0 -0.0238236 -0.0519712 -0.0727622
0 -0.0236031 -0.0517087 -0.072735
0 -0.0232479 -0.0511208 -0.0722227
0 -0.0227642 -0.0502182 -0.0712013
0 -0.0221552 -0.0490084 -0.0696614
0 -0.0214315 -0.0474994 -0.0676124
0 -0.0206074 -0.0456998 -0.06507
0 -0.019691 -0.0436171 -0.0620634
0 -0.018685 -0.0412609 -0.0586398
0 -0.0175938 -0.0386529 -0.0548499
0 -0.0164205 -0.0358268 -0.0507439
0 -0.015158 -0.0328099 -0.0463771
0 -0.0137946 -0.0296166 -0.041799
0 -0.0123309 -0.0262649 -0.0370477
0 -0.0107881 -0.0227848 -0.0321678
0 -0.00919481 -0.0192137 -0.0271998
0 -0.00757373 -0.0155847 -0.0221704
0 -0.00593625 -0.0119203 -0.0171131
0 -0.00428846 -0.00824357 -0.012062
0 -0.00263998 -0.0045845 -0.00703296
0 -0.00100586 -0.000977738 -0.00203567
0 0.000590952 0.00254529 0.00291095
0 0.0021221 0.00596526 0.00777568
0 0.0035668 0.00927271 0.0125257
0 0.00491682 0.012457 0.017145
0 0.00616937 0.0154989 0.0216181
0 0.00732351 0.0183743 0.0259106
0 0.00838257 0.0210614 0.0299908
0 0.0093307 0.023543 0.0338343
0 0.0101139 0.0257989 0.0373978
0 0.0107223 0.0277821 0.0406274
0 0.0112464 0.0294516 0.0434695
0 0.0117514 0.0308656 0.0458868
0 0.0121921 0.0321161 0.0478823
0 0.0125231 0.0331758 0.0494507
0 0.0127738 0.0339539 0.0505629
0 0.01298 0.034437 0.0512198
0 0.0131287 0.034669 0.0514431
0 0.0131834 0.0346487 0.0512411
0 0.0131175 0.0343296 0.0506191
0 0.01292 0.0336987 0.049595
0 0.0125857 0.0327885 0.0481968
0 0.0121118 0.0316229 0.0464548
0 0.0115082 0.0301988 0.0443973
0 0.0107971 0.0285185 0.0420533
0 0.00999726 0.026618 0.0394512
0 0.00912617 0.0245552 0.0366186
0 0.00820813 0.0223735 0.0335867
0 0.00726425 0.0201027 0.0303896
0 0.00631116 0.0177869 0.0270616
0 0.00537029 0.0154781 0.0236438
0 0.0044605 0.0132059 0.0201856
0 0.00358647 0.0109787 0.0167404
0 0.00274427 0.00880599 0.0133622
0 0.00193091 0.006702 0.0100974
0 0.00114632 0.0046812 0.00698623
0 0.000388095 0.00275867 0.00406712
0 -0.000353825 0.000943464 0.00136536
0 -0.0010899 -0.000763662 -0.00110575
0 -0.00181916 -0.00236245 -0.0033342
0 -0.00253263 -0.00385339 -0.00532109
0 -0.00322801 -0.00524408 -0.00708582
0 -0.00391099 -0.00654754 -0.0086534
0 -0.00458011 -0.00777588 -0.0100546
0 -0.00522215 -0.00893861 -0.0113312
0 -0.00582607 -0.0100444 -0.0125296
0 -0.00639287 -0.0111015 -0.013696
0 -0.0069287 -0.0121193 -0.0148724
0 -0.00743558 -0.0131102 -0.0160942
0 -0.00791251 -0.0140907 -0.0173896
0 -0.00836224 -0.0150777 -0.0187774
0 -0.00879308 -0.0160861 -0.0202649
0 -0.00921444 -0.0171284 -0.0218502
0 -0.00963367 -0.018213 -0.023524
0 -0.0100568 -0.0193407 -0.0252686
0 -0.0104899 -0.0205039 -0.0270637
0 -0.0109381 -0.0216916 -0.0288885
0 -0.0114025 -0.0228933 -0.0307187
0 -0.0118791 -0.0240988 -0.0325296
0 -0.0123589 -0.0252928 -0.0342974
0 -0.0128298 -0.0264551 -0.0359937
0 -0.0132795 -0.0275641 -0.0375912
0 -0.0136982 -0.0286008 -0.0390745
0 -0.0140843 -0.0295493 -0.0404327
0 -0.0144435 -0.0303961 -0.0416531
0 -0.0147714 -0.0311308 -0.0427249
0 -0.0150448 -0.0317443 -0.0436361
0 -0.0152419 -0.032225 -0.0443714
0 -0.0153606 -0.0325598 -0.0449153
0 -0.0154086 -0.03274 -0.0452546
0 -0.0153865 -0.0327668 -0.0453779
0 -0.0152905 -0.0326421 -0.0452748
0 -0.0151231 -0.0323555 -0.0449369
0 -0.0148902 -0.0318958 -0.0443579
0 -0.0145936 -0.0312681 -0.0435336
0 -0.014232 -0.0304816 -0.0424622
0 -0.0138031 -0.029535 -0.041145
0 -0.0133068 -0.0284242 -0.0395864
0 -0.0127411 -0.0271509 -0.0377935
0 -0.0121006 -0.0257169 -0.0357738
0 -0.0113824 -0.0241198 -0.0335363
0 -0.0105891 -0.0223596 -0.0310925
0 -0.00972662 -0.0204447 -0.0284569
0 -0.00880136 -0.0183902 -0.0256416
0 -0.00781991 -0.0162135 -0.0226531
0 -0.00679193 -0.0139328 -0.0195044
0 -0.00573292 -0.0115671 -0.0162183
0 -0.00466219 -0.00913507 -0.0128172
0 -0.00359112 -0.00666093 -0.00932597
0 -0.00251741 -0.00417334 -0.00577579
0 -0.00143727 -0.00168916 -0.00219266
0 -0.000355483 0.000788141 0.00139675
0 0.000713775 0.00325065 0.00495436
0 0.00175167 0.0056795 0.00845271
0 0.00274591 0.00805026 0.0118732
0 0.00369658 0.0103386 0.0151851
0 0.00460653 0.0125261 0.0183605
0 0.00547038 0.0146008 0.0213831
0 0.00627845 0.0165489 0.024231
0 0.0070256 0.0183522 0.0268783
0 0.00771055 0.0199969 0.0293045
0 0.00832926 0.021481 0.0314944
0 0.00887072 0.0228074 0.0334396
0 0.00932033 0.0239737 0.0351347
0 0.00968131 0.0249705 0.0365724
0 0.0099857 0.0257909 0.0377503
0 0.0102562 0.0264376 0.0386723
0 0.0104768 0.0269211 0.0393421
0 0.0106251 0.0272496 0.0397655
0 0.0107049 0.0274205 0.0399502
0 0.0107295 0.0274277 0.0399027
0 0.0106926 0.027278 0.0396324
0 0.0105805 0.0269796 0.0391517
0 0.0103933 0.0265258 0.0384678
0 0.010137 0.0259089 0.0375851
0 0.00981216 0.0251356 0.0365105
0 0.00941563 0.0242149 0.0352469
0 0.00894484 0.0231461 0.0337909
0 0.00840098 0.0219257 0.0321385
0 0.00778817 0.0205571 0.0302871
0 0.0071103 0.0190476 0.0282342
0 0.0063696 0.0174004 0.0259763
0 0.00557031 0.0156135 0.0235091
0 0.00471705 0.0136866 0.0208301
0 0.00380883 0.0116243 0.0179414
0 0.00284346 0.00943194 0.0148496
0 0.00182315 0.00711293 0.011563
0 0.000747742 0.0046701 0.00808956
0 -0.000390057 0.00210682 0.00444239
0 -0.0015909 -0.000576883 0.000640819
0 -0.00284162 -0.00337875 -0.0032987
0 -0.0041325 -0.00628379 -0.00736196
0 -0.00546184 -0.0092717 -0.0115284
0 -0.00681918 -0.012323 -0.0157751
0 -0.00818389 -0.0154149 -0.0200813
0 -0.00953711 -0.018524 -0.0244272
0 -0.0108648 -0.0216275 -0.0287868
0 -0.0121562 -0.0246963 -0.0331255
0 -0.013411 -0.0276949 -0.0374214
0 -0.0146544 -0.0305965 -0.041647
0 -0.0158981 -0.0334048 -0.0457485
0 -0.0170881 -0.036126 -0.0496762
0 -0.0181608 -0.038701 -0.0533867
0 -0.0191108 -0.0410399 -0.056827
0 -0.0199602 -0.0431145 -0.0599505
0 -0.020708 -0.0449408 -0.06272
0 -0.0213298 -0.0465002 -0.0650962
0 -0.0218001 -0.0477363 -0.0670368
0 -0.022105 -0.0486072 -0.0685038
0 -0.0222416 -0.0491039 -0.0694635
0 -0.0222082 -0.0492267 -0.0698834
0 -0.0220013 -0.0489633 -0.0697331
0 -0.0216229 -0.0482966 -0.0689864
0 -0.0210795 -0.0472259 -0.0676313
0 -0.0203771 -0.0457652 -0.0656721
0 -0.0195228 -0.0439233 -0.0631203
0 -0.0185246 -0.0417012 -0.0599978
0 -0.0173926 -0.0391143 -0.0563426
0 -0.0161413 -0.0362024 -0.0522026
0 -0.0147805 -0.0330074 -0.0476315
0 -0.013309 -0.0295548 -0.0426845
0 -0.0117278 -0.0258683 -0.0374176
0 -0.0100571 -0.0219883 -0.0318959
0 -0.00833212 -0.0179707 -0.0261798
0 -0.00657853 -0.0138717 -0.0203196
0 -0.00480417 -0.00972944 -0.0143865
0 -0.00301196 -0.00557267 -0.00845365
0 -0.0012113 -0.00143884 -0.00256433
0 0.000568732 0.00262731 0.0032456
0 0.0022781 0.00657778 0.00892185
0 0.00387389 0.0103621 0.0144001
0 0.00533991 0.0139351 0.0196382
0 0.0066739 0.0172646 0.0246097
0 0.00787233 0.0203261 0.0292693
0 0.00892698 0.0230917 0.0335623
0 0.0097854 0.0255243 0.0374421
0 0.0103947 0.0275579 0.0408556
0 0.0108341 0.029143 0.0437258
0 0.0112209 0.0303601 0.046003
0 0.0115478 0.0313381 0.0477058
0 0.0117593 0.0320663 0.0488304
0 0.0118626 0.0324488 0.0493432
0 0.0118974 0.032468 0.0492577
0 0.0118697 0.0321713 0.0486082
0 0.0117431 0.0315671 0.0474233
0 0.0114751 0.0306223 0.0457412
0 0.0110494 0.0293253 0.0436071
0 0.0104683 0.0277012 0.0410688
0 0.00972534 0.0257835 0.0381726
0 0.00881169 0.0235886 0.0349645
0 0.0077419 0.021121 0.03149
0 0.00655262 0.0184109 0.027777
0 0.00528015 0.0155196 0.023843
0 0.0039486 0.0124964 0.0197122
0 0.00257145 0.00936685 0.0154068
0 0.00115404 0.00615993 0.0109444
0 -0.000290186 0.00291143 0.00635184
0 -0.00172123 -0.000349283 0.00166951
0 -0.00310112 -0.00359601 -0.00306067
0 -0.00443033 -0.00680886 -0.00780205
0 -0.00572836 -0.00997576 -0.0125143
0 -0.00699873 -0.0130803 -0.0171491
0 -0.00822776 -0.0161026 -0.0216599
0 -0.00940435 -0.0190275 -0.0260121
0 -0.0105302 -0.0218404 -0.0301663
0 -0.0116126 -0.0245227 -0.0340862
0 -0.012654 -0.0270523 -0.0377557
0 -0.0136517 -0.0294103 -0.0411458
0 -0.0146149 -0.0315869 -0.0442251
0 -0.0155484 -0.033586 -0.046988
0 -0.0164111 -0.0354017 -0.0494272
0 -0.017144 -0.0369837 -0.0515275
0 -0.0177289 -0.0382796 -0.0532826
0 -0.0181815 -0.0392909 -0.0546918
0 -0.0185113 -0.0400358 -0.0557472
0 -0.0187026 -0.040501 -0.0564354
0 -0.0187315 -0.040658 -0.0567443
0 -0.0185946 -0.0404945 -0.0566595
0 -0.0183137 -0.0400192 -0.0561641
0 -0.0179065 -0.0392482 -0.0552466
0 -0.0173723 -0.0381856 -0.0539012
0 -0.0167097 -0.036826 -0.0521236
0 -0.0159342 -0.0351797 -0.0499177
0 -0.0150681 -0.0332755 -0.0472996
0 -0.0141233 -0.0311366 -0.0442912
0 -0.0130986 -0.0287698 -0.0409226
0 -0.0119894 -0.0261856 -0.037229
0 -0.0107969 -0.0234066 -0.0332446
0 -0.0095269 -0.0204548 -0.0290133
0 -0.00818874 -0.0173502 -0.0245762
0 -0.00679687 -0.0141183 -0.0199577
0 -0.0053635 -0.0107882 -0.0152003
0 -0.00389131 -0.00739025 -0.0103666
0 -0.0023828 -0.00395238 -0.00550004
0 -0.000847935 -0.000496574 -0.000621009
0 0.000694624 0.00295804 0.00424273
0 0.00221365 0.0063876 0.00904786
0 0.00367803 0.00975358 0.0137637
0 0.0050708 0.0130106 0.0183756
0 0.00638177 0.0161262 0.0228579
0 0.00760051 0.0190816 0.0271732
0 0.00871543 0.0218556 0.0312905
0 0.00968741 0.0244149 0.0351748
0 0.0104632 0.0267195 0.0387782
0 0.0110678 0.0287169 0.0420474
0 0.0115937 0.0303852 0.0449274
0 0.0120744 0.0317989 0.0473847
0 0.0124704 0.0330278 0.0494077
0 0.0127636 0.0340226 0.0509691
0 0.0129812 0.0347124 0.0520387
0 0.0131421 0.0351064 0.0526178
0 0.0132297 0.0352394 0.0527204
0 0.0132123 0.0350915 0.0523465
0 0.0130699 0.0346142 0.0515021
0 0.0127973 0.0338049 0.050214
0 0.0123887 0.0326994 0.0485125
0 0.0118363 0.03131 0.0464248
0 0.0111418 0.0296233 0.0439797
0 0.0103134 0.0276437 0.0412034
0 0.00935899 0.0254075 0.0381164
0 0.00829401 0.0229548 0.0347395
0 0.00714146 0.0203083 0.0310978
0 0.00592109 0.017493 0.0272143
0 0.00465413 0.0145528 0.0231084
0 0.00336305 0.0115317 0.0188067
0 0.00205254 0.00845229 0.0143455
0 0.000716618 0.00532119 0.00976758
0 -0.000630028 0.00215159 0.00511667
0 -0.00195539 -0.00102583 0.000432319
0 -0.00324258 -0.00418138 -0.00424313
0 -0.0045039 -0.00729777 -0.00886172
0 -0.00576155 -0.0103591 -0.0133808
0 -0.00701804 -0.0133492 -0.0177649
0 -0.00825153 -0.016256 -0.0219807
0 -0.00943734 -0.0190644 -0.0260018
0 -0.0105659 -0.0217517 -0.029804
0 -0.0116399 -0.0242963 -0.0333746
0 -0.0126606 -0.0266854 -0.0367198
0 -0.0136212 -0.0289102 -0.0398303
0 -0.0145277 -0.0309581 -0.0426841
0 -0.0153948 -0.0328157 -0.0452829
0 -0.0161894 -0.0344828 -0.0476255
0 -0.0168507 -0.0359569 -0.0496905
0 -0.0173661 -0.0372067 -0.051467
0 -0.0177686 -0.0382032 -0.0529526
0 -0.018083 -0.0389605 -0.054138
0 -0.0183059 -0.0395093 -0.0550136
0 -0.0184268 -0.0398509 -0.055573
0 -0.0184477 -0.039968 -0.0558105
0 -0.0183829 -0.0398631 -0.0557218
0 -0.0182466 -0.0395583 -0.0553092
0 -0.0180374 -0.0390663 -0.0545831
0 -0.0177458 -0.0383817 -0.0535555
0 -0.0173709 -0.0374982 -0.0522424
0 -0.0169183 -0.0364256 -0.0506677
0 -0.0163882 -0.0351822 -0.0488585
0 -0.0157806 -0.0337815 -0.0468408
0 -0.0151032 -0.0322323 -0.0446404
0 -0.014366 -0.0305481 -0.0422795
0 -0.0135728 -0.0287496 -0.0397776
0 -0.012725 -0.0268553 -0.0371542
0 -0.0118284 -0.0248747 -0.0344274
0 -0.0108937 -0.0228194 -0.0316111
0 -0.00993388 -0.0207076 -0.0287131
0 -0.00896059 -0.0185564 -0.0257431
0 -0.00798374 -0.0163778 -0.0227175
0 -0.00701493 -0.0141838 -0.0196534
0 -0.00606424 -0.0119921 -0.0165676
0 -0.00513346 -0.00982244 -0.0134804
0 -0.00421654 -0.00768502 -0.0104136
0 -0.00330758 -0.005583 -0.00738393
0 -0.0024073 -0.00352052 -0.00440228
0 -0.00152073 -0.00150204 -0.00148807
0 -0.000653248 0.00046674 0.00133168
0 0.000188213 0.00237563 0.00404231
0 0.000994532 0.00421387 0.00663625
0 0.00175782 0.00597334 0.00910079
0 0.00247614 0.00764272 0.011426
0 0.00315258 0.00920512 0.0136096
0 0.00378659 0.0106467 0.0156495
0 0.00436867 0.0119638 0.0175381
0 0.00488714 0.0131578 0.0192643
0 0.00533706 0.014227 0.0208201
0 0.00571954 0.0151644 0.0221988
0 0.00603577 0.0159628 0.0233906
0 0.00628567 0.0166173 0.0243866
0 0.00647116 0.0171242 0.0251815
0 0.00659731 0.0174816 0.0257694
0 0.00666887 0.0176906 0.0261429
0 0.00668704 0.0177548 0.0262953
0 0.0066501 0.0176788 0.0262235
0 0.00655934 0.0174676 0.025928
0 0.00641949 0.0171274 0.0254137
0 0.00623106 0.0166601 0.0246884
0 0.00599198 0.016064 0.0237636
0 0.0057037 0.0153397 0.0226544
0 0.00536824 0.0144925 0.0213753
0 0.00498315 0.0135283 0.0199384
0 0.00454283 0.0124504 0.0183558
0 0.00404402 0.0112627 0.0166379
0 0.00348922 0.00997207 0.0147949
0 0.00288524 0.00858813 0.0128383
0 0.00223915 0.00712121 0.0107803
0 0.00155685 0.00558195 0.00863163
0 0.00084601 0.00398276 0.00640269
0 0.000117536 0.00233875 0.00410482
0 -0.000618152 0.000665844 0.00175124
0 -0.00135523 -0.00102226 -0.000643036
0 -0.00209362 -0.00271547 -0.00306165
0 -0.00283621 -0.0044084 -0.00549022
0 -0.00358031 -0.00609803 -0.00791265
0 -0.00431576 -0.00777455 -0.0103049
0 -0.00503376 -0.00942005 -0.0126478
0 -0.0057295 -0.0110199 -0.0149303
0 -0.00640084 -0.0125678 -0.017137
0 -0.00704779 -0.0140589 -0.0192522
0 -0.00766794 -0.0154838 -0.0212653
0 -0.00825463 -0.0168287 -0.0231644
0 -0.00880242 -0.0180827 -0.0249361
0 -0.00930941 -0.0192409 -0.0265697
0 -0.00977279 -0.0202994 -0.0280582
0 -0.0101862 -0.0212489 -0.0293925
0 -0.0105431 -0.022078 -0.0305618
0 -0.01084 -0.0227789 -0.0315589
0 -0.0110766 -0.0233482 -0.0323793
0 -0.0112535 -0.0237838 -0.0330183
0 -0.0113719 -0.0240829 -0.033471
0 -0.0114332 -0.0242448 -0.0337332
0 -0.0114386 -0.0242723 -0.0338036
0 -0.0113893 -0.0241703 -0.0336825
0 -0.011287 -0.0239425 -0.0333701
0 -0.0111322 -0.0235902 -0.0328687
0 -0.0109246 -0.0231142 -0.0321838
0 -0.0106644 -0.0225168 -0.031324
0 -0.0103533 -0.0218016 -0.0302986
0 -0.00999351 -0.0209729 -0.0291161
0 -0.00958631 -0.0200356 -0.0277861
0 -0.00913299 -0.0189969 -0.0263209
0 -0.00863656 -0.017866 -0.0247323
0 -0.00810219 -0.0166542 -0.0230323
0 -0.00753609 -0.0153737 -0.0212344
0 -0.00694453 -0.0140361 -0.0193534
0 -0.0063338 -0.0126525 -0.017405
0 -0.00571051 -0.0112353 -0.0154052
0 -0.00508146 -0.00979859 -0.0133701
0 -0.00445327 -0.00835542 -0.011314
0 -0.00383284 -0.00691662 -0.00925295
0 -0.00322477 -0.00549347 -0.00720485
0 -0.00262691 -0.00409544 -0.00518347
0 -0.00203401 -0.00272382 -0.0031995
0 -0.00144413 -0.00137736 -0.00126947
0 -0.0008606 -6.21112e-05 0.000590576
0 -0.000292311 0.0012095 0.0023744
0 0.000249499 0.00242506 0.00407362
0 0.000756051 0.00357522 0.0056732
0 0.00122245 0.00465124 0.0071644
0 0.0016457 0.00564064 0.0085449
0 0.00202221 0.00652835 0.00980841
0 0.00234783 0.00730359 0.0109438
0 0.00262004 0.00796337 0.0119414
0 0.00283875 0.00850829 0.0127923
0 0.00300357 0.00893773 0.0134847
0 0.00311211 0.00924965 0.0140055
0 0.00316365 0.00944225 0.0143462
0 0.00316307 0.00951421 0.0145018
0 0.00311828 0.00946423 0.0144686
0 0.00303462 0.00929199 0.0142447
0 0.00291309 0.00899971 0.0138326
0 0.00275226 0.00859218 0.0132371
0 0.00255068 0.0080758 0.0124646
0 0.00230714 0.00745722 0.0115251
0 0.0020202 0.00674198 0.0104323
0 0.00168958 0.00593416 0.0092021
0 0.00131751 0.00503784 0.00785159
0 0.000908408 0.00405906 0.00639848
0 0.00046697 0.00300639 0.00486026
0 -3.25201e-06 0.00189043 0.0032529
0 -0.00049921 0.000723374 0.00159046
0 -0.00101694 -0.000481401 -0.000113814
0 -0.00155188 -0.00170974 -0.00184651
0 -0.00209947 -0.00294791 -0.00359533
0 -0.00265428 -0.00418498 -0.00534785
0 -0.00320967 -0.00541439 -0.00708653
0 -0.00375639 -0.00663039 -0.00879174
0 -0.0042823 -0.00782133 -0.0104505
0 -0.00477948 -0.00897012 -0.012056
0 -0.00524793 -0.010063 -0.0136001
0 -0.00568962 -0.0110935 -0.0150731
0 -0.0061046 -0.0120568 -0.0164667
0 -0.00649076 -0.0129468 -0.0177704
0 -0.0068431 -0.0137584 -0.0189691
0 -0.00715536 -0.014489 -0.0200476
0 -0.00742465 -0.0151368 -0.0209951
0 -0.00765293 -0.0156977 -0.0218047
0 -0.0078435 -0.0161655 -0.0224713
0 -0.00799774 -0.0165341 -0.0229911
0 -0.00811547 -0.0168003 -0.0233639
0 -0.00819615 -0.0169645 -0.02359
0 -0.00823857 -0.0170291 -0.0236698
0 -0.00824036 -0.0169972 -0.0236054
0 -0.00819873 -0.0168722 -0.0234011
0 -0.00811246 -0.0166568 -0.023063
0 -0.00798311 -0.0163533 -0.0225995
0 -0.00781436 -0.0159636 -0.0220203
0 -0.00760991 -0.0154906 -0.0213353
0 -0.00737211 -0.0149393 -0.0205531
0 -0.0071024 -0.0143163 -0.0196809
0 -0.00680236 -0.0136294 -0.018725
0 -0.00647424 -0.0128866 -0.0176919
0 -0.00612131 -0.012096 -0.0165887
0 -0.00574858 -0.0112653 -0.0154241
0 -0.00536325 -0.0104031 -0.0142092
0 -0.00497332 -0.00951926 -0.012956
0 -0.00458529 -0.00862404 -0.0116765
0 -0.00420347 -0.00772757 -0.0103847
0 -0.00383156 -0.00683998 -0.00909648
0 -0.00347327 -0.00597186 -0.00782496
0 -0.00313038 -0.0051326 -0.00658087
0 -0.00280067 -0.00432733 -0.00537803
0 -0.00248021 -0.00355682 -0.00423063
0 -0.00216753 -0.00282125 -0.00314883
0 -0.00186382 -0.00212304 -0.00214119
0 -0.00156972 -0.00146579 -0.00121336
0 -0.00128394 -0.000850574 -0.000366069
0 -0.00100615 -0.000275013 0.000401438
0 -0.000740053 0.000261894 0.00109064
0 -0.000493342 0.000755576 0.00170449
0 -0.000275033 0.00119777 0.00224546
0 -9.21206e-05 0.00158076 0.00271553
0 5.23177e-05 0.00189855 0.00311773
0 0.000158037 0.00214608 0.00345447
0 0.000225176 0.00231964 0.00372498
0 0.000253827 0.00241881 0.00392526
0 0.000245956 0.00244748 0.00404989
0 0.000206468 0.00241274 0.00409361
0 0.000141935 0.00232241 0.00405195
0 5.86848e-05 0.00218313 0.00392163
0 -3.78872e-05 0.00199972 0.00370121
0 -0.000142941 0.0017754 0.00339159
0 -0.000252837 0.00151241 0.00299624
0 -0.000366632 0.00121233 0.00252125
0 -0.000486251 0.000876578 0.00197514
0 -0.000615285 0.000506685 0.0013679
0 -0.000757978 0.000104151 0.000710129
0 -0.000918756 -0.000329978 1.26136e-05
0 -0.00110155 -0.000795237 -0.000714172
0 -0.00130873 -0.00129123 -0.00146073
0 -0.00154051 -0.00181689 -0.00221933
0 -0.001795 -0.00236992 -0.00298527
0 -0.00206869 -0.00294668 -0.00375587
0 -0.00235677 -0.00354233 -0.00452873
0 -0.00265404 -0.00415117 -0.00530412
0 -0.00295527 -0.00476729 -0.00608539
0 -0.0032544 -0.00538537 -0.00687489
0 -0.00354534 -0.00600086 -0.00767274
0 -0.00382425 -0.00660835 -0.00847887
0 -0.00408924 -0.00720163 -0.00929299
0 -0.00433833 -0.0077755 -0.0101124
0 -0.00456979 -0.00832688 -0.0109314
0 -0.00478394 -0.0088544 -0.0117428
0 -0.00498267 -0.00935722 -0.0125368
0 -0.00516765 -0.00983483 -0.0133
0 -0.00533995 -0.0102869 -0.0140192
0 -0.00550127 -0.0107116 -0.0146836
0 -0.00565437 -0.0111057 -0.0152831
0 -0.00580126 -0.011465 -0.0158109
0 -0.00594129 -0.0117855 -0.016262
0 -0.00607133 -0.012063 -0.0166326
0 -0.00618749 -0.0122939 -0.0169209
0 -0.00628625 -0.0124755 -0.017129
0 -0.00636422 -0.0126069 -0.0172613
0 -0.00641791 -0.0126871 -0.017322
0 -0.00644429 -0.0127149 -0.017316
0 -0.00644131 -0.0126887 -0.017248
0 -0.00640796 -0.0126073 -0.0171213
0 -0.00634413 -0.012471 -0.0169372
0 -0.00625087 -0.0122809 -0.0166963
0 -0.0061309 -0.0120399 -0.0163988
0 -0.00598842 -0.0117524 -0.0160442
0 -0.00582829 -0.0114243 -0.0156323
0 -0.00565508 -0.0110614 -0.0151631
0 -0.00547235 -0.0106686 -0.0146371
0 -0.00528252 -0.0102496 -0.0140556
0 -0.00508723 -0.00980686 -0.0134221
0 -0.00488814 -0.0093434 -0.0127426
0 -0.00468728 -0.00886284 -0.012026
0 -0.00448642 -0.00836958 -0.0112828
0 -0.0042863 -0.00786842 -0.0105239
0 -0.00408622 -0.00736394 -0.00975955
0 -0.00388413 -0.00685959 -0.00899855
0 -0.00367778 -0.00635754 -0.00824807
0 -0.00346659 -0.00585919 -0.00751459
0 -0.00325122 -0.00536552 -0.00680432
0 -0.00303256 -0.00487731 -0.00612201
0 -0.00281191 -0.00439584 -0.00547053
0 -0.00259117 -0.0039237 -0.00485062
0 -0.00237307 -0.00346498 -0.00426106
0 -0.00216069 -0.0030243 -0.00369969
0 -0.00195709 -0.00260615 -0.00316444
0 -0.00176595 -0.00221515 -0.00265435
0 -0.00159211 -0.00185569 -0.00217134
0 -0.00144113 -0.0015313 -0.00171933
0 -0.00131721 -0.00124449 -0.00130165
0 -0.0012207 -0.00099661 -0.000921796
0 -0.00114794 -0.000787661 -0.000583871
0 -0.00109363 -0.000616591 -0.000291062
0 -0.00105297 -0.000481707 -4.6237e-05
0 -0.00102246 -0.00038095 0.000146415
0 -0.00100054 -0.000312543 0.00028175
0 -0.000987849 -0.000275823 0.000355103
0 -0.000986482 -0.00027155 0.000363234
0 -0.000998559 -0.000301729 0.000304784
0 -0.00102534 -0.000369197 0.000180541
0 -0.00106744 -0.000476925 -6.67122e-06
0 -0.00112535 -0.000626843 -0.000252483
0 -0.00119943 -0.00081861 -0.000551496
0 -0.00128987 -0.00104955 -0.000897913
0 -0.00139721 -0.00131583 -0.0012865
0 -0.00152238 -0.00161372 -0.00171323
0 -0.00166605 -0.00194017 -0.0021749
0 -0.00182721 -0.00229257 -0.00266805
0 -0.00200257 -0.00266811 -0.00318878
0 -0.00218725 -0.003063 -0.00373263
0 -0.00237614 -0.0034725 -0.00429422
0 -0.00256534 -0.00389174 -0.00486886
0 -0.00275325 -0.00431695 -0.00545458
0 -0.00294037 -0.00474572 -0.00605091
0 -0.00312749 -0.00517615 -0.00665634
0 -0.00331417 -0.00560591 -0.00726703
0 -0.00349878 -0.00603185 -0.00787748
0 -0.00367878 -0.00645021 -0.00848135
0 -0.00385161 -0.00685744 -0.00907197
0 -0.00401549 -0.00725013 -0.00964297
0 -0.00416951 -0.00762417 -0.0101889
0 -0.00431313 -0.0079747 -0.0107041
0 -0.0044452 -0.00829675 -0.0111818
0 -0.00456369 -0.00858554 -0.011614
0 -0.00466651 -0.00883694 -0.0119941
0 -0.00475225 -0.00904803 -0.0123167
0 -0.00482056 -0.00921756 -0.0125769
0 -0.00487242 -0.00934591 -0.0127725
0 -0.00490967 -0.0094344 -0.0129031
0 -0.00493391 -0.00948456 -0.0129702
0 -0.00494568 -0.00949776 -0.0129757
0 -0.0049446 -0.00947512 -0.0129219
0 -0.00492972 -0.00941734 -0.0128121
0 -0.00489984 -0.00932495 -0.0126506
0 -0.00485394 -0.00919858 -0.0124418
0 -0.00479166 -0.00903925 -0.0121906
0 -0.00471385 -0.00884903 -0.0119028
0 -0.0046228 -0.00863179 -0.0115847
0 -0.00452187 -0.00839317 -0.0112428
0 -0.00441478 -0.00813983 -0.0108834
0 -0.00430502 -0.00787872 -0.0105129
0 -0.00419552 -0.00761642 -0.0101374
0 -0.00408838 -0.0073584 -0.00976233
0 -0.00398478 -0.00710844 -0.00939253
0 -0.00388578 -0.00686888 -0.00903269
0 -0.0037928 -0.0066416 -0.00868799
0 -0.00370697 -0.00642852 -0.00836373
0 -0.00362804 -0.00623067 -0.00806393
0 -0.00355449 -0.00604787 -0.00779113
0 -0.00348499 -0.00588011 -0.00754696
0 -0.00341949 -0.00572849 -0.00733284
0 -0.00335886 -0.00559458 -0.00715031
0 -0.00330442 -0.0054798 -0.00700065
0 -0.00325786 -0.00538562 -0.00688438
0 -0.0032207 -0.00531337 -0.00680105
0 -0.00319377 -0.00526377 -0.00674932
0 -0.00317727 -0.00523678 -0.00672718
0 -0.00317072 -0.00523153 -0.00673209
0 -0.00317246 -0.00524559 -0.00676065
0 -0.00317967 -0.00527468 -0.00680811
0 -0.00318915 -0.00531316 -0.00686891
0 -0.00319816 -0.00535509 -0.00693768
0 -0.00320546 -0.00539566 -0.00701014
0 -0.00321141 -0.00543218 -0.00708315
0 -0.00321704 -0.00546373 -0.00715395
0 -0.00322284 -0.00549047 -0.0072195
0 -0.00322867 -0.00551315 -0.0072767
0 -0.00323398 -0.00553247 -0.00732267
0 -0.0032379 -0.00554824 -0.0073548
0 -0.00323946 -0.00555903 -0.00737094
0 -0.00323793 -0.00556261 -0.00736975
0 -0.00323288 -0.00555628 -0.0073507
0 -0.00322392 -0.00553731 -0.00731376
0 -0.00321028 -0.00550349 -0.0072589
0 -0.00319079 -0.00545358 -0.00718594
0 -0.00316415 -0.00538735 -0.00709457
0 -0.00312918 -0.0053053 -0.00698443
0 -0.0030855 -0.00520843 -0.00685546
0 -0.00303411 -0.00509821 -0.00670847
0 -0.00297717 -0.0049768 -0.0065453
0 -0.00291731 -0.00484691 -0.00636843
0 -0.00285708 -0.00471132 -0.00618047
0 -0.0027985 -0.00457279 -0.00598403
0 -0.00274265 -0.00443408 -0.00578182
0 -0.00268976 -0.00429764 -0.00557664
0 -0.00263958 -0.00416542 -0.00537142
0 -0.00259183 -0.0040389 -0.00516946
0 -0.00254686 -0.00391951 -0.00497501
0 -0.00250599 -0.00380925 -0.00479335
0 -0.00247099 -0.00371081 -0.00463017
0 -0.00244298 -0.00362661 -0.00449031
0 -0.00242162 -0.00355806 -0.00437682
0 -0.00240534 -0.00350565 -0.00429099
0 -0.00239257 -0.00346951 -0.00423329
0 -0.00238312 -0.00344994 -0.00420437
0 -0.00237846 -0.00344766 -0.00420528
0 -0.00238074 -0.00346356 -0.00423681
0 -0.00239149 -0.00349807 -0.00429861
0 -0.0024111 -0.00355109 -0.00438887
0 -0.00243924 -0.0036222 -0.00450492
0 -0.00247537 -0.00371095 -0.00464392
0 -0.00251885 -0.00381652 -0.00480307
0 -0.00256877 -0.00393726 -0.00497949
0 -0.0026239 -0.00407052 -0.00517011
0 -0.00268294 -0.00421288 -0.00537184
0 -0.00274474 -0.00436082 -0.00558176
0 -0.00280851 -0.00451157 -0.00579737
0 -0.00287383 -0.00466357 -0.00601676
0 -0.00294061 -0.00481639 -0.00623848
0 -0.00300879 -0.00497028 -0.00646118
0 -0.00307801 -0.00512549 -0.00668345
0 -0.0031478 -0.00528191 -0.00690392
0 -0.00321788 -0.00543918 -0.00712159
0 -0.00328803 -0.00559682 -0.00733598
0 -0.00335802 -0.00575394 -0.00754686
0 -0.00342767 -0.00590911 -0.00775404
0 -0.00349671 -0.00606092 -0.00795726
0 -0.00356456 -0.0062083 -0.00815614
0 -0.00363016 -0.00635045 -0.00835011
0 -0.00369231 -0.00648669 -0.0085383
0 -0.00375004 -0.00661636 -0.00871959
0 -0.00380272 -0.00673862 -0.00889273
0 -0.00384999 -0.00685234 -0.0090564
0 -0.0038915 -0.00695598 -0.00920882
0 -0.00392637 -0.00704733 -0.00934728
0 -0.00395315 -0.00712341 -0.00946807
0 -0.0039705 -0.00718122 -0.00956715
0 -0.00397811 -0.0072188 -0.00964104
0 -0.00397719 -0.0072359 -0.0096876
0 -0.00396984 -0.00723381 -0.00970594
0 -0.00395791 -0.00721452 -0.00969566
0 -0.00394187 -0.0071795 -0.00965601
0 -0.00392061 -0.00712878 -0.00958567
0 -0.00389218 -0.00706112 -0.00948343
0 -0.00385527 -0.00697504 -0.00934943
0 -0.00381006 -0.00686981 -0.00918573
0 -0.00375794 -0.00674569 -0.00899577
0 -0.00370027 -0.00660373 -0.0087833
0 -0.0036375 -0.00644559 -0.00855157
0 -0.00356907 -0.00627357 -0.0083033
0 -0.00349443 -0.00609034 -0.00804112
0 -0.00341386 -0.00589839 -0.00776772
0 -0.00332829 -0.00569996 -0.00748593
0 -0.00323902 -0.00549742 -0.00719888
0 -0.00314821 -0.00529334 -0.00691023
0 -0.00305917 -0.00509069 -0.00662425
0 -0.00297537 -0.00489334 -0.00634554
0 -0.00289909 -0.0047061 -0.00607862
0 -0.00283154 -0.00453389 -0.00582763
0 -0.00277306 -0.00438017 -0.00559595
0 -0.00272264 -0.00424617 -0.00538591
0 -0.00267828 -0.00413119 -0.00519904
0 -0.00263824 -0.00403324 -0.00503681
0 -0.00260176 -0.00395 -0.00490083
0 -0.00256906 -0.00387947 -0.00479252
0 -0.00254122 -0.00382089 -0.00471303
0 -0.00251988 -0.00377574 -0.00466339
0 -0.00250689 -0.00374766 -0.00464435
0 -0.00250383 -0.00374099 -0.00465601
0 -0.00251157 -0.00375913 -0.00469762
0 -0.0025299 -0.00380341 -0.00476759
0 -0.00255775 -0.0038726 -0.00486374
0 -0.00259402 -0.0039634 -0.00498393
0 -0.00263799 -0.00407151 -0.00512641
0 -0.00268897 -0.00419267 -0.00528955
0 -0.00274571 -0.00432311 -0.00547132
0 -0.00280621 -0.00445982 -0.00566872
0 -0.00286786 -0.00460048 -0.00587787
0 -0.00292812 -0.0047432 -0.00609443
0 -0.00298544 -0.00488655 -0.0063143
0 -0.00304 -0.00502981 -0.00653443
0 -0.00309366 -0.00517283 -0.00675297
0 -0.003149 -0.00531561 -0.0069688
0 -0.00320805 -0.00545839 -0.00718083
0 -0.0032713 -0.00560149 -0.00738766
0 -0.00333754 -0.00574454 -0.00758739
0 -0.00340447 -0.00588613 -0.00777787
0 -0.00346951 -0.00602426 -0.00795723
0 -0.00353062 -0.00615653 -0.00812446
0 -0.00358657 -0.00628037 -0.00827943
0 -0.00363695 -0.00639348 -0.0084227
0 -0.00368193 -0.00649411 -0.00855492
0 -0.00372162 -0.00658145 -0.00867633
0 -0.00375559 -0.00665559 -0.00878645
0 -0.00378307 -0.00671729 -0.00888417
0 -0.00380354 -0.00676749 -0.00896797
0 -0.00381684 -0.00680674 -0.00903616
0 -0.00382299 -0.00683475 -0.00908701
0 -0.00382242 -0.00685043 -0.00911895
0 -0.00381611 -0.00685241 -0.00913074
0 -0.00380523 -0.00683975 -0.00912159
0 -0.00379069 -0.00681233 -0.00909114
0 -0.0037729 -0.00677082 -0.00903923
0 -0.00375166 -0.00671645 -0.00896588
0 -0.00372636 -0.00665049 -0.00887142
0 -0.00369634 -0.006574 -0.00875673
0 -0.00366129 -0.00648758 -0.00862342
0 -0.00362142 -0.0063914 -0.00847369
0 -0.00357718 -0.00628539 -0.0083101
0 -0.00352906 -0.00616959 -0.00813522
0 -0.0034773 -0.00604433 -0.00795136
0 -0.00342191 -0.00591051 -0.00776044
0 -0.00336275 -0.00576964 -0.00756394
0 -0.00329972 -0.00562352 -0.00736307
0 -0.00323308 -0.0054738 -0.00715882
0 -0.00316344 -0.00532171 -0.00695199
0 -0.00309156 -0.00516774 -0.00674305
0 -0.00301821 -0.00501183 -0.00653207
0 -0.00294396 -0.00485377 -0.00631893
0 -0.00286917 -0.00469365 -0.00610348
0 -0.00279448 -0.00453195 -0.00588571
0 -0.00272098 -0.0043698 -0.00566608
0 -0.0026499 -0.00420917 -0.0054457
0 -0.00258232 -0.00405255 -0.00522623
0 -0.00251895 -0.00390224 -0.00500965
0 -0.0024602 -0.00375994 -0.00479817
0 -0.00240614 -0.0036267 -0.00459418
0 -0.00235633 -0.00350263 -0.00439991
0 -0.00230981 -0.00338687 -0.00421716
0 -0.00226543 -0.00327818 -0.00404743
0 -0.00222225 -0.00317557 -0.00389188
0 -0.00217962 -0.00307833 -0.00375125
0 -0.00213735 -0.00298632 -0.00362579
0 -0.00209592 -0.00290025 -0.00351561
0 -0.00205664 -0.00282181 -0.00342086
0 -0.00202126 -0.00275321 -0.00334164
0 -0.00199152 -0.00269659 -0.00327789
0 -0.00196905 -0.0026538 -0.00322951
0 -0.00195525 -0.0026264 -0.00319667
0 -0.00195121 -0.00261569 -0.00318007
0 -0.00195763 -0.00262258 -0.0031808
0 -0.00197446 -0.00264734 -0.0032001
0 -0.00200069 -0.00268936 -0.00323896
0 -0.00203452 -0.00274736 -0.00329813
0 -0.00207412 -0.0028198 -0.00337835
0 -0.00211834 -0.00290564 -0.00348078
0 -0.00216701 -0.00300473 -0.00360705
0 -0.00222051 -0.00311745 -0.00375861
0 -0.00227877 -0.00324394 -0.0039357
0 -0.00234084 -0.00338355 -0.00413698
0 -0.00240549 -0.00353502 -0.00435992
0 -0.00247209 -0.00369702 -0.00460167
0 -0.00254094 -0.0038684 -0.0048595
0 -0.00261287 -0.00404824 -0.00513078
0 -0.00268866 -0.00423562 -0.0054127
0 -0.0027686 -0.00442922 -0.00570193
0 -0.00285216 -0.00462733 -0.00599467
0 -0.00293805 -0.00482806 -0.00628701
0 -0.00302513 -0.00502996 -0.0065759
0 -0.0031141 -0.00523302 -0.00686053
0 -0.00320814 -0.00543943 -0.00714307
0 -0.00331081 -0.00565315 -0.00742743
0 -0.00342297 -0.00587752 -0.00771687
0 -0.00354245 -0.00611312 -0.00801281
0 -0.00366569 -0.00635805 -0.00831551
0 -0.00378848 -0.00660896 -0.00862504
0 -0.00390678 -0.0068612 -0.00894127
0 -0.00401747 -0.0071087 -0.00926323
0 -0.00411822 -0.00734516 -0.00958887
0 -0.00420841 -0.00756651 -0.00991582
0 -0.00429011 -0.00777291 -0.0102422
0 -0.00436699 -0.00796837 -0.0105666
0 -0.00444243 -0.00815839 -0.0108866
0 -0.00451845 -0.0083476 -0.0111979
0 -0.0045958 -0.00853835 -0.0114953
0 -0.00467488 -0.00873063 -0.0117756
0 -0.00475653 -0.00892264 -0.0120376
0 -0.0048417 -0.0091116 -0.0122813
0 -0.00493 -0.00929406 -0.0125076
0 -0.00501832 -0.00946571 -0.0127167
0 -0.00510102 -0.00962181 -0.0129071
0 -0.00517179 -0.00975785 -0.0130765
0 -0.00522535 -0.00986969 -0.0132221
0 -0.00525845 -0.00995356 -0.0133415
0 -0.00527054 -0.0100065 -0.0134324
0 -0.00526377 -0.0100271 -0.013493
0 -0.00524205 -0.0100162 -0.0135215
0 -0.00520934 -0.00997616 -0.0135153
0 -0.0051686 -0.00991031 -0.0134714
0 -0.00512174 -0.00982254 -0.0133866
0 -0.00507012 -0.00971639 -0.0132592
0 -0.00501465 -0.00959407 -0.0130887
0 -0.00495532 -0.00945562 -0.0128762
0 -0.00489119 -0.00929911 -0.0126238
0 -0.00482084 -0.00912182 -0.0123349
0 -0.00474278 -0.00892166 -0.012014
0 -0.00465535 -0.00869785 -0.0116657
0 -0.00455663 -0.00845079 -0.0112941
0 -0.00444483 -0.00818172 -0.0109019
0 -0.00431909 -0.00789253 -0.0104921
0 -0.00418008 -0.00758562 -0.0100674
0 -0.00402986 -0.00726362 -0.00963006
0 -0.0038712 -0.00692874 -0.00918115
0 -0.00370741 -0.00658271 -0.0087216
0 -0.00354197 -0.00622787 -0.00825244
0 -0.00337726 -0.00586749 -0.00777437
0 -0.00321421 -0.00550459 -0.00728787
0 -0.00305338 -0.00514185 -0.00679376
0 -0.00289546 -0.00478209 -0.0062934
0 -0.0027407 -0.00442773 -0.00578896
0 -0.00258929 -0.00407999 -0.00528353
0 -0.00244209 -0.0037393 -0.00478111
0 -0.00230047 -0.0034069 -0.00428692
0 -0.00216601 -0.00308534 -0.0038073
0 -0.00204024 -0.00277806 -0.00334886
0 -0.00192388 -0.0024889 -0.00291783
0 -0.00181619 -0.00222098 -0.00251953
0 -0.00171522 -0.00197571 -0.00215686
0 -0.001619 -0.00175317 -0.00183072
0 -0.00152731 -0.00155331 -0.00154324
0 -0.00144233 -0.00137653 -0.00129773
0 -0.0013674 -0.00122407 -0.0010961
0 -0.00130529 -0.00109792 -0.000938959
0 -0.00125776 -0.00100057 -0.00082623
0 -0.00122579 -0.000934714 -0.000756855
0 -0.00120986 -0.000902785 -0.000729052
0 -0.00121014 -0.000906389 -0.00074139
0 -0.00122677 -0.000945739 -0.000793284
0 -0.00126007 -0.00101968 -0.000884756
0 -0.00131027 -0.00112626 -0.00101615
0 -0.00137688 -0.00126318 -0.0011879
0 -0.00145807 -0.00142785 -0.00139979
0 -0.00155052 -0.00161719 -0.00165018
0 -0.00165012 -0.00182763 -0.00193592
0 -0.00175297 -0.00205535 -0.00225308
0 -0.00185637 -0.00229651 -0.00259752
0 -0.00195955 -0.00254775 -0.00296516
0 -0.00206372 -0.00280673 -0.00335265
0 -0.00217069 -0.00307207 -0.00375678
0 -0.00228126 -0.00334271 -0.00417239
0 -0.00239475 -0.00361708 -0.00459266
0 -0.00250944 -0.00389289 -0.00501076
0 -0.00262338 -0.00416741 -0.00542033
0 -0.0027355 -0.00443789 -0.00581599
0 -0.00284628 -0.00470228 -0.00619442
0 -0.00295709 -0.00495961 -0.00655459
0 -0.00306841 -0.00520857 -0.00689611
0 -0.00317882 -0.00544665 -0.00721733
0 -0.00328516 -0.00567093 -0.00751563
0 -0.00338336 -0.00587864 -0.00778878
0 -0.00347007 -0.00606684 -0.00803536
0 -0.00354393 -0.00623292 -0.00825471
0 -0.00360519 -0.00637542 -0.00844701
0 -0.00365493 -0.00649392 -0.00861306
0 -0.00369436 -0.00658854 -0.00875322
0 -0.00372425 -0.00665992 -0.00886691
0 -0.00374472 -0.0067094 -0.00895295
0 -0.00375588 -0.00673874 -0.00901009
0 -0.00375817 -0.00674965 -0.00903751
0 -0.00375249 -0.00674354 -0.00903512
0 -0.00374045 -0.0067215 -0.00900399
0 -0.00372417 -0.00668461 -0.00894619
0 -0.00370535 -0.00663417 -0.00886446
0 -0.00368479 -0.0065717 -0.00876178
0 -0.00366247 -0.00649897 -0.00864129
0 -0.00363789 -0.00641797 -0.00850639
0 -0.00361038 -0.00633079 -0.0083607
0 -0.00357943 -0.00623927 -0.00820806
0 -0.00354501 -0.00614465 -0.00805238
0 -0.00350765 -0.00604797 -0.00789758
0 -0.00346823 -0.0059504 -0.00774727
0 -0.00342793 -0.00585337 -0.00760457
0 -0.00338793 -0.00575864 -0.00747185
0 -0.0033491 -0.00566822 -0.00735071
0 -0.00331208 -0.00558424 -0.00724206
0 -0.00327771 -0.00550882 -0.00714649
0 -0.0032471 -0.00544392 -0.00706448
0 -0.00322144 -0.005391 -0.00699651
0 -0.00320156 -0.00535058 -0.00694278
0 -0.00318759 -0.0053222 -0.00690292
0 -0.00317909 -0.00530465 -0.00687625
0 -0.00317536 -0.00529654 -0.00686197
0 -0.00317563 -0.00529658 -0.00685938
0 -0.00317912 -0.00530372 -0.0068678
0 -0.00318511 -0.00531711 -0.00688651
0 -0.00319302 -0.00533604 -0.00691469
0 -0.00320224 -0.00535978 -0.00695128
0 -0.00321204 -0.00538725 -0.00699483
0 -0.00322144 -0.00541679 -0.00704322
0 -0.00322933 -0.00544616 -0.00709375
0 -0.00323488 -0.00547309 -0.00714363
0 -0.00323815 -0.00549612 -0.00719062
0 -0.00324033 -0.0055151 -0.00723345
0 -0.00324297 -0.00553094 -0.00727141
0 -0.00324706 -0.00554474 -0.00730372
0 -0.00325256 -0.0055572 -0.00732926
0 -0.00325878 -0.00556863 -0.00734695
0 -0.00326495 -0.00557902 -0.00735631
0 -0.00327066 -0.00558791 -0.00735766
0 -0.00327569 -0.00559435 -0.0073519
0 -0.00327983 -0.00559729 -0.00734027
0 -0.00328295 -0.00559606 -0.00732426
0 -0.00328518 -0.00559086 -0.00730574
0 -0.00328686 -0.00558291 -0.00728672
0 -0.00328828 -0.0055741 -0.00726913
0 -0.00328949 -0.00556645 -0.00725453
0 -0.00329045 -0.00556157 -0.00724408
0 -0.003291 -0.00556014 -0.00723839
0 -0.00329095 -0.00556187 -0.00723762
0 -0.00329033 -0.00556586 -0.00724168
0 -0.00328947 -0.00557107 -0.00725037
0 -0.00328888 -0.00557669 -0.00726331
0 -0.00328898 -0.00558241 -0.00727985
0 -0.00329006 -0.00558857 -0.0072992
0 -0.00329249 -0.00559623 -0.00732072
0 -0.00329674 -0.00560681 -0.00734406
0 -0.00330335 -0.00562169 -0.00736915
0 -0.00331279 -0.00564186 -0.00739626
0 -0.00332544 -0.00566774 -0.00742594
0 -0.00334135 -0.00569901 -0.00745888
0 -0.00336001 -0.00573466 -0.00749554
0 -0.00338039 -0.00577324 -0.00753613
0 -0.00340122 -0.00581323 -0.00758064
0 -0.00342127 -0.00585329 -0.00762889
0 -0.00343945 -0.00589236 -0.00768045
0 -0.00345498 -0.00592956 -0.00773452
0 -0.00346737 -0.00596404 -0.00778989
0 -0.00347628 -0.00599496 -0.00784495
0 -0.00348183 -0.00602159 -0.00789779
0 -0.00348451 -0.00604341 -0.00794635
0 -0.00348491 -0.00606006 -0.00798854
0 -0.00348385 -0.0060716 -0.0080226
0 -0.00348263 -0.00607881 -0.00804753
0 -0.00348273 -0.0060832 -0.00806318
0 -0.00348522 -0.00608639 -0.00806995
0 -0.00349027 -0.00608944 -0.0080684
0 -0.00349688 -0.00609234 -0.00805887
0 -0.0035032 -0.00609389 -0.00804163
0 -0.0035073 -0.00609214 -0.00801717
0 -0.00350783 -0.00608506 -0.00798651
0 -0.00350437 -0.00607126 -0.00795124
0 -0.00349737 -0.00605053 -0.0079134
0 -0.00348774 -0.00602391 -0.00787498
0 -0.00347629 -0.00599336 -0.0078374
0 -0.00346351 -0.00596124 -0.00780138
0 -0.00344983 -0.00592979 -0.00776715
0 -0.00343562 -0.00590069 -0.00773462
0 -0.00342115 -0.00587457 -0.00770346
0 -0.00340694 -0.00585114 -0.00767334
0 -0.00339381 -0.00582957 -0.00764411
0 -0.00338251 -0.00580909 -0.00761582
0 -0.00337344 -0.00578936 -0.00758866
0 -0.0033669 -0.00577076 -0.00756299
0 -0.00336308 -0.00575445 -0.00753946
0 -0.00336196 -0.00574203 -0.007519
0 -0.00336341 -0.00573507 -0.00750271
0 -0.0033674 -0.00573476 -0.00749194
0 -0.00337392 -0.0057416 -0.00748819
0 -0.00338278 -0.00575521 -0.00749275
0 -0.00339317 -0.00577412 -0.00750606
0 -0.00340365 -0.00579599 -0.00752762
0 -0.0034126 -0.00581825 -0.00755616
0 -0.00341877 -0.00583876 -0.00759004
0 -0.00342167 -0.00585619 -0.00762745
0 -0.00342164 -0.00587028 -0.00766667
0 -0.00341984 -0.00588183 -0.0077062
0 -0.00341782 -0.00589225 -0.00774463
0 -0.00341699 -0.00590292 -0.00778058
0 -0.00341838 -0.00591492 -0.00781267
0 -0.00342237 -0.00592879 -0.00783969
0 -0.00342868 -0.00594419 -0.00786054
0 -0.00343646 -0.00595983 -0.0078744
0 -0.00344461 -0.00597387 -0.00788093
0 -0.00345205 -0.00598444 -0.0078803
0 -0.00345791 -0.00599 -0.0078732
0 -0.00346163 -0.00598977 -0.00786071
0 -0.00346289 -0.00598375 -0.00784407
0 -0.00346142 -0.00597259 -0.00782438
0 -0.00345697 -0.00595722 -0.00780239
0 -0.00344944 -0.00593862 -0.00777856
0 -0.00343919 -0.0059177 -0.00775323
0 -0.00342695 -0.00589521 -0.00772674
0 -0.0034138 -0.00587182 -0.00769951
0 -0.00340089 -0.00584816 -0.0076719
0 -0.00338927 -0.00582491 -0.00764425
0 -0.00337961 -0.00580287 -0.00761683
0 -0.00337205 -0.00578279 -0.00758986
0 -0.00336609 -0.00576497 -0.00756317
0 -0.00336049 -0.00574873 -0.0075361
0 -0.00335364 -0.00573247 -0.00750764
0 -0.00334425 -0.00571414 -0.00747686
0 -0.00333181 -0.00569185 -0.00744325
0 -0.00331665 -0.00566448 -0.0074068
0 -0.00329964 -0.00563187 -0.00736772
0 -0.00328162 -0.00559473 -0.00732608
0 -0.00326299 -0.00555427 -0.00728151
0 -0.00324379 -0.00551185 -0.0072334
0 -0.00322409 -0.0054688 -0.00718129
0 -0.00320431 -0.0054263 -0.00712522
0 -0.0031854 -0.00538534 -0.00706606
0 -0.00316873 -0.00534677 -0.00700546
0 -0.00315547 -0.00531126 -0.00694543
0 -0.00314583 -0.00527906 -0.00688763
0 -0.00313872 -0.00524977 -0.00683293
0 -0.00313219 -0.00522246 -0.00678157
0 -0.00312435 -0.00519607 -0.00673357
0 -0.00311404 -0.00516966 -0.00668917
0 -0.00310136 -0.00514295 -0.00664913
0 -0.00308784 -0.00511689 -0.00661502
0 -0.00307596 -0.00509356 -0.00658887
0 -0.0030678 -0.00507542 -0.00657215
0 -0.00306424 -0.00506458 -0.00656525
0 -0.00306519 -0.00506267 -0.00656789
0 -0.00307043 -0.00507089 -0.00657988
0 -0.00307996 -0.00508984 -0.00660147
0 -0.00309369 -0.00511915 -0.006633
0 -0.00311112 -0.00515724 -0.00667456
0 -0.0031315 -0.0052019 -0.00672595
0 -0.00315396 -0.00525097 -0.00678672
0 -0.00317754 -0.00530275 -0.00685619
0 -0.00320121 -0.00535608 -0.00693326
0 -0.00322409 -0.0054103 -0.00701651
0 -0.00324574 -0.00546516 -0.00710432
0 -0.00326611 -0.00552053 -0.00719498
0 -0.00328547 -0.00557627 -0.00728677
0 -0.00330439 -0.00563208 -0.00737801
0 -0.00332351 -0.0056875 -0.0074671
0 -0.00334331 -0.00574179 -0.00755249
0 -0.0033639 -0.00579418 -0.0076327
0 -0.00338505 -0.00584423 -0.00770642
0 -0.00340623 -0.00589151 -0.00777259
0 -0.00342675 -0.00593521 -0.00783044
0 -0.00344579 -0.00597449 -0.00787945
0 -0.00346248 -0.00600866 -0.00791947
0 -0.00347615 -0.00603679 -0.0079506
0 -0.00348643 -0.00605782 -0.00797301
0 -0.0034929 -0.00607088 -0.00798686
0 -0.00349538 -0.00607569 -0.00799242
0 -0.00349426 -0.00607279 -0.00799025
0 -0.00349036 -0.00606341 -0.00798115
0 -0.00348437 -0.00604903 -0.00796571
0 -0.00347643 -0.00603062 -0.007944
0 -0.00346608 -0.00600834 -0.00791551
0 -0.00345274 -0.00598166 -0.00787951
0 -0.00343621 -0.0059497 -0.00783545
0 -0.00341665 -0.00591154 -0.00778309
0 -0.00339424 -0.00586638 -0.0077223
0 -0.00336903 -0.00581359 -0.00765278
0 -0.00334097 -0.0057529 -0.00757402
0 -0.00330997 -0.00568451 -0.00748555
0 -0.00327609 -0.00560936 -0.0073874
0 -0.0032402 -0.00552921 -0.00728044
0 -0.00320391 -0.00544624 -0.00716631
0 -0.0031688 -0.00536271 -0.00704702
0 -0.003136 -0.0052807 -0.00692485
0 -0.00310623 -0.00520188 -0.00680231
0 -0.00307996 -0.00512771 -0.00668219
0 -0.0030573 -0.00505957 -0.00656744
0 -0.0030381 -0.00499854 -0.00646105
0 -0.00302209 -0.00494545 -0.00636593
0 -0.00300906 -0.00490107 -0.00628485
0 -0.00299892 -0.00486605 -0.00622029
0 -0.00299174 -0.00484094 -0.00617436
0 -0.00298763 -0.00482631 -0.00614849
0 -0.00298648 -0.00482249 -0.00614319
0 -0.00298795 -0.00482924 -0.00615789
0 -0.00299175 -0.004846 -0.00619131
0 -0.00299797 -0.00487221 -0.00624174
0 -0.00300705 -0.00490736 -0.00630727
0 -0.00301957 -0.0049509 -0.00638579
0 -0.00303604 -0.0050023 -0.00647499
0 -0.00305675 -0.00506097 -0.0065725
0 -0.00308174 -0.00512622 -0.00667604
0 -0.00311086 -0.00519744 -0.0067836
0 -0.00314385 -0.00527413 -0.00689371
0 -0.00318037 -0.00535562 -0.00700535
0 -0.0032198 -0.005441 -0.00711791
0 -0.00326135 -0.00552921 -0.0072311
0 -0.00330427 -0.00561922 -0.00734497
0 -0.00334797 -0.00571023 -0.00745994
0 -0.00339207 -0.00580172 -0.00757672
0 -0.00343627 -0.00589356 -0.00769601
0 -0.00348019 -0.00598586 -0.00781826
0 -0.00352322 -0.00607841 -0.0079434
0 -0.00356447 -0.00617043 -0.0080707
0 -0.003603 -0.00626081 -0.00819892
0 -0.0036383 -0.0063484 -0.00832661
0 -0.00367046 -0.00643209 -0.00845223
0 -0.00369983 -0.00651082 -0.00857408
0 -0.00372665 -0.00658376 -0.00869021
0 -0.00375107 -0.00665031 -0.00879849
0 -0.0037732 -0.00671006 -0.00889675
0 -0.00379298 -0.00676279 -0.00898294
0 -0.0038103 -0.00680831 -0.00905531
0 -0.003825 -0.00684621 -0.00911261
0 -0.0038371 -0.00687598 -0.00915418
0 -0.00384676 -0.00689728 -0.00918008
0 -0.0038542 -0.00690999 -0.00919093
0 -0.00385933 -0.00691408 -0.00918767
0 -0.00386172 -0.00690957 -0.00917133
0 -0.00386062 -0.00689657 -0.00914288
0 -0.00385504 -0.00687497 -0.00910306
0 -0.00384382 -0.00684426 -0.0090523
0 -0.00382598 -0.00680356 -0.00899075
0 -0.00380119 -0.00675199 -0.00891845
0 -0.00376991 -0.00668913 -0.00883553
0 -0.00373325 -0.00661537 -0.00874232
0 -0.00369264 -0.00653191 -0.0086392
0 -0.0036495 -0.00644055 -0.00852641
0 -0.00360493 -0.00634336 -0.00840408
0 -0.0035597 -0.00624248 -0.00827247
0 -0.00351455 -0.00613977 -0.00813227
0 -0.00347022 -0.00603667 -0.00798474
0 -0.00342733 -0.00593406 -0.00783165
0 -0.00338603 -0.0058322 -0.00767496
0 -0.00334574 -0.00573065 -0.00751634
0 -0.00330535 -0.00562846 -0.00735712
0 -0.00326354 -0.00552462 -0.00719836
0 -0.00321911 -0.00541831 -0.00704096
0 -0.00317128 -0.00530896 -0.00688554
0 -0.00311985 -0.00519636 -0.0067323
0 -0.00306512 -0.00508071 -0.00658115
0 -0.0030077 -0.00496258 -0.00643167
0 -0.00294839 -0.00484274 -0.00628317
0 -0.00288829 -0.00472214 -0.00613468
0 -0.00282868 -0.00460181 -0.00598517
0 -0.00277066 -0.00448262 -0.00583373
0 -0.00271507 -0.00436539 -0.00567981
0 -0.00266265 -0.00425094 -0.0055234
0 -0.002614 -0.00413996 -0.00536507
0 -0.0025693 -0.00403293 -0.00520591
0 -0.00252824 -0.00393007 -0.00504741
0 -0.00249023 -0.00383146 -0.00489138
0 -0.00245455 -0.00373708 -0.00473987
0 -0.00242056 -0.00364698 -0.00459504
0 -0.00238785 -0.00356139 -0.00445912
0 -0.00235629 -0.00348085 -0.00433431
0 -0.00232598 -0.00340622 -0.00422251
0 -0.00229721 -0.00333846 -0.00412516
0 -0.0022705 -0.00327859 -0.00404319
0 -0.00224646 -0.00322767 -0.00397712
0 -0.0022259 -0.00318673 -0.00392716
0 -0.0022098 -0.00315676 -0.00389335
0 -0.00219916 -0.00313862 -0.00387561
0 -0.00219486 -0.00313306 -0.00387379
0 -0.00219754 -0.00314072 -0.00388777
0 -0.00220761 -0.00316202 -0.00391754
0 -0.00222512 -0.00319715 -0.00396319
0 -0.00224988 -0.00324614 -0.00402498
0 -0.00228147 -0.00330879 -0.00410329
0 -0.00231929 -0.00338469 -0.00419858
0 -0.00236266 -0.00347323 -0.00431133
0 -0.00241087 -0.00357367 -0.0044419
0 -0.00246326 -0.0036852 -0.00459045
0 -0.0025192 -0.00380699 -0.00475676
0 -0.00257798 -0.00393812 -0.00494008
0 -0.00263882 -0.00407754 -0.00513905
0 -0.00270107 -0.00422401 -0.00535174
0 -0.00276437 -0.00437618 -0.00557587
0 -0.00282861 -0.00453278 -0.00580889
0 -0.00289373 -0.0046927 -0.00604812
0 -0.00295975 -0.00485484 -0.00629079
0 -0.00302683 -0.00501826 -0.00653412
0 -0.00309519 -0.00518217 -0.00677561
0 -0.00316513 -0.00534588 -0.00701325
0 -0.00323693 -0.00550923 -0.00724562
0 -0.00331039 -0.0056724 -0.00747183
0 -0.0033849 -0.00583502 -0.00769128
0 -0.00345942 -0.00599571 -0.00790324
0 -0.00353227 -0.00615222 -0.00810666
0 -0.00360105 -0.00630153 -0.00830012
0 -0.00366325 -0.00644027 -0.00848212
0 -0.00371707 -0.00656515 -0.00865109
0 -0.00376151 -0.00667333 -0.00880522
0 -0.00379597 -0.00676276 -0.00894247
0 -0.00382054 -0.00683272 -0.00906073
0 -0.00383622 -0.00688399 -0.00915814
0 -0.00384451 -0.00691825 -0.009233
0 -0.00384691 -0.00693738 -0.00928378
0 -0.00384481 -0.00694316 -0.0093093
0 -0.00383944 -0.00693708 -0.00930911
0 -0.00383191 -0.00692023 -0.00928372
0 -0.00382309 -0.00689333 -0.00923464
0 -0.00381334 -0.00685696 -0.00916419
0 -0.00380239 -0.00681165 -0.00907534
0 -0.00378951 -0.00675787 -0.00897141
0 -0.00377376 -0.00669626 -0.00885596
0 -0.00375407 -0.00662755 -0.00873261
0 -0.00372955 -0.00655255 -0.00860476
0 -0.00369973 -0.00647199 -0.00847545
0 -0.00366468 -0.00638658 -0.00834709
0 -0.00362493 -0.00629703 -0.00822148
0 -0.00358139 -0.00620438 -0.00809977
0 -0.00353541 -0.00611005 -0.00798249
0 -0.00348857 -0.00601567 -0.00786966
0 -0.00344241 -0.00592303 -0.0077609
0 -0.00339836 -0.00583402 -0.00765574
0 -0.00335772 -0.00575042 -0.00755381
0 -0.00332163 -0.00567369 -0.00745509
0 -0.00329098 -0.00560487 -0.00735998
0 -0.0032663 -0.00554468 -0.00726939
0 -0.00324774 -0.00549349 -0.0071847
0 -0.00323494 -0.0054513 -0.00710749
0 -0.00322691 -0.00541766 -0.00703937
0 -0.00322225 -0.00539167 -0.00698177
0 -0.00321948 -0.00537227 -0.00693595
0 -0.00321741 -0.00535857 -0.0069029
0 -0.00321519 -0.00534982 -0.00688328
0 -0.00321237 -0.00534527 -0.00687713
0 -0.00320872 -0.00534419 -0.00688372
0 -0.00320417 -0.00534595 -0.0069015
0 -0.0031989 -0.00535007 -0.0069283
0 -0.00319334 -0.00535625 -0.00696154
0 -0.00318811 -0.00536421 -0.0069984
0 -0.0031839 -0.00537368 -0.00703601
0 -0.00318133 -0.00538438 -0.00707174
0 -0.00318094 -0.00539611 -0.00710339
0 -0.00318335 -0.00540881 -0.00712959
0 -0.0031891 -0.0054226 -0.00714986
0 -0.00319837 -0.00543771 -0.00716447
0 -0.00321078 -0.00545423 -0.00717422
0 -0.00322551 -0.005472 -0.00718031
0 -0.00324146 -0.00549069 -0.00718425
0 -0.00325745 -0.00550993 -0.00718786
0 -0.00327247 -0.00552917 -0.007193
0 -0.00328575 -0.00554781 -0.00720141
0 -0.00329683 -0.00556545 -0.00721451
0 -0.0033056 -0.00558206 -0.00723334
0 -0.00331232 -0.00559802 -0.00725849
0 -0.00331757 -0.00561406 -0.00728999
0 -0.00332204 -0.00563113 -0.00732737
0 -0.00332657 -0.00565034 -0.00736983
0 -0.00333211 -0.00567276 -0.0074164
0 -0.0033397 -0.00569921 -0.00746621
0 -0.00335032 -0.0057303 -0.00751852
0 -0.00336475 -0.00576646 -0.0075729
0 -0.0033834 -0.00580785 -0.00762918
0 -0.00340619 -0.00585435 -0.0076874
0 -0.00343264 -0.00590559 -0.00774783
0 -0.00346198 -0.00596099 -0.00781101
0 -0.0034933 -0.00601997 -0.00787764
0 -0.00352555 -0.00608191 -0.00794854
0 -0.00355777 -0.00614589 -0.00802437
0 -0.00358904 -0.00621077 -0.00810538
0 -0.00361843 -0.00627546 -0.00819136
0 -0.00364532 -0.00633898 -0.00828168
0 -0.0036695 -0.00640051 -0.00837524
0 -0.00369106 -0.00645948 -0.00847055
0 -0.00371018 -0.00651555 -0.0085657
0 -0.00372727 -0.00656852 -0.00865854
0 -0.00374289 -0.00661836 -0.00874687
0 -0.00375764 -0.00666499 -0.00882856
0 -0.00377194 -0.00670809 -0.0089017
0 -0.00378606 -0.00674732 -0.00896477
0 -0.00380011 -0.00678242 -0.0090167
0 -0.00381398 -0.00681291 -0.00905691
0 -0.00382721 -0.00683808 -0.00908525
0 -0.00383894 -0.00685723 -0.00910191
0 -0.00384824 -0.00686965 -0.00910736
0 -0.00385418 -0.00687454 -0.0091022
0 -0.00385575 -0.00687104 -0.009087
0 -0.00385206 -0.00685839 -0.00906223
0 -0.00384254 -0.00683604 -0.00902821
0 -0.00382704 -0.0068037 -0.00898506
0 -0.0038057 -0.00676131 -0.00893258
0 -0.00377884 -0.00670907 -0.00887029
0 -0.0037471 -0.00664738 -0.00879751
0 -0.00371125 -0.00657685 -0.00871351
0 -0.00367211 -0.00649825 -0.00861763
0 -0.00363051 -0.00641246 -0.00850945
0 -0.00358735 -0.00632034 -0.0083889
0 -0.0035433 -0.00622276 -0.00825628
0 -0.00349882 -0.00612049 -0.00811227
0 -0.00345411 -0.00601415 -0.007958
0 -0.00340906 -0.00590423 -0.00779494
0 -0.00336343 -0.00579116 -0.00762486
0 -0.003317 -0.00567543 -0.00744976
0 -0.00326946 -0.0055575 -0.00727172
0 -0.00322044 -0.00543777 -0.00709274
0 -0.00316972 -0.00531664 -0.00691469
0 -0.00311746 -0.00519462 -0.00673919
0 -0.00306403 -0.00507238 -0.00656755
0 -0.00300973 -0.00495078 -0.0064007
0 -0.00295476 -0.00483066 -0.00623913
0 -0.00289961 -0.00471278 -0.00608297
0 -0.0028451 -0.00459783 -0.0059321
0 -0.00279208 -0.0044865 -0.00578629
0 -0.00274116 -0.00437937 -0.00564527
0 -0.00269278 -0.00427681 -0.00550867
0 -0.00264733 -0.00417891 -0.00537614
0 -0.00260503 -0.00408576 -0.00524752
0 -0.002566 -0.00399764 -0.00512304
0 -0.00253045 -0.00391504 -0.00500347
0 -0.00249879 -0.00383869 -0.0048901
0 -0.0024714 -0.00376944 -0.00478447
0 -0.0024484 -0.00370815 -0.00468817
0 -0.00242959 -0.00365544 -0.0046028
0 -0.0024146 -0.00361175 -0.00452981
0 -0.00240299 -0.00357722 -0.00447049
0 -0.00239427 -0.0035517 -0.00442572
0 -0.00238797 -0.00353469 -0.004396
0 -0.00238369 -0.00352557 -0.00438144
0 -0.00238134 -0.00352384 -0.00438179
0 -0.00238115 -0.00352926 -0.00439653
0 -0.00238362 -0.00354201 -0.00442496
0 -0.00238951 -0.00356271 -0.0044663
0 -0.00239961 -0.00359216 -0.00451972
0 -0.0024146 -0.00363113 -0.00458434
0 -0.00243496 -0.00368013 -0.00465938
0 -0.00246099 -0.0037394 -0.00474425
0 -0.00249277 -0.00380888 -0.00483869
0 -0.00253012 -0.00388816 -0.00494267
0 -0.00257249 -0.00397644 -0.00505626
0 -0.00261891 -0.00407257 -0.00517943
0 -0.00266817 -0.00417519 -0.00531203
0 -0.00271907 -0.00428298 -0.00545377
0 -0.00277057 -0.00439471 -0.00560422
0 -0.00282182 -0.00450929 -0.00576269
0 -0.0028722 -0.00462569 -0.00592821
0 -0.00292158 -0.00474316 -0.00609961
0 -0.00297033 -0.00486137 -0.0062756
0 -0.00301902 -0.00498033 -0.00645476
0 -0.00306815 -0.00510007 -0.00663547
0 -0.00311811 -0.00522053 -0.006816
0 -0.00316925 -0.00534166 -0.00699468
0 -0.00322166 -0.00546339 -0.00717007
0 -0.00327514 -0.0055854 -0.00734105
0 -0.00332934 -0.00570695 -0.00750681
0 -0.00338381 -0.00582697 -0.00766682
0 -0.003438 -0.00594433 -0.0078208
0 -0.00349129 -0.00605804 -0.00796867
0 -0.00354285 -0.00616711 -0.00811049
0 -0.00359175 -0.00627072 -0.00824631
0 -0.00363723 -0.00636825 -0.00837616
0 -0.00367886 -0.00645927 -0.00849994
0 -0.00371631 -0.00654351 -0.00861736
0 -0.00374931 -0.00662068 -0.00872794
0 -0.0037779 -0.00669047 -0.008831
0 -0.00380243 -0.00675265 -0.00892569
0 -0.00382336 -0.0068072 -0.00901104
0 -0.00384101 -0.00685419 -0.00908606
0 -0.00385567 -0.00689361 -0.00914973
0 -0.00386764 -0.00692545 -0.00920114
0 -0.00387713 -0.00694977 -0.0092396
0 -0.00388411 -0.00696665 -0.00926467
0 -0.00388848 -0.00697598 -0.00927619
0 -0.0038901 -0.00697743 -0.00927421
0 -0.00388873 -0.00697073 -0.0092591
0 -0.00388402 -0.00695568 -0.00923147
0 -0.00387568 -0.00693216 -0.00919205
0 -0.00386348 -0.0069001 -0.00914158
0 -0.00384718 -0.00685959 -0.0090808
0 -0.00382659 -0.00681087 -0.00901038
0 -0.00380172 -0.00675429 -0.00893095
0 -0.00377291 -0.00669032 -0.00884305
0 -0.00374055 -0.00661949 -0.00874715
0 -0.00370507 -0.00654238 -0.00864367
0 -0.003667 -0.00645965 -0.00853297
0 -0.00362697 -0.00637205 -0.00841544
0 -0.00358553 -0.00628043 -0.00829155
0 -0.00354316 -0.00618561 -0.00816184
0 -0.00350032 -0.00608834 -0.00802699
0 -0.00345735 -0.00598937 -0.00788784
0 -0.00341446 -0.00588941 -0.00774542
0 -0.00337186 -0.00578912 -0.00760092
0 -0.00332969 -0.00568909 -0.00745561
0 -0.00328805 -0.00558987 -0.00731082
0 -0.00324691 -0.00549192 -0.00716788
0 -0.00320628 -0.00539571 -0.00702809
0 -0.00316632 -0.00530181 -0.00689266
0 -0.00312723 -0.00521078 -0.00676269
0 -0.00308926 -0.0051232 -0.0066391
0 -0.00305259 -0.00503969 -0.00652267
0 -0.00301745 -0.00496087 -0.00641401
0 -0.00298423 -0.00488737 -0.00631361
0 -0.0029535 -0.00481981 -0.00622183
0 -0.00292566 -0.0047587 -0.00613899
0 -0.00290096 -0.00470452 -0.00606532
0 -0.00287977 -0.00465766 -0.00600102
0 -0.00286241 -0.00461846 -0.0059463
0 -0.00284896 -0.00458715 -0.00590139
0 -0.00283939 -0.00456384 -0.00586654
0 -0.00283363 -0.00454856 -0.00584199
0 -0.00283157 -0.0045412 -0.00582799
0 -0.00283298 -0.00454159 -0.00582474
0 -0.0028376 -0.00454949 -0.00583237
0 -0.00284513 -0.00456465 -0.00585093
0 -0.00285533 -0.00458673 -0.00588031
0 -0.002868 -0.00461538 -0.00592028
0 -0.00288298 -0.00465025 -0.00597041
0 -0.00290013 -0.00469103 -0.00603015
0 -0.00291936 -0.00473738 -0.0060988
0 -0.00294067 -0.00478892 -0.00617548
0 -0.00296402 -0.00484528 -0.00625925
0 -0.00298933 -0.00490609 -0.00634912
0 -0.00301652 -0.004971 -0.00644409
0 -0.00304552 -0.00503953 -0.00654317
0 -0.00307618 -0.00511107 -0.0066454
0 -0.00310824 -0.00518501 -0.0067499
0 -0.00314144 -0.00526078 -0.00685588
0 -0.00317548 -0.00533772 -0.00696263
0 -0.00320996 -0.00541511 -0.00706945
0 -0.00324438 -0.00549227 -0.0071757
0 -0.00327836 -0.00556857 -0.00728079
0 -0.00331147 -0.00564337 -0.00738411
0 -0.00334337 -0.005716 -0.00748507
0 -0.00337378 -0.0057858 -0.00758302
0 -0.00340246 -0.00585226 -0.0076773
0 -0.00342921 -0.00591507 -0.00776721
0 -0.00345398 -0.00597389 -0.00785202
0 -0.00347675 -0.00602817 -0.00793096
0 -0.00349733 -0.00607756 -0.00800331
0 -0.00351568 -0.00612193 -0.00806842
0 -0.00353193 -0.00616113 -0.00812577
0 -0.0035461 -0.00619488 -0.00817485
0 -0.0035581 -0.006223 -0.00821527
0 -0.00356786 -0.00624537 -0.00824678
0 -0.00357536 -0.00626191 -0.00826928
0 -0.00358051 -0.00627256 -0.00828276
0 -0.0035832 -0.00627726 -0.00828734
0 -0.0035833 -0.00627594 -0.00828322
0 -0.00358074 -0.00626861 -0.00827071
0 -0.00357549 -0.00625533 -0.00825016
0 -0.00356758 -0.00623622 -0.00822197
0 -0.00355703 -0.00621143 -0.0081865
0 -0.00354391 -0.00618121 -0.00814413
0 -0.00352832 -0.00614588 -0.00809525
0 -0.00351048 -0.00610583 -0.00804023
0 -0.00349061 -0.00606145 -0.00797945
0 -0.00346898 -0.00601317 -0.0079133
0 -0.00344595 -0.00596153 -0.00784229
0 -0.00342196 -0.00590709 -0.00776699
