0 -0.00131683 0.000594918 0.00370729
0 -0.00128485 0.000655532 0.00378626
0 -0.00124704 0.000729781 0.00388194
0 -0.00121034 0.000810781 0.00398918
0 -0.00117533 0.000894331 0.00410639
0 -0.00114086 0.000977389 0.00423065
0 -0.0011083 0.00105697 0.0043547
0 -0.0010757 0.0011352 0.00447394
0 -0.00103922 0.00121604 0.0045874
0 -0.00100206 0.00129528 0.0046903
0 -0.000970214 0.00136411 0.00477738
0 -0.000940778 0.0014228 0.00485329
0 -0.000908716 0.00147847 0.00492605
0 -0.000883354 0.00152716 0.00498996
0 -0.000880847 0.00155213 0.00502886
0 -0.000903613 0.00153981 0.0050324
0 -0.000940964 0.00148861 0.00499699
0 -0.00098428 0.00140541 0.00491666
0 -0.00102758 0.00130523 0.00478944
0 -0.00105651 0.00121344 0.00463364
0 -0.00106433 0.00114434 0.00447458
0 -0.00106851 0.00108487 0.00432446
0 -0.0010782 0.00102846 0.00420325
0 -0.00108067 0.00099407 0.0041442
0 -0.00107449 0.000995958 0.00415873
0 -0.0010702 0.00103208 0.00423312
0 -0.00107063 0.00109072 0.00434784
0 -0.00107929 0.00114434 0.00447201
0 -0.00110172 0.00116313 0.00456596
0 -0.00113054 0.00114247 0.004603
0 -0.00115168 0.00110021 0.00457406
0 -0.00116358 0.00104865 0.00447686
0 -0.00118212 0.000974986 0.00431061
0 -0.0012191 0.000861183 0.00408928
0 -0.00126217 0.000718762 0.00385307
0 -0.00130282 0.000573702 0.0036367
0 -0.00135126 0.00044262 0.00345006
0 -0.00140006 0.000346545 0.00331018
0 -0.00143422 0.000293279 0.0032328
0 -0.0014719 0.000248122 0.00319246
0 -0.00152571 0.000184152 0.00315843
0 -0.00155432 0.000139619 0.00314882
0 -0.00150383 0.000187275 0.00320757
0 -0.00137199 0.000363537 0.00335818
0 -0.00121292 0.00063153 0.00359253
0 -0.00108313 0.000914074 0.00389596
0 -0.00100295 0.00115156 0.00425797
0 -0.000986144 0.0013035 0.00462715
0 -0.00106805 0.00132057 0.00488647
0 -0.00125626 0.0011661 0.00491614
0 -0.00149539 0.000844975 0.00465265
0 -0.00170495 0.000406977 0.00409941
0 -0.00180902 -3.79538e-05 0.00334504
0 -0.00177962 -0.000369716 0.00253544
0 -0.00168228 -0.000560192 0.00180488
0 -0.00162525 -0.000680825 0.00126389
0 -0.00167307 -0.000814473 0.000992525
0 -0.00182303 -0.000976396 0.00100482
0 -0.00202966 -0.00111573 0.00123685
0 -0.00223786 -0.00118535 0.00155292
0 -0.002395 -0.00119325 0.00179969
0 -0.00244353 -0.00117206 0.00189299
0 -0.00234632 -0.00112306 0.00183784
0 -0.00213035 -0.00101987 0.00169177
0 -0.00187277 -0.00084455 0.00155145
0 -0.00163707 -0.000598149 0.00154828
0 -0.00143927 -0.000288731 0.00180662
0 -0.0012777 8.11724e-05 0.00238279
0 -0.00118362 0.000486067 0.00320147
0 -0.00120797 0.000843124 0.00406551
0 -0.00133415 0.00106194 0.00477358
0 -0.00145668 0.00112308 0.00520697
0 -0.00146755 0.00109864 0.00532489
0 -0.00132561 0.00110708 0.00515848
0 -0.00106358 0.00122694 0.00482116
0 -0.000762433 0.00143901 0.00447927
0 -0.000503134 0.00166641 0.00430984
0 -0.000332382 0.00186995 0.00445956
0 -0.000271211 0.00207312 0.00496407
0 -0.000323179 0.00230796 0.00571742
0 -0.000446007 0.00257123 0.00655387
0 -0.000541153 0.00283238 0.00731796
0 -0.000508136 0.00308254 0.00789309
0 -0.000318898 0.00334607 0.00822409
0 -4.16569e-05 0.00362781 0.00830763
0 0.000220847 0.00389011 0.00820193
0 0.000406176 0.00407715 0.00803865
0 0.000484572 0.00413337 0.00794058
0 0.000428168 0.0040334 0.00793508
0 0.000235567 0.00381022 0.0079732
0 -5.14082e-05 0.00351301 0.00796132
0 -0.000385932 0.00313529 0.00775882
0 -0.000732678 0.00262349 0.00723537
0 -0.00104188 0.00196404 0.00635176
0 -0.00126339 0.0012308 0.00517455
0 -0.00138739 0.000538046 0.00385352
0 -0.00144425 -3.08911e-05 0.00257804
0 -0.00147275 -0.00044434 0.00155183
0 -0.00150408 -0.000708779 0.000952205
0 -0.00158451 -0.000860113 0.00082224
0 -0.00178523 -0.00096704 0.00103512
0 -0.00214268 -0.00112427 0.00136119
0 -0.00258679 -0.00140913 0.00155959
0 -0.00298513 -0.00184566 0.0014386
0 -0.00325177 -0.00238954 0.00088161
0 -0.00334764 -0.00291988 -8.75881e-05
0 -0.00325318 -0.00330324 -0.00127267
0 -0.00301733 -0.00349158 -0.00237023
0 -0.00275781 -0.00352455 -0.00308687
0 -0.00258389 -0.00344417 -0.00323407
0 -0.00255381 -0.00324986 -0.0027606
0 -0.00267593 -0.00295792 -0.00179297
0 -0.00287317 -0.00261028 -0.000580313
0 -0.00293961 -0.00215134 0.000691641
0 -0.00264252 -0.00141953 0.00195664
0 -0.0019224 -0.000301595 0.00320932
0 -0.00092555 0.00118532 0.0045078
0 0.000127439 0.00289492 0.00597621
0 0.00102221 0.00458026 0.00772499
0 0.00155453 0.00595333 0.00970475
0 0.00161795 0.00680934 0.0116779
0 0.00134131 0.0071598 0.0133565
0 0.000987678 0.00716631 0.014463
0 0.000712897 0.00695031 0.0147145
0 0.000592411 0.00658032 0.0139971
0 0.000753209 0.00619897 0.0125827
0 0.00122588 0.00597878 0.0109872
0 0.0017764 0.00594599 0.00964503
0 0.00203384 0.00593335 0.00880372
0 0.00176604 0.00570124 0.00855184
0 0.00100939 0.00508076 0.00874081
0 -1.70596e-05 0.00405648 0.00897322
0 -0.00105728 0.00280522 0.00878752
0 -0.00187594 0.00160062 0.00785227
0 -0.00227362 0.000605025 0.00610337
0 -0.00223227 -0.000217533 0.00374505
0 -0.00200061 -0.00104906 0.00110528
0 -0.00194522 -0.00207104 -0.00145399
0 -0.00233813 -0.00333733 -0.0036144
0 -0.00323352 -0.00483004 -0.00525265
0 -0.00444716 -0.00646743 -0.00644526
0 -0.00563917 -0.00804408 -0.00738095
0 -0.00647632 -0.00929481 -0.00828022
0 -0.00673975 -0.00999001 -0.00924225
0 -0.00638159 -0.00999887 -0.0101336
0 -0.00555101 -0.00934887 -0.0106198
0 -0.0045522 -0.00823162 -0.0103396
0 -0.00375312 -0.00692676 -0.00910809
0 -0.00342006 -0.00571223 -0.0070142
0 -0.0035254 -0.00472894 -0.00436095
0 -0.00373436 -0.00384288 -0.00151842
0 -0.00364022 -0.00275791 0.00115518
0 -0.00301283 -0.00128791 0.00339713
0 -0.00186539 0.000567648 0.00517441
0 -0.000396463 0.00267477 0.0066831
0 0.00110308 0.00481985 0.00824132
0 0.0023404 0.0068243 0.0101584
0 0.00309921 0.00857528 0.0125835
0 0.0033604 0.0100145 0.015431
0 0.00331925 0.0111552 0.0183916
0 0.00317384 0.011995 0.0209638
0 0.00301127 0.0124639 0.022583
0 0.00291534 0.0125151 0.0228892
0 0.00296556 0.012181 0.0218879
0 0.00311859 0.0115165 0.0198715
0 0.00322026 0.0105672 0.0172818
0 0.00309447 0.00937831 0.0146032
0 0.00262137 0.00797264 0.0122087
0 0.00179888 0.00636903 0.0102576
0 0.000704937 0.00460407 0.00867008
0 -0.000522232 0.00274759 0.00717848
0 -0.00167625 0.000938308 0.00552844
0 -0.0025696 -0.000688789 0.00358407
0 -0.00312464 -0.00211169 0.00129493
0 -0.00340085 -0.003376 -0.00122879
0 -0.00351815 -0.00448596 -0.00367574
0 -0.00360937 -0.00543189 -0.00570708
0 -0.00385798 -0.00626608 -0.00714671
0 -0.00438438 -0.00706499 -0.00799136
0 -0.00509478 -0.00785468 -0.00834216
0 -0.00575634 -0.00855776 -0.0083769
0 -0.00615789 -0.00900234 -0.00830293
0 -0.00617506 -0.00903283 -0.00826189
0 -0.00578383 -0.00859923 -0.00822996
0 -0.00506761 -0.00775955 -0.00800097
0 -0.00417942 -0.00661176 -0.00728841
0 -0.00329705 -0.00523209 -0.00587083
0 -0.00258183 -0.00368481 -0.00369568
0 -0.00208429 -0.00203942 -0.000890226
0 -0.00172171 -0.000371083 0.00227472
0 -0.00137436 0.00124876 0.00542363
0 -0.000971162 0.00272601 0.00815048
0 -0.000519607 0.00394972 0.0101291
0 -7.13066e-05 0.00484556 0.0111944
0 0.000352389 0.00538251 0.0114103
0 0.0007401 0.00559446 0.0110306
0 0.000989521 0.00552282 0.0103033
0 0.000951493 0.00513851 0.00938972
0 0.000611797 0.00445771 0.00844677
0 0.000150996 0.00364736 0.00764218
0 -0.000212008 0.00295192 0.00707992
0 -0.000387694 0.00256423 0.00675661
0 -0.000421026 0.00250803 0.006579
0 -0.000387842 0.00263311 0.00647457
0 -0.000323972 0.0027622 0.00645975
0 -0.000250558 0.00281444 0.00655063
0 -0.000235855 0.00278651 0.00668781
0 -0.000385392 0.00265607 0.00673411
0 -0.000750264 0.00232046 0.00651359
0 -0.00129828 0.0016223 0.00586425
0 -0.00194844 0.000491962 0.00467893
0 -0.0025583 -0.00090229 0.00297943
0 -0.00295418 -0.00220523 0.000963861
0 -0.00304636 -0.0031101 -0.00105124
0 -0.00287833 -0.00353348 -0.00269264
0 -0.00256637 -0.00356025 -0.00359145
0 -0.00223294 -0.00325845 -0.00350307
0 -0.00195386 -0.00259474 -0.00235352
0 -0.00170707 -0.0015145 -0.000244038
0 -0.00143021 -7.44464e-05 0.00251791
0 -0.00113669 0.00149362 0.00545117
0 -0.00092561 0.00280275 0.00797595
0 -0.000865078 0.0035244 0.00959139
0 -0.000899856 0.00363018 0.0100697
0 -0.000951838 0.00325035 0.00941471
0 -0.00105045 0.00246749 0.00774578
0 -0.00128354 0.00132097 0.00530859
0 -0.0016676 -0.000140709 0.00249969
0 -0.00213442 -0.00175176 -0.000207827
0 -0.0026243 -0.00323815 -0.00243684
0 -0.00310856 -0.00438481 -0.00400279
0 -0.00350304 -0.00504678 -0.00480098
0 -0.00364355 -0.00510303 -0.00473775
0 -0.00341785 -0.0045283 -0.00381526
0 -0.00287012 -0.00338682 -0.00215428
0 -0.00212638 -0.0017701 7.63402e-05
0 -0.00128104 0.000182379 0.00273099
0 -0.000421413 0.00226405 0.00566185
0 0.000345812 0.00424952 0.00864683
0 0.000948672 0.00595277 0.0114115
0 0.00135524 0.00726928 0.0137022
0 0.00158504 0.0081663 0.0153281
0 0.00172817 0.00865606 0.0161908
0 0.00187581 0.00881956 0.016317
0 0.00205578 0.00878019 0.0158545
0 0.00224489 0.00863592 0.0150349
0 0.00239231 0.00844592 0.014132
0 0.0024387 0.00822626 0.0133957
0 0.00234972 0.00796502 0.0129734
0 0.00210399 0.00764464 0.01285
0 0.00167348 0.00720798 0.0128267
0 0.0010954 0.00657879 0.0126259
0 0.000503568 0.00575376 0.0120403
0 3.24403e-05 0.00481513 0.0109738
0 -0.000282175 0.00384525 0.00942429
0 -0.000538641 0.00282679 0.00745039
0 -0.000904924 0.00162715 0.00514886
0 -0.00148224 0.000130051 0.00268969
0 -0.00226013 -0.00163383 0.000276205
0 -0.00318301 -0.00353062 -0.00200784
0 -0.00419264 -0.00543022 -0.00421522
0 -0.00519597 -0.00724111 -0.00641276
0 -0.00603236 -0.00888888 -0.00859333
0 -0.00655128 -0.0102734 -0.0106472
0 -0.0067359 -0.0112698 -0.0124211
0 -0.00669361 -0.0117925 -0.0137553
0 -0.00653123 -0.0118426 -0.0144438
0 -0.00629071 -0.0114788 -0.0142805
0 -0.0059831 -0.0107509 -0.0131778
0 -0.00561565 -0.00966914 -0.0112226
0 -0.00517843 -0.00822566 -0.00864045
0 -0.00463557 -0.00645917 -0.00571404
0 -0.00395713 -0.00450933 -0.00271937
0 -0.00315499 -0.00256364 0.000109124
0 -0.00228422 -0.000755156 0.00260532
0 -0.00143435 0.000858119 0.00469594
0 -0.000673802 0.00228243 0.00641579
0 1.88402e-05 0.00358072 0.00790176
0 0.000705576 0.00483832 0.00934584
0 0.00139577 0.00612455 0.0109044
0 0.0020448 0.00746265 0.012644
0 0.00260922 0.00883026 0.0145671
0 0.00309106 0.0101807 0.0166331
0 0.00353297 0.011471 0.0187535
0 0.00394957 0.0126658 0.0207777
0 0.00429343 0.0136973 0.0224995
0 0.00450622 0.014449 0.0237192
0 0.00455025 0.0147774 0.0242828
0 0.00439838 0.0145581 0.0240765
0 0.00402488 0.0137338 0.0230267
0 0.00341458 0.0123242 0.0211097
0 0.00258852 0.0103985 0.0183725
0 0.00161232 0.00805459 0.0149506
0 0.00057144 0.00542824 0.0110598
0 -0.000477614 0.00268949 0.0069515
0 -0.00151675 1.17647e-05 0.0028885
0 -0.00249479 -0.00242592 -0.000836341
0 -0.00332215 -0.00446533 -0.00394283
0 -0.00398034 -0.00605117 -0.0062671
0 -0.0045078 -0.00718493 -0.00777463
0 -0.00490452 -0.00786108 -0.00850854
0 -0.00515532 -0.00811532 -0.00857775
0 -0.00523833 -0.00799875 -0.00811921
0 -0.00509023 -0.00750757 -0.00723717
0 -0.00467866 -0.00663053 -0.00600612
0 -0.00406545 -0.00541838 -0.0044908
0 -0.00335147 -0.00398025 -0.00273792
0 -0.00262589 -0.00245349 -0.000779018
0 -0.00195843 -0.000958334 0.00133657
0 -0.00142164 0.000403716 0.00347257
0 -0.00108895 0.00151492 0.00539287
0 -0.000933387 0.00230422 0.00690651
0 -0.000756238 0.00288919 0.00800735
0 -0.000330899 0.00354113 0.00883643
0 0.000402964 0.00448265 0.00959396
0 0.00136865 0.00582911 0.0105367
0 0.00245707 0.00759219 0.0119849
0 0.00353669 0.00964808 0.0142171
0 0.00446824 0.011824 0.0172994
0 0.00517196 0.0139994 0.0210366
0 0.00568457 0.0161242 0.0250814
0 0.00616629 0.0182128 0.0290459
0 0.00681535 0.0202935 0.0325872
0 0.00771278 0.0223512 0.0354996
0 0.00877464 0.0243275 0.0377354
0 0.0098347 0.0261232 0.0393913
0 0.0107251 0.0276136 0.0406846
0 0.0113119 0.0286931 0.0418193
0 0.0114653 0.0292377 0.042793
0 0.0110574 0.0290533 0.0433224
0 0.0100703 0.0279452 0.0429459
0 0.00863092 0.0257892 0.0411632
0 0.00688298 0.0225199 0.0375073
0 0.00487291 0.0181089 0.0316431
0 0.00257733 0.0125778 0.0235291
0 -4.05987e-05 0.00601134 0.013481
0 -0.00302286 -0.00148126 0.00203111
0 -0.0063505 -0.00972705 -0.010266
0 -0.0099301 -0.0184061 -0.0228364
0 -0.0136438 -0.027165 -0.0352283
0 -0.0173275 -0.0357358 -0.0473076
0 -0.0210063 -0.0439189 -0.0590153
0 -0.024703 -0.0516106 -0.0703091
0 -0.028067 -0.0588773 -0.0812595
0 -0.0310898 -0.065778 -0.0919524
0 -0.0340985 -0.072203 -0.102219
0 -0.0369602 -0.0781367 -0.11158
0 -0.0394346 -0.0835765 -0.119796
0 -0.0416087 -0.0882994 -0.126866
0 -0.0434742 -0.09211 -0.132662
0 -0.0447238 -0.0948415 -0.137014
0 -0.04513 -0.0961945 -0.139636
0 -0.044571 -0.095893 -0.140112
0 -0.0430626 -0.0937864 -0.13817
0 -0.0409701 -0.0899242 -0.133681
0 -0.0385641 -0.0845843 -0.126622
0 -0.0358386 -0.078028 -0.117161
0 -0.0327486 -0.0704002 -0.105653
0 -0.0292076 -0.0617899 -0.0926239
0 -0.0252709 -0.0523616 -0.0787169
0 -0.0211201 -0.0424764 -0.0645509
0 -0.0168844 -0.0326076 -0.0505842
0 -0.0128587 -0.0233935 -0.0372891
0 -0.00958923 -0.015591 -0.0253927
0 -0.00745075 -0.00970177 -0.0155664
0 -0.00621078 -0.0056346 -0.00798637
0 -0.00528384 -0.0028211 -0.00248741
0 -0.00443798 -0.000870186 0.000900473
0 -0.00387519 0.000117441 0.00192841
0 -0.00358064 0.000150612 0.000870043
0 -0.00311659 -0.000301968 -0.00130495
0 -0.00233065 -0.000849443 -0.00369135
0 -0.0018215 -0.00153004 -0.00593674
0 -0.00228848 -0.00266238 -0.00808073
0 -0.00379766 -0.00459763 -0.0101666
0 -0.00588734 -0.00742106 -0.012272
0 -0.00791645 -0.0107059 -0.0146292
0 -0.00934096 -0.0136461 -0.0174246
0 -0.00998191 -0.0156252 -0.0206912
0 -0.00998482 -0.0166646 -0.0241977
0 -0.00962106 -0.0173016 -0.0274295
0 -0.0092735 -0.0180403 -0.0298743
0 -0.00931364 -0.0189122 -0.0311919
0 -0.00986179 -0.0196409 -0.031299
0 -0.0107793 -0.0200631 -0.0304923
0 -0.0117035 -0.0201927 -0.0292027
0 -0.0122148 -0.0201117 -0.0278352
0 -0.0122426 -0.0199367 -0.0269306
0 -0.0120906 -0.0198613 -0.0269866
0 -0.0120182 -0.0201107 -0.0281299
0 -0.0119526 -0.0206626 -0.0299589
0 -0.0115932 -0.0211415 -0.0316459
0 -0.0107901 -0.0210099 -0.0323972
0 -0.00972333 -0.0198611 -0.0317403
0 -0.00870632 -0.0177479 -0.0294953
0 -0.00795047 -0.0151729 -0.0258075
0 -0.00748145 -0.0127103 -0.021139
0 -0.00713926 -0.0105386 -0.0160842
0 -0.006717 -0.0084327 -0.0112993
0 -0.00605412 -0.00619854 -0.00735079
0 -0.00492371 -0.00372331 -0.00432295
0 -0.00320654 -0.000999733 -0.00191834
0 -0.00124288 0.0016653 0.000103793
0 0.000303337 0.00382166 0.00183678
0 0.000921838 0.00510505 0.00329216
0 0.000477299 0.00521951 0.00430911
0 -0.000888223 0.00397773 0.00444171
0 -0.00291101 0.00136461 0.00302538
0 -0.00531676 -0.00251956 -0.000626295
0 -0.0078048 -0.00746709 -0.00688928
0 -0.0100665 -0.0131607 -0.0155522
0 -0.0120906 -0.0193717 -0.0259981
0 -0.0142591 -0.0261507 -0.0375474
0 -0.0169533 -0.033596 -0.0495717
0 -0.0202627 -0.0415625 -0.0613926
0 -0.0239629 -0.0497083 -0.0724257
0 -0.0276388 -0.0575431 -0.0824951
0 -0.0309681 -0.064514 -0.0915721
0 -0.0337688 -0.0702413 -0.099613
0 -0.0357846 -0.0746456 -0.106636
0 -0.036909 -0.0779089 -0.112539
0 -0.0374123 -0.0802152 -0.117135
0 -0.0375742 -0.081589 -0.120249
0 -0.0374644 -0.0820112 -0.121582
0 -0.0371115 -0.0813913 -0.120839
0 -0.0364302 -0.0795719 -0.117965
0 -0.0351026 -0.0763636 -0.112978
0 -0.0329516 -0.0715399 -0.105966
0 -0.0300486 -0.0650862 -0.0971401
0 -0.02648 -0.0572733 -0.0866825
0 -0.0225658 -0.0485677 -0.0748888
0 -0.0187946 -0.0396452 -0.0622601
0 -0.0153711 -0.0311161 -0.0494076
0 -0.0123478 -0.0232815 -0.0369697
0 -0.00982578 -0.0163405 -0.0255142
0 -0.00778244 -0.0104851 -0.0155779
0 -0.0060712 -0.00575132 -0.00759141
0 -0.00459725 -0.00206512 -0.00173331
0 -0.00335229 0.000592221 0.00200088
0 -0.00235536 0.00218584 0.00367126
0 -0.00164912 0.00277936 0.00353245
0 -0.00128165 0.00252183 0.00206615
0 -0.00129337 0.00151361 -0.000264767
0 -0.00173199 -9.04152e-05 -0.00299549
0 -0.00260676 -0.00208332 -0.00580047
0 -0.00388315 -0.00442781 -0.00866583
0 -0.00547739 -0.00716609 -0.0117041
0 -0.00723882 -0.0102573 -0.0151308
0 -0.00902481 -0.0136579 -0.0191983
0 -0.0107529 -0.0173175 -0.0240297
0 -0.0124225 -0.0211731 -0.0296249
0 -0.0141 -0.0252753 -0.0358589
0 -0.0158592 -0.0296954 -0.0425401
0 -0.0177359 -0.0343472 -0.0494412
0 -0.0196639 -0.0390311 -0.0562201
0 -0.0214917 -0.0434564 -0.0625331
0 -0.0230411 -0.0472558 -0.0680908
0 -0.0241172 -0.0501098 -0.0725442
0 -0.0245911 -0.0518037 -0.0755638
0 -0.0244832 -0.0522354 -0.0769107
0 -0.0239119 -0.0514419 -0.0764094
0 -0.023043 -0.0495873 -0.0740368
0 -0.0220327 -0.0469052 -0.0699633
0 -0.0209349 -0.043633 -0.0645527
0 -0.0197477 -0.0399802 -0.0583731
0 -0.0184512 -0.0361385 -0.0520358
0 -0.0170032 -0.032288 -0.0460431
0 -0.0154308 -0.028592 -0.0407421
0 -0.0138371 -0.0251952 -0.036277
0 -0.0123543 -0.0222663 -0.0326877
0 -0.0111742 -0.02001 -0.0300113
0 -0.0104718 -0.0185791 -0.0282245
0 -0.0102443 -0.0179748 -0.0272489
0 -0.0103032 -0.0179989 -0.0269619
0 -0.0104412 -0.0183374 -0.0271995
0 -0.0105429 -0.018728 -0.0278364
0 -0.010536 -0.0190338 -0.0287165
0 -0.0103422 -0.0191507 -0.0295218
0 -0.0099263 -0.0189515 -0.0298887
0 -0.00940145 -0.0184016 -0.0296082
0 -0.00897555 -0.0175858 -0.0286449
0 -0.00874838 -0.0166305 -0.0270805
0 -0.00862191 -0.0156247 -0.0250507
0 -0.0083868 -0.0145149 -0.0227089
0 -0.00789316 -0.0131633 -0.0202604
0 -0.00714854 -0.01152 -0.0179221
0 -0.00625124 -0.00968568 -0.0158064
0 -0.00532696 -0.00789845 -0.0139177
0 -0.00457263 -0.00646958 -0.0122821
0 -0.00423734 -0.00567489 -0.0110484
0 -0.00449975 -0.00570248 -0.0104817
0 -0.00536202 -0.00665518 -0.0108974
0 -0.00665548 -0.00855209 -0.0125876
0 -0.00817157 -0.0113313 -0.0157686
0 -0.00979822 -0.0148927 -0.0205522
0 -0.0115389 -0.0191505 -0.0268818
0 -0.0134162 -0.0240042 -0.0344413
0 -0.0154115 -0.0292887 -0.0426964
0 -0.0174919 -0.0347805 -0.0510917
0 -0.0196238 -0.0402021 -0.0591197
0 -0.0217933 -0.0452941 -0.0664163
0 -0.0239688 -0.0499473 -0.0728655
0 -0.0259989 -0.0541101 -0.0783816
0 -0.0276512 -0.0576182 -0.082896
0 -0.0287763 -0.0602589 -0.0864505
0 -0.0293649 -0.0618918 -0.0890215
0 -0.0294335 -0.0624557 -0.0904761
0 -0.0289599 -0.0619549 -0.090607
0 -0.0280083 -0.0604491 -0.0891603
0 -0.0267355 -0.0579841 -0.0859841
0 -0.0252353 -0.0545671 -0.0810984
0 -0.0235441 -0.0502796 -0.0746879
0 -0.0216587 -0.0453091 -0.0671039
0 -0.019508 -0.0398275 -0.058757
0 -0.017057 -0.0339622 -0.050031
0 -0.0143443 -0.0277965 -0.0412578
0 -0.0114161 -0.0213945 -0.0325969
0 -0.00836774 -0.0149551 -0.0240783
0 -0.00541824 -0.0087798 -0.0157964
0 -0.00283172 -0.00312636 -0.00788578
0 -0.000754303 0.00181685 -0.000492594
0 0.000813084 0.00594454 0.00618606
0 0.00193948 0.00924978 0.0119563
0 0.00274272 0.0118068 0.0166534
0 0.00336694 0.0137194 0.0201312
0 0.00390606 0.0150571 0.0222924
0 0.0043541 0.0158189 0.0231262
0 0.00463661 0.0159622 0.0227265
0 0.00469253 0.0154533 0.0212956
0 0.00445727 0.0142957 0.0191054
0 0.00384492 0.0125695 0.0164256
0 0.00286698 0.0104088 0.0134533
0 0.00162235 0.00793052 0.0102863
0 0.000229032 0.00523872 0.00694829
0 -0.00116465 0.00244835 0.00342761
0 -0.00243865 -0.000322661 -0.000278072
0 -0.0035583 -0.00298374 -0.00412558
0 -0.00459205 -0.00555455 -0.00806246
0 -0.00569412 -0.00818542 -0.012069
0 -0.00701795 -0.0110662 -0.0161491
0 -0.00864638 -0.0143273 -0.0203606
0 -0.0105813 -0.018007 -0.0248397
0 -0.0127592 -0.0221098 -0.0297831
0 -0.01508 -0.0266303 -0.0354104
0 -0.0174223 -0.0315144 -0.0418647
0 -0.0196404 -0.0366369 -0.0491086
0 -0.0216264 -0.0417973 -0.0569198
0 -0.0233745 -0.0467792 -0.0649465
0 -0.0249287 -0.0514102 -0.0727672
0 -0.0263321 -0.0555828 -0.0799653
0 -0.0276625 -0.0592557 -0.0861948
0 -0.0289837 -0.0624062 -0.0912219
0 -0.0302196 -0.0649896 -0.0949398
0 -0.0312259 -0.0669077 -0.0973315
0 -0.031892 -0.0679922 -0.0984113
0 -0.0320854 -0.068099 -0.0982176
0 -0.0316856 -0.0671627 -0.0968035
0 -0.0306759 -0.065154 -0.0941948
0 -0.0291574 -0.0621329 -0.0903963
0 -0.0272751 -0.0582416 -0.0853874
0 -0.025118 -0.0535997 -0.0791464
0 -0.0227646 -0.0483155 -0.0717434
0 -0.0202962 -0.0425238 -0.0633681
0 -0.017736 -0.0363484 -0.0542878
0 -0.0150582 -0.0298912 -0.0447997
0 -0.0122056 -0.0232396 -0.0351879
0 -0.00917049 -0.0164785 -0.0256372
0 -0.00606184 -0.00975048 -0.0162705
0 -0.00307151 -0.00327981 -0.00727665
0 -0.000407774 0.00266691 0.00115124
0 0.00176785 0.00783108 0.00884072
0 0.00336315 0.0119951 0.0155549
0 0.00432475 0.0149869 0.0209782
0 0.00462291 0.0166937 0.0247521
0 0.0043154 0.0170927 0.0265672
0 0.003619 0.0162684 0.0262518
0 0.00279827 0.0144233 0.0238293
0 0.00196469 0.0118248 0.0195415
0 0.00106306 0.00864323 0.0138095
0 -6.48905e-05 0.00490491 0.00717998
0 -0.00161671 0.00060114 0.000190555
0 -0.00370908 -0.00427265 -0.00679806
0 -0.00634198 -0.00966164 -0.0136602
0 -0.00938834 -0.0153801 -0.0204819
0 -0.0125638 -0.0212321 -0.0274685
0 -0.0155724 -0.027107 -0.0348351
0 -0.0182462 -0.0329118 -0.0427204
0 -0.0205017 -0.0385325 -0.0510807
0 -0.0223088 -0.0437931 -0.0596174
0 -0.0237145 -0.0484753 -0.0678478
0 -0.0248187 -0.0524291 -0.0752466
0 -0.0256989 -0.0555833 -0.0813174
0 -0.0263939 -0.0578842 -0.0856538
0 -0.0268873 -0.059254 -0.0879935
0 -0.0270858 -0.0595787 -0.0882238
0 -0.0269021 -0.0587388 -0.0864141
0 -0.0262579 -0.0566675 -0.0828084
0 -0.0250488 -0.0533917 -0.0777252
0 -0.0232281 -0.0490496 -0.0714822
0 -0.0208862 -0.0438754 -0.064369
0 -0.0182421 -0.0381515 -0.0566315
0 -0.0155352 -0.032167 -0.0484716
0 -0.012921 -0.026171 -0.0400666
0 -0.0104465 -0.0203332 -0.0316117
0 -0.00808567 -0.0147383 -0.0233019
0 -0.00581602 -0.00940435 -0.0153045
0 -0.00364061 -0.00432164 -0.00777191
0 -0.00153997 0.000514845 -0.000789844
0 0.000536241 0.00510256 0.00565552
0 0.00259565 0.00942585 0.0116301
0 0.00457658 0.0134633 0.01719
0 0.00641353 0.0172196 0.0223869
0 0.0080738 0.0207236 0.027289
0 0.00952163 0.023966 0.0319317
0 0.0106852 0.0268405 0.0362904
0 0.0114896 0.0291774 0.0402562
0 0.0119051 0.0308484 0.0436167
0 0.0119547 0.0318061 0.0461161
0 0.0117016 0.0320438 0.0475112
0 0.011231 0.031573 0.0475833
0 0.010622 0.0304107 0.0461878
0 0.00989372 0.0285577 0.0433101
0 0.00896917 0.0259701 0.0390608
0 0.00770289 0.0225591 0.03364
0 0.00595584 0.0182803 0.0272766
0 0.00365658 0.0131678 0.0201524
0 0.00082338 0.00728314 0.0123534
0 -0.00244507 0.000701868 0.00387508
0 -0.00597859 -0.00645202 -0.00534559
0 -0.00955803 -0.0139871 -0.0153586
0 -0.0130228 -0.0217035 -0.0261209
0 -0.0163032 -0.0294407 -0.0374487
0 -0.0193678 -0.0370902 -0.049072
0 -0.0222759 -0.0445949 -0.0607549
0 -0.0251931 -0.0519144 -0.0722746
0 -0.0282753 -0.0589923 -0.0833687
0 -0.0314071 -0.0657813 -0.0938032
0 -0.0342643 -0.0721734 -0.103418
0 -0.0367703 -0.0778935 -0.112055
0 -0.0389728 -0.0827375 -0.119553
0 -0.0407458 -0.0866771 -0.125751
0 -0.0419997 -0.0896442 -0.130469
0 -0.0427971 -0.0915782 -0.133633
0 -0.0431473 -0.0924823 -0.135218
0 -0.042988 -0.0923278 -0.13515
0 -0.0423845 -0.0910879 -0.133432
0 -0.0413836 -0.0887888 -0.130163
0 -0.0399397 -0.0854909 -0.125472
0 -0.0381334 -0.0813127 -0.11958
0 -0.0360372 -0.0764574 -0.112724
0 -0.0336511 -0.0710834 -0.105087
0 -0.0310614 -0.0652504 -0.0968739
0 -0.0283507 -0.0590831 -0.0882444
0 -0.0255278 -0.0527122 -0.079296
0 -0.0225961 -0.0461553 -0.0701267
0 -0.0195754 -0.0394619 -0.0608103
0 -0.0164963 -0.0327329 -0.0513822
0 -0.0133938 -0.0259926 -0.0418693
0 -0.0102806 -0.019231 -0.0322935
0 -0.0071597 -0.012482 -0.0226847
0 -0.00407358 -0.00580051 -0.0130925
0 -0.00109094 0.000734433 -0.00356999
0 0.00175261 0.00702716 0.00579748
0 0.004456 0.0130177 0.0148935
0 0.00699494 0.0186844 0.0236075
0 0.00929562 0.0239905 0.0318117
0 0.0112713 0.0288295 0.0393684
0 0.0128679 0.0330281 0.0461702
0 0.014051 0.0364209 0.0520927
0 0.0147891 0.0389089 0.0569358
0 0.0150991 0.0404649 0.0604583
0 0.0150492 0.0411111 0.0624486
0 0.014673 0.0408635 0.0627482
0 0.0140367 0.0396641 0.0612303
0 0.0132017 0.0374676 0.0578772
0 0.0120454 0.0342928 0.052842
0 0.0104604 0.0301221 0.0463602
0 0.00841063 0.0250058 0.0387398
0 0.00584452 0.0190986 0.0303017
0 0.00282026 0.0125169 0.0212616
0 -0.000528597 0.00541109 0.011774
0 -0.00402279 -0.00196021 0.00193974
0 -0.0074316 -0.00935611 -0.00819972
0 -0.0106214 -0.016625 -0.0185461
0 -0.0135817 -0.0236488 -0.0289146
0 -0.0162892 -0.030333 -0.0390988
0 -0.0187177 -0.0366127 -0.0488907
0 -0.0209328 -0.042424 -0.0581008
0 -0.023008 -0.0477027 -0.0665374
0 -0.0249236 -0.052387 -0.0740021
0 -0.0266387 -0.0564019 -0.0803368
0 -0.0280532 -0.059638 -0.0854084
0 -0.0289999 -0.0619434 -0.0890938
0 -0.0294249 -0.0631767 -0.0912764
0 -0.0293453 -0.0632777 -0.0918363
0 -0.0287733 -0.0622539 -0.0906897
0 -0.0277553 -0.0601357 -0.0877898
0 -0.0263605 -0.0569535 -0.0831895
0 -0.0246452 -0.0527957 -0.0771132
0 -0.0226059 -0.0478236 -0.0698291
0 -0.0202517 -0.0421925 -0.0616331
0 -0.0176638 -0.0361212 -0.0528897
0 -0.0149823 -0.029899 -0.0439565
0 -0.0123504 -0.0237401 -0.0351676
0 -0.00982169 -0.0178341 -0.0267844
0 -0.00743095 -0.0123884 -0.0189603
0 -0.00526058 -0.0074972 -0.0118299
0 -0.00336059 -0.00317405 -0.00552129
0 -0.00173411 0.000559282 -9.71736e-05
0 -0.000379146 0.00369352 0.0044309
0 0.000723566 0.00621481 0.00807644
0 0.00159819 0.00811507 0.0108561
0 0.00222826 0.00942788 0.0127671
0 0.00256778 0.010167 0.0137935
0 0.00258277 0.0102798 0.0139262
0 0.0022838 0.0097244 0.0131734
0 0.00171345 0.00850791 0.0115545
0 0.000890062 0.00666793 0.00909486
0 -0.000175438 0.00429081 0.00583427
0 -0.00144336 0.00146625 0.00184638
0 -0.00286702 -0.00174556 -0.0027432
0 -0.00439198 -0.00526644 -0.00777146
0 -0.0059702 -0.00898864 -0.0130678
0 -0.00760205 -0.012792 -0.0184676
0 -0.00929367 -0.0165779 -0.0238175
0 -0.0109796 -0.0202585 -0.0289818
0 -0.0125594 -0.0237326 -0.0338163
0 -0.0139787 -0.0269215 -0.0381988
0 -0.0152185 -0.0297413 -0.0420866
0 -0.0162417 -0.0320898 -0.0454292
0 -0.0169991 -0.0339048 -0.0481339
0 -0.017468 -0.0351558 -0.0501088
0 -0.017643 -0.0358026 -0.0512407
0 -0.0175282 -0.035795 -0.0514343
0 -0.0171673 -0.0351197 -0.0506451
0 -0.0166028 -0.0338175 -0.048861
0 -0.0158353 -0.0319521 -0.0461386
0 -0.0148745 -0.0296026 -0.0426211
0 -0.013746 -0.0268558 -0.038508
0 -0.0124679 -0.0237977 -0.034028
0 -0.0110705 -0.0205472 -0.029397
0 -0.00961991 -0.01726 -0.0248003
0 -0.00819046 -0.01406 -0.0203747
0 -0.00680204 -0.0110184 -0.0161912
0 -0.00547716 -0.00819179 -0.012301
0 -0.00428771 -0.00561101 -0.00874345
0 -0.00326285 -0.00329763 -0.00553354
0 -0.00239606 -0.00129966 -0.00270117
0 -0.00171955 0.000325616 -0.00030315
0 -0.00126439 0.00152729 0.00158375
0 -0.0010302 0.00226472 0.00285389
0 -0.00103074 0.00249304 0.00339375
0 -0.00128663 0.00215203 0.00310459
0 -0.00177706 0.00120709 0.00191386
0 -0.00247003 -0.000326201 -0.000188372
0 -0.00335316 -0.00239639 -0.00314082
0 -0.0044001 -0.00491521 -0.00682318
0 -0.00557912 -0.00777754 -0.0110552
0 -0.00686805 -0.010884 -0.0156232
0 -0.00824505 -0.0141351 -0.0203163
0 -0.00970143 -0.0174381 -0.0249639
0 -0.0112026 -0.0206978 -0.0294539
0 -0.0126712 -0.0238255 -0.0336954
0 -0.0140618 -0.0267776 -0.037645
0 -0.0153572 -0.029528 -0.0413267
0 -0.0165166 -0.0320423 -0.0447517
0 -0.0175093 -0.0342991 -0.0479171
0 -0.0183457 -0.036288 -0.0508078
0 -0.0190317 -0.0379874 -0.0533575
0 -0.0195361 -0.0393423 -0.0554637
0 -0.0198204 -0.0402586 -0.056984
0 -0.0198598 -0.0406283 -0.0577527
0 -0.0196285 -0.0403602 -0.0576305
0 -0.0191232 -0.0394092 -0.0565094
0 -0.0183757 -0.0377901 -0.0543367
0 -0.0174111 -0.0355583 -0.0511565
0 -0.0162603 -0.0327977 -0.0471062
0 -0.0149694 -0.029626 -0.0424011
0 -0.013564 -0.0261784 -0.0373002
0 -0.0120621 -0.0225912 -0.0320568
0 -0.0105154 -0.0190044 -0.0269013
0 -0.00898201 -0.0155214 -0.0220112
0 -0.00747427 -0.0122002 -0.0174719
0 -0.00602284 -0.00912399 -0.0133287
0 -0.00472442 -0.00637864 -0.00962903
0 -0.00364627 -0.00401334 -0.00638713
0 -0.00278804 -0.00205642 -0.00360563
0 -0.00214118 -0.000510667 -0.00130233
0 -0.00169133 0.000640647 0.000502879
0 -0.00140075 0.00142116 0.00176907
0 -0.00125673 0.00183318 0.00243744
0 -0.0012946 0.0018289 0.00245852
0 -0.00153787 0.00134889 0.00179145
0 -0.00198774 0.000360533 0.000418453
0 -0.00266533 -0.00114613 -0.00164908
0 -0.00357827 -0.00314821 -0.00439238
0 -0.00469979 -0.00559853 -0.00777205
0 -0.00599341 -0.00843923 -0.0117109
0 -0.00739481 -0.0115789 -0.0160917
0 -0.00882338 -0.0148824 -0.0207448
0 -0.0102359 -0.0181996 -0.0254781
0 -0.0115873 -0.0213887 -0.0301177
0 -0.0128126 -0.0243307 -0.0344684
0 -0.0139103 -0.0269597 -0.038342
0 -0.0148955 -0.0292393 -0.0416234
0 -0.0157217 -0.0311101 -0.0442221
0 -0.0163386 -0.0324935 -0.0460805
0 -0.0167169 -0.0333194 -0.0471826
0 -0.0168077 -0.0335312 -0.0474944
0 -0.0165722 -0.0330965 -0.046987
0 -0.0160445 -0.0320414 -0.0456591
0 -0.0153011 -0.0304488 -0.04354
0 -0.014411 -0.0284244 -0.0407157
0 -0.0134385 -0.0260901 -0.0373224
0 -0.0124219 -0.0235679 -0.0335416
0 -0.0113681 -0.0209533 -0.0295924
0 -0.0102912 -0.0183309 -0.0256916
0 -0.0092128 -0.0157799 -0.0220105
0 -0.00813178 -0.0133487 -0.0186427
0 -0.00705087 -0.0110815 -0.015634
0 -0.00603534 -0.00904661 -0.0130139
0 -0.00517238 -0.0072995 -0.010774
0 -0.00449662 -0.0058687 -0.00888525
0 -0.00401013 -0.00476776 -0.00732749
0 -0.00369913 -0.00397915 -0.0060887
0 -0.00351637 -0.00345352 -0.00517858
0 -0.00341701 -0.00314455 -0.00462623
0 -0.00338845 -0.00303631 -0.00444876
0 -0.00342633 -0.00313612 -0.00464795
0 -0.00354211 -0.00347019 -0.00521692
0 -0.00378197 -0.00407884 -0.0061425
0 -0.00418418 -0.0049838 -0.00741373
0 -0.00474497 -0.00617222 -0.00901171
0 -0.00542371 -0.00759724 -0.0108974
0 -0.00615269 -0.00917527 -0.0130147
0 -0.00686664 -0.0108094 -0.0152909
0 -0.00753433 -0.0124215 -0.0176397
0 -0.0081546 -0.0139628 -0.0199617
0 -0.00873916 -0.0154126 -0.0221544
0 -0.00930806 -0.0167651 -0.024137
0 -0.00987446 -0.0180061 -0.0258575
0 -0.0104287 -0.0191192 -0.0272981
0 -0.0109491 -0.0200995 -0.0284801
0 -0.0114067 -0.0209336 -0.029443
0 -0.0117651 -0.0215984 -0.0302302
0 -0.0120028 -0.0220857 -0.030876
0 -0.0121268 -0.0224071 -0.0313908
0 -0.0121587 -0.0225833 -0.0317632
0 -0.0121309 -0.0226396 -0.0319696
0 -0.0120846 -0.0226042 -0.0319915
0 -0.0120498 -0.0225025 -0.0318339
0 -0.0120362 -0.0223591 -0.0315306
0 -0.0120383 -0.0221975 -0.0311408
0 -0.0120357 -0.0220299 -0.0307354
0 -0.0120051 -0.0218583 -0.0303796
0 -0.0119377 -0.021687 -0.0301184
0 -0.0118374 -0.0215239 -0.0299638
0 -0.0117185 -0.0213799 -0.0298957
0 -0.0115996 -0.0212583 -0.0298679
0 -0.0114865 -0.0211389 -0.0298144
0 -0.0113687 -0.0209793 -0.0296651
0 -0.0112328 -0.0207362 -0.0293659
0 -0.0110655 -0.0203813 -0.028886
0 -0.0108521 -0.0199017 -0.0282147
0 -0.0105886 -0.0193029 -0.0273651
0 -0.0102909 -0.0186143 -0.0263798
0 -0.00998745 -0.0178844 -0.0253233
0 -0.00970707 -0.0171726 -0.0242688
0 -0.00947173 -0.0165401 -0.0232922
0 -0.00929888 -0.0160404 -0.0224762
0 -0.00920291 -0.0157141 -0.0219031
0 -0.00918716 -0.0155846 -0.0216343
0 -0.00923639 -0.0156522 -0.0216946
0 -0.00932376 -0.0158919 -0.0220631
0 -0.00943385 -0.0162656 -0.0226869
0 -0.00957071 -0.0167368 -0.0234977
0 -0.00974589 -0.017277 -0.0244167
0 -0.00996426 -0.0178627 -0.0253604
0 -0.0102144 -0.0184646 -0.0262515
0 -0.0104708 -0.0190406 -0.0270293
0 -0.0107001 -0.0195341 -0.027651
0 -0.0108648 -0.0198824 -0.028088
0 -0.0109282 -0.0200336 -0.0283111
0 -0.0108599 -0.0199513 -0.0282768
0 -0.0106403 -0.0196059 -0.0279279
0 -0.0102697 -0.0189725 -0.0272048
0 -0.00976846 -0.0180354 -0.0260585
0 -0.00916293 -0.0167981 -0.02446
0 -0.00847739 -0.015288 -0.0224093
0 -0.00772263 -0.0135518 -0.0199435
0 -0.0068946 -0.0116302 -0.0171405
0 -0.00600698 -0.00955053 -0.0141095
0 -0.00509472 -0.0073736 -0.0109785
0 -0.00418766 -0.00520664 -0.00788645
0 -0.00331879 -0.00315855 -0.00495768
0 -0.00253891 -0.00132921 -0.00231093
0 -0.00190788 0.000184006 -7.97735e-05
0 -0.00147648 0.00130095 0.00161332
0 -0.00126819 0.0019575 0.00267146
0 -0.00128004 0.00209995 0.00301598
0 -0.00150312 0.00170241 0.00258902
0 -0.00193447 0.000773695 0.00135869
0 -0.00257091 -0.000661397 -0.000665089
0 -0.00339901 -0.00256921 -0.00341826
0 -0.00440006 -0.00490372 -0.00679676
0 -0.00556296 -0.00761275 -0.0106809
0 -0.00688302 -0.0106365 -0.014954
0 -0.00835072 -0.0139104 -0.019507
0 -0.00995536 -0.0173755 -0.0242432
0 -0.0116371 -0.020949 -0.029083
0 -0.013268 -0.0245037 -0.0339331
0 -0.0147678 -0.0279142 -0.0386797
0 -0.0161108 -0.0310737 -0.0432173
0 -0.0172504 -0.0338804 -0.0474095
0 -0.018158 -0.0362589 -0.0510833
0 -0.0188573 -0.0381643 -0.0540866
0 -0.0193792 -0.039562 -0.056292
0 -0.0197254 -0.0404272 -0.057613
0 -0.0198925 -0.0407567 -0.0580308
0 -0.019882 -0.0405655 -0.0575814
0 -0.0196678 -0.0398671 -0.0563593
0 -0.0192224 -0.0386841 -0.0545021
0 -0.018556 -0.0370694 -0.0521446
0 -0.017688 -0.035095 -0.0493998
0 -0.016655 -0.0328451 -0.0463529
0 -0.0155291 -0.0304145 -0.043068
0 -0.0143774 -0.0278921 -0.0396094
0 -0.0132453 -0.0253526 -0.0360498
0 -0.0121604 -0.0228563 -0.0324743
0 -0.0111316 -0.0204451 -0.0289762
0 -0.0101456 -0.0181364 -0.02564
0 -0.0091743 -0.0159269 -0.0225237
0 -0.00821012 -0.0138279 -0.0196563
0 -0.0072777 -0.011875 -0.0170553
0 -0.00641438 -0.0100975 -0.0147232
0 -0.00565366 -0.00851756 -0.0126439
0 -0.00502299 -0.00716143 -0.0108058
0 -0.00453898 -0.00604673 -0.00920881
0 -0.00418745 -0.00516713 -0.00786269
0 -0.0039333 -0.00449772 -0.0067869
0 -0.0037456 -0.00400889 -0.00599889
0 -0.0035919 -0.00366247 -0.00549523
0 -0.00344445 -0.00342112 -0.00524733
0 -0.00330646 -0.0032716 -0.00520772
0 -0.00320774 -0.00321896 -0.00531894
0 -0.00318619 -0.0032808 -0.00553579
0 -0.00328374 -0.00349401 -0.00584669
0 -0.0035294 -0.00389799 -0.00628159
0 -0.00391911 -0.00452062 -0.00690847
0 -0.00442302 -0.00537501 -0.00781485
0 -0.00499923 -0.00645002 -0.00907938
0 -0.00560626 -0.00771609 -0.0107435
0 -0.00621925 -0.00913967 -0.0127922
0 -0.00683837 -0.0106928 -0.0151543
0 -0.00748596 -0.0123585 -0.0177201
0 -0.00819411 -0.0141216 -0.0203685
0 -0.00898575 -0.0159592 -0.0229975
0 -0.00986157 -0.0178405 -0.025541
0 -0.010788 -0.0197163 -0.0279636
0 -0.0116986 -0.0215255 -0.0302612
0 -0.0125354 -0.0232251 -0.0324521
0 -0.0132699 -0.0247857 -0.0345499
0 -0.0138827 -0.0261782 -0.0365406
0 -0.0143642 -0.0273857 -0.0383732
0 -0.0147362 -0.028404 -0.0399772
0 -0.015039 -0.0292311 -0.0412868
0 -0.0152996 -0.0298699 -0.042252
0 -0.0155245 -0.0303272 -0.0428521
0 -0.0156973 -0.0305951 -0.0430942
0 -0.0157744 -0.030644 -0.0430021
0 -0.0157112 -0.030437 -0.0426091
0 -0.0154882 -0.02995 -0.0419399
0 -0.0151082 -0.029189 -0.040999
0 -0.0146005 -0.0281928 -0.0397773
0 -0.0140131 -0.0270109 -0.0382643
0 -0.0133855 -0.025681 -0.0364627
0 -0.0127399 -0.0242278 -0.0344011
0 -0.0120811 -0.0226714 -0.0321345
0 -0.0113961 -0.0210348 -0.0297368
0 -0.0106711 -0.0193438 -0.0272905
0 -0.00991249 -0.0176313 -0.0248722
0 -0.00914486 -0.0159402 -0.0225434
0 -0.00840827 -0.0143276 -0.0203674
0 -0.00776828 -0.0128883 -0.0184206
0 -0.00729559 -0.0117424 -0.0167913
0 -0.00702972 -0.0109849 -0.0155792
0 -0.00697836 -0.0106644 -0.014887
0 -0.00712989 -0.0107901 -0.0148083
0 -0.00744597 -0.0113358 -0.0154017
0 -0.00786831 -0.0122485 -0.0166581
0 -0.00834214 -0.0134553 -0.018484
0 -0.00882434 -0.014855 -0.0207095
0 -0.00929385 -0.0163267 -0.0231177
0 -0.00976385 -0.0177655 -0.0254933
0 -0.010256 -0.019104 -0.0276451
0 -0.0107661 -0.0202958 -0.0294133
0 -0.0112714 -0.0213106 -0.0307201
0 -0.011744 -0.022137 -0.0315878
0 -0.0121469 -0.0227511 -0.0321005
0 -0.0124343 -0.0231254 -0.0323654
0 -0.0125616 -0.0232611 -0.0324596
0 -0.0124987 -0.0231688 -0.0324013
0 -0.0122513 -0.0228528 -0.0321646
0 -0.0118729 -0.022321 -0.0316958
0 -0.0114347 -0.0215899 -0.030933
0 -0.0109836 -0.0206852 -0.0298263
0 -0.0105357 -0.0196417 -0.0283602
0 -0.0100832 -0.0184879 -0.0265785
0 -0.00960608 -0.0172364 -0.0245816
0 -0.00908676 -0.0158984 -0.0224913
0 -0.00851194 -0.0144863 -0.0204129
0 -0.00787439 -0.0130282 -0.0184194
0 -0.00718814 -0.0115897 -0.0165515
0 -0.00650066 -0.0102357 -0.0148279
0 -0.00587713 -0.00900545 -0.0132539
0 -0.00536907 -0.00793333 -0.0118301
0 -0.00499497 -0.0070439 -0.0105636
0 -0.00473915 -0.00634572 -0.00947261
0 -0.00457428 -0.00584179 -0.00859974
0 -0.00448686 -0.00553218 -0.00801102
0 -0.00447627 -0.00542058 -0.00776893
0 -0.00454409 -0.00552656 -0.00791363
0 -0.00469478 -0.00587756 -0.00845402
0 -0.00494053 -0.0064891 -0.00937142
0 -0.00530047 -0.0073606 -0.0106372
0 -0.00578994 -0.00847833 -0.0122174
0 -0.00640177 -0.0098135 -0.0140674
0 -0.0071013 -0.0113243 -0.0161336
0 -0.007845 -0.0129566 -0.0183572
0 -0.00859636 -0.0146455 -0.0206777
0 -0.00933315 -0.0163305 -0.0230356
0 -0.0100506 -0.0179697 -0.0253732
0 -0.0107424 -0.0195392 -0.0276291
0 -0.0113905 -0.0210144 -0.0297382
0 -0.0119878 -0.0223694 -0.0316451
0 -0.0125366 -0.0235835 -0.0333106
0 -0.0130233 -0.0246237 -0.0347126
0 -0.0134203 -0.0254552 -0.0358342
0 -0.0137038 -0.0260619 -0.0366595
0 -0.0138621 -0.0264334 -0.0371818
0 -0.0138985 -0.0265617 -0.0373973
0 -0.013831 -0.0264562 -0.0373048
0 -0.0136812 -0.0261414 -0.036909
0 -0.0134626 -0.0256447 -0.0362215
0 -0.0131858 -0.0249941 -0.0352716
0 -0.0128601 -0.0242129 -0.0341089
0 -0.012488 -0.0233189 -0.0327903
0 -0.0120719 -0.0223377 -0.0313754
0 -0.0116238 -0.02131 -0.0299246
0 -0.0111644 -0.0202819 -0.0284948
0 -0.0107219 -0.0193027 -0.0271395
0 -0.0103243 -0.018416 -0.0259031
0 -0.00998234 -0.0176433 -0.0248102
0 -0.00968842 -0.0169832 -0.0238706
0 -0.00943177 -0.0164249 -0.0230888
0 -0.00920704 -0.0159555 -0.0224607
0 -0.0090144 -0.0155677 -0.0219761
0 -0.00885864 -0.0152652 -0.0216217
0 -0.00874784 -0.0150567 -0.0213823
0 -0.00868824 -0.0149451 -0.0212455
0 -0.0086805 -0.0149257 -0.021204
0 -0.00872113 -0.0149898 -0.0212573
0 -0.00880307 -0.0151303 -0.0214114
0 -0.00891666 -0.0153436 -0.0216726
0 -0.00905401 -0.0156285 -0.0220448
0 -0.00921306 -0.0159834 -0.0225295
0 -0.00939609 -0.0164045 -0.0231218
0 -0.00960215 -0.0168819 -0.0238053
0 -0.0098226 -0.0173978 -0.0245517
0 -0.0100468 -0.0179303 -0.0253252
0 -0.0102666 -0.0184563 -0.0260902
0 -0.010474 -0.0189532 -0.0268135
0 -0.0106632 -0.0194014 -0.0274643
0 -0.0108292 -0.0197853 -0.0280159
0 -0.0109634 -0.0200906 -0.0284452
0 -0.0110589 -0.0203047 -0.0287369
0 -0.0111133 -0.02042 -0.0288873
0 -0.0111294 -0.0204398 -0.028904
0 -0.0111157 -0.0203795 -0.0288047
0 -0.0110785 -0.0202596 -0.0286123
0 -0.0110192 -0.020095 -0.0283484
0 -0.0109376 -0.0198927 -0.0280348
0 -0.0108357 -0.019657 -0.0276913
0 -0.010717 -0.0193944 -0.0273322
0 -0.0105872 -0.0191162 -0.0269667
0 -0.0104554 -0.018838 -0.0266021
0 -0.0103312 -0.0185737 -0.026245
0 -0.0102217 -0.0183313 -0.0259025
0 -0.0101292 -0.0181137 -0.0255828
0 -0.0100528 -0.0179224 -0.0252954
0 -0.00999196 -0.0177629 -0.0250528
0 -0.00994811 -0.0176445 -0.0248699
0 -0.00992075 -0.0175726 -0.0247564
0 -0.00990709 -0.0175452 -0.0247147
0 -0.00990398 -0.0175548 -0.02474
0 -0.00990815 -0.017592 -0.0248194
0 -0.00991586 -0.0176462 -0.024933
0 -0.00992185 -0.0177032 -0.0250546
0 -0.00992017 -0.0177463 -0.0251555
0 -0.00990567 -0.0177583 -0.0252081
0 -0.00987228 -0.0177208 -0.0251865
0 -0.00981199 -0.0176162 -0.0250673
0 -0.00971799 -0.0174313 -0.0248321
0 -0.00959042 -0.0171629 -0.0244742
0 -0.00943965 -0.0168237 -0.0240042
0 -0.00928121 -0.016439 -0.0234484
0 -0.00913028 -0.0160411 -0.0228459
0 -0.00900084 -0.0156669 -0.0222493
0 -0.00890355 -0.0153514 -0.0217188
0 -0.00884323 -0.0151223 -0.0213121
0 -0.00881641 -0.0149953 -0.0210722
0 -0.0088119 -0.0149698 -0.0210175
0 -0.0088149 -0.0150277 -0.0211343
0 -0.00881153 -0.0151348 -0.0213778
0 -0.00879733 -0.0152544 -0.0216833
0 -0.00878207 -0.0153631 -0.0219838
0 -0.00878436 -0.0154568 -0.0222263
0 -0.00882473 -0.015552 -0.0223867
0 -0.00892009 -0.0156766 -0.0224799
0 -0.00907707 -0.0158599 -0.0225604
0 -0.00928771 -0.0161236 -0.0227056
0 -0.00953071 -0.0164749 -0.0229919
0 -0.00977612 -0.0169065 -0.0234715
0 -0.0099959 -0.0173992 -0.024156
0 -0.0101784 -0.0179286 -0.025014
0 -0.0103336 -0.0184742 -0.0259798
0 -0.010485 -0.0190207 -0.0269661
0 -0.0106551 -0.0195536 -0.0278812
0 -0.0108541 -0.0200569 -0.028648
0 -0.0110749 -0.0205096 -0.02922
0 -0.0112922 -0.0208799 -0.0295922
0 -0.01147 -0.0211344 -0.0297884
0 -0.0115758 -0.0212545 -0.0298454
0 -0.0115894 -0.021239 -0.0297958
0 -0.0115046 -0.0210959 -0.0296489
0 -0.0113338 -0.0208351 -0.0293943
0 -0.0111063 -0.0204675 -0.0290118
0 -0.010853 -0.0200056 -0.028477
0 -0.0105915 -0.0194605 -0.0277713
0 -0.010325 -0.0188424 -0.0268936
0 -0.0100494 -0.0181627 -0.0258693
0 -0.00976162 -0.0174357 -0.0247488
0 -0.00946141 -0.0166786 -0.0235932
0 -0.00914892 -0.0159114 -0.0224625
0 -0.00882706 -0.0151582 -0.0214051
0 -0.00850306 -0.0144462 -0.0204498
0 -0.0081886 -0.0137975 -0.0196087
0 -0.00790098 -0.0132276 -0.0188829
0 -0.0076603 -0.0127486 -0.0182685
0 -0.00748406 -0.0123727 -0.0177674
0 -0.00738054 -0.0121127 -0.0173873
0 -0.00734721 -0.0119776 -0.0171426
0 -0.0073782 -0.0119738 -0.0170588
0 -0.00746724 -0.0121044 -0.0171649
0 -0.00760558 -0.0123656 -0.0174805
0 -0.00778459 -0.0127504 -0.0180096
0 -0.00800112 -0.0132537 -0.0187396
0 -0.00826214 -0.0138755 -0.0196501
0 -0.00858222 -0.0146207 -0.0207206
0 -0.00897262 -0.0154922 -0.0219312
0 -0.00943038 -0.0164807 -0.0232622
0 -0.00993869 -0.0175602 -0.0246945
0 -0.010469 -0.0186886 -0.026203
0 -0.0109788 -0.0198103 -0.0277456
0 -0.011426 -0.0208643 -0.0292651
0 -0.0117913 -0.0218007 -0.0306889
0 -0.0120782 -0.0225852 -0.031933
0 -0.0122985 -0.0231974 -0.0329197
0 -0.012466 -0.0236294 -0.0335921
0 -0.0125899 -0.023882 -0.0339253
0 -0.012668 -0.02396 -0.0339334
0 -0.012687 -0.0238684 -0.0336616
0 -0.0126298 -0.0236127 -0.0331719
0 -0.0124868 -0.0232096 -0.0325304
0 -0.0122632 -0.0226898 -0.0317942
0 -0.01198 -0.0220913 -0.0310035
0 -0.011666 -0.021453 -0.0301817
0 -0.0113498 -0.0208084 -0.0293416
0 -0.0110534 -0.0201796 -0.0284928
0 -0.0107859 -0.0195776 -0.0276462
0 -0.0105423 -0.0190052 -0.0268147
0 -0.0103087 -0.0184578 -0.0260114
0 -0.010075 -0.0179288 -0.0252486
0 -0.00983951 -0.0174173 -0.0245398
0 -0.00961261 -0.0169343 -0.0238993
0 -0.00941207 -0.0165038 -0.0233398
0 -0.00925196 -0.0161517 -0.0228705
0 -0.00913786 -0.0158902 -0.0224976
0 -0.00906506 -0.0157145 -0.0222232
0 -0.00902111 -0.0156068 -0.0220453
0 -0.00899143 -0.0155442 -0.021956
0 -0.00896365 -0.0155092 -0.0219391
0 -0.00893209 -0.0154917 -0.0219721
0 -0.0088983 -0.0154836 -0.022028
0 -0.00887065 -0.0154808 -0.0220815
0 -0.00886273 -0.0154871 -0.0221199
0 -0.00888657 -0.0155146 -0.0221456
0 -0.00894564 -0.015578 -0.0221743
0 -0.00903308 -0.0156864 -0.0222317
0 -0.0091361 -0.0158389 -0.022347
0 -0.00924271 -0.0160281 -0.0225448
0 -0.00934447 -0.0162456 -0.0228371
0 -0.0094403 -0.0164892 -0.0232192
0 -0.009541 -0.0167676 -0.023678
0 -0.00966432 -0.0170941 -0.0241967
0 -0.00982572 -0.017477 -0.0247578
0 -0.010031 -0.017916 -0.0253497
0 -0.0102733 -0.0184012 -0.0259683
0 -0.0105337 -0.0189155 -0.0266124
0 -0.0107868 -0.0194337 -0.0272782
0 -0.0110116 -0.019929 -0.027956
0 -0.0111966 -0.0203805 -0.0286254
0 -0.0113398 -0.0207724 -0.029252
0 -0.011445 -0.0210932 -0.0297912
0 -0.0115167 -0.0213312 -0.0301966
0 -0.011556 -0.0214683 -0.0304273
0 -0.0115552 -0.0214824 -0.0304534
0 -0.011501 -0.0213541 -0.0302587
0 -0.0113798 -0.02107 -0.0298418
0 -0.0111843 -0.0206284 -0.0292143
0 -0.0109188 -0.0200417 -0.0283996
0 -0.0105977 -0.0193337 -0.0274282
0 -0.0102405 -0.0185373 -0.0263336
0 -0.00986805 -0.0176919 -0.0251537
0 -0.00949994 -0.0168369 -0.0239302
0 -0.00914783 -0.0160021 -0.0227102
0 -0.00881511 -0.0152048 -0.0215419
0 -0.00850155 -0.0144564 -0.0204643
0 -0.0082016 -0.0137671 -0.0195025
0 -0.00790957 -0.0131447 -0.0186683
0 -0.00762966 -0.0125923 -0.0179586
0 -0.00737402 -0.01211 -0.0173609
0 -0.00715726 -0.0116987 -0.01686
0 -0.00699313 -0.0113646 -0.0164417
0 -0.0068884 -0.011119 -0.0161009
0 -0.00684031 -0.0109688 -0.015844
0 -0.00684345 -0.0109143 -0.0156901
0 -0.00689462 -0.0109569 -0.0156706
0 -0.00699043 -0.0111033 -0.0158175
0 -0.00712774 -0.0113638 -0.0161526
0 -0.00730832 -0.0117506 -0.0166874
0 -0.00754105 -0.0122744 -0.0174245
0 -0.00783954 -0.0129417 -0.0183598
0 -0.00821315 -0.0137552 -0.0194843
0 -0.00865687 -0.0147097 -0.0207813
0 -0.00915227 -0.0157849 -0.0222262
0 -0.00967532 -0.0169418 -0.0237875
0 -0.0102014 -0.0181269 -0.0254249
0 -0.010708 -0.0192897 -0.0270869
0 -0.0111768 -0.0203949 -0.0287149
0 -0.0116036 -0.0214232 -0.030248
0 -0.0120007 -0.0223682 -0.0316291
0 -0.0123784 -0.0232201 -0.0328203
0 -0.0127292 -0.0239574 -0.0338004
0 -0.0130316 -0.0245549 -0.0345588
0 -0.0132548 -0.0249878 -0.0350938
0 -0.0133693 -0.0252304 -0.035403
0 -0.0133627 -0.025262 -0.0354788
0 -0.0132408 -0.0250752 -0.0353067
0 -0.0130195 -0.0246783 -0.0348645
0 -0.0127213 -0.0240907 -0.034134
0 -0.0123682 -0.023337 -0.0331139
0 -0.0119738 -0.0224388 -0.0318268
0 -0.0115403 -0.0214116 -0.0303162
0 -0.0110604 -0.0202703 -0.028641
0 -0.0105276 -0.0190337 -0.0268643
0 -0.00994891 -0.017732 -0.0250429
0 -0.0093454 -0.0164055 -0.0232223
0 -0.00874089 -0.0150919 -0.0214422
0 -0.00816359 -0.0138313 -0.0197407
0 -0.0076452 -0.0126726 -0.018153
0 -0.00720638 -0.0116595 -0.0167188
0 -0.00685822 -0.0108256 -0.0154871
0 -0.00661004 -0.0101951 -0.0145116
0 -0.00646445 -0.00978195 -0.0138461
0 -0.0064152 -0.00959889 -0.0135315
0 -0.00645555 -0.00965686 -0.0135895
0 -0.00658353 -0.00995802 -0.0140228
0 -0.00680285 -0.0104952 -0.0148143
0 -0.0071241 -0.0112589 -0.0159336
0 -0.00755532 -0.0122397 -0.0173416
0 -0.00809034 -0.0134218 -0.018992
0 -0.00870981 -0.0147772 -0.0208378
0 -0.00938775 -0.0162633 -0.0228366
0 -0.0100993 -0.0178247 -0.0249492
0 -0.0108199 -0.0194077 -0.0271335
0 -0.0115156 -0.0209639 -0.0293359
0 -0.0121549 -0.0224478 -0.0314865
0 -0.012728 -0.0238238 -0.033501
0 -0.013234 -0.0250542 -0.0352988
0 -0.0136649 -0.026091 -0.03681
0 -0.0140084 -0.0268928 -0.0379702
0 -0.0142476 -0.0274312 -0.0387315
0 -0.0143591 -0.0276801 -0.0390658
0 -0.0143288 -0.0276186 -0.0389634
0 -0.0141585 -0.0272423 -0.0384355
0 -0.0138567 -0.0265673 -0.0375067
0 -0.0134381 -0.025628 -0.0362108
0 -0.0129236 -0.024471 -0.0345934
0 -0.0123351 -0.0231429 -0.0327129
0 -0.0116947 -0.0216874 -0.0306389
0 -0.0110236 -0.0201507 -0.0284508
0 -0.0103404 -0.0185812 -0.0262289
0 -0.00966773 -0.0170341 -0.0240438
0 -0.00902532 -0.015561 -0.0219607
0 -0.00842289 -0.0141939 -0.0200398
0 -0.00787514 -0.0129619 -0.0183263
0 -0.00739476 -0.0118935 -0.0168516
0 -0.00698061 -0.0110007 -0.0156303
0 -0.00663603 -0.0102848 -0.0146635
0 -0.0063743 -0.00974656 -0.0139493
0 -0.00620547 -0.00938964 -0.0134843
0 -0.00613438 -0.00922213 -0.0132636
0 -0.0061622 -0.00925487 -0.0132871
0 -0.00628344 -0.00948839 -0.0135597
0 -0.0064898 -0.00990909 -0.0140878
0 -0.00677387 -0.0105023 -0.0148748
0 -0.00712336 -0.0112541 -0.0159113
0 -0.00752232 -0.0121462 -0.0171691
0 -0.00796024 -0.013157 -0.0186076
0 -0.00842973 -0.0142577 -0.0201754
0 -0.00892028 -0.01541 -0.0218143
0 -0.00942268 -0.0165758 -0.0234669
0 -0.00992877 -0.0177228 -0.0250817
0 -0.0104229 -0.0188184 -0.0266119
0 -0.0108825 -0.0198301 -0.0280176
0 -0.0112897 -0.0207329 -0.0292667
0 -0.0116379 -0.0215081 -0.0303344
0 -0.011926 -0.0221394 -0.0312085
0 -0.0121519 -0.0226216 -0.0318811
0 -0.0123098 -0.0229557 -0.0323429
0 -0.0123927 -0.0231384 -0.0325894
0 -0.0124004 -0.0231664 -0.0326224
0 -0.0123372 -0.0230377 -0.0324477
0 -0.0122067 -0.0227546 -0.0320708
0 -0.0120136 -0.0223315 -0.0314989
0 -0.0117687 -0.0217916 -0.0307508
0 -0.0114906 -0.0211639 -0.0298602
0 -0.0111982 -0.0204797 -0.0288722
0 -0.0109048 -0.0197706 -0.0278377
0 -0.0106161 -0.0190663 -0.0268061
0 -0.0103287 -0.0183863 -0.0258154
0 -0.0100378 -0.0177385 -0.0248905
0 -0.00974598 -0.0171229 -0.0240466
0 -0.00946081 -0.0165391 -0.0232883
0 -0.00919372 -0.0159979 -0.0226107
0 -0.00896121 -0.0155191 -0.0220087
0 -0.00877729 -0.0151215 -0.0214813
0 -0.00864701 -0.0148149 -0.0210331
0 -0.00856602 -0.014595 -0.020674
0 -0.00852214 -0.0144492 -0.0204158
0 -0.00850024 -0.014367 -0.0202683
0 -0.00848966 -0.0143415 -0.0202349
0 -0.00848646 -0.0143681 -0.0203075
0 -0.00849396 -0.014444 -0.0204691
0 -0.00852223 -0.0145669 -0.0206983
0 -0.00858325 -0.0147378 -0.0209753
0 -0.00868491 -0.014961 -0.0212884
0 -0.00882581 -0.0152374 -0.021634
0 -0.00899498 -0.01556 -0.022015
0 -0.00917657 -0.015915 -0.0224382
0 -0.00935951 -0.0162892 -0.0229129
0 -0.00954076 -0.0166777 -0.0234457
0 -0.00971903 -0.0170818 -0.0240326
0 -0.00989621 -0.0175039 -0.0246594
0 -0.0100786 -0.0179443 -0.0253077
0 -0.010271 -0.0183976 -0.0259589
0 -0.0104735 -0.0188527 -0.026595
0 -0.0106775 -0.0192927 -0.027197
0 -0.0108664 -0.0196985 -0.0277456
0 -0.0110231 -0.0200482 -0.0282219
0 -0.0111352 -0.0203183 -0.0286067
0 -0.011196 -0.0204906 -0.0288802
0 -0.0112055 -0.0205561 -0.0290217
0 -0.0111696 -0.0205152 -0.0290132
0 -0.0110962 -0.0203755 -0.0288452
0 -0.0109908 -0.0201438 -0.0285185
0 -0.0108532 -0.019821 -0.0280423
0 -0.0106787 -0.0194064 -0.0274326
0 -0.0104619 -0.0189028 -0.0267103
0 -0.0102038 -0.0183213 -0.0258981
0 -0.00991328 -0.0176818 -0.0250186
0 -0.00960428 -0.0170068 -0.0240937
0 -0.00929221 -0.0163195 -0.0231462
0 -0.00899032 -0.0156409 -0.0222004
0 -0.00870852 -0.0149887 -0.0212819
0 -0.00845182 -0.014381 -0.0204164
0 -0.00822105 -0.0138334 -0.0196299
0 -0.00801751 -0.0133582 -0.0189473
0 -0.00784731 -0.0129688 -0.0183931
0 -0.00772108 -0.0126812 -0.0179901
0 -0.00764933 -0.0125118 -0.0177558
0 -0.00763961 -0.0124759 -0.017702
0 -0.00769661 -0.0125844 -0.0178368
0 -0.00782417 -0.0128427 -0.0181684
0 -0.00802327 -0.0132512 -0.0187027
0 -0.00828605 -0.0138027 -0.0194372
0 -0.00859786 -0.0144819 -0.0203583
0 -0.00894542 -0.0152675 -0.021443
0 -0.00932005 -0.0161351 -0.0226616
0 -0.00971879 -0.0170611 -0.0239797
0 -0.0101424 -0.0180275 -0.0253619
0 -0.0105867 -0.0190202 -0.0267697
0 -0.0110385 -0.0200208 -0.0281666
0 -0.0114828 -0.021004 -0.0295198
0 -0.0119075 -0.0219401 -0.0307976
0 -0.0122973 -0.0227952 -0.0319742
0 -0.0126329 -0.0235382 -0.03302
0 -0.0128957 -0.0241455 -0.0338973
0 -0.013073 -0.0245952 -0.034569
0 -0.0131634 -0.0248669 -0.0350016
0 -0.0131752 -0.0249489 -0.0351687
0 -0.0131157 -0.0248403 -0.0350541
0 -0.0129847 -0.0245453 -0.0346495
0 -0.0127762 -0.0240677 -0.0339592
0 -0.0124831 -0.0234051 -0.0330005
0 -0.0120977 -0.0225514 -0.0317941
0 -0.0116176 -0.0215093 -0.0303617
0 -0.0110529 -0.0203005 -0.0287296
0 -0.0104277 -0.0189632 -0.026929
0 -0.00977981 -0.0175481 -0.0250022
0 -0.00914678 -0.0161123 -0.0229991
0 -0.0085438 -0.0147022 -0.0209761
0 -0.00797438 -0.0133475 -0.0190025
0 -0.00744739 -0.0120792 -0.0171506
0 -0.00696434 -0.0109326 -0.0154876
0 -0.00652537 -0.00993432 -0.0140693
0 -0.00614703 -0.00910817 -0.0129336
0 -0.00585067 -0.00848042 -0.0121013
0 -0.00565357 -0.00807251 -0.0115792
0 -0.00557181 -0.00790139 -0.0113654
0 -0.00561651 -0.00798214 -0.0114617
0 -0.00578753 -0.00831746 -0.011875
0 -0.00607068 -0.00889045 -0.0126048
0 -0.00644082 -0.00967112 -0.0136395
0 -0.00686945 -0.0106219 -0.0149527
0 -0.00733651 -0.0117038 -0.0165001
0 -0.00783465 -0.0128848 -0.0182229
0 -0.0083601 -0.014137 -0.0200503
0 -0.00890883 -0.0154313 -0.0219107
0 -0.00948059 -0.0167405 -0.0237473
0 -0.0100728 -0.0180362 -0.0255181
0 -0.0106655 -0.0192833 -0.0271939
0 -0.0112269 -0.0204529 -0.0287588
0 -0.0117347 -0.0215281 -0.0302005
0 -0.012177 -0.0224898 -0.0315088
0 -0.0125474 -0.023319 -0.0326747
0 -0.0128458 -0.0240085 -0.0336779
0 -0.0130754 -0.0245569 -0.0344928
0 -0.0132408 -0.0249622 -0.0350968
0 -0.0133497 -0.0252254 -0.035475
0 -0.0134101 -0.0253476 -0.0356282
0 -0.0134247 -0.0253331 -0.0355703
0 -0.0133877 -0.0251919 -0.0353228
0 -0.0132911 -0.0249326 -0.0349123
0 -0.013129 -0.0245579 -0.0343638
0 -0.0129012 -0.0240708 -0.0336957
0 -0.0126168 -0.0234802 -0.0329192
0 -0.0122862 -0.0227992 -0.0320336
0 -0.0119186 -0.0220414 -0.0310334
0 -0.011529 -0.0212217 -0.0299234
0 -0.0111336 -0.0203566 -0.0287219
0 -0.0107411 -0.0194622 -0.0274567
0 -0.0103539 -0.0185581 -0.0261636
0 -0.0099718 -0.0176656 -0.0248787
0 -0.00959564 -0.016802 -0.0236359
0 -0.00922582 -0.0159755 -0.0224671
0 -0.00886413 -0.0151885 -0.0213929
0 -0.00851651 -0.014446 -0.0204176
0 -0.00818646 -0.0137582 -0.0195357
0 -0.00787914 -0.0131357 -0.0187351
0 -0.00760736 -0.0125851 -0.0180072
0 -0.00738254 -0.0121085 -0.0173526
0 -0.0072087 -0.0117058 -0.0167769
0 -0.0070811 -0.011378 -0.0162892
0 -0.00698803 -0.0111276 -0.0159015
0 -0.00691902 -0.0109537 -0.0156255
0 -0.0068714 -0.0108513 -0.0154709
0 -0.00685107 -0.0108202 -0.0154448
0 -0.00686824 -0.0108705 -0.0155483
0 -0.00693156 -0.0110165 -0.0157768
0 -0.00704711 -0.0112693 -0.0161261
0 -0.00721953 -0.0116319 -0.0165974
0 -0.00744834 -0.0120977 -0.0171954
0 -0.00772356 -0.012655 -0.0179215
0 -0.00802778 -0.0132898 -0.0187691
0 -0.00834401 -0.0139862 -0.0197238
0 -0.00866272 -0.0147264 -0.0207632
0 -0.0089819 -0.0154905 -0.0218575
0 -0.00930423 -0.0162597 -0.0229722
0 -0.0096332 -0.0170214 -0.0240732
0 -0.00996635 -0.0177652 -0.0251277
0 -0.0102927 -0.018476 -0.0261065
0 -0.0105962 -0.0191331 -0.0269894
0 -0.0108618 -0.0197116 -0.0277616
0 -0.0110796 -0.0201881 -0.0284117
0 -0.0112432 -0.0205509 -0.0289296
0 -0.0113486 -0.0207978 -0.0293013
0 -0.0113956 -0.0209286 -0.0295118
0 -0.0113886 -0.0209436 -0.0295518
0 -0.0113353 -0.0208429 -0.0294198
0 -0.0112433 -0.0206311 -0.0291232
0 -0.0111159 -0.0203208 -0.0286767
0 -0.0109538 -0.0199287 -0.0281023
0 -0.0107622 -0.0194735 -0.0274325
0 -0.0105519 -0.0189758 -0.0267068
0 -0.0103339 -0.0184595 -0.0259641
0 -0.0101189 -0.0179514 -0.025239
0 -0.0099165 -0.0174778 -0.0245621
0 -0.00973471 -0.0170593 -0.02396
0 -0.00958121 -0.0167089 -0.0234554
0 -0.00946512 -0.0164384 -0.0230685
0 -0.00939369 -0.0162609 -0.0228162
0 -0.00936831 -0.0161868 -0.0227071
0 -0.00938531 -0.0162183 -0.0227419
0 -0.00944037 -0.0163487 -0.0229165
0 -0.00953249 -0.0165674 -0.023224
0 -0.00966061 -0.0168636 -0.0236519
0 -0.00981948 -0.0172281 -0.0241815
0 -0.0100025 -0.0176508 -0.0247895
0 -0.0102019 -0.018115 -0.0254494
0 -0.0104104 -0.0186007 -0.0261363
0 -0.0106241 -0.0190891 -0.0268284
0 -0.0108392 -0.0195678 -0.0275062
0 -0.0110508 -0.0200306 -0.0281533
0 -0.011252 -0.020469 -0.0287535
0 -0.0114311 -0.0208655 -0.0292907
0 -0.0115759 -0.0211966 -0.0297475
0 -0.0116767 -0.0214401 -0.0301043
0 -0.0117252 -0.02158 -0.0303384
0 -0.0117169 -0.021607 -0.0304242
0 -0.0116544 -0.0215169 -0.0303416
0 -0.0115458 -0.0213099 -0.0300809
0 -0.0113979 -0.0209898 -0.0296423
0 -0.0112129 -0.0205632 -0.0290354
0 -0.0109899 -0.0200408 -0.0282805
0 -0.01073 -0.019437 -0.0274079
0 -0.0104386 -0.0187677 -0.0264526
0 -0.0101215 -0.0180514 -0.0254471
0 -0.00978561 -0.0173073 -0.0244156
0 -0.00944096 -0.0165532 -0.0233781
0 -0.00909768 -0.015806 -0.0223545
0 -0.00876726 -0.0150818 -0.0213639
0 -0.00846032 -0.0143945 -0.0204221
0 -0.00817941 -0.0137567 -0.0195422
0 -0.00792388 -0.0131805 -0.0187372
0 -0.00769437 -0.0126713 -0.0180193
0 -0.00749082 -0.012228 -0.0173985
0 -0.00731506 -0.0118503 -0.0168824
0 -0.00717367 -0.0115442 -0.0164773
0 -0.0070746 -0.0113247 -0.016189
0 -0.00702429 -0.0112072 -0.016024
0 -0.00702918 -0.0112011 -0.0159917
0 -0.00709391 -0.0113111 -0.0161062
0 -0.00721694 -0.0115387 -0.0163807
0 -0.00739093 -0.0118816 -0.0168224
0 -0.00760681 -0.0123356 -0.0174312
0 -0.00786042 -0.0128952 -0.0182022
0 -0.00815371 -0.013555 -0.0191251
0 -0.00848787 -0.014308 -0.0201822
0 -0.00885918 -0.0151438 -0.0213482
0 -0.00925934 -0.0160448 -0.0225929
0 -0.0096779 -0.0169834 -0.0238854
0 -0.0101013 -0.0179262 -0.0251925
0 -0.0105099 -0.0188387 -0.0264755
0 -0.0108844 -0.019693 -0.027696
0 -0.011217 -0.0204703 -0.0288172
0 -0.011511 -0.0211577 -0.0298049
0 -0.0117711 -0.0217456 -0.0306361
0 -0.0119993 -0.0222295 -0.031299
0 -0.0121928 -0.0226101 -0.0317922
0 -0.0123426 -0.0228882 -0.032125
0 -0.0124375 -0.0230592 -0.0323115
0 -0.0124704 -0.0231165 -0.0323654
0 -0.012438 -0.0230556 -0.0322935
0 -0.0123382 -0.0228747 -0.0320889
0 -0.012174 -0.0225744 -0.0317352
0 -0.0119554 -0.0221586 -0.0312174
0 -0.0116961 -0.021633 -0.0305278
0 -0.0114056 -0.0210052 -0.0296683
0 -0.0110866 -0.0202845 -0.0286522
0 -0.0107379 -0.0194831 -0.0275051
0 -0.0103618 -0.0186172 -0.0262648
0 -0.00996493 -0.0177087 -0.0249741
0 -0.00956128 -0.0167881 -0.0236749
0 -0.00916717 -0.0158892 -0.0224105
0 -0.00879568 -0.0150414 -0.0212233
0 -0.0084582 -0.0142692 -0.020146
0 -0.00816062 -0.0135911 -0.0192025
0 -0.00790278 -0.0130179 -0.0184088
0 -0.00768688 -0.0125547 -0.0177729
0 -0.00751724 -0.0122028 -0.017299
0 -0.00739665 -0.0119597 -0.0169843
0 -0.00732656 -0.0118227 -0.0168197
0 -0.00730613 -0.0117905 -0.0167939
0 -0.00733514 -0.011862 -0.0168975
0 -0.00741667 -0.0120359 -0.0171279
0 -0.00755203 -0.012311 -0.0174867
0 -0.00773595 -0.0126833 -0.0179735
0 -0.00795824 -0.013145 -0.0185844
0 -0.00820791 -0.0136847 -0.0193122
0 -0.00847514 -0.014287 -0.0201424
0 -0.00875353 -0.0149335 -0.0210531
0 -0.00904142 -0.015609 -0.0220187
0 -0.00933903 -0.0163012 -0.0230104
0 -0.0096467 -0.0169997 -0.0240013
0 -0.00996271 -0.0176952 -0.0249692
0 -0.0102786 -0.0183746 -0.0258951
0 -0.0105788 -0.0190194 -0.0267632
0 -0.0108478 -0.0196068 -0.0275582
0 -0.0110752 -0.0201157 -0.028265
0 -0.011256 -0.0205329 -0.0288677
0 -0.0113886 -0.0208522 -0.029347
0 -0.0114758 -0.0210723 -0.0296852
0 -0.0115243 -0.0211962 -0.0298724
0 -0.0115414 -0.0212285 -0.0299093
0 -0.0115309 -0.021175 -0.029807
0 -0.0114917 -0.0210435 -0.0295835
0 -0.0114188 -0.020841 -0.0292605
0 -0.0113086 -0.0205742 -0.0288611
0 -0.0111644 -0.020252 -0.0284075
0 -0.0109942 -0.0198872 -0.0279169
0 -0.0108084 -0.0194954 -0.0274008
0 -0.0106189 -0.0190936 -0.0268674
0 -0.0104365 -0.0186975 -0.0263259
0 -0.0102679 -0.0183178 -0.0257878
0 -0.0101132 -0.0179582 -0.0252644
0 -0.00996646 -0.017616 -0.0247645
0 -0.00981906 -0.0172855 -0.024294
0 -0.00966554 -0.016961 -0.0238541
0 -0.00950524 -0.0166389 -0.0234402
0 -0.00934211 -0.0163206 -0.0230449
0 -0.00918631 -0.0160131 -0.0226618
0 -0.00904853 -0.0157251 -0.0222879
0 -0.00893498 -0.0154656 -0.0219252
0 -0.00884774 -0.0152412 -0.021584
0 -0.00878405 -0.0150554 -0.0212805
0 -0.00873811 -0.0149098 -0.0210335
0 -0.00870445 -0.0148056 -0.0208598
0 -0.00868126 -0.0147452 -0.0207713
0 -0.00867242 -0.0147355 -0.0207744
0 -0.00868696 -0.0147867 -0.0208707
0 -0.00873527 -0.0149085 -0.0210583
0 -0.00882314 -0.0151055 -0.0213327
0 -0.00894933 -0.0153747 -0.0216878
0 -0.00910682 -0.0157057 -0.0221174
0 -0.00928398 -0.0160828 -0.0226139
0 -0.0094673 -0.0164871 -0.0231646
0 -0.00964706 -0.016901 -0.0237534
0 -0.00982067 -0.0173143 -0.0243621
0 -0.0099911 -0.0177234 -0.024971
0 -0.0101614 -0.0181251 -0.02556
0 -0.010332 -0.0185144 -0.0261112
0 -0.0105022 -0.0188839 -0.0266128
0 -0.0106674 -0.0192249 -0.0270596
0 -0.0108178 -0.019528 -0.0274491
0 -0.0109416 -0.0197818 -0.0277787
0 -0.0110266 -0.0199726 -0.0280412
0 -0.0110642 -0.0200867 -0.0282235
0 -0.0110531 -0.020113 -0.0283079
0 -0.0109971 -0.0200458 -0.0282738
0 -0.0109022 -0.0198845 -0.0281015
0 -0.010777 -0.0196337 -0.027781
0 -0.0106303 -0.0193029 -0.0273167
0 -0.0104656 -0.0189028 -0.0267263
0 -0.0102791 -0.018441 -0.0260343
0 -0.0100642 -0.0179243 -0.0252686
0 -0.00981924 -0.0173611 -0.0244571
0 -0.00955099 -0.0167649 -0.023627
0 -0.00927303 -0.0161572 -0.0228031
0 -0.00900203 -0.0155647 -0.0220071
0 -0.008755 -0.0150146 -0.0212592
0 -0.00854637 -0.0145316 -0.0205811
0 -0.00838368 -0.0141331 -0.0199965
0 -0.00826758 -0.0138288 -0.0195298
0 -0.0081943 -0.0136235 -0.0192021
0 -0.00815739 -0.0135177 -0.0190288
0 -0.00815266 -0.0135087 -0.0190161
0 -0.00818039 -0.013594 -0.0191596
0 -0.0082415 -0.0137692 -0.0194436
0 -0.00833494 -0.0140238 -0.0198407
0 -0.00845751 -0.0143417 -0.0203182
0 -0.00860497 -0.0147048 -0.0208444
0 -0.00877181 -0.0150941 -0.021392
0 -0.00894999 -0.0154917 -0.0219393
0 -0.00913185 -0.0158856 -0.0224724
0 -0.00931425 -0.0162712 -0.0229879
0 -0.00949629 -0.0166485 -0.0234891
0 -0.00967464 -0.0170175 -0.0239785
0 -0.00984342 -0.0173742 -0.0244558
0 -0.00999707 -0.0177115 -0.024918
0 -0.0101318 -0.0180221 -0.0253577
0 -0.0102461 -0.0182977 -0.0257633
0 -0.0103425 -0.0185336 -0.0261213
0 -0.0104239 -0.0187309 -0.0264195
0 -0.0104917 -0.0188889 -0.0266473
0 -0.0105458 -0.0190044 -0.026799
0 -0.010584 -0.019074 -0.026875
0 -0.0106021 -0.0190943 -0.0268804
0 -0.0105962 -0.0190632 -0.0268215
0 -0.0105631 -0.0189827 -0.0267048
0 -0.0105035 -0.0188569 -0.026536
0 -0.0104244 -0.0186937 -0.0263221
0 -0.0103372 -0.0185065 -0.0260734
0 -0.0102549 -0.0183137 -0.0258043
0 -0.010187 -0.0181339 -0.025533
0 -0.010137 -0.0179816 -0.0252799
0 -0.0101022 -0.0178631 -0.0250655
0 -0.0100763 -0.0177762 -0.024906
0 -0.0100518 -0.0177148 -0.0248093
0 -0.0100235 -0.0176728 -0.0247729
0 -0.00999117 -0.0176455 -0.0247841
0 -0.00995898 -0.0176306 -0.0248233
0 -0.00993317 -0.0176257 -0.0248686
0 -0.00992048 -0.0176284 -0.0249024
0 -0.00992635 -0.0176395 -0.0249175
0 -0.00995065 -0.0176606 -0.024916
0 -0.00998576 -0.0176901 -0.0249064
0 -0.0100203 -0.017723 -0.0249005
0 -0.0100444 -0.0177528 -0.0249094
0 -0.0100527 -0.0177739 -0.0249388
0 -0.0100439 -0.0177829 -0.0249844
0 -0.0100206 -0.0177784 -0.0250323
0 -0.0099887 -0.0177609 -0.0250637
0 -0.00995517 -0.0177291 -0.0250603
0 -0.00992424 -0.0176797 -0.0250082
0 -0.00989637 -0.0176103 -0.024902
0 -0.0098668 -0.0175173 -0.0247439
0 -0.00982648 -0.0173967 -0.0245406
0 -0.00976685 -0.0172446 -0.0243016
0 -0.00968234 -0.0170566 -0.0240339
0 -0.00957279 -0.0168321 -0.0237413
0 -0.00944514 -0.0165784 -0.0234254
0 -0.00930969 -0.0163064 -0.0230853
0 -0.0091765 -0.0160281 -0.0227213
0 -0.00905315 -0.0157533 -0.0223384
0 -0.00894429 -0.015489 -0.0219475
0 -0.00885221 -0.0152432 -0.021568
0 -0.00877485 -0.0150238 -0.0212223
0 -0.0087079 -0.0148372 -0.0209308
0 -0.0086498 -0.0146903 -0.0207109
0 -0.00860234 -0.0145884 -0.0205734
0 -0.0085698 -0.0145349 -0.0205207
0 -0.00855746 -0.0145327 -0.0205476
0 -0.00857193 -0.0145859 -0.0206464
0 -0.00862019 -0.0146993 -0.0208119
0 -0.00870594 -0.0148763 -0.0210427
0 -0.00882941 -0.0151185 -0.0213429
0 -0.00898746 -0.0154261 -0.0217217
0 -0.00917442 -0.0157972 -0.0221888
0 -0.00938333 -0.0162284 -0.0227509
0 -0.00960781 -0.0167133 -0.0234081
0 -0.00984228 -0.017242 -0.024151
0 -0.0100807 -0.0177998 -0.0249573
0 -0.0103166 -0.018368 -0.0257937
0 -0.010546 -0.0189283 -0.0266237
0 -0.0107692 -0.0194651 -0.0274134
0 -0.0109877 -0.0199672 -0.0281336
0 -0.0112 -0.0204278 -0.0287651
0 -0.0113999 -0.0208373 -0.029299
0 -0.0115749 -0.0211826 -0.0297328
0 -0.011711 -0.021451 -0.0300682
0 -0.0117981 -0.0216322 -0.0303074
0 -0.0118329 -0.0217224 -0.0304496
0 -0.011819 -0.0217244 -0.0304895
0 -0.011765 -0.0216439 -0.0304193
0 -0.0116812 -0.0214885 -0.0302332
0 -0.011576 -0.021265 -0.0299306
0 -0.0114518 -0.0209779 -0.0295172
0 -0.0113076 -0.0206325 -0.0290079
0 -0.0111412 -0.0202351 -0.0284236
0 -0.0109482 -0.01979 -0.0277842
0 -0.0107261 -0.0193017 -0.0271056
0 -0.0104784 -0.0187767 -0.0263986
0 -0.0102124 -0.0182242 -0.0256689
0 -0.00993899 -0.0176559 -0.0249191
0 -0.00967153 -0.017086 -0.024154
0 -0.00942245 -0.0165318 -0.023386
0 -0.00920218 -0.0160126 -0.0226375
0 -0.00901752 -0.0155474 -0.0219405
0 -0.00886846 -0.01515 -0.0213289
0 -0.00874971 -0.014829 -0.0208326
0 -0.00865458 -0.0145892 -0.0204741
0 -0.00857934 -0.0144311 -0.020263
0 -0.00852535 -0.0143523 -0.0201943
0 -0.0084991 -0.0143517 -0.0202535
0 -0.00851109 -0.0144304 -0.0204202
0 -0.00856968 -0.0145895 -0.0206738
0 -0.0086761 -0.0148261 -0.0209983
0 -0.00882444 -0.015131 -0.021384
0 -0.00900261 -0.0154891 -0.0218276
0 -0.00919526 -0.0158826 -0.0223274
0 -0.00938483 -0.0162908 -0.022875
0 -0.00955417 -0.0166906 -0.0234499
0 -0.00969321 -0.0170605 -0.0240217
0 -0.00979947 -0.0173809 -0.0245505
0 -0.00987363 -0.0176329 -0.0249906
0 -0.00991845 -0.0178033 -0.0253003
0 -0.00993837 -0.0178838 -0.0254493
0 -0.00993576 -0.0178708 -0.0254247
0 -0.00990836 -0.0177665 -0.0252331
0 -0.00985106 -0.0175751 -0.0248973
0 -0.00975878 -0.0173039 -0.0244507
0 -0.00962786 -0.0169642 -0.023928
0 -0.00945864 -0.0165684 -0.023359
0 -0.0092563 -0.0161296 -0.0227645
0 -0.00903025 -0.0156625 -0.0221551
0 -0.00879617 -0.0151821 -0.0215368
0 -0.00857213 -0.0147061 -0.0209158
0 -0.0083716 -0.0142554 -0.0203015
0 -0.00820298 -0.0138481 -0.0197116
0 -0.0080696 -0.0134981 -0.0191716
0 -0.00796789 -0.0132132 -0.0187114
0 -0.00789081 -0.0129951 -0.0183577
0 -0.00783412 -0.0128465 -0.0181311
0 -0.00779939 -0.0127749 -0.0180443
0 -0.00779451 -0.01279 -0.0180991
0 -0.00783305 -0.0129038 -0.0182924
0 -0.0079293 -0.0131279 -0.0186203
0 -0.0080921 -0.0134703 -0.0190805
0 -0.00832135 -0.0139329 -0.0196755
0 -0.00860825 -0.0145113 -0.0204101
0 -0.00893854 -0.015193 -0.0212876
0 -0.00929636 -0.0159592 -0.0223043
0 -0.00966779 -0.0167869 -0.0234448
0 -0.010042 -0.0176513 -0.0246804
0 -0.0104111 -0.0185283 -0.0259673
0 -0.0107688 -0.0193943 -0.0272523
0 -0.0111127 -0.0202265 -0.0284821
0 -0.0114432 -0.0210042 -0.0296047
0 -0.0117557 -0.0217042 -0.030578
0 -0.01204 -0.0223032 -0.0313807
0 -0.0122822 -0.0227857 -0.0320048
0 -0.012466 -0.0231423 -0.0324526
0 -0.0125785 -0.0233656 -0.032733
0 -0.0126145 -0.0234515 -0.0328518
0 -0.0125777 -0.0234004 -0.032811
0 -0.0124771 -0.0232182 -0.0326073
0 -0.0123207 -0.0229134 -0.0322306
0 -0.0121162 -0.0224936 -0.0316744
0 -0.011872 -0.0219664 -0.0309439
0 -0.0115933 -0.0213396 -0.0300546
0 -0.0112809 -0.0206231 -0.0290315
0 -0.0109346 -0.0198307 -0.0279054
0 -0.0105579 -0.0189812 -0.0267106
0 -0.0101598 -0.0180975 -0.0254816
0 -0.00975542 -0.0172058 -0.0242483
0 -0.00936293 -0.0163339 -0.0230401
0 -0.00899733 -0.0155088 -0.0218907
0 -0.00866899 -0.0147535 -0.0208304
0 -0.00838497 -0.0140867 -0.019886
0 -0.0081452 -0.0135227 -0.019082
0 -0.00794686 -0.0130695 -0.0184362
0 -0.00779097 -0.0127296 -0.0179604
0 -0.00768064 -0.012503 -0.0176603
0 -0.00761994 -0.012391 -0.0175332
0 -0.00761561 -0.0123986 -0.0175728
0 -0.00767424 -0.0125334 -0.0177727
0 -0.00779803 -0.0127976 -0.018127
0 -0.00798395 -0.0131845 -0.0186309
0 -0.00822192 -0.0136803 -0.0192792
0 -0.0084963 -0.0142669 -0.0200615
0 -0.00879178 -0.0149233 -0.0209607
0 -0.00909527 -0.0156266 -0.0219498
0 -0.00939871 -0.0163527 -0.022994
0 -0.00970117 -0.0170794 -0.0240559
0 -0.0100019 -0.0177881 -0.0250948
0 -0.010296 -0.0184638 -0.0260715
0 -0.0105769 -0.0190937 -0.0269562
0 -0.0108364 -0.0196622 -0.027727
0 -0.0110649 -0.0201498 -0.0283699
0 -0.0112524 -0.0205385 -0.0288808
0 -0.0113877 -0.0208168 -0.0292554
0 -0.0114626 -0.0209801 -0.0294885
0 -0.0114764 -0.0210302 -0.0295766
0 -0.0114361 -0.0209714 -0.0295183
0 -0.0113521 -0.0208089 -0.0293145
0 -0.0112342 -0.0205523 -0.0289705
0 -0.011088 -0.0202155 -0.0284967
0 -0.0109156 -0.0198113 -0.0279107
0 -0.0107183 -0.0193498 -0.0272361
0 -0.0104985 -0.0188405 -0.0265009
0 -0.0102603 -0.0182961 -0.0257319
0 -0.0100094 -0.0177334 -0.0249511
0 -0.00975296 -0.0171701 -0.0241761
0 -0.00950039 -0.0166218 -0.0234231
0 -0.00926259 -0.0161022 -0.0227073
0 -0.00904869 -0.0156239 -0.0220445
0 -0.00886371 -0.0151971 -0.0214485
0 -0.00870907 -0.0148317 -0.0209315
0 -0.00858426 -0.0145361 -0.0205068
0 -0.00848955 -0.0143149 -0.0201866
0 -0.00842613 -0.0141692 -0.019979
0 -0.00839446 -0.0141001 -0.0198879
0 -0.00839515 -0.0141086 -0.0199114
0 -0.00842974 -0.0141954 -0.020044
0 -0.00849926 -0.0143599 -0.0202788
0 -0.00860299 -0.0145965 -0.0206061
0 -0.00873767 -0.0148962 -0.0210153
0 -0.00889738 -0.0152487 -0.0214953
0 -0.00907471 -0.0156418 -0.0220331
0 -0.00926175 -0.016062 -0.022614
0 -0.00945136 -0.0164949 -0.0232215
0 -0.0096384 -0.0169268 -0.0238372
0 -0.00981883 -0.0173454 -0.0244409
0 -0.0099885 -0.01774 -0.0250116
0 -0.0101437 -0.0181015 -0.0255302
0 -0.0102821 -0.01842 -0.0259809
0 -0.0104017 -0.0186869 -0.0263525
0 -0.0104994 -0.0188964 -0.0266382
0 -0.010571 -0.0190443 -0.0268338
0 -0.0106131 -0.0191279 -0.0269395
0 -0.010624 -0.0191471 -0.0269584
0 -0.0106045 -0.0191033 -0.0268953
0 -0.0105578 -0.0190003 -0.0267561
0 -0.0104876 -0.0188457 -0.0265472
0 -0.0103984 -0.0186484 -0.0262758
0 -0.0102949 -0.0184166 -0.0259509
0 -0.0101814 -0.018159 -0.0255842
0 -0.0100624 -0.0178838 -0.0251892
0 -0.00994083 -0.0175987 -0.0247801
0 -0.00981853 -0.0173133 -0.0243714
0 -0.00969804 -0.0170366 -0.0239764
0 -0.00958282 -0.0167755 -0.0236073
0 -0.009476 -0.0165371 -0.0232746
0 -0.00938121 -0.0163282 -0.0229863
0 -0.00930192 -0.0161532 -0.0227475
0 -0.00923991 -0.0160162 -0.0225613
0 -0.00919684 -0.0159212 -0.0224301
0 -0.00917395 -0.0158689 -0.0223554
0 -0.00917054 -0.0158585 -0.0223372
0 -0.00918545 -0.0158888 -0.0223756
0 -0.00921723 -0.0159573 -0.0224686
0 -0.00926348 -0.0160608 -0.0226127
0 -0.00932193 -0.0161955 -0.0228025
0 -0.00939116 -0.0163564 -0.0230313
0 -0.00946965 -0.0165381 -0.0232909
0 -0.00955554 -0.0167352 -0.0235722
0 -0.00964637 -0.0169421 -0.0238655
0 -0.00973899 -0.0171521 -0.0241612
0 -0.00983041 -0.0173587 -0.0244507
0 -0.00991779 -0.0175559 -0.0247262
0 -0.00999796 -0.0177372 -0.0249806
0 -0.0100682 -0.0178968 -0.0252067
0 -0.0101266 -0.0180308 -0.0253982
0 -0.0101722 -0.0181363 -0.0255495
0 -0.010204 -0.0182108 -0.0256566
0 -0.0102223 -0.0182532 -0.0257171
0 -0.0102271 -0.018263 -0.0257304
0 -0.0102185 -0.0182411 -0.0256976
0 -0.0101966 -0.0181889 -0.0256213
0 -0.010162 -0.0181087 -0.0255056
0 -0.0101157 -0.0180034 -0.0253557
0 -0.0100595 -0.0178764 -0.0251772
0 -0.00999526 -0.017732 -0.0249758
0 -0.00992522 -0.0175751 -0.0247575
0 -0.00985192 -0.017411 -0.0245284
0 -0.00977837 -0.017245 -0.024295
0 -0.00970698 -0.0170821 -0.0240639
0 -0.00963949 -0.0169263 -0.0238418
0 -0.00957738 -0.0167822 -0.0236357
0 -0.00952164 -0.0166535 -0.0234517
0 -0.00947323 -0.0165433 -0.0232951
0 -0.00943348 -0.0164542 -0.0231701
0 -0.00940351 -0.016388 -0.0230792
0 -0.00938405 -0.0163461 -0.0230236
0 -0.00937583 -0.0163297 -0.0230031
0 -0.00937931 -0.0163388 -0.023017
0 -0.0093942 -0.0163724 -0.0230636
0 -0.00941983 -0.0164289 -0.0231411
0 -0.00945502 -0.0165059 -0.023247
0 -0.00949788 -0.0166005 -0.023378
0 -0.00954653 -0.0167097 -0.0235304
0 -0.00959937 -0.0168298 -0.0236995
0 -0.00965474 -0.0169567 -0.02388
0 -0.00971115 -0.017087 -0.0240662
0 -0.00976754 -0.0172172 -0.024252
0 -0.0098225 -0.0173434 -0.0244316
0 -0.00987465 -0.0174624 -0.0245999
0 -0.00992287 -0.017571 -0.0247523
0 -0.00996538 -0.017666 -0.024885
0 -0.0100007 -0.017745 -0.0249949
0 -0.010028 -0.017806 -0.0250797
0 -0.0100464 -0.0178476 -0.0251378
0 -0.0100555 -0.0178688 -0.0251683
0 -0.0100556 -0.0178699 -0.0251709
0 -0.010047 -0.0178512 -0.0251459
0 -0.0100302 -0.0178141 -0.0250946
0 -0.0100063 -0.0177602 -0.0250189
0 -0.00997609 -0.0176914 -0.0249215
0 -0.00994061 -0.01761 -0.0248061
0 -0.00990088 -0.0175187 -0.0246765
0 -0.00985794 -0.0174204 -0.024537
0 -0.00981304 -0.0173182 -0.0243921
0 -0.00976769 -0.017215 -0.0242461
0 -0.00972311 -0.0171137 -0.0241033
0 -0.00968049 -0.0170172 -0.0239676
0 -0.00964114 -0.0169282 -0.0238425
0 -0.00960598 -0.0168489 -0.0237312
