0 -0.0127577 -0.0215739 -0.0300657
0 -0.0127504 -0.0215575 -0.0300431
0 -0.0127442 -0.021543 -0.0300227
0 -0.012739 -0.0215303 -0.0300045
0 -0.0127348 -0.0215197 -0.0299886
0 -0.0127315 -0.021511 -0.0299753
0 -0.012729 -0.0215043 -0.0299645
0 -0.0127273 -0.0214996 -0.0299564
0 -0.0127265 -0.0214969 -0.0299512
0 -0.0127263 -0.0214959 -0.0299489
0 -0.0127269 -0.0214967 -0.0299495
0 -0.0127282 -0.0214993 -0.029953
0 -0.0127301 -0.0215035 -0.0299593
0 -0.0127325 -0.0215094 -0.0299684
0 -0.0127356 -0.021517 -0.0299799
0 -0.0127392 -0.0215261 -0.0299939
0 -0.0127433 -0.0215367 -0.0300099
0 -0.0127481 -0.0215487 -0.0300279
0 -0.0127534 -0.0215621 -0.0300476
0 -0.0127595 -0.0215767 -0.0300689
0 -0.0127662 -0.0215925 -0.0300916
0 -0.0127736 -0.0216092 -0.0301154
0 -0.0127816 -0.0216269 -0.0301402
0 -0.0127902 -0.0216454 -0.0301657
0 -0.0127992 -0.0216645 -0.0301919
0 -0.0128085 -0.0216841 -0.0302184
0 -0.0128178 -0.0217039 -0.0302451
0 -0.012827 -0.0217237 -0.0302716
0 -0.012836 -0.0217432 -0.030298
0 -0.0128448 -0.0217624 -0.0303241
0 -0.0128533 -0.021781 -0.0303499
0 -0.0128616 -0.0217991 -0.0303753
0 -0.0128695 -0.0218164 -0.0303999
0 -0.0128768 -0.0218328 -0.0304235
0 -0.0128836 -0.0218483 -0.030446
0 -0.0128899 -0.0218629 -0.0304672
0 -0.0128957 -0.0218765 -0.0304871
0 -0.0129012 -0.0218893 -0.0305055
0 -0.0129061 -0.0219009 -0.0305221
0 -0.0129106 -0.0219113 -0.030537
0 -0.0129147 -0.0219206 -0.0305501
0 -0.0129187 -0.0219289 -0.0305615
0 -0.0129224 -0.0219362 -0.0305713
0 -0.012926 -0.0219426 -0.0305794
0 -0.0129292 -0.021948 -0.0305859
0 -0.0129321 -0.0219527 -0.0305909
0 -0.0129349 -0.0219568 -0.0305949
0 -0.0129375 -0.0219603 -0.0305977
0 -0.0129392 -0.0219626 -0.0305991
0 -0.0129393 -0.0219631 -0.0305986
0 -0.0129375 -0.0219611 -0.0305956
0 -0.0129334 -0.0219558 -0.0305898
0 -0.0129269 -0.021947 -0.0305807
0 -0.0129181 -0.0219343 -0.0305682
0 -0.0129073 -0.0219176 -0.0305517
0 -0.0128945 -0.0218969 -0.0305309
0 -0.0128799 -0.0218723 -0.030505
0 -0.0128642 -0.0218445 -0.0304742
0 -0.012849 -0.0218151 -0.0304394
0 -0.0128359 -0.0217864 -0.0304022
0 -0.0128263 -0.0217599 -0.0303639
0 -0.0128203 -0.0217368 -0.0303255
0 -0.0128177 -0.0217175 -0.0302877
0 -0.0128178 -0.0217023 -0.0302516
0 -0.0128202 -0.0216912 -0.0302185
0 -0.0128244 -0.0216839 -0.0301896
0 -0.0128294 -0.0216799 -0.030166
0 -0.0128345 -0.0216783 -0.0301487
0 -0.0128388 -0.0216785 -0.0301383
0 -0.0128423 -0.0216805 -0.0301356
0 -0.0128456 -0.021685 -0.0301414
0 -0.0128492 -0.021693 -0.0301566
0 -0.0128535 -0.0217052 -0.030181
0 -0.0128585 -0.0217221 -0.0302139
0 -0.0128645 -0.0217438 -0.0302544
0 -0.0128712 -0.02177 -0.0303011
0 -0.0128767 -0.021798 -0.0303506
0 -0.012878 -0.0218231 -0.030398
0 -0.0128719 -0.0218403 -0.030438
0 -0.0128588 -0.0218469 -0.0304681
0 -0.012843 -0.0218448 -0.0304897
0 -0.0128299 -0.0218381 -0.0305054
0 -0.0128221 -0.0218291 -0.0305153
0 -0.0128166 -0.0218164 -0.0305149
0 -0.0128079 -0.0217966 -0.0304982
0 -0.0127942 -0.0217691 -0.0304629
0 -0.0127799 -0.0217382 -0.0304135
0 -0.0127721 -0.021711 -0.0303584
0 -0.0127758 -0.0216921 -0.0303045
0 -0.0127908 -0.0216828 -0.0302553
0 -0.0128142 -0.021682 -0.0302122
0 -0.0128421 -0.0216887 -0.0301766
0 -0.0128695 -0.0217003 -0.0301488
0 -0.0128891 -0.021711 -0.030126
0 -0.0128932 -0.0217129 -0.0301038
0 -0.0128796 -0.0217014 -0.0300809
0 -0.0128549 -0.02168 -0.0300631
0 -0.0128318 -0.0216586 -0.0300609
0 -0.0128206 -0.0216473 -0.0300815
0 -0.0128231 -0.0216506 -0.030124
0 -0.0128344 -0.0216683 -0.0301817
0 -0.0128492 -0.0216991 -0.0302475
0 -0.0128647 -0.0217424 -0.0303169
0 -0.0128797 -0.0217961 -0.0303876
0 -0.0128933 -0.0218551 -0.0304573
0 -0.0129037 -0.0219113 -0.030523
0 -0.0129094 -0.0219566 -0.0305815
0 -0.0129085 -0.021984 -0.0306291
0 -0.0128983 -0.021988 -0.0306608
0 -0.0128745 -0.0219634 -0.0306691
0 -0.0128316 -0.0219058 -0.0306448
0 -0.0127671 -0.0218135 -0.0305802
0 -0.0126852 -0.0216916 -0.0304742
0 -0.0125975 -0.0215511 -0.0303326
0 -0.012515 -0.0214023 -0.0301623
0 -0.0124414 -0.0212494 -0.0299647
0 -0.0123751 -0.021092 -0.0297388
0 -0.0123152 -0.0209305 -0.029486
0 -0.0122635 -0.0207688 -0.0292131
0 -0.012223 -0.0206126 -0.0289302
0 -0.0121948 -0.0204659 -0.0286474
0 -0.0121764 -0.02033 -0.0283723
0 -0.0121615 -0.0202028 -0.0281096
0 -0.0121423 -0.0200806 -0.0278617
0 -0.0121129 -0.0199597 -0.0276316
0 -0.0120733 -0.0198408 -0.0274261
0 -0.0120275 -0.0197283 -0.0272532
0 -0.0119779 -0.0196249 -0.027117
0 -0.0119231 -0.0195292 -0.0270153
0 -0.0118622 -0.0194397 -0.0269435
0 -0.011798 -0.0193587 -0.0268986
0 -0.0117344 -0.019289 -0.0268775
0 -0.0116705 -0.0192282 -0.0268712
0 -0.0116018 -0.0191683 -0.0268658
0 -0.011525 -0.0191011 -0.0268485
0 -0.0114406 -0.0190209 -0.0268099
0 -0.0113492 -0.0189212 -0.026741
0 -0.0112485 -0.0187928 -0.02663
0 -0.0111342 -0.0186254 -0.0264643
0 -0.0110057 -0.0184144 -0.0262359
0 -0.0108683 -0.0181629 -0.0259441
0 -0.0107304 -0.0178796 -0.0255932
0 -0.0105981 -0.0175737 -0.0251887
0 -0.0104744 -0.0172538 -0.0247359
0 -0.0103606 -0.0169275 -0.0242418
0 -0.0102594 -0.0166044 -0.0237191
0 -0.0101785 -0.0162991 -0.0231883
0 -0.01013 -0.0160306 -0.0226784
0 -0.0101251 -0.0158184 -0.0222202
0 -0.0101637 -0.0156732 -0.0218367
0 -0.0102294 -0.0155904 -0.0215358
0 -0.0102956 -0.0155541 -0.0213143
0 -0.01034 -0.015547 -0.0211688
0 -0.0103537 -0.0155582 -0.0211019
0 -0.0103375 -0.0155807 -0.0211175
0 -0.0102935 -0.0156048 -0.0212119
0 -0.0102198 -0.015617 -0.0213696
0 -0.0101149 -0.0156059 -0.0215682
0 -0.00998451 -0.0155701 -0.0217863
0 -0.00984091 -0.0155168 -0.0220051
0 -0.0096959 -0.0154535 -0.0222033
0 -0.00955406 -0.0153802 -0.0223535
0 -0.00941528 -0.0152908 -0.0224274
0 -0.00928475 -0.0151812 -0.0224073
0 -0.00918007 -0.0150582 -0.0222949
0 -0.00912655 -0.0149393 -0.0221091
0 -0.00914508 -0.0148459 -0.0218766
0 -0.00924365 -0.0147973 -0.0216244
0 -0.00941716 -0.0148087 -0.0213783
0 -0.00965248 -0.0148917 -0.0211646
0 -0.00993378 -0.0150554 -0.0210136
0 -0.0102457 -0.015307 -0.0209596
0 -0.0105755 -0.0156519 -0.0210391
0 -0.0109162 -0.0160935 -0.0212878
0 -0.0112671 -0.0166326 -0.0217381
0 -0.0116305 -0.0172683 -0.0224148
0 -0.0120069 -0.018001 -0.0233318
0 -0.0123941 -0.0188309 -0.0244902
0 -0.0127892 -0.0197565 -0.0258776
0 -0.0131911 -0.0207743 -0.0274712
0 -0.0136015 -0.02188 -0.029241
0 -0.0140256 -0.0230696 -0.0311546
0 -0.0144728 -0.0243415 -0.0331848
0 -0.0149546 -0.025693 -0.0353119
0 -0.0154806 -0.0271118 -0.0375072
0 -0.0160506 -0.0285756 -0.0397234
0 -0.0166532 -0.0300591 -0.0419134
0 -0.017272 -0.0315374 -0.0440439
0 -0.0178927 -0.0329871 -0.0460867
0 -0.0185048 -0.0343845 -0.048016
0 -0.0190997 -0.035705 -0.0498139
0 -0.019666 -0.036927 -0.0514684
0 -0.0201876 -0.0380345 -0.0529665
0 -0.0206468 -0.0390132 -0.0542923
0 -0.0210275 -0.039845 -0.0554303
0 -0.0213162 -0.0405102 -0.0563661
0 -0.021507 -0.0409979 -0.0570898
0 -0.0216088 -0.0413152 -0.057604
0 -0.0216466 -0.0414853 -0.057927
0 -0.0216517 -0.041538 -0.0580833
0 -0.0216452 -0.0414987 -0.0580893
0 -0.0216263 -0.0413787 -0.057943
0 -0.0215723 -0.0411715 -0.0576279
0 -0.0214524 -0.0408572 -0.0571244
0 -0.0212475 -0.0404153 -0.0564242
0 -0.0209637 -0.0398386 -0.0555407
0 -0.020629 -0.0391403 -0.0545095
0 -0.0202805 -0.0383499 -0.0533766
0 -0.0199482 -0.0375028 -0.0521829
0 -0.0196423 -0.0366298 -0.0509527
0 -0.0193507 -0.0357503 -0.0496927
0 -0.0190506 -0.0348745 -0.0484012
0 -0.0187236 -0.0340078 -0.047082
0 -0.0183661 -0.0331534 -0.0457509
0 -0.0179887 -0.032313 -0.0444355
0 -0.0176078 -0.0314876 -0.0431662
0 -0.0172349 -0.0306751 -0.0419655
0 -0.0168699 -0.0298695 -0.0408414
0 -0.0165022 -0.0290621 -0.0397864
0 -0.0161163 -0.0282465 -0.0387828
0 -0.0156986 -0.0274216 -0.0378104
0 -0.0152445 -0.0265904 -0.0368523
0 -0.014762 -0.0257594 -0.0358994
0 -0.0142706 -0.0249388 -0.0349509
0 -0.0137925 -0.0241376 -0.0340088
0 -0.0133362 -0.0233515 -0.0330649
0 -0.0128916 -0.0225585 -0.0320946
0 -0.0124454 -0.021735 -0.0310715
0 -0.0120012 -0.0208769 -0.0299875
0 -0.011582 -0.0200052 -0.0288579
0 -0.0112132 -0.0191507 -0.0277064
0 -0.0109023 -0.0183348 -0.0265469
0 -0.0106304 -0.0175561 -0.0253738
0 -0.010362 -0.0167929 -0.024169
0 -0.0100674 -0.016021 -0.0229203
0 -0.00974107 -0.015231 -0.0216405
0 -0.00939998 -0.0144293 -0.0203631
0 -0.00906315 -0.0136238 -0.0191209
0 -0.00873497 -0.0128145 -0.0179282
0 -0.00840589 -0.0119978 -0.0167835
0 -0.00806306 -0.0111744 -0.0156797
0 -0.00769922 -0.0103524 -0.0146115
0 -0.00731535 -0.00954349 -0.0135772
0 -0.00691882 -0.00875866 -0.012577
0 -0.00651914 -0.0080043 -0.0116112
0 -0.00612403 -0.00727907 -0.0106765
0 -0.00573919 -0.00657593 -0.00976733
0 -0.00537312 -0.00589054 -0.00888141
0 -0.00504209 -0.00523084 -0.00802667
0 -0.00477089 -0.00462189 -0.00722341
0 -0.00458795 -0.00410311 -0.00650136
0 -0.00451507 -0.0037166 -0.00589109
0 -0.00455788 -0.00349407 -0.00541583
0 -0.00470685 -0.00345312 -0.00509259
0 -0.00494484 -0.00360079 -0.00494005
0 -0.0052527 -0.0039344 -0.00498137
0 -0.00561173 -0.00443724 -0.0052385
0 -0.00600159 -0.0050774 -0.00572585
0 -0.006399 -0.00581559 -0.0064492
0 -0.00678461 -0.00661726 -0.00740865
0 -0.00715161 -0.00746389 -0.00860168
0 -0.00750606 -0.00835732 -0.0100222
0 -0.00785881 -0.009312 -0.0116546
0 -0.00821599 -0.0103414 -0.0134672
0 -0.00857705 -0.0114508 -0.0154144
0 -0.00894364 -0.0126395 -0.0174491
0 -0.00933014 -0.0139067 -0.0195344
0 -0.00976213 -0.0152519 -0.021646
0 -0.0102624 -0.0166673 -0.0237649
0 -0.0108383 -0.0181327 -0.0258686
0 -0.0114813 -0.0196174 -0.0279301
0 -0.012172 -0.021085 -0.0299189
0 -0.012881 -0.0225015 -0.0318056
0 -0.0135763 -0.023844 -0.0335673
0 -0.0142344 -0.0251025 -0.0351917
0 -0.0148462 -0.0262773 -0.0366788
0 -0.0154135 -0.0273729 -0.0380387
0 -0.0159399 -0.0283916 -0.0392861
0 -0.0164259 -0.0293329 -0.0404363
0 -0.0168731 -0.0301995 -0.0415057
0 -0.0172901 -0.0310019 -0.0425139
0 -0.0176922 -0.031757 -0.0434823
0 -0.0180905 -0.032483 -0.0444292
0 -0.0184861 -0.0331959 -0.0453659
0 -0.0188704 -0.0339056 -0.0462952
0 -0.0192287 -0.0346085 -0.0472096
0 -0.0195404 -0.0352836 -0.0480905
0 -0.0197833 -0.0358976 -0.0489137
0 -0.0199384 -0.0364133 -0.0496552
0 -0.0199956 -0.0367973 -0.0502932
0 -0.019958 -0.0370266 -0.0508104
0 -0.0198436 -0.0370958 -0.0511955
0 -0.0196798 -0.0370202 -0.0514426
0 -0.0194956 -0.0368308 -0.0515474
0 -0.0193152 -0.0365668 -0.0515052
0 -0.0191549 -0.0362649 -0.0513104
0 -0.0190149 -0.0359438 -0.0509505
0 -0.0188723 -0.0355915 -0.0504033
0 -0.0186929 -0.0351717 -0.0496466
0 -0.018453 -0.0346424 -0.0486744
0 -0.0181483 -0.0339711 -0.0475029
0 -0.0177886 -0.0331414 -0.0461639
0 -0.0173886 -0.0321587 -0.0446947
0 -0.016963 -0.0310494 -0.0431304
0 -0.0165219 -0.0298551 -0.041501
0 -0.0160705 -0.0286247 -0.0398315
0 -0.0156122 -0.0274052 -0.0381455
0 -0.0151528 -0.0262338 -0.036467
0 -0.0147001 -0.0251338 -0.0348216
0 -0.0142632 -0.0241188 -0.0332393
0 -0.0138513 -0.0231936 -0.0317529
0 -0.0134713 -0.0223486 -0.0303854
0 -0.0131208 -0.0215589 -0.0291421
0 -0.012786 -0.0207956 -0.0280156
0 -0.0124514 -0.0200448 -0.0270005
0 -0.0121156 -0.019315 -0.0260991
0 -0.0117928 -0.018632 -0.0253192
0 -0.0115002 -0.018026 -0.0246673
0 -0.0112457 -0.0175206 -0.0241425
0 -0.0110232 -0.0171222 -0.02373
0 -0.010817 -0.0168163 -0.0234009
0 -0.0106128 -0.0165734 -0.0231246
0 -0.0104056 -0.0163612 -0.0228803
0 -0.0102015 -0.0161544 -0.0226581
0 -0.0100156 -0.0159434 -0.0224568
0 -0.00987061 -0.015736 -0.022284
0 -0.00978858 -0.0155542 -0.0221509
0 -0.00978276 -0.0154282 -0.0220662
0 -0.00985575 -0.0153906 -0.0220369
0 -0.0100031 -0.0154697 -0.0220713
0 -0.0102142 -0.0156807 -0.022179
0 -0.0104725 -0.0160196 -0.0223684
0 -0.0107631 -0.0164692 -0.0226532
0 -0.0110835 -0.0170139 -0.0230597
0 -0.0114441 -0.0176478 -0.0236241
0 -0.0118565 -0.0183695 -0.0243788
0 -0.0123141 -0.0191708 -0.0253339
0 -0.012781 -0.0200272 -0.0264659
0 -0.0132045 -0.0209009 -0.0277251
0 -0.0135411 -0.021755 -0.0290561
0 -0.0137785 -0.0225696 -0.0304196
0 -0.0139392 -0.0233462 -0.0318
0 -0.014066 -0.0240993 -0.0331976
0 -0.0141956 -0.0248379 -0.0346043
0 -0.0143422 -0.0255515 -0.0359814
0 -0.0144981 -0.0262156 -0.0372655
0 -0.0146477 -0.0268079 -0.0383969
0 -0.0147796 -0.0273151 -0.0393338
0 -0.0148977 -0.0277343 -0.0400533
0 -0.0150262 -0.0280788 -0.040559
0 -0.0152001 -0.0283791 -0.0408841
0 -0.0154488 -0.028671 -0.0410753
0 -0.0157752 -0.0289731 -0.0411667
0 -0.0161463 -0.0292746 -0.041168
0 -0.0165039 -0.029542 -0.0410752
0 -0.0167895 -0.0297371 -0.0408882
0 -0.0169634 -0.0298271 -0.0406181
0 -0.0170106 -0.02979 -0.0402861
0 -0.0169384 -0.0296186 -0.0399215
0 -0.016769 -0.0293245 -0.0395553
0 -0.0165319 -0.0289348 -0.0392106
0 -0.0162553 -0.0284857 -0.0388958
0 -0.01596 -0.0280144 -0.0386043
0 -0.0156563 -0.0275497 -0.0383163
0 -0.0153461 -0.0271048 -0.0380035
0 -0.0150275 -0.0266755 -0.0376343
0 -0.0146956 -0.0262417 -0.0371784
0 -0.0143439 -0.0257723 -0.03661
0 -0.0139711 -0.0252342 -0.0359131
0 -0.0135904 -0.024609 -0.0350892
0 -0.0132307 -0.0239052 -0.03416
0 -0.0129218 -0.0231524 -0.0331554
0 -0.0126769 -0.0223852 -0.0320978
0 -0.0124849 -0.0216311 -0.0309952
0 -0.012317 -0.0209064 -0.0298478
0 -0.012141 -0.0202157 -0.0286592
0 -0.0119356 -0.0195539 -0.0274454
0 -0.0116999 -0.0189125 -0.0262362
0 -0.0114505 -0.0182876 -0.0250718
0 -0.0112111 -0.0176818 -0.0239975
0 -0.0110016 -0.0171036 -0.0230547
0 -0.0108317 -0.0165674 -0.0222702
0 -0.0106988 -0.0160916 -0.0216532
0 -0.0105923 -0.0156982 -0.0212014
0 -0.0105041 -0.0154139 -0.0209123
0 -0.0104395 -0.015268 -0.0207904
0 -0.0104165 -0.0152845 -0.0208472
0 -0.0104557 -0.0154734 -0.0210948
0 -0.0105671 -0.015826 -0.0215367
0 -0.010748 -0.0163175 -0.0221636
0 -0.0109895 -0.0169181 -0.0229594
0 -0.0112823 -0.0176018 -0.0239061
0 -0.0116112 -0.0183455 -0.0249794
0 -0.0119487 -0.0191231 -0.0261426
0 -0.0122625 -0.0199054 -0.0273497
0 -0.0125345 -0.0206715 -0.0285629
0 -0.0127722 -0.0214175 -0.029765
0 -0.0130001 -0.0221522 -0.0309554
0 -0.0132413 -0.0228853 -0.0321336
0 -0.0135071 -0.0236172 -0.0332884
0 -0.0137961 -0.0243371 -0.0343979
0 -0.0140993 -0.0250317 -0.035437
0 -0.0144058 -0.0256929 -0.0363856
0 -0.0147087 -0.0263184 -0.0372323
0 -0.0150075 -0.0269093 -0.0379773
0 -0.0153122 -0.0274746 -0.0386363
0 -0.0156439 -0.0280354 -0.0392421
0 -0.0160258 -0.02862 -0.0398364
0 -0.0164688 -0.0292528 -0.040456
0 -0.0169631 -0.0299439 -0.0411225
0 -0.017478 -0.0306839 -0.0418405
0 -0.0179677 -0.0314437 -0.0425995
0 -0.0183772 -0.0321734 -0.043372
0 -0.01865 -0.0328078 -0.0441171
0 -0.0187529 -0.0332878 -0.0447996
0 -0.0187006 -0.0335891 -0.0454133
0 -0.018552 -0.0337334 -0.0459792
0 -0.01838 -0.0337742 -0.0465219
0 -0.0182406 -0.0337689 -0.0470439
0 -0.0181494 -0.0337533 -0.0475108
0 -0.0180753 -0.0337276 -0.0478529
0 -0.0179648 -0.033661 -0.0479881
0 -0.0177799 -0.0335095 -0.0478564
0 -0.0175158 -0.0332324 -0.0474353
0 -0.0171863 -0.032794 -0.0467293
0 -0.0168025 -0.0321568 -0.0457481
0 -0.0163621 -0.031283 -0.0444929
0 -0.0158518 -0.0301478 -0.0429574
0 -0.0152588 -0.0287545 -0.0411379
0 -0.0145823 -0.0271407 -0.0390468
0 -0.0138455 -0.0253759 -0.0367232
0 -0.0131074 -0.023559 -0.03424
0 -0.0124647 -0.0218215 -0.0317108
0 -0.0120175 -0.020311 -0.029279
0 -0.011809 -0.0191288 -0.027071
0 -0.0117887 -0.0182641 -0.025129
0 -0.0118207 -0.0176008 -0.0233917
0 -0.0117388 -0.0169781 -0.0217596
0 -0.0114293 -0.0162537 -0.020179
0 -0.0108866 -0.0153578 -0.0186741
0 -0.0102114 -0.0143202 -0.0173365
0 -0.00955616 -0.0132479 -0.0162842
0 -0.00904944 -0.0122733 -0.0156022
0 -0.00873977 -0.0115141 -0.0152985
0 -0.00859259 -0.0110434 -0.0153036
0 -0.00853502 -0.0108759 -0.0155126
0 -0.00850553 -0.0109868 -0.0158355
0 -0.00847905 -0.0113345 -0.0162245
0 -0.00847003 -0.0118566 -0.0166748
0 -0.00851909 -0.0124714 -0.0172076
0 -0.00867107 -0.0131066 -0.0178526
0 -0.00895149 -0.0137224 -0.0186282
0 -0.00933127 -0.0142922 -0.0195076
0 -0.00970227 -0.0147636 -0.0203898
0 -0.00991437 -0.015062 -0.0211268
0 -0.00985743 -0.0151324 -0.0215937
0 -0.00952154 -0.0149702 -0.0217415
0 -0.00900008 -0.0146202 -0.0216046
0 -0.00844617 -0.0141556 -0.0212708
0 -0.00801206 -0.0136575 -0.020836
0 -0.00780099 -0.0132039 -0.0203725
0 -0.00784872 -0.0128638 -0.0199194
0 -0.0081349 -0.0126958 -0.0194932
0 -0.00861005 -0.0127478 -0.0191092
0 -0.00921863 -0.0130583 -0.0188032
0 -0.00991589 -0.0136525 -0.0186433
0 -0.0106879 -0.0145409 -0.0187345
0 -0.0115556 -0.0157284 -0.0192074
0 -0.0125414 -0.0172082 -0.0201827
0 -0.0136211 -0.0189337 -0.0217234
0 -0.0146909 -0.0207918 -0.0237906
0 -0.0155705 -0.0226001 -0.0262292
0 -0.0160585 -0.0241474 -0.0288167
0 -0.0160246 -0.025264 -0.0313447
0 -0.0154767 -0.0258784 -0.0336718
0 -0.0145587 -0.0260292 -0.0357417
0 -0.0134843 -0.0258316 -0.0375457
0 -0.012462 -0.0254295 -0.0390465
0 -0.0116563 -0.024959 -0.0401757
0 -0.0111617 -0.0245239 -0.0408701
0 -0.0109809 -0.0241855 -0.0410558
0 -0.0110444 -0.023962 -0.0406476
0 -0.011271 -0.0238205 -0.039608
0 -0.0116173 -0.0236945 -0.038004
0 -0.0120864 -0.023541 -0.0360066
0 -0.0127139 -0.0233808 -0.0338497
0 -0.0135423 -0.0232911 -0.0318055
0 -0.0145834 -0.0233704 -0.0301326
0 -0.0157909 -0.0236994 -0.0289881
0 -0.0170555 -0.0243231 -0.0284437
0 -0.0182264 -0.0252523 -0.0285504
0 -0.0191518 -0.0264485 -0.0293204
0 -0.0197094 -0.027794 -0.030694
0 -0.0198198 -0.0290926 -0.0325589
0 -0.019464 -0.0301242 -0.0347878
0 -0.0186927 -0.030725 -0.0372445
0 -0.0176109 -0.030848 -0.0397747
0 -0.0163592 -0.0305607 -0.0422444
0 -0.0150967 -0.0300018 -0.0445347
0 -0.0139815 -0.0293585 -0.0464796
0 -0.013151 -0.028827 -0.0479334
0 -0.012693 -0.0285444 -0.0488441
0 -0.0126158 -0.0285569 -0.0491798
0 -0.0128553 -0.0288164 -0.0488741
0 -0.0133234 -0.0291873 -0.0478938
0 -0.0139447 -0.0294923 -0.0463137
0 -0.0146487 -0.0295849 -0.0442779
0 -0.0153525 -0.0293797 -0.0419311
0 -0.0159613 -0.0288345 -0.0394177
0 -0.0163784 -0.0279444 -0.0368695
0 -0.0165095 -0.0267356 -0.0343482
0 -0.0162608 -0.0252322 -0.0318459
0 -0.0155522 -0.0234463 -0.0293483
0 -0.0143641 -0.0213946 -0.0268645
0 -0.0127773 -0.0191101 -0.0244104
0 -0.0109546 -0.0166475 -0.022006
0 -0.00908147 -0.0140902 -0.0196952
0 -0.00733741 -0.0115527 -0.0175381
0 -0.00588754 -0.00917624 -0.0155673
0 -0.00484766 -0.00711247 -0.0137742
0 -0.00424942 -0.00549331 -0.0121301
0 -0.0040488 -0.00439969 -0.010602
0 -0.00416629 -0.00384902 -0.00916698
0 -0.00452463 -0.00380056 -0.00783862
0 -0.00506788 -0.00416653 -0.00668427
0 -0.0057592 -0.00483572 -0.00581125
0 -0.00656677 -0.00570576 -0.00533538
0 -0.00744068 -0.00669184 -0.00534231
0 -0.00829561 -0.0077071 -0.00585985
0 -0.00903005 -0.00867239 -0.00686626
0 -0.00957409 -0.00957675 -0.00832987
0 -0.00992754 -0.010503 -0.0102423
0 -0.0101558 -0.0115695 -0.0126096
0 -0.010344 -0.01286 -0.0154108
0 -0.0105505 -0.014396 -0.0185699
0 -0.0107902 -0.0161392 -0.0219642
0 -0.0110495 -0.0180001 -0.0254447
0 -0.011313 -0.0198586 -0.0288547
0 -0.0115674 -0.0215924 -0.0320512
0 -0.0117909 -0.0230919 -0.0349068
0 -0.0119632 -0.0242757 -0.0373004
0 -0.0120852 -0.0251142 -0.0391463
0 -0.0121891 -0.0256336 -0.0404201
0 -0.0123309 -0.0259081 -0.0411396
0 -0.0125663 -0.0260443 -0.0413483
0 -0.0129315 -0.0261504 -0.0411228
0 -0.0134427 -0.0263109 -0.0405703
0 -0.0141047 -0.0265811 -0.0398121
0 -0.0149132 -0.0269961 -0.0389781
0 -0.0158522 -0.0275785 -0.0382179
0 -0.0168892 -0.0283401 -0.0376984
0 -0.0179711 -0.0292772 -0.0375501
0 -0.0190204 -0.0303585 -0.0378215
0 -0.0199318 -0.0315106 -0.0385151
0 -0.0205878 -0.0326227 -0.0396115
0 -0.020895 -0.0335813 -0.0410454
0 -0.0208164 -0.0343085 -0.0427155
0 -0.0203846 -0.0347767 -0.0445282
0 -0.0196935 -0.0349927 -0.0464209
0 -0.0188693 -0.03499 -0.0483336
0 -0.0180311 -0.034843 -0.050152
0 -0.0172697 -0.0346477 -0.0517311
0 -0.0166573 -0.0344751 -0.052973
0 -0.0162537 -0.0343634 -0.0538167
0 -0.0160983 -0.0343395 -0.0542072
0 -0.0162041 -0.0344274 -0.0541285
0 -0.0165598 -0.0346296 -0.0536237
0 -0.017126 -0.0348994 -0.0527583
0 -0.0178206 -0.0351454 -0.0515833
0 -0.0185214 -0.0352644 -0.0501472
0 -0.0190986 -0.0351688 -0.0485195
0 -0.0194509 -0.0347958 -0.0467787
0 -0.019514 -0.0341044 -0.044988
0 -0.0192481 -0.0330699 -0.0431829
0 -0.0186301 -0.0316947 -0.0413714
0 -0.0176624 -0.0300107 -0.0395478
0 -0.0163826 -0.0280579 -0.0376984
0 -0.0148595 -0.025869 -0.0357902
0 -0.0131755 -0.0234817 -0.0337704
0 -0.0114202 -0.0209497 -0.0315871
0 -0.0096922 -0.0183395 -0.0292057
0 -0.00808819 -0.0157281 -0.0266078
0 -0.00669646 -0.0132022 -0.023797
0 -0.00559561 -0.0108501 -0.0208086
0 -0.00484009 -0.00875669 -0.0177051
0 -0.00444575 -0.00699138 -0.0145626
0 -0.00438854 -0.00559324 -0.0114633
0 -0.00461645 -0.00456817 -0.00850657
0 -0.00506315 -0.00390304 -0.00581182
0 -0.00565747 -0.00357967 -0.00350556
0 -0.00633332 -0.00357686 -0.00170773
0 -0.00703873 -0.00387459 -0.000526599
0 -0.00773856 -0.00445478 -5.81463e-05
0 -0.00840147 -0.00528753 -0.000371435
0 -0.00898081 -0.00632509 -0.00148114
0 -0.00942016 -0.00750958 -0.00333719
0 -0.00967735 -0.00877916 -0.00583787
0 -0.00973873 -0.0100788 -0.00884918
0 -0.00962513 -0.0113761 -0.0122238
0 -0.00939186 -0.0126651 -0.0158132
0 -0.00911726 -0.0139559 -0.0194733
0 -0.0088922 -0.0152672 -0.0230742
0 -0.00880744 -0.0166195 -0.0265156
0 -0.00893052 -0.0180209 -0.0297063
0 -0.00929126 -0.0194685 -0.032535
0 -0.00989019 -0.0209585 -0.0349179
0 -0.0107176 -0.0224874 -0.0368456
0 -0.0117554 -0.0240549 -0.0383507
0 -0.0129624 -0.0256578 -0.0394778
0 -0.0142776 -0.0272672 -0.0402968
0 -0.0156367 -0.0288308 -0.040907
0 -0.0169802 -0.0303142 -0.0414211
0 -0.0182498 -0.0317125 -0.0419555
0 -0.0193906 -0.0330222 -0.0426095
0 -0.0203612 -0.0342282 -0.043448
0 -0.0211303 -0.0353254 -0.0445094
0 -0.0216699 -0.0363271 -0.0458116
0 -0.0219607 -0.0372403 -0.0473456
0 -0.0220025 -0.0380437 -0.0490672
0 -0.0218171 -0.0386979 -0.0508964
0 -0.0214426 -0.0391712 -0.0527285
0 -0.02093 -0.0394602 -0.0544516
0 -0.020346 -0.0395872 -0.055978
0 -0.0197775 -0.0395848 -0.0572483
0 -0.0193139 -0.039491 -0.0582074
0 -0.0190174 -0.0393538 -0.0588035
0 -0.018911 -0.0392214 -0.0590063
0 -0.0189875 -0.0391212 -0.0588069
0 -0.0192144 -0.0390486 -0.0582069
0 -0.0195372 -0.0389737 -0.0572218
0 -0.0198898 -0.0388516 -0.0558974
0 -0.0202103 -0.0386287 -0.0543127
0 -0.0204493 -0.0382508 -0.0525635
0 -0.0205648 -0.0376699 -0.0507346
0 -0.0205108 -0.036845 -0.0488832
0 -0.020235 -0.0357478 -0.0470408
0 -0.0196978 -0.0343812 -0.0452152
0 -0.0188957 -0.0327858 -0.0433978
0 -0.017865 -0.0310208 -0.0415836
0 -0.0166636 -0.0291414 -0.0397692
0 -0.0153519 -0.0271882 -0.0379355
0 -0.0139896 -0.0251886 -0.0360465
0 -0.0126401 -0.0231618 -0.0340619
0 -0.0113604 -0.0211254 -0.0319469
0 -0.0101876 -0.0190975 -0.0296766
0 -0.00914716 -0.0170967 -0.0272382
0 -0.00826451 -0.0151497 -0.0246378
0 -0.00755903 -0.013291 -0.0219034
0 -0.00703169 -0.0115499 -0.0190744
0 -0.0066581 -0.00993965 -0.0161895
0 -0.00639418 -0.0084564 -0.0132937
0 -0.00619076 -0.00708627 -0.0104447
0 -0.00600474 -0.00581086 -0.0077039
0 -0.00580114 -0.00460771 -0.00512751
0 -0.0055496 -0.00345153 -0.00276377
0 -0.00522591 -0.00232095 -0.000653397
0 -0.00482164 -0.00120681 0.00117119
0 -0.00434716 -0.000118303 0.00268811
0 -0.00382313 0.000918622 0.00388742
0 -0.00326996 0.00187227 0.00477507
0 -0.00270154 0.00272086 0.00538007
0 -0.00212708 0.00345737 0.00575228
0 -0.00156077 0.00407675 0.00594686
0 -0.00103216 0.00456818 0.00601013
0 -0.000584765 0.00492098 0.00597544
0 -0.000260199 0.00513121 0.00586787
0 -8.20872e-05 0.0052026 0.00571097
0 -5.52733e-05 0.00514151 0.00552454
0 -0.000180507 0.00494912 0.00531429
0 -0.000462607 0.00461545 0.00506543
0 -0.00090347 0.00411746 0.00474232
0 -0.00149989 0.00342295 0.00429082
0 -0.00224532 0.00249991 0.00364588
0 -0.00312364 0.00132655 0.002742
0 -0.00410651 -0.00010285 0.00151927
0 -0.00516119 -0.00177955 -7.5367e-05
0 -0.0062571 -0.00368691 -0.00208509
0 -0.00736548 -0.00580098 -0.00453627
0 -0.0084584 -0.00808595 -0.00743159
0 -0.00951071 -0.0104971 -0.0107464
0 -0.0105051 -0.0129879 -0.0144298
0 -0.0114376 -0.0155171 -0.0184114
0 -0.0123154 -0.0180639 -0.0226134
0 -0.0131588 -0.0206349 -0.0269638
0 -0.0140058 -0.0232422 -0.0314008
0 -0.0149006 -0.0258893 -0.0358765
0 -0.0158762 -0.0285835 -0.0403478
0 -0.0169526 -0.0313421 -0.0447442
0 -0.0181383 -0.0341803 -0.0489928
0 -0.0194274 -0.0370927 -0.0530709
0 -0.0208046 -0.0400488 -0.0569842
0 -0.0222512 -0.043004 -0.0607254
0 -0.0237447 -0.0459136 -0.0642846
0 -0.025252 -0.0487396 -0.067673
0 -0.0267294 -0.0514474 -0.0709112
0 -0.0281286 -0.0539996 -0.074
0 -0.0294076 -0.0563591 -0.0769234
0 -0.0305372 -0.0585012 -0.0796778
0 -0.0315037 -0.060424 -0.0822799
0 -0.03231 -0.0621458 -0.0847453
0 -0.0329682 -0.0636883 -0.0870763
0 -0.0334911 -0.0650626 -0.0892676
0 -0.0338884 -0.0662652 -0.0913096
0 -0.034166 -0.0672856 -0.0931832
0 -0.034329 -0.0681141 -0.0948597
0 -0.034385 -0.0687461 -0.0963095
0 -0.0343479 -0.0691821 -0.0975094
0 -0.0342404 -0.0694311 -0.0984449
0 -0.0340931 -0.0695141 -0.0991083
0 -0.0339413 -0.0694617 -0.0994956
0 -0.0338156 -0.0693074 -0.0996046
0 -0.0337289 -0.0690803 -0.0994338
0 -0.033676 -0.0688004 -0.0989858
0 -0.0336459 -0.0684783 -0.0982746
0 -0.0336285 -0.0681134 -0.0973286
0 -0.0336079 -0.0676865 -0.0961844
0 -0.0335533 -0.0671618 -0.0948772
0 -0.0334232 -0.0664961 -0.0934343
0 -0.0331755 -0.0656457 -0.0918727
0 -0.0327724 -0.0645716 -0.0901951
0 -0.0321796 -0.0632452 -0.0883889
0 -0.0313713 -0.0616498 -0.0864287
0 -0.030337 -0.0597787 -0.0842806
0 -0.0290876 -0.0576347 -0.0819082
0 -0.0276579 -0.0552317 -0.0792779
0 -0.0260984 -0.052594 -0.0763615
0 -0.0244599 -0.0497482 -0.0731348
0 -0.0227831 -0.0467152 -0.0695755
0 -0.0211045 -0.0435108 -0.0656629
0 -0.0194576 -0.0401525 -0.0613831
0 -0.0178556 -0.0366646 -0.0567363
0 -0.0162933 -0.0330814 -0.0517432
0 -0.0147639 -0.0294425 -0.046444
0 -0.0132644 -0.025773 -0.0408974
0 -0.0117983 -0.0220777 -0.0351732
0 -0.0103701 -0.0183579 -0.0293298
0 -0.00897574 -0.0146218 -0.0234118
0 -0.00759737 -0.0108832 -0.0174712
0 -0.0062093 -0.00716103 -0.0115705
0 -0.00479351 -0.00347648 -0.00576779
0 -0.00335093 0.0001533 -0.000105687
0 -0.00189362 0.00371532 0.00538733
0 -0.000428699 0.00719643 0.0106856
0 0.00104774 0.0105821 0.0157627
0 0.0025435 0.0138605 0.0206011
0 0.00405989 0.0170289 0.0251987
0 0.00558881 0.0200948 0.0295633
0 0.00711788 0.0230696 0.0337034
0 0.0086373 0.0259604 0.0376274
0 0.0101417 0.0287667 0.0413474
0 0.0116254 0.0314814 0.0448775
0 0.0130753 0.0340914 0.048228
0 0.0144688 0.0365787 0.0514013
0 0.0157767 0.0389261 0.0543964
0 0.0169669 0.041121 0.0572155
0 0.018009 0.0431492 0.0598646
0 0.0188787 0.0449879 0.0623489
0 0.0195606 0.0466038 0.0646681
0 0.0200484 0.0479578 0.0668134
0 0.0203398 0.0490151 0.0687651
0 0.0204309 0.0497512 0.070492
0 0.0203151 0.0501538 0.0719526
0 0.0200011 0.0502195 0.0730968
0 0.0195225 0.0499526 0.0738694
0 0.0189093 0.0493645 0.0742124
0 0.018167 0.0484714 0.0740669
0 0.0173012 0.0472838 0.0733737
0 0.0163439 0.045801 0.0720752
0 0.0153385 0.0440327 0.0701209
0 0.0143085 0.0420068 0.0674942
0 0.0132543 0.0397312 0.0642218
0 0.0121712 0.0371795 0.0603326
0 0.0110531 0.0343207 0.0558462
0 0.00987972 0.0311403 0.0508113
0 0.00861528 0.0276427 0.0453073
0 0.00722144 0.0238425 0.0394075
0 0.00566795 0.0197551 0.0331742
0 0.00393826 0.0153924 0.0266742
0 0.00202673 0.0107814 0.01997
0 -6.51812e-05 0.00597836 0.013104
0 -0.00231995 0.00103678 0.00611502
0 -0.00470104 -0.00401388 -0.000938724
0 -0.00716546 -0.00915048 -0.00800564
0 -0.00967251 -0.0143437 -0.0150574
0 -0.0121843 -0.0195562 -0.0220737
0 -0.0146664 -0.0247394 -0.0290405
0 -0.0170906 -0.0298383 -0.0359506
0 -0.0194368 -0.0348057 -0.0427955
0 -0.0216935 -0.0396131 -0.0495666
0 -0.0238527 -0.0442465 -0.0562588
0 -0.0259036 -0.0486961 -0.0628608
0 -0.0278306 -0.0529495 -0.0693427
0 -0.0296131 -0.056992 -0.075661
0 -0.0312296 -0.0608097 -0.0817704
0 -0.032667 -0.0643898 -0.0876289
0 -0.0339232 -0.0677173 -0.0931952
0 -0.0350013 -0.0707721 -0.0984281
0 -0.0359047 -0.0735289 -0.103289
0 -0.0366364 -0.0759622 -0.10774
0 -0.0372042 -0.0780491 -0.111747
0 -0.0376274 -0.0797728 -0.115273
0 -0.0379205 -0.0811261 -0.118282
0 -0.038063 -0.0821082 -0.120735
0 -0.0380276 -0.0827144 -0.122585
0 -0.0378289 -0.082937 -0.123786
0 -0.0374975 -0.0827781 -0.124294
0 -0.0370417 -0.0822421 -0.124076
0 -0.0364737 -0.0813258 -0.123121
0 -0.0358235 -0.0800411 -0.121426
0 -0.0351088 -0.0784125 -0.11901
0 -0.034328 -0.07644 -0.115911
0 -0.0334792 -0.0741134 -0.112187
0 -0.0325575 -0.0714526 -0.107915
0 -0.0315473 -0.0684956 -0.103177
0 -0.0304312 -0.0652723 -0.0980626
0 -0.0291955 -0.0618135 -0.0926577
0 -0.0278284 -0.0581611 -0.0870477
0 -0.0263283 -0.0543629 -0.0813108
0 -0.024717 -0.0504646 -0.0755219
0 -0.0230273 -0.046501 -0.0697567
0 -0.0212834 -0.0425048 -0.0640744
0 -0.0195066 -0.0385195 -0.0585052
0 -0.0177252 -0.0345931 -0.0530809
0 -0.0159738 -0.0307718 -0.0478409
0 -0.0142917 -0.0271033 -0.0428063
0 -0.0127172 -0.0236334 -0.0379902
0 -0.0112773 -0.0203966 -0.0334143
0 -0.00998095 -0.0174118 -0.0290967
0 -0.00882253 -0.0146853 -0.0250443
0 -0.00779177 -0.0122143 -0.0212609
0 -0.00688225 -0.00998953 -0.0177519
0 -0.00609212 -0.00799882 -0.0145224
0 -0.00541801 -0.00622771 -0.0115784
0 -0.00484755 -0.00466001 -0.00892705
0 -0.00435834 -0.00327781 -0.00657343
0 -0.00392416 -0.00206174 -0.00451754
0 -0.00352306 -0.000992485 -0.00275498
0 -0.00314161 -5.35425e-05 -0.00127784
0 -0.00277391 0.000766013 -7.55031e-05
0 -0.00241835 0.00147064 0.000863238
0 -0.00207534 0.0020603 0.00154851
0 -0.0017471 0.00253468 0.00199134
0 -0.00143899 0.00289767 0.00220983
0 -0.00116136 0.00315324 0.00222787
0 -0.000930275 0.00329453 0.00206451
0 -0.000766402 0.00330461 0.00173378
0 -0.000693275 0.00316708 0.0012508
0 -0.000734895 0.00287072 0.00062909
0 -0.000908251 0.00240714 -0.000123338
0 -0.00121638 0.00176954 -0.00100286
0 -0.0016529 0.00095554 -0.00200823
0 -0.00220719 -2.95257e-05 -0.0031408
0 -0.00286037 -0.00117253 -0.0044062
0 -0.00358488 -0.00245495 -0.00581418
0 -0.00435331 -0.00385455 -0.00737564
0 -0.00514377 -0.00534648 -0.00910016
0 -0.00593857 -0.00690726 -0.0109961
0 -0.00672463 -0.00852014 -0.0130703
0 -0.00749541 -0.0101771 -0.0153249
0 -0.00824827 -0.0118756 -0.0177523
0 -0.00898025 -0.0136138 -0.0203323
0 -0.00968818 -0.0153869 -0.0230338
0 -0.0103725 -0.0171877 -0.0258199
0 -0.0110409 -0.0190068 -0.0286516
0 -0.0117083 -0.0208339 -0.0314913
0 -0.0123872 -0.0226598 -0.0343037
0 -0.0130823 -0.024473 -0.0370551
0 -0.0137956 -0.0262547 -0.0397169
0 -0.0145311 -0.0279883 -0.042268
0 -0.0152921 -0.0296708 -0.0446905
0 -0.0160797 -0.0313066 -0.0469684
0 -0.0168916 -0.0329004 -0.0490949
0 -0.0177178 -0.0344557 -0.0510735
0 -0.0185414 -0.0359727 -0.0529126
0 -0.0193485 -0.0374467 -0.0546261
0 -0.0201362 -0.0388744 -0.0562376
0 -0.0209083 -0.0402595 -0.0577808
0 -0.0216662 -0.0416073 -0.0592914
0 -0.022407 -0.0429176 -0.0607987
0 -0.0231252 -0.0441865 -0.0623223
0 -0.0238104 -0.0454143 -0.0638727
0 -0.0244465 -0.0466051 -0.0654491
0 -0.0250155 -0.0477589 -0.0670402
0 -0.0255019 -0.0488656 -0.0686285
0 -0.0258949 -0.0499043 -0.0701922
0 -0.0261869 -0.0508481 -0.0717029
0 -0.0263724 -0.0516669 -0.0731266
0 -0.0264486 -0.0523295 -0.0744247
0 -0.0264162 -0.0528054 -0.0755545
0 -0.0262796 -0.0530703 -0.0764699
0 -0.0260467 -0.053109 -0.077124
0 -0.0257286 -0.052915 -0.0774691
0 -0.0253337 -0.0524873 -0.0774557
0 -0.0248616 -0.0518259 -0.0770348
0 -0.0243083 -0.0509302 -0.0761634
0 -0.0236759 -0.0497983 -0.0748131
0 -0.0229731 -0.0484262 -0.0729766
0 -0.0222108 -0.0468093 -0.0706665
0 -0.0213979 -0.0449467 -0.0679093
0 -0.020539 -0.0428448 -0.0647451
0 -0.0196343 -0.04052 -0.061226
0 -0.0186832 -0.037999 -0.057411
0 -0.0176856 -0.0353192 -0.0533628
0 -0.0166474 -0.0325283 -0.0491501
0 -0.0155829 -0.0296887 -0.0448527
0 -0.014506 -0.0268662 -0.0405522
0 -0.0134329 -0.0241078 -0.0363203
0 -0.0123939 -0.0214495 -0.0322324
0 -0.0114297 -0.0189408 -0.0283729
0 -0.010577 -0.0166461 -0.0248215
0 -0.00986349 -0.0146264 -0.0216423
0 -0.00930583 -0.0129237 -0.0188845
0 -0.00890929 -0.011564 -0.0165901
0 -0.00867302 -0.0105703 -0.0148015
0 -0.00859875 -0.0099719 -0.0135603
0 -0.00869209 -0.00979813 -0.0129036
0 -0.00895162 -0.0100591 -0.0128595
0 -0.00935811 -0.0107327 -0.0134432
0 -0.00988094 -0.0117736 -0.0146502
0 -0.010491 -0.0131355 -0.0164565
0 -0.0111638 -0.0147784 -0.018823
0 -0.0118772 -0.0166581 -0.0216926
0 -0.0126101 -0.018724 -0.0249866
0 -0.0133449 -0.0209286 -0.0286133
0 -0.0140704 -0.0232314 -0.0324743
0 -0.0147832 -0.0255924 -0.0364658
0 -0.0154882 -0.0279685 -0.0404814
0 -0.0161845 -0.0303098 -0.0444248
0 -0.016852 -0.0325533 -0.0482027
0 -0.0174668 -0.0346316 -0.0517071
0 -0.0180166 -0.0364857 -0.054835
0 -0.0184942 -0.0380675 -0.0575086
0 -0.0188876 -0.0393369 -0.0596644
0 -0.0191758 -0.0402585 -0.0612451
0 -0.0193353 -0.0408024 -0.062204
0 -0.0193554 -0.0409519 -0.0625194
0 -0.0192473 -0.0407127 -0.0622002
0 -0.0190339 -0.0401144 -0.0612746
0 -0.0187326 -0.0391954 -0.0597845
0 -0.0183562 -0.0379929 -0.0577929
0 -0.0179205 -0.036547 -0.0553793
0 -0.0174408 -0.0349074 -0.0526269
0 -0.0169251 -0.0331272 -0.0496226
0 -0.0163778 -0.0312575 -0.046462
0 -0.0158095 -0.0293541 -0.0432497
0 -0.0152425 -0.0274841 -0.0400895
0 -0.0147037 -0.025703 -0.0370642
0 -0.0142043 -0.0240369 -0.0342392
0 -0.0137353 -0.0225022 -0.0316797
0 -0.0132859 -0.0211291 -0.0294423
0 -0.0128615 -0.0199513 -0.0275624
0 -0.0124792 -0.0189864 -0.0260629
0 -0.0121501 -0.0182357 -0.0249619
0 -0.0118765 -0.0176998 -0.024271
0 -0.0116644 -0.0173877 -0.0239914
0 -0.0115284 -0.0173086 -0.0241113
0 -0.0114808 -0.0174602 -0.0246037
0 -0.0115207 -0.0178281 -0.0254276
0 -0.0116371 -0.0183954 -0.0265354
0 -0.0118239 -0.0191471 -0.0278812
0 -0.0120855 -0.0200672 -0.0294229
0 -0.0124275 -0.0211342 -0.0311202
0 -0.0128485 -0.022322 -0.0329348
0 -0.0133426 -0.0236055 -0.0348333
0 -0.0139043 -0.0249643 -0.0367878
0 -0.0145304 -0.0263823 -0.0387749
0 -0.0152158 -0.0278446 -0.0407743
0 -0.0159475 -0.0293324 -0.0427679
0 -0.0167007 -0.0308245 -0.0447391
0 -0.0174482 -0.0323034 -0.0466733
0 -0.0181718 -0.0337573 -0.0485597
0 -0.0188627 -0.0351755 -0.0503923
0 -0.0195138 -0.0365454 -0.0521674
0 -0.0201145 -0.0378501 -0.0538796
0 -0.0206532 -0.039069 -0.0555208
0 -0.0211234 -0.0401837 -0.0570814
0 -0.0215281 -0.0411837 -0.0585522
0 -0.0218749 -0.0420671 -0.0599236
0 -0.0221678 -0.0428366 -0.0611826
0 -0.022405 -0.0434957 -0.062311
0 -0.0225821 -0.0440439 -0.0632859
0 -0.0226936 -0.0444738 -0.0640789
0 -0.022732 -0.0447696 -0.0646591
0 -0.0226885 -0.044909 -0.0649976
0 -0.0225554 -0.0448665 -0.0650699
0 -0.0223294 -0.044616 -0.0648536
0 -0.0220119 -0.0441356 -0.0643281
0 -0.0216043 -0.0434114 -0.0634763
0 -0.0211056 -0.0424397 -0.0622861
0 -0.0205146 -0.041224 -0.0607502
0 -0.0198301 -0.039772 -0.0588639
0 -0.0190492 -0.038093 -0.0566261
0 -0.0181691 -0.0361964 -0.0540433
0 -0.0171917 -0.0340914 -0.0511304
0 -0.016126 -0.0317872 -0.0479109
0 -0.0149906 -0.0292974 -0.044417
0 -0.0138134 -0.0266468 -0.0406892
0 -0.0126137 -0.023876 -0.0367763
0 -0.0113953 -0.0210255 -0.0327247
0 -0.010162 -0.018115 -0.0285632
0 -0.00892668 -0.0151564 -0.0243184
0 -0.00770288 -0.0121791 -0.0200294
0 -0.00649873 -0.00922785 -0.0157377
0 -0.00531977 -0.00634645 -0.0114823
0 -0.004177 -0.00356551 -0.00730708
0 -0.00309116 -0.000905065 -0.00326135
0 -0.00208666 0.00161293 0.000606243
0 -0.00118238 0.00395661 0.00425057
0 -0.000390226 0.00608842 0.0076283
0 0.000280645 0.00797479 0.0106962
0 0.000822926 0.00959092 0.0134134
0 0.00123284 0.0109186 0.0157442
0 0.00150832 0.0119423 0.0176561
0 0.00164612 0.0126452 0.0191151
0 0.00164065 0.013009 0.0200842
0 0.00148314 0.013016 0.0205259
0 0.0011685 0.0126527 0.0204054
0 0.000702757 0.0119138 0.0196922
0 9.3679e-05 0.0108009 0.0183642
0 -0.000657881 0.00931196 0.0164114
0 -0.00155259 0.00743633 0.0138316
0 -0.00258897 0.00516329 0.0106297
0 -0.0037661 0.002491 0.00682166
0 -0.00508633 -0.000574489 0.00243384
0 -0.00655367 -0.00402382 -0.00250231
0 -0.0081717 -0.00784256 -0.00794971
0 -0.00994968 -0.0120059 -0.0138627
0 -0.0118985 -0.0164819 -0.0201894
0 -0.0140089 -0.0212356 -0.0268762
0 -0.0162487 -0.0262201 -0.0338691
0 -0.0185732 -0.031373 -0.0411154
0 -0.0209323 -0.0366302 -0.0485482
0 -0.0232833 -0.0419309 -0.0560811
0 -0.0255955 -0.0472143 -0.0636359
0 -0.0278405 -0.0524194 -0.0711506
0 -0.0299812 -0.057481 -0.0785648
0 -0.0319728 -0.0623249 -0.0858112
0 -0.0337751 -0.0668713 -0.0928086
0 -0.0353573 -0.0710444 -0.0994692
0 -0.0366954 -0.0747815 -0.105715
0 -0.0377714 -0.0780387 -0.111474
0 -0.0385762 -0.0807929 -0.116677
0 -0.0391147 -0.0830359 -0.121255
0 -0.0394068 -0.0847686 -0.125149
0 -0.0394836 -0.0859999 -0.128314
0 -0.0393787 -0.0867645 -0.130719
0 -0.0391247 -0.087116 -0.132349
0 -0.0387739 -0.0870734 -0.133202
0 -0.038393 -0.086642 -0.133279
0 -0.0380278 -0.0858919 -0.132577
0 -0.0377034 -0.0849177 -0.131121
0 -0.0374362 -0.0837609 -0.128979
0 -0.0372244 -0.082443 -0.12625
0 -0.0370498 -0.0809964 -0.123049
0 -0.0368919 -0.0794317 -0.11951
0 -0.0367244 -0.077748 -0.115779
0 -0.0365079 -0.075962 -0.112
0 -0.0361971 -0.074093 -0.108292
0 -0.0357445 -0.0721441 -0.104738
0 -0.0351027 -0.0701169 -0.101389
0 -0.0342391 -0.0680167 -0.0982723
0 -0.0331472 -0.0658334 -0.0953851
0 -0.03184 -0.0635459 -0.0926946
0 -0.0303402 -0.0611454 -0.0901529
0 -0.0286891 -0.0586381 -0.0877085
0 -0.0269508 -0.0560298 -0.0852957
0 -0.0251859 -0.0533229 -0.0828299
0 -0.0234278 -0.0505299 -0.0802182
0 -0.0216951 -0.0476731 -0.0773689
0 -0.0200113 -0.0447648 -0.0742047
0 -0.0184038 -0.0418067 -0.0706719
0 -0.0168929 -0.0388049 -0.0667459
0 -0.0154899 -0.035767 -0.0624372
0 -0.014196 -0.0326928 -0.0577795
0 -0.0129997 -0.029579 -0.0528165
0 -0.0118823 -0.0264275 -0.0476054
0 -0.0108264 -0.0232436 -0.0422142
0 -0.00981361 -0.0200369 -0.0367158
0 -0.00882041 -0.016825 -0.0311866
0 -0.00782249 -0.013632 -0.0256974
0 -0.00680101 -0.0104825 -0.0203093
0 -0.00574492 -0.00739966 -0.0150808
0 -0.0046495 -0.0044057 -0.0100681
0 -0.00351894 -0.00152137 -0.00531908
0 -0.00237127 0.00123831 -0.000871991
0 -0.00123348 0.0038635 0.0032431
0 -0.000129325 0.00634391 0.00700475
0 0.000927653 0.00866531 0.0104018
0 0.00193139 0.0108096 0.0134317
0 0.00287553 0.0127559 0.0160958
0 0.0037475 0.0144826 0.0183946
0 0.00452824 0.0159679 0.0203267
0 0.00519552 0.0171917 0.0218894
0 0.00572638 0.0181347 0.0230795
0 0.00609748 0.0187787 0.0238909
0 0.00628544 0.0191051 0.0243122
0 0.00626797 0.0190942 0.0243258
0 0.0060303 0.0187238 0.0239074
0 0.00556816 0.0179723 0.0230331
0 0.00488289 0.0168242 0.0216871
0 0.00398432 0.0152676 0.0198516
0 0.00289111 0.0132904 0.0175006
0 0.00162205 0.0108882 0.0146088
0 0.000191913 0.00807335 0.0111559
0 -0.00138863 0.00486829 0.00712315
0 -0.00311204 0.00129278 0.00249503
0 -0.0049697 -0.00263944 -0.00273224
0 -0.00695537 -0.00691557 -0.0085465
0 -0.00907093 -0.0115206 -0.014921
0 -0.0113148 -0.0164364 -0.0218163
0 -0.0136774 -0.0216438 -0.0291827
0 -0.0161447 -0.0271251 -0.0369611
0 -0.0186925 -0.0328502 -0.0450846
0 -0.021295 -0.0387641 -0.0534868
0 -0.0239373 -0.0448028 -0.0621128
0 -0.0266093 -0.0509114 -0.0709032
0 -0.0292936 -0.057046 -0.0797757
0 -0.0319619 -0.0631599 -0.0886515
0 -0.0345827 -0.0691915 -0.0974757
0 -0.0371293 -0.0750719 -0.106197
0 -0.0395751 -0.0807404 -0.11475
0 -0.0419162 -0.0861519 -0.123063
0 -0.0442001 -0.0912793 -0.131071
0 -0.0464353 -0.0961143 -0.138725
0 -0.0485212 -0.100657 -0.145993
0 -0.0503796 -0.104912 -0.152837
0 -0.0519989 -0.108877 -0.159222
0 -0.0533547 -0.1125 -0.165123
0 -0.0544571 -0.11568 -0.170516
0 -0.0553711 -0.118355 -0.175316
0 -0.0561007 -0.120546 -0.179425
0 -0.0565874 -0.122294 -0.182815
0 -0.0568421 -0.123592 -0.185494
0 -0.0569436 -0.124414 -0.187439
0 -0.0569184 -0.124764 -0.188603
0 -0.0567384 -0.124674 -0.188946
0 -0.0564124 -0.124168 -0.188467
0 -0.0559858 -0.123262 -0.187205
0 -0.0554726 -0.121971 -0.185196
0 -0.0548562 -0.1203 -0.182463
0 -0.0541291 -0.118244 -0.179078
0 -0.0532915 -0.115814 -0.175145
0 -0.0523359 -0.113044 -0.170736
0 -0.0512441 -0.109962 -0.165902
0 -0.0499892 -0.106576 -0.160714
0 -0.0485456 -0.102899 -0.155246
0 -0.0469087 -0.0989669 -0.149544
0 -0.0450998 -0.0948233 -0.143654
0 -0.0431562 -0.0905055 -0.137621
0 -0.0411125 -0.086034 -0.131474
0 -0.0389864 -0.0814241 -0.125233
0 -0.036789 -0.0767068 -0.118912
0 -0.0345406 -0.0719337 -0.112525
0 -0.0322775 -0.0671597 -0.106082
0 -0.0300489 -0.0624301 -0.0996004
0 -0.0279012 -0.0577835 -0.093097
0 -0.0258635 -0.053255 -0.0865991
0 -0.0239474 -0.0488724 -0.0801413
0 -0.022156 -0.0446543 -0.0737567
0 -0.0204924 -0.0406132 -0.0674785
0 -0.0189617 -0.0367606 -0.0613457
0 -0.0175697 -0.0331101 -0.0553996
0 -0.0163196 -0.0296773 -0.0496777
0 -0.0152063 -0.026479 -0.0442143
0 -0.0142122 -0.0235294 -0.0390441
0 -0.0133123 -0.0208328 -0.0342033
0 -0.0124847 -0.0183756 -0.0297235
0 -0.011712 -0.01613 -0.0256262
0 -0.0109762 -0.0140647 -0.0219198
0 -0.0102553 -0.0121524 -0.0186021
0 -0.0095242 -0.0103709 -0.0156631
0 -0.00876 -0.00869682 -0.0130881
0 -0.00794487 -0.00710305 -0.0108559
0 -0.00706592 -0.0055624 -0.00893523
0 -0.00611479 -0.00405378 -0.00728466
0 -0.00508799 -0.00256697 -0.00585479
0 -0.00398909 -0.00109362 -0.0045913
0 -0.00283225 0.000378339 -0.00344354
0 -0.0016435 0.00184532 -0.00236662
0 -0.000458725 0.00328431 -0.00131356
0 0.000681686 0.0046747 -0.000241908
0 0.0017378 0.00600509 0.00087248
0 0.00267057 0.00726252 0.0020387
0 0.00344154 0.0084251 0.00325478
0 0.00401495 0.00946251 0.00450012
0 0.00436179 0.0103378 0.00573478
0 0.00446342 0.0110083 0.00690797
0 0.00431112 0.0114263 0.00796067
0 0.00390858 0.011541 0.00882266
0 0.00328551 0.0113022 0.009413
0 0.00248396 0.010669 0.00964303
0 0.00151887 0.00961743 0.00941745
0 0.000387141 0.00813614 0.00863461
0 -0.000899848 0.00621557 0.00718929
0 -0.00232289 0.00385274 0.00498046
0 -0.00386808 0.00107544 0.00192829
0 -0.0055156 -0.00207048 -0.00199585
0 -0.0072331 -0.00556971 -0.00676813
0 -0.00899223 -0.00943466 -0.0123503
0 -0.0107865 -0.0136646 -0.018689
0 -0.0126274 -0.0182382 -0.0256885
0 -0.0145209 -0.0231295 -0.033228
0 -0.016466 -0.0283099 -0.0411961
0 -0.0184797 -0.0337399 -0.0494922
0 -0.0205932 -0.0393614 -0.0580181
0 -0.0228265 -0.0451061 -0.0666827
0 -0.0251845 -0.0509156 -0.0753962
0 -0.0276616 -0.0567459 -0.0840675
0 -0.030241 -0.0625643 -0.0926213
0 -0.0328944 -0.0683473 -0.101004
0 -0.0355871 -0.0740738 -0.109182
0 -0.0382845 -0.0797198 -0.117132
0 -0.0409551 -0.0852569 -0.124823
0 -0.0435708 -0.0906526 -0.132231
0 -0.0461699 -0.0958745 -0.139352
0 -0.0488219 -0.100901 -0.146199
0 -0.0514446 -0.105722 -0.152787
0 -0.0538927 -0.110327 -0.159122
0 -0.0561335 -0.114686 -0.1652
0 -0.0581394 -0.118747 -0.171007
0 -0.0598584 -0.122439 -0.176517
0 -0.061322 -0.125711 -0.181679
0 -0.0625664 -0.128566 -0.186434
0 -0.0635234 -0.131044 -0.190753
0 -0.064133 -0.133157 -0.194649
0 -0.0644477 -0.13486 -0.198095
0 -0.0645335 -0.136097 -0.200981
0 -0.0643904 -0.136859 -0.203231
0 -0.0640282 -0.137166 -0.204825
0 -0.0635199 -0.13702 -0.205729
0 -0.0629413 -0.136427 -0.205907
0 -0.0623124 -0.135416 -0.205312
0 -0.061623 -0.134035 -0.203883
0 -0.0608763 -0.132339 -0.201629
0 -0.0600932 -0.130369 -0.198629
0 -0.0592877 -0.128131 -0.194932
0 -0.0584433 -0.125609 -0.190606
0 -0.0575288 -0.122802 -0.185786
0 -0.0565281 -0.119735 -0.180585
0 -0.0554307 -0.116414 -0.17508
0 -0.0542069 -0.112828 -0.169359
0 -0.0528159 -0.108997 -0.163508
0 -0.0512399 -0.10498 -0.157586
0 -0.0494956 -0.100833 -0.151635
0 -0.0476072 -0.0965774 -0.145689
0 -0.0455884 -0.0922171 -0.139761
0 -0.0434492 -0.0877619 -0.133844
0 -0.0412039 -0.0832367 -0.127925
0 -0.0388818 -0.0786715 -0.121997
0 -0.0365315 -0.0740916 -0.116056
0 -0.0342046 -0.0695155 -0.11009
0 -0.0319339 -0.0649571 -0.104082
0 -0.0297282 -0.0604296 -0.0980125
0 -0.027583 -0.0559479 -0.0918733
0 -0.0254962 -0.0515288 -0.0856686
0 -0.0234761 -0.0471876 -0.079406
0 -0.0215393 -0.0429359 -0.0730944
0 -0.0197038 -0.0387826 -0.066752
0 -0.0179819 -0.0347379 -0.0604101
0 -0.0163783 -0.0308165 -0.0541092
0 -0.0148932 -0.0270372 -0.0478935
0 -0.0135263 -0.023421 -0.0418106
0 -0.012277 -0.0199897 -0.0359118
0 -0.0111429 -0.0167673 -0.0302508
0 -0.0101226 -0.0137794 -0.0248838
0 -0.00922481 -0.0110501 -0.0198684
0 -0.00847004 -0.00860195 -0.0152618
0 -0.00787993 -0.00646287 -0.0111196
0 -0.00746412 -0.00467037 -0.00749663
0 -0.00721881 -0.00326683 -0.00444941
0 -0.00713753 -0.00228767 -0.00203689
0 -0.00722497 -0.00175439 -0.000316504
0 -0.00749449 -0.00167725 0.00066213
0 -0.00793599 -0.00205958 0.000859814
0 -0.00851441 -0.00289701 0.000245935
0 -0.00921546 -0.0041774 -0.00119028
0 -0.0100465 -0.00588883 -0.00344928
0 -0.0110014 -0.00802925 -0.00653312
0 -0.0120634 -0.0106022 -0.0104089
0 -0.0132268 -0.0135993 -0.0150088
0 -0.0144959 -0.0169932 -0.0202584
0 -0.0158781 -0.0207497 -0.0260739
0 -0.0173825 -0.0248385 -0.0323647
0 -0.0190262 -0.0292244 -0.0390384
0 -0.020828 -0.0338619 -0.046003
0 -0.0227837 -0.038693 -0.0531733
0 -0.0248616 -0.0436444 -0.0604701
0 -0.0270166 -0.0486439 -0.0678032
0 -0.0291913 -0.0536288 -0.0750713
0 -0.0313236 -0.058539 -0.0821843
0 -0.033361 -0.0633117 -0.0890698
0 -0.0352633 -0.0678791 -0.0956706
0 -0.0369957 -0.0721687 -0.10194
0 -0.0385269 -0.0761049 -0.107829
0 -0.0398327 -0.0796151 -0.113277
0 -0.0408962 -0.0826379 -0.118231
0 -0.0417037 -0.0851321 -0.122641
0 -0.0422419 -0.0870783 -0.126452
0 -0.0425042 -0.0884728 -0.129595
0 -0.0424971 -0.0893201 -0.132006
0 -0.0422372 -0.0896287 -0.133634
0 -0.0417449 -0.0894112 -0.134437
0 -0.0410548 -0.0886868 -0.134385
0 -0.040218 -0.0874865 -0.133454
0 -0.0392879 -0.0858488 -0.131635
0 -0.0383109 -0.0838063 -0.128942
0 -0.0373166 -0.0813886 -0.125408
0 -0.0363135 -0.0786356 -0.121104
0 -0.0352991 -0.0755935 -0.11613
0 -0.034267 -0.0723024 -0.110599
0 -0.0332041 -0.0688005 -0.104642
0 -0.0320921 -0.0651334 -0.0984014
0 -0.0309212 -0.0613622 -0.092021
0 -0.0296921 -0.0575524 -0.0856442
0 -0.0284004 -0.0537459 -0.0793899
0 -0.0270407 -0.0499654 -0.0733315
0 -0.0256155 -0.0462406 -0.0675327
0 -0.024136 -0.042619 -0.0620651
0 -0.0226303 -0.0391549 -0.0569924
0 -0.0211466 -0.0358971 -0.0523607
0 -0.0197356 -0.0328821 -0.0481922
0 -0.0184314 -0.0301342 -0.0444886
0 -0.0172491 -0.0276704 -0.0412473
0 -0.0161967 -0.0255094 -0.0384663
0 -0.0152866 -0.0236769 -0.0361363
0 -0.0145386 -0.0221995 -0.0342422
0 -0.0139736 -0.0210933 -0.0327736
0 -0.0136077 -0.0203593 -0.0317289
0 -0.0134464 -0.0199885 -0.0311089
0 -0.0134799 -0.0199681 -0.0309132
0 -0.0136893 -0.0202851 -0.0311423
0 -0.014063 -0.020925 -0.0317983
0 -0.01459 -0.021869 -0.0328807
0 -0.0152443 -0.0230949 -0.0343808
0 -0.0159903 -0.0245795 -0.036284
0 -0.0167976 -0.026299 -0.0385731
0 -0.0176495 -0.0282282 -0.0412276
0 -0.0185398 -0.0303432 -0.0442218
0 -0.0194663 -0.0326224 -0.0475239
0 -0.0204263 -0.035043 -0.0510967
0 -0.021421 -0.0375835 -0.0548978
0 -0.0224625 -0.0402273 -0.0588795
0 -0.0235716 -0.0429613 -0.0629925
0 -0.0247575 -0.0457796 -0.0671912
0 -0.0260077 -0.048678 -0.0714357
0 -0.0273034 -0.0516375 -0.0756917
0 -0.0286308 -0.0546283 -0.079921
0 -0.0299804 -0.0576249 -0.0840803
0 -0.0313422 -0.0606089 -0.0881403
0 -0.0327001 -0.0635609 -0.0920915
0 -0.0340294 -0.0664503 -0.0959258
0 -0.0353055 -0.0692326 -0.0996272
0 -0.0365114 -0.0718636 -0.103179
0 -0.0376335 -0.0743164 -0.106572
0 -0.0386567 -0.0765827 -0.109795
0 -0.0395645 -0.0786593 -0.11283
0 -0.0403426 -0.0805344 -0.115652
0 -0.0409823 -0.0821883 -0.118234
0 -0.0414777 -0.0836009 -0.120546
0 -0.0418242 -0.084756 -0.122555
0 -0.0420186 -0.0856393 -0.124226
0 -0.0420622 -0.0862334 -0.125527
0 -0.0419609 -0.0865167 -0.126421
0 -0.0417204 -0.0864699 -0.126874
0 -0.0413481 -0.0860819 -0.126845
0 -0.0408556 -0.0853531 -0.1263
0 -0.040252 -0.0842924 -0.125209
0 -0.0395422 -0.0829108 -0.123551
0 -0.0387322 -0.0812173 -0.121316
0 -0.0378291 -0.0792195 -0.118511
0 -0.0368381 -0.0769248 -0.115165
0 -0.0357598 -0.0743392 -0.111317
0 -0.0345885 -0.0714657 -0.10701
0 -0.0333124 -0.0683073 -0.102291
0 -0.0319167 -0.0648738 -0.0972104
0 -0.0303954 -0.061186 -0.0918217
0 -0.028758 -0.0572799 -0.0861796
0 -0.0270158 -0.0531998 -0.0803441
0 -0.0251735 -0.0489815 -0.0743712
0 -0.0232369 -0.044656 -0.0682937
0 -0.0212221 -0.0402509 -0.0621386
0 -0.0191585 -0.0357905 -0.0559398
0 -0.0170835 -0.031308 -0.0497302
0 -0.0150325 -0.0268498 -0.0435423
0 -0.0130334 -0.0224641 -0.0374066
0 -0.011107 -0.0181896 -0.0313462
0 -0.00926828 -0.0140561 -0.0253847
0 -0.00752758 -0.010092 -0.0195503
0 -0.00589222 -0.00632537 -0.0138722
0 -0.00437011 -0.00277979 -0.00837842
0 -0.00297103 0.000530064 -0.00310077
0 -0.00170619 0.00359741 0.0019228
0 -0.000586974 0.0064181 0.00665122
0 0.000378323 0.00898427 0.0110437
0 0.00118747 0.0112823 0.015061
0 0.0018457 0.0132948 0.018666
0 0.00236477 0.0150052 0.0218256
0 0.00275719 0.0164035 0.0245133
0 0.0030307 0.0174888 0.0267094
0 0.00318792 0.0182645 0.028399
0 0.00323058 0.018733 0.0295692
0 0.00316429 0.0188935 0.0302069
0 0.00300195 0.018745 0.030297
0 0.00275937 0.0182934 0.0298242
0 0.00244258 0.0175549 0.0287911
0 0.00204701 0.0165486 0.0272273
0 0.0015689 0.0152795 0.0251649
0 0.00100917 0.0137405 0.0226369
0 0.000366766 0.0119303 0.0196931
0 -0.000368678 0.00985944 0.0163916
0 -0.00121478 0.00754243 0.0127833
0 -0.00218724 0.00499125 0.00891146
0 -0.00329406 0.00221949 0.00481817
0 -0.00453647 -0.000751169 0.000544906
0 -0.00590766 -0.00389217 -0.00387034
0 -0.00739101 -0.00717707 -0.00839372
0 -0.00896645 -0.0105858 -0.0129946
0 -0.0106131 -0.0140911 -0.0176495
0 -0.0123043 -0.0176519 -0.0223456
0 -0.0140119 -0.0212325 -0.0270778
0 -0.0157137 -0.0248093 -0.0318437
0 -0.0173956 -0.0283595 -0.0366338
0 -0.0190458 -0.0318605 -0.0414306
0 -0.0206485 -0.0352936 -0.0462198
0 -0.0221815 -0.0386429 -0.0509803
0 -0.0236231 -0.0418923 -0.0556787
0 -0.0249612 -0.0450277 -0.0602884
0 -0.0261996 -0.0480415 -0.0647977
0 -0.0273557 -0.0509322 -0.0691957
0 -0.0284514 -0.0536987 -0.0734644
0 -0.029503 -0.056337 -0.0775857
0 -0.0305166 -0.0588429 -0.0815441
0 -0.0314889 -0.0612172 -0.0853219
0 -0.0324122 -0.0634652 -0.0888983
0 -0.033282 -0.0655913 -0.0922528
0 -0.0340992 -0.0675944 -0.0953688
0 -0.0348675 -0.069468 -0.0982346
0 -0.0355891 -0.0712029 -0.100843
0 -0.0362635 -0.0727895 -0.10319
0 -0.0368883 -0.0742195 -0.105278
0 -0.0374606 -0.0754872 -0.107109
0 -0.0379771 -0.0765886 -0.108688
0 -0.0384335 -0.0775224 -0.110018
0 -0.0388232 -0.0782893 -0.111099
0 -0.0391373 -0.0788899 -0.111928
0 -0.0393652 -0.0793218 -0.112498
0 -0.0394966 -0.0795785 -0.112806
0 -0.0395235 -0.07965 -0.112849
0 -0.0394376 -0.0795209 -0.112622
0 -0.0392323 -0.0791701 -0.112122
0 -0.0389109 -0.0785818 -0.111355
0 -0.0384808 -0.0777523 -0.110321
0 -0.0379474 -0.0766854 -0.109009
0 -0.037314 -0.0753891 -0.107413
0 -0.0365819 -0.0738742 -0.105524
0 -0.0357527 -0.0721538 -0.103331
0 -0.0348337 -0.0702433 -0.100835
0 -0.0338369 -0.0681567 -0.0980387
0 -0.0327743 -0.0659045 -0.094957
0 -0.0316575 -0.0634944 -0.0916113
0 -0.0304993 -0.0609372 -0.0880263
0 -0.0293089 -0.0582468 -0.0842292
0 -0.0280883 -0.0554376 -0.0802482
0 -0.0268374 -0.0525227 -0.0761103
0 -0.0255557 -0.0495167 -0.071842
0 -0.0242391 -0.0464404 -0.0674712
0 -0.0228833 -0.0433166 -0.0630273
0 -0.0214901 -0.0401586 -0.0585422
0 -0.0200657 -0.0369763 -0.0540488
0 -0.0186192 -0.033788 -0.0495712
0 -0.0171652 -0.0306132 -0.0451276
0 -0.015723 -0.0274636 -0.0407427
0 -0.0143088 -0.0243509 -0.0364366
0 -0.0129307 -0.0212945 -0.0322178
0 -0.0115923 -0.018317 -0.0280939
0 -0.0102986 -0.0154388 -0.0240729
0 -0.00905774 -0.0126774 -0.0201637
0 -0.00787842 -0.0100477 -0.0163788
0 -0.00676679 -0.00756028 -0.0127324
0 -0.00572725 -0.00521915 -0.00923881
0 -0.004765 -0.00302578 -0.00591637
0 -0.00388771 -0.000985125 -0.00278841
0 -0.00310464 0.000891685 0.000120655
0 -0.00242353 0.00259026 0.00278852
0 -0.0018476 0.00409759 0.00519545
0 -0.0013748 0.00540356 0.0073244
0 -0.000999109 0.00649939 0.00916113
0 -0.000713242 0.00737715 0.010693
0 -0.000512034 0.00803243 0.0119076
0 -0.000393939 0.00846578 0.0127927
0 -0.000359858 0.008681 0.0133369
0 -0.000410979 0.00868241 0.0135302
0 -0.000545369 0.00847299 0.0133638
0 -0.000757366 0.00805624 0.0128339
0 -0.00104231 0.00743749 0.0119457
0 -0.00139865 0.00661822 0.0107118
0 -0.00182573 0.00559424 0.00914888
0 -0.00232331 0.00436245 0.00727732
0 -0.00289347 0.00292617 0.00512092
0 -0.00354187 0.00129397 0.00270398
0 -0.00427592 -0.00052385 5.01689e-05
0 -0.00510073 -0.00251588 -0.00281706
0 -0.0060166 -0.00466713 -0.00587343
0 -0.00701819 -0.00695856 -0.00909339
0 -0.00809384 -0.00937038 -0.0124506
0 -0.00922673 -0.0118843 -0.0159186
0 -0.0103999 -0.0144809 -0.0194712
0 -0.011603 -0.0171381 -0.0230836
0 -0.0128294 -0.0198318 -0.026735
0 -0.0140654 -0.0225357 -0.0304082
0 -0.015295 -0.0252235 -0.0340888
0 -0.0165087 -0.0278756 -0.0377639
0 -0.0177008 -0.0304782 -0.0414159
0 -0.0188644 -0.0330203 -0.0450217
0 -0.0199897 -0.0354936 -0.0485574
0 -0.0210633 -0.0378905 -0.0519972
0 -0.0220711 -0.0401983 -0.0553149
0 -0.0230041 -0.0423987 -0.0584918
0 -0.0238623 -0.0444746 -0.0615134
0 -0.0246502 -0.0464133 -0.0643642
0 -0.0253722 -0.0482021 -0.0670299
0 -0.0260299 -0.0498277 -0.0694973
0 -0.0266224 -0.051281 -0.0717511
0 -0.0271474 -0.0525613 -0.0737745
0 -0.0276025 -0.053674 -0.0755529
0 -0.0279867 -0.0546254 -0.0770743
0 -0.028301 -0.0554186 -0.0783296
0 -0.0285484 -0.0560543 -0.0793131
0 -0.0287322 -0.0565312 -0.0800234
0 -0.0288545 -0.0568464 -0.0804625
0 -0.0289152 -0.056994 -0.080633
0 -0.0289115 -0.0569665 -0.080537
0 -0.0288399 -0.0567566 -0.0801767
0 -0.0286967 -0.0563605 -0.0795582
0 -0.0284756 -0.0557793 -0.0786904
0 -0.0281687 -0.0550167 -0.0775823
0 -0.0277724 -0.0540786 -0.076244
0 -0.0272887 -0.0529745 -0.0746896
0 -0.0267241 -0.0517172 -0.0729366
0 -0.0260871 -0.0503208 -0.0710037
0 -0.0253877 -0.0487995 -0.0689099
0 -0.0246374 -0.0471682 -0.0666738
0 -0.0238482 -0.045443 -0.0643137
0 -0.0230307 -0.0436419 -0.0618479
0 -0.0221937 -0.0417838 -0.0592947
0 -0.0213453 -0.0398879 -0.0566738
0 -0.0204941 -0.0379727 -0.0540066
0 -0.0196502 -0.0360562 -0.0513162
0 -0.0188246 -0.0341572 -0.0486266
0 -0.0180255 -0.0322968 -0.0459627
0 -0.0172529 -0.0304934 -0.0433507
0 -0.0165034 -0.0287562 -0.0408132
0 -0.0157784 -0.0270858 -0.0383666
0 -0.015084 -0.0254806 -0.0360265
0 -0.0144273 -0.0239436 -0.0338123
0 -0.013813 -0.0224871 -0.0317412
0 -0.0132412 -0.0211244 -0.0298235
0 -0.0127087 -0.019862 -0.0280638
0 -0.012212 -0.0187028 -0.0264631
0 -0.0117502 -0.0176542 -0.0250226
0 -0.0113262 -0.0167269 -0.0237433
0 -0.010945 -0.0159255 -0.0226263
0 -0.0106115 -0.015246 -0.0216731
0 -0.0103293 -0.0146809 -0.020885
0 -0.0101015 -0.0142253 -0.0202617
0 -0.00992975 -0.0138774 -0.0198
0 -0.00981278 -0.0136343 -0.0194937
0 -0.00974584 -0.0134914 -0.0193338
0 -0.00972327 -0.0134451 -0.0193112
0 -0.00974167 -0.0134959 -0.0194199
0 -0.00980176 -0.0136477 -0.0196581
0 -0.00990771 -0.013905 -0.0200255
0 -0.0100628 -0.0142669 -0.0205194
0 -0.0102657 -0.0147262 -0.0211353
0 -0.0105115 -0.0152735 -0.0218683
0 -0.0107958 -0.0159007 -0.0227126
0 -0.0111147 -0.0166009 -0.0236617
0 -0.0114633 -0.0173664 -0.0247081
0 -0.0118342 -0.0181885 -0.0258426
0 -0.0122205 -0.0190591 -0.0270547
0 -0.0126175 -0.0199722 -0.0283345
0 -0.0130238 -0.0209232 -0.0296724
0 -0.0134398 -0.0219069 -0.0310592
0 -0.0138657 -0.0229164 -0.0324849
0 -0.0143012 -0.0239456 -0.0339394
0 -0.0147468 -0.0249886 -0.0354125
0 -0.0152042 -0.0260394 -0.0368947
0 -0.0156751 -0.0270925 -0.0383764
0 -0.0161602 -0.0281455 -0.0398492
0 -0.0166567 -0.0291966 -0.041305
0 -0.0171569 -0.0302397 -0.0427347
0 -0.0176508 -0.0312639 -0.0441268
0 -0.0181292 -0.0322599 -0.0454709
0 -0.0185859 -0.0332221 -0.0467595
0 -0.0190188 -0.0341467 -0.0479892
0 -0.0194287 -0.0350289 -0.049159
0 -0.019818 -0.0358636 -0.0502703
0 -0.0201884 -0.0366485 -0.051325
0 -0.0205408 -0.0373852 -0.0523251
0 -0.020876 -0.038077 -0.0532709
0 -0.0211932 -0.0387258 -0.0541605
0 -0.0214885 -0.0393309 -0.0549905
0 -0.021757 -0.0398914 -0.0557573
0 -0.0219949 -0.040406 -0.0564577
0 -0.0222004 -0.0408714 -0.0570889
0 -0.0223721 -0.0412806 -0.0576478
0 -0.0225074 -0.0416236 -0.0581294
0 -0.0226013 -0.041889 -0.0585254
0 -0.0226479 -0.0420658 -0.0588248
0 -0.0226442 -0.0421466 -0.0590174
0 -0.0225929 -0.0421306 -0.0590963
0 -0.0225003 -0.0420223 -0.0590576
0 -0.0223733 -0.0418287 -0.058898
0 -0.022218 -0.0415573 -0.0586142
0 -0.0220396 -0.0412149 -0.0582042
0 -0.0218424 -0.0408075 -0.0576694
0 -0.02163 -0.0403398 -0.0570144
0 -0.0214038 -0.0398145 -0.056246
0 -0.0211622 -0.0392317 -0.0553719
0 -0.0209012 -0.0385897 -0.0544005
0 -0.0206164 -0.0378869 -0.0533418
0 -0.0203048 -0.0371243 -0.0522079
0 -0.0199646 -0.0363051 -0.0510124
0 -0.0195954 -0.0354348 -0.0497682
0 -0.0191971 -0.0345199 -0.0484867
0 -0.0187698 -0.033568 -0.0471773
0 -0.0183151 -0.0325877 -0.0458485
0 -0.0178375 -0.0315886 -0.0445092
0 -0.0173462 -0.0305817 -0.0431682
0 -0.016853 -0.0295784 -0.0418344
0 -0.0163693 -0.0285891 -0.0405156
0 -0.0159018 -0.0276217 -0.0392197
0 -0.015456 -0.0266823 -0.037955
0 -0.0150395 -0.0257782 -0.0367289
0 -0.0146605 -0.0249185 -0.0355499
0 -0.0143242 -0.0241138 -0.0344274
0 -0.014031 -0.023374 -0.0333703
0 -0.0137789 -0.0227065 -0.0323876
0 -0.0135661 -0.0221174 -0.0314887
0 -0.0133916 -0.0216122 -0.0306846
0 -0.0132543 -0.0211949 -0.0299873
0 -0.0131529 -0.0208668 -0.0294088
0 -0.0130858 -0.0206268 -0.0289604
0 -0.0130519 -0.0204731 -0.0286518
0 -0.0130503 -0.0204048 -0.0284898
0 -0.0130783 -0.0204211 -0.0284769
0 -0.0131316 -0.0205202 -0.0286115
0 -0.0132055 -0.0206992 -0.0288884
0 -0.0132976 -0.0209552 -0.0292996
0 -0.0134074 -0.0212852 -0.0298344
0 -0.0135354 -0.0216851 -0.0304802
0 -0.0136832 -0.0221489 -0.0312229
0 -0.0138542 -0.0226704 -0.0320488
0 -0.0140543 -0.0232454 -0.0329456
0 -0.0142892 -0.0238716 -0.0339021
0 -0.0145622 -0.0245477 -0.0349075
0 -0.0148731 -0.0252711 -0.0359505
0 -0.0152189 -0.0260376 -0.0370204
0 -0.0155944 -0.0268407 -0.0381077
0 -0.0159934 -0.027672 -0.0392042
0 -0.0164101 -0.0285232 -0.0403045
0 -0.0168394 -0.029386 -0.0414062
0 -0.0172765 -0.0302513 -0.0425083
0 -0.0177146 -0.0311101 -0.0436095
0 -0.018144 -0.031955 -0.0447077
0 -0.0185542 -0.0327799 -0.0457983
0 -0.0189375 -0.0335777 -0.0468739
0 -0.019289 -0.0343412 -0.0479253
0 -0.0196063 -0.0350645 -0.048945
0 -0.0198901 -0.0357449 -0.049927
0 -0.0201445 -0.0363815 -0.0508664
0 -0.0203759 -0.0369743 -0.0517578
0 -0.0205895 -0.0375228 -0.0525937
0 -0.0207871 -0.0380251 -0.0533647
0 -0.0209669 -0.0384783 -0.05406
0 -0.0211269 -0.0388789 -0.0546693
0 -0.0212658 -0.0392235 -0.0551841
0 -0.0213824 -0.0395084 -0.0555981
0 -0.021475 -0.0397298 -0.0559068
0 -0.0215413 -0.0398832 -0.0561076
0 -0.0215793 -0.0399641 -0.0561994
0 -0.021587 -0.0399686 -0.056182
0 -0.0215627 -0.0398947 -0.0560567
0 -0.0215057 -0.0397428 -0.0558268
0 -0.0214165 -0.0395168 -0.055498
0 -0.0212972 -0.0392224 -0.0550771
0 -0.0211493 -0.0388657 -0.054571
0 -0.0209728 -0.0384515 -0.053985
0 -0.0207658 -0.0379818 -0.0533227
0 -0.0205264 -0.0374569 -0.0525875
0 -0.0202543 -0.0368768 -0.0517832
0 -0.0199517 -0.0362429 -0.0509157
0 -0.0196237 -0.0355593 -0.0499927
0 -0.0192781 -0.0348336 -0.0490235
0 -0.0189228 -0.0340764 -0.048018
0 -0.0185648 -0.0333 -0.0469853
0 -0.0182092 -0.032517 -0.0459339
0 -0.0178602 -0.0317391 -0.0448725
0 -0.0175206 -0.0309757 -0.0438094
0 -0.017192 -0.0302331 -0.0427522
0 -0.0168743 -0.0295151 -0.0417079
0 -0.0165671 -0.0288226 -0.0406849
0 -0.0162717 -0.028155 -0.0396937
0 -0.0159906 -0.0275117 -0.0387453
0 -0.0157257 -0.0268935 -0.0378487
0 -0.0154768 -0.0263026 -0.0370103
0 -0.0152412 -0.0257422 -0.0362334
0 -0.0150151 -0.0252148 -0.0355183
0 -0.014796 -0.0247235 -0.0348646
0 -0.0145858 -0.0242733 -0.0342749
0 -0.0143909 -0.0238715 -0.033754
0 -0.0142189 -0.0235251 -0.0333069
0 -0.0140749 -0.0232379 -0.0329355
0 -0.013961 -0.0230094 -0.0326391
0 -0.0138771 -0.0228375 -0.0324155
0 -0.0138226 -0.0227207 -0.0322626
0 -0.0137963 -0.022658 -0.0321785
0 -0.0137959 -0.0226481 -0.0321607
0 -0.0138176 -0.0226874 -0.0322058
0 -0.0138563 -0.0227702 -0.0323087
0 -0.013906 -0.0228892 -0.0324635
0 -0.0139623 -0.0230367 -0.0326642
0 -0.0140225 -0.0232059 -0.0329054
0 -0.014087 -0.0233923 -0.0331833
0 -0.0141587 -0.0235948 -0.0334956
0 -0.0142417 -0.0238149 -0.0338408
0 -0.0143393 -0.0240555 -0.0342167
0 -0.014453 -0.0243197 -0.0346195
0 -0.0145824 -0.0246096 -0.0350447
0 -0.014726 -0.0249259 -0.0354883
0 -0.0148821 -0.0252673 -0.035947
0 -0.0150495 -0.0256311 -0.0364187
0 -0.0152279 -0.0260136 -0.0369033
0 -0.0154181 -0.0264117 -0.0374028
0 -0.0156225 -0.0268245 -0.0379218
0 -0.015844 -0.0272541 -0.0384662
0 -0.0160846 -0.0277047 -0.039042
0 -0.016345 -0.0281813 -0.0396541
0 -0.0166237 -0.0286886 -0.0403056
0 -0.0169169 -0.0292299 -0.0409978
0 -0.0172202 -0.0298058 -0.0417311
0 -0.0175291 -0.0304136 -0.042506
0 -0.0178404 -0.0310491 -0.0433222
0 -0.018152 -0.0317068 -0.0441799
0 -0.018462 -0.0323791 -0.0450774
0 -0.018768 -0.0330572 -0.0460095
0 -0.0190676 -0.0337337 -0.0469679
0 -0.0193594 -0.0344037 -0.047943
0 -0.0196433 -0.0350662 -0.048925
0 -0.0199204 -0.0357217 -0.0499036
0 -0.0201921 -0.0363707 -0.0508685
0 -0.0204591 -0.0370116 -0.0518094
0 -0.0207218 -0.0376407 -0.0527165
0 -0.0209795 -0.0382526 -0.0535813
0 -0.0212309 -0.0388403 -0.0543966
0 -0.0214724 -0.0393937 -0.0551549
0 -0.021697 -0.0398995 -0.0558457
0 -0.0218949 -0.0403438 -0.056457
0 -0.0220563 -0.0407145 -0.0569774
0 -0.0221747 -0.041003 -0.0573981
0 -0.0222476 -0.0412047 -0.0577129
0 -0.0222755 -0.0413179 -0.0579174
0 -0.02226 -0.0413425 -0.0580079
0 -0.0222033 -0.0412797 -0.057981
0 -0.0221084 -0.0411312 -0.0578339
0 -0.0219787 -0.0408983 -0.0575636
0 -0.021815 -0.0405817 -0.0571676
0 -0.0216172 -0.0401821 -0.0566448
0 -0.0213861 -0.0397002 -0.0559955
0 -0.0211231 -0.0391373 -0.0552224
0 -0.0208287 -0.038495 -0.0543299
0 -0.0205031 -0.0377757 -0.0533242
0 -0.0201466 -0.0369823 -0.0522129
0 -0.01976 -0.0361186 -0.0510048
0 -0.0193452 -0.0351899 -0.0497101
0 -0.0189048 -0.0342039 -0.0483404
0 -0.0184428 -0.0331707 -0.0469088
0 -0.0179632 -0.0321021 -0.0454294
0 -0.0174715 -0.0310099 -0.0439164
0 -0.0169752 -0.0299068 -0.0423835
0 -0.0164821 -0.0288071 -0.0408443
0 -0.0159955 -0.0277229 -0.0393116
0 -0.015516 -0.0266582 -0.037798
0 -0.0150472 -0.025613 -0.0363157
0 -0.0145973 -0.0245921 -0.0348782
0 -0.0141759 -0.0236078 -0.0335004
0 -0.0137892 -0.0226748 -0.0321966
0 -0.0134387 -0.0218048 -0.030978
0 -0.0131225 -0.021006 -0.0298513
0 -0.0128371 -0.0202853 -0.0288209
0 -0.0125802 -0.0196496 -0.0278919
0 -0.0123522 -0.019103 -0.0270719
0 -0.0121567 -0.0186461 -0.0263703
0 -0.0119979 -0.018277 -0.0257962
0 -0.0118793 -0.0179944 -0.0253569
0 -0.0118023 -0.0177981 -0.0250567
0 -0.0117656 -0.0176879 -0.0248959
0 -0.0117659 -0.0176629 -0.0248722
0 -0.0117986 -0.0177225 -0.0249804
0 -0.0118588 -0.017866 -0.0252136
0 -0.0119427 -0.0180916 -0.0255635
0 -0.0120486 -0.0183943 -0.0260206
0 -0.0121766 -0.0187663 -0.0265758
0 -0.012328 -0.0191994 -0.0272206
0 -0.0125067 -0.0196874 -0.0279476
0 -0.0127167 -0.0202269 -0.0287496
0 -0.0129608 -0.020816 -0.0296187
0 -0.0132383 -0.0214537 -0.0305456
0 -0.0135461 -0.0221389 -0.0315211
0 -0.0138803 -0.0228705 -0.0325366
0 -0.0142367 -0.0236458 -0.033585
0 -0.0146116 -0.0244602 -0.0346612
0 -0.0150013 -0.025306 -0.0357617
0 -0.0154035 -0.0261736 -0.0368842
0 -0.0158172 -0.0270525 -0.0380271
0 -0.0162411 -0.0279338 -0.0391886
0 -0.0166716 -0.0288122 -0.0403651
0 -0.017102 -0.0296838 -0.041551
0 -0.0175235 -0.0305443 -0.0427386
0 -0.0179269 -0.031389 -0.0439178
0 -0.0183043 -0.0322127 -0.0450773
0 -0.0186507 -0.0330088 -0.0462052
0 -0.0189636 -0.0337677 -0.0472884
0 -0.0192418 -0.0344781 -0.048314
0 -0.0194865 -0.0351292 -0.0492718
0 -0.0197019 -0.035714 -0.0501538
0 -0.0198945 -0.0362312 -0.0509538
0 -0.0200696 -0.0366823 -0.051665
0 -0.0202286 -0.0370688 -0.0522786
0 -0.0203684 -0.03739 -0.0527839
0 -0.0204832 -0.0376439 -0.0531706
0 -0.0205681 -0.0378291 -0.0534321
0 -0.0206218 -0.0379446 -0.0535671
0 -0.020646 -0.0379893 -0.0535795
0 -0.0206433 -0.0379618 -0.0534766
0 -0.020615 -0.0378607 -0.0532669
0 -0.0205614 -0.0376852 -0.0529594
0 -0.0204818 -0.0374368 -0.0525627
0 -0.0203737 -0.0371195 -0.0520841
0 -0.0202341 -0.0367392 -0.0515303
0 -0.0200609 -0.0363027 -0.050908
0 -0.0198547 -0.0358177 -0.050225
0 -0.0196194 -0.0352925 -0.0494912
0 -0.019362 -0.0347358 -0.0487183
0 -0.0190907 -0.0341568 -0.047919
0 -0.0188133 -0.0335641 -0.0471047
0 -0.018536 -0.0329648 -0.0462849
0 -0.0182613 -0.0323642 -0.0454656
0 -0.0179886 -0.0317652 -0.0446497
0 -0.0177162 -0.0311702 -0.0438388
0 -0.017443 -0.0305819 -0.0430349
0 -0.0171698 -0.0300037 -0.042241
0 -0.0169005 -0.0294398 -0.0414622
0 -0.0166416 -0.0288949 -0.0407062
0 -0.0164001 -0.0283752 -0.0399821
0 -0.0161822 -0.0278881 -0.0392994
0 -0.0159914 -0.0274402 -0.0386654
0 -0.0158276 -0.0270356 -0.0380851
0 -0.0156872 -0.0266757 -0.0375602
0 -0.0155645 -0.0263599 -0.0370909
0 -0.0154543 -0.0260861 -0.0366773
0 -0.0153534 -0.0258514 -0.0363207
0 -0.01526 -0.0256516 -0.0360218
0 -0.0151735 -0.0254819 -0.0357806
0 -0.0150931 -0.0253375 -0.0355953
0 -0.0150185 -0.025215 -0.035463
0 -0.0149506 -0.0251132 -0.0353794
0 -0.0148915 -0.0250335 -0.0353405
0 -0.014845 -0.0249802 -0.035343
0 -0.0148153 -0.0249592 -0.0353842
0 -0.0148064 -0.0249756 -0.0354616
0 -0.0148206 -0.0250324 -0.0355723
0 -0.0148585 -0.0251298 -0.0357134
0 -0.0149189 -0.0252649 -0.0358822
0 -0.0149995 -0.0254329 -0.0360767
0 -0.0150977 -0.0256279 -0.0362963
0 -0.0152109 -0.0258447 -0.0365413
0 -0.0153365 -0.0260792 -0.0368128
0 -0.0154715 -0.0263286 -0.037112
0 -0.0156127 -0.0265913 -0.0374394
0 -0.0157567 -0.0268662 -0.0377945
0 -0.0159002 -0.0271523 -0.0381756
0 -0.0160406 -0.0274484 -0.0385806
0 -0.0161763 -0.0277523 -0.039006
0 -0.016306 -0.0280604 -0.0394476
0 -0.016429 -0.0283685 -0.0398999
0 -0.0165454 -0.0286725 -0.040357
0 -0.0166564 -0.028969 -0.0408132
0 -0.0167635 -0.0292556 -0.041263
0 -0.0168681 -0.0295311 -0.0417001
0 -0.0169714 -0.0297954 -0.0421184
0 -0.0170737 -0.0300482 -0.0425121
0 -0.0171751 -0.0302894 -0.0428758
0 -0.0172754 -0.030518 -0.0432056
0 -0.017374 -0.0307326 -0.0434984
0 -0.0174701 -0.0309311 -0.0437531
0 -0.017563 -0.0311117 -0.0439702
0 -0.0176515 -0.0312723 -0.0441504
0 -0.0177336 -0.0314106 -0.0442957
0 -0.0178068 -0.0315244 -0.0444081
0 -0.0178687 -0.0316125 -0.0444899
0 -0.0179167 -0.0316744 -0.0445427
0 -0.0179478 -0.0317095 -0.0445676
0 -0.017959 -0.0317167 -0.0445645
0 -0.0179476 -0.0316941 -0.0445323
0 -0.0179119 -0.0316394 -0.044469
0 -0.0178518 -0.0315505 -0.0443727
0 -0.0177687 -0.0314264 -0.0442416
0 -0.0176662 -0.0312674 -0.0440744
0 -0.017549 -0.0310761 -0.0438706
0 -0.0174226 -0.0308567 -0.04363
0 -0.0172915 -0.0306143 -0.0433525
0 -0.0171593 -0.0303539 -0.043038
0 -0.0170281 -0.0300798 -0.0426868
0 -0.0168981 -0.0297951 -0.0422993
0 -0.0167682 -0.029501 -0.041877
0 -0.0166374 -0.0291971 -0.0414223
0 -0.0165043 -0.0288824 -0.0409392
0 -0.0163673 -0.028555 -0.0404328
0 -0.0162261 -0.0282136 -0.0399092
0 -0.016081 -0.0278589 -0.0393749
0 -0.0159323 -0.027494 -0.0388371
0 -0.01578 -0.0271229 -0.0383024
0 -0.0156249 -0.0267502 -0.0377766
0 -0.0154682 -0.0263817 -0.0372651
0 -0.015311 -0.026023 -0.0367725
0 -0.0151559 -0.0256795 -0.0363034
0 -0.0150063 -0.0253554 -0.0358627
0 -0.0148657 -0.025054 -0.0354545
0 -0.0147367 -0.0247772 -0.0350813
0 -0.0146204 -0.0245262 -0.0347445
0 -0.0145179 -0.0243023 -0.034445
0 -0.0144308 -0.0241078 -0.0341847
0 -0.0143623 -0.0239468 -0.0339667
0 -0.0143152 -0.0238239 -0.033795
0 -0.0142906 -0.0237427 -0.0336722
0 -0.0142871 -0.0237046 -0.0335995
0 -0.014302 -0.0237086 -0.0335768
0 -0.0143329 -0.0237526 -0.0336045
0 -0.0143784 -0.023835 -0.0336841
0 -0.0144381 -0.0239536 -0.0338172
0 -0.0145116 -0.0241064 -0.0340049
0 -0.0145976 -0.0242908 -0.0342464
0 -0.014694 -0.0245036 -0.0345389
0 -0.0147978 -0.0247415 -0.0348779
0 -0.0149072 -0.0250022 -0.0352588
0 -0.0150248 -0.0252876 -0.0356797
0 -0.0151582 -0.0256045 -0.0361435
0 -0.0153171 -0.0259624 -0.0366557
0 -0.0155077 -0.0263684 -0.0372193
0 -0.0157305 -0.0268247 -0.0378333
0 -0.015982 -0.0273292 -0.0384942
0 -0.0162566 -0.0278769 -0.0391982
0 -0.016548 -0.02846 -0.0399408
0 -0.0168489 -0.0290681 -0.0407167
0 -0.0171524 -0.0296904 -0.0415207
0 -0.0174535 -0.0303182 -0.0423496
0 -0.0177515 -0.0309486 -0.0432035
0 -0.0180497 -0.0315842 -0.0440841
0 -0.0183517 -0.0322289 -0.0449921
0 -0.0186594 -0.0328854 -0.0459244
0 -0.0189714 -0.0335545 -0.0468737
0 -0.0192849 -0.0342357 -0.0478312
0 -0.0195978 -0.0349264 -0.0487896
0 -0.0199097 -0.0356228 -0.0497427
0 -0.0202199 -0.0363187 -0.0506855
0 -0.0205259 -0.0370048 -0.0516113
0 -0.0208226 -0.0376692 -0.0525117
0 -0.0211031 -0.0382995 -0.0533769
0 -0.0213608 -0.0388844 -0.0541966
0 -0.0215901 -0.039415 -0.05496
0 -0.0217873 -0.0398857 -0.0556574
0 -0.021951 -0.0402947 -0.056281
0 -0.0220827 -0.0406426 -0.0568247
0 -0.0221856 -0.0409306 -0.0572838
0 -0.0222634 -0.0411598 -0.0576543
0 -0.0223192 -0.0413311 -0.0579332
0 -0.0223558 -0.0414453 -0.0581184
0 -0.0223745 -0.0415023 -0.0582086
0 -0.022374 -0.0415001 -0.0582022
0 -0.0223512 -0.0414357 -0.0580971
0 -0.0223021 -0.0413057 -0.0578925
0 -0.0222232 -0.0411079 -0.0575895
0 -0.022112 -0.0408409 -0.0571911
0 -0.021967 -0.0405041 -0.056701
0 -0.0217875 -0.0400979 -0.0561237
0 -0.0215736 -0.0396238 -0.0554636
0 -0.0213262 -0.0390846 -0.0547253
0 -0.0210467 -0.0384843 -0.0539135
0 -0.0207372 -0.0378273 -0.0530323
0 -0.0204 -0.0371184 -0.0520855
0 -0.0200377 -0.0363622 -0.0510771
0 -0.0196532 -0.0355627 -0.0500112
0 -0.0192499 -0.0347238 -0.0488921
0 -0.0188314 -0.03385 -0.0477247
0 -0.0184008 -0.0329464 -0.0465139
0 -0.0179606 -0.0320187 -0.0452649
0 -0.0175133 -0.0310721 -0.0439838
0 -0.0170639 -0.0301121 -0.0426772
0 -0.0166186 -0.0291477 -0.0413529
0 -0.0161835 -0.0281906 -0.0400215
0 -0.0157627 -0.0272509 -0.0386959
0 -0.0153601 -0.0263342 -0.0373889
0 -0.0149789 -0.0254432 -0.036111
0 -0.0146203 -0.024581 -0.0348713
0 -0.0142819 -0.0237522 -0.0336775
0 -0.0139608 -0.0229613 -0.0325376
0 -0.0136554 -0.0222124 -0.0314596
0 -0.0133666 -0.02151 -0.0304521
0 -0.0130964 -0.0208605 -0.0295234
0 -0.0128467 -0.0202705 -0.0286815
0 -0.0126198 -0.0197445 -0.0279329
0 -0.0124176 -0.0192848 -0.0272824
0 -0.0122428 -0.0188926 -0.0267339
0 -0.0120979 -0.0185702 -0.0262898
0 -0.011985 -0.0183206 -0.025952
0 -0.0119053 -0.0181462 -0.0257209
0 -0.0118594 -0.0180476 -0.0255959
0 -0.0118466 -0.0180239 -0.0255748
0 -0.0118648 -0.0180732 -0.0256536
0 -0.0119107 -0.0181918 -0.0258268
0 -0.0119807 -0.0183739 -0.0260878
0 -0.0120722 -0.0186127 -0.0264302
0 -0.0121846 -0.0189025 -0.0268484
0 -0.012319 -0.0192399 -0.027338
0 -0.0124767 -0.0196231 -0.027895
0 -0.0126579 -0.02005 -0.0285138
0 -0.0128596 -0.0205167 -0.0291862
0 -0.0130763 -0.0210174 -0.0299016
0 -0.0133023 -0.021546 -0.0306493
0 -0.0135341 -0.0220963 -0.0314205
0 -0.0137718 -0.0226638 -0.0322097
0 -0.0140178 -0.0232454 -0.0330141
0 -0.0142736 -0.0238381 -0.0338307
0 -0.0145379 -0.0244368 -0.0346543
0 -0.0148062 -0.0250345 -0.0354768
0 -0.015073 -0.025624 -0.0362897
0 -0.0153339 -0.0261993 -0.0370854
0 -0.0155861 -0.026756 -0.037858
0 -0.0158293 -0.0272923 -0.0386038
0 -0.016064 -0.0278069 -0.0393201
0 -0.0162905 -0.0282987 -0.0400045
0 -0.0165084 -0.0287664 -0.0406543
0 -0.0167165 -0.0292084 -0.0412669
0 -0.0169129 -0.0296233 -0.0418392
0 -0.0170962 -0.0300101 -0.0423686
0 -0.0172659 -0.0303678 -0.0428538
0 -0.0174224 -0.0306961 -0.0432945
0 -0.0175663 -0.0309952 -0.0436911
0 -0.0176985 -0.0312657 -0.0440452
0 -0.0178203 -0.0315085 -0.0443588
0 -0.0179322 -0.0317244 -0.0446336
0 -0.0180343 -0.0319147 -0.0448717
0 -0.0181266 -0.0320807 -0.0450756
0 -0.0182088 -0.0322244 -0.0452478
0 -0.0182808 -0.0323474 -0.0453911
0 -0.0183426 -0.0324513 -0.0455081
0 -0.0183947 -0.0325378 -0.0456023
0 -0.0184375 -0.0326084 -0.0456768
0 -0.0184721 -0.0326646 -0.0457349
0 -0.0184994 -0.0327079 -0.0457795
0 -0.0185204 -0.0327397 -0.045813
0 -0.0185358 -0.0327616 -0.0458375
0 -0.0185463 -0.0327757 -0.0458546
0 -0.0185528 -0.0327836 -0.0458656
0 -0.0185553 -0.0327863 -0.0458707
0 -0.0185527 -0.0327831 -0.0458689
0 -0.0185434 -0.0327723 -0.0458583
0 -0.0185261 -0.0327516 -0.0458367
0 -0.0185005 -0.0327188 -0.0458026
0 -0.0184669 -0.0326725 -0.0457545
0 -0.0184262 -0.0326116 -0.0456912
0 -0.0183791 -0.0325355 -0.0456111
0 -0.0183263 -0.0324444 -0.0455124
0 -0.0182675 -0.0323381 -0.0453926
0 -0.0182014 -0.0322154 -0.0452484
0 -0.0181257 -0.0320742 -0.0450758
0 -0.0180387 -0.0319122 -0.0448715
0 -0.0179404 -0.0317281 -0.0446342
0 -0.0178334 -0.0315228 -0.0443653
0 -0.0177214 -0.0312987 -0.0440681
0 -0.0176075 -0.0310586 -0.0437458
0 -0.0174928 -0.0308048 -0.0434008
0 -0.017377 -0.0305395 -0.0430347
0 -0.0172591 -0.0302648 -0.0426493
0 -0.0171384 -0.0299832 -0.0422474
0 -0.0170146 -0.0296966 -0.0418324
0 -0.0168875 -0.0294068 -0.0414084
0 -0.0167583 -0.0291152 -0.0409799
0 -0.016629 -0.0288241 -0.0405533
0 -0.0165034 -0.0285367 -0.0401354
0 -0.0163848 -0.0282572 -0.0397328
0 -0.0162748 -0.0279909 -0.0393513
0 -0.0161742 -0.0277423 -0.0389957
0 -0.0160832 -0.0275148 -0.0386685
0 -0.0160001 -0.0273102 -0.0383718
0 -0.0159224 -0.027129 -0.0381068
0 -0.0158494 -0.0269709 -0.0378751
0 -0.0157822 -0.0268348 -0.037678
0 -0.0157222 -0.0267195 -0.0375172
0 -0.0156708 -0.0266246 -0.0373939
0 -0.0156304 -0.026551 -0.037309
0 -0.0156033 -0.026501 -0.0372631
0 -0.015591 -0.0264776 -0.0372559
0 -0.0155945 -0.0264841 -0.0372866
0 -0.0156139 -0.0265231 -0.037354
0 -0.0156486 -0.026596 -0.0374567
0 -0.0156976 -0.0267016 -0.0375932
0 -0.0157598 -0.0268369 -0.0377619
0 -0.0158338 -0.0269979 -0.0379614
0 -0.0159183 -0.02718 -0.0381907
0 -0.016012 -0.0273788 -0.0384484
0 -0.0161132 -0.0275907 -0.0387325
0 -0.0162195 -0.0278126 -0.03904
0 -0.0163279 -0.0280422 -0.0393667
0 -0.0164356 -0.0282775 -0.0397079
0 -0.0165398 -0.0285164 -0.0400582
0 -0.016639 -0.0287565 -0.040413
0 -0.0167336 -0.0289961 -0.0407684
0 -0.0168256 -0.0292336 -0.0411214
0 -0.0169184 -0.0294685 -0.0414706
0 -0.0170153 -0.0297017 -0.0418153
0 -0.0171178 -0.0299332 -0.0421532
0 -0.0172247 -0.0301619 -0.0424802
0 -0.0173326 -0.0303854 -0.0427918
0 -0.0174378 -0.0306005 -0.043083
0 -0.0175365 -0.030804 -0.0433501
0 -0.017627 -0.0309935 -0.0435916
0 -0.0177099 -0.0311677 -0.043809
0 -0.0177875 -0.0313262 -0.0440049
0 -0.0178615 -0.0314696 -0.0441824
0 -0.0179327 -0.0315991 -0.044344
0 -0.0180009 -0.0317162 -0.0444914
0 -0.0180648 -0.0318223 -0.0446251
0 -0.0181218 -0.0319178 -0.0447444
0 -0.0181691 -0.0320023 -0.0448482
0 -0.0182046 -0.0320744 -0.0449358
0 -0.0182278 -0.0321325 -0.045007
0 -0.0182394 -0.0321748 -0.0450623
0 -0.0182415 -0.0322002 -0.0451027
0 -0.0182369 -0.0322097 -0.0451296
0 -0.0182287 -0.0322053 -0.0451441
0 -0.0182192 -0.0321902 -0.0451469
0 -0.0182101 -0.0321684 -0.0451379
0 -0.018202 -0.0321434 -0.0451171
0 -0.0181946 -0.0321175 -0.0450842
0 -0.0181859 -0.0320907 -0.0450379
0 -0.0181733 -0.0320599 -0.0449769
0 -0.018154 -0.0320205 -0.0449001
0 -0.018126 -0.0319677 -0.044807
0 -0.018089 -0.0318976 -0.0446984
0 -0.0180435 -0.0318084 -0.0445756
0 -0.0179911 -0.0317011 -0.0444403
0 -0.0179335 -0.0315785 -0.0442936
0 -0.0178718 -0.0314446 -0.0441358
0 -0.0178063 -0.0313034 -0.0439668
0 -0.0177368 -0.0311579 -0.0437856
0 -0.0176629 -0.0310093 -0.0435913
0 -0.017584 -0.0308567 -0.0433832
0 -0.0175 -0.0306982 -0.0431612
0 -0.0174119 -0.0305311 -0.0429263
0 -0.0173212 -0.0303538 -0.0426801
0 -0.0172298 -0.0301661 -0.042425
0 -0.0171395 -0.0299699 -0.0421632
0 -0.0170515 -0.0297686 -0.0418967
0 -0.0169662 -0.0295662 -0.041627
0 -0.0168831 -0.0293672 -0.0413554
0 -0.016802 -0.0291751 -0.0410839
0 -0.0167232 -0.0289927 -0.0408154
0 -0.016648 -0.0288214 -0.0405538
0 -0.0165782 -0.0286613 -0.0403033
0 -0.0165154 -0.0285129 -0.0400685
0 -0.0164607 -0.0283767 -0.0398541
0 -0.0164143 -0.028253 -0.0396634
0 -0.0163749 -0.0281417 -0.0394975
0 -0.0163392 -0.0280424 -0.0393553
0 -0.0163027 -0.0279539 -0.0392343
0 -0.0162619 -0.027874 -0.0391313
0 -0.0162153 -0.0278004 -0.0390437
0 -0.0161638 -0.0277313 -0.03897
0 -0.0161107 -0.027666 -0.0389098
0 -0.0160601 -0.027605 -0.0388628
0 -0.0160155 -0.0275492 -0.0388277
0 -0.0159791 -0.0274998 -0.0388025
0 -0.0159522 -0.0274591 -0.0387848
0 -0.0159356 -0.0274297 -0.0387724
0 -0.0159299 -0.0274148 -0.0387646
0 -0.015936 -0.0274171 -0.0387622
0 -0.015955 -0.0274384 -0.0387674
0 -0.0159863 -0.0274784 -0.0387825
0 -0.016028 -0.0275343 -0.0388091
0 -0.0160767 -0.0276018 -0.0388483
0 -0.0161283 -0.0276761 -0.038901
0 -0.0161795 -0.0277534 -0.0389679
0 -0.0162284 -0.0278318 -0.0390506
0 -0.0162753 -0.0279127 -0.0391516
0 -0.0163224 -0.028 -0.0392742
0 -0.0163716 -0.0280981 -0.0394205
0 -0.0164239 -0.0282101 -0.0395904
0 -0.0164797 -0.0283376 -0.0397825
0 -0.0165397 -0.0284814 -0.0399952
0 -0.0166051 -0.0286414 -0.0402275
0 -0.016677 -0.0288166 -0.0404776
0 -0.0167554 -0.0290039 -0.0407427
0 -0.016839 -0.0291995 -0.041019
0 -0.0169263 -0.0293992 -0.0413026
0 -0.0170156 -0.0296002 -0.04159
0 -0.0171051 -0.0298001 -0.0418772
0 -0.0171933 -0.0299971 -0.0421605
0 -0.0172791 -0.0301895 -0.0424363
0 -0.0173617 -0.0303759 -0.0427019
0 -0.0174405 -0.030555 -0.042955
0 -0.0175151 -0.0307253 -0.0431933
0 -0.0175853 -0.0308852 -0.0434147
0 -0.0176508 -0.0310324 -0.0436177
0 -0.0177108 -0.0311651 -0.0438004
0 -0.0177643 -0.0312815 -0.0439611
0 -0.0178103 -0.0313805 -0.0440982
0 -0.0178478 -0.0314609 -0.0442102
0 -0.0178758 -0.0315217 -0.0442958
0 -0.0178933 -0.0315621 -0.0443536
0 -0.0178997 -0.0315814 -0.0443827
0 -0.0178947 -0.0315788 -0.0443826
0 -0.0178786 -0.0315537 -0.0443528
0 -0.017852 -0.0315063 -0.0442937
0 -0.0178168 -0.0314379 -0.0442068
0 -0.0177754 -0.0313512 -0.0440944
0 -0.0177298 -0.0312492 -0.0439589
0 -0.0176808 -0.0311342 -0.0438018
0 -0.0176271 -0.0310069 -0.0436233
0 -0.0175668 -0.030867 -0.0434233
0 -0.0174981 -0.0307138 -0.0432021
0 -0.0174202 -0.0305464 -0.0429605
0 -0.0173328 -0.0303637 -0.0427003
0 -0.017236 -0.0301647 -0.0424229
0 -0.0171302 -0.0299484 -0.0421293
0 -0.0170157 -0.0297149 -0.0418202
0 -0.0168942 -0.0294661 -0.0414969
0 -0.0167683 -0.0292062 -0.0411616
0 -0.0166418 -0.028941 -0.0408175
0 -0.0165181 -0.0286764 -0.0404681
0 -0.0164006 -0.0284178 -0.0401171
0 -0.0162916 -0.0281698 -0.0397681
0 -0.0161928 -0.027937 -0.0394263
0 -0.0161066 -0.0277225 -0.0390974
0 -0.0160346 -0.0275286 -0.0387872
0 -0.0159768 -0.0273571 -0.0385015
0 -0.0159322 -0.0272097 -0.0382464
0 -0.0159007 -0.0270877 -0.038028
0 -0.0158816 -0.0269928 -0.0378515
0 -0.0158733 -0.0269264 -0.0377208
0 -0.0158734 -0.0268891 -0.0376388
0 -0.0158795 -0.0268802 -0.0376066
0 -0.0158897 -0.026898 -0.0376235
0 -0.0159027 -0.0269408 -0.037688
0 -0.0159189 -0.0270063 -0.0377982
0 -0.0159389 -0.0270928 -0.037951
0 -0.0159641 -0.0271986 -0.0381422
0 -0.0159962 -0.0273222 -0.0383665
0 -0.0160365 -0.0274626 -0.0386182
0 -0.0160863 -0.0276193 -0.0388913
0 -0.0161468 -0.0277922 -0.03918
0 -0.0162189 -0.0279813 -0.0394792
0 -0.0163035 -0.0281856 -0.0397846
0 -0.0164002 -0.0284035 -0.0400931
0 -0.0165084 -0.0286338 -0.0404023
0 -0.0166278 -0.0288746 -0.0407113
0 -0.0167581 -0.0291241 -0.0410213
0 -0.0168979 -0.0293815 -0.041334
0 -0.017045 -0.0296461 -0.0416509
0 -0.0171965 -0.0299159 -0.0419733
0 -0.017348 -0.0301885 -0.0423016
0 -0.0174947 -0.0304605 -0.0426351
0 -0.0176325 -0.0307286 -0.0429726
0 -0.0177585 -0.0309896 -0.0433128
0 -0.017871 -0.0312401 -0.043654
0 -0.0179691 -0.0314768 -0.0439936
0 -0.0180532 -0.031697 -0.0443276
0 -0.0181242 -0.031899 -0.0446512
0 -0.0181832 -0.0320815 -0.0449592
0 -0.0182316 -0.032244 -0.0452451
0 -0.0182711 -0.0323864 -0.0455026
0 -0.0183035 -0.0325089 -0.0457262
0 -0.0183311 -0.0326123 -0.0459116
0 -0.018356 -0.0326972 -0.0460561
0 -0.01838 -0.0327641 -0.0461583
0 -0.0184041 -0.0328129 -0.0462181
0 -0.018428 -0.0328434 -0.0462366
0 -0.01845 -0.0328545 -0.046215
0 -0.0184668 -0.0328444 -0.046155
0 -0.0184744 -0.0328106 -0.0460585
0 -0.0184687 -0.0327508 -0.0459276
0 -0.0184464 -0.0326635 -0.0457654
0 -0.0184062 -0.0325484 -0.0455758
0 -0.0183479 -0.0324065 -0.0453629
0 -0.0182725 -0.0322395 -0.0451306
0 -0.0181817 -0.0320499 -0.0448814
0 -0.0180773 -0.0318406 -0.0446173
0 -0.0179618 -0.0316152 -0.0443393
0 -0.017838 -0.0313772 -0.0440482
0 -0.0177088 -0.0311303 -0.0437448
0 -0.0175768 -0.0308771 -0.043429
0 -0.0174434 -0.0306188 -0.0431002
0 -0.0173089 -0.0303554 -0.0427574
0 -0.0171737 -0.0300865 -0.0424001
0 -0.0170382 -0.0298112 -0.0420285
0 -0.0169027 -0.0295292 -0.041643
0 -0.0167671 -0.0292405 -0.0412446
0 -0.0166313 -0.0289456 -0.0408346
0 -0.0164952 -0.0286453 -0.0404149
0 -0.0163587 -0.0283404 -0.0399874
0 -0.0162211 -0.028032 -0.0395537
0 -0.0160815 -0.0277216 -0.0391161
0 -0.0159402 -0.02741 -0.038677
0 -0.0157975 -0.0270976 -0.0382384
0 -0.0156531 -0.0267854 -0.037803
0 -0.015508 -0.0264743 -0.0373738
0 -0.0153642 -0.0261655 -0.036953
0 -0.0152229 -0.025861 -0.0365425
0 -0.0150846 -0.0255624 -0.0361439
0 -0.0149502 -0.0252716 -0.0357583
0 -0.0148209 -0.0249909 -0.035387
0 -0.0146984 -0.0247232 -0.0350314
0 -0.0145842 -0.0244715 -0.0346936
0 -0.0144804 -0.0242387 -0.0343761
0 -0.0143884 -0.0240274 -0.0340815
0 -0.0143098 -0.0238394 -0.0338126
0 -0.0142454 -0.0236764 -0.0335722
0 -0.0141955 -0.02354 -0.0333634
0 -0.0141601 -0.0234316 -0.0331893
0 -0.0141386 -0.0233522 -0.0330527
0 -0.0141306 -0.0233027 -0.0329566
0 -0.0141355 -0.0232837 -0.0329034
0 -0.0141522 -0.0232954 -0.0328954
0 -0.0141802 -0.0233382 -0.0329343
0 -0.014219 -0.0234117 -0.0330212
0 -0.0142686 -0.023516 -0.0331568
0 -0.0143291 -0.0236505 -0.0333408
0 -0.0144006 -0.0238151 -0.0335724
0 -0.0144834 -0.0240093 -0.0338499
0 -0.014578 -0.0242327 -0.0341711
0 -0.0146846 -0.0244848 -0.0345333
0 -0.0148033 -0.0247644 -0.034933
0 -0.0149335 -0.0250698 -0.0353662
0 -0.0150743 -0.0253983 -0.0358285
0 -0.0152249 -0.0257469 -0.0363154
0 -0.0153846 -0.0261123 -0.0368229
0 -0.0155524 -0.0264909 -0.0373469
0 -0.0157273 -0.0268794 -0.0378835
0 -0.0159084 -0.0272745 -0.0384289
0 -0.0160944 -0.0276737 -0.0389797
0 -0.0162844 -0.0280758 -0.0395332
0 -0.0164778 -0.0284796 -0.0400871
0 -0.0166734 -0.0288846 -0.0406396
0 -0.0168696 -0.0292897 -0.0411885
0 -0.0170639 -0.0296928 -0.0417312
0 -0.0172528 -0.0300897 -0.042264
0 -0.0174322 -0.0304745 -0.0427814
0 -0.017598 -0.0308404 -0.0432782
0 -0.0177468 -0.0311811 -0.0437493
0 -0.0178768 -0.0314908 -0.0441894
0 -0.0179873 -0.0317652 -0.0445931
0 -0.0180785 -0.0320022 -0.0449561
0 -0.0181522 -0.0322017 -0.0452747
0 -0.0182113 -0.0323654 -0.0455459
0 -0.0182582 -0.0324959 -0.0457671
0 -0.018295 -0.0325956 -0.045936
0 -0.0183231 -0.0326668 -0.0460515
0 -0.018344 -0.0327113 -0.0461137
0 -0.0183588 -0.0327307 -0.0461243
0 -0.0183684 -0.0327261 -0.0460864
0 -0.018373 -0.0326983 -0.0460046
0 -0.0183724 -0.0326481 -0.0458842
0 -0.0183655 -0.0325762 -0.0457308
0 -0.0183511 -0.032484 -0.0455505
0 -0.0183273 -0.0323731 -0.0453491
0 -0.0182925 -0.0322453 -0.045132
0 -0.0182453 -0.0321026 -0.0449038
0 -0.0181846 -0.0319466 -0.0446684
0 -0.0181107 -0.0317791 -0.0444293
0 -0.0180248 -0.0316021 -0.0441896
0 -0.0179292 -0.0314174 -0.0439512
0 -0.0178268 -0.031227 -0.0437157
0 -0.017721 -0.0310333 -0.043484
0 -0.0176149 -0.030839 -0.0432563
0 -0.0175116 -0.0306474 -0.0430323
0 -0.0174135 -0.0304617 -0.0428115
0 -0.0173228 -0.0302849 -0.042594
0 -0.0172414 -0.0301194 -0.0423804
0 -0.0171703 -0.0299671 -0.0421714
0 -0.0171097 -0.0298284 -0.0419682
0 -0.0170589 -0.0297031 -0.0417723
0 -0.0170169 -0.02959 -0.0415856
0 -0.0169824 -0.0294881 -0.0414104
0 -0.0169535 -0.029396 -0.0412492
0 -0.0169284 -0.0293125 -0.041104
0 -0.0169048 -0.0292364 -0.0409759
0 -0.0168803 -0.0291663 -0.040865
0 -0.0168524 -0.029101 -0.040771
0 -0.0168198 -0.0290391 -0.0406925
0 -0.0167816 -0.0289795 -0.0406279
0 -0.0167382 -0.028921 -0.0405748
0 -0.0166904 -0.0288624 -0.0405307
0 -0.0166398 -0.0288031 -0.0404925
0 -0.016589 -0.0287435 -0.0404576
0 -0.0165412 -0.0286851 -0.040424
0 -0.0164994 -0.0286299 -0.0403898
0 -0.016466 -0.0285802 -0.0403536
0 -0.016442 -0.0285378 -0.0403142
0 -0.0164282 -0.0285045 -0.0402712
0 -0.0164245 -0.0284811 -0.0402254
0 -0.0164307 -0.0284682 -0.0401784
0 -0.016446 -0.0284656 -0.040133
0 -0.0164691 -0.0284728 -0.0400925
0 -0.0164989 -0.0284891 -0.0400611
0 -0.0165338 -0.028514 -0.040043
0 -0.0165724 -0.0285476 -0.0400424
0 -0.016613 -0.0285899 -0.0400627
0 -0.0166539 -0.0286413 -0.0401063
0 -0.0166939 -0.0287026 -0.0401746
0 -0.0167321 -0.0287746 -0.0402687
0 -0.0167689 -0.028858 -0.040389
0 -0.0168053 -0.0289532 -0.0405347
0 -0.0168427 -0.0290603 -0.0407048
0 -0.0168828 -0.0291793 -0.0408974
0 -0.0169276 -0.0293098 -0.0411097
0 -0.0169787 -0.0294517 -0.0413389
0 -0.0170374 -0.029605 -0.0415818
0 -0.0171045 -0.02977 -0.0418356
0 -0.0171804 -0.0299463 -0.0420966
0 -0.0172647 -0.0301328 -0.0423616
0 -0.017356 -0.0303277 -0.0426279
0 -0.0174527 -0.0305289 -0.0428935
0 -0.0175532 -0.0307337 -0.0431565
0 -0.0176558 -0.0309395 -0.0434158
0 -0.0177588 -0.0311431 -0.0436709
0 -0.01786 -0.0313418 -0.0439211
0 -0.0179572 -0.0315329 -0.0441654
0 -0.0180481 -0.0317146 -0.0444027
0 -0.0181307 -0.031885 -0.0446315
0 -0.0182036 -0.0320426 -0.04485
0 -0.0182657 -0.032186 -0.0450559
0 -0.0183167 -0.0323141 -0.0452468
0 -0.0183566 -0.0324256 -0.0454203
0 -0.0183864 -0.0325197 -0.0455738
0 -0.0184067 -0.0325954 -0.0457045
0 -0.0184185 -0.0326517 -0.0458095
0 -0.0184222 -0.032688 -0.0458859
0 -0.0184184 -0.0327037 -0.0459312
0 -0.0184075 -0.0326985 -0.045943
0 -0.0183894 -0.032672 -0.0459199
0 -0.0183642 -0.0326242 -0.0458606
0 -0.0183316 -0.0325548 -0.0457651
0 -0.0182911 -0.0324637 -0.0456338
0 -0.0182424 -0.0323505 -0.0454676
0 -0.0181849 -0.0322153 -0.0452683
0 -0.0181183 -0.0320583 -0.0450381
0 -0.0180423 -0.0318801 -0.0447796
0 -0.0179566 -0.0316815 -0.0444953
0 -0.017861 -0.0314639 -0.0441879
0 -0.0177555 -0.0312286 -0.0438598
0 -0.0176404 -0.0309772 -0.0435135
0 -0.0175161 -0.0307114 -0.0431511
0 -0.0173836 -0.0304333 -0.0427749
0 -0.0172441 -0.0301446 -0.0423871
0 -0.0170993 -0.0298475 -0.0419898
0 -0.0169513 -0.0295438 -0.0415849
0 -0.0168019 -0.0292358 -0.041174
0 -0.0166526 -0.0289259 -0.0407591
0 -0.016505 -0.0286164 -0.0403422
0 -0.0163605 -0.0283087 -0.0399242
0 -0.0162194 -0.0280046 -0.0395066
0 -0.0160816 -0.0277057 -0.0390915
0 -0.0159479 -0.027413 -0.038681
0 -0.0158186 -0.0271268 -0.0382768
0 -0.0156926 -0.0268474 -0.0378807
0 -0.0155692 -0.0265744 -0.0374949
0 -0.0154488 -0.0263077 -0.037121
0 -0.0153316 -0.026048 -0.0367606
0 -0.0152179 -0.0257968 -0.0364159
0 -0.015109 -0.0255561 -0.0360895
0 -0.0150067 -0.0253287 -0.0357839
0 -0.0149127 -0.0251177 -0.035501
0 -0.0148281 -0.0249257 -0.0352426
0 -0.0147534 -0.024755 -0.0350104
0 -0.0146894 -0.0246073 -0.0348056
0 -0.014636 -0.0244833 -0.0346292
0 -0.0145931 -0.0243826 -0.0344818
0 -0.0145603 -0.0243046 -0.0343641
0 -0.0145369 -0.0242483 -0.0342766
0 -0.014523 -0.0242131 -0.0342198
0 -0.0145187 -0.0241988 -0.0341947
0 -0.0145245 -0.0242057 -0.0342019
0 -0.0145408 -0.0242349 -0.034242
0 -0.0145677 -0.0242876 -0.0343154
0 -0.0146052 -0.0243644 -0.0344218
0 -0.0146531 -0.0244662 -0.0345607
0 -0.0147116 -0.0245929 -0.0347318
0 -0.0147804 -0.0247443 -0.0349344
0 -0.0148593 -0.0249191 -0.0351677
0 -0.0149477 -0.0251155 -0.0354304
0 -0.0150448 -0.0253313 -0.0357207
0 -0.0151495 -0.0255641 -0.0360365
0 -0.0152611 -0.0258117 -0.0363757
0 -0.0153783 -0.026072 -0.0367357
0 -0.0155004 -0.0263433 -0.0371137
0 -0.0156267 -0.0266241 -0.037507
0 -0.0157571 -0.0269134 -0.0379132
0 -0.0158916 -0.0272105 -0.03833
0 -0.0160304 -0.0275146 -0.0387551
0 -0.0161733 -0.0278248 -0.0391864
0 -0.0163204 -0.02814 -0.0396216
0 -0.0164706 -0.0284588 -0.0400585
0 -0.0166228 -0.0287796 -0.0404955
0 -0.0167761 -0.0291007 -0.0409302
0 -0.0169287 -0.0294198 -0.0413607
0 -0.0170791 -0.0297348 -0.0417853
0 -0.0172264 -0.0300437 -0.0422021
0 -0.0173693 -0.0303448 -0.0426091
0 -0.0175063 -0.030636 -0.0430048
0 -0.0176371 -0.0309161 -0.0433876
0 -0.0177619 -0.0311838 -0.0437557
0 -0.0178799 -0.0314381 -0.0441073
0 -0.0179903 -0.0316783 -0.0444405
0 -0.0180928 -0.0319033 -0.0447535
0 -0.0181875 -0.0321124 -0.0450445
0 -0.018274 -0.0323045 -0.0453116
0 -0.0183522 -0.0324787 -0.0455534
0 -0.0184218 -0.0326341 -0.0457688
0 -0.0184829 -0.0327697 -0.0459566
0 -0.0185353 -0.0328848 -0.0461156
0 -0.0185785 -0.0329787 -0.0462451
0 -0.0186123 -0.0330508 -0.0463444
0 -0.0186359 -0.0331006 -0.0464126
0 -0.018649 -0.0331279 -0.0464495
0 -0.0186512 -0.0331324 -0.046455
0 -0.0186425 -0.0331142 -0.0464293
0 -0.0186229 -0.0330733 -0.0463726
0 -0.0185926 -0.0330099 -0.0462858
0 -0.0185519 -0.0329243 -0.0461695
0 -0.0185011 -0.0328171 -0.0460247
0 -0.0184408 -0.0326893 -0.0458525
0 -0.0183714 -0.0325418 -0.0456538
0 -0.0182934 -0.0323759 -0.0454301
0 -0.0182074 -0.0321927 -0.0451826
0 -0.0181141 -0.0319937 -0.0449129
0 -0.0180143 -0.0317804 -0.0446227
0 -0.0179088 -0.0315542 -0.0443141
0 -0.0177984 -0.0313169 -0.0439891
0 -0.017684 -0.03107 -0.0436501
0 -0.0175664 -0.0308153 -0.0432995
0 -0.0174463 -0.0305544 -0.0429395
0 -0.0173243 -0.0302894 -0.0425728
0 -0.0172013 -0.0300219 -0.0422021
0 -0.0170781 -0.0297538 -0.04183
0 -0.0169557 -0.0294869 -0.0414587
0 -0.0168348 -0.029223 -0.0410911
0 -0.016716 -0.0289638 -0.0407297
0 -0.0166003 -0.028711 -0.0403769
0 -0.0164887 -0.0284659 -0.0400345
0 -0.0163816 -0.0282301 -0.039705
0 -0.0162792 -0.0280055 -0.0393909
0 -0.0161822 -0.027793 -0.0390937
0 -0.0160918 -0.0275937 -0.0388152
0 -0.0160084 -0.027409 -0.0385572
0 -0.0159317 -0.0272401 -0.0383216
0 -0.0158619 -0.0270875 -0.0381096
0 -0.0158001 -0.0269522 -0.037922
0 -0.0157466 -0.0268348 -0.0377601
0 -0.0157014 -0.0267361 -0.0376247
0 -0.0156647 -0.0266564 -0.0375161
0 -0.0156368 -0.0265962 -0.0374346
0 -0.0156179 -0.0265556 -0.0373803
0 -0.015608 -0.0265346 -0.0373531
0 -0.015607 -0.0265334 -0.0373526
0 -0.0156147 -0.0265517 -0.0373784
0 -0.0156311 -0.0265889 -0.03743
0 -0.015656 -0.0266445 -0.0375067
0 -0.0156893 -0.0267177 -0.0376076
0 -0.0157304 -0.0268078 -0.0377317
0 -0.0157789 -0.0269139 -0.0378778
0 -0.0158343 -0.0270348 -0.0380447
0 -0.0158961 -0.0271696 -0.0382309
0 -0.0159638 -0.0273171 -0.0384348
0 -0.0160367 -0.0274759 -0.0386549
0 -0.0161141 -0.027645 -0.0388895
0 -0.0161956 -0.0278228 -0.0391366
0 -0.0162806 -0.0280081 -0.0393944
0 -0.0163684 -0.0281995 -0.039661
0 -0.016458 -0.0283955 -0.0399343
0 -0.0165488 -0.0285946 -0.0402124
0 -0.0166403 -0.0287957 -0.0404934
0 -0.0167319 -0.0289971 -0.0407749
0 -0.0168229 -0.0291973 -0.0410549
0 -0.0169126 -0.0293947 -0.0413316
0 -0.0170007 -0.0295884 -0.041603
0 -0.0170862 -0.029777 -0.041867
0 -0.0171688 -0.0299591 -0.0421215
0 -0.0172482 -0.0301335 -0.0423648
0 -0.0173238 -0.0302989 -0.0425952
0 -0.0173949 -0.0304545 -0.0428111
0 -0.0174611 -0.0305993 -0.0430111
0 -0.0175222 -0.0307323 -0.043194
0 -0.017578 -0.0308525 -0.0433586
0 -0.0176279 -0.0309592 -0.0435042
0 -0.0176715 -0.0310518 -0.0436301
0 -0.0177085 -0.0311299 -0.0437357
0 -0.0177388 -0.0311928 -0.0438206
0 -0.0177619 -0.0312404 -0.0438846
0 -0.0177776 -0.0312727 -0.0439275
0 -0.0177856 -0.0312895 -0.0439493
0 -0.0177862 -0.0312908 -0.0439503
0 -0.0177795 -0.0312767 -0.0439308
0 -0.0177655 -0.0312475 -0.0438911
0 -0.0177445 -0.0312035 -0.0438318
0 -0.0177169 -0.0311453 -0.0437535
0 -0.0176829 -0.0310735 -0.0436569
0 -0.0176432 -0.0309889 -0.0435427
0 -0.0175982 -0.0308926 -0.0434121
