0 -0.00610924 -0.00726195 -0.00733601
0 -0.0060791 -0.00721111 -0.00727252
0 -0.0060334 -0.00712899 -0.00717231
0 -0.00598319 -0.00702537 -0.00704318
0 -0.00593068 -0.00690604 -0.0068862
0 -0.00587556 -0.00677655 -0.00670343
0 -0.00582049 -0.00664381 -0.0065037
0 -0.0057627 -0.00650588 -0.00629259
0 -0.00569662 -0.00635597 -0.00607288
0 -0.00562758 -0.00619965 -0.00585652
0 -0.00556477 -0.00605062 -0.00565685
0 -0.00550117 -0.00590909 -0.00546945
0 -0.00542543 -0.00576607 -0.0052827
0 -0.00535227 -0.00563075 -0.00510715
0 -0.00531294 -0.00553116 -0.00497152
0 -0.00531971 -0.00548903 -0.00489398
0 -0.00536008 -0.00551028 -0.0048779
0 -0.00541797 -0.00559185 -0.00492809
0 -0.00547806 -0.00571547 -0.00504665
0 -0.005514 -0.00583669 -0.00521196
0 -0.00551514 -0.00592217 -0.0053985
0 -0.00550822 -0.00598605 -0.00560113
0 -0.00550338 -0.00604081 -0.00579058
0 -0.00547566 -0.00606426 -0.005903
0 -0.005425 -0.00604212 -0.00590574
0 -0.00538231 -0.0059796 -0.00581068
0 -0.00537216 -0.00589041 -0.00564502
0 -0.00541294 -0.00581605 -0.00545714
0 -0.00550881 -0.00581095 -0.00530774
0 -0.00562791 -0.00589185 -0.00523731
0 -0.00572644 -0.00603021 -0.00526848
0 -0.0057918 -0.00619112 -0.00542707
0 -0.00585005 -0.00637277 -0.00574113
0 -0.00592123 -0.00659318 -0.00620082
0 -0.00598005 -0.00684308 -0.00672713
0 -0.00600883 -0.007101 -0.00723196
0 -0.00603665 -0.00735246 -0.00766926
0 -0.00608095 -0.00755617 -0.00799593
0 -0.00614562 -0.00768436 -0.00818495
0 -0.00626627 -0.00779102 -0.00827818
0 -0.00644171 -0.00793179 -0.00832237
0 -0.0065699 -0.00805437 -0.00829125
0 -0.00653615 -0.00803285 -0.00813346
0 -0.00632796 -0.00778227 -0.00784705
0 -0.00604035 -0.00733752 -0.00747853
0 -0.00577554 -0.00682023 -0.00705708
0 -0.00557353 -0.00634981 -0.00656666
0 -0.00546883 -0.00603003 -0.00603355
0 -0.00554573 -0.00596792 -0.00560474
0 -0.00585894 -0.00622057 -0.00546787
0 -0.00634672 -0.00676237 -0.00574034
0 -0.00684953 -0.00750225 -0.00644206
0 -0.0071631 -0.00826039 -0.00746713
0 -0.00716062 -0.00883269 -0.00863236
0 -0.00691887 -0.00914345 -0.00978892
0 -0.00664736 -0.00926892 -0.0108059
0 -0.00650906 -0.00933725 -0.011521
0 -0.00654908 -0.00943403 -0.0117902
0 -0.00673866 -0.00956661 -0.0115724
0 -0.00704227 -0.00969908 -0.011001
0 -0.00743148 -0.0098096 -0.0103458
0 -0.00781619 -0.0098859 -0.0098487
0 -0.00802396 -0.00989915 -0.00961166
0 -0.00791966 -0.00981737 -0.00961706
0 -0.00751164 -0.00960393 -0.0097879
0 -0.00691515 -0.0092082 -0.00998329
0 -0.00626045 -0.00859974 -0.00998324
0 -0.00566094 -0.00781037 -0.0095709
0 -0.00525599 -0.00697924 -0.00867811
0 -0.00519196 -0.00634009 -0.00744895
0 -0.00549289 -0.0060648 -0.00614774
0 -0.00601393 -0.00613973 -0.00505038
0 -0.0065048 -0.00639297 -0.00436391
0 -0.00671341 -0.00657939 -0.00416519
0 -0.0065114 -0.00651231 -0.00442543
0 -0.00594419 -0.00617571 -0.00499968
0 -0.00517584 -0.00566998 -0.00562697
0 -0.00440038 -0.00508041 -0.0060027
0 -0.0038001 -0.00445284 -0.00584312
0 -0.0035249 -0.00384098 -0.00503637
0 -0.00362129 -0.00332186 -0.00369969
0 -0.00398779 -0.0029651 -0.00206698
0 -0.00441747 -0.00274316 -0.000448558
0 -0.00469205 -0.00253724 0.000872169
0 -0.00469582 -0.00226608 0.00168773
0 -0.00442463 -0.00190907 0.0018623
0 -0.00392226 -0.00149313 0.00149991
0 -0.00331319 -0.00111523 0.000860401
0 -0.00280165 -0.000897012 0.000156246
0 -0.00256568 -0.000911636 -0.000416506
0 -0.00270993 -0.00119538 -0.000743419
0 -0.00327918 -0.00181288 -0.000934418
0 -0.00422769 -0.00282796 -0.00124543
0 -0.00535615 -0.00419493 -0.00190846
0 -0.00635859 -0.00570902 -0.00305529
0 -0.00698259 -0.00707637 -0.00469299
0 -0.00712898 -0.00807367 -0.00669999
0 -0.00684757 -0.00864412 -0.0088084
0 -0.00631057 -0.00885075 -0.0106366
0 -0.00578854 -0.00882949 -0.0118305
0 -0.0056083 -0.00881138 -0.0122584
0 -0.00602003 -0.00906213 -0.0120775
0 -0.00701372 -0.00972735 -0.0115863
0 -0.00833803 -0.0107914 -0.0111777
0 -0.00965156 -0.012122 -0.0113058
0 -0.0105797 -0.0134442 -0.0122134
0 -0.0108256 -0.0144113 -0.0138219
0 -0.0103563 -0.0148423 -0.015875
0 -0.00941491 -0.014786 -0.0179347
0 -0.00835139 -0.0143766 -0.0194119
0 -0.00750798 -0.0137642 -0.0198489
0 -0.00718953 -0.0131249 -0.0191007
0 -0.00748412 -0.0125911 -0.0173028
0 -0.0080754 -0.0120881 -0.0147286
0 -0.00843513 -0.0112976 -0.0116804
0 -0.00818568 -0.00989165 -0.00853023
0 -0.0072082 -0.00776103 -0.00557346
0 -0.00560967 -0.00502135 -0.00285295
0 -0.00370817 -0.00200067 -0.000312892
0 -0.00196688 0.000784598 0.00205644
0 -0.000822436 0.00287958 0.00424064
0 -0.000448245 0.00412269 0.00625063
0 -0.000718698 0.00455164 0.00802136
0 -0.00143295 0.00424064 0.00924919
0 -0.00234272 0.00338482 0.00959318
0 -0.00298355 0.00243249 0.00904541
0 -0.00290886 0.00189903 0.00789855
0 -0.00213759 0.00200318 0.00647103
0 -0.0011298 0.00251229 0.00501632
0 -0.000420606 0.00294917 0.00375731
0 -0.000391531 0.00286821 0.00286818
0 -0.00115242 0.00197794 0.00239348
0 -0.00254984 0.000270728 0.00208305
0 -0.00427834 -0.00194316 0.0014826
0 -0.00594658 -0.00421429 0.000238823
0 -0.00723663 -0.00623586 -0.00191517
0 -0.00802298 -0.00803393 -0.00509428
0 -0.00836573 -0.00986169 -0.00909046
0 -0.00850919 -0.011925 -0.0135478
0 -0.0088026 -0.0142354 -0.0180404
0 -0.00951006 -0.0166802 -0.0221331
0 -0.010673 -0.0191382 -0.0255786
0 -0.0120852 -0.0214495 -0.0281876
0 -0.0133658 -0.0233666 -0.0298268
0 -0.0141625 -0.0245976 -0.0305712
0 -0.0143154 -0.0248766 -0.030536
0 -0.0138647 -0.024125 -0.029831
0 -0.0130261 -0.0226239 -0.0286048
0 -0.0121269 -0.0208936 -0.0269524
0 -0.0113793 -0.0193139 -0.0249155
0 -0.0107297 -0.017862 -0.0224725
0 -0.0100186 -0.0162262 -0.0195949
0 -0.00916389 -0.0141521 -0.0163941
0 -0.0081304 -0.0116281 -0.0130126
0 -0.00687036 -0.00879118 -0.00946349
0 -0.00536747 -0.00578427 -0.00570331
0 -0.00369963 -0.00268873 -0.00174101
0 -0.002041 0.000480203 0.00236302
0 -0.000557456 0.00370716 0.00655622
0 0.000669145 0.0068559 0.0107695
0 0.0015521 0.00958509 0.0147784
0 0.00196233 0.0114743 0.018191
0 0.00188077 0.0123092 0.0206238
0 0.00149968 0.0122254 0.0218449
0 0.00108361 0.0115682 0.0217723
0 0.000810545 0.0106804 0.0204711
0 0.000767395 0.00978819 0.0182048
0 0.00092863 0.00893661 0.0154063
0 0.00110264 0.00800319 0.0125294
0 0.000972202 0.00677695 0.00987005
0 0.000283332 0.00510592 0.00753463
0 -0.00096395 0.0030183 0.00552073
0 -0.00256796 0.000649182 0.00369605
0 -0.00429478 -0.00187061 0.0017664
0 -0.00592007 -0.00440224 -0.000565151
0 -0.00717934 -0.00674342 -0.00339533
0 -0.00788495 -0.00873588 -0.00662811
0 -0.00815438 -0.0104336 -0.0101148
0 -0.00832849 -0.0120226 -0.0136567
0 -0.00867641 -0.0136566 -0.0169347
0 -0.00929006 -0.0153728 -0.0196401
0 -0.0101433 -0.0170651 -0.0216124
0 -0.0111151 -0.0185552 -0.0228339
0 -0.011988 -0.0196529 -0.0234123
0 -0.01253 -0.0201889 -0.0234925
0 -0.0125601 -0.0200457 -0.0231322
0 -0.0119873 -0.0191783 -0.0223122
0 -0.010915 -0.0176496 -0.0209815
0 -0.00960601 -0.0156204 -0.0190654
0 -0.00832608 -0.0133163 -0.0165266
0 -0.0072863 -0.0109909 -0.0134321
0 -0.00664817 -0.00891129 -0.0100289
0 -0.00649537 -0.00734156 -0.00675614
0 -0.00672582 -0.00641721 -0.00409571
0 -0.00701272 -0.0060282 -0.00232519
0 -0.00703017 -0.00586761 -0.00150074
0 -0.00669316 -0.00568455 -0.0016485
0 -0.00613135 -0.00549003 -0.00265103
0 -0.00549356 -0.00538053 -0.00410156
0 -0.00480347 -0.00527092 -0.0054201
0 -0.00405556 -0.00494569 -0.00598627
0 -0.0033955 -0.00426275 -0.00544116
0 -0.00306569 -0.0032678 -0.00388809
0 -0.00315441 -0.00216876 -0.00160407
0 -0.00348868 -0.00117904 0.00108358
0 -0.00377047 -0.000387881 0.00375349
0 -0.00380129 0.000267837 0.00600643
0 -0.00362873 0.000865495 0.00741151
0 -0.003448 0.00124926 0.00759226
0 -0.00344703 0.00107597 0.00646409
0 -0.00371621 7.91179e-05 0.00420025
0 -0.00416756 -0.00171094 0.00119756
0 -0.00462094 -0.00385526 -0.00198878
0 -0.00498872 -0.0057431 -0.00491004
0 -0.00529313 -0.00700641 -0.00728081
0 -0.00552778 -0.00761042 -0.00883624
0 -0.00559344 -0.00764549 -0.00931915
0 -0.00537095 -0.00715448 -0.00856049
0 -0.00484131 -0.00609111 -0.00659693
0 -0.00419084 -0.00447058 -0.0037726
0 -0.00376207 -0.00260781 -0.000689535
0 -0.00387628 -0.00117881 0.00193735
0 -0.00459346 -0.000869774 0.00349675
0 -0.00559563 -0.00185247 0.00365658
0 -0.00654569 -0.00379374 0.00224867
0 -0.00742252 -0.0062508 -0.000875791
0 -0.00831948 -0.00892462 -0.00562824
0 -0.0091308 -0.011708 -0.0114108
0 -0.0096292 -0.014495 -0.0172783
0 -0.00979625 -0.0170158 -0.0223181
0 -0.00986017 -0.0189587 -0.0259528
0 -0.0100328 -0.0200449 -0.0279254
0 -0.01029 -0.0200556 -0.0280055
0 -0.0103683 -0.0190199 -0.0260845
0 -0.0100208 -0.0171714 -0.0224232
0 -0.00920783 -0.0146331 -0.0175445
0 -0.00799965 -0.0113954 -0.0120635
0 -0.00651614 -0.00760406 -0.00654547
0 -0.00493416 -0.00365364 -0.00134594
0 -0.00338514 -2.05909e-06 0.00334119
0 -0.00196669 0.00301494 0.00733445
0 -0.000850524 0.00524965 0.0105031
0 -0.000168458 0.00674613 0.0127956
0 0.000156217 0.00766821 0.0142392
0 0.000325735 0.00819187 0.0149826
0 0.000520796 0.0084863 0.0152299
0 0.000856492 0.0087168 0.0151832
0 0.00132457 0.00900661 0.0150328
0 0.00178989 0.00940423 0.0149324
0 0.00207839 0.00981263 0.0149642
0 0.00201486 0.00995345 0.01506
0 0.00149498 0.00953685 0.0150227
0 0.000603478 0.00847171 0.0146397
0 -0.000431184 0.006897 0.0137122
0 -0.00143235 0.00504571 0.0120416
0 -0.00239 0.00302364 0.00944367
0 -0.00338389 0.000734275 0.00583655
0 -0.00444186 -0.00195278 0.00138039
0 -0.00554353 -0.00505603 -0.0035769
0 -0.00673522 -0.00847233 -0.00873071
0 -0.00812833 -0.0120383 -0.0138681
0 -0.00978669 -0.0156369 -0.0188433
0 -0.0116185 -0.0191825 -0.0235511
0 -0.0133573 -0.0225089 -0.0278005
0 -0.0147379 -0.0253956 -0.0314329
0 -0.0156615 -0.0276503 -0.034431
0 -0.0161353 -0.0291095 -0.0367447
0 -0.016171 -0.0296771 -0.0382337
0 -0.0157951 -0.0294019 -0.038724
0 -0.0150999 -0.0284285 -0.038051
0 -0.0142433 -0.0268859 -0.0361572
0 -0.0133998 -0.0248993 -0.0331752
0 -0.0127087 -0.0226529 -0.0294282
0 -0.0122004 -0.020362 -0.0253486
0 -0.0117597 -0.0181854 -0.02135
0 -0.0112054 -0.0161767 -0.017755
0 -0.0103675 -0.0142594 -0.0147492
0 -0.00913292 -0.0122256 -0.012288
0 -0.00749689 -0.00984436 -0.0100953
0 -0.00556075 -0.00703141 -0.00780018
0 -0.00352536 -0.00387124 -0.00504747
0 -0.00164601 -0.000519476 -0.00155946
0 -9.28907e-05 0.0028599 0.00277711
0 0.00111434 0.00615322 0.00786073
0 0.00202614 0.00928487 0.013378
0 0.00269309 0.0121567 0.0188259
0 0.00318097 0.0146457 0.0236282
0 0.00355421 0.0165868 0.0272846
0 0.00383014 0.0177938 0.0294426
0 0.00397782 0.0181259 0.0299096
0 0.00392984 0.0175278 0.0286565
0 0.0035828 0.016017 0.0258355
0 0.00284825 0.0136498 0.0217579
0 0.00174287 0.0105569 0.0168347
0 0.000366885 0.00695826 0.0114998
0 -0.00115381 0.00312744 0.00613306
0 -0.00266442 -0.000606858 0.00104739
0 -0.00404708 -0.00392604 -0.00352112
0 -0.00525806 -0.00665907 -0.00744076
0 -0.00626224 -0.00879937 -0.0106253
0 -0.0070542 -0.0104315 -0.0130173
0 -0.00768598 -0.011683 -0.0146473
0 -0.00819246 -0.0126269 -0.0156026
0 -0.00855089 -0.0132049 -0.0159749
0 -0.00872759 -0.0133335 -0.0158598
0 -0.00870919 -0.0130343 -0.0153577
0 -0.00850102 -0.0124261 -0.0145711
0 -0.00814448 -0.0116521 -0.0135833
0 -0.0077135 -0.0108183 -0.0124634
0 -0.00734118 -0.0100399 -0.0113557
0 -0.00721134 -0.00950284 -0.0104846
0 -0.0073559 -0.00933 -0.00998036
0 -0.00749195 -0.00935677 -0.00971331
0 -0.00723097 -0.00916259 -0.00937461
0 -0.00639712 -0.00832649 -0.00867826
0 -0.00501032 -0.00655888 -0.00733449
0 -0.00317146 -0.00373831 -0.00496267
0 -0.00108556 3.48537e-05 -0.00120533
0 0.00101847 0.00445189 0.00408545
0 0.00298297 0.00915401 0.0107716
0 0.00471239 0.0139371 0.0184735
0 0.00625709 0.0187647 0.0267147
0 0.00781581 0.023654 0.0350316
0 0.00957134 0.0286086 0.0429936
0 0.0116256 0.0335829 0.0503358
0 0.0140017 0.0384988 0.056973
0 0.0166509 0.0433148 0.0629125
0 0.0194626 0.048013 0.068266
0 0.0221626 0.0524106 0.0730663
0 0.0242598 0.0560593 0.0770926
0 0.0252323 0.0583927 0.0800258
0 0.0247182 0.0588298 0.0815341
0 0.0227645 0.056851 0.0811238
0 0.0197076 0.052229 0.0780999
0 0.0156905 0.0451537 0.0717479
0 0.0109897 0.0361189 0.0615866
0 0.00610678 0.0256783 0.0475799
0 0.00123888 0.0141915 0.0302721
0 -0.0035721 0.00177505 0.0106313
0 -0.00835547 -0.0114577 -0.0103851
0 -0.0134253 -0.0251635 -0.0319126
0 -0.019173 -0.0390244 -0.0532546
0 -0.0257511 -0.0530562 -0.0742187
0 -0.0330755 -0.0674476 -0.0948715
0 -0.0410779 -0.0823317 -0.115244
0 -0.0499621 -0.097693 -0.135423
0 -0.0594709 -0.11343 -0.155607
0 -0.0685923 -0.129317 -0.176033
0 -0.0768115 -0.144785 -0.196749
0 -0.0840675 -0.159271 -0.2175
0 -0.090041 -0.172441 -0.237955
0 -0.0942656 -0.183819 -0.257744
0 -0.096548 -0.192871 -0.276008
0 -0.0971765 -0.199279 -0.291662
0 -0.0965167 -0.203068 -0.304037
0 -0.0950992 -0.204598 -0.312509
0 -0.0935166 -0.204167 -0.316263
0 -0.0918565 -0.201856 -0.314748
0 -0.0901741 -0.197884 -0.308191
0 -0.0887505 -0.192442 -0.29756
0 -0.0874473 -0.185501 -0.284215
0 -0.0858332 -0.177456 -0.269669
0 -0.0838253 -0.169299 -0.255342
0 -0.0817612 -0.162099 -0.242696
0 -0.0800051 -0.156564 -0.232833
0 -0.078419 -0.152576 -0.225924
0 -0.0765088 -0.149349 -0.221538
0 -0.0743244 -0.146383 -0.219267
0 -0.0724889 -0.144015 -0.218902
0 -0.0711304 -0.142596 -0.219741
0 -0.069643 -0.141531 -0.220214
0 -0.0677155 -0.139978 -0.219122
0 -0.0659776 -0.137881 -0.216587
0 -0.0653103 -0.135695 -0.213333
0 -0.0658444 -0.133901 -0.209855
0 -0.0669096 -0.132891 -0.206402
0 -0.0675334 -0.132485 -0.203079
0 -0.0669987 -0.131783 -0.199935
0 -0.0653772 -0.129914 -0.197171
0 -0.0632956 -0.126684 -0.194955
0 -0.0611873 -0.122679 -0.193036
0 -0.0591501 -0.11893 -0.190835
0 -0.0572436 -0.116051 -0.187803
0 -0.0556795 -0.113855 -0.183762
0 -0.0547918 -0.111866 -0.179147
0 -0.0547023 -0.109759 -0.174624
0 -0.0551893 -0.107649 -0.170618
0 -0.0559724 -0.106249 -0.167507
0 -0.056896 -0.106416 -0.165873
0 -0.0579501 -0.108377 -0.166301
0 -0.0590039 -0.111334 -0.168927
0 -0.0595343 -0.113905 -0.173116
0 -0.0590254 -0.115106 -0.177654
0 -0.0574372 -0.114714 -0.181259
0 -0.0552836 -0.113113 -0.182978
0 -0.0534975 -0.111147 -0.182456
0 -0.052926 -0.10958 -0.179923
0 -0.0537133 -0.108621 -0.175862
0 -0.0553289 -0.108179 -0.170978
0 -0.0569961 -0.107982 -0.166092
0 -0.0578598 -0.107427 -0.161715
0 -0.0573904 -0.106003 -0.158154
0 -0.0558448 -0.103751 -0.155871
0 -0.0539106 -0.10111 -0.155008
0 -0.0521483 -0.0988219 -0.155199
0 -0.0510957 -0.0978659 -0.156136
0 -0.0513581 -0.0989062 -0.157682
0 -0.0532553 -0.102144 -0.160151
0 -0.0567874 -0.107581 -0.164381
0 -0.0616194 -0.114935 -0.171032
0 -0.0667742 -0.123614 -0.180326
0 -0.0713065 -0.133051 -0.192235
0 -0.0751005 -0.14296 -0.206611
0 -0.0784813 -0.153259 -0.223108
0 -0.081817 -0.163801 -0.240959
0 -0.0853527 -0.174279 -0.258906
0 -0.088974 -0.184444 -0.275714
0 -0.0924718 -0.194028 -0.290767
0 -0.0958484 -0.202494 -0.303899
0 -0.0990553 -0.20947 -0.314752
0 -0.102097 -0.215166 -0.323011
0 -0.105077 -0.219948 -0.328919
0 -0.107795 -0.223776 -0.332672
0 -0.10998 -0.22642 -0.334426
0 -0.111367 -0.227651 -0.334513
0 -0.111429 -0.226934 -0.332894
0 -0.109716 -0.223803 -0.329286
0 -0.106185 -0.218169 -0.323342
0 -0.10125 -0.210007 -0.314595
0 -0.095698 -0.199658 -0.302819
0 -0.0903039 -0.188005 -0.288211
0 -0.0855802 -0.175987 -0.271345
0 -0.0816702 -0.164469 -0.253183
0 -0.078459 -0.154086 -0.23492
0 -0.0758655 -0.144983 -0.217659
0 -0.0737788 -0.137109 -0.202258
0 -0.0718957 -0.1305 -0.189435
0 -0.0699605 -0.125118 -0.179711
0 -0.0679905 -0.12078 -0.173207
0 -0.0660492 -0.117385 -0.169686
0 -0.0640603 -0.114963 -0.168697
0 -0.0619917 -0.113421 -0.169534
0 -0.0600225 -0.112547 -0.171232
0 -0.0585013 -0.112191 -0.172924
0 -0.0577722 -0.112196 -0.17407
0 -0.0580094 -0.112523 -0.174478
0 -0.059226 -0.113401 -0.174377
0 -0.061206 -0.115046 -0.174251
0 -0.0634824 -0.117475 -0.174708
0 -0.0656579 -0.120603 -0.176452
0 -0.0676018 -0.124251 -0.180062
0 -0.069332 -0.128246 -0.185797
0 -0.0709428 -0.132702 -0.193523
0 -0.0725689 -0.137849 -0.202694
0 -0.0742626 -0.143611 -0.212501
0 -0.0759891 -0.149565 -0.222094
0 -0.0777248 -0.15515 -0.230707
0 -0.0793956 -0.159798 -0.237756
0 -0.0807722 -0.163079 -0.242807
0 -0.0815943 -0.164804 -0.245531
0 -0.0817446 -0.165006 -0.245814
0 -0.0812619 -0.163825 -0.243821
0 -0.0803324 -0.16141 -0.239926
0 -0.0791926 -0.158009 -0.23464
0 -0.0779643 -0.154045 -0.228535
0 -0.0766693 -0.149939 -0.222113
0 -0.0753148 -0.146004 -0.215836
0 -0.0739516 -0.142448 -0.210145
0 -0.0726874 -0.139375 -0.205364
0 -0.0716373 -0.136866 -0.201736
0 -0.0709144 -0.135082 -0.199442
0 -0.0705871 -0.134232 -0.198518
0 -0.0705702 -0.134342 -0.198835
0 -0.0706192 -0.135083 -0.20004
0 -0.0705332 -0.135956 -0.201672
0 -0.0703141 -0.136586 -0.203369
0 -0.0700087 -0.13678 -0.204756
0 -0.0695021 -0.136383 -0.205305
0 -0.0686321 -0.135215 -0.204483
0 -0.067452 -0.133228 -0.202055
0 -0.0661967 -0.130544 -0.19819
0 -0.0650481 -0.127336 -0.193237
0 -0.0639457 -0.123715 -0.187492
0 -0.0625853 -0.119678 -0.181123
0 -0.0607144 -0.115196 -0.174315
0 -0.0583522 -0.110306 -0.167339
0 -0.0556879 -0.105092 -0.160455
0 -0.0529698 -0.099769 -0.153864
0 -0.0505013 -0.0947725 -0.147741
0 -0.0485901 -0.090634 -0.142312
0 -0.0474972 -0.0878088 -0.137875
0 -0.0474147 -0.0865894 -0.134788
0 -0.0483601 -0.0870703 -0.133442
0 -0.0501248 -0.0891959 -0.134227
0 -0.0524456 -0.0928977 -0.137517
0 -0.0550938 -0.0980259 -0.143568
0 -0.0578218 -0.10427 -0.152271
0 -0.0604299 -0.11131 -0.163085
0 -0.0628859 -0.118777 -0.175191
0 -0.0653071 -0.126344 -0.187724
0 -0.0678623 -0.133882 -0.200003
0 -0.0707068 -0.141278 -0.211496
0 -0.0738496 -0.148409 -0.22176
0 -0.0770974 -0.155184 -0.230614
0 -0.0802027 -0.161383 -0.238093
0 -0.0830085 -0.166658 -0.244245
0 -0.0852806 -0.170698 -0.249151
0 -0.0866121 -0.173304 -0.252841
0 -0.0867926 -0.174335 -0.255129
0 -0.0858647 -0.173704 -0.255744
0 -0.0840517 -0.171449 -0.254439
0 -0.0817939 -0.167779 -0.250978
0 -0.0794534 -0.163001 -0.245239
0 -0.0771864 -0.157394 -0.237293
0 -0.0749525 -0.151159 -0.227438
0 -0.0725504 -0.144332 -0.216203
0 -0.069812 -0.136868 -0.204219
0 -0.0666286 -0.128844 -0.192053
0 -0.0629989 -0.120443 -0.180118
0 -0.0591053 -0.111967 -0.168709
0 -0.0551692 -0.103843 -0.158041
0 -0.0513739 -0.0963842 -0.148183
0 -0.0478897 -0.0896514 -0.139089
0 -0.0448261 -0.0835907 -0.130706
0 -0.0422085 -0.0781872 -0.123026
0 -0.0400284 -0.0734647 -0.116059
0 -0.0382892 -0.0694337 -0.109837
0 -0.0369817 -0.0660985 -0.104428
0 -0.0360247 -0.0634558 -0.0998818
0 -0.035277 -0.0614371 -0.0962064
0 -0.0346209 -0.0598846 -0.0933852
0 -0.034 -0.0586275 -0.0913828
0 -0.0333894 -0.057582 -0.0901534
0 -0.0327825 -0.0567632 -0.0896314
0 -0.0322228 -0.0562411 -0.0896908
0 -0.0318136 -0.0560975 -0.0901748
0 -0.0316811 -0.0564017 -0.0909755
0 -0.0320137 -0.0572683 -0.0921419
0 -0.0330444 -0.0589133 -0.0939292
0 -0.0348605 -0.0616051 -0.09668
0 -0.0373397 -0.0655635 -0.100752
0 -0.0402924 -0.0708752 -0.106529
0 -0.043619 -0.0775136 -0.11437
0 -0.0473746 -0.0854115 -0.124512
0 -0.0516178 -0.0944804 -0.136953
0 -0.0562076 -0.10462 -0.151369
0 -0.0609177 -0.115613 -0.167171
0 -0.0656234 -0.127033 -0.183705
0 -0.0702592 -0.138425 -0.200387
0 -0.0748779 -0.149454 -0.21676
0 -0.079646 -0.15989 -0.232519
0 -0.0844173 -0.169647 -0.247397
0 -0.0887906 -0.178786 -0.261139
0 -0.0926024 -0.187226 -0.273593
0 -0.0958519 -0.194618 -0.284619
0 -0.0984974 -0.200727 -0.294065
0 -0.100408 -0.205437 -0.301714
0 -0.10155 -0.208597 -0.307311
0 -0.102025 -0.210202 -0.310718
0 -0.10172 -0.210281 -0.311705
0 -0.100683 -0.208791 -0.31011
0 -0.0991817 -0.205731 -0.305998
0 -0.0971867 -0.201122 -0.29947
0 -0.0947295 -0.195043 -0.290787
0 -0.0918347 -0.187698 -0.280246
0 -0.0883068 -0.179297 -0.268133
0 -0.0841976 -0.169955 -0.254831
0 -0.0797374 -0.15984 -0.240703
0 -0.0750783 -0.149306 -0.226149
0 -0.0704316 -0.138797 -0.211564
0 -0.0660596 -0.128754 -0.197254
0 -0.0621732 -0.119596 -0.183578
0 -0.0589792 -0.111702 -0.171007
0 -0.0566672 -0.105328 -0.160063
0 -0.0552805 -0.100564 -0.15116
0 -0.0546381 -0.0973757 -0.144509
0 -0.0544353 -0.0956349 -0.140195
0 -0.0543715 -0.0950489 -0.138195
0 -0.054227 -0.0952006 -0.13837
0 -0.0540403 -0.0958723 -0.140504
0 -0.0540578 -0.0971929 -0.144251
0 -0.0545062 -0.0993909 -0.149125
0 -0.0556108 -0.102702 -0.154693
0 -0.0575695 -0.107253 -0.16074
0 -0.0604417 -0.112957 -0.167321
0 -0.0641596 -0.119653 -0.174684
0 -0.0684777 -0.127193 -0.183148
0 -0.0729037 -0.13538 -0.192944
0 -0.0768284 -0.143822 -0.20397
0 -0.079847 -0.151957 -0.215858
0 -0.0819622 -0.159289 -0.22808
0 -0.0834202 -0.165481 -0.239915
0 -0.0843577 -0.17037 -0.250578
0 -0.0847779 -0.174005 -0.259322
0 -0.0848549 -0.176474 -0.265526
0 -0.0847908 -0.177686 -0.268831
0 -0.0845938 -0.177533 -0.268974
0 -0.0842898 -0.176073 -0.265942
0 -0.0838691 -0.173409 -0.260329
0 -0.0831128 -0.169575 -0.252897
0 -0.0817765 -0.164645 -0.244375
0 -0.0797247 -0.158859 -0.235461
0 -0.0769161 -0.152477 -0.226528
0 -0.0734924 -0.145617 -0.217712
0 -0.0697768 -0.138433 -0.209
0 -0.066024 -0.131158 -0.200221
0 -0.0623245 -0.123891 -0.191166
0 -0.0587664 -0.116664 -0.18168
0 -0.0554298 -0.109528 -0.171664
0 -0.0522674 -0.102426 -0.161108
0 -0.0491532 -0.0952133 -0.1501
0 -0.0459841 -0.0878038 -0.138732
0 -0.0426834 -0.0801805 -0.127074
0 -0.0391792 -0.072354 -0.115238
0 -0.0354677 -0.0644042 -0.103384
0 -0.0316836 -0.0565094 -0.0917221
0 -0.0280383 -0.0488953 -0.0805008
0 -0.0247123 -0.0417967 -0.0699439
0 -0.0218196 -0.0354408 -0.060218
0 -0.0194281 -0.0299937 -0.0514734
0 -0.0175875 -0.0255348 -0.0438817
0 -0.0163465 -0.022117 -0.0376406
0 -0.0157581 -0.0198326 -0.0329747
0 -0.0158636 -0.0188246 -0.0301301
0 -0.0166368 -0.0192535 -0.0293592
0 -0.0179378 -0.0212076 -0.0309084
0 -0.0196546 -0.0246538 -0.0349507
0 -0.0218437 -0.0295578 -0.041591
0 -0.0245919 -0.0359739 -0.0508331
0 -0.0279261 -0.0439161 -0.0624068
0 -0.0318822 -0.0532864 -0.0758603
0 -0.0364771 -0.0639326 -0.0907627
0 -0.0416838 -0.0756098 -0.106801
0 -0.0474619 -0.0880239 -0.123793
0 -0.0536966 -0.100997 -0.141563
0 -0.0601446 -0.114346 -0.159871
0 -0.0665819 -0.127722 -0.178473
0 -0.0730375 -0.140804 -0.197156
0 -0.0793473 -0.15342 -0.215715
0 -0.0850156 -0.165451 -0.233964
0 -0.089862 -0.176734 -0.251734
0 -0.0939578 -0.187046 -0.26884
0 -0.097475 -0.196295 -0.285026
0 -0.100451 -0.204545 -0.299801
0 -0.102836 -0.211684 -0.312622
0 -0.104899 -0.217614 -0.3232
0 -0.106668 -0.222362 -0.331385
0 -0.108052 -0.225784 -0.337063
0 -0.109245 -0.227896 -0.340183
0 -0.110154 -0.228849 -0.340867
0 -0.110554 -0.228588 -0.339336
0 -0.110353 -0.227022 -0.335902
0 -0.109285 -0.223982 -0.330944
0 -0.107133 -0.219307 -0.324642
0 -0.103955 -0.213076 -0.317034
0 -0.0999773 -0.20547 -0.307989
0 -0.0954855 -0.196686 -0.297279
0 -0.0907351 -0.186902 -0.284786
0 -0.0858956 -0.176256 -0.270467
0 -0.0809215 -0.16491 -0.254434
0 -0.0756925 -0.15296 -0.23698
0 -0.07024 -0.140456 -0.218431
0 -0.0646029 -0.127529 -0.199088
0 -0.0587125 -0.114317 -0.179274
0 -0.0525409 -0.100905 -0.159271
0 -0.0461947 -0.0874185 -0.139273
0 -0.0398359 -0.0740713 -0.11948
0 -0.0335965 -0.0611019 -0.100126
0 -0.0275962 -0.0487025 -0.0814611
0 -0.0219822 -0.037016 -0.0637079
0 -0.0168988 -0.0261759 -0.0470367
0 -0.0124303 -0.016337 -0.0316166
0 -0.00861025 -0.00766261 -0.0176537
0 -0.00548721 -0.000298312 -0.00538223
0 -0.00313241 0.00563142 0.004962
0 -0.00157579 0.0100201 0.0131523
0 -0.000794198 0.0128112 0.0189791
0 -0.000759918 0.0140198 0.0222772
0 -0.00135682 0.0136807 0.0229446
0 -0.00236634 0.0118593 0.0209611
0 -0.0036887 0.008668 0.0163884
0 -0.00537929 0.0041642 0.00940784
0 -0.00751223 -0.00162426 0.000381174
0 -0.0101705 -0.00860097 -0.0102196
0 -0.0134449 -0.0166648 -0.0219373
0 -0.0173708 -0.0256885 -0.0344165
0 -0.0218608 -0.0353912 -0.0474199
0 -0.026705 -0.0454585 -0.0607944
0 -0.031648 -0.055657 -0.074409
0 -0.0364272 -0.0657093 -0.0880856
0 -0.0408004 -0.0752803 -0.101605
0 -0.0445905 -0.0840729 -0.114716
0 -0.0477084 -0.0918713 -0.127122
0 -0.0501427 -0.0985339 -0.138481
0 -0.0519054 -0.103959 -0.148434
0 -0.0530059 -0.10809 -0.156641
0 -0.0534967 -0.110915 -0.16282
0 -0.0535085 -0.11244 -0.166763
0 -0.0532097 -0.112701 -0.168341
0 -0.0527193 -0.11179 -0.167481
0 -0.0520533 -0.109809 -0.164227
0 -0.0511994 -0.10684 -0.158907
0 -0.0501526 -0.103009 -0.152123
0 -0.0488082 -0.0984928 -0.144539
0 -0.047036 -0.0934752 -0.136713
0 -0.0448044 -0.0881475 -0.129031
0 -0.0421647 -0.0826676 -0.121694
0 -0.0392835 -0.0771223 -0.114753
0 -0.0363725 -0.0715904 -0.108131
0 -0.0335675 -0.0661989 -0.101684
0 -0.0309786 -0.0610615 -0.0952703
0 -0.0287148 -0.0562429 -0.0888065
0 -0.0268237 -0.0518072 -0.08232
0 -0.0253025 -0.047813 -0.0759541
0 -0.0241415 -0.0442943 -0.0699357
0 -0.0233079 -0.0412949 -0.0645187
0 -0.022712 -0.0388621 -0.0599305
0 -0.0222434 -0.0370075 -0.0563565
0 -0.0218428 -0.0357189 -0.0539411
0 -0.0215242 -0.0349915 -0.0527741
0 -0.0213412 -0.0348399 -0.0528672
0 -0.0213314 -0.0352881 -0.0541165
0 -0.0215451 -0.0363625 -0.0563165
0 -0.0220716 -0.0380886 -0.0592379
0 -0.0229641 -0.0404423 -0.0626798
0 -0.0242242 -0.0433234 -0.0665044
0 -0.0258023 -0.0466071 -0.0706417
0 -0.0275813 -0.0501664 -0.0750529
0 -0.0294172 -0.0538655 -0.0797038
0 -0.0311929 -0.0575739 -0.0845387
0 -0.032823 -0.0611643 -0.0894548
0 -0.034207 -0.064496 -0.0942904
0 -0.0352726 -0.0674214 -0.0988263
0 -0.0360327 -0.0698301 -0.1028
0 -0.036541 -0.071659 -0.105965
0 -0.0368563 -0.0728684 -0.108152
0 -0.0370455 -0.0734617 -0.109251
0 -0.0371473 -0.0734974 -0.109232
0 -0.037139 -0.0730379 -0.108179
0 -0.036979 -0.0721184 -0.106276
0 -0.0366409 -0.0707783 -0.103783
0 -0.0360957 -0.0690731 -0.100982
0 -0.0353202 -0.0670684 -0.0980769
0 -0.0343036 -0.0648409 -0.0951718
0 -0.0330413 -0.0624464 -0.092257
0 -0.0315868 -0.0599059 -0.0892611
0 -0.0300766 -0.0572418 -0.086128
0 -0.0286542 -0.0545023 -0.0828281
0 -0.0274214 -0.0517857 -0.0793634
0 -0.0264472 -0.0492493 -0.0757999
0 -0.0257481 -0.0470567 -0.0722861
0 -0.0253097 -0.0453281 -0.0690619
0 -0.0251461 -0.044145 -0.0664456
0 -0.0252568 -0.0435556 -0.0647478
0 -0.0255615 -0.0435735 -0.0641804
0 -0.0259488 -0.0441858 -0.0648299
0 -0.0263526 -0.045348 -0.0666513
0 -0.0267751 -0.0469866 -0.0694796
0 -0.02728 -0.0490209 -0.0730564
0 -0.0279634 -0.051381 -0.0770726
0 -0.0289027 -0.054018 -0.0812404
0 -0.0301393 -0.0569136 -0.085354
0 -0.0316907 -0.0600387 -0.0893282
0 -0.0335092 -0.0633258 -0.0931913
0 -0.0354723 -0.0667382 -0.0970482
0 -0.0374586 -0.070264 -0.101052
0 -0.0393612 -0.0738512 -0.105337
0 -0.0410829 -0.0774169 -0.109974
0 -0.0425754 -0.0808796 -0.114935
0 -0.043809 -0.0841441 -0.120035
0 -0.0447183 -0.0870568 -0.124935
0 -0.0452513 -0.0894244 -0.129248
0 -0.045442 -0.0910754 -0.132622
0 -0.0453731 -0.0918904 -0.134755
0 -0.0451011 -0.0918262 -0.135409
0 -0.0446614 -0.0909321 -0.134452
0 -0.0440853 -0.0893141 -0.131908
0 -0.0433739 -0.087067 -0.128011
0 -0.0425057 -0.0842573 -0.123157
0 -0.041437 -0.0809664 -0.117775
0 -0.0400955 -0.0773064 -0.112231
0 -0.0384376 -0.0733992 -0.106762
0 -0.036492 -0.0693709 -0.101484
0 -0.034373 -0.0653334 -0.0964317
0 -0.0322509 -0.0613628 -0.0915879
0 -0.0302691 -0.0575298 -0.0869191
0 -0.0285179 -0.0539136 -0.0823724
0 -0.027031 -0.0505697 -0.0778787
0 -0.0257721 -0.0475224 -0.073424
0 -0.0246929 -0.0447799 -0.0690934
0 -0.0238036 -0.0423536 -0.065057
0 -0.0231579 -0.0402894 -0.0615382
0 -0.0227712 -0.0386856 -0.058757
0 -0.0226018 -0.0376649 -0.0568798
0 -0.0226208 -0.0373238 -0.0560251
0 -0.0228397 -0.0377113 -0.0562977
0 -0.0232875 -0.0388234 -0.0577721
0 -0.0240044 -0.0406204 -0.0604291
0 -0.0249898 -0.0430545 -0.064124
0 -0.026163 -0.0460308 -0.0685934
0 -0.0274384 -0.0493869 -0.0735236
0 -0.0287919 -0.0529493 -0.0786435
0 -0.0302521 -0.0565648 -0.0837517
0 -0.031838 -0.0601034 -0.0886972
0 -0.0334724 -0.0634715 -0.0933475
0 -0.0350194 -0.0666037 -0.0975601
0 -0.0363615 -0.0694236 -0.101214
0 -0.0374037 -0.0718013 -0.104243
0 -0.0380917 -0.0735563 -0.106599
0 -0.0384202 -0.0745495 -0.108226
0 -0.0384114 -0.0747756 -0.109046
0 -0.0381084 -0.0743475 -0.108968
0 -0.0375915 -0.0734135 -0.107959
0 -0.0369801 -0.0721021 -0.106093
0 -0.0363752 -0.070508 -0.103533
0 -0.035809 -0.0686972 -0.100518
0 -0.0352447 -0.0667376 -0.097291
0 -0.0345916 -0.0646986 -0.0940568
0 -0.0337631 -0.0626258 -0.0909702
0 -0.0327454 -0.0605494 -0.0881216
0 -0.0316033 -0.0584859 -0.0855515
0 -0.0304421 -0.0564487 -0.0832588
0 -0.0293496 -0.0544825 -0.0811679
0 -0.0283673 -0.0526414 -0.0791538
0 -0.0275073 -0.0509419 -0.0771002
0 -0.026768 -0.0493684 -0.0749381
0 -0.0261454 -0.0478962 -0.0726827
0 -0.0256417 -0.0465013 -0.0704213
0 -0.0252456 -0.045187 -0.0682703
0 -0.0249311 -0.0440151 -0.0663643
0 -0.0246851 -0.0430856 -0.0648371
0 -0.0245129 -0.0424829 -0.0637999
0 -0.0244251 -0.0422422 -0.0633356
0 -0.0244237 -0.0423384 -0.0634644
0 -0.0244969 -0.0427038 -0.0641273
0 -0.0246317 -0.0432771 -0.0652147
0 -0.0248301 -0.0440282 -0.0665892
0 -0.0251125 -0.0449454 -0.0681187
0 -0.0255088 -0.0460175 -0.0697098
0 -0.0260431 -0.0472266 -0.0713153
0 -0.0267191 -0.0485553 -0.0729363
0 -0.0275096 -0.0499943 -0.0746103
0 -0.0283581 -0.0515346 -0.0763855
0 -0.0292034 -0.0531555 -0.0783067
0 -0.0300082 -0.0548238 -0.0804027
0 -0.0307671 -0.0565042 -0.0826774
0 -0.0314934 -0.0581801 -0.0851071
0 -0.0322014 -0.0598546 -0.0876317
0 -0.0329044 -0.0615333 -0.0901631
0 -0.0336197 -0.0632216 -0.0926138
0 -0.0343687 -0.0649209 -0.0949253
0 -0.035171 -0.0666153 -0.0970891
0 -0.0360278 -0.0682814 -0.0991314
0 -0.0369071 -0.069899 -0.101083
0 -0.0377478 -0.0714498 -0.102971
0 -0.0384886 -0.0729098 -0.104811
0 -0.0390938 -0.0742457 -0.106601
0 -0.0395553 -0.0754191 -0.108317
0 -0.0398724 -0.0763836 -0.109891
0 -0.0400312 -0.0770804 -0.111198
0 -0.0400117 -0.0774421 -0.112079
0 -0.0398113 -0.0774079 -0.112384
0 -0.0394553 -0.0769402 -0.112005
0 -0.0389793 -0.0760287 -0.110884
0 -0.0384084 -0.0746959 -0.109029
0 -0.0377617 -0.0730086 -0.106528
0 -0.0370564 -0.0710673 -0.103549
0 -0.0363039 -0.0689787 -0.100304
0 -0.0355156 -0.0668425 -0.0970203
0 -0.0347148 -0.0647635 -0.0939178
0 -0.033938 -0.0628568 -0.0911767
0 -0.0332184 -0.0612239 -0.0889104
0 -0.0325749 -0.0599141 -0.0871638
0 -0.0320158 -0.0589163 -0.0859264
0 -0.0315553 -0.0581961 -0.0851491
0 -0.0312179 -0.0577238 -0.0847634
0 -0.0310217 -0.0574821 -0.0846883
0 -0.0309644 -0.057463 -0.0848354
0 -0.0310223 -0.057646 -0.0851266
0 -0.031159 -0.0579745 -0.0855014
0 -0.0313318 -0.0583588 -0.0859144
0 -0.0314897 -0.0587034 -0.0863256
0 -0.031577 -0.0589283 -0.0866797
0 -0.0315394 -0.0589704 -0.0868941
0 -0.0313323 -0.058773 -0.0868616
0 -0.0309405 -0.0582778 -0.0864667
0 -0.0303852 -0.0574314 -0.0856067
0 -0.0297061 -0.056205 -0.0842036
0 -0.0289375 -0.054607 -0.0822119
0 -0.0280941 -0.0526761 -0.0796266
0 -0.0271725 -0.0504607 -0.0764939
0 -0.0261751 -0.0480149 -0.0729237
0 -0.0251303 -0.0454138 -0.0690863
0 -0.0240859 -0.0427573 -0.0651848
0 -0.0230846 -0.0401642 -0.0614166
0 -0.0221618 -0.0377753 -0.0579576
0 -0.0213679 -0.0357413 -0.0549758
0 -0.0207693 -0.0341929 -0.0526332
0 -0.0204253 -0.0332235 -0.0510712
0 -0.0203779 -0.0328971 -0.0504047
0 -0.0206445 -0.0332625 -0.0507234
0 -0.021209 -0.0343466 -0.0520789
0 -0.0220393 -0.0361435 -0.0544723
0 -0.0231081 -0.0386147 -0.0578573
0 -0.0243985 -0.0416875 -0.0621457
0 -0.0259105 -0.0452808 -0.0672181
0 -0.0276528 -0.0493346 -0.0729341
0 -0.0296255 -0.0538034 -0.0791423
0 -0.0318354 -0.0586308 -0.0857012
0 -0.0342524 -0.0637273 -0.0924945
0 -0.0367417 -0.0689522 -0.0994117
0 -0.0391629 -0.0741336 -0.106327
0 -0.0414411 -0.0791218 -0.113118
0 -0.0435068 -0.0837844 -0.119667
0 -0.04529 -0.0879791 -0.125821
0 -0.0467541 -0.0916055 -0.131392
0 -0.0479051 -0.0946328 -0.136205
0 -0.0487777 -0.0970443 -0.14012
0 -0.0494152 -0.0988207 -0.143034
0 -0.0498621 -0.0999742 -0.144898
0 -0.0501598 -0.100552 -0.145714
0 -0.0503229 -0.1006 -0.14553
0 -0.0503167 -0.100143 -0.144459
0 -0.0500861 -0.0991936 -0.142669
0 -0.0495928 -0.097765 -0.140343
0 -0.0488088 -0.0958786 -0.137634
0 -0.0477339 -0.0935905 -0.134631
0 -0.04642 -0.090984 -0.131369
0 -0.0449514 -0.0881373 -0.127841
0 -0.0434141 -0.0851127 -0.124019
0 -0.0418746 -0.0819522 -0.119883
0 -0.0403668 -0.07868 -0.115441
0 -0.0388985 -0.0753233 -0.110744
0 -0.0374556 -0.0719262 -0.105877
0 -0.0359993 -0.0685193 -0.100946
0 -0.0345037 -0.065106 -0.096057
0 -0.0329763 -0.0616967 -0.0912946
0 -0.0314333 -0.058313 -0.0867145
0 -0.029885 -0.0549901 -0.0823364
0 -0.0283408 -0.051775 -0.0781404
0 -0.0268207 -0.0486874 -0.0740938
0 -0.0253515 -0.0457217 -0.0701636
0 -0.0239569 -0.0428695 -0.0663224
0 -0.0226608 -0.0401205 -0.0625633
0 -0.0214809 -0.0374884 -0.0588999
0 -0.020426 -0.0350323 -0.0553732
0 -0.0195235 -0.0328348 -0.0520687
0 -0.0188263 -0.0309828 -0.0491164
0 -0.0183821 -0.0295671 -0.0466692
0 -0.0182132 -0.0286716 -0.0448816
0 -0.0183127 -0.0283546 -0.0438921
0 -0.018637 -0.0286406 -0.0438089
0 -0.0191189 -0.0295133 -0.0447035
0 -0.019721 -0.0309184 -0.0465948
0 -0.0204498 -0.032803 -0.0494288
0 -0.0213265 -0.0351438 -0.0530761
0 -0.0223836 -0.0379261 -0.0573496
0 -0.0236524 -0.0411223 -0.0620492
0 -0.0251419 -0.0446781 -0.0670096
0 -0.0268506 -0.0485098 -0.0721193
0 -0.028776 -0.0525368 -0.0773236
0 -0.0308752 -0.0566801 -0.0826054
0 -0.0330234 -0.0608494 -0.0879457
0 -0.0350716 -0.0649663 -0.0933019
0 -0.0369297 -0.06896 -0.0986198
0 -0.0385715 -0.0727477 -0.103847
0 -0.0400139 -0.076248 -0.108922
0 -0.0412972 -0.0794114 -0.113748
0 -0.0424468 -0.0822379 -0.118178
0 -0.0434503 -0.0847295 -0.122047
0 -0.0442791 -0.0868401 -0.125214
0 -0.0449318 -0.0885009 -0.127603
0 -0.0454312 -0.0896537 -0.129192
0 -0.0457715 -0.0902608 -0.129981
0 -0.0459007 -0.0903147 -0.129969
0 -0.0457597 -0.089826 -0.129166
0 -0.045307 -0.0887894 -0.127605
0 -0.0445319 -0.0871808 -0.125349
0 -0.0434766 -0.0850009 -0.122467
0 -0.0421975 -0.0823048 -0.119001
0 -0.0407355 -0.0791929 -0.114974
0 -0.0391526 -0.0757921 -0.110442
0 -0.0375482 -0.072245 -0.105536
0 -0.0360385 -0.0687073 -0.100476
0 -0.0347328 -0.0653639 -0.0955299
0 -0.0336827 -0.0624102 -0.0909764
0 -0.0328637 -0.0599782 -0.0870479
0 -0.0322379 -0.058117 -0.0839374
0 -0.0317859 -0.0568402 -0.0818075
0 -0.0314767 -0.0561283 -0.0807238
0 -0.0312521 -0.0558869 -0.0806221
0 -0.0310536 -0.0559865 -0.0813144
0 -0.0308555 -0.0563237 -0.0825149
0 -0.0306754 -0.0567926 -0.0839119
0 -0.0305806 -0.0573014 -0.0852373
0 -0.0306544 -0.0578222 -0.0863066
0 -0.0309316 -0.0583545 -0.0870285
0 -0.0313857 -0.058908 -0.0874099
0 -0.0319496 -0.0595077 -0.0875618
0 -0.0325313 -0.060144 -0.0876586
0 -0.0330377 -0.0607564 -0.0878723
0 -0.0333865 -0.0612769 -0.0883205
0 -0.033517 -0.0616584 -0.0890164
0 -0.0334164 -0.0618868 -0.0898599
0 -0.033136 -0.0619771 -0.090688
0 -0.0327807 -0.0619475 -0.0913245
0 -0.032468 -0.0617977 -0.0916107
0 -0.0322745 -0.0615231 -0.0914362
0 -0.0322106 -0.0611407 -0.0907679
0 -0.0322233 -0.0606725 -0.0896592
0 -0.0322237 -0.060114 -0.0882424
0 -0.0321298 -0.0594323 -0.0866906
0 -0.0318882 -0.0585884 -0.0851637
0 -0.0314746 -0.0575809 -0.0837771
0 -0.030896 -0.0564591 -0.0825623
0 -0.0301922 -0.055286 -0.0814644
0 -0.0294367 -0.0541145 -0.0803921
0 -0.028729 -0.0529858 -0.0792582
0 -0.0281671 -0.0519336 -0.0780132
0 -0.0278126 -0.0510004 -0.0766718
0 -0.0276729 -0.0502471 -0.0753142
0 -0.0277063 -0.0497275 -0.0740745
0 -0.0278409 -0.049464 -0.0731177
0 -0.0280104 -0.049453 -0.0726087
0 -0.0281836 -0.0496787 -0.0726762
0 -0.0283623 -0.0501317 -0.0733779
0 -0.0285648 -0.0508247 -0.0746751
0 -0.0288203 -0.0517803 -0.0764441
0 -0.0291709 -0.052999 -0.0785244
0 -0.0296633 -0.0544504 -0.0807641
0 -0.0303316 -0.0560904 -0.0830531
0 -0.0311774 -0.0578711 -0.0853346
0 -0.0321604 -0.059745 -0.0875961
0 -0.0332094 -0.0616678 -0.089857
0 -0.0342473 -0.0635914 -0.092152
0 -0.0352088 -0.0654638 -0.0945037
0 -0.0360365 -0.0672345 -0.0968998
0 -0.0366965 -0.0688597 -0.0992865
0 -0.037205 -0.0703098 -0.101571
0 -0.0376094 -0.0715698 -0.103646
0 -0.0379572 -0.0726378 -0.105413
0 -0.0382913 -0.073521 -0.106793
0 -0.0386338 -0.0742265 -0.107744
0 -0.0389692 -0.0747554 -0.108272
0 -0.039258 -0.0750961 -0.108423
0 -0.0394541 -0.0752249 -0.108274
0 -0.0395086 -0.0751179 -0.107905
0 -0.0393906 -0.0747717 -0.107378
0 -0.0391082 -0.0742179 -0.10673
0 -0.038707 -0.0735163 -0.105977
0 -0.038257 -0.0727352 -0.105122
0 -0.0378283 -0.0719325 -0.104168
0 -0.0374542 -0.0711358 -0.103111
0 -0.0371216 -0.0703394 -0.101948
0 -0.0367971 -0.0695195 -0.100693
0 -0.0364446 -0.0686491 -0.0993776
0 -0.0360352 -0.0677097 -0.0980352
0 -0.0355619 -0.0667036 -0.0966966
0 -0.0350394 -0.065654 -0.0953786
0 -0.0344916 -0.0645935 -0.0940821
0 -0.0339474 -0.0635533 -0.0927989
0 -0.0334434 -0.0625617 -0.0915284
0 -0.0330164 -0.0616473 -0.0902887
0 -0.0326894 -0.060839 -0.0891145
0 -0.032466 -0.0601654 -0.0880537
0 -0.0323336 -0.0596532 -0.0871661
0 -0.0322721 -0.0593206 -0.0865159
0 -0.0322584 -0.0591656 -0.0861529
0 -0.0322685 -0.0591662 -0.0860982
0 -0.0322884 -0.0592965 -0.0863416
0 -0.032321 -0.0595386 -0.086842
0 -0.032381 -0.059881 -0.0875334
0 -0.0324883 -0.0603186 -0.0883393
0 -0.0326618 -0.0608441 -0.0891898
0 -0.0329076 -0.0614363 -0.0900302
0 -0.0332148 -0.0620657 -0.0908275
0 -0.0335605 -0.0627035 -0.0915741
0 -0.0339196 -0.0633307 -0.0922865
0 -0.0342721 -0.0639452 -0.0929963
0 -0.034601 -0.0645509 -0.0937318
0 -0.0348918 -0.0651442 -0.0945048
0 -0.0351361 -0.065716 -0.0953073
0 -0.0353373 -0.0662519 -0.0961172
0 -0.0355083 -0.0667408 -0.0968995
0 -0.0356644 -0.0671818 -0.0976132
0 -0.0358202 -0.0675787 -0.0982237
0 -0.035982 -0.0679323 -0.0987075
0 -0.036144 -0.0682356 -0.0990556
0 -0.0362909 -0.0684714 -0.0992736
0 -0.0364031 -0.0686211 -0.0993768
0 -0.0364666 -0.068679 -0.099389
0 -0.036476 -0.0686535 -0.0993336
0 -0.0364288 -0.0685556 -0.0992203
0 -0.0363257 -0.0683909 -0.0990457
0 -0.0361741 -0.0681585 -0.098798
0 -0.0359862 -0.0678526 -0.0984609
0 -0.0357704 -0.0674665 -0.0980143
0 -0.0355259 -0.0669933 -0.0974349
0 -0.0352449 -0.0664239 -0.0967016
0 -0.0349171 -0.0657483 -0.0958018
0 -0.0345335 -0.0649538 -0.0947309
0 -0.034088 -0.0640269 -0.0934885
0 -0.0335786 -0.0629636 -0.0920786
0 -0.0330165 -0.061781 -0.0905146
0 -0.0324349 -0.0605216 -0.08883
0 -0.0318752 -0.0592431 -0.0870812
0 -0.0313758 -0.0580128 -0.0853432
0 -0.0309681 -0.0569072 -0.0837098
0 -0.0306698 -0.0560004 -0.0822868
0 -0.0304838 -0.0553471 -0.0811767
0 -0.0303993 -0.0549734 -0.0804643
0 -0.0303927 -0.0548708 -0.0801981
0 -0.0304304 -0.0549972 -0.0803733
0 -0.030476 -0.0552875 -0.0809234
0 -0.0305111 -0.0556767 -0.0817374
0 -0.0305492 -0.0561208 -0.0826886
0 -0.0306303 -0.0566057 -0.0836629
0 -0.0308072 -0.0571501 -0.0845868
0 -0.0311264 -0.0577963 -0.0854436
0 -0.0316099 -0.0585927 -0.0862775
0 -0.0322444 -0.0595724 -0.0871797
0 -0.032983 -0.060735 -0.0882603
0 -0.0337551 -0.0620402 -0.0896157
0 -0.0344819 -0.0634215 -0.0912934
0 -0.0351019 -0.0648123 -0.0932684
0 -0.0355885 -0.0661706 -0.0954467
0 -0.0359528 -0.0674644 -0.0976869
0 -0.036241 -0.0686533 -0.0998116
0 -0.0365164 -0.0697119 -0.101647
0 -0.0368267 -0.0706209 -0.103072
0 -0.0371798 -0.0713411 -0.104013
0 -0.0375407 -0.0718414 -0.104453
0 -0.0378482 -0.0721123 -0.104447
0 -0.0380345 -0.0721388 -0.104089
0 -0.0380415 -0.0718981 -0.10348
0 -0.0378334 -0.0713779 -0.102697
0 -0.0374071 -0.0705839 -0.101767
0 -0.0367931 -0.0695411 -0.100669
0 -0.0360445 -0.0682903 -0.0993469
0 -0.0352284 -0.0668733 -0.0977434
0 -0.0344203 -0.0653281 -0.0958344
0 -0.0336831 -0.0637038 -0.0936445
0 -0.0330392 -0.0620642 -0.0912428
0 -0.0324734 -0.060472 -0.0887372
0 -0.0319596 -0.0589624 -0.0862603
0 -0.0314646 -0.0575331 -0.083946
0 -0.0309499 -0.0561813 -0.0819062
0 -0.030395 -0.0549246 -0.0802085
0 -0.0298104 -0.0537855 -0.0788645
0 -0.0292376 -0.0527994 -0.0778512
0 -0.0287442 -0.0520162 -0.0771273
0 -0.0284027 -0.0514796 -0.0766443
0 -0.0282678 -0.0512262 -0.0763761
0 -0.0283602 -0.0512855 -0.0763323
0 -0.0286577 -0.0516611 -0.0765494
0 -0.0291021 -0.0523259 -0.0770837
0 -0.0296287 -0.0532389 -0.0779982
0 -0.0301951 -0.0543619 -0.0793433
0 -0.0307878 -0.0556766 -0.0811382
0 -0.0314165 -0.0571879 -0.0833551
0 -0.0321 -0.0589017 -0.0859158
0 -0.0328567 -0.0608006 -0.0887139
0 -0.0337008 -0.0628398 -0.0916374
0 -0.0346225 -0.0649442 -0.0945711
0 -0.0355702 -0.0670055 -0.0973957
0 -0.0364685 -0.0689277 -0.1
0 -0.0372598 -0.0706513 -0.102301
0 -0.0379115 -0.0721107 -0.104246
0 -0.0384052 -0.0732417 -0.1058
0 -0.0387428 -0.0740282 -0.106947
0 -0.0389404 -0.0744901 -0.10767
0 -0.0390095 -0.074653 -0.107956
0 -0.0389631 -0.0745512 -0.107816
0 -0.0388322 -0.0742241 -0.107293
0 -0.0386485 -0.0737026 -0.106457
0 -0.038423 -0.0730228 -0.105394
0 -0.0381521 -0.0722317 -0.104183
0 -0.0378225 -0.0713638 -0.102892
0 -0.0374187 -0.0704369 -0.101571
0 -0.0369431 -0.0694606 -0.100258
0 -0.0364105 -0.0684331 -0.098961
0 -0.0358352 -0.067353 -0.0976655
0 -0.0352389 -0.0662357 -0.0963424
0 -0.0346533 -0.0651084 -0.0949691
0 -0.0341152 -0.0640093 -0.0935472
0 -0.0336604 -0.0629852 -0.092111
0 -0.033308 -0.0620733 -0.0907164
0 -0.0330453 -0.061287 -0.0894224
0 -0.0328343 -0.0606151 -0.0882804
0 -0.0326279 -0.0600298 -0.0873261
0 -0.0323874 -0.0595019 -0.0865747
0 -0.032102 -0.0590096 -0.086018
0 -0.0317887 -0.0585426 -0.0856209
0 -0.0314756 -0.0581063 -0.0853241
0 -0.0311979 -0.0577208 -0.0850637
0 -0.0309995 -0.0574138 -0.0847978
0 -0.0309177 -0.0572161 -0.084522
0 -0.0309674 -0.0571541 -0.0842706
0 -0.0311345 -0.0572391 -0.0841044
0 -0.0313779 -0.0574652 -0.0840954
0 -0.0316468 -0.0578171 -0.084311
0 -0.0318996 -0.0582722 -0.084796
0 -0.0321195 -0.0588122 -0.0855621
0 -0.0323244 -0.0594388 -0.086591
0 -0.0325555 -0.0601691 -0.0878358
0 -0.0328562 -0.0610223 -0.0892319
0 -0.033256 -0.0620094 -0.090714
0 -0.0337647 -0.0631233 -0.0922322
0 -0.0343683 -0.06433 -0.0937551
0 -0.0350246 -0.0655749 -0.0952638
0 -0.035674 -0.0668021 -0.0967496
0 -0.036259 -0.0679604 -0.0982021
0 -0.0367377 -0.0690017 -0.0995977
0 -0.0370877 -0.0698847 -0.100893
0 -0.0373035 -0.0705734 -0.102023
0 -0.0373922 -0.0710357 -0.102898
0 -0.0373676 -0.0712448 -0.103425
0 -0.037245 -0.0711791 -0.10352
0 -0.0370373 -0.0708261 -0.103129
0 -0.0367524 -0.0701886 -0.102242
0 -0.0363922 -0.0692837 -0.100895
0 -0.0359528 -0.0681395 -0.099165
0 -0.0354283 -0.0667924 -0.0971526
0 -0.0348171 -0.0652877 -0.0949663
0 -0.03413 -0.0636851 -0.092707
0 -0.0333896 -0.0620524 -0.0904547
0 -0.0326215 -0.0604366 -0.0882649
0 -0.0318577 -0.058857 -0.086177
0 -0.0311354 -0.0573367 -0.0842151
0 -0.0304759 -0.055907 -0.0823838
0 -0.029878 -0.0545883 -0.0806746
0 -0.0293356 -0.0533946 -0.0790792
0 -0.0288509 -0.0523338 -0.0776034
0 -0.0284344 -0.0514011 -0.0762712
0 -0.0280971 -0.0505951 -0.075115
0 -0.0278394 -0.04993 -0.0741638
0 -0.0276559 -0.0494291 -0.0734423
0 -0.027548 -0.0491224 -0.0729795
0 -0.027531 -0.0490422 -0.0728127
0 -0.0276273 -0.0492116 -0.072981
0 -0.0278533 -0.0496461 -0.0735172
0 -0.028216 -0.0503642 -0.074445
0 -0.0287145 -0.0513846 -0.0757773
0 -0.0293406 -0.0527132 -0.0775158
0 -0.0300807 -0.0543343 -0.0796469
0 -0.0309172 -0.0562068 -0.0821358
0 -0.031822 -0.0582648 -0.0849193
0 -0.0327614 -0.0604229 -0.0879067
0 -0.0337122 -0.0626024 -0.0909962
0 -0.0346564 -0.0647539 -0.0940879
0 -0.0355729 -0.0668375 -0.097083
0 -0.036452 -0.0688266 -0.0998881
0 -0.0372966 -0.0707111 -0.102438
0 -0.0380995 -0.0724492 -0.104699
0 -0.0388342 -0.0739706 -0.106655
0 -0.0394593 -0.0752246 -0.108288
0 -0.0399239 -0.0761772 -0.109568
0 -0.0401842 -0.0767932 -0.110457
0 -0.040225 -0.0770461 -0.110919
0 -0.0400681 -0.0769262 -0.11092
0 -0.0397529 -0.0764319 -0.11043
0 -0.0393153 -0.0755812 -0.109423
0 -0.0387796 -0.0744164 -0.107895
0 -0.0381527 -0.072973 -0.105868
0 -0.0374295 -0.0712719 -0.103404
0 -0.0366052 -0.0693367 -0.100596
0 -0.0356797 -0.0671951 -0.0975529
0 -0.0346625 -0.0648914 -0.0943777
0 -0.0335819 -0.0625067 -0.0911565
0 -0.0324758 -0.0601341 -0.0879577
0 -0.0313881 -0.0578293 -0.08485
0 -0.0303836 -0.0556384 -0.08191
0 -0.0295246 -0.0536426 -0.0792103
0 -0.0288304 -0.0519173 -0.0768136
0 -0.0282937 -0.0505183 -0.0747783
0 -0.027916 -0.0495013 -0.0731733
0 -0.0277044 -0.0488877 -0.0720808
0 -0.0276577 -0.0486559 -0.0715719
0 -0.027769 -0.0487938 -0.0716881
0 -0.0280271 -0.0493165 -0.0724375
0 -0.0284189 -0.0502341 -0.0737896
0 -0.0289433 -0.0515426 -0.0756861
0 -0.0296146 -0.0532197 -0.0780554
0 -0.0304417 -0.0552089 -0.0808152
0 -0.0314163 -0.0574408 -0.0838764
0 -0.0325157 -0.0598517 -0.0871498
0 -0.0337072 -0.0623786 -0.0905542
0 -0.0349373 -0.0649564 -0.0940163
0 -0.0361308 -0.0675023 -0.0974543
0 -0.037222 -0.0699305 -0.100773
0 -0.0381731 -0.072167 -0.103877
0 -0.0389655 -0.0741256 -0.106677
0 -0.0395871 -0.0757209 -0.109077
0 -0.0400325 -0.0769082 -0.110969
0 -0.0402999 -0.0776755 -0.112253
0 -0.0403886 -0.0780153 -0.112858
0 -0.0403156 -0.0779294 -0.112762
0 -0.0401142 -0.0774345 -0.111996
0 -0.0397937 -0.0765486 -0.110626
0 -0.0393371 -0.0753002 -0.108739
0 -0.0387301 -0.0737425 -0.10644
0 -0.0379664 -0.0719294 -0.103835
0 -0.0370574 -0.0699083 -0.10103
0 -0.0360459 -0.0677416 -0.0981196
0 -0.0349867 -0.0655042 -0.0951802
0 -0.0339307 -0.0632751 -0.0922644
0 -0.0329236 -0.0611365 -0.0894092
0 -0.0319924 -0.0591348 -0.0866519
0 -0.031149 -0.0572644 -0.0840341
0 -0.0304024 -0.0555231 -0.0815956
0 -0.0297447 -0.0539301 -0.0793726
0 -0.0291539 -0.0525052 -0.0773968
0 -0.0286251 -0.0512796 -0.0756991
0 -0.0281783 -0.0502929 -0.0743173
0 -0.0278411 -0.0495628 -0.0732887
0 -0.0276367 -0.0490957 -0.0726411
0 -0.0275825 -0.0489162 -0.0723948
0 -0.0276781 -0.0490503 -0.0725572
0 -0.0279045 -0.0495 -0.0731237
0 -0.0282438 -0.0502486 -0.0740841
0 -0.0286835 -0.0512604 -0.075418
0 -0.0292047 -0.0524789 -0.0770845
0 -0.0297867 -0.053852 -0.0790219
0 -0.0304139 -0.0553447 -0.0811539
0 -0.0310715 -0.0569232 -0.0833963
0 -0.0317536 -0.0585479 -0.0856714
0 -0.0324662 -0.0601781 -0.0879192
0 -0.0332091 -0.0617766 -0.0900975
0 -0.0339604 -0.0633114 -0.0921704
0 -0.0346825 -0.0647618 -0.0941039
0 -0.0353401 -0.0661124 -0.0958676
0 -0.0359071 -0.0673336 -0.0974381
0 -0.0363712 -0.0683823 -0.0988045
0 -0.0367304 -0.0692163 -0.0999554
0 -0.0369812 -0.0698106 -0.100862
0 -0.0371176 -0.0701675 -0.101481
0 -0.0371454 -0.070309 -0.101781
0 -0.0370918 -0.0702626 -0.101757
0 -0.0369939 -0.0700523 -0.101434
0 -0.0368767 -0.0696992 -0.100861
0 -0.036741 -0.0692261 -0.100091
0 -0.0365586 -0.068648 -0.0991707
0 -0.036291 -0.0679658 -0.0981377
0 -0.0359173 -0.0671706 -0.0970222
0 -0.0354418 -0.0662529 -0.0958432
0 -0.0348918 -0.0652211 -0.094607
0 -0.0343084 -0.0641116 -0.0933092
0 -0.0337315 -0.0629768 -0.0919405
0 -0.0331908 -0.0618644 -0.0904972
0 -0.032704 -0.0608023 -0.0889931
0 -0.0322769 -0.059796 -0.0874664
0 -0.0319047 -0.0588373 -0.0859731
0 -0.0315714 -0.0579211 -0.0845709
0 -0.0312508 -0.0570568 -0.0833078
0 -0.0309196 -0.0562637 -0.0822159
0 -0.0305764 -0.0555593 -0.0813121
0 -0.0302472 -0.0549607 -0.0806055
0 -0.0299755 -0.0544922 -0.0800998
0 -0.0298017 -0.0541797 -0.07979
0 -0.0297452 -0.0540462 -0.0796632
0 -0.0298024 -0.0541084 -0.0797103
0 -0.0299633 -0.0543707 -0.0799417
0 -0.0302206 -0.0548256 -0.0803897
0 -0.0305618 -0.0554573 -0.0810891
0 -0.0309655 -0.056248 -0.0820604
0 -0.0314089 -0.057183 -0.0833012
0 -0.0318742 -0.0582476 -0.0847837
0 -0.0323538 -0.0594173 -0.086459
0 -0.0328517 -0.0606537 -0.0882632
0 -0.0333714 -0.0619162 -0.0901228
0 -0.0339013 -0.0631627 -0.0919551
0 -0.0344152 -0.0643446 -0.0936704
0 -0.0348871 -0.0654224 -0.0951882
0 -0.0353006 -0.0663638 -0.0964521
0 -0.0356466 -0.0671304 -0.097434
0 -0.0359194 -0.0676892 -0.0981297
0 -0.0361057 -0.068022 -0.0985389
0 -0.0361785 -0.0681185 -0.098654
0 -0.0361114 -0.0679723 -0.0984648
0 -0.0358982 -0.0675819 -0.0979677
0 -0.0355587 -0.066952 -0.0971724
0 -0.0351258 -0.0660987 -0.0960976
0 -0.034631 -0.0650554 -0.094765
0 -0.0340948 -0.0638691 -0.0932002
0 -0.0335271 -0.0625876 -0.0914383
0 -0.0329397 -0.0612555 -0.0895315
0 -0.0323513 -0.0599081 -0.0875505
0 -0.0317775 -0.0585642 -0.0855736
0 -0.0312253 -0.0572349 -0.0836732
0 -0.0307015 -0.0559556 -0.081913
0 -0.0302137 -0.054788 -0.0803462
0 -0.029774 -0.0537884 -0.079013
0 -0.0294099 -0.0529988 -0.0779498
0 -0.0291566 -0.0524526 -0.0771933
0 -0.0290451 -0.0521729 -0.0767791
0 -0.0290911 -0.052178 -0.0767362
0 -0.0292835 -0.0524827 -0.077079
0 -0.0295924 -0.0530847 -0.0778071
0 -0.0299922 -0.0539579 -0.0789125
0 -0.0304703 -0.0550631 -0.080378
0 -0.0310234 -0.0563619 -0.0821715
0 -0.0316526 -0.0578257 -0.0842428
0 -0.0323581 -0.0594351 -0.0865281
0 -0.0331379 -0.061171 -0.0889612
0 -0.0339801 -0.0630036 -0.0914799
0 -0.0348529 -0.0648793 -0.0940215
0 -0.0357168 -0.0667355 -0.0965204
0 -0.0365363 -0.0685201 -0.0989124
0 -0.0372761 -0.0701745 -0.101138
0 -0.0379056 -0.0716275 -0.10314
0 -0.0384069 -0.0728231 -0.104859
0 -0.0387713 -0.0737332 -0.106235
0 -0.0389929 -0.0743409 -0.107206
0 -0.039071 -0.0746334 -0.107718
0 -0.0390098 -0.0745995 -0.107734
0 -0.038807 -0.0742161 -0.107229
0 -0.0384513 -0.0734546 -0.106191
0 -0.0379312 -0.0723061 -0.104626
0 -0.0372442 -0.0707875 -0.102563
0 -0.0364031 -0.0689389 -0.100054
0 -0.0354383 -0.0668235 -0.0971762
0 -0.034388 -0.0645128 -0.0940239
0 -0.0332889 -0.0620768 -0.0906908
0 -0.0321825 -0.0596018 -0.0872669
0 -0.0311059 -0.0571682 -0.0838469
0 -0.03008 -0.0548097 -0.0805288
0 -0.0291313 -0.0525667 -0.0774051
0 -0.0282836 -0.0505142 -0.0745575
0 -0.0275306 -0.0487089 -0.0720435
0 -0.0268704 -0.0471912 -0.0699081
0 -0.0263337 -0.046002 -0.0682057
0 -0.0259587 -0.0451619 -0.0669922
0 -0.0257681 -0.0446802 -0.0663069
0 -0.0257628 -0.0445789 -0.0661627
0 -0.0259194 -0.0448682 -0.0665445
0 -0.0262045 -0.0455228 -0.0674203
0 -0.0266041 -0.0465035 -0.0687559
0 -0.027123 -0.047765 -0.0705091
0 -0.0277555 -0.0492536 -0.0726182
0 -0.0284818 -0.0509309 -0.0750037
0 -0.0292821 -0.0527758 -0.0775817
0 -0.0301397 -0.0547555 -0.0802787
0 -0.0310499 -0.0568213 -0.0830401
0 -0.0320238 -0.0589264 -0.0858324
0 -0.0330526 -0.0610312 -0.0886344
0 -0.0340869 -0.0631009 -0.0914148
0 -0.0350734 -0.0651159 -0.0941276
0 -0.0359767 -0.0670641 -0.0967284
0 -0.0367813 -0.0689082 -0.0991844
0 -0.0374959 -0.0705903 -0.101473
0 -0.0381373 -0.072068 -0.103569
0 -0.0387071 -0.0733311 -0.105429
0 -0.0391901 -0.0743949 -0.106997
0 -0.039574 -0.0752735 -0.108234
0 -0.0398624 -0.0759579 -0.109125
0 -0.0400606 -0.0764131 -0.109677
0 -0.040162 -0.0766004 -0.109896
0 -0.0401483 -0.076507 -0.10978
0 -0.0399894 -0.0761374 -0.109311
0 -0.0396613 -0.0754917 -0.108472
0 -0.0391787 -0.0745698 -0.107264
0 -0.0385825 -0.07338 -0.10571
0 -0.0379076 -0.0719443 -0.103835
0 -0.0371741 -0.0703082 -0.101664
0 -0.0363891 -0.0685283 -0.099234
0 -0.0355555 -0.0666508 -0.0966037
0 -0.0346796 -0.0647017 -0.0938487
0 -0.0337696 -0.0626956 -0.0910452
0 -0.0328373 -0.0606599 -0.0882506
0 -0.0318925 -0.0586267 -0.0854993
0 -0.0309422 -0.056609 -0.082817
0 -0.0300076 -0.0546275 -0.0802288
0 -0.0291217 -0.0527251 -0.0777544
0 -0.0283073 -0.0509389 -0.0754082
0 -0.027575 -0.049301 -0.0732029
0 -0.0269362 -0.047847 -0.071164
0 -0.0264024 -0.0465938 -0.069332
0 -0.025974 -0.0455389 -0.0677532
0 -0.0256486 -0.0446919 -0.0664777
0 -0.0254304 -0.0440804 -0.0655544
0 -0.0253185 -0.0437302 -0.0650184
0 -0.0253095 -0.043663 -0.0648942
0 -0.025413 -0.0438977 -0.0651994
0 -0.0256428 -0.0444365 -0.0659373
0 -0.0260024 -0.0452659 -0.0670926
0 -0.0264871 -0.04637 -0.0686305
0 -0.0270846 -0.0477248 -0.0705017
0 -0.0277739 -0.0492951 -0.0726508
0 -0.0285331 -0.051038 -0.0750191
0 -0.0293441 -0.0529038 -0.0775467
0 -0.0301931 -0.0548416 -0.0801768
0 -0.0310714 -0.0568041 -0.0828524
0 -0.0319674 -0.058748 -0.0855145
0 -0.0328461 -0.0606275 -0.0881026
0 -0.0336606 -0.0623897 -0.09055
0 -0.0343819 -0.0639964 -0.0927887
0 -0.035 -0.0654247 -0.0947653
0 -0.0355148 -0.0666409 -0.0964402
0 -0.0359325 -0.0676093 -0.0977825
0 -0.0362538 -0.0683116 -0.098768
0 -0.0364659 -0.0687433 -0.0993739
0 -0.0365551 -0.068908 -0.0995896
0 -0.0365195 -0.0688152 -0.0994248
0 -0.036369 -0.0684752 -0.0989093
0 -0.0361218 -0.0679028 -0.09809
0 -0.0357981 -0.0671307 -0.09702
0 -0.0354126 -0.0662096 -0.0957522
0 -0.0349777 -0.0651924 -0.0943418
0 -0.0345112 -0.0641273 -0.0928497
0 -0.0340345 -0.0630542 -0.0913381
0 -0.0335655 -0.0620044 -0.0898646
0 -0.0331239 -0.0610128 -0.0884812
0 -0.032731 -0.0601209 -0.0872353
0 -0.0323996 -0.0593635 -0.0861652
0 -0.0321333 -0.0587579 -0.085297
0 -0.0319335 -0.0583093 -0.0846498
0 -0.0318023 -0.0580193 -0.0842386
0 -0.0317406 -0.0578876 -0.0840687
0 -0.0317471 -0.0579133 -0.0841332
0 -0.0318183 -0.0580942 -0.0844159
0 -0.0319473 -0.0584181 -0.08489
0 -0.0321303 -0.0588643 -0.0855263
0 -0.0323673 -0.0594122 -0.0862992
0 -0.0326575 -0.0600464 -0.0871863
0 -0.0329965 -0.0607577 -0.088167
0 -0.0333696 -0.0615326 -0.0892166
0 -0.0337507 -0.0623433 -0.0903022
0 -0.0341119 -0.0631482 -0.0913855
0 -0.0344321 -0.0639008 -0.0924259
0 -0.0346957 -0.0645581 -0.0933787
0 -0.0348914 -0.0650854 -0.0941909
0 -0.0350153 -0.0654607 -0.0948099
0 -0.0350702 -0.0656742 -0.0951921
0 -0.0350617 -0.0657192 -0.0953059
0 -0.0349932 -0.0655897 -0.0951364
0 -0.0348658 -0.0652852 -0.0946893
0 -0.0346778 -0.0648115 -0.0939882
0 -0.0344249 -0.0641814 -0.0930686
0 -0.0341005 -0.0634111 -0.0919697
0 -0.0337002 -0.0625158 -0.0907272
0 -0.0332273 -0.0615126 -0.0893715
0 -0.0326962 -0.060423 -0.0879276
0 -0.0321316 -0.0592744 -0.0864172
0 -0.0315614 -0.0580949 -0.0848584
0 -0.0310059 -0.0569077 -0.083268
0 -0.0304749 -0.055732 -0.0816676
0 -0.0299723 -0.0545816 -0.0800835
0 -0.0294954 -0.0534672 -0.0785414
0 -0.029039 -0.0524019 -0.0770681
0 -0.0286083 -0.0514057 -0.0756966
0 -0.0282202 -0.0505082 -0.0744647
0 -0.0278923 -0.0497424 -0.0734087
0 -0.0276412 -0.0491388 -0.0725629
0 -0.0274827 -0.0487264 -0.071961
0 -0.0274262 -0.0485301 -0.0716343
0 -0.027474 -0.0485635 -0.0716093
0 -0.0276224 -0.0488303 -0.0719063
0 -0.0278682 -0.0493322 -0.07254
0 -0.0282112 -0.0500699 -0.0735168
0 -0.0286487 -0.0510391 -0.0748281
0 -0.0291732 -0.0522265 -0.0764484
0 -0.0297732 -0.0536062 -0.078335
0 -0.0304333 -0.0551391 -0.0804323
0 -0.0311392 -0.0567726 -0.0826753
0 -0.0318803 -0.058449 -0.0849949
0 -0.03264 -0.0601199 -0.0873268
0 -0.0333912 -0.0617458 -0.08961
0 -0.0341077 -0.0632988 -0.0917826
0 -0.0347757 -0.0647663 -0.0937917
0 -0.0353927 -0.0661324 -0.0956065
0 -0.0359628 -0.0673707 -0.0972177
0 -0.0364874 -0.0684575 -0.098626
0 -0.0369516 -0.0693773 -0.0998272
0 -0.0373249 -0.07012 -0.100808
0 -0.0375789 -0.0706727 -0.10155
0 -0.0376987 -0.0710128 -0.102034
0 -0.0376817 -0.0711078 -0.102234
0 -0.0375372 -0.0709324 -0.102122
0 -0.0372804 -0.070485 -0.101665
0 -0.0369216 -0.06978 -0.10083
0 -0.0364668 -0.0688346 -0.0996018
0 -0.0359268 -0.0676671 -0.0979953
0 -0.0353164 -0.0662966 -0.0960605
0 -0.0346479 -0.0647492 -0.0938705
0 -0.0339323 -0.0630693 -0.0915118
0 -0.033181 -0.0613192 -0.0890707
0 -0.0324088 -0.0595702 -0.086624
0 -0.0316403 -0.0578821 -0.0842429
0 -0.0308997 -0.0562779 -0.0819913
0 -0.0302042 -0.0547567 -0.0799207
0 -0.029571 -0.0533384 -0.0780649
0 -0.029005 -0.052061 -0.0764317
0 -0.0284987 -0.0509546 -0.0750116
0 -0.0280563 -0.0500402 -0.0738007
0 -0.0277009 -0.0493233 -0.0728076
0 -0.0274579 -0.0487946 -0.0720522
0 -0.0273418 -0.0484581 -0.0715595
0 -0.02735 -0.0483383 -0.0713497
0 -0.0274613 -0.0484563 -0.0714348
0 -0.0276502 -0.048814 -0.0718261
0 -0.027908 -0.049395 -0.0725352
0 -0.0282359 -0.050167 -0.0735608
0 -0.0286305 -0.0510966 -0.0748777
0 -0.0290864 -0.0521681 -0.0764384
0 -0.0295957 -0.0533759 -0.0781806
0 -0.0301527 -0.0547071 -0.0800428
0 -0.0307659 -0.0561373 -0.0819796
0 -0.0314451 -0.0576286 -0.0839583
0 -0.0321751 -0.0591331 -0.0859478
0 -0.0329104 -0.0606042 -0.087911
0 -0.0335975 -0.062006 -0.089804
0 -0.0341983 -0.0633124 -0.0915831
0 -0.0346996 -0.064494 -0.0932106
0 -0.0351097 -0.0655171 -0.094654
0 -0.0354478 -0.0663591 -0.0958836
0 -0.0357311 -0.0670167 -0.096869
0 -0.0359628 -0.0675019 -0.0975816
0 -0.0361349 -0.0678301 -0.0980059
0 -0.0362392 -0.0680052 -0.0981481
0 -0.0362726 -0.0680177 -0.0980376
0 -0.0362332 -0.0678568 -0.0977171
0 -0.0361174 -0.0675257 -0.0972254
0 -0.0359189 -0.0670442 -0.0965874
0 -0.0356354 -0.0664408 -0.0958168
0 -0.035281 -0.0657429 -0.0949267
0 -0.034882 -0.0649693 -0.0939318
0 -0.0344626 -0.0641291 -0.0928443
0 -0.0340354 -0.0632299 -0.0916708
0 -0.0335986 -0.062282 -0.0904134
0 -0.0331452 -0.0612974 -0.0890774
0 -0.0326717 -0.060286 -0.0876759
0 -0.0321842 -0.059255 -0.0862329
0 -0.0317015 -0.0582154 -0.0847839
0 -0.0312412 -0.0571847 -0.0833646
0 -0.0308079 -0.056187 -0.0820037
0 -0.0304038 -0.055252 -0.0807295
0 -0.0300357 -0.0544072 -0.0795709
0 -0.0297118 -0.0536742 -0.0785562
0 -0.0294439 -0.0530668 -0.0777132
0 -0.029246 -0.0525979 -0.0770655
0 -0.0291268 -0.0522872 -0.0766335
0 -0.029091 -0.0521571 -0.0764357
0 -0.0291429 -0.0522239 -0.0764879
0 -0.0292802 -0.0524925 -0.0768011
0 -0.0294944 -0.0529523 -0.077377
0 -0.0297766 -0.0535813 -0.0782057
0 -0.0301131 -0.0543529 -0.0792621
0 -0.0304866 -0.0552377 -0.0805043
0 -0.030888 -0.0562063 -0.0818811
0 -0.0313197 -0.057234 -0.0833445
0 -0.0317877 -0.0583027 -0.0848536
0 -0.0322911 -0.0593936 -0.0863702
0 -0.0328131 -0.0604841 -0.0878578
0 -0.0333293 -0.0615525 -0.0892861
0 -0.0338207 -0.0625766 -0.0906326
0 -0.0342698 -0.0635293 -0.0918799
0 -0.0346592 -0.0643797 -0.093009
0 -0.0349732 -0.065095 -0.0939926
0 -0.035197 -0.0656449 -0.0947944
0 -0.0353207 -0.0660061 -0.0953729
0 -0.0353426 -0.0661625 -0.0956861
0 -0.0352685 -0.0661038 -0.0956991
0 -0.0351105 -0.0658302 -0.0953919
0 -0.0348839 -0.0653536 -0.0947659
0 -0.0345988 -0.064692 -0.0938409
0 -0.0342521 -0.0638624 -0.0926492
0 -0.0338351 -0.0628787 -0.091234
0 -0.0333457 -0.0617588 -0.089647
0 -0.0327927 -0.0605313 -0.0879426
0 -0.0321971 -0.0592387 -0.0861744
0 -0.0315924 -0.0579333 -0.0843949
0 -0.0310142 -0.0566647 -0.0826569
0 -0.0304885 -0.0554732 -0.0810123
0 -0.0300317 -0.0543934 -0.0795113
0 -0.029653 -0.0534574 -0.0781978
0 -0.02935 -0.0526923 -0.0771074
0 -0.0291153 -0.0521133 -0.076268
0 -0.0289491 -0.0517262 -0.0757016
0 -0.0288562 -0.0515298 -0.075423
0 -0.0288373 -0.0515155 -0.0754306
0 -0.0288862 -0.0516694 -0.0757001
0 -0.0289916 -0.0519744 -0.0761895
0 -0.0291439 -0.0524086 -0.0768508
0 -0.0293408 -0.0529458 -0.0776373
0 -0.0295831 -0.0535597 -0.0785079
0 -0.0298715 -0.0542297 -0.0794322
0 -0.0302084 -0.0549498 -0.0803943
0 -0.0305919 -0.0557233 -0.08139
0 -0.0310087 -0.0565472 -0.0824191
0 -0.0314395 -0.057405 -0.0834836
0 -0.0318663 -0.0582713 -0.0845847
0 -0.03227 -0.0591174 -0.0857147
0 -0.0326323 -0.0599196 -0.086851
0 -0.0329466 -0.0606645 -0.0879607
0 -0.0332169 -0.0613459 -0.0890045
0 -0.0334507 -0.0619578 -0.0899399
0 -0.033659 -0.0624911 -0.0907303
0 -0.0338493 -0.0629351 -0.0913502
0 -0.03402 -0.0632789 -0.0917858
0 -0.0341612 -0.0635135 -0.0920377
0 -0.0342577 -0.0636327 -0.0921165
0 -0.0342931 -0.0636325 -0.0920402
0 -0.0342605 -0.0635161 -0.0918339
0 -0.0341662 -0.0632972 -0.0915254
0 -0.0340277 -0.0630004 -0.0911427
0 -0.0338674 -0.0626584 -0.090711
0 -0.0337041 -0.0623031 -0.0902494
0 -0.0335494 -0.0619576 -0.0897734
0 -0.0334065 -0.0616322 -0.0892972
0 -0.0332735 -0.0613251 -0.0888338
0 -0.0331443 -0.0610281 -0.0883944
0 -0.0330113 -0.0607338 -0.0879852
0 -0.0328677 -0.0604388 -0.0876041
0 -0.0327098 -0.060142 -0.0872433
0 -0.0325428 -0.059846 -0.0868942
0 -0.0323829 -0.0595603 -0.0865541
0 -0.0322481 -0.0592975 -0.0862258
0 -0.0321482 -0.059069 -0.0859131
0 -0.0320824 -0.0588829 -0.0856225
0 -0.0320435 -0.0587417 -0.0853661
0 -0.0320219 -0.0586414 -0.0851592
0 -0.0320065 -0.0585725 -0.0850147
0 -0.0319867 -0.0585235 -0.0849367
0 -0.0319553 -0.0584853 -0.0849188
0 -0.0319093 -0.0584518 -0.0849431
0 -0.0318516 -0.0584178 -0.0849839
0 -0.0317917 -0.05838 -0.0850158
0 -0.0317402 -0.0583353 -0.0850163
0 -0.0317015 -0.0582791 -0.084967
0 -0.0316723 -0.0582057 -0.0848571
0 -0.0316424 -0.0581068 -0.084683
0 -0.0315998 -0.0579739 -0.0844498
0 -0.0315373 -0.0578028 -0.0841713
0 -0.0314513 -0.0575936 -0.0838625
0 -0.0313415 -0.0573508 -0.083535
0 -0.0312103 -0.0570823 -0.083195
0 -0.0310651 -0.0567989 -0.0828456
0 -0.0309212 -0.056516 -0.0824937
0 -0.0307945 -0.0562502 -0.0821492
0 -0.0306956 -0.0560155 -0.0818231
0 -0.0306297 -0.0558249 -0.081531
0 -0.0305948 -0.0556874 -0.0812909
0 -0.0305837 -0.0556058 -0.0811201
0 -0.0305879 -0.0555774 -0.0810333
0 -0.0306048 -0.0556009 -0.0810433
0 -0.0306398 -0.0556806 -0.0811599
0 -0.0307011 -0.0558259 -0.0813859
0 -0.0307996 -0.0560512 -0.0817208
0 -0.0309471 -0.056372 -0.0821648
0 -0.0311533 -0.0567994 -0.0827213
0 -0.031423 -0.0573367 -0.0833974
0 -0.031753 -0.0579789 -0.0841999
0 -0.0321275 -0.0587115 -0.0851296
0 -0.0325207 -0.0595096 -0.0861742
0 -0.0329046 -0.0603411 -0.0873073
0 -0.033261 -0.0611723 -0.0884931
0 -0.0335873 -0.0619776 -0.0896904
0 -0.0338913 -0.0627432 -0.0908538
0 -0.0341855 -0.0634659 -0.0919393
0 -0.0344776 -0.0641437 -0.092907
0 -0.0347653 -0.0647657 -0.0937277
0 -0.0350393 -0.065312 -0.0943902
0 -0.0352838 -0.0657616 -0.0948988
0 -0.0354802 -0.0660977 -0.0952657
0 -0.0356095 -0.0663111 -0.0955026
0 -0.0356575 -0.0663993 -0.0956153
0 -0.0356213 -0.0663635 -0.0956035
0 -0.0355094 -0.0662055 -0.0954601
0 -0.0353369 -0.065928 -0.0951728
0 -0.035123 -0.0655402 -0.094731
0 -0.0348834 -0.0650562 -0.094129
0 -0.0346224 -0.0644867 -0.0933659
0 -0.0343363 -0.0638376 -0.0924516
0 -0.0340184 -0.0631102 -0.0914083
0 -0.0336621 -0.062304 -0.090264
0 -0.0332639 -0.0614237 -0.0890466
0 -0.032826 -0.0604849 -0.0877806
0 -0.0323625 -0.0595149 -0.0864895
0 -0.0319007 -0.0585513 -0.0852033
0 -0.0314732 -0.0576344 -0.0839578
0 -0.0311048 -0.0567981 -0.08279
0 -0.0308047 -0.0560667 -0.0817363
0 -0.030569 -0.0554556 -0.080831
0 -0.030386 -0.0549712 -0.0801014
0 -0.0302418 -0.0546114 -0.0795666
0 -0.0301287 -0.0543699 -0.0792366
0 -0.0300504 -0.054244 -0.0791117
0 -0.030017 -0.0542371 -0.0791812
0 -0.0300379 -0.0543529 -0.0794231
0 -0.0301205 -0.0545924 -0.0798097
0 -0.0302681 -0.0549519 -0.0803155
0 -0.0304783 -0.0554176 -0.0809207
0 -0.0307374 -0.0559623 -0.0816068
0 -0.0310184 -0.0565479 -0.0823509
0 -0.0312898 -0.0571324 -0.0831243
0 -0.0315232 -0.0576752 -0.0838905
0 -0.0316953 -0.0581373 -0.0846018
0 -0.0317949 -0.0584874 -0.0852051
0 -0.0318274 -0.0587075 -0.0856505
0 -0.0318097 -0.0587931 -0.0858969
0 -0.0317606 -0.0587514 -0.085918
0 -0.0316948 -0.0585975 -0.0857085
0 -0.0316201 -0.0583499 -0.0852882
0 -0.0315328 -0.0580231 -0.0846973
0 -0.0314207 -0.0576264 -0.0839891
0 -0.0312692 -0.0571642 -0.0832175
0 -0.0310616 -0.0566382 -0.0824251
0 -0.0307936 -0.0560569 -0.0816424
0 -0.0304796 -0.0554384 -0.0808867
0 -0.0301465 -0.0548096 -0.0801629
0 -0.0298298 -0.054204 -0.0794706
0 -0.0295625 -0.0536571 -0.0788107
0 -0.0293645 -0.0531964 -0.0781893
0 -0.0292403 -0.0528371 -0.0776232
0 -0.0291842 -0.052585 -0.0771457
0 -0.0291857 -0.0524425 -0.0768015
0 -0.0292318 -0.0524122 -0.0766354
0 -0.0293131 -0.0525035 -0.0766861
0 -0.0294296 -0.0527315 -0.07698
0 -0.0295913 -0.0531125 -0.0775276
0 -0.0298154 -0.0536619 -0.0783256
0 -0.0301199 -0.0543894 -0.0793594
0 -0.0305165 -0.0552957 -0.0806063
0 -0.0310066 -0.0563691 -0.0820403
0 -0.0315803 -0.0575825 -0.083634
0 -0.0322148 -0.0588957 -0.0853577
0 -0.0328743 -0.0602625 -0.0871772
0 -0.0335191 -0.0616356 -0.0890509
0 -0.0341193 -0.0629743 -0.0909271
0 -0.0346588 -0.0642456 -0.0927452
0 -0.0351323 -0.0654169 -0.0944404
0 -0.0355471 -0.0664583 -0.095953
0 -0.0359188 -0.0673521 -0.0972378
0 -0.0362563 -0.0680895 -0.0982641
0 -0.0365515 -0.0686679 -0.0990144
0 -0.0367855 -0.0690839 -0.0994866
0 -0.0369375 -0.0693275 -0.0996958
0 -0.03699 -0.0693816 -0.0996672
0 -0.0369281 -0.0692266 -0.09942
0 -0.0367418 -0.068852 -0.0989581
0 -0.0364321 -0.0682635 -0.0982729
0 -0.0360137 -0.0674785 -0.0973489
0 -0.035512 -0.0665189 -0.0961739
0 -0.0349572 -0.0654077 -0.0947492
0 -0.0343771 -0.0641717 -0.0930966
0 -0.0337892 -0.0628418 -0.091257
0 -0.0331983 -0.0614522 -0.0892856
0 -0.0326059 -0.0600432 -0.0872488
0 -0.0320172 -0.0586584 -0.0852207
0 -0.0314423 -0.0573313 -0.0832763
0 -0.0308917 -0.0560758 -0.081482
0 -0.0303719 -0.054902 -0.0798869
0 -0.0298889 -0.0538362 -0.0785164
0 -0.0294496 -0.052909 -0.077372
0 -0.0290658 -0.0521431 -0.0764431
0 -0.0287595 -0.0515579 -0.0757216
0 -0.0285606 -0.0511676 -0.0752105
0 -0.0284929 -0.0509804 -0.0749253
0 -0.0285586 -0.0510058 -0.0748832
0 -0.0287361 -0.0512508 -0.0750998
0 -0.0289929 -0.0517076 -0.0755887
0 -0.0293014 -0.052351 -0.076358
0 -0.0296456 -0.0531469 -0.0774031
0 -0.0300174 -0.0540582 -0.0786955
0 -0.030412 -0.0550544 -0.0801784
0 -0.0308293 -0.0561158 -0.0817781
0 -0.0312748 -0.0572252 -0.0834191
0 -0.0317566 -0.0583612 -0.0850389
0 -0.0322754 -0.0594945 -0.086593
0 -0.0328127 -0.06059 -0.0880475
0 -0.0333349 -0.0616174 -0.0893763
0 -0.0338077 -0.0625517 -0.0905624
0 -0.0342026 -0.0633652 -0.0915957
0 -0.0345035 -0.0640313 -0.0924695
0 -0.0347113 -0.0645322 -0.093177
0 -0.0348336 -0.0648615 -0.0937033
0 -0.0348772 -0.0650233 -0.094024
0 -0.034852 -0.0650308 -0.0941163
0 -0.0347711 -0.0648974 -0.0939686
0 -0.0346453 -0.0646296 -0.093586
0 -0.0344801 -0.0642305 -0.0929889
0 -0.0342738 -0.0637053 -0.0922081
0 -0.0340194 -0.0630662 -0.09128
0 -0.03371 -0.0623319 -0.0902412
0 -0.033345 -0.0615235 -0.0891242
0 -0.0329326 -0.0606612 -0.0879581
0 -0.0324925 -0.0597664 -0.0867682
0 -0.0320501 -0.0588627 -0.0855767
0 -0.0316281 -0.0579759 -0.0844014
0 -0.0312424 -0.0571318 -0.0832589
0 -0.0309015 -0.0563534 -0.0821721
0 -0.0306086 -0.0556575 -0.08117
0 -0.0303639 -0.0550534 -0.080284
0 -0.0301651 -0.0545484 -0.0795447
0 -0.0300073 -0.0541508 -0.078976
0 -0.0298889 -0.0538696 -0.0785938
0 -0.0298136 -0.0537141 -0.0784048
0 -0.0297862 -0.0536896 -0.0784058
0 -0.0298126 -0.0537953 -0.0785863
0 -0.0298992 -0.0540264 -0.0789308
0 -0.0300474 -0.0543763 -0.0794211
0 -0.0302516 -0.0548329 -0.080037
0 -0.0305021 -0.0553799 -0.0807583
0 -0.0307869 -0.0559968 -0.0815662
0 -0.0310928 -0.0566596 -0.0824429
0 -0.0314077 -0.0573445 -0.0833689
0 -0.0317207 -0.0580308 -0.0843206
0 -0.0320205 -0.0587008 -0.0852707
0 -0.0322989 -0.05934 -0.0861895
0 -0.032553 -0.0599348 -0.0870484
0 -0.0327832 -0.0604721 -0.0878214
0 -0.0329895 -0.060941 -0.0884867
0 -0.0331704 -0.0613336 -0.0890288
0 -0.0333222 -0.0616444 -0.0894384
0 -0.0334393 -0.0618688 -0.089714
0 -0.0335169 -0.062004 -0.0898611
0 -0.0335511 -0.0620486 -0.0898888
0 -0.0335387 -0.0620024 -0.0898072
0 -0.0334795 -0.0618693 -0.0896255
0 -0.0333773 -0.0616575 -0.0893515
0 -0.0332383 -0.0613772 -0.0889921
0 -0.0330724 -0.0610409 -0.0885548
0 -0.0328908 -0.0606621 -0.0880494
0 -0.0327029 -0.0602539 -0.0874895
0 -0.0325154 -0.0598295 -0.086891
0 -0.0323314 -0.059401 -0.0862721
0 -0.0321515 -0.0589786 -0.0856544
0 -0.0319766 -0.0585708 -0.0850595
0 -0.0318084 -0.058185 -0.0845072
0 -0.0316483 -0.0578291 -0.0840138
0 -0.0314994 -0.0575112 -0.0835893
0 -0.0313673 -0.05724 -0.0832394
0 -0.031258 -0.0570235 -0.0829671
0 -0.0311779 -0.0568679 -0.0827726
0 -0.0311325 -0.0567764 -0.0826556
0 -0.031123 -0.0567502 -0.0826158
0 -0.0311475 -0.0567882 -0.0826527
0 -0.0312015 -0.0568863 -0.0827658
0 -0.0312785 -0.0570383 -0.0829536
0 -0.0313726 -0.0572364 -0.0832125
0 -0.0314789 -0.0574719 -0.0835361
0 -0.0315938 -0.0577365 -0.0839135
0 -0.0317148 -0.0580225 -0.0843302
0 -0.0318404 -0.0583227 -0.0847694
0 -0.0319698 -0.0586289 -0.0852139
0 -0.0321025 -0.0589332 -0.0856479
0 -0.0322362 -0.0592276 -0.0860577
0 -0.0323663 -0.0595039 -0.0864326
0 -0.0324876 -0.0597545 -0.0867653
0 -0.0325945 -0.0599723 -0.0870507
0 -0.0326815 -0.0601512 -0.0872854
0 -0.0327451 -0.0602861 -0.0874672
0 -0.0327835 -0.0603742 -0.0875936
0 -0.0327968 -0.0604149 -0.0876617
0 -0.0327872 -0.0604087 -0.087669
0 -0.0327577 -0.0603582 -0.0876139
0 -0.032712 -0.0602671 -0.0874968
0 -0.0326532 -0.0601393 -0.087321
0 -0.0325837 -0.0599797 -0.0870927
0 -0.0325049 -0.0597936 -0.0868208
0 -0.0324173 -0.059586 -0.0865165
0 -0.0323217 -0.0593627 -0.0861921
0 -0.0322192 -0.0591295 -0.0858597
0 -0.0321121 -0.0588927 -0.08553
0 -0.0320036 -0.0586592 -0.0852119
0 -0.0318979 -0.058436 -0.0849127
0 -0.0317995 -0.05823 -0.0846379
0 -0.0317128 -0.058047 -0.0843922
0 -0.0316412 -0.0578918 -0.0841805
0 -0.0315869 -0.0577685 -0.084007
0 -0.0315508 -0.0576797 -0.083876
0 -0.0315317 -0.0576262 -0.0837914
0 -0.0315278 -0.0576082 -0.0837562
0 -0.0315377 -0.0576247 -0.083772
0 -0.03156 -0.0576732 -0.0838384
0 -0.0315934 -0.0577518 -0.0839522
0 -0.0316378 -0.0578581 -0.0841082
0 -0.0316926 -0.0579888 -0.0842994
0 -0.0317574 -0.0581405 -0.0845178
0 -0.0318314 -0.0583089 -0.0847552
0 -0.0319131 -0.0584887 -0.0850041
0 -0.0319998 -0.0586745 -0.0852576
0 -0.032088 -0.058861 -0.0855095
0 -0.0321735 -0.0590421 -0.085754
0 -0.0322527 -0.0592125 -0.085986
0 -0.0323229 -0.0593674 -0.0862004
0 -0.0323826 -0.0595024 -0.0863919
0 -0.0324307 -0.0596144 -0.0865549
0 -0.0324671 -0.0597018 -0.0866845
0 -0.0324921 -0.0597631 -0.0867764
0 -0.0325061 -0.0597976 -0.0868277
0 -0.0325096 -0.0598053 -0.0868377
0 -0.0325029 -0.0597865 -0.0868074
0 -0.0324855 -0.0597419 -0.0867394
0 -0.0324575 -0.0596735 -0.0866377
0 -0.0324187 -0.0595834 -0.086507
0 -0.03237 -0.0594741 -0.0863526
0 -0.0323126 -0.0593491 -0.0861798
0 -0.0322485 -0.0592121 -0.0859934
