0 -3.92548e-05
1.31019 6.09154e-05
2.62014 0.000161086
3.92981 0.000261256
5.23916 0.000361426
6.54815 0.000461596
7.85679 0.000561766
9.16508 0.000661936
10.473 0.000762106
11.7806 0.000862276
13.0878 0.000962446
14.3947 0.00106262
15.7013 0.00116279
17.0074 0.00126296
18.3133 0.00136312
19.6187 0.00146329
20.9239 0.00156346
22.2286 0.00166363
23.5331 0.0017638
24.8371 0.00186397
26.1408 0.00196414
27.4442 0.00206431
28.7472 0.00216448
30.0498 0.00226465
31.3521 0.00236482
32.654 0.00246499
33.9556 0.00256516
35.2556 0.00266533
36.5544 0.0027655
37.8487 0.00286567
39.1412 0.00296583
40.4304 0.003066
41.7174 0.00316617
42.9997 0.00326634
44.2755 0.00336651
45.5426 0.00346668
46.7996 0.00356684
48.0451 0.00366701
49.2765 0.00376718
50.5021 0.00386734
51.7201 0.00396751
52.9271 0.00406767
54.1184 0.00416782
55.2982 0.00426798
56.4694 0.00436813
57.6331 0.00446829
58.7877 0.00456845
59.9367 0.0046686
61.0701 0.00476875
62.1934 0.0048689
63.3112 0.00496905
64.4226 0.00506919
65.5254 0.00516934
66.6201 0.00526949
67.7054 0.00536963
68.781 0.00546978
69.8524 0.00556992
70.9063 0.00567005
71.9527 0.00577019
72.9947 0.00587032
74.0358 0.00597046
75.0756 0.00607059
76.1126 0.00617073
77.1432 0.00627086
78.1696 0.006371
79.1916 0.00647113
80.2053 0.00657127
81.2117 0.0066714
82.2147 0.00677154
83.2106 0.00687167
84.2025 0.0069718
85.192 0.00707192
86.1737 0.00717205
87.1536 0.00727218
88.1303 0.00737231
89.1045 0.00747244
90.0733 0.00757256
91.0413 0.00767268
92.0086 0.0077728
92.9751 0.00787292
93.9411 0.00797304
94.9057 0.00807316
95.8673 0.00817328
96.8266 0.00827341
97.7808 0.00837353
98.7323 0.00847364
99.6803 0.00857376
100.626 0.00867388
101.568 0.008774
102.505 0.0088741
103.438 0.00897421
104.369 0.00907432
105.294 0.00917444
106.216 0.00927455
107.137 0.00937466
108.057 0.00947477
108.972 0.00957489
109.885 0.00967501
110.795 0.00977512
111.7 0.00987523
112.602 0.00997535
113.5 0.0100755
114.394 0.0101756
115.282 0.0102757
116.165 0.0103758
117.04 0.0104759
117.912 0.010576
118.78 0.0106761
119.644 0.0107762
120.506 0.0108763
121.363 0.0109764
122.215 0.0110765
123.062 0.0111766
123.908 0.0112767
124.75 0.0113768
125.587 0.0114769
126.419 0.011577
127.247 0.0116771
128.071 0.0117772
128.894 0.0118773
129.716 0.0119774
130.535 0.0120775
131.351 0.0121776
132.164 0.0122777
132.974 0.0123778
133.783 0.0124779
134.59 0.012578
135.395 0.0126781
136.198 0.0127782
136.998 0.0128783
137.793 0.0129784
138.582 0.0130785
139.367 0.0131786
140.147 0.0132787
140.924 0.0133788
141.7 0.0134789
142.474 0.013579
143.245 0.0136791
144.015 0.0137792
144.782 0.0138792
145.546 0.0139793
146.305 0.0140794
147.062 0.0141795
147.816 0.0142796
148.567 0.0143797
149.315 0.0144798
150.059 0.0145799
150.8 0.01468
151.537 0.0147801
152.27 0.0148802
152.998 0.0149803
153.724 0.0150804
154.449 0.0151805
155.172 0.0152806
155.893 0.0153807
156.612 0.0154808
157.331 0.0155809
158.048 0.0156809
158.762 0.015781
159.472 0.0158811
160.179 0.0159812
160.883 0.0160813
161.584 0.0161814
162.285 0.0162815
162.983 0.0163816
163.68 0.0164817
164.376 0.0165818
165.07 0.0166819
165.762 0.016782
166.451 0.0168821
167.137 0.0169821
167.821 0.0170822
168.502 0.0171823
169.182 0.0172824
169.862 0.0173825
170.54 0.0174826
171.216 0.0175827
171.891 0.0176828
172.564 0.0177829
173.235 0.017883
173.904 0.0179831
174.571 0.0180832
175.234 0.0181833
175.895 0.0182833
176.556 0.0183834
177.216 0.0184835
177.875 0.0185836
178.532 0.0186837
179.187 0.0187838
179.84 0.0188839
180.493 0.018984
181.144 0.0190841
181.793 0.0191842
182.441 0.0192842
183.087 0.0193843
183.732 0.0194844
184.375 0.0195845
185.018 0.0196846
185.659 0.0197847
186.298 0.0198848
186.937 0.0199849
187.575 0.020085
188.212 0.0201851
188.848 0.0202851
189.483 0.0203852
190.116 0.0204853
190.748 0.0205854
191.377 0.0206855
192.006 0.0207856
192.635 0.0208857
193.262 0.0209858
193.889 0.0210859
194.514 0.021186
195.139 0.021286
195.763 0.0213861
196.386 0.0214862
197.006 0.0215863
197.625 0.0216864
198.243 0.0217865
198.859 0.0218866
199.475 0.0219867
200.089 0.0220868
200.702 0.0221868
201.314 0.0222869
201.923 0.022387
202.532 0.0224871
203.139 0.0225872
203.744 0.0226873
204.349 0.0227874
204.952 0.0228875
205.555 0.0229876
206.157 0.0230877
206.759 0.0231878
207.359 0.0232879
207.958 0.023388
208.555 0.023488
209.152 0.0235881
209.749 0.0236882
210.344 0.0237883
210.939 0.0238884
211.532 0.0239885
212.125 0.0240886
212.717 0.0241887
213.308 0.0242887
213.898 0.0243888
214.487 0.0244889
215.075 0.024589
215.663 0.0246891
216.249 0.0247892
216.835 0.0248893
217.42 0.0249894
218.003 0.0250895
218.585 0.0251896
219.167 0.0252896
219.747 0.0253897
220.327 0.0254898
220.906 0.0255899
221.485 0.02569
222.063 0.0257901
222.64 0.0258902
223.216 0.0259903
223.791 0.0260904
224.365 0.0261905
224.938 0.0262905
225.51 0.0263906
226.08 0.0264907
226.649 0.0265908
227.217 0.0266909
227.783 0.026791
228.349 0.0268911
228.913 0.0269911
229.477 0.0270912
230.039 0.0271913
230.602 0.0272914
231.163 0.0273915
231.724 0.0274916
232.284 0.0275916
232.843 0.0276917
233.402 0.0277918
233.959 0.0278919
234.516 0.027992
235.072 0.0280921
235.627 0.0281922
236.181 0.0282923
236.735 0.0283924
237.288 0.0284925
237.84 0.0285925
238.392 0.0286926
238.943 0.0287927
239.493 0.0288928
240.044 0.0289929
240.594 0.029093
241.143 0.0291931
241.691 0.0292932
242.239 0.0293933
242.785 0.0294933
243.33 0.0295934
243.875 0.0296935
244.418 0.0297936
244.962 0.0298937
245.504 0.0299938
246.046 0.0300939
246.586 0.030194
247.126 0.030294
247.665 0.0303941
248.203 0.0304942
248.74 0.0305943
249.277 0.0306944
249.813 0.0307945
250.349 0.0308946
250.884 0.0309947
251.418 0.0310948
251.952 0.0311948
252.484 0.0312949
253.015 0.031395
253.545 0.0314951
254.074 0.0315952
254.602 0.0316953
255.129 0.0317954
255.657 0.0318955
256.184 0.0319956
256.71 0.0320957
257.236 0.0321958
257.762 0.0322959
258.287 0.0323959
258.811 0.032496
259.334 0.0325961
259.857 0.0326962
260.379 0.0327963
260.901 0.0328964
261.422 0.0329965
261.943 0.0330965
262.464 0.0331966
262.984 0.0332967
263.503 0.0333968
264.022 0.0334969
264.54 0.033597
265.057 0.033697
265.574 0.0337971
266.09 0.0338972
266.605 0.0339973
267.12 0.0340974
267.634 0.0341975
268.147 0.0342976
268.661 0.0343976
269.173 0.0344977
269.685 0.0345978
270.196 0.0346979
270.707 0.034798
271.216 0.0348981
271.725 0.0349982
272.233 0.0350982
272.741 0.0351983
273.247 0.0352984
273.753 0.0353985
274.258 0.0354986
274.762 0.0355987
275.266 0.0356988
275.768 0.0357989
276.271 0.035899
276.772 0.035999
277.273 0.0360991
277.773 0.0361992
278.273 0.0362993
278.772 0.0363994
279.27 0.0364995
279.768 0.0365996
280.265 0.0366996
280.761 0.0367997
281.256 0.0368998
281.751 0.0369999
282.245 0.0371
282.739 0.0372001
283.232 0.0373002
283.724 0.0374002
284.215 0.0375003
284.706 0.0376004
285.196 0.0377005
285.685 0.0378006
286.173 0.0379007
286.661 0.0380007
287.147 0.0381008
287.633 0.0382009
288.118 0.038301
288.602 0.0384011
289.085 0.0385012
289.567 0.0386012
290.049 0.0387013
290.529 0.0388014
291.008 0.0389015
291.486 0.0390016
291.964 0.0391017
292.44 0.0392017
292.916 0.0393018
293.39 0.0394019
293.863 0.039502
294.335 0.0396021
294.805 0.0397021
295.275 0.0398022
295.743 0.0399023
296.21 0.0400024
296.676 0.0401025
297.14 0.0402026
297.603 0.0403026
298.065 0.0404027
298.526 0.0405028
298.985 0.0406029
299.442 0.040703
299.898 0.0408031
300.351 0.0409031
300.803 0.0410032
301.254 0.0411033
301.702 0.0412034
302.148 0.0413035
302.592 0.0414035
303.034 0.0415036
303.474 0.0416037
303.912 0.0417038
304.349 0.0418039
304.783 0.0419039
305.215 0.042004
305.645 0.0421041
306.072 0.0422042
306.497 0.0423043
306.92 0.0424043
307.34 0.0425044
307.758 0.0426045
308.173 0.0427046
308.585 0.0428047
308.994 0.0429047
309.401 0.0430048
309.805 0.0431049
310.206 0.043205
310.604 0.0433051
311 0.0434051
311.393 0.0435052
311.784 0.0436053
312.172 0.0437054
312.558 0.0438054
312.942 0.0439055
313.322 0.0440056
313.7 0.0441057
314.075 0.0442057
314.448 0.0443058
314.818 0.0444059
315.185 0.044506
315.55 0.044606
315.912 0.0447061
316.272 0.0448062
316.63 0.0449063
316.985 0.0450063
317.339 0.0451064
317.691 0.0452065
318.04 0.0453065
318.388 0.0454066
318.735 0.0455067
319.081 0.0456068
319.426 0.0457068
319.772 0.0458069
320.116 0.045907
320.459 0.046007
320.802 0.0461071
321.144 0.0462072
321.484 0.0463072
321.823 0.0464073
322.161 0.0465074
322.497 0.0466074
322.832 0.0467075
323.166 0.0468076
323.499 0.0469076
323.83 0.0470077
324.16 0.0471078
324.488 0.0472078
324.818 0.0473079
325.151 0.047408
325.483 0.047508
325.814 0.0476081
326.143 0.0477082
326.471 0.0478082
326.798 0.0479083
327.124 0.0480083
327.449 0.0481084
327.772 0.0482085
328.095 0.0483085
328.416 0.0484086
328.737 0.0485087
329.056 0.0486087
329.374 0.0487088
329.692 0.0488089
330.008 0.0489089
330.324 0.049009
330.638 0.0491091
330.951 0.0492091
331.262 0.0493092
331.573 0.0494092
331.882 0.0495093
332.19 0.0496094
332.497 0.0497094
332.802 0.0498095
333.106 0.0499096
333.409 0.0500096
333.713 0.0501097
334.017 0.0502097
334.319 0.0503098
334.621 0.0504099
334.921 0.0505099
335.22 0.05061
335.518 0.05071
335.815 0.0508101
336.11 0.0509102
336.404 0.0510102
336.697 0.0511103
336.988 0.0512104
337.279 0.0513104
337.568 0.0514105
337.856 0.0515105
338.143 0.0516106
338.429 0.0517106
338.714 0.0518107
338.998 0.0519108
339.281 0.0520108
339.564 0.0521109
339.845 0.0522109
340.126 0.052311
340.408 0.052411
340.688 0.0525111
340.968 0.0526112
341.246 0.0527112
341.524 0.0528113
341.801 0.0529113
342.077 0.0530114
342.352 0.0531114
342.626 0.0532115
342.9 0.0533115
343.172 0.0534116
343.444 0.0535116
343.714 0.0536117
343.984 0.0537117
344.253 0.0538118
344.522 0.0539118
344.79 0.0540119
345.057 0.0541119
345.323 0.054212
345.589 0.054312
345.853 0.0544121
346.118 0.0545121
346.381 0.0546122
346.645 0.0547122
346.91 0.0548123
347.174 0.0549123
347.438 0.0550124
347.701 0.0551124
347.963 0.0552125
348.224 0.0553125
348.485 0.0554126
348.745 0.0555126
349.005 0.0556127
349.264 0.0557127
349.522 0.0558127
349.781 0.0559128
350.038 0.0560128
350.296 0.0561129
350.552 0.0562129
350.809 0.056313
351.064 0.056413
351.319 0.0565131
351.573 0.0566131
351.827 0.0567132
352.08 0.0568132
352.333 0.0569133
352.585 0.0570133
352.838 0.0571134
353.091 0.0572134
353.342 0.0573135
353.594 0.0574135
353.847 0.0575136
354.099 0.0576136
354.351 0.0577137
354.602 0.0578137
354.853 0.0579138
355.103 0.0580138
355.353 0.0581139
355.602 0.0582139
355.851 0.058314
356.099 0.058414
356.347 0.0585141
356.596 0.0586141
356.845 0.0587142
357.093 0.0588142
357.34 0.0589143
357.587 0.0590143
357.834 0.0591144
358.08 0.0592145
358.326 0.0593145
358.571 0.0594146
358.817 0.0595146
359.062 0.0596147
359.307 0.0597147
359.552 0.0598148
359.796 0.0599149
360.039 0.0600149
360.282 0.060115
360.525 0.060215
360.767 0.0603151
361.008 0.0604151
361.249 0.0605152
361.49 0.0606153
361.73 0.0607153
361.97 0.0608154
362.209 0.0609154
362.449 0.0610155
362.688 0.0611156
362.927 0.0612156
363.166 0.0613157
363.404 0.0614157
363.642 0.0615158
363.88 0.0616159
364.118 0.0617159
364.355 0.061816
364.592 0.061916
364.829 0.0620161
365.065 0.0621161
365.301 0.0622162
365.536 0.0623163
365.771 0.0624163
366.006 0.0625164
366.241 0.0626164
366.476 0.0627165
366.71 0.0628165
366.943 0.0629166
367.177 0.0630167
367.409 0.0631167
367.641 0.0632168
367.873 0.0633168
368.104 0.0634169
368.334 0.0635169
368.564 0.063617
368.793 0.0637171
369.022 0.0638171
369.25 0.0639172
369.477 0.0640172
369.704 0.0641173
369.931 0.0642173
370.157 0.0643174
370.382 0.0644175
370.607 0.0645175
370.832 0.0646176
371.056 0.0647176
371.28 0.0648177
371.503 0.0649177
371.726 0.0650178
371.948 0.0651178
372.17 0.0652179
372.392 0.0653179
372.613 0.065418
372.833 0.065518
373.053 0.0656181
373.272 0.0657181
373.491 0.0658182
373.709 0.0659182
373.926 0.0660182
374.142 0.0661183
374.358 0.0662183
374.573 0.0663184
374.787 0.0664184
375 0.0665185
375.213 0.0666185
375.425 0.0667186
375.635 0.0668186
375.845 0.0669187
376.054 0.0670187
376.262 0.0671188
376.468 0.0672188
376.674 0.0673189
376.878 0.0674189
377.081 0.067519
377.283 0.067619
377.484 0.067719
377.685 0.0678191
377.884 0.0679191
378.082 0.0680192
378.279 0.0681192
378.475 0.0682192
378.671 0.0683192
378.866 0.0684193
379.06 0.0685193
379.254 0.0686193
379.446 0.0687194
379.637 0.0688194
379.827 0.0689194
380.016 0.0690195
380.204 0.0691195
380.391 0.0692195
380.576 0.0693195
380.761 0.0694196
380.944 0.0695196
381.125 0.0696196
381.305 0.0697197
381.484 0.0698197
381.662 0.0699197
381.838 0.0700197
382.013 0.0701198
382.186 0.0702198
382.358 0.0703198
382.529 0.0704199
382.698 0.0705199
382.866 0.0706199
383.032 0.07072
383.197 0.07082
383.361 0.07092
383.523 0.0710201
383.683 0.0711201
383.842 0.0712201
383.999 0.0713201
384.155 0.0714202
384.31 0.0715202
384.464 0.0716202
384.617 0.0717202
384.768 0.0718203
384.919 0.0719203
385.069 0.0720203
385.218 0.0721204
385.365 0.0722204
385.511 0.0723205
385.657 0.0724205
385.8 0.0725205
385.943 0.0726206
386.085 0.0727206
386.225 0.0728207
386.365 0.0729207
386.503 0.0730208
386.639 0.0731208
386.774 0.0732209
386.908 0.0733209
387.041 0.073421
387.174 0.073521
387.305 0.0736211
387.436 0.0737211
387.565 0.0738212
387.694 0.0739213
387.823 0.0740213
387.95 0.0741214
388.076 0.0742214
388.202 0.0743215
388.326 0.0744215
388.45 0.0745216
388.573 0.0746217
388.696 0.0747217
388.818 0.0748218
388.939 0.0749218
389.06 0.0750219
389.18 0.075122
389.3 0.075222
389.42 0.0753221
389.539 0.0754221
389.657 0.0755222
389.774 0.0756222
389.891 0.0757223
390.008 0.0758224
390.124 0.0759224
390.241 0.0760225
390.357 0.0761225
390.472 0.0762226
390.587 0.0763226
390.702 0.0764227
390.815 0.0765228
390.928 0.0766228
391.041 0.0767229
391.153 0.0768229
391.265 0.076923
391.376 0.077023
391.487 0.0771231
391.598 0.0772232
391.708 0.0773232
391.819 0.0774233
391.928 0.0775233
392.037 0.0776234
392.146 0.0777234
392.255 0.0778235
392.363 0.0779236
392.471 0.0780236
392.58 0.0781237
392.688 0.0782237
392.796 0.0783238
392.904 0.0784238
393.012 0.0785239
393.12 0.0786239
393.228 0.078724
393.335 0.078824
393.442 0.0789241
393.549 0.0790241
393.655 0.0791242
393.76 0.0792242
393.866 0.0793243
393.971 0.0794243
394.075 0.0795244
394.179 0.0796244
394.283 0.0797245
394.386 0.0798245
394.488 0.0799246
394.591 0.0800246
394.692 0.0801247
394.793 0.0802247
394.894 0.0803248
394.994 0.0804248
395.093 0.0805249
395.192 0.0806249
395.291 0.080725
395.389 0.080825
395.487 0.0809251
395.584 0.0810251
395.68 0.0811252
395.777 0.0812252
395.872 0.0813253
395.967 0.0814253
396.062 0.0815254
396.156 0.0816254
396.249 0.0817255
396.342 0.0818255
396.434 0.0819255
396.526 0.0820256
396.616 0.0821256
396.706 0.0822257
396.796 0.0823257
396.884 0.0824257
396.971 0.0825258
397.057 0.0826258
397.143 0.0827258
397.227 0.0828259
397.31 0.0829259
397.391 0.0830259
397.472 0.083126
397.551 0.083226
397.629 0.083326
397.705 0.083426
397.78 0.0835261
397.856 0.0836261
397.931 0.0837261
398.007 0.0838261
398.08 0.0839261
398.153 0.0840261
398.224 0.0841261
398.295 0.0842262
398.365 0.0843262
398.435 0.0844262
398.504 0.0845262
398.574 0.0846262
398.643 0.0847262
398.713 0.0848262
398.782 0.0849262
398.85 0.0850262
398.916 0.0851262
398.981 0.0852262
399.047 0.0853262
399.112 0.0854262
399.178 0.0855262
399.244 0.0856262
399.311 0.0857263
399.377 0.0858263
399.442 0.0859263
399.507 0.0860263
399.572 0.0861263
399.636 0.0862263
399.7 0.0863263
399.763 0.0864263
399.826 0.0865263
399.888 0.0866263
399.949 0.0867263
400.009 0.0868263
400.068 0.0869263
400.128 0.0870264
400.187 0.0871264
400.245 0.0872264
400.303 0.0873264
400.361 0.0874264
400.419 0.0875264
400.477 0.0876264
400.534 0.0877264
400.59 0.0878264
400.647 0.0879264
400.703 0.0880264
400.76 0.0881265
400.816 0.0882265
400.873 0.0883265
400.93 0.0884265
400.987 0.0885265
401.043 0.0886265
401.099 0.0887265
401.155 0.0888265
401.211 0.0889265
401.267 0.0890265
401.322 0.0891265
401.378 0.0892265
401.434 0.0893265
401.49 0.0894265
401.546 0.0895266
401.602 0.0896266
401.657 0.0897266
401.713 0.0898266
401.769 0.0899266
401.824 0.0900266
401.88 0.0901266
401.935 0.0902267
401.991 0.0903267
402.046 0.0904267
402.101 0.0905267
402.156 0.0906267
402.212 0.0907267
402.267 0.0908268
402.321 0.0909268
402.376 0.0910268
402.431 0.0911268
402.485 0.0912268
402.539 0.0913269
402.593 0.0914269
402.648 0.0915269
402.702 0.0916269
402.756 0.0917269
402.809 0.091827
402.863 0.091927
402.916 0.092027
402.969 0.092127
403.022 0.0922271
403.075 0.0923271
403.127 0.0924271
403.179 0.0925271
403.231 0.0926271
403.283 0.0927272
403.334 0.0928272
403.386 0.0929272
403.437 0.0930272
403.487 0.0931272
403.538 0.0932273
403.588 0.0933273
403.638 0.0934273
403.687 0.0935273
403.737 0.0936273
403.786 0.0937274
403.836 0.0938274
403.885 0.0939274
403.933 0.0940274
403.982 0.0941274
404.03 0.0942275
404.077 0.0943275
404.124 0.0944275
404.171 0.0945275
404.217 0.0946275
404.264 0.0947275
404.31 0.0948276
404.356 0.0949276
404.401 0.0950276
404.447 0.0951276
404.492 0.0952276
404.537 0.0953277
404.583 0.0954277
404.628 0.0955277
404.673 0.0956277
404.717 0.0957277
404.762 0.0958277
404.806 0.0959278
404.85 0.0960278
404.895 0.0961278
404.939 0.0962278
404.982 0.0963278
405.026 0.0964278
405.07 0.0965279
405.113 0.0966279
405.156 0.0967279
405.2 0.0968279
405.243 0.0969279
405.286 0.0970279
405.33 0.097128
405.372 0.097228
405.415 0.097328
405.458 0.097428
405.5 0.097528
405.543 0.097628
405.585 0.0977281
405.628 0.0978281
405.67 0.0979281
405.712 0.0980281
405.754 0.0981281
405.796 0.0982281
405.838 0.0983282
405.879 0.0984282
405.92 0.0985282
405.961 0.0986282
406.001 0.0987282
406.041 0.0988283
406.082 0.0989283
406.122 0.0990283
406.162 0.0991283
406.202 0.0992283
406.242 0.0993283
406.282 0.0994284
406.322 0.0995284
406.362 0.0996284
406.402 0.0997284
406.441 0.0998284
406.481 0.0999285
406.52 0.100028
406.559 0.100129
406.598 0.100229
406.636 0.100329
406.675 0.100429
406.713 0.100529
406.751 0.100629
406.79 0.100729
406.828 0.100829
406.866 0.100929
406.904 0.101029
406.942 0.101129
406.98 0.101229
407.017 0.101329
407.055 0.101429
407.092 0.101529
407.13 0.101629
407.167 0.101729
407.204 0.101829
407.241 0.101929
407.278 0.102029
407.315 0.102129
407.353 0.102229
407.39 0.102329
407.427 0.102429
407.464 0.102529
407.5 0.102629
407.537 0.102729
407.574 0.102829
407.61 0.102929
407.647 0.103029
407.683 0.103129
407.719 0.103229
407.755 0.103329
407.791 0.103429
407.827 0.103529
407.863 0.103629
407.899 0.103729
407.935 0.103829
407.97 0.103929
408.006 0.104029
408.041 0.104129
408.076 0.104229
408.111 0.104329
408.146 0.10443
408.181 0.10453
408.215 0.10463
408.25 0.10473
408.285 0.10483
408.319 0.10493
408.353 0.10503
408.388 0.10513
408.422 0.10523
408.456 0.10533
408.49 0.10543
408.524 0.10553
408.558 0.10563
408.592 0.10573
408.625 0.10583
408.659 0.10593
408.692 0.10603
408.725 0.10613
408.758 0.10623
408.792 0.10633
408.825 0.10643
408.858 0.10653
408.89 0.10663
408.923 0.10673
408.956 0.10683
408.988 0.10693
409.021 0.10703
409.054 0.10713
409.086 0.10723
409.118 0.10733
409.15 0.10743
409.182 0.10753
409.214 0.10763
409.246 0.10773
409.278 0.10783
409.309 0.10793
409.341 0.10803
409.372 0.10813
409.403 0.10823
409.435 0.10833
409.466 0.10843
409.497 0.108531
409.527 0.108631
409.558 0.108731
409.589 0.108831
409.619 0.108931
409.65 0.109031
409.68 0.109131
409.71 0.109231
409.74 0.109331
409.77 0.109431
409.8 0.109531
409.83 0.109631
409.859 0.109731
409.889 0.109831
409.918 0.109931
409.947 0.110031
409.976 0.110131
410.005 0.110231
410.034 0.110331
410.063 0.110431
410.092 0.110531
410.121 0.110631
410.149 0.110731
410.177 0.110831
410.206 0.110931
410.234 0.111031
410.262 0.111131
410.29 0.111231
410.318 0.111331
410.346 0.111431
410.374 0.111531
410.401 0.111631
410.429 0.111731
410.456 0.111831
410.484 0.111931
410.511 0.112031
410.538 0.112131
410.565 0.112231
410.592 0.112331
410.619 0.112431
410.646 0.112531
410.673 0.112631
410.699 0.112731
410.726 0.112831
410.752 0.112932
410.778 0.113032
410.803 0.113132
410.829 0.113232
410.855 0.113332
410.88 0.113432
410.905 0.113532
410.93 0.113632
410.956 0.113732
410.981 0.113832
411.005 0.113932
411.03 0.114032
411.055 0.114132
411.08 0.114232
411.104 0.114332
411.129 0.114432
411.153 0.114532
411.178 0.114632
411.202 0.114732
411.226 0.114832
411.25 0.114932
411.274 0.115032
411.299 0.115132
411.322 0.115232
411.346 0.115332
411.37 0.115432
411.394 0.115532
411.418 0.115632
411.441 0.115732
411.464 0.115832
411.488 0.115932
411.511 0.116032
411.534 0.116132
411.557 0.116232
411.58 0.116332
411.603 0.116432
411.626 0.116532
411.649 0.116632
411.671 0.116732
411.694 0.116832
411.717 0.116932
411.739 0.117032
411.761 0.117132
411.784 0.117232
411.806 0.117332
411.828 0.117432
411.85 0.117532
411.872 0.117632
411.894 0.117732
411.916 0.117832
411.938 0.117932
411.96 0.118032
411.981 0.118132
412.003 0.118232
412.024 0.118333
412.046 0.118433
412.067 0.118533
412.088 0.118633
412.109 0.118733
412.13 0.118833
412.151 0.118933
412.172 0.119033
412.193 0.119133
412.213 0.119233
412.234 0.119333
412.254 0.119433
412.274 0.119533
412.295 0.119633
412.315 0.119733
412.335 0.119833
412.354 0.119933
412.374 0.120033
412.394 0.120133
412.414 0.120233
412.433 0.120333
412.453 0.120433
412.472 0.120533
412.491 0.120633
412.511 0.120733
412.53 0.120833
412.549 0.120933
412.568 0.121033
412.586 0.121133
412.605 0.121233
412.624 0.121333
412.642 0.121433
412.66 0.121533
412.679 0.121633
412.697 0.121733
412.715 0.121833
412.733 0.121933
412.751 0.122033
412.769 0.122133
412.787 0.122233
412.804 0.122333
412.822 0.122433
412.839 0.122533
412.857 0.122633
412.874 0.122733
412.891 0.122833
412.908 0.122933
412.925 0.123033
412.942 0.123133
412.959 0.123233
412.975 0.123333
412.992 0.123433
413.008 0.123533
413.025 0.123633
413.041 0.123733
413.057 0.123833
413.074 0.123933
413.09 0.124033
413.106 0.124133
413.121 0.124233
413.137 0.124333
413.153 0.124433
413.168 0.124533
413.184 0.124633
413.199 0.124733
413.214 0.124833
413.23 0.124933
413.245 0.125033
413.26 0.125133
413.275 0.125233
413.289 0.125333
413.304 0.125433
413.319 0.125533
413.333 0.125633
413.347 0.125733
413.362 0.125833
413.376 0.125933
413.39 0.126033
413.404 0.126133
413.418 0.126233
413.432 0.126333
413.446 0.126433
413.459 0.126533
413.473 0.126633
413.486 0.126733
413.499 0.126833
413.513 0.126933
413.526 0.127033
413.539 0.127133
413.551 0.127233
413.564 0.127333
413.577 0.127433
413.589 0.127533
413.602 0.127633
413.614 0.127733
413.627 0.127833
413.639 0.127933
413.651 0.128033
413.663 0.128133
413.675 0.128233
413.686 0.128333
413.698 0.128433
413.71 0.128533
413.721 0.128633
413.732 0.128733
413.744 0.128833
413.755 0.128933
413.766 0.129033
413.777 0.129133
413.788 0.129233
413.799 0.129333
413.809 0.129433
413.82 0.129533
413.831 0.129633
413.841 0.129733
413.851 0.129833
413.861 0.129934
413.872 0.130034
413.882 0.130134
413.892 0.130234
413.901 0.130334
413.911 0.130434
413.921 0.130534
413.93 0.130634
413.94 0.130734
413.949 0.130834
413.958 0.130934
413.967 0.131034
413.976 0.131134
413.985 0.131234
413.994 0.131334
414.003 0.131434
414.011 0.131534
414.02 0.131634
414.028 0.131734
414.036 0.131834
414.044 0.131934
414.052 0.132034
414.06 0.132134
414.068 0.132234
414.076 0.132334
414.083 0.132434
414.091 0.132534
414.098 0.132634
414.106 0.132734
414.113 0.132834
414.12 0.132934
414.127 0.133034
414.134 0.133134
414.141 0.133234
414.147 0.133334
414.154 0.133434
414.16 0.133534
414.167 0.133634
414.173 0.133734
414.179 0.133834
414.185 0.133934
414.191 0.134034
414.197 0.134134
414.202 0.134234
414.208 0.134334
414.213 0.134434
414.219 0.134534
414.224 0.134634
414.229 0.134734
414.234 0.134834
414.239 0.134934
414.244 0.135034
414.249 0.135134
414.253 0.135234
414.258 0.135334
414.262 0.135434
414.266 0.135534
414.27 0.135634
414.274 0.135734
414.278 0.135834
414.282 0.135934
414.286 0.136034
414.289 0.136134
414.293 0.136234
414.296 0.136334
414.299 0.136434
414.302 0.136534
414.305 0.136634
414.308 0.136734
414.31 0.136834
414.313 0.136934
414.315 0.137034
414.317 0.137134
414.32 0.137234
414.322 0.137334
414.324 0.137434
414.326 0.137534
414.327 0.137634
414.329 0.137734
414.33 0.137834
414.332 0.137934
414.333 0.138034
414.334 0.138134
414.335 0.138234
414.336 0.138334
414.337 0.138434
414.338 0.138534
414.339 0.138634
414.339 0.138734
414.339 0.138834
414.339 0.138934
414.339 0.139034
414.339 0.139134
414.339 0.139234
414.338 0.139334
414.337 0.139434
414.336 0.139534
414.335 0.139634
414.334 0.139734
414.333 0.139834
414.331 0.139934
414.33 0.140034
414.328 0.140134
414.326 0.140234
414.325 0.140334
414.323 0.140434
414.321 0.140534
414.318 0.140634
414.316 0.140734
414.314 0.140834
414.312 0.140934
414.309 0.141034
414.306 0.141134
414.304 0.141234
414.301 0.141334
414.298 0.141434
414.295 0.141534
414.292 0.141634
414.289 0.141734
414.285 0.141834
414.282 0.141934
414.278 0.142034
414.275 0.142134
414.271 0.142234
414.267 0.142334
414.263 0.142434
414.259 0.142534
414.255 0.142634
414.251 0.142734
414.246 0.142834
414.242 0.142934
414.237 0.143034
414.233 0.143134
414.228 0.143234
414.223 0.143334
414.217 0.143434
414.211 0.143534
414.205 0.143634
414.199 0.143734
414.193 0.143834
414.187 0.143934
414.18 0.144034
414.174 0.144134
414.167 0.144234
414.161 0.144334
414.154 0.144434
414.148 0.144534
414.141 0.144634
414.134 0.144734
414.127 0.144834
414.12 0.144934
414.113 0.145034
414.106 0.145134
414.098 0.145234
414.091 0.145334
414.083 0.145434
414.076 0.145534
414.068 0.145634
414.061 0.145734
414.053 0.145834
414.045 0.145934
414.037 0.146034
414.029 0.146134
414.02 0.146234
414.012 0.146334
414.003 0.146434
413.995 0.146534
413.986 0.146634
413.977 0.146734
413.969 0.146834
413.96 0.146934
413.951 0.147034
413.941 0.147134
413.932 0.147234
413.923 0.147334
413.914 0.147434
413.904 0.147534
413.895 0.147634
413.885 0.147734
413.875 0.147834
413.866 0.147934
413.856 0.148034
413.846 0.148134
413.836 0.148234
413.826 0.148334
413.816 0.148434
413.805 0.148534
413.795 0.148634
413.785 0.148734
413.774 0.148834
413.764 0.148934
413.753 0.149034
413.742 0.149134
413.731 0.149234
413.721 0.149334
413.709 0.149434
413.698 0.149534
413.687 0.149634
413.676 0.149734
413.664 0.149834
413.652 0.149934
413.64 0.150034
413.628 0.150134
413.615 0.150234
413.603 0.150334
413.59 0.150434
413.577 0.150534
413.564 0.150634
413.551 0.150734
413.538 0.150834
413.525 0.150934
413.512 0.151034
413.498 0.151134
413.485 0.151234
413.472 0.151334
413.458 0.151434
413.444 0.151534
413.431 0.151634
413.417 0.151734
413.403 0.151834
413.389 0.151934
413.375 0.152034
413.361 0.152134
413.347 0.152234
413.333 0.152334
413.319 0.152434
413.305 0.152534
413.29 0.152634
413.276 0.152734
413.262 0.152834
413.247 0.152934
413.232 0.153034
413.218 0.153134
413.203 0.153234
413.188 0.153334
413.174 0.153434
413.159 0.153534
413.144 0.153634
413.129 0.153734
413.114 0.153834
413.098 0.153934
413.083 0.154034
413.068 0.154134
413.052 0.154234
413.037 0.154334
413.021 0.154434
413.006 0.154534
412.99 0.154634
412.974 0.154734
412.959 0.154834
412.942 0.154934
412.926 0.155034
412.909 0.155134
412.892 0.155234
412.875 0.155334
412.858 0.155434
412.841 0.155534
412.824 0.155634
412.807 0.155734
412.79 0.155834
412.773 0.155934
412.756 0.156034
412.739 0.156134
412.722 0.156234
412.705 0.156334
412.688 0.156434
412.671 0.156534
412.654 0.156634
412.637 0.156734
412.62 0.156834
412.603 0.156934
412.587 0.157034
412.57 0.157134
412.553 0.157234
412.536 0.157334
412.519 0.157434
412.502 0.157534
412.484 0.157634
412.467 0.157734
412.45 0.157834
412.433 0.157934
412.415 0.158034
412.398 0.158134
412.381 0.158234
412.363 0.158334
412.346 0.158434
412.328 0.158534
412.311 0.158634
412.294 0.158734
412.276 0.158834
412.258 0.158934
412.241 0.159034
412.223 0.159134
412.206 0.159234
412.188 0.159334
412.171 0.159434
412.153 0.159534
412.135 0.159634
412.118 0.159734
412.1 0.159834
412.082 0.159934
412.064 0.160034
412.046 0.160134
412.028 0.160234
412.01 0.160334
411.992 0.160434
411.974 0.160534
411.955 0.160634
411.937 0.160734
411.919 0.160834
411.9 0.160934
411.882 0.161033
411.863 0.161133
411.845 0.161233
411.826 0.161333
411.808 0.161433
411.79 0.161533
411.772 0.161633
411.754 0.161733
411.736 0.161833
411.718 0.161933
411.7 0.162033
411.682 0.162133
411.664 0.162233
411.646 0.162333
411.628 0.162433
411.609 0.162533
411.591 0.162633
411.573 0.162733
411.555 0.162833
411.537 0.162933
411.519 0.163033
411.501 0.163133
411.483 0.163233
411.465 0.163333
411.447 0.163433
411.429 0.163533
411.411 0.163633
411.392 0.163733
411.374 0.163833
411.356 0.163933
411.338 0.164033
411.319 0.164133
411.301 0.164233
411.283 0.164333
411.264 0.164433
411.245 0.164533
411.227 0.164633
411.208 0.164733
411.189 0.164833
411.17 0.164933
411.151 0.165033
411.132 0.165133
411.113 0.165233
411.094 0.165333
411.075 0.165433
411.056 0.165533
411.037 0.165633
411.018 0.165733
410.998 0.165833
410.979 0.165933
410.96 0.166033
410.941 0.166133
410.922 0.166233
410.903 0.166333
410.883 0.166433
410.864 0.166533
410.845 0.166633
410.826 0.166733
410.807 0.166833
410.787 0.166933
410.768 0.167033
410.749 0.167133
410.73 0.167233
410.711 0.167333
410.691 0.167433
410.672 0.167533
410.653 0.167633
410.634 0.167733
410.615 0.167833
410.596 0.167933
410.577 0.168033
410.558 0.168133
410.539 0.168233
410.52 0.168333
410.501 0.168433
410.481 0.168533
410.462 0.168633
410.443 0.168733
410.424 0.168833
410.404 0.168933
410.385 0.169033
410.366 0.169133
410.346 0.169233
410.327 0.169333
410.308 0.169433
410.288 0.169533
410.269 0.169633
410.25 0.169733
410.23 0.169833
410.211 0.169933
410.192 0.170033
410.173 0.170133
410.154 0.170233
410.135 0.170333
410.117 0.170433
410.098 0.170533
410.079 0.170633
410.06 0.170733
410.041 0.170833
410.023 0.170933
410.004 0.171033
409.985 0.171133
409.966 0.171233
409.947 0.171333
409.929 0.171433
409.91 0.171533
409.891 0.171633
409.872 0.171733
409.853 0.171833
409.834 0.171933
409.815 0.172033
409.796 0.172133
409.778 0.172233
409.759 0.172333
409.74 0.172433
409.721 0.172533
409.702 0.172633
409.683 0.172733
409.664 0.172833
409.645 0.172933
409.626 0.173033
409.607 0.173133
409.588 0.173233
409.57 0.173333
409.551 0.173433
409.532 0.173533
409.513 0.173633
409.494 0.173733
409.475 0.173833
409.456 0.173933
409.437 0.174033
409.418 0.174133
409.399 0.174233
409.38 0.174333
409.361 0.174433
409.342 0.174533
409.323 0.174633
409.304 0.174733
409.286 0.174833
409.267 0.174933
409.249 0.175033
409.23 0.175133
409.212 0.175233
409.194 0.175333
409.176 0.175433
409.158 0.175533
409.14 0.175633
409.122 0.175733
409.104 0.175833
409.085 0.175933
409.067 0.176033
409.049 0.176133
409.031 0.176233
409.013 0.176333
408.995 0.176433
408.977 0.176533
408.958 0.176633
408.94 0.176733
408.922 0.176833
408.904 0.176933
408.885 0.177033
408.867 0.177133
408.849 0.177233
408.83 0.177333
408.812 0.177433
408.794 0.177533
408.775 0.177633
408.757 0.177733
408.739 0.177833
408.72 0.177933
408.702 0.178033
408.683 0.178133
408.665 0.178233
408.646 0.178333
408.628 0.178433
408.609 0.178533
408.591 0.178633
408.572 0.178733
408.554 0.178833
408.535 0.178933
408.516 0.179033
408.498 0.179133
408.479 0.179233
408.461 0.179333
408.442 0.179433
408.423 0.179533
408.404 0.179633
408.386 0.179733
408.367 0.179833
408.348 0.179933
408.33 0.180033
408.311 0.180133
408.293 0.180233
408.274 0.180333
408.255 0.180433
408.237 0.180533
408.218 0.180633
408.2 0.180733
408.181 0.180833
408.163 0.180933
408.144 0.181033
408.126 0.181133
408.107 0.181233
408.089 0.181333
408.07 0.181433
408.052 0.181533
408.033 0.181633
408.015 0.181733
407.996 0.181833
407.978 0.181933
407.959 0.182033
407.941 0.182133
407.922 0.182233
407.904 0.182333
407.885 0.182433
407.866 0.182533
407.848 0.182633
407.829 0.182733
407.811 0.182833
407.792 0.182933
407.773 0.183033
407.755 0.183133
407.736 0.183233
407.717 0.183333
407.698 0.183433
407.68 0.183533
407.661 0.183633
407.642 0.183733
407.624 0.183833
407.605 0.183933
407.587 0.184033
407.569 0.184133
407.551 0.184233
407.533 0.184333
407.515 0.184433
407.496 0.184533
407.478 0.184633
407.46 0.184733
407.442 0.184833
407.424 0.184933
407.405 0.185033
407.387 0.185133
407.369 0.185233
407.35 0.185333
407.332 0.185433
407.314 0.185533
407.295 0.185633
407.277 0.185733
407.259 0.185833
407.241 0.185933
407.222 0.186033
407.204 0.186133
407.186 0.186233
407.168 0.186333
407.149 0.186433
407.131 0.186533
407.113 0.186633
407.094 0.186733
407.076 0.186833
407.058 0.186933
407.039 0.187033
407.021 0.187133
407.002 0.187233
406.984 0.187333
406.965 0.187433
406.947 0.187533
406.928 0.187633
406.91 0.187733
406.891 0.187833
406.873 0.187933
406.854 0.188033
406.836 0.188133
406.817 0.188233
406.798 0.188333
406.78 0.188433
406.761 0.188533
406.742 0.188633
406.724 0.188733
406.705 0.188833
406.686 0.188933
406.668 0.189033
406.649 0.189133
406.631 0.189233
406.613 0.189333
406.595 0.189433
406.577 0.189533
406.559 0.189633
406.541 0.189733
406.523 0.189833
406.505 0.189933
406.487 0.190033
406.469 0.190133
406.451 0.190233
406.433 0.190333
406.415 0.190433
406.397 0.190533
406.379 0.190633
406.361 0.190733
406.343 0.190833
406.324 0.190933
406.306 0.191033
406.288 0.191133
406.27 0.191233
406.251 0.191333
406.233 0.191433
406.215 0.191533
406.196 0.191633
406.178 0.191732
406.16 0.191832
406.141 0.191932
406.123 0.192032
406.104 0.192132
406.086 0.192232
406.068 0.192332
406.049 0.192432
406.03 0.192532
406.012 0.192632
405.993 0.192732
405.975 0.192832
405.956 0.192932
405.938 0.193032
405.919 0.193132
405.9 0.193232
405.882 0.193332
405.863 0.193432
405.844 0.193532
405.825 0.193632
405.807 0.193732
405.788 0.193832
405.769 0.193932
405.75 0.194032
405.731 0.194132
405.712 0.194232
405.693 0.194332
405.674 0.194432
405.655 0.194532
405.636 0.194632
405.617 0.194732
405.598 0.194832
405.579 0.194932
405.56 0.195032
405.541 0.195132
405.522 0.195232
405.503 0.195332
405.484 0.195432
405.464 0.195532
405.445 0.195632
405.426 0.195732
405.407 0.195832
405.387 0.195932
405.368 0.196032
405.349 0.196132
405.329 0.196232
405.31 0.196332
405.291 0.196432
405.271 0.196532
405.252 0.196632
405.232 0.196732
405.213 0.196832
405.193 0.196932
405.174 0.197032
405.154 0.197132
405.134 0.197232
405.115 0.197332
405.095 0.197432
405.075 0.197532
405.056 0.197632
405.036 0.197732
405.016 0.197832
404.996 0.197932
404.976 0.198032
404.956 0.198132
404.937 0.198232
404.917 0.198332
404.897 0.198432
404.877 0.198532
404.857 0.198632
404.837 0.198732
404.817 0.198832
404.797 0.198932
404.777 0.199032
404.756 0.199132
404.736 0.199232
404.716 0.199332
404.696 0.199432
404.676 0.199532
404.655 0.199632
404.635 0.199732
404.615 0.199832
404.594 0.199932
404.574 0.200032
404.554 0.200132
404.533 0.200232
404.513 0.200332
404.492 0.200432
404.472 0.200532
404.451 0.200632
404.43 0.200732
404.41 0.200832
404.389 0.200932
404.368 0.201032
404.347 0.201132
404.327 0.201232
404.306 0.201332
404.285 0.201432
404.264 0.201532
404.243 0.201632
404.222 0.201732
404.201 0.201832
404.18 0.201932
404.159 0.202032
404.138 0.202132
404.117 0.202232
404.096 0.202332
404.075 0.202432
404.053 0.202532
404.032 0.202632
404.011 0.202732
403.989 0.202832
403.968 0.202932
403.947 0.203032
403.925 0.203132
403.904 0.203232
403.882 0.203332
403.861 0.203432
403.839 0.203532
403.817 0.203632
403.796 0.203732
403.774 0.203832
403.752 0.203932
403.731 0.204032
403.709 0.204132
403.687 0.204232
403.665 0.204332
403.643 0.204432
403.621 0.204532
403.599 0.204632
403.577 0.204732
403.555 0.204832
403.533 0.204932
403.511 0.205032
403.489 0.205132
403.466 0.205232
403.444 0.205332
403.421 0.205432
403.399 0.205532
403.376 0.205632
403.353 0.205732
403.331 0.205832
403.308 0.205932
403.285 0.206032
403.262 0.206132
403.238 0.206232
403.215 0.206332
403.192 0.206432
403.169 0.206532
403.146 0.206632
403.122 0.206732
403.099 0.206832
403.076 0.206932
403.052 0.207032
403.029 0.207132
403.005 0.207232
402.982 0.207332
402.958 0.207432
402.935 0.207532
402.911 0.207632
402.887 0.207732
402.864 0.207832
402.84 0.207932
402.817 0.208032
402.793 0.208132
402.769 0.208232
402.746 0.208332
402.722 0.208432
402.698 0.208532
402.674 0.208632
402.651 0.208732
402.627 0.208832
402.603 0.208932
402.579 0.209032
402.555 0.209132
402.531 0.209232
402.508 0.209332
402.484 0.209432
402.46 0.209532
402.436 0.209632
402.412 0.209732
402.388 0.209832
402.364 0.209932
402.34 0.210032
402.316 0.210132
402.292 0.210232
402.268 0.210332
402.244 0.210432
402.219 0.210532
402.195 0.210632
402.171 0.210732
402.147 0.210832
402.123 0.210932
402.099 0.211032
402.074 0.211132
402.05 0.211232
402.026 0.211332
402.002 0.211432
401.977 0.211532
401.953 0.211632
401.929 0.211732
401.904 0.211832
401.88 0.211932
401.855 0.212032
401.831 0.212132
401.806 0.212232
401.782 0.212332
401.758 0.212432
401.733 0.212532
401.708 0.212632
401.684 0.212732
401.659 0.212832
401.634 0.212932
401.609 0.213032
401.585 0.213132
401.56 0.213232
401.535 0.213332
401.51 0.213432
401.485 0.213532
401.46 0.213632
401.435 0.213732
401.41 0.213832
401.385 0.213932
401.361 0.214032
401.335 0.214132
401.31 0.214232
401.285 0.214332
401.26 0.214432
401.235 0.214532
401.209 0.214632
401.184 0.214732
401.159 0.214832
401.133 0.214932
401.108 0.215032
401.083 0.215132
401.057 0.215232
401.032 0.215332
401.006 0.215432
400.98 0.215532
400.955 0.215632
400.929 0.215732
400.904 0.215832
400.878 0.215932
400.853 0.216032
400.827 0.216132
400.801 0.216232
400.776 0.216332
400.75 0.216432
400.724 0.216532
400.699 0.216632
400.673 0.216732
400.647 0.216832
400.621 0.216932
400.596 0.217032
400.57 0.217132
400.544 0.217232
400.518 0.217332
400.493 0.217432
400.467 0.217532
400.441 0.217632
400.415 0.217732
400.389 0.217832
400.363 0.217932
400.338 0.218032
400.312 0.218132
400.286 0.218232
400.26 0.218332
400.234 0.218432
400.208 0.218532
400.182 0.218632
400.156 0.218732
400.13 0.218832
400.104 0.218932
400.078 0.219032
400.052 0.219132
400.026 0.219232
400 0.219332
399.974 0.219432
399.948 0.219532
399.922 0.219632
399.896 0.219732
399.87 0.219832
399.843 0.219932
399.817 0.220032
399.791 0.220132
399.765 0.220232
399.739 0.220332
399.713 0.220432
399.687 0.220532
399.66 0.220632
399.634 0.220732
399.608 0.220832
399.582 0.220932
399.556 0.221032
399.53 0.221132
399.503 0.221232
399.477 0.221332
399.451 0.221432
399.425 0.221532
399.399 0.221632
399.372 0.221732
399.346 0.221832
399.32 0.221932
399.294 0.222032
399.267 0.222132
399.241 0.222232
399.215 0.222332
399.189 0.222432
399.162 0.222532
399.136 0.222632
399.11 0.222732
399.083 0.222832
399.057 0.222932
399.031 0.223032
399.004 0.223132
398.978 0.223232
398.952 0.223332
398.925 0.223432
398.899 0.223532
398.873 0.223632
398.846 0.223732
398.82 0.223832
398.793 0.223932
398.767 0.224032
398.741 0.224132
398.714 0.224232
398.688 0.224332
398.661 0.224432
398.635 0.224532
398.609 0.224632
398.582 0.224732
398.556 0.224832
398.529 0.224932
398.503 0.225032
398.476 0.225132
398.45 0.225232
398.423 0.225332
398.397 0.225432
398.37 0.225532
398.344 0.225632
398.317 0.225732
398.291 0.225832
398.264 0.225932
398.238 0.226032
398.211 0.226132
398.185 0.226231
398.158 0.226331
398.131 0.226431
398.105 0.226531
398.078 0.226631
398.051 0.226731
398.025 0.226831
397.998 0.226931
397.971 0.227031
397.945 0.227131
397.918 0.227231
397.891 0.227331
397.865 0.227431
397.838 0.227531
397.811 0.227631
397.784 0.227731
397.758 0.227831
397.731 0.227931
397.704 0.228031
397.677 0.228131
397.651 0.228231
397.624 0.228331
397.597 0.228431
397.57 0.228531
397.543 0.228631
397.516 0.228731
397.49 0.228831
397.463 0.228931
397.436 0.229031
397.409 0.229131
397.382 0.229231
397.355 0.229331
397.328 0.229431
397.301 0.229531
397.275 0.229631
397.248 0.229731
397.221 0.229831
397.193 0.229931
397.166 0.230031
397.139 0.230131
397.112 0.230231
397.085 0.230331
397.058 0.230431
397.031 0.230531
397.004 0.230631
396.977 0.230731
396.95 0.230831
396.923 0.230931
396.895 0.231031
396.868 0.231131
396.841 0.231231
396.814 0.231331
396.786 0.231431
396.759 0.231531
396.732 0.231631
396.705 0.231731
396.677 0.231831
396.65 0.231931
396.623 0.232031
396.595 0.232131
396.568 0.232231
396.541 0.232331
396.513 0.232431
396.486 0.232531
396.459 0.232631
396.431 0.232731
396.404 0.232831
396.376 0.232931
396.349 0.233031
396.321 0.233131
396.294 0.233231
396.267 0.233331
396.239 0.233431
396.212 0.233531
396.184 0.233631
396.157 0.233731
396.129 0.233831
396.101 0.233931
396.074 0.234031
396.046 0.234131
396.019 0.234231
395.991 0.234331
395.964 0.234431
395.936 0.234531
395.909 0.234631
395.881 0.234731
395.853 0.234831
395.826 0.234931
395.798 0.235031
395.771 0.235131
395.743 0.235231
395.715 0.235331
395.688 0.235431
395.66 0.235531
395.632 0.235631
395.605 0.235731
395.577 0.235831
395.549 0.235931
395.522 0.236031
395.494 0.236131
395.466 0.236231
395.438 0.236331
395.411 0.236431
395.383 0.236531
395.355 0.236631
395.327 0.236731
395.299 0.236831
395.272 0.236931
395.244 0.237031
395.216 0.237131
395.188 0.237231
395.16 0.237331
395.132 0.237431
395.104 0.237531
395.076 0.237631
395.048 0.237731
395.02 0.237831
394.992 0.237931
394.964 0.238031
394.936 0.238131
394.908 0.238231
394.88 0.238331
394.852 0.238431
394.824 0.238531
394.795 0.238631
394.767 0.238731
394.739 0.238831
394.711 0.238931
394.683 0.239031
394.654 0.239131
394.626 0.239231
394.598 0.239331
394.57 0.239431
394.541 0.239531
394.513 0.239631
394.485 0.239731
394.456 0.239831
394.428 0.239931
394.4 0.240031
394.371 0.240131
394.343 0.240231
394.315 0.240331
394.286 0.240431
394.258 0.240531
394.23 0.240631
394.201 0.240731
394.173 0.240831
394.144 0.240931
394.116 0.241031
394.087 0.241131
394.059 0.241231
394.031 0.241331
394.002 0.241431
393.974 0.241531
393.945 0.241631
393.917 0.241731
393.888 0.241831
393.86 0.241931
393.831 0.242031
393.803 0.242131
393.774 0.242231
393.746 0.242331
393.717 0.242431
393.689 0.242531
393.66 0.242631
393.632 0.242731
393.603 0.242831
393.575 0.242931
393.546 0.243031
393.518 0.243131
393.489 0.243231
393.46 0.243331
393.432 0.243431
393.403 0.243531
393.375 0.243631
393.346 0.243731
393.318 0.243831
393.289 0.243931
393.26 0.244031
393.232 0.244131
393.203 0.244231
393.174 0.244331
393.146 0.244431
393.117 0.244531
393.089 0.244631
393.06 0.244731
393.031 0.244831
393.003 0.244931
392.974 0.245031
392.945 0.245131
392.917 0.245231
392.888 0.245331
392.859 0.245431
392.831 0.245531
392.802 0.245631
392.774 0.245731
392.745 0.245831
392.717 0.245931
392.689 0.246031
392.661 0.246131
392.632 0.246231
392.604 0.246331
392.576 0.246431
392.548 0.246531
392.52 0.246631
392.492 0.246731
392.464 0.246831
392.436 0.246931
392.408 0.247031
392.38 0.247131
392.352 0.247231
392.324 0.247331
392.296 0.247431
392.268 0.247531
392.24 0.247631
392.212 0.247731
392.184 0.247831
392.156 0.247931
392.128 0.248031
392.1 0.248131
392.073 0.248231
392.045 0.248331
392.017 0.248431
391.989 0.248531
391.961 0.248631
391.933 0.248731
391.905 0.248831
391.877 0.248931
391.849 0.249031
391.821 0.249131
391.793 0.249231
391.765 0.249331
391.737 0.249431
391.709 0.249531
391.681 0.249631
391.653 0.249731
391.625 0.249831
391.597 0.249931
391.569 0.250031
391.542 0.250131
391.514 0.250231
391.486 0.250331
391.458 0.250431
391.43 0.250531
391.402 0.250631
391.374 0.250731
391.346 0.250831
391.318 0.250931
391.289 0.251031
391.261 0.251131
391.233 0.251231
391.205 0.251331
391.177 0.251431
391.149 0.251531
391.121 0.251631
391.093 0.251731
391.065 0.251831
391.038 0.251931
391.01 0.252031
390.982 0.252131
390.954 0.252231
390.926 0.252331
390.898 0.252431
390.87 0.252531
390.843 0.252631
390.815 0.252731
390.787 0.252831
390.759 0.252931
390.731 0.253031
390.703 0.253131
390.676 0.253231
390.648 0.253331
390.62 0.253431
390.592 0.253531
390.564 0.253631
390.536 0.253731
390.508 0.253831
390.481 0.253931
390.453 0.254031
390.425 0.254131
390.397 0.254231
390.369 0.254331
390.341 0.254431
390.314 0.254531
390.286 0.254631
390.258 0.254731
390.23 0.254831
390.202 0.254931
390.174 0.255031
390.146 0.255131
390.118 0.255231
390.09 0.255331
390.063 0.255431
390.035 0.255531
390.008 0.255631
389.981 0.255731
389.954 0.255831
389.926 0.255931
389.899 0.256031
389.872 0.256131
389.845 0.256231
389.817 0.256331
389.79 0.256431
389.763 0.256531
389.737 0.256631
389.71 0.256731
389.683 0.256831
389.656 0.256931
389.629 0.257031
389.602 0.257131
389.575 0.257231
389.548 0.257331
389.521 0.257431
389.494 0.257531
389.467 0.257631
389.44 0.257731
389.413 0.257831
389.386 0.257931
389.36 0.258031
389.333 0.258131
389.306 0.258231
389.279 0.258331
389.253 0.258431
389.226 0.258531
389.199 0.258631
389.172 0.258731
389.146 0.258831
389.119 0.258931
389.092 0.259031
389.065 0.259131
389.038 0.259231
389.012 0.259331
388.985 0.259431
388.958 0.259531
388.931 0.259631
388.904 0.259731
388.877 0.259831
388.85 0.259931
388.823 0.260031
388.797 0.260131
388.77 0.260231
388.743 0.260331
388.716 0.260431
388.689 0.260531
388.662 0.260631
388.635 0.260731
388.608 0.260831
388.581 0.260931
388.554 0.261031
388.527 0.261131
388.5 0.261231
388.473 0.261331
388.446 0.261431
388.419 0.261531
388.392 0.261631
388.365 0.261731
388.338 0.261831
388.311 0.261931
388.284 0.262031
388.257 0.262131
388.23 0.262231
388.203 0.262331
388.176 0.262431
388.149 0.262531
388.122 0.262631
388.095 0.262731
388.068 0.262831
388.041 0.262931
388.014 0.263031
387.987 0.263131
387.96 0.263231
387.933 0.263331
387.906 0.263431
387.879 0.263531
387.852 0.263631
387.825 0.263731
387.798 0.263831
387.771 0.263931
387.744 0.264031
387.717 0.264131
387.69 0.264231
387.663 0.264331
387.636 0.264431
387.609 0.264531
387.582 0.264631
387.555 0.264731
387.528 0.264831
387.501 0.264931
387.474 0.265031
387.447 0.265131
387.42 0.265231
387.393 0.265331
387.366 0.265431
387.339 0.265531
387.312 0.265631
387.285 0.265731
387.259 0.265831
387.232 0.265931
387.205 0.266031
387.178 0.266131
387.151 0.266231
387.124 0.266331
387.097 0.266431
387.07 0.266531
387.043 0.266631
387.016 0.266731
386.989 0.266831
386.962 0.266931
386.935 0.267031
386.907 0.267131
386.88 0.267231
386.853 0.267331
386.826 0.267431
386.799 0.267531
386.772 0.26763
386.745 0.26773
386.718 0.26783
386.691 0.26793
386.663 0.26803
386.636 0.26813
386.609 0.26823
386.582 0.26833
386.555 0.26843
386.528 0.26853
386.5 0.26863
386.473 0.26873
386.446 0.26883
386.419 0.26893
386.391 0.26903
386.364 0.26913
386.337 0.26923
386.31 0.26933
386.283 0.26943
386.256 0.26953
386.228 0.26963
386.201 0.26973
386.174 0.26983
386.147 0.26993
386.12 0.27003
386.092 0.27013
386.065 0.27023
386.038 0.27033
386.011 0.27043
385.983 0.27053
385.956 0.27063
385.929 0.27073
385.902 0.27083
385.874 0.27093
385.847 0.27103
385.82 0.27113
385.793 0.27123
385.765 0.27133
385.738 0.27143
385.711 0.27153
385.683 0.27163
385.656 0.27173
385.629 0.27183
385.601 0.27193
385.574 0.27203
385.547 0.27213
385.52 0.27223
385.492 0.27233
385.465 0.27243
385.438 0.27253
385.41 0.27263
385.383 0.27273
385.356 0.27283
385.328 0.27293
385.301 0.27303
385.274 0.27313
385.246 0.27323
385.219 0.27333
385.192 0.27343
385.164 0.27353
385.137 0.27363
385.11 0.27373
385.082 0.27383
385.055 0.27393
385.028 0.27403
385.001 0.27413
384.974 0.27423
384.947 0.27433
384.92 0.27443
384.893 0.27453
384.866 0.27463
384.839 0.27473
384.811 0.27483
384.784 0.27493
384.757 0.27503
384.73 0.27513
384.703 0.27523
384.675 0.27533
384.648 0.27543
384.621 0.27553
384.594 0.27563
384.567 0.27573
384.539 0.27583
384.512 0.27593
384.485 0.27603
384.458 0.27613
384.43 0.27623
384.403 0.27633
384.376 0.27643
384.349 0.27653
384.321 0.27663
384.294 0.27673
384.267 0.27683
384.239 0.27693
384.212 0.27703
384.185 0.27713
384.157 0.27723
384.13 0.27733
384.103 0.27743
384.076 0.27753
384.049 0.27763
384.022 0.27773
383.994 0.27783
383.967 0.27793
383.94 0.27803
383.913 0.27813
383.886 0.27823
383.858 0.27833
383.831 0.27843
383.804 0.27853
383.777 0.27863
383.749 0.27873
383.722 0.27883
383.695 0.27893
383.668 0.27903
383.641 0.27913
383.614 0.27923
383.587 0.27933
383.56 0.27943
383.533 0.27953
383.506 0.27963
383.478 0.27973
383.451 0.27983
383.424 0.27993
383.397 0.28003
383.37 0.28013
383.343 0.28023
383.316 0.28033
383.289 0.28043
383.262 0.28053
383.234 0.28063
383.207 0.28073
383.18 0.28083
383.153 0.28093
383.126 0.28103
383.099 0.28113
383.072 0.28123
383.044 0.28133
383.017 0.28143
382.99 0.28153
382.963 0.28163
382.936 0.28173
382.909 0.28183
382.881 0.28193
382.854 0.28203
382.827 0.28213
382.8 0.28223
382.773 0.28233
382.745 0.28243
382.718 0.28253
382.691 0.28263
382.664 0.28273
382.636 0.28283
382.609 0.28293
382.582 0.28303
382.555 0.28313
382.528 0.28323
382.5 0.28333
382.473 0.28343
382.446 0.28353
382.418 0.28363
382.391 0.28373
382.364 0.28383
382.337 0.28393
382.309 0.284029
382.282 0.284129
382.255 0.284229
382.227 0.284329
382.2 0.284429
382.173 0.284529
382.145 0.284629
382.118 0.284729
382.091 0.284829
382.063 0.284929
382.036 0.285029
382.009 0.285129
381.981 0.285229
381.954 0.285329
381.927 0.285429
381.899 0.285529
381.872 0.285629
381.844 0.285729
381.817 0.285829
381.79 0.285929
381.762 0.286029
381.735 0.286129
381.707 0.286229
381.68 0.286329
381.652 0.286429
381.625 0.286529
381.598 0.286629
381.57 0.286729
381.543 0.286829
381.515 0.286929
381.488 0.287029
381.46 0.287129
381.433 0.287229
381.405 0.287329
381.378 0.287429
381.35 0.287529
381.323 0.287629
381.295 0.287729
381.268 0.287829
381.24 0.287929
381.213 0.288029
381.185 0.288129
381.158 0.288229
381.13 0.288329
381.102 0.288429
381.075 0.288529
381.047 0.288629
381.02 0.288729
380.992 0.288829
380.965 0.288929
380.937 0.289029
380.91 0.289129
380.882 0.289229
380.854 0.289329
380.827 0.289429
380.799 0.289529
380.772 0.289629
380.744 0.289729
380.716 0.289829
380.689 0.289929
380.661 0.290029
380.634 0.290129
380.606 0.290229
380.578 0.290329
380.551 0.290429
380.523 0.290529
380.496 0.290629
380.468 0.290729
380.44 0.290829
380.413 0.290929
380.385 0.291029
380.357 0.291129
380.33 0.291229
380.302 0.291329
380.274 0.291429
380.247 0.291529
380.219 0.291629
380.191 0.291729
380.163 0.291829
380.136 0.291929
380.108 0.292029
380.08 0.292129
380.052 0.292229
380.025 0.292329
379.997 0.292429
379.969 0.292529
379.941 0.292629
379.914 0.292729
379.886 0.292829
379.858 0.292929
379.83 0.293029
379.803 0.293129
379.775 0.293229
379.747 0.293329
379.719 0.293429
379.692 0.293529
379.664 0.293629
379.636 0.293729
379.608 0.293829
379.58 0.293929
379.553 0.294029
379.525 0.294129
379.497 0.294229
379.469 0.294329
379.441 0.294429
379.413 0.294529
379.386 0.294629
379.358 0.294729
379.33 0.294829
379.302 0.294929
379.274 0.295029
379.247 0.295129
379.219 0.295229
379.191 0.295329
379.163 0.295429
379.135 0.295529
379.108 0.295629
379.08 0.295729
379.052 0.295829
379.024 0.295929
378.996 0.296029
378.969 0.296129
378.941 0.296229
378.913 0.296329
378.885 0.296429
378.858 0.296529
378.83 0.296629
378.802 0.296729
378.774 0.296829
378.746 0.296929
378.718 0.297029
378.691 0.297129
378.663 0.297229
378.635 0.297329
378.607 0.297429
378.579 0.297529
378.551 0.297629
378.524 0.297729
378.496 0.297829
378.468 0.297929
378.44 0.298029
378.412 0.298129
378.384 0.298229
378.356 0.298329
378.329 0.298429
378.301 0.298529
378.273 0.298629
378.245 0.298729
378.217 0.298829
378.189 0.298929
378.161 0.299029
378.133 0.299129
378.105 0.299229
378.077 0.299329
378.05 0.299429
378.022 0.299529
377.994 0.299629
377.966 0.299729
377.938 0.299829
377.91 0.299929
377.882 0.300029
377.854 0.300128
377.826 0.300228
377.798 0.300328
377.77 0.300428
377.742 0.300528
377.714 0.300628
377.686 0.300728
377.658 0.300828
377.63 0.300928
377.602 0.301028
377.574 0.301128
377.546 0.301228
377.518 0.301328
377.49 0.301428
377.462 0.301528
377.434 0.301628
377.406 0.301728
377.378 0.301828
377.35 0.301928
377.322 0.302028
377.294 0.302128
377.265 0.302228
377.237 0.302328
377.209 0.302428
377.181 0.302528
377.153 0.302628
377.125 0.302728
377.097 0.302828
377.069 0.302928
377.04 0.303028
377.012 0.303128
376.984 0.303228
376.956 0.303328
376.928 0.303428
376.9 0.303528
376.871 0.303628
376.843 0.303728
376.815 0.303828
376.787 0.303928
376.759 0.304028
376.73 0.304128
376.702 0.304228
376.674 0.304328
376.646 0.304428
376.618 0.304528
376.589 0.304628
376.561 0.304728
376.533 0.304828
376.505 0.304928
376.476 0.305028
376.448 0.305128
376.42 0.305228
376.392 0.305328
376.363 0.305428
376.335 0.305528
376.307 0.305628
376.279 0.305728
376.25 0.305828
376.222 0.305928
376.194 0.306028
376.165 0.306128
376.137 0.306228
376.109 0.306328
376.08 0.306428
376.052 0.306528
376.024 0.306628
375.995 0.306728
375.967 0.306828
375.938 0.306928
375.91 0.307028
375.882 0.307128
375.853 0.307228
375.825 0.307328
375.796 0.307428
375.768 0.307528
375.74 0.307628
375.711 0.307728
375.683 0.307828
375.654 0.307928
375.626 0.308028
375.597 0.308128
375.569 0.308228
375.54 0.308328
375.512 0.308428
375.483 0.308528
375.455 0.308628
375.426 0.308728
375.398 0.308828
375.369 0.308928
375.341 0.309028
375.312 0.309128
375.284 0.309228
375.255 0.309328
375.227 0.309428
375.198 0.309528
375.169 0.309628
375.141 0.309728
375.112 0.309828
375.083 0.309928
375.055 0.310028
375.026 0.310128
374.998 0.310228
374.969 0.310328
374.94 0.310428
374.912 0.310528
374.883 0.310628
374.854 0.310728
374.825 0.310828
374.797 0.310928
374.768 0.311028
374.739 0.311128
374.711 0.311228
374.682 0.311328
374.653 0.311428
374.624 0.311528
374.596 0.311628
374.567 0.311728
374.538 0.311828
374.509 0.311928
374.481 0.312027
374.452 0.312127
374.423 0.312227
374.394 0.312327
374.365 0.312427
374.336 0.312527
374.308 0.312627
374.279 0.312727
374.25 0.312827
374.221 0.312927
374.192 0.313027
374.163 0.313127
374.134 0.313227
374.105 0.313327
374.077 0.313427
374.048 0.313527
374.019 0.313627
373.99 0.313727
373.961 0.313827
373.932 0.313927
373.903 0.314027
373.874 0.314127
373.845 0.314227
373.816 0.314327
373.787 0.314427
373.758 0.314527
373.729 0.314627
373.7 0.314727
373.671 0.314827
373.642 0.314927
373.613 0.315027
373.584 0.315127
373.555 0.315227
373.525 0.315327
373.496 0.315427
373.467 0.315527
373.438 0.315627
373.409 0.315727
373.38 0.315827
373.351 0.315927
373.322 0.316027
373.293 0.316127
373.264 0.316227
373.234 0.316327
373.205 0.316427
373.176 0.316527
373.147 0.316627
373.118 0.316727
373.089 0.316827
373.059 0.316927
373.03 0.317027
373.001 0.317127
372.972 0.317227
372.942 0.317327
372.913 0.317427
372.884 0.317527
372.855 0.317627
372.825 0.317727
372.796 0.317827
372.767 0.317927
372.737 0.318027
372.708 0.318127
372.679 0.318227
372.649 0.318327
372.62 0.318427
372.591 0.318527
372.561 0.318627
372.532 0.318727
372.502 0.318827
372.473 0.318927
372.444 0.319027
372.414 0.319127
372.385 0.319227
372.355 0.319327
372.326 0.319427
372.296 0.319527
372.267 0.319627
372.237 0.319727
372.208 0.319827
372.178 0.319927
372.149 0.320027
372.119 0.320127
372.09 0.320227
372.06 0.320327
372.031 0.320427
372.001 0.320527
371.971 0.320627
371.942 0.320727
371.912 0.320827
371.883 0.320927
371.853 0.321027
371.824 0.321127
371.794 0.321226
371.764 0.321326
371.735 0.321426
371.705 0.321526
371.675 0.321626
371.646 0.321726
371.616 0.321826
371.586 0.321926
371.557 0.322026
371.527 0.322126
371.497 0.322226
371.467 0.322326
371.438 0.322426
371.408 0.322526
371.378 0.322626
371.349 0.322726
371.319 0.322826
371.289 0.322926
371.259 0.323026
371.23 0.323126
371.2 0.323226
371.17 0.323326
371.14 0.323426
371.111 0.323526
371.081 0.323626
371.051 0.323726
371.021 0.323826
370.991 0.323926
370.962 0.324026
370.932 0.324126
370.902 0.324226
370.872 0.324326
370.842 0.324426
370.812 0.324526
370.782 0.324626
370.753 0.324726
370.723 0.324826
370.693 0.324926
370.663 0.325026
370.633 0.325126
370.603 0.325226
370.573 0.325326
370.543 0.325426
370.513 0.325526
370.483 0.325626
370.453 0.325726
370.424 0.325826
370.394 0.325926
370.364 0.326026
370.334 0.326126
370.305 0.326226
370.275 0.326326
370.245 0.326426
370.215 0.326526
370.185 0.326626
370.156 0.326726
370.126 0.326826
370.096 0.326926
370.066 0.327026
370.036 0.327126
370.006 0.327226
369.977 0.327326
369.947 0.327426
369.917 0.327526
369.887 0.327626
369.857 0.327726
369.827 0.327826
369.797 0.327926
369.767 0.328026
369.738 0.328126
369.708 0.328226
369.678 0.328326
369.648 0.328426
369.618 0.328526
369.588 0.328626
369.558 0.328726
369.528 0.328826
369.498 0.328926
369.468 0.329026
369.438 0.329126
369.408 0.329226
369.378 0.329326
369.348 0.329426
369.318 0.329526
369.288 0.329626
369.258 0.329726
369.228 0.329826
369.198 0.329926
369.168 0.330026
369.138 0.330126
369.108 0.330226
369.078 0.330326
369.048 0.330425
369.018 0.330525
368.988 0.330625
368.958 0.330725
368.927 0.330825
368.897 0.330925
368.867 0.331025
368.837 0.331125
368.807 0.331225
368.777 0.331325
368.747 0.331425
368.716 0.331525
368.686 0.331625
368.656 0.331725
368.626 0.331825
368.596 0.331925
368.565 0.332025
368.535 0.332125
368.505 0.332225
368.475 0.332325
368.444 0.332425
368.414 0.332525
368.384 0.332625
368.353 0.332725
368.323 0.332825
368.293 0.332925
368.262 0.333025
368.232 0.333125
368.202 0.333225
368.172 0.333325
368.141 0.333425
368.111 0.333525
368.081 0.333625
368.05 0.333725
368.02 0.333825
367.989 0.333925
367.959 0.334025
367.929 0.334125
367.898 0.334225
367.868 0.334325
367.837 0.334425
367.807 0.334525
367.776 0.334625
367.746 0.334725
367.715 0.334825
367.685 0.334925
367.654 0.335025
367.624 0.335125
367.593 0.335225
367.563 0.335325
367.532 0.335425
367.502 0.335525
367.471 0.335625
367.441 0.335725
367.41 0.335825
367.379 0.335925
367.349 0.336025
367.318 0.336125
367.288 0.336225
367.257 0.336325
367.226 0.336425
367.196 0.336525
367.165 0.336625
367.134 0.336725
367.104 0.336825
367.073 0.336925
367.042 0.337025
367.012 0.337125
366.981 0.337225
366.95 0.337325
366.919 0.337425
366.889 0.337525
366.858 0.337625
366.827 0.337725
366.796 0.337825
366.765 0.337925
366.735 0.338025
366.704 0.338125
366.673 0.338225
366.642 0.338325
366.611 0.338425
366.58 0.338525
366.55 0.338625
366.519 0.338725
366.488 0.338825
366.457 0.338925
366.426 0.339025
366.395 0.339125
366.364 0.339225
366.333 0.339325
366.302 0.339425
366.271 0.339525
366.24 0.339625
366.209 0.339725
366.178 0.339825
366.147 0.339925
366.116 0.340025
366.085 0.340125
366.054 0.340225
366.023 0.340325
365.992 0.340425
365.961 0.340525
365.93 0.340625
365.899 0.340725
365.867 0.340825
365.836 0.340925
365.805 0.341025
365.774 0.341125
365.743 0.341225
365.712 0.341325
365.68 0.341425
365.649 0.341525
365.618 0.341625
365.587 0.341725
365.555 0.341825
365.524 0.341925
365.493 0.342025
365.462 0.342125
365.43 0.342225
365.399 0.342325
365.368 0.342425
365.337 0.342525
365.305 0.342625
365.274 0.342725
365.243 0.342825
365.211 0.342925
365.18 0.343025
365.148 0.343125
365.117 0.343225
365.086 0.343325
365.054 0.343424
365.023 0.343524
364.991 0.343624
364.96 0.343724
364.929 0.343824
364.897 0.343924
364.866 0.344024
364.834 0.344124
364.803 0.344224
364.772 0.344324
364.74 0.344424
364.709 0.344524
364.678 0.344624
364.646 0.344724
364.615 0.344824
364.584 0.344924
364.552 0.345024
364.521 0.345124
364.489 0.345224
364.458 0.345324
364.426 0.345424
364.395 0.345524
364.364 0.345624
364.332 0.345724
364.301 0.345824
364.269 0.345924
364.238 0.346024
364.206 0.346124
364.175 0.346224
364.143 0.346324
364.112 0.346424
364.08 0.346524
364.048 0.346624
364.017 0.346724
363.985 0.346824
363.954 0.346924
363.922 0.347024
363.89 0.347124
363.859 0.347224
363.827 0.347324
363.795 0.347424
363.764 0.347524
363.732 0.347624
363.7 0.347724
363.669 0.347824
363.637 0.347924
363.605 0.348024
363.574 0.348124
363.542 0.348224
363.511 0.348324
363.479 0.348424
363.447 0.348524
363.416 0.348624
363.384 0.348724
363.353 0.348824
363.321 0.348924
363.289 0.349024
363.258 0.349124
363.226 0.349224
363.194 0.349324
363.163 0.349424
363.131 0.349524
363.099 0.349624
363.068 0.349724
363.036 0.349824
363.004 0.349924
362.973 0.350024
362.941 0.350124
362.909 0.350224
362.877 0.350324
362.846 0.350424
362.814 0.350524
362.782 0.350624
362.75 0.350724
362.718 0.350824
362.686 0.350924
362.655 0.351024
362.623 0.351124
362.591 0.351224
362.559 0.351324
362.527 0.351424
362.495 0.351524
362.463 0.351624
362.432 0.351724
362.4 0.351824
362.368 0.351924
362.336 0.352024
362.304 0.352124
362.272 0.352224
362.24 0.352324
362.208 0.352424
362.176 0.352524
362.145 0.352624
362.113 0.352724
362.081 0.352824
362.049 0.352924
362.017 0.353024
361.985 0.353124
361.953 0.353224
361.921 0.353324
361.889 0.353424
361.858 0.353524
361.826 0.353624
361.794 0.353724
361.762 0.353824
361.73 0.353924
361.698 0.354024
361.666 0.354124
361.634 0.354224
361.602 0.354324
361.57 0.354424
361.538 0.354524
361.506 0.354624
361.474 0.354724
361.442 0.354824
361.41 0.354924
361.378 0.355024
361.346 0.355124
361.314 0.355224
361.282 0.355324
361.25 0.355424
361.218 0.355524
361.186 0.355624
361.154 0.355724
361.122 0.355824
361.09 0.355924
361.058 0.356024
361.026 0.356124
360.994 0.356224
360.962 0.356324
360.93 0.356424
360.898 0.356524
360.866 0.356624
360.834 0.356724
360.803 0.356824
360.771 0.356924
360.739 0.357024
360.707 0.357124
360.675 0.357224
360.643 0.357324
360.611 0.357424
360.58 0.357524
360.548 0.357624
360.516 0.357724
360.484 0.357824
360.452 0.357924
360.42 0.358024
360.388 0.358124
360.357 0.358224
360.325 0.358324
360.293 0.358424
360.261 0.358524
360.229 0.358624
360.197 0.358724
360.165 0.358824
360.133 0.358924
360.101 0.359024
360.069 0.359124
360.037 0.359224
360.005 0.359324
359.974 0.359424
359.942 0.359524
359.91 0.359624
359.878 0.359724
359.846 0.359824
359.814 0.359924
359.782 0.360024
359.75 0.360124
359.718 0.360224
359.686 0.360324
359.654 0.360424
359.622 0.360524
359.59 0.360624
359.558 0.360724
359.526 0.360824
359.494 0.360924
359.462 0.361024
359.43 0.361124
359.398 0.361224
359.366 0.361324
359.334 0.361424
359.302 0.361524
359.27 0.361624
359.238 0.361724
359.206 0.361824
359.174 0.361924
359.142 0.362024
359.11 0.362124
359.078 0.362224
359.046 0.362324
359.014 0.362424
358.983 0.362524
358.951 0.362624
358.919 0.362724
358.887 0.362824
358.856 0.362924
358.824 0.363024
358.792 0.363124
358.761 0.363224
358.729 0.363324
358.698 0.363424
358.666 0.363524
358.635 0.363624
358.603 0.363724
358.572 0.363824
358.54 0.363924
358.509 0.364024
358.477 0.364124
358.446 0.364224
358.414 0.364324
358.383 0.364424
358.351 0.364524
358.32 0.364624
358.288 0.364724
358.256 0.364824
358.225 0.364925
358.193 0.365025
358.162 0.365125
358.13 0.365225
358.098 0.365325
358.067 0.365425
358.035 0.365525
358.004 0.365625
357.972 0.365725
357.94 0.365825
357.909 0.365925
357.877 0.366025
357.845 0.366125
357.814 0.366225
357.782 0.366325
357.75 0.366425
357.718 0.366525
357.687 0.366625
357.655 0.366725
357.623 0.366825
357.591 0.366925
357.559 0.367025
357.528 0.367125
357.496 0.367225
357.464 0.367325
357.432 0.367425
357.4 0.367525
357.368 0.367625
357.336 0.367725
357.305 0.367825
357.273 0.367925
357.241 0.368025
357.209 0.368125
357.177 0.368225
357.145 0.368325
357.113 0.368425
357.081 0.368525
357.049 0.368625
357.017 0.368725
356.985 0.368825
356.953 0.368925
356.921 0.369025
356.889 0.369125
356.856 0.369225
356.824 0.369325
356.792 0.369425
356.76 0.369525
356.728 0.369625
356.696 0.369725
356.664 0.369825
356.631 0.369925
356.599 0.370025
356.567 0.370125
356.535 0.370225
356.502 0.370325
356.47 0.370425
356.438 0.370525
356.405 0.370625
356.373 0.370725
356.341 0.370825
356.308 0.370925
356.276 0.371025
356.243 0.371125
356.211 0.371225
356.179 0.371325
356.146 0.371425
356.114 0.371525
356.082 0.371625
356.05 0.371725
356.018 0.371825
355.986 0.371925
355.954 0.372025
355.921 0.372125
355.889 0.372225
355.857 0.372325
355.825 0.372425
355.793 0.372525
355.76 0.372625
355.728 0.372725
355.696 0.372825
355.664 0.372925
355.632 0.373025
355.599 0.373125
355.567 0.373225
355.535 0.373325
355.503 0.373425
355.471 0.373525
355.439 0.373625
355.408 0.373725
355.376 0.373825
355.344 0.373925
355.312 0.374025
355.28 0.374125
355.249 0.374225
355.217 0.374325
355.185 0.374425
355.153 0.374525
355.122 0.374625
355.09 0.374725
355.058 0.374825
355.026 0.374925
354.994 0.375025
354.963 0.375125
354.931 0.375225
354.899 0.375325
354.867 0.375425
354.835 0.375525
354.803 0.375625
354.771 0.375725
354.739 0.375825
354.707 0.375925
354.675 0.376025
354.643 0.376125
354.611 0.376225
354.579 0.376325
354.547 0.376425
354.515 0.376525
354.483 0.376625
354.451 0.376725
354.419 0.376825
354.387 0.376925
354.355 0.377025
354.322 0.377125
354.29 0.377225
354.257 0.377325
354.225 0.377425
354.192 0.377525
354.16 0.377625
354.127 0.377725
354.094 0.377825
354.061 0.377925
354.028 0.378025
353.996 0.378125
353.963 0.378225
353.93 0.378325
353.897 0.378425
353.864 0.378525
353.831 0.378625
353.798 0.378725
353.765 0.378825
353.732 0.378925
353.699 0.379025
353.666 0.379125
353.633 0.379225
353.6 0.379325
353.568 0.379425
353.535 0.379525
353.502 0.379625
353.469 0.379725
353.436 0.379825
353.404 0.379925
353.371 0.380025
353.338 0.380125
353.305 0.380225
353.271 0.380325
353.238 0.380425
353.205 0.380525
353.172 0.380625
353.139 0.380725
353.105 0.380825
353.072 0.380925
353.039 0.381025
353.006 0.381125
352.974 0.381225
352.941 0.381325
352.908 0.381425
352.875 0.381525
352.843 0.381625
352.81 0.381725
352.777 0.381825
352.744 0.381925
352.711 0.382025
352.678 0.382125
352.646 0.382225
352.613 0.382325
352.58 0.382425
352.548 0.382525
352.515 0.382625
352.483 0.382725
352.45 0.382825
352.418 0.382925
352.385 0.383025
352.353 0.383125
352.321 0.383225
352.288 0.383325
352.256 0.383425
352.223 0.383525
352.191 0.383625
352.158 0.383725
352.126 0.383825
352.094 0.383925
352.061 0.384025
352.029 0.384125
351.996 0.384225
351.964 0.384325
351.931 0.384425
351.898 0.384525
351.866 0.384625
351.833 0.384725
351.8 0.384825
351.768 0.384925
351.735 0.385025
351.702 0.385125
351.67 0.385225
351.637 0.385325
351.604 0.385425
351.571 0.385525
351.538 0.385625
351.506 0.385725
351.473 0.385825
351.44 0.385925
351.407 0.386025
351.374 0.386125
351.341 0.386225
351.308 0.386325
351.275 0.386425
351.242 0.386525
351.209 0.386625
351.176 0.386725
351.143 0.386825
351.11 0.386925
351.077 0.387025
351.044 0.387125
351.011 0.387225
350.978 0.387325
350.945 0.387425
350.912 0.387525
350.879 0.387625
350.845 0.387725
350.812 0.387825
350.779 0.387925
350.746 0.388025
350.712 0.388125
350.679 0.388225
350.646 0.388325
350.613 0.388425
350.58 0.388525
350.546 0.388625
350.513 0.388725
350.48 0.388825
350.447 0.388925
350.414 0.389025
350.38 0.389125
350.347 0.389225
350.313 0.389325
350.28 0.389425
350.247 0.389525
350.213 0.389625
350.18 0.389725
350.146 0.389825
350.113 0.389925
350.079 0.390025
350.046 0.390125
350.012 0.390225
349.979 0.390325
349.945 0.390425
349.912 0.390525
349.878 0.390625
349.844 0.390725
349.811 0.390825
349.777 0.390925
349.743 0.391025
349.71 0.391125
349.676 0.391225
349.642 0.391325
349.608 0.391425
349.575 0.391525
349.541 0.391625
349.507 0.391725
349.473 0.391825
349.439 0.391925
349.404 0.392025
349.37 0.392125
349.336 0.392225
349.302 0.392325
349.269 0.392425
349.235 0.392525
349.201 0.392625
349.168 0.392725
349.134 0.392825
349.101 0.392925
349.067 0.393025
349.033 0.393125
349 0.393225
348.966 0.393325
348.933 0.393425
348.899 0.393525
348.866 0.393625
348.832 0.393725
348.798 0.393825
348.765 0.393925
348.731 0.394025
348.698 0.394125
348.664 0.394225
348.631 0.394325
348.597 0.394425
348.563 0.394525
348.53 0.394625
348.496 0.394725
348.463 0.394825
348.429 0.394925
348.395 0.395025
348.362 0.395125
348.328 0.395225
348.295 0.395325
348.261 0.395425
348.227 0.395525
348.194 0.395625
348.16 0.395725
348.127 0.395825
348.093 0.395925
348.06 0.396025
348.026 0.396125
347.992 0.396225
347.959 0.396325
347.925 0.396425
347.892 0.396525
347.858 0.396625
347.824 0.396725
347.791 0.396825
347.757 0.396925
347.724 0.397025
347.691 0.397125
347.657 0.397225
347.624 0.397325
347.59 0.397425
347.557 0.397525
347.523 0.397625
347.49 0.397725
347.456 0.397825
347.423 0.397925
347.389 0.398025
347.356 0.398125
347.323 0.398225
347.289 0.398325
347.256 0.398425
347.223 0.398525
347.189 0.398625
347.156 0.398725
347.122 0.398825
347.089 0.398925
347.055 0.399025
347.022 0.399125
346.989 0.399225
346.955 0.399325
346.922 0.399425
346.889 0.399525
346.855 0.399625
346.822 0.399725
346.789 0.399825
346.756 0.399925
346.723 0.400025
