0 -7.93806e-05
0.781885 2.07458e-05
1.56364 0.000120872
2.34526 0.000220999
3.12673 0.000321125
3.90804 0.000421251
4.68919 0.000521378
5.47018 0.000621504
6.25098 0.00072163
7.03161 0.000821756
7.81207 0.000921882
8.59235 0.00102201
9.37245 0.00112213
10.1524 0.00122226
10.9321 0.00132239
11.7117 0.00142251
12.4911 0.00152264
13.2703 0.00162276
14.0493 0.00172289
14.8281 0.00182302
15.6068 0.00192314
16.3853 0.00202327
17.1636 0.00212339
17.9417 0.00222352
18.7196 0.00232364
19.4974 0.00242377
20.275 0.0025239
21.0524 0.00262402
21.8296 0.00272415
22.6066 0.00282427
23.3835 0.0029244
24.16 0.00302452
24.9359 0.00312465
25.7111 0.00322477
26.4847 0.0033249
27.2576 0.00342503
28.0294 0.00352515
28.7997 0.00362528
29.5689 0.00372541
30.3363 0.00382553
31.1012 0.00392566
31.861 0.00402579
32.6178 0.00412591
33.3677 0.00422604
34.1132 0.00432617
34.8575 0.0044263
35.6004 0.00452642
36.342 0.00462655
37.0769 0.00472668
37.8075 0.00482681
38.5344 0.00492693
39.2544 0.00502705
39.9633 0.00512717
40.6688 0.00522729
41.3739 0.00532741
42.0777 0.00542752
42.7785 0.00552764
43.4739 0.00562776
44.1641 0.00572788
44.8517 0.005828
45.5341 0.00592811
46.212 0.00602823
46.8856 0.00612834
47.5578 0.00622846
48.2288 0.00632857
48.8952 0.00642869
49.5597 0.0065288
50.2222 0.00662892
50.8798 0.00672903
51.5367 0.00682914
52.1933 0.00692925
52.8494 0.00702936
53.505 0.00712947
54.1591 0.00722959
54.8113 0.0073297
55.4588 0.0074298
56.1049 0.00752991
56.749 0.00763002
57.391 0.00773013
58.0271 0.00783023
58.6623 0.00793034
59.2962 0.00803044
59.9287 0.00813055
60.5597 0.00823065
61.189 0.00833076
61.813 0.00843086
62.4361 0.00853096
63.0572 0.00863107
63.6755 0.00873117
64.2916 0.00883126
64.9068 0.00893136
65.5203 0.00903146
66.133 0.00913156
66.7442 0.00923166
67.3541 0.00933176
67.9599 0.00943186
68.5634 0.00953195
69.1651 0.00963205
69.7629 0.00973214
70.3594 0.00983224
70.9548 0.00993233
71.5492 0.0100324
72.1428 0.0101325
72.7354 0.0102326
73.3267 0.0103327
73.9163 0.0104328
74.5041 0.0105329
75.0904 0.010633
75.6749 0.0107331
76.2574 0.0108332
76.8365 0.0109333
77.4124 0.0110333
77.9841 0.0111334
78.5544 0.0112335
79.1232 0.0113336
79.6903 0.0114337
80.2561 0.0115338
80.8193 0.0116339
81.3809 0.011734
81.9401 0.011834
82.4983 0.0119341
83.0556 0.0120342
83.6112 0.0121343
84.1659 0.0122344
84.7196 0.0123345
85.2723 0.0124346
85.8237 0.0125347
86.3741 0.0126347
86.9225 0.0127348
87.4695 0.0128349
88.0152 0.012935
88.5598 0.0130351
89.1031 0.0131352
89.6459 0.0132353
90.1877 0.0133354
90.728 0.0134354
91.2664 0.0135355
91.8027 0.0136356
92.338 0.0137357
92.8728 0.0138358
93.4063 0.0139359
93.9385 0.0140359
94.4695 0.014136
94.9998 0.0142361
95.5289 0.0143362
96.0568 0.0144363
96.5829 0.0145363
97.1074 0.0146364
97.6293 0.0147365
98.1481 0.0148366
98.6643 0.0149367
99.1785 0.0150368
99.6895 0.0151368
100.198 0.0152369
100.705 0.015337
101.21 0.0154371
101.715 0.0155372
102.217 0.0156373
102.718 0.0157373
103.218 0.0158374
103.717 0.0159375
104.214 0.0160376
104.71 0.0161376
105.206 0.0162377
105.7 0.0163378
106.193 0.0164379
106.686 0.0165379
107.177 0.016638
107.668 0.0167381
108.157 0.0168382
108.643 0.0169382
109.128 0.0170383
109.61 0.0171384
110.091 0.0172385
110.569 0.0173385
111.046 0.0174386
111.522 0.0175387
111.997 0.0176388
112.47 0.0177389
112.943 0.0178389
113.415 0.017939
113.885 0.0180391
114.355 0.0181392
114.824 0.0182393
115.292 0.0183393
115.759 0.0184394
116.225 0.0185395
116.69 0.0186396
117.154 0.0187396
117.617 0.0188397
118.08 0.0189398
118.543 0.0190399
119.004 0.01914
119.465 0.01924
119.924 0.0193401
120.383 0.0194402
120.841 0.0195403
121.297 0.0196403
121.751 0.0197404
122.205 0.0198405
122.657 0.0199405
123.109 0.0200406
123.559 0.0201407
124.008 0.0202408
124.456 0.0203408
124.902 0.0204409
125.348 0.020541
125.792 0.020641
126.234 0.0207411
126.677 0.0208412
127.118 0.0209413
127.558 0.0210413
127.998 0.0211414
128.437 0.0212415
128.875 0.0213416
129.313 0.0214416
129.75 0.0215417
130.186 0.0216418
130.62 0.0217418
131.053 0.0218419
131.486 0.021942
131.918 0.0220421
132.349 0.0221421
132.779 0.0222422
133.209 0.0223423
133.639 0.0224424
134.067 0.0225424
134.496 0.0226425
134.923 0.0227426
135.35 0.0228426
135.777 0.0229427
136.202 0.0230428
136.627 0.0231429
137.05 0.0232429
137.473 0.023343
137.894 0.0234431
138.314 0.0235432
138.734 0.0236432
139.153 0.0237433
139.571 0.0238434
139.988 0.0239434
140.404 0.0240435
140.82 0.0241436
141.235 0.0242436
141.649 0.0243437
142.062 0.0244438
142.476 0.0245438
142.888 0.0246439
143.301 0.024744
143.712 0.024844
144.124 0.0249441
144.534 0.0250442
144.944 0.0251442
145.354 0.0252443
145.763 0.0253444
146.171 0.0254444
146.579 0.0255445
146.986 0.0256446
147.392 0.0257446
147.797 0.0258447
148.202 0.0259448
148.607 0.0260448
149.011 0.0261449
149.414 0.026245
149.817 0.026345
150.22 0.0264451
150.623 0.0265452
151.025 0.0266453
151.426 0.0267453
151.828 0.0268454
152.229 0.0269455
152.629 0.0270455
153.029 0.0271456
153.428 0.0272457
153.827 0.0273457
154.226 0.0274458
154.624 0.0275459
155.022 0.027646
155.419 0.027746
155.816 0.0278461
156.212 0.0279462
156.608 0.0280462
157.003 0.0281463
157.397 0.0282464
157.791 0.0283464
158.184 0.0284465
158.576 0.0285466
158.967 0.0286467
159.358 0.0287467
159.749 0.0288468
160.139 0.0289469
160.528 0.0290469
160.917 0.029147
161.305 0.0292471
161.693 0.0293471
162.081 0.0294472
162.468 0.0295473
162.855 0.0296473
163.241 0.0297474
163.627 0.0298475
164.012 0.0299475
164.397 0.0300476
164.781 0.0301477
165.165 0.0302477
165.549 0.0303478
165.932 0.0304479
166.314 0.0305479
166.696 0.030648
167.078 0.030748
167.459 0.0308481
167.84 0.0309482
168.22 0.0310482
168.6 0.0311483
168.98 0.0312484
169.359 0.0313484
169.738 0.0314485
170.116 0.0315486
170.493 0.0316486
170.87 0.0317487
171.247 0.0318488
171.623 0.0319488
171.998 0.0320489
172.373 0.032149
172.747 0.032249
173.12 0.0323491
173.493 0.0324492
173.866 0.0325492
174.238 0.0326493
174.61 0.0327494
174.982 0.0328494
175.353 0.0329495
175.723 0.0330496
176.093 0.0331496
176.463 0.0332497
176.833 0.0333497
177.201 0.0334498
177.57 0.0335499
177.938 0.0336499
178.305 0.03375
178.672 0.0338501
179.038 0.0339501
179.404 0.0340502
179.769 0.0341503
180.134 0.0342503
180.499 0.0343504
180.863 0.0344505
181.226 0.0345505
181.589 0.0346506
181.952 0.0347507
182.313 0.0348507
182.674 0.0349508
183.035 0.0350508
183.395 0.0351509
183.754 0.035251
184.112 0.035351
184.47 0.0354511
184.827 0.0355512
185.183 0.0356512
185.539 0.0357513
185.895 0.0358514
186.249 0.0359514
186.603 0.0360515
186.956 0.0361515
187.309 0.0362516
187.661 0.0363517
188.012 0.0364517
188.363 0.0365518
188.713 0.0366519
189.062 0.0367519
189.41 0.036852
189.757 0.0369521
190.104 0.0370521
190.449 0.0371522
190.793 0.0372523
191.136 0.0373523
191.478 0.0374524
191.82 0.0375525
192.159 0.0376525
192.498 0.0377526
192.836 0.0378527
193.172 0.0379527
193.508 0.0380528
193.842 0.0381529
194.176 0.0382529
194.508 0.038353
194.839 0.0384531
195.169 0.0385531
195.499 0.0386532
195.827 0.0387533
196.154 0.0388533
196.481 0.0389534
196.806 0.0390535
197.131 0.0391535
197.455 0.0392536
197.779 0.0393537
198.101 0.0394538
198.423 0.0395538
198.745 0.0396539
199.066 0.039754
199.386 0.039854
199.706 0.0399541
200.026 0.0400542
200.346 0.0401542
200.667 0.0402543
200.988 0.0403544
201.309 0.0404545
201.629 0.0405545
201.949 0.0406546
202.267 0.0407547
202.585 0.0408547
202.902 0.0409548
203.218 0.0410549
203.534 0.0411549
203.848 0.041255
204.162 0.0413551
204.475 0.0414551
204.787 0.0415552
205.099 0.0416553
205.409 0.0417553
205.718 0.0418554
206.026 0.0419555
206.333 0.0420555
206.64 0.0421556
206.945 0.0422557
207.249 0.0423557
207.552 0.0424558
207.855 0.0425559
208.156 0.0426559
208.457 0.042756
208.757 0.0428561
209.055 0.0429561
209.352 0.0430562
209.649 0.0431562
209.944 0.0432563
210.238 0.0433564
210.531 0.0434564
210.823 0.0435565
211.114 0.0436566
211.404 0.0437566
211.692 0.0438567
211.979 0.0439568
212.265 0.0440568
212.55 0.0441569
212.835 0.0442569
213.118 0.044357
213.4 0.0444571
213.682 0.0445571
213.963 0.0446572
214.243 0.0447573
214.522 0.0448573
214.8 0.0449574
215.078 0.0450574
215.355 0.0451575
215.631 0.0452576
215.906 0.0453576
216.181 0.0454577
216.456 0.0455577
216.729 0.0456578
217.004 0.0457579
217.281 0.0458579
217.557 0.045958
217.832 0.0460581
218.107 0.0461581
218.381 0.0462582
218.655 0.0463583
218.929 0.0464583
219.202 0.0465584
219.476 0.0466584
219.75 0.0467585
220.023 0.0468586
220.295 0.0469586
220.567 0.0470587
220.838 0.0471588
221.109 0.0472588
221.379 0.0473589
221.649 0.047459
221.918 0.047559
222.187 0.0476591
222.456 0.0477592
222.725 0.0478592
222.994 0.0479593
223.262 0.0480593
223.53 0.0481594
223.797 0.0482595
224.066 0.0483595
224.334 0.0484596
224.602 0.0485596
224.869 0.0486597
225.136 0.0487598
225.403 0.0488598
225.669 0.0489599
225.934 0.0490599
226.199 0.04916
226.464 0.0492601
226.728 0.0493601
226.992 0.0494602
227.255 0.0495602
227.518 0.0496603
227.781 0.0497604
228.043 0.0498604
228.304 0.0499605
228.565 0.0500605
228.826 0.0501606
229.086 0.0502607
229.345 0.0503607
229.603 0.0504608
229.861 0.0505608
230.119 0.0506609
230.375 0.0507609
230.632 0.050861
230.887 0.050961
231.142 0.0510611
231.397 0.0511612
231.651 0.0512612
231.905 0.0513613
232.158 0.0514613
232.411 0.0515614
232.662 0.0516614
232.914 0.0517615
233.164 0.0518615
233.414 0.0519616
233.664 0.0520617
233.913 0.0521617
234.161 0.0522618
234.408 0.0523618
234.655 0.0524619
234.902 0.0525619
235.147 0.052662
235.393 0.052762
235.637 0.0528621
235.881 0.0529621
236.124 0.0530622
236.367 0.0531622
236.61 0.0532623
236.852 0.0533623
237.093 0.0534624
237.335 0.0535624
237.578 0.0536625
237.821 0.0537625
238.063 0.0538626
238.305 0.0539626
238.546 0.0540627
238.787 0.0541627
239.028 0.0542628
239.268 0.0543628
239.508 0.0544629
239.747 0.0545629
239.986 0.054663
240.225 0.054763
240.464 0.054863
240.703 0.0549631
240.941 0.0550631
241.179 0.0551632
241.417 0.0552632
241.657 0.0553633
241.897 0.0554633
242.138 0.0555634
242.378 0.0556634
242.617 0.0557635
242.857 0.0558635
243.096 0.0559636
243.336 0.0560636
243.575 0.0561637
243.814 0.0562637
244.053 0.0563638
244.292 0.0564638
244.53 0.0565638
244.769 0.0566639
245.008 0.0567639
245.247 0.056864
245.485 0.056964
245.724 0.0570641
245.962 0.0571641
246.2 0.0572642
246.438 0.0573642
246.675 0.0574643
246.913 0.0575643
247.15 0.0576644
247.387 0.0577644
247.623 0.0578645
247.86 0.0579645
248.096 0.0580646
248.332 0.0581646
248.567 0.0582646
248.803 0.0583647
249.038 0.0584647
249.274 0.0585648
249.508 0.0586648
249.743 0.0587649
249.977 0.0588649
250.212 0.058965
250.445 0.059065
250.679 0.0591651
250.913 0.0592651
251.147 0.0593652
251.38 0.0594652
251.614 0.0595653
251.848 0.0596653
252.081 0.0597654
252.314 0.0598654
252.546 0.0599654
252.779 0.0600655
253.011 0.0601655
253.243 0.0602656
253.474 0.0603656
253.706 0.0604657
253.937 0.0605657
254.168 0.0606658
254.398 0.0607658
254.628 0.0608659
254.858 0.0609659
255.088 0.061066
255.317 0.061166
255.546 0.0612661
255.775 0.0613661
256.004 0.0614662
256.232 0.0615662
256.46 0.0616663
256.688 0.0617663
256.915 0.0618664
257.142 0.0619664
257.369 0.0620664
257.595 0.0621665
257.822 0.0622665
258.047 0.0623666
258.273 0.0624666
258.498 0.0625667
258.723 0.0626667
258.948 0.0627668
259.172 0.0628668
259.396 0.0629669
259.62 0.0630669
259.844 0.063167
260.067 0.063267
260.29 0.0633671
260.512 0.0634671
260.735 0.0635672
260.957 0.0636672
261.178 0.0637672
261.399 0.0638673
261.62 0.0639673
261.841 0.0640674
262.061 0.0641674
262.281 0.0642675
262.501 0.0643675
262.72 0.0644676
262.939 0.0645676
263.157 0.0646677
263.375 0.0647677
263.593 0.0648677
263.81 0.0649678
264.027 0.0650678
264.243 0.0651679
264.458 0.0652679
264.674 0.065368
264.89 0.065468
265.106 0.065568
265.321 0.0656681
265.536 0.0657681
265.751 0.0658682
265.965 0.0659682
266.179 0.0660683
266.392 0.0661683
266.605 0.0662683
266.818 0.0663684
267.03 0.0664684
267.242 0.0665685
267.453 0.0666685
267.664 0.0667685
267.874 0.0668686
268.084 0.0669686
268.293 0.0670687
268.502 0.0671687
268.711 0.0672687
268.919 0.0673688
269.127 0.0674688
269.334 0.0675688
269.541 0.0676689
269.747 0.0677689
269.953 0.067869
270.159 0.067969
270.364 0.068069
270.568 0.0681691
270.772 0.0682691
270.976 0.0683691
271.179 0.0684692
271.382 0.0685692
271.584 0.0686693
271.786 0.0687693
271.987 0.0688693
272.188 0.0689694
272.388 0.0690694
272.588 0.0691694
272.788 0.0692695
272.987 0.0693695
273.186 0.0694695
273.384 0.0695696
273.582 0.0696696
273.78 0.0697696
273.977 0.0698697
274.175 0.0699697
274.371 0.0700697
274.567 0.0701698
274.762 0.0702698
274.957 0.0703698
275.151 0.0704699
275.345 0.0705699
275.538 0.0706699
275.731 0.07077
275.923 0.07087
276.114 0.0709701
276.305 0.0710701
276.496 0.0711701
276.685 0.0712702
276.875 0.0713702
277.063 0.0714702
277.251 0.0715703
277.438 0.0716703
277.625 0.0717703
277.811 0.0718704
277.997 0.0719704
278.182 0.0720704
278.366 0.0721705
278.55 0.0722705
278.733 0.0723705
278.915 0.0724706
279.097 0.0725706
279.278 0.0726706
279.459 0.0727707
279.639 0.0728707
279.818 0.0729707
279.997 0.0730708
280.175 0.0731708
280.352 0.0732708
280.528 0.0733709
280.704 0.0734709
280.879 0.0735709
281.054 0.073671
281.227 0.073771
281.4 0.073871
281.572 0.0739711
281.743 0.0740711
281.914 0.0741711
282.083 0.0742712
282.252 0.0743712
282.42 0.0744712
282.588 0.0745713
282.754 0.0746713
282.92 0.0747714
283.084 0.0748714
283.248 0.0749714
283.411 0.0750715
283.572 0.0751715
283.733 0.0752715
283.893 0.0753716
284.052 0.0754716
284.21 0.0755716
284.367 0.0756717
284.523 0.0757717
284.678 0.0758718
284.832 0.0759718
284.985 0.0760718
285.138 0.0761719
285.289 0.0762719
285.439 0.076372
285.588 0.076472
285.736 0.076572
285.884 0.0766721
286.03 0.0767721
286.175 0.0768721
286.32 0.0769722
286.464 0.0770722
286.606 0.0771723
286.748 0.0772723
286.889 0.0773723
287.029 0.0774724
287.167 0.0775724
287.305 0.0776725
287.442 0.0777725
287.577 0.0778725
287.712 0.0779726
287.846 0.0780726
287.979 0.0781727
288.111 0.0782727
288.242 0.0783727
288.372 0.0784728
288.502 0.0785728
288.63 0.0786729
288.758 0.0787729
288.885 0.0788729
289.011 0.078973
289.136 0.079073
289.261 0.0791731
289.387 0.0792731
289.512 0.0793731
289.636 0.0794732
289.76 0.0795732
289.883 0.0796733
290.005 0.0797733
290.126 0.0798733
290.246 0.0799734
290.366 0.0800734
290.485 0.0801735
290.603 0.0802735
290.72 0.0803736
290.837 0.0804736
290.953 0.0805736
291.068 0.0806737
291.182 0.0807737
291.295 0.0808738
291.408 0.0809738
291.521 0.0810739
291.633 0.0811739
291.744 0.081274
291.854 0.081374
291.964 0.081474
292.073 0.0815741
292.181 0.0816741
292.289 0.0817742
292.396 0.0818742
292.502 0.0819743
292.608 0.0820743
292.713 0.0821744
292.818 0.0822744
292.922 0.0823744
293.026 0.0824745
293.129 0.0825745
293.231 0.0826746
293.333 0.0827746
293.434 0.0828747
293.534 0.0829747
293.632 0.0830747
293.731 0.0831748
293.828 0.0832748
293.926 0.0833749
294.022 0.0834749
294.118 0.083575
294.214 0.083675
294.309 0.0837751
294.404 0.0838751
294.498 0.0839751
294.591 0.0840752
294.684 0.0841752
294.776 0.0842753
294.868 0.0843753
294.959 0.0844754
295.05 0.0845754
295.14 0.0846754
295.229 0.0847755
295.317 0.0848755
295.405 0.0849756
295.493 0.0850756
295.58 0.0851757
295.667 0.0852757
295.754 0.0853757
295.84 0.0854758
295.925 0.0855758
296.01 0.0856759
296.095 0.0857759
296.179 0.085876
296.262 0.085976
296.346 0.0860761
296.428 0.0861761
296.511 0.0862761
296.593 0.0863762
296.675 0.0864762
296.756 0.0865763
296.837 0.0866763
296.917 0.0867764
296.997 0.0868764
297.077 0.0869764
297.156 0.0870765
297.235 0.0871765
297.313 0.0872766
297.39 0.0873766
297.467 0.0874767
297.544 0.0875767
297.62 0.0876767
297.696 0.0877768
297.772 0.0878768
297.847 0.0879769
297.922 0.0880769
297.997 0.0881769
298.071 0.088277
298.144 0.088377
298.218 0.0884771
298.29 0.0885771
298.363 0.0886771
298.435 0.0887772
298.507 0.0888772
298.579 0.0889772
298.651 0.0890773
298.722 0.0891773
298.792 0.0892774
298.863 0.0893774
298.933 0.0894774
299.003 0.0895775
299.072 0.0896775
299.142 0.0897775
299.211 0.0898776
299.279 0.0899776
299.348 0.0900776
299.416 0.0901777
299.484 0.0902777
299.552 0.0903777
299.62 0.0904778
299.689 0.0905778
299.756 0.0906778
299.824 0.0907779
299.891 0.0908779
299.959 0.0909779
300.025 0.091078
300.092 0.091178
300.158 0.091278
300.224 0.091378
300.29 0.0914781
300.355 0.0915781
300.421 0.0916781
300.486 0.0917782
300.55 0.0918782
300.615 0.0919782
300.679 0.0920783
300.743 0.0921783
300.807 0.0922783
300.87 0.0923783
300.934 0.0924784
300.997 0.0925784
301.06 0.0926784
301.122 0.0927784
301.185 0.0928785
301.247 0.0929785
301.309 0.0930785
301.37 0.0931786
301.432 0.0932786
301.493 0.0933786
301.554 0.0934786
301.615 0.0935787
301.675 0.0936787
301.735 0.0937787
301.795 0.0938787
301.854 0.0939788
301.913 0.0940788
301.972 0.0941788
302.031 0.0942789
302.089 0.0943789
302.147 0.0944789
302.205 0.0945789
302.262 0.094679
302.319 0.094779
302.376 0.094879
302.433 0.094979
302.489 0.0950791
302.545 0.0951791
302.601 0.0952791
302.656 0.0953791
302.712 0.0954792
302.767 0.0955792
302.822 0.0956792
302.877 0.0957792
302.932 0.0958793
302.987 0.0959793
303.041 0.0960793
303.096 0.0961793
303.15 0.0962794
303.204 0.0963794
303.258 0.0964794
303.312 0.0965794
303.365 0.0966794
303.418 0.0967795
303.47 0.0968795
303.523 0.0969795
303.575 0.0970795
303.626 0.0971796
303.678 0.0972796
303.728 0.0973796
303.779 0.0974796
303.829 0.0975797
303.879 0.0976797
303.929 0.0977797
303.978 0.0978797
304.027 0.0979797
304.076 0.0980798
304.124 0.0981798
304.172 0.0982798
304.219 0.0983798
304.266 0.0984799
304.312 0.0985799
304.359 0.0986799
304.404 0.0987799
304.45 0.0988799
304.495 0.09898
304.54 0.09908
304.584 0.09918
304.628 0.09928
304.672 0.09938
304.716 0.0994801
304.759 0.0995801
304.802 0.0996801
304.845 0.0997801
304.887 0.0998801
304.929 0.0999802
304.971 0.10008
305.012 0.10018
305.054 0.10028
305.094 0.10038
305.135 0.10048
305.175 0.10058
305.215 0.10068
305.255 0.10078
305.294 0.10088
305.334 0.10098
305.372 0.10108
305.411 0.10118
305.45 0.10128
305.488 0.10138
305.526 0.10148
305.563 0.10158
305.601 0.10168
305.638 0.10178
305.675 0.101881
305.712 0.101981
305.748 0.102081
305.784 0.102181
305.82 0.102281
305.855 0.102381
305.891 0.102481
305.926 0.102581
305.961 0.102681
305.995 0.102781
306.03 0.102881
306.064 0.102981
306.098 0.103081
306.131 0.103181
306.165 0.103281
306.198 0.103381
306.231 0.103481
306.263 0.103581
306.296 0.103681
306.328 0.103781
306.36 0.103881
306.392 0.103981
306.424 0.104081
306.455 0.104181
306.486 0.104281
306.517 0.104381
306.547 0.104481
306.577 0.104581
306.607 0.104681
306.636 0.104781
306.665 0.104881
306.693 0.104981
306.721 0.105081
306.749 0.105181
306.777 0.105281
306.804 0.105381
306.831 0.105481
306.858 0.105581
306.885 0.105681
306.911 0.105781
306.938 0.105881
306.964 0.105981
306.99 0.106081
307.016 0.106181
307.042 0.106281
307.068 0.106381
307.094 0.106481
307.119 0.106581
307.145 0.106681
307.17 0.106781
307.195 0.106881
307.22 0.106981
307.246 0.107081
307.27 0.107181
307.295 0.107281
307.32 0.107381
307.345 0.107481
307.369 0.107581
307.394 0.107681
307.418 0.107781
307.442 0.107881
307.467 0.107981
307.491 0.108081
307.514 0.108181
307.538 0.108281
307.562 0.108381
307.586 0.108481
307.609 0.108581
307.633 0.108681
307.656 0.108781
307.679 0.108881
307.703 0.108981
307.726 0.109081
307.749 0.109181
307.771 0.109281
307.794 0.109381
307.817 0.109481
307.84 0.109581
307.862 0.109681
307.885 0.109781
307.907 0.109881
307.929 0.109981
307.952 0.110081
307.974 0.110181
307.996 0.110281
308.017 0.110381
308.039 0.110481
308.061 0.110581
308.082 0.110681
308.104 0.110781
308.125 0.110881
308.146 0.110981
308.167 0.111081
308.189 0.111181
308.209 0.111281
308.23 0.111381
308.251 0.111481
308.271 0.111581
308.292 0.111681
308.312 0.111781
308.333 0.111881
308.353 0.111981
308.373 0.112082
308.393 0.112182
308.413 0.112282
308.433 0.112382
308.453 0.112482
308.473 0.112582
308.492 0.112682
308.512 0.112782
308.531 0.112882
308.55 0.112982
308.569 0.113082
308.588 0.113182
308.607 0.113282
308.626 0.113382
308.645 0.113482
308.664 0.113582
308.683 0.113682
308.701 0.113782
308.72 0.113882
308.738 0.113982
308.756 0.114082
308.775 0.114182
308.793 0.114282
308.811 0.114382
308.83 0.114482
308.848 0.114582
308.866 0.114682
308.884 0.114782
308.902 0.114882
308.919 0.114982
308.937 0.115082
308.955 0.115182
308.972 0.115282
308.99 0.115382
309.007 0.115482
309.024 0.115582
309.041 0.115682
309.058 0.115782
309.075 0.115882
309.092 0.115982
309.109 0.116082
309.125 0.116182
309.142 0.116282
309.158 0.116382
309.174 0.116482
309.19 0.116582
309.206 0.116682
309.222 0.116782
309.237 0.116882
309.252 0.116982
309.268 0.117082
309.283 0.117182
309.298 0.117282
309.313 0.117382
309.328 0.117482
309.343 0.117582
309.358 0.117682
309.373 0.117782
309.388 0.117882
309.403 0.117982
309.417 0.118082
309.432 0.118182
309.446 0.118282
309.46 0.118382
309.474 0.118482
309.488 0.118582
309.502 0.118682
309.516 0.118782
309.53 0.118882
309.543 0.118982
309.557 0.119082
309.57 0.119182
309.584 0.119282
309.597 0.119382
309.61 0.119482
309.623 0.119582
309.636 0.119682
309.649 0.119782
309.662 0.119882
309.675 0.119982
309.687 0.120082
309.7 0.120182
309.712 0.120282
309.724 0.120382
309.736 0.120482
309.749 0.120582
309.76 0.120682
309.772 0.120782
309.784 0.120882
309.796 0.120982
309.807 0.121082
309.819 0.121182
309.83 0.121282
309.841 0.121382
309.852 0.121482
309.863 0.121582
309.874 0.121682
309.885 0.121782
309.895 0.121882
309.906 0.121982
309.916 0.122082
309.926 0.122182
309.936 0.122282
309.946 0.122382
309.956 0.122482
309.966 0.122582
309.976 0.122682
309.985 0.122782
309.995 0.122882
310.004 0.122982
310.013 0.123082
310.022 0.123182
310.031 0.123282
310.04 0.123382
310.049 0.123482
310.058 0.123582
310.066 0.123682
310.075 0.123782
310.083 0.123882
310.091 0.123982
310.099 0.124082
310.107 0.124182
310.115 0.124282
310.122 0.124382
310.13 0.124482
310.137 0.124582
310.144 0.124682
310.152 0.124782
310.158 0.124882
310.165 0.124982
310.172 0.125082
310.179 0.125182
310.185 0.125282
310.191 0.125382
310.197 0.125482
310.203 0.125582
310.209 0.125682
310.215 0.125782
310.22 0.125882
310.226 0.125982
310.231 0.126082
310.236 0.126182
310.241 0.126282
310.246 0.126382
310.251 0.126482
310.255 0.126582
310.259 0.126682
310.264 0.126782
310.268 0.126882
310.272 0.126982
310.275 0.127082
310.279 0.127182
310.282 0.127282
310.286 0.127382
310.289 0.127482
310.292 0.127582
310.295 0.127682
310.298 0.127782
310.3 0.127882
310.303 0.127982
310.305 0.128082
310.307 0.128182
310.309 0.128282
310.311 0.128382
310.313 0.128482
310.315 0.128582
310.316 0.128682
310.318 0.128782
310.319 0.128882
310.32 0.128982
310.321 0.129082
310.322 0.129182
310.323 0.129282
310.324 0.129382
310.324 0.129482
310.325 0.129582
310.325 0.129682
310.326 0.129782
310.326 0.129882
310.326 0.129982
310.326 0.130082
310.326 0.130182
310.326 0.130282
310.325 0.130382
310.325 0.130482
310.325 0.130582
310.324 0.130682
310.323 0.130782
310.322 0.130882
310.321 0.130982
310.32 0.131082
310.319 0.131182
310.317 0.131282
310.316 0.131382
310.314 0.131482
310.312 0.131582
310.31 0.131682
310.308 0.131782
310.306 0.131882
310.304 0.131982
310.301 0.132082
310.299 0.132182
310.296 0.132282
310.293 0.132382
310.29 0.132482
310.287 0.132582
310.284 0.132682
310.281 0.132782
310.278 0.132882
310.274 0.132982
310.27 0.133082
310.267 0.133182
310.263 0.133282
310.259 0.133382
310.255 0.133482
310.25 0.133582
310.246 0.133682
310.241 0.133782
310.237 0.133882
310.232 0.133982
310.227 0.134082
310.222 0.134182
310.217 0.134282
310.212 0.134382
310.207 0.134482
310.202 0.134582
310.196 0.134682
310.191 0.134782
310.185 0.134882
310.179 0.134982
310.173 0.135082
310.167 0.135182
310.161 0.135282
310.155 0.135382
310.149 0.135482
310.143 0.135582
310.136 0.135682
310.129 0.135782
310.123 0.135882
310.116 0.135982
310.109 0.136082
310.101 0.136182
310.094 0.136282
310.087 0.136382
310.079 0.136482
310.072 0.136582
310.064 0.136682
310.056 0.136782
310.048 0.136882
310.039 0.136982
310.031 0.137082
310.022 0.137182
310.013 0.137282
310.005 0.137382
309.995 0.137482
309.986 0.137582
309.977 0.137682
309.967 0.137782
309.957 0.137882
309.947 0.137982
309.937 0.138082
309.926 0.138182
309.916 0.138282
309.905 0.138382
309.894 0.138482
309.882 0.138582
309.871 0.138682
309.859 0.138782
309.847 0.138882
309.835 0.138982
309.823 0.139082
309.81 0.139182
309.798 0.139282
309.785 0.139382
309.771 0.139482
309.758 0.139582
309.744 0.139682
309.73 0.139782
309.715 0.139882
309.701 0.139982
309.685 0.140082
309.669 0.140182
309.653 0.140282
309.636 0.140382
309.62 0.140482
309.603 0.140582
309.586 0.140682
309.569 0.140782
309.552 0.140882
309.535 0.140983
309.518 0.141083
309.5 0.141183
309.483 0.141283
309.465 0.141383
309.448 0.141483
309.43 0.141583
309.412 0.141683
309.393 0.141783
309.375 0.141883
309.357 0.141983
309.338 0.142083
309.319 0.142183
309.301 0.142283
309.282 0.142383
309.262 0.142483
309.243 0.142583
309.224 0.142683
309.204 0.142783
309.184 0.142883
309.164 0.142983
309.144 0.143083
309.123 0.143183
309.103 0.143283
309.082 0.143383
309.061 0.143483
309.04 0.143583
309.019 0.143683
308.997 0.143783
308.976 0.143883
308.954 0.143983
308.934 0.144083
308.913 0.144183
308.892 0.144283
308.873 0.144383
308.855 0.144483
308.836 0.144583
308.817 0.144683
308.798 0.144783
308.778 0.144883
308.758 0.144983
308.738 0.145083
308.718 0.145183
308.697 0.145283
308.676 0.145383
308.655 0.145483
308.633 0.145583
308.611 0.145683
308.589 0.145783
308.566 0.145883
308.543 0.145983
308.52 0.146083
308.496 0.146183
308.472 0.146283
308.447 0.146383
308.422 0.146483
308.396 0.146583
308.368 0.146683
308.339 0.146783
308.31 0.146883
308.281 0.146983
308.251 0.147083
308.222 0.147183
308.192 0.147283
308.162 0.147383
308.132 0.147483
308.102 0.147583
308.071 0.147683
308.041 0.147783
308.01 0.147883
307.98 0.147983
307.949 0.148083
307.918 0.148183
307.887 0.148283
307.856 0.148383
307.824 0.148483
307.793 0.148583
307.762 0.148683
307.73 0.148782
307.699 0.148882
307.668 0.148982
307.636 0.149082
307.604 0.149182
307.573 0.149282
307.541 0.149382
307.509 0.149482
307.477 0.149582
307.445 0.149682
307.412 0.149782
307.38 0.149882
307.348 0.149982
307.315 0.150082
307.283 0.150182
307.25 0.150282
307.217 0.150382
307.184 0.150482
307.151 0.150582
307.118 0.150682
307.085 0.150782
307.051 0.150882
307.018 0.150982
306.985 0.151082
306.951 0.151182
306.917 0.151282
306.884 0.151382
306.85 0.151482
306.816 0.151582
306.782 0.151682
306.748 0.151782
306.714 0.151882
306.68 0.151982
306.646 0.152082
306.612 0.152182
306.577 0.152282
306.543 0.152382
306.509 0.152482
306.474 0.152582
306.44 0.152682
306.406 0.152782
306.372 0.152882
306.337 0.152982
306.303 0.153082
306.268 0.153182
306.234 0.153282
306.199 0.153382
306.164 0.153482
306.13 0.153582
306.095 0.153682
306.06 0.153782
306.025 0.153882
305.99 0.153982
305.955 0.154082
305.92 0.154182
305.885 0.154282
305.85 0.154382
305.815 0.154482
305.779 0.154582
305.744 0.154682
305.709 0.154782
305.673 0.154882
305.638 0.154982
305.602 0.155082
305.566 0.155182
305.531 0.155282
305.495 0.155382
305.459 0.155482
305.423 0.155582
305.387 0.155682
305.35 0.155782
305.314 0.155882
305.278 0.155982
305.241 0.156082
305.205 0.156182
305.168 0.156282
305.131 0.156382
305.094 0.156482
305.057 0.156582
305.02 0.156682
304.988 0.156782
304.958 0.156882
304.929 0.156982
304.902 0.157082
304.874 0.157182
304.846 0.157282
304.818 0.157382
304.79 0.157482
304.763 0.157582
304.735 0.157682
304.706 0.157782
304.678 0.157882
304.65 0.157982
304.622 0.158082
304.594 0.158182
304.565 0.158282
304.537 0.158382
304.509 0.158482
304.48 0.158582
304.452 0.158682
304.423 0.158782
304.394 0.158882
304.366 0.158982
304.337 0.159082
304.308 0.159182
304.28 0.159282
304.251 0.159382
304.222 0.159482
304.193 0.159582
304.165 0.159682
304.136 0.159782
304.107 0.159882
304.078 0.159982
304.05 0.160082
304.021 0.160182
303.992 0.160282
303.964 0.160382
303.935 0.160482
303.906 0.160582
303.878 0.160682
303.849 0.160782
303.82 0.160882
303.791 0.160981
303.762 0.161081
303.733 0.161181
303.704 0.161281
303.676 0.161381
303.647 0.161481
303.618 0.161581
303.589 0.161681
303.56 0.161781
303.531 0.161881
303.502 0.161981
303.473 0.162081
303.444 0.162181
303.415 0.162281
303.386 0.162381
303.356 0.162481
303.327 0.162581
303.298 0.162681
303.269 0.162781
303.24 0.162881
303.21 0.162981
303.181 0.163081
303.152 0.163181
303.122 0.163281
303.093 0.163381
303.064 0.163481
303.034 0.163581
303.005 0.163681
302.975 0.163781
302.946 0.163881
302.916 0.163981
302.887 0.164081
302.857 0.164181
302.828 0.164281
302.798 0.164381
302.768 0.164481
302.739 0.164581
302.709 0.164681
302.679 0.164781
302.649 0.164881
302.619 0.164981
302.589 0.165081
302.559 0.165181
302.529 0.165281
302.499 0.165381
302.469 0.165481
302.439 0.165581
302.409 0.165681
302.379 0.165781
302.349 0.165881
302.319 0.165981
302.289 0.166081
302.258 0.166181
302.228 0.166281
302.198 0.166381
302.167 0.166481
302.137 0.166581
302.106 0.166681
302.076 0.166781
302.045 0.166881
302.015 0.166981
301.984 0.167081
301.954 0.167181
301.923 0.167281
301.893 0.167381
301.862 0.167481
301.831 0.167581
301.801 0.167681
301.77 0.167781
301.739 0.167881
301.708 0.167981
301.677 0.168081
301.646 0.168181
301.615 0.168281
301.584 0.168381
301.552 0.168481
301.521 0.168581
301.49 0.168681
301.459 0.168781
301.427 0.168881
301.396 0.168981
301.364 0.169081
301.333 0.169181
301.301 0.169281
301.27 0.169381
301.238 0.169481
301.206 0.169581
301.174 0.169681
301.142 0.169781
301.111 0.169881
301.079 0.169981
301.047 0.170081
301.014 0.170181
300.982 0.170281
300.95 0.170381
300.918 0.170481
300.885 0.170581
300.853 0.170681
300.821 0.170781
300.788 0.170881
300.756 0.170981
300.723 0.171081
300.69 0.171181
300.658 0.171281
300.625 0.171381
300.592 0.171481
300.559 0.171581
300.526 0.171681
300.493 0.171781
300.461 0.171881
300.427 0.171981
300.394 0.172081
300.361 0.172181
300.328 0.172281
300.295 0.172381
300.262 0.172481
300.228 0.172581
300.195 0.172681
300.161 0.172781
300.128 0.172881
300.094 0.172981
300.061 0.173081
300.027 0.173181
299.993 0.173281
299.96 0.173381
299.926 0.173481
299.892 0.173581
299.858 0.173681
299.824 0.173781
299.79 0.173881
299.757 0.173981
299.723 0.174081
299.688 0.174181
299.654 0.174281
299.62 0.174381
299.586 0.174481
299.552 0.174581
299.518 0.174681
299.484 0.174781
299.449 0.174881
299.415 0.174981
299.381 0.175081
299.346 0.175181
299.312 0.175281
299.277 0.175381
299.243 0.175481
299.208 0.175581
299.174 0.175681
299.139 0.175781
299.105 0.175881
299.07 0.175981
299.035 0.176081
299 0.176181
298.966 0.176281
298.931 0.176381
298.896 0.176481
298.861 0.176581
298.827 0.176681
298.792 0.176781
298.757 0.176881
298.722 0.176981
298.687 0.177081
298.653 0.177181
298.618 0.177281
298.583 0.177381
298.548 0.177481
298.513 0.177581
298.478 0.177681
298.443 0.177781
298.408 0.177881
298.374 0.177981
298.339 0.178081
298.304 0.178181
298.269 0.178281
298.234 0.178381
298.199 0.178481
298.164 0.178581
298.129 0.178681
298.094 0.178781
298.059 0.178881
298.024 0.178981
297.989 0.179081
297.954 0.179181
297.919 0.179281
297.884 0.179381
297.849 0.179481
297.814 0.179581
297.778 0.179681
297.743 0.179781
297.708 0.179881
297.673 0.179981
297.638 0.180081
297.603 0.180181
297.568 0.180281
297.533 0.180381
297.498 0.180481
297.462 0.180581
297.427 0.180681
297.392 0.180781
297.357 0.180881
297.322 0.180981
297.287 0.181081
297.251 0.181181
297.216 0.181281
297.181 0.181381
297.146 0.181481
297.111 0.18158
297.075 0.18168
297.04 0.18178
297.005 0.18188
296.97 0.18198
296.934 0.18208
296.899 0.18218
296.864 0.18228
296.829 0.18238
296.793 0.18248
296.758 0.18258
296.723 0.18268
296.687 0.18278
296.652 0.18288
296.617 0.18298
296.582 0.18308
296.546 0.18318
296.511 0.18328
296.475 0.18338
296.44 0.18348
296.405 0.18358
296.369 0.18368
296.334 0.18378
296.298 0.18388
296.263 0.18398
296.228 0.18408
296.192 0.18418
296.157 0.18428
296.121 0.18438
296.086 0.18448
296.05 0.18458
296.015 0.18468
295.979 0.18478
295.944 0.18488
295.908 0.18498
295.873 0.18508
295.837 0.18518
295.801 0.18528
295.766 0.18538
295.73 0.18548
295.695 0.18558
295.659 0.18568
295.623 0.18578
295.588 0.18588
295.552 0.18598
295.516 0.18608
295.481 0.18618
295.445 0.18628
295.409 0.18638
295.374 0.18648
295.338 0.18658
295.302 0.18668
295.266 0.18678
295.23 0.18688
295.195 0.18698
295.159 0.18708
295.123 0.18718
295.087 0.18728
295.051 0.18738
295.015 0.18748
294.979 0.18758
294.944 0.18768
294.908 0.18778
294.872 0.18788
294.836 0.18798
294.8 0.18808
294.764 0.18818
294.728 0.18828
294.692 0.18838
294.656 0.18848
294.62 0.18858
294.584 0.18868
294.548 0.18878
294.512 0.18888
294.475 0.18898
294.439 0.18908
294.403 0.18918
294.367 0.18928
294.331 0.18938
294.295 0.18948
294.259 0.18958
294.222 0.18968
294.186 0.18978
294.15 0.18988
294.114 0.18998
294.078 0.19008
294.041 0.19018
294.005 0.19028
293.969 0.19038
293.933 0.19048
293.896 0.19058
293.86 0.19068
293.824 0.19078
293.787 0.19088
293.751 0.19098
293.715 0.19108
293.678 0.19118
293.642 0.19128
293.606 0.19138
293.569 0.19148
293.533 0.19158
293.496 0.19168
293.46 0.19178
293.423 0.19188
293.387 0.19198
293.35 0.19208
293.314 0.19218
293.277 0.19228
293.241 0.19238
293.204 0.19248
293.168 0.19258
293.131 0.19268
293.095 0.19278
293.058 0.19288
293.022 0.19298
292.985 0.19308
292.948 0.19318
292.912 0.19328
292.875 0.19338
292.838 0.19348
292.802 0.19358
292.765 0.19368
292.728 0.19378
292.692 0.19388
292.655 0.19398
292.618 0.19408
292.581 0.19418
292.545 0.19428
292.508 0.19438
292.471 0.19448
292.434 0.19458
292.397 0.19468
292.361 0.19478
292.324 0.19488
292.287 0.19498
292.25 0.19508
292.213 0.19518
292.176 0.19528
292.139 0.19538
292.102 0.19548
292.065 0.19558
292.028 0.19568
291.992 0.19578
291.955 0.19588
291.918 0.19598
291.881 0.19608
291.843 0.19618
291.806 0.19628
291.769 0.19638
291.732 0.19648
291.695 0.19658
291.658 0.19668
291.621 0.19678
291.584 0.19688
291.547 0.19698
291.51 0.19708
291.472 0.19718
291.435 0.19728
291.398 0.19738
291.361 0.19748
291.323 0.19758
291.286 0.19768
291.249 0.19778
291.212 0.19788
291.174 0.19798
291.137 0.19808
291.1 0.19818
291.063 0.19828
291.025 0.19838
290.988 0.19848
290.95 0.19858
290.913 0.19868
290.876 0.19878
290.838 0.19888
290.801 0.19898
290.763 0.19908
290.726 0.19918
290.688 0.19928
290.651 0.19938
290.613 0.19948
290.576 0.19958
290.538 0.19968
290.501 0.19978
290.463 0.19988
290.426 0.19998
