0 -6.38754e-05
0.974499 3.62727e-05
1.94883 0.000136421
2.92298 0.000236569
3.89692 0.000336717
4.87064 0.000436865
5.84413 0.000537013
6.81739 0.000637161
7.79041 0.000737309
8.76319 0.000837457
9.73572 0.000937604
10.708 0.00103775
11.6801 0.0011379
12.6519 0.00123805
13.6234 0.0013382
14.5948 0.00143834
15.5659 0.00153849
16.5367 0.00163864
17.5073 0.00173879
18.4777 0.00183893
19.4478 0.00193908
20.4176 0.00203923
21.3873 0.00213937
22.3566 0.00223952
23.3258 0.00233967
24.2947 0.00243982
25.2633 0.00253996
26.2317 0.00264011
27.1999 0.00274026
28.1675 0.0028404
29.134 0.00294055
30.0998 0.0030407
31.0631 0.00314085
32.0243 0.003241
32.9834 0.00334114
33.9406 0.00344129
34.895 0.00354144
35.8462 0.00364159
36.7916 0.00374174
37.7281 0.00384188
38.6594 0.00394203
39.5814 0.00404218
40.4954 0.00414233
41.4069 0.00424248
42.3155 0.00434262
43.2195 0.00444277
44.1161 0.00454291
45.0044 0.00464305
45.8839 0.00474319
46.7542 0.00484333
47.6152 0.00494346
48.4721 0.00504359
49.3273 0.00514372
50.1741 0.00524385
51.0158 0.00534399
51.8522 0.00544412
52.6855 0.00554425
53.5143 0.00564439
54.3426 0.00574452
55.1697 0.00584466
55.9959 0.00594479
56.8187 0.00604493
57.6334 0.00614506
58.4457 0.00624519
59.2552 0.00634532
60.0628 0.00644544
60.8615 0.00654557
61.658 0.0066457
62.4515 0.00674582
63.2428 0.00684595
64.0307 0.00694607
64.8133 0.0070462
65.5918 0.00714632
66.3684 0.00724644
67.143 0.00734656
67.9172 0.00744668
68.6869 0.00754681
69.456 0.00764693
70.2228 0.00774705
70.9863 0.00784716
71.7462 0.00794728
72.502 0.0080474
73.255 0.00814752
74.0027 0.00824764
74.7443 0.00834775
75.4834 0.00844786
76.2217 0.00854798
76.9597 0.00864809
77.6963 0.00874821
78.4314 0.00884833
79.161 0.00894845
79.8857 0.00904856
80.6086 0.00914867
81.3293 0.00924878
82.0473 0.00934889
82.7617 0.009449
83.4752 0.00954911
84.1874 0.00964922
84.8983 0.00974933
85.608 0.00984943
86.3157 0.00994954
87.0227 0.0100497
87.7279 0.0101498
88.4312 0.0102499
89.1329 0.01035
89.8325 0.0104501
90.5295 0.0105502
91.2241 0.0106503
91.9165 0.0107504
92.6048 0.0108505
93.291 0.0109506
93.9754 0.0110507
94.6569 0.0111508
95.334 0.0112509
96.009 0.011351
96.6827 0.0114511
97.3546 0.0115512
98.025 0.0116513
98.6942 0.0117514
99.3625 0.0118515
100.03 0.0119516
100.696 0.0120517
101.361 0.0121518
102.022 0.0122519
102.682 0.012352
103.341 0.0124521
103.997 0.0125522
104.652 0.0126522
105.304 0.0127523
105.954 0.0128524
106.603 0.0129525
107.251 0.0130526
107.897 0.0131527
108.542 0.0132528
109.183 0.0133529
109.823 0.013453
110.46 0.0135531
111.095 0.0136532
111.726 0.0137533
112.354 0.0138534
112.981 0.0139535
113.606 0.0140536
114.23 0.0141537
114.853 0.0142538
115.475 0.0143538
116.095 0.0144539
116.715 0.014554
117.333 0.0146541
117.95 0.0147542
118.563 0.0148543
119.172 0.0149544
119.78 0.0150545
120.385 0.0151546
120.985 0.0152547
121.584 0.0153547
122.179 0.0154548
122.773 0.0155549
123.365 0.015655
123.956 0.0157551
124.545 0.0158552
125.133 0.0159553
125.719 0.0160554
126.303 0.0161555
126.885 0.0162556
127.466 0.0163556
128.045 0.0164557
128.623 0.0165558
129.199 0.0166559
129.773 0.016756
130.345 0.0168561
130.915 0.0169561
131.483 0.0170562
132.049 0.0171563
132.614 0.0172564
133.176 0.0173565
133.736 0.0174566
134.295 0.0175567
134.853 0.0176568
135.41 0.0177568
135.965 0.0178569
136.52 0.017957
137.073 0.0180571
137.626 0.0181572
138.177 0.0182573
138.726 0.0183574
139.273 0.0184575
139.819 0.0185576
140.365 0.0186576
140.91 0.0187577
141.453 0.0188578
141.993 0.0189579
142.532 0.019058
143.068 0.0191581
143.604 0.0192581
144.137 0.0193582
144.669 0.0194583
145.199 0.0195584
145.728 0.0196585
146.255 0.0197585
146.781 0.0198586
147.306 0.0199587
147.83 0.0200588
148.352 0.0201589
148.874 0.020259
149.394 0.0203591
149.914 0.0204591
150.433 0.0205592
150.951 0.0206593
151.468 0.0207594
151.985 0.0208595
152.5 0.0209595
153.013 0.0210596
153.526 0.0211597
154.038 0.0212598
154.55 0.0213599
155.061 0.02146
155.571 0.02156
156.081 0.0216601
156.59 0.0217602
157.098 0.0218603
157.605 0.0219604
158.111 0.0220604
158.615 0.0221605
159.119 0.0222606
159.621 0.0223607
160.122 0.0224608
160.622 0.0225608
161.12 0.0226609
161.618 0.022761
162.115 0.0228611
162.611 0.0229612
163.107 0.0230612
163.602 0.0231613
164.096 0.0232614
164.589 0.0233615
165.082 0.0234616
165.573 0.0235616
166.064 0.0236617
166.554 0.0237618
167.043 0.0238619
167.532 0.023962
168.02 0.024062
168.507 0.0241621
168.993 0.0242622
169.478 0.0243623
169.962 0.0244624
170.446 0.0245624
170.93 0.0246625
171.413 0.0247626
171.894 0.0248627
172.375 0.0249628
172.855 0.0250629
173.334 0.0251629
173.812 0.025263
174.289 0.0253631
174.765 0.0254632
175.241 0.0255633
175.715 0.0256633
176.189 0.0257634
176.662 0.0258635
177.135 0.0259636
177.607 0.0260637
178.077 0.0261637
178.548 0.0262638
179.017 0.0263639
179.486 0.026464
179.954 0.0265641
180.422 0.0266641
180.888 0.0267642
181.355 0.0268643
181.82 0.0269644
182.286 0.0270644
182.75 0.0271645
183.215 0.0272646
183.678 0.0273647
184.142 0.0274648
184.604 0.0275648
185.066 0.0276649
185.528 0.027765
185.989 0.0278651
186.449 0.0279651
186.909 0.0280652
187.369 0.0281653
187.828 0.0282654
188.286 0.0283655
188.744 0.0284655
189.201 0.0285656
189.658 0.0286657
190.113 0.0287658
190.568 0.0288658
191.022 0.0289659
191.476 0.029066
191.929 0.0291661
192.381 0.0292661
192.833 0.0293662
193.284 0.0294663
193.734 0.0295664
194.184 0.0296664
194.634 0.0297665
195.083 0.0298666
195.531 0.0299667
195.979 0.0300667
196.426 0.0301668
196.873 0.0302669
197.319 0.030367
197.764 0.030467
198.209 0.0305671
198.654 0.0306672
199.097 0.0307672
199.54 0.0308673
199.982 0.0309674
200.424 0.0310675
200.865 0.0311675
201.306 0.0312676
201.746 0.0313677
202.186 0.0314678
202.625 0.0315678
203.064 0.0316679
203.502 0.031768
203.939 0.0318681
204.376 0.0319681
204.812 0.0320682
205.247 0.0321683
205.682 0.0322684
206.115 0.0323684
206.549 0.0324685
206.981 0.0325686
207.413 0.0326687
207.844 0.0327687
208.274 0.0328688
208.704 0.0329689
209.133 0.033069
209.561 0.033169
209.989 0.0332691
210.416 0.0333692
210.842 0.0334693
211.267 0.0335693
211.692 0.0336694
212.116 0.0337695
212.54 0.0338696
212.962 0.0339696
213.384 0.0340697
213.805 0.0341698
214.226 0.0342699
214.645 0.03437
215.064 0.03447
215.481 0.0345701
215.897 0.0346702
216.313 0.0347703
216.728 0.0348703
217.141 0.0349704
217.554 0.0350705
217.966 0.0351706
218.377 0.0352707
218.786 0.0353707
219.194 0.0354708
219.601 0.0355709
220.006 0.035671
220.41 0.0357711
220.812 0.0358711
221.213 0.0359712
221.612 0.0360713
222.011 0.0361714
222.408 0.0362715
222.803 0.0363715
223.197 0.0364716
223.589 0.0365717
223.98 0.0366718
224.369 0.0367719
224.756 0.036872
225.142 0.036972
225.526 0.0370721
225.907 0.0371722
226.288 0.0372723
226.666 0.0373724
227.043 0.0374725
227.418 0.0375725
227.792 0.0376726
228.165 0.0377727
228.536 0.0378728
228.906 0.0379729
229.274 0.038073
229.64 0.038173
230.005 0.0382731
230.368 0.0383732
230.73 0.0384733
231.091 0.0385734
231.451 0.0386735
231.81 0.0387735
232.168 0.0388736
232.526 0.0389737
232.883 0.0390738
233.238 0.0391739
233.591 0.0392739
233.942 0.039374
234.291 0.0394741
234.638 0.0395742
234.984 0.0396742
235.328 0.0397743
235.671 0.0398744
236.012 0.0399745
236.351 0.0400746
236.688 0.0401746
237.023 0.0402747
237.357 0.0403748
237.689 0.0404749
238.019 0.0405749
238.348 0.040675
238.675 0.0407751
239 0.0408752
239.324 0.0409752
239.646 0.0410753
239.967 0.0411754
240.287 0.0412755
240.606 0.0413755
240.925 0.0414756
241.242 0.0415757
241.557 0.0416757
241.872 0.0417758
242.187 0.0418759
242.5 0.041976
242.812 0.042076
243.123 0.0421761
243.435 0.0422762
243.747 0.0423762
244.057 0.0424763
244.366 0.0425764
244.675 0.0426764
244.988 0.0427765
245.299 0.0428766
245.61 0.0429766
245.92 0.0430767
246.228 0.0431768
246.536 0.0432768
246.842 0.0433769
247.148 0.043477
247.452 0.043577
247.756 0.0436771
248.058 0.0437772
248.36 0.0438772
248.66 0.0439773
248.96 0.0440774
249.259 0.0441774
249.557 0.0442775
249.854 0.0443776
250.15 0.0444776
250.446 0.0445777
250.741 0.0446777
251.035 0.0447778
251.329 0.0448779
251.622 0.0449779
251.914 0.045078
252.207 0.0451781
252.499 0.0452781
252.79 0.0453782
253.082 0.0454782
253.374 0.0455783
253.665 0.0456784
253.955 0.0457784
254.245 0.0458785
254.535 0.0459785
254.824 0.0460786
255.113 0.0461787
255.404 0.0462787
255.697 0.0463788
255.988 0.0464788
256.28 0.0465789
256.571 0.046679
256.861 0.046779
257.152 0.0468791
257.441 0.0469791
257.731 0.0470792
258.02 0.0471792
258.309 0.0472793
258.597 0.0473794
258.885 0.0474794
259.172 0.0475795
259.459 0.0476795
259.746 0.0477796
260.033 0.0478796
260.319 0.0479797
260.605 0.0480798
260.89 0.0481798
261.175 0.0482799
261.46 0.0483799
261.744 0.04848
262.028 0.04858
262.312 0.0486801
262.595 0.0487801
262.878 0.0488802
263.162 0.0489803
263.444 0.0490803
263.727 0.0491804
264.008 0.0492804
264.29 0.0493805
264.572 0.0494805
264.853 0.0495806
265.135 0.0496806
265.416 0.0497807
265.697 0.0498807
265.979 0.0499808
266.261 0.0500808
266.542 0.0501809
266.824 0.0502809
267.107 0.050381
267.39 0.050481
267.672 0.0505811
267.954 0.0506811
268.236 0.0507812
268.517 0.0508813
268.798 0.0509813
269.079 0.0510814
269.359 0.0511814
269.638 0.0512815
269.918 0.0513815
270.197 0.0514816
270.475 0.0515816
270.754 0.0516817
271.032 0.0517817
271.31 0.0518818
271.587 0.0519818
271.864 0.0520819
272.141 0.0521819
272.417 0.052282
272.693 0.0523821
272.969 0.0524821
273.245 0.0525822
273.52 0.0526822
273.795 0.0527823
274.07 0.0528823
274.344 0.0529824
274.618 0.0530824
274.892 0.0531825
275.165 0.0532825
275.438 0.0533826
275.711 0.0534827
275.984 0.0535827
276.256 0.0536828
276.527 0.0537828
276.799 0.0538829
277.07 0.0539829
277.34 0.054083
277.611 0.0541831
277.881 0.0542831
278.151 0.0543832
278.421 0.0544832
278.69 0.0545833
278.959 0.0546833
279.228 0.0547834
279.498 0.0548835
279.768 0.0549835
280.038 0.0550836
280.308 0.0551836
280.577 0.0552837
280.846 0.0553837
281.115 0.0554838
281.383 0.0555839
281.651 0.0556839
281.919 0.055784
282.186 0.055884
282.453 0.0559841
282.72 0.0560842
282.986 0.0561842
283.252 0.0562843
283.518 0.0563843
283.783 0.0564844
284.048 0.0565845
284.312 0.0566845
284.576 0.0567846
284.84 0.0568846
285.103 0.0569847
285.366 0.0570848
285.629 0.0571848
285.891 0.0572849
286.153 0.0573849
286.414 0.057485
286.676 0.057585
286.936 0.0576851
287.197 0.0577852
287.457 0.0578852
287.717 0.0579853
287.977 0.0580853
288.236 0.0581854
288.495 0.0582855
288.755 0.0583855
289.014 0.0584856
289.272 0.0585856
289.531 0.0586857
289.788 0.0587857
290.046 0.0588858
290.303 0.0589859
290.56 0.0590859
290.816 0.059186
291.072 0.059286
291.327 0.0593861
291.582 0.0594861
291.836 0.0595862
292.091 0.0596863
292.344 0.0597863
292.597 0.0598864
292.85 0.0599864
293.102 0.0600865
293.354 0.0601865
293.606 0.0602866
293.856 0.0603866
294.107 0.0604867
294.358 0.0605868
294.609 0.0606868
294.858 0.0607869
295.108 0.0608869
295.357 0.060987
295.605 0.061087
295.854 0.0611871
296.102 0.0612871
296.349 0.0613872
296.597 0.0614872
296.844 0.0615873
297.091 0.0616873
297.337 0.0617874
297.583 0.0618874
297.828 0.0619875
298.073 0.0620875
298.317 0.0621876
298.561 0.0622877
298.804 0.0623877
299.046 0.0624878
299.288 0.0625878
299.53 0.0626879
299.771 0.0627879
300.011 0.062888
300.251 0.062988
300.49 0.0630881
300.729 0.0631881
300.967 0.0632881
301.205 0.0633882
301.442 0.0634882
301.678 0.0635883
301.914 0.0636883
302.15 0.0637884
302.385 0.0638884
302.619 0.0639885
302.853 0.0640885
303.087 0.0641886
303.32 0.0642886
303.552 0.0643887
303.784 0.0644887
304.014 0.0645888
304.245 0.0646888
304.475 0.0647888
304.704 0.0648889
304.932 0.0649889
305.16 0.065089
305.388 0.065189
305.615 0.0652891
305.842 0.0653891
306.069 0.0654892
306.295 0.0655892
306.521 0.0656892
306.746 0.0657893
306.971 0.0658893
307.196 0.0659894
307.42 0.0660894
307.643 0.0661895
307.866 0.0662895
308.088 0.0663896
308.309 0.0664896
308.53 0.0665896
308.75 0.0666897
308.97 0.0667897
309.189 0.0668898
309.407 0.0669898
309.625 0.0670899
309.842 0.0671899
310.058 0.0672899
310.273 0.06739
310.489 0.06749
310.703 0.0675901
310.918 0.0676901
311.131 0.0677902
311.344 0.0678902
311.557 0.0679903
311.769 0.0680903
311.98 0.0681904
312.191 0.0682904
312.401 0.0683904
312.61 0.0684905
312.819 0.0685905
313.028 0.0686906
313.235 0.0687906
313.442 0.0688907
313.648 0.0689907
313.853 0.0690908
314.058 0.0691908
314.262 0.0692909
314.466 0.0693909
314.668 0.069491
314.87 0.069591
315.071 0.0696911
315.272 0.0697911
315.472 0.0698911
315.671 0.0699912
315.869 0.0700912
316.067 0.0701913
316.264 0.0702913
316.46 0.0703914
316.655 0.0704914
316.849 0.0705915
317.043 0.0706915
317.236 0.0707916
317.428 0.0708916
317.619 0.0709917
317.809 0.0710917
317.999 0.0711918
318.187 0.0712918
318.375 0.0713919
318.562 0.0714919
318.748 0.071592
318.933 0.0716921
319.117 0.0717921
319.3 0.0718922
319.482 0.0719922
319.663 0.0720923
319.844 0.0721923
320.023 0.0722924
320.201 0.0723924
320.378 0.0724925
320.555 0.0725925
320.73 0.0726926
320.903 0.0727926
321.076 0.0728927
321.248 0.0729927
321.419 0.0730928
321.589 0.0731928
321.758 0.0732929
321.926 0.0733929
322.093 0.073493
322.259 0.073593
322.424 0.0736931
322.587 0.0737931
322.75 0.0738932
322.911 0.0739932
323.071 0.0740933
323.231 0.0741933
323.389 0.0742934
323.546 0.0743934
323.702 0.0744935
323.857 0.0745935
324.011 0.0746935
324.163 0.0747936
324.315 0.0748936
324.466 0.0749937
324.616 0.0750937
324.765 0.0751938
324.914 0.0752938
325.061 0.0753939
325.207 0.0754939
325.353 0.075594
325.497 0.075694
325.641 0.0757941
325.783 0.0758941
325.925 0.0759942
326.066 0.0760942
326.207 0.0761943
326.346 0.0762943
326.485 0.0763944
326.623 0.0764944
326.76 0.0765945
326.896 0.0766945
327.032 0.0767946
327.166 0.0768946
327.299 0.0769946
327.432 0.0770947
327.564 0.0771947
327.695 0.0772948
327.825 0.0773948
327.955 0.0774949
328.084 0.0775949
328.211 0.077695
328.339 0.077795
328.465 0.0778951
328.592 0.0779951
328.719 0.0780952
328.845 0.0781952
328.971 0.0782953
329.096 0.0783953
329.22 0.0784953
329.344 0.0785954
329.467 0.0786954
329.589 0.0787955
329.71 0.0788955
329.83 0.0789956
329.95 0.0790956
330.069 0.0791957
330.187 0.0792957
330.305 0.0793957
330.421 0.0794958
330.537 0.0795958
330.653 0.0796959
330.768 0.0797959
330.882 0.079896
330.996 0.079996
331.109 0.0800961
331.221 0.0801961
331.333 0.0802962
331.443 0.0803962
331.553 0.0804962
331.661 0.0805963
331.768 0.0806963
331.875 0.0807964
331.981 0.0808964
332.086 0.0809965
332.191 0.0810965
332.295 0.0811965
332.398 0.0812966
332.502 0.0813966
332.604 0.0814967
332.706 0.0815967
332.808 0.0816968
332.909 0.0817968
333.01 0.0818969
333.11 0.0819969
333.21 0.0820969
333.309 0.082197
333.408 0.082297
333.506 0.0823971
333.604 0.0824971
333.702 0.0825971
333.799 0.0826972
333.896 0.0827972
333.992 0.0828973
334.088 0.0829973
334.184 0.0830974
334.279 0.0831974
334.374 0.0832974
334.469 0.0833975
334.563 0.0834975
334.658 0.0835976
334.752 0.0836976
334.846 0.0837976
334.941 0.0838977
335.035 0.0839977
335.128 0.0840978
335.222 0.0841978
335.314 0.0842978
335.407 0.0843979
335.499 0.0844979
335.59 0.084598
335.682 0.084698
335.772 0.084798
335.863 0.0848981
335.953 0.0849981
336.042 0.0850982
336.131 0.0851982
336.22 0.0852982
336.308 0.0853983
336.396 0.0854983
336.483 0.0855984
336.57 0.0856984
336.657 0.0857984
336.743 0.0858985
336.829 0.0859985
336.915 0.0860986
337 0.0861986
337.084 0.0862986
337.169 0.0863987
337.253 0.0864987
337.336 0.0865988
337.419 0.0866988
337.502 0.0867988
337.584 0.0868989
337.666 0.0869989
337.748 0.0870989
337.829 0.087199
337.909 0.087299
337.99 0.0873991
338.069 0.0874991
338.149 0.0875991
338.227 0.0876992
338.306 0.0877992
338.383 0.0878993
338.461 0.0879993
338.538 0.0880993
338.614 0.0881994
338.69 0.0882994
338.765 0.0883994
338.84 0.0884995
338.914 0.0885995
338.988 0.0886995
339.061 0.0887996
339.134 0.0888996
339.207 0.0889997
339.279 0.0890997
339.35 0.0891997
339.421 0.0892998
339.491 0.0893998
339.561 0.0894998
339.631 0.0895999
339.7 0.0896999
339.768 0.0897999
339.836 0.0899
339.904 0.09
339.971 0.0901
340.038 0.0902
340.104 0.0903001
340.17 0.0904001
340.235 0.0905001
340.3 0.0906002
340.364 0.0907002
340.429 0.0908002
340.492 0.0909003
340.555 0.0910003
340.618 0.0911003
340.68 0.0912003
340.742 0.0913004
340.803 0.0914004
340.864 0.0915004
340.925 0.0916004
340.985 0.0917005
341.045 0.0918005
341.104 0.0919005
341.163 0.0920006
341.221 0.0921006
341.279 0.0922006
341.337 0.0923006
341.394 0.0924007
341.451 0.0925007
341.507 0.0926007
341.564 0.0927007
341.619 0.0928008
341.675 0.0929008
341.73 0.0930008
341.785 0.0931008
341.839 0.0932009
341.893 0.0933009
341.946 0.0934009
341.999 0.0935009
342.052 0.093601
342.105 0.093701
342.157 0.093801
342.209 0.093901
342.261 0.0940011
342.312 0.0941011
342.363 0.0942011
342.414 0.0943011
342.464 0.0944011
342.514 0.0945012
342.564 0.0946012
342.613 0.0947012
342.662 0.0948012
342.711 0.0949013
342.76 0.0950013
342.809 0.0951013
342.858 0.0952013
342.907 0.0953013
342.956 0.0954014
343.004 0.0955014
343.053 0.0956014
343.102 0.0957014
343.15 0.0958014
343.198 0.0959014
343.245 0.0960015
343.292 0.0961015
343.339 0.0962015
343.386 0.0963015
343.433 0.0964015
343.479 0.0965016
343.525 0.0966016
343.57 0.0967016
343.615 0.0968016
343.661 0.0969016
343.705 0.0970016
343.75 0.0971017
343.795 0.0972017
343.84 0.0973017
343.884 0.0974017
343.928 0.0975017
343.972 0.0976017
344.016 0.0977017
344.059 0.0978018
344.102 0.0979018
344.145 0.0980018
344.187 0.0981018
344.229 0.0982018
344.271 0.0983018
344.313 0.0984018
344.354 0.0985019
344.395 0.0986019
344.436 0.0987019
344.476 0.0988019
344.517 0.0989019
344.557 0.0990019
344.596 0.0991019
344.636 0.0992019
344.675 0.099302
344.714 0.099402
344.753 0.099502
344.792 0.099602
344.831 0.099702
344.869 0.099802
344.907 0.099902
344.945 0.100002
344.983 0.100102
345.021 0.100202
345.058 0.100302
345.096 0.100402
345.133 0.100502
345.17 0.100602
345.207 0.100702
345.243 0.100802
345.28 0.100902
345.316 0.101002
345.352 0.101102
345.387 0.101202
345.423 0.101302
345.458 0.101402
345.493 0.101502
345.528 0.101602
345.563 0.101702
345.598 0.101802
345.632 0.101902
345.666 0.102002
345.7 0.102102
345.734 0.102202
345.768 0.102302
345.801 0.102402
345.834 0.102502
345.867 0.102602
345.9 0.102702
345.932 0.102802
345.964 0.102902
345.996 0.103002
346.028 0.103102
346.059 0.103202
346.091 0.103302
346.122 0.103402
346.152 0.103502
346.183 0.103602
346.213 0.103702
346.243 0.103802
346.272 0.103902
346.302 0.104002
346.331 0.104102
346.361 0.104202
346.389 0.104302
346.418 0.104402
346.446 0.104502
346.473 0.104602
346.501 0.104702
346.529 0.104802
346.556 0.104902
346.583 0.105002
346.61 0.105102
346.637 0.105202
346.664 0.105302
346.691 0.105402
346.718 0.105502
346.744 0.105602
346.771 0.105702
346.797 0.105802
346.823 0.105902
346.849 0.106002
346.875 0.106102
346.901 0.106202
346.927 0.106302
346.952 0.106402
346.978 0.106502
347.003 0.106602
347.028 0.106702
347.053 0.106802
347.078 0.106902
347.103 0.107002
347.128 0.107102
347.152 0.107202
347.177 0.107302
347.201 0.107402
347.225 0.107502
347.25 0.107602
347.274 0.107702
347.298 0.107802
347.322 0.107902
347.345 0.108002
347.369 0.108102
347.393 0.108202
347.417 0.108302
347.44 0.108402
347.463 0.108502
347.487 0.108602
347.51 0.108702
347.533 0.108802
347.556 0.108902
347.579 0.109002
347.601 0.109102
347.624 0.109202
347.647 0.109302
347.67 0.109402
347.692 0.109502
347.715 0.109602
347.737 0.109702
347.759 0.109802
347.781 0.109902
347.803 0.110002
347.825 0.110102
347.847 0.110202
347.869 0.110302
347.891 0.110402
347.913 0.110502
347.934 0.110602
347.956 0.110702
347.977 0.110802
347.998 0.110902
348.02 0.111002
348.041 0.111102
348.062 0.111202
348.083 0.111302
348.104 0.111402
348.125 0.111502
348.145 0.111602
348.166 0.111702
348.186 0.111802
348.207 0.111902
348.227 0.112002
348.247 0.112102
348.268 0.112202
348.288 0.112302
348.308 0.112402
348.328 0.112502
348.348 0.112602
348.367 0.112702
348.387 0.112802
348.407 0.112902
348.426 0.113002
348.446 0.113102
348.465 0.113202
348.485 0.113302
348.504 0.113402
348.523 0.113502
348.542 0.113602
348.56 0.113702
348.579 0.113802
348.598 0.113902
348.616 0.114002
348.635 0.114102
348.653 0.114202
348.671 0.114302
348.689 0.114402
348.708 0.114502
348.726 0.114602
348.744 0.114702
348.762 0.114802
348.78 0.114902
348.797 0.115002
348.815 0.115102
348.833 0.115202
348.85 0.115302
348.868 0.115402
348.885 0.115502
348.903 0.115602
348.92 0.115702
348.938 0.115802
348.955 0.115902
348.972 0.116002
348.989 0.116102
349.006 0.116202
349.023 0.116302
349.04 0.116402
349.057 0.116502
349.074 0.116602
349.091 0.116702
349.108 0.116802
349.124 0.116902
349.141 0.117002
349.157 0.117102
349.174 0.117202
349.19 0.117302
349.206 0.117402
349.223 0.117502
349.239 0.117602
349.255 0.117702
349.271 0.117802
349.287 0.117902
349.303 0.118002
349.318 0.118102
349.334 0.118202
349.35 0.118302
349.365 0.118402
349.381 0.118502
349.396 0.118602
349.412 0.118702
349.427 0.118802
349.442 0.118902
349.458 0.119002
349.473 0.119102
349.488 0.119202
349.503 0.119302
349.518 0.119402
349.533 0.119502
349.548 0.119602
349.562 0.119702
349.577 0.119802
349.592 0.119902
349.606 0.120002
349.621 0.120102
349.635 0.120202
349.65 0.120302
349.664 0.120402
349.678 0.120502
349.692 0.120602
349.706 0.120702
349.72 0.120802
349.734 0.120902
349.748 0.121002
349.762 0.121102
349.775 0.121202
349.789 0.121302
349.803 0.121402
349.816 0.121502
349.829 0.121602
349.843 0.121702
349.856 0.121802
349.869 0.121902
349.882 0.122002
349.895 0.122102
349.908 0.122202
349.921 0.122302
349.934 0.122402
349.946 0.122502
349.959 0.122602
349.971 0.122702
349.984 0.122802
349.996 0.122902
350.009 0.123002
350.021 0.123102
350.033 0.123202
350.045 0.123302
350.057 0.123402
350.069 0.123502
350.081 0.123602
350.093 0.123702
350.105 0.123802
350.117 0.123902
350.128 0.124002
350.14 0.124102
350.152 0.124202
350.163 0.124302
350.174 0.124402
350.186 0.124502
350.197 0.124602
350.208 0.124702
350.219 0.124802
350.23 0.124902
350.241 0.125002
350.251 0.125102
350.262 0.125202
350.273 0.125302
350.283 0.125402
350.294 0.125502
350.304 0.125602
350.314 0.125702
350.324 0.125802
350.334 0.125902
350.344 0.126002
350.354 0.126102
350.364 0.126202
350.374 0.126302
350.383 0.126402
350.393 0.126502
350.402 0.126602
350.411 0.126702
350.421 0.126802
350.43 0.126902
350.439 0.127002
350.448 0.127102
350.457 0.127202
350.466 0.127302
350.475 0.127402
350.484 0.127502
350.492 0.127602
350.501 0.127702
350.51 0.127803
350.518 0.127903
350.527 0.128003
350.535 0.128103
350.543 0.128203
350.551 0.128303
350.559 0.128403
350.567 0.128503
350.575 0.128603
350.582 0.128703
350.59 0.128803
350.598 0.128903
350.605 0.129003
350.612 0.129103
350.62 0.129203
350.627 0.129303
350.634 0.129403
350.641 0.129503
350.647 0.129603
350.654 0.129703
350.661 0.129803
350.667 0.129903
350.674 0.130003
350.68 0.130103
350.686 0.130203
350.692 0.130303
350.698 0.130403
350.704 0.130503
350.71 0.130603
350.716 0.130703
350.721 0.130803
350.727 0.130903
350.732 0.131003
350.737 0.131103
350.742 0.131203
350.747 0.131303
350.752 0.131403
350.757 0.131503
350.762 0.131603
350.766 0.131703
350.771 0.131803
350.775 0.131903
350.779 0.132003
350.783 0.132103
350.787 0.132203
350.791 0.132303
350.794 0.132403
350.798 0.132503
350.801 0.132603
350.804 0.132703
350.807 0.132803
350.81 0.132903
350.813 0.133003
350.816 0.133103
350.819 0.133203
350.821 0.133303
350.823 0.133403
350.826 0.133503
350.828 0.133603
350.83 0.133703
350.831 0.133803
350.833 0.133903
350.835 0.134003
350.836 0.134103
350.837 0.134203
350.838 0.134303
350.839 0.134403
350.84 0.134503
350.841 0.134603
350.841 0.134703
350.841 0.134803
350.841 0.134903
350.841 0.135003
350.841 0.135103
350.841 0.135203
350.84 0.135303
350.84 0.135403
350.839 0.135503
350.838 0.135603
350.837 0.135703
350.835 0.135803
350.834 0.135903
350.832 0.136003
350.831 0.136103
350.829 0.136203
350.827 0.136303
350.825 0.136403
350.822 0.136503
350.82 0.136603
350.817 0.136703
350.814 0.136803
350.81 0.136903
350.807 0.137003
350.804 0.137103
350.8 0.137203
350.796 0.137303
350.792 0.137403
350.788 0.137503
350.784 0.137603
350.78 0.137703
350.775 0.137803
350.771 0.137903
350.766 0.138003
350.761 0.138103
350.756 0.138203
350.752 0.138303
350.747 0.138403
350.742 0.138503
350.737 0.138603
350.732 0.138703
350.726 0.138803
350.721 0.138903
350.716 0.139003
350.71 0.139103
350.705 0.139203
350.699 0.139303
350.694 0.139403
350.688 0.139503
350.682 0.139603
350.676 0.139703
350.67 0.139803
350.663 0.139903
350.657 0.140003
350.65 0.140103
350.644 0.140203
350.637 0.140303
350.63 0.140403
350.623 0.140503
350.617 0.140603
350.609 0.140703
350.602 0.140803
350.595 0.140903
350.588 0.141003
350.58 0.141103
350.573 0.141203
350.565 0.141303
350.557 0.141403
350.549 0.141503
350.541 0.141603
350.533 0.141703
350.525 0.141803
350.516 0.141903
350.508 0.142003
350.499 0.142103
350.491 0.142203
350.482 0.142303
350.473 0.142403
350.464 0.142503
350.455 0.142603
350.446 0.142703
350.437 0.142803
350.427 0.142903
350.418 0.143003
350.408 0.143103
350.399 0.143203
350.389 0.143303
350.379 0.143403
350.369 0.143503
350.359 0.143602
350.349 0.143702
350.338 0.143802
350.328 0.143902
350.318 0.144002
350.307 0.144102
350.296 0.144202
350.286 0.144302
350.275 0.144402
350.264 0.144502
350.253 0.144602
350.241 0.144702
350.23 0.144802
350.219 0.144902
350.207 0.145002
350.195 0.145102
350.183 0.145202
350.171 0.145302
350.159 0.145402
350.145 0.145502
350.132 0.145602
350.119 0.145702
350.105 0.145802
350.092 0.145902
350.078 0.146002
350.064 0.146102
350.05 0.146202
350.037 0.146302
350.023 0.146402
350.009 0.146502
349.995 0.146602
349.98 0.146702
349.966 0.146802
349.952 0.146902
349.937 0.147002
349.923 0.147102
349.908 0.147202
349.894 0.147302
349.879 0.147402
349.864 0.147502
349.849 0.147602
349.834 0.147702
349.819 0.147802
349.804 0.147902
349.789 0.148002
349.773 0.148102
349.758 0.148202
349.742 0.148302
349.726 0.148402
349.711 0.148502
349.695 0.148602
349.679 0.148702
349.663 0.148802
349.646 0.148902
349.63 0.149002
349.613 0.149102
349.597 0.149202
349.58 0.149302
349.563 0.149402
349.546 0.149502
349.528 0.149602
349.511 0.149702
349.493 0.149802
349.476 0.149902
349.458 0.150002
349.44 0.150102
349.422 0.150202
349.404 0.150302
349.386 0.150402
349.367 0.150502
349.349 0.150602
349.33 0.150702
349.311 0.150802
349.292 0.150902
349.273 0.151002
349.253 0.151102
349.234 0.151202
349.214 0.151302
349.194 0.151402
349.174 0.151502
349.152 0.151602
349.13 0.151702
349.108 0.151802
349.086 0.151902
349.063 0.152002
349.041 0.152102
349.019 0.152202
348.996 0.152302
348.975 0.152402
348.953 0.152502
348.932 0.152602
348.911 0.152702
348.892 0.152802
348.873 0.152902
348.855 0.153002
348.836 0.153102
348.818 0.153202
348.799 0.153302
348.781 0.153402
348.762 0.153502
348.744 0.153602
348.725 0.153702
348.706 0.153802
348.688 0.153902
348.669 0.154002
348.65 0.154102
348.632 0.154202
348.613 0.154302
348.594 0.154402
348.576 0.154502
348.557 0.154602
348.538 0.154702
348.519 0.154802
348.5 0.154902
348.481 0.155002
348.463 0.155102
348.444 0.155202
348.425 0.155302
348.406 0.155402
348.387 0.155502
348.368 0.155602
348.349 0.155702
348.33 0.155802
348.311 0.155902
348.292 0.156002
348.273 0.156102
348.254 0.156202
348.235 0.156302
348.216 0.156402
348.197 0.156502
348.178 0.156602
348.159 0.156702
348.14 0.156802
348.12 0.156902
348.101 0.157002
348.082 0.157102
348.063 0.157202
348.044 0.157302
348.024 0.157402
348.005 0.157502
347.986 0.157602
347.966 0.157702
347.947 0.157802
347.928 0.157902
347.908 0.158002
347.889 0.158102
347.869 0.158202
347.85 0.158302
347.83 0.158402
347.811 0.158502
347.791 0.158602
347.772 0.158702
347.752 0.158802
347.733 0.158902
347.713 0.159002
347.693 0.159102
347.674 0.159202
347.654 0.159302
347.634 0.159402
347.614 0.159502
347.595 0.159602
347.575 0.159702
347.555 0.159802
347.535 0.159902
347.515 0.160002
347.495 0.160102
347.475 0.160202
347.455 0.160302
347.435 0.160402
347.415 0.160502
347.395 0.160601
347.375 0.160701
347.354 0.160801
347.334 0.160901
347.314 0.161001
347.294 0.161101
347.273 0.161201
347.253 0.161301
347.232 0.161401
347.212 0.161501
347.192 0.161601
347.171 0.161701
347.151 0.161801
347.13 0.161901
347.109 0.162001
347.089 0.162101
347.068 0.162201
347.048 0.162301
347.027 0.162401
347.006 0.162501
346.986 0.162601
346.965 0.162701
346.944 0.162801
346.923 0.162901
346.902 0.163001
346.88 0.163101
346.859 0.163201
346.841 0.163301
346.825 0.163401
346.808 0.163501
346.792 0.163601
346.777 0.163701
346.762 0.163801
346.747 0.163901
346.731 0.164001
346.716 0.164101
346.701 0.164201
346.685 0.164301
346.67 0.164401
346.654 0.164501
346.639 0.164601
346.623 0.164701
346.608 0.164801
346.592 0.164901
346.576 0.165001
346.561 0.165101
346.545 0.165201
346.529 0.165301
346.513 0.165401
346.498 0.165501
346.482 0.165601
346.466 0.165701
346.45 0.165801
346.434 0.165901
346.418 0.166001
346.402 0.166101
346.386 0.166201
346.37 0.166301
346.353 0.166401
346.337 0.166501
346.321 0.166601
346.305 0.166701
346.288 0.166801
346.272 0.166901
346.255 0.167001
346.239 0.167101
346.223 0.167201
346.206 0.167301
346.19 0.167401
346.173 0.167501
346.157 0.167601
346.14 0.167701
346.124 0.167801
346.107 0.167901
346.09 0.168001
346.073 0.168101
346.057 0.168201
346.04 0.168301
346.023 0.168401
346.006 0.168501
345.989 0.168601
345.972 0.168701
345.955 0.168801
345.938 0.168901
345.921 0.169001
345.903 0.169101
345.886 0.169201
345.869 0.169301
345.852 0.169401
345.834 0.169501
345.817 0.169601
345.8 0.169701
345.782 0.169801
345.765 0.169901
345.747 0.170001
345.73 0.170101
345.713 0.170201
345.695 0.170301
345.678 0.170401
345.66 0.170501
345.642 0.170601
345.625 0.170701
345.607 0.170801
345.589 0.170901
345.572 0.171001
345.554 0.171101
345.536 0.171201
345.518 0.171301
345.501 0.171401
345.483 0.171501
345.465 0.171601
345.447 0.171701
345.429 0.171801
345.411 0.171901
345.393 0.172001
345.375 0.172101
345.357 0.172201
345.339 0.172301
345.32 0.172401
345.302 0.172501
345.284 0.172601
345.266 0.172701
345.248 0.172801
345.229 0.172901
345.211 0.173001
345.193 0.173101
345.174 0.173201
345.156 0.173301
345.138 0.173401
345.119 0.173501
345.101 0.173601
345.082 0.173701
345.064 0.173801
345.045 0.173901
345.027 0.174001
345.008 0.174101
344.99 0.174201
344.971 0.174301
344.953 0.174401
344.935 0.174501
344.916 0.174601
344.898 0.174701
344.88 0.174801
344.861 0.174901
344.843 0.175001
344.824 0.175101
344.806 0.175201
344.787 0.175301
344.769 0.175401
344.751 0.175501
344.732 0.175601
344.714 0.175701
344.695 0.175801
344.677 0.175901
344.658 0.176001
344.64 0.176101
344.621 0.176201
344.603 0.176301
344.584 0.176401
344.566 0.176501
344.547 0.176601
344.529 0.176701
344.51 0.176801
344.492 0.176901
344.473 0.177001
344.455 0.1771
344.436 0.1772
344.417 0.1773
344.399 0.1774
344.38 0.1775
344.361 0.1776
344.343 0.1777
344.324 0.1778
344.305 0.1779
344.286 0.178
344.268 0.1781
344.249 0.1782
344.23 0.1783
344.211 0.1784
344.192 0.1785
344.173 0.1786
344.154 0.1787
344.136 0.1788
344.117 0.1789
344.098 0.179
344.079 0.1791
344.06 0.1792
344.041 0.1793
344.021 0.1794
344.002 0.1795
343.983 0.1796
343.964 0.1797
343.945 0.1798
343.926 0.1799
343.907 0.18
343.887 0.1801
343.868 0.1802
343.849 0.1803
343.83 0.1804
343.81 0.1805
343.791 0.1806
343.771 0.1807
343.752 0.1808
343.733 0.1809
343.713 0.181
343.694 0.1811
343.674 0.1812
343.655 0.1813
343.635 0.1814
343.615 0.1815
343.596 0.1816
343.576 0.1817
343.556 0.1818
343.537 0.1819
343.517 0.182
343.497 0.1821
343.477 0.1822
343.458 0.1823
343.438 0.1824
343.418 0.1825
343.398 0.1826
343.378 0.1827
343.358 0.1828
343.338 0.1829
343.318 0.183
343.298 0.1831
343.278 0.1832
343.258 0.1833
343.238 0.1834
343.218 0.1835
343.198 0.1836
343.178 0.1837
343.157 0.1838
343.137 0.1839
343.117 0.184
343.097 0.1841
343.076 0.1842
343.056 0.1843
343.036 0.1844
343.015 0.1845
342.995 0.1846
342.974 0.1847
342.954 0.1848
342.933 0.1849
342.913 0.185
342.892 0.1851
342.871 0.1852
342.851 0.1853
342.83 0.1854
342.809 0.1855
342.789 0.1856
342.768 0.1857
342.747 0.1858
342.726 0.1859
342.705 0.186
342.685 0.1861
342.664 0.1862
342.643 0.1863
342.622 0.1864
342.601 0.1865
342.58 0.1866
342.559 0.1867
342.538 0.1868
342.517 0.1869
342.496 0.187
342.474 0.1871
342.453 0.1872
342.432 0.1873
342.411 0.1874
342.39 0.1875
342.368 0.1876
342.347 0.1877
342.326 0.1878
342.304 0.1879
342.283 0.188
342.261 0.1881
342.24 0.1882
342.218 0.1883
342.197 0.1884
342.175 0.1885
342.154 0.1886
342.132 0.1887
342.11 0.1888
342.089 0.1889
342.067 0.189
342.045 0.1891
342.023 0.1892
342.002 0.1893
341.98 0.1894
341.958 0.1895
341.936 0.1896
341.914 0.1897
341.892 0.1898
341.87 0.1899
341.848 0.19
341.826 0.1901
341.804 0.1902
341.782 0.1903
341.76 0.1904
341.738 0.1905
341.715 0.1906
341.693 0.1907
341.671 0.1908
341.648 0.1909
341.626 0.191
341.604 0.1911
341.581 0.1912
341.559 0.1913
341.536 0.1914
341.514 0.1915
341.491 0.1916
341.468 0.1917
341.446 0.1918
341.423 0.1919
341.4 0.192
341.377 0.1921
341.355 0.1922
341.332 0.1923
341.309 0.1924
341.285 0.1925
341.262 0.1926
341.239 0.1927
341.216 0.1928
341.193 0.1929
341.169 0.193
341.146 0.1931
341.123 0.1932
341.099 0.1933
341.076 0.1934
341.052 0.1935
341.029 0.1936
341.005 0.1937
340.982 0.1938
340.958 0.193899
340.934 0.193999
340.91 0.194099
340.887 0.194199
340.863 0.194299
340.839 0.194399
340.815 0.194499
340.791 0.194599
340.767 0.194699
340.743 0.194799
340.719 0.194899
340.694 0.194999
340.67 0.195099
340.646 0.195199
340.622 0.195299
340.597 0.195399
340.573 0.195499
340.548 0.195599
340.524 0.195699
340.499 0.195799
340.474 0.195899
340.45 0.195999
340.425 0.196099
340.4 0.196199
340.375 0.196299
340.35 0.196399
340.325 0.196499
340.3 0.196599
340.275 0.196699
340.25 0.196799
340.224 0.196899
340.199 0.196999
340.174 0.197099
340.148 0.197199
340.123 0.197299
340.097 0.197399
340.071 0.197499
340.046 0.197599
340.02 0.197699
339.993 0.197799
339.967 0.197899
339.941 0.197999
339.914 0.198099
339.888 0.198199
339.861 0.198299
339.835 0.198399
339.808 0.198499
339.78 0.198599
339.753 0.198699
339.725 0.198799
339.698 0.198899
339.67 0.198999
339.643 0.199099
339.615 0.199199
339.588 0.199299
339.56 0.199399
339.532 0.199499
339.504 0.199599
339.477 0.199699
339.449 0.199799
339.421 0.199899
339.393 0.199999
