0 -8.03427e-05
0.455061 1.96581e-05
0.910041 0.000119659
1.36494 0.00021966
1.81976 0.000319661
2.2745 0.000419662
2.72915 0.000519662
3.18372 0.000619663
3.6382 0.000719664
4.09259 0.000819665
4.54689 0.000919666
5.00111 0.00101967
5.45523 0.00111967
5.90926 0.00121967
6.3632 0.00131967
6.81705 0.00141967
7.2708 0.00151967
7.72447 0.00161967
8.17804 0.00171967
8.63151 0.00181967
9.0849 0.00191967
9.53819 0.00201968
9.99139 0.00211968
10.4445 0.00221968
10.8975 0.00231968
11.3504 0.00241968
11.8032 0.00251968
12.256 0.00261968
12.7086 0.00271968
13.1611 0.00281968
13.6136 0.00291968
14.0659 0.00301968
14.5182 0.00311968
14.9704 0.00321969
15.4224 0.00331969
15.8744 0.00341969
16.3263 0.00351969
16.778 0.00361969
17.2297 0.00371969
17.6813 0.00381969
18.1328 0.00391969
18.5842 0.00401969
19.0355 0.00411969
19.4867 0.00421969
19.9379 0.00431969
20.3889 0.0044197
20.8398 0.0045197
21.2905 0.0046197
21.7409 0.0047197
22.1911 0.0048197
22.6413 0.0049197
23.0912 0.0050197
23.5408 0.0051197
23.9901 0.0052197
24.439 0.0053197
24.8877 0.0054197
25.336 0.0055197
25.7839 0.00561971
26.2313 0.00571971
26.6783 0.00581971
27.1249 0.00591971
27.5702 0.00601971
28.0139 0.00611971
28.4569 0.00621971
28.8993 0.00631971
29.3411 0.00641971
29.7815 0.00651971
30.2206 0.00661971
30.6593 0.00671971
31.0974 0.00681972
31.5345 0.00691972
31.9712 0.00701972
32.4059 0.00711972
32.8389 0.00721972
33.2683 0.00731972
33.6966 0.00741972
34.1245 0.00751972
34.5519 0.00761972
34.9771 0.00771972
35.4008 0.00781972
35.8235 0.00791972
36.2448 0.00801973
36.6656 0.00811973
37.0844 0.00821973
37.5019 0.00831973
37.9181 0.00841973
38.3329 0.00851973
38.7467 0.00861973
39.1587 0.00871973
39.5689 0.00881973
39.9746 0.00891973
40.3766 0.00901973
40.7779 0.00911973
41.1787 0.00921973
41.5787 0.00931974
41.9782 0.00941974
42.377 0.00951974
42.7748 0.00961974
43.1711 0.00971974
43.5659 0.00981974
43.9588 0.00991974
44.3507 0.0100197
44.7416 0.0101197
45.1314 0.0102197
45.5207 0.0103197
45.9088 0.0104197
46.2934 0.0105197
46.6743 0.0106197
47.0533 0.0107197
47.4306 0.0108197
47.8059 0.0109197
48.1792 0.0110197
48.5505 0.0111197
48.9209 0.0112197
49.2889 0.0113197
49.6537 0.0114197
50.0174 0.0115198
50.3803 0.0116198
50.7426 0.0117198
51.1041 0.0118198
51.4648 0.0119198
51.8249 0.0120198
52.1843 0.0121198
52.5424 0.0122198
52.8996 0.0123198
53.2559 0.0124198
53.611 0.0125198
53.9651 0.0126198
54.3181 0.0127198
54.6704 0.0128198
55.0199 0.0129198
55.3676 0.0130198
55.7143 0.0131198
56.0593 0.0132198
56.4026 0.0133198
56.7441 0.0134198
57.0841 0.0135198
57.4229 0.0136198
57.7602 0.0137198
58.0961 0.0138198
58.431 0.0139198
58.7645 0.0140198
59.0964 0.0141198
59.4276 0.0142198
59.7581 0.0143198
60.0874 0.0144198
60.4148 0.0145198
60.7406 0.0146198
61.0655 0.0147198
61.3899 0.0148198
61.7137 0.0149198
62.0365 0.0150198
62.358 0.0151198
62.6781 0.0152198
62.9972 0.0153198
63.3158 0.0154198
63.6341 0.0155198
63.9517 0.0156198
64.2687 0.0157198
64.585 0.0158198
64.8998 0.0159198
65.2133 0.0160198
65.5261 0.0161198
65.8372 0.0162198
66.1469 0.0163198
66.4556 0.0164198
66.7633 0.0165198
67.0702 0.0166198
67.3765 0.0167198
67.6811 0.0168198
67.984 0.0169198
68.2859 0.0170198
68.5869 0.0171198
68.8866 0.0172198
69.1854 0.0173198
69.4834 0.0174198
69.7804 0.0175198
70.0762 0.0176198
70.3704 0.0177198
70.6635 0.0178198
70.9559 0.0179198
71.2476 0.0180198
71.5383 0.0181198
71.8286 0.0182198
72.1182 0.0183198
72.4076 0.0184198
72.6968 0.0185198
72.9855 0.0186198
73.2738 0.0187198
73.5617 0.0188198
73.8494 0.0189198
74.1368 0.0190198
74.4238 0.0191198
74.7101 0.0192198
74.9961 0.0193198
75.2815 0.0194198
75.5662 0.0195198
75.8501 0.0196198
76.133 0.0197198
76.4151 0.0198198
76.6968 0.0199198
76.9778 0.0200198
77.2582 0.0201198
77.5382 0.0202198
77.8179 0.0203198
78.0971 0.0204198
78.3757 0.0205198
78.6536 0.0206198
78.9303 0.0207198
79.2061 0.0208198
79.4814 0.0209198
79.7561 0.0210198
80.0304 0.0211198
80.3042 0.0212198
80.5775 0.0213198
80.8502 0.0214198
81.1221 0.0215198
81.3936 0.0216198
81.6646 0.0217198
81.9347 0.0218198
82.2043 0.0219198
82.4734 0.0220198
82.7421 0.0221198
83.0105 0.0222198
83.2786 0.0223198
83.5459 0.0224198
83.8127 0.0225198
84.0787 0.0226198
84.3439 0.0227198
84.6086 0.0228198
84.8728 0.0229198
85.1363 0.0230198
85.3993 0.0231198
85.662 0.0232198
85.9242 0.0233198
86.1859 0.0234198
86.4473 0.0235198
86.7082 0.0236198
86.9686 0.0237198
87.2286 0.0238198
87.4883 0.0239198
87.7476 0.0240198
88.0066 0.0241198
88.265 0.0242198
88.5228 0.0243198
88.7801 0.0244198
89.037 0.0245198
89.2935 0.0246198
89.5496 0.0247198
89.8054 0.0248198
90.0605 0.0249198
90.3149 0.0250198
90.5685 0.0251198
90.821 0.0252198
91.0725 0.0253198
91.3236 0.0254198
91.5743 0.0255198
91.8245 0.0256198
92.0745 0.0257198
92.324 0.0258198
92.5733 0.0259198
92.8218 0.0260198
93.0699 0.0261198
93.3176 0.0262198
93.5646 0.0263198
93.8112 0.0264198
94.0574 0.0265198
94.3034 0.0266198
94.549 0.0267198
94.7941 0.0268198
95.0386 0.0269198
95.2826 0.0270198
95.5264 0.0271198
95.7695 0.0272198
96.0121 0.0273198
96.2542 0.0274198
96.4961 0.0275198
96.7378 0.0276198
96.9792 0.0277198
97.2205 0.0278198
97.4615 0.0279198
97.7023 0.0280198
97.9426 0.0281198
98.1824 0.0282198
98.4216 0.0283198
98.6602 0.0284198
98.8986 0.0285198
99.1366 0.0286198
99.3739 0.0287198
99.6107 0.0288198
99.847 0.0289198
100.083 0.0290198
100.317 0.0291198
100.552 0.0292198
100.787 0.0293198
101.021 0.0294198
101.255 0.0295198
101.489 0.0296198
101.723 0.0297198
101.956 0.0298198
102.189 0.0299198
102.421 0.0300198
102.654 0.0301198
102.886 0.0302198
103.118 0.0303198
103.349 0.0304198
103.58 0.0305199
103.811 0.0306199
104.042 0.0307199
104.272 0.0308199
104.502 0.0309199
104.731 0.0310199
104.96 0.0311199
105.189 0.0312199
105.417 0.0313199
105.645 0.0314199
105.873 0.0315199
106.1 0.0316199
106.328 0.0317199
106.555 0.0318199
106.782 0.0319199
107.009 0.0320199
107.235 0.0321199
107.462 0.0322199
107.688 0.0323199
107.914 0.0324199
108.139 0.0325199
108.365 0.0326199
108.59 0.0327199
108.815 0.0328199
109.039 0.0329199
109.263 0.0330199
109.487 0.0331199
109.71 0.0332199
109.933 0.0333199
110.155 0.0334199
110.377 0.0335199
110.598 0.0336199
110.82 0.0337199
111.041 0.0338199
111.261 0.0339199
111.482 0.0340199
111.702 0.0341199
111.922 0.0342199
112.141 0.0343199
112.361 0.0344199
112.58 0.0345199
112.798 0.0346199
113.017 0.0347199
113.236 0.0348199
113.454 0.0349199
113.672 0.0350199
113.89 0.0351199
114.108 0.0352199
114.325 0.0353199
114.542 0.0354199
114.759 0.0355199
114.975 0.0356199
115.192 0.0357199
115.407 0.0358199
115.623 0.0359199
115.838 0.0360199
116.053 0.0361199
116.268 0.0362199
116.483 0.0363199
116.697 0.0364199
116.911 0.0365199
117.125 0.0366199
117.338 0.0367199
117.551 0.0368199
117.764 0.0369199
117.976 0.0370199
118.187 0.0371199
118.398 0.0372199
118.609 0.0373199
118.819 0.0374199
119.029 0.0375199
119.239 0.0376199
119.449 0.0377199
119.658 0.0378199
119.867 0.0379199
120.075 0.0380199
120.283 0.0381199
120.491 0.0382199
120.699 0.0383199
120.907 0.0384199
121.114 0.0385199
121.321 0.0386199
121.528 0.0387199
121.735 0.0388199
121.942 0.0389199
122.148 0.0390199
122.355 0.0391199
122.561 0.0392199
122.767 0.0393199
122.972 0.0394199
123.178 0.0395199
123.383 0.0396199
123.588 0.0397199
123.793 0.0398199
123.998 0.0399199
124.202 0.0400199
124.407 0.0401199
124.611 0.0402199
124.815 0.0403199
125.019 0.0404199
125.223 0.0405199
125.427 0.0406199
125.63 0.0407199
125.834 0.0408199
126.037 0.0409199
126.24 0.0410199
126.443 0.0411199
126.646 0.0412199
126.849 0.0413199
127.051 0.0414199
127.253 0.0415199
127.455 0.0416199
127.657 0.0417199
127.859 0.0418199
128.06 0.0419199
128.261 0.0420199
128.462 0.0421199
128.663 0.0422199
128.863 0.0423199
129.064 0.0424199
129.264 0.0425199
129.465 0.0426199
129.665 0.0427199
129.865 0.0428199
130.064 0.0429199
130.264 0.0430199
130.463 0.0431199
130.662 0.0432199
130.861 0.0433199
131.06 0.0434199
131.258 0.0435199
131.457 0.0436199
131.655 0.0437199
131.854 0.0438199
132.052 0.0439199
132.25 0.0440199
132.448 0.0441199
132.646 0.0442199
132.844 0.0443199
133.041 0.0444199
133.239 0.0445199
133.437 0.0446199
133.634 0.0447199
133.831 0.0448199
134.029 0.0449199
134.226 0.0450199
134.423 0.0451199
134.619 0.0452199
134.816 0.0453199
135.012 0.0454199
135.208 0.0455199
135.404 0.0456199
135.599 0.0457199
135.795 0.0458199
135.99 0.0459199
136.186 0.0460199
136.381 0.0461199
136.576 0.0462199
136.771 0.0463199
136.965 0.0464199
137.16 0.0465199
137.354 0.0466199
137.548 0.0467199
137.742 0.0468199
137.935 0.0469199
138.129 0.0470199
138.322 0.0471199
138.514 0.0472199
138.707 0.0473199
138.899 0.0474199
139.091 0.0475199
139.282 0.0476199
139.473 0.0477199
139.664 0.0478199
139.854 0.0479199
140.044 0.0480199
140.234 0.0481199
140.423 0.0482199
140.612 0.0483199
140.801 0.0484199
140.989 0.0485199
141.177 0.0486199
141.365 0.0487199
141.553 0.0488199
141.74 0.0489199
141.927 0.0490199
142.114 0.0491199
142.301 0.0492199
142.487 0.0493199
142.674 0.0494199
142.86 0.0495199
143.046 0.0496199
143.232 0.0497199
143.417 0.0498199
143.603 0.0499199
143.788 0.0500199
143.973 0.0501199
144.158 0.0502199
144.342 0.0503199
144.527 0.0504199
144.711 0.0505199
144.894 0.0506199
145.078 0.0507199
145.261 0.0508199
145.443 0.0509199
145.626 0.0510199
145.808 0.0511199
145.99 0.0512199
146.171 0.0513199
146.353 0.0514199
146.534 0.0515199
146.714 0.0516199
146.895 0.0517199
147.075 0.0518199
147.254 0.0519199
147.434 0.0520199
147.613 0.0521199
147.791 0.0522199
147.969 0.0523199
148.147 0.0524199
148.325 0.0525199
148.502 0.0526199
148.679 0.0527199
148.856 0.0528199
149.032 0.0529199
149.208 0.0530199
149.384 0.0531199
149.559 0.05322
149.734 0.05332
149.908 0.05342
150.082 0.05352
150.255 0.05362
150.428 0.05372
150.6 0.05382
150.772 0.05392
150.943 0.05402
151.114 0.05412
151.284 0.05422
151.454 0.05432
151.623 0.05442
151.791 0.05452
151.959 0.05462
152.127 0.05472
152.293 0.05482
152.459 0.05492
152.624 0.05502
152.789 0.05512
152.953 0.05522
153.117 0.05532
153.279 0.05542
153.441 0.05552
153.603 0.05562
153.764 0.05572
153.924 0.05582
154.084 0.05592
154.242 0.05602
154.4 0.05612
154.558 0.05622
154.715 0.05632
154.871 0.05642
155.027 0.05652
155.182 0.05662
155.337 0.05672
155.49 0.05682
155.643 0.05692
155.794 0.05702
155.946 0.05712
156.097 0.05722
156.247 0.05732
156.397 0.05742
156.546 0.05752
156.695 0.05762
156.842 0.05772
156.988 0.05782
157.133 0.05792
157.277 0.05802
157.42 0.05812
157.562 0.05822
157.702 0.05832
157.842 0.05842
157.981 0.05852
158.119 0.05862
158.256 0.05872
158.392 0.05882
158.527 0.05892
158.661 0.05902
158.794 0.05912
158.927 0.05922
159.058 0.05932
159.189 0.05942
159.319 0.05952
159.447 0.05962
159.575 0.05972
159.703 0.05982
159.829 0.05992
159.954 0.06002
160.078 0.06012
160.202 0.06022
160.325 0.06032
160.448 0.06042
160.571 0.06052
160.694 0.06062
160.817 0.06072
160.94 0.06082
161.062 0.06092
161.183 0.06102
161.304 0.06112
161.424 0.06122
161.543 0.06132
161.661 0.06142
161.779 0.06152
161.896 0.06162
162.014 0.06172
162.131 0.06182
162.247 0.06192
162.363 0.06202
162.478 0.06212
162.593 0.06222
162.707 0.06232
162.821 0.06242
162.935 0.06252
163.049 0.06262
163.163 0.06272
163.276 0.06282
163.39 0.06292
163.503 0.06302
163.615 0.06312
163.728 0.06322
163.841 0.06332
163.953 0.06342
164.065 0.06352
164.177 0.06362
164.289 0.06372
164.4 0.06382
164.511 0.06392
164.623 0.06402
164.734 0.06412
164.845 0.06422
164.955 0.06432
165.066 0.06442
165.177 0.06452
165.288 0.06462
165.398 0.06472
165.508 0.06482
165.618 0.06492
165.727 0.06502
165.836 0.06512
165.945 0.06522
166.054 0.06532
166.162 0.06542
166.27 0.06552
166.379 0.06562
166.487 0.06572
166.594 0.06582
166.702 0.06592
166.809 0.06602
166.916 0.06612
167.022 0.06622
167.129 0.06632
167.236 0.06642
167.342 0.06652
167.449 0.06662
167.556 0.06672
167.662 0.06682
167.768 0.06692
167.874 0.06702
167.979 0.06712
168.085 0.06722
168.192 0.06732
168.297 0.06742
168.404 0.06752
168.509 0.06762
168.614 0.06772
168.719 0.06782
168.824 0.06792
168.928 0.06802
169.031 0.06812
169.135 0.06822
169.238 0.06832
169.342 0.06842
169.444 0.06852
169.547 0.06862
169.649 0.06872
169.75 0.06882
169.852 0.06892
169.953 0.06902
170.053 0.06912
170.153 0.06922
170.253 0.06932
170.352 0.06942
170.451 0.06952
170.55 0.06962
170.648 0.06972
170.745 0.06982
170.843 0.06992
170.94 0.07002
171.036 0.07012
171.131 0.07022
171.227 0.07032
171.321 0.07042
171.415 0.07052
171.509 0.07062
171.602 0.07072
171.694 0.07082
171.786 0.07092
171.877 0.07102
171.969 0.07112
172.06 0.07122
172.151 0.07132
172.241 0.07142
172.332 0.07152
172.422 0.07162
172.512 0.07172
172.602 0.07182
172.692 0.07192
172.781 0.07202
172.869 0.07212
172.957 0.07222
173.045 0.07232
173.131 0.07242
173.218 0.07252
173.304 0.07262
173.39 0.07272
173.475 0.07282
173.56 0.07292
173.644 0.07302
173.728 0.07312
173.812 0.07322
173.895 0.07332
173.978 0.07342
174.06 0.07352
174.142 0.07362
174.223 0.07372
174.304 0.07382
174.385 0.07392
174.465 0.07402
174.545 0.07412
174.624 0.07422
174.703 0.07432
174.782 0.07442
174.86 0.07452
174.937 0.07462
175.014 0.07472
175.091 0.07482
175.167 0.07492
175.243 0.07502
175.318 0.07512
175.393 0.07522
175.468 0.07532
175.543 0.07542
175.617 0.07552
175.691 0.07562
175.765 0.07572
175.838 0.07582
175.91 0.07592
175.982 0.07602
176.054 0.07612
176.125 0.07622
176.195 0.07632
176.265 0.07642
176.334 0.07652
176.403 0.07662
176.471 0.07672
176.538 0.07682
176.605 0.07692
176.672 0.07702
176.737 0.07712
176.803 0.07722
176.867 0.07732
176.932 0.07742
176.996 0.07752
177.061 0.07762
177.124 0.07772
177.188 0.07782
177.251 0.07792
177.313 0.07802
177.375 0.07812
177.437 0.07822
177.499 0.07832
177.56 0.07842
177.62 0.07852
177.68 0.07862
177.739 0.07872
177.798 0.07882
177.857 0.07892
177.915 0.07902
177.973 0.07912
178.031 0.07922
178.089 0.07932
178.146 0.07942
178.203 0.07952
178.26 0.07962
178.315 0.07972
178.37 0.07982
178.425 0.07992
178.479 0.08002
178.532 0.08012
178.585 0.08022
178.637 0.08032
178.69 0.08042
178.741 0.08052
178.793 0.08062
178.844 0.08072
178.896 0.08082
178.947 0.08092
178.998 0.08102
179.049 0.08112
179.1 0.08122
179.15 0.08132
179.199 0.08142
179.249 0.08152
179.297 0.08162
179.346 0.08172
179.394 0.08182
179.441 0.08192
179.487 0.08202
179.532 0.08212
179.577 0.08222
179.621 0.08232
179.664 0.08242
179.706 0.08252
179.748 0.08262
179.789 0.08272
179.83 0.08282
179.87 0.08292
179.91 0.08302
179.95 0.08312
179.991 0.08322
180.031 0.08332
180.071 0.08342
180.11 0.08352
180.149 0.08362
180.187 0.08372
180.224 0.08382
180.261 0.08392
180.297 0.08402
180.331 0.08412
180.366 0.08422
180.399 0.08432
180.43 0.08442
180.461 0.08452
180.491 0.08462
180.52 0.08472
180.548 0.08482
180.576 0.08492
180.602 0.08502
180.627 0.08512
180.651 0.08522
180.677 0.08532
180.701 0.08542
180.725 0.08552
180.748 0.08562
180.769 0.08572
180.788 0.08582
180.807 0.08592
180.825 0.08602
180.842 0.08612
180.857 0.08622
180.87 0.08632
180.882 0.08642
180.892 0.08652
180.899 0.08662
180.906 0.08672
180.912 0.08682
180.92 0.08692
180.927 0.08702
180.934 0.08712
180.941 0.08722
180.946 0.08732
180.949 0.08742
180.95 0.08752
180.949 0.08762
180.945 0.08772
180.94 0.08782
180.935 0.08792
180.93 0.08802
180.924 0.08812
180.917 0.08822
180.913 0.08832
180.909 0.08842
180.905 0.08852
180.9 0.08862
180.893 0.08872
180.885 0.08882
180.876 0.08892
180.871 0.08902
180.867 0.08912
180.863 0.08922
180.858 0.08932
180.851 0.08942
180.843 0.08952
180.833 0.08962
180.822 0.08972
180.809 0.08982
180.795 0.08992
180.78 0.09002
180.765 0.09012
180.748 0.09022
180.728 0.09032
180.705 0.09042
180.677 0.09052
180.648 0.09062
180.618 0.09072
180.589 0.09082
180.561 0.09092
180.533 0.09102
180.505 0.09112
180.478 0.09122
180.456 0.09132
180.438 0.09142
180.421 0.09152
180.404 0.09162
180.388 0.09172
180.371 0.09182
180.355 0.09192
180.341 0.09202
180.328 0.09212
180.316 0.09222
180.304 0.09232
180.292 0.09242
180.281 0.09252
180.27 0.09262
180.26 0.09272
180.251 0.09282
180.243 0.09292
180.236 0.09302
180.229 0.09312
180.222 0.09322
180.214 0.09332
180.206 0.09342
180.198 0.09352
180.189 0.09362
180.18 0.09372
180.17 0.09382
180.159 0.09392
180.147 0.09402
180.133 0.09412
180.117 0.09422
180.1 0.09432
180.081 0.09442
180.062 0.09452
180.042 0.09462
180.022 0.09472
180.002 0.09482
179.984 0.09492
179.968 0.09502
179.953 0.09512
179.939 0.09522
179.925 0.09532
179.91 0.09542
179.896 0.09552
179.881 0.09562
179.867 0.09572
179.853 0.09582
179.84 0.09592
179.826 0.09602
179.81 0.09612
179.795 0.09622
179.78 0.09632
179.767 0.09642
179.754 0.09652
179.741 0.09662
179.728 0.09672
179.715 0.09682
179.701 0.09692
179.687 0.09702
179.674 0.09712
179.66 0.09722
179.645 0.09732
179.63 0.09742
179.614 0.09752
179.598 0.09762
179.581 0.09772
179.564 0.09782
179.546 0.09792
179.529 0.09802
179.512 0.09812
179.495 0.09822
179.479 0.09832
179.462 0.09842
179.445 0.09852
179.428 0.09862
179.411 0.09872
179.394 0.09882
179.376 0.09892
179.358 0.09902
179.341 0.09912
179.323 0.09922
179.305 0.09932
179.287 0.09942
179.269 0.09952
179.252 0.09962
179.235 0.09972
179.217 0.09982
179.198 0.09992
179.18 0.10002
179.162 0.10012
179.143 0.10022
179.124 0.10032
179.106 0.10042
179.087 0.10052
179.069 0.10062
179.05 0.10072
179.031 0.10082
179.012 0.10092
178.993 0.10102
178.974 0.10112
178.955 0.10122
178.936 0.10132
178.917 0.10142
178.898 0.10152
178.879 0.10162
178.861 0.10172
178.843 0.10182
178.825 0.10192
178.807 0.10202
178.789 0.10212
178.771 0.10222
178.753 0.10232
178.734 0.10242
178.716 0.10252
178.697 0.10262
178.678 0.10272
178.659 0.10282
178.64 0.10292
178.62 0.10302
178.6 0.10312
178.58 0.10322
178.559 0.10332
178.539 0.10342
178.518 0.10352
178.497 0.10362
178.476 0.10372
178.454 0.10382
178.433 0.10392
178.413 0.10402
178.393 0.10412
178.373 0.10422
178.353 0.10432
178.333 0.10442
178.314 0.10452
178.294 0.10462
178.275 0.10472
178.256 0.10482
178.237 0.10492
178.217 0.10502
178.198 0.10512
178.179 0.10522
178.159 0.10532
178.139 0.10542
178.12 0.10552
178.1 0.10562
178.08 0.10572
178.06 0.10582
178.04 0.10592
178.019 0.10602
177.999 0.10612
177.978 0.10622
177.957 0.10632
177.935 0.10642
177.914 0.10652
177.892 0.10662
177.87 0.10672
177.848 0.10682
177.825 0.10692
177.803 0.10702
177.781 0.10712
177.758 0.10722
177.735 0.10732
177.713 0.10742
177.69 0.10752
177.667 0.10762
177.645 0.10772
177.623 0.10782
177.601 0.10792
177.579 0.10802
177.557 0.10812
177.535 0.10822
177.513 0.10832
177.491 0.10842
177.469 0.10852
177.447 0.10862
177.426 0.10872
177.403 0.10882
177.381 0.10892
177.359 0.10902
177.336 0.10912
177.312 0.10922
177.289 0.10932
177.265 0.10942
177.242 0.10952
177.219 0.10962
177.196 0.10972
177.172 0.10982
177.149 0.10992
177.126 0.11002
177.103 0.11012
177.079 0.11022
177.056 0.11032
177.033 0.11042
177.009 0.11052
176.985 0.11062
176.962 0.11072
176.938 0.11082
176.915 0.11092
176.891 0.11102
176.868 0.11112
176.845 0.11122
176.822 0.11132
176.798 0.11142
176.775 0.11152
176.752 0.11162
176.729 0.11172
176.705 0.11182
176.682 0.11192
176.658 0.11202
176.635 0.11212
176.611 0.11222
176.588 0.11232
176.564 0.11242
176.54 0.11252
176.516 0.11262
176.491 0.11272
176.467 0.11282
176.442 0.11292
176.416 0.11302
176.391 0.11312
176.366 0.11322
176.341 0.11332
176.316 0.11342
176.291 0.11352
176.266 0.11362
176.241 0.11372
176.216 0.11382
176.191 0.11392
176.167 0.11402
176.142 0.11412
176.118 0.11422
176.093 0.11432
176.069 0.11442
176.044 0.11452
176.019 0.11462
175.995 0.11472
175.97 0.11482
175.945 0.11492
175.921 0.11502
175.896 0.11512
175.871 0.11522
175.846 0.11532
175.821 0.11542
175.796 0.11552
175.771 0.11562
175.746 0.11572
175.721 0.11582
175.696 0.11592
175.671 0.11602
175.645 0.11612
175.62 0.11622
175.595 0.11632
175.57 0.11642
175.545 0.11652
175.52 0.11662
175.494 0.11672
175.469 0.11682
175.444 0.11692
175.419 0.11702
175.393 0.11712
175.368 0.11722
175.343 0.11732
175.318 0.11742
175.293 0.11752
175.268 0.11762
175.243 0.11772
175.218 0.11782
175.193 0.11792
175.169 0.11802
175.144 0.11812
175.119 0.11822
175.094 0.11832
175.07 0.11842
175.045 0.11852
175.02 0.11862
174.996 0.11872
174.972 0.11882
174.948 0.11892
174.923 0.11902
174.899 0.11912
174.875 0.11922
174.851 0.11932
174.827 0.11942
174.802 0.11952
174.778 0.11962
174.754 0.11972
174.73 0.11982
174.706 0.11992
174.682 0.12002
174.658 0.12012
174.634 0.12022
174.61 0.12032
174.586 0.12042
174.561 0.12052
174.537 0.12062
174.513 0.12072
174.489 0.12082
174.464 0.12092
174.44 0.12102
174.416 0.12112
174.392 0.12122
174.367 0.12132
174.343 0.12142
174.319 0.12152
174.295 0.12162
174.27 0.12172
174.246 0.12182
174.222 0.12192
174.197 0.12202
174.173 0.12212
174.149 0.12222
174.124 0.12232
174.1 0.12242
174.076 0.12252
174.052 0.12262
174.028 0.12272
174.004 0.12282
173.98 0.12292
173.956 0.12302
173.932 0.12312
173.908 0.12322
173.884 0.12332
173.86 0.12342
173.836 0.12352
173.812 0.12362
173.788 0.12372
173.764 0.12382
173.74 0.12392
173.716 0.12402
173.693 0.12412
173.669 0.12422
173.645 0.12432
173.621 0.12442
173.597 0.12452
173.573 0.12462
173.549 0.12472
173.526 0.12482
173.502 0.12492
173.478 0.12502
173.454 0.12512
173.43 0.12522
173.406 0.12532
173.382 0.12542
173.358 0.12552
173.334 0.12562
173.31 0.12572
173.286 0.12582
173.262 0.12592
173.238 0.12602
173.214 0.12612
173.19 0.12622
173.166 0.12632
173.142 0.12642
173.118 0.12652
173.094 0.12662
173.069 0.12672
173.045 0.12682
173.021 0.12692
172.997 0.12702
172.973 0.12712
172.949 0.12722
172.925 0.12732
172.901 0.12742
172.877 0.12752
172.853 0.12762
172.828 0.12772
172.804 0.12782
172.78 0.12792
172.756 0.12802
172.732 0.12812
172.708 0.12822
172.683 0.12832
172.659 0.12842
172.635 0.12852
172.611 0.12862
172.587 0.12872
172.562 0.12882
172.538 0.12892
172.514 0.12902
172.49 0.12912
172.466 0.12922
172.441 0.12932
172.417 0.12942
172.393 0.12952
172.369 0.12962
172.345 0.12972
172.32 0.12982
172.296 0.12992
172.272 0.13002
172.248 0.13012
172.223 0.13022
172.199 0.13032
172.175 0.13042
172.151 0.13052
172.126 0.13062
172.102 0.13072
172.078 0.13082
172.053 0.13092
172.029 0.13102
172.005 0.13112
171.98 0.13122
171.956 0.13132
171.932 0.13142
171.908 0.13152
171.883 0.13162
171.859 0.13172
171.835 0.13182
171.81 0.13192
171.786 0.13202
171.762 0.13212
171.737 0.13222
171.713 0.13232
171.688 0.13242
171.664 0.13252
171.64 0.13262
171.615 0.13272
171.591 0.13282
171.567 0.13292
171.542 0.13302
171.518 0.13312
171.493 0.13322
171.469 0.13332
171.445 0.13342
171.42 0.13352
171.396 0.13362
171.371 0.13372
171.347 0.13382
171.323 0.13392
171.298 0.13402
171.274 0.13412
171.249 0.13422
171.225 0.13432
171.2 0.13442
171.176 0.13452
171.151 0.13462
171.127 0.13472
171.102 0.13482
171.078 0.13492
171.053 0.13502
171.029 0.13512
171.004 0.13522
170.98 0.13532
170.955 0.13542
170.931 0.13552
170.906 0.13562
170.882 0.13572
170.857 0.13582
170.833 0.13592
170.808 0.13602
170.784 0.13612
170.759 0.13622
170.735 0.13632
170.71 0.13642
170.686 0.13652
170.661 0.13662
170.637 0.13672
170.612 0.13682
170.587 0.13692
170.563 0.13702
170.538 0.13712
170.514 0.13722
170.489 0.13732
170.465 0.13742
170.44 0.13752
170.415 0.13762
170.391 0.13772
170.366 0.13782
170.342 0.13792
170.317 0.13802
170.292 0.13812
170.268 0.13822
170.243 0.13832
170.219 0.13842
170.194 0.13852
170.17 0.13862
170.145 0.13872
170.12 0.13882
170.096 0.13892
170.071 0.13902
170.047 0.13912
170.022 0.13922
169.998 0.13932
169.973 0.13942
169.949 0.13952
169.924 0.13962
169.9 0.13972
169.875 0.13982
169.851 0.13992
169.826 0.14002
169.802 0.14012
169.777 0.14022
169.753 0.14032
169.728 0.14042
169.704 0.14052
169.68 0.14062
169.655 0.14072
169.631 0.14082
169.606 0.14092
169.582 0.14102
169.557 0.14112
169.533 0.14122
169.508 0.14132
169.484 0.14142
169.459 0.14152
169.435 0.14162
169.41 0.14172
169.386 0.14182
169.361 0.14192
169.337 0.14202
169.312 0.14212
169.288 0.14222
169.263 0.14232
169.239 0.14242
169.214 0.14252
169.19 0.14262
169.165 0.14272
169.141 0.14282
169.116 0.14292
169.092 0.14302
169.067 0.14312
169.043 0.14322
169.018 0.14332
168.994 0.14342
168.969 0.14352
168.945 0.14362
168.921 0.14372
168.896 0.14382
168.872 0.14392
168.847 0.14402
168.823 0.14412
168.798 0.14422
168.773 0.14432
168.749 0.14442
168.724 0.14452
168.699 0.14462
168.675 0.14472
168.65 0.14482
168.625 0.14492
168.6 0.14502
168.576 0.14512
168.551 0.14522
168.526 0.14532
168.501 0.14542
168.477 0.14552
168.452 0.14562
168.427 0.14572
168.402 0.14582
168.377 0.14592
168.352 0.14602
168.328 0.14612
168.303 0.14622
168.278 0.14632
168.253 0.14642
168.228 0.14652
168.203 0.14662
168.178 0.14672
168.153 0.14682
168.128 0.14692
168.103 0.14702
168.079 0.14712
168.054 0.14722
168.029 0.14732
168.004 0.14742
167.979 0.14752
167.954 0.14762
167.929 0.14772
167.904 0.14782
167.879 0.14792
167.854 0.14802
167.829 0.14812
167.804 0.14822
167.779 0.14832
167.754 0.14842
167.729 0.14852
167.704 0.14862
167.679 0.14872
167.654 0.14882
167.63 0.14892
167.605 0.14902
167.58 0.14912
167.555 0.14922
167.53 0.14932
167.505 0.14942
167.48 0.14952
167.455 0.14962
167.43 0.14972
167.405 0.14982
167.38 0.14992
167.355 0.15002
167.33 0.15012
167.306 0.15022
167.281 0.15032
167.256 0.15042
167.231 0.15052
167.206 0.15062
167.181 0.15072
167.156 0.15082
167.131 0.15092
167.106 0.15102
167.081 0.15112
167.056 0.15122
167.032 0.15132
167.007 0.15142
166.982 0.15152
166.957 0.15162
166.932 0.15172
166.907 0.15182
166.882 0.15192
166.857 0.15202
166.833 0.15212
166.808 0.15222
166.783 0.15232
166.758 0.15242
166.733 0.15252
166.708 0.15262
166.683 0.15272
166.658 0.15282
166.634 0.15292
166.609 0.15302
166.584 0.15312
166.559 0.15322
166.534 0.15332
166.509 0.15342
166.484 0.15352
166.459 0.15362
166.435 0.15372
166.41 0.15382
166.385 0.15392
166.36 0.15402
166.335 0.15412
166.31 0.15422
166.285 0.15432
166.261 0.15442
166.236 0.15452
166.211 0.15462
166.186 0.15472
166.161 0.15482
166.136 0.15492
166.111 0.15502
166.087 0.15512
166.062 0.15522
166.037 0.15532
166.012 0.15542
165.987 0.15552
165.962 0.15562
165.938 0.15572
165.913 0.15582
165.888 0.15592
165.863 0.15602
165.838 0.15612
165.813 0.15622
165.788 0.15632
165.763 0.15642
165.739 0.15652
165.714 0.15662
165.689 0.15672
165.664 0.15682
165.639 0.15692
165.614 0.15702
165.589 0.15712
165.564 0.15722
165.539 0.15732
165.514 0.15742
165.49 0.15752
165.465 0.15762
165.44 0.15772
165.415 0.15782
165.39 0.15792
165.365 0.15802
165.34 0.15812
165.315 0.15822
165.29 0.15832
165.265 0.15842
165.24 0.15852
165.215 0.15862
165.19 0.15872
165.165 0.15882
165.14 0.15892
165.115 0.15902
165.09 0.15912
165.065 0.15922
165.04 0.15932
165.015 0.15942
164.99 0.15952
164.965 0.15962
164.939 0.15972
164.914 0.15982
164.889 0.15992
164.864 0.16002
164.839 0.16012
164.813 0.16022
164.788 0.16032
164.763 0.16042
164.737 0.16052
164.712 0.16062
164.687 0.16072
164.662 0.16082
164.636 0.16092
164.611 0.16102
164.586 0.16112
164.56 0.16122
164.535 0.16132
164.51 0.16142
164.484 0.16152
164.459 0.16162
164.434 0.16172
164.408 0.16182
164.383 0.16192
164.357 0.16202
164.332 0.16212
164.307 0.16222
164.281 0.16232
164.256 0.16242
164.231 0.16252
164.206 0.16262
164.18 0.16272
164.155 0.16282
164.13 0.16292
164.105 0.16302
164.079 0.16312
164.054 0.16322
164.029 0.16332
164.003 0.16342
163.978 0.16352
163.953 0.16362
163.927 0.16372
163.902 0.16382
163.876 0.16392
163.851 0.16402
163.826 0.16412
163.8 0.16422
163.775 0.16432
163.75 0.16442
163.725 0.16452
163.699 0.16462
163.674 0.16472
163.649 0.16482
163.623 0.16492
163.598 0.16502
163.573 0.16512
163.547 0.16522
163.522 0.16532
163.497 0.16542
163.471 0.16552
163.446 0.16562
163.421 0.16572
163.395 0.16582
163.37 0.16592
163.345 0.16602
163.319 0.16612
163.294 0.16622
163.269 0.16632
163.243 0.16642
163.218 0.16652
163.193 0.16662
163.167 0.16672
163.142 0.16682
163.117 0.16692
163.091 0.16702
163.066 0.16712
163.04 0.16722
163.015 0.16732
162.99 0.16742
162.964 0.16752
162.939 0.16762
162.914 0.16772
162.888 0.16782
162.863 0.16792
162.837 0.16802
162.812 0.16812
162.787 0.16822
162.761 0.16832
162.736 0.16842
162.711 0.16852
162.685 0.16862
162.66 0.16872
162.634 0.16882
162.609 0.16892
162.583 0.16902
162.558 0.16912
162.532 0.16922
162.507 0.16932
162.481 0.16942
162.456 0.16952
162.43 0.16962
162.405 0.16972
162.379 0.16982
162.354 0.16992
162.328 0.17002
162.303 0.17012
162.277 0.17022
162.251 0.17032
162.226 0.17042
162.2 0.17052
162.175 0.17062
162.149 0.17072
162.123 0.17082
162.098 0.17092
162.072 0.17102
162.046 0.17112
162.021 0.17122
161.995 0.17132
161.969 0.17142
161.944 0.17152
161.918 0.17162
161.892 0.17172
161.867 0.17182
161.841 0.17192
161.815 0.17202
161.789 0.17212
161.764 0.17222
161.738 0.17232
161.712 0.17242
161.686 0.17252
161.661 0.17262
161.635 0.17272
161.609 0.17282
161.583 0.17292
161.557 0.17302
161.531 0.17312
161.505 0.17322
161.479 0.17332
161.454 0.17342
161.428 0.17352
161.402 0.17362
161.376 0.17372
161.35 0.17382
161.324 0.17392
161.298 0.17402
161.272 0.17412
161.246 0.17422
161.22 0.17432
161.194 0.17442
161.168 0.17452
161.142 0.17462
161.115 0.17472
161.089 0.17482
161.063 0.17492
161.037 0.17502
161.011 0.17512
160.985 0.17522
160.959 0.17532
160.932 0.17542
160.906 0.17552
160.88 0.17562
160.854 0.17572
160.827 0.17582
160.801 0.17592
160.775 0.17602
160.749 0.17612
160.723 0.17622
160.697 0.17632
160.671 0.17642
160.645 0.17652
160.619 0.17662
160.593 0.17672
160.567 0.17682
160.541 0.17692
160.515 0.17702
160.489 0.17712
160.463 0.17722
160.437 0.17732
160.411 0.17742
160.385 0.17752
160.359 0.17762
160.334 0.17772
160.308 0.17782
160.282 0.17792
160.256 0.17802
160.23 0.17812
160.204 0.17822
160.178 0.17832
160.152 0.17842
160.126 0.17852
160.1 0.17862
160.074 0.17872
160.048 0.17882
160.022 0.17892
159.996 0.17902
159.97 0.17912
159.944 0.17922
159.918 0.17932
159.892 0.17942
159.866 0.17952
159.841 0.17962
159.815 0.17972
159.789 0.17982
159.763 0.17992
159.737 0.18002
159.711 0.18012
159.685 0.18022
159.659 0.18032
159.633 0.18042
159.607 0.18052
159.581 0.18062
159.555 0.18072
159.529 0.18082
159.503 0.18092
159.477 0.18102
159.451 0.18112
159.425 0.18122
159.399 0.18132
159.373 0.18142
159.347 0.18152
159.321 0.18162
159.295 0.18172
159.269 0.18182
159.242 0.18192
159.216 0.18202
159.19 0.18212
159.164 0.18222
159.138 0.18232
159.112 0.18242
159.086 0.18252
159.06 0.18262
159.034 0.18272
159.008 0.18282
158.982 0.18292
158.956 0.18302
158.93 0.18312
158.904 0.18322
158.878 0.18332
158.852 0.18342
158.826 0.18352
158.8 0.18362
158.774 0.18372
158.747 0.18382
158.721 0.18392
158.695 0.18402
158.669 0.18412
158.643 0.18422
158.617 0.18432
158.591 0.18442
158.565 0.18452
158.539 0.18462
158.513 0.18472
158.486 0.18482
158.46 0.18492
158.434 0.18502
158.408 0.18512
158.382 0.18522
158.356 0.18532
158.33 0.18542
158.304 0.18552
158.278 0.18562
158.251 0.18572
158.225 0.18582
158.199 0.18592
158.173 0.18602
158.147 0.18612
158.121 0.18622
158.095 0.18632
158.068 0.18642
158.042 0.18652
158.016 0.18662
157.99 0.18672
157.964 0.18682
157.938 0.18692
157.911 0.18702
157.885 0.18712
157.859 0.18722
157.833 0.18732
157.807 0.18742
157.781 0.18752
157.754 0.18762
157.728 0.18772
157.702 0.18782
157.676 0.18792
157.65 0.18802
157.624 0.18812
157.597 0.18822
157.571 0.18832
157.545 0.18842
157.519 0.18852
157.492 0.18862
157.466 0.18872
157.44 0.18882
157.414 0.18892
157.388 0.18902
157.361 0.18912
157.335 0.18922
157.309 0.18932
157.283 0.18942
157.256 0.18952
157.23 0.18962
157.204 0.18972
157.178 0.18982
157.151 0.18992
157.125 0.19002
157.099 0.19012
157.073 0.19022
157.046 0.19032
157.02 0.19042
156.994 0.19052
156.967 0.19062
156.941 0.19072
156.915 0.19082
156.889 0.19092
156.862 0.19102
156.836 0.19112
156.81 0.19122
156.783 0.19132
156.757 0.19142
156.731 0.19152
156.704 0.19162
156.678 0.19172
156.652 0.19182
156.625 0.19192
156.599 0.19202
156.573 0.19212
156.546 0.19222
156.52 0.19232
156.494 0.19242
156.467 0.19252
156.441 0.19262
156.415 0.19272
156.388 0.19282
156.362 0.19292
156.335 0.19302
156.309 0.19312
156.283 0.19322
156.256 0.19332
156.23 0.19342
156.204 0.19352
156.177 0.19362
156.151 0.19372
156.124 0.19382
156.098 0.19392
156.071 0.19402
156.045 0.19412
156.019 0.19422
155.992 0.19432
155.966 0.19442
155.939 0.19452
155.913 0.19462
155.886 0.19472
155.86 0.19482
155.833 0.19492
155.807 0.19502
155.78 0.19512
155.754 0.19522
155.727 0.19532
155.701 0.19542
155.674 0.19552
155.648 0.19562
155.621 0.19572
155.595 0.19582
155.568 0.19592
155.542 0.19602
155.515 0.19612
155.488 0.19622
155.462 0.19632
155.435 0.19642
155.409 0.19652
155.382 0.19662
155.355 0.19672
155.329 0.19682
155.302 0.19692
155.275 0.19702
155.249 0.19712
155.222 0.19722
155.195 0.19732
155.168 0.19742
155.141 0.19752
155.115 0.19762
155.088 0.19772
155.061 0.19782
155.033 0.19792
155.005 0.19802
154.976 0.19812
154.946 0.19822
154.915 0.19832
154.884 0.19842
154.851 0.19852
154.818 0.19862
154.784 0.19872
154.75 0.19882
154.715 0.19892
154.679 0.19902
154.643 0.19912
154.607 0.19922
154.571 0.19932
154.535 0.19942
154.5 0.19952
154.464 0.19962
154.428 0.19972
154.392 0.19982
154.357 0.19992
154.326 0.20002
154.295 0.20012
154.264 0.20022
154.233 0.20032
154.203 0.20042
154.172 0.20052
154.141 0.20062
154.11 0.20072
154.079 0.20082
154.048 0.20092
154.017 0.20102
153.985 0.20112
153.954 0.20122
153.923 0.20132
153.892 0.20142
153.861 0.20152
153.83 0.20162
153.799 0.20172
153.768 0.20182
153.737 0.20192
153.706 0.20202
153.675 0.20212
153.644 0.20222
153.612 0.20232
153.579 0.20242
153.546 0.20252
153.513 0.20262
153.48 0.20272
153.446 0.20282
153.414 0.20292
153.385 0.20302
153.356 0.20312
153.327 0.20322
153.297 0.20332
153.268 0.20342
153.239 0.20352
153.209 0.20362
153.18 0.20372
153.15 0.20382
153.12 0.20392
153.09 0.20402
153.061 0.20412
153.031 0.20422
153.001 0.20432
152.971 0.20442
152.94 0.20452
152.91 0.20462
152.88 0.20472
152.852 0.20482
152.825 0.20492
152.798 0.20502
152.771 0.20512
152.743 0.20522
152.716 0.20532
152.687 0.20542
152.658 0.20552
152.629 0.20562
152.599 0.20572
152.568 0.20582
152.536 0.20592
152.503 0.20602
152.469 0.20612
152.434 0.20622
152.398 0.20632
152.361 0.20642
152.323 0.20652
152.284 0.20662
152.244 0.20672
152.203 0.20682
152.163 0.20692
152.123 0.20702
152.082 0.20712
152.04 0.20722
151.998 0.20732
151.956 0.20742
151.914 0.20752
151.872 0.20762
151.839 0.20772
151.811 0.20782
151.782 0.20792
151.755 0.20802
151.728 0.20812
151.703 0.20822
151.68 0.20832
151.657 0.20842
151.634 0.20852
151.611 0.20862
151.588 0.20872
151.565 0.20882
151.543 0.20892
151.522 0.20902
151.502 0.20912
151.481 0.20922
151.461 0.20932
151.44 0.20942
151.419 0.20952
151.399 0.20962
151.379 0.20972
151.36 0.20982
151.341 0.20992
151.322 0.21002
151.3 0.21012
151.275 0.21022
151.254 0.21032
151.233 0.21042
151.209 0.21052
151.181 0.21062
151.151 0.21072
151.122 0.21082
151.092 0.21092
151.063 0.21102
151.033 0.21112
151.003 0.21122
150.973 0.21132
150.943 0.21142
150.913 0.21152
150.883 0.21162
150.852 0.21172
150.822 0.21182
150.791 0.21192
150.76 0.21202
150.729 0.21212
150.696 0.21222
150.662 0.21232
150.631 0.21242
150.599 0.21252
150.565 0.21262
150.53 0.21272
150.493 0.21282
150.455 0.21292
150.416 0.21302
150.377 0.21312
150.337 0.21322
150.298 0.21332
150.258 0.21342
150.218 0.21352
150.178 0.21362
150.138 0.21372
150.097 0.21382
150.057 0.21392
150.016 0.21402
149.975 0.21412
149.934 0.21422
149.893 0.21432
149.852 0.21442
149.814 0.21452
149.776 0.21462
149.739 0.21472
149.701 0.21482
149.665 0.21492
149.631 0.21502
149.604 0.21512
149.578 0.21522
149.551 0.21532
149.524 0.21542
149.499 0.21552
149.476 0.21562
149.453 0.21572
149.43 0.21582
149.407 0.21592
149.384 0.21602
149.362 0.21612
149.342 0.21622
149.321 0.21632
149.301 0.21642
149.28 0.21652
149.26 0.21662
149.239 0.21672
149.22 0.21682
149.199 0.21692
149.18 0.21702
149.161 0.21712
149.141 0.21722
149.113 0.21732
149.093 0.21742
149.061 0.21752
149.027 0.21762
148.992 0.21772
148.956 0.21782
148.92 0.21792
148.882 0.21802
148.844 0.21812
148.805 0.21822
148.766 0.21832
148.726 0.21842
148.686 0.21852
148.647 0.21862
148.607 0.21872
148.567 0.21882
148.527 0.21892
148.486 0.21902
148.446 0.21912
148.406 0.21922
148.365 0.21932
148.325 0.21942
148.287 0.21952
148.248 0.21962
148.21 0.21972
148.171 0.21982
148.132 0.21992
148.093 0.22002
148.054 0.22012
148.015 0.22022
147.975 0.22032
147.941 0.22042
147.907 0.22052
147.872 0.22062
147.837 0.22072
147.802 0.22082
147.767 0.22092
147.732 0.22102
147.696 0.22112
147.661 0.22122
147.625 0.22132
147.589 0.22142
147.553 0.22152
147.516 0.22162
147.479 0.22172
147.442 0.22182
147.405 0.22192
147.371 0.22202
147.337 0.22212
147.303 0.22222
147.272 0.22232
147.245 0.22242
147.218 0.22252
147.191 0.22262
147.163 0.22272
147.138 0.22282
147.113 0.22292
147.087 0.22302
147.062 0.22312
147.036 0.22322
147.012 0.22332
146.99 0.22342
146.971 0.22352
146.951 0.22362
146.931 0.22372
146.91 0.22382
146.889 0.22392
146.869 0.22402
146.848 0.22412
146.826 0.22422
146.804 0.22432
146.781 0.22442
146.757 0.22452
146.732 0.22462
146.705 0.22472
146.678 0.22482
146.648 0.22492
146.615 0.22502
146.576 0.22512
146.536 0.22522
146.495 0.22532
146.454 0.22542
146.413 0.22552
146.371 0.22562
146.33 0.22572
146.291 0.22582
146.257 0.22592
146.223 0.22602
146.188 0.22612
146.153 0.22622
146.119 0.22632
146.084 0.22642
146.049 0.22652
146.014 0.22662
145.979 0.22672
145.943 0.22682
145.908 0.22692
145.872 0.22702
145.836 0.22712
145.8 0.22722
145.764 0.22732
145.728 0.22742
145.692 0.22752
145.655 0.22762
145.619 0.22772
145.582 0.22782
145.546 0.22792
145.509 0.22802
145.471 0.22812
145.432 0.22822
145.391 0.22832
145.351 0.22842
145.309 0.22852
145.268 0.22862
145.226 0.22872
145.184 0.22882
145.144 0.22892
145.111 0.22902
145.079 0.22912
145.048 0.22922
145.016 0.22932
144.983 0.22942
144.952 0.22952
144.925 0.22962
144.901 0.22972
144.876 0.22982
144.852 0.22992
144.827 0.23002
144.802 0.23012
144.777 0.23022
144.754 0.23032
144.731 0.23042
144.708 0.23052
144.684 0.23062
144.66 0.23072
144.637 0.23082
144.615 0.23092
144.594 0.23102
144.575 0.23112
144.558 0.23122
144.542 0.23132
144.525 0.23142
144.509 0.23152
144.493 0.23162
144.476 0.23172
144.46 0.23182
144.444 0.23192
144.43 0.23202
144.415 0.23212
144.4 0.23222
144.383 0.23232
144.364 0.23242
144.344 0.23252
144.323 0.23262
144.298 0.23272
144.269 0.23282
144.24 0.23292
144.211 0.23302
144.182 0.23312
144.152 0.23322
144.121 0.23332
144.089 0.23342
144.056 0.23352
144.023 0.23362
143.99 0.23372
143.957 0.23382
143.923 0.23392
143.89 0.23402
143.856 0.23412
143.829 0.23422
143.803 0.23432
143.778 0.23442
143.752 0.23452
143.727 0.23462
143.702 0.23472
143.677 0.23482
143.656 0.23492
143.635 0.23502
143.614 0.23512
143.593 0.23522
143.574 0.23532
143.554 0.23542
143.534 0.23552
143.514 0.23562
143.495 0.23572
143.478 0.23582
143.46 0.23592
143.442 0.23602
143.425 0.23612
143.407 0.23622
143.389 0.23632
143.371 0.23642
143.352 0.23652
143.331 0.23662
143.31 0.23672
143.289 0.23682
143.269 0.23692
143.249 0.23702
143.229 0.23712
143.208 0.23722
143.188 0.23732
143.168 0.23742
143.147 0.23752
143.124 0.23762
143.097 0.23772
143.069 0.23782
143.038 0.23792
143.003 0.23802
142.968 0.23812
142.933 0.23822
142.895 0.23832
142.857 0.23842
142.819 0.23852
142.779 0.23862
142.739 0.23872
142.697 0.23882
142.655 0.23892
142.612 0.23902
142.569 0.23912
142.527 0.23922
142.484 0.23932
142.442 0.23942
142.401 0.23952
142.362 0.23962
142.322 0.23972
142.283 0.23982
142.243 0.23992
142.204 0.24002
142.164 0.24012
142.125 0.24022
142.085 0.24032
142.045 0.24042
142.006 0.24052
141.966 0.24062
141.926 0.24072
141.886 0.24082
141.847 0.24092
141.807 0.24102
141.767 0.24112
141.726 0.24122
141.686 0.24132
141.646 0.24142
141.606 0.24152
141.566 0.24162
141.525 0.24172
141.484 0.24182
141.445 0.24192
141.408 0.24202
141.37 0.24212
141.332 0.24222
141.295 0.24232
141.262 0.24242
141.23 0.24252
141.197 0.24262
141.165 0.24272
141.132 0.24282
141.1 0.24292
141.067 0.24302
141.035 0.24312
141.004 0.24322
140.973 0.24332
140.941 0.24342
140.91 0.24352
140.879 0.24362
140.847 0.24372
140.816 0.24382
140.787 0.24392
140.76 0.24402
140.732 0.24412
140.705 0.24422
140.677 0.24432
140.65 0.24442
140.622 0.24452
140.594 0.24462
140.567 0.24472
140.538 0.24482
140.509 0.24492
140.481 0.24502
140.452 0.24512
140.423 0.24522
140.393 0.24532
140.363 0.24542
140.331 0.24552
140.299 0.24562
140.265 0.24572
140.23 0.24582
140.195 0.24592
140.159 0.24602
140.121 0.24612
140.083 0.24622
140.044 0.24632
140.005 0.24642
139.963 0.24652
139.919 0.24662
139.875 0.24672
139.83 0.24682
139.784 0.24692
139.737 0.24702
139.689 0.24712
139.64 0.24722
139.592 0.24732
139.543 0.24742
139.494 0.24752
139.444 0.24762
139.395 0.24772
139.345 0.24782
139.295 0.24792
139.245 0.24802
139.198 0.24812
139.152 0.24822
139.105 0.24832
139.058 0.24842
139.011 0.24852
138.964 0.24862
138.916 0.24872
138.869 0.24882
138.821 0.24892
138.773 0.24902
138.726 0.24912
138.678 0.24922
138.629 0.24932
138.581 0.24942
138.533 0.24952
138.488 0.24962
138.444 0.24972
138.399 0.24982
138.354 0.24992
138.31 0.25002
138.265 0.25012
138.219 0.25022
138.173 0.25032
138.126 0.25042
138.08 0.25052
138.033 0.25062
137.986 0.25072
137.94 0.25082
137.893 0.25092
137.846 0.25102
137.799 0.25112
137.753 0.25122
137.713 0.25132
137.674 0.25142
137.637 0.25152
137.602 0.25162
137.567 0.25172
137.532 0.25182
137.499 0.25192
137.467 0.25202
137.434 0.25212
137.402 0.25222
137.371 0.25232
137.34 0.25242
137.31 0.25252
137.28 0.25262
137.251 0.25272
137.223 0.25282
137.195 0.25292
137.167 0.25302
137.139 0.25312
137.112 0.25322
137.085 0.25332
137.06 0.25342
137.034 0.25352
137.008 0.25362
136.982 0.25372
136.955 0.25382
136.934 0.25392
136.91 0.25402
136.885 0.25412
136.86 0.25422
136.835 0.25432
136.81 0.25442
136.783 0.25452
136.752 0.25462
136.717 0.25472
136.682 0.25482
136.646 0.25492
136.611 0.25502
136.575 0.25512
136.54 0.25522
136.505 0.25532
136.469 0.25542
136.434 0.25552
136.398 0.25562
136.361 0.25572
136.325 0.25582
136.288 0.25592
136.252 0.25602
136.215 0.25612
136.179 0.25622
136.142 0.25632
136.105 0.25642
136.068 0.25652
136.032 0.25662
135.995 0.25672
135.958 0.25682
135.921 0.25692
135.884 0.25702
135.846 0.25712
135.809 0.25722
135.772 0.25732
135.734 0.25742
135.699 0.25752
135.666 0.25762
135.632 0.25772
135.598 0.25782
135.565 0.25792
135.531 0.25802
135.497 0.25812
135.463 0.25822
135.431 0.25832
135.4 0.25842
135.369 0.25852
135.338 0.25862
135.306 0.25872
135.275 0.25882
135.244 0.25892
135.213 0.25902
135.181 0.25912
135.15 0.25922
135.118 0.25932
135.086 0.25942
135.054 0.25952
135.022 0.25962
134.989 0.25972
134.957 0.25982
134.925 0.25992
134.892 0.26002
134.858 0.26012
134.825 0.26022
134.792 0.26032
134.758 0.26042
134.725 0.26052
134.692 0.26062
134.658 0.26072
134.624 0.26082
134.591 0.26092
134.557 0.26102
134.524 0.26112
134.497 0.26122
134.47 0.26132
134.443 0.26142
134.416 0.26152
134.389 0.26162
134.362 0.26172
134.338 0.26182
134.315 0.26192
134.292 0.26202
134.269 0.26212
134.246 0.26222
134.223 0.26232
134.2 0.26242
134.179 0.26252
134.159 0.26262
134.14 0.26272
134.12 0.26282
134.101 0.26292
134.081 0.26302
134.062 0.26312
134.042 0.26322
134.023 0.26332
134.004 0.26342
133.986 0.26352
133.968 0.26362
133.95 0.26372
133.933 0.26382
133.915 0.26392
133.897 0.26402
133.879 0.26412
133.861 0.26422
133.843 0.26432
133.825 0.26442
133.808 0.26452
133.792 0.26462
133.775 0.26472
133.758 0.26482
133.742 0.26492
133.725 0.26502
133.708 0.26512
133.691 0.26522
133.674 0.26532
133.657 0.26542
133.64 0.26552
133.624 0.26562
133.608 0.26572
133.593 0.26582
133.577 0.26592
133.561 0.26602
133.545 0.26612
133.529 0.26622
133.513 0.26632
133.497 0.26642
133.481 0.26652
133.464 0.26662
133.448 0.26672
133.433 0.26682
133.418 0.26692
133.402 0.26702
133.387 0.26712
133.372 0.26722
133.357 0.26732
133.341 0.26742
133.326 0.26752
133.31 0.26762
133.295 0.26772
133.279 0.26782
133.264 0.26792
133.248 0.26802
133.233 0.26812
133.218 0.26822
133.203 0.26832
133.188 0.26842
133.173 0.26852
133.158 0.26862
133.143 0.26872
133.128 0.26882
133.112 0.26892
133.097 0.26902
133.081 0.26912
133.065 0.26922
133.049 0.26932
133.033 0.26942
133.017 0.26952
133 0.26962
132.983 0.26972
132.965 0.26982
132.947 0.26992
132.929 0.27002
132.91 0.27012
132.891 0.27022
132.872 0.27032
132.852 0.27042
132.832 0.27052
132.812 0.27062
132.791 0.27072
132.769 0.27082
132.746 0.27092
132.721 0.27102
132.696 0.27112
132.669 0.27122
132.642 0.27132
132.614 0.27142
132.586 0.27152
132.558 0.27162
132.53 0.27172
132.502 0.27182
132.474 0.27192
132.445 0.27202
132.417 0.27212
132.389 0.27222
132.361 0.27232
132.332 0.27242
132.304 0.27252
132.276 0.27262
132.247 0.27272
132.219 0.27282
132.191 0.27292
132.162 0.27302
132.134 0.27312
132.106 0.27322
132.078 0.27332
132.049 0.27342
132.021 0.27352
131.993 0.27362
131.964 0.27372
131.936 0.27382
131.908 0.27392
131.879 0.27402
131.851 0.27412
131.823 0.27422
131.795 0.27432
131.766 0.27442
131.738 0.27452
131.71 0.27462
131.681 0.27472
131.653 0.27482
131.624 0.27492
131.596 0.27502
131.568 0.27512
131.539 0.27522
131.511 0.27532
131.483 0.27542
131.454 0.27552
131.426 0.27562
131.398 0.27572
131.369 0.27582
131.341 0.27592
131.312 0.27602
131.284 0.27612
131.256 0.27622
131.227 0.27632
131.199 0.27642
131.171 0.27652
131.142 0.27662
131.114 0.27672
131.085 0.27682
131.057 0.27692
131.028 0.27702
131 0.27712
130.971 0.27722
130.943 0.27732
130.915 0.27742
130.886 0.27752
130.857 0.27762
130.829 0.27772
130.8 0.27782
130.772 0.27792
130.743 0.27802
130.715 0.27812
130.686 0.27822
130.657 0.27832
130.629 0.27842
130.6 0.27852
130.571 0.27862
130.542 0.27872
130.513 0.27882
130.484 0.27892
130.455 0.27902
130.426 0.27912
130.396 0.27922
130.365 0.27932
130.334 0.27942
130.301 0.27952
130.268 0.27962
130.234 0.27972
130.198 0.27982
130.162 0.27992
130.124 0.28002
130.086 0.28012
130.046 0.28022
130.005 0.28032
129.963 0.28042
129.92 0.28052
129.876 0.28062
129.831 0.28072
129.786 0.28082
129.741 0.28092
129.696 0.28102
129.651 0.28112
129.605 0.28122
129.56 0.28132
129.515 0.28142
129.47 0.28152
129.424 0.28162
129.379 0.28172
129.333 0.28182
129.288 0.28192
129.243 0.28202
129.197 0.28212
129.152 0.28222
129.106 0.28232
129.06 0.28242
129.015 0.28252
128.97 0.28262
128.925 0.28272
128.881 0.28282
128.836 0.28292
128.793 0.28302
128.749 0.28312
128.706 0.28322
128.662 0.28332
128.62 0.28342
128.577 0.28352
128.535 0.28362
128.493 0.28372
128.451 0.28382
128.41 0.28392
128.368 0.28402
128.327 0.28412
128.286 0.28422
128.245 0.28432
128.204 0.28442
128.164 0.28452
128.123 0.28462
128.082 0.28472
128.041 0.28482
128 0.28492
127.959 0.28502
127.918 0.28512
127.877 0.28522
127.836 0.28532
127.795 0.28542
127.754 0.28552
127.713 0.28562
127.672 0.28572
127.631 0.28582
127.59 0.28592
127.549 0.28602
127.508 0.28612
127.467 0.28622
127.426 0.28632
127.385 0.28642
127.344 0.28652
127.303 0.28662
127.262 0.28672
127.221 0.28682
127.18 0.28692
127.139 0.28702
127.097 0.28712
127.056 0.28722
127.015 0.28732
126.974 0.28742
126.933 0.28752
126.892 0.28762
126.85 0.28772
126.809 0.28782
126.768 0.28792
126.726 0.28802
126.685 0.28812
126.644 0.28822
126.602 0.28832
126.561 0.28842
126.52 0.28852
126.478 0.28862
126.437 0.28872
126.395 0.28882
126.353 0.28892
126.312 0.28902
126.27 0.28912
126.228 0.28922
126.186 0.28932
126.143 0.28942
126.101 0.28952
126.058 0.28962
126.019 0.28972
125.98 0.28982
125.94 0.28992
125.9 0.29002
125.858 0.29012
125.816 0.29022
125.773 0.29032
125.729 0.29042
125.685 0.29052
125.639 0.29062
125.593 0.29072
125.547 0.29082
125.501 0.29092
125.455 0.29102
125.407 0.29112
125.358 0.29122
125.309 0.29132
125.259 0.29142
125.208 0.29152
125.156 0.29162
125.104 0.29172
125.051 0.29182
124.997 0.29192
124.942 0.29202
124.887 0.29212
124.83 0.29222
124.773 0.29232
124.716 0.29242
124.658 0.29252
124.6 0.29262
124.542 0.29272
124.485 0.29282
124.427 0.29292
124.373 0.29302
124.319 0.29312
124.265 0.29322
124.211 0.29332
124.157 0.29342
124.103 0.29352
124.049 0.29362
123.994 0.29372
123.939 0.29382
123.885 0.29392
123.83 0.29402
123.775 0.29412
123.72 0.29422
123.664 0.29432
123.609 0.29442
123.556 0.29452
123.502 0.29462
123.449 0.29472
123.395 0.29482
123.341 0.29492
123.287 0.29502
123.233 0.29512
123.178 0.29522
123.124 0.29532
123.069 0.29542
123.013 0.29552
122.956 0.29562
122.899 0.29572
122.84 0.29582
122.78 0.29592
122.718 0.29602
122.658 0.29612
122.6 0.29622
122.54 0.29632
122.48 0.29642
122.418 0.29652
122.354 0.29662
122.289 0.29672
122.223 0.29682
122.156 0.29692
122.089 0.29702
122.022 0.29712
121.955 0.29722
121.888 0.29732
121.826 0.29742
121.766 0.29752
121.707 0.29762
121.648 0.29772
121.588 0.29782
121.529 0.29792
121.472 0.29802
121.416 0.29812
121.361 0.29822
121.305 0.29832
121.248 0.29842
121.193 0.29852
121.137 0.29862
121.084 0.29872
121.032 0.29882
120.978 0.29892
120.928 0.29902
120.882 0.29912
120.835 0.29922
120.788 0.29932
120.741 0.29942
120.696 0.29952
120.652 0.29962
120.607 0.29972
120.562 0.29982
120.517 0.29992
120.473 0.30002
120.428 0.30012
120.383 0.30022
120.338 0.30032
120.295 0.30042
120.252 0.30052
120.209 0.30062
120.166 0.30072
120.122 0.30082
120.078 0.30092
120.032 0.30102
119.987 0.30112
119.941 0.30122
119.894 0.30132
119.849 0.30142
119.804 0.30152
119.759 0.30162
119.713 0.30172
119.667 0.30182
119.621 0.30192
119.574 0.30202
119.527 0.30212
119.483 0.30222
119.443 0.30232
119.403 0.30242
119.364 0.30252
119.324 0.30262
119.285 0.30272
119.245 0.30282
119.21 0.30292
119.175 0.30302
119.14 0.30312
119.104 0.30322
119.071 0.30332
119.04 0.30342
119.008 0.30352
118.977 0.30362
118.946 0.30372
118.915 0.30382
118.884 0.30392
118.853 0.30402
118.821 0.30412
118.789 0.30422
118.756 0.30432
118.722 0.30442
118.689 0.30452
118.655 0.30462
118.62 0.30472
118.584 0.30482
118.548 0.30492
118.511 0.30502
118.473 0.30512
118.435 0.30522
118.401 0.30532
118.369 0.30542
118.335 0.30552
118.302 0.30562
118.268 0.30572
118.234 0.30582
118.204 0.30592
118.174 0.30602
118.143 0.30612
118.112 0.30622
118.081 0.30632
118.049 0.30642
118.016 0.30652
117.982 0.30662
117.948 0.30672
117.913 0.30682
117.879 0.30692
117.851 0.30702
117.823 0.30712
117.794 0.30722
117.763 0.30732
117.73 0.30742
117.703 0.30752
117.677 0.30762
117.65 0.30772
117.622 0.30782
117.592 0.30792
117.562 0.30802
117.53 0.30812
117.501 0.30822
117.472 0.30832
117.443 0.30842
117.413 0.30852
117.383 0.30862
117.353 0.30872
117.323 0.30882
117.293 0.30892
117.266 0.30902
117.24 0.30912
117.214 0.30922
117.188 0.30932
117.161 0.30942
117.137 0.30952
117.114 0.30962
117.092 0.30972
117.069 0.30982
117.046 0.30992
117.025 0.31002
117.004 0.31012
116.982 0.31022
116.96 0.31032
116.938 0.31042
116.916 0.31052
116.894 0.31062
116.871 0.31072
116.848 0.31082
116.824 0.31092
116.802 0.31102
116.779 0.31112
116.757 0.31122
116.734 0.31132
116.711 0.31142
116.687 0.31152
116.662 0.31162
116.638 0.31172
116.612 0.31182
116.587 0.31192
116.561 0.31202
116.536 0.31212
116.512 0.31222
116.487 0.31232
116.462 0.31242
116.436 0.31252
116.416 0.31262
116.398 0.31272
116.383 0.31282
116.368 0.31292
116.353 0.31302
116.336 0.31312
116.32 0.31322
116.307 0.31332
116.295 0.31342
116.281 0.31352
116.268 0.31362
116.253 0.31372
116.235 0.31382
116.214 0.31392
116.191 0.31402
116.174 0.31412
116.159 0.31422
116.143 0.31432
116.128 0.31442
116.112 0.31452
116.097 0.31462
116.085 0.31472
116.074 0.31482
116.062 0.31492
116.05 0.31502
116.038 0.31512
116.028 0.31522
116.017 0.31532
116.008 0.31542
116 0.31552
115.993 0.31562
115.985 0.31572
115.977 0.31582
115.969 0.31592
115.961 0.31602
115.953 0.31612
115.945 0.31622
115.939 0.31632
115.935 0.31642
115.93 0.31652
115.925 0.31662
115.92 0.31672
115.915 0.31682
115.91 0.31692
115.905 0.31702
115.9 0.31712
115.895 0.31722
115.891 0.31732
115.888 0.31742
115.885 0.31752
115.883 0.31762
115.88 0.31772
115.878 0.31782
115.875 0.31792
115.872 0.31802
115.87 0.31812
115.867 0.31822
115.864 0.31832
115.862 0.31842
115.861 0.31852
115.859 0.31862
115.857 0.31872
115.856 0.31882
115.855 0.31892
115.854 0.31902
115.853 0.31912
115.852 0.31922
115.851 0.31932
115.85 0.31942
115.849 0.31952
115.848 0.31962
115.848 0.31972
115.848 0.31982
115.847 0.31992
115.847 0.32002
115.846 0.32012
115.846 0.32022
115.846 0.32032
115.846 0.32042
115.846 0.32052
115.846 0.32062
115.846 0.32072
115.846 0.32082
115.846 0.32092
115.845 0.32102
115.845 0.32112
115.845 0.32122
115.845 0.32132
115.844 0.32142
115.843 0.32152
115.842 0.32162
115.84 0.32172
115.837 0.32182
115.834 0.32192
115.831 0.32202
115.827 0.32212
115.822 0.32222
115.817 0.32232
115.81 0.32242
115.801 0.32252
115.79 0.32262
115.777 0.32272
115.763 0.32282
115.748 0.32292
115.733 0.32302
115.718 0.32312
115.703 0.32322
115.688 0.32332
115.672 0.32342
115.656 0.32352
115.64 0.32362
115.623 0.32372
115.605 0.32382
115.587 0.32392
115.567 0.32402
115.547 0.32412
115.525 0.32422
115.502 0.32432
115.478 0.32442
115.452 0.32452
115.426 0.32462
115.399 0.32472
115.372 0.32482
115.345 0.32492
115.318 0.32502
115.291 0.32512
115.263 0.32522
115.236 0.32532
115.209 0.32542
115.181 0.32552
115.154 0.32562
115.126 0.32572
115.099 0.32582
115.071 0.32592
115.044 0.32602
115.016 0.32612
114.988 0.32622
114.96 0.32632
114.932 0.32642
114.903 0.32652
114.873 0.32662
114.84 0.32672
114.812 0.32682
114.779 0.32692
114.744 0.32702
114.707 0.32712
114.668 0.32722
114.628 0.32732
114.586 0.32742
114.542 0.32752
114.495 0.32762
114.447 0.32772
114.397 0.32782
114.346 0.32792
114.294 0.32802
114.239 0.32812
114.184 0.32822
114.128 0.32832
114.071 0.32842
114.013 0.32852
113.953 0.32862
113.893 0.32872
113.831 0.32882
113.768 0.32892
113.704 0.32902
113.64 0.32912
113.574 0.32922
113.507 0.32932
113.44 0.32942
113.374 0.32952
113.307 0.32962
113.24 0.32972
113.174 0.32982
113.107 0.32992
113.04 0.33002
112.973 0.33012
112.907 0.33022
112.84 0.33032
112.773 0.33042
112.706 0.33052
112.639 0.33062
112.573 0.33072
112.506 0.33082
112.439 0.33092
112.372 0.33102
112.305 0.33112
112.238 0.33122
112.171 0.33132
112.104 0.33142
112.037 0.33152
111.971 0.33162
111.904 0.33172
111.837 0.33182
111.77 0.33192
111.703 0.33202
111.636 0.33212
111.57 0.33222
111.504 0.33232
111.438 0.33242
111.372 0.33252
111.307 0.33262
111.246 0.33272
111.19 0.33282
111.133 0.33292
111.076 0.33302
111.02 0.33312
110.964 0.33322
110.908 0.33332
110.852 0.33342
110.797 0.33352
110.741 0.33362
110.686 0.33372
110.631 0.33382
110.576 0.33392
110.521 0.33402
110.472 0.33412
110.425 0.33422
110.377 0.33432
110.329 0.33442
110.281 0.33452
110.231 0.33462
110.181 0.33472
110.13 0.33482
110.08 0.33492
110.029 0.33502
109.979 0.33512
109.928 0.33522
109.878 0.33532
109.827 0.33542
109.776 0.33552
109.725 0.33562
109.674 0.33572
109.623 0.33582
109.571 0.33592
109.517 0.33602
109.463 0.33612
109.408 0.33622
109.353 0.33632
109.299 0.33642
109.243 0.33652
109.187 0.33662
109.131 0.33672
109.077 0.33682
109.027 0.33692
108.976 0.33702
108.925 0.33712
108.874 0.33722
108.822 0.33732
108.771 0.33742
108.719 0.33752
108.667 0.33762
108.618 0.33772
108.572 0.33782
108.525 0.33792
108.478 0.33802
108.432 0.33812
108.384 0.33822
108.337 0.33832
108.29 0.33842
108.243 0.33852
108.195 0.33862
108.147 0.33872
108.097 0.33882
108.048 0.33892
107.997 0.33902
107.947 0.33912
107.896 0.33922
107.845 0.33932
107.794 0.33942
107.742 0.33952
107.688 0.33962
107.633 0.33972
107.58 0.33982
107.531 0.33992
107.481 0.34002
107.431 0.34012
107.381 0.34022
107.331 0.34032
107.28 0.34042
107.229 0.34052
107.178 0.34062
107.127 0.34072
107.075 0.34082
107.023 0.34092
106.971 0.34102
106.918 0.34112
106.866 0.34122
106.814 0.34132
106.767 0.34142
106.72 0.34152
106.671 0.34162
106.622 0.34172
106.576 0.34182
106.531 0.34192
106.487 0.34202
106.441 0.34212
106.396 0.34222
106.35 0.34232
106.305 0.34242
106.259 0.34252
106.213 0.34262
106.167 0.34272
106.121 0.34282
106.075 0.34292
106.028 0.34302
105.98 0.34312
105.932 0.34322
105.883 0.34332
105.833 0.34342
105.783 0.34352
105.733 0.34362
105.682 0.34372
105.63 0.34382
105.578 0.34392
105.525 0.34402
105.472 0.34412
105.421 0.34422
105.383 0.34432
105.344 0.34442
105.305 0.34452
105.265 0.34462
105.223 0.34472
105.181 0.34482
105.138 0.34492
105.094 0.34502
105.05 0.34512
105.005 0.34522
104.965 0.34532
104.925 0.34542
104.885 0.34552
104.846 0.34562
104.806 0.34572
104.765 0.34582
104.726 0.34592
104.692 0.34602
104.658 0.34612
104.622 0.34622
104.586 0.34632
104.55 0.34642
104.513 0.34652
104.48 0.34662
104.449 0.34672
104.418 0.34682
104.385 0.34692
104.353 0.34702
104.32 0.34712
104.287 0.34722
104.253 0.34732
104.221 0.34742
104.189 0.34752
104.157 0.34762
104.129 0.34772
104.1 0.34782
104.072 0.34792
104.043 0.34802
104.015 0.34812
103.987 0.34822
103.959 0.34832
103.932 0.34842
103.907 0.34852
103.882 0.34862
103.858 0.34872
103.833 0.34882
103.808 0.34892
103.784 0.34902
103.759 0.34912
103.733 0.34922
103.707 0.34932
103.681 0.34942
103.656 0.34952
103.632 0.34962
103.608 0.34972
103.583 0.34982
103.56 0.34992
103.536 0.35002
103.512 0.35012
103.488 0.35022
103.465 0.35032
103.441 0.35042
103.418 0.35052
103.397 0.35062
103.375 0.35072
103.354 0.35082
103.333 0.35092
103.313 0.35102
103.292 0.35112
103.272 0.35122
103.252 0.35132
103.232 0.35142
103.215 0.35152
103.201 0.35162
103.188 0.35172
103.175 0.35182
103.161 0.35192
103.148 0.35202
103.134 0.35212
103.123 0.35222
103.113 0.35232
103.103 0.35242
103.093 0.35252
103.082 0.35262
103.072 0.35272
103.061 0.35282
103.051 0.35292
103.04 0.35302
103.03 0.35312
103.02 0.35322
103.01 0.35332
103 0.35342
102.989 0.35352
102.979 0.35362
102.969 0.35372
102.959 0.35382
102.948 0.35392
102.938 0.35402
102.928 0.35412
102.919 0.35422
102.909 0.35432
102.899 0.35442
102.889 0.35452
102.878 0.35462
102.867 0.35472
102.854 0.35482
102.84 0.35492
102.824 0.35502
102.806 0.35512
102.785 0.35522
102.762 0.35532
102.737 0.35542
102.71 0.35552
102.681 0.35562
102.652 0.35572
102.622 0.35582
102.592 0.35592
102.562 0.35602
102.531 0.35612
102.501 0.35622
102.471 0.35632
102.441 0.35642
102.412 0.35652
102.382 0.35662
102.353 0.35672
102.324 0.35682
102.294 0.35692
102.265 0.35702
102.236 0.35712
102.206 0.35722
102.177 0.35732
102.147 0.35742
102.118 0.35752
102.088 0.35762
102.059 0.35772
102.031 0.35782
102.002 0.35792
101.973 0.35802
101.945 0.35812
101.916 0.35822
101.887 0.35832
101.858 0.35842
101.829 0.35852
101.801 0.35862
101.772 0.35872
101.743 0.35882
101.714 0.35892
101.685 0.35902
101.656 0.35912
101.628 0.35922
101.599 0.35932
101.571 0.35942
101.543 0.35952
101.514 0.35962
101.486 0.35972
101.457 0.35982
101.429 0.35992
101.4 0.36002
101.372 0.36012
101.343 0.36022
101.315 0.36032
101.286 0.36042
101.258 0.36052
101.229 0.36062
101.201 0.36072
101.172 0.36082
101.143 0.36092
101.114 0.36102
101.086 0.36112
101.057 0.36122
101.028 0.36132
101 0.36142
100.971 0.36152
100.942 0.36162
100.913 0.36172
100.885 0.36182
100.859 0.36192
100.833 0.36202
100.807 0.36212
100.78 0.36222
100.754 0.36232
100.727 0.36242
100.7 0.36252
100.673 0.36262
100.647 0.36272
100.62 0.36282
100.593 0.36292
100.565 0.36302
100.538 0.36312
100.511 0.36322
100.483 0.36332
100.455 0.36342
100.427 0.36352
100.398 0.36362
100.368 0.36372
100.339 0.36382
100.308 0.36392
100.278 0.36402
100.246 0.36412
100.215 0.36422
100.182 0.36432
100.151 0.36442
100.122 0.36452
100.092 0.36462
100.062 0.36472
100.032 0.36482
100.001 0.36492
99.969 0.36502
99.9366 0.36512
99.9036 0.36522
99.8698 0.36532
99.8353 0.36542
99.8 0.36552
99.7636 0.36562
99.7258 0.36572
99.6866 0.36582
99.6463 0.36592
99.605 0.36602
99.5627 0.36612
99.5195 0.36622
99.4751 0.36632
99.4298 0.36642
99.3839 0.36652
99.3375 0.36662
99.2906 0.36672
99.243 0.36682
99.1945 0.36692
99.1456 0.36702
99.0963 0.36712
99.0469 0.36722
98.9976 0.36732
98.9482 0.36742
98.8994 0.36752
98.8503 0.36762
98.8008 0.36772
98.7521 0.36782
98.703 0.36792
98.6535 0.36802
98.6038 0.36812
98.5542 0.36822
98.5051 0.36832
98.4565 0.36842
98.408 0.36852
98.3595 0.36862
98.3113 0.36872
98.263 0.36882
98.2145 0.36892
98.1668 0.36902
98.1197 0.36912
98.0724 0.36922
98.0249 0.36932
97.9774 0.36942
97.9314 0.36952
97.8867 0.36962
97.8423 0.36972
97.7977 0.36982
97.7536 0.36992
97.7094 0.37002
97.6651 0.37012
97.6212 0.37022
97.5774 0.37032
97.5336 0.37042
97.4896 0.37052
97.4457 0.37062
97.4016 0.37072
97.3585 0.37082
97.3153 0.37092
97.2721 0.37102
97.2288 0.37112
97.1854 0.37122
97.1419 0.37132
97.0987 0.37142
97.0559 0.37152
97.0135 0.37162
96.9735 0.37172
96.9334 0.37182
96.8945 0.37192
96.8569 0.37202
96.8194 0.37212
96.7825 0.37222
96.7471 0.37232
96.7116 0.37242
96.676 0.37252
96.641 0.37262
96.6058 0.37272
96.5706 0.37282
96.5353 0.37292
96.4999 0.37302
96.4645 0.37312
96.4287 0.37322
96.3929 0.37332
96.3567 0.37342
96.3205 0.37352
96.2848 0.37362
96.2485 0.37372
96.2123 0.37382
96.1759 0.37392
96.1394 0.37402
96.1029 0.37412
96.0662 0.37422
96.0295 0.37432
95.9926 0.37442
95.9556 0.37452
95.9186 0.37462
95.8862 0.37472
95.8538 0.37482
95.8213 0.37492
95.789 0.37502
95.7568 0.37512
95.7243 0.37522
95.6918 0.37532
95.6591 0.37542
95.6264 0.37552
95.5936 0.37562
95.5608 0.37572
95.5278 0.37582
95.4948 0.37592
95.4615 0.37602
95.4283 0.37612
95.395 0.37622
95.3616 0.37632
95.3294 0.37642
95.2984 0.37652
95.267 0.37662
95.2358 0.37672
95.2047 0.37682
95.1733 0.37692
95.1419 0.37702
95.1103 0.37712
95.0786 0.37722
95.0521 0.37732
95.0264 0.37742
95.0005 0.37752
94.9745 0.37762
94.9484 0.37772
94.9222 0.37782
94.8959 0.37792
94.8697 0.37802
94.8431 0.37812
94.8166 0.37822
94.7897 0.37832
94.7673 0.37842
94.7467 0.37852
94.7259 0.37862
94.7049 0.37872
94.6836 0.37882
94.6622 0.37892
94.6405 0.37902
94.6187 0.37912
94.5969 0.37922
94.5754 0.37932
94.5533 0.37942
94.5312 0.37952
94.509 0.37962
94.4879 0.37972
94.4682 0.37982
94.4482 0.37992
94.4279 0.38002
94.4071 0.38012
94.3855 0.38022
94.3633 0.38032
94.3426 0.38042
94.3218 0.38052
94.3002 0.38062
94.2781 0.38072
94.2562 0.38082
94.2343 0.38092
94.2109 0.38102
94.1876 0.38112
94.1669 0.38122
94.1455 0.38132
94.1236 0.38142
94.1012 0.38152
94.078 0.38162
94.0549 0.38172
94.0311 0.38182
94.007 0.38192
93.9825 0.38202
93.9576 0.38212
93.9326 0.38222
93.9072 0.38232
93.8843 0.38242
93.8615 0.38252
93.8384 0.38262
93.8158 0.38272
93.7953 0.38282
93.7745 0.38292
93.7536 0.38302
93.7328 0.38312
93.7118 0.38322
93.691 0.38332
93.6703 0.38342
93.6492 0.38352
93.6277 0.38362
93.6059 0.38372
93.584 0.38382
93.5621 0.38392
93.5401 0.38402
93.5188 0.38412
93.4987 0.38422
93.4787 0.38432
93.4594 0.38442
93.44 0.38452
93.4216 0.38462
93.4023 0.38472
93.3821 0.38482
93.3608 0.38492
93.3387 0.38502
93.3157 0.38512
93.2924 0.38522
93.2684 0.38532
93.2433 0.38542
93.2173 0.38552
93.1902 0.38562
93.1619 0.38572
93.1326 0.38582
93.1025 0.38592
93.0714 0.38602
93.0396 0.38612
93.007 0.38622
92.9737 0.38632
92.9394 0.38642
92.9041 0.38652
92.8676 0.38662
92.8299 0.38672
92.7907 0.38682
92.7499 0.38692
92.7077 0.38702
92.6643 0.38712
92.6199 0.38722
92.575 0.38732
92.5294 0.38742
92.483 0.38752
92.4359 0.38762
92.3882 0.38772
92.3398 0.38782
92.2905 0.38792
92.2397 0.38802
92.1883 0.38812
92.136 0.38822
92.0829 0.38832
92.0287 0.38842
91.9732 0.38852
91.9166 0.38862
91.859 0.38872
91.8004 0.38882
91.7413 0.38892
91.6816 0.38902
91.6213 0.38912
91.5608 0.38922
91.5002 0.38932
91.4397 0.38942
91.3794 0.38952
91.319 0.38962
91.2586 0.38972
91.1986 0.38982
91.1385 0.38992
91.0784 0.39002
91.0182 0.39012
90.958 0.39022
90.8977 0.39032
90.8373 0.39042
90.7769 0.39052
90.7168 0.39062
90.6568 0.39072
90.5968 0.39082
90.5366 0.39092
90.4764 0.39102
90.4162 0.39112
90.3558 0.39122
90.2954 0.39132
90.2351 0.39142
90.1751 0.39152
90.115 0.39162
90.0583 0.39172
90.0014 0.39182
89.9445 0.39192
89.8878 0.39202
89.8312 0.39212
89.7745 0.39222
89.718 0.39232
89.6616 0.39242
89.6053 0.39252
89.5513 0.39262
89.4972 0.39272
89.4431 0.39282
89.3889 0.39292
89.3347 0.39302
89.2807 0.39312
89.2268 0.39322
89.1727 0.39332
89.1184 0.39342
89.0647 0.39352
89.0107 0.39362
88.9568 0.39372
88.9028 0.39382
88.8484 0.39392
88.794 0.39402
88.7394 0.39412
88.6852 0.39422
88.6308 0.39432
88.5763 0.39442
88.5216 0.39452
88.467 0.39462
88.4122 0.39472
88.3575 0.39482
88.3026 0.39492
88.2476 0.39502
88.194 0.39512
88.1399 0.39522
88.0859 0.39532
88.0317 0.39542
87.9776 0.39552
87.9245 0.39562
87.8713 0.39572
87.8179 0.39582
87.7645 0.39592
87.7108 0.39602
87.6581 0.39612
87.6055 0.39622
87.5526 0.39632
87.4997 0.39642
87.4467 0.39652
87.394 0.39662
87.3417 0.39672
87.2893 0.39682
87.2367 0.39692
87.1837 0.39702
87.1305 0.39712
87.0779 0.39722
87.0251 0.39732
86.972 0.39742
86.9186 0.39752
86.8649 0.39762
86.811 0.39772
86.7601 0.39782
86.7126 0.39792
86.6639 0.39802
86.6152 0.39812
86.5667 0.39822
86.5188 0.39832
86.4713 0.39842
86.4231 0.39852
86.3751 0.39862
86.3265 0.39872
86.2777 0.39882
86.23 0.39892
86.1864 0.39902
86.1454 0.39912
86.1044 0.39922
86.063 0.39932
86.0216 0.39942
85.9795 0.39952
85.9374 0.39962
85.8951 0.39972
85.8517 0.39982
85.8087 0.39992
