0 0.000530157 0.00120493 0.00181201
0 0.000527382 0.00119645 0.00179835
0 0.000523477 0.00118524 0.00178023
0 0.000518363 0.0011714 0.00175789
0 0.000512035 0.00115498 0.00173168
0 0.000504548 0.00113605 0.00170195
0 0.000495993 0.0011147 0.00166905
0 0.000486461 0.00109105 0.00163333
0 0.000476037 0.00106531 0.0015951
0 0.000464799 0.00103774 0.00155462
0 0.000452835 0.00100863 0.00151217
0 0.000440258 0.000978285 0.00146798
0 0.000427217 0.000947005 0.00142233
0 0.000413884 0.000915062 0.0013755
0 0.00040044 0.000882716 0.00132781
0 0.000387054 0.000850219 0.00127959
0 0.000373865 0.000817824 0.0012312
0 0.000360967 0.000785779 0.001183
0 0.000348414 0.000754319 0.00113537
0 0.000336232 0.000723656 0.00108867
0 0.000324444 0.000693983 0.0010433
0 0.000313072 0.000665469 0.000999624
0 0.000302156 0.000638262 0.000958025
0 0.000291752 0.000612504 0.000918846
0 0.000281928 0.000588342 0.000882405
0 0.000272778 0.000565961 0.000848991
0 0.000264403 0.000545572 0.000818857
0 0.000256887 0.000527376 0.000792198
0 0.000250286 0.000511529 0.000769136
0 0.000244627 0.000498128 0.000749732
0 0.000239943 0.000487234 0.00073402
0 0.000236304 0.000478902 0.000722044
0 0.000233802 0.000473196 0.000713863
0 0.000232502 0.000470162 0.000709512
0 0.000232394 0.000469796 0.000708968
0 0.000233407 0.000472036 0.00071215
0 0.000235457 0.000476795 0.000718964
0 0.000238497 0.000483995 0.000729339
0 0.000242512 0.000493567 0.00074322
0 0.000247459 0.000505405 0.000760509
0 0.000253225 0.000519325 0.000781014
0 0.000259662 0.000535095 0.000804477
0 0.00026668 0.000552512 0.000830646
0 0.000274259 0.00057143 0.000859299
0 0.000282362 0.000591688 0.000890162
0 0.000290856 0.000613034 0.000922836
0 0.000299602 0.000635197 0.000956887
0 0.000308622 0.000658057 0.000992018
0 0.000318114 0.000681695 0.00102813
0 0.00032831 0.0007063 0.0010652
0 0.000339338 0.000732052 0.00110324
0 0.000351189 0.000759068 0.00114222
0 0.00036375 0.000787367 0.00118213
0 0.000376846 0.000816844 0.00122296
0 0.0003903 0.000847293 0.00126475
0 0.000404014 0.000878505 0.0013076
0 0.000417888 0.000910256 0.0013516
0 0.000431542 0.000942046 0.00139649
0 0.000444195 0.000972932 0.00144148
0 0.000455042 0.00100177 0.00148548
0 0.000463706 0.00102766 0.00152749
0 0.000470303 0.00105006 0.00156673
0 0.000475191 0.00106876 0.00160241
0 0.000478717 0.00108373 0.0016337
0 0.000481131 0.00109515 0.00165967
0 0.000482637 0.00110326 0.00167955
0 0.000483472 0.00110842 0.00169279
0 0.0004839 0.00111098 0.00169917
0 0.000484071 0.00111112 0.00169871
0 0.000483833 0.00110864 0.00169147
0 0.0004827 0.00110298 0.00167747
0 0.00048011 0.00109342 0.00165684
0 0.000475737 0.0010795 0.00163001
0 0.000469451 0.00106106 0.0015976
0 0.000461119 0.00103807 0.00156016
0 0.000450894 0.00101096 0.00151842
0 0.000439805 0.000981284 0.00147392
0 0.000429675 0.000951704 0.00142909
0 0.000422086 0.000925088 0.00138644
0 0.000417041 0.000902928 0.00134725
0 0.000412661 0.000884448 0.00131106
0 0.000406685 0.000867469 0.00127674
0 0.00039872 0.000850556 0.00124448
0 0.000390947 0.000834449 0.0012166
0 0.000386156 0.000821258 0.00119598
0 0.000384774 0.000812091 0.00118343
0 0.000383942 0.000805572 0.00117658
0 0.000379705 0.000798668 0.00117143
0 0.000370114 0.000788756 0.00116503
0 0.000356232 0.000774727 0.00115635
0 0.000340546 0.000756536 0.00114525
0 0.000325281 0.000734759 0.00113136
0 0.000312429 0.000711308 0.00111463
0 0.000304377 0.000690125 0.00109634
0 0.000303233 0.000676085 0.00107885
0 0.000308687 0.000671908 0.00106337
0 0.000316648 0.000675414 0.00104822
0 0.000321185 0.000680161 0.0010298
0 0.000318718 0.000679327 0.00100591
0 0.000310185 0.000669243 0.000977735
0 0.000299061 0.00064985 0.000948281
0 0.000287868 0.000623082 0.000919538
0 0.000276823 0.000591649 0.000891391
0 0.000265168 0.00055891 0.000862841
0 0.000253051 0.00052879 0.000833702
0 0.00024218 0.00050503 0.000805249
0 0.000235208 0.000490352 0.000779878
0 0.000234837 0.000486374 0.000760677
0 0.000243327 0.000494395 0.000751367
0 0.000262347 0.000516353 0.000756426
0 0.000292566 0.000554928 0.000780735
0 0.00033244 0.00061189 0.000828041
0 0.000377028 0.000685488 0.000898917
0 0.000419419 0.000769935 0.000990842
0 0.000455029 0.000858518 0.0011012
0 0.00048438 0.000947206 0.00122969
0 0.00051104 0.00103499 0.00137685
0 0.000537349 0.00112182 0.0015407
0 0.000562694 0.00120727 0.00171558
0 0.000585166 0.00129079 0.00189376
0 0.00060394 0.00137221 0.00206791
0 0.000620511 0.00145187 0.00223255
0 0.000638586 0.00153079 0.00238471
0 0.000662531 0.00161051 0.00252348
0 0.000694663 0.00169182 0.00264829
0 0.000733358 0.00177334 0.00275741
0 0.000774278 0.00185191 0.00284877
0 0.000813902 0.00192493 0.00292251
0 0.000851181 0.00199153 0.002982
0 0.000885507 0.00205085 0.00303129
0 0.000914767 0.00210064 0.00307273
0 0.000936973 0.00213907 0.00310796
0 0.000953012 0.00216765 0.00314032
0 0.000966231 0.00219121 0.00317464
0 0.000979546 0.00221513 0.00321475
0 0.000994293 0.0022437 0.00326258
0 0.00101206 0.00228104 0.00332019
0 0.00103624 0.00233229 0.00339165
0 0.00107062 0.00240256 0.00348217
0 0.00111623 0.00249414 0.00359531
0 0.00117022 0.00260516 0.00373155
0 0.00122781 0.00273076 0.00388947
0 0.00128498 0.00286543 0.00406746
0 0.00133951 0.00300422 0.00426405
0 0.00139003 0.00314273 0.00447666
0 0.00143435 0.00327603 0.00469966
0 0.00146819 0.00339717 0.00492267
0 0.00148594 0.00349685 0.0051308
0 0.00148386 0.00356564 0.0053077
0 0.00146428 0.0035987 0.0054407
0 0.00143681 0.00359958 0.00552445
0 0.00141366 0.00357881 0.00555943
0 0.00140217 0.00354774 0.00554723
0 0.00140188 0.00351346 0.00548847
0 0.00140819 0.00347842 0.00538564
0 0.00141829 0.00344345 0.00524738
0 0.00143288 0.00340994 0.00508899
0 0.00145272 0.00337891 0.0049279
0 0.00147451 0.00334922 0.00477806
0 0.00149146 0.00331819 0.00464824
0 0.00149837 0.003285 0.00454507
0 0.00149564 0.0032535 0.00447618
0 0.00148796 0.00323092 0.00444891
0 0.00147884 0.0032226 0.00446557
0 0.00146661 0.00322731 0.00451971
0 0.00144598 0.00323727 0.00459762
0 0.00141308 0.00324209 0.00468316
0 0.00136855 0.00323253 0.00476116
0 0.00131647 0.00320231 0.00481763
0 0.00126086 0.00314809 0.00483879
0 0.00120307 0.00306812 0.00481084
0 0.00114155 0.00296062 0.00472095
0 0.00107295 0.00282239 0.00455847
0 0.000993221 0.00264806 0.00431573
0 0.000898543 0.00243051 0.00398828
0 0.000785764 0.00216233 0.00357478
0 0.000652658 0.00183814 0.00307657
0 0.00049794 0.00145614 0.00249698
0 0.000321244 0.00101834 0.00184106
0 0.000123188 0.000529949 0.00111527
0 -9.4549e-05 -1.76821e-06 0.000326641
0 -0.000329413 -0.000569243 -0.000517868
0 -0.000578206 -0.00116639 -0.00141179
0 -0.000836586 -0.00178873 -0.0023487
0 -0.00109799 -0.00243067 -0.00332001
0 -0.0013533 -0.00308215 -0.00431222
0 -0.00159301 -0.0037282 -0.00530656
0 -0.00181122 -0.00435141 -0.00628156
0 -0.00200755 -0.00493547 -0.0072156
0 -0.00218511 -0.00546783 -0.0080874
0 -0.00234625 -0.00594021 -0.00887551
0 -0.00248992 -0.00634724 -0.00955854
0 -0.0026122 -0.00668453 -0.0101169
0 -0.00270812 -0.00694664 -0.0105346
0 -0.00277293 -0.00712556 -0.0108004
0 -0.0028027 -0.00721125 -0.0109076
0 -0.0027964 -0.00719606 -0.0108559
0 -0.00275826 -0.00708113 -0.0106543
0 -0.00269649 -0.00687858 -0.0103203
0 -0.00261812 -0.00660729 -0.00987578
0 -0.00252377 -0.00628444 -0.00934064
0 -0.0024058 -0.00591719 -0.00872821
0 -0.00225212 -0.00550007 -0.0080449
0 -0.00205389 -0.00502029 -0.00729392
0 -0.00181182 -0.00446761 -0.00647984
0 -0.00153767 -0.00384404 -0.00561153
0 -0.00124987 -0.0031677 -0.00470181
0 -0.000965946 -0.00246921 -0.00376482
0 -0.000696766 -0.00178227 -0.00281355
0 -0.000444883 -0.00113222 -0.001858
0 -0.000207605 -0.000528737 -0.000905908
0 1.72006e-05 3.21169e-05 3.36506e-05
0 0.000227671 0.000559836 0.000947435
0 0.000418976 0.00106164 0.00181819
0 0.000587285 0.00153856 0.00262744
0 0.000733971 0.00198576 0.00335958
0 0.000866931 0.0023966 0.00400519
0 0.000997915 0.00276743 0.00456215
0 0.00113716 0.00309989 0.00503404
0 0.00128818 0.00339995 0.00542745
0 0.00144605 0.00367483 0.00575003
0 0.00160006 0.00392875 0.00601005
0 0.00173762 0.00415954 0.00621612
0 0.00184746 0.00435759 0.00637626
0 0.00192373 0.00451076 0.00649879
0 0.00197044 0.00461434 0.00659589
0 0.00200001 0.00467689 0.00668344
0 0.00202302 0.0047144 0.00677299
0 0.00203841 0.00473816 0.00686277
0 0.00203552 0.00474863 0.0069384
0 0.00200584 0.00473884 0.00698273
0 0.0019535 0.00470308 0.00698652
0 0.00189646 0.00464476 0.00695305
0 0.00185722 0.00457782 0.00689425
0 0.00184857 0.00451932 0.00682105
0 0.00186503 0.00447868 0.00673562
0 0.0018886 0.00445373 0.00663372
0 0.00190411 0.00443627 0.00651505
0 0.00190879 0.00441915 0.00638942
0 0.00190874 0.00439842 0.00627273
0 0.00190965 0.00437252 0.00617865
0 0.00191138 0.00434194 0.00611384
0 0.00190892 0.004309 0.00607794
0 0.00189684 0.00427717 0.00606661
0 0.00187411 0.00425034 0.00607521
0 0.0018463 0.00423307 0.00610162
0 0.00182322 0.00423005 0.00614581
0 0.00181267 0.00424373 0.0062063
0 0.0018149 0.00427138 0.00627639
0 0.00182154 0.00430339 0.00634302
0 0.00181926 0.00432389 0.00638869
0 0.00179682 0.00431518 0.00639651
0 0.00175055 0.00426359 0.00635462
0 0.00168316 0.00416177 0.00625577
0 0.00159841 0.00400729 0.00609357
0 0.00149866 0.00380184 0.0058616
0 0.00138699 0.00355229 0.0055565
0 0.00126921 0.00327043 0.005181
0 0.00115225 0.00296953 0.0047433
0 0.00104052 0.00265961 0.00425409
0 0.000932759 0.00234398 0.00372282
0 0.000822435 0.00201884 0.00315602
0 0.00070217 0.00167717 0.0025594
0 0.000568885 0.00131437 0.0019417
0 0.000424722 0.000931326 0.00131498
0 0.00027261 0.000532244 0.000690399
0 0.000111311 0.00012045 7.34712e-05
0 -6.37783e-05 -0.000302507 -0.000535949
0 -0.00025404 -0.000733366 -0.00113832
0 -0.000452205 -0.00116334 -0.00172901
0 -0.000643613 -0.00157831 -0.00229814
0 -0.000812455 -0.00196248 -0.00283437
0 -0.000947729 -0.00230152 -0.00332768
0 -0.0010455 -0.00258406 -0.00376928
0 -0.00110836 -0.00280335 -0.00415131
0 -0.00114408 -0.00295991 -0.00446738
0 -0.00116287 -0.00306177 -0.00471269
0 -0.00117347 -0.00312112 -0.00488328
0 -0.00118137 -0.00315013 -0.00497658
0 -0.00119042 -0.00315915 -0.00499421
0 -0.00120532 -0.00315722 -0.0049452
0 -0.00123138 -0.00315253 -0.00484622
0 -0.00127129 -0.00315149 -0.00471812
0 -0.00132225 -0.00315751 -0.00458167
0 -0.00137555 -0.00316976 -0.00445403
0 -0.00141776 -0.00318119 -0.00434546
0 -0.00143378 -0.00317806 -0.00425748
0 -0.00141162 -0.00314289 -0.00418419
0 -0.00134598 -0.00305931 -0.0041143
0 -0.00123869 -0.00291637 -0.00403232
0 -0.0010978 -0.00271236 -0.00392061
0 -0.00093637 -0.0024573 -0.00376277
0 -0.000770209 -0.00217083 -0.00354648
0 -0.000615032 -0.00187609 -0.00326532
0 -0.000484386 -0.00159379 -0.00292055
0 -0.000386868 -0.0013376 -0.00252046
0 -0.000320568 -0.00110857 -0.00207441
0 -0.000269936 -0.000891864 -0.00158645
0 -0.000212473 -0.000662336 -0.00105703
0 -0.000130159 -0.000395395 -0.000489789
0 -1.47849e-05 -7.49203e-05 0.00010648
0 0.000133584 0.000303734 0.000720632
0 0.000309526 0.00073344 0.00134165
0 0.000504344 0.00119742 0.00195984
0 0.000707579 0.0016735 0.00256713
0 0.000907818 0.00213817 0.00315665
0 0.00109324 0.00256942 0.0037218
0 0.0012528 0.00294966 0.0042552
0 0.00137789 0.00326776 0.00474788
0 0.00146357 0.00351883 0.00518855
0 0.00150972 0.00370283 0.00556422
0 0.00152261 0.00382434 0.00586341
0 0.00151524 0.00389325 0.00607967
0 0.00150381 0.00392382 0.00621226
0 0.00149981 0.00392893 0.00626249
0 0.00150322 0.00391295 0.006229
0 0.00150387 0.00386986 0.00610821
0 0.00148959 0.00378793 0.00589947
0 0.00145385 0.00365706 0.00560957
0 0.00139873 0.00347523 0.00525408
0 0.00133232 0.00325107 0.00485485
0 0.00126228 0.00300063 0.00443398
0 0.00119122 0.00274124 0.00400861
0 0.00111717 0.00248626 0.00358989
0 0.0010357 0.00224105 0.00318362
0 0.000941471 0.00200175 0.00279074
0 0.000830252 0.00175795 0.00240858
0 0.000700567 0.00149748 0.00203251
0 0.00055306 0.00121034 0.00165609
0 0.00038909 0.00089084 0.00127091
0 0.000211611 0.000539744 0.000868602
0 2.6499e-05 0.000165321 0.000443246
0 -0.000160206 -0.000220827 -1.03355e-05
0 -0.000346796 -0.000611595 -0.000500164
0 -0.000535539 -0.00100834 -0.00103667
0 -0.000726803 -0.00141721 -0.00162726
0 -0.000912831 -0.00184002 -0.00226892
0 -0.00107712 -0.00226613 -0.00294429
0 -0.00120232 -0.00267293 -0.00362598
0 -0.00128227 -0.00303525 -0.0042857
0 -0.00132774 -0.00333786 -0.00490089
0 -0.00136119 -0.00358287 -0.0054561
0 -0.00140399 -0.00378631 -0.00593904
0 -0.00146426 -0.00396565 -0.00633447
0 -0.00153369 -0.00412715 -0.00662288
0 -0.0015957 -0.00426184 -0.00678666
0 -0.00163636 -0.00434959 -0.00681749
0 -0.00164925 -0.00436722 -0.00671854
0 -0.00163529 -0.00429879 -0.00650334
0 -0.00160092 -0.00414517 -0.00619412
0 -0.00155418 -0.00392562 -0.00581795
0 -0.00149861 -0.00366832 -0.00539971
0 -0.00142827 -0.00339439 -0.00495417
0 -0.0013295 -0.0031066 -0.00448344
0 -0.00119027 -0.00279109 -0.0039823
0 -0.00100855 -0.00242852 -0.00344547
0 -0.000792109 -0.00200514 -0.00286987
0 -0.000552751 -0.00151951 -0.00225332
0 -0.000302294 -0.000984594 -0.00159479
0 -5.20865e-05 -0.000424296 -0.000896333
0 0.000186931 0.00013444 -0.000164181
0 0.000405191 0.000668402 0.000591968
0 0.000596276 0.00116228 0.00136051
0 0.000758495 0.00161141 0.00212932
0 0.000895176 0.00202157 0.00288681
0 0.00101497 0.00240592 0.00362314
0 0.00113191 0.00278189 0.00433153
0 0.0012628 0.00316797 0.00500885
0 0.00142096 0.00357828 0.00565413
0 0.0016087 0.00401514 0.00626439
0 0.00181491 0.00446572 0.00683232
0 0.00202156 0.00490698 0.0073501
0 0.00221309 0.00531535 0.00781534
0 0.00238111 0.00567422 0.00823236
0 0.00252284 0.00597628 0.00860852
0 0.00263708 0.00622182 0.00894907
0 0.00272123 0.00641418 0.00925323
0 0.00277063 0.00655483 0.00951263
0 0.00278103 0.00664069 0.00971298
0 0.00275182 0.00666507 0.00983785
0 0.00268721 0.00662045 0.00987151
0 0.00259453 0.00650146 0.00980042
0 0.0024818 0.00630756 0.00961422
0 0.00235482 0.00604284 0.00930586
0 0.00221386 0.00571182 0.00886986
0 0.00205303 0.00531482 0.00830122
0 0.00186433 0.00484732 0.00759759
0 0.0016438 0.00430421 0.00676351
0 0.00139513 0.00368586 0.00581304
0 0.00112727 0.00300096 0.00476717
0 0.000847687 0.00226369 0.0036473
0 0.000558692 0.00148992 0.00247157
0 0.000261571 0.000697261 0.00125772
0 -3.747e-05 -9.32956e-05 2.78816e-05
0 -0.000328268 -0.00085983 -0.00119179
0 -0.000604148 -0.00158749 -0.00237716
0 -0.000866114 -0.00227477 -0.00351061
0 -0.00111899 -0.00292995 -0.00457901
0 -0.00136552 -0.0035607 -0.00556989
0 -0.00160448 -0.00416637 -0.00647088
0 -0.00183222 -0.00473663 -0.00727161
0 -0.00204409 -0.00525495 -0.0079654
0 -0.00223502 -0.00570431 -0.00854959
0 -0.00239946 -0.00607211 -0.0090243
0 -0.00253254 -0.00635358 -0.00939215
0 -0.0026335 -0.0065543 -0.00966026
0 -0.00270773 -0.00668969 -0.00984168
0 -0.00276376 -0.00677951 -0.00995282
0 -0.00280768 -0.00683993 -0.0100084
0 -0.00283968 -0.00687788 -0.0100179
0 -0.00285411 -0.00688921 -0.00998423
0 -0.00284098 -0.00685955 -0.00990297
0 -0.00278648 -0.00676523 -0.00976049
0 -0.00267592 -0.00657753 -0.00953413
0 -0.00250411 -0.00627584 -0.00920176
0 -0.00228535 -0.00586299 -0.00875427
0 -0.0020495 -0.00536825 -0.00819846
0 -0.00182642 -0.00483546 -0.00754953
0 -0.00163142 -0.00430447 -0.00682208
0 -0.00145963 -0.00379459 -0.00602463
0 -0.0012898 -0.00329609 -0.00515821
0 -0.00109648 -0.00277646 -0.00422105
0 -0.000863315 -0.00219897 -0.00321602
0 -0.000586446 -0.00153944 -0.00215164
0 -0.000266174 -0.000789338 -0.00103457
0 0.000101516 5.14781e-05 0.000137878
0 0.000522898 0.000981794 0.0013777
0 0.000997361 0.0019991 0.00269974
0 0.00151154 0.0030937 0.0041144
0 0.00203897 0.00424305 0.00562151
0 0.00254259 0.00540901 0.00720466
0 0.00298008 0.00653582 0.0088251
0 0.00331005 0.00755018 0.0104169
0 0.00350267 0.00837432 0.0118942
0 0.00355973 0.00895733 0.0131765
0 0.00352879 0.00930657 0.0142158
0 0.00349071 0.0094935 0.0150048
0 0.00352326 0.00962555 0.0155621
0 0.00366301 0.00979738 0.0159089
0 0.00388797 0.0100457 0.0160522
0 0.00413017 0.0103303 0.0159847
0 0.00431187 0.0105531 0.0157013
0 0.00438103 0.0106042 0.0152161
0 0.00432239 0.0104049 0.0145634
0 0.00414571 0.00993172 0.0137833
0 0.00386772 0.00921562 0.0129045
0 0.00350117 0.00832209 0.0119356
0 0.00305669 0.00732365 0.0108676
0 0.00255288 0.00627925 0.00968688
0 0.00202209 0.00522544 0.00838763
0 0.001503 0.00417618 0.00697534
0 0.00102821 0.0031324 0.0054653
0 0.000624848 0.00210635 0.00389059
0 0.00032222 0.00114403 0.00231174
0 0.000143891 0.000315615 0.000805686
0 8.56777e-05 -0.000319822 -0.000559197
0 0.0001059 -0.000746155 -0.00173757
0 0.000141826 -0.0010027 -0.00270424
0 0.000135003 -0.00117007 -0.00344657
0 4.82178e-05 -0.00133802 -0.00396237
0 -0.000130393 -0.00157447 -0.00426303
0 -0.000394261 -0.00190784 -0.00437946
0 -0.000726922 -0.00232805 -0.00436459
0 -0.00110651 -0.00280137 -0.00428994
0 -0.00150591 -0.00328974 -0.00423565
0 -0.00189445 -0.00376673 -0.00427689
0 -0.00224641 -0.00422657 -0.00447888
0 -0.0025476 -0.00468505 -0.00489615
0 -0.00279065 -0.00516517 -0.00556162
0 -0.00296308 -0.00567205 -0.00646891
0 -0.00303692 -0.00617119 -0.00755679
0 -0.0029739 -0.00658384 -0.00870527
0 -0.00275274 -0.00681178 -0.00975832
0 -0.00239552 -0.00678141 -0.0105657
0 -0.00196756 -0.00647807 -0.0110137
0 -0.00155138 -0.0059518 -0.0110333
0 -0.00121577 -0.00529681 -0.0105997
0 -0.000999899 -0.0046167 -0.00973038
0 -0.000909718 -0.00398788 -0.00848064
0 -0.000916784 -0.00343294 -0.0069309
0 -0.000963493 -0.00291515 -0.00517253
0 -0.000981205 -0.00235894 -0.00329633
0 -0.000914267 -0.00168741 -0.00138432
0 -0.000734073 -0.000855143 0.000489149
0 -0.000438872 0.00013554 0.002251
0 -4.7956e-05 0.00123075 0.00383276
0 0.000404383 0.00233677 0.00517959
0 0.000873496 0.00334844 0.00625512
0 0.00130969 0.00417778 0.00704356
0 0.00166757 0.00477053 0.00754986
0 0.00191657 0.00511222 0.00779731
0 0.00204956 0.00522652 0.00782516
0 0.00208654 0.00516838 0.00768748
0 0.00206863 0.00501275 0.00744882
0 0.00204236 0.00483795 0.00717453
0 0.0020428 0.00470818 0.00692008
0 0.00208291 0.00466012 0.00672339
0 0.00214971 0.00469363 0.00659885
0 0.00220872 0.00477117 0.00653583
0 0.00221932 0.0048313 0.00650633
0 0.00215467 0.00481297 0.00647867
0 0.00201528 0.00467998 0.00642916
0 0.00183011 0.00443755 0.0063484
0 0.00164523 0.00413406 0.00624099
0 0.00150411 0.00384219 0.00611718
0 0.00143169 0.00362958 0.00598461
0 0.00143345 0.00353879 0.00585021
0 0.00150396 0.00358244 0.00572735
0 0.00163397 0.00374726 0.00563917
0 0.00181275 0.00400327 0.00561674
0 0.00202761 0.00431802 0.00569385
0 0.00226432 0.00467048 0.00590266
0 0.00250739 0.00505572 0.00626938
0 0.0027378 0.00547649 0.00680644
0 0.00293183 0.00592793 0.00750387
0 0.00306404 0.00638697 0.00832499
0 0.0031139 0.00681148 0.00920807
0 0.00307287 0.00714808 0.0100739
0 0.00294787 0.00734667 0.010836
0 0.00275915 0.00737556 0.0114117
0 0.00253501 0.0072307 0.0117308
0 0.00230517 0.00693466 0.0117432
0 0.00209384 0.00652554 0.0114225
0 0.00191468 0.00604153 0.0107675
0 0.00176887 0.00550759 0.00980116
0 0.00164484 0.00492841 0.00856692
0 0.00152151 0.00429103 0.00712274
0 0.00137947 0.00358081 0.00553977
0 0.00121229 0.00280136 0.00389937
0 0.00101817 0.00197272 0.00227517
0 0.000777865 0.00110675 0.000709029
0 0.000450599 0.000189331 -0.000795451
0 -1.08013e-06 -0.000813206 -0.00225631
0 -0.000582507 -0.00192964 -0.00369128
0 -0.00125433 -0.0031593 -0.00510736
0 -0.00194272 -0.00446001 -0.00650239
0 -0.00256709 -0.00574967 -0.00786849
0 -0.00306358 -0.00692159 -0.00919063
0 -0.00339455 -0.00787078 -0.0104416
0 -0.00354785 -0.00852079 -0.0115772
0 -0.00353064 -0.00883989 -0.012535
0 -0.00336486 -0.00884287 -0.01324
0 -0.0030882 -0.00858212 -0.0136194
0 -0.00275552 -0.00813326 -0.0136217
0 -0.00243245 -0.00757837 -0.0132302
0 -0.00217884 -0.00698944 -0.0124657
0 -0.00203085 -0.006417 -0.011381
0 -0.00199245 -0.0058877 -0.010055
0 -0.00204041 -0.00540969 -0.00858808
0 -0.00213768 -0.00498207 -0.007097
0 -0.00224589 -0.00460121 -0.00569864
0 -0.00232737 -0.00425912 -0.00448555
0 -0.00234122 -0.00393626 -0.00350996
0 -0.00224766 -0.00359709 -0.00278345
0 -0.00201976 -0.003197 -0.00228295
0 -0.00165283 -0.00269701 -0.00195779
0 -0.00116724 -0.00207795 -0.00173904
0 -0.000603807 -0.00135098 -0.00155206
0 -1.59873e-05 -0.000558433 -0.00132876
0 0.000536776 0.000237948 -0.00101238
0 0.00100065 0.000976303 -0.000556989
0 0.00134073 0.00161271 6.78575e-05
0 0.00154316 0.00212893 0.000868132
0 0.00161069 0.00252762 0.00182018
0 0.00156038 0.00282129 0.00287414
0 0.00142196 0.00302742 0.00396424
0 0.00123777 0.00317395 0.00501944
0 0.00106452 0.00330266 0.0059744
0 0.000965853 0.00346407 0.00678167
0 0.000995033 0.00370671 0.00741858
0 0.00117971 0.00406481 0.0078876
0 0.00151488 0.00455039 0.00821411
0 0.00196687 0.00515239 0.00844462
0 0.00248593 0.00584021 0.00864348
0 0.00301746 0.00656986 0.00888331
0 0.00350924 0.00729272 0.00923091
0 0.00391835 0.00796629 0.00973572
0 0.00421691 0.00856308 0.0104231
0 0.00439448 0.00907272 0.0112906
0 0.00445691 0.0094983 0.0123049
0 0.00442299 0.00984901 0.0134038
0 0.00431964 0.0101319 0.0145032
0 0.00417684 0.0103473 0.0155082
0 0.00402341 0.0104895 0.0163253
0 0.00388349 0.0105494 0.0168747
0 0.00377306 0.0105179 0.0170991
0 0.00369568 0.0103857 0.0169665
0 0.00364005 0.0101411 0.0164699
0 0.00358223 0.00976888 0.0156245
0 0.00349164 0.00925082 0.0144641
0 0.00333612 0.00856674 0.013034
0 0.00308468 0.00769509 0.0113807
0 0.00271261 0.00661761 0.00954487
0 0.00221089 0.00533009 0.00756152
0 0.00159317 0.00385286 0.00546286
0 0.000892538 0.00223256 0.00327865
0 0.000149938 0.000533156 0.0010358
0 -0.000596192 -0.00117785 -0.001243
0 -0.00131201 -0.00284229 -0.00353972
0 -0.00196719 -0.00441978 -0.00583469
0 -0.00253857 -0.00588635 -0.00809786
0 -0.00301674 -0.00722809 -0.0102869
0 -0.00340899 -0.00843769 -0.0123529
0 -0.0037343 -0.00951158 -0.0142457
0 -0.00401291 -0.0104466 -0.0159157
0 -0.00425953 -0.0112398 -0.0173172
0 -0.00448324 -0.0118906 -0.0184165
0 -0.00468861 -0.0124022 -0.0191969
0 -0.00487398 -0.0127776 -0.0196586
0 -0.00503003 -0.0130148 -0.0198152
0 -0.00514285 -0.0131072 -0.0196915
0 -0.0051997 -0.0130489 -0.0193233
0 -0.00519235 -0.0128391 -0.0187535
0 -0.0051159 -0.0124836 -0.0180255
0 -0.00496683 -0.0119924 -0.0171761
0 -0.00474389 -0.0113789 -0.0162322
0 -0.00445001 -0.0106582 -0.0152108
0 -0.00409145 -0.00984302 -0.0141177
0 -0.00367493 -0.00893998 -0.0129465
0 -0.00320709 -0.00794939 -0.011681
0 -0.0026981 -0.00687151 -0.0103029
0 -0.00216534 -0.00571498 -0.00880145
0 -0.00163109 -0.00450007 -0.0071779
0 -0.00111454 -0.00325486 -0.00544442
0 -0.000625539 -0.00200901 -0.00362175
0 -0.000165242 -0.000788071 -0.0017374
0 0.000269593 0.000390869 0.00017748
0 0.000683027 0.00152282 0.00209248
0 0.00108034 0.00261648 0.00397982
0 0.00147041 0.00369031 0.00581286
0 0.00186469 0.0047623 0.00756541
0 0.0022736 0.00583881 0.00921484
0 0.00270319 0.00691168 0.0107463
0 0.00315459 0.0079652 0.0121557
0 0.00362485 0.00898561 0.0134516
0 0.00410474 0.00996407 0.01465
0 0.00457366 0.0108904 0.0157651
0 0.00500013 0.0117457 0.0168008
0 0.0053523 0.0125036 0.0177521
0 0.00561107 0.0131376 0.0186107
0 0.0057755 0.0136296 0.0193681
0 0.00585779 0.013973 0.0200128
0 0.00587476 0.0141733 0.0205273
0 0.0058423 0.0142447 0.0208893
0 0.00577346 0.0142066 0.021075
0 0.0056777 0.0140756 0.0210638
0 0.00556034 0.0138599 0.0208407
0 0.00542343 0.0135578 0.0203992
0 0.00526736 0.0131621 0.0197442
0 0.00509158 0.0126664 0.0188918
0 0.00489337 0.0120689 0.0178669
0 0.00466691 0.011374 0.0166986
0 0.00440438 0.0105905 0.0154171
0 0.00409919 0.00973035 0.0140519
0 0.00374919 0.00880611 0.0126306
0 0.00335744 0.00782988 0.0111773
0 0.0029302 0.00681152 0.00970962
0 0.00247457 0.00575862 0.00823696
0 0.00199842 0.0046786 0.00676169
0 0.00151204 0.00358207 0.00528322
0 0.00102972 0.0024858 0.00380294
0 0.000567841 0.00141201 0.00232724
0 0.000139107 0.000383361 0.000865774
0 -0.000251828 -0.000582878 -0.000572471
0 -0.000606073 -0.00147812 -0.001978
0 -0.000923742 -0.00230093 -0.00333503
0 -0.00120088 -0.00305292 -0.00461828
0 -0.00143461 -0.00373602 -0.00579721
0 -0.00163128 -0.00435199 -0.00684579
0 -0.0018084 -0.0049039 -0.0077498
0 -0.00198842 -0.00539897 -0.00850869
0 -0.00218968 -0.00585059 -0.00913401
0 -0.00241908 -0.00627596 -0.00964541
0 -0.00266985 -0.00668985 -0.0100665
0 -0.00292593 -0.0070992 -0.0104235
0 -0.00316985 -0.00750162 -0.0107447
0 -0.00338825 -0.00788735 -0.0110592
0 -0.00357171 -0.00824192 -0.0113901
0 -0.00371155 -0.00854873 -0.0117481
0 -0.00379905 -0.00879226 -0.0121276
0 -0.00382734 -0.00896047 -0.0125073
0 -0.00379527 -0.00904627 -0.0128548
0 -0.00371195 -0.00905025 -0.0131353
0 -0.00359827 -0.00898324 -0.0133193
0 -0.00348117 -0.00886459 -0.0133869
0 -0.00338386 -0.00871617 -0.0133272
0 -0.00331858 -0.00855593 -0.0131371
0 -0.00328538 -0.00839368 -0.0128228
0 -0.00327497 -0.00822967 -0.0124
0 -0.00327266 -0.00805534 -0.0118931
0 -0.00326146 -0.00785615 -0.0113307
0 -0.00322467 -0.00761593 -0.0107413
0 -0.00314769 -0.00732097 -0.0101478
0 -0.00301947 -0.0069624 -0.00956353
0 -0.00283353 -0.00653609 -0.00898935
0 -0.00258939 -0.00604185 -0.00841406
0 -0.00229548 -0.0054847 -0.00781929
0 -0.00197111 -0.00487797 -0.00718702
0 -0.00164341 -0.00424381 -0.00650496
0 -0.00133869 -0.00360891 -0.00576745
0 -0.00107399 -0.00299774 -0.00497423
0 -0.000854109 -0.0024268 -0.00413025
0 -0.000673993 -0.00190145 -0.00324622
0 -0.000522946 -0.00141652 -0.00233802
0 -0.000388491 -0.000960289 -0.00142492
0 -0.000259564 -0.000518777 -0.000527374
0 -0.000128283 -7.99809e-05 0.000334276
0 9.83118e-06 0.000360884 0.00113997
0 0.000156096 0.000798276 0.00187036
0 0.000309224 0.00121853 0.00250897
0 0.000466046 0.00160554 0.00304475
0 0.000621519 0.00194567 0.00347267
0 0.000767988 0.00222902 0.00379268
0 0.000895144 0.00244829 0.0040079
0 0.000992729 0.00259865 0.00412424
0 0.00105529 0.00267953 0.00415193
0 0.00108477 0.00269642 0.00410632
0 0.00108894 0.00266073 0.00400592
0 0.00107824 0.00258891 0.00386991
0 0.00106371 0.00250103 0.00371737
0 0.00105575 0.00241882 0.00356739
0 0.0010631 0.00236299 0.00343886
0 0.00109201 0.00235062 0.00335006
0 0.00114547 0.00239317 0.0033179
0 0.00122239 0.00249507 0.00335659
0 0.00131867 0.00265464 0.00347753
0 0.00143054 0.00286772 0.0036909
0 0.00155716 0.00313184 0.0040069
0 0.00169963 0.00344768 0.00443439
0 0.00185836 0.00381768 0.00497795
0 0.0020314 0.00424347 0.00563571
0 0.00221486 0.00472394 0.00639872
0 0.00240529 0.00525468 0.00725216
0 0.0026026 0.00582829 0.0081777
0 0.00281026 0.00643551 0.00915543
0 0.00303254 0.00706692 0.0101646
0 0.00327154 0.00771407 0.0111843
0 0.00352566 0.00836937 0.0121942
0 0.00378966 0.00902487 0.0131761
0 0.00405561 0.00967056 0.0141136
0 0.0043144 0.0102934 0.0149933
0 0.00455769 0.0108786 0.0158044
0 0.00477933 0.0114118 0.0165398
0 0.00497545 0.0118821 0.0171948
0 0.00514365 0.0122831 0.017766
0 0.00528284 0.0126134 0.0182509
0 0.00539328 0.0128758 0.0186479
0 0.00547643 0.0130755 0.0189563
0 0.00553465 0.0132179 0.0191764
0 0.00557069 0.013307 0.0193096
0 0.00558652 0.0133446 0.0193575
0 0.00558123 0.0133287 0.0193204
0 0.00555057 0.0132534 0.0191962
0 0.00548942 0.0131114 0.0189817
0 0.00539472 0.0128969 0.0186747
0 0.00526578 0.0126071 0.0182739
0 0.00510275 0.0122411 0.0177776
0 0.00490546 0.0117987 0.0171822
0 0.00467366 0.0112797 0.0164833
0 0.00440769 0.0106842 0.0156764
0 0.00410834 0.0100118 0.0147571
0 0.00377604 0.00926063 0.0137212
0 0.00341047 0.00842807 0.0125644
0 0.00301154 0.00751185 0.0112838
0 0.00258078 0.00651237 0.00987966
0 0.00212072 0.00543276 0.00835519
0 0.00163255 0.00427678 0.00671423
0 0.00111558 0.00304749 0.00496023
0 0.000568681 0.00174823 0.00309725
0 -9.44441e-06 0.00038455 0.00112975
0 -0.000618725 -0.00103693 -0.000939115
0 -0.00125294 -0.00251295 -0.00310687
0 -0.00189922 -0.00404439 -0.0053687
0 -0.00254448 -0.00562968 -0.00771369
0 -0.00318173 -0.00725728 -0.0101225
0 -0.00381062 -0.00890474 -0.0125686
0 -0.00443333 -0.0105445 -0.0150212
0 -0.0050505 -0.0121518 -0.0174472
0 -0.00565859 -0.0137079 -0.0198118
0 -0.00624859 -0.0151988 -0.0220787
0 -0.00680706 -0.0166093 -0.0242104
0 -0.00732001 -0.0179194 -0.0261712
0 -0.00777729 -0.0191057 -0.02793
0 -0.00817405 -0.0201443 -0.0294624
0 -0.00850761 -0.0210142 -0.0307488
0 -0.00877286 -0.0216977 -0.0317706
0 -0.00896145 -0.0221813 -0.0325095
0 -0.00906574 -0.0224568 -0.0329504
0 -0.00908261 -0.0225222 -0.033084
0 -0.00901336 -0.022379 -0.0329071
0 -0.0088609 -0.0220296 -0.0324202
0 -0.0086274 -0.0214752 -0.0316256
0 -0.00831397 -0.0207177 -0.0305282
0 -0.00792158 -0.01976 -0.0291354
0 -0.00745132 -0.0186076 -0.0274578
0 -0.00690414 -0.0172669 -0.0255072
0 -0.00628103 -0.015745 -0.0232968
0 -0.00558404 -0.0140498 -0.020841
0 -0.00481736 -0.0121913 -0.0181557
0 -0.00398765 -0.010182 -0.0152591
0 -0.00310408 -0.00803853 -0.0121724
0 -0.00217782 -0.00578175 -0.00891988
0 -0.00121849 -0.00343451 -0.00552705
0 -0.000227415 -0.00101811 -0.00201603
0 0.00079811 0.00144877 0.00159723
0 0.00184985 0.00395054 0.00529758
0 0.00290638 0.00647595 0.00905771
0 0.00394448 0.00901361 0.0128346
0 0.00494992 0.0115432 0.0165812
0 0.0059203 0.014034 0.0202555
0 0.00685947 0.0164505 0.0238181
0 0.00776872 0.0187584 0.0272295
0 0.00864036 0.0209276 0.030447
0 0.00945744 0.0229325 0.033426
0 0.0101993 0.0247503 0.036123
0 0.0108479 0.0263585 0.0384995
0 0.0113919 0.0277334 0.0405233
0 0.0118252 0.0288504 0.0421682
0 0.0121447 0.0296866 0.0434114
0 0.0123467 0.0302234 0.0442315
0 0.0124248 0.0304482 0.0446085
0 0.0123714 0.0303533 0.0445269
0 0.0121809 0.0299349 0.0439771
0 0.0118535 0.0291935 0.0429554
0 0.011394 0.0281331 0.0414647
0 0.0108099 0.0267612 0.0395152
0 0.0101109 0.025091 0.037124
0 0.00930789 0.0231425 0.034316
0 0.00841318 0.0209431 0.0311243
0 0.00744039 0.0185267 0.027591
0 0.00640406 0.0159312 0.0237661
0 0.00531855 0.0131958 0.0197064
0 0.00419733 0.010359 0.0154731
0 0.00305326 0.00745793 0.0111301
0 0.00189882 0.00452889 0.00674042
0 0.000745591 0.00160761 0.00235912
0 -0.000399503 -0.00126788 -0.00197154
0 -0.00152918 -0.0040629 -0.0062088
0 -0.00262364 -0.00675629 -0.0102945
0 -0.0036566 -0.00933089 -0.0141639
0 -0.00460943 -0.0117594 -0.0177622
0 -0.00547551 -0.0140044 -0.021049
0 -0.00625635 -0.0160261 -0.0239928
0 -0.00695316 -0.017791 -0.0265676
0 -0.00756048 -0.0192783 -0.0287501
0 -0.00806658 -0.0204796 -0.0305211
0 -0.00845844 -0.0213949 -0.0318659
0 -0.00872733 -0.0220266 -0.0327772
0 -0.00887177 -0.0223755 -0.0332559
0 -0.00889647 -0.022441 -0.0333096
0 -0.00880836 -0.0222227 -0.0329508
0 -0.00861313 -0.0217242 -0.0321938
0 -0.0083142 -0.020955 -0.0310549
0 -0.00791365 -0.0199306 -0.0295521
0 -0.00741423 -0.0186697 -0.0277058
0 -0.0068217 -0.0171922 -0.0255401
0 -0.0061467 -0.0155199 -0.0230846
0 -0.00540469 -0.0136777 -0.0203749
0 -0.00461291 -0.0116948 -0.0174516
0 -0.00378608 -0.00960222 -0.0143573
0 -0.00293425 -0.00743097 -0.0111345
0 -0.00206409 -0.00520963 -0.00782469
0 -0.00118041 -0.00296381 -0.00446715
0 -0.000284076 -0.000717588 -0.0010945
0 0.000624526 0.00150794 0.00226686
0 0.00153458 0.00370126 0.00558875
0 0.00242729 0.00585867 0.00883475
0 0.00328701 0.00797224 0.0119641
0 0.00410435 0.0100204 0.0149405
0 0.00487506 0.0119689 0.0177351
0 0.00559687 0.0137801 0.0203231
0 0.00626467 0.0154217 0.022681
0 0.00686737 0.0168704 0.0247849
0 0.00738878 0.0181115 0.0266098
0 0.00781196 0.0191337 0.0281305
0 0.00812375 0.0199254 0.0293233
0 0.0083176 0.0204722 0.0301673
0 0.00839391 0.020759 0.0306452
0 0.00835796 0.0207744 0.0307441
0 0.00821694 0.0205144 0.0304551
0 0.00797794 0.0199844 0.0297747
0 0.00764755 0.0191992 0.028706
0 0.00723243 0.0181793 0.0272605
0 0.00674049 0.016948 0.0254598
0 0.00618195 0.0155298 0.0233362
0 0.00556903 0.0139502 0.0209327
0 0.00491434 0.012237 0.0183011
0 0.00422915 0.0104203 0.0154989
0 0.00352218 0.00853245 0.0125863
0 0.00279938 0.00660582 0.00962195
0 0.00206581 0.00467117 0.00665948
0 0.00132945 0.0027576 0.00374368
0 0.00060101 0.000894509 0.000910934
0 -0.000109768 -0.000888442 -0.0018049
0 -0.000792371 -0.00256661 -0.00436654
0 -0.00143254 -0.00412444 -0.00673249
0 -0.00201403 -0.00555003 -0.00886314
0 -0.00252341 -0.00682687 -0.0107282
0 -0.00295513 -0.00793303 -0.0123089
0 -0.0033112 -0.00884671 -0.0135967
0 -0.00359607 -0.00955301 -0.0145894
0 -0.00381178 -0.0100482 -0.0152889
0 -0.00395683 -0.0103399 -0.0157
0 -0.00402928 -0.0104438 -0.0158318
0 -0.0040315 -0.0103804 -0.0157006
0 -0.00397275 -0.010172 -0.0153315
0 -0.00386844 -0.00984237 -0.014759
0 -0.00373633 -0.0094179 -0.0140247
0 -0.0035908 -0.00892631 -0.0131734
0 -0.00343896 -0.0083942 -0.0122486
0 -0.00328207 -0.00784535 -0.0112913
0 -0.00312027 -0.00730059 -0.0103412
0 -0.00295632 -0.00677814 -0.0094371
0 -0.00279636 -0.00629405 -0.00861466
0 -0.00264878 -0.00586353 -0.0079047
0 -0.00252167 -0.00550116 -0.0073305
0 -0.00241928 -0.00521828 -0.00690502
0 -0.00234057 -0.00501986 -0.00662994
0 -0.00228147 -0.00490379 -0.00649799
0 -0.00223786 -0.00486187 -0.00649567
0 -0.00220672 -0.00488086 -0.00660443
0 -0.00218543 -0.00494385 -0.00680065
0 -0.00217097 -0.00503287 -0.00705611
0 -0.00215993 -0.00513116 -0.00733952
0 -0.00214791 -0.00522314 -0.00761753
0 -0.00212832 -0.00529231 -0.0078552
0 -0.00209281 -0.00531978 -0.00801727
0 -0.00203313 -0.0052848 -0.00807065
0 -0.00194225 -0.00516629 -0.00798611
0 -0.00181367 -0.00494397 -0.00773839
0 -0.00163966 -0.00459866 -0.00730493
0 -0.00141012 -0.00411229 -0.00666488
0 -0.00111386 -0.00346909 -0.0057998
0 -0.000742204 -0.00265804 -0.00469606
0 -0.000293128 -0.00167555 -0.00334772
0 0.000225956 -0.000526275 -0.00175831
0 0.000798574 0.000776522 6.0668e-05
0 0.00140402 0.00220922 0.00209306
0 0.00202302 0.00373776 0.00431827
0 0.0026374 0.00532184 0.00670796
0 0.00322875 0.00692255 0.00922004
0 0.00378438 0.00850772 0.0117954
0 0.00430137 0.0100497 0.0143632
0 0.00478158 0.0115211 0.0168478
0 0.00522558 0.0128928 0.0191721
0 0.0056312 0.0141348 0.0212626
0 0.00599444 0.0152185 0.023055
0 0.00631 0.0161187 0.0244993
0 0.00657151 0.0168148 0.0255611
0 0.00677081 0.0172903 0.0262223
0 0.00689702 0.0175319 0.0264779
0 0.00693713 0.0175286 0.026334
0 0.00687794 0.0172716 0.0258046
0 0.00670791 0.0167554 0.0249092
0 0.0064197 0.0159784 0.0236702
0 0.00601359 0.0149475 0.0221133
0 0.0054986 0.0136802 0.0202672
0 0.00488989 0.0122033 0.0181617
0 0.00420517 0.0105501 0.0158262
0 0.00346262 0.00875639 0.0132895
0 0.00268045 0.00685864 0.0105826
0 0.00187636 0.00489134 0.00773936
0 0.00106578 0.00288485 0.00479641
0 0.000258484 0.000865844 0.00178874
0 -0.000541618 -0.00113982 -0.00125398
0 -0.00132847 -0.00311021 -0.00430169
0 -0.00208798 -0.00503273 -0.00731315
0 -0.00280433 -0.0068989 -0.0102355
0 -0.00347051 -0.00869359 -0.0130163
0 -0.00409101 -0.010393 -0.0156122
0 -0.00467569 -0.0119705 -0.0179888
0 -0.00523012 -0.0134022 -0.0201183
0 -0.00574914 -0.0146702 -0.0219765
0 -0.00621716 -0.0157612 -0.0235433
0 -0.00661383 -0.0166637 -0.024803
0 -0.00692169 -0.0173652 -0.0257471
0 -0.00713141 -0.017853 -0.0263752
0 -0.00724186 -0.0181166 -0.0266932
0 -0.00725584 -0.01815 -0.0267087
0 -0.00717547 -0.0179527 -0.0264276
0 -0.00700017 -0.0175291 -0.0258513
0 -0.00672788 -0.0168855 -0.024978
0 -0.00635814 -0.0160283 -0.0238049
0 -0.00589482 -0.0149634 -0.0223311
0 -0.00534625 -0.0136966 -0.0205594
0 -0.00472283 -0.0122354 -0.0184965
0 -0.00403459 -0.0105904 -0.0161534
0 -0.00329034 -0.00877709 -0.0135461
0 -0.00249789 -0.00681587 -0.0106971
0 -0.00166339 -0.00472927 -0.00763527
0 -0.000787326 -0.00253884 -0.00439286
0 0.000135985 -0.000263597 -0.00100052
0 0.00110523 0.00208049 0.00251462
0 0.00210353 0.00448075 0.00612455
0 0.00310763 0.00692564 0.0097914
0 0.00409828 0.00939743 0.0134672
0 0.00506473 0.0118649 0.0171033
0 0.00600345 0.0142856 0.0206546
0 0.00691232 0.016615 0.0240773
0 0.00778576 0.018815 0.0273283
0 0.00861233 0.0208578 0.0303648
0 0.00937552 0.0227236 0.0331454
0 0.010057 0.0243949 0.0356307
0 0.0106404 0.0258512 0.0377847
0 0.0111137 0.027067 0.0395756
0 0.0114701 0.0280146 0.0409765
0 0.0117063 0.0286692 0.0419653
0 0.0118198 0.0290124 0.0425231
0 0.0118063 0.029034 0.0426326
0 0.0116602 0.0287296 0.0422785
0 0.0113779 0.0280997 0.0414501
0 0.0109604 0.0271485 0.0401437
0 0.0104131 0.0258821 0.0383635
0 0.00974401 0.0243087 0.0361207
0 0.00896081 0.0224385 0.033432
0 0.00806972 0.0202845 0.0303189
0 0.00707592 0.0178638 0.0268081
0 0.00598506 0.0151973 0.0229315
0 0.00480435 0.0123093 0.0187264
0 0.00354264 0.00922581 0.0142341
0 0.00220969 0.00597375 0.00949824
0 0.000813277 0.00257897 0.00456125
0 -0.000641133 -0.000929915 -0.000543613
0 -0.00213868 -0.00451887 -0.00579292
0 -0.00364792 -0.00815726 -0.0111517
0 -0.0051338 -0.0118171 -0.0165613
0 -0.00657176 -0.0154602 -0.0219544
0 -0.00795038 -0.0190349 -0.0272648
0 -0.009267 -0.0224842 -0.0324251
0 -0.0105213 -0.0257571 -0.0373607
0 -0.0117111 -0.0288164 -0.041993
0 -0.0128283 -0.0316359 -0.0462514
0 -0.013858 -0.0341935 -0.0500806
0 -0.0147841 -0.0364641 -0.0534385
0 -0.0155928 -0.0384178 -0.0562922
0 -0.0162698 -0.0400213 -0.058613
0 -0.0167978 -0.0412413 -0.0603727
0 -0.0171557 -0.0420473 -0.0615432
0 -0.0173197 -0.0424127 -0.0620973
0 -0.0172656 -0.0423153 -0.0620101
0 -0.0169792 -0.0417375 -0.061262
0 -0.0164673 -0.0406682 -0.059842
0 -0.0157516 -0.0391073 -0.0577489
0 -0.0148581 -0.0370698 -0.0549902
0 -0.0138125 -0.0345875 -0.0515824
0 -0.0126374 -0.0317071 -0.0475532
0 -0.0113541 -0.0284861 -0.0429456
0 -0.00998387 -0.024986 -0.0378208
0 -0.00854853 -0.0212671 -0.0322585
0 -0.00706902 -0.017385 -0.0263547
0 -0.00556311 -0.0133905 -0.0202155
0 -0.00404305 -0.00933102 -0.0139493
0 -0.00251545 -0.00525287 -0.00765509
0 -0.000977483 -0.00120857 -0.0014132
0 0.000578748 0.0027466 0.00470516
0 0.0021456 0.00657511 0.0106201
0 0.00369957 0.01026 0.0162395
0 0.00521515 0.0137859 0.0214736
0 0.00666431 0.0171277 0.0262563
0 0.00801856 0.0202516 0.0305536
0 0.00925862 0.0231162 0.034359
0 0.0103761 0.0256752 0.0376853
0 0.0113653 0.0278887 0.0405521
0 0.0122171 0.0297364 0.0429738
0 0.0129237 0.0312192 0.0449562
0 0.0134819 0.0323527 0.0465006
0 0.0138934 0.0331587 0.0476102
0 0.0141626 0.0336614 0.0482938
0 0.014297 0.0338839 0.0485663
0 0.0143063 0.0338456 0.0484482
0 0.0142012 0.0335609 0.0479641
0 0.0139943 0.0330398 0.0471404
0 0.0136963 0.0322914 0.046003
0 0.0133138 0.031327 0.0445754
0 0.0128494 0.0301608 0.0428791
0 0.012304 0.0288098 0.0409337
0 0.0116793 0.0272908 0.038758
0 0.0109793 0.0256185 0.0363703
0 0.0102109 0.0238051 0.0337889
0 0.00938333 0.0218617 0.0310319
0 0.00850674 0.0198006 0.0281177
0 0.00759084 0.0176371 0.0250648
0 0.0066439 0.0153897 0.0218926
0 0.00567252 0.0130792 0.018622
0 0.004682 0.0107276 0.0152763
0 0.00367645 0.00835608 0.0118807
0 0.00266045 0.00598411 0.00845833
0 0.00164253 0.00362854 0.00502925
0 0.000635585 0.00130216 0.00161382
0 -0.000347222 -0.00098696 -0.00176626
0 -0.00129727 -0.00323262 -0.00509041
0 -0.00221186 -0.0054279 -0.00833962
0 -0.00309287 -0.0075659 -0.0114941
0 -0.00394504 -0.00963953 -0.014532
0 -0.00477309 -0.0116406 -0.0174322
0 -0.00557888 -0.013561 -0.0201776
0 -0.0063603 -0.0153927 -0.0227559
0 -0.00711185 -0.0171282 -0.0251602
0 -0.0078256 -0.0187601 -0.0273888
0 -0.00849322 -0.0202811 -0.0294446
0 -0.00910819 -0.0216838 -0.0313333
0 -0.00966652 -0.0229616 -0.0330613
0 -0.010166 -0.0241103 -0.0346343
0 -0.0106057 -0.0251289 -0.0360556
0 -0.010986 -0.0260198 -0.0373267
0 -0.0113093 -0.0267886 -0.0384473
0 -0.0115797 -0.0274426 -0.0394165
0 -0.011802 -0.0279887 -0.0402331
0 -0.0119812 -0.0284326 -0.040896
0 -0.0121213 -0.0287781 -0.0414043
0 -0.0122238 -0.0290256 -0.0417571
0 -0.0122868 -0.029172 -0.0419524
0 -0.0123055 -0.0292109 -0.0419871
0 -0.0122735 -0.0291337 -0.0418573
0 -0.0121847 -0.028931 -0.0415588
0 -0.0120338 -0.0285933 -0.041086
0 -0.011816 -0.0281112 -0.0404311
0 -0.0115271 -0.0274753 -0.0395834
0 -0.0111639 -0.0266778 -0.03853
0 -0.010726 -0.0257131 -0.0372575
0 -0.0102152 -0.0245785 -0.0357532
0 -0.00963556 -0.0232742 -0.0340068
0 -0.00899283 -0.0218037 -0.0320112
0 -0.00829353 -0.0201739 -0.0297646
0 -0.00754417 -0.0183942 -0.0272711
0 -0.00675024 -0.0164757 -0.0245412
0 -0.00591533 -0.0144307 -0.0215914
0 -0.00504045 -0.012272 -0.0184443
0 -0.00412446 -0.0100114 -0.0151267
0 -0.00316558 -0.00765973 -0.0116666
0 -0.00216208 -0.00522835 -0.00809096
0 -0.00111454 -0.00273036 -0.00442491
0 -3.05956e-05 -0.000180941 -0.000691841
0 0.00107606 0.00240188 0.00308538
0 0.00219106 0.00499918 0.00688212
0 0.00330187 0.00759328 0.0106711
0 0.00439815 0.0101666 0.0144209
0 0.00546986 0.0126999 0.0180939
0 0.00650602 0.0151706 0.0216512
0 0.00749622 0.0175524 0.0250569
0 0.0084301 0.0198155 0.0282788
0 0.00929817 0.0219287 0.0312883
0 0.0100932 0.0238631 0.0340583
0 0.0108083 0.0255954 0.0365626
0 0.0114357 0.0271088 0.0387753
0 0.0119674 0.0283922 0.0406715
0 0.0123972 0.029438 0.0422286
0 0.0127221 0.0302411 0.0434291
0 0.012943 0.030798 0.0442616
0 0.013063 0.0311065 0.044721
0 0.0130846 0.0311656 0.044806
0 0.0130071 0.030974 0.0445182
0 0.0128279 0.0305306 0.0438611
0 0.0125443 0.0298356 0.0428412
0 0.0121555 0.028892 0.0414688
0 0.0116635 0.0277062 0.0397581
0 0.0110727 0.0262885 0.0377259
0 0.0103891 0.0246518 0.0353908
0 0.00961987 0.0228121 0.0327732
0 0.00877322 0.020788 0.0298949
0 0.00785879 0.0186002 0.0267807
0 0.00688696 0.0162717 0.0234581
0 0.00586778 0.0138267 0.0199576
0 0.00481004 0.0112904 0.0163132
0 0.00372041 0.00868881 0.0125614
0 0.0026047 0.00604797 0.00873755
0 0.00147277 0.00339439 0.00487287
0 0.000341745 0.000753466 0.000998414
0 -0.000766317 -0.00185155 -0.00285064
0 -0.0018297 -0.00439631 -0.00663576
0 -0.00283046 -0.00685389 -0.0103148
0 -0.00375566 -0.009196 -0.013839
0 -0.00459837 -0.0113913 -0.0171543
0 -0.00535639 -0.0134053 -0.0202067
0 -0.00602876 -0.0152043 -0.0229459
0 -0.00661383 -0.0167605 -0.0253267
0 -0.00710782 -0.0180536 -0.0273098
0 -0.00750395 -0.0190705 -0.0288639
0 -0.00779465 -0.0198027 -0.0299668
0 -0.00797477 -0.0202451 -0.0306074
0 -0.00804343 -0.020396 -0.0307864
0 -0.00800352 -0.0202576 -0.0305154
0 -0.00786006 -0.0198373 -0.0298157
0 -0.00761911 -0.019149 -0.0287164
0 -0.00728794 -0.0182141 -0.0272541
0 -0.00687568 -0.0170621 -0.0254722
0 -0.00639379 -0.0157289 -0.0234211
0 -0.0058555 -0.0142547 -0.0211565
0 -0.00527544 -0.0126812 -0.0187378
0 -0.00466966 -0.0110498 -0.0162267
0 -0.00405512 -0.00940085 -0.013685
0 -0.00344898 -0.00777353 -0.0111715
0 -0.0028676 -0.00620689 -0.00873938
0 -0.00232544 -0.00473928 -0.0064367
0 -0.00183451 -0.00340494 -0.00430738
0 -0.0014034 -0.00223028 -0.00239153
0 -0.00103683 -0.00123158 -0.00072504
0 -0.00073672 -0.000415342 0.000661083
0 -0.0005029 0.00021866 0.00174202
0 -0.000332905 0.000673774 0.00250163
0 -0.00022191 0.000954475 0.00293477
0 -0.00016358 0.00106626 0.00304752
0 -0.000151792 0.00101616 0.00285629
0 -0.000182504 0.000813216 0.00238623
0 -0.000255011 0.000468453 0.00166863
0 -0.000372293 -6.19658e-06 0.000737835
0 -0.000539978 -0.000599427 -0.000371477
0 -0.000763372 -0.00130121 -0.00162558
0 -0.00104399 -0.00210264 -0.00299244
0 -0.0013785 -0.00299524 -0.0044427
0 -0.00176058 -0.00396895 -0.0059508
0 -0.00218273 -0.00500963 -0.00749537
0 -0.00263642 -0.00609821 -0.00905828
0 -0.00311068 -0.00721259 -0.0106231
0 -0.00359133 -0.00833023 -0.0121747
0 -0.00406262 -0.00942951 -0.0136983
0 -0.00450967 -0.0104897 -0.0151785
0 -0.00491988 -0.0114899 -0.0165984
0 -0.00528336 -0.0124095 -0.0179385
0 -0.00559309 -0.0132295 -0.0191767
0 -0.00584459 -0.0139333 -0.020288
0 -0.00603492 -0.0145074 -0.0212448
0 -0.00616196 -0.01494 -0.0220175
0 -0.00622445 -0.0152211 -0.0225769
0 -0.00622249 -0.015342 -0.0228961
0 -0.0061576 -0.015296 -0.022953
0 -0.00603222 -0.0150782 -0.0227313
0 -0.00584917 -0.014687 -0.0222227
0 -0.005611 -0.0141241 -0.0214274
0 -0.00531884 -0.013394 -0.0203529
0 -0.00497142 -0.0125023 -0.019013
0 -0.00456568 -0.0114552 -0.0174261
0 -0.00409907 -0.0102594 -0.0156154
0 -0.00357165 -0.00892444 -0.0136082
0 -0.00298568 -0.00746293 -0.0114333
0 -0.00234369 -0.00589029 -0.00911747
0 -0.00164895 -0.00422335 -0.00668329
0 -0.000908382 -0.00247891 -0.00415039
0 -0.000133219 -0.000672832 -0.00153742
0 0.000662843 0.0011781 0.00113765
0 0.00146564 0.00305473 0.00385724
0 0.00226226 0.00493678 0.00660195
0 0.00304271 0.00680393 0.00934974
0 0.0038005 0.00863728 0.0120754
0 0.00453082 0.010422 0.0147482
0 0.00523042 0.0121474 0.0173334
0 0.00589931 0.0138042 0.0197987
0 0.00653894 0.0153826 0.0221174
0 0.00714893 0.0168709 0.0242686
0 0.00772628 0.0182558 0.0262364
0 0.00826593 0.0195238 0.0280086
0 0.00876098 0.0206629 0.0295772
0 0.00920293 0.0216627 0.0309378
0 0.00958289 0.0225146 0.0320879
0 0.00989279 0.0232105 0.0330259
0 0.0101263 0.0237436 0.0337503
0 0.0102791 0.0241075 0.0342586
0 0.010349 0.0242969 0.0345467
0 0.0103353 0.0243076 0.034608
0 0.0102383 0.0241362 0.0344337
0 0.0100588 0.0237802 0.0340134
0 0.00979833 0.0232381 0.033336
0 0.00945911 0.022509 0.0323911
0 0.00904371 0.0215932 0.0311709
0 0.00855439 0.0204911 0.02967
0 0.00799233 0.019203 0.0278855
0 0.00735749 0.0177291 0.0258182
0 0.00664928 0.0160705 0.023472
0 0.00586699 0.0142302 0.0208557
0 0.00500972 0.0122134 0.017982
0 0.0040757 0.0100273 0.014867
0 0.0030616 0.00767997 0.011529
0 0.00196583 0.00517968 0.00798469
0 0.000793558 0.00253663 0.00424603
0 -0.00044321 -0.000237426 0.000323538
0 -0.00172813 -0.00312887 -0.00377072
0 -0.00304093 -0.00611902 -0.00802321
0 -0.00435627 -0.00918551 -0.0124158
0 -0.00564822 -0.0123029 -0.0169196
0 -0.00689819 -0.0154377 -0.021493
0 -0.00809763 -0.0185482 -0.0260852
0 -0.00924645 -0.0215898 -0.0306391
0 -0.0103478 -0.0245209 -0.0350911
0 -0.0114018 -0.0273061 -0.0393722
0 -0.0124017 -0.029916 -0.0434104
0 -0.0133343 -0.032325 -0.0471347
0 -0.0141836 -0.0345069 -0.050479
0 -0.0149337 -0.0364312 -0.0533863
0 -0.0155709 -0.0380627 -0.0558103
0 -0.0160828 -0.0393634 -0.0577144
0 -0.0164559 -0.0402968 -0.0590685
0 -0.0166736 -0.0408311 -0.0598464
0 -0.0167163 -0.0409413 -0.0600248
0 -0.0165658 -0.0406092 -0.059584
0 -0.0162115 -0.0398214 -0.0585105
0 -0.0156534 -0.0385701 -0.0567968
0 -0.0148997 -0.036855 -0.0544419
0 -0.0139641 -0.0346852 -0.051451
0 -0.0128631 -0.032081 -0.0478365
0 -0.0116139 -0.029073 -0.0436192
0 -0.0102344 -0.0257005 -0.0388309
0 -0.00874262 -0.0220077 -0.0335159
0 -0.00715661 -0.0180414 -0.027732
0 -0.00549218 -0.0138493 -0.0215508
0 -0.00375963 -0.00947788 -0.015054
0 -0.00196266 -0.00497216 -0.00832672
0 -0.000103029 -0.000379362 -0.00144473
0 0.00181112 0.00425143 0.00552527
0 0.00375973 0.00888088 0.0125101
0 0.00571025 0.0134802 0.0194171
0 0.00762148 0.0180161 0.0261387
0 0.00945144 0.0224386 0.0325728
0 0.0111706 0.0266795 0.0386355
0 0.0127694 0.0306573 0.0442619
0 0.0142492 0.0342919 0.0494013
0 0.0156121 0.0375206 0.0540125
0 0.0168587 0.0403062 0.0580594
0 0.0179813 0.042635 0.0615062
0 0.0189568 0.044511 0.0643169
0 0.0197507 0.045947 0.066459
0 0.0203287 0.0469549 0.0679081
0 0.0206677 0.0475394 0.0686524
0 0.02076 0.0476945 0.0686964
0 0.0206153 0.0474033 0.0680616
0 0.0202587 0.0466434 0.0667836
0 0.0197189 0.0454004 0.0649012
0 0.0190144 0.0436817 0.0624477
0 0.0181501 0.0415192 0.059448
0 0.017123 0.0389618 0.0559226
0 0.015934 0.0360636 0.0518955
0 0.0145968 0.0328742 0.0474006
0 0.0131398 0.0294355 0.042486
0 0.0115994 0.0257839 0.0372122
0 0.010009 0.0219562 0.0316479
0 0.00838947 0.0179936 0.0258642
0 0.00674515 0.0139416 0.019931
0 0.00507101 0.00984441 0.0139113
0 0.00336444 0.0057411 0.00785809
0 0.00163172 0.00166472 0.00181815
0 -0.000109953 -0.00236034 -0.00416138
0 -0.00183855 -0.00631602 -0.010033
0 -0.00353695 -0.0101855 -0.0157495
0 -0.005197 -0.0139518 -0.0212594
0 -0.00681805 -0.0175953 -0.026507
0 -0.0083985 -0.0210913 -0.031442
0 -0.00992535 -0.0244124 -0.0360265
0 -0.0113678 -0.0275289 -0.0402348
0 -0.0126855 -0.0304071 -0.044052
0 -0.0138481 -0.0330081 -0.0474731
0 -0.014841 -0.035288 -0.050498
0 -0.015662 -0.0372051 -0.0531235
0 -0.016316 -0.0387305 -0.0553362
0 -0.016806 -0.0398559 -0.0571115
0 -0.0171281 -0.040591 -0.0584172
0 -0.0172733 -0.0409559 -0.0592193
0 -0.017236 -0.0409701 -0.0594882
0 -0.0170236 -0.0406439 -0.0592042
0 -0.0166592 -0.0399772 -0.0583608
0 -0.0161718 -0.0389645 -0.0569623
0 -0.0155837 -0.0376032 -0.0550207
0 -0.0149029 -0.0358996 -0.0525526
0 -0.0141235 -0.0338699 -0.0495791
0 -0.0132327 -0.0315358 -0.0461275
0 -0.0122191 -0.0289202 -0.0422339
0 -0.0110794 -0.0260434 -0.0379435
0 -0.00981793 -0.0229236 -0.0333098
0 -0.00844193 -0.0195797 -0.0283896
0 -0.00695844 -0.0160351 -0.0232389
0 -0.0053749 -0.0123201 -0.0179094
0 -0.0037033 -0.00847085 -0.0124445
0 -0.00196394 -0.00452304 -0.0068758
0 -0.000181818 -0.000509041 -0.00122724
0 0.00162113 0.00353908 0.00448236
0 0.00342659 0.00759168 0.0102338
0 0.00521808 0.0116233 0.0160015
0 0.00698243 0.0156083 0.0217489
0 0.00871108 0.0195191 0.0274234
0 0.0103938 0.0233288 0.032959
0 0.0120103 0.027013 0.0382887
0 0.0135381 0.0305455 0.0433535
0 0.0149665 0.0338935 0.0481068
0 0.0162978 0.0370166 0.0525142
0 0.0175383 0.0398741 0.0565478
0 0.0186888 0.0424323 0.0601798
0 0.019741 0.0446697 0.0633789
0 0.0206793 0.0465771 0.0661114
0 0.0214847 0.0481536 0.068345
0 0.0221391 0.0494009 0.0700545
0 0.0226286 0.0503182 0.0712259
0 0.0229447 0.0508987 0.0718565
0 0.0230835 0.051129 0.0719543
0 0.0230433 0.0509912 0.0715355
0 0.0228253 0.0504662 0.0706212
0 0.0224337 0.0495402 0.0692311
0 0.0218721 0.0482126 0.0673792
0 0.0211439 0.0464986 0.0650734
0 0.0202549 0.0444266 0.062319
0 0.0192178 0.0420331 0.0591241
0 0.0180535 0.039357 0.0555032
0 0.0167884 0.0364355 0.0514799
0 0.0154502 0.0333037 0.0470876
0 0.0140619 0.0299946 0.0423687
0 0.012638 0.0265409 0.0373739
0 0.0111836 0.0229758 0.0321609
0 0.00969613 0.0193318 0.0267933
0 0.0081715 0.0156379 0.0213368
0 0.00660965 0.0119194 0.0158525
0 0.00501725 0.00820043 0.01039
0 0.00340776 0.00450297 0.00499023
0 0.00179705 0.000848085 -0.000311364
0 0.00019777 -0.00274121 -0.00548523
0 -0.00138091 -0.00624101 -0.0105061
0 -0.00292986 -0.00963087 -0.0153486
0 -0.00443965 -0.0128961 -0.0199814
0 -0.00590315 -0.0160224 -0.0243652
0 -0.00731506 -0.0189896 -0.028462
0 -0.00867044 -0.0217733 -0.0322419
0 -0.00995995 -0.024352 -0.0356837
0 -0.0111624 -0.0267105 -0.0387741
0 -0.0122454 -0.0288368 -0.0415062
0 -0.013176 -0.0307143 -0.0438781
0 -0.0139322 -0.0323192 -0.0458935
0 -0.0145068 -0.0336236 -0.0475604
0 -0.0149038 -0.0346022 -0.0488861
0 -0.0151332 -0.0352394 -0.0498701
0 -0.0152048 -0.0355344 -0.0505006
0 -0.0151271 -0.0355006 -0.0507562
0 -0.0149119 -0.0351612 -0.0506113
0 -0.0145774 -0.0345435 -0.0500432
0 -0.0141472 -0.033674 -0.0490382
0 -0.0136459 -0.0325754 -0.0475959
0 -0.0130936 -0.0312668 -0.0457309
0 -0.0125024 -0.0297647 -0.0434712
0 -0.0118744 -0.0280837 -0.0408565
0 -0.0112022 -0.026237 -0.0379348
0 -0.0104723 -0.0242355 -0.0347597
0 -0.00967033 -0.0220897 -0.0313877
0 -0.00878576 -0.0198106 -0.0278754
0 -0.00781471 -0.0174129 -0.0242765
0 -0.00676144 -0.014916 -0.0206386
0 -0.00563922 -0.0123454 -0.0169984
0 -0.00446901 -0.00973093 -0.0133776
0 -0.00327568 -0.00710363 -0.00978651
0 -0.00208446 -0.00449354 -0.00623055
0 -0.000918529 -0.00192686 -0.00271423
0 0.000203911 0.00057536 0.000757084
0 0.00127187 0.00299579 0.00417574
0 0.00228047 0.00532037 0.00752999
0 0.0032288 0.00753892 0.0108026
0 0.00411884 0.00964504 0.0139708
0 0.0049546 0.011637 0.0170066
0 0.005742 0.013518 0.0198764
0 0.00648926 0.0152923 0.0225457
0 0.00720546 0.0169601 0.0249848
0 0.00789801 0.0185164 0.027173
0 0.00857022 0.0199519 0.0290995
0 0.0092194 0.0212561 0.0307621
0 0.00983587 0.0224188 0.0321658
0 0.0104035 0.0234306 0.0333203
0 0.010901 0.024283 0.0342388
0 0.0113067 0.024968 0.0349366
0 0.011604 0.0254773 0.0354302
0 0.0117849 0.0258031 0.0357354
0 0.0118496 0.0259401 0.0358653
0 0.0118043 0.0258872 0.0358269
0 0.01166 0.0256492 0.0356193
0 0.0114311 0.0252368 0.0352349
0 0.0111317 0.0246658 0.0346609
0 0.0107751 0.0239556 0.0338842
0 0.010374 0.0231254 0.032895
0 0.00993956 0.0221921 0.0316903
0 0.00948135 0.0211681 0.0302761
0 0.00900689 0.0200623 0.0286675
0 0.00852048 0.0188809 0.026888
0 0.00802216 0.0176288 0.0249667
0 0.00750787 0.0163114 0.0229352
0 0.00697106 0.0149355 0.0208258
0 0.00640567 0.0135097 0.0186682
0 0.00580851 0.0120435 0.0164872
0 0.00518014 0.0105478 0.0143018
0 0.00452506 0.00903314 0.0121254
0 0.00385116 0.00750867 0.0099667
0 0.00316792 0.00598186 0.00783126
0 0.00248445 0.00446019 0.00572184
0 0.00180917 0.00295246 0.00364036
0 0.00115056 0.00146883 0.00158918
0 0.000516428 2.01858e-05 -0.000428641
0 -8.79793e-05 -0.00138175 -0.00240923
0 -0.00066029 -0.00272461 -0.00434724
0 -0.00119886 -0.00399806 -0.00623411
0 -0.00170122 -0.00519641 -0.00805667
0 -0.00216488 -0.00631807 -0.00979822
0 -0.00258884 -0.00736332 -0.0114408
0 -0.00297455 -0.00833283 -0.0129666
0 -0.0033259 -0.00922674 -0.0143582
0 -0.00364876 -0.0100437 -0.0156004
0 -0.00394963 -0.0107804 -0.0166815
0 -0.00423314 -0.0114326 -0.0175944
0 -0.00449992 -0.0119964 -0.0183371
0 -0.00474574 -0.0124681 -0.0189116
0 -0.00496222 -0.0128446 -0.0193233
0 -0.00513876 -0.0131223 -0.0195806
0 -0.00526486 -0.0132972 -0.0196937
0 -0.00533188 -0.0133648 -0.0196735
0 -0.00533391 -0.0133204 -0.0195298
0 -0.00526851 -0.0131606 -0.0192698
0 -0.00513692 -0.0128845 -0.0188976
0 -0.00494345 -0.0124942 -0.0184134
0 -0.00469451 -0.0119956 -0.0178144
0 -0.00439821 -0.0113978 -0.0170962
0 -0.00406421 -0.0107126 -0.0162556
0 -0.00370306 -0.00995316 -0.0152916
0 -0.00332489 -0.00913221 -0.0142057
0 -0.00293801 -0.00826055 -0.0130022
0 -0.00254775 -0.00734655 -0.011688
0 -0.00215614 -0.00639669 -0.0102723
0 -0.0017627 -0.00541614 -0.0087666
0 -0.00136554 -0.00440852 -0.00718564
0 -0.000962171 -0.00337602 -0.00554684
0 -0.000549917 -0.00232026 -0.00386877
0 -0.000126346 -0.00124319 -0.0021696
0 0.000309958 -0.000147748 -0.00046642
0 0.000758547 0.000961838 0.00122493
0 0.00121688 0.00208017 0.00289002
0 0.00168155 0.00320028 0.00451674
0 0.00214993 0.00431247 0.0060965
0 0.00262002 0.00540448 0.00762367
0 0.00308792 0.0064639 0.00909369
0 0.00354629 0.0074801 0.0105018
0 0.00398563 0.00844458 0.0118431
0 0.00439707 0.00935124 0.0131135
0 0.00477414 0.010196 0.0143091
0 0.00511337 0.0109762 0.0154256
0 0.00541414 0.0116889 0.016458
0 0.00567824 0.0123313 0.0174002
0 0.00590872 0.0129005 0.0182457
0 0.0061083 0.013394 0.0189873
0 0.00627811 0.0138098 0.0196166
0 0.00641748 0.0141459 0.0201249
0 0.00652473 0.0144005 0.0205049
0 0.0065981 0.0145717 0.0207515
0 0.00663629 0.0146574 0.0208627
0 0.00663837 0.0146555 0.020839
0 0.00660343 0.0145639 0.020683
0 0.00653035 0.0143813 0.0203985
0 0.00641781 0.0141072 0.0199899
0 0.0062644 0.0137423 0.0194618
0 0.00606927 0.0132883 0.0188186
0 0.00583268 0.012748 0.0180642
0 0.00555641 0.012125 0.0172024
0 0.00524395 0.0114243 0.0162373
0 0.00490034 0.0106524 0.0151739
0 0.0045315 0.00981756 0.0140177
0 0.00414322 0.008929 0.012775
0 0.00374059 0.00799671 0.011452
0 0.00332804 0.00703033 0.0100565
0 0.00290958 0.00603854 0.00859821
0 0.00248886 0.00502873 0.00708959
0 0.00206935 0.00400723 0.00554516
0 0.00165439 0.00297972 0.0039805
0 0.0012465 0.00195208 0.00241147
0 0.000846507 0.000931421 0.000853505
0 0.00045379 -7.37702e-05 -0.000678831
0 6.72906e-05 -0.00105435 -0.00217147
0 -0.000312966 -0.0020015 -0.00361038
0 -0.000684404 -0.00290709 -0.00498118
0 -0.00104158 -0.00376326 -0.0062691
0 -0.00137773 -0.00456203 -0.00746019
0 -0.00168734 -0.0052961 -0.00854349
0 -0.00196782 -0.00595992 -0.00951223
0 -0.00221888 -0.00654947 -0.0103632
0 -0.00244034 -0.00706141 -0.0110948
0 -0.00263054 -0.00749239 -0.0117053
0 -0.0027863 -0.00783923 -0.0121927
0 -0.0029041 -0.00809926 -0.012555
0 -0.00298125 -0.0082705 -0.0127908
0 -0.0030165 -0.00835147 -0.0128998
0 -0.00300979 -0.00834108 -0.0128825
0 -0.00296198 -0.00823898 -0.01274
0 -0.00287477 -0.00804614 -0.0124737
0 -0.00275058 -0.00776552 -0.0120861
0 -0.00259238 -0.00740218 -0.0115801
0 -0.00240333 -0.00696265 -0.0109597
0 -0.00218659 -0.00645397 -0.0102293
0 -0.00194542 -0.00588295 -0.0093952
0 -0.00168321 -0.00525601 -0.00846498
0 -0.00140337 -0.00457929 -0.00744817
0 -0.00110897 -0.00385889 -0.00635566
0 -0.000802412 -0.00310095 -0.00519941
0 -0.000485226 -0.00231156 -0.00399185
0 -0.000158223 -0.00149654 -0.00274534
0 0.000178071 -0.000661265 -0.00147179
0 0.000522771 0.000189209 -0.00018275
0 0.000874151 0.00104978 0.00111056
0 0.00122934 0.00191468 0.00239697
0 0.0015843 0.00277664 0.00366538
0 0.00193447 0.00362668 0.00490504
0 0.00227585 0.00445435 0.00610593
0 0.00260529 0.00524879 0.007259
0 0.00291971 0.0060002 0.00835549
0 0.00321557 0.00670099 0.00938656
0 0.00348909 0.00734571 0.0103436
0 0.00373662 0.00793054 0.0112187
0 0.00395543 0.00845287 0.0120044
0 0.00414439 0.00891098 0.012695
0 0.00430424 0.00930382 0.013286
0 0.00443749 0.0096315 0.0137755
0 0.00454805 0.00989598 0.0141637
0 0.00463975 0.0101008 0.0144534
0 0.00471397 0.0102491 0.0146475
0 0.00476862 0.0103421 0.0147481
0 0.00479957 0.0103787 0.0147571
0 0.00480317 0.0103567 0.0146777
0 0.00477756 0.0102744 0.0145144
0 0.00472235 0.0101304 0.0142725
0 0.00463785 0.00992447 0.0139566
0 0.00452478 0.00965779 0.0135705
0 0.00438481 0.0093341 0.0131174
0 0.00422105 0.00895953 0.0126009
0 0.00403773 0.00854175 0.012025
0 0.00383935 0.00808853 0.0113937
0 0.0036299 0.00760663 0.0107111
0 0.00341261 0.00710144 0.00998181
0 0.00319029 0.00657733 0.00921114
0 0.00296539 0.00603817 0.00840574
0 0.00273984 0.00548756 0.00757331
0 0.00251469 0.00492882 0.00672188
0 0.00228994 0.00436481 0.00585922
0 0.00206473 0.00379779 0.00499264
0 0.00183798 0.00322972 0.00412897
0 0.00160881 0.00266275 0.00327458
0 0.0013771 0.00209941 0.00243526
0 0.00114362 0.00154238 0.00161605
0 0.000910011 0.000994245 0.00082118
0 0.000678532 0.000457537 5.41633e-05
0 0.00045169 -6.48703e-05 -0.000682416
0 0.000231875 -0.000569529 -0.00138693
0 2.11541e-05 -0.00105263 -0.00205837
0 -0.000178754 -0.00151029 -0.00269608
0 -0.000366255 -0.00193892 -0.00329942
0 -0.000539691 -0.0023357 -0.00386739
0 -0.000697341 -0.00269887 -0.00439834
0 -0.000837714 -0.00302771 -0.00488988
0 -0.000959951 -0.00332212 -0.00533902
0 -0.00106389 -0.00358181 -0.00574235
0 -0.00114984 -0.00380578 -0.00609602
0 -0.00121844 -0.00399247 -0.00639602
0 -0.00127062 -0.00414023 -0.00663852
0 -0.00130725 -0.0042477 -0.00682008
0 -0.00132863 -0.00431379 -0.00693753
0 -0.00133424 -0.00433743 -0.00698789
0 -0.00132322 -0.00431783 -0.00696892
0 -0.00129531 -0.00425489 -0.00687994
0 -0.00125119 -0.00414958 -0.0067222
0 -0.00119206 -0.0040036 -0.00649854
0 -0.0011189 -0.00381896 -0.00621266
0 -0.00103207 -0.00359766 -0.00586868
0 -0.000931268 -0.00334143 -0.00547079
0 -0.0008158 -0.00305163 -0.0050231
0 -0.000685063 -0.00272937 -0.00452975
0 -0.000539188 -0.00237605 -0.00399511
0 -0.000379435 -0.00199395 -0.00342398
0 -0.000208048 -0.00158641 -0.00282157
0 -2.76341e-05 -0.00115749 -0.00219309
0 0.000159539 -0.000711462 -0.0015434
0 0.000351959 -0.000252231 -0.000876507
0 0.00054876 0.000216943 -0.000195694
0 0.000749013 0.000693138 0.00049571
0 0.000950822 0.00117292 0.00119343
0 0.00115111 0.00165179 0.00189193
0 0.00134648 0.00212438 0.00258496
0 0.00153427 0.00258533 0.0032663
0 0.00171314 0.00303022 0.00393029
0 0.00188321 0.00345621 0.00457212
0 0.0020455 0.00386186 0.0051877
0 0.00220116 0.00424659 0.00577324
0 0.00235076 0.00461026 0.00632498
0 0.00249429 0.00495292 0.00683943
0 0.00263137 0.00527451 0.00731389
0 0.00276152 0.0055747 0.00774663
0 0.00288419 0.00585274 0.00813699
0 0.00299869 0.00610747 0.00848518
0 0.00310395 0.00633719 0.00879193
0 0.00319802 0.00653948 0.00905771
0 0.00327805 0.00671114 0.00928221
0 0.00334103 0.00684875 0.00946449
0 0.00338491 0.00694959 0.00960363
0 0.00340949 0.00701263 0.0096993
0 0.00341631 0.0070388 0.00975189
0 0.00340782 0.00703059 0.00976196
0 0.00338637 0.00699125 0.0097298
0 0.00335363 0.00692387 0.00965515
0 0.00331018 0.00683042 0.00953714
0 0.00325571 0.00671128 0.00937448
0 0.00318973 0.00656555 0.00916613
0 0.00311215 0.00639185 0.00891196
0 0.00302321 0.00618891 0.00861263
0 0.00292317 0.00595605 0.00826948
0 0.0028125 0.00569392 0.00788462
0 0.00269235 0.00540505 0.0074614
0 0.00256435 0.00509351 0.00700414
0 0.00242972 0.00476356 0.00651721
0 0.00228884 0.00441848 0.0060045
0 0.00214176 0.00406047 0.00546973
0 0.00198918 0.00369133 0.00491714
0 0.00183293 0.00331336 0.00435195
0 0.00167565 0.00292989 0.0037802
0 0.00151981 0.00254506 0.00320802
0 0.00136663 0.00216294 0.00264063
0 0.00121547 0.00178639 0.00208148
0 0.00106458 0.00141665 0.0015326
0 0.000913015 0.00105424 0.000996025
0 0.000762125 0.000700257 0.000475082
0 0.000615175 0.000357016 -2.57447e-05
0 0.00047566 2.78334e-05 -0.000501967
0 0.000345993 -0.00028352 -0.000949953
0 0.000227376 -0.000573068 -0.00136686
0 0.000120544 -0.000836646 -0.00174993
0 2.66558e-05 -0.00106996 -0.00209571
0 -5.2361e-05 -0.00126884 -0.00239976
0 -0.000114191 -0.0014297 -0.0026569
0 -0.000156855 -0.00154978 -0.00286173
0 -0.000179488 -0.00162738 -0.00300941
0 -0.000183012 -0.0016623 -0.00309648
0 -0.000170093 -0.00165612 -0.0031214
0 -0.00014409 -0.00161169 -0.00308413
0 -0.000107796 -0.00153232 -0.00298553
0 -6.28025e-05 -0.00142123 -0.00282717
0 -9.55259e-06 -0.0012811 -0.00261138
0 5.22588e-05 -0.0011139 -0.00234152
0 0.000123186 -0.000920906 -0.00202207
0 0.000203689 -0.000702935 -0.00165852
0 0.000293896 -0.000460842 -0.00125725
0 0.000393217 -0.000196358 -0.000825505
0 0.000500058 8.71264e-05 -0.00037153
0 0.000612154 0.000384492 9.58029e-05
0 0.000727212 0.000689495 0.000567756
0 0.000843222 0.000995519 0.00103622
0 0.000958453 0.00129636 0.00149392
0 0.00107147 0.00158692 0.00193465
0 0.00118105 0.00186343 0.0023532
0 0.00128578 0.00212307 0.00274497
0 0.00138384 0.00236348 0.00310571
0 0.00147356 0.00258267 0.00343178
0 0.00155405 0.0027792 0.00372081
0 0.00162539 0.00295231 0.00397175
0 0.00168792 0.00310145 0.00418433
0 0.00174154 0.00322579 0.00435834
0 0.0017852 0.00332398 0.00449317
0 0.00181735 0.00339441 0.00458795
0 0.00183661 0.00343583 0.0046421
0 0.00184248 0.00344777 0.00465578
0 0.00183539 0.00343069 0.00462987
0 0.00181625 0.0033857 0.00456568
0 0.00178647 0.00331469 0.00446496
0 0.00174845 0.00322102 0.00433072
0 0.00170578 0.00310998 0.00416774
0 0.00166245 0.00298814 0.00398213
0 0.00162144 0.00286194 0.00378031
0 0.00158371 0.0027363 0.00356804
0 0.00154835 0.00261406 0.00335032
0 0.00151377 0.00249634 0.00313196
0 0.00147874 0.00238318 0.002918
0 0.00144265 0.002274 0.00271349
0 0.00140554 0.00216825 0.00252309
0 0.0013681 0.00206627 0.00235104
0 0.00133147 0.00196967 0.00220097
0 0.00129678 0.00188118 0.00207551
0 0.00126508 0.00180411 0.0019762
0 0.00123748 0.00174186 0.00190373
0 0.0012155 0.00169747 0.00185836
0 0.00120095 0.00167335 0.0018402
0 0.00119572 0.00167106 0.00184926
0 0.00120143 0.00169142 0.00188555
0 0.00121888 0.0017345 0.00194883
0 0.00124754 0.00179937 0.00203826
0 0.00128565 0.00188398 0.00215231
0 0.00133087 0.00198559 0.00228913
0 0.00138097 0.00210115 0.00244686
0 0.00143415 0.00222757 0.00262364
0 0.001489 0.00236184 0.00281738
0 0.00154452 0.00250134 0.00302573
0 0.00160017 0.00264411 0.00324608
0 0.00165556 0.00278867 0.00347535
0 0.00170981 0.00293331 0.00370947
0 0.00176135 0.00307558 0.00394321
0 0.00180853 0.00321241 0.00417072
0 0.00185059 0.00334094 0.00438665
0 0.00188825 0.00345933 0.00458698
0 0.00192329 0.00356703 0.00476906
0 0.00195728 0.00366406 0.00493086
0 0.00199045 0.00375017 0.00507012
0 0.00202151 0.00382438 0.00518424
0 0.00204858 0.0038853 0.00527105
0 0.00207036 0.00393178 0.00532967
0 0.00208649 0.00396315 0.00536082
0 0.00209709 0.003979 0.00536611
0 0.00210211 0.00397899 0.00534747
0 0.00210128 0.00396313 0.00530687
0 0.0020945 0.0039322 0.00524667
0 0.0020821 0.00388793 0.0051696
0 0.00206466 0.00383257 0.00507857
0 0.00204279 0.00376839 0.00497628
0 0.00201679 0.00369716 0.00486491
0 0.0019865 0.0036197 0.00474587
0 0.00195151 0.00353594 0.00461983
0 0.00191166 0.00344534 0.00448716
0 0.00186728 0.00334746 0.00434813
0 0.001819 0.00324217 0.00420287
0 0.00176749 0.00312968 0.00405122
0 0.0017133 0.00301055 0.00389273
0 0.00165694 0.00288572 0.0037269
0 0.00159904 0.00275632 0.00355336
0 0.0015403 0.00262355 0.00337203
0 0.00148136 0.00248841 0.00318313
0 0.00142286 0.00235177 0.00298728
0 0.0013654 0.00221444 0.00278556
0 0.0013095 0.00207724 0.00257954
0 0.00125549 0.00194103 0.00237113
0 0.00120346 0.0018067 0.00216247
0 0.00115367 0.00167555 0.00195625
0 0.00110698 0.00154972 0.00175609
0 0.00106485 0.00143225 0.00156647
0 0.00102864 0.00132645 0.00139213
0 0.000998799 0.00123486 0.00123702
0 0.000974396 0.00115842 0.00110368
0 0.000953702 0.00109649 0.00099337
0 0.000935417 0.00104773 0.000906884
0 0.000919741 0.00101136 0.000845441
0 0.000908502 0.000988081 0.00081096
0 0.000904127 0.000979846 0.00080541
0 0.00090812 0.000988879 0.000829656
0 0.000920293 0.00101659 0.000882817
0 0.000939358 0.00106326 0.000962742
0 0.00096418 0.00112834 0.00106705
0 0.000994493 0.00121071 0.00119376
0 0.0010307 0.00130877 0.00134129
0 0.00107326 0.00142057 0.001508
0 0.00112217 0.00154406 0.00169202
0 0.00117685 0.00167745 0.00189119
0 0.00123607 0.0018191 0.002103
0 0.00129786 0.00196708 0.00232438
0 0.00135963 0.00211856 0.00255141
0 0.00141869 0.00226975 0.00277961
0 0.00147297 0.00241639 0.00300438
0 0.00152139 0.00255441 0.00322134
0 0.00156411 0.00268088 0.00342676
0 0.0016025 0.00279478 0.00361801
0 0.00163857 0.00289706 0.00379343
0 0.00167396 0.00298977 0.00395175
0 0.00170943 0.00307514 0.00409183
0 0.00174478 0.00315471 0.00421269
0 0.0017789 0.00322857 0.00431344
0 0.00180978 0.00329472 0.00439302
0 0.00183501 0.00334946 0.00445036
0 0.00185252 0.00338842 0.00448476
0 0.00186111 0.00340794 0.00449617
0 0.00186078 0.00340627 0.00448542
0 0.00185253 0.0033841 0.00445407
0 0.00183766 0.00334406 0.0044038
0 0.00181714 0.00328966 0.00433595
0 0.00179166 0.0032245 0.00425156
0 0.00176214 0.00315187 0.00415193
0 0.00173009 0.00307456 0.00403908
0 0.00169754 0.0029948 0.00391578
0 0.00166645 0.00291433 0.00378526
0 0.00163793 0.00283426 0.00365069
0 0.00161163 0.00275484 0.00351439
0 0.00158577 0.00267539 0.0033777
0 0.00155801 0.00259471 0.00324133
0 0.00152653 0.00251158 0.00310594
0 0.0014907 0.00242526 0.00297246
0 0.00145125 0.00233587 0.0028422
0 0.0014099 0.00224456 0.00271663
0 0.00136862 0.00215328 0.00259698
0 0.00132897 0.0020644 0.00248388
0 0.0012919 0.0019802 0.00237741
0 0.00125776 0.00190245 0.00227717
0 0.00122666 0.00183216 0.00218272
0 0.0011988 0.00176963 0.00209388
0 0.00117455 0.00171468 0.00201091
0 0.00115434 0.00166683 0.00193443
0 0.00113839 0.00162563 0.0018653
0 0.00112675 0.00159098 0.00180465
0 0.00111942 0.00156342 0.0017539
0 0.00111627 0.00154393 0.00171469
0 0.00111701 0.00153354 0.00168851
0 0.00112111 0.00153292 0.00167659
0 0.00112798 0.00154212 0.00167971
0 0.00113719 0.00156068 0.00169836
0 0.00114862 0.00158792 0.00173278
0 0.00116243 0.00162315 0.00178299
0 0.00117888 0.00166587 0.00184862
0 0.0011981 0.00171579 0.00192885
0 0.00122008 0.00177283 0.00202247
0 0.00124476 0.001837 0.00212798
0 0.00127209 0.00190831 0.00224381
0 0.00130213 0.0019866 0.00236836
0 0.001335 0.00207148 0.0025002
0 0.00137083 0.00216236 0.00263799
0 0.00140964 0.00225843 0.00278058
0 0.00145131 0.00235884 0.00292695
0 0.00149566 0.00246294 0.0030764
0 0.00154261 0.00257048 0.00322868
0 0.00159224 0.00268168 0.00338406
0 0.00164455 0.00279694 0.0035431
0 0.00169934 0.00291655 0.00370642
0 0.00175605 0.0030404 0.00387445
0 0.00181365 0.00316764 0.00404712
0 0.00187071 0.0032966 0.00422374
0 0.00192581 0.00342516 0.00440315
0 0.00197791 0.00355118 0.00458398
0 0.00202648 0.00367284 0.00476469
0 0.00207153 0.00378897 0.00494363
0 0.00211363 0.00389932 0.0051193
0 0.00215375 0.00400459 0.00529037
0 0.00219295 0.004106 0.0054556
0 0.00223204 0.00420483 0.00561386
0 0.00227161 0.00430206 0.00576418
0 0.00231191 0.00439806 0.00590585
0 0.00235261 0.00449227 0.00603815
0 0.00239273 0.00458308 0.00616027
0 0.00243093 0.00466828 0.00627144
0 0.00246585 0.00474555 0.00637109
0 0.00249623 0.00481277 0.00645868
0 0.00252078 0.0048681 0.00653351
0 0.00253825 0.00490996 0.00659448
0 0.00254767 0.00493713 0.00664017
0 0.0025487 0.00494896 0.00666918
0 0.00254189 0.00494558 0.00668043
0 0.00252848 0.00492785 0.00667317
0 0.0025098 0.00489682 0.00664664
0 0.00248645 0.00485306 0.00659962
0 0.00245812 0.00479625 0.00653029
0 0.00242419 0.00472556 0.00643689
0 0.00238466 0.00464042 0.00631862
0 0.00234046 0.00454116 0.00617611
0 0.00229286 0.00442881 0.00601095
0 0.00224263 0.00430458 0.00582498
0 0.00218966 0.00416948 0.00561986
0 0.00213325 0.00402429 0.00539723
0 0.00207283 0.00386971 0.00515905
0 0.00200842 0.00370668 0.00490787
0 0.00194069 0.00353653 0.00464689
0 0.00187067 0.00336101 0.00437955
0 0.00179887 0.00318158 0.00410873
0 0.00172403 0.00299803 0.00383527
0 0.00164278 0.0028075 0.00355718
0 0.00155149 0.00260562 0.00327095
0 0.00144892 0.00238896 0.00297387
0 0.00133709 0.00215661 0.00266501
0 0.00121983 0.00191003 0.00234439
0 0.00110112 0.00165256 0.00201229
0 0.000984564 0.00138916 0.0016694
0 0.000873282 0.0011261 0.00131742
0 0.00076938 0.000869702 0.000958842
0 0.000672954 0.000624227 0.000595912
0 0.000581775 0.000390203 0.000229925
0 0.000492571 0.000164667 -0.000138214
0 0.000402875 -5.70294e-05 -0.000506796
0 0.000311932 -0.000279165 -0.000872733
0 0.000220276 -0.000504212 -0.00123204
0 0.000128515 -0.000732444 -0.00158099
0 3.64013e-05 -0.000962352 -0.00191711
0 -5.69823e-05 -0.00119123 -0.00223933
0 -0.000151948 -0.00141542 -0.00254706
0 -0.000246758 -0.0016303 -0.00283889
0 -0.000337388 -0.00183061 -0.00311209
0 -0.000418714 -0.00201104 -0.003363
0 -0.000486057 -0.00216689 -0.0035877
0 -0.000536262 -0.00229424 -0.00378237
0 -0.000568345 -0.00239042 -0.00394362
0 -0.000583571 -0.00245442 -0.00406872
0 -0.000584652 -0.002487 -0.0041555
0 -0.000574495 -0.00249008 -0.00420176
0 -0.000555393 -0.00246619 -0.00420528
0 -0.000528954 -0.00241794 -0.00416426
0 -0.00049628 -0.00234765 -0.00407784
0 -0.0004578 -0.00225669 -0.00394612
0 -0.000412944 -0.00214486 -0.00376974
0 -0.000360302 -0.00201055 -0.00354972
0 -0.00029831 -0.00185161 -0.00328785
0 -0.000225806 -0.00166635 -0.00298679
0 -0.000141995 -0.00145394 -0.00264977
0 -4.61623e-05 -0.00121434 -0.00227997
0 6.22876e-05 -0.000948317 -0.00188023
0 0.000183443 -0.000657384 -0.00145311
0 0.000316608 -0.000343705 -0.00100103
0 0.000460385 -9.81956e-06 -0.000526297
0 0.000612942 0.000341592 -3.09535e-05
0 0.000772324 0.000707854 0.00048323
0 0.000936629 0.00108634 0.00101466
0 0.0011041 0.00147443 0.00156173
0 0.00127327 0.00186934 0.00212268
0 0.00144296 0.00226835 0.00269552
0 0.00161216 0.002669 0.00327782
0 0.00178004 0.00306935 0.00386665
0 0.00194588 0.00346783 0.00445855
0 0.00210894 0.00386296 0.0050495
0 0.00226811 0.00425257 0.00563464
0 0.0024217 0.0046333 0.00620804
0 0.00256784 0.00500082 0.00676322
0 0.00270534 0.00535062 0.00729403
0 0.0028343 0.00567917 0.00779544
0 0.00295585 0.00598476 0.00826367
0 0.00307114 0.00626705 0.00869565
0 0.00318002 0.00652597 0.00908819
0 0.00328075 0.00676064 0.00943767
0 0.00337083 0.0069692 0.00974065
0 0.00344815 0.00714908 0.00999468
0 0.0035115 0.00729744 0.0101985
0 0.00356028 0.00741149 0.0103517
0 0.00359404 0.00748894 0.0104543
0 0.00361221 0.00752839 0.0105063
0 0.00361411 0.00752946 0.0105077
0 0.00359911 0.00749265 0.0104584
0 0.00356691 0.00741892 0.0103586
0 0.00351788 0.00730953 0.0102084
0 0.00345342 0.00716623 0.010009
0 0.00337604 0.00699165 0.00976264
0 0.00328887 0.00678939 0.00947276
0 0.00319476 0.00656363 0.00914342
0 0.00309561 0.00631857 0.00877895
0 0.00299208 0.00605767 0.00838357
0 0.00288375 0.00578314 0.00796127
0 0.00276989 0.00549606 0.00751603
0 0.0026504 0.0051974 0.00705249
0 0.00252649 0.00488902 0.00657638
0 0.00240024 0.00457392 0.00609418
0 0.00227367 0.00425579 0.00561226
0 0.00214766 0.0039381 0.00513575
0 0.00202156 0.00362334 0.00466792
0 0.00189398 0.00331285 0.00421064
0 0.0017646 0.00300776 0.00376578
0 0.00163528 0.00271006 0.00333617
0 0.0015096 0.00242278 0.00292554
0 0.0013913 0.00214943 0.00253751
0 0.00128295 0.00189353 0.00217481
0 0.00118549 0.00165809 0.0018391
0 0.00109854 0.00144518 0.00153126
0 0.0010212 0.00125583 0.0012519
0 0.000952848 0.00109018 0.00100185
0 0.000893427 0.000947707 0.000782404
0 0.00084332 0.000827616 0.000595092
0 0.000802895 0.000729185 0.000441359
0 0.00077209 0.000651898 0.000322148
0 0.000750176 0.000595348 0.000237575
0 0.000735867 0.000559016 0.000186838
0 0.000727765 0.00054212 0.000168403
0 0.000724883 0.000543573 0.000180315
0 0.000726866 0.000561996 0.00022037
0 0.000733856 0.000595804 0.000286114
0 0.000746164 0.000643342 0.000374772
0 0.000763974 0.000703073 0.000483243
0 0.000787185 0.000773675 0.00060817
0 0.000815381 0.000853973 0.000746078
0 0.000847893 0.000942771 0.000893524
0 0.000883915 0.00103867 0.00104724
0 0.000922619 0.00113997 0.00120427
0 0.000963247 0.0012447 0.00136201
0 0.00100512 0.00135077 0.0015183
0 0.00104756 0.00145607 0.00167129
0 0.0010897 0.00155863 0.00181932
0 0.00113052 0.00165661 0.0019608
0 0.00116898 0.00174849 0.00209424
0 0.00120445 0.00183336 0.00221859
0 0.00123697 0.00191115 0.00233348
0 0.00126708 0.00198243 0.00243906
0 0.00129535 0.00204803 0.00253566
0 0.00132207 0.00210868 0.00262354
0 0.00134731 0.0021649 0.00270294
0 0.001371 0.00221698 0.00277417
0 0.00139309 0.00226503 0.00283766
0 0.00141363 0.0023091 0.0028941
0 0.00143295 0.0023495 0.00294455
0 0.0014518 0.00238712 0.00299063
0 0.00147119 0.00242351 0.00303447
0 0.00149185 0.0024604 0.00307817
0 0.00151356 0.00249886 0.0031231
0 0.00153504 0.00253877 0.00316959
0 0.00155472 0.002579 0.00321736
0 0.00157165 0.00261821 0.0032662
0 0.00158596 0.00265537 0.00331628
0 0.00159839 0.00269 0.00336788
0 0.00160967 0.00272198 0.00342087
0 0.00162017 0.00275158 0.0034746
0 0.00162999 0.00277937 0.00352801
0 0.00163916 0.00280608 0.00357992
0 0.00164758 0.00283209 0.00362899
0 0.00165489 0.00285696 0.0036736
0 0.00166048 0.00287928 0.00371187
0 0.0016638 0.00289713 0.003742
0 0.0016645 0.00290854 0.00376244
0 0.00166256 0.00291203 0.00377207
0 0.00165823 0.00290701 0.00377025
0 0.00165194 0.00289384 0.00375687
0 0.00164403 0.00287354 0.00373206
0 0.00163457 0.00284729 0.00369611
0 0.00162343 0.00281611 0.00364946
0 0.00161052 0.00278065 0.00359279
0 0.00159566 0.00274102 0.00352693
0 0.00157853 0.00269666 0.00345261
0 0.00155862 0.00264659 0.00337037
0 0.00153544 0.0025898 0.00328066
0 0.00150861 0.00252555 0.00318383
0 0.00147793 0.00245357 0.0030801
0 0.00144352 0.0023742 0.00296973
0 0.00140604 0.00228853 0.00285322
0 0.00136654 0.00219827 0.0027313
0 0.0013262 0.00210533 0.00260483
0 0.00128608 0.00201156 0.00247469
0 0.0012471 0.00191861 0.00234192
0 0.00121009 0.00182791 0.00220788
0 0.00117577 0.00174077 0.00207427
0 0.00114471 0.00165832 0.00194311
0 0.00111722 0.00158161 0.00181668
0 0.00109335 0.00151153 0.00169734
0 0.0010729 0.00144881 0.00158746
0 0.00105528 0.00139372 0.00148901
0 0.00103944 0.00134579 0.00140323
0 0.00102409 0.00130388 0.00133055
0 0.00100826 0.00126659 0.0012709
0 0.000991856 0.00123304 0.00122416
0 0.00097586 0.00120339 0.00119048
0 0.000961973 0.00117897 0.00117017
0 0.000951891 0.00116182 0.00116337
0 0.0009467 0.00115403 0.0011697
0 0.000946585 0.00115695 0.00118812
0 0.000950913 0.00117075 0.00121699
0 0.000958725 0.00119435 0.00125445
0 0.00096929 0.00122585 0.00129892
0 0.000982246 0.00126303 0.00134926
0 0.000997411 0.00130376 0.00140459
0 0.00101465 0.00134648 0.00146433
0 0.00103383 0.00139057 0.00152813
0 0.0010547 0.00143619 0.00159575
0 0.00107675 0.00148388 0.00166687
0 0.00109939 0.00153409 0.00174103
0 0.00112208 0.00158686 0.0018177
0 0.00114432 0.00164152 0.00189616
0 0.00116563 0.00169665 0.00197538
0 0.00118551 0.00175036 0.00205408
0 0.00120355 0.00180079 0.00213083
0 0.00121943 0.00184635 0.00220404
0 0.00123284 0.00188596 0.00227207
0 0.00124383 0.00191938 0.0023335
0 0.00125315 0.00194749 0.00238766
0 0.00126215 0.00197218 0.00243477
0 0.00127226 0.0019957 0.00247554
0 0.00128448 0.00202005 0.00251093
0 0.00129913 0.0020465 0.00254194
0 0.00131571 0.00207524 0.00256939
0 0.0013331 0.00210534 0.00259393
0 0.00134995 0.00213513 0.00261614
0 0.00136514 0.00216276 0.00263673
0 0.0013779 0.0021867 0.00265646
0 0.00138794 0.0022061 0.00267609
0 0.00139543 0.00222115 0.00269641
0 0.00140092 0.00223294 0.00271812
0 0.00140507 0.00224309 0.00274161
0 0.0014085 0.00225327 0.00276693
0 0.0014117 0.00226478 0.00279376
0 0.00141498 0.00227815 0.00282145
0 0.00141846 0.00229313 0.00284907
0 0.00142226 0.00230897 0.00287574
0 0.00142657 0.00232479 0.00290077
0 0.00143146 0.00233979 0.00292359
0 0.00143677 0.00235331 0.0029437
0 0.00144201 0.00236481 0.00296051
0 0.0014465 0.00237384 0.00297342
0 0.00144955 0.00237999 0.00298191
0 0.00145063 0.0023828 0.00298552
0 0.00144944 0.00238174 0.0029839
0 0.00144599 0.0023764 0.00297685
0 0.00144081 0.00236688 0.00296465
0 0.00143509 0.00235417 0.00294827
0 0.00143031 0.00234015 0.00292922
0 0.0014276 0.002327 0.00290914
0 0.00142738 0.00231661 0.00288942
0 0.00142921 0.00231004 0.00287102
0 0.00143219 0.00230737 0.00285462
0 0.00143547 0.00230796 0.0028409
0 0.00143862 0.00231081 0.00283075
0 0.00144155 0.00231492 0.00282508
0 0.00144424 0.00231941 0.00282452
0 0.00144641 0.00232364 0.00282916
0 0.0014474 0.00232703 0.00283828
0 0.00144635 0.00232898 0.00285045
0 0.00144264 0.00232899 0.00286391
0 0.00143657 0.00232702 0.0028772
0 0.00142953 0.00232386 0.00288966
0 0.0014235 0.00232089 0.00290117
0 0.00142021 0.00231972 0.00291184
0 0.00142062 0.00232169 0.00292165
0 0.00142444 0.00232727 0.00293017
0 0.00143009 0.0023355 0.00293626
0 0.00143524 0.00234405 0.00293842
0 0.00143804 0.00235014 0.00293552
0 0.0014378 0.00235148 0.00292737
0 0.00143458 0.00234647 0.00291421
0 0.00142842 0.0023341 0.00289608
0 0.00141908 0.00231395 0.00287253
0 0.00140651 0.00228652 0.00284303
0 0.00139117 0.00225333 0.00280743
0 0.00137404 0.00221638 0.00276596
0 0.00135621 0.00217763 0.00271901
0 0.00133873 0.00213858 0.00266715
0 0.00132253 0.00210033 0.00261119
0 0.00130825 0.00206354 0.00255216
0 0.00129615 0.00202851 0.00249126
0 0.00128605 0.0019953 0.00242976
0 0.00127749 0.00196391 0.00236901
0 0.00126991 0.00193431 0.00231045
0 0.00126277 0.00190658 0.00225555
0 0.0012557 0.00188083 0.00220572
0 0.00124854 0.00185731 0.00216226
0 0.00124136 0.00183635 0.00212626
0 0.00123438 0.00181836 0.00209852
0 0.00122796 0.00180386 0.0020795
0 0.00122258 0.00179348 0.00206943
0 0.00121878 0.0017879 0.00206827
0 0.00121713 0.00178782 0.00207586
0 0.00121817 0.00179393 0.00209195
0 0.00122235 0.00180673 0.00211624
0 0.00122976 0.00182633 0.00214821
0 0.00123999 0.00185215 0.00218699
0 0.0012522 0.00188297 0.00223139
0 0.00126565 0.00191738 0.00228028
0 0.00128021 0.00195441 0.00233314
0 0.00129637 0.00199389 0.00239011
0 0.00131483 0.00203629 0.0024517
0 0.00133596 0.00208235 0.0025183
0 0.00135966 0.0021328 0.00259014
0 0.00138566 0.00218826 0.00266742
0 0.00141379 0.00224922 0.00275053
0 0.00144406 0.00231591 0.00284003
0 0.00147646 0.00238819 0.00293647
0 0.00151055 0.00246517 0.00303985
0 0.00154522 0.00254516 0.00314936
0 0.00157898 0.00262593 0.00326344
0 0.00161047 0.00270518 0.00338019
0 0.00163877 0.0027809 0.00349752
0 0.00166333 0.0028514 0.00361306
0 0.00168383 0.00291525 0.00372412
0 0.00170014 0.00297139 0.00382779
0 0.00171241 0.00301905 0.00392112
0 0.0017209 0.00305773 0.00400125
0 0.00172594 0.00308698 0.00406552
0 0.00172776 0.00310628 0.00411154
0 0.00172651 0.00311507 0.00413735
0 0.0017223 0.00311282 0.00414164
0 0.00171544 0.0030994 0.004124
0 0.0017064 0.00307514 0.00408501
0 0.00169547 0.00304073 0.00402598
0 0.00168259 0.00299692 0.00394858
0 0.00166728 0.00294436 0.00385477
0 0.00164892 0.00288368 0.0037468
0 0.001627 0.00281545 0.00362713
0 0.00160128 0.0027402 0.0034984
0 0.00157167 0.00265847 0.00336314
0 0.00153825 0.00257079 0.00322358
0 0.00150117 0.00247776 0.00308153
0 0.00146069 0.00238008 0.00293832
0 0.00141726 0.00227867 0.0027949
0 0.00137158 0.00217465 0.00265188
0 0.00132441 0.00206919 0.00250952
0 0.0012764 0.0019632 0.00236766
0 0.00122803 0.00185722 0.00222581
0 0.00117972 0.00175152 0.00208336
0 0.001132 0.00164632 0.0019399
0 0.00108562 0.00154207 0.00179545
0 0.0010415 0.00143967 0.00165064
0 0.00100053 0.00134039 0.00150657
0 0.000963254 0.0012456 0.00136466
0 0.000929761 0.00115651 0.00122646
0 0.000899874 0.00107413 0.00109371
0 0.000873356 0.000999166 0.000968427
0 0.000850043 0.000932106 0.000852773
0 0.000829848 0.000873225 0.000748976
0 0.000812729 0.00082269 0.000659137
0 0.000798642 0.000780693 0.000585081
0 0.000787506 0.000747504 0.000528216
0 0.000779144 0.000723404 0.000489373
0 0.000773289 0.000708555 0.00046872
0 0.000769732 0.00070296 0.000465845
0 0.000768511 0.000706528 0.000479945
0 0.000769981 0.000719149 0.000509981
0 0.000774792 0.000740812 0.000554836
0 0.000783866 0.000771815 0.000613532
0 0.000798277 0.000812877 0.00068538
0 0.000818957 0.000864973 0.000769943
0 0.000846373 0.000928989 0.000866881
0 0.000880331 0.0010053 0.000975789
0 0.000919957 0.00109342 0.00109609
0 0.00096398 0.00119202 0.00122711
0 0.00101114 0.00129912 0.00136827
0 0.00106041 0.00141252 0.00151912
0 0.00111094 0.00153005 0.00167916
0 0.00116187 0.00164975 0.00184755
0 0.00121229 0.00176997 0.00202297
0 0.00126138 0.00188955 0.00220373
0 0.00130877 0.00200797 0.00238806
0 0.00135482 0.00212555 0.00257449
0 0.00140048 0.00224308 0.00276183
0 0.00144685 0.00236154 0.002949
0 0.00149487 0.00248171 0.00313498
0 0.00154521 0.00260417 0.00331894
0 0.00159825 0.00272916 0.00350034
0 0.00165395 0.00285656 0.00367897
0 0.00171191 0.00298583 0.00385484
0 0.00177146 0.00311614 0.00402826
0 0.00183179 0.00324655 0.00419976
0 0.00189202 0.0033761 0.00437
0 0.00195124 0.00350394 0.00453957
0 0.00200853 0.00362925 0.00470883
0 0.00206303 0.00375126 0.00487776
0 0.00211407 0.00386922 0.00504595
0 0.00216128 0.0039825 0.00521267
0 0.00220466 0.00409067 0.0053769
0 0.00224448 0.00419345 0.00553737
0 0.00228118 0.00429073 0.00569261
0 0.00231519 0.00438238 0.0058409
0 0.00234674 0.00446812 0.0059803
0 0.00237587 0.0045474 0.00610873
0 0.00240252 0.0046195 0.00622425
0 0.00242662 0.00468364 0.00632519
0 0.00244804 0.00473903 0.00641027
0 0.00246649 0.00478486 0.00647846
0 0.00248152 0.00482035 0.00652902
0 0.00249254 0.00484469 0.00656143
0 0.00249887 0.00485716 0.0065754
0 0.0024999 0.00485708 0.00657081
0 0.00249508 0.00484388 0.00654768
0 0.00248404 0.00481708 0.0065061
0 0.00246651 0.00477638 0.0064462
0 0.00244242 0.00472161 0.00636806
0 0.00241181 0.00465284 0.00627176
0 0.00237488 0.0045703 0.00615735
0 0.00233191 0.00447439 0.00602486
0 0.00228331 0.00436566 0.00587439
0 0.00222955 0.00424476 0.00570613
0 0.00217122 0.00411245 0.00552045
0 0.00210906 0.00396968 0.00531807
0 0.002044 0.00381768 0.00510014
0 0.00197696 0.00365788 0.00486821
0 0.00190868 0.00349179 0.00462407
0 0.00183964 0.0033209 0.00436973
0 0.00177007 0.00314664 0.0041074
0 0.00170012 0.00297038 0.00383953
0 0.00162993 0.00279327 0.00356873
0 0.0015595 0.00261616 0.0032975
0 0.00148853 0.00243944 0.00302799
0 0.00141663 0.00226323 0.0027619
0 0.00134359 0.0020876 0.00250063
0 0.00126958 0.00191292 0.0022454
0 0.00119547 0.0017402 0.00199756
0 0.00112287 0.00157142 0.00175893
0 0.00105393 0.00140947 0.00153173
0 0.000990689 0.00125772 0.00131827
0 0.000934705 0.00111951 0.00112075
0 0.000886979 0.000997729 0.000941342
0 0.000848006 0.000894577 0.000782189
0 0.00081766 0.000811086 0.000645225
0 0.000795182 0.000746927 0.000531937
0 0.000779544 0.000700771 0.000443485
0 0.000769857 0.00067092 0.000380876
0 0.000765444 0.000655772 0.000344866
0 0.000765664 0.000653995 0.000335652
0 0.000769794 0.00066456 0.000352643
0 0.000777118 0.000686712 0.000394451
0 0.000787133 0.000719909 0.000459047
0 0.0007997 0.000763696 0.00054394
0 0.000815052 0.000817571 0.000646337
0 0.000833675 0.0008809 0.000763266
0 0.000856128 0.0009529 0.000891708
0 0.000882869 0.00103271 0.00102873
0 0.000914133 0.00111946 0.00117165
0 0.000949866 0.00121233 0.00131812
0 0.000989677 0.00131046 0.0014662
0 0.00103284 0.0014128 0.00161433
0 0.00107839 0.00151806 0.00176131
0 0.00112521 0.00162471 0.00190632
0 0.00117222 0.00173108 0.00204878
0 0.00121833 0.0018354 0.00218829
0 0.00126253 0.00193599 0.00232442
0 0.00130388 0.00203131 0.00245663
0 0.00134152 0.00212009 0.00258411
0 0.00137479 0.00220136 0.00270579
0 0.00140328 0.00227446 0.00282035
0 0.00142699 0.00233911 0.0029264
0 0.00144641 0.00239544 0.0030227
0 0.0014624 0.00244392 0.00310817
0 0.0014759 0.00248518 0.00318189
0 0.00148769 0.00251986 0.00324308
0 0.0014983 0.00254853 0.00329123
0 0.0015081 0.00257173 0.00332622
0 0.00151739 0.00258995 0.0033485
0 0.00152639 0.00260374 0.00335909
0 0.00153521 0.00261363 0.00335953
0 0.00154373 0.00262009 0.00335165
0 0.00155164 0.0026235 0.00333746
0 0.00155851 0.00262426 0.00331904
0 0.00156393 0.00262272 0.00329846
0 0.00156748 0.00261913 0.00327753
0 0.00156864 0.00261343 0.00325751
0 0.00156684 0.00260524 0.00323904
0 0.0015617 0.0025941 0.0032222
0 0.00155327 0.00257967 0.0032067
0 0.00154195 0.00256192 0.00319199
0 0.00152837 0.00254104 0.00317717
0 0.00151324 0.00251743 0.00316106
0 0.0014972 0.00249159 0.00314232
0 0.00148089 0.00246408 0.00311964
0 0.00146483 0.00243533 0.00309185
0 0.00144934 0.00240555 0.00305797
0 0.00143449 0.00237458 0.00301728
0 0.00142016 0.00234201 0.00296938
0 0.00140609 0.00230728 0.00291423
0 0.00139188 0.00226977 0.00285212
0 0.00137695 0.00222888 0.00278352
0 0.00136064 0.00218405 0.00270899
0 0.00134228 0.00213482 0.00262911
0 0.00132128 0.00208086 0.00254444
0 0.00129732 0.00202206 0.00245549
0 0.00127038 0.00195851 0.00236273
0 0.00124069 0.00189048 0.00226654
0 0.00120865 0.0018184 0.00216716
0 0.00117475 0.00174279 0.00206467
0 0.00113954 0.0016643 0.00195909
0 0.00110365 0.00158377 0.00185051
0 0.00106785 0.00150223 0.00173923
0 0.00103291 0.00142085 0.00162581
0 0.000999532 0.00134082 0.00151105
0 0.000968191 0.00126319 0.00139595
0 0.000939159 0.00118883 0.00128172
0 0.000912554 0.00111841 0.00116978
0 0.000888391 0.00105249 0.00106176
0 0.000866605 0.000991476 0.000959379
0 0.000847062 0.00093567 0.000864369
0 0.000829597 0.000885351 0.000778384
0 0.000814058 0.000840797 0.00070291
0 0.000800351 0.000802324 0.000639206
0 0.000788477 0.000770305 0.000588247
0 0.000778553 0.000745164 0.000550702
0 0.000770835 0.000727382 0.000526952
0 0.000765745 0.000717514 0.000517156
0 0.000763849 0.000716198 0.000521331
0 0.000765772 0.000724105 0.000539382
0 0.000772082 0.000741855 0.000571119
0 0.000783205 0.000769949 0.000616295
0 0.000799407 0.000808724 0.000674665
0 0.000820793 0.000858335 0.000746047
0 0.000847318 0.000918745 0.000830338
0 0.000878792 0.000989714 0.000927514
0 0.000914886 0.0010708 0.00103758
0 0.000955135 0.00116137 0.00116051
0 0.000998961 0.00126059 0.00129616
0 0.00104571 0.00136749 0.00144424
0 0.00109475 0.00148109 0.00160422
0 0.00114553 0.00160044 0.00177541
0 0.0011976 0.00172467 0.00195682
0 0.00125062 0.00185297 0.00214726
0 0.00130433 0.0019846 0.00234527
0 0.00135857 0.0021189 0.00254924
0 0.00141321 0.00225523 0.00275738
0 0.00146822 0.00239297 0.00296786
0 0.0015236 0.00253148 0.00317881
0 0.00157932 0.00267011 0.00338842
0 0.00163532 0.00280814 0.00359503
0 0.00169149 0.00294485 0.00379723
0 0.00174772 0.00307959 0.00399392
0 0.00180385 0.00321172 0.00418429
0 0.00185956 0.00334065 0.00436774
0 0.00191442 0.0034658 0.00454386
0 0.00196796 0.00358668 0.00471246
0 0.00201981 0.00370294 0.00487362
0 0.00206968 0.00381432 0.00502754
0 0.00211724 0.0039206 0.00517445
0 0.00216206 0.00402134 0.00531438
0 0.00220347 0.00411582 0.00544697
0 0.00224064 0.00420297 0.00557144
0 0.00227284 0.00428162 0.00568672
0 0.00229966 0.00435072 0.00579165
0 0.00232105 0.00440943 0.005885
0 0.00233717 0.00445719 0.00596545
0 0.00234842 0.00449383 0.00603174
0 0.00235542 0.00451962 0.00608279
0 0.00235891 0.00453524 0.00611784
0 0.00235953 0.00454154 0.00613637
0 0.00235771 0.00453924 0.00613811
0 0.0023536 0.00452882 0.00612308
0 0.00234703 0.00451031 0.0060915
0 0.00233754 0.0044833 0.00604374
0 0.00232453 0.00444708 0.00598039
0 0.00230741 0.00440092 0.0059022
0 0.00228567 0.00434421 0.00581006
0 0.00225889 0.0042766 0.00570482
0 0.00222674 0.00419799 0.0055872
0 0.00218906 0.0041086 0.00545776
0 0.00214604 0.00400903 0.00531702
0 0.00209828 0.00390026 0.0051656
0 0.00204668 0.0037835 0.00500416
0 0.00199221 0.00366007 0.00483337
0 0.00193583 0.00353129 0.0046539
0 0.00187838 0.0033984 0.00446652
0 0.00182058 0.00326261 0.00427212
0 0.00176285 0.00312487 0.00407168
0 0.00170532 0.00298582 0.00386621
0 0.00164793 0.0028458 0.00365681
0 0.00159056 0.00270503 0.00344477
0 0.00153313 0.00256376 0.00323148
0 0.00147557 0.00242229 0.00301842
0 0.00141787 0.00228106 0.00280703
0 0.00136008 0.00214061 0.00259865
0 0.0013024 0.00200173 0.00239452
0 0.00124518 0.00186527 0.00219578
0 0.00118888 0.00173215 0.00200347
0 0.001134 0.00160325 0.00181848
0 0.00108106 0.00147942 0.00164157
0 0.0010305 0.0013614 0.00147335
0 0.000982707 0.00124981 0.00131433
0 0.000938042 0.00114524 0.00116494
0 0.000896815 0.00104819 0.00102567
0 0.000859291 0.000959153 0.000897012
0 0.000825657 0.000878545 0.000779501
0 0.000796027 0.000806731 0.000673688
0 0.000770463 0.000744025 0.000580147
0 0.000748987 0.000690693 0.000499467
0 0.000731591 0.000646937 0.00043222
0 0.000718243 0.000612874 0.000378926
0 0.000708914 0.000588563 0.00034004
0 0.000703597 0.000574051 0.000315959
0 0.000702313 0.0005694 0.000306992
0 0.000705063 0.000574666 0.000313317
0 0.000711813 0.000589866 0.000334942
0 0.000722496 0.000614954 0.000371708
0 0.000737038 0.000649814 0.000423306
0 0.000755374 0.000694249 0.000489299
0 0.000777447 0.000747985 0.000569139
0 0.000803182 0.000810673 0.00066217
0 0.000832464 0.000881897 0.000767633
0 0.00086514 0.000961183 0.000884691
0 0.000901017 0.00104799 0.00101245
0 0.000939872 0.00114172 0.00114999
0 0.000981441 0.00124169 0.00129636
0 0.00102541 0.0013472 0.00145057
0 0.00107143 0.00145745 0.00161159
0 0.00111912 0.00157162 0.00177837
0 0.00116808 0.00168888 0.0019498
0 0.00121791 0.00180838 0.00212476
0 0.0012682 0.00192927 0.00230209
0 0.00131857 0.00205068 0.00248062
0 0.00136867 0.00217177 0.00265917
0 0.00141816 0.00229171 0.00283652
0 0.00146673 0.00240972 0.00301141
0 0.00151408 0.00252505 0.00318258
0 0.00155996 0.00263701 0.0033488
0 0.00160413 0.00274491 0.00350886
0 0.00164637 0.00284806 0.00366165
0 0.00168648 0.00294582 0.00380613
0 0.00172423 0.00303755 0.00394137
0 0.00175943 0.00312265 0.00406649
0 0.00179184 0.00320058 0.00418075
0 0.00182121 0.00327084 0.00428347
0 0.00184729 0.003333 0.00437406
0 0.00186985 0.00338668 0.00445208
0 0.00188873 0.00343156 0.00451715
0 0.00190377 0.00346738 0.00456902
0 0.00191488 0.00349395 0.00460749
0 0.00192203 0.00351113 0.00463247
0 0.0019252 0.00351891 0.00464394
0 0.00192444 0.00351731 0.00464196
0 0.00191982 0.00350649 0.00462667
0 0.00191145 0.00348667 0.00459826
0 0.00189945 0.00345812 0.00455705
0 0.00188399 0.00342119 0.00450341
0 0.00186526 0.00337627 0.00443781
0 0.00184345 0.00332378 0.00436083
0 0.00181878 0.00326419 0.00427313
0 0.00179148 0.00319802 0.00417545
0 0.00176176 0.0031258 0.00406862
0 0.00172986 0.00304811 0.00395355
0 0.001696 0.00296556 0.0038312
0 0.00166045 0.00287879 0.00370258
0 0.00162343 0.00278845 0.00356873
0 0.00158522 0.00269523 0.00343074
0 0.00154607 0.00259984 0.00328968
0 0.00150626 0.00250301 0.00314666
0 0.00146608 0.00240547 0.00300277
0 0.00142582 0.00230796 0.00285908
0 0.00138582 0.00221122 0.00271664
0 0.00134638 0.002116 0.00257647
0 0.00130786 0.002023 0.00243953
0 0.00127057 0.00193293 0.00230677
0 0.00123483 0.00184646 0.00217913
0 0.00120093 0.00176419 0.00205748
0 0.00116909 0.00168671 0.0019427
0 0.00113953 0.00161457 0.00183559
0 0.0011124 0.00154823 0.0017369
0 0.00108784 0.00148816 0.00164733
0 0.001066 0.0014347 0.00156752
0 0.00104699 0.00138817 0.00149802
0 0.00103093 0.00134885 0.00143932
0 0.00101789 0.00131694 0.00139178
0 0.00100796 0.00129262 0.00135567
0 0.00100115 0.00127602 0.00133116
0 0.000997504 0.00126719 0.00131832
0 0.000997012 0.00126616 0.00131712
0 0.00099967 0.00127287 0.00132744
0 0.00100545 0.00128721 0.00134906
0 0.00101432 0.00130903 0.0013817
0 0.00102619 0.00133809 0.00142499
0 0.00104097 0.00137411 0.00147848
0 0.00105853 0.00141678 0.00154166
0 0.00107871 0.00146571 0.00161397
0 0.00110133 0.00152048 0.00169478
0 0.0011262 0.00158063 0.00178342
0 0.00115306 0.00164559 0.0018791
0 0.00118159 0.00171471 0.00198098
