0 0.00391613 0.00720761 0.0092043
0 0.00393065 0.0072256 0.00921906
0 0.00395111 0.00725958 0.00924974
0 0.00396913 0.00730169 0.00929338
0 0.00398541 0.00734712 0.00935208
0 0.00400229 0.00739294 0.00942599
0 0.00401804 0.00743696 0.00950892
0 0.00403499 0.00748439 0.00959734
0 0.00405832 0.00754327 0.00969111
0 0.00408502 0.00761049 0.00978383
0 0.00410952 0.00767556 0.00986792
0 0.00413819 0.00773933 0.00994929
0 0.00417848 0.00781115 0.0100392
0 0.00421666 0.00788516 0.0101312
0 0.00422974 0.00793785 0.0102045
0 0.0042139 0.00794957 0.0102457
0 0.00418278 0.00791635 0.0102496
0 0.00414627 0.0078456 0.0102082
0 0.00411073 0.00775644 0.0101171
0 0.00409356 0.00768355 0.00999561
0 0.00410236 0.00764822 0.00986912
0 0.0041161 0.00763315 0.00974581
0 0.0041277 0.00762466 0.00964842
0 0.00415653 0.00764106 0.00962249
0 0.00420017 0.00769658 0.00968781
0 0.00423561 0.00778639 0.00983178
0 0.0042522 0.00789473 0.0100319
0 0.00424431 0.00798539 0.0102471
0 0.00420891 0.0080186 0.0104227
0 0.00416176 0.00798935 0.0105199
0 0.00412529 0.00792472 0.0105212
0 0.00410231 0.00784656 0.0104149
0 0.00407223 0.00774407 0.0101908
0 0.00402296 0.00759431 0.0098615
0 0.0039755 0.00740625 0.00948336
0 0.00393987 0.00720589 0.00911284
0 0.00389297 0.00700945 0.00877567
0 0.00383275 0.0068439 0.00850417
0 0.00377192 0.00672267 0.00832267
0 0.00368911 0.00660181 0.0081975
0 0.00357936 0.00644489 0.00808821
0 0.003507 0.00630574 0.00801762
0 0.00354095 0.00629228 0.0080405
0 0.00367505 0.0064672 0.00818126
0 0.00383743 0.00678881 0.00842216
0 0.0039706 0.00714786 0.00874374
0 0.0040682 0.0074489 0.00914241
0 0.00411206 0.00762693 0.00956972
0 0.00403412 0.00761824 0.00988914
0 0.00380029 0.00738152 0.00994862
0 0.00347566 0.00692824 0.00966211
0 0.0031794 0.00632934 0.00902422
0 0.00302865 0.00574038 0.00812998
0 0.00306519 0.00533762 0.00714158
0 0.00320006 0.0051748 0.00620202
0 0.00329937 0.00515085 0.00542753
0 0.00330549 0.00511286 0.00493642
0 0.0032369 0.0049829 0.00481265
0 0.00311461 0.00480047 0.00503813
0 0.00293162 0.00464504 0.00547403
0 0.00269891 0.00454441 0.00592473
0 0.00250071 0.00448906 0.00624356
0 0.00245488 0.00449392 0.00638258
0 0.00260573 0.00460245 0.00636375
0 0.00289457 0.00485486 0.00625639
0 0.00323595 0.00526638 0.00619003
0 0.00358568 0.00581613 0.00634112
0 0.00392394 0.00644769 0.00685929
0 0.00418038 0.00705854 0.00775222
0 0.00423777 0.00750706 0.00884462
0 0.00406432 0.00769899 0.00989187
0 0.0037808 0.00765658 0.0106985
0 0.00357443 0.00750391 0.0111479
0 0.00357881 0.00742084 0.0112134
0 0.00380983 0.00755261 0.0109619
0 0.00418663 0.00791154 0.0105385
0 0.00461036 0.00839245 0.0101568
0 0.00501134 0.0088826 0.0100609
0 0.0053184 0.0093254 0.010418
0 0.00544652 0.00970358 0.0112306
0 0.00536816 0.0100105 0.0123543
0 0.00516352 0.0102469 0.0135746
0 0.00498902 0.0104425 0.0146795
0 0.00498204 0.0106604 0.0155031
0 0.00515736 0.0109483 0.0159317
0 0.00543462 0.0113003 0.015949
0 0.00574234 0.0116628 0.0156811
0 0.00601798 0.0119348 0.0153186
0 0.00617388 0.0120091 0.0150047
0 0.00613985 0.0118505 0.0148043
0 0.00589454 0.011486 0.0146865
0 0.00544535 0.0109137 0.0144983
0 0.0048482 0.0100943 0.0140261
0 0.00424022 0.00905056 0.0131263
0 0.00377309 0.00792748 0.0117899
0 0.00351576 0.00692788 0.0101232
0 0.00344753 0.0061937 0.00832075
0 0.00351005 0.00575365 0.00664536
0 0.00363277 0.00554747 0.00537677
0 0.00371052 0.00544905 0.00469878
0 0.00359703 0.00528639 0.00458915
0 0.00319022 0.0049019 0.00482614
0 0.00253961 0.00423375 0.00510337
0 0.00181501 0.00333048 0.00511507
0 0.00119359 0.0023208 0.00460842
0 0.000831417 0.00141345 0.00350657
0 0.000833652 0.000830973 0.00197816
0 0.00115745 0.000667006 0.000347127
0 0.00162363 0.000848598 -0.00101221
0 0.00205462 0.00122923 -0.00173518
0 0.0023386 0.00167204 -0.00157302
0 0.00238959 0.0020654 -0.000536175
0 0.00220051 0.00237201 0.00112371
0 0.00197993 0.00274189 0.00313846
0 0.00205889 0.00347509 0.00534032
0 0.00260817 0.0048032 0.00759244
0 0.00357116 0.00675567 0.00981134
0 0.0047941 0.00916526 0.0120455
0 0.00606674 0.0116886 0.0143971
0 0.00709983 0.0138723 0.0168542
0 0.00765448 0.0153673 0.0192694
0 0.00772198 0.0161239 0.0214554
0 0.00746513 0.0163078 0.0231636
0 0.00704297 0.0160654 0.0240509
0 0.00663853 0.015522 0.0238899
0 0.00653207 0.014963 0.0228281
0 0.00688455 0.0147394 0.0213002
0 0.00751179 0.0149438 0.0197457
0 0.0080241 0.0152965 0.0184793
0 0.00812192 0.0153549 0.0176849
0 0.00768983 0.0147898 0.0173491
0 0.00676232 0.0135365 0.0172105
0 0.00552318 0.0117853 0.0168481
0 0.00427954 0.00985462 0.0158635
0 0.00334736 0.00805668 0.0140478
0 0.00284899 0.00654341 0.0113994
0 0.00264062 0.00522738 0.00807305
0 0.00246842 0.00387769 0.00436532
0 0.00213111 0.00228546 0.000659993
0 0.00150925 0.000360089 -0.00270793
0 0.000569411 -0.00184149 -0.00555721
0 -0.000586389 -0.00411404 -0.00784808
0 -0.0017241 -0.00615621 -0.00961942
0 -0.00256797 -0.00765405 -0.0109263
0 -0.00290078 -0.00835618 -0.0117669
0 -0.00264176 -0.00814329 -0.0120423
0 -0.0019204 -0.0071057 -0.0116242
0 -0.00105342 -0.00555907 -0.0104657
0 -0.000364741 -0.00392767 -0.00863705
0 3.53077e-05 -0.00251058 -0.00625948
0 0.00031682 -0.00127525 -0.00342623
0 0.000732499 7.81543e-05 -0.000251985
0 0.00138757 0.00183076 0.00305262
0 0.00227047 0.00406629 0.00628651
0 0.00338907 0.00669532 0.00941268
0 0.00474992 0.00953946 0.012541
0 0.00625431 0.012414 0.0158007
0 0.00770199 0.0151989 0.0192597
0 0.00892038 0.0178389 0.0229222
0 0.00983299 0.0202477 0.0266881
0 0.0103915 0.0222143 0.0302612
0 0.0105598 0.0234719 0.033188
0 0.0104044 0.0238994 0.0350498
0 0.0101109 0.0236319 0.0356149
0 0.00985459 0.0229453 0.0348516
0 0.00970718 0.0220759 0.0329236
0 0.00965356 0.021134 0.0302013
0 0.00959874 0.0200946 0.0271633
0 0.00937335 0.0188485 0.0242219
0 0.00878671 0.0172558 0.0215777
0 0.00776341 0.0152398 0.0192234
0 0.00644308 0.0128915 0.0170495
0 0.0050603 0.0104085 0.0148665
0 0.00378463 0.00796044 0.0124261
0 0.00272409 0.00567163 0.0095633
0 0.00198464 0.00367295 0.00634237
0 0.00158761 0.00204132 0.00299959
0 0.00135632 0.000687291 -0.000229182
0 0.00104397 -0.000588732 -0.00314299
0 0.000532289 -0.00193912 -0.00555127
0 -0.00014326 -0.00337296 -0.00732246
0 -0.000869363 -0.00474512 -0.00844045
0 -0.00152105 -0.00583082 -0.00900885
0 -0.00196144 -0.00642192 -0.00916549
0 -0.00204271 -0.00639514 -0.00897784
0 -0.00166825 -0.00571721 -0.00839879
0 -0.000878386 -0.0044193 -0.00730336
0 0.000136167 -0.00260965 -0.00557645
0 0.00115477 -0.000466255 -0.0031574
0 0.0020406 0.00179427 -7.28073e-05
0 0.00274859 0.00395962 0.00351317
0 0.00325557 0.00585397 0.00726116
0 0.00352983 0.00734234 0.0106957
0 0.00363151 0.00837978 0.0133767
0 0.00376574 0.00907999 0.0150803
0 0.0041116 0.00964817 0.0158082
0 0.00462619 0.0101856 0.0156779
0 0.00511818 0.0106165 0.0149037
0 0.00547817 0.0108276 0.0138515
0 0.00574919 0.0108397 0.0129892
0 0.00598822 0.010837 0.012705
0 0.006142 0.0110143 0.0131362
0 0.00610541 0.0113843 0.0141463
0 0.00589346 0.0117957 0.015472
0 0.00567925 0.0121185 0.0168578
0 0.0056226 0.0123476 0.0180562
0 0.00571637 0.0125517 0.0188198
0 0.0058134 0.0127153 0.0189438
0 0.00575845 0.0126336 0.0183114
0 0.00546152 0.0119905 0.0168961
0 0.00490733 0.0105985 0.0147562
0 0.00418218 0.00861919 0.0120775
0 0.00346378 0.00651531 0.00917452
0 0.00291536 0.00475276 0.00638919
0 0.00259177 0.00356424 0.00400276
0 0.00248058 0.00296023 0.0022609
0 0.00257774 0.0028727 0.00140927
0 0.00287295 0.00327068 0.00164153
0 0.00330591 0.00417023 0.00301134
0 0.00374203 0.00549925 0.00534077
0 0.00400154 0.006957 0.00818648
0 0.00392279 0.00803788 0.0108971
0 0.00349454 0.00830289 0.0128108
0 0.00293985 0.00772124 0.0135006
0 0.00247223 0.00661146 0.0127675
0 0.00208394 0.0052673 0.0105607
0 0.0017058 0.00377818 0.00709377
0 0.00139626 0.0021565 0.00293181
0 0.00124273 0.000506826 -0.00117844
0 0.00117131 -0.000969539 -0.00458908
0 0.00101736 -0.00206506 -0.0068673
0 0.000763849 -0.0026138 -0.00773953
0 0.000597878 -0.00249403 -0.0070709
0 0.000724438 -0.00163642 -0.00494224
0 0.001202 -3.23184e-05 -0.00166385
0 0.00197863 0.00226238 0.00235748
0 0.00300875 0.00512332 0.00677849
0 0.0042385 0.0083247 0.0113326
0 0.0055402 0.0115339 0.0157661
0 0.00674413 0.0144114 0.0198342
0 0.00770257 0.0167251 0.0233213
0 0.00833872 0.0183771 0.0260554
0 0.0086769 0.0193884 0.0279294
0 0.00883264 0.0198835 0.0289295
0 0.00894477 0.0200402 0.0291417
0 0.0090992 0.0200314 0.0287365
0 0.00930491 0.0199826 0.0279526
0 0.00950962 0.0199339 0.0270553
0 0.00963646 0.0198487 0.0262784
0 0.00958572 0.019626 0.0257292
0 0.00923144 0.0190972 0.025302
0 0.00853331 0.01812 0.0247479
0 0.00762259 0.0167035 0.0238168
0 0.00670906 0.0150071 0.0223249
0 0.00592282 0.013222 0.0201645
0 0.005227 0.0114058 0.0172852
0 0.00449343 0.00943937 0.013725
0 0.00366266 0.00718349 0.00967867
0 0.0027556 0.00461894 0.00544058
0 0.00176075 0.00184061 0.00125458
0 0.000611342 -0.00102151 -0.00275525
0 -0.000711117 -0.00386775 -0.00654682
0 -0.00207227 -0.00659608 -0.0100642
0 -0.00323698 -0.00903555 -0.0131978
0 -0.0040514 -0.0109838 -0.0158487
0 -0.00450188 -0.0122873 -0.0179409
0 -0.00461242 -0.0128699 -0.0193462
0 -0.00439862 -0.0127381 -0.019878
0 -0.00391658 -0.0119665 -0.0193719
0 -0.00327041 -0.0106499 -0.0177532
0 -0.00256035 -0.00887534 -0.015071
0 -0.00184976 -0.00675178 -0.0115193
0 -0.00116352 -0.00443838 -0.00742853
0 -0.000484108 -0.00210567 -0.00319403
0 0.000235306 0.000140522 0.000822938
0 0.00103268 0.00228122 0.00436322
0 0.00194447 0.00436688 0.00732991
0 0.00302275 0.00649977 0.00982747
0 0.00429127 0.00878442 0.0121113
0 0.00569234 0.0112546 0.0144803
0 0.00709037 0.013838 0.0171768
0 0.00834592 0.016407 0.0203382
0 0.00938789 0.0188602 0.0239776
0 0.010224 0.0211616 0.0279639
0 0.0108942 0.0232986 0.032017
0 0.011428 0.0252088 0.0357495
0 0.0118472 0.0267745 0.0387666
0 0.0121509 0.0278459 0.0407379
0 0.012297 0.0282744 0.0414345
0 0.0122113 0.0279483 0.0407611
0 0.0118178 0.0268041 0.0387586
0 0.0110781 0.0248381 0.0355765
0 0.0100146 0.0221319 0.0314342
0 0.00870846 0.0188656 0.0265933
0 0.00727299 0.0152879 0.0213334
0 0.00583588 0.0116679 0.0159467
0 0.00452753 0.008262 0.0107436
0 0.00343268 0.00527721 0.00602125
0 0.00254367 0.00281779 0.00200299
0 0.0017977 0.000878136 -0.00117471
0 0.00114932 -0.000605464 -0.00344409
0 0.000582306 -0.00171411 -0.00482345
0 0.000111623 -0.00248919 -0.00540797
0 -0.000198272 -0.00287757 -0.0053159
0 -0.000273819 -0.00278842 -0.00467629
0 -9.17832e-05 -0.00219935 -0.00363007
0 0.000311849 -0.00119432 -0.00229982
0 0.000872134 8.28195e-05 -0.00075658
0 0.00151412 0.00149251 0.000972587
0 0.00210903 0.0028701 0.00280895
0 0.00250076 0.00400841 0.00457837
0 0.00267012 0.0047967 0.00613658
0 0.00282445 0.00538954 0.00751378
0 0.00323652 0.00615807 0.00887969
0 0.00402334 0.00745456 0.0104169
0 0.00516939 0.00948368 0.0123494
0 0.00664007 0.0122753 0.0149953
0 0.00835513 0.0156699 0.0186479
0 0.0101381 0.0194022 0.0234151
0 0.0117836 0.0232392 0.029168
0 0.0131989 0.0270552 0.0355955
0 0.0144689 0.0308197 0.0422989
0 0.0157787 0.0345518 0.0488605
0 0.0172802 0.038276 0.0548983
0 0.0190249 0.0419878 0.0601568
0 0.0209702 0.0456321 0.0645653
0 0.0230228 0.0491229 0.0682363
0 0.0250505 0.0523599 0.0713872
0 0.0267876 0.0551286 0.0741283
0 0.0278342 0.0570378 0.0763134
0 0.0278683 0.057649 0.0776115
0 0.0268213 0.0566016 0.0775657
0 0.024848 0.0536637 0.0755597
0 0.0221668 0.048799 0.0708927
0 0.0189712 0.0421945 0.0630376
0 0.0154344 0.0341635 0.0519182
0 0.0116609 0.0249779 0.0379705
0 0.00764479 0.014829 0.0219619
0 0.00330167 0.0039155 0.00473799
0 -0.0014937 -0.00754281 -0.0129677
0 -0.00684052 -0.0193502 -0.0306067
0 -0.0127533 -0.0313926 -0.0478084
0 -0.0191874 -0.0436557 -0.0643894
0 -0.0260707 -0.0561442 -0.0803782
0 -0.0332337 -0.0688114 -0.0959836
0 -0.0402801 -0.081459 -0.11143
0 -0.0467542 -0.0937021 -0.126783
0 -0.0523884 -0.105126 -0.141903
0 -0.0571239 -0.115435 -0.15649
0 -0.06105 -0.124435 -0.170136
0 -0.0641635 -0.131857 -0.182301
0 -0.0662632 -0.137338 -0.192351
0 -0.0671165 -0.140577 -0.19966
0 -0.0666851 -0.141404 -0.203696
0 -0.0653067 -0.139862 -0.204112
0 -0.0634601 -0.13623 -0.200662
0 -0.0613441 -0.130814 -0.1932
0 -0.0588383 -0.123769 -0.18195
0 -0.0557754 -0.115133 -0.167654
0 -0.0521336 -0.105061 -0.151408
0 -0.0479225 -0.0939213 -0.134296
0 -0.0431699 -0.0822761 -0.117191
0 -0.0382505 -0.0709915 -0.100975
0 -0.0338702 -0.0611107 -0.0866289
0 -0.0305081 -0.0533759 -0.0748626
0 -0.0279999 -0.0477465 -0.0657339
0 -0.0258625 -0.0435409 -0.0588537
0 -0.0240368 -0.0402818 -0.0540906
0 -0.0228822 -0.0380904 -0.0516702
0 -0.0223006 -0.0370139 -0.0513488
0 -0.021559 -0.0364951 -0.0520901
0 -0.0202959 -0.0358912 -0.0529259
0 -0.0191066 -0.0351863 -0.0536571
0 -0.0188111 -0.0348984 -0.0544729
0 -0.0195625 -0.0355597 -0.0554172
0 -0.0209122 -0.0373897 -0.0564982
0 -0.0222798 -0.0399904 -0.0578042
0 -0.0232329 -0.0424077 -0.0593862
0 -0.0236704 -0.0438525 -0.061271
0 -0.0237337 -0.0442639 -0.063415
0 -0.0235645 -0.0441794 -0.0655813
0 -0.0232912 -0.044218 -0.067409
0 -0.0230774 -0.0445943 -0.068552
0 -0.023101 -0.0450919 -0.0688327
0 -0.0234895 -0.0454846 -0.0683803
0 -0.0241351 -0.0457518 -0.0675042
0 -0.0247445 -0.0460046 -0.0665607
0 -0.0252312 -0.0464765 -0.0660685
0 -0.0258181 -0.0474792 -0.0666697
0 -0.0266551 -0.0491784 -0.0687563
0 -0.0274631 -0.0513057 -0.0720883
0 -0.0277166 -0.0531358 -0.0758196
0 -0.0271645 -0.0538856 -0.078921
0 -0.0260199 -0.0531649 -0.080531
0 -0.0247538 -0.051197 -0.080122
0 -0.023813 -0.0487133 -0.0776071
0 -0.0234002 -0.0464675 -0.073325
0 -0.0233654 -0.0446956 -0.0678897
0 -0.0234029 -0.0431556 -0.0621118
0 -0.0232414 -0.0414704 -0.056806
0 -0.0225222 -0.0391951 -0.0523508
0 -0.0210162 -0.0360753 -0.0487156
0 -0.0189855 -0.0324207 -0.0458293
0 -0.0169713 -0.0289674 -0.0435959
0 -0.0154394 -0.0264435 -0.0418436
0 -0.0147802 -0.025345 -0.0405653
0 -0.0153132 -0.0259413 -0.0401088
0 -0.0170886 -0.0283485 -0.0411051
0 -0.0198113 -0.032599 -0.0442911
0 -0.0229498 -0.0385134 -0.0502221
0 -0.0259729 -0.0455271 -0.0590093
0 -0.0287418 -0.0530227 -0.0704075
0 -0.0315568 -0.0608264 -0.0839565
0 -0.0347134 -0.0691718 -0.0988839
0 -0.0382589 -0.0782788 -0.114162
0 -0.0421327 -0.0879464 -0.128808
0 -0.0462957 -0.0975343 -0.142108
0 -0.0506105 -0.106351 -0.153648
0 -0.0547061 -0.113991 -0.163262
0 -0.058137 -0.120323 -0.170962
0 -0.0606893 -0.125304 -0.176934
0 -0.0624044 -0.128874 -0.181429
0 -0.0633312 -0.13094 -0.184535
0 -0.0634209 -0.131451 -0.186098
0 -0.0626178 -0.130362 -0.185775
0 -0.0609782 -0.127545 -0.183086
0 -0.058654 -0.122857 -0.177552
0 -0.0557665 -0.116265 -0.168885
0 -0.0523489 -0.10791 -0.157123
0 -0.0484262 -0.0981116 -0.142707
0 -0.0441214 -0.0873467 -0.126477
0 -0.0396397 -0.076211 -0.109508
0 -0.035166 -0.0653133 -0.0928242
0 -0.0308248 -0.0551305 -0.0772089
0 -0.026734 -0.0459944 -0.063235
0 -0.0230398 -0.0381102 -0.051313
0 -0.0198675 -0.0315528 -0.0416738
0 -0.017272 -0.0263333 -0.0343826
0 -0.0152468 -0.0224567 -0.0293788
0 -0.0137587 -0.0198994 -0.0265064
0 -0.0127801 -0.0185733 -0.0255286
0 -0.0122774 -0.0183114 -0.0261048
0 -0.0121826 -0.0188701 -0.0277825
0 -0.0124311 -0.0200061 -0.0301018
0 -0.0130053 -0.0215793 -0.0327357
0 -0.0139209 -0.0235925 -0.0355649
0 -0.0151963 -0.0261428 -0.0386774
0 -0.0167982 -0.0293042 -0.0422778
0 -0.0186397 -0.0330684 -0.0465964
0 -0.0206352 -0.0373631 -0.051837
0 -0.0227332 -0.0420908 -0.0581238
0 -0.0249344 -0.0472003 -0.0654772
0 -0.0272683 -0.0527094 -0.073799
0 -0.0297128 -0.0585964 -0.0828279
0 -0.0321511 -0.064668 -0.0921223
0 -0.034446 -0.070558 -0.101141
0 -0.0364926 -0.0758249 -0.10933
0 -0.0381602 -0.0800573 -0.116147
0 -0.0392869 -0.0829606 -0.121092
0 -0.0397741 -0.0843992 -0.123798
0 -0.0396554 -0.0843837 -0.124109
0 -0.0390733 -0.0830281 -0.122104
0 -0.0381788 -0.0805123 -0.118073
0 -0.0370619 -0.0770944 -0.112475
0 -0.0357576 -0.0731041 -0.105883
0 -0.0342765 -0.0688479 -0.0988851
0 -0.0326539 -0.0645433 -0.0920018
0 -0.0309691 -0.060356 -0.0856413
0 -0.0293202 -0.0564587 -0.0800823
0 -0.0278204 -0.0530537 -0.0754965
0 -0.0266052 -0.0503625 -0.0719938
0 -0.0257895 -0.0485652 -0.0696385
0 -0.025369 -0.0476732 -0.068387
0 -0.0251706 -0.0474347 -0.0680174
0 -0.0250015 -0.0474685 -0.0682267
0 -0.0248034 -0.0474979 -0.0687601
0 -0.0245635 -0.0473788 -0.0693511
0 -0.0241755 -0.046965 -0.069618
0 -0.0235256 -0.0460877 -0.0691579
0 -0.0226824 -0.0447019 -0.0677705
0 -0.0218307 -0.0429145 -0.0654843
0 -0.0210726 -0.0408902 -0.0624463
0 -0.0203409 -0.0387397 -0.0588344
0 -0.0194418 -0.0364042 -0.0547943
0 -0.0182498 -0.033738 -0.0504968
0 -0.0168118 -0.0306987 -0.0461664
0 -0.015226 -0.0273996 -0.0419676
0 -0.0135919 -0.0240935 -0.0379908
0 -0.0120935 -0.0211395 -0.0343702
0 -0.010996 -0.0189043 -0.0313364
0 -0.0105506 -0.0176881 -0.0291925
0 -0.0108753 -0.0177067 -0.0282694
0 -0.01188 -0.0190607 -0.0288775
0 -0.0133569 -0.0217126 -0.031304
0 -0.0151542 -0.0255347 -0.0358033
0 -0.0172122 -0.0303768 -0.0424792
0 -0.0194596 -0.036054 -0.0511227
0 -0.0217823 -0.0423047 -0.0611808
0 -0.0241071 -0.0488292 -0.0719197
0 -0.0264661 -0.0553829 -0.0826326
0 -0.0289754 -0.0618294 -0.0927585
0 -0.0317226 -0.0680954 -0.101916
0 -0.0346453 -0.0740674 -0.109876
0 -0.0375394 -0.0795515 -0.116537
0 -0.0401675 -0.0843055 -0.121915
0 -0.0423142 -0.0880766 -0.126082
0 -0.0437828 -0.0906496 -0.129075
0 -0.0444104 -0.0918854 -0.130842
0 -0.0441208 -0.0917029 -0.13123
0 -0.0430035 -0.0900649 -0.130009
0 -0.0413083 -0.0870286 -0.126942
0 -0.0393103 -0.0828045 -0.121886
0 -0.0371899 -0.0777141 -0.114895
0 -0.034986 -0.0720285 -0.10624
0 -0.0326229 -0.065854 -0.0963457
0 -0.0300039 -0.0591798 -0.0857063
0 -0.0270633 -0.0520102 -0.0747835
0 -0.0237834 -0.0444627 -0.0639348
0 -0.0202473 -0.0367885 -0.0534326
0 -0.016645 -0.0293277 -0.0434959
0 -0.0131899 -0.0223962 -0.0342733
0 -0.0100471 -0.0161838 -0.0258369
0 -0.00730954 -0.010746 -0.0182101
0 -0.00500191 -0.0060549 -0.011399
0 -0.00310693 -0.00206527 -0.00542247
0 -0.00158798 0.0012469 -0.000320824
0 -0.000408056 0.00387901 0.00384842
0 0.000455096 0.00582283 0.00701776
0 0.00102931 0.0071057 0.00914427
0 0.00137444 0.0078107 0.0102503
0 0.00156407 0.00804794 0.0104256
0 0.00163485 0.00789833 0.00980204
0 0.00155911 0.00737946 0.00853302
0 0.00127707 0.00646474 0.00677383
0 0.000750327 0.00512796 0.00465402
0 -1.32994e-05 0.003383 0.00225524
0 -0.000977863 0.00128386 -0.00040966
0 -0.00215204 -0.00116869 -0.0034543
0 -0.00359488 -0.00408584 -0.00711107
0 -0.00533014 -0.00761872 -0.0116221
0 -0.00734242 -0.011893 -0.0171826
0 -0.00963711 -0.0169851 -0.0239384
0 -0.0122675 -0.0229236 -0.0319885
0 -0.0153081 -0.0297154 -0.0413904
0 -0.0187741 -0.0373359 -0.0521121
0 -0.0225628 -0.0456616 -0.0639568
0 -0.0265144 -0.0544302 -0.0765769
0 -0.0305147 -0.0633179 -0.0895671
0 -0.0344918 -0.0720349 -0.102501
0 -0.0383802 -0.0803727 -0.114956
0 -0.0421266 -0.0882086 -0.126565
0 -0.0456877 -0.095458 -0.137037
0 -0.0489729 -0.102034 -0.146158
0 -0.0518224 -0.107807 -0.153796
0 -0.0540958 -0.112555 -0.159877
0 -0.055703 -0.115985 -0.164357
0 -0.0565563 -0.11786 -0.167156
0 -0.0565859 -0.118118 -0.168146
0 -0.0558207 -0.116829 -0.167164
0 -0.054425 -0.114083 -0.164046
0 -0.0525972 -0.109984 -0.158702
0 -0.0504421 -0.10467 -0.151201
0 -0.0479502 -0.0983107 -0.141794
0 -0.045054 -0.0910562 -0.130867
0 -0.041707 -0.083013 -0.118869
0 -0.0379258 -0.0742824 -0.10623
0 -0.0337606 -0.0650066 -0.0932669
0 -0.0293026 -0.0554051 -0.0802133
0 -0.0247247 -0.0457976 -0.0672947
0 -0.0202567 -0.0365705 -0.054759
0 -0.0161283 -0.0280835 -0.0428611
0 -0.0125457 -0.0206029 -0.0318744
0 -0.00969739 -0.014349 -0.0221331
0 -0.00772629 -0.00954532 -0.0140239
0 -0.00664156 -0.0063368 -0.00788046
0 -0.00628044 -0.00468381 -0.00388738
0 -0.00639298 -0.00436505 -0.00209366
0 -0.0067527 -0.00506831 -0.00246834
0 -0.00723839 -0.00653271 -0.00489365
0 -0.00786118 -0.00866079 -0.00910482
0 -0.00873038 -0.0115113 -0.0147052
0 -0.0100055 -0.0152134 -0.0212812
0 -0.0118289 -0.0198631 -0.0285116
0 -0.0142507 -0.0254576 -0.0362272
0 -0.0172122 -0.031899 -0.0444309
0 -0.0205919 -0.0390203 -0.0532642
0 -0.0242486 -0.0466192 -0.0629175
0 -0.0279888 -0.0544749 -0.0734638
0 -0.0315249 -0.0622868 -0.084686
0 -0.0346135 -0.0696848 -0.0961282
0 -0.0371988 -0.0763655 -0.107253
0 -0.0393187 -0.0821382 -0.11747
0 -0.0410077 -0.0868765 -0.126169
0 -0.0422943 -0.0904857 -0.132803
0 -0.0431976 -0.0928871 -0.136962
0 -0.0437196 -0.0940039 -0.138443
0 -0.0438181 -0.0937423 -0.13729
0 -0.0433915 -0.0920167 -0.133798
0 -0.0423338 -0.0888333 -0.128408
0 -0.0406175 -0.0843462 -0.121593
0 -0.0383215 -0.0788262 -0.113764
0 -0.0355998 -0.0725827 -0.105224
0 -0.0326335 -0.0659056 -0.0961735
0 -0.0295869 -0.0590352 -0.0867669
0 -0.0265624 -0.0521445 -0.0771453
0 -0.023573 -0.0453404 -0.0674363
0 -0.0205776 -0.0386616 -0.0577502
0 -0.0175389 -0.0320926 -0.0481785
0 -0.014437 -0.0255814 -0.038781
0 -0.0112606 -0.0190653 -0.0295776
0 -0.00800246 -0.0125157 -0.0205486
0 -0.00465614 -0.00594111 -0.0116395
0 -0.00123178 0.000645468 -0.0027787
0 0.00221963 0.00722373 0.00608767
0 0.00558353 0.01371 0.0149415
0 0.00869764 0.0199246 0.0236649
0 0.0114249 0.0256465 0.0320776
0 0.0136979 0.030686 0.0399719
0 0.0155016 0.0349216 0.0471037
0 0.0168514 0.0383054 0.0531938
0 0.0177783 0.0408266 0.0579621
0 0.0183057 0.0424509 0.0611568
0 0.0184257 0.0430879 0.0625653
0 0.0181137 0.0426083 0.0620303
0 0.0173489 0.0408805 0.0594802
0 0.0160866 0.0378045 0.0549414
0 0.0142419 0.0333366 0.0485047
0 0.0117298 0.0274819 0.0402755
0 0.00853031 0.0202793 0.0303537
0 0.00473865 0.0118346 0.0188716
0 0.00051666 0.00236427 0.00600817
0 -0.00402288 -0.00782567 -0.00805899
0 -0.00884732 -0.0184598 -0.0231656
0 -0.0139478 -0.0293979 -0.0391214
0 -0.0192836 -0.0406018 -0.0556673
0 -0.0247465 -0.0520083 -0.0724492
0 -0.0302096 -0.0634471 -0.0890913
0 -0.0356249 -0.0746877 -0.105303
0 -0.0409812 -0.0855111 -0.120854
0 -0.0461577 -0.0957387 -0.135499
0 -0.050887 -0.105238 -0.148982
0 -0.0549497 -0.113863 -0.161083
0 -0.0583423 -0.121388 -0.171676
0 -0.0611496 -0.127551 -0.180681
0 -0.0633642 -0.132208 -0.187941
0 -0.0648685 -0.135354 -0.1932
0 -0.0655476 -0.13703 -0.196217
0 -0.0654333 -0.13724 -0.196875
0 -0.0647232 -0.13596 -0.195194
0 -0.0636167 -0.133212 -0.19129
0 -0.0621462 -0.129126 -0.185337
0 -0.0602061 -0.123891 -0.177568
0 -0.0577096 -0.117627 -0.168275
0 -0.054676 -0.110381 -0.157766
0 -0.0511848 -0.102228 -0.146319
0 -0.0472873 -0.0933226 -0.134132
0 -0.042988 -0.0838621 -0.121325
0 -0.038308 -0.0739928 -0.107979
0 -0.033323 -0.0637728 -0.0941668
0 -0.0281178 -0.0532379 -0.0799464
0 -0.0227527 -0.0424747 -0.065359
0 -0.0172918 -0.0316169 -0.05046
0 -0.011812 -0.0207874 -0.035325
0 -0.00638228 -0.0100566 -0.0200405
0 -0.00107431 0.000529328 -0.00472297
0 0.00403562 0.0108927 0.0104711
0 0.00888915 0.0209105 0.0253592
0 0.0134556 0.0304455 0.0397395
0 0.0177178 0.039378 0.0533717
0 0.0216531 0.0476085 0.0659712
0 0.0252287 0.0550392 0.0772503
0 0.0284105 0.0615615 0.0869503
0 0.0311638 0.0670548 0.0948501
0 0.0334242 0.0713769 0.100776
0 0.0350807 0.0743714 0.104609
0 0.0360025 0.0758954 0.106284
0 0.0360816 0.0758377 0.105817
0 0.0352924 0.074128 0.103306
0 0.0337222 0.0707696 0.0988717
0 0.0315051 0.0658889 0.0925977
0 0.028759 0.0597302 0.0845535
0 0.0255931 0.0525728 0.0748608
0 0.0221142 0.0446529 0.0637505
0 0.0184144 0.0361421 0.0515595
0 0.0145461 0.0271804 0.0386596
0 0.0105073 0.0179273 0.0253682
0 0.00627138 0.00855687 0.0119303
0 0.00184978 -0.000778036 -0.00143913
0 -0.00265363 -0.00995024 -0.0145185
0 -0.00706328 -0.0188327 -0.0270843
0 -0.0112178 -0.0272624 -0.0389371
0 -0.0150091 -0.0350298 -0.0498961
0 -0.0183608 -0.041923 -0.0597834
0 -0.0212012 -0.0477786 -0.0684219
0 -0.0234518 -0.0524923 -0.0756287
0 -0.025045 -0.0559958 -0.0812219
0 -0.0259522 -0.0582351 -0.0850377
0 -0.0262003 -0.0591735 -0.0869522
0 -0.0258756 -0.0588117 -0.0868943
0 -0.025101 -0.0571995 -0.084854
0 -0.0239799 -0.0544421 -0.0809112
0 -0.0225726 -0.050716 -0.0752761
0 -0.0209216 -0.0462527 -0.0682973
0 -0.0190677 -0.0412814 -0.0604211
0 -0.0170414 -0.0359853 -0.0521106
0 -0.0148614 -0.0305017 -0.0437599
0 -0.0125512 -0.0249476 -0.0356459
0 -0.0101446 -0.0194346 -0.027926
0 -0.00768603 -0.0140655 -0.0206636
0 -0.00524295 -0.00892619 -0.0138618
0 -0.00289804 -0.00408805 -0.00748788
0 -0.000729391 0.000376275 -0.00150461
0 0.00119055 0.00439474 0.00408643
0 0.00280005 0.00790106 0.0092252
0 0.00406062 0.0108266 0.0137986
0 0.00496478 0.013112 0.0176601
0 0.00554019 0.0147321 0.0206632
0 0.0058319 0.0156979 0.0226785
0 0.00587382 0.0160301 0.0235949
0 0.00568982 0.0157373 0.0233368
0 0.0053064 0.0148171 0.0218994
0 0.00473815 0.0132745 0.0193719
0 0.0039662 0.0111391 0.0159118
0 0.00295404 0.00846555 0.0117041
0 0.00169018 0.00532411 0.00694107
0 0.000210421 0.00179528 0.00180261
0 -0.00141617 -0.00201895 -0.00356161
0 -0.00311609 -0.00598914 -0.00904077
0 -0.00482278 -0.00997624 -0.0145503
0 -0.00647203 -0.0138473 -0.0200036
0 -0.00799639 -0.0174732 -0.0252829
0 -0.0093301 -0.0207292 -0.0302248
0 -0.0104244 -0.0235029 -0.034629
0 -0.0112536 -0.0257091 -0.0382824
0 -0.0118193 -0.0272991 -0.0409962
0 -0.0121481 -0.0282505 -0.0426409
0 -0.0122705 -0.0285639 -0.0431608
0 -0.0121995 -0.0282631 -0.0425771
0 -0.0119306 -0.0273832 -0.0409888
0 -0.0114564 -0.025968 -0.0385623
0 -0.010778 -0.0240798 -0.0355006
0 -0.00991205 -0.0218061 -0.0320072
0 -0.00888872 -0.0192481 -0.0282519
0 -0.00773771 -0.0164929 -0.0243443
0 -0.00648143 -0.0135927 -0.0203321
0 -0.00515134 -0.01058 -0.0162316
0 -0.00379782 -0.00750289 -0.0120584
0 -0.00247583 -0.0044421 -0.00784648
0 -0.00123378 -0.00150609 -0.00366732
0 -0.000119068 0.00118633 0.000355293
0 0.000817345 0.00352642 0.00404609
0 0.0015269 0.00541691 0.0071952
0 0.00197177 0.0067581 0.00958291
0 0.00214135 0.00746371 0.0110187
0 0.00206015 0.00749359 0.0113766
0 0.00176817 0.00686328 0.0106069
0 0.00129691 0.00563158 0.00874417
0 0.000660161 0.00387579 0.00591056
0 -0.000136292 0.00167512 0.00230437
0 -0.00108965 -0.000896267 -0.00183746
0 -0.00220317 -0.00377131 -0.00629299
0 -0.00347455 -0.006888 -0.0108947
0 -0.00488528 -0.0101941 -0.0155454
0 -0.00640792 -0.0136468 -0.0202136
0 -0.00801239 -0.0172022 -0.0249162
0 -0.00966164 -0.0208063 -0.0296915
0 -0.0113108 -0.0243938 -0.0345632
0 -0.0129087 -0.0279029 -0.039509
0 -0.0144018 -0.0312811 -0.0444422
0 -0.0157322 -0.0344408 -0.049199
0 -0.016832 -0.0372226 -0.0535395
0 -0.0176442 -0.0394403 -0.0571938
0 -0.0181373 -0.040944 -0.0599079
0 -0.0182924 -0.0416414 -0.0614614
0 -0.0181113 -0.0414991 -0.0616908
0 -0.0176379 -0.0405372 -0.0605219
0 -0.01694 -0.0388193 -0.0579945
0 -0.0160701 -0.0364478 -0.0542681
0 -0.015042 -0.0335468 -0.0495948
0 -0.0138419 -0.0302373 -0.0442769
0 -0.012461 -0.0266238 -0.0386193
0 -0.0109154 -0.022797 -0.0328754
0 -0.00924769 -0.0188421 -0.027215
0 -0.00751631 -0.0148515 -0.0217347
0 -0.0057817 -0.0109364 -0.0164883
0 -0.00409924 -0.0072125 -0.0115049
0 -0.00251447 -0.00376007 -0.00679545
0 -0.00106244 -0.000610898 -0.00236753
0 0.000227675 0.00223121 0.00175007
0 0.00133288 0.00475463 0.0054945
0 0.00223657 0.00690938 0.0087718
0 0.00291508 0.00860474 0.0114566
0 0.00333456 0.00974205 0.0134035
0 0.00346865 0.0102509 0.0144768
0 0.00331103 0.0100927 0.0145645
0 0.00287481 0.00924674 0.0135804
0 0.00218383 0.00770944 0.0114808
0 0.00126695 0.00551112 0.00829342
0 0.000161446 0.00273249 0.00413725
0 -0.00108119 -0.000490521 -0.000773447
0 -0.0024111 -0.00398836 -0.00616204
0 -0.00380194 -0.00760812 -0.0117548
0 -0.00523692 -0.0112412 -0.0173177
0 -0.0066895 -0.0148079 -0.0226592
0 -0.00812345 -0.0182315 -0.0276274
0 -0.00949206 -0.0214174 -0.0321014
0 -0.0107348 -0.0242429 -0.0359834
0 -0.0117764 -0.0265717 -0.0391863
0 -0.0125371 -0.0282871 -0.0416223
0 -0.0129603 -0.0293139 -0.0432086
0 -0.0130381 -0.0296317 -0.0438837
0 -0.0128227 -0.0292829 -0.0436265
0 -0.0124041 -0.0283599 -0.0424637
0 -0.0118601 -0.0269758 -0.0404689
0 -0.0112326 -0.025247 -0.0377722
0 -0.0105353 -0.0232754 -0.0345567
0 -0.00976421 -0.0211308 -0.0310294
0 -0.00890936 -0.0188552 -0.0273826
0 -0.00796783 -0.0164802 -0.0237656
0 -0.0069535 -0.0140429 -0.0202776
0 -0.00589698 -0.0115975 -0.0169749
0 -0.0048351 -0.00921684 -0.013877
0 -0.00380275 -0.00696855 -0.0109723
0 -0.00283176 -0.00488744 -0.00823015
0 -0.00194875 -0.00297508 -0.00562116
0 -0.00116884 -0.00122068 -0.0031367
0 -0.00049179 0.000376559 -0.000795933
0 9.1016e-05 0.00179852 0.00135531
0 0.000580098 0.00301107 0.00324525
0 0.000955922 0.00396637 0.00477893
0 0.00118691 0.00460604 0.00585245
0 0.00125088 0.00487413 0.00637642
0 0.00115118 0.00473888 0.00629592
0 0.00092097 0.00421771 0.00560827
0 0.000601284 0.00337619 0.00436464
0 0.000212786 0.00229429 0.00265417
0 -0.000243711 0.00103431 0.00059169
0 -0.000773179 -0.000371069 -0.00169652
0 -0.00137774 -0.00190756 -0.00409329
0 -0.00205569 -0.00355965 -0.00651171
0 -0.0028021 -0.00530214 -0.00890873
0 -0.00360258 -0.00710258 -0.011281
0 -0.00442691 -0.00892438 -0.0136445
0 -0.00523696 -0.0107297 -0.016015
0 -0.00600119 -0.0124833 -0.0183961
0 -0.00670254 -0.0141563 -0.0207752
0 -0.00734167 -0.0157311 -0.0231233
0 -0.00792977 -0.017201 -0.025395
0 -0.00847665 -0.0185659 -0.0275304
0 -0.00899042 -0.0198305 -0.0294697
0 -0.00948276 -0.021 -0.0311726
0 -0.00996507 -0.0220758 -0.0326291
0 -0.0104373 -0.023054 -0.0338565
0 -0.0108812 -0.0239233 -0.034887
0 -0.0112668 -0.0246665 -0.0357559
0 -0.0115653 -0.0252658 -0.0364911
0 -0.0117597 -0.0257056 -0.0371034
0 -0.0118471 -0.0259743 -0.0375804
0 -0.0118291 -0.026058 -0.0378784
0 -0.0117003 -0.025927 -0.0379174
0 -0.0114543 -0.025539 -0.0375971
0 -0.0110973 -0.0248602 -0.0368292
0 -0.0106454 -0.0238799 -0.0355593
0 -0.0101104 -0.0226079 -0.0337749
0 -0.00950226 -0.0210759 -0.0315147
0 -0.00884017 -0.0193446 -0.0288757
0 -0.00815027 -0.0174976 -0.0259984
0 -0.00745928 -0.0156262 -0.0230438
0 -0.00679367 -0.0138167 -0.0201754
0 -0.00618179 -0.0121518 -0.0175521
0 -0.00564666 -0.0107142 -0.0153171
0 -0.00519914 -0.00957051 -0.0135784
0 -0.00484233 -0.00874819 -0.0123925
0 -0.00457743 -0.0082329 -0.011757
0 -0.00441085 -0.00799514 -0.0116244
0 -0.00435289 -0.00801386 -0.0119183
0 -0.00440959 -0.00827822 -0.0125468
0 -0.00457775 -0.00877399 -0.0134184
0 -0.00484141 -0.00946473 -0.0144529
0 -0.0051703 -0.0102859 -0.0155834
0 -0.00552262 -0.0111542 -0.0167515
0 -0.0058519 -0.011982 -0.0178987
0 -0.00611554 -0.0126892 -0.0189587
0 -0.00627826 -0.0132063 -0.0198497
0 -0.00631236 -0.0134705 -0.0204698
0 -0.00620351 -0.0134278 -0.0207061
0 -0.00595413 -0.0130412 -0.020452
0 -0.00557705 -0.0122943 -0.0196239
0 -0.00508679 -0.0111913 -0.0181746
0 -0.00449402 -0.00975089 -0.0161019
0 -0.00380652 -0.00799899 -0.0134517
0 -0.00303634 -0.00597502 -0.0103198
0 -0.00220047 -0.00374909 -0.00685224
0 -0.00131594 -0.00142108 -0.00323207
0 -0.000405272 0.000901554 0.000345648
0 0.00048866 0.00311073 0.00369171
0 0.00130078 0.00508641 0.00663013
0 0.00196425 0.0067027 0.00901086
0 0.00242855 0.00784927 0.0107193
0 0.00265563 0.00844312 0.0116664
0 0.00261386 0.00842945 0.0117766
0 0.00229155 0.00778237 0.0109931
0 0.00170764 0.00650616 0.00929177
0 0.000898177 0.00463566 0.00668702
0 -0.000104194 0.00222946 0.00323298
0 -0.00128142 -0.000649515 -0.000981058
0 -0.00262834 -0.00394671 -0.00583908
0 -0.00414299 -0.00761167 -0.0112107
0 -0.00581231 -0.011588 -0.0169631
0 -0.00759667 -0.0158004 -0.0229683
0 -0.00943486 -0.0201386 -0.0291019
0 -0.011271 -0.0244561 -0.0352353
0 -0.013062 -0.0285996 -0.0412295
0 -0.0147534 -0.0324503 -0.0469202
0 -0.016275 -0.0359285 -0.0521192
0 -0.0175772 -0.0389628 -0.0566524
0 -0.0186508 -0.0414786 -0.0603905
0 -0.019505 -0.0434176 -0.063249
0 -0.0201399 -0.0447553 -0.0651807
0 -0.0205407 -0.0455005 -0.0661737
0 -0.0206896 -0.0456769 -0.0662562
0 -0.0205824 -0.0453058 -0.0655019
0 -0.0202348 -0.0444023 -0.0640169
0 -0.0196727 -0.0429942 -0.0619112
0 -0.018919 -0.0411413 -0.0592791
0 -0.0179939 -0.0389282 -0.0561944
0 -0.0169303 -0.0364431 -0.0527248
0 -0.0157783 -0.0337637 -0.0489448
0 -0.0145847 -0.0309524 -0.0449346
0 -0.0133727 -0.0280565 -0.0407697
0 -0.0121417 -0.0251081 -0.0365148
0 -0.010887 -0.0221297 -0.0322269
0 -0.00961496 -0.0191432 -0.0279626
0 -0.00833767 -0.0161795 -0.0237765
0 -0.0070661 -0.0132783 -0.0197166
0 -0.0058175 -0.010482 -0.0158262
0 -0.00461725 -0.00782901 -0.0121422
0 -0.00348937 -0.00534931 -0.00869294
0 -0.00244839 -0.00306405 -0.0054988
0 -0.00149663 -0.000985346 -0.00257169
0 -0.000627057 0.0008891 8.54936e-05
0 0.000169628 0.00257866 0.00247703
0 0.000899973 0.00410895 0.00461295
0 0.00156557 0.00549411 0.00650534
0 0.00215833 0.00672512 0.00816038
0 0.00265508 0.00776693 0.00956785
0 0.00301569 0.0085602 0.01069
0 0.00319212 0.00903079 0.0114594
0 0.00314768 0.00910405 0.011786
0 0.00287705 0.00872135 0.0115672
0 0.00241042 0.00786175 0.0107034
0 0.00179136 0.00655108 0.00911962
0 0.00105547 0.00484679 0.00678985
0 0.000225195 0.00280892 0.00375579
0 -0.000691817 0.000477471 0.00012463
0 -0.00170119 -0.00212321 -0.00395051
0 -0.00281656 -0.00496285 -0.00830245
0 -0.00404623 -0.00799331 -0.0127834
0 -0.0053756 -0.0111526 -0.0172827
0 -0.00677205 -0.0143753 -0.0217309
0 -0.00819975 -0.0175985 -0.026094
0 -0.00961758 -0.0207574 -0.0303553
0 -0.0109783 -0.0237809 -0.0344923
0 -0.0122369 -0.0265979 -0.0384619
0 -0.0133599 -0.0291578 -0.0421971
0 -0.014335 -0.0314363 -0.0456153
0 -0.0151734 -0.0334237 -0.048633
0 -0.0158944 -0.0351137 -0.0511778
0 -0.0165029 -0.0364906 -0.0531881
0 -0.0169791 -0.0375197 -0.0546136
0 -0.0172881 -0.0381534 -0.0554197
0 -0.0173949 -0.038345 -0.0555924
0 -0.0172799 -0.0380641 -0.0551384
0 -0.0169484 -0.0373067 -0.0540806
0 -0.0164215 -0.0360968 -0.0524438
0 -0.0157195 -0.0344751 -0.050245
0 -0.0148628 -0.0324898 -0.0475041
0 -0.0138798 -0.0301914 -0.0442614
0 -0.0128043 -0.0276318 -0.0405856
0 -0.0116646 -0.0248655 -0.0365679
0 -0.010479 -0.0219527 -0.0323132
0 -0.00926758 -0.0189666 -0.0279394
0 -0.00807028 -0.0160047 -0.0235881
0 -0.00694574 -0.0131968 -0.0194298
0 -0.00595614 -0.0106961 -0.015658
0 -0.00515495 -0.00864364 -0.0124687
0 -0.00457716 -0.00713565 -0.0100307
0 -0.00424004 -0.00622126 -0.00847275
0 -0.00414156 -0.00590894 -0.00787145
0 -0.00425265 -0.00616914 -0.00823024
0 -0.00451887 -0.00692831 -0.00946357
0 -0.0048786 -0.00806443 -0.0113971
0 -0.00529034 -0.00943006 -0.0137963
0 -0.00574271 -0.0108927 -0.0164088
0 -0.00623719 -0.0123644 -0.0190026
0 -0.00676782 -0.0138062 -0.0213965
0 -0.00732421 -0.015204 -0.0234809
0 -0.00790469 -0.0165424 -0.0252256
0 -0.00850746 -0.0177981 -0.026668
0 -0.00910464 -0.0189445 -0.0278796
0 -0.00963555 -0.0199488 -0.0289294
0 -0.0100317 -0.0207637 -0.0298605
0 -0.010249 -0.0213336 -0.0306762
0 -0.0102832 -0.021616 -0.0313333
0 -0.0101618 -0.0215992 -0.0317462
0 -0.00992667 -0.0213035 -0.0318053
0 -0.00962071 -0.0207668 -0.0314108
0 -0.00927753 -0.0200259 -0.0305047
0 -0.00891541 -0.0191043 -0.0290906
0 -0.00853303 -0.0180131 -0.0272348
0 -0.00810918 -0.0167553 -0.0250455
0 -0.0076152 -0.0153343 -0.022648
0 -0.00703319 -0.0137665 -0.0201642
0 -0.00636133 -0.012088 -0.0176963
0 -0.00561378 -0.0103505 -0.0153121
0 -0.00482375 -0.00860899 -0.0130414
0 -0.00403848 -0.00691587 -0.0108837
0 -0.0033066 -0.00532171 -0.00882811
0 -0.00266963 -0.00388084 -0.00687843
0 -0.00216022 -0.00265114 -0.00507289
0 -0.00180067 -0.00168538 -0.00349051
0 -0.00159791 -0.00102212 -0.00223873
0 -0.00154104 -0.000682237 -0.00142987
0 -0.00160891 -0.000673651 -0.00116049
0 -0.00178297 -0.000998872 -0.00149662
0 -0.00205651 -0.00165836 -0.00246089
0 -0.00243273 -0.00264652 -0.00402226
0 -0.0029171 -0.0039451 -0.0060984
0 -0.00351298 -0.00552084 -0.00857428
0 -0.00421875 -0.00732777 -0.0113264
0 -0.00502573 -0.00931393 -0.0142452
0 -0.00591497 -0.011426 -0.0172478
0 -0.00685635 -0.0136125 -0.0202792
0 -0.00781327 -0.0158248 -0.0233031
0 -0.00875121 -0.0180128 -0.0262919
0 -0.00964266 -0.0201195 -0.0292168
0 -0.0104641 -0.0220844 -0.0320354
0 -0.0111945 -0.0238563 -0.0346843
0 -0.011818 -0.0254049 -0.0370814
0 -0.0123305 -0.0267148 -0.0391408
0 -0.0127435 -0.0277755 -0.0407928
0 -0.0130731 -0.0285787 -0.0419932
0 -0.0133248 -0.0291196 -0.0427248
0 -0.0134877 -0.0293957 -0.0429973
0 -0.0135411 -0.0294031 -0.0428435
0 -0.0134655 -0.0291356 -0.0423122
0 -0.0132527 -0.0285907 -0.0414543
0 -0.0129132 -0.0277848 -0.0403152
0 -0.0124762 -0.0267642 -0.0389353
0 -0.0119819 -0.0255989 -0.0373546
0 -0.0114723 -0.024365 -0.0356213
0 -0.0109777 -0.0231244 -0.0337929
0 -0.0105033 -0.0219079 -0.0319251
0 -0.0100349 -0.0207141 -0.0300652
0 -0.00955717 -0.0195279 -0.0282542
0 -0.00906428 -0.0183383 -0.0265239
0 -0.00855839 -0.017149 -0.0248922
0 -0.00804971 -0.0159841 -0.0233657
0 -0.00755636 -0.0148813 -0.0219451
0 -0.00710138 -0.0138755 -0.0206291
0 -0.00670808 -0.0129912 -0.0194213
0 -0.00639492 -0.0122459 -0.0183375
0 -0.00616988 -0.0116559 -0.0174074
0 -0.00602901 -0.0112343 -0.0166721
0 -0.00596306 -0.0109899 -0.0161778
0 -0.00596545 -0.0109281 -0.0159695
0 -0.00603235 -0.01105 -0.0160789
0 -0.00615668 -0.0113486 -0.0165109
0 -0.00632838 -0.0118077 -0.0172392
0 -0.00654203 -0.0124048 -0.0182136
0 -0.0067991 -0.0131164 -0.019372
0 -0.00710073 -0.0139187 -0.0206479
0 -0.007442 -0.0147887 -0.0219786
0 -0.00781089 -0.0157026 -0.0233121
0 -0.0081895 -0.0166279 -0.024607
0 -0.00856079 -0.0175264 -0.0258337
0 -0.00891266 -0.0183632 -0.0269744
0 -0.00923754 -0.0191182 -0.0280209
0 -0.0095313 -0.0197902 -0.0289716
0 -0.00978945 -0.0203869 -0.0298246
0 -0.0100065 -0.0209093 -0.0305731
0 -0.0101807 -0.0213492 -0.0312069
0 -0.0103147 -0.0216942 -0.0317157
0 -0.0104105 -0.0219359 -0.0320883
0 -0.0104678 -0.0220749 -0.0323147
0 -0.0104867 -0.0221182 -0.0323905
0 -0.0104685 -0.0220725 -0.0323173
0 -0.0104152 -0.0219393 -0.0321024
0 -0.0103275 -0.0217169 -0.0317561
0 -0.0102057 -0.021407 -0.0312918
0 -0.0100547 -0.021023 -0.0307288
0 -0.0098828 -0.0205863 -0.0300914
0 -0.00969607 -0.0201169 -0.029402
0 -0.00949696 -0.0196262 -0.0286787
0 -0.00928704 -0.0191187 -0.0279359
0 -0.00906767 -0.0185948 -0.0271841
0 -0.00883789 -0.0180526 -0.0264274
0 -0.00859366 -0.0174888 -0.0256617
0 -0.00833091 -0.0168981 -0.0248764
0 -0.00804884 -0.0162748 -0.0240574
0 -0.00774883 -0.0156126 -0.0231883
0 -0.00743203 -0.0149049 -0.0222516
0 -0.0071009 -0.0141491 -0.0212342
0 -0.0067642 -0.0133549 -0.0201368
0 -0.00643888 -0.0125509 -0.0189824
0 -0.00614254 -0.0117797 -0.0178163
0 -0.00588979 -0.0110875 -0.0167027
0 -0.00569668 -0.01052 -0.015724
0 -0.00557742 -0.0101174 -0.0149696
0 -0.00553704 -0.00991025 -0.0145186
0 -0.00556927 -0.00991442 -0.0144233
0 -0.00565924 -0.0101236 -0.0146981
0 -0.00578778 -0.010505 -0.0153119
0 -0.00593642 -0.0110033 -0.0161892
0 -0.00609586 -0.0115603 -0.0172262
0 -0.00626922 -0.0121364 -0.018315
0 -0.00646717 -0.0127188 -0.0193655
0 -0.00670425 -0.0133207 -0.0203254
0 -0.00699683 -0.0139699 -0.0211919
0 -0.00735784 -0.0146942 -0.0220092
0 -0.00778679 -0.0155106 -0.0228512
0 -0.00826198 -0.016419 -0.0237965
0 -0.00874374 -0.0173967 -0.0249043
0 -0.00918723 -0.0184004 -0.0261965
0 -0.00955923 -0.0193771 -0.0276498
0 -0.00985167 -0.0202822 -0.0291981
0 -0.0100812 -0.02109 -0.030741
0 -0.0102736 -0.0217918 -0.0321549
0 -0.0104501 -0.0223889 -0.0333191
0 -0.0106208 -0.0228786 -0.0341427
0 -0.0107795 -0.0232397 -0.0345801
0 -0.0109083 -0.0234388 -0.0346375
0 -0.0109836 -0.0234475 -0.0343674
0 -0.0109741 -0.0232502 -0.0338414
0 -0.0108479 -0.0228427 -0.0331221
0 -0.0105902 -0.0222299 -0.0322483
0 -0.0102146 -0.0214273 -0.0312325
0 -0.00975503 -0.0204605 -0.0300646
0 -0.00924664 -0.0193613 -0.0287206
0 -0.00871644 -0.0181646 -0.0271793
0 -0.00818561 -0.0169081 -0.0254429
0 -0.00767286 -0.0156282 -0.0235472
0 -0.0071933 -0.0143576 -0.0215595
0 -0.00674892 -0.0131255 -0.0195669
0 -0.00632662 -0.0119588 -0.0176631
0 -0.00591149 -0.0108777 -0.015936
0 -0.00550029 -0.00989047 -0.0144527
0 -0.00510486 -0.00900444 -0.0132497
0 -0.00474632 -0.00824019 -0.0123315
0 -0.00445048 -0.00763489 -0.0116802
0 -0.00424438 -0.00722993 -0.0112701
0 -0.00415246 -0.00705485 -0.0110828
0 -0.00419438 -0.00712559 -0.0111236
0 -0.00437169 -0.00744474 -0.0114187
0 -0.00465886 -0.00799846 -0.0120005
0 -0.00501864 -0.00875798 -0.0128958
0 -0.00542356 -0.00968805 -0.0141177
0 -0.00586694 -0.010763 -0.0156611
0 -0.00635811 -0.0119771 -0.0175006
0 -0.00690814 -0.0133381 -0.0195897
0 -0.00752025 -0.0148482 -0.0218662
0 -0.00818795 -0.0164901 -0.0242633
0 -0.00889168 -0.0182189 -0.0267146
0 -0.00959743 -0.0199569 -0.0291491
0 -0.0102688 -0.0216097 -0.0314938
0 -0.0108731 -0.023094 -0.0336741
0 -0.0113782 -0.0243525 -0.0356053
0 -0.0117615 -0.0253532 -0.0372005
0 -0.0120243 -0.0260827 -0.0383898
0 -0.0121865 -0.026539 -0.039131
0 -0.0122692 -0.0267304 -0.0394125
0 -0.0122797 -0.0266738 -0.0392516
0 -0.0122108 -0.0263885 -0.0386924
0 -0.0120567 -0.0258966 -0.037806
0 -0.0118223 -0.0252256 -0.0366811
0 -0.0115184 -0.0244089 -0.0354042
0 -0.0111561 -0.0234856 -0.034045
0 -0.0107483 -0.0224975 -0.0326509
0 -0.0103112 -0.02148 -0.0312489
0 -0.00986432 -0.0204583 -0.0298517
0 -0.00942427 -0.0194465 -0.0284635
0 -0.00899861 -0.0184506 -0.0270839
0 -0.00858959 -0.0174761 -0.0257162
0 -0.00820091 -0.0165342 -0.0243737
0 -0.00784238 -0.015646 -0.0230839
0 -0.007527 -0.0148415 -0.0218868
0 -0.00726124 -0.0141492 -0.0208255
0 -0.00704084 -0.0135825 -0.0199353
0 -0.0068559 -0.0131351 -0.0192375
0 -0.00669776 -0.012787 -0.0187365
0 -0.00656082 -0.0125163 -0.0184176
0 -0.00644348 -0.0123102 -0.0182505
0 -0.00634863 -0.0121661 -0.0181953
0 -0.00628131 -0.0120839 -0.018209
0 -0.00624975 -0.012063 -0.0182573
0 -0.00626618 -0.0121073 -0.0183273
0 -0.00633888 -0.0122269 -0.0184302
0 -0.00646427 -0.0124326 -0.0185942
0 -0.0066284 -0.0127274 -0.018855
0 -0.00681508 -0.0131025 -0.0192457
0 -0.00701299 -0.013542 -0.0197889
0 -0.00721559 -0.0140301 -0.0204875
0 -0.00742239 -0.0145604 -0.0213247
0 -0.00764337 -0.0151418 -0.0222746
0 -0.00789322 -0.0157903 -0.0233087
0 -0.00818299 -0.0165169 -0.0244003
0 -0.00851548 -0.0173198 -0.0255285
0 -0.00888473 -0.0181824 -0.0266803
0 -0.0092745 -0.0190752 -0.0278474
0 -0.00965763 -0.0199574 -0.0290171
0 -0.0100074 -0.0207884 -0.0301715
0 -0.0103048 -0.0215347 -0.0312827
0 -0.0105395 -0.0221713 -0.0323081
0 -0.0107094 -0.0226805 -0.033192
0 -0.010817 -0.0230468 -0.0338715
0 -0.0108628 -0.0232508 -0.0342844
0 -0.0108428 -0.0232685 -0.0343792
0 -0.0107504 -0.0230763 -0.0341229
0 -0.0105779 -0.0226576 -0.0335048
0 -0.0103209 -0.0220103 -0.0325381
0 -0.00998212 -0.0211503 -0.0312585
0 -0.00957018 -0.0201084 -0.0297164
0 -0.00909879 -0.0189238 -0.0279704
0 -0.00858664 -0.0176411 -0.0260852
0 -0.00805485 -0.0163066 -0.0241287
0 -0.00752099 -0.0149642 -0.0221641
0 -0.00699404 -0.0136512 -0.0202454
0 -0.0064778 -0.0123974 -0.0184188
0 -0.00597877 -0.0112226 -0.0167229
0 -0.00550793 -0.0101369 -0.0151857
0 -0.00507514 -0.00914683 -0.0138217
0 -0.00468513 -0.00826127 -0.012632
0 -0.00434162 -0.00749254 -0.0116108
0 -0.00405441 -0.00685513 -0.0107558
0 -0.00383757 -0.0063629 -0.0100723
0 -0.00369994 -0.00602573 -0.0095714
0 -0.00364398 -0.0058528 -0.00927059
0 -0.00367192 -0.0058579 -0.00919828
0 -0.00378431 -0.00605596 -0.00938832
0 -0.00397832 -0.0064577 -0.00987223
0 -0.00425291 -0.00706915 -0.0106749
0 -0.00461056 -0.00789354 -0.0118107
0 -0.00505429 -0.008933 -0.0132806
0 -0.00558439 -0.0101864 -0.0150709
0 -0.00619388 -0.0116407 -0.0171508
0 -0.00686807 -0.0132641 -0.0194725
0 -0.00758532 -0.0150063 -0.0219725
0 -0.00831596 -0.0168042 -0.0245731
0 -0.0090303 -0.0185943 -0.0271913
0 -0.00971366 -0.0203233 -0.0297512
0 -0.0103678 -0.0219532 -0.0321874
0 -0.0109943 -0.0234642 -0.0344409
0 -0.0115808 -0.0248442 -0.0364556
0 -0.0121062 -0.0260721 -0.0381844
0 -0.0125522 -0.0271108 -0.0395975
0 -0.0129022 -0.0279123 -0.0406763
0 -0.0131336 -0.0284335 -0.0414006
0 -0.0132229 -0.0286494 -0.0417464
0 -0.0131566 -0.0285505 -0.0416875
0 -0.012943 -0.0281381 -0.0412023
0 -0.01261 -0.0274244 -0.0402811
0 -0.0121855 -0.0264341 -0.0389285
0 -0.0116835 -0.0252014 -0.0371673
0 -0.0111073 -0.02376 -0.0350406
0 -0.0104579 -0.0221374 -0.0326107
0 -0.00974074 -0.0203582 -0.0299527
0 -0.00896765 -0.0184522 -0.0271459
0 -0.00815709 -0.0164617 -0.0242684
0 -0.00732896 -0.0144407 -0.0213916
0 -0.00650366 -0.0124545 -0.0185815
0 -0.00570723 -0.0105727 -0.0159058
0 -0.0049748 -0.00885685 -0.0134368
0 -0.00434443 -0.00735921 -0.0112494
0 -0.00384233 -0.00612493 -0.00941588
0 -0.0034782 -0.00519493 -0.00800087
0 -0.00325427 -0.00460337 -0.00706041
0 -0.00317285 -0.00436937 -0.0066393
0 -0.00323639 -0.00449606 -0.00676515
0 -0.00344365 -0.0049782 -0.00744365
0 -0.00379062 -0.00581009 -0.00865945
0 -0.00427304 -0.00698322 -0.0103794
0 -0.00488379 -0.00847601 -0.0125529
0 -0.00561067 -0.0102492 -0.0151148
0 -0.00643529 -0.0122486 -0.0179896
0 -0.00733312 -0.0144123 -0.0210958
0 -0.00827428 -0.0166792 -0.0243505
0 -0.00922519 -0.0189906 -0.0276721
0 -0.0101574 -0.0212833 -0.0309818
0 -0.011051 -0.0234845 -0.0341968
0 -0.0118841 -0.0255212 -0.0372214
0 -0.012627 -0.0273326 -0.0399491
0 -0.0132495 -0.0288667 -0.0422743
0 -0.0137304 -0.0300737 -0.0441036
0 -0.0140581 -0.0309072 -0.0453646
0 -0.0142258 -0.0313324 -0.0460091
0 -0.0142272 -0.0313329 -0.0460154
0 -0.0140614 -0.0309147 -0.0453922
0 -0.0137374 -0.0301015 -0.0441787
0 -0.0132689 -0.0289284 -0.0424359
0 -0.0126714 -0.0274396 -0.0402378
0 -0.0119648 -0.0256893 -0.0376694
0 -0.0111745 -0.0237384 -0.0348216
0 -0.0103267 -0.0216507 -0.0317857
0 -0.00944939 -0.0194935 -0.0286524
0 -0.00857241 -0.0173333 -0.0255125
0 -0.00771825 -0.015228 -0.0224494
0 -0.00689752 -0.0132276 -0.0195373
0 -0.00611566 -0.0113704 -0.0168407
0 -0.00538184 -0.00967756 -0.0144108
0 -0.00471108 -0.00815973 -0.0122813
0 -0.00412007 -0.00683152 -0.010471
0 -0.00362501 -0.0057205 -0.00898926
0 -0.00324308 -0.00486382 -0.00784405
0 -0.0029915 -0.00429359 -0.00704704
0 -0.00288392 -0.0040267 -0.0066163
0 -0.00292645 -0.00406758 -0.00657593
0 -0.00311001 -0.00441384 -0.00695064
0 -0.00341004 -0.00505503 -0.00775631
0 -0.00380139 -0.00596756 -0.00899177
0 -0.00426799 -0.00711423 -0.010632
0 -0.00479958 -0.00845158 -0.0126237
0 -0.00538481 -0.00993601 -0.0148851
0 -0.0060112 -0.0115263 -0.017318
0 -0.00666871 -0.0131848 -0.0198255
0 -0.00734526 -0.014874 -0.0223223
0 -0.00802701 -0.0165539 -0.0247392
0 -0.00870267 -0.0181817 -0.0270257
0 -0.00935845 -0.0197156 -0.0291476
0 -0.00997311 -0.0211204 -0.031081
0 -0.010522 -0.0223692 -0.0328076
0 -0.0109817 -0.0234374 -0.0343068
0 -0.0113366 -0.0242997 -0.0355525
0 -0.0115849 -0.0249355 -0.0365175
0 -0.0117304 -0.0253324 -0.0371713
0 -0.0117755 -0.0254868 -0.0374822
0 -0.0117259 -0.0254053 -0.0374298
0 -0.0115962 -0.0251049 -0.0370159
0 -0.0114065 -0.0246118 -0.0362695
0 -0.0111713 -0.0239594 -0.0352419
0 -0.0108943 -0.0231828 -0.033999
0 -0.0105734 -0.022312 -0.0326122
0 -0.0102038 -0.0213635 -0.0311434
0 -0.00978414 -0.0203437 -0.029637
0 -0.00932156 -0.0192606 -0.0281197
0 -0.00882903 -0.0181293 -0.0266026
0 -0.00832584 -0.0169778 -0.0250907
0 -0.00783652 -0.0158457 -0.0235925
0 -0.00738365 -0.0147732 -0.0221221
0 -0.006981 -0.0137898 -0.0207006
0 -0.00663011 -0.0129087 -0.0193561
0 -0.0063244 -0.0121304 -0.0181239
0 -0.0060572 -0.0114511 -0.0170441
0 -0.00582442 -0.010869 -0.0161529
0 -0.00562276 -0.0103872 -0.0154718
0 -0.00545271 -0.0100149 -0.015005
0 -0.00532334 -0.00976472 -0.014744
0 -0.00525215 -0.00965179 -0.0146756
0 -0.00525861 -0.00969244 -0.0147895
0 -0.00535148 -0.00989779 -0.0150787
0 -0.00552351 -0.0102662 -0.0155402
0 -0.00575843 -0.0107813 -0.0161751
0 -0.00604283 -0.0114208 -0.0169904
0 -0.00636943 -0.012167 -0.017993
0 -0.00672927 -0.0130063 -0.0191776
0 -0.00711255 -0.013928 -0.0205229
0 -0.00751418 -0.0149225 -0.0219966
0 -0.00793207 -0.0159755 -0.0235591
0 -0.00836258 -0.0170661 -0.0251663
0 -0.00879777 -0.0181637 -0.0267701
0 -0.00922505 -0.0192303 -0.0283208
0 -0.00962663 -0.0202237 -0.0297677
0 -0.00998078 -0.0211026 -0.0310596
0 -0.0102691 -0.0218311 -0.0321487
0 -0.0104811 -0.0223827 -0.0329937
0 -0.0106143 -0.0227413 -0.0335617
0 -0.0106716 -0.022902 -0.0338324
0 -0.0106536 -0.0228647 -0.0337948
0 -0.0105559 -0.0226274 -0.0334454
0 -0.0103749 -0.0221873 -0.0327909
0 -0.0101112 -0.0215452 -0.0318488
0 -0.00977193 -0.0207141 -0.030647
0 -0.00936837 -0.0197208 -0.0292213
0 -0.00891306 -0.0186 -0.0276114
0 -0.00841956 -0.017388 -0.0258613
0 -0.00790251 -0.0161186 -0.0240189
0 -0.00737732 -0.0148228 -0.0221342
0 -0.0068581 -0.0135323 -0.0202569
0 -0.00635418 -0.0122814 -0.0184355
0 -0.00587303 -0.0111059 -0.0167184
0 -0.00543028 -0.0100413 -0.0151578
0 -0.00504996 -0.00912196 -0.0138087
0 -0.00475262 -0.00838191 -0.0127212
0 -0.00454919 -0.00785498 -0.0119366
0 -0.00444484 -0.00756957 -0.0114883
0 -0.00444671 -0.00754541 -0.0114051
0 -0.00456221 -0.00779231 -0.011709
0 -0.00478876 -0.00830701 -0.0124061
0 -0.0051136 -0.0090735 -0.0134827
0 -0.00552241 -0.0100664 -0.0149087
0 -0.00600426 -0.0112542 -0.0166404
0 -0.00655203 -0.0126043 -0.018625
0 -0.0071603 -0.0140892 -0.0208061
0 -0.00781997 -0.0156852 -0.0231274
0 -0.00851491 -0.0173665 -0.0255347
0 -0.00922557 -0.0190954 -0.0279777
0 -0.00993358 -0.0208185 -0.0304086
0 -0.0106196 -0.0224745 -0.0327769
0 -0.0112574 -0.0240081 -0.035021
0 -0.0118166 -0.0253755 -0.0370668
0 -0.0122742 -0.0265375 -0.038836
0 -0.0126231 -0.0274566 -0.0402582
0 -0.0128672 -0.0281034 -0.041277
0 -0.0130071 -0.0284612 -0.0418508
0 -0.0130334 -0.0285208 -0.0419518
0 -0.0129316 -0.0282723 -0.0415684
0 -0.0126899 -0.0276994 -0.0407047
0 -0.0123009 -0.026784 -0.0393722
0 -0.0117657 -0.0255226 -0.0375896
0 -0.0110991 -0.0239409 -0.0353878
0 -0.0103267 -0.0220922 -0.0328121
0 -0.00948107 -0.0200475 -0.0299244
0 -0.00859459 -0.0178808 -0.0268025
0 -0.00769284 -0.0156542 -0.0235335
0 -0.0067975 -0.0134202 -0.0202139
0 -0.00592618 -0.0112352 -0.0169495
0 -0.00508554 -0.00915626 -0.0138452
0 -0.00428441 -0.00723304 -0.0109987
0 -0.00354705 -0.0055086 -0.00849588
0 -0.00290204 -0.00402198 -0.00640006
0 -0.00237258 -0.00281523 -0.00474907
0 -0.00197935 -0.00193407 -0.00356394
0 -0.00174572 -0.00141814 -0.00286134
0 -0.00169364 -0.0012919 -0.00265882
0 -0.00182595 -0.00155703 -0.00296656
0 -0.00211862 -0.00219124 -0.00378031
0 -0.00253653 -0.00315489 -0.00508192
0 -0.00305107 -0.00439906 -0.00683791
0 -0.00364438 -0.00587271 -0.00899447
0 -0.00430475 -0.00752812 -0.0114751
0 -0.00502212 -0.00932375 -0.0141862
0 -0.00578781 -0.0112234 -0.0170313
0 -0.00659181 -0.0131935 -0.0199251
0 -0.00742008 -0.0152 -0.0227996
0 -0.00826081 -0.0172057 -0.0256064
0 -0.00910293 -0.0191706 -0.0283145
0 -0.00992549 -0.0210529 -0.0309003
0 -0.010699 -0.0228128 -0.0333392
0 -0.0113953 -0.0244166 -0.0356024
0 -0.0119955 -0.0258362 -0.0376538
0 -0.0124945 -0.0270474 -0.0394529
0 -0.0128971 -0.028034 -0.0409581
0 -0.013209 -0.028792 -0.0421308
0 -0.0134358 -0.0293281 -0.0429439
0 -0.0135803 -0.0296485 -0.0433866
0 -0.0136396 -0.0297501 -0.0434634
0 -0.0136046 -0.0296215 -0.0431911
0 -0.0134636 -0.0292504 -0.0425926
0 -0.0132098 -0.0286335 -0.0416917
0 -0.0128418 -0.0277776 -0.0405033
0 -0.0123662 -0.0266972 -0.0390336
0 -0.0118053 -0.0254187 -0.0372931
0 -0.0111902 -0.0239796 -0.0353048
0 -0.0105449 -0.0224218 -0.033102
0 -0.00988326 -0.0207891 -0.0307316
0 -0.00921346 -0.0191202 -0.0282539
0 -0.00854142 -0.017443 -0.0257377
0 -0.0078707 -0.0157753 -0.0232509
0 -0.00719948 -0.0141305 -0.0208488
0 -0.00652396 -0.0125263 -0.0185724
0 -0.00584717 -0.0109845 -0.016448
0 -0.00518751 -0.00952864 -0.01449
0 -0.00457515 -0.00818528 -0.0127056
0 -0.00403601 -0.00698248 -0.0110977
0 -0.0035839 -0.00594693 -0.00967065
0 -0.00322354 -0.00509871 -0.00843784
0 -0.00295498 -0.00444528 -0.00742366
0 -0.00277456 -0.00398258 -0.00665847
0 -0.00267479 -0.00370282 -0.00617091
0 -0.00264963 -0.00360548 -0.00598476
0 -0.00269836 -0.00370046 -0.00611618
0 -0.00282333 -0.00399999 -0.00656848
0 -0.00303033 -0.00451218 -0.00733324
0 -0.00332749 -0.0052387 -0.00839506
0 -0.00371687 -0.00617155 -0.00973169
0 -0.00418951 -0.00729141 -0.0113139
0 -0.00472788 -0.00856783 -0.0131069
0 -0.00531184 -0.00996157 -0.0150713
0 -0.00592287 -0.0114299 -0.0171635
0 -0.00654241 -0.0129312 -0.0193329
0 -0.00715275 -0.0144308 -0.0215245
0 -0.0077435 -0.0159019 -0.0236845
0 -0.00831208 -0.0173191 -0.0257624
0 -0.0088549 -0.018653 -0.0277088
0 -0.00936036 -0.0198724 -0.0294758
0 -0.00981047 -0.020946 -0.0310192
0 -0.0101883 -0.0218461 -0.032303
0 -0.0104844 -0.0225519 -0.0333038
0 -0.0106935 -0.0230474 -0.0340064
0 -0.0108104 -0.0233221 -0.0344002
0 -0.0108306 -0.0233718 -0.034479
0 -0.0107541 -0.0231984 -0.0342432
0 -0.0105901 -0.0228127 -0.0337039
0 -0.0103518 -0.0222339 -0.0328819
0 -0.0100527 -0.0214896 -0.0318072
0 -0.00970773 -0.0206165 -0.030523
0 -0.0093325 -0.0196558 -0.0290836
0 -0.00894212 -0.0186474 -0.0275514
0 -0.00855118 -0.017629 -0.0259939
0 -0.00817138 -0.0166352 -0.0244779
0 -0.00781008 -0.0156954 -0.0230621
0 -0.00747261 -0.0148362 -0.0217941
0 -0.00716762 -0.0140854 -0.0207131
0 -0.00690947 -0.0134723 -0.0198519
0 -0.00671337 -0.01302 -0.0192322
0 -0.00658913 -0.0127411 -0.0188614
0 -0.00654103 -0.0126393 -0.0187373
0 -0.00657035 -0.012714 -0.0188533
0 -0.00667385 -0.0129592 -0.0191993
0 -0.0068441 -0.0133628 -0.0197616
0 -0.00707153 -0.0139069 -0.0205229
0 -0.00734269 -0.014566 -0.0214578
0 -0.00764393 -0.0153125 -0.0225352
0 -0.0079663 -0.0161229 -0.0237229
0 -0.00830557 -0.0169796 -0.0249887
0 -0.00866039 -0.0178688 -0.026301
0 -0.0090252 -0.018773 -0.0276247
0 -0.00938513 -0.0196636 -0.0289188
0 -0.00972046 -0.0205027 -0.0301386
0 -0.010014 -0.0212498 -0.0312397
0 -0.0102522 -0.0218681 -0.0321776
0 -0.010423 -0.0223277 -0.0329066
0 -0.0105195 -0.0226096 -0.0333861
0 -0.0105418 -0.022706 -0.0335865
0 -0.0104921 -0.0226137 -0.0334895
0 -0.0103724 -0.0223324 -0.0330903
0 -0.0101865 -0.0218676 -0.0324006
0 -0.00993786 -0.0212322 -0.0314468
0 -0.00962915 -0.0204449 -0.0302656
0 -0.00926358 -0.0195266 -0.0288982
0 -0.00884575 -0.0184964 -0.0273847
0 -0.00838358 -0.0173737 -0.0257634
0 -0.00788822 -0.0161809 -0.0240701
0 -0.00737322 -0.0149455 -0.0223377
0 -0.00685168 -0.0136962 -0.0205936
0 -0.00633512 -0.0124604 -0.0188611
0 -0.00583501 -0.0112659 -0.0171657
0 -0.00536043 -0.0101363 -0.0155357
0 -0.00491793 -0.00908583 -0.0140007
0 -0.00451505 -0.0081244 -0.0125936
0 -0.00416155 -0.00726902 -0.0113503
0 -0.00386731 -0.00654703 -0.0103072
0 -0.00364008 -0.00598794 -0.00949599
0 -0.00348895 -0.00561677 -0.00894478
0 -0.00342637 -0.0054528 -0.00868006
0 -0.00346179 -0.00550854 -0.00872314
0 -0.00359499 -0.00578964 -0.00908609
0 -0.00381811 -0.0062951 -0.00977163
0 -0.00412542 -0.00701837 -0.0107762
0 -0.00451594 -0.0079486 -0.0120899
0 -0.00498611 -0.00907005 -0.0136915
0 -0.00552527 -0.0103606 -0.0155458
0 -0.00611687 -0.011789 -0.0176044
0 -0.00674227 -0.0133149 -0.0198097
0 -0.0073814 -0.0148926 -0.0220976
0 -0.0080148 -0.0164746 -0.0244011
0 -0.00863045 -0.0180164 -0.0266569
0 -0.00922318 -0.019481 -0.0288084
0 -0.00978581 -0.0208404 -0.0308046
0 -0.0103064 -0.0220755 -0.0326001
0 -0.0107738 -0.0231731 -0.0341617
0 -0.0111819 -0.0241203 -0.0354717
0 -0.011526 -0.0249009 -0.0365244
0 -0.0117962 -0.0254976 -0.0373182
0 -0.0119789 -0.0258961 -0.0378519
0 -0.0120608 -0.0260848 -0.0381203
0 -0.0120319 -0.026052 -0.0381104
0 -0.0118916 -0.0257868 -0.0378037
0 -0.0116521 -0.0252867 -0.0371832
0 -0.0113294 -0.0245616 -0.0362376
0 -0.0109341 -0.0236307 -0.0349655
0 -0.0104723 -0.0225164 -0.0333801
0 -0.0099514 -0.0212416 -0.0315154
0 -0.00938315 -0.0198327 -0.0294253
0 -0.00878038 -0.018321 -0.0271765
0 -0.00815654 -0.0167472 -0.0248439
0 -0.00752592 -0.0151578 -0.0225049
0 -0.00690279 -0.0136011 -0.020232
0 -0.00629821 -0.0121216 -0.0180881
0 -0.00572089 -0.0107543 -0.0161238
0 -0.00518511 -0.00952257 -0.0143777
0 -0.00471112 -0.00844442 -0.0128779
0 -0.00431419 -0.00753652 -0.0116395
0 -0.00399951 -0.00681539 -0.0106658
0 -0.00376874 -0.00629419 -0.00995516
0 -0.00362522 -0.00597687 -0.00950696
0 -0.00357512 -0.0058616 -0.00932505
0 -0.00362423 -0.00594965 -0.0094187
0 -0.00376855 -0.00624471 -0.00979613
0 -0.00399325 -0.00674426 -0.0104587
0 -0.00428514 -0.00743414 -0.0114005
0 -0.0046381 -0.00829039 -0.0126073
0 -0.00504517 -0.00928389 -0.0140491
0 -0.00549534 -0.0103869 -0.015681
0 -0.00597867 -0.011577 -0.0174508
0 -0.00648661 -0.0128319 -0.0193049
0 -0.00701188 -0.0141295 -0.0211945
0 -0.0075505 -0.0154486 -0.0230812
0 -0.00809618 -0.0167623 -0.0249313
0 -0.00863315 -0.0180358 -0.0267106
0 -0.00913854 -0.0192309 -0.0283848
0 -0.00959084 -0.0203119 -0.0299212
0 -0.00997557 -0.0212497 -0.0312872
0 -0.0102859 -0.0220235 -0.0324498
0 -0.0105211 -0.0226219 -0.0333762
0 -0.0106853 -0.0230432 -0.0340399
0 -0.010785 -0.0232924 -0.0344253
0 -0.0108259 -0.0233769 -0.0345313
0 -0.0108104 -0.0233035 -0.0343715
0 -0.0107361 -0.0230765 -0.0339701
0 -0.0105999 -0.0227014 -0.0333595
0 -0.0104025 -0.0221893 -0.0325758
0 -0.0101493 -0.0215584 -0.0316535
0 -0.00985004 -0.020833 -0.0306229
0 -0.00951881 -0.0200406 -0.0295105
0 -0.00917207 -0.0192097 -0.0283413
0 -0.0088236 -0.0183656 -0.0271389
0 -0.00847981 -0.0175251 -0.0259248
0 -0.00814027 -0.0166959 -0.0247175
0 -0.00780219 -0.0158794 -0.0235336
0 -0.00746452 -0.0150749 -0.0223869
0 -0.00712851 -0.0142842 -0.0212864
0 -0.00679844 -0.0135144 -0.0202378
0 -0.00648421 -0.0127822 -0.0192485
0 -0.00619724 -0.0121093 -0.0183276
0 -0.00594664 -0.0115149 -0.0174863
0 -0.00574092 -0.0110143 -0.0167425
0 -0.00558578 -0.0106175 -0.0161201
0 -0.00548119 -0.0103299 -0.0156443
0 -0.00542285 -0.0101544 -0.0153376
0 -0.00540741 -0.0100942 -0.0152177
0 -0.00543624 -0.0101548 -0.0152969
0 -0.00551493 -0.0103437 -0.0155805
0 -0.0056493 -0.0106689 -0.0160663
0 -0.0058406 -0.0111315 -0.016743
0 -0.00608458 -0.0117222 -0.0175915
0 -0.00637372 -0.0124225 -0.0185883
0 -0.00669667 -0.0132064 -0.0197049
0 -0.00703797 -0.014044 -0.0209072
0 -0.00738373 -0.0149072 -0.0221595
0 -0.0077282 -0.0157747 -0.0234297
0 -0.0080719 -0.0166317 -0.0246893
0 -0.00841275 -0.0174658 -0.0259093
0 -0.00874329 -0.0182639 -0.0270615
0 -0.0090548 -0.019012 -0.0281232
0 -0.0093395 -0.0196938 -0.0290775
0 -0.00958956 -0.0202905 -0.0299107
0 -0.00979496 -0.0207823 -0.0306075
0 -0.00994301 -0.0211492 -0.0311478
0 -0.0100222 -0.0213722 -0.0315066
0 -0.010028 -0.0214363 -0.0316589
0 -0.0099622 -0.0213321 -0.0315814
0 -0.00983 -0.0210574 -0.031256
0 -0.0096396 -0.0206202 -0.0306759
0 -0.00940085 -0.0200382 -0.0298511
0 -0.00912065 -0.0193322 -0.0288052
0 -0.00880066 -0.0185178 -0.0275709
0 -0.00844027 -0.0176062 -0.0261873
0 -0.00804222 -0.01661 -0.0246987
0 -0.00761468 -0.0155499 -0.0231518
0 -0.00717122 -0.0144567 -0.0215921
0 -0.00672937 -0.0133706 -0.0200617
0 -0.00630736 -0.0123362 -0.0186002
0 -0.00592182 -0.0113961 -0.0172472
0 -0.00558787 -0.0105834 -0.0160429
0 -0.00531855 -0.00991814 -0.0150281
0 -0.00512081 -0.00941119 -0.0142402
0 -0.00499247 -0.00906923 -0.0137062
0 -0.0049276 -0.00889704 -0.0134417
0 -0.00492328 -0.00889602 -0.0134505
0 -0.00497894 -0.00906006 -0.0137213
0 -0.00509187 -0.00937392 -0.0142265
0 -0.0052559 -0.00981558 -0.0149252
0 -0.005464 -0.0103609 -0.0157709
0 -0.00570864 -0.0109855 -0.0167176
0 -0.00598107 -0.0116649 -0.0177233
0 -0.00627394 -0.0123794 -0.0187563
0 -0.00658417 -0.0131187 -0.0197995
0 -0.00690914 -0.0138781 -0.0208467
0 -0.00724161 -0.0146492 -0.0218937
0 -0.00757136 -0.0154181 -0.022935
0 -0.007888 -0.0161666 -0.0239621
0 -0.00818168 -0.0168752 -0.0249609
0 -0.00844417 -0.0175253 -0.0259109
0 -0.00867253 -0.018105 -0.0267887
0 -0.00886783 -0.0186083 -0.02757
0 -0.00903071 -0.0190307 -0.0282295
0 -0.00916166 -0.0193679 -0.028746
0 -0.00926062 -0.0196142 -0.0291049
0 -0.00932565 -0.0197633 -0.0293001
0 -0.00935334 -0.0198102 -0.0293335
0 -0.00933935 -0.0197525 -0.0292133
0 -0.0092807 -0.0195914 -0.028952
0 -0.00918027 -0.019335 -0.0285672
0 -0.00904789 -0.0190009 -0.0280814
0 -0.00889721 -0.0186149 -0.0275219
0 -0.00874142 -0.0182065 -0.0269185
0 -0.00858927 -0.0178016 -0.0263014
0 -0.00844445 -0.0174168 -0.0256984
0 -0.00830681 -0.0170581 -0.0251333
0 -0.00817396 -0.016724 -0.0246228
0 -0.00804312 -0.016411 -0.0241757
0 -0.007913 -0.0161172 -0.0237916
0 -0.00778474 -0.0158438 -0.0234629
0 -0.00766153 -0.0155928 -0.0231762
0 -0.00755056 -0.0153683 -0.0229191
0 -0.00746293 -0.0151788 -0.0226866
0 -0.00740652 -0.0150339 -0.0224806
0 -0.00738084 -0.014939 -0.0223072
0 -0.00737906 -0.0148932 -0.0221763
0 -0.00739297 -0.0148902 -0.0221006
0 -0.00741524 -0.0149205 -0.0220911
0 -0.00743887 -0.0149733 -0.0221514
0 -0.007458 -0.0150395 -0.0222745
0 -0.00747023 -0.0151128 -0.0224441
0 -0.00747668 -0.0151884 -0.0226363
0 -0.00748133 -0.0152613 -0.0228243
0 -0.00748987 -0.0153282 -0.0229837
0 -0.00750484 -0.0153851 -0.0230959
0 -0.00752262 -0.0154256 -0.023148
0 -0.00753535 -0.0154406 -0.0231347
0 -0.00753314 -0.0154177 -0.0230562
0 -0.00750828 -0.0153453 -0.0229167
0 -0.00745837 -0.0152186 -0.0227237
0 -0.00738384 -0.0150398 -0.0224827
0 -0.00728706 -0.0148163 -0.0221964
0 -0.00717271 -0.0145582 -0.0218656
0 -0.00704841 -0.0142759 -0.0214922
0 -0.00692601 -0.0139831 -0.0210851
0 -0.00681525 -0.0136945 -0.0206586
0 -0.00671927 -0.0134225 -0.0202299
0 -0.00663782 -0.0131779 -0.0198208
0 -0.00656857 -0.0129676 -0.019455
0 -0.00650831 -0.0127937 -0.0191536
0 -0.00645543 -0.0126562 -0.0189321
0 -0.00641342 -0.0125586 -0.018801
0 -0.00639044 -0.0125115 -0.0187662
0 -0.00639504 -0.0125294 -0.0188291
0 -0.00643642 -0.0126287 -0.0189912
0 -0.00652336 -0.0128238 -0.0192577
0 -0.0066613 -0.0131233 -0.0196384
0 -0.0068498 -0.0135293 -0.0201455
0 -0.00708205 -0.0140371 -0.0207894
0 -0.00734575 -0.014634 -0.0215734
0 -0.007625 -0.0152986 -0.0224877
0 -0.00790477 -0.0160039 -0.0235087
0 -0.00817704 -0.0167247 -0.0246021
0 -0.00844322 -0.0174427 -0.0257282
0 -0.00870924 -0.0181479 -0.0268448
0 -0.00897993 -0.0188368 -0.0279127
0 -0.00925303 -0.0195052 -0.028899
0 -0.00951879 -0.0201388 -0.0297788
0 -0.0097657 -0.0207144 -0.0305385
0 -0.00998233 -0.0212064 -0.031174
0 -0.0101565 -0.0215945 -0.0316846
0 -0.0102765 -0.0218674 -0.0320677
0 -0.0103349 -0.022021 -0.032316
0 -0.0103334 -0.0220559 -0.0324193
0 -0.0102802 -0.0219743 -0.0323655
0 -0.0101844 -0.0217798 -0.0321428
0 -0.0100545 -0.0214806 -0.0317467
0 -0.00989504 -0.0210875 -0.0311815
0 -0.00970369 -0.0206063 -0.0304582
0 -0.00947667 -0.0200385 -0.0295947
0 -0.00921228 -0.0193845 -0.0286136
0 -0.00891064 -0.0186471 -0.0275369
0 -0.0085742 -0.0178353 -0.0263845
0 -0.00820957 -0.0169659 -0.0251751
0 -0.00782971 -0.0160645 -0.0239296
0 -0.00745411 -0.0151639 -0.0226754
0 -0.00710313 -0.0142998 -0.0214453
0 -0.0067909 -0.0135039 -0.0202746
0 -0.00652209 -0.0128002 -0.0192001
0 -0.0062941 -0.0122031 -0.0182585
0 -0.00610237 -0.0117162 -0.0174833
0 -0.00594476 -0.0113352 -0.0168988
0 -0.00582288 -0.0110568 -0.0165169
0 -0.00574145 -0.0108867 -0.0163372
0 -0.00570611 -0.0108364 -0.0163477
0 -0.00572295 -0.0109147 -0.0165289
0 -0.00579798 -0.0111226 -0.016861
0 -0.00593318 -0.011452 -0.0173275
0 -0.00612229 -0.0118876 -0.0179155
0 -0.00634784 -0.0124057 -0.0186095
0 -0.00658544 -0.012973 -0.0193864
0 -0.00681361 -0.0135521 -0.0202164
0 -0.00701712 -0.0141065 -0.0210612
0 -0.00718537 -0.0146026 -0.0218724
0 -0.00731499 -0.0150152 -0.0225964
0 -0.00741024 -0.0153316 -0.0231832
0 -0.00747795 -0.0155496 -0.0235929
0 -0.00752378 -0.0156732 -0.0238023
0 -0.00755006 -0.0157077 -0.0238095
0 -0.00755539 -0.015657 -0.0236339
0 -0.0075332 -0.0155216 -0.0233085
0 -0.00747379 -0.0153008 -0.0228712
0 -0.00736792 -0.0149946 -0.022356
0 -0.00721011 -0.0146042 -0.0217853
0 -0.00700548 -0.0141385 -0.0211721
0 -0.00676961 -0.0136164 -0.0205219
0 -0.00652331 -0.0130651 -0.0198361
0 -0.00628851 -0.0125166 -0.0191192
0 -0.00608259 -0.0120016 -0.0183846
0 -0.00591244 -0.0115412 -0.0176558
0 -0.00577495 -0.0111442 -0.0169662
0 -0.00566527 -0.0108132 -0.0163585
0 -0.00558049 -0.0105508 -0.0158781
0 -0.00551947 -0.0103643 -0.0155618
0 -0.00548677 -0.010271 -0.0154352
0 -0.00549361 -0.0102949 -0.0155119
0 -0.00555543 -0.0104598 -0.0157954
0 -0.00568805 -0.0107845 -0.0162851
0 -0.00590075 -0.0112787 -0.0169783
0 -0.0061921 -0.0119406 -0.0178721
0 -0.00655078 -0.0127562 -0.0189613
0 -0.00695931 -0.0137005 -0.020235
0 -0.00739729 -0.0147398 -0.0216718
0 -0.0078453 -0.0158379 -0.023239
0 -0.00828877 -0.0169614 -0.0248936
0 -0.00871969 -0.0180799 -0.0265838
0 -0.00913516 -0.0191644 -0.0282504
0 -0.009532 -0.0201883 -0.0298309
0 -0.00990532 -0.0211307 -0.0312671
0 -0.0102506 -0.0219768 -0.0325144
0 -0.0105621 -0.0227124 -0.0335454
0 -0.0108309 -0.0233203 -0.0343487
0 -0.0110437 -0.0237812 -0.0349241
0 -0.0111853 -0.024077 -0.0352774
0 -0.0112425 -0.0241943 -0.035414
0 -0.0112048 -0.0241224 -0.0353309
0 -0.0110708 -0.0238553 -0.0350171
0 -0.010852 -0.0233971 -0.0344603
0 -0.0105651 -0.0227617 -0.0336503
0 -0.0102237 -0.0219692 -0.0325841
0 -0.00983914 -0.0210434 -0.0312733
0 -0.0094213 -0.0200085 -0.0297485
0 -0.00897803 -0.0188874 -0.0280568
0 -0.00851442 -0.0177018 -0.0262557
0 -0.00803531 -0.0164771 -0.0244086
0 -0.00754739 -0.0152425 -0.0225781
0 -0.00705896 -0.0140286 -0.0208185
0 -0.0065792 -0.0128671 -0.019172
0 -0.00611902 -0.0117885 -0.01767
0 -0.00569385 -0.0108191 -0.0163347
0 -0.005323 -0.0099796 -0.0151819
0 -0.0050231 -0.00928725 -0.0142243
0 -0.00480268 -0.00875789 -0.0134735
0 -0.00466575 -0.00840799 -0.0129459
0 -0.00461531 -0.00825135 -0.0126642
0 -0.00465064 -0.00829282 -0.0126506
0 -0.00476547 -0.00852811 -0.0129209
0 -0.00494907 -0.00894608 -0.0134789
0 -0.0051906 -0.00953008 -0.0143133
0 -0.00548206 -0.0102595 -0.0153962
0 -0.00581697 -0.0111104 -0.0166841
0 -0.00618878 -0.0120566 -0.0181223
0 -0.00659041 -0.0130726 -0.0196535
0 -0.00701305 -0.0141345 -0.0212243
0 -0.00744814 -0.0152176 -0.0227896
0 -0.00788933 -0.0162952 -0.0243144
0 -0.00832656 -0.0173371 -0.0257691
0 -0.00874201 -0.0183131 -0.0271269
0 -0.00911514 -0.0191949 -0.0283628
0 -0.00942974 -0.0199574 -0.0294532
0 -0.00967798 -0.0205802 -0.0303745
0 -0.00986024 -0.0210513 -0.031104
0 -0.00997979 -0.0213673 -0.0316196
0 -0.0100387 -0.0215302 -0.0319021
0 -0.0100398 -0.0215443 -0.0319414
0 -0.00998743 -0.0214143 -0.0317401
0 -0.00988465 -0.0211444 -0.031312
0 -0.00973073 -0.0207387 -0.0306786
0 -0.00952408 -0.0202056 -0.0298668
0 -0.00926638 -0.0195586 -0.0289069
0 -0.008964 -0.0188162 -0.0278296
0 -0.00862659 -0.0179987 -0.026663
0 -0.00826554 -0.0171286 -0.0254334
0 -0.007893 -0.0162301 -0.0241668
0 -0.00752048 -0.015328 -0.0228893
0 -0.00715808 -0.0144444 -0.0216271
0 -0.00681473 -0.0135993 -0.0204068
0 -0.00649841 -0.0128118 -0.0192574
0 -0.00621432 -0.0121008 -0.0182087
0 -0.00596478 -0.0114827 -0.0172887
0 -0.00575347 -0.010969 -0.0165234
0 -0.00558693 -0.0105685 -0.0159349
0 -0.00547177 -0.0102904 -0.0155392
0 -0.00541172 -0.0101444 -0.015344
0 -0.00540723 -0.0101371 -0.0153488
0 -0.00545793 -0.0102685 -0.015547
0 -0.00556368 -0.0105322 -0.0159284
0 -0.00572222 -0.0109169 -0.0164795
0 -0.00592669 -0.0114076 -0.0171823
0 -0.0061667 -0.0119866 -0.0180142
0 -0.00643168 -0.0126345 -0.0189496
0 -0.00671263 -0.0133309 -0.0199608
0 -0.0070016 -0.0140555 -0.0210187
0 -0.00729195 -0.0147888 -0.0220929
0 -0.00757926 -0.0155124 -0.023154
0 -0.00785967 -0.0162095 -0.0241735
0 -0.00812777 -0.016865 -0.0251251
0 -0.0083763 -0.0174655 -0.0259862
0 -0.00859749 -0.0179974 -0.0267387
0 -0.00878487 -0.0184477 -0.0273698
0 -0.00893387 -0.0188053 -0.0278711
0 -0.00904146 -0.0190627 -0.0282368
0 -0.00910588 -0.0192171 -0.0284632
0 -0.0091266 -0.0192696 -0.0285483
0 -0.00910495 -0.0192231 -0.0284918
0 -0.00904482 -0.0190828 -0.0282974
0 -0.00895152 -0.0188559 -0.0279723
0 -0.00882971 -0.0185512 -0.0275279
0 -0.00868298 -0.0181798 -0.0269794
0 -0.0085146 -0.0177537 -0.0263459
0 -0.00832832 -0.017285 -0.0256488
0 -0.00812853 -0.0167855 -0.0249111
0 -0.00791977 -0.0162672 -0.0241549
0 -0.00770672 -0.0157427 -0.0234005
0 -0.00749464 -0.0152254 -0.0226655
0 -0.00728967 -0.0147288 -0.0219654
0 -0.00709819 -0.0142658 -0.0213134
0 -0.00692612 -0.0138478 -0.0207212
0 -0.00677869 -0.013485 -0.0202007
0 -0.00665966 -0.0131861 -0.0197633
0 -0.00657046 -0.0129575 -0.0194195
0 -0.00651089 -0.0128025 -0.0191785
0 -0.00648041 -0.0127222 -0.0190477
0 -0.00647853 -0.0127153 -0.0190306
0 -0.00650434 -0.0127796 -0.0191262
0 -0.00655639 -0.0129118 -0.0193286
0 -0.006633 -0.0131083 -0.0196277
0 -0.00673254 -0.0133634 -0.0200108
0 -0.00685302 -0.0136699 -0.0204636
0 -0.00699161 -0.0140185 -0.0209711
0 -0.00714458 -0.0143987 -0.0215187
0 -0.00730737 -0.0147992 -0.0220918
0 -0.00747479 -0.0152089 -0.0226763
0 -0.00764142 -0.0156164 -0.0232582
0 -0.00780228 -0.016011 -0.023824
0 -0.00795322 -0.0163828 -0.0243604
0 -0.00809073 -0.0167228 -0.0248542
0 -0.00821178 -0.0170231 -0.0252933
0 -0.00831391 -0.0172774 -0.0256665
0 -0.00839528 -0.0174805 -0.0259647
0 -0.00845456 -0.0176281 -0.026181
0 -0.00849083 -0.0177176 -0.0263109
0 -0.00850348 -0.0177476 -0.0263527
0 -0.00849236 -0.0177184 -0.0263074
0 -0.00845795 -0.0176317 -0.0261785
0 -0.00840147 -0.0174908 -0.0259715
0 -0.00832479 -0.0173004 -0.0256941
0 -0.00823033 -0.0170667 -0.0253552
0 -0.00812099 -0.0167969 -0.0249651
0 -0.00800009 -0.016499 -0.0245352
0 -0.00787112 -0.0161815 -0.0240771
0 -0.00773767 -0.0158529 -0.0236033
0 -0.00760334 -0.015522 -0.0231259
0 -0.00747181 -0.0151972 -0.0226573
0 -0.00734645 -0.0148865 -0.0222089
0 -0.00723021 -0.0145977 -0.0217915
0 -0.0071257 -0.0143378 -0.021415
0 -0.00703527 -0.0141126 -0.0210882
0 -0.00696096 -0.0139273 -0.0208188
0 -0.00690433 -0.0137857 -0.0206127
0 -0.00686635 -0.0136906 -0.0204742
0 -0.00684752 -0.0136434 -0.0204055
0 -0.00684791 -0.0136446 -0.0204072
0 -0.00686719 -0.013693 -0.0204778
0 -0.00690455 -0.0137865 -0.0206141
0 -0.00695869 -0.0139219 -0.020811
0 -0.00702794 -0.0140948 -0.0210623
0 -0.00711028 -0.0143002 -0.0213601
0 -0.0072034 -0.0145322 -0.0216961
0 -0.00730481 -0.0147843 -0.0220608
0 -0.00741186 -0.0150498 -0.0224444
0 -0.00752171 -0.0153216 -0.0228369
0 -0.00763147 -0.0155927 -0.0232282
0 -0.00773827 -0.0158563 -0.0236085
0 -0.00783947 -0.0161058 -0.0239684
0 -0.0079326 -0.016335 -0.0242992
0 -0.00801529 -0.0165383 -0.0245928
0 -0.00808547 -0.0167111 -0.0248425
0 -0.00814148 -0.0168495 -0.0250426
0 -0.00818221 -0.0169504 -0.0251888
0 -0.00820699 -0.0170119 -0.0252785
0 -0.00821557 -0.0170332 -0.0253101
0 -0.00820802 -0.0170147 -0.025284
0 -0.00818485 -0.0169577 -0.0252018
0 -0.00814698 -0.0168645 -0.0250666
0 -0.00809561 -0.0167378 -0.024883
