0 -1.09866e-07 -1.32109e-07 -1.2772e-07
0 -5.02013e-07 -6.60971e-07 -6.36985e-07
0 -1.1495e-06 -1.70961e-06 -1.66209e-06
0 -1.89679e-06 -3.2268e-06 -3.23358e-06
0 -2.65324e-06 -5.10236e-06 -5.39787e-06
0 -3.39552e-06 -7.19891e-06 -8.18276e-06
0 -4.12835e-06 -9.40355e-06 -1.1558e-05
0 -4.8511e-06 -1.16597e-05 -1.54168e-05
0 -5.55266e-06 -1.39571e-05 -1.95848e-05
0 -6.23333e-06 -1.6302e-05 -2.3859e-05
0 -6.91895e-06 -1.86875e-05 -2.80482e-05
0 -7.6424e-06 -2.10737e-05 -3.19917e-05
0 -8.42072e-06 -2.33964e-05 -3.5572e-05
0 -9.23743e-06 -2.55832e-05 -3.87153e-05
0 -1.00355e-05 -2.75563e-05 -4.13791e-05
0 -1.07376e-05 -2.92357e-05 -4.3543e-05
0 -1.12755e-05 -3.05443e-05 -4.52018e-05
0 -1.16122e-05 -3.1423e-05 -4.63586e-05
0 -1.17483e-05 -3.18482e-05 -4.70196e-05
0 -1.17052e-05 -3.18333e-05 -4.71822e-05
0 -1.15108e-05 -3.14206e-05 -4.68331e-05
0 -1.11938e-05 -3.06656e-05 -4.5958e-05
0 -1.07843e-05 -2.96232e-05 -4.45565e-05
0 -1.03135e-05 -2.83415e-05 -4.26549e-05
0 -9.7894e-06 -2.68395e-05 -4.02899e-05
0 -9.17216e-06 -2.50796e-05 -3.74744e-05
0 -8.4014e-06 -2.2986e-05 -3.42014e-05
0 -7.45946e-06 -2.05116e-05 -3.04855e-05
0 -6.40168e-06 -1.77001e-05 -2.63964e-05
0 -5.32656e-06 -1.46945e-05 -2.20551e-05
0 -4.30653e-06 -1.16739e-05 -1.75918e-05
0 -3.33663e-06 -8.75417e-06 -1.3097e-05
0 -2.36482e-06 -5.94931e-06 -8.62503e-06
0 -1.37941e-06 -3.23394e-06 -4.25464e-06
0 -4.55869e-07 -6.43204e-07 -1.36731e-07
0 2.96147e-07 1.69326e-06 3.53022e-06
0 8.34121e-07 3.62055e-06 6.58206e-06
0 1.22062e-06 5.06032e-06 8.94747e-06
0 1.55065e-06 6.04182e-06 1.06258e-05
0 1.81475e-06 6.59973e-06 1.15814e-05
0 1.85395e-06 6.64554e-06 1.16693e-05
0 1.50582e-06 5.99409e-06 1.07144e-05
0 7.78265e-07 4.52176e-06 8.6536e-06
0 -1.76072e-07 2.25794e-06 5.55063e-06
0 -1.29258e-06 -7.36193e-07 1.42285e-06
0 -2.72851e-06 -4.54052e-06 -3.89819e-06
0 -4.62244e-06 -9.268e-06 -1.05849e-05
0 -6.75336e-06 -1.47349e-05 -1.84671e-05
0 -8.58766e-06 -2.03237e-05 -2.69424e-05
0 -9.65501e-06 -2.518e-05 -3.51801e-05
0 -9.78917e-06 -2.85022e-05 -4.2299e-05
0 -9.05801e-06 -2.97264e-05 -4.73934e-05
0 -7.60326e-06 -2.86051e-05 -4.95569e-05
0 -5.5642e-06 -2.51844e-05 -4.79932e-05
0 -3.01817e-06 -1.96181e-05 -4.2098e-05
0 9.57627e-08 -1.18976e-05 -3.14473e-05
0 3.81879e-06 -1.90793e-06 -1.59625e-05
0 7.70055e-06 9.93399e-06 3.55836e-06
0 1.07352e-05 2.21935e-05 2.51756e-05
0 1.21365e-05 3.29172e-05 4.63948e-05
0 1.20028e-05 4.06044e-05 6.49506e-05
0 1.10379e-05 4.46829e-05 7.90193e-05
0 9.81819e-06 4.53201e-05 8.70738e-05
0 8.4379e-06 4.29493e-05 8.79013e-05
0 6.69346e-06 3.78672e-05 8.08649e-05
0 4.42504e-06 3.01031e-05 6.61575e-05
0 1.65425e-06 1.95759e-05 4.4828e-05
0 -1.58359e-06 6.31078e-06 1.84923e-05
0 -5.56391e-06 -9.59169e-06 -1.1221e-05
0 -1.10269e-05 -2.82526e-05 -4.32457e-05
0 -1.88622e-05 -5.01773e-05 -7.7298e-05
0 -2.93845e-05 -7.58556e-05 -0.000113527
0 -4.18675e-05 -0.000105063 -0.000151983
0 -5.50738e-05 -0.000136791 -0.000192645
0 -6.80542e-05 -0.000169689 -0.000235641
0 -7.97299e-05 -0.000201746 -0.000280338
0 -8.79046e-05 -0.000229316 -0.000323797
0 -8.9669e-05 -0.000247172 -0.000360449
0 -8.35287e-05 -0.000250552 -0.000383832
0 -7.15001e-05 -0.000238351 -0.00038945
0 -5.86608e-05 -0.000214742 -0.000376445
0 -4.94615e-05 -0.000186713 -0.000346356
0 -4.37367e-05 -0.000158594 -0.000300155
0 -3.66778e-05 -0.000128343 -0.000236964
0 -2.35787e-05 -8.96498e-05 -0.000156387
0 -4.86735e-06 -3.85366e-05 -6.21799e-05
0 1.40468e-05 2.17127e-05 3.7093e-05
0 2.80504e-05 8.18954e-05 0.000131637
0 3.68702e-05 0.000132826 0.000214625
0 4.39657e-05 0.000170061 0.000282825
0 5.16653e-05 0.000193961 0.00033399
0 5.91197e-05 0.000207437 0.000365673
0 6.53887e-05 0.000214914 0.000377779
0 7.26882e-05 0.000222228 0.000375396
0 8.46668e-05 0.000234868 0.000367508
0 0.000100669 0.000253529 0.00036123
0 0.00011265 0.000270333 0.000356406
0 0.00011005 0.000271262 0.000346283
0 8.87311e-05 0.00024479 0.000323391
0 5.42406e-05 0.000189316 0.000283654
0 1.6231e-05 0.000113037 0.000225088
0 -1.87973e-05 2.794e-05 0.000145057
0 -4.89496e-05 -5.59625e-05 4.12008e-05
0 -7.34322e-05 -0.000132627 -8.46183e-05
0 -9.00479e-05 -0.000199013 -0.000223828
0 -9.6594e-05 -0.000253433 -0.000362579
0 -9.35467e-05 -0.000294389 -0.000485389
0 -8.43064e-05 -0.000319872 -0.000578014
0 -7.24262e-05 -0.000326809 -0.000628309
0 -5.84563e-05 -0.000310621 -0.000626013
0 -3.95669e-05 -0.000265735 -0.000563379
0 -1.31252e-05 -0.000188611 -0.000438163
0 1.89319e-05 -8.23356e-05 -0.000257444
0 5.11867e-05 4.28616e-05 -3.68533e-05
0 8.15821e-05 0.000176144 0.000206428
0 0.000115005 0.000313123 0.00045985
0 0.000157887 0.000455416 0.000714592
0 0.000210574 0.000604177 0.000961214
0 0.000266678 0.000755181 0.00118893
0 0.000318651 0.000899033 0.00138876
0 0.00036233 0.00102467 0.00155582
0 0.000397203 0.00112364 0.00168903
0 0.000424488 0.00119343 0.00178964
0 0.000444946 0.00123728 0.00185952
0 0.000456931 0.00125949 0.00189873
0 0.000456344 0.00125994 0.00190387
0 0.000440381 0.00123405 0.00187024
0 0.000412053 0.00117887 0.00179666
0 0.00037878 0.00109763 0.00168675
0 0.000345035 0.000996888 0.00154457
0 0.00030888 0.000881546 0.0013716
0 0.000267924 0.000755484 0.00117111
0 0.000226174 0.000625827 0.000953982
0 0.000191863 0.000503432 0.000737729
0 0.000169717 0.000398768 0.000540077
0 0.000158653 0.000319365 0.00037581
0 0.000157133 0.000271916 0.000259421
0 0.000167777 0.000264911 0.000207583
0 0.000194898 0.000306999 0.000236129
0 0.000238532 0.000401877 0.000353714
0 0.000293068 0.000545281 0.000558684
0 0.000352149 0.000727311 0.000841538
0 0.000413517 0.000937252 0.00118885
0 0.000478754 0.00116661 0.00158472
0 0.00054932 0.00140876 0.00201002
0 0.000622471 0.00165528 0.00244103
0 0.000689737 0.00189108 0.00284872
0 0.00073967 0.00209307 0.00320038
0 0.00076414 0.00223599 0.00346517
0 0.000764959 0.00230457 0.00362264
0 0.000754411 0.00230316 0.00366841
0 0.000745841 0.00225233 0.00361109
0 0.00074219 0.00217377 0.00346395
0 0.000735146 0.00207761 0.00324088
0 0.00071574 0.00196234 0.00295994
0 0.000684083 0.00182512 0.00264756
0 0.000647904 0.00167101 0.0023357
0 0.000612661 0.0015125 0.00205215
0 0.00057529 0.0013621 0.00181219
0 0.000529871 0.00122764 0.00162002
0 0.000479301 0.00111587 0.00147804
0 0.000438967 0.00103851 0.00139384
0 0.000426722 0.00101182 0.00137779
0 0.000447839 0.00104689 0.0014339
0 0.000489524 0.00113841 0.00155328
0 0.000530639 0.00126302 0.00171695
0 0.000555979 0.00138848 0.00190305
0 0.000561518 0.00148578 0.00208997
0 0.000549398 0.0015367 0.00225437
0 0.000520937 0.00153413 0.00236882
0 0.000474498 0.001477 0.00240329
0 0.000407878 0.00136389 0.00232966
0 0.000320567 0.00118896 0.00212598
0 0.000213088 0.000941908 0.0017783
0 8.45863e-05 0.000611334 0.00128019
0 -6.81417e-05 0.000189168 0.000631941
0 -0.00024878 -0.000325765 -0.000159348
0 -0.000458653 -0.000926766 -0.00107969
0 -0.00069484 -0.00160029 -0.00210854
0 -0.00095035 -0.00232775 -0.00321985
0 -0.00121744 -0.00308812 -0.00438434
0 -0.00149197 -0.00386138 -0.00557309
0 -0.00177409 -0.00463175 -0.00676096
0 -0.00206474 -0.0053886 -0.00792702
0 -0.00235967 -0.00612218 -0.00904987
0 -0.00264498 -0.00681689 -0.0101029
0 -0.00290025 -0.00744927 -0.0110553
0 -0.0031075 -0.00799196 -0.0118769
0 -0.00325751 -0.00841985 -0.0125435
0 -0.0033487 -0.00871437 -0.0130362
0 -0.00338159 -0.00886391 -0.0133381
0 -0.0033546 -0.00886216 -0.0134314
0 -0.0032664 -0.00870633 -0.013298
0 -0.00311918 -0.00839562 -0.0129215
0 -0.00291588 -0.00792925 -0.01229
0 -0.00265853 -0.00730648 -0.0113979
0 -0.00235327 -0.00653302 -0.0102521
0 -0.00201572 -0.00563077 -0.00887987
0 -0.00166831 -0.00464008 -0.00732996
0 -0.00132944 -0.00360985 -0.00566393
0 -0.00100311 -0.0025803 -0.00394351
0 -0.00067578 -0.00156746 -0.00221891
0 -0.000324646 -0.000560043 -0.000525194
0 6.60373e-05 0.000466619 0.00111125
0 0.000489131 0.00152554 0.00266658
0 0.000912924 0.00259542 0.00412015
0 0.00130037 0.0036163 0.00545429
0 0.00162589 0.00450862 0.0066492
0 0.00187414 0.00520472 0.00767833
0 0.00203625 0.00567394 0.0085103
0 0.00211033 0.00592602 0.00911498
0 0.00210159 0.00599323 0.00946619
0 0.00202261 0.00590662 0.00954191
0 0.00189168 0.00568191 0.00932589
0 0.00172685 0.00531994 0.00881135
0 0.00153938 0.00481636 0.00800521
0 0.00133215 0.004174 0.006931
0 0.00110307 0.00340953 0.00562947
0 0.000849202 0.00255054 0.00415567
0 0.000569367 0.00162762 0.00257276
0 0.000265202 0.000667949 0.0009448
0 -6.03952e-05 -0.000307012 -0.000671955
0 -0.000406026 -0.0012818 -0.0022351
0 -0.000771209 -0.00224672 -0.00371581
0 -0.00114886 -0.00319044 -0.00509375
0 -0.00151533 -0.00408534 -0.00634608
0 -0.00183323 -0.00488219 -0.00744106
0 -0.0020725 -0.00552762 -0.00834855
0 -0.00222984 -0.00599172 -0.00905481
0 -0.0023244 -0.00627987 -0.00956242
0 -0.00237576 -0.00642034 -0.0098761
0 -0.00238627 -0.00643893 -0.00998925
0 -0.00234002 -0.00633758 -0.00988073
0 -0.00221773 -0.00609199 -0.00952415
0 -0.00201631 -0.00567234 -0.00890493
0 -0.00175618 -0.00507129 -0.00803237
0 -0.00146621 -0.0043133 -0.00693416
0 -0.00115927 -0.0034375 -0.00563839
0 -0.000825696 -0.00247464 -0.00416457
0 -0.000450157 -0.0014383 -0.0025316
0 -2.9569e-05 -0.000330561 -0.000768578
0 0.000420586 0.000846325 0.00108565
0 0.000875208 0.00207907 0.00299023
0 0.00131946 0.00333966 0.00490752
0 0.00175443 0.0045926 0.00680629
0 0.0021906 0.00580766 0.008661
0 0.00264163 0.00696906 0.0104461
0 0.00311042 0.00807252 0.0121312
0 0.00357703 0.00911104 0.0136808
0 0.00400395 0.0100621 0.0150555
0 0.0043517 0.0108853 0.0162143
0 0.00459406 0.0115315 0.0171228
0 0.00472467 0.0119596 0.0177587
0 0.00475019 0.0121448 0.0181077
0 0.00467823 0.0120783 0.0181545
0 0.00451485 0.0117667 0.0178804
0 0.00427115 0.0112343 0.0172712
0 0.00396601 0.0105174 0.0163283
0 0.00362142 0.00965351 0.0150717
0 0.0032539 0.00867171 0.0135355
0 0.00286654 0.00758603 0.0117595
0 0.00244863 0.00639649 0.00978425
0 0.00198523 0.00509857 0.00765229
0 0.00146962 0.00369649 0.00541181
0 0.000907439 0.00220974 0.00311485
0 0.00030994 0.000668241 0.000805888
0 -0.000313112 -0.000898762 -0.00148664
0 -0.000950389 -0.0024672 -0.00374409
0 -0.00158045 -0.00400991 -0.00594651
0 -0.00217098 -0.00548666 -0.00806465
0 -0.00268844 -0.00684542 -0.0100584
0 -0.00311039 -0.0080337 -0.0118813
0 -0.00343173 -0.00901175 -0.0134844
0 -0.00365958 -0.00975894 -0.0148208
0 -0.00380365 -0.0102738 -0.0158502
0 -0.00387451 -0.0105726 -0.0165428
0 -0.00388575 -0.0106824 -0.0168825
0 -0.00385218 -0.0106291 -0.0168678
0 -0.0037868 -0.0104298 -0.0165126
0 -0.00369885 -0.0100951 -0.0158483
0 -0.00359266 -0.00963747 -0.0149246
0 -0.00346694 -0.00907498 -0.0138041
0 -0.00331451 -0.00842919 -0.0125544
0 -0.00312432 -0.00771916 -0.0112383
0 -0.00288528 -0.00695664 -0.00990735
0 -0.0025881 -0.0061426 -0.00859395
0 -0.00222658 -0.00526826 -0.00730743
0 -0.00180138 -0.0043228 -0.00603651
0 -0.00132267 -0.00330242 -0.00475597
0 -0.000809048 -0.00221512 -0.00343397
0 -0.00028607 -0.00108278 -0.00204215
0 0.000217796 5.97666e-05 -0.000567459
0 0.000676132 0.00117068 0.00098242
0 0.00106605 0.0022087 0.00258052
0 0.00137242 0.00314077 0.00417962
0 0.00159512 0.00394953 0.00571569
0 0.00175748 0.00464072 0.00712779
0 0.00190619 0.00524735 0.00837766
0 0.00209038 0.00581794 0.00944971
0 0.00233589 0.00639265 0.0103409
0 0.00263717 0.00698597 0.011057
0 0.00296573 0.00758208 0.0116142
0 0.00328163 0.00813885 0.0120361
0 0.00354265 0.00859921 0.0123465
0 0.00371127 0.00890675 0.0125598
0 0.00375948 0.00901867 0.012674
0 0.00367263 0.00891208 0.012667
0 0.00345316 0.00858469 0.0125
0 0.00312172 0.00805158 0.0121261
0 0.00271218 0.00733868 0.0114988
0 0.0022634 0.00647708 0.0105812
0 0.00181277 0.00550157 0.00935731
0 0.00139185 0.0044513 0.00784074
0 0.00102026 0.00336622 0.0060765
0 0.000696425 0.00227501 0.00412996
0 0.000393011 0.00118161 0.0020706
0 6.7676e-05 6.63179e-05 -4.04977e-05
0 -0.000314187 -0.00109936 -0.00214963
0 -0.000762196 -0.00233313 -0.0042016
0 -0.00125993 -0.00362178 -0.00614363
0 -0.00177473 -0.00491505 -0.00793361
0 -0.00227067 -0.00614048 -0.0095437
0 -0.00271711 -0.00722665 -0.0109593
0 -0.00308973 -0.00812166 -0.0121723
0 -0.00337169 -0.00880289 -0.0131755
0 -0.00355765 -0.0092767 -0.0139627
0 -0.00365533 -0.00956818 -0.0145289
0 -0.00368262 -0.00970785 -0.0148716
0 -0.0036628 -0.00972339 -0.0149922
0 -0.00361808 -0.0096369 -0.014899
0 -0.00356059 -0.00946176 -0.0146041
0 -0.00348735 -0.00920006 -0.0141197
0 -0.00338842 -0.00884909 -0.0134633
0 -0.00326079 -0.00841366 -0.0126661
0 -0.00311144 -0.00791143 -0.0117727
0 -0.00294726 -0.00736553 -0.0108292
0 -0.00276152 -0.00678811 -0.00986545
0 -0.00253059 -0.00616702 -0.00888405
0 -0.00222838 -0.00547005 -0.00786556
0 -0.00184772 -0.0046664 -0.00678519
0 -0.00141053 -0.00375098 -0.00562778
0 -0.000959356 -0.00275567 -0.00439299
0 -0.000535367 -0.00173783 -0.00308946
0 -0.000156403 -0.000750774 -0.00172423
0 0.000189019 0.000183566 -0.000298613
0 0.000524938 0.00107854 0.00118664
0 0.000867051 0.00196761 0.00272081
0 0.00121861 0.00288469 0.0042771
0 0.00157413 0.00384162 0.00581699
0 0.00192018 0.00481145 0.00729409
0 0.00223764 0.00573287 0.00865635
0 0.00250955 0.00653613 0.00985455
0 0.00273202 0.00717706 0.0108557
0 0.00291672 0.00765626 0.01165
0 0.00307919 0.00800916 0.0122442
0 0.0032259 0.00827861 0.0126509
0 0.00335302 0.0084919 0.0128841
0 0.00345192 0.00865103 0.0129606
0 0.00351065 0.0087335 0.0128959
0 0.00351308 0.00870204 0.0126982
0 0.00344126 0.00851981 0.0123654
0 0.00328113 0.0081632 0.0118863
0 0.00302918 0.00762835 0.0112448
0 0.00269747 0.006932 0.0104268
0 0.00231286 0.00610765 0.00942702
0 0.00191101 0.00519977 0.00825315
0 0.0015288 0.00425888 0.00693023
0 0.00119609 0.00333581 0.00550164
0 0.000926036 0.00247092 0.0040227
0 0.000706659 0.0016795 0.00254748
0 0.000504695 0.000945763 0.00111677
0 0.000284599 0.000235054 -0.000241699
0 2.54486e-05 -0.000484694 -0.00150256
0 -0.000273581 -0.00122546 -0.00263922
0 -0.000595621 -0.00197258 -0.00363279
0 -0.000916528 -0.00269088 -0.00447987
0 -0.00121587 -0.00333967 -0.005193
0 -0.00148046 -0.00388936 -0.00579578
0 -0.00170205 -0.00433065 -0.00631458
0 -0.0018744 -0.00467243 -0.00677016
0 -0.00199433 -0.00493316 -0.00717418
0 -0.002065 -0.00513168 -0.00753006
0 -0.00209626 -0.0052805 -0.00783465
0 -0.00210281 -0.00538613 -0.00808132
0 -0.00210356 -0.00545731 -0.00826683
0 -0.00211905 -0.00551226 -0.00839698
0 -0.00216419 -0.00557604 -0.00848572
0 -0.00223984 -0.00566804 -0.00854851
0 -0.00233012 -0.00578828 -0.00859524
0 -0.00241037 -0.00591475 -0.00862946
0 -0.00246085 -0.00601503 -0.00865318
0 -0.00247229 -0.00605995 -0.00866706
0 -0.0024382 -0.00602685 -0.00866069
0 -0.00234667 -0.00589533 -0.0086035
0 -0.00218675 -0.00564841 -0.00845008
0 -0.00196504 -0.00528335 -0.00815937
0 -0.00171182 -0.00482009 -0.00771024
0 -0.0014652 -0.00429429 -0.00710008
0 -0.00124907 -0.00374056 -0.0063352
0 -0.00106487 -0.00317958 -0.00542732
0 -0.000898145 -0.00261377 -0.00439615
0 -0.000729999 -0.00203105 -0.00327178
0 -0.000545225 -0.00141429 -0.00209295
0 -0.000335146 -0.000752724 -0.000899393
0 -9.90703e-05 -5.08109e-05 0.000273753
0 0.000154309 0.00066671 0.00139011
0 0.000406309 0.00135498 0.00240663
0 0.000631384 0.00195988 0.00327976
0 0.000807362 0.00243563 0.00397523
0 0.000924581 0.00275785 0.00447342
0 0.000987521 0.00292816 0.00477048
0 0.00101268 0.00297289 0.00487883
0 0.00102758 0.00294081 0.00483144
0 0.00106439 0.00289427 0.00468143
0 0.00113842 0.00288202 0.00448344
0 0.00122842 0.00290808 0.00426856
0 0.00128462 0.00292568 0.00403797
0 0.00125925 0.00286245 0.0037764
0 0.00113365 0.00265892 0.00346872
0 0.00092758 0.00230218 0.00311086
0 0.000691078 0.0018403 0.00271439
0 0.000481313 0.00136518 0.00230078
0 0.000336556 0.000970504 0.00188965
0 0.000269053 0.000716211 0.00149759
0 0.000280471 0.000622421 0.00115228
0 0.000376796 0.000687077 0.000903945
0 0.000564392 0.000905098 0.000818942
0 0.000835197 0.00127286 0.000962113
0 0.00115755 0.00177995 0.00137888
0 0.00147984 0.00239804 0.00208079
0 0.0017437 0.0030717 0.00303668
0 0.00189471 0.0037114 0.00416653
0 0.00188434 0.00419602 0.00533342
0 0.00168244 0.00440225 0.0063554
0 0.0013135 0.00426453 0.0070604
0 0.00088105 0.00383183 0.00735014
0 0.000539021 0.00327149 0.00722495
0 0.000420985 0.00280406 0.00676179
0 0.000572367 0.0026002 0.00606777
0 0.000923512 0.00269301 0.00523874
0 0.00131864 0.00295339 0.00434064
0 0.0015891 0.00315099 0.00341623
0 0.00162421 0.00306225 0.00250171
0 0.00139446 0.00255962 0.0016274
0 0.000932032 0.00164991 0.000798675
0 0.00030158 0.000452913 -1.69532e-05
0 -0.000417451 -0.000863555 -0.000880804
0 -0.00113619 -0.00214762 -0.00186123
0 -0.00176149 -0.00329564 -0.00300785
0 -0.00221376 -0.00425703 -0.00432936
0 -0.00245557 -0.00502466 -0.00579283
0 -0.0025044 -0.00561673 -0.00733057
0 -0.00240103 -0.00604012 -0.00882212
0 -0.00216665 -0.00625227 -0.0100798
0 -0.00180856 -0.00617497 -0.0108847
0 -0.00135736 -0.00575424 -0.0110569
0 -0.000882806 -0.00500708 -0.0105081
0 -0.000475411 -0.00402432 -0.00925418
0 -0.000205856 -0.00293831 -0.00739681
0 -9.22494e-05 -0.00187426 -0.00509502
0 -9.80694e-05 -0.000908151 -0.00254085
0 -0.000153599 -5.41248e-05 6.49306e-05
0 -0.000183391 0.00072213 0.00252608
0 -0.000130154 0.00147351 0.00465713
0 3.35845e-05 0.00222948 0.00631165
0 0.000303182 0.00296957 0.00740576
0 0.000637105 0.00361784 0.00790954
0 0.000958292 0.00405424 0.00782962
0 0.00117955 0.00415888 0.00720719
0 0.00124761 0.00387399 0.0061321
0 0.0011798 0.0032536 0.00475859
0 0.00106418 0.00247346 0.00330233
0 0.00100904 0.00177389 0.00199598
0 0.0010759 0.00136016 0.00102492
0 0.00125044 0.00132368 0.000494547
0 0.00146488 0.00162315 0.000436796
0 0.00164099 0.00212052 0.000825908
0 0.00172096 0.00264495 0.00158995
0 0.00168306 0.00306267 0.00262589
0 0.00155272 0.00332873 0.00382348
0 0.00139957 0.00350011 0.00508324
0 0.00130894 0.00370171 0.00631899
0 0.00134535 0.00405464 0.00745857
0 0.00152921 0.00460962 0.00844403
0 0.00182914 0.00531706 0.00922752
0 0.00216646 0.0060351 0.00976372
0 0.0024329 0.00657003 0.0100031
0 0.00252079 0.00673403 0.00989154
0 0.00235456 0.0063972 0.00937545
0 0.00191181 0.00551655 0.0084081
0 0.00123026 0.00414046 0.00696024
0 0.000400234 0.00239607 0.00503546
0 -0.000449516 0.000465294 0.00268709
0 -0.00117917 -0.00144631 2.50448e-05
0 -0.00168322 -0.00314784 -0.00279611
0 -0.00192351 -0.00450335 -0.00559761
0 -0.00193657 -0.00546158 -0.00819499
0 -0.00182243 -0.00607064 -0.0104235
0 -0.00171616 -0.00646431 -0.012169
0 -0.00174473 -0.00680947 -0.0133884
0 -0.00198068 -0.00724097 -0.0141029
0 -0.00241363 -0.00781396 -0.0143706
0 -0.00295352 -0.00847625 -0.0142647
0 -0.00346169 -0.00907511 -0.0138599
0 -0.00380028 -0.00941513 -0.0132244
0 -0.00387409 -0.0093345 -0.0124134
0 -0.00364212 -0.00874973 -0.0114553
0 -0.00311048 -0.00766239 -0.0103362
0 -0.00232284 -0.00614452 -0.0089981
0 -0.00135383 -0.00430771 -0.0073566
0 -0.000294768 -0.00226648 -0.00532507
0 0.000770335 -0.00010699 -0.00283334
0 0.00178098 0.00212453 0.000155438
0 0.00269747 0.00440487 0.00362675
0 0.00349023 0.00670392 0.00750113
0 0.00414091 0.0089646 0.0116255
0 0.00464945 0.011103 0.01578
0 0.00502968 0.0130221 0.0197147
0 0.00529205 0.0146362 0.0231958
0 0.00543915 0.015891 0.0260346
0 0.00548425 0.0167658 0.0281029
0 0.00546375 0.0172658 0.029338
0 0.00542604 0.0174123 0.0297318
0 0.00540662 0.017233 0.0293161
0 0.00540453 0.0167528 0.0281512
0 0.00537608 0.0159846 0.0263168
0 0.00525404 0.0149248 0.0239081
0 0.00498701 0.0135693 0.0210461
0 0.00456977 0.0119419 0.017885
0 0.00402324 0.0100894 0.0145809
0 0.00334325 0.00804223 0.0112323
0 0.00248574 0.00578986 0.00785226
0 0.00140922 0.00330128 0.00439473
0 0.000126378 0.000567776 0.000804234
0 -0.00126582 -0.00236509 -0.0029426
0 -0.00260951 -0.00538384 -0.00682039
0 -0.00376501 -0.00831138 -0.0107598
0 -0.00465842 -0.0109438 -0.0146504
0 -0.00527122 -0.0131105 -0.0183376
0 -0.00560801 -0.0147163 -0.0216359
0 -0.00567859 -0.0157434 -0.024359
0 -0.00551056 -0.0162292 -0.0263514
0 -0.00516834 -0.0162475 -0.0275091
0 -0.00475683 -0.0158967 -0.0277954
0 -0.00440036 -0.0152876 -0.0272432
0 -0.00419842 -0.0145293 -0.0259407
0 -0.00418433 -0.013713 -0.0240159
0 -0.00432112 -0.0128989 -0.0216301
0 -0.00453189 -0.0121138 -0.0189756
0 -0.00473823 -0.0113613 -0.016272
0 -0.00488085 -0.0106316 -0.0137444
0 -0.00491235 -0.0099029 -0.011578
0 -0.00478054 -0.00913986 -0.00987055
0 -0.00443064 -0.00829397 -0.00861823
0 -0.00382911 -0.00730961 -0.00773757
0 -0.00298557 -0.00614274 -0.00709326
0 -0.00196134 -0.00478309 -0.00652238
0 -0.000865443 -0.00327108 -0.0058611
0 0.0001689 -0.0016997 -0.00497438
0 0.00102196 -0.000192196 -0.00377475
0 0.00161894 0.00113962 -0.00222589
0 0.00193977 0.00223288 -0.000343038
0 0.00200812 0.00308502 0.00180626
0 0.00187557 0.00373495 0.00411003
0 0.00161346 0.004236 0.00641936
0 0.00130932 0.00464591 0.00855936
0 0.00106194 0.00502579 0.0103695
0 0.000971895 0.00543796 0.0117494
0 0.00112096 0.00594295 0.0126767
0 0.00154506 0.00658905 0.0131998
0 0.00221721 0.00739559 0.0134191
0 0.00305297 0.0083417 0.0134677
0 0.00393653 0.00936995 0.0134953
0 0.00475537 0.0104022 0.0136494
0 0.00542558 0.0113604 0.0140496
0 0.00589691 0.0121859 0.0147635
0 0.00614954 0.0128513 0.0158005
0 0.00619391 0.0133616 0.0171198
0 0.00606931 0.0137475 0.0186378
0 0.0058366 0.0140506 0.0202367
0 0.0055631 0.0143053 0.0217756
0 0.00530546 0.014524 0.0231056
0 0.00509916 0.0146909 0.0240866
0 0.00495558 0.0147671 0.0246048
0 0.00486519 0.014702 0.0245849
0 0.00480195 0.0144449 0.0239963
0 0.00472564 0.0139499 0.0228469
0 0.00458494 0.0131766 0.0211721
0 0.00432606 0.0120914 0.019023
0 0.00390425 0.0106705 0.0164582
0 0.00329002 0.0089007 0.0135328
0 0.00246844 0.00677718 0.0102864
0 0.00144181 0.00430633 0.00673972
0 0.000238041 0.00152062 0.00290662
0 -0.00107291 -0.00150738 -0.00119206
0 -0.00238457 -0.00466235 -0.00552008
0 -0.00359536 -0.00780318 -0.0100147
0 -0.00463716 -0.0107955 -0.0145842
0 -0.00548764 -0.013536 -0.019119
0 -0.00616977 -0.015965 -0.0234958
0 -0.00672858 -0.0180697 -0.027575
0 -0.00720692 -0.0198725 -0.0312114
0 -0.00763663 -0.021409 -0.0342805
0 -0.00803802 -0.0227052 -0.0366975
0 -0.00841718 -0.0237652 -0.0384153
0 -0.00876817 -0.0245726 -0.039419
0 -0.00908082 -0.0251011 -0.0397293
0 -0.00934152 -0.0253257 -0.0394026
0 -0.00952556 -0.025228 -0.0385177
0 -0.00959385 -0.0247954 -0.0371601
0 -0.00950256 -0.0240234 -0.035413
0 -0.00922174 -0.0229222 -0.0333573
0 -0.00874795 -0.0215201 -0.0310693
0 -0.00810185 -0.0198598 -0.0286131
0 -0.00731825 -0.0179921 -0.0260331
0 -0.0064383 -0.0159715 -0.0233539
0 -0.00550367 -0.0138524 -0.0205853
0 -0.00454833 -0.0116807 -0.0177242
0 -0.00359112 -0.0094826 -0.014756
0 -0.00263695 -0.00726241 -0.0116604
0 -0.00168847 -0.00501372 -0.00842557
0 -0.000756817 -0.00273689 -0.00506223
0 0.000139205 -0.000450292 -0.0016026
0 0.000977188 0.00180841 0.00191202
0 0.0017363 0.00399162 0.00543216
0 0.00240789 0.00605619 0.00888972
0 0.00299972 0.00797202 0.0122004
0 0.00353292 0.00972547 0.0152816
0 0.00403772 0.0113219 0.0180682
0 0.00454455 0.0127813 0.0205175
0 0.0050713 0.0141245 0.0226061
0 0.00561519 0.0153596 0.0243268
0 0.00615769 0.0164772 0.0256874
0 0.00667911 0.0174595 0.0267144
0 0.00716771 0.0182944 0.0274546
0 0.00761419 0.0189795 0.0279662
0 0.00799658 0.0195105 0.0282978
0 0.00827389 0.0198685 0.0284731
0 0.0084008 0.0200232 0.0284935
0 0.008352 0.0199464 0.0283521
0 0.00813518 0.019626 0.0280421
0 0.0077844 0.0190702 0.0275537
0 0.00734328 0.0183064 0.0268684
0 0.00685249 0.0173765 0.0259616
0 0.0063442 0.0163279 0.0248093
0 0.00583923 0.0152009 0.0233949
0 0.00534615 0.0140175 0.0217133
0 0.00486421 0.0127792 0.0197747
0 0.00438866 0.0114758 0.0176088
0 0.00391403 0.0100976 0.0152632
0 0.00343326 0.00864451 0.0127977
0 0.00293599 0.00712777 0.0102745
0 0.00241068 0.0055681 0.00775169
0 0.0018509 0.00399215 0.00527783
0 0.00126175 0.00242883 0.00288841
0 0.00065788 0.000904683 0.00060489
0 5.20937e-05 -0.000562568 -0.00156239
0 -0.000549566 -0.00196834 -0.00360967
0 -0.00114007 -0.00331684 -0.00553564
0 -0.00170479 -0.00460855 -0.00733765
0 -0.00222225 -0.00582739 -0.00900743
0 -0.00266947 -0.00693842 -0.0105296
0 -0.00303082 -0.0079004 -0.0118865
0 -0.00330482 -0.00868346 -0.0130641
0 -0.00350041 -0.00927714 -0.0140503
0 -0.00362515 -0.00968472 -0.0148276
0 -0.00367864 -0.00991353 -0.0153692
0 -0.00365874 -0.00997135 -0.0156462
0 -0.00357371 -0.00987004 -0.015642
0 -0.00344743 -0.00963019 -0.0153621
0 -0.00331447 -0.00928409 -0.014836
0 -0.00320943 -0.00887565 -0.0141144
0 -0.0031546 -0.0084538 -0.0132607
0 -0.00315213 -0.00806132 -0.012342
0 -0.00318711 -0.00772678 -0.0114247
0 -0.00323854 -0.00746308 -0.0105746
0 -0.00328879 -0.00727032 -0.00985446
0 -0.00332407 -0.00713791 -0.00931503
0 -0.00333011 -0.00704622 -0.00898394
0 -0.0032913 -0.00697117 -0.00886091
0 -0.00319421 -0.00688945 -0.00891901
0 -0.00303438 -0.00678371 -0.00911093
0 -0.00282573 -0.00665061 -0.00938189
0 -0.00260436 -0.00650737 -0.00968384
0 -0.002419 -0.00638899 -0.0099813
0 -0.00231287 -0.00633625 -0.0102495
0 -0.00231012 -0.00638214 -0.0104729
0 -0.002413 -0.0065433 -0.0106479
0 -0.00260654 -0.00681689 -0.0107853
0 -0.00286454 -0.00718159 -0.0109096
0 -0.00315453 -0.00760231 -0.0110537
0 -0.00344181 -0.00803814 -0.0112508
0 -0.0036929 -0.00844999 -0.011526
0 -0.00387834 -0.00880509 -0.0118885
0 -0.00397469 -0.0090777 -0.0123259
0 -0.0039683 -0.00924849 -0.012804
0 -0.0038628 -0.00930808 -0.013275
0 -0.00368516 -0.00926422 -0.0136909
0 -0.00348121 -0.00914435 -0.0140131
0 -0.00329999 -0.00898797 -0.0142123
0 -0.0031767 -0.00883341 -0.0142673
0 -0.00312455 -0.00870649 -0.0141651
0 -0.00313591 -0.00861355 -0.0139039
0 -0.00318902 -0.00854046 -0.013496
0 -0.0032562 -0.00845823 -0.0129676
0 -0.00330974 -0.00833239 -0.0123542
0 -0.00332577 -0.00813366 -0.0116951
0 -0.00328905 -0.00784886 -0.0110287
0 -0.0031962 -0.00748673 -0.0103904
0 -0.00305399 -0.00707369 -0.00980717
0 -0.00287479 -0.0066433 -0.00929423
0 -0.0026737 -0.00622657 -0.00885424
0 -0.0024688 -0.00584776 -0.00848206
0 -0.00228111 -0.00552431 -0.00817051
0 -0.00212966 -0.00526617 -0.00791205
0 -0.00202253 -0.0050722 -0.00769524
0 -0.00195204 -0.00492788 -0.00750182
0 -0.00189825 -0.00480717 -0.00730834
0 -0.00183602 -0.00467615 -0.007089
0 -0.00174072 -0.00449626 -0.00681625
0 -0.0015919 -0.00422818 -0.00646038
0 -0.00137586 -0.00383717 -0.00598967
0 -0.00108679 -0.00329819 -0.0053715
0 -0.000726326 -0.00259937 -0.00457477
0 -0.000302201 -0.00174322 -0.00357411
0 0.000173921 -0.000743233 -0.00235176
0 0.000689512 0.000383983 -0.0008943
0 0.00123462 0.00162587 0.000810635
0 0.00180176 0.00297512 0.00277237
0 0.00238211 0.00442644 0.0049914
0 0.00296553 0.00597338 0.00745107
0 0.0035456 0.00760658 0.0101113
0 0.0041239 0.00931169 0.0129137
0 0.00470976 0.0110686 0.0157941
0 0.00531554 0.0128536 0.0186894
0 0.00595003 0.0146428 0.0215401
0 0.00661323 0.0164135 0.0242921
0 0.00729483 0.0181432 0.0268987
0 0.00797596 0.019807 0.0293218
0 0.00863486 0.0213759 0.0315316
0 0.0092536 0.0228184 0.0335042
0 0.00981828 0.0241069 0.0352201
0 0.0103169 0.0252202 0.0366657
0 0.0107404 0.0261433 0.0378356
0 0.0110834 0.0268671 0.0387318
0 0.0113435 0.0273898 0.0393619
0 0.0115215 0.0277164 0.039737
0 0.0116187 0.0278572 0.0398704
0 0.0116366 0.027824 0.0397755
0 0.0115762 0.0276289 0.0394658
0 0.0114393 0.0272814 0.0389526
0 0.0112266 0.0267849 0.0382419
0 0.0109374 0.0261349 0.037333
0 0.0105717 0.0253251 0.036222
0 0.0101342 0.0243534 0.034906
0 0.00963298 0.0232246 0.0333839
0 0.00907496 0.0219472 0.0316544
0 0.00846398 0.0205304 0.0297152
0 0.00780154 0.0189818 0.0275652
0 0.00708873 0.0173067 0.025206
0 0.00632646 0.0155071 0.0226428
0 0.00551403 0.0135813 0.019882
0 0.00464858 0.0115247 0.0169302
0 0.00372746 0.00933427 0.0137953
0 0.00275161 0.00701269 0.0104887
0 0.00172465 0.00456908 0.00702423
0 0.000646885 0.00201385 0.00341261
0 -0.00048326 -0.000642533 -0.000344944
0 -0.0016549 -0.00338475 -0.00425434
0 -0.00284072 -0.00619451 -0.00831377
0 -0.00401294 -0.00905673 -0.012505
0 -0.00515877 -0.0119579 -0.0168021
0 -0.00628214 -0.0148821 -0.021178
0 -0.00739407 -0.0178109 -0.0256007
0 -0.00849995 -0.020721 -0.0300266
0 -0.00959712 -0.0235848 -0.0343995
0 -0.0106828 -0.0263773 -0.0386526
0 -0.0117588 -0.0290849 -0.0427167
0 -0.0128291 -0.0316992 -0.0465339
0 -0.0138953 -0.0342055 -0.0500664
0 -0.0149515 -0.0365764 -0.0532916
0 -0.0159849 -0.0387765 -0.0561927
0 -0.0169812 -0.0407723 -0.0587559
0 -0.0179256 -0.0425394 -0.0609722
0 -0.0187982 -0.044063 -0.0628344
0 -0.0195698 -0.0453327 -0.064333
0 -0.0202057 -0.0463376 -0.0654566
0 -0.0206766 -0.0470671 -0.0661991
0 -0.0209664 -0.0475117 -0.0665642
0 -0.0210698 -0.0476607 -0.0665636
0 -0.0209889 -0.0474985 -0.0662104
0 -0.020732 -0.0470066 -0.0655119
0 -0.0203129 -0.046171 -0.0644652
0 -0.0197457 -0.0449909 -0.0630555
0 -0.0190422 -0.0434794 -0.0612587
0 -0.0182104 -0.0416575 -0.059045
0 -0.0172577 -0.0395461 -0.0563848
0 -0.0161939 -0.0371614 -0.0532564
0 -0.0150328 -0.034514 -0.0496508
0 -0.0137906 -0.0316109 -0.0455749
0 -0.0124822 -0.0284603 -0.0410519
0 -0.0111172 -0.0250764 -0.0361193
0 -0.00969676 -0.0214784 -0.0308246
0 -0.00821117 -0.0176862 -0.0252185
0 -0.00664416 -0.0137175 -0.0193522
0 -0.00498222 -0.00958812 -0.0132794
0 -0.00321886 -0.00532085 -0.00705107
0 -0.00135307 -0.000949848 -0.000707131
0 0.000605672 0.00349171 0.00571526
0 0.00263745 0.00798267 0.0121663
0 0.00471987 0.0125043 0.0185807
0 0.00682991 0.017025 0.02489
0 0.00892993 0.0214995 0.031031
0 0.0109638 0.0258726 0.0369474
0 0.0128945 0.0300822 0.0425906
0 0.0147281 0.0340694 0.0479172
0 0.0164857 0.0377855 0.0528883
0 0.0181694 0.0411944 0.0574696
0 0.0197569 0.0442708 0.0616302
0 0.0212111 0.0469976 0.0653378
0 0.0224908 0.0493633 0.0685567
0 0.0235583 0.051357 0.0712523
0 0.0243846 0.052962 0.0733969
0 0.0249524 0.0541544 0.074971
0 0.0252561 0.0549048 0.0759623
0 0.0253003 0.0551836 0.0763628
0 0.0251017 0.0549677 0.0761674
0 0.0246902 0.0542491 0.0753716
0 0.0240997 0.053043 0.0739716
0 0.0233602 0.0513898 0.0719665
0 0.0224955 0.0493483 0.0693629
0 0.0215244 0.046983 0.0661796
0 0.020464 0.0443529 0.0624527
0 0.0193328 0.0415057 0.0582392
0 0.0181506 0.0384784 0.0536168
0 0.016934 0.0353012 0.0486789
0 0.0156928 0.0320026 0.0435275
0 0.0144279 0.0286139 0.0382645
0 0.0131319 0.0251709 0.0329856
0 0.0117933 0.021712 0.0277756
0 0.0104019 0.0182763 0.0227025
0 0.00895762 0.0149002 0.0178144
0 0.00747712 0.0116134 0.0131442
0 0.00599079 0.0084366 0.00871571
0 0.00453316 0.00538235 0.00454555
0 0.00313166 0.00246112 0.000640677
0 0.00180077 -0.000312487 -0.00300242
0 0.00054527 -0.00292009 -0.00639482
0 -0.000632636 -0.00534445 -0.00955084
0 -0.00172905 -0.00757298 -0.0124814
0 -0.00273625 -0.0095989 -0.015188
0 -0.00364403 -0.0114201 -0.0176624
0 -0.00444396 -0.0130371 -0.0198898
0 -0.0051313 -0.0144502 -0.0218522
0 -0.00570425 -0.0156568 -0.0235322
0 -0.00616407 -0.0166508 -0.0249152
0 -0.00651681 -0.0174267 -0.0259933
0 -0.00677357 -0.0179848 -0.0267663
0 -0.00694643 -0.018332 -0.0272404
0 -0.00704219 -0.0184785 -0.0274233
0 -0.00705913 -0.0184332 -0.0273209
0 -0.00698975 -0.0182011 -0.0269389
0 -0.00682743 -0.0177838 -0.0262853
0 -0.00657089 -0.0171808 -0.0253722
0 -0.00622358 -0.016391 -0.0242143
0 -0.00579058 -0.0154144 -0.0228253
0 -0.00527637 -0.0142544 -0.0212172
0 -0.00468578 -0.0129208 -0.0194005
0 -0.0040269 -0.0114311 -0.0173878
0 -0.00331264 -0.00981062 -0.015195
0 -0.00255912 -0.00808845 -0.0128397
0 -0.00178268 -0.00629401 -0.0103402
0 -0.000998558 -0.00445559 -0.00771654
0 -0.000221426 -0.00259915 -0.00499366
0 0.000533766 -0.000748708 -0.00220414
0 0.0012518 0.00107126 0.000611043
0 0.00191915 0.00283439 0.00340404
0 0.00252686 0.00451396 0.00612414
0 0.0030722 0.00608653 0.00872109
0 0.00356021 0.00753422 0.0111471
0 0.00400348 0.00884673 0.0133585
0 0.00441795 0.0100233 0.0153162
0 0.00481827 0.0110704 0.0169899
0 0.00521509 0.0119979 0.0183628
0 0.00561456 0.012817 0.0194357
0 0.00601907 0.0135403 0.0202287
0 0.00642756 0.0141808 0.020779
0 0.00683574 0.0147515 0.0211381
0 0.00723574 0.0152643 0.0213655
0 0.00761562 0.0157276 0.0215216
0 0.00796093 0.0161463 0.0216617
0 0.00825942 0.0165254 0.0218337
0 0.00850696 0.016875 0.0220794
0 0.00870936 0.0172119 0.0224329
0 0.00887898 0.0175569 0.0229175
0 0.00903016 0.0179316 0.023543
0 0.0091771 0.0183547 0.0243057
0 0.00933398 0.0188409 0.0251919
0 0.00951458 0.0193993 0.0261817
0 0.00972978 0.0200316 0.0272502
0 0.0099841 0.0207304 0.0283685
0 0.0102741 0.0214786 0.0295051
0 0.0105891 0.0222513 0.0306272
0 0.0109112 0.0230163 0.0317009
0 0.0112158 0.023734 0.0326895
0 0.0114721 0.0243574 0.0335516
0 0.0116454 0.0248331 0.0342399
0 0.0117007 0.0251038 0.0347008
0 0.0116107 0.0251153 0.034879
0 0.0113618 0.0248244 0.0347222
0 0.0109536 0.0242024 0.0341819
0 0.010392 0.0232332 0.0332109
0 0.00968392 0.0219105 0.0317634
0 0.00883555 0.0202352 0.0297986
0 0.00785308 0.0182127 0.0272855
0 0.00674442 0.0158515 0.0242084
0 0.00552365 0.0131668 0.0205749
0 0.00421203 0.0101834 0.0164196
0 0.00283415 0.00693637 0.0117986
0 0.00141267 0.00347347 0.0067777
0 -3.46767e-05 -0.000143114 0.00142598
0 -0.00149242 -0.00384222 -0.0041821
0 -0.00294508 -0.00755437 -0.00996043
0 -0.00437793 -0.0112223 -0.0158064
0 -0.00577633 -0.0148045 -0.0215951
0 -0.00712597 -0.0182663 -0.0271805
0 -0.00841542 -0.0215654 -0.0324146
0 -0.00963754 -0.0246465 -0.0371674
0 -0.0107865 -0.0274454 -0.0413338
0 -0.0118496 -0.029895 -0.0448323
0 -0.0127958 -0.0319304 -0.0475998
0 -0.013572 -0.0334893 -0.0495861
0 -0.0141167 -0.0345118 -0.0507528
0 -0.0143786 -0.0349437 -0.0510775
0 -0.0143278 -0.0347444 -0.0505604
0 -0.0139615 -0.0338942 -0.0492243
0 -0.0133023 -0.0323996 -0.0471058
0 -0.0123871 -0.0302956 -0.0442473
0 -0.0112553 -0.0276468 -0.0406955
0 -0.00994505 -0.0245418 -0.0365043
0 -0.00849255 -0.0210806 -0.0317388
0 -0.00693321 -0.0173584 -0.0264775
0 -0.00530499 -0.0134565 -0.0208155
0 -0.00365078 -0.00944535 -0.0148642
0 -0.002016 -0.00539431 -0.00874306
0 -0.00044148 -0.00137557 -0.00256846
0 0.00104654 0.0025387 0.00355069
0 0.00244068 0.00628303 0.00951155
0 0.00374604 0.00981307 0.0152105
0 0.00497582 0.0131081 0.0205385
0 0.00614878 0.0161558 0.0253894
0 0.00728016 0.0189422 0.0296742
0 0.00837319 0.0214512 0.0333277
0 0.00941687 0.0236624 0.0363094
0 0.0103902 0.0255504 0.0386057
0 0.0112696 0.0270904 0.0402314
0 0.0120331 0.0282643 0.0412286
0 0.0126575 0.0290634 0.0416573
0 0.0131142 0.0294866 0.0415853
0 0.0133721 0.0295386 0.0410793
0 0.0134056 0.0292281 0.0402016
0 0.0132053 0.0285671 0.0390068
0 0.0127817 0.0275714 0.0375398
0 0.012162 0.0262631 0.035832
0 0.0113807 0.0246731 0.0338994
0 0.0104749 0.0228423 0.0317444
0 0.0094817 0.0208194 0.0293627
0 0.00843801 0.0186557 0.0267498
0 0.00737706 0.0163991 0.0239071
0 0.00632571 0.0140888 0.0208451
0 0.00530317 0.0117535 0.0175852
0 0.00432128 0.00941258 0.0141592
0 0.0033851 0.00707982 0.0106078
0 0.00249494 0.00476767 0.00697887
0 0.00164807 0.00249013 0.00332377
0 0.000837037 0.000261846 -0.000305505
0 4.80974e-05 -0.00190609 -0.00385971
0 -0.000735828 -0.00400826 -0.00729313
0 -0.00152771 -0.00604393 -0.0105606
0 -0.00233043 -0.00801251 -0.0136159
0 -0.00313692 -0.00990606 -0.0164132
0 -0.00393292 -0.0117028 -0.0189105
0 -0.00469902 -0.0133662 -0.021075
0 -0.00541171 -0.0148498 -0.0228858
0 -0.00604364 -0.0161037 -0.0243317
0 -0.00656361 -0.0170807 -0.0254059
0 -0.00693858 -0.0177416 -0.0261025
0 -0.00713844 -0.0180593 -0.0264147
0 -0.00714113 -0.0180195 -0.026336
0 -0.00693681 -0.0176177 -0.0258587
0 -0.00652979 -0.0168549 -0.0249729
0 -0.00593608 -0.0157359 -0.0236662
0 -0.00517926 -0.014271 -0.0219261
0 -0.00428636 -0.0124781 -0.0197435
0 -0.0032844 -0.0103842 -0.017116
0 -0.00219911 -0.00802363 -0.0140515
0 -0.00105562 -0.00543654 -0.0105695
0 0.000121447 -0.00266662 -0.00670237
0 0.00131232 0.000241883 -0.00249288
0 0.00250778 0.00324682 0.00201136
0 0.00370781 0.00631192 0.00675891
0 0.00491348 0.00941051 0.0116892
0 0.00612031 0.0125261 0.0167259
0 0.00731934 0.0156461 0.0217725
0 0.00850518 0.0187506 0.026718
0 0.00968035 0.0218062 0.0314543
0 0.0108518 0.0247686 0.0358891
0 0.0120232 0.0275876 0.0399497
0 0.0131851 0.0302113 0.0435799
0 0.014306 0.0325898 0.0467364
0 0.0153386 0.0346777 0.0493875
0 0.0162337 0.0364326 0.0515134
0 0.0169489 0.0378134 0.0531052
0 0.0174498 0.0387788 0.0541603
0 0.0177095 0.0392882 0.0546755
0 0.0177082 0.0393071 0.0546429
0 0.0174368 0.0388106 0.0540486
0 0.0169024 0.037787 0.0528725
0 0.0161241 0.0362398 0.0510889
0 0.0151259 0.0341867 0.0486683
0 0.0139318 0.0316559 0.0455818
0 0.0125616 0.0286811 0.0418084
0 0.01103 0.0252977 0.0373424
0 0.0093493 0.0215383 0.0321988
0 0.00753414 0.0174298 0.0264161
0 0.00560171 0.0129931 0.0200544
0 0.00356875 0.00824806 0.0131891
0 0.00144931 0.00322684 0.00589628
0 -0.000748235 -0.00201837 -0.00175509
0 -0.00301856 -0.00742286 -0.00969476
0 -0.00535606 -0.0129214 -0.0178376
0 -0.00775411 -0.0184563 -0.0260696
0 -0.0102036 -0.0239769 -0.0342492
0 -0.0126771 -0.0294356 -0.042229
0 -0.0151124 -0.0347804 -0.0498734
0 -0.0174365 -0.0399411 -0.0570674
0 -0.0196055 -0.0448172 -0.0637234
0 -0.0216025 -0.0492867 -0.0697814
0 -0.0234075 -0.0532359 -0.075195
0 -0.0249846 -0.0565816 -0.0799171
0 -0.0262886 -0.0592725 -0.0838938
0 -0.0272724 -0.0612827 -0.0870689
0 -0.027894 -0.0626051 -0.0893929
0 -0.0281246 -0.0632451 -0.0908269
0 -0.0279628 -0.0632159 -0.0913425
0 -0.0274496 -0.0625364 -0.0909252
0 -0.0266639 -0.0612359 -0.0895759
0 -0.0257015 -0.0593595 -0.0873134
0 -0.024648 -0.0569696 -0.0841747
0 -0.0235582 -0.0541463 -0.0802138
0 -0.0224492 -0.0509798 -0.075503
0 -0.0213118 -0.0475574 -0.0701379
0 -0.0201268 -0.0439517 -0.064242
0 -0.0188805 -0.0402152 -0.0579654
0 -0.0175726 -0.0363847 -0.0514766
0 -0.0162109 -0.0324892 -0.0449465
0 -0.0148013 -0.0285583 -0.0385291
0 -0.0133373 -0.0246275 -0.0323435
0 -0.0118005 -0.0207376 -0.0264632
0 -0.0101756 -0.0169227 -0.0209213
0 -0.00846416 -0.0132004 -0.0157248
0 -0.00668736 -0.0095712 -0.0108645
0 -0.00487619 -0.00602893 -0.00631612
0 -0.00306046 -0.00257123 -0.00204011
0 -0.0012645 0.000797772 0.00201347
0 0.000493705 0.00407036 0.00590038
0 0.0022032 0.00724027 0.00967886
0 0.00386001 0.0103081 0.013406
0 0.00546461 0.0132831 0.0171337
0 0.00701732 0.0161804 0.0209031
0 0.00851506 0.0190175 0.0247404
0 0.00995284 0.0218118 0.0286499
0 0.0113287 0.0245785 0.0326122
0 0.012647 0.0273246 0.0365938
0 0.0139188 0.030046 0.0405566
0 0.0151583 0.0327291 0.0444616
0 0.0163743 0.0353551 0.0482681
0 0.0175644 0.0379034 0.0519303
0 0.0187179 0.0403504 0.0553992
0 0.0198195 0.0426669 0.05863
0 0.0208529 0.0448193 0.0615843
0 0.0218034 0.0467729 0.0642291
0 0.0226561 0.0484949 0.0665365
0 0.0233949 0.0499565 0.0684835
0 0.0240026 0.0511352 0.0700519
0 0.0244627 0.0520148 0.0712268
0 0.0247615 0.0525847 0.0719962
0 0.0248894 0.052838 0.0723509
0 0.0248401 0.0527686 0.0722838
0 0.0246156 0.0523688 0.0717891
0 0.0242299 0.0516291 0.0708614
0 0.0236993 0.0505442 0.0694929
0 0.0230352 0.0491172 0.0676743
0 0.0222446 0.0473593 0.0653961
0 0.0213298 0.0452857 0.062651
0 0.0202909 0.0429111 0.0594363
0 0.0191275 0.0402468 0.055756
0 0.0178397 0.0372989 0.0516222
0 0.0164268 0.0340704 0.0470555
0 0.014887 0.0305637 0.0420824
0 0.0132179 0.0267837 0.0367332
0 0.0114181 0.0227381 0.0310383
0 0.0094871 0.0184376 0.0250267
0 0.00742699 0.0138942 0.018723
0 0.00524184 0.00912286 0.0121419
0 0.00293554 0.00413996 0.00528986
0 0.000509678 -0.00103698 -0.00182817
0 -0.00203624 -0.00638759 -0.00920695
0 -0.00470083 -0.0118926 -0.0168363
0 -0.00747606 -0.017538 -0.0246955
0 -0.0103471 -0.0233134 -0.0327447
0 -0.0132969 -0.0292061 -0.0409214
0 -0.0163005 -0.0351932 -0.049153
0 -0.0193057 -0.0412393 -0.0573713
0 -0.0222456 -0.0472947 -0.0655179
0 -0.0250826 -0.0532901 -0.0735447
0 -0.027814 -0.05914 -0.0814049
0 -0.0304445 -0.0647588 -0.0890423
0 -0.0329699 -0.0700787 -0.0963874
0 -0.0353747 -0.0750523 -0.103365
0 -0.0376312 -0.079645 -0.109906
0 -0.0397022 -0.0838269 -0.115956
0 -0.0415489 -0.0875715 -0.121469
0 -0.0431369 -0.0908552 -0.126402
0 -0.0444407 -0.0936565 -0.130719
0 -0.0454444 -0.0959531 -0.134384
0 -0.0461418 -0.0977222 -0.137367
0 -0.0465342 -0.0989419 -0.139638
0 -0.0466292 -0.0995925 -0.141169
0 -0.0464432 -0.0996589 -0.14193
0 -0.0460059 -0.099135 -0.141889
0 -0.0453573 -0.0980315 -0.141011
0 -0.0445383 -0.0963794 -0.139265
0 -0.0435815 -0.094224 -0.136633
0 -0.0425071 -0.0916137 -0.133118
0 -0.0413251 -0.0885915 -0.128752
0 -0.0400371 -0.08519 -0.123592
0 -0.0386399 -0.0814314 -0.117721
0 -0.0371272 -0.077332 -0.111243
0 -0.0354922 -0.0729089 -0.104272
0 -0.0337276 -0.0681869 -0.0969236
0 -0.0318255 -0.0632005 -0.0893047
0 -0.0297767 -0.0579907 -0.0815101
0 -0.0275715 -0.0526035 -0.0736213
0 -0.0252039 -0.0470873 -0.0657036
0 -0.0226817 -0.0414862 -0.0578081
0 -0.0200327 -0.0358336 -0.0499741
0 -0.017295 -0.0301566 -0.0422297
0 -0.0145012 -0.0244838 -0.0345886
0 -0.0116762 -0.0188484 -0.0270514
0 -0.00884384 -0.0132851 -0.0196132
0 -0.00603407 -0.00782679 -0.0122735
0 -0.00328119 -0.00250416 -0.00503903
0 -0.000618409 0.00265548 0.00207737
0 0.00192622 0.00762974 0.00905905
0 0.00433107 0.0124008 0.0158867
0 0.00658113 0.0169551 0.0225324
0 0.00867031 0.0212827 0.0289514
0 0.0106037 0.0253712 0.035085
0 0.0123947 0.0292042 0.0408729
0 0.0140594 0.0327638 0.04626
0 0.0156107 0.0360345 0.0511978
0 0.0170551 0.0390053 0.0556436
0 0.0183918 0.0416717 0.0595583
0 0.019611 0.0440348 0.0629095
0 0.0206973 0.0460955 0.0656782
0 0.0216443 0.0478493 0.067864
0 0.0224586 0.0492881 0.0694839
0 0.0231495 0.0504051 0.0705731
0 0.0237221 0.0511996 0.0711796
0 0.0241765 0.051682 0.0713575
0 0.0245073 0.0518743 0.0711642
0 0.0247059 0.0518068 0.0706588
0 0.0247648 0.0515137 0.0699006
0 0.0246805 0.0510275 0.0689449
0 0.0244579 0.0503745 0.0678407
0 0.0241141 0.0495737 0.0666295
0 0.0236764 0.0486412 0.065343
0 0.0231743 0.0475952 0.0640012
0 0.0226326 0.0464579 0.0626113
0 0.0220662 0.0452532 0.0611673
0 0.0214814 0.0440023 0.0596545
0 0.0208791 0.0427196 0.0580542
0 0.0202586 0.0414075 0.0563482
0 0.0196164 0.0400551 0.0545199
0 0.0189455 0.0386379 0.0525525
0 0.0182326 0.0371221 0.0504279
0 0.0174593 0.0354696 0.0481251
0 0.0166035 0.0336426 0.0456192
0 0.0156419 0.0316069 0.0428814
0 0.0145533 0.0293329 0.0398793
0 0.0133206 0.026796 0.0365778
0 0.0119328 0.0239759 0.032941
0 0.0103841 0.0208561 0.0289343
0 0.00867574 0.0174237 0.0245272
0 0.00681693 0.0136724 0.0196969
0 0.00482379 0.00960738 0.0144294
0 0.00271465 0.00524693 0.00871983
0 0.000505407 0.000621878 0.00257201
0 -0.00179173 -0.00422732 -0.00400132
0 -0.0041657 -0.00925588 -0.0109755
0 -0.00660322 -0.0144209 -0.0183104
0 -0.00908637 -0.0196852 -0.0259501
0 -0.0115934 -0.0250168 -0.0338265
0 -0.0141033 -0.030389 -0.0418605
0 -0.016602 -0.0357814 -0.0499614
0 -0.0190864 -0.0411758 -0.0580379
0 -0.0215642 -0.0465511 -0.0660093
0 -0.02405 -0.0518813 -0.0738047
0 -0.0265564 -0.0571374 -0.0813617
0 -0.0290824 -0.0622895 -0.0886283
0 -0.0315991 -0.0673093 -0.0955619
0 -0.0340525 -0.0721688 -0.102129
0 -0.0363926 -0.0768342 -0.108306
0 -0.0385912 -0.0812593 -0.114079
0 -0.0406331 -0.0853855 -0.119443
0 -0.0425046 -0.0891546 -0.124397
0 -0.0441906 -0.092522 -0.128933
0 -0.0456731 -0.0954604 -0.13303
0 -0.0469285 -0.097955 -0.136657
0 -0.0479316 -0.099999 -0.139778
0 -0.04866 -0.101589 -0.142352
0 -0.0490985 -0.102716 -0.144334
0 -0.0492414 -0.103364 -0.145684
0 -0.0490992 -0.103509 -0.146366
0 -0.0487047 -0.103127 -0.146349
0 -0.0481045 -0.102204 -0.145603
0 -0.0473435 -0.100749 -0.144094
0 -0.0464535 -0.098794 -0.141799
0 -0.0454502 -0.0963858 -0.138705
0 -0.0443359 -0.0935731 -0.134821
0 -0.0431067 -0.0903966 -0.130179
0 -0.041761 -0.0868855 -0.124841
0 -0.0403033 -0.0830609 -0.118896
0 -0.0387402 -0.078941 -0.112451
0 -0.0370728 -0.0745458 -0.105617
0 -0.0352945 -0.0699019 -0.0984975
0 -0.0333929 -0.0650441 -0.0911867
0 -0.0313524 -0.0600145 -0.0837676
0 -0.0291606 -0.0548591 -0.0763117
0 -0.0268204 -0.0496214 -0.0688773
0 -0.0243557 -0.0443374 -0.0615116
0 -0.0218051 -0.039035 -0.0542525
0 -0.0192079 -0.0337397 -0.0471265
0 -0.0165936 -0.0284801 -0.0401442
0 -0.0139803 -0.0232871 -0.0333005
0 -0.0113783 -0.0181894 -0.0265792
0 -0.00879723 -0.0132085 -0.0199621
0 -0.00625061 -0.00835597 -0.0134358
0 -0.00375673 -0.00363443 -0.00699303
0 -0.00133448 0.000960917 -0.000631583
0 0.00100101 0.00543879 0.00564819
0 0.00324113 0.00980732 0.0118451
0 0.00538413 0.0140706 0.0179562
0 0.00743446 0.0182282 0.0239709
0 0.0094032 0.0222761 0.0298656
0 0.0113065 0.0262059 0.0356051
0 0.0131599 0.0300043 0.0411493
0 0.0149718 0.0336555 0.0464571
0 0.0167399 0.0371422 0.0514867
0 0.0184503 0.0404453 0.0561961
0 0.0200786 0.0435435 0.060545
0 0.0215888 0.0464117 0.0644954
0 0.0229433 0.0490192 0.0680094
0 0.0241164 0.0513254 0.0710491
0 0.0250901 0.0532801 0.0735834
0 0.0258446 0.0548264 0.0755885
0 0.0263588 0.0559109 0.0770382
0 0.026611 0.0564903 0.0779003
0 0.0265789 0.056533 0.0781385
0 0.0262484 0.0560164 0.0777134
0 0.0256226 0.0549255 0.0765825
0 0.0247216 0.0532544 0.0747044
0 0.0235747 0.0510088 0.0720434
0 0.0222131 0.0482071 0.0685743
0 0.0206641 0.0448802 0.0642856
0 0.0189475 0.0410685 0.0591841
0 0.0170762 0.0368168 0.0532986
0 0.0150593 0.0321696 0.0466821
0 0.0129055 0.0271689 0.0394121
0 0.0106245 0.0218533 0.0315867
0 0.00822717 0.0162575 0.0233188
0 0.00572546 0.0104198 0.0147171
0 0.00313061 0.00438889 0.00587121
0 0.000450075 -0.00177586 -0.00314184
0 -0.00230983 -0.00800776 -0.0122481
0 -0.00513547 -0.0142392 -0.0213728
0 -0.00800077 -0.0204094 -0.0304361
0 -0.0108687 -0.0264688 -0.0393487
0 -0.0136971 -0.0323769 -0.0480099
0 -0.0164439 -0.0380932 -0.0563165
0 -0.0190724 -0.0435686 -0.0641745
0 -0.0215557 -0.0487444 -0.0715012
0 -0.0238756 -0.0535554 -0.0782241
0 -0.0260164 -0.0579348 -0.0842812
0 -0.0279576 -0.0618207 -0.0896187
0 -0.0296688 -0.0651606 -0.0941895
0 -0.0311122 -0.0679144 -0.0979518
0 -0.0322502 -0.0700539 -0.10087
0 -0.0330501 -0.0715607 -0.102919
0 -0.0334885 -0.0724221 -0.104085
0 -0.0335562 -0.0726283 -0.104365
0 -0.0332688 -0.0721717 -0.103764
0 -0.03267 -0.0710497 -0.102299
0 -0.0318149 -0.0692756 -0.0999963
0 -0.0307515 -0.066889 -0.0968868
0 -0.0295116 -0.0639549 -0.0930053
0 -0.0281123 -0.0605538 -0.0883937
0 -0.0265658 -0.0567691 -0.0831076
0 -0.0248897 -0.0526788 -0.0772219
0 -0.0231121 -0.0483524 -0.0708338
0 -0.0212687 -0.0438524 -0.0640603
0 -0.0193959 -0.0392364 -0.0570306
0 -0.0175244 -0.0345608 -0.0498746
0 -0.0156722 -0.0298834 -0.0427126
0 -0.0138449 -0.0252642 -0.0356489
0 -0.0120419 -0.0207634 -0.0287716
0 -0.0102657 -0.0164377 -0.0221575
0 -0.00852551 -0.0123361 -0.0158749
0 -0.00683882 -0.00849691 -0.00998538
0 -0.00523061 -0.00494484 -0.00454421
0 -0.00372843 -0.00169293 0.000402923
0 -0.00235452 0.001252 0.00482307
0 -0.00112217 0.00388392 0.00869461
0 -3.73344e-05 0.00619443 0.0120028
0 0.000899504 0.00817121 0.0147386
0 0.00169159 0.00979919 0.0169005
0 0.00234158 0.0110644 0.0184931
0 0.00284719 0.011957 0.0195251
0 0.00319967 0.0124731 0.0200081
0 0.00338539 0.0126144 0.0199588
0 0.00338994 0.0123862 0.0194006
0 0.00320426 0.0117969 0.0183629
0 0.00283038 0.0108562 0.0168784
0 0.00228133 0.00957609 0.01498
0 0.00157651 0.00797291 0.0126969
0 0.000736664 0.00606938 0.0100516
0 -0.000218839 0.00389544 0.00706107
0 -0.00127207 0.00148622 0.00374013
0 -0.00240525 -0.00112255 0.000105709
0 -0.0036003 -0.00389857 -0.00381944
0 -0.00484001 -0.00681392 -0.00800646
0 -0.00611013 -0.00984384 -0.0124219
0 -0.00740167 -0.0129648 -0.0170297
0 -0.00871129 -0.0161529 -0.0217927
0 -0.0100384 -0.0193837 -0.0266734
0 -0.0113798 -0.0226356 -0.0316299
0 -0.012728 -0.0258923 -0.0366123
0 -0.0140752 -0.0291393 -0.0415648
0 -0.0154159 -0.032358 -0.0464296
0 -0.0167465 -0.0355231 -0.0511513
0 -0.0180641 -0.0386047 -0.0556806
0 -0.0193642 -0.0415734 -0.059976
0 -0.0206414 -0.0444038 -0.0640038
0 -0.0218878 -0.0470742 -0.0677362
0 -0.023092 -0.0495654 -0.0711488
0 -0.0242368 -0.0518579 -0.0742207
0 -0.0253002 -0.0539306 -0.076934
0 -0.0262563 -0.0557592 -0.0792716
0 -0.0270778 -0.0573148 -0.0812175
0 -0.027738 -0.0585664 -0.0827568
0 -0.0282124 -0.0594822 -0.083875
0 -0.0284805 -0.0600322 -0.0845575
0 -0.0285275 -0.0601905 -0.0847886
0 -0.0283476 -0.0599368 -0.0845517
0 -0.0279487 -0.0592586 -0.0838285
0 -0.0273481 -0.0581523 -0.082599
0 -0.0265667 -0.0566252 -0.0808429
0 -0.0256251 -0.0546961 -0.0785423
0 -0.0245431 -0.0523943 -0.0756863
0 -0.0233387 -0.0497538 -0.0722738
0 -0.022026 -0.0468069 -0.0683136
0 -0.0206149 -0.043579 -0.0638249
0 -0.0191118 -0.0400897 -0.0588396
0 -0.0175226 -0.0363556 -0.0534035
0 -0.0158534 -0.0323947 -0.0475754
0 -0.0141122 -0.0282299 -0.0414245
0 -0.0123065 -0.023892 -0.0350234
0 -0.0104392 -0.0194199 -0.0284412
0 -0.00850831 -0.0148574 -0.0217394
0 -0.00651063 -0.0102481 -0.0149723
0 -0.00444647 -0.00563058 -0.00818962
0 -0.00232609 -0.00103548 -0.00144079
0 -0.000172489 0.00351415 0.00522371
0 0.00198322 0.00799767 0.0117543
0 0.00410987 0.0123939 0.0181028
0 0.00618441 0.0166805 0.0242183
0 0.00819714 0.0208312 0.0300499
0 0.010149 0.0248132 0.0355546
0 0.0120427 0.0285908 0.0407001
0 0.0138744 0.0321306 0.0454604
0 0.0156287 0.0354044 0.0498123
0 0.017278 0.0383885 0.0537325
0 0.0187863 0.0410612 0.0571976
0 0.0201158 0.0434005 0.0601872
0 0.021231 0.0453836 0.0626865
0 0.0221052 0.0469878 0.0646867
0 0.0227261 0.0481915 0.0661842
0 0.0230945 0.0489745 0.0671794
0 0.0232169 0.0493196 0.0676739
0 0.0231042 0.0492167 0.0676647
0 0.0227731 0.048666 0.0671419
0 0.0222453 0.0476796 0.0660904
0 0.0215441 0.0462813 0.0644942
0 0.020693 0.0445036 0.0623417
0 0.0197146 0.0423844 0.059631
0 0.0186295 0.0399623 0.0563737
0 0.0174557 0.0372723 0.0525969
0 0.0162079 0.0343442 0.0483437
0 0.0148954 0.0312021 0.0436712
0 0.0135215 0.0278666 0.0386462
0 0.0120841 0.0243565 0.0333417
0 0.0105785 0.0206921 0.0278303
0 0.00900176 0.0168968 0.022177
0 0.00735592 0.0129996 0.0164351
0 0.00564834 0.00903253 0.0106495
0 0.00389139 0.00502749 0.00486052
0 0.00209841 0.00101241 -0.000897498
0 0.000278833 -0.00298964 -0.00659717
0 -0.00156126 -0.00695821 -0.012217
0 -0.00341352 -0.010875 -0.0177375
0 -0.00526397 -0.0147239 -0.0231372
0 -0.00709534 -0.0184904 -0.0283934
0 -0.00889187 -0.0221603 -0.0334843
0 -0.0106426 -0.0257191 -0.0383903
0 -0.0123414 -0.0291523 -0.0430934
0 -0.0139852 -0.0324464 -0.0475777
0 -0.015573 -0.0355914 -0.051832
0 -0.0171045 -0.0385813 -0.05585
0 -0.018578 -0.0414133 -0.0596285
0 -0.0199892 -0.0440857 -0.0631646
0 -0.0213316 -0.0465966 -0.0664564
0 -0.0225978 -0.0489433 -0.0695019
0 -0.0237812 -0.0511223 -0.0722997
0 -0.0248732 -0.0531263 -0.0748486
0 -0.0258628 -0.0549443 -0.0771465
0 -0.0267382 -0.0565635 -0.0791909
0 -0.0274898 -0.0579711 -0.0809796
0 -0.0281115 -0.0591569 -0.0825116
0 -0.0286013 -0.0601138 -0.083787
0 -0.0289609 -0.0608399 -0.0848054
0 -0.0291937 -0.0613375 -0.0855644
0 -0.0293029 -0.0616112 -0.0860588
0 -0.0292916 -0.0616658 -0.0862809
0 -0.0291647 -0.0615038 -0.0862198
0 -0.0289301 -0.061124 -0.0858615
0 -0.028598 -0.060523 -0.0851914
0 -0.0281792 -0.0596987 -0.0841967
0 -0.0276829 -0.0586525 -0.0828694
0 -0.0271152 -0.0573901 -0.0812057
0 -0.0264777 -0.0559198 -0.079207
0 -0.0257688 -0.0542509 -0.0768801
0 -0.0249855 -0.0523918 -0.0742376
0 -0.0241257 -0.0503502 -0.0712977
0 -0.0231896 -0.0481329 -0.0680835
0 -0.0221788 -0.0457467 -0.0646227
0 -0.021096 -0.0431998 -0.0609445
0 -0.0199447 -0.0405036 -0.0570788
0 -0.0187293 -0.0376745 -0.0530544
0 -0.0174554 -0.0347319 -0.0488991
0 -0.0161295 -0.0316971 -0.0446389
0 -0.0147567 -0.0285917 -0.0402966
0 -0.0133423 -0.0254362 -0.0358909
0 -0.0118944 -0.0222476 -0.0314396
0 -0.0104249 -0.0190388 -0.0269613
0 -0.00894773 -0.0158222 -0.0224762
0 -0.00747485 -0.0126155 -0.0180036
0 -0.00601478 -0.00944191 -0.0135612
0 -0.0045736 -0.00632536 -0.00916689
0 -0.00315711 -0.00328664 -0.00483913
0 -0.00177299 -0.000340853 -0.000598576
0 -0.000430143 0.00250225 0.0035327
0 0.000863145 0.00523656 0.00753273
0 0.00210018 0.00785749 0.0113808
0 0.00327635 0.0103596 0.015058
0 0.00438937 0.0127364 0.0185464
0 0.00543982 0.0149826 0.0218254
0 0.00643183 0.017093 0.0248714
0 0.00737133 0.0190607 0.0276618
0 0.00826214 0.0208759 0.030178
0 0.00910262 0.0225268 0.0324048
0 0.00988382 0.0239992 0.0343286
0 0.01059 0.0252772 0.0359379
0 0.0112018 0.0263443 0.0372242
0 0.0117005 0.0271847 0.0381838
0 0.0120699 0.0277844 0.0388175
0 0.0122971 0.0281308 0.0391286
0 0.0123723 0.0282129 0.0391221
0 0.0122905 0.0280225 0.0388031
0 0.0120548 0.0275554 0.0381765
0 0.0116766 0.0268127 0.0372448
0 0.0111718 0.0258019 0.0360068
0 0.0105568 0.0245381 0.0344584
0 0.00984688 0.0230425 0.0325946
0 0.00905578 0.0213398 0.0304126
0 0.00819672 0.019455 0.0279158
0 0.00728203 0.0174101 0.025115
0 0.00632257 0.0152232 0.0220291
0 0.0053272 0.0129089 0.0186822
0 0.00430229 0.0104804 0.0151007
0 0.00325135 0.007952 0.0113133
0 0.00217595 0.00533778 0.00735223
0 0.00107693 0.00265074 0.00325455
0 -4.44735e-05 -9.67471e-05 -0.000939272
0 -0.00118575 -0.0028917 -0.00518795
0 -0.00234378 -0.00571845 -0.00945215
0 -0.00351551 -0.00855774 -0.0136961
0 -0.00469798 -0.011388 -0.0178867
0 -0.00588877 -0.0141865 -0.021993
0 -0.00708561 -0.016932 -0.0259871
0 -0.00828491 -0.0196077 -0.0298451
0 -0.00948044 -0.0222026 -0.0335459
0 -0.0106628 -0.0247097 -0.037069
0 -0.0118198 -0.0271214 -0.040396
0 -0.0129387 -0.0294255 -0.0435117
0 -0.0140071 -0.0316052 -0.0464052
0 -0.0150144 -0.033641 -0.0490691
0 -0.0159507 -0.0355138 -0.0514985
0 -0.0168063 -0.0372061 -0.0536896
0 -0.0175707 -0.0387035 -0.0556381
0 -0.0182332 -0.0399947 -0.0573384
0 -0.0187839 -0.0410723 -0.0587845
0 -0.0192157 -0.0419326 -0.0599701
0 -0.0195252 -0.0425748 -0.0608899
0 -0.0197126 -0.0429994 -0.0615388
0 -0.0197806 -0.0432077 -0.061912
0 -0.0197346 -0.043201 -0.0620055
0 -0.0195846 -0.0429818 -0.0618159
0 -0.0193466 -0.0425541 -0.0613408
0 -0.0190351 -0.0419245 -0.0605784
0 -0.0186588 -0.0411015 -0.059527
0 -0.0182199 -0.0400951 -0.0581855
0 -0.0177178 -0.0389156 -0.0565562
0 -0.0171523 -0.0375729 -0.0546474
0 -0.016525 -0.0360755 -0.0524742
0 -0.0158391 -0.0344309 -0.050058
0 -0.0150995 -0.0326474 -0.0474251
0 -0.014312 -0.0307369 -0.0446053
0 -0.0134827 -0.0287158 -0.0416313
0 -0.0126166 -0.026604 -0.0385356
0 -0.011718 -0.0244235 -0.035349
0 -0.0107917 -0.0221962 -0.0320999
0 -0.00984476 -0.0199425 -0.0288151
0 -0.00888748 -0.0176799 -0.02552
0 -0.00793081 -0.0154247 -0.0222404
0 -0.00698434 -0.0131936 -0.0190023
0 -0.00605621 -0.0110048 -0.015831
0 -0.00515328 -0.00887801 -0.0127515
0 -0.00428112 -0.00683436 -0.00978653
0 -0.00344497 -0.00489431 -0.00695765
0 -0.00265068 -0.00307411 -0.00428524
0 -0.00190431 -0.00138433 -0.0017882
0 -0.00121188 0.000169094 0.000516554
0 -0.000579315 0.00158259 0.00261411
0 -1.15076e-05 0.00285244 0.00449172
0 0.000488466 0.00397388 0.0061392
0 0.000919469 0.00494167 0.00754942
0 0.00128194 0.00575118 0.00871843
0 0.00157698 0.00639936 0.00964487
0 0.00180527 0.0068851 0.0103292
0 0.00196636 0.00720908 0.010773
0 0.00205891 0.00737341 0.0109793
0 0.00208147 0.0073812 0.0109521
0 0.00203358 0.00723599 0.0106977
0 0.00191716 0.00694162 0.0102253
0 0.00173732 0.00650345 0.00954668
0 0.00150192 0.00593008 0.00867645
0 0.00121914 0.00523321 0.00763068
0 0.000893751 0.00442473 0.0064236
0 0.000525468 0.00351374 0.00506561
0 0.00011157 0.00250628 0.00356482
0 -0.000348581 0.00140745 0.00193041
0 -0.000850935 0.000223511 0.000174861
0 -0.00138745 -0.00103729 -0.00168636
0 -0.00194883 -0.00236501 -0.00363636
0 -0.00252721 -0.00374808 -0.00565853
0 -0.0031171 -0.00517301 -0.00773724
0 -0.0037148 -0.00662469 -0.00985745
0 -0.00431709 -0.008088 -0.0120036
0 -0.00492028 -0.00955007 -0.0141594
0 -0.0055203 -0.0110019 -0.0163085
0 -0.0061134 -0.0124377 -0.0184358
0 -0.0066968 -0.0138527 -0.0205271
0 -0.0072686 -0.0152408 -0.0225693
0 -0.00782779 -0.0165951 -0.0245502
0 -0.0083745 -0.0179067 -0.0264593
0 -0.0089089 -0.0191666 -0.0282874
0 -0.00942933 -0.0203671 -0.0300255
0 -0.00993169 -0.021503 -0.0316641
0 -0.01041 -0.0225701 -0.0331932
0 -0.0108574 -0.0235639 -0.0346035
0 -0.0112676 -0.0244783 -0.0358864
0 -0.011636 -0.0253057 -0.037035
0 -0.01196 -0.0260384 -0.0380445
0 -0.0122395 -0.0266701 -0.0389126
0 -0.0124766 -0.0271981 -0.0396395
0 -0.0126739 -0.0276234 -0.0402277
0 -0.0128336 -0.0279507 -0.0406805
0 -0.0129566 -0.028186 -0.0410014
0 -0.0130423 -0.0283357 -0.0411939
0 -0.0130898 -0.0284046 -0.0412621
0 -0.0130983 -0.0283955 -0.0412104
0 -0.013068 -0.0283086 -0.0410442
0 -0.0129999 -0.0281431 -0.0407695
0 -0.0128952 -0.027897 -0.0403914
0 -0.0127543 -0.0275685 -0.0399135
0 -0.0125753 -0.027156 -0.0393364
0 -0.0123543 -0.0266567 -0.038657
0 -0.0120867 -0.0260673 -0.0378693
0 -0.0117721 -0.0253876 -0.0369695
0 -0.011417 -0.0246227 -0.0359583
0 -0.0110322 -0.0237826 -0.0348405
0 -0.0106283 -0.0228793 -0.0336224
0 -0.0102131 -0.0219251 -0.0323101
0 -0.00979162 -0.0209321 -0.0309108
0 -0.00936783 -0.0199115 -0.0294341
0 -0.00894457 -0.0188733 -0.0278922
0 -0.00852293 -0.017824 -0.0262985
0 -0.00810174 -0.016766 -0.0246662
0 -0.00767877 -0.0156988 -0.0230084
0 -0.00725243 -0.0146211 -0.0213388
0 -0.00682219 -0.0135335 -0.019672
0 -0.00638757 -0.0124402 -0.018023
0 -0.00594779 -0.0113481 -0.0164054
0 -0.00550244 -0.0102654 -0.014831
0 -0.00505272 -0.00920066 -0.0133094
0 -0.00460227 -0.00816292 -0.0118489
0 -0.00415753 -0.00716217 -0.0104566
0 -0.00372726 -0.00620886 -0.00913936
0 -0.00332124 -0.00531319 -0.00790394
0 -0.00294846 -0.00448475 -0.00675672
0 -0.00261593 -0.00373256 -0.00570373
0 -0.00232846 -0.00306508 -0.00475121
0 -0.00208899 -0.00249009 -0.00390612
0 -0.00189897 -0.0020142 -0.00317637
0 -0.00175879 -0.00164227 -0.00257083
0 -0.00166822 -0.001377 -0.00209912
0 -0.00162659 -0.00121921 -0.00177106
0 -0.00163253 -0.00116845 -0.00159604
0 -0.00168379 -0.00122369 -0.00158217
0 -0.00177721 -0.00138368 -0.0017357
0 -0.00190927 -0.00164719 -0.00206056
0 -0.00207686 -0.00201287 -0.00255813
0 -0.00227779 -0.00247893 -0.00322698
0 -0.00251046 -0.00304239 -0.00406231
0 -0.0027734 -0.00369842 -0.00505556
0 -0.00306523 -0.00444056 -0.00619483
0 -0.00338516 -0.00526161 -0.00746579
0 -0.00373261 -0.00615405 -0.00885232
0 -0.00410635 -0.00710975 -0.0103366
0 -0.00450382 -0.00811968 -0.0118993
0 -0.00492174 -0.00917458 -0.0135205
0 -0.0053575 -0.0102661 -0.0151821
0 -0.00580993 -0.0113876 -0.0168683
0 -0.00627824 -0.0125336 -0.018566
0 -0.00676041 -0.0136988 -0.0202635
0 -0.00725275 -0.0148766 -0.0219504
0 -0.00775014 -0.0160578 -0.0236174
0 -0.0082468 -0.0172305 -0.0252558
0 -0.00873733 -0.0183802 -0.0268579
0 -0.00921672 -0.0194921 -0.0284166
0 -0.00967969 -0.0205547 -0.0299249
0 -0.0101206 -0.0215608 -0.0313745
0 -0.010534 -0.0225066 -0.0327561
0 -0.0109148 -0.023389 -0.0340587
0 -0.0112587 -0.0242039 -0.0352706
0 -0.0115628 -0.0249454 -0.0363794
0 -0.0118263 -0.0256068 -0.0373734
0 -0.0120518 -0.0261829 -0.0382434
0 -0.0122442 -0.0266713 -0.0389837
0 -0.0124087 -0.0270727 -0.0395911
0 -0.0125479 -0.0273896 -0.0400635
0 -0.012661 -0.0276242 -0.0403988
0 -0.0127435 -0.0277769 -0.0405952
0 -0.0127895 -0.0278458 -0.0406515
0 -0.0127939 -0.027827 -0.0405686
0 -0.0127536 -0.0277155 -0.04035
0 -0.0126678 -0.0275067 -0.040001
0 -0.0125367 -0.0271969 -0.0395268
0 -0.0123608 -0.0267848 -0.038932
0 -0.01214 -0.0262718 -0.0382195
0 -0.0118749 -0.0256622 -0.0373913
0 -0.0115671 -0.024963 -0.0364495
0 -0.0112213 -0.0241833 -0.0353976
0 -0.010845 -0.0233348 -0.034242
0 -0.0104478 -0.0224302 -0.0329914
0 -0.0100382 -0.0214816 -0.0316556
0 -0.00962198 -0.0204986 -0.0302437
0 -0.0092013 -0.0194878 -0.0287643
0 -0.00877629 -0.0184535 -0.0272264
0 -0.00834674 -0.017399 -0.0256406
0 -0.00791358 -0.0163279 -0.0240192
0 -0.00747986 -0.0152452 -0.022378
0 -0.00705025 -0.0141586 -0.0207344
0 -0.00662865 -0.0130782 -0.0191071
0 -0.00621626 -0.0120163 -0.0175137
0 -0.00581265 -0.0109855 -0.0159705
0 -0.00541824 -0.00999737 -0.014493
0 -0.00503445 -0.00906076 -0.0130948
0 -0.00466292 -0.00818063 -0.0117867
0 -0.00430597 -0.00735846 -0.0105765
0 -0.00396766 -0.00659509 -0.00947078
0 -0.00365385 -0.00589339 -0.00847551
0 -0.00337051 -0.00525866 -0.00759572
0 -0.00312156 -0.00469745 -0.00683395
0 -0.00290794 -0.00421553 -0.00618955
0 -0.00272843 -0.00381638 -0.00565947
0 -0.00258171 -0.00350107 -0.00524
0 -0.00246884 -0.00326969 -0.00492911
0 -0.00239439 -0.00312337 -0.00472823
0 -0.00236487 -0.00306502 -0.00464163
0 -0.00238477 -0.0030976 -0.00467351
0 -0.00245301 -0.0032218 -0.0048251
0 -0.002563 -0.00343526 -0.00509441
0 -0.00270641 -0.00373322 -0.00547819
0 -0.00287646 -0.00410942 -0.00597362
0 -0.00306877 -0.00455618 -0.00657813
0 -0.00328035 -0.00506434 -0.00728791
0 -0.00350794 -0.00562346 -0.00809617
0 -0.00374727 -0.00622252 -0.00899239
0 -0.0039935 -0.00685106 -0.00996271
0 -0.00424229 -0.00749994 -0.010991
0 -0.00449103 -0.00816214 -0.0120604
0 -0.00474018 -0.00883358 -0.0131549
0 -0.0049933 -0.00951332 -0.0142611
0 -0.0052552 -0.0102022 -0.0153678
0 -0.00552941 -0.0109012 -0.0164652
0 -0.00581674 -0.0116104 -0.0175445
0 -0.00611548 -0.0123283 -0.0185982
0 -0.0064225 -0.0130516 -0.0196204
0 -0.00673434 -0.0137754 -0.0206073
0 -0.00704766 -0.0144929 -0.0215573
0 -0.00735927 -0.0151968 -0.0224707
0 -0.0076668 -0.0158808 -0.0233505
0 -0.00796944 -0.0165412 -0.024202
0 -0.00826717 -0.0171774 -0.0250324
0 -0.00855919 -0.0177913 -0.0258487
0 -0.00884322 -0.0183865 -0.0266559
0 -0.00911599 -0.0189668 -0.0274574
0 -0.00937417 -0.0195343 -0.028254
0 -0.00961545 -0.0200886 -0.0290446
0 -0.00983968 -0.0206273 -0.029827
0 -0.010049 -0.0211476 -0.0305981
0 -0.0102465 -0.0216469 -0.0313539
0 -0.0104341 -0.0221221 -0.0320876
0 -0.0106116 -0.02257 -0.0327903
0 -0.0107778 -0.0229881 -0.033452
0 -0.0109322 -0.0233752 -0.0340637
0 -0.0110754 -0.0237315 -0.034619
0 -0.0112093 -0.0240579 -0.0351139
0 -0.0113351 -0.0243545 -0.0355457
0 -0.0114528 -0.0246199 -0.0359125
0 -0.0115601 -0.0248509 -0.0362128
0 -0.011654 -0.0250432 -0.0364459
0 -0.0117303 -0.025192 -0.0366114
0 -0.0117827 -0.0252901 -0.0367074
0 -0.0118031 -0.0253277 -0.0367289
0 -0.0117827 -0.0252931 -0.036669
0 -0.0117159 -0.025176 -0.0365204
0 -0.0116022 -0.0249701 -0.0362774
0 -0.0114457 -0.0246742 -0.0359359
0 -0.0112525 -0.0242917 -0.0354924
0 -0.0110284 -0.023829 -0.0349432
0 -0.0107782 -0.0232944 -0.0342848
0 -0.0105063 -0.0226967 -0.0335151
0 -0.0102155 -0.0220432 -0.0326337
0 -0.00990813 -0.0213384 -0.0316422
0 -0.0095859 -0.020585 -0.0305452
0 -0.00925061 -0.0197843 -0.0293501
0 -0.00890345 -0.0189372 -0.0280665
0 -0.00854448 -0.0180449 -0.0267053
0 -0.00817268 -0.0171096 -0.0252777
0 -0.00778661 -0.0161345 -0.0237957
0 -0.00738517 -0.0151235 -0.0222713
0 -0.00696856 -0.0140813 -0.0207167
0 -0.00653882 -0.0130148 -0.0191452
0 -0.00609935 -0.0119338 -0.0175704
0 -0.00565392 -0.0108503 -0.016006
0 -0.00520671 -0.00977676 -0.0144643
0 -0.00476267 -0.00872592 -0.012957
0 -0.00432774 -0.00770956 -0.0114947
0 -0.00390848 -0.00673769 -0.0100885
0 -0.00351131 -0.00581805 -0.00874853
0 -0.00314206 -0.00495703 -0.00748531
0 -0.00280627 -0.00416164 -0.00630999
0 -0.00250925 -0.00344077 -0.00523505
0 -0.00225511 -0.00280453 -0.00427334
0 -0.00204537 -0.00226208 -0.00343637
0 -0.00187841 -0.00181925 -0.00273306
0 -0.00175083 -0.00147767 -0.00216995
0 -0.00166005 -0.00123606 -0.00175263
0 -0.00160611 -0.00109252 -0.00148706
0 -0.00159135 -0.00104616 -0.0013793
0 -0.00161816 -0.00109709 -0.00143355
0 -0.00168633 -0.00124532 -0.00165011
0 -0.0017926 -0.00149004 -0.00202492
0 -0.00193293 -0.00182952 -0.00255097
0 -0.00210463 -0.00226107 -0.00321988
0 -0.00230656 -0.00278041 -0.00402222
0 -0.00253817 -0.00338106 -0.00494694
0 -0.00279845 -0.00405451 -0.00598108
0 -0.00308574 -0.00479127 -0.00711032
0 -0.00339795 -0.00558208 -0.00831991
0 -0.00373297 -0.00641893 -0.00959555
0 -0.00408901 -0.00729571 -0.0109243
0 -0.00446442 -0.0082079 -0.0122948
0 -0.00485702 -0.00915142 -0.0136965
0 -0.00526378 -0.0101216 -0.0151196
0 -0.00568122 -0.0111128 -0.0165552
0 -0.006106 -0.0121191 -0.0179953
0 -0.00653503 -0.0131343 -0.0194326
0 -0.00696516 -0.0141518 -0.0208609
0 -0.007393 -0.0151641 -0.0222746
0 -0.00781503 -0.0161631 -0.0236687
0 -0.00822827 -0.0171399 -0.0250386
0 -0.00863037 -0.0180855 -0.0263796
0 -0.00901835 -0.0189918 -0.0276856
0 -0.0093878 -0.0198527 -0.0289488
0 -0.00973371 -0.0206642 -0.0301592
0 -0.0100519 -0.0214235 -0.0313059
0 -0.0103392 -0.0221266 -0.032377
0 -0.0105934 -0.0227677 -0.0333594
0 -0.0108125 -0.0233385 -0.0342395
0 -0.0109955 -0.02383 -0.0350042
0 -0.0111436 -0.0242351 -0.0356429
0 -0.0112597 -0.0245508 -0.0361481
0 -0.0113475 -0.024778 -0.0365159
0 -0.0114089 -0.0249197 -0.0367444
0 -0.0114423 -0.0249781 -0.0368316
0 -0.0114428 -0.0249527 -0.0367756
0 -0.0114048 -0.0248403 -0.0365757
0 -0.0113249 -0.024637 -0.0362345
0 -0.0112038 -0.0243411 -0.0357592
0 -0.0110448 -0.0239532 -0.0351594
0 -0.0108514 -0.0234768 -0.0344456
0 -0.0106253 -0.0229176 -0.0336267
0 -0.0103673 -0.0222829 -0.0327107
0 -0.0100785 -0.0215818 -0.0317054
0 -0.00976127 -0.0208237 -0.030619
0 -0.00941991 -0.0200176 -0.0294603
0 -0.00906029 -0.0191721 -0.0282392
0 -0.0086898 -0.0182961 -0.026967
0 -0.00831686 -0.0174002 -0.0256569
0 -0.00794973 -0.0164962 -0.0243241
0 -0.00759506 -0.0155964 -0.0229841
0 -0.0072569 -0.0147124 -0.0216524
0 -0.00693555 -0.0138537 -0.020343
0 -0.00662671 -0.0130273 -0.0190677
0 -0.00632372 -0.012236 -0.0178365
0 -0.00602181 -0.01148 -0.0166589
0 -0.0057205 -0.0107573 -0.0155449
0 -0.00542331 -0.0100662 -0.0145041
0 -0.00513641 -0.00940752 -0.0135458
0 -0.00486719 -0.00878718 -0.0126785
0 -0.00462235 -0.00821578 -0.0119088
0 -0.00440649 -0.00770673 -0.011241
0 -0.00422177 -0.0072728 -0.0106764
0 -0.00406846 -0.00692248 -0.0102141
0 -0.00394607 -0.00665801 -0.00985162
0 -0.00385486 -0.00647618 -0.00958666
0 -0.00379632 -0.00637072 -0.00941797
0 -0.00377207 -0.00633454 -0.00934489
0 -0.00378187 -0.00636114 -0.00936608
0 -0.0038225 -0.00644525 -0.0094784
0 -0.00388813 -0.00658272 -0.00967688
0 -0.00397217 -0.00677005 -0.00995539
0 -0.00406973 -0.00700413 -0.0103079
0 -0.00417942 -0.0072826 -0.0107301
0 -0.00430344 -0.00760417 -0.0112192
0 -0.00444553 -0.00796817 -0.0117732
0 -0.00460852 -0.00837399 -0.012389
0 -0.00479279 -0.00882048 -0.013062
0 -0.00499584 -0.00930516 -0.0137856
0 -0.00521321 -0.00982381 -0.0145515
0 -0.00544014 -0.0103707 -0.0153515
0 -0.00567304 -0.0109393 -0.0161778
0 -0.00590998 -0.011523 -0.0170236
0 -0.00615049 -0.0121159 -0.0178831
0 -0.0063946 -0.0127134 -0.018751
0 -0.00664176 -0.013312 -0.0196216
0 -0.00689048 -0.0139091 -0.0204894
0 -0.0071384 -0.0145019 -0.0213486
0 -0.0073827 -0.0150878 -0.0221939
0 -0.00762035 -0.0156626 -0.0230198
0 -0.00784846 -0.0162209 -0.0238206
0 -0.00806465 -0.0167558 -0.0245906
0 -0.00826732 -0.0172604 -0.0253242
0 -0.00845549 -0.0177287 -0.0260159
0 -0.00862854 -0.0181568 -0.0266605
0 -0.00878565 -0.0185426 -0.0272527
0 -0.00892553 -0.0188853 -0.0277867
0 -0.00904673 -0.0191845 -0.0282571
0 -0.00914828 -0.0194402 -0.0286589
0 -0.0092301 -0.0196517 -0.0289881
0 -0.00929299 -0.019818 -0.0292424
0 -0.00933813 -0.0199379 -0.0294202
0 -0.0093665 -0.02001 -0.0295214
0 -0.00937844 -0.0200337 -0.0295463
0 -0.00937352 -0.0200089 -0.0294963
0 -0.00935073 -0.0199362 -0.029373
0 -0.00930888 -0.0198166 -0.0291791
0 -0.00924703 -0.0196512 -0.0289176
0 -0.00916446 -0.0194411 -0.0285917
0 -0.00906051 -0.0191863 -0.0282042
0 -0.00893459 -0.0188863 -0.0277575
0 -0.00878653 -0.0185406 -0.0272533
0 -0.00861691 -0.0181492 -0.0266934
0 -0.00842734 -0.0177138 -0.0260797
0 -0.00822072 -0.0172376 -0.025415
0 -0.00800102 -0.0167261 -0.0247032
0 -0.00777251 -0.0161859 -0.0239492
0 -0.00753881 -0.015624 -0.023158
0 -0.00730254 -0.015047 -0.022335
0 -0.00706523 -0.0144604 -0.0214856
0 -0.00682733 -0.0138682 -0.0206152
0 -0.0065884 -0.0132722 -0.0197289
0 -0.00634766 -0.0126733 -0.0188322
0 -0.00610442 -0.0120721 -0.0179309
0 -0.00585837 -0.0114697 -0.017031
0 -0.00561013 -0.010868 -0.0161388
0 -0.00536166 -0.0102703 -0.0152611
0 -0.00511622 -0.00968217 -0.014405
0 -0.00487754 -0.00911028 -0.0135779
0 -0.00464897 -0.00856165 -0.0127865
0 -0.0044333 -0.00804314 -0.0120367
0 -0.00423317 -0.0075613 -0.0113347
0 -0.00405134 -0.00712206 -0.0106866
0 -0.00389057 -0.0067304 -0.010099
0 -0.00375284 -0.00638988 -0.0095778
0 -0.00363876 -0.00610225 -0.00912809
0 -0.00354766 -0.0058677 -0.00875372
0 -0.00347862 -0.00568601 -0.0084581
0 -0.00343175 -0.00555791 -0.00824511
0 -0.00340857 -0.00548584 -0.00811941
0 -0.00341087 -0.00547306 -0.00808534
0 -0.00343891 -0.00552183 -0.00814518
0 -0.00349083 -0.0056322 -0.00829837
0 -0.00356394 -0.00580223 -0.00854235
0 -0.00365653 -0.0060291 -0.008874
0 -0.00376856 -0.00631 -0.00929035
0 -0.00390094 -0.00664232 -0.00978817
0 -0.00405417 -0.00702332 -0.0103632
0 -0.00422738 -0.0074498 -0.0110095
0 -0.0044181 -0.00791774 -0.0117192
0 -0.00462307 -0.00842242 -0.0124834
0 -0.00484016 -0.00895965 -0.0132937
0 -0.00507109 -0.00952848 -0.0141456
0 -0.0053221 -0.010133 -0.0150396
0 -0.0056003 -0.0107801 -0.0159795
0 -0.00590819 -0.011475 -0.0169668
0 -0.00624198 -0.0122182 -0.0179992
0 -0.0065945 -0.0130057 -0.019072
0 -0.00695825 -0.0138302 -0.0201801
0 -0.0073263 -0.0146804 -0.0213181
0 -0.00769186 -0.0155419 -0.0224801
0 -0.00804877 -0.0163997 -0.0236591
0 -0.00839399 -0.0172416 -0.0248505
0 -0.00872939 -0.0180623 -0.0260519
0 -0.00905961 -0.0188626 -0.027262
0 -0.00938797 -0.0196477 -0.0284766
0 -0.0097142 -0.0204231 -0.0296875
0 -0.0100354 -0.0211922 -0.0308829
0 -0.0103486 -0.0219551 -0.0320503
0 -0.0106537 -0.0227089 -0.0331785
0 -0.0109525 -0.0234481 -0.0342594
0 -0.0112473 -0.0241649 -0.0352861
0 -0.0115369 -0.0248492 -0.0362509
0 -0.0118157 -0.0254891 -0.037144
0 -0.0120751 -0.0260725 -0.0379549
0 -0.0123058 -0.0265889 -0.0386734
0 -0.0125002 -0.0270294 -0.0392908
0 -0.0126533 -0.0273875 -0.0398002
0 -0.0127642 -0.0276595 -0.0401978
0 -0.0128349 -0.0278445 -0.040482
0 -0.0128684 -0.0279435 -0.0406518
0 -0.0128672 -0.0279587 -0.0407064
0 -0.0128332 -0.0278931 -0.040645
0 -0.0127681 -0.0277503 -0.0404676
0 -0.0126731 -0.0275334 -0.0401749
0 -0.0125479 -0.0272436 -0.0397674
0 -0.0123911 -0.0268802 -0.0392459
0 -0.012202 -0.0264419 -0.0386122
0 -0.011981 -0.0259285 -0.0378701
0 -0.0117297 -0.0253411 -0.0370251
0 -0.0114497 -0.0246827 -0.0360829
0 -0.0111423 -0.0239576 -0.0350496
0 -0.010809 -0.0231713 -0.0339313
0 -0.010452 -0.022331 -0.0327349
0 -0.0100743 -0.0214438 -0.0314676
0 -0.0096795 -0.0205171 -0.0301372
0 -0.00927118 -0.0195569 -0.0287515
0 -0.00885293 -0.0185692 -0.0273188
0 -0.00842801 -0.0175589 -0.0258473
0 -0.00799936 -0.0165309 -0.0243459
0 -0.0075695 -0.0154896 -0.0228237
0 -0.0071401 -0.0144394 -0.0212897
0 -0.00671154 -0.0133852 -0.019753
0 -0.00628283 -0.0123327 -0.018222
0 -0.00585289 -0.0112887 -0.0167057
0 -0.00542321 -0.0102614 -0.0152137
0 -0.0049989 -0.00926039 -0.013758
0 -0.00458752 -0.00829637 -0.0123519
0 -0.00419654 -0.00737915 -0.0110083
0 -0.00383083 -0.00651599 -0.00973802
0 -0.00349168 -0.00571103 -0.00854868
0 -0.00317827 -0.00496642 -0.00744605
0 -0.0028903 -0.00428451 -0.00643604
0 -0.00262947 -0.00366916 -0.00552583
0 -0.00239876 -0.00312531 -0.00472312
0 -0.00220095 -0.0026579 -0.00403473
0 -0.00203785 -0.00227124 -0.00346593
0 -0.0019106 -0.00196892 -0.00302069
0 -0.00182011 -0.00175368 -0.00270194
0 -0.00176708 -0.00162724 -0.00251168
0 -0.00175202 -0.00159011 -0.00245095
0 -0.00177528 -0.00164188 -0.00251995
0 -0.00183664 -0.00178155 -0.00271795
0 -0.0019348 -0.00200751 -0.00304307
0 -0.00206722 -0.00231683 -0.00349164
0 -0.00222993 -0.00270432 -0.00405757
0 -0.00241806 -0.00316257 -0.00473246
0 -0.00262708 -0.0036828 -0.00550638
0 -0.00285388 -0.00425623 -0.00636888
0 -0.0030973 -0.00487541 -0.0073098
0 -0.00335799 -0.00553511 -0.00831974
0 -0.00363696 -0.00623202 -0.00938946
0 -0.00393344 -0.00696288 -0.0105085
0 -0.00424378 -0.00772264 -0.0116641
0 -0.00456228 -0.00850377 -0.0128421
0 -0.0048835 -0.00929721 -0.0140283
0 -0.00520442 -0.0100942 -0.0152112
0 -0.00552513 -0.0108882 -0.0163826
0 -0.00584718 -0.0116755 -0.017537
0 -0.0061704 -0.0124531 -0.0186691
0 -0.00649104 -0.0132165 -0.0197711
0 -0.00680285 -0.0139592 -0.0208336
0 -0.00709979 -0.0146733 -0.0218478
0 -0.00737793 -0.0153507 -0.0228066
0 -0.00763613 -0.0159846 -0.0237054
0 -0.00787544 -0.0165696 -0.0245414
0 -0.00809733 -0.0171026 -0.0253125
0 -0.00830199 -0.0175823 -0.0260162
0 -0.00848786 -0.018009 -0.0266493
0 -0.00865228 -0.0183837 -0.027208
0 -0.00879274 -0.0187073 -0.0276888
0 -0.00890804 -0.0189799 -0.0280893
0 -0.0089989 -0.0192014 -0.0284088
0 -0.00906778 -0.0193717 -0.0286484
0 -0.0091178 -0.0194913 -0.0288106
0 -0.00915155 -0.0195616 -0.0288985
0 -0.00917035 -0.0195848 -0.0289156
0 -0.00917431 -0.0195642 -0.0288654
0 -0.00916297 -0.0195034 -0.0287521
0 -0.00913593 -0.0194064 -0.0285807
0 -0.00909338 -0.0192764 -0.0283569
0 -0.00903634 -0.0191164 -0.0280869
0 -0.00896651 -0.0189288 -0.0277775
0 -0.00888601 -0.0187166 -0.0274357
0 -0.00879687 -0.018483 -0.0270681
0 -0.00870081 -0.0182319 -0.0266811
0 -0.00859911 -0.0179675 -0.0262801
0 -0.00849284 -0.0176943 -0.0258703
0 -0.00838322 -0.0174165 -0.0254564
0 -0.00827196 -0.0171383 -0.0250433
0 -0.00816098 -0.0168633 -0.0246352
0 -0.0080516 -0.0165937 -0.0242356
0 -0.00794401 -0.0163304 -0.0238467
0 -0.00783761 -0.0160729 -0.0234692
0 -0.00773181 -0.0158205 -0.0231035
0 -0.00762652 -0.0155729 -0.0227499
0 -0.00752213 -0.0153301 -0.0224089
0 -0.00741932 -0.0150926 -0.0220807
0 -0.00731877 -0.0148613 -0.0217654
0 -0.00722099 -0.0146371 -0.0214627
0 -0.00712586 -0.0144204 -0.0211715
0 -0.0070323 -0.0142103 -0.0208898
0 -0.00693861 -0.0140046 -0.0206145
0 -0.00684358 -0.0138009 -0.0203426
0 -0.00674785 -0.0135977 -0.0200726
0 -0.00665424 -0.0133959 -0.0198052
0 -0.0065663 -0.0131981 -0.0195424
0 -0.00648628 -0.0130076 -0.019286
0 -0.00641429 -0.0128266 -0.0190365
0 -0.00634893 -0.0126571 -0.0187943
0 -0.00628863 -0.0125002 -0.01856
0 -0.0062325 -0.0123564 -0.0183353
0 -0.00618041 -0.0122255 -0.0181225
0 -0.00613276 -0.0121066 -0.0179241
0 -0.00609047 -0.0119991 -0.0177434
0 -0.00605509 -0.0119038 -0.0175842
0 -0.00602846 -0.0118231 -0.017451
0 -0.00601185 -0.0117607 -0.0173479
0 -0.00600557 -0.0117208 -0.0172784
0 -0.00600901 -0.0117064 -0.0172449
0 -0.0060209 -0.0117191 -0.0172486
0 -0.0060398 -0.0117582 -0.0172896
0 -0.00606484 -0.0118214 -0.0173674
0 -0.00609608 -0.011906 -0.0174813
0 -0.00613412 -0.0120092 -0.0176302
0 -0.00617953 -0.012129 -0.0178125
0 -0.00623273 -0.0122646 -0.0180259
0 -0.0062942 -0.0124167 -0.0182685
0 -0.00636444 -0.012587 -0.0185381
0 -0.0064438 -0.0127776 -0.0188328
0 -0.00653247 -0.0129897 -0.0191505
0 -0.00663053 -0.013224 -0.0194895
0 -0.00673763 -0.0134792 -0.0198482
0 -0.00685265 -0.0137527 -0.0202243
0 -0.00697375 -0.0140402 -0.0206155
0 -0.00709882 -0.0143371 -0.0210191
0 -0.00722567 -0.0146386 -0.0214328
0 -0.00735206 -0.0149406 -0.0218537
0 -0.0074756 -0.015239 -0.0222788
0 -0.00759388 -0.0155303 -0.0227042
0 -0.00770475 -0.0158114 -0.0231255
0 -0.00780659 -0.0160791 -0.0235379
0 -0.00789857 -0.0163307 -0.0239362
0 -0.00798073 -0.0165637 -0.024315
0 -0.00805421 -0.0167767 -0.0246694
0 -0.00812135 -0.0169699 -0.0249956
0 -0.00818505 -0.0171452 -0.0252913
0 -0.00824755 -0.0173053 -0.0255548
0 -0.00830929 -0.017452 -0.0257841
0 -0.00836856 -0.0175854 -0.025977
0 -0.00842213 -0.017703 -0.0261309
0 -0.00846679 -0.0178009 -0.026244
0 -0.0085005 -0.0178748 -0.0263162
0 -0.00852291 -0.0179212 -0.0263491
0 -0.00853522 -0.0179392 -0.0263462
0 -0.00853902 -0.01793 -0.0263115
0 -0.00853516 -0.0178966 -0.0262491
0 -0.00852354 -0.0178429 -0.0261621
0 -0.00850353 -0.0177727 -0.0260532
0 -0.00847448 -0.0176889 -0.0259244
0 -0.0084359 -0.0175927 -0.0257771
0 -0.00838794 -0.0174837 -0.0256123
0 -0.00833161 -0.0173612 -0.0254311
0 -0.00826863 -0.0172243 -0.0252348
0 -0.00820093 -0.0170732 -0.0250244
0 -0.00813049 -0.0169099 -0.0248014
0 -0.0080593 -0.0167378 -0.0245678
0 -0.00798913 -0.0165617 -0.0243258
0 -0.00792137 -0.0163864 -0.0240782
0 -0.00785705 -0.0162164 -0.0238279
0 -0.00779705 -0.0160548 -0.0235784
0 -0.00774158 -0.0159033 -0.0233327
0 -0.00768945 -0.0157607 -0.0230931
0 -0.00763818 -0.0156237 -0.0228601
0 -0.00758507 -0.0154881 -0.0226338
0 -0.0075281 -0.0153499 -0.0224143
0 -0.0074664 -0.0152065 -0.0222016
0 -0.00740059 -0.0150574 -0.0219963
0 -0.00733247 -0.0149045 -0.0217993
0 -0.00726426 -0.0147511 -0.0216114
0 -0.00719784 -0.0146012 -0.0214328
0 -0.00713449 -0.0144586 -0.021263
0 -0.00707482 -0.0143259 -0.0211009
0 -0.00701877 -0.0142039 -0.0209452
0 -0.00696593 -0.0140917 -0.020794
0 -0.00691611 -0.0139873 -0.020646
0 -0.00686949 -0.0138882 -0.0205005
0 -0.00682661 -0.0137928 -0.0203578
0 -0.00678833 -0.0137004 -0.0202189
0 -0.00675544 -0.013612 -0.0200856
0 -0.00672812 -0.0135295 -0.0199599
0 -0.00670577 -0.013455 -0.0198436
0 -0.00668736 -0.0133904 -0.0197383
0 -0.00667213 -0.0133375 -0.0196459
0 -0.00665996 -0.013297 -0.0195686
0 -0.00665139 -0.0132694 -0.0195087
0 -0.00664736 -0.0132549 -0.0194687
0 -0.00664879 -0.0132532 -0.0194506
0 -0.00665633 -0.0132645 -0.0194561
0 -0.00666995 -0.0132892 -0.0194859
0 -0.00668838 -0.0133269 -0.0195395
0 -0.00670901 -0.0133757 -0.0196141
0 -0.00672871 -0.0134325 -0.0197056
0 -0.00674516 -0.0134932 -0.0198094
0 -0.00675778 -0.0135544 -0.0199213
0 -0.00676793 -0.0136139 -0.0200383
0 -0.0067781 -0.0136712 -0.0201579
0 -0.00679062 -0.0137269 -0.020278
0 -0.00680681 -0.0137825 -0.0203959
0 -0.00682691 -0.0138394 -0.0205092
0 -0.00685061 -0.0138991 -0.0206155
0 -0.00687773 -0.0139627 -0.0207138
0 -0.00690866 -0.0140314 -0.0208044
0 -0.00694444 -0.0141061 -0.0208893
0 -0.00698594 -0.0141873 -0.0209713
0 -0.0070326 -0.014274 -0.021053
0 -0.00708184 -0.0143635 -0.0211354
0 -0.00712977 -0.014452 -0.0212185
0 -0.00717259 -0.0145354 -0.0213018
0 -0.00720773 -0.0146102 -0.0213851
0 -0.00723476 -0.0146751 -0.021469
0 -0.0072559 -0.0147312 -0.0215553
0 -0.00727507 -0.0147828 -0.0216471
0 -0.00729566 -0.0148345 -0.0217462
0 -0.00731907 -0.0148904 -0.0218527
0 -0.0073453 -0.014953 -0.0219654
0 -0.00737434 -0.0150246 -0.0220832
0 -0.00740671 -0.0151063 -0.0222058
0 -0.00744269 -0.0151977 -0.0223325
0 -0.00748167 -0.0152963 -0.0224623
0 -0.00752237 -0.0153984 -0.0225936
0 -0.00756342 -0.0155 -0.022725
0 -0.00760354 -0.0155977 -0.0228552
0 -0.00764138 -0.015689 -0.0229827
0 -0.00767562 -0.0157721 -0.0231059
0 -0.00770519 -0.0158461 -0.023223
0 -0.00772944 -0.0159111 -0.0233325
0 -0.0077481 -0.0159669 -0.0234323
0 -0.00776129 -0.0160137 -0.0235206
0 -0.00776949 -0.0160511 -0.0235955
0 -0.00777336 -0.0160787 -0.0236551
0 -0.00777351 -0.0160958 -0.0236975
0 -0.00777042 -0.0161017 -0.0237212
0 -0.00776424 -0.0160959 -0.0237247
0 -0.00775485 -0.0160781 -0.023707
0 -0.00774182 -0.0160479 -0.0236671
0 -0.00772456 -0.0160052 -0.0236047
0 -0.00770242 -0.0159494 -0.0235197
0 -0.00767486 -0.0158801 -0.0234124
0 -0.00764156 -0.015797 -0.0232836
0 -0.00760283 -0.0157002 -0.0231347
0 -0.00755988 -0.0155909 -0.0229682
0 -0.00751451 -0.0154718 -0.0227875
0 -0.00746811 -0.0153456 -0.0225961
0 -0.00742067 -0.0152144 -0.0223962
0 -0.0073706 -0.0150785 -0.0221888
0 -0.00731586 -0.0149374 -0.0219739
0 -0.00725506 -0.0147897 -0.0217518
0 -0.00718787 -0.0146344 -0.021523
0 -0.00711472 -0.0144701 -0.0212879
0 -0.00703621 -0.0142959 -0.0210466
0 -0.00695287 -0.0141112 -0.0207987
0 -0.00686536 -0.0139162 -0.0205435
0 -0.00677512 -0.0137128 -0.0202809
0 -0.00668474 -0.0135051 -0.0200124
0 -0.0065974 -0.0132983 -0.0197405
0 -0.0065159 -0.0130978 -0.0194681
0 -0.00644225 -0.0129086 -0.0191985
0 -0.00637777 -0.012735 -0.0189356
0 -0.00632344 -0.0125805 -0.0186841
0 -0.00627991 -0.0124475 -0.0184494
0 -0.00624744 -0.0123375 -0.0182373
0 -0.00622589 -0.0122513 -0.0180538
0 -0.00621488 -0.0121893 -0.0179047
0 -0.00621387 -0.0121521 -0.0177957
0 -0.00622218 -0.0121401 -0.0177317
0 -0.00623884 -0.0121538 -0.0177162
0 -0.0062624 -0.0121931 -0.0177509
0 -0.00629112 -0.0122568 -0.0178356
0 -0.00632367 -0.0123429 -0.0179681
0 -0.00635981 -0.0124498 -0.0181455
0 -0.00640026 -0.0125757 -0.0183639
0 -0.00644621 -0.0127194 -0.0186186
0 -0.00649874 -0.0128799 -0.0189039
0 -0.00655858 -0.0130563 -0.0192137
0 -0.00662613 -0.0132481 -0.0195417
0 -0.00670155 -0.0134546 -0.0198822
0 -0.00678495 -0.0136751 -0.0202303
0 -0.00687629 -0.0139085 -0.020582
0 -0.00697523 -0.0141532 -0.0209346
0 -0.00708102 -0.0144067 -0.0212859
0 -0.00719266 -0.0146666 -0.0216349
0 -0.00730917 -0.0149305 -0.0219816
0 -0.0074296 -0.0151968 -0.0223272
0 -0.00755273 -0.0154643 -0.0226731
0 -0.00767676 -0.0157318 -0.0230206
0 -0.00779908 -0.0159977 -0.0233702
0 -0.00791651 -0.0162597 -0.0237214
0 -0.00802599 -0.0165145 -0.0240725
0 -0.00812537 -0.0167587 -0.0244213
0 -0.00821379 -0.0169891 -0.0247651
0 -0.00829145 -0.017203 -0.0251007
0 -0.00835908 -0.0173983 -0.0254238
0 -0.00841753 -0.0175737 -0.0257296
0 -0.00846755 -0.0177285 -0.0260122
0 -0.00850974 -0.0178631 -0.026266
0 -0.00854465 -0.0179775 -0.0264854
0 -0.00857291 -0.0180723 -0.0266657
0 -0.00859539 -0.0181473 -0.0268035
0 -0.00861326 -0.0182027 -0.0268971
0 -0.00862757 -0.0182386 -0.0269463
0 -0.00863875 -0.018255 -0.0269523
0 -0.00864631 -0.0182516 -0.026917
0 -0.00864871 -0.018228 -0.0268432
0 -0.00864346 -0.0181831 -0.0267333
0 -0.00862738 -0.0181151 -0.0265897
0 -0.00859741 -0.0180216 -0.0264143
0 -0.00855147 -0.0179002 -0.0262089
0 -0.00848904 -0.0177497 -0.0259756
0 -0.00841131 -0.0175704 -0.0257167
0 -0.00832062 -0.0173644 -0.0254345
0 -0.00821966 -0.0171354 -0.0251308
0 -0.00811086 -0.0168875 -0.0248067
0 -0.00799642 -0.0166254 -0.0244629
0 -0.00787857 -0.0163536 -0.0241006
0 -0.00775968 -0.0160764 -0.0237213
0 -0.00764196 -0.0157971 -0.0233272
0 -0.00752674 -0.0155178 -0.0229208
0 -0.007414 -0.015239 -0.0225039
0 -0.00730266 -0.0149597 -0.0220781
0 -0.00719133 -0.0146785 -0.0216453
0 -0.0070787 -0.0143937 -0.0212077
0 -0.00696362 -0.0141043 -0.0207676
0 -0.00684507 -0.0138093 -0.0203271
0 -0.00672227 -0.0135088 -0.0198882
0 -0.00659489 -0.0132032 -0.0194526
0 -0.00646307 -0.0128939 -0.0190216
0 -0.00632735 -0.0125823 -0.018596
0 -0.00618871 -0.0122697 -0.0181763
0 -0.00604859 -0.011958 -0.0177622
0 -0.00590891 -0.011649 -0.0173534
0 -0.00577189 -0.011345 -0.01695
0 -0.00563979 -0.0110486 -0.016552
0 -0.00551454 -0.0107623 -0.0161598
0 -0.00539744 -0.0104885 -0.0157744
0 -0.00528922 -0.0102291 -0.0153971
0 -0.00519021 -0.00998545 -0.0150302
0 -0.00510053 -0.00975853 -0.0146767
0 -0.0050204 -0.00954928 -0.0143406
0 -0.00495006 -0.00935879 -0.0140268
0 -0.00488948 -0.00918825 -0.0137403
0 -0.00483823 -0.00903883 -0.0134859
0 -0.00479559 -0.00891164 -0.0132678
0 -0.00476088 -0.00880781 -0.0130899
0 -0.00473379 -0.00872844 -0.0129553
0 -0.00471452 -0.00867456 -0.0128662
0 -0.0047037 -0.00864719 -0.0128243
0 -0.0047023 -0.00864731 -0.0128304
0 -0.00471147 -0.00867593 -0.0128844
0 -0.00473235 -0.00873407 -0.0129856
0 -0.00476593 -0.00882273 -0.0131328
0 -0.00481302 -0.00894271 -0.0133243
0 -0.00487418 -0.0090945 -0.0135583
0 -0.00494975 -0.00927809 -0.0138332
0 -0.00503976 -0.00949301 -0.0141472
0 -0.00514391 -0.00973825 -0.0144988
0 -0.00526155 -0.0100124 -0.0148867
0 -0.00539159 -0.0103135 -0.0153095
0 -0.00553236 -0.0106392 -0.0157653
0 -0.00568163 -0.0109863 -0.0162519
0 -0.00583697 -0.0113513 -0.0167661
0 -0.00599627 -0.0117304 -0.0173046
0 -0.00615794 -0.01212 -0.0178636
0 -0.00632081 -0.0125166 -0.0184391
0 -0.00648396 -0.0129172 -0.0190264
0 -0.00664662 -0.0133192 -0.0196206
0 -0.00680836 -0.0137206 -0.0202171
0 -0.00696929 -0.0141203 -0.0208119
0 -0.00712986 -0.0145179 -0.0214017
0 -0.00729041 -0.014913 -0.0219835
0 -0.00745088 -0.0153048 -0.0225547
0 -0.00761019 -0.0156911 -0.023112
0 -0.00776583 -0.0160679 -0.0236512
0 -0.00791424 -0.0164296 -0.024167
0 -0.00805189 -0.0167696 -0.024654
0 -0.00817594 -0.0170816 -0.0251069
0 -0.00828446 -0.0173598 -0.0255207
0 -0.00837624 -0.0176 -0.0258905
0 -0.00845116 -0.0178 -0.0262121
0 -0.00851029 -0.0179603 -0.0264826
0 -0.00855531 -0.0180831 -0.0266997
0 -0.00858768 -0.0181713 -0.0268617
0 -0.00860845 -0.0182277 -0.0269674
0 -0.00861865 -0.0182545 -0.0270165
0 -0.00861947 -0.0182536 -0.0270102
0 -0.0086122 -0.0182263 -0.0269511
0 -0.00859785 -0.0181737 -0.0268431
0 -0.00857684 -0.0180968 -0.0266907
0 -0.00854897 -0.0179965 -0.026499
0 -0.00851359 -0.0178743 -0.0262737
0 -0.00846983 -0.017732 -0.0260203
0 -0.00841695 -0.0175713 -0.0257446
0 -0.0083545 -0.0173942 -0.0254516
0 -0.00828251 -0.0172023 -0.0251462
0 -0.0082016 -0.0169973 -0.0248323
0 -0.00811307 -0.0167814 -0.0245135
0 -0.0080187 -0.0165567 -0.0241926
0 -0.00792052 -0.0163261 -0.023872
0 -0.00782059 -0.0160927 -0.0235535
0 -0.00772091 -0.0158598 -0.0232385
0 -0.00762336 -0.0156308 -0.0229283
0 -0.00752968 -0.0154089 -0.0226242
0 -0.00744146 -0.015197 -0.0223279
0 -0.00736004 -0.0149976 -0.0220413
0 -0.00728648 -0.0148125 -0.0217667
0 -0.00722121 -0.0146431 -0.0215065
0 -0.00716385 -0.0144895 -0.021263
0 -0.00711334 -0.0143512 -0.0210378
0 -0.00706842 -0.0142275 -0.020833
0 -0.00702791 -0.0141172 -0.0206501
0 -0.00699092 -0.0140195 -0.0204907
0 -0.00695667 -0.0139333 -0.0203557
0 -0.00692439 -0.0138576 -0.0202452
0 -0.00689331 -0.0137912 -0.0201582
0 -0.00686282 -0.0137329 -0.0200928
0 -0.00683267 -0.0136816 -0.0200466
0 -0.00680307 -0.0136364 -0.0200164
0 -0.0067745 -0.0135967 -0.019999
0 -0.0067476 -0.013562 -0.0199907
0 -0.00672324 -0.013532 -0.0199882
0 -0.00670276 -0.0135072 -0.0199889
0 -0.00668785 -0.0134889 -0.0199913
0 -0.00667999 -0.0134786 -0.0199947
0 -0.00667997 -0.0134776 -0.0199989
0 -0.00668776 -0.0134867 -0.0200042
0 -0.0067028 -0.0135063 -0.0200116
0 -0.00672422 -0.0135361 -0.0200228
0 -0.00675101 -0.0135757 -0.0200399
0 -0.00678205 -0.0136241 -0.0200656
0 -0.00681625 -0.0136803 -0.0201026
0 -0.00685273 -0.0137436 -0.0201538
0 -0.00689085 -0.0138134 -0.0202217
0 -0.00693017 -0.0138899 -0.0203084
0 -0.00697032 -0.0139733 -0.0204154
0 -0.0070111 -0.0140642 -0.0205433
0 -0.00705265 -0.0141635 -0.0206921
0 -0.00709548 -0.0142719 -0.0208609
0 -0.0071405 -0.0143902 -0.021049
0 -0.00718875 -0.0145192 -0.0212547
0 -0.00724121 -0.0146592 -0.0214763
0 -0.00729857 -0.0148103 -0.0217119
0 -0.00736128 -0.0149722 -0.0219593
0 -0.0074295 -0.0151444 -0.0222168
0 -0.00750322 -0.0153262 -0.0224827
0 -0.00758209 -0.0155167 -0.0227555
0 -0.00766533 -0.0157145 -0.023034
0 -0.00775161 -0.0159176 -0.0233165
0 -0.00783921 -0.0161238 -0.0236017
0 -0.00792634 -0.0163301 -0.0238877
0 -0.00801147 -0.0165338 -0.024173
0 -0.00809335 -0.0167325 -0.0244557
0 -0.00817091 -0.0169236 -0.024734
0 -0.00824326 -0.0171052 -0.0250053
0 -0.00830967 -0.0172754 -0.0252671
0 -0.00836964 -0.017433 -0.0255162
0 -0.00842294 -0.0175769 -0.0257495
0 -0.00846952 -0.0177063 -0.0259635
0 -0.00850954 -0.0178203 -0.0261552
0 -0.00854327 -0.0179185 -0.0263215
0 -0.00857103 -0.018 -0.0264599
0 -0.008593 -0.0180644 -0.0265682
0 -0.00860912 -0.0181106 -0.0266447
0 -0.00861895 -0.0181379 -0.0266878
0 -0.00862178 -0.0181452 -0.0266968
0 -0.00861676 -0.0181313 -0.026671
0 -0.0086031 -0.0180954 -0.0266104
0 -0.00858007 -0.0180366 -0.0265155
0 -0.0085471 -0.0179542 -0.026387
0 -0.00850373 -0.0178478 -0.0262256
0 -0.00844968 -0.0177174 -0.0260323
0 -0.00838493 -0.0175632 -0.0258081
0 -0.00830976 -0.0173859 -0.025554
0 -0.00822481 -0.0171866 -0.0252713
0 -0.00813103 -0.0169669 -0.0249612
0 -0.00802947 -0.0167285 -0.0246253
0 -0.00792127 -0.0164733 -0.024265
0 -0.00780755 -0.0162034 -0.0238821
0 -0.00768942 -0.0159207 -0.0234784
0 -0.0075679 -0.0156272 -0.0230564
0 -0.00744389 -0.0153249 -0.0226184
0 -0.00731818 -0.0150158 -0.0221672
0 -0.00719145 -0.0147017 -0.0217058
0 -0.00706424 -0.0143843 -0.0212374
0 -0.00693698 -0.0140654 -0.0207654
0 -0.00680996 -0.0137466 -0.0202931
0 -0.00668319 -0.0134295 -0.0198239
0 -0.00655647 -0.0131153 -0.0193608
0 -0.00642956 -0.0128051 -0.0189065
0 -0.00630247 -0.0124998 -0.0184637
0 -0.00617557 -0.0122004 -0.0180344
0 -0.0060495 -0.0119075 -0.0176203
0 -0.00592492 -0.0116219 -0.0172223
0 -0.0058026 -0.0113442 -0.0168406
0 -0.00568345 -0.0110753 -0.0164751
0 -0.00556879 -0.010817 -0.016126
0 -0.00546044 -0.0105715 -0.0157936
0 -0.00536063 -0.0103421 -0.0154794
0 -0.00527143 -0.0101321 -0.0151852
0 -0.00519431 -0.0099444 -0.0149129
0 -0.00513005 -0.00978138 -0.0146651
0 -0.00507891 -0.00964447 -0.0144444
0 -0.00504052 -0.00953421 -0.0142541
0 -0.00501384 -0.00945008 -0.0140967
0 -0.0049973 -0.00939069 -0.0139747
0 -0.00498924 -0.00935431 -0.01389
0 -0.00498827 -0.00933931 -0.013844
0 -0.00499351 -0.0093445 -0.0138378
0 -0.00500473 -0.00936948 -0.0138718
0 -0.0050224 -0.00941474 -0.0139461
0 -0.00504742 -0.00948138 -0.0140601
0 -0.00508077 -0.00957072 -0.0142125
0 -0.0051234 -0.00968393 -0.0144014
0 -0.00517618 -0.00982187 -0.0146247
0 -0.00523999 -0.00998497 -0.01488
0 -0.00531547 -0.0101731 -0.0151654
0 -0.00540264 -0.0103853 -0.0154785
0 -0.00550079 -0.0106197 -0.0158171
0 -0.00560861 -0.0108742 -0.0161786
0 -0.00572453 -0.0111459 -0.0165608
0 -0.00584693 -0.0114322 -0.0169617
0 -0.00597425 -0.0117303 -0.0173791
0 -0.00610506 -0.0120377 -0.0178109
0 -0.00623826 -0.0123521 -0.0182551
0 -0.00637325 -0.0126719 -0.0187097
0 -0.00650967 -0.012996 -0.019173
0 -0.00664718 -0.0133234 -0.0196428
0 -0.00678526 -0.0136532 -0.0201169
0 -0.00692323 -0.0139842 -0.0205931
0 -0.00706044 -0.0143152 -0.0210689
0 -0.00719621 -0.0146445 -0.0215421
0 -0.00732981 -0.0149702 -0.0220103
0 -0.00746055 -0.0152903 -0.022471
0 -0.00758783 -0.0156026 -0.022922
0 -0.00771111 -0.0159051 -0.0233611
0 -0.00782992 -0.016196 -0.0237859
0 -0.00794388 -0.0164741 -0.0241943
0 -0.00805262 -0.0167383 -0.024584
0 -0.0081557 -0.0169878 -0.0249531
0 -0.00825259 -0.0172218 -0.0252993
0 -0.00834281 -0.0174395 -0.0256207
0 -0.00842593 -0.0176403 -0.0259156
0 -0.00850164 -0.017823 -0.0261825
0 -0.00856966 -0.0179868 -0.0264202
0 -0.00862968 -0.0181305 -0.0266275
0 -0.00868134 -0.0182531 -0.0268037
0 -0.00872423 -0.0183538 -0.0269481
0 -0.00875784 -0.0184319 -0.0270601
0 -0.00878165 -0.018487 -0.0271392
0 -0.00879514 -0.0185187 -0.0271849
0 -0.008798 -0.0185266 -0.027197
0 -0.00879015 -0.0185105 -0.0271755
0 -0.00877181 -0.0184705 -0.0271203
0 -0.00874339 -0.0184068 -0.0270319
0 -0.00870541 -0.0183201 -0.0269107
0 -0.00865837 -0.0182109 -0.0267572
0 -0.00860281 -0.0180805 -0.0265722
0 -0.00853927 -0.0179299 -0.0263568
0 -0.00846833 -0.0177605 -0.0261122
0 -0.00839058 -0.0175736 -0.0258401
0 -0.00830663 -0.0173705 -0.0255425
0 -0.00821709 -0.0171527 -0.0252214
0 -0.00812258 -0.0169214 -0.0248792
0 -0.00802371 -0.0166781 -0.0245186
0 -0.00792105 -0.0164244 -0.0241423
0 -0.00781514 -0.0161617 -0.0237531
0 -0.00770654 -0.0158919 -0.0233539
0 -0.00759581 -0.0156165 -0.0229477
0 -0.00748353 -0.0153373 -0.0225372
0 -0.00737028 -0.0150562 -0.0221252
0 -0.00725669 -0.014775 -0.0217146
0 -0.00714341 -0.0144955 -0.0213078
0 -0.00703109 -0.0142195 -0.0209075
0 -0.00692041 -0.013949 -0.0205162
0 -0.00681201 -0.0136855 -0.0201363
0 -0.00670658 -0.0134309 -0.0197701
0 -0.00660486 -0.0131867 -0.0194197
0 -0.00650762 -0.0129544 -0.0190874
0 -0.00641562 -0.0127354 -0.0187749
0 -0.00632959 -0.0125312 -0.0184842
0 -0.00625023 -0.0123429 -0.0182168
0 -0.00617815 -0.0121718 -0.017974
0 -0.00611387 -0.012019 -0.017757
0 -0.00605785 -0.0118857 -0.0175668
0 -0.00601045 -0.0117726 -0.0174043
0 -0.00597199 -0.0116803 -0.0172703
0 -0.00594267 -0.0116093 -0.0171655
0 -0.0059226 -0.0115597 -0.0170904
0 -0.00591173 -0.0115315 -0.0170455
0 -0.0059099 -0.0115245 -0.017031
0 -0.00591685 -0.0115384 -0.0170468
0 -0.00593221 -0.0115728 -0.0170927
0 -0.00595557 -0.0116271 -0.0171684
0 -0.00598654 -0.0117006 -0.017273
0 -0.00602474 -0.0117925 -0.0174057
0 -0.00606983 -0.0119019 -0.0175653
0 -0.00612147 -0.0120279 -0.0177502
0 -0.00617931 -0.0121695 -0.0179588
0 -0.00624302 -0.0123256 -0.0181891
0 -0.00631222 -0.0124951 -0.018439
0 -0.00638651 -0.0126769 -0.0187063
0 -0.00646547 -0.0128698 -0.0189887
0 -0.00654863 -0.0130725 -0.0192838
0 -0.00663544 -0.0132835 -0.0195894
0 -0.0067253 -0.0135014 -0.0199032
0 -0.00681749 -0.0137245 -0.0202231
0 -0.00691124 -0.0139511 -0.020547
0 -0.00700575 -0.0141795 -0.0208729
0 -0.00710013 -0.0144079 -0.0211988
0 -0.00719349 -0.0146345 -0.0215228
0 -0.007285 -0.0148575 -0.021843
0 -0.00737387 -0.0150752 -0.0221574
0 -0.00745939 -0.0152861 -0.0224642
0 -0.00754097 -0.0154887 -0.0227613
0 -0.00761814 -0.0156816 -0.0230466
0 -0.0076905 -0.0158637 -0.0233183
0 -0.00775776 -0.0160338 -0.0235742
0 -0.0078197 -0.0161911 -0.0238123
0 -0.00787617 -0.0163348 -0.0240307
0 -0.00792703 -0.016464 -0.0242276
0 -0.00797218 -0.0165784 -0.0244014
0 -0.0080115 -0.0166774 -0.0245509
0 -0.00804487 -0.0167604 -0.024675
0 -0.00807214 -0.0168271 -0.0247729
0 -0.00809312 -0.0168771 -0.0248443
0 -0.00810761 -0.0169101 -0.0248891
0 -0.00811539 -0.0169259 -0.0249073
0 -0.00811626 -0.0169244 -0.0248995
0 -0.00811005 -0.0169055 -0.0248661
0 -0.00809667 -0.0168695 -0.0248081
0 -0.0080761 -0.0168166 -0.0247262
0 -0.00804842 -0.0167472 -0.0246215
0 -0.00801384 -0.0166619 -0.0244951
0 -0.00797267 -0.0165614 -0.0243481
0 -0.00792542 -0.0164467 -0.0241817
0 -0.0078728 -0.0163191 -0.0239975
