0 0.0101036 0.0190807 0.0279359
0 0.00980787 0.0183725 0.0269687
0 0.00957082 0.0177922 0.0261598
0 0.0093916 0.0173535 0.0255147
0 0.00927625 0.0170638 0.0250493
0 0.00922899 0.0169209 0.0247825
0 0.00924333 0.0169161 0.024726
0 0.00931184 0.0170476 0.0248884
0 0.00942845 0.0173174 0.0252724
0 0.00958111 0.0177125 0.0258604
0 0.00976179 0.0182094 0.0266221
0 0.0099817 0.0187981 0.027534
0 0.0102526 0.0194792 0.0285731
0 0.0105559 0.0202333 0.029693
0 0.010857 0.0210155 0.0308328
0 0.0111418 0.0217814 0.031947
0 0.0114158 0.0225015 0.0330084
0 0.0116792 0.0231585 0.0339898
0 0.0119273 0.0237517 0.0348686
0 0.0121697 0.0243046 0.0356482
0 0.0124063 0.0248284 0.036337
0 0.0126063 0.0252888 0.0369209
0 0.0127611 0.0256596 0.0374047
0 0.0128976 0.0259581 0.0378237
0 0.0130152 0.0261998 0.0381857
0 0.0130858 0.0263785 0.0384657
0 0.013095 0.0264744 0.0386363
0 0.0130348 0.0264424 0.0386563
0 0.0129012 0.0262349 0.0384737
0 0.0127146 0.0258529 0.0380591
0 0.0125023 0.0253432 0.0374108
0 0.0122705 0.0247474 0.0365373
0 0.012003 0.0240644 0.0354511
0 0.0116973 0.0232791 0.0341924
0 0.0113898 0.0224217 0.0328509
0 0.0111002 0.0215473 0.0315122
0 0.0108055 0.0206985 0.0302236
0 0.010508 0.0199269 0.0290452
0 0.0102293 0.0192611 0.0280328
0 0.00994832 0.0186539 0.0271721
0 0.00966181 0.0180663 0.0264373
0 0.00944996 0.0175748 0.0258753
0 0.00939821 0.0173242 0.0255651
0 0.00950171 0.0173985 0.0255424
0 0.00967578 0.017746 0.0257861
0 0.00985 0.0182304 0.0262666
0 0.0100143 0.0187325 0.0269689
0 0.0101455 0.0191669 0.0278201
0 0.0101604 0.0194433 0.0286396
0 0.0100137 0.0194987 0.0292268
0 0.00977486 0.0193418 0.0294585
0 0.00958232 0.0190562 0.0293085
0 0.00958557 0.0188188 0.0288799
0 0.00984559 0.0188223 0.0283645
0 0.0102471 0.019112 0.0279262
0 0.0105972 0.0195578 0.0276847
0 0.0107951 0.019972 0.0277583
0 0.0108602 0.0202457 0.0282323
0 0.010837 0.0204031 0.0290737
0 0.0107285 0.0205258 0.0300984
0 0.010536 0.0206493 0.0310462
0 0.0103427 0.0207715 0.031718
0 0.0102995 0.0209049 0.0320498
0 0.0104883 0.0210822 0.0320773
0 0.0108537 0.0213424 0.0318939
0 0.011281 0.0217182 0.0316571
0 0.0116867 0.0222134 0.0315789
0 0.0120261 0.022776 0.0318515
0 0.0122196 0.0232706 0.0325101
0 0.0121401 0.0235064 0.0333675
0 0.0117537 0.0233716 0.0341391
0 0.0112103 0.0229152 0.0345886
0 0.0107569 0.0223098 0.0345738
0 0.010582 0.021792 0.0340677
0 0.010718 0.021552 0.0331683
0 0.0110644 0.0216118 0.0320792
0 0.0114841 0.0218531 0.0310835
0 0.0118743 0.0221527 0.0304938
0 0.0121498 0.0224456 0.0305316
0 0.0122184 0.0227066 0.0312166
0 0.0120499 0.0229291 0.0323799
0 0.0117377 0.0231206 0.0337583
0 0.0114684 0.0233245 0.0350914
0 0.0114212 0.0236168 0.0361741
0 0.0116418 0.0240453 0.0368604
0 0.0120461 0.0246015 0.0371147
0 0.0125318 0.0252317 0.0370714
0 0.0130007 0.025817 0.0369514
0 0.0133373 0.0262085 0.0369304
0 0.0134503 0.0263383 0.0370939
0 0.0132971 0.0262242 0.0374026
0 0.0128655 0.0258575 0.0376565
0 0.0122217 0.0251794 0.0375756
0 0.0115597 0.024204 0.0369634
0 0.0110928 0.023104 0.0357835
0 0.0109059 0.0221367 0.0341417
0 0.0109565 0.0214808 0.0322658
0 0.0111611 0.0211614 0.0304829
0 0.0114247 0.0210928 0.0291424
0 0.0116072 0.0211119 0.0284724
0 0.0115144 0.0210009 0.0284442
0 0.0110069 0.0205625 0.0287819
0 0.0101426 0.019718 0.0291079
0 0.00914705 0.0185285 0.0290423
0 0.0082718 0.0171576 0.0282628
0 0.00773842 0.0158697 0.0266667
0 0.0076872 0.0149505 0.0244666
0 0.00806387 0.0145214 0.0220806
0 0.00863273 0.0144917 0.0199954
0 0.00913755 0.0146906 0.0186802
0 0.00940184 0.0149698 0.0184535
0 0.00931935 0.0151948 0.0193184
0 0.0089158 0.0153047 0.0209874
0 0.00847994 0.0154884 0.0231379
0 0.00843338 0.0161479 0.0255498
0 0.00900007 0.0175908 0.0280459
0 0.0101303 0.0198415 0.0305396
0 0.0116328 0.0226751 0.0331147
0 0.0132096 0.0256776 0.0359028
0 0.014465 0.0283081 0.0388797
0 0.0150977 0.030138 0.0418568
0 0.0151198 0.0310938 0.0446031
0 0.0147703 0.031368 0.0468049
0 0.0142668 0.0311491 0.048011
0 0.0138311 0.0306058 0.0479173
0 0.0138009 0.0300834 0.0467176
0 0.0143637 0.0299876 0.0449908
0 0.0152702 0.0304062 0.0433185
0 0.0160127 0.0309849 0.0420932
0 0.0161963 0.0311954 0.041503
0 0.0156662 0.0306594 0.041476
0 0.0144892 0.0293046 0.0416484
0 0.0129517 0.0273492 0.0414777
0 0.0114865 0.0251679 0.0404584
0 0.0104786 0.0231445 0.0383306
0 0.0100245 0.0214664 0.0351142
0 0.00990062 0.0199966 0.0310514
0 0.00977525 0.0184085 0.0265583
0 0.00938981 0.016438 0.0221099
0 0.00859298 0.0140079 0.0180702
0 0.00735895 0.0112286 0.0146029
0 0.00584524 0.00837948 0.0117166
0 0.00437623 0.00583802 0.00935346
0 0.00331795 0.00396959 0.00747431
0 0.00293841 0.00305158 0.006135
0 0.00330725 0.0032147 0.00550373
0 0.00422001 0.00434895 0.0057632
0 0.00525183 0.00606738 0.00698213
0 0.00599158 0.00784886 0.00907409
0 0.00631375 0.00934025 0.0118713
0 0.00645965 0.0106141 0.0152231
0 0.00678818 0.012075 0.0189506
0 0.00747742 0.0140814 0.02278
0 0.00853624 0.0167183 0.0264885
0 0.00995256 0.0198501 0.0300782
0 0.0116688 0.0232541 0.0337225
0 0.0135039 0.0267124 0.0375997
0 0.015215 0.0300677 0.0418048
0 0.0166285 0.0332383 0.0463404
0 0.017671 0.0361294 0.0510544
0 0.018289 0.0385093 0.0555311
0 0.0184514 0.0400672 0.059164
0 0.0182636 0.0406479 0.0614193
0 0.0179664 0.040398 0.0620242
0 0.0177565 0.0396382 0.060976
0 0.0176794 0.0386393 0.0585339
0 0.0176742 0.0375179 0.0552114
0 0.0176031 0.036239 0.0516234
0 0.0172685 0.0346828 0.0482579
0 0.0164705 0.032707 0.0453022
0 0.0151527 0.0302559 0.0426726
0 0.013515 0.0274679 0.0401823
0 0.0118724 0.0245791 0.0375894
0 0.0104373 0.0217707 0.0346115
0 0.00930325 0.0191709 0.0310856
0 0.00855048 0.0169142 0.0271424
0 0.00817873 0.0150637 0.0231187
0 0.00796743 0.0134851 0.0193195
0 0.00761246 0.0119369 0.0159622
0 0.00696094 0.0102714 0.0132175
0 0.00606573 0.00851875 0.0111842
0 0.00510441 0.00687082 0.00984775
0 0.00427487 0.00558952 0.00908133
0 0.00376526 0.00490174 0.00874676
0 0.00373684 0.00493776 0.00880515
0 0.00426032 0.00573496 0.00935199
0 0.00524658 0.00725458 0.0105678
0 0.00645218 0.00935569 0.0126089
0 0.00761483 0.0118187 0.015545
0 0.00857599 0.0144 0.0193122
0 0.00929301 0.0168736 0.0236637
0 0.00976054 0.0190436 0.0281491
0 0.00997521 0.0207397 0.0321743
0 0.0100407 0.0218942 0.0352043
0 0.010204 0.0226435 0.0369832
0 0.010652 0.023241 0.0375477
0 0.011298 0.0237997 0.0370909
0 0.0118834 0.0242063 0.035923
0 0.0122683 0.0243149 0.0345152
0 0.0125214 0.0241691 0.0334278
0 0.0127361 0.0240342 0.0330956
0 0.0128663 0.024185 0.0336445
0 0.0127983 0.0246459 0.0348854
0 0.0125513 0.0252191 0.0365012
0 0.012328 0.0257226 0.0382042
0 0.0123196 0.0261226 0.0397183
0 0.0125077 0.0264874 0.0407531
0 0.0126897 0.026796 0.0410543
0 0.0126565 0.0267955 0.0404685
0 0.0122968 0.0260922 0.0389503
0 0.0116102 0.0244534 0.036552
0 0.0107294 0.0220873 0.0334766
0 0.00989008 0.0195853 0.0300866
0 0.00929626 0.0175401 0.0267874
0 0.00901396 0.0162315 0.0239337
0 0.00901352 0.0156469 0.0218573
0 0.00925681 0.0156857 0.0208886
0 0.00970075 0.0163007 0.0212832
0 0.0102621 0.0175028 0.0231139
0 0.0107821 0.0191978 0.0261526
0 0.0110478 0.0210187 0.0298275
0 0.0108683 0.0223504 0.0333007
0 0.0102501 0.0226588 0.0357208
0 0.00950326 0.0219108 0.0365343
0 0.00891451 0.0205042 0.0354853
0 0.00846668 0.0188019 0.0325281
0 0.00804863 0.0168967 0.0279776
0 0.00770422 0.0147814 0.022591
0 0.00752101 0.0125841 0.0173173
0 0.00740199 0.0105803 0.0129361
0 0.00715278 0.00906512 0.00993611
0 0.00677351 0.00826327 0.00862934
0 0.0065179 0.00831415 0.00919854
0 0.0066448 0.00928282 0.0115808
0 0.00720856 0.0111726 0.0154222
0 0.00812184 0.0139171 0.020236
0 0.00932276 0.0173576 0.0256086
0 0.0107517 0.0212077 0.0312132
0 0.0122557 0.0250654 0.0367189
0 0.013639 0.0285281 0.0417929
0 0.0147491 0.0313177 0.0461383
0 0.0155125 0.0333224 0.0495159
0 0.0159553 0.0345798 0.0517793
0 0.0162037 0.0352426 0.0529241
0 0.0164148 0.0355093 0.0530951
0 0.0166806 0.0355648 0.0525515
0 0.0169917 0.0355472 0.0516243
0 0.017264 0.0355098 0.0506508
0 0.0174001 0.035424 0.0499008
0 0.0172964 0.0351847 0.0494669
0 0.0168288 0.034596 0.049173
0 0.015975 0.0334884 0.0486742
0 0.0149078 0.0318767 0.0476401
0 0.013877 0.0299542 0.0458466
0 0.0130251 0.0279328 0.0431947
0 0.0122854 0.0258445 0.0396755
0 0.0114698 0.023516 0.035376
0 0.0104787 0.0207775 0.0305415
0 0.00933936 0.0176241 0.0255074
0 0.00806588 0.0141947 0.0205293
0 0.00660628 0.0106761 0.0157051
0 0.00495592 0.00721264 0.0110414
0 0.00328826 0.00392456 0.00660067
0 0.00189412 0.000988117 0.00255201
0 0.000953905 -0.00138661 -0.000936809
0 0.000459281 -0.00302871 -0.00374302
0 0.000347979 -0.00383807 -0.00570328
0 0.000582423 -0.00380993 -0.00659295
0 0.0011004 -0.00303264 -0.00621251
0 0.00179457 -0.00162572 -0.00446751
0 0.00255512 0.000308631 -0.00141733
0 0.00330204 0.00265534 0.00269189
0 0.00399905 0.00524038 0.00744496
0 0.00467385 0.00786453 0.0123538
0 0.00540661 0.0103929 0.0169841
0 0.00626737 0.0127925 0.0210349
0 0.00730341 0.0151277 0.0244022
0 0.00856336 0.017539 0.0272227
0 0.0100622 0.0201698 0.0298164
0 0.0117309 0.0230667 0.0325585
0 0.0134192 0.0261351 0.0357555
0 0.0149604 0.0292192 0.0395781
0 0.0162436 0.032212 0.0440357
0 0.0172574 0.0350804 0.0489659
0 0.0180641 0.0377944 0.05403
0 0.018732 0.0402513 0.0587538
0 0.0193013 0.0422927 0.0626449
0 0.0197529 0.043741 0.0652821
0 0.0200073 0.0444242 0.0663705
0 0.0199664 0.0442001 0.0657878
0 0.0195477 0.0429719 0.0635857
0 0.0187125 0.0407218 0.0599484
0 0.0174822 0.0375541 0.0551402
0 0.0159454 0.0337036 0.0494742
0 0.014241 0.0294829 0.0432906
0 0.0125413 0.0252181 0.0369487
0 0.0110272 0.021217 0.0308265
0 0.00980857 0.0177354 0.0252762
0 0.00885652 0.014912 0.0205538
0 0.00806844 0.0127422 0.0168153
0 0.00737748 0.0111287 0.014151
0 0.0067633 0.00993941 0.0125595
0 0.00623892 0.00910104 0.0119401
0 0.0058696 0.00868152 0.0121459
0 0.00574123 0.00880601 0.0130044
0 0.00590226 0.00950449 0.0143293
0 0.00633833 0.0106689 0.0159598
0 0.00698353 0.012126 0.0177981
0 0.00773642 0.013719 0.0198011
0 0.00841833 0.0152607 0.0218666
0 0.0088246 0.0165016 0.023785
0 0.00893614 0.0172986 0.0253972
0 0.00902538 0.0178325 0.0267687
0 0.00944603 0.0185596 0.0281328
0 0.010347 0.0199259 0.0297256
0 0.0116974 0.0222048 0.0318256
0 0.0134398 0.0254503 0.0348291
0 0.0154779 0.0294616 0.039111
0 0.0176065 0.0338985 0.0448163
0 0.0195684 0.0384834 0.0517787
0 0.0212357 0.0430879 0.059591
0 0.0227241 0.0476802 0.0677487
0 0.0242951 0.0522558 0.075759
0 0.0261541 0.0568161 0.0831996
0 0.0283483 0.0613606 0.089787
0 0.0308006 0.0658588 0.0954245
0 0.0333966 0.0702417 0.100216
0 0.0359901 0.0743977 0.104403
0 0.0382453 0.0780469 0.108107
0 0.0396436 0.0806714 0.111139
0 0.0397799 0.0816913 0.113084
0 0.0385855 0.0806353 0.113385
0 0.0362785 0.0772214 0.111277
0 0.0331151 0.071449 0.10588
0 0.0292858 0.063594 0.0965276
0 0.0250008 0.054032 0.0831503
0 0.0204387 0.0430442 0.0663273
0 0.0156147 0.0308274 0.0470257
0 0.0103779 0.0176377 0.0262503
0 0.00451884 0.00379002 0.00478061
0 -0.0020796 -0.0104735 -0.016842
0 -0.00937959 -0.0250824 -0.038223
0 -0.017288 -0.0401063 -0.0591335
0 -0.0257025 -0.0555914 -0.0795661
0 -0.034396 -0.071447 -0.0997181
0 -0.0430111 -0.087384 -0.119779
0 -0.0512401 -0.103012 -0.139705
0 -0.0588637 -0.118016 -0.159223
0 -0.0657432 -0.13215 -0.178015
0 -0.0718209 -0.14516 -0.195834
0 -0.0769471 -0.156617 -0.212314
0 -0.0808572 -0.165897 -0.226927
0 -0.0832954 -0.172441 -0.239094
0 -0.0840761 -0.176007 -0.248218
0 -0.0833157 -0.176727 -0.25381
0 -0.0815145 -0.174923 -0.255464
0 -0.0792065 -0.170898 -0.252708
0 -0.0766706 -0.16492 -0.245165
0 -0.0739406 -0.157231 -0.233011
0 -0.0709913 -0.148083 -0.217221
0 -0.067738 -0.137744 -0.199201
0 -0.0640597 -0.126607 -0.180374
0 -0.0601576 -0.115521 -0.162239
0 -0.056586 -0.105722 -0.146289
0 -0.0537365 -0.0981233 -0.133537
0 -0.051391 -0.0926298 -0.124103
0 -0.0490387 -0.0883679 -0.117488
0 -0.0467286 -0.0847858 -0.113432
0 -0.0450326 -0.0821571 -0.112014
0 -0.0439445 -0.0806986 -0.112651
0 -0.0426703 -0.0798126 -0.113841
0 -0.040856 -0.0787051 -0.11432
0 -0.0392618 -0.0773165 -0.11393
0 -0.0388367 -0.0762309 -0.1131
0 -0.0396459 -0.0760524 -0.112113
0 -0.0409944 -0.0770506 -0.111162
0 -0.0420753 -0.078787 -0.110458
0 -0.0423954 -0.0801234 -0.110109
0 -0.0419959 -0.0800913 -0.110184
0 -0.041198 -0.0786771 -0.110626
0 -0.0402122 -0.0766943 -0.111099
0 -0.0391783 -0.0750477 -0.11114
0 -0.0382799 -0.0740686 -0.110363
0 -0.037743 -0.0734843 -0.108644
0 -0.037779 -0.0729577 -0.106273
0 -0.0383054 -0.0724183 -0.103743
0 -0.0389256 -0.0720337 -0.10153
0 -0.039443 -0.0721798 -0.10025
0 -0.0400967 -0.0732935 -0.100671
0 -0.0411218 -0.0755427 -0.103298
0 -0.042236 -0.0785198 -0.107865
0 -0.0427763 -0.0812939 -0.113314
0 -0.0423654 -0.082904 -0.118313
0 -0.0412194 -0.0828736 -0.121732
0 -0.0399244 -0.0814566 -0.122872
0 -0.0391049 -0.0794966 -0.121578
0 -0.0390853 -0.0778752 -0.118191
0 -0.0396554 -0.0769054 -0.113353
0 -0.0403427 -0.0763326 -0.107945
0 -0.040761 -0.0756546 -0.102926
0 -0.0404826 -0.0741937 -0.0987869
0 -0.0392214 -0.0715128 -0.0955396
0 -0.0372348 -0.0679517 -0.0931245
0 -0.0351282 -0.0644172 -0.0914357
0 -0.0334646 -0.0617958 -0.0902621
0 -0.0327303 -0.0607212 -0.0895431
0 -0.0333366 -0.0615963 -0.0895981
0 -0.035413 -0.064627 -0.0910958
0 -0.0387022 -0.0698648 -0.0948975
0 -0.0426198 -0.0770523 -0.101721
0 -0.0464713 -0.0854616 -0.111779
0 -0.0499566 -0.0943331 -0.124869
0 -0.0533298 -0.103455 -0.140545
0 -0.0569255 -0.113089 -0.157987
0 -0.0608557 -0.123474 -0.176051
0 -0.0650162 -0.134408 -0.193575
0 -0.0691945 -0.145234 -0.209619
0 -0.0732578 -0.155143 -0.223598
0 -0.0771529 -0.163536 -0.235264
0 -0.0807392 -0.170234 -0.244544
0 -0.0838128 -0.175441 -0.251467
0 -0.0862116 -0.179433 -0.256159
0 -0.0878118 -0.182213 -0.25876
0 -0.088535 -0.183504 -0.259419
0 -0.088269 -0.182898 -0.258186
0 -0.0868306 -0.180003 -0.254835
0 -0.0841384 -0.174586 -0.248881
0 -0.0803361 -0.166678 -0.239787
0 -0.075738 -0.156569 -0.227223
0 -0.0707114 -0.144792 -0.211303
0 -0.0655965 -0.132057 -0.192702
0 -0.0606456 -0.119156 -0.172577
0 -0.0559644 -0.106787 -0.152248
0 -0.0515563 -0.0953981 -0.132868
0 -0.0474387 -0.0852392 -0.115336
0 -0.0436875 -0.0764218 -0.100325
0 -0.0403817 -0.0689376 -0.0882361
0 -0.0375308 -0.0627651 -0.0791951
0 -0.0350649 -0.0579388 -0.0731083
0 -0.032907 -0.0544838 -0.0697239
0 -0.0310713 -0.0523327 -0.0686549
0 -0.0296499 -0.0512991 -0.0693513
0 -0.0287136 -0.0510967 -0.0711173
0 -0.0282994 -0.0514619 -0.0732657
0 -0.0284564 -0.0522913 -0.075313
0 -0.0292167 -0.0536674 -0.077103
0 -0.0305348 -0.0557645 -0.0788258
0 -0.0322741 -0.0586671 -0.0809068
0 -0.0342689 -0.0622886 -0.0838701
0 -0.0363839 -0.0664523 -0.0882035
0 -0.0385188 -0.0710249 -0.0941975
0 -0.0406359 -0.0760259 -0.101878
0 -0.0427946 -0.0815908 -0.111041
0 -0.0450861 -0.0877684 -0.121266
0 -0.0475058 -0.09436 -0.131938
0 -0.049943 -0.100951 -0.142353
0 -0.0522502 -0.10702 -0.151841
0 -0.0542306 -0.112044 -0.15978
0 -0.0556504 -0.115613 -0.165635
0 -0.0563511 -0.117514 -0.169038
0 -0.0563326 -0.117744 -0.169837
0 -0.0557421 -0.116453 -0.168105
0 -0.0547834 -0.113881 -0.164115
0 -0.0536273 -0.110346 -0.158335
0 -0.0523695 -0.106239 -0.151383
0 -0.0510269 -0.101922 -0.143918
0 -0.0495937 -0.0976383 -0.13655
0 -0.0480982 -0.093547 -0.129788
0 -0.0466076 -0.0897948 -0.124003
0 -0.0452306 -0.0865644 -0.11944
0 -0.0441157 -0.0840842 -0.116248
0 -0.0433937 -0.0825635 -0.11448
0 -0.0430597 -0.0820271 -0.114025
0 -0.0429165 -0.0821824 -0.11453
0 -0.0427606 -0.0825716 -0.115544
0 -0.0425579 -0.0828558 -0.116696
0 -0.0423122 -0.0828543 -0.117637
0 -0.0418826 -0.0823852 -0.117895
0 -0.0410978 -0.0812384 -0.117004
0 -0.0400148 -0.0793514 -0.114773
0 -0.0388578 -0.0768425 -0.111307
0 -0.0377672 -0.0739081 -0.106844
0 -0.036671 -0.0707016 -0.101627
0 -0.0353216 -0.0671981 -0.0958212
0 -0.0335544 -0.0632729 -0.0896026
0 -0.0314458 -0.05889 -0.0832431
0 -0.0291593 -0.0541553 -0.0769805
0 -0.0268392 -0.0493398 -0.0709713
0 -0.0246817 -0.0448854 -0.0654041
0 -0.0229564 -0.0412796 -0.0605563
0 -0.0219489 -0.0389263 -0.0567806
0 -0.0218731 -0.0380978 -0.0544642
0 -0.0227392 -0.0389222 -0.0539681
0 -0.0243323 -0.0414021 -0.0556212
0 -0.0264002 -0.0454479 -0.0597517
0 -0.0287925 -0.0508764 -0.0665937
0 -0.031391 -0.0573819 -0.0760574
0 -0.0340402 -0.0645644 -0.0876066
0 -0.0366314 -0.0720413 -0.100397
0 -0.0391908 -0.0795665 -0.113546
0 -0.0418591 -0.0870567 -0.126318
0 -0.0448011 -0.0944888 -0.138183
0 -0.0480622 -0.101761 -0.148781
0 -0.0515101 -0.108668 -0.157899
0 -0.0549078 -0.114956 -0.165475
0 -0.0579838 -0.120356 -0.171539
0 -0.0604713 -0.124594 -0.176151
0 -0.0621331 -0.127436 -0.179336
0 -0.0627742 -0.128692 -0.181035
0 -0.0623082 -0.128228 -0.181096
0 -0.0608708 -0.12601 -0.17931
0 -0.0588034 -0.122194 -0.175482
0 -0.0564591 -0.117139 -0.169511
0 -0.054016 -0.11125 -0.161443
0 -0.0514625 -0.104771 -0.151505
0 -0.0487245 -0.0977436 -0.140122
0 -0.045744 -0.0901238 -0.127845
0 -0.0424762 -0.0819546 -0.115213
0 -0.0389214 -0.0734697 -0.102683
0 -0.0351739 -0.0650408 -0.0906446
0 -0.0313885 -0.0570112 -0.0793922
0 -0.0277131 -0.049573 -0.0690896
0 -0.0242539 -0.0427761 -0.0597853
0 -0.0210686 -0.0366026 -0.0514482
0 -0.0181907 -0.0310395 -0.0440182
0 -0.0156492 -0.0261063 -0.0374416
0 -0.0134771 -0.0218511 -0.031691
0 -0.0117082 -0.0183291 -0.0267693
0 -0.0103419 -0.0155484 -0.0226734
0 -0.00931562 -0.0134282 -0.0193575
0 -0.00853176 -0.0118203 -0.0167462
0 -0.00791373 -0.0105823 -0.014777
0 -0.00743264 -0.0096389 -0.013422
0 -0.00708842 -0.00898731 -0.012669
0 -0.00688932 -0.00866924 -0.0124948
0 -0.00685222 -0.00873442 -0.0128551
0 -0.00701943 -0.00923145 -0.013714
0 -0.00751338 -0.0102939 -0.0151568
0 -0.0085035 -0.0121773 -0.0174331
0 -0.0100705 -0.0151435 -0.0208605
0 -0.0121909 -0.019365 -0.0257686
0 -0.0148163 -0.0249023 -0.0324784
0 -0.0179278 -0.0317369 -0.0412514
0 -0.0215507 -0.0398351 -0.05224
0 -0.025697 -0.0491422 -0.0654194
0 -0.0302746 -0.0594956 -0.0805104
0 -0.0351048 -0.0705912 -0.0970005
0 -0.0400636 -0.0820608 -0.114292
0 -0.0451114 -0.0935539 -0.131799
0 -0.0502192 -0.104807 -0.148979
0 -0.0553457 -0.115669 -0.16537
0 -0.0604378 -0.126055 -0.180606
0 -0.0653716 -0.135885 -0.194417
0 -0.0699158 -0.145024 -0.206625
0 -0.0738604 -0.153198 -0.217136
0 -0.077097 -0.159988 -0.225905
0 -0.079532 -0.165012 -0.232872
0 -0.081048 -0.168133 -0.237901
0 -0.0815317 -0.169409 -0.240788
0 -0.0809638 -0.1689 -0.241284
0 -0.0795492 -0.166609 -0.23914
0 -0.0776293 -0.162575 -0.2342
0 -0.0754183 -0.156964 -0.226483
0 -0.0728831 -0.150015 -0.216207
0 -0.0698663 -0.14194 -0.20378
0 -0.0662702 -0.132864 -0.189762
0 -0.0621027 -0.122861 -0.174742
0 -0.0574479 -0.112095 -0.15924
0 -0.0524614 -0.100928 -0.143685
0 -0.0473605 -0.0898552 -0.128446
0 -0.0423907 -0.0793583 -0.113857
0 -0.0378049 -0.0698182 -0.10024
0 -0.0338885 -0.0615502 -0.0879565
0 -0.0309133 -0.0548557 -0.0774202
0 -0.0289783 -0.0499426 -0.068971
0 -0.0279382 -0.0468039 -0.0627669
0 -0.0275168 -0.0452117 -0.0588174
0 -0.0274626 -0.0448169 -0.0570692
0 -0.0276332 -0.0452982 -0.0574553
0 -0.0279908 -0.0464969 -0.0598503
0 -0.0285731 -0.0484624 -0.063995
0 -0.0294972 -0.0513763 -0.0695491
0 -0.0309334 -0.0554075 -0.0762063
0 -0.0330261 -0.0606156 -0.0837693
0 -0.0358242 -0.0669514 -0.0921951
0 -0.0392594 -0.0742972 -0.101581
0 -0.0431801 -0.0824962 -0.112084
0 -0.0473562 -0.0913171 -0.123777
0 -0.0514322 -0.100357 -0.136439
0 -0.0550766 -0.109105 -0.149586
0 -0.0581803 -0.117129 -0.162644
0 -0.0607563 -0.124138 -0.174976
0 -0.0628002 -0.129963 -0.185867
0 -0.0643118 -0.134514 -0.194616
0 -0.06533 -0.137716 -0.200658
0 -0.0659145 -0.139486 -0.203666
0 -0.0660926 -0.139729 -0.203572
0 -0.06582 -0.138366 -0.200582
0 -0.0649951 -0.135396 -0.195149
0 -0.0635262 -0.130962 -0.187864
0 -0.0613933 -0.125324 -0.179302
0 -0.0586697 -0.118777 -0.169917
0 -0.0555133 -0.111599 -0.160011
0 -0.0521196 -0.104039 -0.149767
0 -0.0486486 -0.096309 -0.139288
0 -0.0451729 -0.0885634 -0.128624
0 -0.0416832 -0.0808735 -0.117804
0 -0.0381409 -0.0732385 -0.106853
0 -0.0345113 -0.065602 -0.0957921
0 -0.0307709 -0.0578669 -0.0846369
0 -0.0269003 -0.0499494 -0.073395
0 -0.0228648 -0.0418109 -0.0620455
0 -0.0186257 -0.0334436 -0.0505394
0 -0.0141899 -0.0248675 -0.0388368
0 -0.00966984 -0.0161817 -0.0269757
0 -0.00527567 -0.00759843 -0.0151033
0 -0.00121466 0.000610577 -0.00341544
0 0.00238213 0.00819007 0.00789454
0 0.00545045 0.0149451 0.0186199
0 0.00796602 0.0207684 0.0285154
0 0.00992789 0.0256234 0.0372982
0 0.0113422 0.0294782 0.0446589
0 0.0122119 0.0322518 0.0502742
0 0.0125378 0.0338186 0.0538395
0 0.0123295 0.0340391 0.0550946
0 0.0116092 0.0327852 0.0538255
0 0.0103738 0.0299508 0.049896
0 0.00854753 0.0254369 0.0432912
0 0.00601045 0.0191668 0.0341116
0 0.00270418 0.0111632 0.0225773
0 -0.0013207 0.00160023 0.00901058
0 -0.0059806 -0.00923558 -0.00627106
0 -0.0112273 -0.0210449 -0.0230391
0 -0.0170157 -0.0336148 -0.0411171
0 -0.0232478 -0.0468164 -0.0602903
0 -0.0297573 -0.0604759 -0.0802431
0 -0.0363569 -0.0743315 -0.100583
0 -0.0429285 -0.0881339 -0.120946
0 -0.0494151 -0.101671 -0.141031
0 -0.0557493 -0.11474 -0.160534
0 -0.0618051 -0.127188 -0.179142
0 -0.0673851 -0.138931 -0.19655
0 -0.0723494 -0.14986 -0.212487
0 -0.0767286 -0.159734 -0.22675
0 -0.080608 -0.168237 -0.239192
0 -0.0839626 -0.175159 -0.249613
0 -0.0866484 -0.180466 -0.257768
0 -0.0885206 -0.184211 -0.263477
0 -0.0895331 -0.186435 -0.266678
0 -0.0897389 -0.187094 -0.267412
0 -0.0892442 -0.186086 -0.265776
0 -0.088132 -0.183335 -0.261875
0 -0.086378 -0.178868 -0.255766
0 -0.0839143 -0.172802 -0.24749
0 -0.0807676 -0.165296 -0.237147
0 -0.0770561 -0.156512 -0.224905
0 -0.0728728 -0.146609 -0.210978
0 -0.0682335 -0.135741 -0.1956
0 -0.0630939 -0.124044 -0.179015
0 -0.0573941 -0.111621 -0.161469
0 -0.0511504 -0.0985473 -0.143189
0 -0.0444625 -0.0849344 -0.124378
0 -0.0374403 -0.0709375 -0.105184
0 -0.0301798 -0.0566987 -0.0856896
0 -0.022795 -0.0423528 -0.0659564
0 -0.0154374 -0.0280572 -0.0460783
0 -0.00827462 -0.0139937 -0.0261908
0 -0.00145307 -0.000355021 -0.00645417
0 0.00491719 0.0126692 0.0129462
0 0.0107538 0.0249107 0.0317773
0 0.0160009 0.0362384 0.0497442
0 0.0206418 0.0465476 0.0665052
0 0.0246995 0.0557442 0.0816877
0 0.0282119 0.0637312 0.0948934
0 0.0312027 0.070403 0.105723
0 0.0336718 0.0756554 0.113832
0 0.0355995 0.0793977 0.119004
0 0.036936 0.0815408 0.121202
0 0.0375649 0.0819638 0.120574
0 0.0372994 0.0805277 0.117434
0 0.0359922 0.0771498 0.112147
0 0.0336673 0.0718681 0.105
0 0.0305044 0.0648774 0.0961453
0 0.0267315 0.0565199 0.0856412
0 0.0225501 0.0472004 0.073547
0 0.0181134 0.0372703 0.0600132
0 0.0135324 0.0269714 0.0453088
0 0.0088907 0.0164644 0.0297854
0 0.00425046 0.00591186 0.0138328
0 -0.000347591 -0.00448043 -0.00214532
0 -0.00485149 -0.0145088 -0.0177417
0 -0.0091657 -0.0239987 -0.0325568
0 -0.013181 -0.0327863 -0.0462297
0 -0.0168157 -0.0407098 -0.058459
0 -0.0200104 -0.0476105 -0.0689986
0 -0.0227071 -0.0533419 -0.0776531
0 -0.0248443 -0.0577832 -0.0842785
0 -0.0263695 -0.0608598 -0.0887897
0 -0.0272538 -0.0625513 -0.0911653
0 -0.0274877 -0.0628726 -0.0914386
0 -0.0270943 -0.0618557 -0.089709
0 -0.0261729 -0.0595798 -0.0861837
0 -0.0248792 -0.0562252 -0.081165
0 -0.0233318 -0.052071 -0.0749853
0 -0.0215738 -0.0474122 -0.0679614
0 -0.0196208 -0.0424622 -0.0603932
0 -0.0175172 -0.0373303 -0.0525657
0 -0.0153273 -0.0320708 -0.0447131
0 -0.013093 -0.0267332 -0.0369818
0 -0.0108209 -0.0213848 -0.0294369
0 -0.00850424 -0.0161059 -0.0220948
0 -0.00616889 -0.0109796 -0.0149686
0 -0.00389779 -0.00608899 -0.0081059
0 -0.00180359 -0.00152527 -0.00159419
0 1.62805e-05 0.00259948 0.00444649
0 0.00151124 0.00616221 0.00987933
0 0.00268472 0.0090693 0.0145742
0 0.00356123 0.0112846 0.0184048
0 0.0041463 0.0128154 0.0212343
0 0.00443169 0.0136762 0.0229344
0 0.00442943 0.0138681 0.0234251
0 0.00418586 0.0133836 0.0227017
0 0.00374762 0.0122224 0.0208321
0 0.00311735 0.0104094 0.0179377
0 0.00225741 0.00800215 0.0141733
0 0.00113517 0.00507525 0.00970959
0 -0.000234906 0.0017077 0.00471997
0 -0.00179081 -0.00201133 -0.000635178
0 -0.0034543 -0.00596872 -0.00622238
0 -0.00515007 -0.010025 -0.0119301
0 -0.0067998 -0.0140203 -0.0176433
0 -0.00832095 -0.0177829 -0.0232147
0 -0.00963857 -0.0211493 -0.0284512
0 -0.010702 -0.0239872 -0.0331291
0 -0.0114975 -0.0262179 -0.0370286
0 -0.0120402 -0.027821 -0.0399625
0 -0.0123655 -0.0288148 -0.0418044
0 -0.0125194 -0.0292314 -0.042508
0 -0.0125342 -0.0291065 -0.0421108
0 -0.0124142 -0.0284795 -0.0407353
0 -0.0121422 -0.0273954 -0.0385754
0 -0.0116949 -0.0259076 -0.0358599
0 -0.0110545 -0.0240731 -0.0328019
0 -0.0102083 -0.0219325 -0.0295457
0 -0.00915241 -0.0195003 -0.0261446
0 -0.00791307 -0.0167906 -0.0225863
0 -0.00655801 -0.0138514 -0.0188372
0 -0.00518209 -0.0107778 -0.0148737
0 -0.00388345 -0.00770638 -0.0107131
0 -0.00274347 -0.00479829 -0.00644422
0 -0.00181253 -0.00221252 -0.0022412
0 -0.00111935 -8.04959e-05 0.00163523
0 -0.000690809 0.00149877 0.00486181
0 -0.000528877 0.0024608 0.00712779
0 -0.000583831 0.0027808 0.00821484
0 -0.000781806 0.00247325 0.00802256
0 -0.00107468 0.00158682 0.00657036
0 -0.00146808 0.000185369 0.00399785
0 -0.00200376 -0.00166824 0.000547639
0 -0.00272862 -0.00392292 -0.00348727
0 -0.00367703 -0.00654236 -0.00783722
0 -0.00485381 -0.00949521 -0.0123119
0 -0.00623569 -0.0127479 -0.0168254
0 -0.00779734 -0.0162534 -0.0213919
0 -0.00951176 -0.0199506 -0.0260947
0 -0.0113238 -0.0237798 -0.0310318
0 -0.0131557 -0.0276808 -0.0362675
0 -0.014934 -0.0315915 -0.0418022
0 -0.0166017 -0.035448 -0.0475541
0 -0.0181013 -0.0391424 -0.0533339
0 -0.0193578 -0.0424879 -0.0588408
0 -0.0203058 -0.0452712 -0.0637214
0 -0.0209158 -0.0473203 -0.0676366
0 -0.0211801 -0.0485232 -0.0702908
0 -0.0211135 -0.0488325 -0.0714594
0 -0.0207673 -0.0482654 -0.0710185
0 -0.0202149 -0.0468903 -0.0689754
0 -0.0195105 -0.0448076 -0.0654937
0 -0.0186578 -0.0421312 -0.0608643
0 -0.0176173 -0.0389695 -0.0554419
0 -0.0163471 -0.0354168 -0.0495837
0 -0.0148382 -0.0315544 -0.0435843
0 -0.0131262 -0.0274627 -0.0376342
0 -0.0112836 -0.0232386 -0.0318286
0 -0.00940604 -0.0190035 -0.0262037
0 -0.00758085 -0.0148881 -0.0207604
0 -0.00585513 -0.0109967 -0.0154746
0 -0.00424484 -0.00738019 -0.0103288
0 -0.0027694 -0.00404508 -0.00535259
0 -0.0014638 -0.000989441 -0.000636671
0 -0.000363667 0.00175181 0.00367885
0 0.000503533 0.00407611 0.00742052
0 0.00111844 0.00584215 0.0104044
0 0.00146773 0.00693702 0.0124622
0 0.00153074 0.00730265 0.0134466
0 0.00128262 0.00691237 0.0132295
0 0.00072438 0.00574788 0.0117268
0 -0.000103384 0.00381155 0.00894206
0 -0.00113815 0.00116501 0.00498852
0 -0.00231676 -0.00204318 8.51279e-05
0 -0.00359688 -0.0056076 -0.00547778
0 -0.0049684 -0.00934503 -0.0114025
0 -0.00641894 -0.0131401 -0.0174208
0 -0.00791166 -0.0169257 -0.0233048
0 -0.00941057 -0.0206349 -0.0288752
0 -0.0108802 -0.0241682 -0.0339918
0 -0.0122618 -0.0273875 -0.0385362
0 -0.0134694 -0.0301351 -0.0423979
0 -0.0144061 -0.0322701 -0.0454687
0 -0.0149971 -0.0336952 -0.0476512
0 -0.0152249 -0.0343736 -0.0488764
0 -0.0151396 -0.0343425 -0.0491223
0 -0.0148326 -0.0337019 -0.0484133
0 -0.0143894 -0.0325774 -0.0468154
0 -0.0138671 -0.0310945 -0.0444519
0 -0.0132906 -0.0293605 -0.0415049
0 -0.0126529 -0.027446 -0.0381847
0 -0.0119291 -0.0253856 -0.0346927
0 -0.0110993 -0.0231959 -0.0311909
0 -0.0101654 -0.0208977 -0.0277888
0 -0.00915558 -0.0185351 -0.0245438
0 -0.0081123 -0.0161747 -0.0214678
0 -0.00707399 -0.0138791 -0.0185331
0 -0.00606633 -0.0116816 -0.0156848
0 -0.00510668 -0.00958579 -0.0128655
0 -0.00421166 -0.00758285 -0.0100441
0 -0.00339676 -0.00566973 -0.00723198
0 -0.00267059 -0.00386366 -0.00448256
0 -0.00203732 -0.00220978 -0.00188646
0 -0.00151005 -0.000779192 0.000432594
0 -0.00111482 0.000345414 0.00233141
0 -0.000875904 0.00109227 0.00367523
0 -0.000797514 0.0014224 0.00436779
0 -0.000851809 0.00135043 0.00437846
0 -0.000992752 0.000937814 0.00374597
0 -0.00119198 0.000256156 0.00255794
0 -0.00145637 -0.000641403 0.000932237
0 -0.00181383 -0.00173163 -0.00100085
0 -0.00228796 -0.00301387 -0.0031196
0 -0.0028867 -0.00449076 -0.00533486
0 -0.00360519 -0.00615413 -0.00760861
0 -0.00442637 -0.00797911 -0.0099518
0 -0.00531573 -0.00992333 -0.0124004
0 -0.00622611 -0.0119356 -0.0149888
0 -0.00711415 -0.0139679 -0.0177337
0 -0.00795452 -0.015984 -0.0206281
0 -0.00874332 -0.0179661 -0.0236395
0 -0.00949062 -0.0199117 -0.0267089
0 -0.010216 -0.0218182 -0.0297562
0 -0.010945 -0.0236818 -0.0326978
0 -0.0116983 -0.0255043 -0.0354661
0 -0.0124835 -0.02729 -0.0380221
0 -0.0132924 -0.0290338 -0.0403598
0 -0.0141004 -0.0307118 -0.042498
0 -0.0148714 -0.032284 -0.0444676
0 -0.0155652 -0.0337071 -0.0462957
0 -0.0161442 -0.0349438 -0.0479893
0 -0.0165815 -0.0359651 -0.0495266
0 -0.0168582 -0.0367384 -0.0508474
0 -0.0169527 -0.0372082 -0.051844
0 -0.0168504 -0.0373022 -0.0523766
0 -0.016565 -0.0369629 -0.0523073
0 -0.0161324 -0.0361723 -0.0515254
0 -0.0155822 -0.03495 -0.0499623
0 -0.0149354 -0.0333452 -0.0476222
0 -0.0142196 -0.0314322 -0.044607
0 -0.013465 -0.0293004 -0.0411026
0 -0.0126908 -0.027047 -0.0373407
0 -0.0119061 -0.0247725 -0.0335589
0 -0.011132 -0.0225792 -0.0299801
0 -0.010406 -0.0205687 -0.0267976
0 -0.00975211 -0.018831 -0.0241507
0 -0.00916818 -0.0174202 -0.0221077
0 -0.00864783 -0.0163378 -0.0206694
0 -0.00820914 -0.015554 -0.0197923
0 -0.00788846 -0.0150433 -0.0194055
0 -0.00771152 -0.0148004 -0.0194178
0 -0.00767896 -0.0148296 -0.0197306
0 -0.00776868 -0.0151161 -0.0202524
0 -0.00794649 -0.0156049 -0.0209095
0 -0.0081736 -0.0162044 -0.0216462
0 -0.00840583 -0.0168078 -0.0224136
0 -0.00859308 -0.0173171 -0.0231536
0 -0.00868264 -0.0176515 -0.0237853
0 -0.00862789 -0.0177409 -0.0241973
0 -0.00840708 -0.0175231 -0.0242603
0 -0.00803276 -0.0169514 -0.0238469
0 -0.00753753 -0.0160051 -0.0228491
0 -0.00695243 -0.014695 -0.0211946
0 -0.00629426 -0.0130531 -0.0188612
0 -0.00556646 -0.0111166 -0.0158877
0 -0.00477027 -0.0089293 -0.0123831
0 -0.00391485 -0.00655869 -0.00852653
0 -0.00301804 -0.00409823 -0.00454411
0 -0.00210331 -0.0016529 -0.000669368
0 -0.00120861 0.000659222 0.00288261
0 -0.000396648 0.0026973 0.00592027
0 0.000258163 0.00431418 0.00828556
0 0.000690501 0.00538483 0.00986141
0 0.000846298 0.00581583 0.0105586
0 0.000685432 0.0055422 0.0103009
0 0.000200713 0.00453106 0.00903204
0 -0.000578217 0.00278923 0.00672875
0 -0.00160645 0.000365668 0.00340698
0 -0.00284639 -0.00265937 -0.000876831
0 -0.00427894 -0.00620148 -0.00602857
0 -0.00589836 -0.0101923 -0.0119233
0 -0.0076999 -0.0145784 -0.0184177
0 -0.00966681 -0.019304 -0.0253674
0 -0.0117559 -0.0242896 -0.0326319
0 -0.0139064 -0.0294184 -0.0400639
0 -0.016072 -0.0345327 -0.0475059
0 -0.0182158 -0.0394697 -0.0547914
0 -0.0202758 -0.044108 -0.0617327
0 -0.0221679 -0.0483625 -0.0681277
0 -0.0238297 -0.0521492 -0.0737977
0 -0.0252416 -0.0553817 -0.0786113
0 -0.0264088 -0.0579922 -0.0824819
0 -0.0273347 -0.059951 -0.0853599
0 -0.0280101 -0.0612683 -0.0872273
0 -0.0284211 -0.0619768 -0.0880999
0 -0.0285625 -0.0621084 -0.0880354
0 -0.0284393 -0.0616776 -0.0871309
0 -0.0280665 -0.0606916 -0.0855031
0 -0.0274651 -0.0591786 -0.0832611
0 -0.0266525 -0.0571998 -0.0804858
0 -0.0256503 -0.0548406 -0.0772339
0 -0.0244994 -0.0521885 -0.0735564
0 -0.0232531 -0.0493129 -0.0695079
0 -0.0219514 -0.0462596 -0.0651452
0 -0.020606 -0.0430564 -0.0605232
0 -0.019213 -0.039726 -0.0557003
0 -0.0177743 -0.0362977 -0.0507415
0 -0.0163043 -0.0328088 -0.0457114
0 -0.01482 -0.0292997 -0.0406682
0 -0.0133325 -0.0258151 -0.0356681
0 -0.0118511 -0.0224001 -0.0307682
0 -0.0103893 -0.0190901 -0.0260222
0 -0.00896273 -0.0159079 -0.0214737
0 -0.00758226 -0.012864 -0.0171506
0 -0.00624804 -0.00995883 -0.0130619
0 -0.00495134 -0.00718525 -0.00919847
0 -0.00368602 -0.00453308 -0.00554151
0 -0.00246005 -0.00199795 -0.00207492
0 -0.00129907 0.000404469 0.00120292
0 -0.000244306 0.00262689 0.00426835
0 0.00064991 0.00458695 0.00706227
0 0.00132477 0.00617926 0.00948928
0 0.00172958 0.00729738 0.0114255
0 0.00183162 0.00785424 0.0127303
0 0.00163637 0.00779971 0.0132641
0 0.00119798 0.00713039 0.0129023
0 0.000589708 0.00589012 0.0115514
0 -0.000137278 0.00414933 0.00917745
0 -0.000971487 0.00196731 0.0058299
0 -0.00193018 -0.000625478 0.00164336
0 -0.00304068 -0.0036159 -0.0031857
0 -0.00432904 -0.00698295 -0.00844529
0 -0.00580798 -0.0106757 -0.0139537
0 -0.00746361 -0.0146204 -0.0195874
0 -0.00925495 -0.0187432 -0.0252844
0 -0.0111268 -0.0229645 -0.0310228
0 -0.0130137 -0.0271864 -0.0367849
0 -0.0148466 -0.0313001 -0.0425311
0 -0.0165749 -0.0352078 -0.0481961
0 -0.018169 -0.0388515 -0.0536861
0 -0.0196142 -0.0422185 -0.058881
0 -0.0209186 -0.0453071 -0.0636576
0 -0.0220998 -0.0480907 -0.0679032
0 -0.0231586 -0.0505141 -0.0715154
0 -0.02407 -0.0525105 -0.0744074
0 -0.024793 -0.0540197 -0.0765166
0 -0.0252864 -0.0549978 -0.0778112
0 -0.0255203 -0.0554195 -0.0782895
0 -0.0254747 -0.055266 -0.0779679
0 -0.0251403 -0.0545152 -0.076867
0 -0.0245289 -0.0531553 -0.0750036
0 -0.0236711 -0.0512086 -0.0723907
0 -0.0226034 -0.0487387 -0.0690448
0 -0.0213643 -0.0458338 -0.0650011
0 -0.0199983 -0.0425844 -0.0603338
0 -0.0185627 -0.0390851 -0.0551752
0 -0.0171264 -0.0354578 -0.0497211
0 -0.015764 -0.0318649 -0.0442121
0 -0.014541 -0.0284975 -0.0389131
0 -0.0134914 -0.0255377 -0.034091
0 -0.0126217 -0.023112 -0.0299931
0 -0.0119416 -0.0212782 -0.0268328
0 -0.0114626 -0.0200422 -0.0247577
0 -0.0111707 -0.019376 -0.0238106
0 -0.0110184 -0.0192193 -0.0239087
0 -0.0109451 -0.0194749 -0.0248481
0 -0.0109204 -0.0200184 -0.0263481
0 -0.010965 -0.020729 -0.028116
0 -0.0111229 -0.0215242 -0.0298963
0 -0.0114149 -0.0223764 -0.0315023
0 -0.011823 -0.0232934 -0.0328347
0 -0.012313 -0.0242781 -0.033895
0 -0.0128567 -0.0253064 -0.0347733
0 -0.0134221 -0.026331 -0.0356032
0 -0.0139555 -0.0272934 -0.0365029
0 -0.0143827 -0.0281392 -0.037528
0 -0.0146398 -0.0288266 -0.0386564
0 -0.01471 -0.029328 -0.0398014
0 -0.0146314 -0.0296294 -0.0408358
0 -0.0144733 -0.0297318 -0.0416155
0 -0.0143053 -0.0296507 -0.0420047
0 -0.0141656 -0.0294115 -0.0419037
0 -0.014052 -0.0290369 -0.0412761
0 -0.013938 -0.0285301 -0.0401621
0 -0.0137891 -0.0278672 -0.0386652
0 -0.0135706 -0.0270146 -0.0369174
0 -0.0132498 -0.0259599 -0.0350474
0 -0.0127997 -0.0247276 -0.0331537
0 -0.012216 -0.0233631 -0.0312896
0 -0.0115322 -0.0219109 -0.0294664
0 -0.0108104 -0.0204112 -0.0276627
0 -0.0101132 -0.0189123 -0.0258436
0 -0.00948879 -0.0174804 -0.0239888
0 -0.00897258 -0.0161933 -0.0221218
0 -0.00859185 -0.0151215 -0.0203257
0 -0.00836053 -0.0143118 -0.0187322
0 -0.00826956 -0.013786 -0.0174918
0 -0.00829033 -0.0135534 -0.0167426
0 -0.00839295 -0.0136224 -0.0165892
0 -0.00856377 -0.0140021 -0.0170887
0 -0.0088076 -0.0146951 -0.0182359
0 -0.00913912 -0.0156924 -0.0199602
0 -0.00957514 -0.0169741 -0.0221436
0 -0.0101289 -0.0185115 -0.0246506
0 -0.0108067 -0.0202709 -0.0273596
0 -0.0116022 -0.0222142 -0.0301825
0 -0.0124924 -0.0242979 -0.0330688
0 -0.0134421 -0.0264714 -0.0359976
0 -0.0144113 -0.0286767 -0.0389628
0 -0.0153568 -0.0308544 -0.0419544
0 -0.0162328 -0.0329459 -0.0449409
0 -0.0170062 -0.0348967 -0.0478661
0 -0.0176702 -0.0366611 -0.0506516
0 -0.0182401 -0.0382097 -0.0532018
0 -0.0187375 -0.0395358 -0.0554175
0 -0.0191773 -0.0406484 -0.0572152
0 -0.0195643 -0.0415546 -0.0585447
0 -0.0198942 -0.0422458 -0.059397
0 -0.020152 -0.0426984 -0.0598005
0 -0.0203097 -0.0428845 -0.0598053
0 -0.0203306 -0.0427837 -0.0594663
0 -0.020192 -0.0423948 -0.058834
0 -0.0199069 -0.0417458 -0.0579537
0 -0.019521 -0.0408928 -0.0568626
0 -0.0190903 -0.0399118 -0.0555922
0 -0.0186573 -0.0388764 -0.0541704
0 -0.018234 -0.0378271 -0.0526205
0 -0.0178089 -0.036762 -0.0509652
0 -0.0173669 -0.0356566 -0.0492346
0 -0.0168982 -0.0344879 -0.0474609
0 -0.0163975 -0.033251 -0.0456699
0 -0.0158675 -0.0319671 -0.0438804
0 -0.0153212 -0.0306745 -0.0421071
0 -0.0147773 -0.029411 -0.0403625
0 -0.0142575 -0.0282046 -0.038661
0 -0.0137851 -0.0270789 -0.037028
0 -0.0133795 -0.0260607 -0.0355016
0 -0.0130492 -0.0251806 -0.0341291
0 -0.0127942 -0.0244681 -0.0329649
0 -0.0126151 -0.0239477 -0.0320677
0 -0.0125135 -0.0236342 -0.0314913
0 -0.0124852 -0.0235278 -0.031268
0 -0.0125176 -0.0236146 -0.0313988
0 -0.0125992 -0.0238746 -0.0318568
0 -0.0127279 -0.0242885 -0.0325951
0 -0.0129074 -0.0248374 -0.0335533
0 -0.0131425 -0.025504 -0.0346667
0 -0.0134325 -0.0262697 -0.0358754
0 -0.0137655 -0.0271082 -0.0371255
0 -0.0141237 -0.0279861 -0.0383751
0 -0.0144922 -0.0288707 -0.0395997
0 -0.0148633 -0.0297394 -0.0407926
0 -0.0152347 -0.0305862 -0.0419608
0 -0.0155994 -0.0314132 -0.0431111
0 -0.0159422 -0.0322162 -0.0442398
0 -0.0162487 -0.03298 -0.0453338
0 -0.0165143 -0.0336824 -0.0463749
0 -0.0167423 -0.0343029 -0.0473392
0 -0.0169384 -0.0348311 -0.0481981
0 -0.017106 -0.0352696 -0.0489226
0 -0.0172446 -0.0356234 -0.0494866
0 -0.0173512 -0.0358902 -0.0498723
0 -0.0174216 -0.0360571 -0.050072
0 -0.0174522 -0.036109 -0.05009
0 -0.0174426 -0.036043 -0.0499433
0 -0.0173926 -0.0358708 -0.0496558
0 -0.0172981 -0.0356066 -0.0492479
0 -0.017155 -0.035258 -0.0487323
0 -0.0169654 -0.0348255 -0.0481166
0 -0.016736 -0.0343072 -0.0474031
0 -0.0164716 -0.0337025 -0.0465866
0 -0.0161713 -0.0330115 -0.0456542
0 -0.0158318 -0.0322332 -0.0445907
0 -0.0154525 -0.0313637 -0.043384
0 -0.0150347 -0.0303959 -0.0420262
0 -0.0145782 -0.0293218 -0.0405112
0 -0.0140831 -0.0281399 -0.0388384
0 -0.0135585 -0.0268661 -0.0370226
0 -0.013028 -0.0255424 -0.0351045
0 -0.0125206 -0.0242307 -0.033149
0 -0.0120616 -0.0230015 -0.0312417
0 -0.0116763 -0.0219263 -0.0294889
0 -0.0113879 -0.0210678 -0.028009
0 -0.0112082 -0.0204714 -0.0269127
0 -0.0111325 -0.0201611 -0.0262829
0 -0.0111407 -0.0201329 -0.0261572
0 -0.0112043 -0.0203509 -0.0265164
0 -0.011296 -0.0207514 -0.0272826
0 -0.0114054 -0.0212666 -0.0283376
0 -0.0115439 -0.0218507 -0.0295515
0 -0.0117356 -0.022492 -0.0308087
0 -0.0120078 -0.0232116 -0.0320358
0 -0.0123825 -0.0240508 -0.0332165
0 -0.01287 -0.0250495 -0.0343928
0 -0.0134637 -0.0262252 -0.0356504
0 -0.014137 -0.0275611 -0.0370892
0 -0.0148425 -0.0290091 -0.0387879
0 -0.0155169 -0.0305046 -0.0407713
0 -0.016102 -0.0319835 -0.0429992
0 -0.0165718 -0.0333935 -0.0453765
0 -0.0169407 -0.0346977 -0.0477695
0 -0.0172515 -0.0358696 -0.0500197
0 -0.0175516 -0.0368939 -0.0519674
0 -0.0178637 -0.037764 -0.0534792
0 -0.0181712 -0.0384642 -0.0544695
0 -0.0184392 -0.0389619 -0.0549212
0 -0.0186357 -0.0392163 -0.0548893
0 -0.0187262 -0.0391895 -0.0544677
0 -0.0186678 -0.0388579 -0.053745
0 -0.0184251 -0.0382195 -0.0527779
0 -0.0179969 -0.0372926 -0.051587
0 -0.0174208 -0.0361093 -0.0501622
0 -0.0167517 -0.0347102 -0.0484718
0 -0.0160404 -0.0331445 -0.0464827
0 -0.0153267 -0.0314696 -0.0441886
0 -0.01464 -0.0297421 -0.041628
0 -0.0140004 -0.0280099 -0.038885
0 -0.0134102 -0.026311 -0.0360741
0 -0.0128494 -0.024678 -0.0333239
0 -0.0122899 -0.0231343 -0.0307607
0 -0.0117162 -0.0216877 -0.0284874
0 -0.0111363 -0.0203439 -0.0265693
0 -0.010577 -0.0191264 -0.0250283
0 -0.0100756 -0.0180848 -0.023851
0 -0.00967284 -0.017281 -0.023005
0 -0.00940854 -0.016768 -0.0224589
0 -0.00932071 -0.0165829 -0.0222068
0 -0.00942871 -0.0167421 -0.0222734
0 -0.00971314 -0.0172372 -0.0226998
0 -0.0101248 -0.0180373 -0.0235303
0 -0.010614 -0.019098 -0.0248019
0 -0.0111568 -0.0203795 -0.0265357
0 -0.0117557 -0.0218624 -0.0287266
0 -0.0124223 -0.0235468 -0.0313318
0 -0.0131625 -0.0254335 -0.0342718
0 -0.0139753 -0.027505 -0.037448
0 -0.0148476 -0.0297132 -0.0407554
0 -0.0157416 -0.0319759 -0.0440806
0 -0.0166118 -0.0341894 -0.0473116
0 -0.0174259 -0.0362482 -0.0503476
0 -0.018157 -0.038063 -0.0530881
0 -0.0187747 -0.0395775 -0.055433
0 -0.0192574 -0.0407699 -0.0572984
0 -0.019603 -0.0416362 -0.0586303
0 -0.0198267 -0.0421789 -0.0594116
0 -0.0199454 -0.0424043 -0.0596576
0 -0.0199626 -0.042325 -0.0594078
0 -0.0198741 -0.041967 -0.0587273
0 -0.0196805 -0.0413694 -0.0577018
0 -0.0193906 -0.0405739 -0.0564222
0 -0.0190189 -0.0396211 -0.0549692
0 -0.0185829 -0.03855 -0.0534059
0 -0.018099 -0.0373952 -0.0517728
0 -0.0175826 -0.0361851 -0.0500909
0 -0.0170468 -0.0349404 -0.048367
0 -0.0165014 -0.0336725 -0.0465997
0 -0.0159576 -0.0323914 -0.0447916
0 -0.0154306 -0.0311143 -0.042959
0 -0.0149387 -0.0298726 -0.0411367
0 -0.014498 -0.0287102 -0.039377
0 -0.0141129 -0.0276683 -0.0377392
0 -0.013774 -0.0267668 -0.0362772
0 -0.0134673 -0.0259975 -0.0350318
0 -0.0131827 -0.0253343 -0.0340247
0 -0.0129139 -0.0247513 -0.0332524
0 -0.0126598 -0.0242387 -0.0326869
0 -0.0124267 -0.0238025 -0.0322841
0 -0.0122263 -0.0234524 -0.0319928
0 -0.0120771 -0.0231969 -0.0317712
0 -0.0120032 -0.0230495 -0.0316036
0 -0.0120226 -0.0230303 -0.0315042
0 -0.0121341 -0.023159 -0.0315102
0 -0.0123171 -0.0234427 -0.0316715
0 -0.0125446 -0.0238689 -0.0320396
0 -0.0127963 -0.0244109 -0.0326552
0 -0.0130594 -0.0250408 -0.0335329
0 -0.0133305 -0.025745 -0.0346557
0 -0.0136209 -0.0265332 -0.0359866
0 -0.0139511 -0.0274271 -0.0374779
0 -0.0143399 -0.0284429 -0.0390812
0 -0.0147956 -0.0295793 -0.0407549
0 -0.0153131 -0.0308155 -0.0424708
0 -0.015871 -0.0321113 -0.0442103
0 -0.0164316 -0.033411 -0.0459541
0 -0.016956 -0.0346563 -0.0476792
0 -0.0174142 -0.0357967 -0.0493516
0 -0.0177879 -0.0367912 -0.0509181
0 -0.0180717 -0.0376105 -0.052307
0 -0.0182665 -0.0382316 -0.0534333
0 -0.0183717 -0.0386301 -0.0542087
0 -0.0183845 -0.0387772 -0.0545557
0 -0.0183008 -0.0386439 -0.054421
0 -0.0181157 -0.0382083 -0.0537821
0 -0.017826 -0.0374659 -0.0526517
0 -0.0174327 -0.0364352 -0.0510754
0 -0.0169409 -0.0351532 -0.0491216
0 -0.0163627 -0.0336677 -0.0468715
0 -0.0157205 -0.0320328 -0.0444137
0 -0.0150441 -0.0303059 -0.0418376
0 -0.014358 -0.0285437 -0.039224
0 -0.0136717 -0.0267979 -0.0366394
0 -0.0129883 -0.0251105 -0.0341408
0 -0.0123177 -0.0235075 -0.03178
0 -0.0116761 -0.0219995 -0.0295987
0 -0.0110758 -0.0205947 -0.0276221
0 -0.0105204 -0.0193062 -0.0258572
0 -0.0100123 -0.0181529 -0.0243013
0 -0.00956456 -0.0171572 -0.0229547
0 -0.00919962 -0.0163403 -0.021826
0 -0.00893567 -0.0157187 -0.0209292
0 -0.00878221 -0.0153089 -0.0202865
0 -0.00874557 -0.0151347 -0.0199344
0 -0.00882883 -0.0152206 -0.0199192
0 -0.00902746 -0.0155847 -0.0202882
0 -0.00933308 -0.0162369 -0.0210843
0 -0.00974376 -0.0171793 -0.0223394
0 -0.0102642 -0.0184108 -0.024067
0 -0.0108965 -0.0199287 -0.026257
0 -0.011632 -0.02172 -0.0288706
0 -0.0124527 -0.0237503 -0.0318416
0 -0.0133354 -0.0259576 -0.0350831
0 -0.0142521 -0.0282589 -0.0384929
0 -0.0151708 -0.0305735 -0.0419625
0 -0.0160645 -0.0328426 -0.0453894
0 -0.0169258 -0.0350263 -0.0486864
0 -0.0177628 -0.0370932 -0.0517816
0 -0.0185737 -0.0390134 -0.0546092
0 -0.0193336 -0.0407546 -0.0571083
0 -0.0200072 -0.0422762 -0.0592314
0 -0.0205591 -0.043526 -0.0609429
0 -0.0209586 -0.0444463 -0.0622129
0 -0.0211838 -0.0449901 -0.0630129
0 -0.0212201 -0.0451307 -0.0633107
0 -0.0210665 -0.0448638 -0.0630731
0 -0.020743 -0.0442036 -0.0622756
0 -0.0202816 -0.0431771 -0.0609105
0 -0.0197101 -0.0418195 -0.0589938
0 -0.0190428 -0.0401682 -0.056567
0 -0.0182842 -0.0382585 -0.0536977
0 -0.0174373 -0.0361245 -0.0504739
0 -0.0165119 -0.0338064 -0.0469942
0 -0.0155298 -0.031355 -0.0433596
0 -0.0145187 -0.028832 -0.0396648
0 -0.0135031 -0.0263123 -0.0359978
0 -0.0125082 -0.0238796 -0.0324479
0 -0.0115673 -0.02161 -0.0291105
0 -0.0107209 -0.0195684 -0.0260846
0 -0.0100036 -0.0178117 -0.0234628
0 -0.00943618 -0.0163923 -0.0213266
0 -0.00903061 -0.0153585 -0.0197453
0 -0.00879414 -0.0147457 -0.0187736
0 -0.00873333 -0.0145703 -0.0184487
0 -0.00885265 -0.0148346 -0.0187888
0 -0.00915183 -0.0155376 -0.0197939
0 -0.00962495 -0.0166763 -0.0214446
0 -0.0102594 -0.0182321 -0.0236989
0 -0.0110382 -0.0201635 -0.0264944
0 -0.0119414 -0.0224083 -0.0297517
0 -0.0129451 -0.0248922 -0.0333783
0 -0.0140229 -0.0275392 -0.0372747
0 -0.0151428 -0.0302807 -0.0413383
0 -0.0162647 -0.0330567 -0.0454627
0 -0.0173515 -0.0357981 -0.0495372
0 -0.0183825 -0.0384136 -0.0534469
0 -0.0193445 -0.0408073 -0.0570719
0 -0.0202086 -0.0429024 -0.0602847
0 -0.0209311 -0.0446441 -0.0629613
0 -0.0214753 -0.0459846 -0.0649996
0 -0.0218246 -0.0468761 -0.0663321
0 -0.0219801 -0.0472805 -0.0669266
0 -0.0219484 -0.0471863 -0.066782
0 -0.0217339 -0.0466137 -0.0659242
0 -0.0213403 -0.0456005 -0.0644017
0 -0.0207783 -0.0441908 -0.0622846
0 -0.0200712 -0.0424348 -0.0596638
0 -0.0192487 -0.0403921 -0.0566418
0 -0.0183397 -0.0381317 -0.0533225
0 -0.0173745 -0.035733 -0.0498092
0 -0.0163881 -0.0332789 -0.0462038
0 -0.0154125 -0.0308403 -0.0425998
0 -0.0144676 -0.0284733 -0.0390809
0 -0.0135572 -0.0262209 -0.0357206
0 -0.0126793 -0.0241075 -0.0325819
0 -0.0118402 -0.0221426 -0.0297161
0 -0.0110561 -0.0203376 -0.0271619
0 -0.0103491 -0.0187218 -0.0249459
0 -0.00974373 -0.017343 -0.0230876
0 -0.00926384 -0.0162536 -0.021604
0 -0.00893224 -0.0154932 -0.0205152
0 -0.00876936 -0.0150841 -0.0198498
0 -0.008785 -0.0150359 -0.0196437
0 -0.0089676 -0.0153485 -0.0199303
0 -0.00928565 -0.0160097 -0.0207305
0 -0.00970421 -0.0169893 -0.0220432
0 -0.0101999 -0.0182401 -0.0238391
0 -0.0107602 -0.0197058 -0.0260547
0 -0.0113776 -0.0213352 -0.0285963
0 -0.0120471 -0.0230897 -0.0313537
0 -0.0127609 -0.0249356 -0.034215
0 -0.0135076 -0.0268364 -0.0370818
0 -0.0142747 -0.0287522 -0.0398796
0 -0.01505 -0.0306391 -0.0425587
0 -0.015819 -0.0324528 -0.0450887
0 -0.0165604 -0.0341531 -0.0474497
0 -0.0172413 -0.0357026 -0.0496191
0 -0.0178247 -0.0370637 -0.051564
0 -0.0182892 -0.0382035 -0.0532474
0 -0.0186304 -0.0390927 -0.0546276
0 -0.0188519 -0.0397092 -0.0556568
0 -0.0189632 -0.0400492 -0.0562917
0 -0.0189787 -0.0401284 -0.0565062
0 -0.0189175 -0.0399767 -0.0563025
0 -0.0187984 -0.0396268 -0.055714
0 -0.0186311 -0.0391069 -0.0548008
0 -0.0184123 -0.0384374 -0.0536374
0 -0.0181242 -0.0376259 -0.0522924
0 -0.0177483 -0.0366701 -0.0508173
0 -0.0172818 -0.0355712 -0.0492453
0 -0.016739 -0.0343415 -0.0475889
0 -0.0161498 -0.0330139 -0.0458501
0 -0.0155521 -0.0316409 -0.044033
0 -0.0149797 -0.0302778 -0.0421506
0 -0.0144528 -0.0289652 -0.0402281
0 -0.0139754 -0.0277221 -0.0383027
0 -0.0135385 -0.0265519 -0.0364237
0 -0.0131283 -0.0254548 -0.0346499
0 -0.0127345 -0.0244342 -0.0330407
0 -0.0123536 -0.0234966 -0.0316427
0 -0.0119912 -0.0226552 -0.0304827
0 -0.0116628 -0.0219331 -0.0295684
0 -0.0113927 -0.0213625 -0.0288961
0 -0.0112102 -0.0209804 -0.0284619
0 -0.0111371 -0.0208163 -0.0282643
0 -0.0111798 -0.0208823 -0.0283061
0 -0.0113287 -0.0211722 -0.028597
0 -0.0115682 -0.0216704 -0.0291572
0 -0.0118851 -0.0223612 -0.0300121
0 -0.0122645 -0.0232274 -0.0311746
0 -0.0126909 -0.0242504 -0.0326364
0 -0.0131555 -0.0254126 -0.0343684
0 -0.0136559 -0.0266938 -0.0363223
0 -0.0141898 -0.0280686 -0.0384353
0 -0.0147474 -0.0295054 -0.0406331
0 -0.0153106 -0.0309649 -0.0428378
0 -0.0158595 -0.0323973 -0.0449738
0 -0.0163775 -0.0337427 -0.0469705
0 -0.0168508 -0.034943 -0.0487634
0 -0.0172622 -0.0359552 -0.050293
0 -0.0175908 -0.0367545 -0.0515073
0 -0.0178231 -0.0373289 -0.0523705
0 -0.0179528 -0.0376647 -0.0528604
0 -0.0179757 -0.0377422 -0.052963
0 -0.0178883 -0.0375436 -0.0526727
0 -0.0176884 -0.0370637 -0.0519917
0 -0.0173805 -0.0363167 -0.0509346
0 -0.0169773 -0.0353336 -0.0495293
0 -0.0164962 -0.034153 -0.0478156
0 -0.0159563 -0.0328149 -0.0458437
0 -0.0153758 -0.0313576 -0.0436721
0 -0.0147708 -0.0298174 -0.0413648
0 -0.0141545 -0.0282303 -0.0389871
0 -0.0135352 -0.0266352 -0.0366028
0 -0.0129197 -0.0250747 -0.0342754
0 -0.0123237 -0.023595 -0.032074
0 -0.0117752 -0.0222443 -0.0300722
0 -0.0113033 -0.0210703 -0.0283388
0 -0.0109293 -0.02012 -0.026933
0 -0.0106666 -0.0194366 -0.0259045
0 -0.0105276 -0.0190564 -0.0252976
0 -0.0105246 -0.0190041 -0.0251508
0 -0.0106597 -0.0192857 -0.0254863
0 -0.0109216 -0.0198899 -0.0263054
0 -0.0112938 -0.0207937 -0.0275894
0 -0.0117631 -0.0219668 -0.0293022
0 -0.0123213 -0.0233759 -0.0313928
0 -0.012965 -0.0249906 -0.0338019
0 -0.0136896 -0.0267827 -0.0364661
0 -0.0144836 -0.0287213 -0.0393206
0 -0.0153242 -0.0307682 -0.0423
0 -0.0161798 -0.0328731 -0.0453382
0 -0.0170205 -0.0349702 -0.0483697
0 -0.0178253 -0.0369829 -0.051324
0 -0.0185739 -0.0388381 -0.0541168
0 -0.0192379 -0.0404792 -0.0566489
0 -0.0197896 -0.0418659 -0.0588198
0 -0.0202155 -0.0429675 -0.0605447
0 -0.0205154 -0.0437554 -0.0617616
0 -0.0206886 -0.0441995 -0.0624288
0 -0.0207221 -0.0442712 -0.0625194
0 -0.0205909 -0.0439441 -0.0620174
0 -0.0202702 -0.043192 -0.0609158
0 -0.0197532 -0.0420001 -0.0592221
0 -0.0190594 -0.0403846 -0.0569638
0 -0.0182242 -0.038398 -0.054187
0 -0.0172885 -0.0361226 -0.0509585
0 -0.0162893 -0.0336513 -0.0473648
0 -0.0152536 -0.0310634 -0.0435057
0 -0.0142091 -0.0284194 -0.0394957
0 -0.013185 -0.0257776 -0.0354628
0 -0.0121909 -0.0232015 -0.0315341
0 -0.0112228 -0.0207556 -0.0278287
0 -0.0102902 -0.0184983 -0.0244567
0 -0.00942211 -0.0164742 -0.0215079
0 -0.00865695 -0.0147248 -0.0190461
0 -0.00803105 -0.0133018 -0.0171117
0 -0.00757493 -0.0122662 -0.0157288
0 -0.00731376 -0.0116708 -0.0149148
0 -0.0072606 -0.0115373 -0.0146804
0 -0.00740905 -0.0118513 -0.015028
0 -0.00773416 -0.0125763 -0.015952
0 -0.00820125 -0.0136664 -0.0174341
0 -0.00877731 -0.0150719 -0.0194357
0 -0.00943865 -0.0167409 -0.0218947
0 -0.010173 -0.0186232 -0.0247282
0 -0.0109762 -0.0206749 -0.0278407
0 -0.011845 -0.0228589 -0.0311345
0 -0.0127694 -0.0251409 -0.0345202
0 -0.0137346 -0.0274879 -0.0379278
0 -0.0147258 -0.0298654 -0.0413094
0 -0.0157247 -0.0322298 -0.0446302
0 -0.0167091 -0.0345293 -0.0478594
0 -0.0176538 -0.0367131 -0.0509632
0 -0.0185294 -0.0387387 -0.0538968
0 -0.0193102 -0.0405735 -0.0566056
0 -0.0199846 -0.0421919 -0.0590339
0 -0.0205549 -0.0435751 -0.0611301
0 -0.0210312 -0.0447147 -0.0628533
0 -0.0214189 -0.0456076 -0.0641733
0 -0.0217111 -0.0462467 -0.06507
0 -0.021891 -0.0466168 -0.0655332
0 -0.0219398 -0.046695 -0.0655629
0 -0.0218445 -0.0464591 -0.0651683
0 -0.0215981 -0.0458917 -0.0643587
0 -0.0211992 -0.0449878 -0.0631348
0 -0.0206613 -0.0437678 -0.0614991
0 -0.0200117 -0.0422742 -0.0594647
0 -0.0192809 -0.040557 -0.0570578
0 -0.0184984 -0.0386669 -0.0543261
0 -0.0176877 -0.0366528 -0.0513392
0 -0.01686 -0.0345578 -0.0481789
0 -0.0160172 -0.0324152 -0.0449289
0 -0.0151568 -0.0302458 -0.0416637
0 -0.0142754 -0.0280688 -0.0384461
0 -0.0133711 -0.0259076 -0.0353246
0 -0.0124549 -0.02379 -0.0323375
0 -0.0115556 -0.0217495 -0.0295175
0 -0.0107048 -0.0198244 -0.0268872
0 -0.00992714 -0.0180562 -0.0244619
0 -0.00924058 -0.0164842 -0.0222585
0 -0.00865894 -0.0151374 -0.0203021
0 -0.0081917 -0.0140297 -0.0186266
0 -0.00784198 -0.0131655 -0.0172708
0 -0.00760976 -0.012552 -0.0162775
0 -0.0074951 -0.0122068 -0.0156892
0 -0.00749684 -0.012149 -0.0155402
0 -0.00761454 -0.0123938 -0.0158527
0 -0.00785023 -0.01295 -0.0166361
0 -0.00820475 -0.0138151 -0.0178825
0 -0.0086743 -0.014973 -0.0195642
0 -0.00924919 -0.0163955 -0.0216361
0 -0.0099151 -0.0180445 -0.0240397
0 -0.0106553 -0.0198753 -0.0267081
0 -0.0114495 -0.0218365 -0.0295679
0 -0.0122765 -0.0238746 -0.0325449
0 -0.0131172 -0.0259419 -0.0355712
0 -0.0139526 -0.0279967 -0.0385838
0 -0.0147609 -0.0299963 -0.041519
0 -0.0155225 -0.0318936 -0.0443116
0 -0.0162237 -0.0336375 -0.0468967
0 -0.0168545 -0.0351832 -0.0492115
0 -0.017403 -0.0365028 -0.051199
0 -0.017854 -0.0375797 -0.0528094
0 -0.0181943 -0.0383971 -0.0540054
0 -0.0184178 -0.0389351 -0.0547663
0 -0.0185224 -0.0391762 -0.0550858
0 -0.0185081 -0.0391158 -0.0549721
0 -0.0183752 -0.0387647 -0.0544438
0 -0.018129 -0.0381458 -0.0535306
0 -0.0177877 -0.0372955 -0.0522779
0 -0.0173766 -0.0362596 -0.0507438
0 -0.0169203 -0.03509 -0.0489952
0 -0.0164401 -0.0338421 -0.047106
0 -0.0159538 -0.032568 -0.0451535
0 -0.0154761 -0.0313093 -0.0432123
0 -0.0150193 -0.0300992 -0.0413516
0 -0.0145945 -0.0289727 -0.0396354
0 -0.0142108 -0.027969 -0.0381214
0 -0.0138749 -0.0271221 -0.0368553
0 -0.013593 -0.0264507 -0.0358667
0 -0.0133757 -0.0259615 -0.0351723
0 -0.0132369 -0.0256595 -0.034779
0 -0.0131842 -0.0255511 -0.0346812
0 -0.0132167 -0.0256419 -0.034863
0 -0.0133294 -0.0259301 -0.0353037
0 -0.0135135 -0.0263978 -0.0359782
0 -0.0137604 -0.0270162 -0.0368608
0 -0.014063 -0.0277572 -0.0379282
0 -0.0144126 -0.0286009 -0.0391571
0 -0.0147983 -0.0295346 -0.0405228
0 -0.0152049 -0.0305409 -0.0419939
0 -0.0156118 -0.0315867 -0.0435286
0 -0.0159996 -0.032624 -0.0450753
0 -0.0163568 -0.0336009 -0.0465767
0 -0.0166749 -0.0344716 -0.0479672
0 -0.0169423 -0.0352019 -0.0491742
0 -0.0171472 -0.0357709 -0.0501293
0 -0.0172851 -0.0361656 -0.0507812
0 -0.0173551 -0.0363711 -0.0510979
0 -0.0173553 -0.036371 -0.0510675
0 -0.0172823 -0.0361563 -0.0506979
0 -0.0171299 -0.0357296 -0.0500128
0 -0.0168931 -0.0351034 -0.0490458
0 -0.0165711 -0.0342944 -0.0478332
0 -0.0161697 -0.0333197 -0.0464092
0 -0.0157012 -0.0321987 -0.0448042
0 -0.0151826 -0.0309571 -0.0430467
0 -0.0146321 -0.029627 -0.0411644
0 -0.0140646 -0.0282408 -0.0391845
0 -0.0134907 -0.0268257 -0.0371349
0 -0.0129211 -0.0254067 -0.0350505
0 -0.0123621 -0.0240053 -0.032971
0 -0.011813 -0.0226393 -0.0309366
0 -0.0112757 -0.0213263 -0.0289904
0 -0.0107644 -0.0200908 -0.0271809
0 -0.0103018 -0.018968 -0.0255591
0 -0.00990756 -0.0179998 -0.0241698
0 -0.00959667 -0.0172288 -0.0230522
0 -0.00938462 -0.0166929 -0.0222447
0 -0.00928546 -0.016418 -0.0217838
0 -0.00930696 -0.0164171 -0.0217009
0 -0.00944749 -0.0166945 -0.0220192
0 -0.0096995 -0.0172517 -0.0227539
0 -0.0100565 -0.0180871 -0.0239103
0 -0.0105133 -0.0191905 -0.0254783
0 -0.0110627 -0.0205397 -0.0274284
0 -0.0116919 -0.0221007 -0.0297105
0 -0.0123831 -0.0238279 -0.0322564
0 -0.0131151 -0.0256669 -0.034986
0 -0.0138662 -0.0275608 -0.0378142
0 -0.0146167 -0.0294602 -0.0406594
0 -0.0153536 -0.0313269 -0.0434489
0 -0.0160707 -0.0331263 -0.0461194
0 -0.0167666 -0.0348244 -0.0486175
0 -0.0174345 -0.0363953 -0.0508998
0 -0.0180586 -0.0378225 -0.0529337
0 -0.018618 -0.0390887 -0.0546971
0 -0.0190935 -0.0401678 -0.0561767
0 -0.0194702 -0.0410284 -0.0573631
0 -0.019734 -0.0416411 -0.058242
0 -0.0198669 -0.0419806 -0.0587861
0 -0.0198549 -0.0420273 -0.0589581
0 -0.0196999 -0.0417709 -0.0587211
0 -0.0194206 -0.0412112 -0.0580464
0 -0.019038 -0.0403588 -0.0569172
0 -0.0185653 -0.0392336 -0.0553343
0 -0.0180103 -0.0378629 -0.0533245
0 -0.0173821 -0.03628 -0.0509448
0 -0.0166924 -0.0345235 -0.0482757
0 -0.0159575 -0.0326411 -0.0454139
0 -0.0151981 -0.0306877 -0.0424615
0 -0.0144345 -0.0287201 -0.0395138
0 -0.0136776 -0.0267932 -0.0366519
0 -0.0129304 -0.0249533 -0.0339405
0 -0.0122033 -0.0232323 -0.0314339
0 -0.0115209 -0.0216528 -0.0291789
0 -0.0109078 -0.020236 -0.0272064
0 -0.0103771 -0.0190068 -0.0255293
0 -0.00993499 -0.017992 -0.0241509
0 -0.00958834 -0.0172123 -0.0230729
0 -0.00935129 -0.0166792 -0.0223046
0 -0.009242 -0.0164032 -0.0218662
0 -0.00926817 -0.0163953 -0.0217817
0 -0.0094173 -0.0166619 -0.0220692
0 -0.00966559 -0.0171985 -0.0227397
0 -0.00999534 -0.0179851 -0.0237948
0 -0.0103974 -0.0189876 -0.0252187
0 -0.0108654 -0.0201694 -0.0269731
0 -0.0113932 -0.0215038 -0.0290019
0 -0.0119725 -0.0229695 -0.0312361
0 -0.0125962 -0.0245444 -0.0336055
0 -0.0132614 -0.0262043 -0.0360517
0 -0.0139591 -0.0279169 -0.0385246
0 -0.0146682 -0.0296376 -0.0409766
0 -0.015361 -0.0313154 -0.0433618
0 -0.0160125 -0.0328996 -0.0456372
0 -0.0166048 -0.0343455 -0.0477588
0 -0.0171241 -0.0356202 -0.0496782
0 -0.0175601 -0.0367036 -0.0513433
0 -0.0179107 -0.0375864 -0.0527092
0 -0.0181817 -0.0382651 -0.0537444
0 -0.0183805 -0.0387387 -0.0544338
0 -0.0185094 -0.0390071 -0.0547776
0 -0.0185616 -0.0390692 -0.0547875
0 -0.0185274 -0.0389252 -0.0544871
0 -0.0184025 -0.0385796 -0.0539106
0 -0.0181906 -0.0380432 -0.0530954
0 -0.017902 -0.0373363 -0.052076
0 -0.0175504 -0.0364882 -0.0508816
0 -0.0171531 -0.0355345 -0.0495398
0 -0.0167272 -0.0345093 -0.0480773
0 -0.016285 -0.0334369 -0.0465195
0 -0.0158325 -0.0323302 -0.0448904
0 -0.0153717 -0.0311946 -0.0432138
0 -0.0149026 -0.0300347 -0.0415126
0 -0.0144244 -0.0288584 -0.0398071
0 -0.0139386 -0.0276786 -0.0381165
0 -0.0134559 -0.0265182 -0.0364639
0 -0.0129925 -0.0254044 -0.0348759
0 -0.0125636 -0.0243646 -0.03338
0 -0.0121825 -0.0234264 -0.0320077
0 -0.0118587 -0.0226149 -0.0307932
0 -0.0115973 -0.0219491 -0.0297707
0 -0.0114011 -0.0214417 -0.0289731
0 -0.0112737 -0.0211032 -0.0284309
0 -0.0112202 -0.0209453 -0.0281695
0 -0.0112462 -0.0209821 -0.0282077
0 -0.0113556 -0.0212271 -0.0285553
0 -0.0115462 -0.0216842 -0.0292093
0 -0.011812 -0.0223424 -0.0301535
0 -0.012146 -0.0231776 -0.0313616
0 -0.0125371 -0.0241571 -0.0327956
0 -0.0129688 -0.0252427 -0.0344057
0 -0.0134256 -0.0263984 -0.0361379
0 -0.0138986 -0.0275975 -0.0379422
0 -0.0143835 -0.0288216 -0.0397739
0 -0.0148736 -0.030052 -0.0415911
0 -0.0153602 -0.0312649 -0.0433559
0 -0.0158352 -0.0324333 -0.0450376
0 -0.0162894 -0.0335287 -0.0466094
0 -0.0167075 -0.0345239 -0.0480434
0 -0.0170694 -0.0353923 -0.0493078
0 -0.0173546 -0.0361046 -0.0503661
0 -0.0175488 -0.0366295 -0.0511786
0 -0.0176471 -0.0369393 -0.0517066
0 -0.0176496 -0.0370154 -0.0519139
0 -0.017558 -0.036851 -0.0517695
0 -0.0173791 -0.0364532 -0.0512576
0 -0.0171254 -0.0358412 -0.0503852
0 -0.0168077 -0.0350372 -0.0491792
0 -0.0164286 -0.03406 -0.0476797
0 -0.0159865 -0.0329252 -0.0459359
0 -0.0154843 -0.0316514 -0.0440043
0 -0.0149342 -0.0302667 -0.0419455
0 -0.014356 -0.0288113 -0.0398197
0 -0.0137724 -0.0273371 -0.0376846
0 -0.0132038 -0.0259015 -0.0355963
0 -0.0126691 -0.0245586 -0.0336119
0 -0.0121864 -0.0233509 -0.0317915
0 -0.0117716 -0.0223078 -0.0301938
0 -0.0114348 -0.0214486 -0.0288715
0 -0.0111778 -0.0207869 -0.0278639
0 -0.0109984 -0.0203349 -0.0271964
0 -0.0108968 -0.0201018 -0.0268796
0 -0.0108746 -0.0200875 -0.0269065
0 -0.0109306 -0.0202791 -0.0272508
0 -0.0110596 -0.0206546 -0.0278698
0 -0.0112546 -0.0211878 -0.0287142
0 -0.0115074 -0.0218514 -0.0297333
0 -0.011808 -0.0226173 -0.0308796
0 -0.0121484 -0.0234617 -0.0321152
0 -0.0125262 -0.0243719 -0.0334185
0 -0.0129381 -0.0253411 -0.0347789
0 -0.0133732 -0.0263579 -0.0361874
0 -0.0138156 -0.0274024 -0.0376335
0 -0.0142505 -0.0284483 -0.039103
0 -0.0146641 -0.0294678 -0.0405745
0 -0.0150447 -0.0304352 -0.0420174
0 -0.0153875 -0.0313329 -0.043397
0 -0.0156946 -0.0321495 -0.0446761
0 -0.0159691 -0.0328743 -0.045815
0 -0.0162122 -0.0334972 -0.0467775
0 -0.016421 -0.0340084 -0.0475363
0 -0.0165883 -0.0343965 -0.0480748
0 -0.0167052 -0.0346501 -0.0483893
0 -0.0167638 -0.0347586 -0.0484862
0 -0.0167582 -0.0347162 -0.0483781
0 -0.0166889 -0.034528 -0.0480835
0 -0.0165656 -0.0342131 -0.0476268
0 -0.0164045 -0.0338029 -0.0470372
0 -0.0162239 -0.0333346 -0.0463481
0 -0.0160379 -0.0328408 -0.0455942
0 -0.0158538 -0.0323432 -0.0448093
0 -0.015672 -0.0318511 -0.0440233
0 -0.0154887 -0.031365 -0.0432605
0 -0.0152989 -0.0308825 -0.0425368
0 -0.0150996 -0.0304032 -0.0418593
0 -0.0148917 -0.0299301 -0.0412272
0 -0.01468 -0.0294678 -0.0406322
0 -0.0144749 -0.0290246 -0.0400664
0 -0.0142935 -0.0286158 -0.0395292
0 -0.0141493 -0.0282588 -0.0390268
0 -0.0140459 -0.0279667 -0.0385696
0 -0.013978 -0.0277445 -0.0381723
0 -0.0139371 -0.0275894 -0.0378543
0 -0.0139147 -0.0274932 -0.0376345
0 -0.0139021 -0.0274442 -0.0375242
0 -0.0138914 -0.0274316 -0.0375218
0 -0.0138789 -0.0274479 -0.0376132
0 -0.013865 -0.0274877 -0.0377729
0 -0.0138538 -0.0275464 -0.0379689
0 -0.013853 -0.0276206 -0.0381707
0 -0.0138683 -0.0277061 -0.0383525
0 -0.0138985 -0.0277947 -0.0384942
0 -0.013936 -0.0278747 -0.0385838
0 -0.0139684 -0.0279303 -0.0386155
0 -0.0139839 -0.027946 -0.0385896
0 -0.0139765 -0.0279124 -0.0385119
0 -0.0139437 -0.0278271 -0.0383876
0 -0.0138857 -0.0276934 -0.0382187
0 -0.0138054 -0.0275184 -0.0380041
0 -0.0137096 -0.0273107 -0.0377423
0 -0.0136115 -0.0270842 -0.037439
0 -0.0135229 -0.0268543 -0.0371051
0 -0.0134488 -0.0266342 -0.0367543
0 -0.0133897 -0.0264357 -0.0364064
0 -0.0133426 -0.0262661 -0.0360845
0 -0.0133024 -0.0261264 -0.0358103
0 -0.0132653 -0.0260142 -0.0356014
0 -0.0132334 -0.0259309 -0.0354719
0 -0.0132147 -0.0258871 -0.0354324
0 -0.0132183 -0.0258993 -0.0354879
0 -0.0132551 -0.0259879 -0.035643
0 -0.0133368 -0.0261728 -0.035906
0 -0.0134725 -0.0264685 -0.0362895
0 -0.0136652 -0.0268815 -0.0368093
0 -0.0139097 -0.0274098 -0.0374802
0 -0.0141926 -0.0280411 -0.0383094
0 -0.014494 -0.0287518 -0.0392896
0 -0.0147947 -0.0295109 -0.0403974
0 -0.0150835 -0.0302891 -0.0415969
0 -0.0153602 -0.031067 -0.0428458
0 -0.0156319 -0.0318351 -0.0440977
0 -0.0159095 -0.0325913 -0.0453093
0 -0.0161991 -0.0333313 -0.0464421
0 -0.0164942 -0.0340415 -0.0474639
0 -0.0167798 -0.0347 -0.0483547
0 -0.0170384 -0.0352807 -0.0491073
0 -0.0172538 -0.0357593 -0.0497225
0 -0.0174122 -0.036117 -0.0502019
0 -0.0175046 -0.0363431 -0.0505416
0 -0.0175287 -0.0364353 -0.0507314
0 -0.017489 -0.0363957 -0.0507555
0 -0.0173944 -0.0362275 -0.0505958
0 -0.0172583 -0.0359391 -0.0502409
0 -0.0170909 -0.0355413 -0.0496887
0 -0.0168917 -0.035041 -0.0489442
0 -0.0166549 -0.03444 -0.0480213
0 -0.0163754 -0.0337372 -0.0469425
0 -0.0160509 -0.0329318 -0.0457331
0 -0.0156828 -0.0320293 -0.0444176
0 -0.0152779 -0.0310457 -0.0430184
0 -0.0148505 -0.0300098 -0.0415597
0 -0.0144228 -0.0289612 -0.0400724
0 -0.0140184 -0.0279432 -0.0385946
0 -0.0136534 -0.0269943 -0.0371686
0 -0.0133339 -0.0261421 -0.0358389
0 -0.0130577 -0.0254022 -0.0346506
0 -0.0128196 -0.0247787 -0.0336442
0 -0.0126154 -0.0242675 -0.0328495
0 -0.012445 -0.0238665 -0.0322826
0 -0.0123148 -0.0235834 -0.0319466
0 -0.0122336 -0.0234326 -0.0318317
0 -0.0122107 -0.0234271 -0.0319186
0 -0.0122544 -0.0235724 -0.032186
0 -0.0123686 -0.0238641 -0.0326155
0 -0.0125487 -0.0242885 -0.0331927
0 -0.0127769 -0.0248198 -0.0339011
0 -0.013026 -0.0254188 -0.0347164
0 -0.0132702 -0.02604 -0.0356069
0 -0.0134897 -0.0266393 -0.0365313
0 -0.0136679 -0.0271771 -0.0374338
0 -0.0137963 -0.0276251 -0.0382517
0 -0.013879 -0.027969 -0.0389261
0 -0.0139294 -0.0282048 -0.0394101
0 -0.0139624 -0.0283361 -0.0396749
0 -0.0139869 -0.0283716 -0.039713
0 -0.0140023 -0.0283213 -0.0395397
0 -0.0139986 -0.0281907 -0.0391878
0 -0.0139622 -0.0279786 -0.0387013
0 -0.0138793 -0.0276794 -0.0381242
0 -0.0137382 -0.0272875 -0.0374894
0 -0.0135381 -0.0268075 -0.0368181
0 -0.0132918 -0.0262581 -0.0361202
0 -0.0130228 -0.0256682 -0.0353975
0 -0.0127602 -0.0250744 -0.0346519
0 -0.0125297 -0.0245139 -0.0338923
0 -0.0123434 -0.0240152 -0.0331361
0 -0.0121997 -0.0235932 -0.0324108
0 -0.0120943 -0.0232538 -0.0317585
0 -0.0120245 -0.0229989 -0.0312302
0 -0.0119876 -0.0228322 -0.0308744
0 -0.011984 -0.0227677 -0.0307309
0 -0.0120193 -0.022829 -0.0308263
0 -0.0121046 -0.0230423 -0.0311731
0 -0.0122567 -0.0234301 -0.0317744
0 -0.0124906 -0.0240064 -0.032626
0 -0.0128121 -0.0247734 -0.0337185
0 -0.0132151 -0.0257204 -0.0350385
0 -0.0136835 -0.0268227 -0.0365677
0 -0.0141945 -0.0280423 -0.0382794
0 -0.0147237 -0.0293354 -0.0401375
0 -0.0152498 -0.0306612 -0.0420965
0 -0.015756 -0.0319828 -0.0441012
0 -0.0162334 -0.0332651 -0.0460878
0 -0.0166814 -0.0344737 -0.0479864
0 -0.0171044 -0.0355814 -0.049728
0 -0.0175031 -0.0365734 -0.0512546
0 -0.0178703 -0.0374417 -0.0525251
0 -0.0181929 -0.0381741 -0.053519
0 -0.0184558 -0.0387485 -0.0542346
0 -0.0186439 -0.0391383 -0.0546825
0 -0.0187411 -0.0393212 -0.054875
0 -0.0187279 -0.0392804 -0.0548128
0 -0.0185927 -0.039007 -0.0544846
0 -0.0183444 -0.0385037 -0.0538762
0 -0.0180057 -0.0377837 -0.0529732
0 -0.0176007 -0.0368688 -0.0517665
0 -0.0171482 -0.0357893 -0.0502611
0 -0.0166611 -0.0345791 -0.0484843
0 -0.0161475 -0.0332688 -0.0464858
0 -0.0156135 -0.0318835 -0.0443332
0 -0.0150671 -0.0304481 -0.0421048
0 -0.014517 -0.028993 -0.0398789
0 -0.0139655 -0.0275542 -0.0377227
0 -0.0134121 -0.0261702 -0.0356894
0 -0.0128653 -0.0248739 -0.0338215
0 -0.0123472 -0.0236886 -0.0321519
0 -0.0118856 -0.0226336 -0.0307027
0 -0.0115002 -0.0217328 -0.0294853
0 -0.0111994 -0.0210141 -0.0285053
0 -0.0109903 -0.0205054 -0.0277743
0 -0.0108845 -0.0202277 -0.0273161
0 -0.0108892 -0.0201879 -0.0271586
0 -0.0109995 -0.020382 -0.0273264
0 -0.0111981 -0.0207984 -0.0278334
0 -0.0114636 -0.0214183 -0.0286775
0 -0.0117807 -0.0222164 -0.0298381
0 -0.012141 -0.0231614 -0.0312737
0 -0.0125404 -0.0242208 -0.0329247
0 -0.0129757 -0.0253666 -0.0347214
0 -0.0134417 -0.0265757 -0.0365939
0 -0.0139309 -0.0278264 -0.0384802
0 -0.0144352 -0.0290939 -0.0403315
0 -0.0149435 -0.0303452 -0.0421103
0 -0.01544 -0.0315406 -0.043787
0 -0.015905 -0.0326418 -0.0453361
0 -0.0163162 -0.0336163 -0.0467321
0 -0.0166551 -0.0344405 -0.0479468
0 -0.0169138 -0.0350992 -0.0489529
0 -0.0170946 -0.0355838 -0.0497245
0 -0.0172035 -0.0358903 -0.0502374
0 -0.0172466 -0.03602 -0.050474
0 -0.0172287 -0.0359789 -0.0504277
0 -0.017151 -0.0357732 -0.0501037
0 -0.0170125 -0.0354069 -0.0495187
0 -0.016813 -0.0348853 -0.0487001
0 -0.0165543 -0.0342193 -0.0476825
0 -0.0162407 -0.0334266 -0.0465018
0 -0.0158784 -0.032529 -0.0451916
0 -0.015478 -0.0315514 -0.0437824
0 -0.015055 -0.0305208 -0.0423042
0 -0.0146255 -0.029465 -0.0407864
0 -0.0142025 -0.0284113 -0.0392581
0 -0.0137953 -0.0273851 -0.0377498
0 -0.0134116 -0.0264105 -0.036296
0 -0.0130577 -0.0255092 -0.0349342
0 -0.0127382 -0.0246986 -0.0337021
0 -0.0124578 -0.0239932 -0.0326347
0 -0.0122225 -0.0234066 -0.031762
0 -0.0120389 -0.0229537 -0.0311068
0 -0.0119131 -0.0226493 -0.0306831
0 -0.0118494 -0.0225041 -0.0304953
0 -0.0118509 -0.022522 -0.0305405
0 -0.0119195 -0.0227006 -0.0308103
0 -0.0120535 -0.0230321 -0.0312921
0 -0.0122462 -0.0235029 -0.0319686
0 -0.012487 -0.0240941 -0.0328181
0 -0.0127649 -0.0247834 -0.0338154
0 -0.01307 -0.0255464 -0.0349323
0 -0.013393 -0.0263589 -0.0361368
0 -0.0137246 -0.0271988 -0.0373941
0 -0.0140564 -0.0280466 -0.0386681
0 -0.0143817 -0.028884 -0.0399235
0 -0.014696 -0.0296928 -0.041128
0 -0.0149956 -0.0304549 -0.0422534
0 -0.0152757 -0.0311527 -0.0432755
0 -0.0155294 -0.0317711 -0.0441736
0 -0.0157486 -0.0322976 -0.0449317
0 -0.0159262 -0.0327223 -0.0455382
0 -0.0160576 -0.0330379 -0.0459866
0 -0.0161408 -0.0332391 -0.0462735
0 -0.0161751 -0.0333232 -0.0463975
0 -0.0161613 -0.0332917 -0.0463593
0 -0.0161022 -0.0331502 -0.0461627
0 -0.0160021 -0.032907 -0.0458147
0 -0.0158669 -0.0325727 -0.0453268
0 -0.0157028 -0.0321595 -0.044715
0 -0.0155154 -0.031681 -0.0439991
0 -0.0153094 -0.0311509 -0.043202
0 -0.0150889 -0.0305825 -0.0423476
0 -0.0148582 -0.0299895 -0.0414604
0 -0.014622 -0.0293858 -0.0405641
0 -0.014385 -0.0287858 -0.0396808
0 -0.0141525 -0.0282041 -0.0388306
0 -0.0139303 -0.0276546 -0.0380315
0 -0.0137253 -0.0271502 -0.0372998
0 -0.0135445 -0.0267034 -0.0366506
0 -0.0133929 -0.0263251 -0.0360972
0 -0.0132736 -0.0260242 -0.0356508
0 -0.0131881 -0.0258067 -0.035321
0 -0.0131373 -0.0256753 -0.0351157
0 -0.013121 -0.0256301 -0.0350393
0 -0.0131377 -0.025669 -0.0350922
0 -0.0131856 -0.0257887 -0.0352708
0 -0.0132621 -0.0259844 -0.0355666
0 -0.013365 -0.0262494 -0.0359679
0 -0.0134918 -0.0265755 -0.0364598
0 -0.0136397 -0.0269531 -0.0370259
0 -0.0138046 -0.0273716 -0.0376485
0 -0.0139819 -0.0278198 -0.0383099
0 -0.0141668 -0.0282854 -0.0389927
0 -0.0143543 -0.028756 -0.0396804
0 -0.0145391 -0.0292192 -0.0403573
0 -0.0147158 -0.0296632 -0.041008
0 -0.0148794 -0.0300771 -0.0416178
0 -0.015026 -0.0304511 -0.0421723
0 -0.0151526 -0.0307766 -0.0426587
0 -0.0152571 -0.0310466 -0.0430652
0 -0.015338 -0.0312558 -0.0433819
0 -0.0153943 -0.0314005 -0.0436009
0 -0.0154253 -0.0314788 -0.0437179
0 -0.0154305 -0.0314901 -0.0437318
0 -0.0154103 -0.0314353 -0.0436448
0 -0.015365 -0.0313166 -0.0434625
0 -0.015296 -0.031138 -0.0431927
0 -0.0152052 -0.0309049 -0.0428451
0 -0.015095 -0.0306247 -0.0424307
0 -0.0149689 -0.0303056 -0.0419614
0 -0.0148307 -0.0299571 -0.0414496
0 -0.0146848 -0.0295888 -0.0409086
0 -0.0145354 -0.0292106 -0.040352
0 -0.0143868 -0.0288326 -0.0397937
0 -0.0142423 -0.0284643 -0.0392476
0 -0.0141052 -0.0281147 -0.0387275
0 -0.0139784 -0.0277918 -0.0382465
0 -0.0138645 -0.0275027 -0.0378164
0 -0.013766 -0.0272538 -0.0374476
0 -0.0136852 -0.0270504 -0.0371485
0 -0.0136237 -0.026897 -0.0369248
0 -0.013583 -0.0267968 -0.0367804
0 -0.0135641 -0.0267517 -0.0367166
0 -0.0135675 -0.0267619 -0.0367333
0 -0.013593 -0.026826 -0.0368282
0 -0.0136393 -0.0269414 -0.0369972
0 -0.0137045 -0.027104 -0.037235
0 -0.0137862 -0.0273086 -0.0375344
0 -0.0138817 -0.0275489 -0.0378872
0 -0.0139881 -0.0278177 -0.0382836
0 -0.0141026 -0.0281078 -0.038713
0 -0.0142222 -0.0284116 -0.0391637
0 -0.014344 -0.0287214 -0.0396237
0 -0.0144649 -0.0290297 -0.0400809
0 -0.0145822 -0.0293288 -0.0405238
0 -0.0146931 -0.0296114 -0.0409415
0 -0.014795 -0.0298706 -0.041324
0 -0.0148857 -0.0301002 -0.0416626
0 -0.0149627 -0.0302948 -0.0419496
0 -0.0150242 -0.0304502 -0.042179
0 -0.0150686 -0.0305633 -0.0423461
0 -0.0150953 -0.0306317 -0.042448
0 -0.0151039 -0.0306548 -0.0424832
0 -0.0150948 -0.0306327 -0.0424519
0 -0.0150685 -0.0305667 -0.0423557
