0 -0.0124506 -0.0254016 -0.0354491
0 -0.0124059 -0.0252868 -0.0352782
0 -0.0123616 -0.0251721 -0.0351073
0 -0.0123176 -0.0250583 -0.0349375
0 -0.0122743 -0.0249461 -0.0347699
0 -0.0122318 -0.0248361 -0.0346055
0 -0.0121901 -0.024729 -0.0344455
0 -0.0121495 -0.0246254 -0.0342908
0 -0.0121104 -0.0245258 -0.0341425
0 -0.0120728 -0.0244307 -0.0340015
0 -0.0120372 -0.0243405 -0.0338686
0 -0.0120037 -0.0242558 -0.0337445
0 -0.0119725 -0.024177 -0.0336299
0 -0.0119438 -0.0241047 -0.0335254
0 -0.0119178 -0.0240392 -0.0334314
0 -0.0118945 -0.0239809 -0.0333481
0 -0.0118741 -0.0239303 -0.033276
0 -0.0118567 -0.0238876 -0.0332153
0 -0.0118425 -0.0238531 -0.0331661
0 -0.0118316 -0.0238268 -0.0331287
0 -0.0118242 -0.0238089 -0.033103
0 -0.0118203 -0.0237994 -0.0330892
0 -0.0118199 -0.0237983 -0.0330873
0 -0.0118231 -0.0238055 -0.0330972
0 -0.0118296 -0.0238208 -0.0331186
0 -0.0118393 -0.0238441 -0.0331514
0 -0.0118519 -0.023875 -0.0331951
0 -0.0118671 -0.023913 -0.0332494
0 -0.0118848 -0.0239577 -0.0333138
0 -0.0119049 -0.0240089 -0.0333879
0 -0.0119275 -0.0240662 -0.0334714
0 -0.0119523 -0.0241291 -0.0335637
0 -0.011979 -0.0241971 -0.0336641
0 -0.0120076 -0.0242698 -0.0337717
0 -0.0120377 -0.0243467 -0.0338858
0 -0.0120692 -0.0244274 -0.0340057
0 -0.012102 -0.0245115 -0.0341307
0 -0.0121361 -0.0245985 -0.0342598
0 -0.012171 -0.0246878 -0.0343922
0 -0.0122065 -0.0247787 -0.0345269
0 -0.0122427 -0.0248709 -0.0346632
0 -0.0122794 -0.0249639 -0.0348004
0 -0.0123166 -0.0250574 -0.0349378
0 -0.012354 -0.0251507 -0.0350746
0 -0.0123912 -0.0252433 -0.03521
0 -0.0124281 -0.0253348 -0.0353433
0 -0.0124646 -0.0254252 -0.0354743
0 -0.0125005 -0.0255136 -0.035602
0 -0.0125346 -0.0255989 -0.0357254
0 -0.0125662 -0.0256797 -0.0358429
0 -0.0125943 -0.0257546 -0.0359532
0 -0.0126187 -0.0258223 -0.0360552
0 -0.0126391 -0.0258818 -0.0361477
0 -0.0126557 -0.0259322 -0.0362297
0 -0.0126685 -0.025973 -0.0363003
0 -0.0126776 -0.0260039 -0.0363581
0 -0.0126828 -0.0260245 -0.0364021
0 -0.0126847 -0.0260357 -0.0364319
0 -0.012685 -0.0260394 -0.0364483
0 -0.0126855 -0.0260381 -0.0364529
0 -0.0126872 -0.026034 -0.036447
0 -0.0126901 -0.0260284 -0.0364315
0 -0.0126937 -0.0260219 -0.0364072
0 -0.0126972 -0.0260147 -0.0363753
0 -0.0127003 -0.0260068 -0.0363373
0 -0.0127025 -0.0259975 -0.0362948
0 -0.0127032 -0.0259859 -0.0362492
0 -0.0127018 -0.025971 -0.0362019
0 -0.0126979 -0.0259517 -0.036154
0 -0.0126915 -0.0259281 -0.0361067
0 -0.0126835 -0.0259012 -0.036062
0 -0.0126745 -0.0258724 -0.0360211
0 -0.0126647 -0.0258432 -0.0359847
0 -0.0126538 -0.0258143 -0.0359525
0 -0.0126416 -0.0257867 -0.0359242
0 -0.0126277 -0.0257604 -0.0358986
0 -0.0126098 -0.0257327 -0.0358725
0 -0.0125842 -0.0256982 -0.03584
0 -0.0125477 -0.0256509 -0.0357955
0 -0.0125018 -0.0255879 -0.0357363
0 -0.0124527 -0.0255118 -0.0356646
0 -0.0124081 -0.0254282 -0.0355844
0 -0.0123708 -0.025341 -0.0354965
0 -0.0123367 -0.0252492 -0.0353956
0 -0.0122985 -0.0251495 -0.0352749
0 -0.0122539 -0.0250419 -0.0351318
0 -0.0122083 -0.0249326 -0.0349722
0 -0.0121712 -0.0248309 -0.0348062
0 -0.0121486 -0.0247437 -0.0346427
0 -0.0121405 -0.0246728 -0.0344859
0 -0.0121434 -0.0246174 -0.0343383
0 -0.0121527 -0.024576 -0.0342022
0 -0.0121629 -0.0245448 -0.0340786
0 -0.0121657 -0.0245158 -0.0339649
0 -0.0121526 -0.0244784 -0.0338567
0 -0.0121218 -0.0244264 -0.0337532
0 -0.0120823 -0.0243634 -0.0336624
0 -0.0120499 -0.0243023 -0.033598
0 -0.012036 -0.024256 -0.03357
0 -0.0120405 -0.0242309 -0.0335786
0 -0.0120552 -0.0242273 -0.0336161
0 -0.0120713 -0.0242444 -0.0336747
0 -0.0120843 -0.0242816 -0.0337494
0 -0.012093 -0.0243369 -0.0338372
0 -0.0120967 -0.0244043 -0.0339342
0 -0.0120951 -0.0244742 -0.0340354
0 -0.0120883 -0.0245366 -0.0341354
0 -0.0120768 -0.0245822 -0.0342287
0 -0.0120597 -0.0246031 -0.0343084
0 -0.0120337 -0.0245923 -0.0343648
0 -0.011993 -0.0245431 -0.0343863
0 -0.0119344 -0.0244534 -0.034363
0 -0.0118627 -0.0243294 -0.0342929
0 -0.0117901 -0.0241862 -0.0341821
0 -0.011727 -0.0240385 -0.0340375
0 -0.0116751 -0.0238935 -0.0338597
0 -0.0116296 -0.0237512 -0.0336458
0 -0.0115876 -0.0236119 -0.0333968
0 -0.0115517 -0.0234788 -0.0331209
0 -0.0115272 -0.0233566 -0.0328307
0 -0.011517 -0.0232479 -0.0325385
0 -0.0115196 -0.0231522 -0.0322541
0 -0.0115283 -0.0230652 -0.0319829
0 -0.0115336 -0.02298 -0.0317275
0 -0.0115285 -0.0228918 -0.0314911
0 -0.011512 -0.0228012 -0.0312813
0 -0.0114886 -0.0227131 -0.0311078
0 -0.0114601 -0.0226304 -0.0309757
0 -0.0114237 -0.0225509 -0.0308827
0 -0.011377 -0.0224722 -0.0308239
0 -0.0113232 -0.0223967 -0.0307969
0 -0.0112665 -0.0223271 -0.0307988
0 -0.0112057 -0.0222602 -0.0308192
0 -0.0111343 -0.0221865 -0.0308412
0 -0.0110478 -0.0220966 -0.0308482
0 -0.0109467 -0.0219845 -0.0308275
0 -0.0108322 -0.0218441 -0.0307663
0 -0.0107023 -0.0216649 -0.0306483
0 -0.0105535 -0.0214354 -0.0304558
0 -0.0103877 -0.0211501 -0.0301772
0 -0.0102144 -0.0208134 -0.0298103
0 -0.0100457 -0.0204366 -0.0293591
0 -0.00988985 -0.0200325 -0.0288291
0 -0.00974963 -0.0196125 -0.0282257
0 -0.00962471 -0.0191876 -0.0275569
0 -0.00951633 -0.018771 -0.0268373
0 -0.0094312 -0.018382 -0.0260924
0 -0.009381 -0.0180459 -0.0253586
0 -0.00937546 -0.0177873 -0.024676
0 -0.00941185 -0.0176181 -0.0240764
0 -0.00946975 -0.0175286 -0.0235744
0 -0.00952006 -0.0174919 -0.0231715
0 -0.009542 -0.0174791 -0.0228691
0 -0.00953184 -0.0174703 -0.0226747
0 -0.00949614 -0.0174535 -0.022596
0 -0.00943849 -0.0174174 -0.0226289
0 -0.00935413 -0.0173489 -0.0227527
0 -0.00923675 -0.0172395 -0.0229379
0 -0.00908848 -0.0170922 -0.023156
0 -0.00892077 -0.0169208 -0.023383
0 -0.00874521 -0.0167386 -0.0235924
0 -0.00856548 -0.016549 -0.0237509
0 -0.00838051 -0.0163464 -0.0238226
0 -0.00819685 -0.016129 -0.0237837
0 -0.00803735 -0.0159084 -0.0236336
0 -0.00793511 -0.01571 -0.0233924
0 -0.00791818 -0.0155626 -0.0230902
0 -0.00799818 -0.0154915 -0.0227578
0 -0.00816889 -0.0155162 -0.0224253
0 -0.00841219 -0.0156512 -0.0221252
0 -0.00870676 -0.0159064 -0.0218959
0 -0.00903586 -0.0162855 -0.0217816
0 -0.00939097 -0.0167874 -0.0218308
0 -0.00977089 -0.0174076 -0.0220918
0 -0.0101783 -0.0181411 -0.0226097
0 -0.0106153 -0.0189841 -0.0234202
0 -0.0110802 -0.0199338 -0.0245452
0 -0.0115663 -0.020989 -0.0259901
0 -0.0120639 -0.0221488 -0.027744
0 -0.0125635 -0.0234111 -0.0297827
0 -0.0130605 -0.0247722 -0.0320725
0 -0.0135575 -0.0262274 -0.0345761
0 -0.0140651 -0.0277732 -0.0372572
0 -0.0145972 -0.0294079 -0.0400821
0 -0.0151637 -0.0311256 -0.0430148
0 -0.0157661 -0.0329084 -0.0460102
0 -0.0163973 -0.034727 -0.0490138
0 -0.0170472 -0.0365479 -0.0519704
0 -0.0177075 -0.0383404 -0.0548324
0 -0.0183731 -0.0400798 -0.0575621
0 -0.019038 -0.0417452 -0.0601278
0 -0.0196914 -0.0433173 -0.0625009
0 -0.020318 -0.044777 -0.0646547
0 -0.0209002 -0.0461038 -0.066566
0 -0.0214192 -0.0472749 -0.0682136
0 -0.0218572 -0.048266 -0.0695791
0 -0.0222048 -0.0490591 -0.0706531
0 -0.0224708 -0.0496548 -0.0714451
0 -0.0226811 -0.0500755 -0.0719843
0 -0.0228643 -0.0503564 -0.0723075
0 -0.023034 -0.0505287 -0.0724433
0 -0.0231759 -0.0506027 -0.0723989
0 -0.0232521 -0.050563 -0.072161
0 -0.0232202 -0.0503785 -0.0717097
0 -0.0230571 -0.0500189 -0.0710358
0 -0.0227743 -0.0494722 -0.0701537
0 -0.0224141 -0.0487526 -0.0691002
0 -0.0220302 -0.0478967 -0.067923
0 -0.0216639 -0.0469529 -0.066664
0 -0.0213277 -0.0459655 -0.0653457
0 -0.0210045 -0.0449644 -0.0639691
0 -0.0206648 -0.0439648 -0.0625262
0 -0.020289 -0.0429736 -0.0610167
0 -0.0198787 -0.041995 -0.0594557
0 -0.0194542 -0.0410315 -0.0578725
0 -0.0190417 -0.0400842 -0.0563005
0 -0.0186583 -0.0391494 -0.0547659
0 -0.0183026 -0.0382181 -0.0532796
0 -0.0179566 -0.0372778 -0.051838
0 -0.0175951 -0.036317 -0.050429
0 -0.0171971 -0.0353279 -0.0490391
0 -0.0167528 -0.0343083 -0.0476585
0 -0.016267 -0.0332628 -0.0462848
0 -0.015758 -0.032204 -0.0449238
0 -0.0152466 -0.0311449 -0.0435812
0 -0.0147374 -0.030084 -0.0422469
0 -0.0142132 -0.0289986 -0.0408888
0 -0.013655 -0.0278628 -0.0394722
0 -0.0130687 -0.0266727 -0.0379855
0 -0.0124882 -0.0254539 -0.036446
0 -0.0119523 -0.0242444 -0.0348808
0 -0.0114783 -0.0230714 -0.033304
0 -0.0110492 -0.0219359 -0.0317037
0 -0.0106245 -0.0208163 -0.0300499
0 -0.010168 -0.019688 -0.0283196
0 -0.00967526 -0.0185446 -0.0265193
0 -0.00917187 -0.0173987 -0.0246836
0 -0.00868581 -0.0162627 -0.0228502
0 -0.00822484 -0.0151349 -0.0210396
0 -0.00777792 -0.0140042 -0.0192565
0 -0.00732943 -0.0128629 -0.0175021
0 -0.00686903 -0.0117128 -0.0157812
0 -0.00639353 -0.0105632 -0.0141026
0 -0.00590444 -0.00942588 -0.0124757
0 -0.00540378 -0.00830893 -0.0109063
0 -0.00489075 -0.00721259 -0.00939307
0 -0.00436365 -0.00613117 -0.00792934
0 -0.00382791 -0.00506238 -0.00651228
0 -0.00330324 -0.00401788 -0.00515144
0 -0.00282385 -0.00302853 -0.0038722
0 -0.00243086 -0.00214184 -0.00271177
0 -0.00215752 -0.00140971 -0.00170757
0 -0.00201676 -0.000873943 -0.000885897
0 -0.00200245 -0.00056176 -0.00026265
0 -0.00210034 -0.000489688 0.000147158
0 -0.00229483 -0.00066331 0.000325155
0 -0.00256729 -0.00107041 0.000254867
0 -0.00289449 -0.00167813 -7.3279e-05
0 -0.00325361 -0.00244043 -0.000663742
0 -0.0036301 -0.00331222 -0.0015209
0 -0.00402281 -0.00426347 -0.00265256
0 -0.00444147 -0.00528532 -0.00406812
0 -0.00489515 -0.00638414 -0.0057689
0 -0.00538026 -0.00756862 -0.00773699
0 -0.00588028 -0.00884169 -0.00993393
0 -0.00637972 -0.0102035 -0.0123132
0 -0.00687945 -0.0116581 -0.0148355
0 -0.00739763 -0.0132123 -0.0174727
0 -0.0079548 -0.0148643 -0.0201979
0 -0.00855739 -0.0165938 -0.022974
0 -0.00919324 -0.0183662 -0.0257541
0 -0.00984153 -0.0201439 -0.0284907
0 -0.0104863 -0.0218921 -0.0311442
0 -0.0111212 -0.0235804 -0.0336844
0 -0.011746 -0.0251866 -0.0360904
0 -0.0123651 -0.0267031 -0.0383518
0 -0.0129849 -0.0281361 -0.040468
0 -0.0136094 -0.0294988 -0.0424424
0 -0.0142361 -0.0308049 -0.0442789
0 -0.0148599 -0.0320685 -0.0459845
0 -0.0154805 -0.0333061 -0.0475749
0 -0.0161052 -0.0345364 -0.0490767
0 -0.016743 -0.0357745 -0.0505213
0 -0.0173984 -0.0370265 -0.0519379
0 -0.0180652 -0.0382867 -0.0533473
0 -0.0187227 -0.0395343 -0.0547554
0 -0.0193368 -0.0407327 -0.056151
0 -0.0198685 -0.0418361 -0.0575103
0 -0.0202845 -0.0427982 -0.0588045
0 -0.020564 -0.0435794 -0.0600038
0 -0.0207025 -0.0441538 -0.0610824
0 -0.0207154 -0.044517 -0.0620228
0 -0.0206351 -0.044687 -0.062816
0 -0.0205004 -0.0446988 -0.063456
0 -0.0203478 -0.0445975 -0.0639367
0 -0.0202033 -0.0444289 -0.0642487
0 -0.0200695 -0.0442203 -0.0643685
0 -0.0199211 -0.0439643 -0.0642523
0 -0.0197214 -0.0436247 -0.0638497
0 -0.0194498 -0.0431585 -0.0631286
0 -0.0191118 -0.0425319 -0.0620858
0 -0.0187313 -0.0417273 -0.0607433
0 -0.0183378 -0.040748 -0.0591393
0 -0.017955 -0.0396184 -0.0573202
0 -0.0175935 -0.03838 -0.0553345
0 -0.0172505 -0.0370829 -0.0532294
0 -0.0169155 -0.0357778 -0.0510515
0 -0.0165758 -0.0345073 -0.0488464
0 -0.0162227 -0.0332985 -0.0466583
0 -0.0158562 -0.0321623 -0.0445301
0 -0.0154836 -0.0310959 -0.0425022
0 -0.0151104 -0.0300848 -0.0406061
0 -0.014732 -0.0291032 -0.0388574
0 -0.0143338 -0.0281193 -0.0372547
0 -0.0139026 -0.027111 -0.0357905
0 -0.0134426 -0.0260824 -0.0344664
0 -0.0129751 -0.0250647 -0.0332941
0 -0.012525 -0.0241002 -0.0322839
0 -0.0121066 -0.0232234 -0.0314322
0 -0.0117164 -0.0224473 -0.0307148
0 -0.0113368 -0.0217604 -0.0300898
0 -0.0109507 -0.0211361 -0.0295114
0 -0.0105549 -0.020547 -0.0289429
0 -0.0101622 -0.0199733 -0.0283623
0 -0.0097978 -0.0194089 -0.0277635
0 -0.0094939 -0.0188657 -0.0271555
0 -0.00928036 -0.01837 -0.026557
0 -0.00917543 -0.017956 -0.0259894
0 -0.00918166 -0.01766 -0.0254737
0 -0.00928707 -0.017515 -0.0250321
0 -0.00946744 -0.017541 -0.0246856
0 -0.0096918 -0.017735 -0.0244513
0 -0.00993651 -0.0180776 -0.0243499
0 -0.0101997 -0.0185493 -0.0244164
0 -0.0104999 -0.01914 -0.0247004
0 -0.0108571 -0.0198444 -0.0252493
0 -0.0112677 -0.0206474 -0.0260841
0 -0.0116921 -0.0215125 -0.027184
0 -0.0120692 -0.0223876 -0.0284933
0 -0.0123498 -0.0232245 -0.0299479
0 -0.0125234 -0.0239989 -0.031499
0 -0.0126219 -0.0247178 -0.033122
0 -0.0126972 -0.0254096 -0.0348043
0 -0.0127879 -0.0260996 -0.0365226
0 -0.0129027 -0.0267913 -0.0382277
0 -0.0130274 -0.0274674 -0.0398505
0 -0.0131437 -0.0281038 -0.041321
0 -0.0132434 -0.02868 -0.0425833
0 -0.0133377 -0.0291885 -0.0436085
0 -0.0134615 -0.0296455 -0.0444023
0 -0.0136626 -0.0300903 -0.0450028
0 -0.0139764 -0.0305687 -0.0454603
0 -0.0143982 -0.0311061 -0.0458106
0 -0.0148759 -0.0316895 -0.046061
0 -0.0153338 -0.0322746 -0.0462018
0 -0.0157053 -0.0328049 -0.046228
0 -0.0159541 -0.0332262 -0.0461516
0 -0.0160759 -0.0334956 -0.0459994
0 -0.0160926 -0.0335906 -0.0458079
0 -0.01604 -0.0335155 -0.0456163
0 -0.0159519 -0.0332995 -0.0454558
0 -0.0158488 -0.0329884 -0.045342
0 -0.0157339 -0.0326328 -0.0452719
0 -0.015596 -0.0322746 -0.0452244
0 -0.0154182 -0.0319372 -0.0451662
0 -0.0151869 -0.0316203 -0.0450583
0 -0.0148962 -0.0312995 -0.0448606
0 -0.0145495 -0.0309315 -0.0445351
0 -0.0141625 -0.0304706 -0.0440528
0 -0.0137679 -0.0298921 -0.0434055
0 -0.0134105 -0.029208 -0.0426098
0 -0.0131269 -0.0284588 -0.0416926
0 -0.0129249 -0.0276926 -0.0406737
0 -0.01278 -0.026946 -0.0395584
0 -0.0126504 -0.0262361 -0.0383447
0 -0.0124981 -0.0255619 -0.0370348
0 -0.0123047 -0.0249112 -0.0356454
0 -0.0120767 -0.0242712 -0.0342121
0 -0.0118401 -0.0236356 -0.0327854
0 -0.011626 -0.0230056 -0.0314203
0 -0.0114571 -0.0223893 -0.0301666
0 -0.0113394 -0.0218025 -0.0290628
0 -0.01126 -0.0212661 -0.028132
0 -0.011196 -0.0208024 -0.0273851
0 -0.011131 -0.0204366 -0.0268321
0 -0.0110675 -0.0201984 -0.0264902
0 -0.0110255 -0.0201165 -0.0263829
0 -0.0110286 -0.0202082 -0.0265284
0 -0.0110884 -0.0204693 -0.0269274
0 -0.0112016 -0.0208769 -0.0275619
0 -0.0113591 -0.0214023 -0.028405
0 -0.0115538 -0.022021 -0.0294293
0 -0.0117754 -0.0227088 -0.0306017
0 -0.0120018 -0.0234324 -0.0318749
0 -0.0122059 -0.0241532 -0.0331929
0 -0.0123743 -0.0248445 -0.0345108
0 -0.01252 -0.0255047 -0.0358082
0 -0.0126735 -0.0261505 -0.0370817
0 -0.0128612 -0.026799 -0.038327
0 -0.013092 -0.0274581 -0.0395293
0 -0.0133575 -0.0281262 -0.0406649
0 -0.0136407 -0.028795 -0.0417093
0 -0.0139253 -0.0294541 -0.0426447
0 -0.014202 -0.0300932 -0.0434641
0 -0.0144726 -0.0307062 -0.0441748
0 -0.0147533 -0.0313001 -0.0448025
0 -0.0150729 -0.031899 -0.0453922
0 -0.0154583 -0.032538 -0.0459966
0 -0.0159178 -0.0332478 -0.04666
0 -0.0164329 -0.0340419 -0.047408
0 -0.0169629 -0.0349103 -0.048245
0 -0.0174547 -0.0358158 -0.0491559
0 -0.0178486 -0.036692 -0.0501046
0 -0.0180881 -0.0374491 -0.0510374
0 -0.0181485 -0.0380058 -0.0519071
0 -0.0180622 -0.0383294 -0.0527007
0 -0.0179094 -0.0384505 -0.0534401
0 -0.0177758 -0.0384434 -0.0541536
0 -0.017711 -0.0383906 -0.0548445
0 -0.0177068 -0.0383486 -0.0554746
0 -0.0177037 -0.0383246 -0.0559649
0 -0.0176259 -0.03828 -0.056221
0 -0.017427 -0.0381561 -0.0561703
0 -0.0171118 -0.0378965 -0.0557831
0 -0.0167184 -0.0374494 -0.0550592
0 -0.0162812 -0.0367629 -0.0540009
0 -0.0158087 -0.0357898 -0.0525983
0 -0.015286 -0.0345033 -0.0508341
0 -0.0146928 -0.0329096 -0.0486986
0 -0.0140222 -0.0310562 -0.0462057
0 -0.0132948 -0.0290302 -0.0434035
0 -0.0125691 -0.0269555 -0.0403851
0 -0.0119449 -0.0249919 -0.0372971
0 -0.0115364 -0.0233104 -0.0343173
0 -0.0113994 -0.0220308 -0.0315903
0 -0.0114648 -0.021156 -0.0291608
0 -0.0115494 -0.020555 -0.0269658
0 -0.011448 -0.0200123 -0.0248943
0 -0.0110443 -0.019319 -0.0228734
0 -0.0103748 -0.018361 -0.0209286
0 -0.00960921 -0.0171618 -0.019184
0 -0.00895486 -0.0158576 -0.0177972
0 -0.00854435 -0.0146283 -0.0168744
0 -0.00838522 -0.0136333 -0.0164273
0 -0.00838356 -0.0129749 -0.0163835
0 -0.00840827 -0.0126898 -0.0166297
0 -0.00836293 -0.0127573 -0.0170617
0 -0.00822808 -0.0131157 -0.0176173
0 -0.00805551 -0.0136777 -0.0182771
0 -0.00793411 -0.0143476 -0.0190471
0 -0.00795257 -0.0150485 -0.0199434
0 -0.00816214 -0.0157408 -0.0209744
0 -0.00853081 -0.016393 -0.0220992
0 -0.00892084 -0.0169353 -0.0231934
0 -0.00914421 -0.0172651 -0.024082
0 -0.00906957 -0.0173006 -0.0246223
0 -0.00869296 -0.0170238 -0.0247628
0 -0.00813186 -0.0164906 -0.0245474
0 -0.00756482 -0.0158089 -0.0240779
0 -0.00715712 -0.0151045 -0.0234651
0 -0.00700763 -0.0144945 -0.0227936
0 -0.00713509 -0.0140744 -0.0221135
0 -0.00749485 -0.0139164 -0.021455
0 -0.00801276 -0.0140724 -0.0208545
0 -0.00862443 -0.0145705 -0.0203751
0 -0.00929955 -0.0154149 -0.0201118
0 -0.0100509 -0.0166021 -0.0201917
0 -0.0109271 -0.0181357 -0.0207684
0 -0.0119708 -0.0200101 -0.0219838
0 -0.0131588 -0.0221735 -0.0239051
0 -0.0143608 -0.0244899 -0.0264732
0 -0.0153508 -0.02673 -0.0294923
0 -0.0158939 -0.0286221 -0.0326899
0 -0.0158612 -0.0299425 -0.0358158
0 -0.0152859 -0.0305863 -0.0387068
0 -0.014341 -0.0305814 -0.0412906
0 -0.0132728 -0.0300644 -0.0435476
0 -0.0123148 -0.0292478 -0.0454638
0 -0.0116181 -0.0283698 -0.0469973
0 -0.01122 -0.0276249 -0.0480642
0 -0.0110599 -0.0271143 -0.0485488
0 -0.0110378 -0.026842 -0.0483435
0 -0.0110812 -0.0267495 -0.0474037
0 -0.0111858 -0.0267581 -0.0457916
0 -0.0114152 -0.0268104 -0.0436815
0 -0.0118696 -0.0269038 -0.0413302
0 -0.0126384 -0.0271014 -0.0390275
0 -0.0137541 -0.0275088 -0.0370451
0 -0.0151595 -0.0282327 -0.0356023
0 -0.0167111 -0.0293461 -0.0348459
0 -0.0182234 -0.0308535 -0.0348467
0 -0.0195146 -0.0326656 -0.0356089
0 -0.0204316 -0.0345974 -0.0370795
0 -0.0208687 -0.0363977 -0.0391555
0 -0.020787 -0.0378085 -0.0416955
0 -0.0202238 -0.0386308 -0.0445353
0 -0.0192801 -0.0387745 -0.0475058
0 -0.0181054 -0.0382864 -0.0504532
0 -0.0168802 -0.0373478 -0.0532501
0 -0.0157789 -0.0362314 -0.0557876
0 -0.0149283 -0.0352231 -0.0579593
0 -0.0143823 -0.034539 -0.0596532
0 -0.0141194 -0.0342719 -0.060752
0 -0.0140658 -0.0343833 -0.0611393
0 -0.0141431 -0.0347381 -0.0607349
0 -0.0143119 -0.0351561 -0.0595412
0 -0.0145681 -0.0354574 -0.0576467
0 -0.0149103 -0.03549 -0.0551933
0 -0.0153078 -0.0351508 -0.0523363
0 -0.0156844 -0.0343998 -0.049207
0 -0.0159253 -0.0332445 -0.0458981
0 -0.0159027 -0.0317036 -0.0424648
0 -0.0155058 -0.0297862 -0.0389321
0 -0.0146756 -0.027501 -0.0353157
0 -0.0134374 -0.0248768 -0.03165
0 -0.0119073 -0.0219792 -0.0280035
0 -0.0102657 -0.0189205 -0.0244722
0 -0.00870615 -0.0158543 -0.0211582
0 -0.00738268 -0.012957 -0.0181453
0 -0.00637642 -0.0104016 -0.0154807
0 -0.00569132 -0.00832659 -0.013171
0 -0.0052759 -0.00681362 -0.011194
0 -0.00505985 -0.00587913 -0.00952227
0 -0.00498825 -0.00548226 -0.00814628
0 -0.00503991 -0.00554384 -0.00708635
0 -0.00522682 -0.00597185 -0.00639288
0 -0.00557404 -0.006682 -0.0061317
0 -0.0060789 -0.00759331 -0.00634757
0 -0.00667736 -0.00861104 -0.00702953
0 -0.00727134 -0.0096477 -0.00812904
0 -0.00780261 -0.0106793 -0.00961946
0 -0.00829172 -0.0117694 -0.011526
0 -0.00880681 -0.0130315 -0.0138972
0 -0.00940187 -0.0145633 -0.0167514
0 -0.010078 -0.0163984 -0.0200428
0 -0.0107852 -0.0184931 -0.0236619
0 -0.0114485 -0.0207362 -0.0274579
0 -0.0119951 -0.0229715 -0.0312635
0 -0.0123743 -0.0250308 -0.0349183
0 -0.0125708 -0.0267662 -0.038285
0 -0.012607 -0.0280725 -0.0412549
0 -0.0125288 -0.0289043 -0.0437457
0 -0.0123945 -0.0292907 -0.045704
0 -0.0122733 -0.0293358 -0.0471114
0 -0.0122395 -0.0291991 -0.047989
0 -0.0123534 -0.0290582 -0.0483874
0 -0.0126462 -0.0290696 -0.0483745
0 -0.0131224 -0.0293428 -0.0480349
0 -0.0137773 -0.0299363 -0.0474814
0 -0.0146133 -0.0308712 -0.0468641
0 -0.0156376 -0.0321426 -0.0463583
0 -0.0168336 -0.0337118 -0.0461282
0 -0.0181348 -0.0354911 -0.0462872
0 -0.0194238 -0.0373446 -0.0468819
0 -0.0205565 -0.0391128 -0.0478989
0 -0.0213959 -0.0406432 -0.0492853
0 -0.0218465 -0.0418173 -0.0509687
0 -0.0218793 -0.0425741 -0.0528754
0 -0.0215427 -0.0429227 -0.0549414
0 -0.0209438 -0.0429313 -0.0571053
0 -0.0202083 -0.0426963 -0.0592891
0 -0.0194437 -0.0423152 -0.0613852
0 -0.0187273 -0.0418789 -0.0632662
0 -0.0181166 -0.0414732 -0.0648117
0 -0.0176649 -0.0411779 -0.0659342
0 -0.01742 -0.0410539 -0.0665891
0 -0.0174054 -0.0411229 -0.0667604
0 -0.0176022 -0.0413517 -0.0664428
0 -0.0179473 -0.0416504 -0.0656408
0 -0.0183508 -0.0418924 -0.0643754
0 -0.0187217 -0.0419479 -0.0626915
0 -0.0189821 -0.0417116 -0.0606539
0 -0.0190685 -0.0411126 -0.0583346
0 -0.0189295 -0.040111 -0.0557977
0 -0.01853 -0.0386935 -0.0530931
0 -0.0178572 -0.0368709 -0.050257
0 -0.0169189 -0.0346719 -0.047309
0 -0.0157378 -0.0321348 -0.044249
0 -0.0143488 -0.029304 -0.0410633
0 -0.0128042 -0.0262331 -0.0377347
0 -0.0111759 -0.0229937 -0.0342547
0 -0.00954831 -0.0196816 -0.0306321
0 -0.00800835 -0.0164127 -0.0268962
0 -0.0066371 -0.0133087 -0.0230926
0 -0.00549499 -0.0104824 -0.0192759
0 -0.0046124 -0.00802363 -0.0155054
0 -0.00399589 -0.00599211 -0.0118485
0 -0.00364048 -0.004419 -0.00838538
0 -0.00353545 -0.00331127 -0.00520833
0 -0.00366287 -0.00265711 -0.00241464
0 -0.00399808 -0.00243541 -0.00010298
0 -0.00451555 -0.00262707 0.00162423
0 -0.0051891 -0.00321595 0.00266572
0 -0.00597764 -0.00417397 0.00294272
0 -0.00681143 -0.00544273 0.00242099
0 -0.00759824 -0.00692927 0.00111709
0 -0.00824739 -0.00852158 -0.000908005
0 -0.00869885 -0.010115 -0.00356309
0 -0.00894164 -0.0116345 -0.006742
0 -0.00901042 -0.013043 -0.0103285
0 -0.00896667 -0.0143364 -0.0141941
0 -0.00887952 -0.0155357 -0.0182028
0 -0.00881474 -0.0166808 -0.0222223
0 -0.00882419 -0.0178214 -0.0261305
0 -0.00893594 -0.0190057 -0.0298112
0 -0.00915979 -0.0202696 -0.0331613
0 -0.00950564 -0.0216361 -0.0361079
0 -0.00999414 -0.0231184 -0.038619
0 -0.0106478 -0.0247155 -0.0406983
0 -0.0114744 -0.0264084 -0.042375
0 -0.0124615 -0.0281647 -0.0437004
0 -0.0135826 -0.0299505 -0.0447514
0 -0.0148025 -0.0317401 -0.0456257
0 -0.0160746 -0.0335177 -0.0464264
0 -0.0173427 -0.0352684 -0.0472502
0 -0.0185493 -0.036972 -0.0481799
0 -0.0196415 -0.0386034 -0.0492803
0 -0.0205702 -0.0401283 -0.0505886
0 -0.0212859 -0.0414988 -0.0521044
0 -0.0217424 -0.0426558 -0.0537891
0 -0.0219137 -0.0435457 -0.0555798
0 -0.0218137 -0.0441405 -0.0574101
0 -0.0214998 -0.0444471 -0.0592188
0 -0.0210553 -0.0445039 -0.0609465
0 -0.0205667 -0.0443724 -0.0625288
0 -0.0201072 -0.044129 -0.0638968
0 -0.0197259 -0.0438516 -0.0649818
0 -0.0194449 -0.0436008 -0.0657189
0 -0.0192609 -0.0434039 -0.0660495
0 -0.0191542 -0.0432514 -0.0659278
0 -0.0191039 -0.043106 -0.0653352
0 -0.0190974 -0.0429165 -0.0642907
0 -0.0191267 -0.042629 -0.062845
0 -0.0191724 -0.0421899 -0.0610618
0 -0.0191893 -0.0415447 -0.0589961
0 -0.0191118 -0.0406448 -0.056688
0 -0.0188822 -0.0394654 -0.0541774
0 -0.0184757 -0.0380174 -0.0515182
0 -0.0179 -0.0363384 -0.0487716
0 -0.0171758 -0.0344718 -0.0459871
0 -0.0163222 -0.0324519 -0.04319
0 -0.0153559 -0.030302 -0.0403844
0 -0.0142956 -0.0280411 -0.0375628
0 -0.0131626 -0.0256873 -0.0347116
0 -0.0119822 -0.0232606 -0.0318156
0 -0.0107862 -0.0207874 -0.0288633
0 -0.00961324 -0.0183038 -0.0258537
0 -0.00850073 -0.0158548 -0.0227954
0 -0.00747356 -0.0134884 -0.0196998
0 -0.00653905 -0.0112433 -0.0165771
0 -0.0056907 -0.00914082 -0.0134385
0 -0.00491627 -0.00718544 -0.0102996
0 -0.00420387 -0.00536744 -0.00718326
0 -0.00354387 -0.00366776 -0.00411801
0 -0.00292838 -0.00206275 -0.00113565
0 -0.00235154 -0.000530815 0.00172993
0 -0.00181213 0.000939163 0.0044412
0 -0.00131416 0.00234287 0.00695696
0 -0.000861761 0.00366334 0.00923742
0 -0.000450998 0.00488055 0.0112537
0 -6.40045e-05 0.00598328 0.0129962
0 0.000327382 0.00697472 0.0144748
0 0.000746626 0.00786626 0.0157067
0 0.001197 0.00866604 0.0167026
0 0.00166043 0.00937497 0.0174641
0 0.00211123 0.00999264 0.0179951
0 0.00252934 0.0105225 0.0183118
0 0.00290064 0.0109672 0.0184411
0 0.00320772 0.0113175 0.0184076
0 0.00342299 0.0115443 0.018223
0 0.00350819 0.0115974 0.017882
0 0.00342029 0.0114124 0.0173615
0 0.00312528 0.0109219 0.0166272
0 0.00261062 0.0100712 0.0156418
0 0.00188587 0.00882769 0.0143684
0 0.000973696 0.00718205 0.0127667
0 -9.86099e-05 0.00514661 0.0107918
0 -0.00130002 0.00275541 0.00840209
0 -0.00259293 6.5437e-05 0.00556983
0 -0.00393398 -0.00284807 0.00228686
0 -0.00527877 -0.00590087 -0.00143422
0 -0.00658974 -0.00901136 -0.00556201
0 -0.00784642 -0.0121179 -0.0100548
0 -0.00905154 -0.0151947 -0.014871
0 -0.0102251 -0.0182514 -0.01997
0 -0.0113905 -0.0213184 -0.0253057
0 -0.0125634 -0.0244307 -0.0308202
0 -0.0137517 -0.0276168 -0.0364481
0 -0.0149619 -0.0308913 -0.0421238
0 -0.0162046 -0.0342528 -0.0477857
0 -0.0174939 -0.0376849 -0.0533787
0 -0.0188427 -0.0411609 -0.0588558
0 -0.0202588 -0.0446477 -0.0641777
0 -0.0217411 -0.0481085 -0.0693096
0 -0.0232741 -0.0515035 -0.0742179
0 -0.0248287 -0.0547916 -0.0788675
0 -0.0263707 -0.0579379 -0.0832289
0 -0.0278759 -0.0609232 -0.0872888
0 -0.0293363 -0.063748 -0.0910554
0 -0.0307539 -0.0664244 -0.0945502
0 -0.0321288 -0.0689643 -0.0977963
0 -0.0334529 -0.0713715 -0.10081
0 -0.0347086 -0.0736382 -0.103598
0 -0.0358728 -0.0757469 -0.106162
0 -0.0369232 -0.0776747 -0.108499
0 -0.037843 -0.0793978 -0.110609
0 -0.0386233 -0.0808975 -0.112492
0 -0.0392672 -0.082167 -0.114158
0 -0.0397901 -0.083216 -0.115625
0 -0.0402136 -0.0840679 -0.116913
0 -0.0405557 -0.0847509 -0.11804
0 -0.0408262 -0.0852908 -0.119011
0 -0.0410278 -0.0857093 -0.119827
0 -0.0411621 -0.0860232 -0.120485
0 -0.0412304 -0.0862424 -0.12098
0 -0.0412293 -0.0863627 -0.121299
0 -0.0411492 -0.086362 -0.121421
0 -0.0409781 -0.0862035 -0.121315
0 -0.0407045 -0.0858425 -0.120944
0 -0.0403181 -0.0852325 -0.120268
0 -0.0398077 -0.0843306 -0.119242
0 -0.0391634 -0.0831028 -0.117824
0 -0.0383779 -0.0815279 -0.115971
0 -0.0374503 -0.0796001 -0.113651
0 -0.0363882 -0.0773303 -0.110842
0 -0.0352068 -0.0747421 -0.107534
0 -0.0339209 -0.0718628 -0.103728
0 -0.0325383 -0.0687135 -0.0994252
0 -0.0310611 -0.0653073 -0.0946348
0 -0.0294902 -0.0616533 -0.0893757
0 -0.0278309 -0.0577616 -0.083682
0 -0.0260939 -0.0536459 -0.0776031
0 -0.0242919 -0.0493267 -0.0711969
0 -0.0224346 -0.0448306 -0.0645213
0 -0.0205262 -0.0401891 -0.0576297
0 -0.0185635 -0.0354363 -0.0505718
0 -0.0165384 -0.030607 -0.0433938
0 -0.0144429 -0.0257336 -0.0361397
0 -0.012276 -0.0208424 -0.0288531
0 -0.0100467 -0.0159537 -0.0215788
0 -0.00777316 -0.0110847 -0.0143615
0 -0.00547727 -0.00624968 -0.00724259
0 -0.00317802 -0.00146012 -0.000255174
0 -0.000887442 0.00327552 0.00657804
0 0.00139021 0.00795172 0.0132438
0 0.00365793 0.0125664 0.0197376
0 0.00592385 0.0171203 0.0260628
0 0.00819725 0.0216162 0.0322275
0 0.0104847 0.0260568 0.0382421
0 0.0127874 0.0304445 0.0441163
0 0.0150989 0.0347789 0.0498567
0 0.0174014 0.0390515 0.0554622
0 0.0196672 0.0432425 0.0609246
0 0.0218658 0.047325 0.0662324
0 0.0239733 0.0512712 0.0713772
0 0.0259737 0.0550539 0.0763534
0 0.0278542 0.0586461 0.081154
0 0.0296005 0.0620196 0.0857661
0 0.0311949 0.0651458 0.09017
0 0.0326179 0.0679984 0.0943388
0 0.0338487 0.0705523 0.0982379
0 0.0348656 0.0727822 0.101824
0 0.035648 0.0746605 0.105045
0 0.0361813 0.0761593 0.107845
0 0.0364616 0.0772544 0.110173
0 0.0364958 0.0779263 0.111979
0 0.0362991 0.0781555 0.113212
0 0.0358943 0.0779236 0.113818
0 0.0353107 0.0772216 0.113745
0 0.0345783 0.0760553 0.112941
0 0.0337194 0.0744397 0.111363
0 0.0327422 0.072388 0.10897
0 0.0316423 0.0699053 0.105742
0 0.0304116 0.0669927 0.101681
0 0.0290465 0.063656 0.0968196
0 0.0275496 0.0599098 0.091217
0 0.0259243 0.055775 0.0849521
0 0.0241677 0.0512751 0.0781108
0 0.0222693 0.0464345 0.0707772
0 0.0202174 0.0412821 0.0630328
0 0.0180104 0.0358539 0.0549603
0 0.0156582 0.0301969 0.0466386
0 0.013174 0.0243648 0.0381362
0 0.0105709 0.0184059 0.0295091
0 0.00786255 0.0123633 0.0208031
0 0.00506507 0.0062822 0.0120603
0 0.00220045 0.000208045 0.00332294
0 -0.00070633 -0.00582372 -0.00537042
0 -0.00363198 -0.0117934 -0.0139887
0 -0.00655482 -0.0176918 -0.0225063
0 -0.00945177 -0.0235102 -0.0308981
0 -0.0122974 -0.0292328 -0.0391366
0 -0.0150672 -0.0348351 -0.0471927
0 -0.0177407 -0.0402874 -0.0550383
0 -0.0203016 -0.0455561 -0.0626444
0 -0.0227345 -0.0506041 -0.0699795
0 -0.0250218 -0.0553905 -0.0770077
0 -0.0271441 -0.0598736 -0.0836891
0 -0.029081 -0.0640144 -0.0899816
0 -0.030814 -0.0677785 -0.0958426
0 -0.0323276 -0.0711389 -0.101232
0 -0.0336122 -0.0740772 -0.106111
0 -0.0346605 -0.0765805 -0.110445
0 -0.0354632 -0.0786349 -0.114192
0 -0.0360099 -0.0802244 -0.117311
0 -0.036296 -0.0813355 -0.11976
0 -0.0363288 -0.0819617 -0.121511
0 -0.0361298 -0.0821027 -0.122538
0 -0.0357323 -0.0817621 -0.122823
0 -0.035174 -0.0809484 -0.122345
0 -0.0344894 -0.0796787 -0.12109
0 -0.033706 -0.0779822 -0.119051
0 -0.0328441 -0.0758981 -0.116241
0 -0.031918 -0.0734725 -0.112695
0 -0.0309352 -0.0707519 -0.108467
0 -0.0298972 -0.0677788 -0.103631
0 -0.0288018 -0.0645882 -0.0982741
0 -0.027647 -0.0612092 -0.092498
0 -0.0264337 -0.0576694 -0.0864134
0 -0.0251668 -0.0539995 -0.080134
0 -0.0238535 -0.0502363 -0.0737696
0 -0.0225014 -0.0464203 -0.0674187
0 -0.02112 -0.0425921 -0.0611679
0 -0.0197182 -0.0387935 -0.0550911
0 -0.0183027 -0.0350691 -0.0492492
0 -0.0168801 -0.0314627 -0.0436916
0 -0.0154602 -0.0280109 -0.0384571
0 -0.0140552 -0.0247395 -0.0335734
0 -0.0126768 -0.0216624 -0.0290556
0 -0.0113336 -0.0187818 -0.0249068
0 -0.0100327 -0.0160902 -0.0211197
0 -0.00878126 -0.0135764 -0.0176812
0 -0.00758698 -0.0112298 -0.0145743
0 -0.00645606 -0.00904214 -0.0117782
0 -0.00539129 -0.00700768 -0.0092685
0 -0.00439226 -0.00512221 -0.00701714
0 -0.00345688 -0.00338237 -0.00499473
0 -0.00258303 -0.00178483 -0.0031723
0 -0.00177006 -0.000326032 -0.00152283
0 -0.00101999 0.000997437 -2.29169e-05
0 -0.000338031 0.00218875 0.00134581
0 0.000268619 0.00325103 0.00259689
0 0.000792745 0.00418705 0.00373987
0 0.00122775 0.00499766 0.00477994
0 0.00156675 0.00567935 0.00571625
0 0.00180252 0.00622326 0.00654142
0 0.00192916 0.00661683 0.007243
0 0.00194431 0.00684626 0.00780522
0 0.00185133 0.00689855 0.00821002
0 0.00166093 0.00676468 0.0084382
0 0.00138995 0.00644349 0.00847078
0 0.00105747 0.00594328 0.00828906
0 0.00068063 0.00528006 0.00787391
0 0.000272821 0.00447529 0.0072069
0 -0.000155729 0.00355416 0.00627345
0 -0.000597405 0.00254154 0.00506586
0 -0.0010487 0.00145462 0.00358335
0 -0.00151203 0.000297289 0.0018304
0 -0.00199382 -0.000938724 -0.000182361
0 -0.00249935 -0.00226666 -0.00243446
0 -0.00302973 -0.00369687 -0.00489398
0 -0.00358383 -0.00523295 -0.00752083
0 -0.00416275 -0.00687198 -0.0102727
0 -0.00477144 -0.00860545 -0.0131099
0 -0.00541622 -0.0104195 -0.0159966
0 -0.0061006 -0.0122954 -0.0189008
0 -0.00682295 -0.0142123 -0.0217936
0 -0.00757915 -0.0161502 -0.0246515
0 -0.00836769 -0.0180933 -0.0274602
0 -0.00919035 -0.0200323 -0.0302135
0 -0.0100471 -0.021963 -0.0329101
0 -0.0109315 -0.0238839 -0.0355498
0 -0.0118312 -0.0257945 -0.0381336
0 -0.0127333 -0.0276941 -0.040665
0 -0.0136298 -0.0295829 -0.0431519
0 -0.0145199 -0.0314632 -0.0456083
0 -0.0154102 -0.0333412 -0.048053
0 -0.0163095 -0.0352247 -0.0505063
0 -0.0172246 -0.0371203 -0.0529867
0 -0.0181573 -0.0390313 -0.0555074
0 -0.0191018 -0.0409557 -0.0580738
0 -0.0200454 -0.0428859 -0.0606819
0 -0.0209708 -0.0448082 -0.0633196
0 -0.0218589 -0.0467039 -0.0659677
0 -0.0226902 -0.0485469 -0.0685994
0 -0.023445 -0.0503042 -0.0711808
0 -0.0241041 -0.0519364 -0.073671
0 -0.0246496 -0.0534013 -0.076023
0 -0.0250668 -0.0546574 -0.0781866
0 -0.0253465 -0.0556696 -0.080112
0 -0.0254857 -0.0564125 -0.0817515
0 -0.0254842 -0.0568679 -0.0830578
0 -0.0253426 -0.0570196 -0.0839802
0 -0.0250615 -0.0568515 -0.0844643
0 -0.0246447 -0.0563511 -0.084457
0 -0.0241025 -0.0555124 -0.0839126
0 -0.0234513 -0.0543385 -0.0827961
0 -0.0227086 -0.0528409 -0.0810847
0 -0.0218902 -0.0510371 -0.0787697
0 -0.0210102 -0.0489507 -0.0758599
0 -0.0200828 -0.0466103 -0.0723858
0 -0.0191222 -0.0440489 -0.0683999
0 -0.0181407 -0.0413033 -0.063974
0 -0.0171484 -0.0384143 -0.059196
0 -0.0161557 -0.0354291 -0.0541662
0 -0.0151754 -0.0324043 -0.0489927
0 -0.0142255 -0.0294055 -0.0437889
0 -0.0133297 -0.0265048 -0.0386728
0 -0.01251 -0.0237728 -0.033761
0 -0.0117784 -0.0212711 -0.0291612
0 -0.0111401 -0.0190491 -0.024969
0 -0.0106005 -0.0171473 -0.0212699
0 -0.0101696 -0.0156011 -0.0181414
0 -0.00986197 -0.0144399 -0.0156532
0 -0.00969508 -0.0136878 -0.013867
0 -0.00968433 -0.0133624 -0.0128328
0 -0.00983268 -0.0134701 -0.0125811
0 -0.0101246 -0.0140013 -0.0131179
0 -0.0105313 -0.0149327 -0.0144239
0 -0.0110213 -0.0162315 -0.0164561
0 -0.0115669 -0.0178565 -0.0191509
0 -0.0121477 -0.0197569 -0.0224267
0 -0.0127525 -0.0218758 -0.0261875
0 -0.0133797 -0.024155 -0.0303287
0 -0.0140324 -0.0265371 -0.0347399
0 -0.0147071 -0.0289645 -0.0393052
0 -0.0153864 -0.03138 -0.0439039
0 -0.0160449 -0.0337275 -0.0484149
0 -0.016659 -0.0359522 -0.0527197
0 -0.0172082 -0.0380005 -0.0567041
0 -0.0176729 -0.0398169 -0.0602596
0 -0.0180325 -0.0413422 -0.0632839
0 -0.0182673 -0.0425167 -0.0656839
0 -0.0183638 -0.0432882 -0.0673829
0 -0.0183207 -0.043621 -0.0683282
0 -0.0181504 -0.043503 -0.0684937
0 -0.0178739 -0.0429458 -0.0678782
0 -0.0175131 -0.0419811 -0.0665031
0 -0.0170878 -0.0406568 -0.0644147
0 -0.0166156 -0.0390325 -0.0616841
0 -0.0161091 -0.037172 -0.0584023
0 -0.0155731 -0.0351344 -0.0546735
0 -0.0150083 -0.0329731 -0.0506104
0 -0.0144194 -0.0307409 -0.0463331
0 -0.0138218 -0.0284943 -0.0419676
0 -0.0132389 -0.0262904 -0.0376414
0 -0.0126921 -0.0241822 -0.0334762
0 -0.0121917 -0.0222155 -0.0295805
0 -0.0117354 -0.0204254 -0.0260439
0 -0.0113142 -0.018837 -0.022935
0 -0.0109203 -0.0174684 -0.020306
0 -0.0105526 -0.0163328 -0.0181964
0 -0.0102181 -0.0154391 -0.0166347
0 -0.00993278 -0.0147955 -0.0156403
0 -0.00971564 -0.0144096 -0.0152218
0 -0.00957962 -0.0142853 -0.0153689
0 -0.00952649 -0.0144202 -0.0160474
0 -0.00955114 -0.0148067 -0.0172035
0 -0.00964914 -0.0154352 -0.0187737
0 -0.00982097 -0.016295 -0.0206915
0 -0.0100717 -0.0173717 -0.0228911
0 -0.0104085 -0.0186465 -0.0253098
0 -0.0108385 -0.0200963 -0.0278903
0 -0.0113661 -0.0216962 -0.0305831
0 -0.0119905 -0.0234227 -0.0333473
0 -0.0127025 -0.0252549 -0.0361494
0 -0.0134846 -0.0271729 -0.0389607
0 -0.0143145 -0.029155 -0.0417573
0 -0.0151717 -0.0311761 -0.044521
0 -0.01604 -0.0332089 -0.0472409
0 -0.0169072 -0.0352267 -0.0499118
0 -0.0177632 -0.0372036 -0.0525318
0 -0.018598 -0.0391139 -0.0550983
0 -0.0193987 -0.0409328 -0.0576043
0 -0.0201488 -0.042638 -0.0600358
0 -0.0208316 -0.0442137 -0.0623746
0 -0.0214363 -0.0456525 -0.0646024
0 -0.0219607 -0.0469553 -0.0667032
0 -0.022408 -0.0481258 -0.0686614
0 -0.0227818 -0.0491648 -0.0704576
0 -0.0230819 -0.050066 -0.0720663
0 -0.0233027 -0.0508137 -0.0734547
0 -0.0234349 -0.0513844 -0.074585
0 -0.0234683 -0.0517501 -0.0754179
0 -0.0233952 -0.0518817 -0.0759153
0 -0.0232108 -0.0517516 -0.07604
0 -0.0229129 -0.0513361 -0.0757574
0 -0.0225031 -0.0506197 -0.0750375
0 -0.0219869 -0.049597 -0.0738585
0 -0.0213701 -0.0482709 -0.0722067
0 -0.0206561 -0.0466481 -0.0700747
0 -0.019844 -0.0447366 -0.0674604
0 -0.0189323 -0.0425456 -0.0643693
0 -0.0179217 -0.0400868 -0.0608168
0 -0.0168163 -0.037376 -0.0568297
0 -0.0156242 -0.0344326 -0.0524459
0 -0.0143584 -0.0312809 -0.0477127
0 -0.0130363 -0.0279528 -0.0426836
0 -0.0116746 -0.0244858 -0.0374141
0 -0.010284 -0.0209165 -0.0319596
0 -0.00886831 -0.017277 -0.0263722
0 -0.00742622 -0.0135981 -0.020701
0 -0.0059564 -0.00991258 -0.014997
0 -0.0044649 -0.00625546 -0.00931741
0 -0.00296906 -0.00266385 -0.00372411
0 -0.00149336 0.000824936 0.00172092
0 -6.29011e-05 0.00417571 0.00695988
0 0.00129922 0.00735602 0.0119393
0 0.00257095 0.0103341 0.0166075
0 0.00373107 0.0130764 0.0209146
0 0.00476154 0.0155488 0.024814
0 0.00564933 0.0177191 0.0282644
0 0.00638494 0.019558 0.0312293
0 0.00695865 0.0210364 0.0336739
0 0.00735771 0.0221257 0.0355625
0 0.00756621 0.0227977 0.0368585
0 0.00756777 0.0230264 0.0375255
0 0.00735195 0.0227896 0.0375299
0 0.0069188 0.0220691 0.0368414
0 0.00627608 0.0208509 0.0354337
0 0.00543371 0.0191233 0.0332861
0 0.00440021 0.0168797 0.0303843
0 0.00318131 0.0141201 0.0267212
0 0.00178036 0.0108536 0.0222982
0 0.000199918 0.00709726 0.0171276
0 -0.00155626 0.00287696 0.0112345
0 -0.00348228 -0.00177286 0.00465648
0 -0.0055704 -0.00680886 -0.00255741
0 -0.00780912 -0.0121796 -0.0103486
0 -0.0101798 -0.0178258 -0.0186515
0 -0.0126563 -0.0236834 -0.0273898
0 -0.0152057 -0.0296904 -0.0364742
0 -0.0177907 -0.0357863 -0.0458083
0 -0.0203771 -0.0419068 -0.0552938
0 -0.0229341 -0.0479833 -0.0648285
0 -0.0254285 -0.0539451 -0.0743028
0 -0.0278235 -0.0597194 -0.0835995
0 -0.0300821 -0.0652315 -0.0926003
0 -0.0321704 -0.070408 -0.101192
0 -0.0340597 -0.0751805 -0.109268
0 -0.0357276 -0.0794887 -0.116734
0 -0.0371587 -0.0832849 -0.123503
0 -0.0383475 -0.0865386 -0.1295
0 -0.0392984 -0.089238 -0.134663
0 -0.0400247 -0.091389 -0.138941
0 -0.0405482 -0.0930132 -0.142303
0 -0.0408993 -0.0941471 -0.144734
0 -0.0411147 -0.094837 -0.146241
0 -0.0412333 -0.0951336 -0.146849
0 -0.041291 -0.0950846 -0.146603
0 -0.0413146 -0.0947291 -0.145573
0 -0.0413171 -0.0940972 -0.143847
0 -0.0412972 -0.0932144 -0.141532
0 -0.0412421 -0.0921067 -0.138749
0 -0.0411329 -0.0908043 -0.13562
0 -0.0409477 -0.0893401 -0.132271
0 -0.0406626 -0.0877435 -0.128817
0 -0.0402539 -0.0860332 -0.125359
0 -0.0396999 -0.0842137 -0.121972
0 -0.0389844 -0.0822764 -0.118702
0 -0.0381003 -0.0802049 -0.11557
0 -0.037051 -0.0779815 -0.112569
0 -0.0358482 -0.0755928 -0.109673
0 -0.0345103 -0.0730336 -0.106834
0 -0.0330614 -0.0703065 -0.103993
0 -0.0315267 -0.0674212 -0.101082
0 -0.0299278 -0.0643917 -0.0980236
0 -0.0282788 -0.0612301 -0.0947391
0 -0.0265872 -0.0579432 -0.0911517
0 -0.0248591 -0.0545334 -0.0871966
0 -0.0231045 -0.0509998 -0.082829
0 -0.0213373 -0.0473413 -0.0780272
0 -0.0195712 -0.0435587 -0.0727928
0 -0.0178164 -0.0396551 -0.067148
0 -0.016079 -0.035637 -0.0611307
0 -0.0143607 -0.0315162 -0.0547886
0 -0.0126593 -0.0273103 -0.0481768
0 -0.0109702 -0.023044 -0.0413559
0 -0.00928769 -0.0187501 -0.0343894
0 -0.00760576 -0.0144654 -0.0273421
0 -0.00592019 -0.0102257 -0.0202786
0 -0.00423204 -0.00606056 -0.0132634
0 -0.00254893 -0.00199114 -0.00635982
0 -0.000881551 0.00196728 0.000373217
0 0.000759114 0.00580378 0.00688199
0 0.00236277 0.0095117 0.0131175
0 0.00392185 0.0130863 0.0190373
0 0.00543323 0.0165219 0.0246075
0 0.00689713 0.0198094 0.0298016
0 0.00831361 0.0229341 0.0345988
0 0.0096791 0.025874 0.0389809
0 0.010985 0.0286031 0.0429308
0 0.0122174 0.0310935 0.0464325
0 0.0133572 0.0333174 0.0494709
0 0.0143796 0.0352472 0.0520305
0 0.015255 0.0368535 0.054094
0 0.0159504 0.0381049 0.0556423
0 0.0164325 0.0389671 0.0566543
0 0.0166697 0.039404 0.057108
0 0.0166363 0.0393779 0.0569825
0 0.0163191 0.0388511 0.0562587
0 0.015722 0.0377881 0.0549181
0 0.0148609 0.0361618 0.0529402
0 0.0137565 0.0339578 0.0503014
0 0.0124274 0.031177 0.0469738
0 0.0108854 0.027835 0.0429272
0 0.00913715 0.0239588 0.0381331
0 0.0071879 0.0195826 0.0325724
0 0.00504509 0.0147424 0.0262407
0 0.00271955 0.0094729 0.0191516
0 0.000226609 0.00380845 0.0113387
0 -0.0024145 -0.00221111 0.00285258
0 -0.00518341 -0.00853786 -0.00624243
0 -0.00806033 -0.0151212 -0.0158699
0 -0.0110249 -0.0219114 -0.0259459
0 -0.014058 -0.0288556 -0.0363834
0 -0.0171424 -0.0358954 -0.0470928
0 -0.0202584 -0.0429712 -0.0579792
0 -0.0233814 -0.0500276 -0.0689407
0 -0.0264844 -0.057016 -0.0798717
0 -0.0295414 -0.0638914 -0.090669
0 -0.0325301 -0.0706092 -0.101237
0 -0.0354331 -0.0771254 -0.111492
0 -0.038237 -0.0833977 -0.121358
0 -0.0409317 -0.0893878 -0.13077
0 -0.0435078 -0.0950626 -0.139667
0 -0.0459536 -0.100396 -0.147987
0 -0.0482516 -0.105365 -0.155676
0 -0.0503779 -0.109953 -0.162684
0 -0.0523052 -0.114143 -0.168964
0 -0.0540157 -0.117911 -0.174478
0 -0.0555072 -0.121225 -0.1792
0 -0.0567873 -0.124051 -0.183125
0 -0.0578662 -0.126367 -0.186259
0 -0.0587498 -0.128157 -0.188607
0 -0.0594346 -0.129413 -0.190177
0 -0.0599061 -0.130134 -0.190971
0 -0.0601424 -0.130322 -0.190998
0 -0.0601194 -0.12998 -0.190272
0 -0.0598235 -0.129113 -0.188819
0 -0.0592626 -0.127727 -0.186676
0 -0.0584628 -0.125832 -0.183885
0 -0.057457 -0.123443 -0.18049
0 -0.0562752 -0.120587 -0.176527
0 -0.0549391 -0.117303 -0.172031
0 -0.0534622 -0.113641 -0.16703
0 -0.0518528 -0.109655 -0.161557
0 -0.0501178 -0.105403 -0.155641
0 -0.0482646 -0.100928 -0.149318
0 -0.0463025 -0.0962675 -0.142631
0 -0.0442477 -0.0914468 -0.135631
0 -0.0421252 -0.0864921 -0.128378
0 -0.0399653 -0.0814319 -0.120936
0 -0.0377975 -0.0762979 -0.113373
0 -0.0356417 -0.0711274 -0.105746
0 -0.033504 -0.0659625 -0.098105
0 -0.0313806 -0.0608476 -0.0904931
0 -0.0292658 -0.0558263 -0.082951
0 -0.0271583 -0.0509367 -0.0755206
0 -0.025066 -0.0462072 -0.0682449
0 -0.0230053 -0.0416552 -0.0611684
0 -0.0209978 -0.0372895 -0.0543359
0 -0.0190662 -0.0331144 -0.0477891
0 -0.0172297 -0.0291336 -0.0415645
0 -0.0154991 -0.0253513 -0.0356906
0 -0.0138747 -0.0217723 -0.0301856
0 -0.0123464 -0.0183999 -0.0250567
0 -0.0108955 -0.015233 -0.0202997
0 -0.00949832 -0.0122634 -0.0159009
0 -0.00813133 -0.00947458 -0.0118398
0 -0.00677384 -0.00684076 -0.00809073
0 -0.00540944 -0.00432752 -0.00462375
0 -0.00402567 -0.001894 -0.00140458
0 -0.00261365 0.000502894 0.00160476
0 -0.00116871 0.00290209 0.00444431
0 0.000309102 0.0053322 0.0071542
0 0.00181662 0.00780886 0.00977432
0 0.00335001 0.0103353 0.0123456
0 0.00490538 0.0129035 0.0149101
0 0.00647652 0.0154949 0.017507
0 0.00805007 0.0180832 0.0201675
0 0.0096023 0.0206393 0.0229095
0 0.0111 0.0231344 0.0257367
0 0.0125029 0.0255399 0.0286369
0 0.0137666 0.0278231 0.0315815
0 0.0148449 0.0299435 0.0345258
0 0.0156948 0.0318505 0.0374116
0 0.0162804 0.0334842 0.0401708
0 0.0165753 0.0347781 0.0427277
0 0.0165662 0.0356636 0.0449996
0 0.0162559 0.0360739 0.0468975
0 0.0156625 0.0359502 0.0483257
0 0.0148133 0.0352489 0.0491799
0 0.0137353 0.0339468 0.0493478
0 0.0124524 0.0320423 0.0487152
0 0.01099 0.0295556 0.0471748
0 0.00937567 0.0265279 0.0446344
0 0.00763737 0.0230155 0.0410254
0 0.00580175 0.0190759 0.0363136
0 0.00389382 0.0147569 0.0305105
0 0.00193492 0.0100958 0.0236732
0 -5.94661e-05 0.00512124 0.0158994
0 -0.00208169 -0.000143224 0.00732004
0 -0.00413413 -0.00567203 -0.00191489
0 -0.00622895 -0.0114335 -0.0116516
0 -0.00838488 -0.0173913 -0.0217464
0 -0.0106278 -0.0235053 -0.0320739
0 -0.0129884 -0.0297346 -0.0425254
0 -0.0154896 -0.0360465 -0.053001
0 -0.0181403 -0.0424198 -0.0634079
0 -0.0209379 -0.0488414 -0.0736624
0 -0.0238715 -0.0552981 -0.0836934
0 -0.026923 -0.0617718 -0.093443
0 -0.0300682 -0.0682376 -0.102866
0 -0.0332807 -0.0746657 -0.111931
0 -0.0365342 -0.0810224 -0.120618
0 -0.0398028 -0.0872705 -0.128918
0 -0.0430596 -0.093371 -0.136825
0 -0.0462747 -0.0992836 -0.144337
0 -0.0494076 -0.104969 -0.151454
0 -0.0523993 -0.110387 -0.158177
0 -0.0551787 -0.115503 -0.164499
0 -0.0576817 -0.120274 -0.170407
0 -0.0598664 -0.124643 -0.175889
0 -0.061712 -0.128546 -0.18094
0 -0.0632122 -0.131919 -0.185549
0 -0.0643716 -0.134712 -0.189698
0 -0.0651997 -0.136895 -0.193355
0 -0.065707 -0.138459 -0.196485
0 -0.0659012 -0.139417 -0.199043
0 -0.0657917 -0.139795 -0.200972
0 -0.0654012 -0.139622 -0.202214
0 -0.0647729 -0.138934 -0.202709
0 -0.0639663 -0.137773 -0.202405
0 -0.063048 -0.136188 -0.201266
0 -0.062075 -0.13423 -0.199264
0 -0.0610841 -0.131946 -0.196395
0 -0.0600908 -0.129375 -0.192683
0 -0.0590945 -0.126544 -0.188185
0 -0.0580825 -0.12347 -0.182985
0 -0.0570322 -0.120162 -0.17719
0 -0.0559159 -0.116623 -0.170922
0 -0.0547048 -0.112859 -0.164303
0 -0.0533703 -0.108878 -0.157448
0 -0.051887 -0.104685 -0.150459
0 -0.0502355 -0.100287 -0.143415
0 -0.0484032 -0.0956905 -0.13637
0 -0.0463836 -0.0909074 -0.129358
0 -0.0441791 -0.0859544 -0.122397
0 -0.0418038 -0.0808534 -0.11549
0 -0.0392823 -0.0756276 -0.108633
0 -0.0366429 -0.0702995 -0.101811
0 -0.0339132 -0.0648936 -0.0950049
0 -0.0311182 -0.0594376 -0.0881905
0 -0.0282822 -0.0539597 -0.0813448
0 -0.0254307 -0.0484866 -0.074449
0 -0.0225892 -0.0430444 -0.0674907
0 -0.0197837 -0.0376587 -0.0604658
0 -0.0170417 -0.0323556 -0.0533801
0 -0.0143918 -0.0271627 -0.04625
0 -0.0118631 -0.0221102 -0.0391025
0 -0.00948426 -0.0172301 -0.0319737
0 -0.00728024 -0.0125557 -0.0249076
0 -0.00527123 -0.00812144 -0.0179541
0 -0.00347353 -0.00396376 -0.0111696
0 -0.00190112 -0.0001214 -0.00461723
0 -0.000565808 0.0033654 0.00163351
0 0.000523257 0.00645835 0.00750721
0 0.00136005 0.00912379 0.0129245
0 0.00194137 0.0113327 0.017804
0 0.00226628 0.0130596 0.0220635
0 0.00233854 0.0142808 0.0256224
0 0.00217096 0.014974 0.0284037
0 0.00178607 0.0151225 0.0303361
0 0.00121039 0.0147196 0.0313539
0 0.000467962 0.0137731 0.0313979
0 -0.000419194 0.0123025 0.0304177
0 -0.00142743 0.0103346 0.0283769
0 -0.00253258 0.00789655 0.0252649
0 -0.00371456 0.00501311 0.0211062
0 -0.00496126 0.00170896 0.0159596
0 -0.00626987 -0.00198888 0.00991328
0 -0.00764703 -0.00605105 0.00307859
0 -0.0091073 -0.0104445 -0.00441814
0 -0.0106675 -0.0151298 -0.0124445
0 -0.0123395 -0.0200577 -0.0208687
0 -0.0141256 -0.0251688 -0.0295622
0 -0.0160141 -0.0303985 -0.0383995
0 -0.0179773 -0.0356801 -0.0472589
0 -0.0199773 -0.0409466 -0.0560222
0 -0.0219724 -0.0461304 -0.0645743
0 -0.0239218 -0.0511603 -0.0728064
0 -0.02579 -0.0559605 -0.0806204
0 -0.027546 -0.0604543 -0.0879279
0 -0.0291614 -0.0645691 -0.0946482
0 -0.0306071 -0.0682401 -0.100707
0 -0.0318541 -0.0714128 -0.106037
0 -0.0328752 -0.0740439 -0.110576
0 -0.0336476 -0.0761014 -0.114271
0 -0.0341551 -0.0775646 -0.117077
0 -0.0343895 -0.0784229 -0.11896
0 -0.0343521 -0.0786739 -0.119896
0 -0.0340571 -0.0783233 -0.119869
0 -0.0335338 -0.0773858 -0.118876
0 -0.0328203 -0.0758863 -0.116932
0 -0.0319552 -0.0738576 -0.114069
0 -0.03097 -0.0713415 -0.110338
0 -0.0298847 -0.0683889 -0.105804
0 -0.0287096 -0.0650578 -0.100547
0 -0.0274508 -0.0614102 -0.094665
0 -0.0261162 -0.0575103 -0.0882716
0 -0.0247187 -0.0534237 -0.0814945
0 -0.0232744 -0.0492159 -0.0744663
0 -0.0218015 -0.0449512 -0.0673154
0 -0.0203194 -0.0406909 -0.0601601
0 -0.0188456 -0.0364924 -0.0531072
0 -0.0173934 -0.0324093 -0.0462534
0 -0.0159766 -0.0284897 -0.039686
0 -0.0146098 -0.0247799 -0.0334822
0 -0.0133071 -0.0213232 -0.0277087
0 -0.0120828 -0.018156 -0.0224216
0 -0.0109505 -0.0153039 -0.0176656
0 -0.00992149 -0.0127801 -0.013474
0 -0.00900512 -0.01059 -0.0098702
0 -0.0082104 -0.00873579 -0.00687195
0 -0.00754591 -0.00722022 -0.00449232
0 -0.007018 -0.00604677 -0.0027383
0 -0.00663017 -0.00521998 -0.00160989
0 -0.00638401 -0.00474542 -0.00110102
0 -0.00628052 -0.00462918 -0.00119855
0 -0.00632037 -0.00487654 -0.00187952
0 -0.00650268 -0.00548942 -0.00311151
0 -0.00682412 -0.00646423 -0.00485541
0 -0.00728036 -0.00779056 -0.00706883
0 -0.00786809 -0.00945098 -0.00970958
0 -0.00858574 -0.0114226 -0.0127377
0 -0.00943245 -0.013679 -0.0161162
0 -0.0104054 -0.0161919 -0.0198102
0 -0.0114974 -0.0189321 -0.0237862
0 -0.0126959 -0.0218701 -0.0280116
0 -0.0139846 -0.0249775 -0.0324559
0 -0.0153461 -0.0282259 -0.0370915
0 -0.0167645 -0.0315866 -0.0418941
0 -0.0182252 -0.0350313 -0.0468415
0 -0.0197128 -0.038533 -0.0519116
0 -0.0212109 -0.0420662 -0.0570794
0 -0.0227051 -0.045607 -0.0623156
0 -0.0241845 -0.0491319 -0.0675886
0 -0.0256407 -0.0526158 -0.0728645
0 -0.0270659 -0.0560327 -0.0781042
0 -0.0284513 -0.0593571 -0.0832633
0 -0.0297871 -0.0625661 -0.0882944
0 -0.0310656 -0.0656404 -0.0931529
0 -0.0322832 -0.0685642 -0.0977995
0 -0.0334386 -0.0713251 -0.102199
0 -0.03453 -0.0739109 -0.10632
0 -0.0355524 -0.0763086 -0.110131
0 -0.0364967 -0.0785022 -0.113601
0 -0.0373492 -0.0804714 -0.116698
0 -0.0380924 -0.0821915 -0.119389
0 -0.0387072 -0.0836341 -0.121643
0 -0.0391748 -0.0847692 -0.123428
0 -0.039478 -0.0855663 -0.124717
0 -0.0396016 -0.0859964 -0.125483
0 -0.0395346 -0.0860333 -0.125703
0 -0.0392742 -0.0856557 -0.125355
0 -0.0388254 -0.0848481 -0.12442
0 -0.0381986 -0.0836021 -0.122883
0 -0.0374064 -0.081919 -0.120735
0 -0.036462 -0.0798119 -0.117975
0 -0.0353761 -0.0773028 -0.114605
0 -0.0341544 -0.074416 -0.110635
0 -0.0327974 -0.0711735 -0.106076
0 -0.0313048 -0.067594 -0.10095
0 -0.0296801 -0.0636953 -0.0952887
0 -0.0279338 -0.0594989 -0.0891379
0 -0.0260814 -0.0550333 -0.0825548
0 -0.0241422 -0.050334 -0.0756038
0 -0.022134 -0.0454416 -0.0683504
0 -0.0200686 -0.0403988 -0.0608567
0 -0.0179509 -0.0352471 -0.0531797
0 -0.0157817 -0.0300271 -0.0453712
0 -0.0135612 -0.0247793 -0.0374808
0 -0.0112944 -0.0195421 -0.0295613
0 -0.00899552 -0.0143502 -0.021669
0 -0.00668651 -0.00923437 -0.0138603
0 -0.00439215 -0.00422038 -0.00618877
0 -0.00213475 0.000670725 0.00129808
0 6.7925e-05 0.00542235 0.00855905
0 0.00220233 0.0100203 0.0155571
0 0.00425814 0.0144496 0.0222577
0 0.00622666 0.0186909 0.0286282
0 0.00809853 0.0227191 0.0346372
0 0.00986276 0.0265036 0.040253
0 0.0115075 0.0300127 0.045445
0 0.0130211 0.0332171 0.0501852
0 0.0143933 0.0360938 0.0544499
0 0.0156159 0.0386283 0.0582203
0 0.0166823 0.0408136 0.061481
0 0.0175864 0.0426465 0.064219
0 0.018321 0.044125 0.0664225
0 0.0188789 0.0452462 0.0680819
0 0.0192534 0.0460061 0.0691899
0 0.0194409 0.0463998 0.0697429
0 0.0194416 0.046423 0.0697421
0 0.0192631 0.0460719 0.0691955
0 0.0189206 0.0453445 0.0681187
0 0.0184325 0.0442422 0.0665319
0 0.0178146 0.0427729 0.0644574
0 0.0170765 0.0409515 0.0619167
0 0.0162214 0.0387999 0.0589298
0 0.0152481 0.036345 0.0555162
0 0.0141557 0.0336164 0.051698
0 0.0129479 0.0306444 0.047502
0 0.0116358 0.0274592 0.0429627
0 0.0102375 0.0240912 0.0381221
0 0.00877355 0.0205691 0.0330268
0 0.00726068 0.0169185 0.0277219
0 0.00570777 0.0131603 0.022247
0 0.00411758 0.00931307 0.0166356
0 0.00249252 0.00539611 0.0109178
0 0.000838231 0.00143285 0.00512258
0 -0.000838428 -0.00254937 -0.000720339
0 -0.00253105 -0.00652413 -0.00658069
0 -0.00423339 -0.0104686 -0.0124289
0 -0.0059395 -0.0143627 -0.0182371
0 -0.00764385 -0.0181898 -0.0239791
0 -0.00934134 -0.0219412 -0.0296312
0 -0.0110273 -0.0256163 -0.0351727
0 -0.0126971 -0.0292192 -0.0405862
0 -0.0143461 -0.0327532 -0.0458564
0 -0.0159706 -0.0362178 -0.0509703
0 -0.0175692 -0.0396089 -0.0559173
0 -0.0191413 -0.0429194 -0.0606887
0 -0.0206852 -0.0461384 -0.0652758
0 -0.0221963 -0.0492514 -0.0696693
0 -0.0236668 -0.0522422 -0.0738599
0 -0.0250878 -0.055096 -0.0778389
0 -0.0264502 -0.0578015 -0.0815994
0 -0.0277467 -0.0603516 -0.0851374
0 -0.0289724 -0.0627438 -0.0884524
0 -0.0301234 -0.0649782 -0.0915453
0 -0.0311957 -0.0670551 -0.0944171
0 -0.0321843 -0.0689728 -0.0970673
0 -0.0330814 -0.0707256 -0.0994919
0 -0.0338761 -0.0723015 -0.101682
0 -0.0345556 -0.0736836 -0.103626
0 -0.0351088 -0.0748537 -0.105309
0 -0.0355278 -0.0757944 -0.106719
0 -0.0358076 -0.0764903 -0.107844
0 -0.0359443 -0.0769284 -0.108669
0 -0.0359353 -0.0770976 -0.109179
0 -0.0357819 -0.076989 -0.109357
0 -0.0354919 -0.076597 -0.109181
0 -0.0350783 -0.0759202 -0.108632
0 -0.0345557 -0.0749627 -0.107689
0 -0.0339372 -0.0737338 -0.106329
0 -0.0332343 -0.0722476 -0.104539
0 -0.0324574 -0.0705212 -0.10231
0 -0.0316156 -0.0685724 -0.0996447
0 -0.0307159 -0.0664175 -0.0965569
0 -0.0297619 -0.0640699 -0.0930678
0 -0.0287533 -0.0615387 -0.0892069
0 -0.0276868 -0.0588304 -0.0850099
0 -0.0265578 -0.0559503 -0.0805176
0 -0.0253622 -0.0529061 -0.0757756
0 -0.0240984 -0.0497091 -0.0708327
0 -0.022768 -0.0463737 -0.0657379
0 -0.0213756 -0.0429175 -0.0605352
0 -0.0199274 -0.0393616 -0.0552622
0 -0.0184284 -0.0357312 -0.0499503
0 -0.0168818 -0.0320538 -0.0446269
0 -0.0152916 -0.028355 -0.039317
0 -0.0136641 -0.0246582 -0.0340433
0 -0.0120089 -0.0209854 -0.0288265
0 -0.010339 -0.0173568 -0.0236855
0 -0.00866919 -0.0137887 -0.0186382
0 -0.00701528 -0.0102941 -0.0137009
0 -0.00539233 -0.00688448 -0.00888844
0 -0.00381397 -0.00357215 -0.00421458
0 -0.00229272 -0.000372275 0.000306386
0 -0.000841247 0.00269586 0.00465815
0 0.000527491 0.00560955 0.00882208
0 0.00180175 0.00834575 0.0127784
0 0.0029728 0.0108848 0.0165074
0 0.00403508 0.0132116 0.0199901
0 0.00498478 0.0153152 0.0232075
0 0.00581897 0.0171878 0.0261404
0 0.00653588 0.018825 0.0287694
0 0.00713511 0.0202253 0.0310762
0 0.00761736 0.021388 0.0330442
0 0.007984 0.0223129 0.0346582
0 0.00823673 0.0229987 0.0359044
0 0.00837758 0.0234437 0.0367712
0 0.008409 0.0236455 0.0372489
0 0.00833438 0.0236018 0.0373308
0 0.00816011 0.0233101 0.0370127
0 0.00789539 0.0227679 0.0362935
0 0.00754752 0.0219737 0.0351762
0 0.00711974 0.0209285 0.0336685
0 0.00661228 0.0196374 0.0317822
0 0.0060233 0.0181093 0.0295334
0 0.00535048 0.0163567 0.0269428
0 0.00459296 0.0143947 0.0240355
0 0.00375303 0.0122406 0.0208414
0 0.00283636 0.0099141 0.0173939
0 0.00185128 0.00743618 0.0137284
0 0.000807828 0.00482893 0.00988127
0 -0.000283503 0.00211539 0.00588836
0 -0.00141383 -0.00068158 0.00178259
0 -0.00257717 -0.00354132 -0.00240822
0 -0.00376918 -0.00644594 -0.00666069
0 -0.00498404 -0.00937965 -0.0109534
0 -0.00621277 -0.0123265 -0.0152651
0 -0.00744436 -0.0152676 -0.0195736
0 -0.00866761 -0.0181815 -0.023855
0 -0.00987211 -0.0210463 -0.0280838
0 -0.0110497 -0.0238403 -0.0322355
0 -0.0121945 -0.0265414 -0.0362864
0 -0.0133006 -0.0291301 -0.0402125
0 -0.0143602 -0.0315911 -0.0439885
0 -0.0153643 -0.0339148 -0.047589
0 -0.016306 -0.0360961 -0.0509902
0 -0.0171812 -0.0381318 -0.0541718
0 -0.0179891 -0.0400193 -0.0571165
0 -0.0187304 -0.0417552 -0.0598094
0 -0.019407 -0.0433353 -0.0622383
0 -0.0200217 -0.0447555 -0.0643942
0 -0.0205769 -0.0460116 -0.0662713
0 -0.0210724 -0.0470996 -0.0678647
0 -0.0215045 -0.0480137 -0.0691695
0 -0.0218649 -0.0487462 -0.0701798
0 -0.0221443 -0.0492891 -0.0708902
0 -0.0223336 -0.049635 -0.0712977
0 -0.0224256 -0.0497772 -0.0714022
0 -0.0224154 -0.04971 -0.0712065
0 -0.0223014 -0.0494289 -0.0707176
0 -0.0220884 -0.0489334 -0.0699462
0 -0.0217862 -0.0482281 -0.0689064
0 -0.0214054 -0.0473225 -0.0676129
0 -0.020955 -0.0462308 -0.0660795
0 -0.0204415 -0.0449709 -0.0643188
0 -0.01987 -0.0435631 -0.0623437
0 -0.0192457 -0.0420289 -0.0601688
0 -0.0185757 -0.0403893 -0.0578117
0 -0.0178693 -0.0386644 -0.0552936
0 -0.0171376 -0.0368731 -0.0526395
0 -0.0163928 -0.0350333 -0.0498774
0 -0.0156462 -0.0331623 -0.0470374
0 -0.0149069 -0.0312768 -0.0441495
0 -0.01418 -0.0293929 -0.0412422
0 -0.013467 -0.027524 -0.038341
0 -0.012768 -0.0256805 -0.035469
0 -0.0120825 -0.0238703 -0.0326476
0 -0.0114095 -0.0221021 -0.0298975
0 -0.0107469 -0.0203849 -0.027239
0 -0.0100936 -0.0187271 -0.0246908
0 -0.00944949 -0.0171349 -0.0222704
0 -0.00881644 -0.0156133 -0.0199924
0 -0.00819756 -0.0141664 -0.0178681
0 -0.00759734 -0.0127984 -0.0159061
0 -0.00702121 -0.0115132 -0.0141114
0 -0.00647467 -0.0103155 -0.0124862
0 -0.00596256 -0.00921003 -0.0110295
0 -0.00548838 -0.00820209 -0.00973749
0 -0.00505377 -0.00729573 -0.00860296
0 -0.00465828 -0.00649195 -0.00761542
0 -0.00430112 -0.00578897 -0.00676315
0 -0.00398507 -0.00518575 -0.00603748
0 -0.00371851 -0.0046851 -0.00543589
0 -0.00351274 -0.00429313 -0.00496057
0 -0.00337664 -0.0040161 -0.00461454
0 -0.00331311 -0.00385786 -0.00439874
0 -0.00331902 -0.00381925 -0.00431207
0 -0.00338694 -0.00389902 -0.00435302
0 -0.00350702 -0.00409419 -0.00452143
0 -0.00366926 -0.00439919 -0.00481874
0 -0.00386514 -0.00480533 -0.00524723
0 -0.00408808 -0.00530118 -0.00580907
0 -0.00433371 -0.00587437 -0.00650581
0 -0.00459998 -0.00651398 -0.0073381
0 -0.00488635 -0.00721219 -0.00830488
0 -0.0051922 -0.00796431 -0.00940199
0 -0.00551588 -0.00876801 -0.0106214
0 -0.00585495 -0.00962241 -0.0119514
0 -0.00620739 -0.0105272 -0.0133785
0 -0.00657256 -0.011482 -0.0148878
0 -0.00695157 -0.012485 -0.0164647
0 -0.00734677 -0.0135329 -0.0180952
0 -0.00776048 -0.0146205 -0.0197656
0 -0.00819316 -0.0157406 -0.0214628
0 -0.00864223 -0.0168851 -0.0231735
0 -0.00910261 -0.0180456 -0.0248851
0 -0.00956898 -0.0192143 -0.0265866
0 -0.0100385 -0.0203838 -0.0282701
0 -0.0105119 -0.0215485 -0.0299314
0 -0.0109925 -0.0227049 -0.0315697
0 -0.0114828 -0.0238514 -0.0331854
0 -0.0119822 -0.0249871 -0.0347787
0 -0.0124875 -0.0261117 -0.0363486
0 -0.0129924 -0.0272233 -0.0378934
0 -0.0134891 -0.0283184 -0.0394099
0 -0.0139696 -0.0293916 -0.040894
0 -0.0144272 -0.0304353 -0.0423408
0 -0.0148567 -0.0314394 -0.0437446
0 -0.015254 -0.0323913 -0.0450979
0 -0.0156146 -0.0332764 -0.0463902
0 -0.0159313 -0.0340779 -0.0476062
0 -0.0161957 -0.034779 -0.0487265
0 -0.0164028 -0.0353679 -0.0497326
0 -0.0165543 -0.0358411 -0.0506103
0 -0.0166568 -0.0362026 -0.0513493
0 -0.0167174 -0.036459 -0.0519402
0 -0.0167415 -0.0366171 -0.052373
0 -0.0167332 -0.0366831 -0.052639
0 -0.0166969 -0.0366627 -0.0527322
0 -0.0166368 -0.0365608 -0.0526501
0 -0.0165553 -0.0363789 -0.0523921
0 -0.0164512 -0.0361149 -0.0519594
0 -0.0163209 -0.0357635 -0.0513549
0 -0.0161604 -0.0353194 -0.0505853
0 -0.0159668 -0.0347797 -0.0496612
0 -0.0157386 -0.0341443 -0.0485966
0 -0.0154746 -0.0334161 -0.0474065
0 -0.0151732 -0.0325991 -0.0461056
0 -0.0148328 -0.0316989 -0.0447074
0 -0.0144534 -0.0307225 -0.043225
0 -0.0140376 -0.0296788 -0.0416717
0 -0.013591 -0.0285787 -0.0400607
0 -0.0131208 -0.0274344 -0.0384053
0 -0.0126349 -0.0262584 -0.0367178
0 -0.0121412 -0.0250633 -0.0350098
0 -0.011647 -0.0238613 -0.0332923
0 -0.0111596 -0.0226649 -0.0315768
0 -0.0106862 -0.021486 -0.0298746
0 -0.0102334 -0.0203362 -0.0281979
0 -0.0098062 -0.0192268 -0.0265588
0 -0.00940754 -0.0181689 -0.0249698
0 -0.00903795 -0.0171737 -0.023444
0 -0.0086967 -0.0162514 -0.0219955
0 -0.00838356 -0.0154099 -0.0206393
0 -0.0080999 -0.0146543 -0.0193915
0 -0.00784859 -0.0139873 -0.0182682
0 -0.00763273 -0.01341 -0.0172846
0 -0.00745402 -0.0129228 -0.0164535
0 -0.00731152 -0.012525 -0.0157835
0 -0.00720198 -0.0122155 -0.0152786
0 -0.00712141 -0.0119935 -0.0149398
0 -0.00706624 -0.0118585 -0.0147651
0 -0.00703367 -0.0118091 -0.0147495
0 -0.00702188 -0.0118424 -0.0148848
0 -0.00703107 -0.0119551 -0.0151604
0 -0.00706458 -0.0121446 -0.0155657
0 -0.00712866 -0.0124104 -0.016091
0 -0.00723017 -0.0127536 -0.0167271
0 -0.00737406 -0.0131757 -0.0174642
0 -0.00756188 -0.0136772 -0.0182919
0 -0.00779152 -0.0142568 -0.0191991
0 -0.00805786 -0.0149101 -0.0201745
0 -0.00835435 -0.0156301 -0.0212079
0 -0.00867492 -0.0164077 -0.022291
0 -0.00901543 -0.0172336 -0.0234185
0 -0.00937345 -0.0180986 -0.0245876
0 -0.0097467 -0.0189942 -0.0257966
0 -0.0101315 -0.0199119 -0.0270428
0 -0.0105221 -0.0208422 -0.0283218
0 -0.010911 -0.0217747 -0.0296263
0 -0.0112908 -0.0226993 -0.0309479
0 -0.0116567 -0.0236089 -0.0322788
0 -0.0120073 -0.0245001 -0.0336131
0 -0.0123444 -0.0253719 -0.0349457
0 -0.0126711 -0.0262237 -0.0362705
0 -0.0129889 -0.0270534 -0.037579
0 -0.0132972 -0.0278573 -0.0388592
0 -0.0135928 -0.0286299 -0.0400967
0 -0.0138721 -0.0293651 -0.0412762
0 -0.0141323 -0.0300567 -0.0423836
0 -0.0143719 -0.0306986 -0.0434061
0 -0.0145898 -0.0312842 -0.0443321
0 -0.0147846 -0.0318069 -0.0451515
0 -0.0149552 -0.0322599 -0.0458552
0 -0.0150996 -0.0326374 -0.0464358
0 -0.0152165 -0.0329346 -0.0468877
0 -0.0153053 -0.0331498 -0.0472085
0 -0.0153674 -0.0332845 -0.0473994
0 -0.0154044 -0.0333428 -0.0474643
0 -0.0154167 -0.0333285 -0.0474077
0 -0.0154016 -0.0332433 -0.0472329
0 -0.0153539 -0.0330853 -0.046942
0 -0.0152686 -0.0328508 -0.0465369
0 -0.0151429 -0.0325359 -0.0460206
0 -0.0149772 -0.0321382 -0.0453982
0 -0.0147763 -0.0316595 -0.0446775
0 -0.0145475 -0.0311062 -0.0438689
0 -0.0142991 -0.0304889 -0.0429838
0 -0.0140372 -0.0298206 -0.0420328
0 -0.0137658 -0.0291152 -0.0410259
0 -0.0134875 -0.0283865 -0.0399724
0 -0.013203 -0.0276456 -0.0388809
0 -0.0129116 -0.0268992 -0.0377581
0 -0.0126118 -0.0261489 -0.0366098
0 -0.0123047 -0.0253947 -0.0354434
0 -0.0119948 -0.0246374 -0.0342689
0 -0.0116884 -0.0238793 -0.0330981
0 -0.0113903 -0.0231235 -0.0319415
0 -0.0111016 -0.0223722 -0.0308066
0 -0.0108199 -0.021627 -0.0296976
0 -0.0105405 -0.0208897 -0.0286165
0 -0.0102607 -0.020164 -0.0275662
0 -0.00998208 -0.0194574 -0.0265526
0 -0.00971034 -0.0187806 -0.0255848
0 -0.00945204 -0.018144 -0.0246724
0 -0.00921086 -0.0175546 -0.0238218
0 -0.00898732 -0.0170146 -0.023036
0 -0.00878105 -0.0165239 -0.0223165
0 -0.00859271 -0.0160818 -0.0216651
0 -0.00842371 -0.0156876 -0.0210843
0 -0.0082748 -0.01534 -0.0205754
0 -0.00814462 -0.0150362 -0.0201375
0 -0.00802964 -0.014772 -0.0197668
0 -0.00792541 -0.0145421 -0.019458
0 -0.00782803 -0.0143413 -0.0192047
0 -0.00773578 -0.0141656 -0.0190013
0 -0.00765047 -0.0140139 -0.0188443
0 -0.00757751 -0.013889 -0.0187329
0 -0.0075236 -0.0137964 -0.0186681
0 -0.00749407 -0.0137424 -0.0186507
0 -0.0074915 -0.0137326 -0.0186806
0 -0.00751579 -0.0137716 -0.0187568
0 -0.00756491 -0.0138617 -0.0188786
0 -0.00763603 -0.0140033 -0.0190459
0 -0.00772675 -0.0141948 -0.0192599
0 -0.00783581 -0.0144332 -0.0195232
0 -0.00796398 -0.0147162 -0.0198408
0 -0.00811439 -0.0150437 -0.0202205
0 -0.00829124 -0.0154187 -0.020672
0 -0.00849753 -0.0158463 -0.0212046
0 -0.00873384 -0.0163323 -0.0218265
0 -0.00899808 -0.0168817 -0.0225432
0 -0.00928597 -0.0174973 -0.0233576
0 -0.00959232 -0.0181786 -0.0242699
0 -0.00991316 -0.0189225 -0.0252789
0 -0.0102469 -0.0197244 -0.026383
0 -0.0105935 -0.0205781 -0.0275794
0 -0.0109523 -0.0214758 -0.0288628
0 -0.011321 -0.0224084 -0.0302246
0 -0.0116963 -0.0233673 -0.0316541
0 -0.0120751 -0.0243457 -0.0331403
0 -0.0124561 -0.0253396 -0.0346727
0 -0.0128392 -0.0263465 -0.0362411
0 -0.0132255 -0.0273637 -0.0378341
0 -0.0136156 -0.0283868 -0.0394386
0 -0.0140089 -0.0294096 -0.0410399
0 -0.014404 -0.0304253 -0.0426224
0 -0.0147979 -0.031426 -0.0441698
0 -0.0151847 -0.0324008 -0.0456642
0 -0.0155548 -0.0333347 -0.0470848
0 -0.0158971 -0.0342092 -0.0484099
0 -0.0162026 -0.0350061 -0.0496197
0 -0.0164669 -0.0357106 -0.0506989
0 -0.0166899 -0.0363127 -0.0516366
0 -0.0168733 -0.0368064 -0.0524245
0 -0.0170177 -0.0371888 -0.0530552
0 -0.0171227 -0.0374594 -0.053522
0 -0.0171862 -0.0376192 -0.0538188
0 -0.0172046 -0.0376688 -0.0539397
0 -0.017174 -0.0376073 -0.0538798
0 -0.0170918 -0.0374326 -0.0536358
0 -0.0169582 -0.0371417 -0.0532073
0 -0.0167753 -0.0367315 -0.0525967
0 -0.0165457 -0.0362 -0.0518078
0 -0.0162719 -0.035547 -0.050846
0 -0.0159554 -0.0347752 -0.0497175
0 -0.0155975 -0.0338898 -0.0484294
0 -0.0151994 -0.0328987 -0.0469903
0 -0.0147642 -0.0318126 -0.0454114
0 -0.014297 -0.030645 -0.0437069
0 -0.0138038 -0.0294102 -0.0418928
0 -0.0132907 -0.0281224 -0.039986
0 -0.0127632 -0.0267948 -0.0380038
0 -0.0122264 -0.0254394 -0.035964
0 -0.0116848 -0.0240671 -0.0338843
0 -0.0111427 -0.0226865 -0.0317821
0 -0.010605 -0.0213051 -0.0296747
0 -0.0100774 -0.019932 -0.0275804
0 -0.00956663 -0.0185796 -0.0255193
0 -0.0090769 -0.0172635 -0.0235123
0 -0.00860864 -0.0159997 -0.0215787
0 -0.00815867 -0.0148011 -0.0197349
0 -0.00772312 -0.0136751 -0.0179944
0 -0.00730093 -0.0126254 -0.0163695
0 -0.00689601 -0.0116543 -0.0148735
0 -0.0065165 -0.0107649 -0.0135206
0 -0.00617143 -0.00996144 -0.0123236
0 -0.00586694 -0.00924773 -0.0112909
0 -0.00560485 -0.00862756 -0.0104258
0 -0.00538413 -0.0081051 -0.00972768
0 -0.00520295 -0.00768503 -0.00919374
0 -0.00505986 -0.00737139 -0.00881986
0 -0.00495374 -0.00716563 -0.00860036
0 -0.00488403 -0.00706578 -0.00852819
0 -0.00485126 -0.0070672 -0.0085955
0 -0.00485741 -0.00716406 -0.00879435
0 -0.00490551 -0.00735099 -0.00911758
0 -0.00499874 -0.00762466 -0.00955938
0 -0.00513914 -0.00798406 -0.010115
0 -0.00532628 -0.00842945 -0.0107799
0 -0.0055569 -0.00896083 -0.0115491
0 -0.00582592 -0.00957698 -0.0124176
0 -0.00612793 -0.010275 -0.0133814
0 -0.00645824 -0.0110501 -0.0144371
0 -0.0068131 -0.0118949 -0.0155817
0 -0.00718943 -0.0128004 -0.0168122
0 -0.00758454 -0.013757 -0.0181248
0 -0.00799577 -0.0147548 -0.0195143
0 -0.00842 -0.0157852 -0.0209744
0 -0.00885331 -0.0168401 -0.0224964
0 -0.00929111 -0.0179128 -0.0240702
0 -0.00972864 -0.0189972 -0.0256845
0 -0.0101615 -0.020088 -0.0273271
0 -0.0105853 -0.0211791 -0.0289848
0 -0.0109956 -0.0222615 -0.0306422
0 -0.0113873 -0.0233236 -0.032282
0 -0.0117573 -0.0243521 -0.0338862
0 -0.0121068 -0.0253351 -0.0354384
0 -0.0124408 -0.0262644 -0.0369256
0 -0.0127655 -0.0271366 -0.038337
0 -0.0130843 -0.0279521 -0.0396623
0 -0.0133947 -0.0287116 -0.0408887
0 -0.013689 -0.0294134 -0.0420013
0 -0.0139573 -0.0300529 -0.0429855
0 -0.0141924 -0.0306242 -0.0438305
0 -0.0143929 -0.031122 -0.0445317
0 -0.0145614 -0.0315418 -0.04509
0 -0.0147018 -0.031879 -0.0455089
0 -0.0148167 -0.0321296 -0.045793
0 -0.0149056 -0.0322909 -0.0459468
0 -0.0149662 -0.0323624 -0.045975
0 -0.0149945 -0.0323463 -0.0458827
0 -0.0149859 -0.0322458 -0.0456753
0 -0.014937 -0.0320652 -0.0453591
0 -0.0148477 -0.0318097 -0.0449417
0 -0.0147223 -0.0314862 -0.0444336
0 -0.0145685 -0.0311032 -0.0438472
0 -0.0143953 -0.0306703 -0.0431955
0 -0.0142102 -0.0301972 -0.0424904
0 -0.0140172 -0.0296927 -0.0417416
0 -0.0138163 -0.0291628 -0.0409549
0 -0.0136039 -0.0286106 -0.0401333
0 -0.0133767 -0.0280375 -0.0392789
0 -0.0131333 -0.0274439 -0.0383945
0 -0.0128754 -0.0268308 -0.0374846
0 -0.0126082 -0.0262007 -0.0365559
0 -0.0123398 -0.0255598 -0.035618
0 -0.0120791 -0.0249171 -0.0346822
0 -0.0118335 -0.0242838 -0.0337595
0 -0.0116066 -0.0236702 -0.032859
0 -0.0113972 -0.0230839 -0.0319862
0 -0.0112004 -0.0225281 -0.0311435
0 -0.0110097 -0.0220025 -0.0303317
0 -0.0108203 -0.021505 -0.0295525
0 -0.0106297 -0.0210321 -0.0288083
0 -0.0104379 -0.0205797 -0.0281021
0 -0.0102458 -0.0201425 -0.0274359
0 -0.0100549 -0.0197156 -0.0268109
0 -0.00986672 -0.0192954 -0.0262266
0 -0.00968298 -0.018881 -0.025682
0 -0.00950636 -0.018476 -0.0251767
0 -0.00934064 -0.0180883 -0.0247112
0 -0.00918962 -0.0177281 -0.0242867
0 -0.00905608 -0.0174054 -0.0239037
0 -0.00894131 -0.017128 -0.0235622
0 -0.00884522 -0.0169 -0.0232612
0 -0.00876706 -0.0167214 -0.0229995
0 -0.00870647 -0.0165892 -0.0227766
0 -0.00866393 -0.0164986 -0.0225933
0 -0.00864065 -0.0164449 -0.0224521
0 -0.0086378 -0.0164243 -0.0223565
0 -0.00865558 -0.0164349 -0.0223101
0 -0.0086923 -0.0164761 -0.0223161
0 -0.00874439 -0.0165482 -0.0223765
0 -0.00880741 -0.016652 -0.0224922
0 -0.00887722 -0.0167878 -0.0226631
0 -0.00895048 -0.0169543 -0.022888
0 -0.0090248 -0.0171483 -0.0231641
0 -0.0090991 -0.0173649 -0.0234874
0 -0.00917382 -0.0175989 -0.023853
0 -0.00925074 -0.0178456 -0.0242561
0 -0.00933225 -0.0181022 -0.0246912
0 -0.00942033 -0.0183675 -0.0251528
0 -0.00951569 -0.0186417 -0.0256343
0 -0.00961769 -0.0189253 -0.026129
0 -0.00972504 -0.0192192 -0.0266298
0 -0.00983644 -0.0195238 -0.0271308
0 -0.00995108 -0.0198385 -0.0276266
0 -0.0100688 -0.0201618 -0.0281134
0 -0.0101899 -0.0204908 -0.0285882
0 -0.0103149 -0.0208217 -0.0290493
0 -0.0104443 -0.0211507 -0.0294956
0 -0.0105775 -0.0214737 -0.0299265
0 -0.0107133 -0.0217873 -0.0303414
0 -0.0108491 -0.0220889 -0.0307398
0 -0.0109811 -0.0223758 -0.0311203
0 -0.0111042 -0.022645 -0.0314805
0 -0.0112131 -0.0228922 -0.0318169
0 -0.011303 -0.0231127 -0.0321255
0 -0.0113708 -0.0233014 -0.0324021
0 -0.0114161 -0.023454 -0.0326435
0 -0.0114411 -0.023568 -0.0328471
0 -0.01145 -0.0236432 -0.0330118
0 -0.0114475 -0.0236816 -0.0331365
0 -0.0114373 -0.0236868 -0.0332196
0 -0.0114211 -0.0236632 -0.0332591
0 -0.0113989 -0.0236149 -0.0332522
0 -0.0113691 -0.0235447 -0.0331955
0 -0.0113291 -0.0234531 -0.0330859
0 -0.0112772 -0.0233387 -0.032921
0 -0.0112128 -0.0231986 -0.0327001
0 -0.0111365 -0.0230296 -0.0324244
0 -0.0110499 -0.0228285 -0.0320963
0 -0.0109552 -0.0225944 -0.03172
0 -0.0108551 -0.0223289 -0.0313012
0 -0.0107512 -0.0220358 -0.0308462
0 -0.0106442 -0.0217204 -0.0303608
0 -0.0105335 -0.0213881 -0.0298508
0 -0.0104185 -0.0210449 -0.0293219
0 -0.0102994 -0.0206966 -0.0287806
0 -0.0101773 -0.0203483 -0.0282337
0 -0.0100534 -0.0200038 -0.0276878
0 -0.00992859 -0.0196649 -0.0271485
0 -0.00980327 -0.0193318 -0.0266204
0 -0.00967814 -0.0190047 -0.0261078
0 -0.00955551 -0.0186856 -0.0256162
0 -0.00943946 -0.0183791 -0.0251526
0 -0.00933402 -0.0180917 -0.0247243
0 -0.00924093 -0.0178291 -0.0243366
0 -0.00915884 -0.0175951 -0.0239918
0 -0.009085 -0.0173914 -0.0236905
0 -0.00901771 -0.0172188 -0.0234332
0 -0.0089577 -0.0170783 -0.0232216
0 -0.00890754 -0.0169705 -0.023058
0 -0.00887012 -0.0168952 -0.0229444
0 -0.00884715 -0.0168515 -0.0228814
0 -0.00883841 -0.0168375 -0.0228675
0 -0.00884216 -0.0168511 -0.0229
0 -0.00885725 -0.0168914 -0.0229766
0 -0.00888665 -0.0169625 -0.0230989
0 -0.00893888 -0.0170751 -0.0232749
0 -0.00902395 -0.0172435 -0.0235157
0 -0.00914687 -0.0174791 -0.0238298
0 -0.00930516 -0.0177869 -0.0242204
0 -0.00949181 -0.0181663 -0.0246874
0 -0.00969899 -0.0186124 -0.0252296
0 -0.00991928 -0.0191158 -0.0258447
0 -0.010146 -0.0196632 -0.0265288
0 -0.0103745 -0.0202399 -0.0272773
0 -0.0106044 -0.0208348 -0.0280878
0 -0.0108411 -0.0214445 -0.0289617
0 -0.0110927 -0.0220732 -0.0299023
0 -0.011365 -0.0227284 -0.0309112
0 -0.0116583 -0.0234174 -0.0319853
0 -0.0119678 -0.0241451 -0.0331171
0 -0.0122864 -0.0249133 -0.0342967
0 -0.0126085 -0.0257212 -0.0355149
0 -0.0129321 -0.0265647 -0.036764
0 -0.0132581 -0.0274358 -0.0380371
0 -0.0135872 -0.0283208 -0.0393254
0 -0.0139179 -0.0292024 -0.0406167
0 -0.0142464 -0.0300625 -0.0418966
0 -0.0145669 -0.0308855 -0.0431489
0 -0.0148728 -0.0316601 -0.0443572
0 -0.0151583 -0.0323793 -0.045506
0 -0.0154197 -0.0330412 -0.0465821
0 -0.0156562 -0.0336466 -0.0475749
0 -0.0158685 -0.0341975 -0.0484758
0 -0.0160581 -0.0346946 -0.0492774
0 -0.0162269 -0.0351375 -0.049974
0 -0.0163769 -0.0355246 -0.0505617
0 -0.0165091 -0.0358528 -0.0510375
0 -0.0166212 -0.0361168 -0.0513982
0 -0.0167084 -0.0363091 -0.0516397
0 -0.0167649 -0.0364226 -0.0517587
0 -0.0167859 -0.0364512 -0.0517538
0 -0.0167679 -0.036391 -0.0516255
0 -0.0167086 -0.0362391 -0.0513751
0 -0.0166068 -0.0359937 -0.0510043
0 -0.0164627 -0.0356547 -0.050515
0 -0.0162776 -0.035224 -0.0499098
0 -0.0160542 -0.0347052 -0.0491912
0 -0.015795 -0.0341027 -0.0483618
0 -0.0155027 -0.0334218 -0.0474236
0 -0.0151801 -0.0326676 -0.0463791
0 -0.0148301 -0.0318454 -0.0452313
0 -0.0144559 -0.0309606 -0.0439844
0 -0.0140607 -0.0300186 -0.0426433
0 -0.0136476 -0.029025 -0.0412144
0 -0.013219 -0.027985 -0.0397045
0 -0.0127768 -0.0269038 -0.0381213
0 -0.0123232 -0.025787 -0.0364739
0 -0.0118612 -0.0246419 -0.0347735
0 -0.0113961 -0.0234779 -0.0330346
0 -0.0109347 -0.0223061 -0.0312738
0 -0.0104833 -0.0211369 -0.0295077
0 -0.0100449 -0.0199787 -0.0277504
0 -0.00961827 -0.0188367 -0.0260126
0 -0.00919887 -0.0177153 -0.0243032
0 -0.00878209 -0.01662 -0.0226321
0 -0.00836657 -0.0155586 -0.0210119
0 -0.00795512 -0.0145384 -0.0194572
0 -0.00755321 -0.0135655 -0.0179823
0 -0.00716723 -0.0126443 -0.0166001
0 -0.00680317 -0.0117794 -0.0153216
0 -0.00646589 -0.0109757 -0.0141555
0 -0.00615853 -0.0102395 -0.0131083
0 -0.00588266 -0.00957738 -0.0121839
0 -0.00563896 -0.00899606 -0.0113848
0 -0.00542815 -0.00850164 -0.0107122
0 -0.00525143 -0.00809876 -0.0101669
0 -0.00510989 -0.00778946 -0.00974856
0 -0.0050037 -0.00757218 -0.0094549
0 -0.00493197 -0.00744217 -0.00928191
0 -0.00489355 -0.00739299 -0.00922466
0 -0.00488776 -0.00741836 -0.00927828
0 -0.00491491 -0.00751395 -0.00943865
0 -0.00497609 -0.00767835 -0.0097026
0 -0.00507188 -0.0079123 -0.0100673
0 -0.00520048 -0.00821612 -0.0105285
0 -0.00535669 -0.00858727 -0.0110791
0 -0.0055333 -0.0090196 -0.0117098
0 -0.00572395 -0.00950467 -0.0124107
0 -0.00592586 -0.0100342 -0.0131742
0 -0.00614089 -0.010602 -0.0139962
0 -0.00637351 -0.011205 -0.0148744
0 -0.00662634 -0.01184 -0.0158058
0 -0.00689685 -0.0125023 -0.0167829
0 -0.00717806 -0.0131851 -0.0177948
0 -0.0074619 -0.0138809 -0.0188293
0 -0.0077423 -0.0145829 -0.0198754
0 -0.00801655 -0.0152856 -0.0209244
0 -0.00828506 -0.0159848 -0.02197
0 -0.00854971 -0.0166777 -0.0230073
0 -0.00881209 -0.0173622 -0.0240321
0 -0.00907251 -0.0180364 -0.0250399
0 -0.00933023 -0.0186983 -0.0260256
0 -0.00958418 -0.0193456 -0.0269843
0 -0.00983353 -0.0199759 -0.0279116
0 -0.0100783 -0.0205872 -0.0288042
0 -0.0103192 -0.0211783 -0.02966
0 -0.0105573 -0.0217487 -0.0304781
0 -0.0107928 -0.0222985 -0.0312581
0 -0.0110251 -0.0228279 -0.0319998
0 -0.0112527 -0.0233374 -0.0327034
0 -0.011474 -0.0238272 -0.0333696
0 -0.0116872 -0.0242972 -0.0339999
0 -0.011891 -0.0247471 -0.0345958
0 -0.0120843 -0.0251759 -0.0351595
0 -0.0122666 -0.0255827 -0.0356935
0 -0.0124378 -0.0259665 -0.0362002
0 -0.0125981 -0.0263266 -0.036682
0 -0.0127479 -0.026663 -0.0371409
0 -0.0128869 -0.0269759 -0.037578
0 -0.0130147 -0.0272659 -0.0379938
0 -0.0131312 -0.027534 -0.0383881
0 -0.0132364 -0.0277816 -0.0387604
0 -0.0133307 -0.0280098 -0.0391099
0 -0.0134139 -0.0282186 -0.0394345
0 -0.0134849 -0.0284061 -0.0397308
0 -0.0135423 -0.0285692 -0.0399939
0 -0.0135849 -0.028704 -0.0402193
0 -0.0136126 -0.0288072 -0.0404027
0 -0.0136263 -0.0288764 -0.0405406
0 -0.0136266 -0.02891 -0.0406297
0 -0.0136143 -0.0289072 -0.0406671
0 -0.0135895 -0.0288678 -0.0406499
0 -0.0135513 -0.0287914 -0.0405748
0 -0.0134976 -0.0286763 -0.0404377
0 -0.0134253 -0.0285199 -0.0402341
0 -0.0133324 -0.0283187 -0.0399605
0 -0.0132191 -0.0280713 -0.0396157
0 -0.0130891 -0.0277788 -0.0392023
0 -0.0129474 -0.0274448 -0.0387248
0 -0.0127973 -0.0270737 -0.0381882
0 -0.0126399 -0.0266693 -0.0375962
0 -0.0124741 -0.0262353 -0.0369521
0 -0.0122985 -0.0257751 -0.0362599
0 -0.0121124 -0.0252921 -0.0355244
0 -0.0119159 -0.0247891 -0.0347515
0 -0.0117099 -0.0242683 -0.0339478
0 -0.0114968 -0.0237319 -0.0331207
0 -0.01128 -0.0231836 -0.032279
0 -0.0110644 -0.0226289 -0.0314328
0 -0.0108544 -0.0220745 -0.0305919
0 -0.0106529 -0.0215274 -0.0297656
0 -0.0104612 -0.0209945 -0.0289615
0 -0.0102784 -0.0204811 -0.0281858
0 -0.0101024 -0.0199911 -0.0274427
0 -0.00993087 -0.0195267 -0.0267361
0 -0.00976252 -0.0190894 -0.0260695
0 -0.00959782 -0.0186799 -0.0254471
0 -0.00943863 -0.0182986 -0.0248729
0 -0.00928811 -0.0179462 -0.0243511
0 -0.00915043 -0.0176245 -0.0238862
0 -0.00902981 -0.0173368 -0.0234822
0 -0.00892934 -0.0170876 -0.0231424
0 -0.00885051 -0.0168816 -0.022869
0 -0.00879336 -0.0167238 -0.022663
0 -0.00875679 -0.0166178 -0.0225245
0 -0.00873891 -0.0165649 -0.0224524
0 -0.00873781 -0.0165641 -0.022445
0 -0.00875246 -0.0166124 -0.0225008
0 -0.00878288 -0.0167058 -0.0226183
0 -0.00882951 -0.0168397 -0.0227961
0 -0.00889237 -0.0170096 -0.0230322
0 -0.0089705 -0.0172112 -0.0233236
0 -0.00906182 -0.0174408 -0.0236661
0 -0.00916344 -0.0176951 -0.0240548
0 -0.00927219 -0.0179714 -0.0244837
0 -0.00938538 -0.018267 -0.024947
0 -0.00950168 -0.01858 -0.0254391
0 -0.0096218 -0.01891 -0.0259562
0 -0.00974818 -0.0192573 -0.026496
0 -0.00988354 -0.0196228 -0.0270567
0 -0.0100292 -0.0200062 -0.0276354
0 -0.0101838 -0.0204049 -0.0282279
0 -0.0103443 -0.0208142 -0.028828
0 -0.0105067 -0.0212283 -0.0294292
0 -0.0106678 -0.0216415 -0.030026
0 -0.0108265 -0.0220496 -0.0306146
0 -0.0109838 -0.0224504 -0.0311937
0 -0.0111418 -0.0228435 -0.0317631
0 -0.011302 -0.0232298 -0.0323232
0 -0.0114649 -0.0236102 -0.0328736
0 -0.0116294 -0.0239856 -0.0334134
0 -0.0117929 -0.0243562 -0.0339411
0 -0.0119517 -0.0247204 -0.0344538
0 -0.012102 -0.0250753 -0.0349487
0 -0.0122413 -0.0254166 -0.0354228
0 -0.0123686 -0.0257397 -0.0358742
0 -0.0124841 -0.0260405 -0.0363013
0 -0.0125896 -0.026316 -0.0367032
0 -0.0126871 -0.0265655 -0.0370795
0 -0.0127786 -0.0267903 -0.0374301
0 -0.012865 -0.026993 -0.0377545
0 -0.0129462 -0.0271772 -0.0380515
0 -0.0130213 -0.0273458 -0.0383201
0 -0.0130888 -0.0275007 -0.0385583
0 -0.0131459 -0.0276403 -0.0387633
0 -0.0131893 -0.0277599 -0.0389307
0 -0.0132165 -0.0278531 -0.0390565
0 -0.0132268 -0.0279131 -0.0391375
0 -0.0132209 -0.0279346 -0.0391717
0 -0.0132009 -0.027915 -0.0391584
0 -0.0131698 -0.0278551 -0.0390981
0 -0.0131297 -0.0277582 -0.0389918
0 -0.0130814 -0.0276291 -0.0388399
0 -0.0130241 -0.0274729 -0.0386428
0 -0.0129564 -0.0272934 -0.0384003
0 -0.0128763 -0.0270926 -0.038112
0 -0.0127824 -0.0268697 -0.0377778
0 -0.0126745 -0.0266226 -0.0373983
0 -0.012554 -0.0263486 -0.0369755
0 -0.0124233 -0.026046 -0.0365124
0 -0.0122854 -0.0257147 -0.036013
0 -0.012143 -0.0253573 -0.0354824
0 -0.0119978 -0.0249781 -0.0349254
0 -0.01185 -0.0245826 -0.0343466
0 -0.011699 -0.0241763 -0.03375
0 -0.0115444 -0.0237648 -0.03314
0 -0.0113867 -0.0233527 -0.0325217
0 -0.0112273 -0.0229438 -0.0319005
0 -0.0110687 -0.0225411 -0.0312823
0 -0.0109137 -0.0221469 -0.0306734
0 -0.0107647 -0.0217633 -0.0300796
0 -0.0106237 -0.0213923 -0.0295067
0 -0.0104904 -0.0210348 -0.0289583
0 -0.0103624 -0.0206904 -0.028436
0 -0.0102358 -0.0203573 -0.0279393
0 -0.0101068 -0.0200334 -0.0274667
0 -0.00997384 -0.019717 -0.0270174
0 -0.00983772 -0.0194081 -0.0265917
0 -0.00970178 -0.0191081 -0.0261909
0 -0.00957028 -0.0188195 -0.0258164
0 -0.00944701 -0.0185452 -0.0254689
0 -0.00933472 -0.0182881 -0.0251485
0 -0.00923519 -0.0180519 -0.0248546
0 -0.00914962 -0.0178406 -0.0245874
0 -0.00907919 -0.0176589 -0.0243478
0 -0.00902539 -0.0175113 -0.024138
0 -0.00898946 -0.0174017 -0.0239612
0 -0.0089713 -0.0173316 -0.0238203
0 -0.00896878 -0.0172991 -0.0237165
0 -0.00897854 -0.0172999 -0.0236506
0 -0.00899741 -0.0173286 -0.0236228
0 -0.00902334 -0.0173799 -0.0236342
0 -0.00905621 -0.0174506 -0.0236872
0 -0.00909828 -0.0175409 -0.0237858
0 -0.00915301 -0.0176544 -0.023935
0 -0.00922244 -0.0177957 -0.0241383
0 -0.00930576 -0.0179685 -0.0243964
0 -0.00940039 -0.018175 -0.0247077
0 -0.00950412 -0.0184169 -0.0250699
0 -0.00961601 -0.0186946 -0.0254812
0 -0.0097356 -0.0190064 -0.0259385
0 -0.00986198 -0.019348 -0.0264377
0 -0.009994 -0.0197137 -0.0269736
0 -0.0101309 -0.020097 -0.0275407
0 -0.0102724 -0.0204923 -0.0281336
0 -0.0104181 -0.0208945 -0.0287466
0 -0.0105673 -0.0213 -0.0293738
0 -0.0107194 -0.021706 -0.0300093
0 -0.0108734 -0.0221108 -0.0306471
0 -0.011028 -0.0225132 -0.0312812
0 -0.0111816 -0.0229119 -0.0319055
0 -0.0113326 -0.023305 -0.0325143
0 -0.0114801 -0.0236901 -0.0331022
0 -0.011623 -0.0240639 -0.0336641
0 -0.0117609 -0.0244226 -0.0341958
0 -0.0118932 -0.0247624 -0.0346935
0 -0.012019 -0.0250793 -0.0351538
0 -0.0121372 -0.02537 -0.0355738
0 -0.0122457 -0.0256315 -0.0359507
0 -0.0123425 -0.0258613 -0.0362817
0 -0.0124252 -0.0260574 -0.0365644
0 -0.0124921 -0.0262178 -0.036797
0 -0.0125423 -0.0263418 -0.0369782
0 -0.0125769 -0.0264297 -0.0371087
0 -0.0125981 -0.0264836 -0.0371903
0 -0.0126081 -0.0265058 -0.0372251
0 -0.0126072 -0.0264975 -0.037214
0 -0.0125941 -0.0264587 -0.0371564
0 -0.0125664 -0.0263878 -0.0370508
0 -0.0125223 -0.0262835 -0.0368963
0 -0.0124611 -0.0261443 -0.0366926
0 -0.012383 -0.0259691 -0.0364396
0 -0.0122886 -0.0257566 -0.0361375
0 -0.0121786 -0.0255062 -0.0357865
0 -0.0120539 -0.025218 -0.0353869
0 -0.0119165 -0.0248946 -0.0349404
0 -0.0117698 -0.0245409 -0.0344507
0 -0.011618 -0.0241639 -0.0339229
0 -0.0114643 -0.0237713 -0.0333627
0 -0.0113112 -0.0233703 -0.032776
0 -0.0111608 -0.0229677 -0.0321694
0 -0.0110149 -0.0225693 -0.0315502
0 -0.0108752 -0.0221799 -0.0309264
0 -0.0107433 -0.0218034 -0.0303065
0 -0.0106206 -0.0214424 -0.029699
0 -0.0105077 -0.0210997 -0.0291128
0 -0.0104051 -0.0207775 -0.0285567
0 -0.0103129 -0.0204786 -0.028039
0 -0.0102302 -0.0202053 -0.027567
0 -0.010155 -0.0199591 -0.0271462
0 -0.0100844 -0.0197402 -0.0267801
0 -0.0100157 -0.0195482 -0.0264705
0 -0.0099476 -0.0193819 -0.0262184
0 -0.00988053 -0.0192404 -0.0260241
0 -0.00981618 -0.0191227 -0.0258868
0 -0.00975688 -0.019028 -0.0258041
0 -0.00970503 -0.018956 -0.0257728
0 -0.00966281 -0.018907 -0.0257882
0 -0.0096321 -0.0188821 -0.0258453
0 -0.00961444 -0.0188833 -0.025939
0 -0.009611 -0.0189126 -0.0260644
0 -0.0096225 -0.0189718 -0.0262169
0 -0.00964929 -0.0190619 -0.0263927
0 -0.0096917 -0.019183 -0.0265891
0 -0.0097505 -0.0193353 -0.0268052
0 -0.00982675 -0.0195183 -0.0270417
0 -0.00992122 -0.0197314 -0.027301
0 -0.0100336 -0.0199735 -0.0275854
0 -0.0101619 -0.0202423 -0.027897
0 -0.0103025 -0.0205342 -0.0282371
0 -0.0104502 -0.0208448 -0.0286057
0 -0.0106004 -0.0211691 -0.0290024
0 -0.0107487 -0.0215025 -0.0294266
0 -0.010892 -0.0218405 -0.0298769
0 -0.0110279 -0.0221788 -0.0303511
0 -0.011155 -0.0225132 -0.0308461
0 -0.0112723 -0.0228405 -0.0313573
0 -0.0113798 -0.0231579 -0.0318792
0 -0.0114779 -0.0234634 -0.0324053
0 -0.011568 -0.0237558 -0.0329284
0 -0.0116518 -0.0240345 -0.0334411
0 -0.0117322 -0.0242999 -0.0339361
0 -0.0118118 -0.0245533 -0.0344069
0 -0.0118929 -0.0247959 -0.0348474
0 -0.0119766 -0.025029 -0.0352523
0 -0.0120628 -0.025253 -0.035617
0 -0.0121501 -0.025467 -0.0359378
0 -0.0122358 -0.0256681 -0.0362115
0 -0.0123167 -0.0258517 -0.0364358
0 -0.0123896 -0.0260125 -0.03661
0 -0.0124525 -0.0261456 -0.0367351
0 -0.0125045 -0.0262472 -0.0368138
0 -0.0125451 -0.0263156 -0.0368499
0 -0.0125738 -0.02635 -0.0368474
0 -0.0125893 -0.0263511 -0.0368096
0 -0.0125902 -0.0263203 -0.0367392
0 -0.0125751 -0.0262594 -0.0366385
0 -0.0125437 -0.0261711 -0.0365093
0 -0.0124965 -0.0260575 -0.0363533
0 -0.0124344 -0.0259201 -0.036171
0 -0.0123579 -0.0257586 -0.0359614
0 -0.0122674 -0.0255718 -0.0357225
0 -0.0121635 -0.0253579 -0.0354518
0 -0.0120475 -0.0251162 -0.035147
0 -0.0119208 -0.0248464 -0.034806
0 -0.0117848 -0.0245488 -0.0344265
0 -0.0116405 -0.0242249 -0.0340071
0 -0.0114889 -0.0238766 -0.0335469
0 -0.0113309 -0.0235064 -0.0330456
0 -0.0111669 -0.0231165 -0.0325037
0 -0.0109975 -0.0227087 -0.0319223
0 -0.010823 -0.0222843 -0.0313034
0 -0.0106442 -0.0218444 -0.0306501
0 -0.0104623 -0.0213899 -0.0299663
0 -0.0102782 -0.0209222 -0.0292567
0 -0.010093 -0.0204425 -0.0285265
0 -0.00990695 -0.0199526 -0.0277805
0 -0.00972006 -0.0194545 -0.027024
0 -0.00953231 -0.0189505 -0.0262618
0 -0.00934391 -0.0184434 -0.0254991
0 -0.00915544 -0.0179372 -0.0247413
0 -0.00896777 -0.0174366 -0.0239943
0 -0.0087818 -0.016947 -0.0232642
0 -0.00859861 -0.0164733 -0.0225569
0 -0.00841971 -0.0160199 -0.0218784
0 -0.00824726 -0.0155905 -0.0212345
0 -0.00808398 -0.0151883 -0.0206312
0 -0.00793275 -0.0148163 -0.020074
0 -0.00779619 -0.0144773 -0.0195683
0 -0.00767626 -0.0141745 -0.0191184
0 -0.00757422 -0.013911 -0.0187282
0 -0.00749066 -0.01369 -0.018401
0 -0.00742583 -0.0135145 -0.0181394
0 -0.00737987 -0.0133872 -0.0179459
0 -0.00735305 -0.0133099 -0.0178223
0 -0.00734592 -0.013284 -0.0177706
0 -0.00735919 -0.0133099 -0.0177923
0 -0.00739353 -0.0133876 -0.0178885
0 -0.00744925 -0.0135168 -0.01806
0 -0.00752615 -0.0136967 -0.0183067
0 -0.00762326 -0.013926 -0.0186274
0 -0.00773876 -0.0142025 -0.0190198
0 -0.0078704 -0.0145234 -0.0194805
0 -0.00801608 -0.0148851 -0.0200053
0 -0.00817418 -0.0152842 -0.0205897
0 -0.00834351 -0.0157167 -0.0212288
0 -0.00852311 -0.0161786 -0.0219169
0 -0.00871216 -0.016666 -0.0226482
0 -0.00891018 -0.0171757 -0.0234168
0 -0.00911722 -0.0177057 -0.0242177
0 -0.00933342 -0.0182549 -0.0250461
0 -0.00955843 -0.0188229 -0.0258977
0 -0.00979115 -0.0194086 -0.0267678
0 -0.0100294 -0.0200096 -0.027651
0 -0.0102698 -0.0206207 -0.0285406
0 -0.010508 -0.0212345 -0.0294286
0 -0.0107403 -0.0218418 -0.030307
0 -0.0109638 -0.0224335 -0.0311681
0 -0.0111766 -0.0230007 -0.0320046
0 -0.0113777 -0.0235361 -0.0328095
0 -0.0115673 -0.0240347 -0.0335765
0 -0.0117462 -0.0244949 -0.0343005
0 -0.0119151 -0.0249176 -0.0349771
0 -0.0120738 -0.0253054 -0.0356017
0 -0.0122208 -0.0256607 -0.0361699
0 -0.0123551 -0.0259857 -0.0366779
0 -0.0124764 -0.0262818 -0.0371235
0 -0.0125855 -0.0265492 -0.0375062
0 -0.0126839 -0.0267874 -0.037827
0 -0.0127732 -0.0269952 -0.0380879
0 -0.0128544 -0.0271713 -0.038292
0 -0.0129278 -0.0273149 -0.0384427
0 -0.0129925 -0.0274257 -0.0385438
0 -0.0130466 -0.0275045 -0.0385991
0 -0.0130879 -0.027552 -0.0386123
0 -0.0131137 -0.0275693 -0.0385867
0 -0.0131222 -0.0275569 -0.0385256
0 -0.0131128 -0.0275155 -0.0384321
0 -0.013086 -0.0274458 -0.0383094
0 -0.0130437 -0.0273485 -0.0381603
0 -0.0129882 -0.0272249 -0.0379871
0 -0.0129221 -0.027077 -0.0377916
0 -0.0128478 -0.0269075 -0.037575
0 -0.012767 -0.0267198 -0.0373381
0 -0.0126815 -0.026518 -0.0370814
0 -0.0125926 -0.0263062 -0.0368056
0 -0.0125017 -0.026088 -0.0365117
0 -0.0124099 -0.0258663 -0.0362009
0 -0.0123178 -0.0256426 -0.0358745
0 -0.0122259 -0.0254174 -0.0355338
0 -0.0121343 -0.0251902 -0.0351809
0 -0.0120433 -0.0249606 -0.0348182
0 -0.011953 -0.024728 -0.0344483
0 -0.0118631 -0.0244919 -0.034074
0 -0.0117724 -0.0242518 -0.0336973
0 -0.0116795 -0.0240071 -0.0333197
0 -0.0115824 -0.023757 -0.032942
0 -0.0114797 -0.023501 -0.0325647
0 -0.0113706 -0.0232385 -0.0321879
0 -0.0112551 -0.0229694 -0.0318114
0 -0.0111335 -0.0226934 -0.031435
0 -0.011007 -0.022411 -0.0310581
0 -0.0108779 -0.0221238 -0.030681
0 -0.0107493 -0.0218345 -0.0303044
0 -0.0106241 -0.0215468 -0.0299297
0 -0.0105049 -0.0212645 -0.0295579
0 -0.0103933 -0.0209913 -0.0291902
0 -0.0102904 -0.0207306 -0.028828
0 -0.010197 -0.0204856 -0.0284732
0 -0.0101134 -0.0202587 -0.0281285
0 -0.0100403 -0.0200518 -0.0277972
0 -0.00997801 -0.0198661 -0.0274832
0 -0.00992681 -0.0197026 -0.0271911
0 -0.00988705 -0.0195623 -0.026926
0 -0.00985873 -0.019446 -0.0266933
0 -0.00984137 -0.0193548 -0.0264978
0 -0.00983404 -0.0192894 -0.026344
0 -0.00983568 -0.0192507 -0.026236
0 -0.00984536 -0.0192394 -0.026177
0 -0.00986248 -0.0192564 -0.0261697
0 -0.0098868 -0.019302 -0.0262159
0 -0.00991842 -0.0193765 -0.0263166
0 -0.00995768 -0.0194797 -0.0264714
0 -0.0100052 -0.0196113 -0.0266792
0 -0.0100617 -0.0197712 -0.026938
0 -0.0101281 -0.019959 -0.0272453
0 -0.0102051 -0.0201748 -0.0275977
0 -0.0102931 -0.020418 -0.0279915
0 -0.0103917 -0.0206877 -0.0284221
0 -0.0105003 -0.0209823 -0.0288845
0 -0.0106179 -0.0212996 -0.0293739
0 -0.0107439 -0.021637 -0.0298855
0 -0.0108776 -0.0219915 -0.0304149
0 -0.0110181 -0.0223597 -0.0309582
0 -0.0111647 -0.0227379 -0.0315113
0 -0.0113159 -0.0231225 -0.0320706
0 -0.0114702 -0.0235096 -0.0326323
0 -0.0116256 -0.0238958 -0.0331927
0 -0.0117802 -0.0242775 -0.033748
0 -0.0119318 -0.0246515 -0.0342945
0 -0.0120782 -0.0250148 -0.0348281
0 -0.0122177 -0.0253642 -0.0353452
0 -0.0123489 -0.0256968 -0.0358416
0 -0.0124704 -0.0260094 -0.0363135
0 -0.0125813 -0.0262992 -0.0367566
0 -0.0126805 -0.026563 -0.0371667
0 -0.0127675 -0.0267984 -0.0375393
0 -0.0128416 -0.0270029 -0.0378702
0 -0.0129025 -0.0271749 -0.0381556
0 -0.01295 -0.0273129 -0.0383915
0 -0.0129837 -0.0274159 -0.0385745
0 -0.0130034 -0.0274829 -0.0387016
0 -0.0130092 -0.0275133 -0.0387703
0 -0.013001 -0.0275068 -0.038779
0 -0.0129792 -0.0274634 -0.0387269
0 -0.0129443 -0.0273832 -0.0386141
0 -0.0128966 -0.0272666 -0.0384414
0 -0.0128364 -0.0271143 -0.0382103
0 -0.0127636 -0.0269268 -0.0379229
0 -0.0126781 -0.0267054 -0.0375816
0 -0.01258 -0.0264511 -0.0371895
0 -0.0124691 -0.0261653 -0.03675
0 -0.0123457 -0.0258495 -0.0362667
0 -0.0122102 -0.0255053 -0.0357436
0 -0.0120632 -0.0251347 -0.0351847
0 -0.0119056 -0.0247397 -0.0345942
0 -0.0117382 -0.0243227 -0.0339761
0 -0.011562 -0.0238859 -0.0333341
0 -0.011378 -0.0234318 -0.0326718
0 -0.0111867 -0.0229624 -0.0319921
0 -0.0109893 -0.0224801 -0.0312979
0 -0.0107868 -0.021987 -0.0305917
0 -0.0105803 -0.0214853 -0.0298759
0 -0.0103707 -0.0209766 -0.0291525
0 -0.0101588 -0.0204625 -0.0284232
0 -0.0099457 -0.0199448 -0.0276899
0 -0.00973313 -0.0194258 -0.0269547
0 -0.0095237 -0.0189088 -0.0262211
0 -0.00932066 -0.0183982 -0.0254933
0 -0.00912687 -0.0178993 -0.0247758
0 -0.00894403 -0.0174175 -0.0240734
0 -0.00877255 -0.0169583 -0.023391
0 -0.00861212 -0.0165262 -0.0227335
0 -0.00846216 -0.0161248 -0.0221064
0 -0.00832211 -0.0157556 -0.0215151
0 -0.00819167 -0.0154184 -0.0209647
0 -0.00807116 -0.0151121 -0.0204604
0 -0.00796138 -0.0148353 -0.0200074
0 -0.00786333 -0.0145871 -0.0196099
0 -0.00777798 -0.0143681 -0.0192718
0 -0.00770618 -0.0141802 -0.0189963
0 -0.00764843 -0.0140267 -0.0187854
0 -0.0076049 -0.0139114 -0.0186402
0 -0.0075757 -0.0138377 -0.0185607
0 -0.00756134 -0.0138087 -0.0185464
0 -0.00756306 -0.0138262 -0.0185966
0 -0.00758253 -0.0138913 -0.0187104
0 -0.00762128 -0.0140037 -0.0188864
0 -0.00768015 -0.014162 -0.0191226
0 -0.00775915 -0.0143641 -0.0194169
0 -0.00785757 -0.0146073 -0.0197665
0 -0.0079741 -0.0148893 -0.0201688
0 -0.00810689 -0.0152075 -0.0206209
0 -0.00825382 -0.0155593 -0.0211199
0 -0.00841294 -0.0159421 -0.0216629
0 -0.00858286 -0.0163537 -0.0222475
0 -0.00876263 -0.0167918 -0.0228714
0 -0.00895139 -0.0172542 -0.0235321
0 -0.00914814 -0.0177381 -0.0242268
0 -0.00935168 -0.0182411 -0.0249523
0 -0.0095606 -0.0187605 -0.0257051
0 -0.00977333 -0.0192937 -0.0264812
0 -0.00998838 -0.0198379 -0.0272765
0 -0.0102045 -0.0203901 -0.0280864
0 -0.0104209 -0.0209471 -0.0289066
0 -0.0106372 -0.0215056 -0.0297323
0 -0.0108533 -0.0220626 -0.0305592
0 -0.0110692 -0.0226153 -0.0313829
0 -0.0112845 -0.0231614 -0.0321989
0 -0.0114987 -0.0236987 -0.0330027
0 -0.0117108 -0.0242251 -0.0337897
0 -0.0119196 -0.0247386 -0.0345553
0 -0.0121236 -0.0252371 -0.0352948
0 -0.0123211 -0.0257184 -0.0360042
0 -0.0125104 -0.02618 -0.0366797
0 -0.0126904 -0.026619 -0.0373178
0 -0.0128598 -0.0270325 -0.0379155
0 -0.0130177 -0.0274173 -0.0384703
0 -0.0131631 -0.0277705 -0.0389795
0 -0.0132949 -0.0280895 -0.0394407
0 -0.0134118 -0.0283718 -0.0398515
0 -0.0135124 -0.0286154 -0.0402094
0 -0.0135958 -0.0288188 -0.0405123
0 -0.0136609 -0.0289809 -0.0407581
0 -0.0137075 -0.0291008 -0.0409452
0 -0.0137353 -0.0291781 -0.041072
0 -0.0137446 -0.0292125 -0.0411376
0 -0.013736 -0.029204 -0.0411411
0 -0.0137102 -0.0291531 -0.0410823
0 -0.0136681 -0.0290605 -0.0409612
0 -0.0136107 -0.0289271 -0.0407784
0 -0.0135387 -0.0287544 -0.0405349
0 -0.0134528 -0.028544 -0.0402322
0 -0.0133536 -0.0282978 -0.0398724
0 -0.0132416 -0.0280177 -0.0394581
0 -0.0131176 -0.027706 -0.0389927
0 -0.0129822 -0.0273647 -0.0384798
0 -0.0128362 -0.0269962 -0.0379235
0 -0.0126806 -0.0266028 -0.0373284
0 -0.0125161 -0.0261868 -0.0366992
0 -0.0123438 -0.0257507 -0.0360407
0 -0.0121646 -0.0252973 -0.0353579
0 -0.0119795 -0.0248293 -0.0346558
0 -0.0117894 -0.0243496 -0.0339395
0 -0.0115956 -0.0238612 -0.0332137
0 -0.0113991 -0.0233672 -0.0324832
0 -0.0112014 -0.0228707 -0.0317525
0 -0.0110038 -0.0223746 -0.0310256
0 -0.0108078 -0.0218822 -0.0303069
0 -0.0106146 -0.0213965 -0.0296
0 -0.0104256 -0.0209206 -0.0289089
0 -0.0102419 -0.0204575 -0.0282371
0 -0.0100649 -0.0200103 -0.0275881
0 -0.00989581 -0.0195816 -0.0269652
0 -0.00973569 -0.0191742 -0.0263716
0 -0.00958555 -0.0187906 -0.0258106
0 -0.00944611 -0.0184333 -0.0252852
0 -0.00931788 -0.0181046 -0.0247982
0 -0.00920121 -0.0178063 -0.0243525
0 -0.00909651 -0.0175402 -0.023951
0 -0.00900427 -0.0173071 -0.0235962
0 -0.00892504 -0.0171079 -0.0232906
0 -0.00885937 -0.016943 -0.0230362
0 -0.00880769 -0.0168125 -0.0228348
0 -0.00877023 -0.0167168 -0.0226876
0 -0.00874695 -0.0166558 -0.0225953
0 -0.00873761 -0.0166298 -0.0225579
0 -0.00874182 -0.0166387 -0.022575
0 -0.00875915 -0.0166825 -0.0226456
0 -0.00878924 -0.0167608 -0.0227683
0 -0.00883181 -0.0168729 -0.0229414
0 -0.0088867 -0.0170178 -0.0231627
0 -0.00895382 -0.0171941 -0.0234299
0 -0.00903297 -0.0174003 -0.0237405
0 -0.00912382 -0.0176346 -0.0240916
0 -0.00922576 -0.0178951 -0.0244802
0 -0.00933795 -0.0181799 -0.0249031
0 -0.00945927 -0.0184869 -0.0253569
0 -0.00958841 -0.018814 -0.0258382
0 -0.009724 -0.0191589 -0.0263437
0 -0.00986481 -0.0195192 -0.0268699
0 -0.0100097 -0.0198921 -0.0274135
0 -0.0101579 -0.0202749 -0.0279712
0 -0.0103085 -0.0206648 -0.0285399
0 -0.0104611 -0.0210586 -0.0291161
0 -0.010615 -0.0214536 -0.0296965
0 -0.0107694 -0.0218473 -0.0302775
0 -0.0109235 -0.0222372 -0.0308556
0 -0.0110759 -0.0226213 -0.0314271
0 -0.0112254 -0.0229974 -0.0319882
0 -0.0113708 -0.0233637 -0.0325353
0 -0.0115111 -0.0237182 -0.0330648
0 -0.0116455 -0.0240588 -0.0335732
0 -0.0117734 -0.0243834 -0.0340574
0 -0.0118943 -0.02469 -0.0345144
0 -0.0120078 -0.0249767 -0.0349414
0 -0.0121135 -0.0252416 -0.0353359
0 -0.0122107 -0.0254833 -0.0356955
0 -0.0122988 -0.0257005 -0.0360181
0 -0.0123769 -0.025892 -0.036302
0 -0.0124443 -0.0260571 -0.0365455
0 -0.0125006 -0.0261948 -0.0367476
0 -0.0125453 -0.0263044 -0.0369073
0 -0.0125781 -0.0263854 -0.0370242
0 -0.0125991 -0.0264373 -0.037098
0 -0.0126082 -0.0264599 -0.037129
0 -0.012606 -0.0264537 -0.0371178
