0 1.24439e-06 1.30628e-06 1.30166e-06
0 5.71371e-06 6.1802e-06 6.15327e-06
0 1.29167e-05 1.4672e-05 1.46122e-05
0 2.08796e-05 2.53963e-05 2.53835e-05
0 2.89818e-05 3.81264e-05 3.84563e-05
0 3.69093e-05 5.26462e-05 5.39375e-05
0 4.39095e-05 6.79762e-05 7.12099e-05
0 5.07087e-05 8.4369e-05 9.08207e-05
0 5.88693e-05 0.000102896 0.000113955
0 6.77197e-05 0.000122529 0.000139458
0 7.55461e-05 0.000141253 0.000164972
0 8.3702e-05 0.000160151 0.000191079
0 9.48884e-05 0.000181876 0.000219855
0 0.000107279 0.000204803 0.00024913
0 0.000115396 0.000223453 0.000273085
0 0.000116132 0.00023402 0.000287846
0 0.00011017 0.000235745 0.000292793
0 9.91912e-05 0.000228529 0.000287956
0 8.62156e-05 0.000213849 0.00027472
0 7.80113e-05 0.000197924 0.00025885
0 7.88352e-05 0.000186072 0.000244899
0 8.46681e-05 0.000176709 0.00023053
0 9.33703e-05 0.000170648 0.000216247
0 0.000109491 0.000175441 0.000210056
0 0.000133678 0.000194631 0.000216819
0 0.000160859 0.000225421 0.000235869
0 0.000185341 0.00026306 0.000265141
0 0.00019916 0.000298586 0.000298433
0 0.000194751 0.000321116 0.000327049
0 0.000172627 0.000325894 0.000347109
0 0.000140115 0.000314379 0.000358991
0 0.000103459 0.000287954 0.000360791
0 6.32684e-05 0.000244241 0.000345025
0 2.00098e-05 0.000182607 0.000305069
0 -1.83591e-05 0.000111775 0.000243969
0 -4.44803e-05 4.18648e-05 0.000167662
0 -5.84257e-05 -2.28194e-05 7.87733e-05
0 -5.90154e-05 -7.58766e-05 -1.48806e-05
0 -4.75751e-05 -0.000113276 -0.000104773
0 -3.86107e-05 -0.000145254 -0.000194146
0 -4.40871e-05 -0.00018204 -0.000284865
0 -5.48936e-05 -0.000215101 -0.000360345
0 -5.18285e-05 -0.000225846 -0.000396077
0 -2.72952e-05 -0.000205204 -0.000380401
0 7.55601e-06 -0.000160955 -0.000321903
0 3.56787e-05 -0.000107156 -0.000237948
0 4.78774e-05 -5.27602e-05 -0.000142076
0 3.68496e-05 -8.91683e-06 -5.02624e-05
0 -1.15455e-05 1.57336e-06 1.02233e-05
0 -0.000105625 -4.30146e-05 1.3561e-05
0 -0.000235529 -0.000148915 -5.07843e-05
0 -0.000376194 -0.000305617 -0.000177622
0 -0.000489047 -0.000482257 -0.000342827
0 -0.000538982 -0.00064013 -0.00051519
0 -0.000521891 -0.000759562 -0.000681234
0 -0.000462449 -0.000842166 -0.00084446
0 -0.000389651 -0.000893544 -0.00100543
0 -0.000321546 -0.000914098 -0.00115177
0 -0.000267152 -0.000903971 -0.00126469
0 -0.000236776 -0.000873732 -0.00133334
0 -0.00024382 -0.00084509 -0.0013602
0 -0.000291496 -0.000835261 -0.00135006
0 -0.000365163 -0.000845404 -0.00130193
0 -0.000442386 -0.00086611 -0.00121585
0 -0.00050282 -0.000883946 -0.00109795
0 -0.000528184 -0.000880285 -0.000955216
0 -0.000502879 -0.000832682 -0.000791084
0 -0.000421537 -0.000724755 -0.000609421
0 -0.000302591 -0.0005638 -0.000427302
0 -0.000187688 -0.000385663 -0.000277466
0 -0.000112107 -0.000229525 -0.000184016
0 -8.20127e-05 -0.000115074 -0.000143997
0 -7.91577e-05 -4.20646e-05 -0.000133639
0 -7.41638e-05 4.09439e-06 -0.000120717
0 -4.28732e-05 4.25962e-05 -7.88695e-05
0 2.05631e-05 8.66132e-05 8.39453e-07
0 0.000109175 0.000146343 0.000115733
0 0.000217006 0.000237424 0.000265113
0 0.000338237 0.000374073 0.000449121
0 0.00045934 0.000555868 0.000660042
0 0.000562801 0.000767631 0.000884255
0 0.000636842 0.000988108 0.00110992
0 0.000682597 0.00119968 0.00133302
0 0.000711629 0.00139134 0.00155521
0 0.000732728 0.00155159 0.00177198
0 0.000750335 0.00167125 0.00197267
0 0.000772443 0.00175362 0.00215046
0 0.000803201 0.00180683 0.00229723
0 0.000836294 0.00183457 0.00239865
0 0.00086462 0.00184149 0.00244449
0 0.000880774 0.00182972 0.00242903
0 0.000865434 0.00178388 0.00233807
0 0.000794993 0.00167641 0.00215371
0 0.000667107 0.00149361 0.00187728
0 0.000508016 0.00124766 0.00153661
0 0.000355115 0.000966342 0.00117096
0 0.000237464 0.00067959 0.000814475
0 0.000169189 0.00041495 0.000491654
0 0.000149784 0.000195494 0.000217911
0 0.00015878 2.82676e-05 -7.49975e-06
0 0.00015296 -0.000107269 -0.000208581
0 8.33549e-05 -0.000251005 -0.000421672
0 -7.68819e-05 -0.000439046 -0.000672822
0 -0.000325167 -0.000694597 -0.000972477
0 -0.000637251 -0.00102817 -0.00132143
0 -0.000963537 -0.00142292 -0.00170164
0 -0.00123917 -0.00183324 -0.00207785
0 -0.001419 -0.00221214 -0.00242378
0 -0.00149257 -0.00252617 -0.00273158
0 -0.0014698 -0.00274808 -0.00299616
0 -0.00137282 -0.00285904 -0.00320931
0 -0.00124284 -0.00286636 -0.00337202
0 -0.00112418 -0.00279644 -0.00348674
0 -0.00102135 -0.00265429 -0.00352183
0 -0.00089834 -0.00241711 -0.00341417
0 -0.000726876 -0.0020728 -0.00311774
0 -0.00050585 -0.00163187 -0.00262363
0 -0.000248782 -0.00111249 -0.00194874
0 1.45656e-05 -0.000544441 -0.00113866
0 0.000232557 1.88104e-05 -0.000274873
0 0.000362898 0.000523637 0.000555549
0 0.000411624 0.000952139 0.00130183
0 0.000414622 0.00130745 0.00193862
0 0.000394034 0.0015772 0.00243136
0 0.000373317 0.00175559 0.00275884
0 0.000418653 0.001893 0.00296247
0 0.0006042 0.00207009 0.00312015
0 0.00093822 0.00232683 0.00327626
0 0.0013513 0.00264208 0.00342367
0 0.00174517 0.0029651 0.00353744
0 0.00203468 0.0032408 0.00359904
0 0.00216584 0.0034198 0.00360117
0 0.00212366 0.00346882 0.00354902
0 0.00193198 0.00337754 0.00345733
0 0.00164366 0.00315911 0.00334306
0 0.00130659 0.00282873 0.00320054
0 0.000939987 0.00238705 0.00298788
0 0.000548982 0.00183416 0.00264976
0 0.000145281 0.00118633 0.00214612
0 -0.000252749 0.000471281 0.0014595
0 -0.00062615 -0.000281382 0.000594529
0 -0.000952539 -0.00103784 -0.000415416
0 -0.00120694 -0.00175911 -0.0015082
0 -0.00136991 -0.0024065 -0.00260361
0 -0.00143348 -0.00294529 -0.00361504
0 -0.00140575 -0.00335011 -0.004463
0 -0.0013229 -0.00362216 -0.00509929
0 -0.00125266 -0.00380023 -0.00552391
0 -0.00126988 -0.00394321 -0.00577286
0 -0.00141019 -0.00408839 -0.00587907
0 -0.00163723 -0.00421833 -0.00583918
0 -0.00187025 -0.00428117 -0.00563174
0 -0.00204313 -0.00423934 -0.00526196
0 -0.00212032 -0.00407946 -0.00476503
0 -0.00207819 -0.00379187 -0.00417753
0 -0.00190138 -0.00336668 -0.00352553
0 -0.00159125 -0.00280285 -0.00282763
0 -0.00116399 -0.00210886 -0.0020924
0 -0.000642741 -0.00129792 -0.00131407
0 -6.54776e-05 -0.000398883 -0.000487481
0 0.000497843 0.000522617 0.000364
0 0.000962169 0.00137552 0.00119198
0 0.00127682 0.00208938 0.0019606
0 0.00145171 0.00264483 0.00266825
0 0.00153459 0.00306022 0.00332846
0 0.00157955 0.00336974 0.00394735
0 0.00163383 0.00361583 0.00452138
0 0.0017258 0.00383678 0.00503559
0 0.0018558 0.00405194 0.00546157
0 0.00199473 0.00425167 0.00575867
0 0.00210601 0.0044108 0.00589424
0 0.00217493 0.00451381 0.00586946
0 0.00219963 0.00454739 0.00570646
0 0.00217036 0.00448476 0.00542294
0 0.00207955 0.0043018 0.00503703
0 0.00194168 0.00400333 0.00458372
0 0.00177556 0.00361041 0.0040961
0 0.00157084 0.00312684 0.00357144
0 0.00130051 0.00254596 0.00298241
0 0.000954032 0.0018758 0.0023097
0 0.000546581 0.00114292 0.00155344
0 0.00011058 0.00038278 0.000729441
0 -0.000318676 -0.000372655 -0.000139856
0 -0.000709278 -0.00109716 -0.00102717
0 -0.00103443 -0.00176694 -0.00189912
0 -0.00127447 -0.00235833 -0.00271696
0 -0.0014219 -0.0028507 -0.00344246
0 -0.00149003 -0.00323631 -0.00405004
0 -0.0015075 -0.00351918 -0.00452697
0 -0.00150837 -0.00371136 -0.00487034
0 -0.00152756 -0.00383439 -0.00508929
0 -0.00160109 -0.00392418 -0.00521092
0 -0.00176172 -0.00402919 -0.00528007
0 -0.00201374 -0.00418397 -0.00533492
0 -0.00231237 -0.00438045 -0.00538025
0 -0.00258799 -0.00457987 -0.00540015
0 -0.00279357 -0.00475269 -0.00539546
0 -0.00291301 -0.0048861 -0.005386
0 -0.00292956 -0.00495473 -0.00537439
0 -0.00280808 -0.00490426 -0.00532367
0 -0.00251611 -0.00467246 -0.00517388
0 -0.00206047 -0.00422887 -0.00487967
0 -0.00150202 -0.0035972 -0.00443321
0 -0.000923506 -0.00283303 -0.00384566
0 -0.000387031 -0.00198863 -0.00311922
0 7.3894e-05 -0.0011066 -0.00225047
0 0.000441368 -0.000229363 -0.0012499
0 0.000699127 0.000591733 -0.000158894
0 0.000829264 0.00129645 0.000947036
0 0.000821872 0.00182791 0.00197192
0 0.000696877 0.00215914 0.00283075
0 0.000526638 0.00232302 0.00348769
0 0.000420867 0.00240675 0.00396118
0 0.000470219 0.00250337 0.00428747
0 0.000703561 0.00267013 0.00448961
0 0.00109639 0.00293019 0.00458676
0 0.00160212 0.00329222 0.0046176
0 0.00217074 0.00375678 0.00464407
0 0.00275248 0.00430859 0.00473401
0 0.00328254 0.00489534 0.00492494
0 0.00366494 0.00541483 0.00519344
0 0.00378245 0.00572907 0.00545364
0 0.00355386 0.00572036 0.00560334
0 0.00299959 0.00535741 0.00558626
0 0.00221509 0.00467843 0.00537743
0 0.00129962 0.00373146 0.00493363
0 0.000343256 0.0025693 0.00420434
0 -0.00055058 0.00127702 0.00317742
0 -0.00127337 -3.24651e-05 0.00189144
0 -0.00175237 -0.00125474 0.000411868
0 -0.0019687 -0.00231388 -0.00118055
0 -0.0019406 -0.00315465 -0.00277997
0 -0.00171006 -0.00373871 -0.00425811
0 -0.00134591 -0.00405992 -0.00549134
0 -0.000938344 -0.00415169 -0.00638697
0 -0.00057565 -0.00406682 -0.00689029
0 -0.000322318 -0.00385161 -0.00697785
0 -0.00022029 -0.00355076 -0.00666215
0 -0.000295744 -0.0032194 -0.00600199
0 -0.000548141 -0.00290916 -0.0050924
0 -0.000939359 -0.00265123 -0.00404357
0 -0.0013984 -0.00245258 -0.00296546
0 -0.00183397 -0.00229565 -0.00195584
0 -0.00214731 -0.00213991 -0.00108748
0 -0.00225134 -0.00193368 -0.000401015
0 -0.00209058 -0.00162882 9.62441e-05
0 -0.00165215 -0.00118978 0.000429004
0 -0.000969029 -0.000601813 0.000647251
0 -0.000112748 0.000126367 0.000818502
0 0.000814988 0.00095635 0.00101017
0 0.00168968 0.00181441 0.00126494
0 0.00239637 0.00261784 0.00160657
0 0.00286828 0.0033089 0.00206038
0 0.00309306 0.00386061 0.00264762
0 0.00309192 0.00426155 0.00336144
0 0.00289069 0.00449423 0.00414396
0 0.00251536 0.00453694 0.00489344
0 0.00201636 0.00439346 0.00550479
0 0.00147033 0.00410033 0.00589446
0 0.000951238 0.00370048 0.00599875
0 0.000508911 0.00322014 0.00577218
0 0.000166741 0.00266947 0.00519318
0 -6.31399e-05 0.00206239 0.00428166
0 -0.00017119 0.00142644 0.00310771
0 -0.000167278 0.00078658 0.00176793
0 -8.87033e-05 0.000155708 0.00036305
0 1.78048e-05 -0.000454788 -0.00100497
0 0.000108536 -0.00103099 -0.00224132
0 0.000141315 -0.00156259 -0.00327307
0 8.02681e-05 -0.00204351 -0.00405531
0 -9.63798e-05 -0.0024704 -0.00457219
0 -0.000397509 -0.00284851 -0.00484143
0 -0.00082135 -0.00319648 -0.00491528
0 -0.00134865 -0.00353797 -0.00486664
0 -0.00193419 -0.00388618 -0.0047677
0 -0.00251088 -0.00423735 -0.00467733
0 -0.00299931 -0.00456634 -0.00463055
0 -0.00331822 -0.00482374 -0.00462994
0 -0.00340125 -0.00494884 -0.00465191
0 -0.00321694 -0.00489139 -0.00466139
0 -0.00278127 -0.00462616 -0.00462249
0 -0.00214803 -0.00415032 -0.00449648
0 -0.00138869 -0.0034747 -0.00423701
0 -0.000578467 -0.00262146 -0.003794
0 0.000207176 -0.00163062 -0.0031296
0 0.000894437 -0.000563976 -0.00223423
0 0.00142335 0.000506378 -0.0011273
0 0.00175757 0.00150989 0.00014477
0 0.00188964 0.00238632 0.00151205
0 0.00184359 0.00309398 0.00288964
0 0.0016685 0.00361331 0.00418457
0 0.00142793 0.00394801 0.00530454
0 0.00118948 0.00412473 0.00617072
0 0.00101611 0.00418876 0.00673143
0 0.000958246 0.00419028 0.00697028
0 0.00104908 0.00417398 0.00690797
0 0.00130027 0.00417927 0.00659968
0 0.00169419 0.00423353 0.00612492
0 0.0021785 0.00433745 0.00556689
0 0.00267603 0.00446652 0.00500073
0 0.0031055 0.0045861 0.00449241
0 0.00339495 0.00465852 0.00409033
0 0.0034963 0.00465275 0.00382402
0 0.00340051 0.00455828 0.0037104
0 0.00312927 0.00437956 0.00374464
0 0.00271618 0.00412147 0.0038878
0 0.00219917 0.00378584 0.00407118
0 0.00162323 0.00337832 0.00421406
0 0.00103998 0.00291193 0.00424034
0 0.000486129 0.00238862 0.00407432
0 -2.74154e-05 0.00179054 0.00364357
0 -0.000484648 0.00111229 0.00291758
0 -0.000831512 0.000397696 0.00194538
0 -0.000997053 -0.000272731 0.000838851
0 -0.000944339 -0.000825978 -0.000278396
0 -0.000678023 -0.00120532 -0.00128761
0 -0.00022945 -0.00136289 -0.00207415
0 0.000340224 -0.00127398 -0.00254702
0 0.00094419 -0.000947128 -0.00265396
0 0.00149488 -0.000413637 -0.00237521
0 0.00193243 0.000290091 -0.0017099
0 0.00223885 0.0011329 -0.000670355
0 0.00243331 0.0020885 0.000713207
0 0.00255827 0.00313184 0.00238661
0 0.00266977 0.004241 0.00427518
0 0.00282941 0.00540122 0.00629194
0 0.00309504 0.00661274 0.00834909
0 0.00350373 0.00788891 0.0103648
0 0.00403668 0.00921543 0.012243
0 0.00461219 0.0105187 0.013865
0 0.00512916 0.0116928 0.0151216
0 0.00549591 0.0126261 0.0159319
0 0.00562825 0.0131985 0.0162352
0 0.0054569 0.0132898 0.0159867
0 0.00495355 0.0128076 0.0151701
0 0.0041449 0.0117123 0.0138041
0 0.00309276 0.0100147 0.0119245
0 0.00186824 0.0077651 0.00956602
0 0.000538945 0.00504676 0.00675964
0 -0.00084169 0.00195923 0.00353039
0 -0.00223675 -0.00139547 -9.85974e-05
0 -0.00363831 -0.00491813 -0.00410003
0 -0.0050851 -0.00852629 -0.00844075
0 -0.00663616 -0.0121799 -0.0130697
0 -0.00833013 -0.0158925 -0.0179114
0 -0.0101616 -0.0196879 -0.0228566
0 -0.0120819 -0.0235578 -0.0277752
0 -0.0140211 -0.0274621 -0.0325518
0 -0.0159092 -0.0313458 -0.0370988
0 -0.0176782 -0.0351484 -0.0413491
0 -0.019233 -0.0387787 -0.0452213
0 -0.0204538 -0.0421132 -0.0486134
0 -0.0212317 -0.0450309 -0.0514343
0 -0.0214911 -0.0474394 -0.0536269
0 -0.0212132 -0.0492947 -0.0551895
0 -0.0204248 -0.0505807 -0.0561527
0 -0.0191584 -0.0512661 -0.0565315
0 -0.0174528 -0.0513041 -0.0563197
0 -0.0153842 -0.050667 -0.0555193
0 -0.0130907 -0.0493773 -0.0541679
0 -0.0107451 -0.0474884 -0.0523183
0 -0.00853046 -0.0450742 -0.0500267
0 -0.00667282 -0.0422904 -0.0474065
0 -0.0054097 -0.0393819 -0.044627
0 -0.00486088 -0.0365672 -0.0418071
0 -0.00492134 -0.0339148 -0.0389135
0 -0.00532619 -0.0313733 -0.0358192
0 -0.00586412 -0.0289466 -0.0325003
0 -0.00644756 -0.0267346 -0.0290896
0 -0.00693487 -0.0247368 -0.0256801
0 -0.00704841 -0.0227565 -0.0222218
0 -0.00657219 -0.0205913 -0.018696
0 -0.00552493 -0.0182178 -0.0152576
0 -0.00406813 -0.0157302 -0.0121222
0 -0.0023445 -0.0132001 -0.00940691
0 -0.000449424 -0.0106563 -0.00711914
0 0.0015688 -0.00808392 -0.00515852
0 0.00369679 -0.00542776 -0.00333216
0 0.00588461 -0.0026727 -0.00145995
0 0.0080187 0.000112634 0.000552793
0 0.00996272 0.00282275 0.00273322
0 0.0116047 0.00537105 0.00508031
0 0.0128959 0.00773038 0.00759995
0 0.0138406 0.00992468 0.0102962
0 0.0144385 0.011972 0.0131172
0 0.0146805 0.0138758 0.0159566
0 0.0145666 0.0156345 0.018684
0 0.0140787 0.0172042 0.0211341
0 0.013183 0.018492 0.0231241
0 0.0119032 0.0194272 0.024538
0 0.0103984 0.0200476 0.0254054
0 0.00894894 0.0204942 0.0258888
0 0.00783931 0.0209119 0.0261806
0 0.00725057 0.0213738 0.0264141
0 0.00722111 0.0218596 0.0266274
0 0.00766124 0.0222711 0.0267707
0 0.00842027 0.0224995 0.0267643
0 0.0093658 0.0225063 0.0265731
0 0.0103858 0.0223112 0.0261984
0 0.0113731 0.021953 0.0256509
0 0.0122739 0.0215192 0.0249936
0 0.0130558 0.0210997 0.0243043
0 0.0136209 0.0206921 0.0235843
0 0.0138353 0.0202225 0.0227789
0 0.0136033 0.0196109 0.0218423
0 0.0128752 0.0187768 0.0207366
0 0.0116309 0.0176257 0.0194098
0 0.00988212 0.0160599 0.0177955
0 0.00767418 0.0139909 0.015818
0 0.00510974 0.0113788 0.0134246
0 0.00236559 0.00826976 0.0106213
0 -0.000385524 0.00473661 0.00741617
0 -0.003047 0.000810492 0.00375999
0 -0.0055592 -0.00348793 -0.000409338
0 -0.0078482 -0.00809732 -0.00510347
0 -0.00981644 -0.0129017 -0.0102605
0 -0.0113663 -0.0177552 -0.0157608
0 -0.0124459 -0.0225227 -0.0214682
0 -0.0130806 -0.0271042 -0.0272596
0 -0.0133598 -0.031443 -0.0330259
0 -0.0134108 -0.035533 -0.03867
0 -0.0133618 -0.0394006 -0.0440909
0 -0.0132976 -0.0430654 -0.0491617
0 -0.0132562 -0.0465237 -0.0537545
0 -0.0132324 -0.0497379 -0.0577609
0 -0.0131751 -0.0526345 -0.0610744
0 -0.0130102 -0.0551207 -0.0635935
0 -0.0126747 -0.0571038 -0.0652514
0 -0.0121422 -0.0585076 -0.0660398
0 -0.0114414 -0.0592918 -0.0660203
0 -0.0106624 -0.0594664 -0.065322
0 -0.00994011 -0.0590865 -0.0641205
0 -0.00940938 -0.058226 -0.0625928
0 -0.00915454 -0.05696 -0.060874
0 -0.00919663 -0.0553779 -0.0590527
0 -0.00950072 -0.0535872 -0.0571781
0 -0.00998045 -0.0516945 -0.0552616
0 -0.0105163 -0.0497952 -0.0532917
0 -0.0109811 -0.0479662 -0.0512543
0 -0.0112564 -0.0462544 -0.0491417
0 -0.0112431 -0.0446672 -0.0469557
0 -0.0108639 -0.0431684 -0.0447027
0 -0.0100635 -0.0416805 -0.0423861
0 -0.00882576 -0.040112 -0.0400163
0 -0.00719619 -0.0383905 -0.0376292
0 -0.00528425 -0.0364825 -0.0352891
0 -0.00324206 -0.0343987 -0.0330685
0 -0.00122186 -0.0321797 -0.0310163
0 0.000648247 -0.0298846 -0.0291439
0 0.00226443 -0.027589 -0.027433
0 0.00354867 -0.0253777 -0.0258495
0 0.00444491 -0.0233429 -0.0243624
0 0.00492104 -0.0215766 -0.0229515
0 0.0049903 -0.0201432 -0.0215953
0 0.00472655 -0.0190527 -0.0202603
0 0.00424841 -0.0182644 -0.0189127
0 0.00369097 -0.0177058 -0.0175342
0 0.00318819 -0.017281 -0.0161255
0 0.0028542 -0.0168863 -0.0147122
0 0.00276125 -0.0164357 -0.0133485
0 0.00292942 -0.0158801 -0.0121085
0 0.00333306 -0.0152105 -0.0110679
0 0.00391663 -0.0144507 -0.0102842
0 0.00460302 -0.0136543 -0.00979055
0 0.0053007 -0.0129012 -0.00959754
0 0.00592316 -0.0122786 -0.00968821
0 0.00640291 -0.0118643 -0.0100201
0 0.00669076 -0.0117227 -0.0105421
0 0.0067516 -0.0119026 -0.0112122
0 0.0065607 -0.0124378 -0.012011
0 0.00610105 -0.0133489 -0.0129463
0 0.0053713 -0.0146375 -0.014045
0 0.00440975 -0.0162623 -0.0153245
0 0.00331067 -0.0181229 -0.0167673
0 0.00218865 -0.0200936 -0.0183422
0 0.00112935 -0.0220731 -0.0200373
0 0.000193593 -0.0239827 -0.0218433
0 -0.000552916 -0.0257381 -0.0237136
0 -0.00104977 -0.02726 -0.0255714
0 -0.00128656 -0.0285186 -0.0273555
0 -0.00130307 -0.0295331 -0.0290275
0 -0.0011566 -0.0303382 -0.0305517
0 -0.000895731 -0.030955 -0.0318805
0 -0.000542998 -0.0313743 -0.0329415
0 -0.000117847 -0.0315805 -0.0336643
0 0.000336341 -0.0315801 -0.0340152
0 0.000765868 -0.031392 -0.0339909
0 0.00111624 -0.0310432 -0.0336143
0 0.00132473 -0.0305821 -0.0329459
0 0.0013302 -0.030074 -0.0320763
0 0.00109013 -0.0295876 -0.0311088
0 0.000590997 -0.0291842 -0.0301451
0 -0.000147115 -0.0289094 -0.0292731
0 -0.00108007 -0.0287948 -0.0285672
0 -0.00215615 -0.0288712 -0.0281
0 -0.0033157 -0.0291653 -0.0279395
0 -0.00447359 -0.0296778 -0.0281212
0 -0.00551605 -0.0303722 -0.0286316
0 -0.00632941 -0.0311941 -0.029426
0 -0.00683767 -0.0320993 -0.0304579
0 -0.00702079 -0.0330671 -0.0316946
0 -0.00690488 -0.034089 -0.0331086
0 -0.00653783 -0.0351468 -0.0346581
0 -0.00597802 -0.0362053 -0.0362847
0 -0.00529673 -0.0372194 -0.0379256
0 -0.00457297 -0.03814 -0.0395145
0 -0.0038816 -0.0389184 -0.040979
0 -0.00328338 -0.0395125 -0.0422426
0 -0.00281623 -0.0398878 -0.0432267
0 -0.0024941 -0.0400184 -0.0438562
0 -0.00231548 -0.0398939 -0.0440712
0 -0.00227375 -0.0395261 -0.0438417
0 -0.00235951 -0.0389462 -0.0431709
0 -0.00254757 -0.0381866 -0.0420823
0 -0.00278712 -0.0372638 -0.0406059
0 -0.00301212 -0.0361812 -0.0387814
0 -0.00315783 -0.0349384 -0.0366654
0 -0.00317447 -0.0335398 -0.0343334
0 -0.00303957 -0.0320028 -0.0318804
0 -0.00275804 -0.0303583 -0.0294159
0 -0.00234352 -0.0286354 -0.0270426
0 -0.00180148 -0.0268527 -0.0248304
0 -0.00112758 -0.0250213 -0.0228074
0 -0.000315154 -0.0231524 -0.0209667
0 0.000633391 -0.0212657 -0.0192804
0 0.00169917 -0.0193917 -0.0177112
0 0.00284558 -0.017567 -0.0162208
0 0.00402294 -0.0158285 -0.0147753
0 0.00518088 -0.0142006 -0.0133433
0 0.0062801 -0.0126862 -0.011893
0 0.00729222 -0.0112704 -0.0103987
0 0.00819082 -0.00993283 -0.00885151
0 0.00894671 -0.00865778 -0.00726523
0 0.00953287 -0.00743575 -0.00567088
0 0.00993161 -0.00626152 -0.00410773
0 0.0101391 -0.00513333 -0.00261498
0 0.0101626 -0.00405743 -0.00123004
0 0.0100004 -0.00306793 -4.83199e-06
0 0.00963436 -0.00223308 0.000988617
0 0.00905067 -0.00163274 0.00167876
0 0.00825035 -0.00134398 0.00200503
0 0.00724738 -0.00143847 0.0019156
0 0.00606465 -0.00198122 0.00136395
0 0.0047299 -0.00303022 0.000305336
0 0.0032821 -0.00462531 -0.00129511
0 0.00178167 -0.00676587 -0.00344436
0 0.000303617 -0.00940346 -0.00611747
0 -0.00108397 -0.0124611 -0.00927417
0 -0.00233094 -0.0158502 -0.0128679
0 -0.0034104 -0.0194799 -0.016847
0 -0.00432402 -0.0232688 -0.0211559
0 -0.00509693 -0.0271445 -0.0257305
0 -0.00576998 -0.0310406 -0.0304954
0 -0.00639298 -0.0348922 -0.0353655
0 -0.00701462 -0.0386313 -0.0402434
0 -0.00766966 -0.042192 -0.0450151
0 -0.00837469 -0.0455226 -0.0495576
0 -0.00913657 -0.0485953 -0.0537576
0 -0.0099521 -0.0514005 -0.0575193
0 -0.010798 -0.0539269 -0.0607585
0 -0.0116336 -0.0561546 -0.0634069
0 -0.0124135 -0.0580582 -0.0654232
0 -0.0130965 -0.0596088 -0.0667986
0 -0.0136454 -0.0607709 -0.06755
0 -0.0140269 -0.0615018 -0.0677118
0 -0.0142161 -0.0617584 -0.0673308
0 -0.0141964 -0.0615039 -0.0664584
0 -0.0139642 -0.0607239 -0.065151
0 -0.0135383 -0.0594432 -0.063475
0 -0.0129552 -0.0577245 -0.0615011
0 -0.0122544 -0.0556527 -0.059291
0 -0.0114706 -0.0533231 -0.0568924
0 -0.0106418 -0.0508434 -0.0543527
0 -0.00981203 -0.0483294 -0.0517263
0 -0.00900892 -0.0458755 -0.0490579
0 -0.0082238 -0.0435276 -0.0463637
0 -0.00742047 -0.0412854 -0.0436401
0 -0.00655935 -0.0391221 -0.0408838
0 -0.00561909 -0.037007 -0.0381087
0 -0.0046054 -0.0349194 -0.0353509
0 -0.0035469 -0.0328521 -0.0326625
0 -0.00248808 -0.0308129 -0.0301057
0 -0.00147871 -0.0288219 -0.0277441
0 -0.000564617 -0.0269097 -0.0256299
0 0.00021248 -0.0251202 -0.0238001
0 0.000813804 -0.0235104 -0.0222793
0 0.00120722 -0.0221436 -0.0210808
0 0.00138394 -0.021069 -0.0201967
0 0.00138471 -0.0202908 -0.0195771
0 0.00128605 -0.0197744 -0.0191462
0 0.00116017 -0.0194803 -0.018841
0 0.0010683 -0.0193646 -0.0186158
0 0.00106422 -0.0193726 -0.0184348
0 0.00118696 -0.0194439 -0.018274
0 0.00145447 -0.0195197 -0.0181227
0 0.001861 -0.0195504 -0.0179809
0 0.00238086 -0.0194992 -0.0178529
0 0.00297344 -0.019345 -0.0177416
0 0.00358496 -0.0190873 -0.0176482
0 0.00415234 -0.0187477 -0.0175738
0 0.00461519 -0.0183625 -0.0175145
0 0.00493129 -0.0179694 -0.0174557
0 0.00508258 -0.0175993 -0.017374
0 0.00507306 -0.0172745 -0.0172441
0 0.00492597 -0.0170074 -0.0170439
0 0.00468062 -0.016798 -0.0167555
0 0.00438772 -0.0166326 -0.0163677
0 0.00410217 -0.0164861 -0.0158785
0 0.00387747 -0.0163236 -0.0152957
0 0.00376053 -0.0161046 -0.0146348
0 0.00378586 -0.0157901 -0.0139162
0 0.00397464 -0.0153461 -0.0131583
0 0.00433562 -0.0147458 -0.012371
0 0.00486114 -0.0139767 -0.0115567
0 0.00551738 -0.0130534 -0.0107212
0 0.0062427 -0.0120212 -0.00988024
0 0.00696492 -0.0109422 -0.00904968
0 0.0076182 -0.00987861 -0.00823786
0 0.0081489 -0.00888715 -0.00744875
0 0.00851834 -0.00801602 -0.00668749
0 0.00870265 -0.0073045 -0.00596592
0 0.00868732 -0.00678726 -0.00531041
0 0.00846318 -0.00649792 -0.0047663
0 0.00802847 -0.00646671 -0.00439369
0 0.00739206 -0.00671754 -0.00426012
0 0.00657165 -0.00726968 -0.00443566
0 0.00558952 -0.00814199 -0.00498933
0 0.00446771 -0.00935736 -0.00598704
0 0.00322677 -0.0109418 -0.00748606
0 0.00189354 -0.0129111 -0.0095197
0 0.000504103 -0.015262 -0.0120881
0 -0.000907673 -0.0179807 -0.0151683
0 -0.0023224 -0.0210563 -0.0187299
0 -0.00373565 -0.0244823 -0.0227401
0 -0.00514607 -0.0282444 -0.0271556
0 -0.00653915 -0.0322993 -0.0319082
0 -0.00789048 -0.036571 -0.0369115
0 -0.00919001 -0.0409699 -0.0420838
0 -0.0104469 -0.0454034 -0.0473485
0 -0.0116737 -0.0497779 -0.0526209
0 -0.01288 -0.0540117 -0.0578109
0 -0.0140705 -0.0580477 -0.0628311
0 -0.0152395 -0.0618538 -0.067597
0 -0.0163623 -0.0654135 -0.072024
0 -0.0173961 -0.068718 -0.0760307
0 -0.018288 -0.07176 -0.0795471
0 -0.0189885 -0.0745299 -0.0825258
0 -0.0194637 -0.0770185 -0.084952
0 -0.0196974 -0.0792137 -0.0868415
0 -0.0196843 -0.0810942 -0.0882302
0 -0.0194264 -0.082628 -0.0891632
0 -0.0189301 -0.0837722 -0.0896843
0 -0.0182022 -0.0844732 -0.0898244
0 -0.0172545 -0.0846748 -0.0895987
0 -0.0161102 -0.0843298 -0.0890091
0 -0.0148049 -0.0834037 -0.0880427
0 -0.0133801 -0.0818733 -0.0866678
0 -0.0118744 -0.0797318 -0.0848335
0 -0.010314 -0.0769968 -0.0824758
0 -0.00871129 -0.0737122 -0.0795284
0 -0.00707245 -0.0699445 -0.0759383
0 -0.00540287 -0.0657772 -0.0716811
0 -0.00370271 -0.0612952 -0.0667647
0 -0.00196174 -0.0565689 -0.0612276
0 -0.000171427 -0.0516524 -0.0551454
0 0.00165909 -0.0465869 -0.0486339
0 0.00350078 -0.0414032 -0.0418381
0 0.00531127 -0.0361229 -0.0349198
0 0.00704074 -0.0307604 -0.0280495
0 0.00863656 -0.0253345 -0.0213875
0 0.0100486 -0.0198793 -0.0150631
0 0.0112343 -0.0144468 -0.00916277
0 0.0121598 -0.00910496 -0.00373149
0 0.0127984 -0.00393428 0.00121867
0 0.01313 0.000977037 0.00569991
0 0.0131462 0.00554262 0.00974224
0 0.0128571 0.00968906 0.0133868
0 0.0122916 0.0133608 0.0166755
0 0.0114916 0.0165185 0.0196369
0 0.0105071 0.0191374 0.0222785
0 0.00939552 0.0212081 0.0245853
0 0.00822992 0.0227233 0.0265233
0 0.00709728 0.0236747 0.0280419
0 0.00607232 0.0240758 0.029078
0 0.00520473 0.0239634 0.029567
0 0.00452796 0.0233733 0.0294578
0 0.00405898 0.0223348 0.0287173
0 0.00378922 0.0208876 0.0273291
0 0.0036884 0.0190894 0.0253026
0 0.00371459 0.0170072 0.0226837
0 0.00381996 0.014704 0.0195548
0 0.00395599 0.0122345 0.0160283
0 0.00407343 0.00964626 0.0122365
0 0.00412236 0.0069788 0.00831813
0 0.00405747 0.00426687 0.00440714
0 0.00384408 0.00154482 0.000621646
0 0.00346077 -0.00115464 -0.00294034
0 0.00289678 -0.00380331 -0.00620547
0 0.00214876 -0.00637762 -0.00913113
0 0.00122212 -0.00885514 -0.0117044
0 0.000131633 -0.0112131 -0.0139375
0 -0.00110458 -0.0134337 -0.0158682
0 -0.00246856 -0.015509 -0.0175567
0 -0.0039339 -0.0174376 -0.0190716
0 -0.00545351 -0.0192172 -0.0204746
0 -0.00695874 -0.0208411 -0.0218096
0 -0.00836997 -0.0223014 -0.0231017
0 -0.00960689 -0.0235904 -0.0243576
0 -0.0105963 -0.0247014 -0.0255667
0 -0.0112797 -0.0256278 -0.0267039
0 -0.0116197 -0.0263627 -0.0277348
0 -0.0116066 -0.0269009 -0.0286222
0 -0.0112612 -0.0272411 -0.0293335
0 -0.0106333 -0.0273857 -0.0298429
0 -0.00979509 -0.02734 -0.0301332
0 -0.00883172 -0.0271103 -0.0301935
0 -0.00782792 -0.0266995 -0.0300145
0 -0.00686028 -0.0261083 -0.0295878
0 -0.005995 -0.0253404 -0.0289097
0 -0.00528387 -0.0244051 -0.0279833
0 -0.00475735 -0.0233169 -0.0268153
0 -0.00442072 -0.0220927 -0.0254151
0 -0.00425697 -0.0207523 -0.023797
0 -0.00423206 -0.0193185 -0.0219826
0 -0.0042997 -0.0178146 -0.0200015
0 -0.00440697 -0.0162625 -0.0178911
0 -0.00449908 -0.0146815 -0.0156956
0 -0.0045243 -0.0130879 -0.0134627
0 -0.00443865 -0.011495 -0.0112391
0 -0.00420801 -0.00991098 -0.00906887
0 -0.00380769 -0.0083354 -0.00699134
0 -0.00322204 -0.0067607 -0.00503451
0 -0.00244533 -0.00517665 -0.00321058
0 -0.00148389 -0.00357517 -0.00151761
0 -0.000358873 -0.00195528 5.64815e-05
0 0.000893524 -0.000325066 0.00153052
0 0.00222203 0.00129953 0.00292712
0 0.00356236 0.00289709 0.00426966
0 0.00484399 0.00444355 0.00557933
0 0.00599715 0.00591398 0.00687124
0 0.00695966 0.00728362 0.00815151
0 0.00768301 0.0085294 0.00941658
0 0.00813894 0.00963301 0.0106554
0 0.00832614 0.0105861 0.0118542
0 0.00827104 0.0113922 0.0129995
0 0.0080194 0.0120614 0.0140738
0 0.00762538 0.012603 0.0150515
0 0.00714404 0.0130218 0.0158996
0 0.00662598 0.0133168 0.0165804
0 0.00611255 0.0134799 0.0170548
0 0.00563353 0.0134966 0.0172849
0 0.0052061 0.0133469 0.0172378
0 0.00483438 0.013006 0.0168864
0 0.00451449 0.0124513 0.0162151
0 0.00424059 0.0116711 0.0152257
0 0.00400553 0.0106664 0.0139363
0 0.00379947 0.00944908 0.0123773
0 0.00360864 0.00803957 0.010587
0 0.00341577 0.00646466 0.00860843
0 0.00319982 0.00475397 0.00648497
0 0.00293452 0.00293463 0.00425524
0 0.00258993 0.00102855 0.00195053
0 0.00213563 -0.000948699 -0.000406454
0 0.00154419 -0.00298807 -0.00280241
0 0.000794691 -0.00508643 -0.00523249
0 -0.000124331 -0.00724479 -0.00769519
0 -0.00121202 -0.00946458 -0.0101865
0 -0.00245243 -0.0117442 -0.0126986
0 -0.00381118 -0.014076 -0.0152203
0 -0.00522922 -0.016439 -0.0177306
0 -0.00662405 -0.018793 -0.0201952
0 -0.00790767 -0.0210874 -0.0225751
0 -0.00900437 -0.0232725 -0.0248363
0 -0.00985766 -0.0253024 -0.0269512
0 -0.0104352 -0.0271383 -0.0288997
0 -0.010732 -0.0287527 -0.0306695
0 -0.0107683 -0.0301299 -0.0322546
0 -0.0105856 -0.0312659 -0.0336526
0 -0.0102379 -0.0321651 -0.0348597
0 -0.00978315 -0.0328355 -0.0358673
0 -0.00927662 -0.0332863 -0.0366605
0 -0.00876597 -0.0335246 -0.0372186
0 -0.0082882 -0.0335542 -0.0375172
0 -0.00787063 -0.0333779 -0.0375338
0 -0.00753266 -0.0329991 -0.0372528
0 -0.00728198 -0.0324226 -0.0366654
0 -0.00710821 -0.0316519 -0.035767
0 -0.006985 -0.0306888 -0.0345578
0 -0.00687884 -0.0295373 -0.0330488
0 -0.00675713 -0.0282076 -0.0312656
0 -0.0065938 -0.0267179 -0.0292501
0 -0.00637318 -0.0250957 -0.027059
0 -0.00608812 -0.0233737 -0.0247577
0 -0.00573406 -0.0215827 -0.0224099
0 -0.00530767 -0.0197514 -0.0200716
0 -0.00481017 -0.0179088 -0.0177912
0 -0.00424777 -0.0160843 -0.0156094
0 -0.00362737 -0.0143021 -0.0135563
0 -0.00295151 -0.0125772 -0.011647
0 -0.00221573 -0.0109132 -0.00987832
0 -0.00141337 -0.00930739 -0.00823301
0 -0.000546327 -0.00776071 -0.00669208
0 0.000370794 -0.0062803 -0.0052409
0 0.0013127 -0.00487567 -0.00386866
0 0.00224636 -0.00355538 -0.0025674
0 0.0031372 -0.002324 -0.00133002
0 0.00395536 -0.00117941 -0.000147987
0 0.00467853 -0.000113033 0.000988536
0 0.00529194 0.000886636 0.00208801
0 0.00578642 0.00182883 0.00315415
0 0.00615505 0.00271555 0.00418249
0 0.00639043 0.00353803 0.00515799
0 0.0064872 0.00427894 0.00605774
0 0.00644735 0.00491796 0.00685695
0 0.00628079 0.00543387 0.00753078
0 0.00600447 0.00580627 0.00805556
0 0.00564316 0.00601948 0.00841189
0 0.00522838 0.00606478 0.00858637
0 0.00479483 0.00594021 0.00857093
0 0.00437573 0.00564881 0.00836123
0 0.00399829 0.00519679 0.00795519
0 0.00368121 0.00459391 0.00735354
0 0.00343581 0.00385644 0.00656337
0 0.00326781 0.00300845 0.00560103
0 0.00317615 0.0020787 0.00449089
0 0.00315045 0.00109539 0.00326176
0 0.00317018 8.20773e-05 0.00194399
0 0.00320628 -0.00094448 0.000567569
0 0.00322368 -0.00197548 -0.00083971
0 0.00318417 -0.00301046 -0.00225468
0 0.00305131 -0.00405492 -0.00365988
0 0.00279722 -0.00511534 -0.0050419
0 0.00240886 -0.00619423 -0.00638809
0 0.00189259 -0.00728603 -0.00768207
0 0.00127193 -0.00837802 -0.00890437
0 0.000578766 -0.00945572 -0.0100391
0 -0.00015408 -0.0105061 -0.0110787
0 -0.000896778 -0.0115186 -0.0120247
0 -0.00162312 -0.0124849 -0.0128861
0 -0.00231003 -0.0133988 -0.0136773
0 -0.00293828 -0.014257 -0.0144162
0 -0.00349296 -0.0150581 -0.0151218
0 -0.00396267 -0.0158018 -0.015811
0 -0.00433938 -0.0164874 -0.0164959
0 -0.00461947 -0.0171147 -0.0171827
0 -0.00480488 -0.0176845 -0.0178721
0 -0.00490397 -0.0181999 -0.0185608
0 -0.00493006 -0.0186651 -0.0192408
0 -0.00489942 -0.0190846 -0.0198997
0 -0.00483082 -0.0194637 -0.0205225
0 -0.00474555 -0.0198087 -0.0210956
0 -0.00466598 -0.020127 -0.0216086
0 -0.00461296 -0.0204253 -0.0220549
0 -0.00460283 -0.020708 -0.0224308
0 -0.00464599 -0.0209764 -0.0227359
0 -0.00474649 -0.0212296 -0.022973
0 -0.0049017 -0.0214643 -0.0231474
0 -0.00510253 -0.0216752 -0.0232658
0 -0.00533212 -0.0218541 -0.0233335
0 -0.00556439 -0.0219867 -0.0233497
0 -0.00576751 -0.0220553 -0.0233087
0 -0.00591156 -0.0220438 -0.0232039
0 -0.00597378 -0.0219413 -0.0230305
0 -0.00593959 -0.0217414 -0.0227849
0 -0.0058048 -0.0214435 -0.0224662
0 -0.00557796 -0.0210551 -0.0220782
0 -0.00527823 -0.0205902 -0.0216289
0 -0.00493083 -0.0200661 -0.0211278
0 -0.00456311 -0.0195009 -0.0205844
0 -0.00420274 -0.0189141 -0.0200089
0 -0.00387508 -0.0183251 -0.0194128
0 -0.00359812 -0.0177498 -0.0188054
0 -0.00337835 -0.0171965 -0.0181912
0 -0.00321037 -0.0166654 -0.0175692
0 -0.00308206 -0.0161524 -0.0169374
0 -0.00297955 -0.0156534 -0.0162969
0 -0.00288918 -0.015165 -0.0156513
0 -0.00279789 -0.0146838 -0.0150063
0 -0.00269257 -0.0142055 -0.0143662
0 -0.00255988 -0.0137234 -0.0137332
0 -0.00238725 -0.0132291 -0.0131065
0 -0.00216409 -0.0127133 -0.0124831
0 -0.00188277 -0.0121666 -0.0118578
0 -0.00153807 -0.0115792 -0.0112223
0 -0.00112587 -0.0109397 -0.0105639
0 -0.000643877 -0.0102368 -0.0098663
0 -9.3892e-05 -0.00946096 -0.00911265
0 0.00051682 -0.00860589 -0.00828712
0 0.00117477 -0.00766929 -0.00737658
0 0.00186127 -0.00665244 -0.00637101
0 0.00255503 -0.00555975 -0.00526391
0 0.00323287 -0.00440014 -0.00405468
0 0.00386864 -0.00318928 -0.00275191
0 0.00443524 -0.00194879 -0.00137337
0 0.00491019 -0.000702794 5.69033e-05
0 0.00527769 0.000522783 0.00150928
0 0.00552729 0.00169872 0.00294746
0 0.00565566 0.00279489 0.00433118
0 0.00566909 0.00378416 0.00562057
0 0.00558184 0.0046426 0.00677726
0 0.00541263 0.00534827 0.00776437
0 0.00518327 0.00588234 0.00854866
0 0.00491766 0.00623068 0.00910298
0 0.00463942 0.00638379 0.00940702
0 0.00436875 0.00633565 0.00944684
0 0.00411862 0.00608135 0.00921302
0 0.00389228 0.00561625 0.00869945
0 0.0036832 0.00493732 0.00790407
0 0.00347797 0.00404533 0.00683085
0 0.00326026 0.00294695 0.00549202
0 0.00301386 0.00165561 0.0039088
0 0.00272402 0.000190501 0.00211035
0 0.00237751 -0.00142578 0.000130955
0 0.0019637 -0.00316858 -0.00199172
0 0.0014766 -0.0050109 -0.00421746
0 0.000914467 -0.00692487 -0.00650657
0 0.000277754 -0.0088846 -0.00882428
0 -0.000431958 -0.0108681 -0.0111426
0 -0.00121215 -0.0128581 -0.0134392
0 -0.0020584 -0.0148421 -0.0156961
0 -0.00296241 -0.0168107 -0.0178998
0 -0.00391037 -0.0187565 -0.020042
0 -0.00488136 -0.0206721 -0.0221169
0 -0.00584858 -0.0225482 -0.0241206
0 -0.00678307 -0.0243739 -0.02605
0 -0.00765584 -0.0261353 -0.027902
0 -0.0084399 -0.0278164 -0.029672
0 -0.00911232 -0.0293998 -0.0313541
0 -0.00965455 -0.0308661 -0.0329388
0 -0.0100521 -0.0321934 -0.0344111
0 -0.0102951 -0.0333583 -0.0357503
0 -0.0103807 -0.0343386 -0.0369321
0 -0.0103155 -0.0351166 -0.0379319
0 -0.0101142 -0.0356791 -0.0387254
0 -0.00979739 -0.036016 -0.0392884
0 -0.00938958 -0.0361199 -0.0395977
0 -0.00891702 -0.0359859 -0.0396328
0 -0.00840538 -0.0356103 -0.0393759
0 -0.0078771 -0.0349908 -0.0388129
0 -0.00734808 -0.0341268 -0.0379333
0 -0.00682474 -0.0330205 -0.0367305
0 -0.00630428 -0.0316758 -0.0352026
0 -0.00577739 -0.0300995 -0.0333545
0 -0.00523153 -0.0283023 -0.0311999
0 -0.00465438 -0.0263003 -0.0287636
0 -0.00403695 -0.0241158 -0.0260818
0 -0.00337573 -0.0217775 -0.0232024
0 -0.00267192 -0.0193202 -0.0201821
0 -0.00192914 -0.0167821 -0.0170802
0 -0.00115127 -0.0142023 -0.0139537
0 -0.000340436 -0.0116161 -0.010855
0 0.000502654 -0.00905324 -0.00783177
0 0.00137636 -0.00653922 -0.00492389
0 0.0022752 -0.00409809 -0.00216168
0 0.00318737 -0.00175382 0.000431816
0 0.00409491 0.000469574 0.00283929
0 0.00497547 0.00254888 0.00504866
0 0.00580439 0.00446187 0.00705188
0 0.00655662 0.00618753 0.00884366
0 0.00720706 0.00770554 0.0104188
0 0.00773129 0.00899565 0.0117694
0 0.0081091 0.0100397 0.0128855
0 0.00832872 0.0108246 0.0137573
0 0.0083884 0.0113432 0.0143763
0 0.00829446 0.0115925 0.0147333
0 0.00805913 0.0115715 0.0148181
0 0.00769923 0.0112804 0.0146195
0 0.00723556 0.010722 0.014128
0 0.00669302 0.00990447 0.0133391
0 0.00609931 0.00884309 0.0122558
0 0.00548104 0.0075587 0.0108884
0 0.00485957 0.00607449 0.00925247
0 0.00424826 0.00441348 0.00736768
0 0.00365171 0.00259734 0.00525699
0 0.00306791 0.000648001 0.00294872
0 0.00249178 -0.00141012 0.00047844
0 0.00191664 -0.00355058 -0.00211237
0 0.00133414 -0.00574698 -0.00477962
0 0.000734752 -0.00797388 -0.00747958
0 0.000109308 -0.0102065 -0.0101718
0 -0.000549708 -0.0124216 -0.0128212
0 -0.00124978 -0.0146006 -0.0153989
0 -0.00200088 -0.0167342 -0.0178848
0 -0.00281477 -0.018822 -0.0202706
0 -0.00370094 -0.0208707 -0.0225589
0 -0.00465972 -0.0228883 -0.0247577
0 -0.00567758 -0.0248779 -0.0268749
0 -0.00672972 -0.0268367 -0.028917
0 -0.00778268 -0.0287555 -0.0308878
0 -0.00879477 -0.0306165 -0.0327854
0 -0.00971704 -0.0323914 -0.034598
0 -0.0104967 -0.0340423 -0.0363034
0 -0.0110853 -0.0355273 -0.0378726
0 -0.0114491 -0.0368086 -0.0392764
0 -0.0115744 -0.0378576 -0.0404899
0 -0.0114695 -0.0386568 -0.0414931
0 -0.0111615 -0.039199 -0.0422705
0 -0.0106924 -0.0394861 -0.04281
0 -0.0101133 -0.0395267 -0.0431022
0 -0.0094775 -0.039333 -0.043138
0 -0.00883351 -0.0389159 -0.0429072
0 -0.00821984 -0.0382828 -0.0423979
0 -0.0076619 -0.0374394 -0.0415986
0 -0.00717021 -0.0363936 -0.0405012
0 -0.00674175 -0.0351572 -0.0391048
0 -0.00636305 -0.0337439 -0.0374168
0 -0.00601381 -0.0321679 -0.0354551
0 -0.00566988 -0.0304435 -0.0332472
0 -0.00530589 -0.0285849 -0.0308299
0 -0.0048981 -0.0266064 -0.0282472
0 -0.00442558 -0.0245219 -0.0255467
0 -0.00387107 -0.022346 -0.0227752
0 -0.00322284 -0.0200956 -0.0199759
0 -0.00247476 -0.0177885 -0.0171874
0 -0.00162441 -0.0154412 -0.0144436
0 -0.000672406 -0.0130685 -0.0117702
0 0.00037646 -0.010686 -0.00918215
0 0.00150931 -0.00831221 -0.00668456
0 0.00270118 -0.00596895 -0.00427795
0 0.00391472 -0.00368208 -0.00196249
0 0.00510335 -0.00148033 0.000259431
0 0.00621744 0.000607564 0.00238271
0 0.00721075 0.00255574 0.00440006
0 0.00804429 0.00434221 0.00630133
0 0.00868891 0.00594851 0.00807232
0 0.00912732 0.00735978 0.00969473
0 0.0093561 0.00856602 0.0111481
0 0.00938632 0.00956263 0.0124124
0 0.00924144 0.0103491 0.0134681
0 0.00895339 0.0109264 0.0142971
0 0.00855796 0.0112946 0.0148818
0 0.00809131 0.0114516 0.0152055
0 0.00758776 0.0113933 0.0152545
0 0.00707848 0.0111145 0.0150194
0 0.00659058 0.0106105 0.0144961
0 0.00614495 0.00987936 0.0136867
0 0.0057538 0.0089258 0.012599
0 0.00541878 0.00776121 0.0112464
0 0.00513081 0.00640218 0.00964617
0 0.00487142 0.00486895 0.00781922
0 0.0046148 0.00318343 0.00578947
0 0.0043311 0.00136759 0.00358397
0 0.00399034 -0.000557411 0.001233
0 0.00356582 -0.00257193 -0.00123027
0 0.00303678 -0.0046579 -0.00377078
0 0.00239041 -0.0067984 -0.00635357
0 0.00162355 -0.00897676 -0.00894673
0 0.000741703 -0.0111778 -0.0115243
0 -0.00024477 -0.0133905 -0.0140657
0 -0.00132259 -0.0156075 -0.0165548
0 -0.00247371 -0.0178218 -0.01898
0 -0.00367109 -0.020024 -0.0213335
0 -0.00487543 -0.0221987 -0.0236077
0 -0.00603895 -0.0243241 -0.0257949
0 -0.0071145 -0.0263755 -0.0278889
0 -0.00806152 -0.0283279 -0.029885
0 -0.00884904 -0.0301572 -0.0317792
0 -0.00945803 -0.031842 -0.033567
0 -0.00988169 -0.0333645 -0.0352419
0 -0.0101236 -0.0347095 -0.0367935
0 -0.0101962 -0.0358649 -0.038206
0 -0.0101205 -0.0368226 -0.0394601
0 -0.00992458 -0.0375791 -0.0405346
0 -0.00964132 -0.0381349 -0.0414076
0 -0.00930558 -0.0384937 -0.0420588
0 -0.00895173 -0.0386616 -0.0424707
0 -0.00861073 -0.0386455 -0.0426301
0 -0.00830653 -0.0384501 -0.0425275
0 -0.00805324 -0.0380782 -0.0421578
0 -0.00785389 -0.0375332 -0.0415211
0 -0.00770087 -0.0368216 -0.040625
0 -0.00757764 -0.0359524 -0.0394839
0 -0.00746202 -0.0349358 -0.0381191
0 -0.00732932 -0.0337824 -0.0365581
0 -0.00715396 -0.0325015 -0.0348319
0 -0.00691202 -0.0311025 -0.0329741
0 -0.00658463 -0.0295962 -0.0310194
0 -0.0061607 -0.0279959 -0.0290035
0 -0.00563785 -0.0263188 -0.0269604
0 -0.00502061 -0.0245838 -0.0249189
0 -0.00431805 -0.0228102 -0.0229004
0 -0.00354301 -0.0210164 -0.0209186
0 -0.00271112 -0.01922 -0.0189826
0 -0.00183935 -0.0174382 -0.0170978
0 -0.000945513 -0.0156879 -0.0152681
0 -4.85222e-05 -0.0139856 -0.013497
0 0.000831315 -0.0123471 -0.0117871
0 0.00167217 -0.0107858 -0.0101411
0 0.00245219 -0.00931271 -0.0085621
0 0.00315135 -0.00793676 -0.00705565
0 0.0037517 -0.00666667 -0.00563139
0 0.00423872 -0.00551082 -0.00430252
0 0.0046043 -0.00447587 -0.00308329
0 0.00484853 -0.0035664 -0.0019872
0 0.00497913 -0.00278562 -0.00102635
0 0.00500994 -0.00213593 -0.000211145
0 0.00495972 -0.0016188 0.000450442
0 0.00485083 -0.00123433 0.000953504
0 0.00470705 -0.000981322 0.00129626
0 0.00455135 -0.000857383 0.00147971
0 0.00440427 -0.000858466 0.00150765
0 0.00428256 -0.000978503 0.00138659
0 0.004197 -0.00120975 0.00112468
0 0.00414948 -0.00154423 0.000729672
0 0.00413143 -0.00197578 0.000207157
0 0.00412598 -0.00249979 -0.000438424
0 0.00411097 -0.00311282 -0.00120249
0 0.00406113 -0.00381327 -0.00208034
0 0.00395163 -0.00460089 -0.00306614
0 0.00376211 -0.00547508 -0.00415133
0 0.00348003 -0.00643308 -0.00532353
0 0.00310285 -0.00746816 -0.00656596
0 0.00263897 -0.00856822 -0.00785747
0 0.00210662 -0.00971576 -0.00917375
0 0.00152921 -0.0108911 -0.0104916
0 0.000929641 -0.0120762 -0.0117932
0 0.000325863 -0.0132574 -0.0130681
0 -0.000271761 -0.0144264 -0.0143142
0 -0.000860161 -0.0155811 -0.0155367
0 -0.00144087 -0.0167237 -0.0167455
0 -0.0020162 -0.0178576 -0.0179514
0 -0.00258554 -0.0189848 -0.0191627
0 -0.00314303 -0.0201029 -0.0203817
0 -0.00367729 -0.0212047 -0.0216041
0 -0.0041734 -0.0222796 -0.0228194
0 -0.00461658 -0.023316 -0.0240136
0 -0.00499496 -0.0243026 -0.025171
0 -0.00530056 -0.0252283 -0.0262748
0 -0.00553012 -0.0260824 -0.027308
0 -0.00568524 -0.0268548 -0.0282546
0 -0.00577102 -0.0275356 -0.0290989
0 -0.00579665 -0.0281158 -0.0298277
0 -0.00577605 -0.0285903 -0.030432
0 -0.00572502 -0.0289556 -0.0309056
0 -0.00565752 -0.0292083 -0.0312433
0 -0.00558391 -0.0293448 -0.0314397
0 -0.00551069 -0.0293618 -0.03149
0 -0.00544011 -0.0292573 -0.0313904
0 -0.00536943 -0.0290294 -0.0311376
0 -0.00529207 -0.0286785 -0.0307299
0 -0.00520032 -0.0282081 -0.0301698
0 -0.00508712 -0.0276254 -0.0294644
0 -0.00494664 -0.0269402 -0.0286258
0 -0.00477354 -0.0261634 -0.0276688
0 -0.00456271 -0.0253057 -0.0266101
0 -0.00430922 -0.0243766 -0.0254664
0 -0.00400805 -0.0233838 -0.0242535
0 -0.00365519 -0.0223339 -0.0229856
0 -0.00324918 -0.0212337 -0.0216767
0 -0.00279227 -0.020092 -0.0203401
0 -0.00229015 -0.0189185 -0.0189887
0 -0.00175103 -0.0177237 -0.0176344
0 -0.00118598 -0.0165197 -0.0162899
0 -0.00060765 -0.01532 -0.0149677
0 -2.84136e-05 -0.0141375 -0.0136785
0 0.000539699 -0.0129843 -0.0124308
0 0.00108397 -0.0118727 -0.0112322
0 0.00158961 -0.0108167 -0.0100916
0 0.00204038 -0.00983203 -0.0090203
0 0.00242183 -0.00893482 -0.0080305
0 0.00272449 -0.00813835 -0.0071335
0 0.00294507 -0.00745215 -0.00633881
0 0.00308709 -0.00688098 -0.00565335
0 0.0031613 -0.00642367 -0.00508023
0 0.00318248 -0.00607551 -0.0046206
0 0.00316549 -0.00583132 -0.00427604
0 0.00312412 -0.00568573 -0.00404802
0 0.00306968 -0.00563387 -0.00393784
0 0.00300903 -0.00567289 -0.00394742
0 0.00294438 -0.00580178 -0.00407867
0 0.00287377 -0.0060208 -0.00433272
0 0.00279223 -0.00633053 -0.00470891
0 0.00269317 -0.00673108 -0.00520409
0 0.00256802 -0.0072231 -0.00581396
0 0.0024068 -0.00780782 -0.0065337
0 0.00220047 -0.00848544 -0.00735703
0 0.00194286 -0.00925378 -0.0082756
0 0.00163148 -0.0101078 -0.00927919
0 0.00126821 -0.0110391 -0.0103556
0 0.000858736 -0.0120361 -0.0114914
0 0.000411707 -0.0130851 -0.012672
0 -6.22962e-05 -0.01417 -0.0138826
0 -0.000552821 -0.0152752 -0.0151095
0 -0.00105115 -0.0163871 -0.0163417
0 -0.00155108 -0.0174953 -0.0175717
0 -0.0020484 -0.0185929 -0.0187947
0 -0.00253857 -0.0196736 -0.0200059
0 -0.00301438 -0.0207294 -0.0211979
0 -0.00346554 -0.0217498 -0.0223595
0 -0.00388002 -0.0227225 -0.0234766
0 -0.00424595 -0.0236351 -0.024534
0 -0.00455379 -0.0244759 -0.0255164
0 -0.00479775 -0.0252343 -0.0264101
0 -0.00497562 -0.0259003 -0.0272026
0 -0.00508922 -0.0264657 -0.0278831
0 -0.0051456 -0.0269255 -0.0284449
0 -0.00515629 -0.0272783 -0.0288853
0 -0.0051348 -0.0275255 -0.029204
0 -0.00509396 -0.0276692 -0.0294019
0 -0.00504404 -0.027712 -0.0294799
0 -0.00499219 -0.0276572 -0.0294391
0 -0.00494182 -0.0275081 -0.0292814
0 -0.00489344 -0.0272701 -0.0290099
0 -0.00484662 -0.0269511 -0.0286314
0 -0.00479973 -0.0265614 -0.0281557
0 -0.00474907 -0.0261113 -0.0275943
0 -0.00468879 -0.0256105 -0.0269596
0 -0.0046118 -0.0250672 -0.0262646
0 -0.00451036 -0.0244883 -0.0255222
0 -0.00437624 -0.0238782 -0.0247442
0 -0.00420286 -0.0232403 -0.0239417
0 -0.00398634 -0.022578 -0.023125
0 -0.00372508 -0.0218938 -0.0223027
0 -0.00341974 -0.0211901 -0.0214809
0 -0.00307253 -0.0204679 -0.0206627
0 -0.00268638 -0.019727 -0.0198477
0 -0.00226496 -0.0189661 -0.0190325
0 -0.00181323 -0.0181843 -0.0182124
0 -0.00133789 -0.0173816 -0.0173826
0 -0.00084799 -0.0165607 -0.0165398
0 -0.000355193 -0.0157275 -0.015683
0 0.000127324 -0.0148898 -0.0148137
0 0.000586049 -0.0140565 -0.0139348
0 0.00100787 -0.0132373 -0.0130515
0 0.00138116 -0.0124422 -0.0121708
0 0.00169792 -0.0116801 -0.0113009
0 0.00195536 -0.0109574 -0.0104499
0 0.00215586 -0.0102786 -0.00962634
0 0.00230631 -0.00964589 -0.00883883
0 0.00241737 -0.00905988 -0.0080955
0 0.00250194 -0.00851997 -0.00740375
0 0.0025736 -0.00802494 -0.00677008
0 0.00264464 -0.00757391 -0.00620031
0 0.00272402 -0.00716758 -0.00570008
0 0.00281673 -0.0068083 -0.0052746
0 0.00292443 -0.00649903 -0.00492736
0 0.0030449 -0.00624366 -0.00466072
0 0.00317088 -0.00604822 -0.00447746
0 0.00329137 -0.00592001 -0.00438039
0 0.0033935 -0.0058663 -0.00437169
0 0.00346357 -0.00589403 -0.00445323
0 0.003488 -0.00600982 -0.00462705
0 0.00345441 -0.00621975 -0.00489552
0 0.00335297 -0.00652884 -0.00526117
0 0.00317856 -0.00693953 -0.00572521
0 0.00293191 -0.00745057 -0.00628658
0 0.00261982 -0.00805652 -0.00694134
0 0.0022544 -0.00874806 -0.00768274
0 0.00185001 -0.00951439 -0.00850339
0 0.00141924 -0.0103463 -0.00939781
0 0.000971093 -0.0112375 -0.0103631
0 0.000511226 -0.0121829 -0.0113975
0 4.40667e-05 -0.0131771 -0.0124973
0 -0.000425686 -0.0142128 -0.0136557
0 -0.00089317 -0.0152811 -0.0148631
0 -0.0013529 -0.0163713 -0.016107
0 -0.00179857 -0.0174713 -0.017373
0 -0.00222402 -0.0185685 -0.018646
0 -0.00262381 -0.01965 -0.0199107
0 -0.00299394 -0.0207034 -0.0211519
0 -0.00333237 -0.0217169 -0.0223543
0 -0.00363837 -0.0226797 -0.0235031
0 -0.00391184 -0.0235815 -0.0245831
0 -0.00415264 -0.0244124 -0.0255793
0 -0.00436042 -0.0251621 -0.0264773
0 -0.0045352 -0.0258216 -0.0272644
0 -0.00467801 -0.0263828 -0.0279305
0 -0.00479134 -0.0268402 -0.028469
0 -0.0048781 -0.0271902 -0.0288759
0 -0.00494131 -0.027431 -0.02915
0 -0.00498399 -0.0275631 -0.0292929
0 -0.00500855 -0.0275886 -0.0293083
0 -0.0050167 -0.0275118 -0.0292019
0 -0.00500893 -0.0273389 -0.0289812
0 -0.00498453 -0.0270774 -0.0286549
0 -0.0049421 -0.0267361 -0.0282329
0 -0.0048793 -0.0263245 -0.027726
0 -0.00479289 -0.0258516 -0.0271451
0 -0.00467964 -0.0253261 -0.0265014
0 -0.00453799 -0.0247575 -0.0258074
0 -0.00436848 -0.024156 -0.0250767
0 -0.00417253 -0.0235309 -0.0243226
0 -0.00395178 -0.02289 -0.0235565
0 -0.00370807 -0.0222398 -0.0227882
0 -0.0034437 -0.0215856 -0.0220255
0 -0.00316205 -0.0209326 -0.0212752
0 -0.00286766 -0.0202859 -0.0205428
0 -0.00256587 -0.0196503 -0.019833
0 -0.0022615 -0.0190297 -0.0191485
0 -0.00195774 -0.0184257 -0.0184895
0 -0.00165632 -0.0178385 -0.0178538
0 -0.00135792 -0.0172671 -0.0172385
0 -0.00106251 -0.0167098 -0.0166395
0 -0.000770058 -0.0161649 -0.0160529
0 -0.000481423 -0.0156312 -0.0154758
0 -0.000199144 -0.0151091 -0.0149072
0 7.19076e-05 -0.0146009 -0.014349
0 0.000325284 -0.014111 -0.0138053
0 0.000554974 -0.0136438 -0.0132809
0 0.000756367 -0.0132032 -0.0127808
0 0.000925971 -0.0127935 -0.01231
0 0.00106171 -0.0124188 -0.011874
0 0.00116347 -0.012083 -0.0114778
0 0.00123214 -0.0117903 -0.0111267
0 0.00126926 -0.0115452 -0.0108266
0 0.00127836 -0.0113512 -0.0105822
0 0.00126513 -0.0112098 -0.0103961
0 0.00123711 -0.0111201 -0.0102689
0 0.0012034 -0.0110783 -0.0101984
0 0.00117297 -0.0110789 -0.0101808
0 0.00115242 -0.0111164 -0.010212
0 0.00114414 -0.0111869 -0.0102895
0 0.00114602 -0.0112883 -0.0104121
0 0.00115285 -0.01142 -0.0105792
0 0.00115783 -0.0115816 -0.0107895
0 0.00115307 -0.0117731 -0.0110412
0 0.00113036 -0.0119956 -0.0113323
0 0.00108239 -0.0122499 -0.0116602
0 0.00100395 -0.0125363 -0.0120209
0 0.000892597 -0.0128538 -0.0124098
0 0.000748869 -0.0132001 -0.0128213
0 0.000576093 -0.0135716 -0.0132493
0 0.000379272 -0.0139637 -0.0136882
0 0.000163481 -0.0143726 -0.0141343
0 -6.60973e-05 -0.0147947 -0.0145853
0 -0.000304287 -0.0152263 -0.0150399
0 -0.000546607 -0.0156646 -0.015498
0 -0.000789585 -0.0161073 -0.0159608
0 -0.00103078 -0.0165531 -0.0164301
0 -0.00126845 -0.0170012 -0.0169078
0 -0.00150014 -0.0174501 -0.0173944
0 -0.00172208 -0.0178967 -0.0178881
0 -0.00193066 -0.018338 -0.0183858
0 -0.00212237 -0.0187706 -0.0188834
0 -0.0022937 -0.0191901 -0.0193752
0 -0.00244294 -0.0195927 -0.0198557
0 -0.00257129 -0.0199767 -0.0203208
0 -0.00268294 -0.0203422 -0.0207683
0 -0.00278383 -0.0206906 -0.0211967
0 -0.00287993 -0.0210232 -0.0216048
0 -0.00297585 -0.0213402 -0.0219906
0 -0.00307264 -0.0216391 -0.0223493
0 -0.00316792 -0.0219145 -0.0226744
0 -0.0032576 -0.0221601 -0.0229585
0 -0.0033369 -0.0223695 -0.0231954
0 -0.00340223 -0.0225376 -0.0233805
0 -0.00345215 -0.0226619 -0.0235126
0 -0.0034861 -0.0227411 -0.0235917
0 -0.0035029 -0.0227737 -0.0236178
0 -0.00350018 -0.0227572 -0.0235899
0 -0.00347508 -0.0226891 -0.0235065
0 -0.00342563 -0.0225679 -0.0233668
0 -0.00335107 -0.0223937 -0.0231708
0 -0.0032513 -0.022167 -0.0229189
0 -0.00312687 -0.0218892 -0.0226117
0 -0.0029793 -0.0215627 -0.0222507
0 -0.00281161 -0.0211913 -0.021839
0 -0.00262845 -0.020781 -0.0213815
0 -0.00243468 -0.0203381 -0.0208838
0 -0.00223412 -0.0198683 -0.0203513
0 -0.0020296 -0.019377 -0.0197895
0 -0.00182442 -0.0188704 -0.019205
0 -0.00162313 -0.0183563 -0.0186067
0 -0.00142978 -0.0178426 -0.0180037
0 -0.00124717 -0.0173363 -0.0174049
0 -0.0010771 -0.0168442 -0.0168189
0 -0.000919952 -0.0163723 -0.0162536
0 -0.000774513 -0.0159251 -0.0157159
0 -0.000638011 -0.0155052 -0.0152111
0 -0.000506599 -0.0151137 -0.0147426
0 -0.000376045 -0.0147504 -0.0143126
0 -0.000242239 -0.0144141 -0.0139216
0 -0.000102401 -0.0141036 -0.0135695
0 4.42121e-05 -0.0138181 -0.0132559
0 0.000196144 -0.0135577 -0.0129803
0 0.000349682 -0.0133236 -0.0127426
0 0.000500533 -0.0131165 -0.0125412
0 0.000645226 -0.0129354 -0.0123728
0 0.000780784 -0.0127786 -0.0122326
0 0.000904191 -0.0126442 -0.0121159
0 0.00101163 -0.0125312 -0.0120192
0 0.00109868 -0.0124397 -0.0119404
0 0.00116156 -0.0123702 -0.0118785
0 0.00119772 -0.0123233 -0.0118329
0 0.0012062 -0.0122989 -0.0118036
0 0.00118777 -0.0122972 -0.0117911
0 0.00114469 -0.0123179 -0.0117962
0 0.00108045 -0.0123606 -0.0118202
0 0.000999222 -0.0124252 -0.0118649
0 0.000904518 -0.0125122 -0.0119332
0 0.000798615 -0.0126238 -0.0120294
0 0.000683114 -0.0127625 -0.0121583
0 0.000559222 -0.0129309 -0.0123242
0 0.000427744 -0.0131314 -0.0125309
0 0.000288463 -0.0133667 -0.0127819
0 0.000140403 -0.0136395 -0.0130805
0 -1.65955e-05 -0.013951 -0.0134274
0 -0.000181571 -0.0143002 -0.0138213
0 -0.000353403 -0.0146854 -0.0142594
0 -0.00053143 -0.0151039 -0.0147383
0 -0.000715964 -0.0155536 -0.0152547
0 -0.000908744 -0.0160328 -0.0158059
0 -0.00111226 -0.0165402 -0.0163899
0 -0.00132859 -0.017074 -0.017004
0 -0.00155851 -0.0176315 -0.0176448
0 -0.00180096 -0.0182087 -0.0183074
0 -0.00205318 -0.0188004 -0.0189858
0 -0.00231086 -0.0194004 -0.0196733
0 -0.00256836 -0.0200013 -0.0203615
0 -0.00281921 -0.0205949 -0.0210416
0 -0.00305714 -0.0211725 -0.0217045
0 -0.00327716 -0.0217265 -0.022342
0 -0.00347536 -0.0222499 -0.0229463
0 -0.00364815 -0.0227352 -0.0235096
0 -0.00379167 -0.0231742 -0.0240227
0 -0.00390146 -0.0235571 -0.0244752
0 -0.0039723 -0.0238727 -0.0248553
0 -0.00400032 -0.0241103 -0.0251511
0 -0.00398545 -0.0242626 -0.0253542
0 -0.00393148 -0.0243258 -0.0254593
0 -0.0038452 -0.0242997 -0.0254643
0 -0.00373451 -0.0241863 -0.0253691
0 -0.00360582 -0.0239881 -0.0251737
0 -0.00346412 -0.0237083 -0.0248792
0 -0.00331405 -0.0233524 -0.0244889
0 -0.00315838 -0.0229264 -0.0240074
0 -0.00299768 -0.0224365 -0.0234402
0 -0.00283157 -0.0218901 -0.0227953
0 -0.00265832 -0.0212944 -0.0220816
0 -0.00247533 -0.0206567 -0.0213096
0 -0.00228058 -0.0199854 -0.0204914
0 -0.0020735 -0.0192901 -0.0196413
0 -0.00185458 -0.0185807 -0.0187739
0 -0.0016233 -0.0178654 -0.0179022
0 -0.00137735 -0.0171492 -0.0170364
0 -0.00111427 -0.0164362 -0.016185
0 -0.000833037 -0.0157305 -0.0153566
0 -0.000534511 -0.0150365 -0.0145588
0 -0.000221367 -0.0143588 -0.0137983
0 0.000101703 -0.013703 -0.0130801
0 0.000427557 -0.0130754 -0.012409
0 0.000746779 -0.012484 -0.0117892
0 0.00104862 -0.0119371 -0.0112244
0 0.00132139 -0.0114436 -0.0107184
0 0.00155325 -0.0110131 -0.0102756
0 0.00173413 -0.0106541 -0.00990048
0 0.00185684 -0.0103739 -0.00959727
0 0.00191725 -0.0101781 -0.00937069
0 0.00191476 -0.0100707 -0.00922538
0 0.00185195 -0.0100537 -0.00916602
0 0.00173374 -0.0101281 -0.00919758
0 0.00156661 -0.0102941 -0.0093252
0 0.00135746 -0.0105514 -0.00955425
0 0.00111383 -0.010899 -0.00988894
0 0.000844221 -0.0113334 -0.0103307
0 0.000557737 -0.0118492 -0.0108774
0 0.000263257 -0.0124387 -0.0115235
0 -3.17691e-05 -0.0130935 -0.0122607
0 -0.000320761 -0.0138035 -0.0130775
0 -0.000598085 -0.014557 -0.0139591
0 -0.000861263 -0.015343 -0.0148906
0 -0.00111106 -0.0161515 -0.0158575
0 -0.0013497 -0.016972 -0.0168451
0 -0.00158051 -0.0177947 -0.0178394
0 -0.00180725 -0.0186099 -0.0188272
0 -0.00203316 -0.0194081 -0.019795
0 -0.00226016 -0.0201792 -0.020729
0 -0.00248783 -0.0209123 -0.0216141
0 -0.00271381 -0.0215967 -0.0224352
0 -0.002934 -0.0222221 -0.0231782
0 -0.00314312 -0.022779 -0.0238303
0 -0.0033359 -0.0232596 -0.0243822
0 -0.00350679 -0.0236572 -0.0248267
0 -0.00365024 -0.023966 -0.0251593
0 -0.00376131 -0.0241816 -0.0253779
0 -0.00383573 -0.0243009 -0.0254825
0 -0.00386999 -0.0243216 -0.0254746
0 -0.00386157 -0.024243 -0.0253569
0 -0.0038103 -0.0240669 -0.0251344
0 -0.00371875 -0.0237985 -0.0248142
0 -0.00359085 -0.0234447 -0.0244046
0 -0.00343119 -0.0230139 -0.0239139
0 -0.00324499 -0.0225157 -0.023351
0 -0.00303704 -0.0219601 -0.0227247
0 -0.00281105 -0.0213567 -0.0220428
0 -0.00256966 -0.0207146 -0.0213132
0 -0.00231493 -0.020042 -0.0205433
0 -0.00204881 -0.0193471 -0.0197414
0 -0.00177295 -0.0186372 -0.0189154
0 -0.0014893 -0.0179187 -0.0180742
0 -0.00120075 -0.0171989 -0.0172274
0 -0.000910387 -0.0164847 -0.0163852
0 -0.000620548 -0.015782 -0.0155573
0 -0.000332804 -0.0150952 -0.0147521
0 -4.83936e-05 -0.0144282 -0.0139772
0 0.000230902 -0.0137849 -0.0132394
0 0.000502045 -0.0131703 -0.0125452
0 0.000761534 -0.0125894 -0.0119001
0 0.00100608 -0.0120472 -0.0113076
0 0.00123266 -0.0115483 -0.0107696
0 0.0014384 -0.0110967 -0.010287
0 0.00161994 -0.0106972 -0.0098611
0 0.00177389 -0.0103541 -0.00949321
0 0.00189713 -0.0100715 -0.00918529
0 0.0019861 -0.00985387 -0.00894073
0 0.00203743 -0.0097054 -0.00876408
0 0.00204861 -0.00962973 -0.00866034
0 0.00201811 -0.00962986 -0.00863486
0 0.00194587 -0.00970778 -0.00869255
0 0.00183388 -0.00986394 -0.00883698
0 0.00168567 -0.0100975 -0.00907028
0 0.00150494 -0.0104075 -0.00939399
0 0.001295 -0.0107932 -0.00980911
0 0.00105971 -0.0112529 -0.0103147
0 0.000804057 -0.0117825 -0.0109068
0 0.000533019 -0.0123768 -0.0115793
0 0.000250256 -0.0130303 -0.0123251
0 -4.17118e-05 -0.0137369 -0.0131364
0 -0.000341258 -0.0144901 -0.0140043
0 -0.000647584 -0.0152828 -0.0149194
0 -0.000959672 -0.0161065 -0.0158714
0 -0.00127663 -0.0169522 -0.0168499
0 -0.00159842 -0.0178117 -0.0178456
0 -0.00192568 -0.0186783 -0.0188505
0 -0.0022593 -0.0195463 -0.0198575
0 -0.00259881 -0.0204093 -0.0208589
0 -0.00294081 -0.0212595 -0.0218449
0 -0.00327924 -0.0220871 -0.0228037
0 -0.00360675 -0.0228826 -0.023723
0 -0.00391548 -0.0236363 -0.0245912
0 -0.00419752 -0.0243389 -0.0253968
0 -0.00444614 -0.0249814 -0.0261304
0 -0.00465679 -0.0255565 -0.0267845
0 -0.00482648 -0.0260571 -0.0273527
0 -0.00495359 -0.0264764 -0.0278296
0 -0.00503842 -0.0268092 -0.028211
0 -0.00508306 -0.0270516 -0.0284942
0 -0.00509067 -0.0272009 -0.0286771
0 -0.00506452 -0.0272557 -0.0287576
0 -0.00500716 -0.0272144 -0.0287333
0 -0.00492047 -0.0270766 -0.0286017
0 -0.00480604 -0.0268431 -0.0283611
0 -0.00466531 -0.0265162 -0.028011
0 -0.0044989 -0.0260987 -0.0275516
0 -0.00430642 -0.0255937 -0.026984
0 -0.00408734 -0.0250049 -0.026311
0 -0.00384056 -0.0243362 -0.0255368
0 -0.00356416 -0.023591 -0.0246664
0 -0.00325685 -0.0227737 -0.023707
0 -0.0029195 -0.0218906 -0.0226686
0 -0.00255511 -0.0209506 -0.0215643
0 -0.00216764 -0.0199639 -0.0204082
0 -0.00176159 -0.0189413 -0.0192145
0 -0.0013424 -0.0178946 -0.0179981
0 -0.00091558 -0.0168358 -0.0167732
0 -0.000486025 -0.0157768 -0.0155535
0 -5.84957e-05 -0.014729 -0.0143526
0 0.000361233 -0.0137047 -0.0131844
0 0.000766125 -0.0127166 -0.012063
0 0.00114884 -0.0117774 -0.0110015
0 0.00150281 -0.0108985 -0.0100113
0 0.00182312 -0.0100893 -0.00910131
0 0.00210693 -0.00935748 -0.00827817
0 0.00235333 -0.00870837 -0.00754649
0 0.00256272 -0.00814584 -0.00690961
0 0.00273531 -0.00767339 -0.00637106
0 0.00287013 -0.00729503 -0.00593542
0 0.00296563 -0.00701471 -0.00560765
0 0.00302004 -0.006836 -0.00539268
0 0.00303133 -0.00676227 -0.00529537
0 0.00299756 -0.00679645 -0.00532013
0 0.00291789 -0.00694016 -0.00546982
0 0.00279324 -0.00719281 -0.00574482
0 0.0026262 -0.00755175 -0.00614305
0 0.00242099 -0.00801214 -0.00665977
0 0.00218387 -0.00856634 -0.00728696
0 0.00192237 -0.00920435 -0.00801379
0 0.0016435 -0.00991528 -0.0088282
0 0.0013531 -0.0106878 -0.00971743
0 0.00105587 -0.0115099 -0.0106679
0 0.000755387 -0.0123691 -0.0116653
0 0.00045349 -0.0132533 -0.0126953
0 0.000149916 -0.0141518 -0.0137448
0 -0.00015721 -0.0150551 -0.014802
0 -0.000471278 -0.0159558 -0.015857
0 -0.00079617 -0.0168481 -0.0169019
0 -0.00113452 -0.0177269 -0.0179294
0 -0.00148631 -0.018587 -0.0189314
0 -0.00184801 -0.0194219 -0.0198984
0 -0.00221323 -0.020224 -0.0208199
0 -0.00257403 -0.0209861 -0.0216862
0 -0.0029212 -0.0217008 -0.0224885
0 -0.00324486 -0.0223608 -0.0232189
0 -0.00353565 -0.0229592 -0.0238715
0 -0.00378561 -0.0234893 -0.0244421
0 -0.00398934 -0.0239461 -0.0249288
0 -0.00414523 -0.0243265 -0.0253326
0 -0.0042545 -0.0246295 -0.0256559
0 -0.00431976 -0.0248542 -0.025901
0 -0.00434466 -0.0250005 -0.0260696
0 -0.00433372 -0.0250692 -0.0261625
0 -0.00429137 -0.0250614 -0.0261798
0 -0.00422193 -0.0249789 -0.0261204
0 -0.0041304 -0.0248255 -0.0259841
0 -0.00402165 -0.024606 -0.0257714
0 -0.00390029 -0.0243266 -0.0254839
0 -0.00377094 -0.0239945 -0.0251253
0 -0.00363673 -0.0236168 -0.0247004
0 -0.0034982 -0.0231988 -0.0242137
0 -0.0033542 -0.0227448 -0.0236708
0 -0.00320304 -0.0222588 -0.0230787
0 -0.00304302 -0.0217449 -0.0224459
0 -0.00287255 -0.0212076 -0.0217818
0 -0.00269038 -0.0206513 -0.0210963
0 -0.0024963 -0.0200812 -0.0203996
0 -0.00229125 -0.0195033 -0.0197018
0 -0.00207696 -0.0189237 -0.0190124
0 -0.00185558 -0.0183486 -0.0183396
0 -0.00162898 -0.0177834 -0.0176904
0 -0.0013991 -0.0172336 -0.0170699
0 -0.00116838 -0.0167045 -0.0164829
0 -0.000939619 -0.0162015 -0.0159329
0 -0.000715875 -0.0157296 -0.0154226
0 -0.000500386 -0.0152931 -0.014954
0 -0.000296615 -0.0148956 -0.0145285
0 -0.000107597 -0.0145397 -0.0141468
0 6.4886e-05 -0.0142257 -0.0138079
0 0.000220418 -0.013952 -0.0135099
0 0.000359455 -0.0137157 -0.01325
0 0.000482667 -0.0135133 -0.0130252
0 0.000590743 -0.013341 -0.0128329
0 0.000684032 -0.0131955 -0.0126707
0 0.000761666 -0.0130751 -0.0125377
0 0.000822321 -0.012979 -0.0124335
0 0.000865121 -0.0129067 -0.0123577
0 0.000889276 -0.0128586 -0.0123099
0 0.000894325 -0.0128355 -0.0122901
0 0.000880536 -0.0128383 -0.0122981
0 0.000848794 -0.012868 -0.0123335
0 0.000800012 -0.0129258 -0.0123968
0 0.000734707 -0.0130135 -0.0124892
0 0.000652892 -0.0131332 -0.0126131
0 0.000554473 -0.0132872 -0.0127712
0 0.000440277 -0.0134763 -0.0129657
0 0.000312387 -0.0136997 -0.0131974
0 0.000173597 -0.0139557 -0.0134663
0 2.73064e-05 -0.0142411 -0.013771
0 -0.000122645 -0.0145518 -0.0141085
0 -0.000273194 -0.0148836 -0.0144759
0 -0.000423271 -0.0152338 -0.0148706
0 -0.000573643 -0.0156009 -0.0152909
0 -0.00072549 -0.0159832 -0.0157344
0 -0.000879888 -0.0163789 -0.0161978
0 -0.00103811 -0.0167862 -0.0166775
0 -0.00120132 -0.0172031 -0.0171699
0 -0.00136991 -0.0176273 -0.0176704
0 -0.00154293 -0.0180555 -0.0181739
0 -0.00171771 -0.0184831 -0.018674
0 -0.0018902 -0.018904 -0.0191633
0 -0.00205605 -0.019312 -0.0196345
0 -0.00221102 -0.0197007 -0.0200806
0 -0.00235121 -0.0200634 -0.020495
0 -0.00247423 -0.0203948 -0.0208729
0 -0.00257954 -0.0206911 -0.021211
0 -0.00266729 -0.0209492 -0.0215067
0 -0.00273712 -0.0211656 -0.021757
0 -0.00278814 -0.0213366 -0.0219584
0 -0.00281999 -0.0214595 -0.0221077
0 -0.00283345 -0.0215332 -0.0222032
0 -0.00283054 -0.0215587 -0.0222446
0 -0.00281411 -0.0215382 -0.0222332
0 -0.0027871 -0.0214751 -0.022171
0 -0.00275198 -0.0213733 -0.0220606
0 -0.00271019 -0.0212363 -0.0219048
0 -0.00266215 -0.0210674 -0.0217064
0 -0.00260736 -0.0208695 -0.0214688
0 -0.00254451 -0.0206449 -0.0211953
0 -0.00247207 -0.0203959 -0.0208897
0 -0.0023887 -0.0201247 -0.0205561
0 -0.00229261 -0.019833 -0.0201986
0 -0.0021811 -0.0195208 -0.0198196
0 -0.00205111 -0.0191873 -0.0194205
0 -0.00190056 -0.0188317 -0.0190027
0 -0.00172883 -0.018454 -0.0185675
0 -0.00153694 -0.0180553 -0.0181169
0 -0.00132828 -0.0176382 -0.0176537
0 -0.00110928 -0.0172086 -0.0171833
0 -0.000887929 -0.0167738 -0.0167117
0 -0.000671502 -0.0163412 -0.0162446
0 -0.000465761 -0.0159172 -0.015786
0 -0.000275002 -0.0155073 -0.0153395
0 -0.000102015 -0.0151159 -0.0149079
0 5.17433e-05 -0.0147469 -0.0144937
0 0.000185179 -0.0144039 -0.0141003
0 0.000297549 -0.0140909 -0.0137322
0 0.000389232 -0.0138105 -0.0133937
0 0.000461424 -0.0135646 -0.013089
0 0.000515849 -0.0133548 -0.0128225
0 0.000554636 -0.0131819 -0.0125981
0 0.0005799 -0.0130463 -0.0124195
0 0.000593596 -0.0129487 -0.0122894
0 0.000597348 -0.0128894 -0.0122099
0 0.000591614 -0.0128695 -0.0121828
0 0.000575226 -0.0128911 -0.01221
0 0.000545611 -0.0129574 -0.0122934
0 0.000499531 -0.0130714 -0.0124348
0 0.000434345 -0.0132354 -0.0126341
0 0.000348813 -0.0134497 -0.0128898
0 0.00024333 -0.0137126 -0.0131981
0 0.000119645 -0.0140204 -0.0135542
0 -1.97093e-05 -0.0143683 -0.013952
0 -0.000172001 -0.0147503 -0.0143856
0 -0.000334565 -0.0151604 -0.014849
0 -0.000504721 -0.0155918 -0.015336
0 -0.000680555 -0.0160384 -0.0158411
0 -0.000861686 -0.0164957 -0.0163603
0 -0.00104838 -0.0169598 -0.0168902
0 -0.00124038 -0.0174272 -0.0174269
0 -0.0014366 -0.017894 -0.017966
0 -0.00163527 -0.0183569 -0.0185027
0 -0.00183402 -0.0188123 -0.019032
0 -0.00202968 -0.0192564 -0.0195485
0 -0.00221851 -0.0196851 -0.0200461
0 -0.0023966 -0.0200939 -0.0205189
0 -0.00256 -0.020478 -0.0209611
0 -0.00270511 -0.0208324 -0.0213671
0 -0.00282932 -0.0211527 -0.0217324
0 -0.0029309 -0.0214345 -0.022053
0 -0.00300857 -0.0216734 -0.0223253
0 -0.00306164 -0.0218653 -0.0225458
0 -0.00308977 -0.0220063 -0.0227113
0 -0.00309336 -0.0220932 -0.0228188
0 -0.00307412 -0.0221245 -0.0228667
0 -0.00303432 -0.0220999 -0.022854
0 -0.00297636 -0.0220198 -0.0227801
0 -0.00290237 -0.0218856 -0.0226447
0 -0.00281419 -0.0216991 -0.022448
0 -0.00271425 -0.0214641 -0.0221922
0 -0.00260482 -0.021185 -0.0218803
0 -0.0024874 -0.0208662 -0.0215162
0 -0.00236314 -0.0205127 -0.0211048
0 -0.00223252 -0.0201294 -0.0206517
0 -0.00209507 -0.0197204 -0.0201628
0 -0.00194981 -0.0192896 -0.019644
0 -0.00179635 -0.0188413 -0.0191022
0 -0.00163552 -0.0183805 -0.0185456
0 -0.00146888 -0.0179129 -0.0179826
0 -0.00129887 -0.0174449 -0.0174226
0 -0.00112866 -0.0169837 -0.016875
0 -0.000961734 -0.0165367 -0.0163493
0 -0.000801472 -0.0161113 -0.0158543
0 -0.000650783 -0.0157143 -0.0153975
0 -0.000511456 -0.015351 -0.0149845
0 -0.000383614 -0.0150249 -0.0146183
0 -0.000266168 -0.0147376 -0.0142998
0 -0.000158251 -0.0144903 -0.014029
0 -6.03345e-05 -0.0142845 -0.0138064
0 2.57295e-05 -0.0141221 -0.0136329
0 9.67847e-05 -0.0140053 -0.0135101
0 0.000149645 -0.0139359 -0.0134393
0 0.000182192 -0.0139138 -0.0134203
0 0.000192966 -0.0139382 -0.0134523
0 0.000180796 -0.014008 -0.0135343
0 0.000144751 -0.0141219 -0.0136651
0 8.44091e-05 -0.0142784 -0.0138434
0 1.50744e-07 -0.0144756 -0.0140671
0 -0.00010687 -0.0147115 -0.0143339
0 -0.000234446 -0.0149832 -0.0146405
0 -0.000379288 -0.015287 -0.0149828
0 -0.000538142 -0.0156193 -0.0153567
0 -0.000707704 -0.0159765 -0.0157583
0 -0.000883728 -0.0163537 -0.0161824
0 -0.00106153 -0.0167451 -0.0166231
0 -0.00123655 -0.0171446 -0.0170745
0 -0.0014045 -0.0175457 -0.01753
0 -0.00156178 -0.0179422 -0.0179836
0 -0.00170601 -0.0183285 -0.0184297
0 -0.00183675 -0.0187005 -0.0188638
0 -0.0019558 -0.0190561 -0.0192832
0 -0.00206637 -0.0193943 -0.0196863
0 -0.00217157 -0.0197143 -0.0200708
0 -0.00227354 -0.0200151 -0.0204339
0 -0.00237314 -0.0202947 -0.020772
0 -0.00246983 -0.0205508 -0.0210805
0 -0.0025618 -0.0207805 -0.021355
0 -0.00264694 -0.0209811 -0.0215911
0 -0.00272374 -0.0211511 -0.0217865
0 -0.00279106 -0.0212895 -0.02194
0 -0.00284761 -0.0213955 -0.0220511
0 -0.00289205 -0.0214683 -0.0221204
0 -0.00292304 -0.0215074 -0.0221486
0 -0.00293928 -0.0215122 -0.022137
0 -0.00293859 -0.0214813 -0.0220862
0 -0.00291754 -0.0214121 -0.0219952
0 -0.00287249 -0.0213014 -0.021862
0 -0.00280012 -0.0211463 -0.0216844
0 -0.0026973 -0.0209431 -0.0214592
0 -0.00256222 -0.0206894 -0.0211834
0 -0.00239554 -0.0203843 -0.0208553
0 -0.0022002 -0.020029 -0.0204749
0 -0.00198099 -0.0196266 -0.0200435
0 -0.001744 -0.0191814 -0.019564
0 -0.00149606 -0.0186991 -0.0190403
0 -0.00124349 -0.0181857 -0.0184769
0 -0.000991454 -0.0176469 -0.0178784
0 -0.000743457 -0.0170877 -0.0172491
0 -0.000500982 -0.0165124 -0.016593
0 -0.000264732 -0.0159253 -0.0159148
0 -3.529e-05 -0.0153316 -0.0152206
0 0.000186869 -0.0147365 -0.0145178
0 0.000400986 -0.014146 -0.0138154
0 0.000606188 -0.0135663 -0.0131229
0 0.000802274 -0.0130029 -0.01245
0 0.000989716 -0.0124606 -0.0118049
0 0.00116835 -0.0119446 -0.011196
0 0.00133698 -0.0114608 -0.0106316
0 0.00149367 -0.0110157 -0.0101192
0 0.00163523 -0.010617 -0.00966652
0 0.0017575 -0.0102727 -0.00928084
0 0.00185602 -0.00999118 -0.00896884
0 0.00192628 -0.00978001 -0.00873661
0 0.0019644 -0.00964597 -0.0085893
0 0.00196759 -0.0095942 -0.00853092
0 0.00193446 -0.00962788 -0.00856414
0 0.00186535 -0.00974796 -0.00869011
0 0.00176239 -0.00995278 -0.00890813
0 0.00162879 -0.0102388 -0.00921615
0 0.00146791 -0.0106015 -0.0096114
0 0.00128296 -0.0110356 -0.0100903
0 0.00107706 -0.0115349 -0.010648
0 0.000853108 -0.0120928 -0.0112787
0 0.000612976 -0.0127029 -0.0119756
0 0.000356929 -0.0133598 -0.0127323
0 8.4276e-05 -0.0140588 -0.013542
0 -0.000205749 -0.0147954 -0.0143974
0 -0.000513206 -0.0155639 -0.0152901
0 -0.00083724 -0.0163585 -0.0162114
0 -0.0011759 -0.0171724 -0.0171522
0 -0.00152489 -0.0179971 -0.0181023
0 -0.00187797 -0.0188233 -0.0190507
0 -0.00222855 -0.0196417 -0.0199868
0 -0.00256996 -0.0204431 -0.0209006
0 -0.0028955 -0.0212181 -0.0217823
0 -0.00319928 -0.0219577 -0.022623
0 -0.00347666 -0.022654 -0.0234148
0 -0.00372417 -0.0232999 -0.0241507
0 -0.00393956 -0.0238891 -0.0248246
0 -0.00412225 -0.0244165 -0.0254315
0 -0.00427302 -0.0248785 -0.0259675
0 -0.00439313 -0.0252718 -0.0264288
0 -0.00448381 -0.0255933 -0.0268115
0 -0.00454602 -0.0258401 -0.0271112
0 -0.00458031 -0.0260095 -0.0273237
0 -0.00458714 -0.0260992 -0.0274452
0 -0.00456727 -0.0261082 -0.0274727
0 -0.00452193 -0.0260365 -0.0274049
0 -0.00445358 -0.0258863 -0.0272429
0 -0.00436577 -0.0256622 -0.0269906
0 -0.0042617 -0.0253695 -0.0266529
0 -0.00414349 -0.0250136 -0.0262359
0 -0.00401208 -0.0246 -0.025746
0 -0.00386721 -0.0241338 -0.0251901
0 -0.00370766 -0.0236202 -0.0245755
0 -0.00353138 -0.0230637 -0.0239095
0 -0.00333603 -0.0224687 -0.0231994
0 -0.00311988 -0.0218401 -0.0224528
0 -0.0028823 -0.0211832 -0.0216776
0 -0.00262395 -0.0205041 -0.0208822
0 -0.0023469 -0.0198095 -0.0200748
0 -0.00205388 -0.0191054 -0.019263
0 -0.00174786 -0.0183973 -0.0184531
0 -0.00143222 -0.0176906 -0.0176513
0 -0.00111069 -0.0169905 -0.0168629
0 -0.00078729 -0.0163024 -0.0160934
0 -0.000466647 -0.0156318 -0.0153479
0 -0.000153764 -0.0149842 -0.0146315
0 0.000146549 -0.0143647 -0.0139483
0 0.000429551 -0.0137781 -0.0133023
0 0.000690562 -0.0132293 -0.0126974
0 0.000925627 -0.0127223 -0.0121368
0 0.00113189 -0.0122607 -0.0116233
0 0.00130737 -0.0118473 -0.0111593
0 0.00145077 -0.0114849 -0.0107475
0 0.00156178 -0.011176 -0.0103907
0 0.00164138 -0.0109224 -0.0100915
0 0.00169158 -0.010725 -0.00985198
0 0.00171492 -0.0105845 -0.0096744
0 0.00171434 -0.0105012 -0.00956059
0 0.00169308 -0.0104746 -0.00951175
0 0.00165435 -0.0105036 -0.00952844
0 0.00160077 -0.0105871 -0.00961076
0 0.00153431 -0.0107235 -0.00975812
0 0.00145648 -0.0109109 -0.00996884
0 0.00136814 -0.0111467 -0.0102403
0 0.00126935 -0.0114283 -0.0105693
0 0.0011593 -0.0117532 -0.010952
0 0.00103672 -0.0121185 -0.0113841
0 0.000900429 -0.0125212 -0.0118603
0 0.000749529 -0.0129575 -0.0123749
0 0.000583266 -0.0134234 -0.0129217
0 0.000401189 -0.0139147 -0.0134946
0 0.000203431 -0.0144269 -0.0140875
0 -9.20691e-06 -0.0149551 -0.0146945
0 -0.000235354 -0.0154944 -0.01531
0 -0.000473132 -0.0160401 -0.0159289
0 -0.000720121 -0.0165876 -0.0165464
0 -0.000973368 -0.0171324 -0.0171584
0 -0.00122954 -0.0176703 -0.0177607
0 -0.00148494 -0.0181977 -0.01835
0 -0.00173561 -0.0187111 -0.0189229
0 -0.00197753 -0.0192073 -0.0194765
0 -0.00220688 -0.0196832 -0.0200077
0 -0.00242021 -0.0201359 -0.020514
0 -0.00261463 -0.0205625 -0.0209927
0 -0.00278801 -0.0209602 -0.0214415
0 -0.00293908 -0.0213266 -0.0218579
0 -0.00306729 -0.0216591 -0.0222397
0 -0.00317262 -0.0219554 -0.0225841
0 -0.00325568 -0.0222133 -0.0228885
0 -0.00331766 -0.022431 -0.0231503
0 -0.00336017 -0.022607 -0.0233669
0 -0.00338515 -0.0227404 -0.0235361
0 -0.00339469 -0.0228306 -0.0236559
0 -0.00339078 -0.0228775 -0.0237249
0 -0.00337515 -0.0228813 -0.0237418
0 -0.00334905 -0.0228424 -0.0237064
0 -0.00331329 -0.0227616 -0.0236185
0 -0.00326818 -0.0226401 -0.0234792
0 -0.00321368 -0.0224792 -0.02329
0 -0.00314932 -0.0222807 -0.0230534
0 -0.00307434 -0.0220465 -0.0227723
0 -0.0029879 -0.0217788 -0.0224504
0 -0.00288927 -0.0214804 -0.0220921
0 -0.00277781 -0.0211541 -0.0217017
0 -0.00265305 -0.0208027 -0.021284
0 -0.0025149 -0.0204294 -0.0208434
0 -0.00236369 -0.0200375 -0.0203847
0 -0.00220018 -0.0196304 -0.0199121
0 -0.00202555 -0.0192112 -0.0194296
0 -0.00184139 -0.0187833 -0.018941
0 -0.00164969 -0.01835 -0.0184499
0 -0.00145269 -0.0179146 -0.0179595
0 -0.00125275 -0.0174805 -0.0174729
0 -0.00105224 -0.0170508 -0.016993
0 -0.000853585 -0.0166289 -0.0165225
0 -0.000659199 -0.0162181 -0.0160643
0 -0.000471511 -0.0158213 -0.0156211
0 -0.000292876 -0.0154415 -0.0151957
0 -0.000125507 -0.0150815 -0.0147909
0 2.86272e-05 -0.0147438 -0.0144096
0 0.00016788 -0.014431 -0.0140545
0 0.000290994 -0.0141451 -0.0137283
0 0.000397128 -0.0138881 -0.0134337
0 0.000485865 -0.013662 -0.013173
0 0.000557193 -0.0134683 -0.0129482
0 0.000611459 -0.0133084 -0.0127614
0 0.000649297 -0.0131834 -0.012614
0 0.000671543 -0.0130942 -0.0125074
0 0.000679157 -0.0130415 -0.0124423
0 0.00067314 -0.0130255 -0.0124194
0 0.000654459 -0.0130461 -0.0124388
0 0.00062397 -0.0131029 -0.0125001
0 0.000582377 -0.0131951 -0.0126026
0 0.000530214 -0.0133216 -0.0127454
0 0.000467834 -0.0134807 -0.0129267
0 0.000395424 -0.0136708 -0.0131446
0 0.00031304 -0.0138897 -0.0133967
0 0.00022066 -0.0141351 -0.0136802
0 0.000118257 -0.0144047 -0.0139922
0 5.85877e-06 -0.0146959 -0.0143294
0 -0.000116384 -0.015006 -0.0146881
0 -0.000248133 -0.0153324 -0.015065
0 -0.000388817 -0.0156722 -0.0154565
0 -0.000537613 -0.0160226 -0.0158589
0 -0.000693443 -0.0163808 -0.0162688
0 -0.000854965 -0.0167441 -0.0166828
0 -0.00102058 -0.0171095 -0.0170978
0 -0.00118844 -0.0174744 -0.0175108
0 -0.00135648 -0.017836 -0.0179188
0 -0.00152246 -0.0181916 -0.0183192
0 -0.00168406 -0.0185388 -0.0187094
0 -0.00183903 -0.018875 -0.0190871
0 -0.00198528 -0.0191977 -0.0194498
0 -0.00212103 -0.0195044 -0.0197954
0 -0.00224482 -0.019793 -0.0201218
0 -0.00235554 -0.0200609 -0.0204267
0 -0.00245248 -0.0203062 -0.0207081
0 -0.00253534 -0.0205269 -0.020964
0 -0.00260415 -0.0207212 -0.0211922
0 -0.00265929 -0.0208877 -0.0213909
0 -0.00270135 -0.0210253 -0.0215581
0 -0.00273112 -0.021133 -0.021692
0 -0.00274942 -0.0212103 -0.0217912
0 -0.0027571 -0.021257 -0.0218544
0 -0.00275492 -0.0212732 -0.0218808
0 -0.00274352 -0.021259 -0.0218701
0 -0.0027234 -0.0212151 -0.0218224
0 -0.00269484 -0.0211421 -0.0217382
0 -0.00265794 -0.0210409 -0.0216188
