0 -0.000433842 -0.0143124 -0.0141086
0 -0.000453428 -0.0143606 -0.0141644
0 -0.000474333 -0.0144114 -0.014223
0 -0.000496529 -0.0144645 -0.0142842
0 -0.000519978 -0.01452 -0.0143479
0 -0.000544639 -0.0145775 -0.014414
0 -0.000570461 -0.0146372 -0.0144822
0 -0.000597387 -0.0146987 -0.0145526
0 -0.000625353 -0.014762 -0.0146248
0 -0.000654289 -0.014827 -0.0146988
0 -0.000684122 -0.0148935 -0.0147744
0 -0.000714769 -0.0149613 -0.0148514
0 -0.000746143 -0.0150304 -0.0149297
0 -0.000778157 -0.0151006 -0.0150092
0 -0.00081072 -0.0151718 -0.0150897
0 -0.000843738 -0.0152438 -0.015171
0 -0.000877116 -0.0153165 -0.015253
0 -0.000910759 -0.0153897 -0.0153356
0 -0.000944573 -0.0154633 -0.0154186
0 -0.000978464 -0.0155372 -0.0155018
0 -0.00101234 -0.0156111 -0.0155852
0 -0.00104609 -0.0156851 -0.0156686
0 -0.00107964 -0.0157589 -0.0157519
0 -0.0011129 -0.0158325 -0.0158348
0 -0.00114577 -0.0159055 -0.0159174
0 -0.00117816 -0.015978 -0.0159993
0 -0.00120996 -0.0160498 -0.0160805
0 -0.0012411 -0.0161206 -0.0161608
0 -0.00127148 -0.0161904 -0.0162401
0 -0.00130109 -0.016259 -0.0163182
0 -0.00132986 -0.0163264 -0.016395
0 -0.00135776 -0.0163923 -0.0164704
0 -0.00138472 -0.0164567 -0.0165443
0 -0.0014107 -0.0165194 -0.0166164
0 -0.00143566 -0.0165804 -0.0166867
0 -0.00145961 -0.0166395 -0.0167551
0 -0.00148253 -0.0166966 -0.0168213
0 -0.00150443 -0.0167517 -0.0168854
0 -0.00152526 -0.0168046 -0.0169472
0 -0.00154501 -0.0168553 -0.0170064
0 -0.0015637 -0.0169036 -0.0170632
0 -0.00158138 -0.0169496 -0.0171173
0 -0.00159807 -0.0169932 -0.0171686
0 -0.00161377 -0.0170343 -0.0172172
0 -0.00162847 -0.0170729 -0.0172628
0 -0.00164224 -0.017109 -0.0173055
0 -0.00165513 -0.0171426 -0.0173452
0 -0.00166713 -0.0171735 -0.0173818
0 -0.00167812 -0.0172017 -0.0174152
0 -0.00168793 -0.017227 -0.017445
0 -0.00169642 -0.0172491 -0.0174712
0 -0.00170345 -0.017268 -0.0174935
0 -0.00170894 -0.0172834 -0.0175117
0 -0.00171282 -0.0172954 -0.0175259
0 -0.00171505 -0.0173037 -0.0175358
0 -0.00171558 -0.0173084 -0.0175415
0 -0.00171435 -0.0173093 -0.0175429
0 -0.00171148 -0.0173066 -0.01754
0 -0.0017073 -0.0173005 -0.0175331
0 -0.00170227 -0.0172914 -0.0175228
0 -0.00169673 -0.0172798 -0.0175093
0 -0.00169086 -0.0172658 -0.0174929
0 -0.00168474 -0.0172495 -0.0174737
0 -0.00167842 -0.017231 -0.0174518
0 -0.00167195 -0.0172105 -0.0174274
0 -0.00166532 -0.0171879 -0.0174005
0 -0.00165848 -0.0171635 -0.0173713
0 -0.0016513 -0.0171372 -0.0173397
0 -0.00164369 -0.0171089 -0.0173058
0 -0.00163564 -0.0170789 -0.0172698
0 -0.0016273 -0.0170475 -0.0172319
0 -0.00161884 -0.0170149 -0.0171925
0 -0.00161032 -0.0169814 -0.0171518
0 -0.00160166 -0.0169471 -0.01711
0 -0.00159282 -0.0169121 -0.0170672
0 -0.00158358 -0.0168763 -0.0170234
0 -0.00157327 -0.0168392 -0.0169782
0 -0.00156077 -0.0167999 -0.0169306
0 -0.00154492 -0.0167573 -0.0168796
0 -0.0015253 -0.0167109 -0.0168248
0 -0.00150248 -0.0166614 -0.0167669
0 -0.00147756 -0.0166099 -0.0167071
0 -0.00145106 -0.0165567 -0.0166459
0 -0.00142238 -0.0165013 -0.0165827
0 -0.00139049 -0.0164425 -0.0165163
0 -0.00135519 -0.01638 -0.0164466
0 -0.00131776 -0.0163149 -0.0163746
0 -0.0012802 -0.0162491 -0.0163023
0 -0.00124409 -0.016184 -0.0162311
0 -0.00120998 -0.0161201 -0.0161614
0 -0.00117788 -0.0160574 -0.0160933
0 -0.00114772 -0.0159959 -0.0160264
0 -0.00111907 -0.0159351 -0.0159605
0 -0.00109074 -0.0158739 -0.0158942
0 -0.00106118 -0.0158108 -0.0158261
0 -0.00102969 -0.0157453 -0.0157552
0 -0.000997587 -0.0156785 -0.015683
0 -0.000967611 -0.0156134 -0.0156122
0 -0.00094209 -0.0155523 -0.015545
0 -0.000921578 -0.015496 -0.0154821
0 -0.000905219 -0.0154438 -0.0154229
0 -0.000891974 -0.015395 -0.0153664
0 -0.000881216 -0.0153491 -0.0153124
0 -0.000872412 -0.015306 -0.0152605
0 -0.00086466 -0.0152649 -0.0152102
0 -0.000856676 -0.0152249 -0.0151604
0 -0.000847108 -0.0151848 -0.01511
0 -0.000834728 -0.0151435 -0.0150582
0 -0.000818315 -0.0150999 -0.0150039
0 -0.000796444 -0.0150526 -0.0149457
0 -0.000767565 -0.0149998 -0.0148823
0 -0.000730773 -0.0149404 -0.0148128
0 -0.000686867 -0.014875 -0.0147376
0 -0.000638315 -0.0148056 -0.0146592
0 -0.000587598 -0.0147343 -0.0145796
0 -0.000535699 -0.0146616 -0.0144997
0 -0.000482484 -0.0145869 -0.0144189
0 -0.000428167 -0.0145102 -0.0143372
0 -0.000373982 -0.0144322 -0.0142552
0 -0.000321651 -0.0143544 -0.0141745
0 -0.000272616 -0.014278 -0.014096
0 -0.000227595 -0.0142035 -0.0140203
0 -0.000186447 -0.0141307 -0.0139468
0 -0.000148439 -0.014059 -0.0138746
0 -0.000113087 -0.0139878 -0.013803
0 -8.09318e-05 -0.0139179 -0.0137325
0 -5.31905e-05 -0.0138508 -0.0136642
0 -3.04265e-05 -0.0137871 -0.0135985
0 -1.19716e-05 -0.0137267 -0.0135351
0 3.04227e-06 -0.0136691 -0.0134731
0 1.47128e-05 -0.0136145 -0.0134127
0 2.31106e-05 -0.0135633 -0.0133541
0 2.96275e-05 -0.0135145 -0.0132963
0 3.68756e-05 -0.013466 -0.013237
0 4.73313e-05 -0.0134155 -0.0131742
0 6.26839e-05 -0.0133616 -0.0131066
0 8.45803e-05 -0.0133029 -0.0130327
0 0.000115379 -0.0132367 -0.0129505
0 0.000157607 -0.0131606 -0.0128576
0 0.000212552 -0.0130727 -0.0127527
0 0.000279575 -0.0129731 -0.0126361
0 0.000356792 -0.0128631 -0.0125096
0 0.000442164 -0.0127439 -0.0123747
0 0.000533928 -0.0126165 -0.0122326
0 0.000630294 -0.0124817 -0.0120846
0 0.000728699 -0.0123413 -0.0119325
0 0.000825071 -0.0121986 -0.0117797
0 0.000913884 -0.0120586 -0.0116311
0 0.000989547 -0.0119266 -0.0114918
0 0.0010488 -0.0118057 -0.0113648
0 0.00109239 -0.0116955 -0.0112493
0 0.00112395 -0.0115929 -0.0111417
0 0.00114715 -0.0114949 -0.0110386
0 0.0011638 -0.0114005 -0.0109386
0 0.00117467 -0.01131 -0.0108413
0 0.00118148 -0.0112226 -0.0107457
0 0.00118761 -0.0111359 -0.0106489
0 0.00119676 -0.0110472 -0.010548
0 0.00121105 -0.0109551 -0.0104415
0 0.00123095 -0.0108599 -0.0103294
0 0.00125706 -0.0107614 -0.0102118
0 0.00129159 -0.0106578 -0.010087
0 0.00133778 -0.0105458 -0.00995197
0 0.00139728 -0.0104237 -0.00980542
0 0.00146807 -0.0102931 -0.00964939
0 0.00154491 -0.0101586 -0.00948909
0 0.00162161 -0.0100259 -0.00933064
0 0.00169283 -0.00989966 -0.00917933
0 0.00175448 -0.00978357 -0.00903929
0 0.00180321 -0.00968071 -0.00891403
0 0.00183587 -0.00959419 -0.00880704
0 0.00184929 -0.00952745 -0.00872198
0 0.00184032 -0.00948421 -0.00866277
0 0.00180591 -0.00946843 -0.00863341
0 0.00174337 -0.00948412 -0.00863791
0 0.00165072 -0.00953495 -0.00867984
0 0.00152712 -0.00962379 -0.00876192
0 0.00137315 -0.0097524 -0.00888575
0 0.00119073 -0.00992143 -0.00905183
0 0.000982877 -0.0101305 -0.00925973
0 0.000753182 -0.0103788 -0.00950846
0 0.000505216 -0.0106653 -0.00979709
0 0.000241907 -0.0109894 -0.0101253
0 -3.44208e-05 -0.0113511 -0.0104931
0 -0.000320946 -0.0117494 -0.0109002
0 -0.000613088 -0.0121815 -0.011344
0 -0.000904541 -0.0126423 -0.0118201
0 -0.00118866 -0.0131259 -0.0123235
0 -0.00145992 -0.0136271 -0.0128498
0 -0.00171435 -0.0141418 -0.0133956
0 -0.00194899 -0.0146664 -0.0139583
0 -0.0021613 -0.0151969 -0.0145348
0 -0.00234895 -0.0157292 -0.0151216
0 -0.00250989 -0.0162589 -0.015715
0 -0.00264214 -0.0167811 -0.0163108
0 -0.00274404 -0.0172909 -0.0169042
0 -0.00281567 -0.0177847 -0.0174919
0 -0.00286095 -0.0182623 -0.0180737
0 -0.00288793 -0.0187274 -0.0186532
0 -0.00290653 -0.0191853 -0.0192355
0 -0.002925 -0.0196398 -0.0198238
0 -0.00294699 -0.0200903 -0.0204167
0 -0.00297118 -0.0205314 -0.0210076
0 -0.00299385 -0.0209558 -0.0215872
0 -0.00301254 -0.0213579 -0.0221479
0 -0.00302899 -0.0217364 -0.0226857
0 -0.00304963 -0.0220954 -0.0232021
0 -0.00308356 -0.022442 -0.0237011
0 -0.0031395 -0.0227836 -0.0241872
0 -0.00322271 -0.0231245 -0.0246622
0 -0.00333384 -0.0234656 -0.0251241
0 -0.00347061 -0.0238048 -0.0255687
0 -0.00363033 -0.0241407 -0.0259925
0 -0.0038115 -0.0244731 -0.0263939
0 -0.00401371 -0.0248035 -0.0267734
0 -0.00423649 -0.0251336 -0.0271324
0 -0.00447775 -0.0254639 -0.0274713
0 -0.00473282 -0.0257923 -0.027789
0 -0.00499494 -0.026115 -0.0280828
0 -0.00525646 -0.026427 -0.0283495
0 -0.00551025 -0.0267235 -0.0285867
0 -0.00575047 -0.0270011 -0.0287936
0 -0.00597322 -0.0272576 -0.0289711
0 -0.00617666 -0.0274928 -0.0291221
0 -0.00635946 -0.0277066 -0.0292499
0 -0.00651757 -0.0278958 -0.0293544
0 -0.00664312 -0.028053 -0.0294316
0 -0.00672819 -0.0281701 -0.0294764
0 -0.0067701 -0.028244 -0.0294881
0 -0.00677243 -0.0282772 -0.0294716
0 -0.00674131 -0.0282746 -0.0294333
0 -0.00668052 -0.0282383 -0.0293766
0 -0.00658878 -0.0281654 -0.0292991
0 -0.00646093 -0.0280489 -0.0291936
0 -0.00629273 -0.0278824 -0.0290532
0 -0.00608539 -0.0276647 -0.0288755
0 -0.00584538 -0.0273998 -0.0286625
0 -0.00557978 -0.0270921 -0.0284165
0 -0.00529258 -0.0267433 -0.0281363
0 -0.00498521 -0.0263525 -0.0278178
0 -0.00465908 -0.0259186 -0.0274568
0 -0.00431702 -0.0254425 -0.0270504
0 -0.00396305 -0.0249261 -0.0265973
0 -0.00360142 -0.0243721 -0.0260965
0 -0.00323555 -0.0237828 -0.025547
0 -0.00286719 -0.023159 -0.0249468
0 -0.00249682 -0.0225009 -0.0242934
0 -0.00212542 -0.0218093 -0.0235855
0 -0.00175637 -0.0210878 -0.0228253
0 -0.00139617 -0.0203436 -0.0220188
0 -0.00105366 -0.0195862 -0.0211753
0 -0.000737403 -0.0188253 -0.0203047
0 -0.000453085 -0.0180684 -0.0194151
0 -0.000203223 -0.01732 -0.0185126
0 1.13003e-05 -0.0165836 -0.0176024
0 0.000190603 -0.015862 -0.0166897
0 0.000336793 -0.0151564 -0.0157783
0 0.000454606 -0.0144655 -0.0148702
0 0.000550457 -0.0137872 -0.0139657
0 0.000630483 -0.0131196 -0.0130657
0 0.000698734 -0.0124633 -0.0121738
0 0.000756764 -0.0118214 -0.0112963
0 0.00080521 -0.0111974 -0.0104407
0 0.000846181 -0.0105936 -0.00961329
0 0.00088404 -0.0100099 -0.00881748
0 0.000923623 -0.00944541 -0.00805588
0 0.000967899 -0.00890109 -0.00733226
0 0.00101778 -0.00837964 -0.00665172
0 0.0010744 -0.00788332 -0.00601831
0 0.00114144 -0.00741151 -0.00543267
0 0.00122495 -0.00696087 -0.00489206
0 0.00133124 -0.00652727 -0.00439239
0 0.00146514 -0.00610752 -0.00392993
0 0.00162948 -0.00569972 -0.00350172
0 0.00182485 -0.00530353 -0.00310587
0 0.00204901 -0.0049207 -0.0027422
0 0.00229712 -0.00455486 -0.00241207
0 0.00256307 -0.00421028 -0.00211725
0 0.0028406 -0.00389089 -0.00185897
0 0.00312305 -0.0036005 -0.0016383
0 0.00340251 -0.0033438 -0.00145722
0 0.00366978 -0.00312646 -0.00131881
0 0.00391562 -0.00295409 -0.00122629
0 0.00413215 -0.00283097 -0.00118175
0 0.00431389 -0.00275913 -0.0011853
0 0.00445883 -0.0027374 -0.00123416
0 0.00456864 -0.00276125 -0.00132243
0 0.0046474 -0.00282397 -0.0014424
0 0.00469985 -0.00291843 -0.00158629
0 0.00473021 -0.00303819 -0.00174735
0 0.00474096 -0.0031787 -0.00192107
0 0.00473177 -0.00333842 -0.00210623
0 0.0046996 -0.00351877 -0.00230486
0 0.00464 -0.00372295 -0.00252093
0 0.00454835 -0.00395476 -0.00275922
0 0.00442128 -0.00421731 -0.00302388
0 0.00425955 -0.0045101 -0.00331556
0 0.00407015 -0.00482692 -0.0036292
0 0.00386397 -0.00515795 -0.00395614
0 0.00365097 -0.00549446 -0.00428882
0 0.00343741 -0.00583137 -0.00462325
0 0.00322587 -0.0061673 -0.00495907
0 0.00301589 -0.00650384 -0.00529879
0 0.00280482 -0.00684473 -0.00564695
0 0.00258905 -0.00719475 -0.00600898
0 0.00236483 -0.00755888 -0.00639033
0 0.00212883 -0.00794181 -0.00679605
0 0.0018786 -0.00834752 -0.00723026
0 0.001613 -0.00877877 -0.00769571
0 0.00133207 -0.00923722 -0.00819395
0 0.00103684 -0.00972355 -0.0087254
0 0.000729921 -0.0102368 -0.00928876
0 0.000416234 -0.0107734 -0.00988018
0 0.000102585 -0.0113279 -0.0104937
0 -0.000205039 -0.011895 -0.0111237
0 -0.000504609 -0.0124734 -0.0117684
0 -0.000798283 -0.0130653 -0.0124297
0 -0.00108955 -0.013674 -0.0131108
0 -0.00138002 -0.014301 -0.0138128
0 -0.00166741 -0.0149435 -0.0145328
0 -0.00194568 -0.0155946 -0.015264
0 -0.00220742 -0.0162459 -0.015998
0 -0.00244657 -0.0168899 -0.0167277
0 -0.00265973 -0.0175217 -0.0174482
0 -0.00284676 -0.0181387 -0.0181574
0 -0.00301083 -0.0187416 -0.0188565
0 -0.00315742 -0.019333 -0.0195484
0 -0.00329274 -0.0199158 -0.0202363
0 -0.00342278 -0.0204929 -0.0209233
0 -0.00355291 -0.0210667 -0.0216115
0 -0.00368681 -0.021638 -0.0223013
0 -0.00382566 -0.0222055 -0.0229907
0 -0.00396961 -0.0227674 -0.0236767
0 -0.00412063 -0.0233239 -0.0243584
0 -0.00428325 -0.0238782 -0.0250376
0 -0.00446216 -0.0244341 -0.0257167
0 -0.00465824 -0.0249922 -0.0263945
0 -0.00486589 -0.0255467 -0.027064
0 -0.0050747 -0.0260876 -0.0277134
0 -0.00527443 -0.0266047 -0.0283315
0 -0.00545961 -0.0270927 -0.0289118
0 -0.00563098 -0.0275522 -0.0294542
0 -0.00579276 -0.0279875 -0.0299622
0 -0.00594758 -0.028401 -0.0304378
0 -0.00609307 -0.0287901 -0.0308783
0 -0.00622281 -0.0291482 -0.0312773
0 -0.00632967 -0.0294673 -0.0316275
0 -0.00640846 -0.0297417 -0.0319233
0 -0.006458 -0.0299687 -0.0321633
0 -0.00648278 -0.0301514 -0.0323516
0 -0.00649222 -0.0302977 -0.032497
0 -0.0064967 -0.0304166 -0.0326097
0 -0.00650208 -0.0305125 -0.0326954
0 -0.00650683 -0.0305832 -0.0327526
0 -0.00650433 -0.0306212 -0.032775
0 -0.00648751 -0.0306188 -0.0327556
0 -0.00645179 -0.0305709 -0.03269
0 -0.00639582 -0.0304757 -0.0325768
0 -0.00632166 -0.0303349 -0.0324179
0 -0.00623427 -0.0301533 -0.032218
0 -0.00614003 -0.0299373 -0.0319835
0 -0.00604491 -0.0296935 -0.0317202
0 -0.00595302 -0.029427 -0.0314325
0 -0.00586566 -0.0291404 -0.0311223
0 -0.00578109 -0.0288336 -0.0307886
0 -0.00569505 -0.0285044 -0.030428
0 -0.00560117 -0.0281485 -0.0300353
0 -0.00549186 -0.0277603 -0.0296041
0 -0.0053605 -0.027335 -0.0291289
0 -0.00520459 -0.0268717 -0.0286081
0 -0.00502724 -0.0263749 -0.0280458
0 -0.00483474 -0.0258519 -0.0274492
0 -0.00463249 -0.0253091 -0.0268248
0 -0.00442268 -0.0247496 -0.0261757
0 -0.00420463 -0.0241735 -0.0255027
0 -0.00397652 -0.0235797 -0.0248052
0 -0.00373739 -0.0229677 -0.0240837
0 -0.00348857 -0.0223393 -0.0233409
0 -0.00323373 -0.0216988 -0.0225821
0 -0.00297769 -0.0210514 -0.0218137
0 -0.00272516 -0.0204027 -0.0210423
0 -0.00247991 -0.0197572 -0.0202736
0 -0.00224427 -0.0191185 -0.019512
0 -0.0020194 -0.0184892 -0.018761
0 -0.0018069 -0.0178723 -0.0180242
0 -0.00161009 -0.0172728 -0.0173074
0 -0.00143332 -0.0166969 -0.0166172
0 -0.00127959 -0.0161498 -0.0159594
0 -0.00114829 -0.0156332 -0.0153364
0 -0.00103521 -0.0151454 -0.0147469
0 -0.00093493 -0.0146836 -0.0141888
0 -0.000842572 -0.0142453 -0.0136601
0 -0.000752943 -0.0138277 -0.0131587
0 -0.000658837 -0.0134258 -0.0126797
0 -0.00055195 -0.0130332 -0.0122172
0 -0.000426647 -0.0126454 -0.011767
0 -0.000282677 -0.0122633 -0.0113301
0 -0.000123625 -0.0118908 -0.0109106
0 4.67672e-05 -0.0115318 -0.0105124
0 0.000226694 -0.0111876 -0.0101369
0 0.000416209 -0.0108575 -0.00978311
0 0.000616061 -0.0105399 -0.00944916
0 0.000826426 -0.010233 -0.00913312
0 0.00104614 -0.00993631 -0.00883401
0 0.00127199 -0.00965098 -0.00855244
0 0.00149759 -0.00938106 -0.00829188
0 0.00171312 -0.009134 -0.0080591
0 0.00190737 -0.00891878 -0.00786226
0 0.00207102 -0.00874278 -0.00770787
0 0.00219894 -0.00860962 -0.0075986
0 0.00229084 -0.0085185 -0.00753271
0 0.00235109 -0.00846438 -0.0075042
0 0.0023888 -0.00843773 -0.00750267
0 0.00241663 -0.0084256 -0.00751439
0 0.00244502 -0.00841717 -0.00752787
0 0.0024756 -0.00841033 -0.00754045
0 0.00250025 -0.00841264 -0.00755929
0 0.00250659 -0.0084361 -0.00759609
0 0.00248497 -0.00849021 -0.00766019
0 0.00243365 -0.00857687 -0.00775351
0 0.00236048 -0.00868869 -0.00786874
0 0.00227942 -0.00881219 -0.00799274
0 0.00220366 -0.00893456 -0.00811309
0 0.0021413 -0.00904779 -0.00822239
0 0.00209675 -0.00914727 -0.0083167
0 0.00207442 -0.00922801 -0.00839175
0 0.00208016 -0.00928317 -0.00844151
0 0.00211939 -0.00930588 -0.00845989
0 0.00219404 -0.00929233 -0.00844379
0 0.00230009 -0.00924425 -0.0083956
0 0.00242631 -0.00917033 -0.00832451
0 0.00255348 -0.00908741 -0.00824764
0 0.00265391 -0.00902117 -0.00819077
0 0.00269646 -0.00900171 -0.00818377
0 0.00265985 -0.00905051 -0.00824766
0 0.00254594 -0.0091672 -0.00838139
0 0.00238123 -0.00932775 -0.00856008
0 0.00220436 -0.0094964 -0.0087471
0 0.00204725 -0.00964399 -0.0089124
0 0.00192031 -0.00976241 -0.00904709
0 0.00180932 -0.0098678 -0.00916664
0 0.00168609 -0.00999024 -0.0093005
0 0.00152515 -0.0101573 -0.00947587
0 0.00131453 -0.0103837 -0.00970705
0 0.00105716 -0.0106693 -0.00999399
0 0.000766015 -0.0110043 -0.010327
0 0.000456843 -0.0113758 -0.0106938
0 0.000142833 -0.0117734 -0.0110844
0 -0.000166617 -0.0121897 -0.0114927
0 -0.000464931 -0.0126198 -0.0119149
0 -0.000748383 -0.0130611 -0.0123496
0 -0.00101516 -0.0135121 -0.012797
0 -0.00125817 -0.0139657 -0.0132516
0 -0.00145746 -0.0144011 -0.0136943
0 -0.00158529 -0.0147888 -0.0140971
0 -0.00162091 -0.0151047 -0.0144376
0 -0.00156136 -0.0153417 -0.01471
0 -0.00142223 -0.0155098 -0.0149255
0 -0.0012306 -0.0156302 -0.0151058
0 -0.00101554 -0.0157259 -0.0152742
0 -0.000801181 -0.015815 -0.0154487
0 -0.000604203 -0.015909 -0.01564
0 -0.000435324 -0.016014 -0.0158529
0 -0.000302549 -0.0161339 -0.0160902
0 -0.000213794 -0.0162739 -0.0163546
0 -0.000178002 -0.0164409 -0.0166508
0 -0.000206842 -0.0166458 -0.016987
0 -0.0003152 -0.0169042 -0.0173755
0 -0.000515361 -0.0172302 -0.017827
0 -0.000806885 -0.0176267 -0.018341
0 -0.00116797 -0.0180764 -0.0188966
0 -0.0015545 -0.0185402 -0.0194515
0 -0.00191254 -0.0189686 -0.0199538
0 -0.00219818 -0.0193218 -0.0203615
0 -0.00239079 -0.0195816 -0.0206555
0 -0.00249368 -0.0197521 -0.0208398
0 -0.0025268 -0.0198532 -0.0209347
0 -0.00251719 -0.0199104 -0.0209673
0 -0.00248925 -0.0199464 -0.0209623
0 -0.00245631 -0.0199723 -0.0209334
0 -0.00241741 -0.0199851 -0.0208805
0 -0.002362 -0.0199718 -0.0207937
0 -0.00227955 -0.0199194 -0.0206632
0 -0.00216798 -0.0198231 -0.0204875
0 -0.00203772 -0.0196906 -0.0202772
0 -0.00191139 -0.0195421 -0.0200551
0 -0.00181926 -0.0194062 -0.0198521
0 -0.00179165 -0.0193129 -0.0196996
0 -0.00185138 -0.0192858 -0.0196225
0 -0.00200903 -0.0193381 -0.0196343
0 -0.00226115 -0.0194707 -0.0197357
0 -0.00259036 -0.0196718 -0.0199143
0 -0.00296702 -0.0199187 -0.0201464
0 -0.00335337 -0.0201808 -0.0204003
0 -0.00371083 -0.0204267 -0.0206431
0 -0.00400754 -0.0206307 -0.0208481
0 -0.00422396 -0.0207779 -0.0209994
0 -0.00435644 -0.0208679 -0.0210956
0 -0.00441729 -0.0209144 -0.0211501
0 -0.0044288 -0.02094 -0.0211852
0 -0.00441349 -0.0209667 -0.0212228
0 -0.00438512 -0.0210071 -0.0212757
0 -0.00434377 -0.0210595 -0.0213425
0 -0.00427645 -0.0211086 -0.0214083
0 -0.00416469 -0.0211326 -0.0214521
0 -0.00399404 -0.0211128 -0.0214556
0 -0.00375817 -0.0210373 -0.021408
0 -0.00345778 -0.0209005 -0.0213041
0 -0.00309814 -0.0207007 -0.0211429
0 -0.00268691 -0.0204383 -0.0209248
0 -0.00223176 -0.0201137 -0.0206503
0 -0.00173781 -0.0197249 -0.020317
0 -0.00120741 -0.0192677 -0.0199196
0 -0.000643781 -0.0187388 -0.0194535
0 -5.62531e-05 -0.018141 -0.0189199
0 0.000536854 -0.0174867 -0.0183288
0 0.00110925 -0.0167966 -0.0176988
0 0.00163084 -0.016097 -0.0170529
0 0.00207318 -0.0154139 -0.0164141
0 0.00241466 -0.0147691 -0.0158004
0 0.00264375 -0.014176 -0.0152217
0 0.00275949 -0.0136399 -0.0146797
0 0.00276899 -0.0131598 -0.0141702
0 0.00268372 -0.0127316 -0.0136866
0 0.00251613 -0.012352 -0.0132235
0 0.00227722 -0.0120202 -0.0127786
0 0.0019763 -0.0117377 -0.012353
0 0.00162523 -0.0115042 -0.0119464
0 0.00124352 -0.0113114 -0.0115521
0 0.000853675 -0.0111473 -0.0111606
0 0.000468742 -0.0110087 -0.0107719
0 8.63543e-05 -0.0109065 -0.0104016
0 -0.00030456 -0.0108589 -0.0100743
0 -0.000711561 -0.01088 -0.0098109
0 -0.00113038 -0.0109712 -0.00962077
0 -0.00154389 -0.0111204 -0.00949988
0 -0.00192572 -0.0113052 -0.00943405
0 -0.00224536 -0.0114981 -0.0094033
0 -0.00247361 -0.011671 -0.00938681
0 -0.00258751 -0.0118001 -0.00936717
0 -0.00257301 -0.0118687 -0.00933271
0 -0.00242589 -0.0118675 -0.00927828
0 -0.00215256 -0.0117964 -0.0092061
0 -0.00177031 -0.0116645 -0.0091264
0 -0.00130533 -0.0114894 -0.00905578
0 -0.00078776 -0.0112921 -0.00901282
0 -0.000246446 -0.0110925 -0.00901326
0 0.000293519 -0.0109073 -0.00906792
0 0.00080985 -0.0107505 -0.00918401
0 0.00128069 -0.0106368 -0.00936793
0 0.0016848 -0.0105812 -0.00962562
0 0.00200623 -0.0105944 -0.00995856
0 0.00223983 -0.0106781 -0.010359
0 0.00239263 -0.0108224 -0.0108091
0 0.00248024 -0.01101 -0.0112842
0 0.00252129 -0.0112214 -0.011758
0 0.00253205 -0.0114399 -0.0122073
0 0.00252192 -0.0116561 -0.0126172
0 0.00249119 -0.0118695 -0.0129831
0 0.00243321 -0.0120869 -0.0133088
0 0.00234023 -0.0123163 -0.013601
0 0.00220811 -0.0125622 -0.0138641
0 0.00203667 -0.0128255 -0.0141005
0 0.00182713 -0.013106 -0.0143127
0 0.0015797 -0.0134045 -0.0145057
0 0.00129389 -0.0137232 -0.0146864
0 0.00097195 -0.0140616 -0.0148602
0 0.000622188 -0.0144134 -0.0150274
0 0.000259267 -0.0147662 -0.015182
0 -9.89878e-05 -0.0151042 -0.015315
0 -0.000436015 -0.0154131 -0.015418
0 -0.000739366 -0.0156818 -0.0154866
0 -0.00100075 -0.0159035 -0.0155196
0 -0.00121462 -0.0160735 -0.0155185
0 -0.00137759 -0.0161888 -0.0154857
0 -0.00148844 -0.0162484 -0.0154247
0 -0.0015472 -0.0162525 -0.0153393
0 -0.0015541 -0.0162015 -0.0152316
0 -0.00150963 -0.0160958 -0.015103
0 -0.00141594 -0.0159375 -0.014955
0 -0.00127846 -0.0157321 -0.014791
0 -0.00110697 -0.0154894 -0.014618
0 -0.000915069 -0.0152232 -0.0144456
0 -0.000718207 -0.0149494 -0.0142848
0 -0.000531059 -0.0146834 -0.0141455
0 -0.000365619 -0.0144384 -0.0140351
0 -0.00023099 -0.0142249 -0.0139586
0 -0.000134305 -0.0140515 -0.0139192
0 -8.12334e-05 -0.013926 -0.0139198
0 -7.58939e-05 -0.0138549 -0.0139622
0 -0.000121491 -0.013844 -0.0140483
0 -0.000221763 -0.0138996 -0.0141815
0 -0.00038073 -0.014029 -0.0143663
0 -0.000599212 -0.0142361 -0.014605
0 -0.000870971 -0.0145178 -0.0148941
0 -0.00118209 -0.0148634 -0.0152229
0 -0.00151386 -0.0152568 -0.0155768
0 -0.00184744 -0.0156814 -0.0159416
0 -0.00216785 -0.0161237 -0.0163068
0 -0.00246493 -0.0165741 -0.0166668
0 -0.00273207 -0.0170259 -0.0170194
0 -0.00296512 -0.0174737 -0.0173642
0 -0.00316212 -0.0179135 -0.0177026
0 -0.00332248 -0.0183418 -0.0180366
0 -0.0034455 -0.0187545 -0.0183677
0 -0.00353024 -0.0191464 -0.0186957
0 -0.00357747 -0.0195138 -0.0190217
0 -0.00359091 -0.0198554 -0.0193483
0 -0.00357609 -0.0201719 -0.0196789
0 -0.00353848 -0.0204637 -0.0200155
0 -0.00348336 -0.0207314 -0.0203594
0 -0.00341724 -0.0209773 -0.0207119
0 -0.00334849 -0.0212061 -0.0210757
0 -0.00328609 -0.0214238 -0.0214539
0 -0.00323782 -0.0216357 -0.0218482
0 -0.00320945 -0.0218462 -0.0222585
0 -0.00320453 -0.0220582 -0.0226824
0 -0.00322345 -0.0222723 -0.0231147
0 -0.00326201 -0.0224853 -0.0235456
0 -0.00331202 -0.0226905 -0.023962
0 -0.00336445 -0.0228805 -0.0243501
0 -0.00341361 -0.0230511 -0.0247002
0 -0.00345868 -0.023203 -0.0250078
0 -0.00350236 -0.0233401 -0.0252727
0 -0.00354887 -0.0234676 -0.025497
0 -0.00360252 -0.0235907 -0.0256838
0 -0.00366652 -0.023713 -0.0258359
0 -0.00374152 -0.0238358 -0.0259549
0 -0.00382443 -0.0239562 -0.0260391
0 -0.00390906 -0.0240681 -0.026085
0 -0.00398848 -0.0241642 -0.0260886
0 -0.00405738 -0.0242386 -0.0260482
0 -0.00411256 -0.0242874 -0.0259645
0 -0.00415123 -0.0243065 -0.0258386
0 -0.00416882 -0.02429 -0.0256701
0 -0.00415939 -0.0242305 -0.0254568
0 -0.00411942 -0.0241227 -0.0251986
0 -0.00405085 -0.023967 -0.0249003
0 -0.00395971 -0.0237677 -0.0245706
0 -0.00385206 -0.0235295 -0.0242173
0 -0.00373115 -0.0232549 -0.0238453
0 -0.00359759 -0.0229441 -0.0234562
0 -0.00345073 -0.0225965 -0.0230499
0 -0.00328963 -0.0222116 -0.0226258
0 -0.0031135 -0.0217896 -0.0221827
0 -0.00292257 -0.021332 -0.0217202
0 -0.00271897 -0.0208425 -0.0212395
0 -0.00250635 -0.0203267 -0.0207431
0 -0.00228834 -0.0197907 -0.0202333
0 -0.002067 -0.0192389 -0.019711
0 -0.00184247 -0.0186742 -0.0191751
0 -0.00161366 -0.0180982 -0.0186234
0 -0.00137898 -0.017512 -0.0180535
0 -0.00113677 -0.0169163 -0.0174629
0 -0.000885531 -0.0163115 -0.0168495
0 -0.000624461 -0.0156984 -0.016212
0 -0.000354392 -0.0150793 -0.0155512
0 -7.82681e-05 -0.0144579 -0.0148701
0 0.00019967 -0.0138392 -0.0141732
0 0.000475764 -0.0132269 -0.0134648
0 0.000748855 -0.0126223 -0.012747
0 0.00102061 -0.0120233 -0.0120192
0 0.00129353 -0.0114267 -0.0112803
0 0.00156831 -0.0108306 -0.0105311
0 0.00184335 -0.0102355 -0.00977501
0 0.00211668 -0.0096417 -0.00901598
0 0.00238771 -0.00904841 -0.00825684
0 0.00265665 -0.00845388 -0.00749961
0 0.00292236 -0.00785799 -0.0067477
0 0.00318054 -0.00726395 -0.00600751
0 0.00342347 -0.0066788 -0.00528873
0 0.00364085 -0.00611274 -0.00460356
0 0.00382188 -0.00557727 -0.00396485
0 0.00395765 -0.00508288 -0.00338367
0 0.0040423 -0.00463803 -0.00286837
0 0.00407259 -0.00424955 -0.00242499
0 0.00404732 -0.00392317 -0.00205788
0 0.00396784 -0.00366292 -0.00176924
0 0.00383896 -0.00347001 -0.00155812
0 0.00366884 -0.00334267 -0.00142043
0 0.00346809 -0.00327682 -0.0013498
0 0.00324806 -0.00326745 -0.00133905
0 0.00301823 -0.00331102 -0.00138276
0 0.0027838 -0.0034076 -0.00147952
0 0.00254586 -0.00356065 -0.0016318
0 0.00230364 -0.0037747 -0.00184368
0 0.00205669 -0.00405316 -0.00211867
0 0.00180561 -0.00439745 -0.00245888
0 0.00155186 -0.00480709 -0.0028651
0 0.00129747 -0.00528004 -0.00333706
0 0.00104481 -0.00581292 -0.00387358
0 0.00079634 -0.0064014 -0.00447277
0 0.000554481 -0.00704033 -0.00513218
0 0.000321747 -0.00772372 -0.0058485
0 0.000101182 -0.00844436 -0.00661713
0 -0.000103629 -0.00919388 -0.0074321
0 -0.000290007 -0.00996429 -0.00828741
0 -0.000458415 -0.0107503 -0.00917929
0 -0.00061333 -0.0115505 -0.0101071
0 -0.000761709 -0.0123656 -0.0110719
0 -0.000910455 -0.0131968 -0.0120739
0 -0.00106476 -0.0140435 -0.0131115
0 -0.00122755 -0.0149036 -0.01418
0 -0.00139981 -0.0157733 -0.015273
0 -0.0015815 -0.0166485 -0.0163833
0 -0.00177248 -0.0175252 -0.0175037
0 -0.00197328 -0.0184002 -0.0186284
0 -0.00218621 -0.0192722 -0.0197531
0 -0.00241573 -0.0201431 -0.020876
0 -0.00266746 -0.0210162 -0.0219968
0 -0.00294636 -0.0218953 -0.0231151
0 -0.00325552 -0.0227827 -0.0242296
0 -0.00359607 -0.0236797 -0.0253381
0 -0.00396771 -0.0245867 -0.0264379
0 -0.00436863 -0.0255034 -0.0275262
0 -0.00479455 -0.0264274 -0.0285986
0 -0.00523808 -0.0273534 -0.0296487
0 -0.00568943 -0.0282737 -0.0306683
0 -0.00613734 -0.029179 -0.0316487
0 -0.00656994 -0.0300591 -0.0325806
0 -0.00697531 -0.0309032 -0.0334552
0 -0.00734227 -0.0317005 -0.0342643
0 -0.00766123 -0.0324412 -0.035001
0 -0.00792482 -0.0331168 -0.0356605
0 -0.0081286 -0.033721 -0.0362401
0 -0.00827081 -0.0342493 -0.0367392
0 -0.0083509 -0.034698 -0.0371577
0 -0.00836816 -0.0350623 -0.0374945
0 -0.00832168 -0.0353367 -0.0377474
0 -0.00821141 -0.0355164 -0.0379142
0 -0.0080392 -0.0355978 -0.0379936
0 -0.0078092 -0.0355798 -0.0379856
0 -0.0075274 -0.0354625 -0.0378913
0 -0.00720072 -0.0352476 -0.037712
0 -0.00683639 -0.0349369 -0.0374487
0 -0.00644158 -0.0345328 -0.0371019
0 -0.00602325 -0.0340379 -0.0366718
0 -0.00558808 -0.0334554 -0.0361582
0 -0.00514247 -0.0327892 -0.0355609
0 -0.00469273 -0.0320442 -0.0348803
0 -0.00424501 -0.0312259 -0.034117
0 -0.00380465 -0.0303407 -0.0332721
0 -0.00337543 -0.0293944 -0.0323464
0 -0.00295915 -0.0283921 -0.0313398
0 -0.00255572 -0.0273378 -0.0302521
0 -0.00216341 -0.0262348 -0.0290827
0 -0.00177909 -0.0250854 -0.0278308
0 -0.00139883 -0.0238911 -0.0264961
0 -0.00101846 -0.0226538 -0.0250791
0 -0.000634003 -0.0213748 -0.0235816
0 -0.000242238 -0.0200566 -0.022007
0 0.000158298 -0.0187026 -0.0203613
0 0.000566888 -0.0173179 -0.0186532
0 0.000981632 -0.0159082 -0.016893
0 0.00140082 -0.0144787 -0.0150911
0 0.00182325 -0.013034 -0.0132575
0 0.00224758 -0.0115789 -0.011402
0 0.00267185 -0.0101185 -0.00953563
0 0.00309341 -0.00865815 -0.00767078
0 0.00350913 -0.00720321 -0.00582031
0 0.00391523 -0.00575971 -0.00399729
0 0.00430709 -0.00433456 -0.00221508
0 0.0046793 -0.00293566 -0.000487173
0 0.00502645 -0.00157128 0.00117361
0 0.00534409 -0.000249126 0.00275614
0 0.00562874 0.00102365 0.00425106
0 0.00587701 0.00223951 0.00564988
0 0.00608533 0.00339021 0.00694464
0 0.00625091 0.00446774 0.00812878
0 0.00637218 0.00546485 0.00919754
0 0.00644804 0.00637431 0.0101471
0 0.00647676 0.00718792 0.0109733
0 0.00645613 0.0078967 0.0116718
0 0.00638476 0.00849225 0.012239
0 0.0062635 0.00896828 0.0126737
0 0.00609594 0.00932119 0.0129772
0 0.00588747 0.00954936 0.0131522
0 0.0056438 0.0096517 0.0132019
0 0.00537021 0.00962716 0.0131287
0 0.00507221 0.00947542 0.0129348
0 0.0047565 0.0091981 0.0126238
0 0.00443097 0.00879893 0.0122002
0 0.00410316 0.00828286 0.0116687
0 0.00377892 0.00765524 0.0110326
0 0.00346246 0.00692178 0.0102946
0 0.00315738 0.00608959 0.00945757
0 0.00286684 0.00516718 0.00852484
0 0.00259235 0.00416318 0.00749942
0 0.00233305 0.00308521 0.00638305
0 0.00208631 0.00194033 0.00517692
0 0.0018493 0.000736082 0.00388319
0 0.00161988 -0.00051879 0.00250598
0 0.00139657 -0.00181471 0.00105123
0 0.00117809 -0.00314196 -0.000473697
0 0.000963303 -0.00449097 -0.00206016
0 0.000751693 -0.00585205 -0.0036979
0 0.000543641 -0.00721522 -0.00537481
0 0.000340231 -0.00857058 -0.00707732
0 0.000142816 -0.00990875 -0.00879093
0 -4.72774e-05 -0.0112214 -0.0105009
0 -0.000229199 -0.0125016 -0.012193
0 -0.000403054 -0.0137433 -0.0138548
0 -0.000569341 -0.0149412 -0.0154746
0 -0.000727725 -0.0160898 -0.01704
0 -0.000876928 -0.0171836 -0.0185376
0 -0.00101599 -0.0182178 -0.0199553
0 -0.00114526 -0.0191894 -0.021283
0 -0.00126617 -0.0200968 -0.0225126
0 -0.00138038 -0.0209386 -0.0236377
0 -0.00148941 -0.0217136 -0.0246527
0 -0.00159478 -0.0224208 -0.0255532
0 -0.00169856 -0.0230599 -0.0263372
0 -0.0018038 -0.0236316 -0.0270045
0 -0.00191446 -0.0241378 -0.0275578
0 -0.00203476 -0.0245811 -0.0280014
0 -0.0021686 -0.0249639 -0.0283406
0 -0.00231929 -0.0252884 -0.0285817
0 -0.00248971 -0.025557 -0.0287318
0 -0.00268265 -0.0257726 -0.0287994
0 -0.00290093 -0.025939 -0.0287939
0 -0.003147 -0.0260609 -0.0287257
0 -0.00342222 -0.0261432 -0.0286055
0 -0.00372652 -0.0261909 -0.0284433
0 -0.00405834 -0.0262089 -0.0282491
0 -0.00441481 -0.0262023 -0.028032
0 -0.00479184 -0.0261757 -0.0278005
0 -0.00518399 -0.0261335 -0.0275621
0 -0.00558424 -0.0260789 -0.0273225
0 -0.0059838 -0.0260139 -0.0270855
0 -0.00637228 -0.0259388 -0.0268529
0 -0.00673829 -0.0258527 -0.0266247
0 -0.00707052 -0.0257546 -0.0263999
0 -0.00735854 -0.025643 -0.0261774
0 -0.00759301 -0.0255168 -0.0259556
0 -0.00776579 -0.0253745 -0.0257329
0 -0.00786998 -0.0252142 -0.0255069
0 -0.00790026 -0.0250338 -0.0252755
0 -0.00785294 -0.0248313 -0.0250361
0 -0.00772618 -0.0246043 -0.0247865
0 -0.00752015 -0.0243507 -0.0245245
0 -0.00723705 -0.0240689 -0.0242484
0 -0.00688097 -0.0237572 -0.0239567
0 -0.00645764 -0.0234144 -0.0236481
0 -0.0059744 -0.0230396 -0.0233214
0 -0.00544042 -0.0226326 -0.0229761
0 -0.00486653 -0.0221946 -0.0226127
0 -0.00426467 -0.0217272 -0.0222316
0 -0.00364703 -0.0212328 -0.0218337
0 -0.00302538 -0.0207139 -0.0214193
0 -0.00241039 -0.0201732 -0.0209883
0 -0.00181106 -0.0196127 -0.0205396
0 -0.00123482 -0.0190343 -0.0200716
0 -0.000688 -0.0184396 -0.0195821
0 -0.000176024 -0.0178304 -0.019069
0 0.000296709 -0.0172082 -0.0185301
0 0.000726746 -0.0165746 -0.0179631
0 0.00111103 -0.0159319 -0.0173665
0 0.00144628 -0.0152837 -0.0167407
0 0.00172924 -0.0146345 -0.0160873
0 0.00195779 -0.0139892 -0.0154084
0 0.0021319 -0.0133512 -0.0147059
0 0.0022536 -0.0127229 -0.0139809
0 0.00232637 -0.0121058 -0.013235
0 0.00235459 -0.0115013 -0.0124702
0 0.00234346 -0.0109105 -0.011689
0 0.0022991 -0.010334 -0.0108941
0 0.00222836 -0.00977207 -0.0100886
0 0.00213812 -0.00922501 -0.00927602
0 0.00203447 -0.00869404 -0.00846139
0 0.00192237 -0.00818122 -0.00765149
0 0.00180604 -0.00768875 -0.00685434
0 0.00168946 -0.00721848 -0.00607841
0 0.0015764 -0.00677189 -0.00533211
0 0.0014701 -0.00635049 -0.00462377
0 0.00137285 -0.00595622 -0.00396182
0 0.00128556 -0.005592 -0.00335506
0 0.00120778 -0.0052617 -0.00281247
0 0.00113828 -0.00496968 -0.00234258
0 0.00107581 -0.00472007 -0.00195262
0 0.00101962 -0.00451625 -0.00164798
0 0.000969887 -0.00436048 -0.00143171
0 0.000927891 -0.00425364 -0.00130443
0 0.000895747 -0.00419547 -0.00126447
0 0.000876203 -0.00418467 -0.00130821
0 0.000872684 -0.00421875 -0.00142999
0 0.000889283 -0.00429388 -0.00162215
0 0.000930518 -0.00440498 -0.00187534
0 0.00100095 -0.00454602 -0.00217894
0 0.00110458 -0.00471052 -0.00252179
0 0.00124394 -0.00489237 -0.00289313
0 0.00141971 -0.00508623 -0.00328316
0 0.00163119 -0.00528695 -0.00368259
0 0.00187723 -0.00548869 -0.00408185
0 0.00215654 -0.00568464 -0.00447087
0 0.00246716 -0.00586776 -0.00483984
0 0.00280577 -0.00603166 -0.0051802
0 0.00316738 -0.00617109 -0.00548497
0 0.0035456 -0.00628183 -0.00574871
0 0.00393287 -0.00636061 -0.00596743
0 0.00432051 -0.00640541 -0.00613883
0 0.00469872 -0.00641591 -0.00626252
0 0.00505676 -0.00639357 -0.00634002
0 0.00538335 -0.00634151 -0.0063745
0 0.0056669 -0.0062645 -0.00637057
0 0.00589557 -0.00616928 -0.00633459
0 0.00605729 -0.00606479 -0.00627477
0 0.00613993 -0.00596218 -0.00620129
0 0.00613184 -0.0058744 -0.00612592
0 0.0060234 -0.00581483 -0.00606068
0 0.00580856 -0.00579571 -0.00601632
0 0.00548509 -0.00582776 -0.00600216
0 0.00505361 -0.00592087 -0.0060269
0 0.0045168 -0.00608462 -0.00609928
0 0.00387933 -0.00632822 -0.00622813
0 0.00314754 -0.00666032 -0.0064223
0 0.00232951 -0.00708826 -0.00669025
0 0.00143627 -0.00761653 -0.00703869
0 0.000482186 -0.00824552 -0.00747168
0 -0.000515926 -0.008972 -0.00799077
0 -0.00153927 -0.00979019 -0.00859576
0 -0.00256731 -0.0106923 -0.00928504
0 -0.00357817 -0.0116688 -0.0100557
0 -0.0045499 -0.0127084 -0.0109036
0 -0.00546199 -0.013799 -0.0118244
0 -0.00629579 -0.0149278 -0.0128128
0 -0.00703393 -0.0160806 -0.013862
0 -0.00766036 -0.0172419 -0.0149635
0 -0.0081611 -0.0183954 -0.0161074
0 -0.00852504 -0.0195249 -0.0172825
0 -0.00874413 -0.0206146 -0.018477
0 -0.00881294 -0.0216489 -0.0196773
0 -0.00872834 -0.0226119 -0.0208682
0 -0.00849002 -0.023488 -0.0220331
0 -0.00810163 -0.0242637 -0.0231556
0 -0.00757197 -0.0249287 -0.0242212
0 -0.00691565 -0.0254775 -0.0252182
0 -0.00615247 -0.0259086 -0.0261377
0 -0.00530595 -0.0262237 -0.0269737
0 -0.00440234 -0.0264279 -0.027722
0 -0.00346937 -0.0265294 -0.0283798
0 -0.00253407 -0.0265388 -0.0289453
0 -0.00162154 -0.0264674 -0.0294166
0 -0.000755405 -0.0263266 -0.0297919
0 4.10602e-05 -0.0261293 -0.0300712
0 0.000744939 -0.0258897 -0.0302567
0 0.00133494 -0.0256228 -0.0303522
0 0.00179298 -0.0253431 -0.0303626
0 0.00210541 -0.0250628 -0.0302923
0 0.00226372 -0.0247915 -0.0301452
0 0.00226454 -0.0245366 -0.0299245
0 0.0021089 -0.0243037 -0.0296341
0 0.00180144 -0.0240978 -0.0292793
0 0.00135007 -0.0239232 -0.0288665
0 0.00076532 -0.0237837 -0.028404
0 6.01743e-05 -0.0236824 -0.0279015
0 -0.00074933 -0.0236206 -0.0273689
0 -0.00164397 -0.0235966 -0.0268147
0 -0.00260196 -0.0236065 -0.0262471
0 -0.00359949 -0.0236461 -0.0256744
0 -0.00461159 -0.0237106 -0.0251057
0 -0.00561358 -0.0237953 -0.0245505
0 -0.00658202 -0.0238956 -0.024018
0 -0.00749503 -0.0240064 -0.0235174
0 -0.00833268 -0.0241225 -0.0230584
0 -0.0090775 -0.0242388 -0.0226513
0 -0.00971469 -0.0243508 -0.0223055
0 -0.010232 -0.0244542 -0.0220284
0 -0.0106196 -0.024545 -0.0218258
0 -0.0108706 -0.0246199 -0.021701
0 -0.0109814 -0.0246764 -0.0216557
0 -0.010952 -0.0247133 -0.0216899
0 -0.0107852 -0.02473 -0.0218015
0 -0.0104869 -0.0247264 -0.0219862
0 -0.0100649 -0.0247022 -0.022237
0 -0.00952887 -0.0246571 -0.0225446
0 -0.00889036 -0.0245908 -0.0228978
0 -0.00816361 -0.0245043 -0.0232852
0 -0.00736521 -0.0243996 -0.0236953
0 -0.00651297 -0.024279 -0.0241168
0 -0.00562477 -0.0241436 -0.024538
0 -0.00471749 -0.0239928 -0.0249463
0 -0.00380607 -0.0238246 -0.025327
0 -0.00290303 -0.0236354 -0.0256641
0 -0.00201853 -0.0234211 -0.0259417
0 -0.00116108 -0.0231772 -0.0261444
0 -0.000338446 -0.0228991 -0.0262582
0 0.000441986 -0.0225819 -0.0262706
0 0.00117302 -0.0222217 -0.0261713
0 0.00184775 -0.0218151 -0.0259525
0 0.00245996 -0.0213597 -0.0256092
0 0.0030048 -0.0208529 -0.0251379
0 0.00347908 -0.020292 -0.0245367
0 0.00388098 -0.0196743 -0.0238056
0 0.00420969 -0.018998 -0.0229464
0 0.00446535 -0.0182623 -0.0219635
0 0.00464906 -0.0174679 -0.0208635
0 0.00476259 -0.0166172 -0.0196553
0 0.00480841 -0.0157142 -0.01835
0 0.00479012 -0.0147637 -0.0169601
0 0.00471321 -0.0137707 -0.015498
0 0.00458532 -0.01274 -0.0139762
0 0.00441556 -0.011676 -0.0124067
0 0.00421325 -0.010584 -0.0108018
0 0.00398695 -0.00947134 -0.0091744
0 0.00374432 -0.00834641 -0.00753955
0 0.0034925 -0.00721813 -0.00591367
0 0.00323863 -0.00609522 -0.00431297
0 0.00298973 -0.00498615 -0.00275266
0 0.0027521 -0.00389946 -0.00124719
0 0.00253083 -0.00284393 0.000189544
0 0.00232998 -0.00182814 0.00154465
0 0.00215293 -0.000860065 0.00280672
0 0.0020023 5.29132e-05 0.00396589
0 0.00187958 0.000903438 0.00501336
0 0.00178476 0.00168379 0.00594106
0 0.00171645 0.0023859 0.00674166
0 0.00167227 0.00300169 0.0074089
0 0.0016494 0.00352343 0.00793789
0 0.00164467 0.0039439 0.00832508
0 0.00165442 0.00425612 0.00856795
0 0.00167429 0.00445316 0.00866455
0 0.00169934 0.00452825 0.00861346
0 0.00172424 0.00447525 0.00841391
0 0.00174341 0.00428933 0.00806594
0 0.0017513 0.00396737 0.0075706
0 0.00174283 0.0035082 0.00693014
0 0.0017136 0.00291286 0.00614812
0 0.00166018 0.00218457 0.0052295
0 0.00158018 0.00132885 0.00418066
0 0.00147252 0.000353532 0.0030095
0 0.00133743 -0.000731403 0.00172544
0 0.00117632 -0.00191413 0.000339229
0 0.000991458 -0.00318146 -0.00113735
0 0.000785955 -0.00451907 -0.00269153
0 0.000563995 -0.00591146 -0.0043093
0 0.000331234 -0.00734169 -0.005975
0 9.48305e-05 -0.00879148 -0.00767127
0 -0.000137224 -0.010242 -0.00937964
0 -0.000356949 -0.011675 -0.0110815
0 -0.000556882 -0.0130733 -0.0127589
0 -0.000730674 -0.0144211 -0.0143953
0 -0.0008739 -0.0157047 -0.0159762
0 -0.000984556 -0.0169132 -0.017489
0 -0.00106315 -0.0180389 -0.0189233
0 -0.00111264 -0.0190776 -0.0202712
0 -0.00113852 -0.0200283 -0.0215274
0 -0.00114882 -0.0208933 -0.0226897
0 -0.00115354 -0.0216776 -0.0237585
0 -0.00116383 -0.0223882 -0.0247361
0 -0.00119097 -0.0230334 -0.0256257
0 -0.00124547 -0.0236214 -0.0264315
0 -0.00133659 -0.0241604 -0.0271575
0 -0.00147232 -0.0246585 -0.0278083
0 -0.00165971 -0.0251234 -0.0283892
0 -0.00190502 -0.0255636 -0.0289066
0 -0.00221346 -0.0259873 -0.0293678
0 -0.00258806 -0.0264014 -0.0297799
0 -0.00302841 -0.0268112 -0.0301485
0 -0.0035296 -0.0272184 -0.0304772
0 -0.00408199 -0.0276221 -0.0307669
0 -0.00467218 -0.0280187 -0.0310171
0 -0.00528448 -0.0284031 -0.0312262
0 -0.00590199 -0.0287688 -0.0313922
0 -0.00650746 -0.0291087 -0.0315133
0 -0.00708391 -0.0294157 -0.0315878
0 -0.00761499 -0.0296822 -0.0316144
0 -0.00808487 -0.0299002 -0.0315913
0 -0.00847817 -0.030061 -0.0315159
0 -0.00878051 -0.0301551 -0.0313851
0 -0.00897954 -0.0301736 -0.0311958
0 -0.00906603 -0.0301088 -0.0309454
0 -0.00903443 -0.0299546 -0.0306329
0 -0.00888294 -0.0297071 -0.0302581
0 -0.0086133 -0.0293642 -0.0298217
0 -0.00823034 -0.0289253 -0.0293251
0 -0.00774159 -0.0283909 -0.02877
0 -0.00715709 -0.0277632 -0.0281581
0 -0.00648921 -0.0270459 -0.027492
0 -0.00575236 -0.0262442 -0.0267742
0 -0.00496228 -0.0253645 -0.0260076
0 -0.00413521 -0.0244143 -0.0251944
0 -0.00328692 -0.0234014 -0.0243364
0 -0.00243184 -0.0223339 -0.0234345
0 -0.00158269 -0.0212203 -0.0224891
0 -0.00075076 -0.0200685 -0.0215001
0 5.3703e-05 -0.0188862 -0.0204668
0 0.000821534 -0.0176805 -0.0193886
0 0.00154502 -0.016458 -0.0182646
0 0.00221784 -0.0152252 -0.0170944
0 0.00283447 -0.0139887 -0.0158788
0 0.00338965 -0.0127558 -0.0146199
0 0.0038784 -0.0115342 -0.0133218
0 0.0042962 -0.0103315 -0.0119899
0 0.00463953 -0.00915519 -0.0106311
0 0.00490602 -0.00801288 -0.00925382
0 0.00509418 -0.00691251 -0.00786804
0 0.0052032 -0.00586213 -0.00648531
0 0.00523306 -0.00486987 -0.00511872
0 0.00518474 -0.00394388 -0.00378237
0 0.00506025 -0.003092 -0.00249091
0 0.00486258 -0.00232124 -0.00125986
0 0.00459559 -0.0016377 -0.000105526
0 0.00426393 -0.00104681 0.000955666
0 0.00387292 -0.000553516 0.00190769
0 0.0034282 -0.000162451 0.00273512
0 0.00293552 0.000121833 0.00342324
0 0.00240067 0.000295025 0.00395855
0 0.00182959 0.000353383 0.00432934
0 0.0012286 0.000293859 0.00452608
0 0.000604644 0.000114193 0.00454178
0 -3.42e-05 -0.000186702 0.00437244
0 -0.000678294 -0.000608357 0.00401748
0 -0.00131665 -0.00114879 0.00347955
0 -0.00193768 -0.00180487 0.00276403
0 -0.00252984 -0.00257245 0.00187851
0 -0.00308197 -0.00344613 0.000832726
0 -0.00358324 -0.00441884 -0.000361375
0 -0.00402347 -0.00548174 -0.0016896
0 -0.00439375 -0.00662455 -0.00313604
0 -0.00468715 -0.00783604 -0.0046838
0 -0.00489894 -0.00910438 -0.00631556
0 -0.00502681 -0.0104173 -0.00801394
0 -0.0050709 -0.0117625 -0.00976187
0 -0.00503392 -0.0131275 -0.0115429
0 -0.00492093 -0.0145002 -0.0133412
0 -0.00473899 -0.015869 -0.0151415
0 -0.00449661 -0.0172224 -0.0169297
0 -0.0042032 -0.0185491 -0.0186928
0 -0.00386899 -0.0198382 -0.0204189
0 -0.00350466 -0.0210796 -0.0220957
0 -0.00312107 -0.0222643 -0.0237111
0 -0.0027292 -0.0233852 -0.0252542
0 -0.00234014 -0.0244369 -0.0267157
0 -0.00196469 -0.025416 -0.0280873
0 -0.00161283 -0.0263198 -0.0293619
0 -0.00129324 -0.0271462 -0.0305324
0 -0.00101317 -0.0278934 -0.0315919
0 -0.000778514 -0.0285598 -0.0325343
0 -0.00059417 -0.0291444 -0.0333543
0 -0.000464397 -0.0296471 -0.0340483
0 -0.000392907 -0.0300686 -0.0346142
0 -0.00038246 -0.03041 -0.0350512
0 -0.000434353 -0.0306724 -0.0353598
0 -0.000548263 -0.0308563 -0.0355407
0 -0.000722304 -0.0309624 -0.0355958
0 -0.000953039 -0.0309917 -0.0355278
0 -0.00123554 -0.0309459 -0.0353404
0 -0.0015633 -0.0308268 -0.0350377
0 -0.00192816 -0.0306359 -0.0346241
0 -0.00232058 -0.0303747 -0.0341045
0 -0.00273064 -0.0300456 -0.0334848
0 -0.00314887 -0.0296522 -0.0327726
0 -0.00356631 -0.0291995 -0.031977
0 -0.00397401 -0.0286934 -0.0311086
0 -0.00436277 -0.0281394 -0.0301779
0 -0.00472344 -0.0275432 -0.0291957
0 -0.00504734 -0.0269098 -0.0281726
0 -0.00532663 -0.0262444 -0.0271196
0 -0.0055546 -0.0255521 -0.0260472
0 -0.00572568 -0.0248384 -0.0249655
0 -0.00583544 -0.024108 -0.0238838
0 -0.00588049 -0.023365 -0.0228114
0 -0.00585857 -0.022613 -0.0217575
0 -0.00576852 -0.021855 -0.0207304
0 -0.0056101 -0.0210933 -0.019737
0 -0.00538372 -0.0203293 -0.0187824
0 -0.00509 -0.0195635 -0.0178694
0 -0.00472954 -0.018795 -0.0169984
0 -0.00430286 -0.0180217 -0.0161674
0 -0.00381049 -0.0172407 -0.0153723
0 -0.003253 -0.0164482 -0.0146067
0 -0.00263098 -0.0156395 -0.0138629
0 -0.00194507 -0.0148097 -0.0131313
0 -0.00119626 -0.0139536 -0.0124018
0 -0.000386595 -0.0130666 -0.0116637
0 0.000480052 -0.0121452 -0.0109073
0 0.00139736 -0.0111876 -0.0101238
0 0.0023566 -0.0101925 -0.00930543
0 0.00334734 -0.0091596 -0.00844527
0 0.00435741 -0.00808974 -0.00753792
0 0.00537259 -0.00698508 -0.00657997
0 0.00637705 -0.00584934 -0.00557024
0 0.00735412 -0.00468771 -0.00450962
0 0.00828676 -0.00350686 -0.00340101
0 0.00915769 -0.0023153 -0.00224955
0 0.00994949 -0.0011236 -0.00106285
0 0.0106451 5.56975e-05 0.000149127
0 0.0112284 0.00120856 0.00137445
0 0.011685 0.00231996 0.00259972
0 0.0120028 0.00337431 0.00381032
0 0.0121724 0.00435579 0.00499065
0 0.0121871 0.00524874 0.00612423
0 0.0120431 0.00603799 0.00719372
0 0.0117398 0.00670912 0.00818124
0 0.0112798 0.00724894 0.00906907
0 0.0106697 0.00764664 0.00984069
0 0.0099206 0.0078945 0.0104815
0 0.00904727 0.00798797 0.010979
0 0.00806765 0.00792523 0.0113226
0 0.00700198 0.00770681 0.0115035
0 0.00587228 0.00733553 0.011515
0 0.00470168 0.00681627 0.0113522
0 0.00351339 0.00615571 0.0110125
0 0.00232967 0.00536188 0.0104953
0 0.00117133 0.00444356 0.00980164
0 5.77757e-05 0.00340924 0.00893376
0 -0.000993089 0.0022665 0.00789456
0 -0.00196552 0.00102219 0.00668755
0 -0.00284663 -0.000316918 0.00531706
0 -0.00362655 -0.00174392 0.00378842
0 -0.00429837 -0.00325181 0.00210807
0 -0.00485813 -0.00483326 0.000283956
0 -0.00530454 -0.00648023 -0.00167411
0 -0.00563881 -0.00818409 -0.00375452
0 -0.00586479 -0.00993592 -0.00594435
0 -0.00598892 -0.0117268 -0.00822972
0 -0.00601986 -0.0135476 -0.0105958
0 -0.00596797 -0.0153893 -0.0130269
0 -0.00584486 -0.0172425 -0.0155061
0 -0.00566291 -0.0190981 -0.0180157
0 -0.00543463 -0.0209469 -0.0205375
0 -0.005172 -0.0227794 -0.0230538
0 -0.00488633 -0.0245854 -0.0255466
0 -0.0045882 -0.0263552 -0.0279975
0 -0.00428757 -0.0280802 -0.0303877
0 -0.00399366 -0.0297525 -0.0326994
0 -0.00371486 -0.0313659 -0.0349159
0 -0.0034589 -0.0329155 -0.0370226
0 -0.00323307 -0.0343979 -0.0390073
0 -0.00304409 -0.0358108 -0.0408598
0 -0.00289769 -0.0371518 -0.0425715
0 -0.00279857 -0.0384178 -0.0441353
0 -0.00275103 -0.0396057 -0.0455462
0 -0.00275916 -0.0407133 -0.0468018
0 -0.00282632 -0.0417392 -0.0479018
0 -0.00295457 -0.0426824 -0.0488477
0 -0.00314442 -0.0435415 -0.0496422
0 -0.00339513 -0.0443143 -0.0502893
0 -0.00370512 -0.0449988 -0.0507944
0 -0.00407193 -0.0455927 -0.0511643
0 -0.004492 -0.0460939 -0.0514065
0 -0.00496014 -0.0465008 -0.0515294
0 -0.00546904 -0.046813 -0.0515412
0 -0.00600913 -0.047031 -0.05145
0 -0.00656864 -0.0471559 -0.0512631
0 -0.00713383 -0.0471883 -0.0509862
0 -0.0076894 -0.0471291 -0.050624
0 -0.00821959 -0.046979 -0.0501806
0 -0.0087092 -0.0467387 -0.0496594
0 -0.00914411 -0.0464095 -0.0490641
0 -0.00951131 -0.0459926 -0.0483978
0 -0.00979887 -0.0454895 -0.0476632
0 -0.00999621 -0.0449018 -0.0468625
0 -0.0100946 -0.0442313 -0.0459977
0 -0.0100874 -0.0434803 -0.0450711
0 -0.00997042 -0.0426516 -0.0440849
0 -0.0097422 -0.0417488 -0.0430421
0 -0.00940391 -0.0407758 -0.0419458
0 -0.00895957 -0.0397376 -0.0407999
0 -0.00841608 -0.0386398 -0.0396093
0 -0.00778312 -0.0374893 -0.0383794
0 -0.00707274 -0.0362936 -0.0371165
0 -0.00629887 -0.0350608 -0.0358273
0 -0.00547685 -0.0337994 -0.0345191
0 -0.00462319 -0.0325185 -0.0331993
0 -0.0037553 -0.031228 -0.031876
0 -0.00289069 -0.0299383 -0.0305579
0 -0.00204601 -0.0286603 -0.0292538
0 -0.00123652 -0.0274047 -0.0279722
0 -0.000476242 -0.0261821 -0.0267214
0 0.000221599 -0.0250027 -0.0255097
0 0.000844706 -0.0238769 -0.0243452
0 0.0013822 -0.0228142 -0.0232356
0 0.00182511 -0.021824 -0.0221881
0 0.00216665 -0.0209147 -0.0212091
0 0.00240246 -0.0200935 -0.0203043
0 0.00253073 -0.0193665 -0.0194782
0 0.00255225 -0.0187386 -0.0187347
0 0.00247033 -0.0182133 -0.018077
0 0.00229089 -0.0177923 -0.0175072
0 0.00202235 -0.0174759 -0.0170267
0 0.00167533 -0.0172624 -0.0166358
0 0.00126199 -0.0171489 -0.0163346
0 0.000795453 -0.0171309 -0.0161221
0 0.000289668 -0.0172028 -0.0159971
0 -0.000240369 -0.0173574 -0.0159569
0 -0.000778538 -0.0175856 -0.0159976
0 -0.00130793 -0.0178772 -0.0161136
0 -0.00181142 -0.0182209 -0.0162987
0 -0.00227207 -0.0186045 -0.0165454
0 -0.00267345 -0.0190153 -0.0168452
0 -0.00300012 -0.0194398 -0.0171888
0 -0.00323836 -0.0198644 -0.017566
0 -0.00337678 -0.0202755 -0.0179661
0 -0.00340652 -0.0206598 -0.018378
0 -0.00332136 -0.0210044 -0.0187905
0 -0.00311799 -0.0212974 -0.019192
0 -0.00279606 -0.0215279 -0.0195713
0 -0.00235829 -0.0216866 -0.0199177
0 -0.00181032 -0.0217657 -0.020221
0 -0.00116039 -0.0217597 -0.020472
0 -0.000418943 -0.0216648 -0.0206621
0 0.000401251 -0.0214793 -0.0207837
0 0.00128456 -0.021203 -0.0208305
0 0.00221283 -0.0208377 -0.0207978
0 0.00316648 -0.0203865 -0.0206826
0 0.00412523 -0.0198542 -0.0204826
0 0.00506842 -0.0192467 -0.0201962
0 0.00597549 -0.0185715 -0.0198225
0 0.00682612 -0.0178373 -0.0193621
0 0.00760063 -0.0170549 -0.0188176
0 0.00828043 -0.0162363 -0.0181935
0 0.00884871 -0.0153951 -0.0174961
0 0.0092914 -0.0145449 -0.0167327
0 0.00959794 -0.0136993 -0.0159115
0 0.00976168 -0.0128711 -0.0150406
0 0.00977988 -0.0120724 -0.014129
0 0.0096533 -0.0113151 -0.0131868
0 0.00938591 -0.0106101 -0.0122248
0 0.00898477 -0.00996764 -0.011255
0 0.00845985 -0.00939637 -0.0102898
0 0.00782429 -0.00890304 -0.00934189
0 0.00709428 -0.00849238 -0.00842348
0 0.0062881 -0.00816735 -0.00754654
0 0.00542478 -0.00792929 -0.00672395
0 0.00452314 -0.0077782 -0.00596991
0 0.00360141 -0.00771286 -0.00529896
0 0.00267684 -0.00773107 -0.00472532
0 0.00176515 -0.00783001 -0.00426249
0 0.000880465 -0.0080064 -0.00392285
0 3.58911e-05 -0.00825659 -0.003717
0 -0.000755931 -0.00857665 -0.00365333
0 -0.00148289 -0.00896251 -0.00373771
0 -0.00213388 -0.00941026 -0.00397351
0 -0.0026993 -0.0099165 -0.00436173
0 -0.00317154 -0.0104785 -0.00490143
0 -0.00354546 -0.0110941 -0.0055899
0 -0.00381857 -0.0117616 -0.00642255
0 -0.00399108 -0.0124792 -0.00739285
0 -0.00406574 -0.0132456 -0.00849241
0 -0.00404779 -0.0140592 -0.00971133
0 -0.00394484 -0.0149189 -0.0110384
0 -0.0037666 -0.0158232 -0.0124616
0 -0.0035246 -0.0167706 -0.0139679
0 -0.00323174 -0.0177595 -0.015544
0 -0.00290182 -0.0187877 -0.0171759
0 -0.0025491 -0.0198525 -0.0188494
0 -0.00218784 -0.0209508 -0.0205506
0 -0.00183155 -0.0220779 -0.0222667
0 -0.00149228 -0.0232285 -0.0239853
0 -0.00118063 -0.0243965 -0.0256935
0 -0.000906242 -0.0255756 -0.0273784
0 -0.000678113 -0.0267598 -0.0290282
0 -0.000504537 -0.0279435 -0.0306326
0 -0.00039284 -0.0291217 -0.032183
0 -0.00034885 -0.0302892 -0.0336713
0 -0.000376482 -0.0314409 -0.0350906
0 -0.000477445 -0.0325706 -0.0364341
0 -0.000651041 -0.0336717 -0.0376955
0 -0.000894247 -0.0347369 -0.0388686
0 -0.00120212 -0.0357581 -0.0399477
0 -0.00156822 -0.0367273 -0.040928
0 -0.00198491 -0.0376364 -0.0418055
0 -0.00244365 -0.0384777 -0.0425772
0 -0.00293536 -0.039244 -0.043241
0 -0.00345048 -0.0399288 -0.0437959
0 -0.00397882 -0.0405262 -0.0442417
0 -0.00450951 -0.0410313 -0.044579
0 -0.00503155 -0.0414404 -0.0448092
0 -0.00553439 -0.041751 -0.0449347
0 -0.0060079 -0.0419617 -0.0449583
0 -0.00644176 -0.0420714 -0.0448825
0 -0.0068254 -0.0420785 -0.0447091
0 -0.0071486 -0.0419821 -0.0444394
0 -0.00740238 -0.0417818 -0.0440751
0 -0.00757994 -0.0414791 -0.0436188
0 -0.00767715 -0.0410774 -0.0430745
0 -0.00769231 -0.0405814 -0.0424472
0 -0.0076255 -0.0399967 -0.0417424
0 -0.007478 -0.0393289 -0.0409653
0 -0.00725186 -0.0385836 -0.0401203
0 -0.00695005 -0.0377656 -0.0392115
0 -0.00657678 -0.0368804 -0.038243
0 -0.00613802 -0.0359339 -0.0372194
0 -0.00564138 -0.034933 -0.0361461
0 -0.00509574 -0.0338847 -0.0350287
0 -0.00451044 -0.0327962 -0.0338727
0 -0.00389465 -0.0316739 -0.0326831
0 -0.00325685 -0.0305236 -0.0314641
0 -0.00260478 -0.0293506 -0.0302194
0 -0.00194567 -0.0281601 -0.0289531
0 -0.00128661 -0.0269579 -0.0276694
0 -0.000635113 -0.0257501 -0.0263735
0 7.52407e-07 -0.0245435 -0.0250713
0 0.000612746 -0.0233452 -0.0237693
0 0.00119314 -0.0221619 -0.0224735
0 0.00173535 -0.0209997 -0.0211894
0 0.00223438 -0.0198636 -0.0199215
0 0.00268673 -0.0187579 -0.0186736
0 0.00308998 -0.0176862 -0.0174493
0 0.00344241 -0.0166522 -0.0162526
0 0.00374282 -0.0156593 -0.0150878
0 0.0039907 -0.0147109 -0.0139595
0 0.00418646 -0.0138099 -0.0128725
0 0.00433157 -0.0129589 -0.0118313
0 0.00442869 -0.0121595 -0.01084
0 0.00448136 -0.0114131 -0.00990213
0 0.00449375 -0.0107207 -0.00902118
0 0.00447034 -0.0100832 -0.00820045
0 0.00441567 -0.0095016 -0.00744327
0 0.00433416 -0.00897704 -0.00675303
0 0.00423014 -0.0085107 -0.00613305
0 0.00410795 -0.00810361 -0.0055863
0 0.00397213 -0.00775645 -0.00511512
0 0.00382757 -0.00746923 -0.00472092
0 0.00367954 -0.00724124 -0.00440409
0 0.00353322 -0.00707149 -0.00416436
0 0.00339283 -0.00695945 -0.00400158
0 0.00326119 -0.00690547 -0.00391615
0 0.00313996 -0.00691052 -0.00390875
0 0.00303041 -0.00697532 -0.00397954
0 0.00293388 -0.00709985 -0.00412772
0 0.00285164 -0.00728321 -0.00435153
0 0.00278434 -0.00752396 -0.00464878
0 0.00273182 -0.00782041 -0.00501706
0 0.00269305 -0.00817071 -0.00545386
0 0.00266609 -0.00857295 -0.00595667
0 0.0026478 -0.00902559 -0.00652336
0 0.00263388 -0.00952753 -0.00715221
0 0.00261935 -0.0100778 -0.00784162
0 0.00259917 -0.010675 -0.00858952
0 0.00256853 -0.0113173 -0.00939334
0 0.00252279 -0.0120028 -0.0102501
0 0.00245765 -0.0127291 -0.0111563
0 0.00236952 -0.0134934 -0.0121079
0 0.0022557 -0.0142923 -0.0131
0 0.0021143 -0.0151221 -0.0141274
0 0.00194387 -0.0159792 -0.0151844
0 0.00174316 -0.0168602 -0.0162661
0 0.00151088 -0.0177624 -0.0173678
0 0.00124572 -0.0186838 -0.0184862
0 0.000946623 -0.0196226 -0.019618
0 0.000613149 -0.0205773 -0.0207606
0 0.000245722 -0.0215462 -0.021911
0 -0.000154024 -0.0225268 -0.0230654
0 -0.00058304 -0.0235157 -0.0242187
0 -0.00103713 -0.0245089 -0.0253654
0 -0.00151147 -0.025502 -0.0264998
0 -0.00200104 -0.0264909 -0.0276168
0 -0.00250061 -0.0274714 -0.0287119
0 -0.00300455 -0.0284398 -0.0297808
0 -0.00350684 -0.0293922 -0.0308198
0 -0.00400115 -0.0303244 -0.0318251
0 -0.00448108 -0.0312326 -0.0327938
0 -0.00494056 -0.0321126 -0.033723
0 -0.00537394 -0.0329604 -0.0346102
0 -0.00577606 -0.0337721 -0.0354535
0 -0.00614248 -0.0345438 -0.0362509
0 -0.00646969 -0.0352722 -0.0370014
0 -0.00675508 -0.0359541 -0.037704
0 -0.00699676 -0.0365869 -0.0383582
0 -0.00719335 -0.0371677 -0.0389631
0 -0.0073438 -0.0376935 -0.0395174
0 -0.00744749 -0.0381614 -0.0400199
0 -0.0075044 -0.0385685 -0.0404688
0 -0.00751549 -0.0389127 -0.0408627
0 -0.00748283 -0.0391927 -0.0412008
0 -0.00740953 -0.039408 -0.0414825
0 -0.00729927 -0.0395587 -0.0417071
0 -0.0071561 -0.0396452 -0.0418739
0 -0.0069843 -0.039668 -0.0419822
0 -0.00678817 -0.0396281 -0.0420308
0 -0.00657194 -0.0395265 -0.0420186
0 -0.00633975 -0.0393642 -0.0419441
0 -0.00609573 -0.0391428 -0.0418061
0 -0.00584393 -0.038864 -0.0416035
0 -0.00558812 -0.0385297 -0.0413354
0 -0.00533162 -0.0381422 -0.041001
0 -0.00507733 -0.0377038 -0.0405999
0 -0.00482788 -0.0372172 -0.040132
0 -0.00458583 -0.0366856 -0.0395982
0 -0.00435394 -0.036113 -0.0390004
0 -0.00413509 -0.0355043 -0.0383419
0 -0.00393182 -0.0348645 -0.0376266
0 -0.00374584 -0.0341984 -0.0368587
0 -0.00357781 -0.0335104 -0.0360426
0 -0.0034276 -0.0328045 -0.0351829
0 -0.00329441 -0.0320841 -0.0342846
0 -0.0031768 -0.0313528 -0.0333527
0 -0.00307271 -0.0306134 -0.0323925
0 -0.00297971 -0.0298686 -0.0314098
0 -0.00289513 -0.0291209 -0.0304102
0 -0.00281626 -0.0283726 -0.0294
0 -0.00274034 -0.0276263 -0.0283854
0 -0.00266462 -0.0268842 -0.0273725
0 -0.00258642 -0.0261484 -0.0263672
0 -0.00250331 -0.0254211 -0.0253749
0 -0.00241311 -0.0247043 -0.0244011
0 -0.00231397 -0.0239997 -0.0234519
0 -0.00220428 -0.023309 -0.0225332
0 -0.00208257 -0.0226339 -0.0216504
0 -0.00194755 -0.0219756 -0.0208082
0 -0.00179803 -0.0213355 -0.0200104
0 -0.00163292 -0.0207147 -0.0192596
0 -0.0014511 -0.020114 -0.0185575
0 -0.00125153 -0.0195339 -0.0179047
0 -0.00103344 -0.0189751 -0.017301
0 -0.000796416 -0.018438 -0.0167453
0 -0.000540537 -0.017923 -0.0162362
0 -0.000266611 -0.0174311 -0.0157717
0 2.35165e-05 -0.0169636 -0.0153502
0 0.000327065 -0.0165225 -0.0149701
0 0.000640785 -0.0161095 -0.0146297
0 0.000961417 -0.0157261 -0.0143268
0 0.00128586 -0.0153729 -0.0140585
0 0.00161106 -0.0150499 -0.0138216
0 0.00193383 -0.0147568 -0.0136127
0 0.00225084 -0.0144928 -0.0134285
0 0.00255868 -0.014257 -0.0132659
0 0.00285401 -0.0140481 -0.0131221
0 0.00313358 -0.0138648 -0.0129944
0 0.00339414 -0.0137056 -0.0128805
0 0.00363232 -0.0135693 -0.012779
0 0.00384476 -0.0134548 -0.0126888
0 0.00402828 -0.0133611 -0.0126094
0 0.00418022 -0.0132874 -0.0125406
0 0.00429847 -0.0132327 -0.0124824
0 0.00438149 -0.0131962 -0.0124348
0 0.00442834 -0.0131774 -0.0123982
0 0.00443889 -0.0131755 -0.012373
0 0.00441419 -0.0131894 -0.0123591
0 0.0043564 -0.0132176 -0.0123559
0 0.00426848 -0.0132587 -0.0123628
0 0.00415379 -0.0133112 -0.0123792
0 0.0040159 -0.0133743 -0.0124049
0 0.00385856 -0.0134472 -0.0124398
0 0.00368547 -0.0135297 -0.012484
0 0.00349993 -0.0136219 -0.0125385
0 0.00330483 -0.0137247 -0.0126044
0 0.00310287 -0.0138391 -0.0126832
0 0.00289673 -0.0139663 -0.0127765
0 0.00268906 -0.0141069 -0.0128854
0 0.00248246 -0.0142618 -0.0130114
0 0.00227929 -0.0144316 -0.0131555
0 0.00208159 -0.014617 -0.0133191
0 0.00189098 -0.0148186 -0.0135035
0 0.00170862 -0.0150371 -0.01371
0 0.00153518 -0.0152733 -0.0139401
0 0.0013709 -0.0155278 -0.014195
0 0.00121572 -0.015801 -0.014476
0 0.0010694 -0.0160931 -0.0147838
0 0.000931806 -0.0164039 -0.0151186
0 0.000802807 -0.0167325 -0.0154801
0 0.00068214 -0.017078 -0.0158677
0 0.000569227 -0.0174393 -0.0162806
0 0.000463205 -0.0178155 -0.0167177
0 0.000363056 -0.0182054 -0.0171778
0 0.000267739 -0.0186078 -0.0176592
0 0.000176227 -0.0190214 -0.0181601
0 8.74732e-05 -0.0194445 -0.0186782
0 3.65803e-07 -0.0198758 -0.019211
0 -8.62446e-05 -0.0203137 -0.0197561
0 -0.000173488 -0.0207567 -0.0203108
0 -0.000262418 -0.0212034 -0.0208724
0 -0.000353925 -0.021652 -0.0214381
0 -0.000448532 -0.0221008 -0.022005
0 -0.000546195 -0.0225473 -0.0225697
0 -0.00064653 -0.0229892 -0.0231286
0 -0.000749592 -0.0234245 -0.0236787
0 -0.000856446 -0.0238525 -0.0242183
0 -0.00096889 -0.0242732 -0.0247463
0 -0.00108866 -0.024687 -0.0252621
0 -0.0012168 -0.0250936 -0.0257643
0 -0.00135361 -0.0254923 -0.0262513
0 -0.00149888 -0.0258823 -0.0267213
0 -0.00165221 -0.0262627 -0.0271726
0 -0.00181298 -0.0266327 -0.027604
0 -0.00198037 -0.0269914 -0.0280141
0 -0.00215326 -0.027338 -0.0284019
0 -0.00233043 -0.0276717 -0.0287667
0 -0.00251068 -0.0279919 -0.0291082
0 -0.00269299 -0.0282984 -0.0294266
0 -0.00287633 -0.0285911 -0.0297224
0 -0.00305951 -0.0288699 -0.0299965
0 -0.00324117 -0.0291346 -0.0302496
0 -0.00341984 -0.029385 -0.0304827
0 -0.00359403 -0.0296211 -0.0306969
0 -0.00376227 -0.0298426 -0.0308933
0 -0.00392306 -0.0300495 -0.0310731
0 -0.00407483 -0.0302416 -0.0312374
0 -0.00421591 -0.0304184 -0.0313869
0 -0.00434452 -0.0305794 -0.0315223
0 -0.00445898 -0.0307239 -0.0316438
0 -0.00455786 -0.0308514 -0.0317519
0 -0.00464029 -0.0309616 -0.0318472
0 -0.00470614 -0.031055 -0.0319306
0 -0.00475606 -0.0311325 -0.0320035
0 -0.00479111 -0.0311955 -0.0320673
0 -0.00481252 -0.0312451 -0.0321235
0 -0.00482152 -0.0312826 -0.032173
0 -0.00481923 -0.0313088 -0.0322163
0 -0.00480655 -0.0313245 -0.0322537
0 -0.00478426 -0.03133 -0.0322848
0 -0.004753 -0.0313255 -0.0323092
0 -0.00471323 -0.031311 -0.0323259
0 -0.00466516 -0.031286 -0.0323336
0 -0.00460856 -0.0312498 -0.0323304
0 -0.00454256 -0.0312006 -0.0323136
0 -0.00446597 -0.0311364 -0.0322803
0 -0.00437815 -0.0310556 -0.0322279
0 -0.00427984 -0.0309578 -0.032155
0 -0.00417277 -0.0308435 -0.0320617
0 -0.00405896 -0.0307135 -0.0319479
0 -0.00394018 -0.0305684 -0.0318136
0 -0.00381803 -0.0304086 -0.0316588
0 -0.00369407 -0.0302346 -0.0314836
0 -0.00356976 -0.0300467 -0.0312884
0 -0.00344611 -0.0298453 -0.0310733
0 -0.00332344 -0.0296301 -0.0308378
0 -0.00320159 -0.0294002 -0.0305814
0 -0.00308032 -0.0291553 -0.0303038
0 -0.00295965 -0.0288951 -0.0300051
0 -0.00283986 -0.0286201 -0.029686
0 -0.00272126 -0.0283308 -0.0293474
0 -0.00260398 -0.0280278 -0.0289904
0 -0.00248798 -0.0277117 -0.0286159
0 -0.00237313 -0.0273832 -0.0282252
0 -0.0022594 -0.0270433 -0.0278197
0 -0.00214688 -0.0266931 -0.027401
0 -0.00203572 -0.0263343 -0.026971
0 -0.00192598 -0.0259682 -0.0265318
0 -0.00181761 -0.0255965 -0.026085
0 -0.0017105 -0.0252206 -0.0256327
0 -0.00160459 -0.0248421 -0.0251767
0 -0.00149985 -0.0244628 -0.024719
0 -0.00139628 -0.0240842 -0.0242616
0 -0.00129386 -0.0237079 -0.0238063
0 -0.00119254 -0.0233355 -0.0233552
0 -0.00109229 -0.0229685 -0.02291
0 -0.000993055 -0.0226083 -0.0224729
0 -0.000894797 -0.0222564 -0.0220456
0 -0.000797505 -0.0219141 -0.0216302
0 -0.000701213 -0.0215828 -0.0212283
0 -0.000605962 -0.0212635 -0.020842
0 -0.00051166 -0.0209573 -0.0204726
0 -0.00041795 -0.0206648 -0.0201214
0 -0.000324279 -0.0203861 -0.0197891
0 -0.000230086 -0.0201215 -0.0194761
0 -0.000134893 -0.0198707 -0.0191829
0 -3.82183e-05 -0.0196338 -0.0189096
0 6.04903e-05 -0.0194103 -0.0186559
0 0.00016168 -0.0191998 -0.0184215
0 0.000265352 -0.0190022 -0.0182061
0 0.000370894 -0.0188176 -0.0180099
0 0.000477241 -0.0186467 -0.0178332
0 0.000583191 -0.01849 -0.0176763
0 0.000687601 -0.0183481 -0.0175391
0 0.000789504 -0.0182211 -0.0174214
0 0.000888144 -0.0181088 -0.0173223
0 0.000982897 -0.0180109 -0.017241
0 0.00107307 -0.017927 -0.0171764
0 0.00115768 -0.0178571 -0.0171278
0 0.00123545 -0.0178014 -0.0170948
0 0.00130502 -0.0177601 -0.017077
0 0.00136522 -0.0177334 -0.0170741
0 0.00141529 -0.0177211 -0.0170852
0 0.00145496 -0.0177225 -0.0171092
0 0.00148413 -0.017737 -0.0171451
0 0.00150243 -0.0177642 -0.0171921
0 0.00150906 -0.0178044 -0.0172502
0 0.00150296 -0.0178581 -0.0173198
0 0.00148327 -0.0179258 -0.0174013
0 0.00144964 -0.0180079 -0.0174948
0 0.00140247 -0.0181039 -0.0176002
0 0.00134273 -0.0182129 -0.0177165
0 0.00127175 -0.0183339 -0.017843
0 0.00119089 -0.0184659 -0.0179788
0 0.00110158 -0.0186079 -0.0181234
0 0.00100531 -0.0187589 -0.018276
0 0.000903625 -0.0189178 -0.018436
0 0.00079813 -0.0190835 -0.0186027
0 0.000690369 -0.0192549 -0.0187754
0 0.00058169 -0.0194312 -0.0189538
0 0.000472993 -0.0196116 -0.0191375
0 0.000364602 -0.0197964 -0.0193272
0 0.000256486 -0.0199856 -0.0195233
0 0.000148676 -0.0201794 -0.0197264
0 4.16628e-05 -0.0203776 -0.0199364
0 -6.35367e-05 -0.0205791 -0.0201526
0 -0.000165653 -0.0207826 -0.0203739
0 -0.000263524 -0.020987 -0.0205992
0 -0.000356395 -0.0211912 -0.0208274
0 -0.000444184 -0.021395 -0.0210583
0 -0.000527526 -0.0215986 -0.021292
0 -0.000607489 -0.0218027 -0.0215291
0 -0.000685216 -0.022008 -0.02177
0 -0.000761792 -0.0222151 -0.0220151
0 -0.000838191 -0.0224245 -0.0222647
0 -0.000915048 -0.0226364 -0.0225184
0 -0.000992376 -0.0228502 -0.0227756
0 -0.00106969 -0.0230652 -0.0230348
0 -0.00114655 -0.0232803 -0.0232948
0 -0.00122294 -0.0234952 -0.0235548
0 -0.00129921 -0.0237097 -0.0238142
0 -0.00137562 -0.0239236 -0.0240724
0 -0.0014521 -0.0241364 -0.0243288
0 -0.0015281 -0.0243472 -0.0245819
0 -0.00160291 -0.0245548 -0.0248304
0 -0.00167612 -0.0247584 -0.0250731
0 -0.00174808 -0.0249578 -0.0253098
0 -0.00181984 -0.0251537 -0.0255408
0 -0.00189248 -0.0253467 -0.0257667
0 -0.00196641 -0.0255369 -0.0259875
0 -0.00204131 -0.0257236 -0.0262024
0 -0.00211649 -0.0259057 -0.0264105
0 -0.00219134 -0.0260826 -0.026611
0 -0.00226531 -0.0262534 -0.0268031
0 -0.00233776 -0.0264174 -0.0269862
0 -0.0024077 -0.0265735 -0.0271593
0 -0.00247381 -0.0267201 -0.0273211
0 -0.00253455 -0.0268558 -0.02747
0 -0.00258848 -0.0269789 -0.0276048
0 -0.00263445 -0.0270882 -0.0277242
0 -0.00267197 -0.0271829 -0.0278278
0 -0.00270135 -0.0272631 -0.0279158
0 -0.00272337 -0.0273294 -0.0279889
0 -0.00273892 -0.0273824 -0.0280479
0 -0.00274876 -0.0274227 -0.0280933
0 -0.00275342 -0.0274505 -0.0281255
0 -0.0027533 -0.0274661 -0.0281449
0 -0.00274869 -0.0274697 -0.0281515
0 -0.00273986 -0.0274614 -0.0281455
0 -0.00272718 -0.0274417 -0.0281272
0 -0.00271136 -0.0274111 -0.028097
0 -0.00269364 -0.0273711 -0.0280563
0 -0.00267575 -0.0273235 -0.0280067
0 -0.00265956 -0.0272705 -0.0279503
0 -0.00264678 -0.0272143 -0.0278889
0 -0.00263881 -0.0271567 -0.0278243
0 -0.00263652 -0.0270993 -0.0277578
0 -0.00264023 -0.0270432 -0.0276904
0 -0.00264992 -0.0269892 -0.0276229
0 -0.00266546 -0.0269383 -0.027556
0 -0.00268651 -0.0268911 -0.0274905
0 -0.00271232 -0.026848 -0.0274268
0 -0.00274174 -0.026809 -0.0273651
0 -0.00277345 -0.0267738 -0.0273052
0 -0.00280635 -0.0267425 -0.0272476
0 -0.00283973 -0.0267154 -0.0271928
0 -0.0028732 -0.026693 -0.0271418
0 -0.00290634 -0.0266758 -0.0270956
0 -0.00293855 -0.0266639 -0.0270547
0 -0.00296893 -0.026657 -0.0270197
0 -0.00299655 -0.0266547 -0.0269905
0 -0.00302033 -0.0266562 -0.0269672
0 -0.00303878 -0.0266604 -0.026949
0 -0.00304978 -0.0266651 -0.0269345
0 -0.00305084 -0.0266676 -0.0269214
0 -0.0030398 -0.0266654 -0.0269077
0 -0.00301538 -0.0266566 -0.0268919
0 -0.00297731 -0.02664 -0.0268732
0 -0.00292598 -0.026615 -0.0268511
0 -0.00286214 -0.026581 -0.0268252
0 -0.00278671 -0.0265377 -0.0267951
0 -0.00270077 -0.0264848 -0.0267602
0 -0.00260526 -0.0264215 -0.0267196
0 -0.00250096 -0.0263474 -0.0266721
0 -0.00238861 -0.0262615 -0.0266163
0 -0.00226899 -0.0261632 -0.0265508
0 -0.00214297 -0.0260519 -0.026474
0 -0.00201142 -0.0259273 -0.0263846
0 -0.00187526 -0.025789 -0.0262812
0 -0.00173545 -0.0256368 -0.0261625
0 -0.00159302 -0.0254709 -0.0260275
0 -0.0014491 -0.0252914 -0.0258752
0 -0.00130512 -0.0250991 -0.0257053
0 -0.00116275 -0.0248951 -0.0255179
0 -0.00102379 -0.0246807 -0.0253134
0 -0.000889835 -0.0244574 -0.0250925
0 -0.000762271 -0.0242264 -0.0248558
0 -0.000642253 -0.0239889 -0.0246041
0 -0.000530654 -0.0237461 -0.0243382
0 -0.000428003 -0.023499 -0.024059
0 -0.000334604 -0.0232483 -0.0237676
0 -0.000250859 -0.0229953 -0.0234654
0 -0.000177455 -0.0227415 -0.0231543
0 -0.000115164 -0.0224887 -0.0228369
0 -6.43885e-05 -0.0222387 -0.0225156
0 -2.47684e-05 -0.0219925 -0.0221921
0 4.80583e-06 -0.0217507 -0.0218679
0 2.57634e-05 -0.0215135 -0.0215443
0 3.93526e-05 -0.0212816 -0.021223
0 4.64767e-05 -0.0210559 -0.020906
0 4.79676e-05 -0.0208375 -0.0205959
0 4.49792e-05 -0.0206272 -0.0202946
0 3.90875e-05 -0.0204253 -0.0200038
0 3.20506e-05 -0.0202318 -0.0197252
0 2.55504e-05 -0.0200469 -0.01946
0 2.119e-05 -0.0198704 -0.0192095
0 2.06528e-05 -0.0197023 -0.0189748
0 2.57387e-05 -0.0195421 -0.0187563
0 3.82024e-05 -0.0193893 -0.0185541
0 5.95276e-05 -0.0192434 -0.0183684
0 9.07065e-05 -0.0191042 -0.0181992
0 0.000132076 -0.0189719 -0.0180468
0 0.000183355 -0.0188471 -0.0179115
0 0.000243872 -0.0187306 -0.0177938
0 0.000312753 -0.0186231 -0.0176938
0 0.00038897 -0.0185252 -0.0176114
0 0.00047131 -0.0184376 -0.0175464
0 0.000558375 -0.0183609 -0.0174983
0 0.000648651 -0.0182956 -0.0174666
0 0.00074056 -0.0182421 -0.0174508
0 0.00083246 -0.0182008 -0.0174499
0 0.00092263 -0.0181718 -0.0174632
0 0.00100931 -0.0181552 -0.0174899
0 0.0010908 -0.0181512 -0.0175291
0 0.00116553 -0.0181597 -0.0175797
0 0.00123201 -0.0181804 -0.017641
0 0.00128891 -0.0182131 -0.017712
0 0.00133521 -0.0182571 -0.0177916
0 0.00137049 -0.0183117 -0.0178784
0 0.00139493 -0.0183751 -0.0179707
0 0.00140901 -0.0184459 -0.0180667
0 0.00141302 -0.0185227 -0.018165
0 0.00140673 -0.0186049 -0.0182649
0 0.0013895 -0.0186924 -0.0183666
0 0.00136074 -0.0187854 -0.0184704
0 0.00132046 -0.0188836 -0.0185762
0 0.00126952 -0.0189862 -0.0186834
0 0.00120937 -0.0190917 -0.0187909
0 0.00114145 -0.0191991 -0.018898
0 0.00106673 -0.0193078 -0.0190045
0 0.000985809 -0.0194178 -0.0191106
0 0.000899197 -0.0195293 -0.019217
0 0.000807604 -0.0196425 -0.0193241
0 0.000711874 -0.0197572 -0.0194322
0 0.000612863 -0.0198736 -0.0195417
0 0.00051139 -0.0199919 -0.0196531
0 0.000408261 -0.0201121 -0.0197669
0 0.000304219 -0.0202346 -0.0198835
0 0.000199765 -0.0203597 -0.0200037
0 9.49729e-05 -0.0204882 -0.0201286
0 -1.04464e-05 -0.0206214 -0.0202594
0 -0.000116911 -0.0207603 -0.0203978
0 -0.000224721 -0.0209062 -0.0205449
0 -0.000333779 -0.0210596 -0.0207015
0 -0.000443337 -0.0212204 -0.0208676
0 -0.00055209 -0.0213878 -0.0210428
0 -0.000658565 -0.0215608 -0.0212259
0 -0.000761446 -0.0217384 -0.0214162
0 -0.000859765 -0.0219199 -0.021613
0 -0.000953113 -0.0221048 -0.0218159
0 -0.00104181 -0.0222934 -0.0220253
0 -0.00112673 -0.0224864 -0.0222418
0 -0.00120899 -0.0226845 -0.0224661
0 -0.00128944 -0.0228881 -0.0226988
0 -0.00136839 -0.0230971 -0.0229395
0 -0.00144549 -0.0233106 -0.0231873
0 -0.00152002 -0.0235273 -0.0234408
0 -0.00159125 -0.0237456 -0.0236983
0 -0.00165865 -0.0239644 -0.0239585
0 -0.00172177 -0.0241824 -0.0242198
0 -0.0017802 -0.0243982 -0.0244808
0 -0.00183354 -0.0246104 -0.0247398
0 -0.00188151 -0.0248179 -0.0249952
0 -0.00192413 -0.0250193 -0.0252459
0 -0.00196196 -0.0252143 -0.0254908
0 -0.0019961 -0.0254026 -0.0257295
0 -0.00202796 -0.0255846 -0.0259619
0 -0.00205888 -0.0257605 -0.0261879
0 -0.00208993 -0.0259304 -0.026407
0 -0.0021217 -0.0260938 -0.0266185
0 -0.00215437 -0.0262503 -0.0268211
0 -0.00218791 -0.0263989 -0.0270136
0 -0.0022222 -0.0265392 -0.0271948
0 -0.00225724 -0.0266706 -0.0273637
0 -0.00229317 -0.0267928 -0.0275196
0 -0.0023302 -0.026906 -0.0276622
0 -0.00236856 -0.0270101 -0.027791
0 -0.00240832 -0.0271053 -0.027906
0 -0.00244948 -0.0271917 -0.0280071
0 -0.00249187 -0.0272692 -0.0280941
0 -0.0025351 -0.0273377 -0.028167
0 -0.00257851 -0.027397 -0.0282255
0 -0.0026212 -0.0274465 -0.0282694
0 -0.00266222 -0.0274857 -0.0282986
0 -0.00270072 -0.0275144 -0.0283129
0 -0.00273601 -0.0275322 -0.0283128
0 -0.00276749 -0.0275392 -0.0282987
0 -0.00279462 -0.0275353 -0.0282711
0 -0.00281685 -0.0275205 -0.0282306
0 -0.00283363 -0.0274947 -0.0281777
0 -0.00284448 -0.027458 -0.028113
0 -0.00284895 -0.0274105 -0.0280371
0 -0.00284668 -0.0273521 -0.0279507
0 -0.00283734 -0.0272831 -0.0278541
0 -0.00282068 -0.0272035 -0.0277481
0 -0.00279652 -0.0271135 -0.027633
0 -0.00276476 -0.0270133 -0.0275092
0 -0.00272539 -0.0269032 -0.0273773
0 -0.00267845 -0.0267835 -0.0272376
0 -0.00262399 -0.0266543 -0.0270902
0 -0.00256188 -0.0265156 -0.0269351
0 -0.00249192 -0.0263673 -0.026772
0 -0.00241384 -0.0262092 -0.0266006
0 -0.00232749 -0.026041 -0.0264203
0 -0.00223295 -0.0258626 -0.0262308
0 -0.00213066 -0.0256745 -0.0260321
0 -0.00202141 -0.0254771 -0.0258245
0 -0.00190623 -0.0252713 -0.0256084
0 -0.00178621 -0.0250578 -0.0253843
0 -0.00166236 -0.0248375 -0.0251525
0 -0.00153555 -0.0246109 -0.0249133
0 -0.00140638 -0.0243783 -0.0246668
0 -0.00127516 -0.0241398 -0.0244128
0 -0.00114206 -0.0238954 -0.0241508
0 -0.00100725 -0.0236449 -0.0238807
0 -0.000870939 -0.0233884 -0.0236023
0 -0.000733469 -0.023126 -0.0233155
0 -0.000595419 -0.0228582 -0.0230207
0 -0.000457667 -0.0225857 -0.0227186
0 -0.00032124 -0.0223095 -0.0224101
0 -0.000187133 -0.0220306 -0.0220963
0 -5.62499e-05 -0.0217499 -0.0217781
0 7.05631e-05 -0.0214685 -0.0214567
0 0.000192485 -0.0211872 -0.0211331
0 0.000308778 -0.0209073 -0.0208087
0 0.000418929 -0.0206297 -0.0204847
0 0.000522782 -0.0203549 -0.0201618
0 0.000620499 -0.0200835 -0.0198409
0 0.000712329 -0.0198159 -0.0195227
0 0.000798276 -0.019553 -0.0192083
0 0.000877981 -0.0192958 -0.0188994
0 0.000950962 -0.0190457 -0.0185975
0 0.00101705 -0.018804 -0.0183044
0 0.00107663 -0.0185712 -0.0180211
0 0.00113043 -0.0183477 -0.0177484
0 0.00117923 -0.0181338 -0.0174868
0 0.00122362 -0.01793 -0.0172373
0 0.00126402 -0.0177369 -0.017001
0 0.0013009 -0.0175553 -0.0167786
0 0.00133486 -0.0173854 -0.0165708
0 0.00136672 -0.0172273 -0.0163781
0 0.00139738 -0.0170811 -0.0162005
0 0.00142743 -0.0169468 -0.0160384
0 0.00145646 -0.0168254 -0.0158929
0 0.00148268 -0.0167194 -0.0157664
0 0.00150358 -0.0166315 -0.015662
0 0.00151718 -0.0165642 -0.015582
0 0.00152265 -0.0165187 -0.0155276
0 0.00151999 -0.0164952 -0.015499
0 0.00150963 -0.0164936 -0.0154961
0 0.00149237 -0.0165134 -0.0155182
0 0.00146939 -0.0165534 -0.0155641
0 0.00144188 -0.0166125 -0.0156324
0 0.00141033 -0.0166901 -0.0157226
0 0.00137398 -0.0167868 -0.0158351
0 0.00133106 -0.0169039 -0.0159712
0 0.00127971 -0.0170431 -0.0161323
0 0.00121855 -0.0172054 -0.0163194
0 0.00114692 -0.0173909 -0.0165325
0 0.00106467 -0.0175994 -0.0167714
0 0.000971764 -0.0178305 -0.0170354
0 0.000868189 -0.0180839 -0.0173242
0 0.00075417 -0.0183587 -0.017637
0 0.000630541 -0.0186538 -0.0179723
0 0.000498809 -0.0189671 -0.0183281
0 0.000360815 -0.0192963 -0.0187019
0 0.000218346 -0.0196391 -0.0190913
0 7.29161e-05 -0.0199932 -0.0194941
0 -7.44339e-05 -0.020357 -0.0199083
0 -0.000223296 -0.0207292 -0.0203327
0 -0.00037378 -0.0211092 -0.0207665
0 -0.000526187 -0.0214963 -0.021209
0 -0.00068077 -0.02189 -0.0216596
0 -0.000837699 -0.0222895 -0.0221175
0 -0.00099708 -0.0226942 -0.0225819
0 -0.00115878 -0.0231029 -0.0230518
0 -0.00132217 -0.0235145 -0.0235256
0 -0.00148617 -0.0239272 -0.0240016
0 -0.00164957 -0.024339 -0.0244775
0 -0.00181138 -0.0247484 -0.0249517
0 -0.00197083 -0.0251538 -0.0254224
0 -0.00212725 -0.025554 -0.0258882
0 -0.00228001 -0.0259475 -0.0263476
0 -0.00242856 -0.0263332 -0.0267989
0 -0.00257248 -0.0267099 -0.0272409
0 -0.00271139 -0.0270767 -0.0276723
0 -0.00284492 -0.0274326 -0.0280916
0 -0.00297261 -0.0277765 -0.0284976
0 -0.00309391 -0.0281074 -0.0288885
0 -0.00320824 -0.0284241 -0.0292631
0 -0.00331507 -0.0287256 -0.0296197
0 -0.00341392 -0.0290108 -0.029957
0 -0.00350436 -0.0292787 -0.0302738
0 -0.00358599 -0.0295283 -0.0305688
0 -0.00365848 -0.0297587 -0.0308407
0 -0.00372166 -0.029969 -0.0310886
0 -0.00377574 -0.0301587 -0.0313121
0 -0.00382152 -0.0303279 -0.0315111
0 -0.00386019 -0.0304773 -0.0316862
0 -0.00389291 -0.0306073 -0.0318381
0 -0.00392032 -0.0307181 -0.0319668
0 -0.00394237 -0.0308092 -0.032072
0 -0.00395865 -0.0308798 -0.032153
0 -0.0039689 -0.0309293 -0.0322093
0 -0.00397333 -0.0309577 -0.0322411
0 -0.00397252 -0.0309656 -0.0322488
0 -0.00396702 -0.0309533 -0.0322332
0 -0.00395727 -0.0309215 -0.0321947
0 -0.00394354 -0.0308708 -0.0321341
0 -0.00392603 -0.0308015 -0.0320518
0 -0.00390481 -0.0307143 -0.0319484
0 -0.00387987 -0.0306098 -0.0318246
0 -0.00385111 -0.0304884 -0.0316809
0 -0.0038184 -0.030351 -0.0315179
0 -0.00378154 -0.0301979 -0.0313364
0 -0.0037401 -0.0300299 -0.0311367
0 -0.00369327 -0.0298468 -0.0309192
0 -0.00363991 -0.0296485 -0.0306836
0 -0.00357875 -0.0294347 -0.0304297
0 -0.00350874 -0.0292051 -0.0301575
0 -0.00342926 -0.0289598 -0.0298673
0 -0.00334027 -0.0286995 -0.0295601
0 -0.00324211 -0.0284252 -0.0292369
0 -0.00313508 -0.0281377 -0.0288991
0 -0.00301907 -0.0278372 -0.0285471
0 -0.00289355 -0.0275238 -0.0281811
0 -0.00275795 -0.027197 -0.0278012
0 -0.00261213 -0.0268572 -0.0274078
0 -0.00245673 -0.0265049 -0.0270019
0 -0.002293 -0.0261418 -0.0265851
0 -0.00212215 -0.0257689 -0.0261588
0 -0.0019448 -0.0253872 -0.025724
0 -0.00176102 -0.0249966 -0.0252809
0 -0.00157079 -0.0245971 -0.0248295
0 -0.00137433 -0.024189 -0.02437
0 -0.00117228 -0.0237728 -0.0239032
0 -0.000965696 -0.0233495 -0.02343
0 -0.000755876 -0.0229204 -0.0229515
0 -0.000544162 -0.0224867 -0.0224691
0 -0.000331806 -0.0220497 -0.0219839
0 -0.000119938 -0.0216106 -0.021497
0 9.04037e-05 -0.0211706 -0.0210093
0 0.000298201 -0.0207306 -0.0205217
0 0.000502371 -0.0202921 -0.0200354
0 0.000701712 -0.0198563 -0.0195515
0 0.000894943 -0.0194249 -0.0190714
0 0.00108081 -0.0189994 -0.0185966
0 0.00125816 -0.0185814 -0.0181284
0 0.00142594 -0.0181724 -0.0176682
0 0.00158322 -0.0177739 -0.0172176
0 0.00172921 -0.0173874 -0.016778
0 0.00186328 -0.0170145 -0.0163508
0 0.00198497 -0.0166564 -0.0159377
0 0.00209396 -0.0163145 -0.01554
0 0.00219006 -0.0159903 -0.0151594
0 0.0022732 -0.0156849 -0.0147974
0 0.00234346 -0.0153995 -0.0144556
0 0.00240106 -0.0151353 -0.0141354
0 0.00244638 -0.0148933 -0.0138384
0 0.00247989 -0.0146743 -0.0135659
0 0.00250212 -0.0144792 -0.0133193
0 0.00251372 -0.0143087 -0.0130998
0 0.00251559 -0.0141632 -0.0129085
0 0.00250897 -0.0140427 -0.012746
0 0.00249531 -0.0139469 -0.0126124
0 0.0024761 -0.0138754 -0.0125078
0 0.00245266 -0.0138278 -0.0124324
0 0.00242611 -0.0138036 -0.0123861
0 0.00239739 -0.0138025 -0.0123689
0 0.00236728 -0.0138241 -0.0123808
0 0.00233645 -0.013868 -0.0124215
0 0.00230553 -0.0139333 -0.0124904
0 0.00227527 -0.0140192 -0.0125866
0 0.00224648 -0.0141243 -0.0127089
0 0.00221979 -0.0142471 -0.0128557
0 0.00219533 -0.0143867 -0.0130257
0 0.00217249 -0.0145424 -0.0132183
0 0.00215018 -0.014714 -0.0134327
0 0.00212721 -0.0149011 -0.0136682
0 0.00210256 -0.0151033 -0.0139239
0 0.00207534 -0.0153198 -0.0141982
0 0.00204463 -0.0155496 -0.0144898
0 0.00200944 -0.0157922 -0.0147973
0 0.0019688 -0.0160467 -0.0151191
0 0.00192175 -0.0163123 -0.0154537
0 0.00186731 -0.0165885 -0.0157999
0 0.00180428 -0.0168749 -0.0161564
0 0.00173135 -0.0171714 -0.0165225
0 0.00164721 -0.0174781 -0.0168975
0 0.00155075 -0.0177948 -0.017281
0 0.00144127 -0.0181216 -0.017672
0 0.00131854 -0.0184579 -0.0180697
0 0.00118281 -0.0188029 -0.018473
0 0.00103467 -0.0191558 -0.0188808
0 0.000874875 -0.0195155 -0.0192918
0 0.000704292 -0.0198813 -0.0197051
0 0.000523841 -0.0202522 -0.02012
0 0.000334424 -0.0206276 -0.0205358
0 0.000136844 -0.0210069 -0.0209521
0 -6.8172e-05 -0.0213899 -0.021369
0 -0.000279879 -0.0217763 -0.0217862
0 -0.000497442 -0.0221658 -0.022204
0 -0.000719899 -0.0225579 -0.0226223
0 -0.000946077 -0.0229523 -0.023041
0 -0.00117452 -0.023348 -0.0234598
0 -0.00140356 -0.0237443 -0.0238781
0 -0.00163141 -0.02414 -0.0242955
0 -0.00185634 -0.0245342 -0.0247114
0 -0.00207668 -0.0249257 -0.0251254
0 -0.00229079 -0.0253137 -0.0255369
0 -0.00249705 -0.025697 -0.0259453
0 -0.00269392 -0.0260745 -0.0263502
0 -0.00287999 -0.026445 -0.0267507
0 -0.00305398 -0.0268074 -0.0271461
0 -0.00321482 -0.0271606 -0.0275358
0 -0.00336179 -0.0275036 -0.027919
0 -0.00349471 -0.0278359 -0.0282953
0 -0.00361387 -0.0281572 -0.0286645
0 -0.00371982 -0.0284673 -0.0290264
0 -0.00381307 -0.0287658 -0.0293804
0 -0.0038939 -0.0290522 -0.0297256
0 -0.00396234 -0.0293254 -0.0300604
0 -0.00401845 -0.0295842 -0.0303832
0 -0.00406253 -0.0298276 -0.0306924
0 -0.00409534 -0.030055 -0.0309865
0 -0.00411814 -0.0302662 -0.0312647
0 -0.00413259 -0.0304614 -0.0315262
0 -0.00414044 -0.030641 -0.0317705
0 -0.00414339 -0.0308053 -0.0319971
0 -0.00414302 -0.0309545 -0.0322052
0 -0.00414063 -0.0310887 -0.0323943
0 -0.00413719 -0.0312078 -0.0325633
0 -0.00413339 -0.0313115 -0.0327113
0 -0.00412973 -0.0313994 -0.0328374
0 -0.00412665 -0.0314714 -0.0329407
0 -0.00412455 -0.0315273 -0.0330208
0 -0.00412386 -0.0315672 -0.0330776
0 -0.0041251 -0.0315915 -0.0331111
0 -0.0041288 -0.0316007 -0.0331219
0 -0.00413533 -0.0315953 -0.0331107
0 -0.00414486 -0.031576 -0.0330782
0 -0.00415734 -0.0315432 -0.0330254
0 -0.00417229 -0.0314974 -0.0329528
0 -0.00418869 -0.0314383 -0.032861
0 -0.004205 -0.0313656 -0.03275
0 -0.00421941 -0.0312786 -0.0326199
0 -0.00423016 -0.0311767 -0.0324708
0 -0.0042357 -0.0310598 -0.0323032
0 -0.00423484 -0.0309277 -0.032118
0 -0.00422679 -0.0307811 -0.0319163
0 -0.00421101 -0.0306204 -0.0316997
0 -0.00418704 -0.0304466 -0.0314695
0 -0.00415442 -0.03026 -0.031227
0 -0.00411259 -0.0300613 -0.0309734
0 -0.00406086 -0.0298506 -0.0307094
0 -0.00399846 -0.029628 -0.0304356
0 -0.00392471 -0.0293934 -0.0301523
0 -0.00383915 -0.0291469 -0.0298598
0 -0.00374164 -0.0288888 -0.0295588
0 -0.00363242 -0.0286196 -0.0292496
0 -0.00351212 -0.0283402 -0.0289332
0 -0.0033816 -0.0280513 -0.0286103
0 -0.00324182 -0.027754 -0.0282817
0 -0.00309382 -0.0274492 -0.027948
0 -0.00293872 -0.0271378 -0.0276098
0 -0.0027777 -0.0268208 -0.0272676
0 -0.00261195 -0.026499 -0.0269221
0 -0.0024427 -0.0261736 -0.0265736
0 -0.00227113 -0.0258455 -0.0262228
0 -0.00209844 -0.0255156 -0.02587
0 -0.00192567 -0.0251848 -0.0255158
0 -0.00175364 -0.0248537 -0.0251603
0 -0.00158271 -0.0245225 -0.0248033
0 -0.00141294 -0.0241912 -0.0244445
0 -0.00124425 -0.0238594 -0.0240833
0 -0.00107673 -0.0235273 -0.0237196
0 -0.000910729 -0.023195 -0.0233535
0 -0.000746886 -0.0228631 -0.0229853
0 -0.000585929 -0.0225324 -0.0226158
0 -0.000428525 -0.0222034 -0.0222457
0 -0.000275252 -0.0218769 -0.0218756
0 -0.000126642 -0.0215534 -0.0215064
0 1.67537e-05 -0.0212336 -0.021139
0 0.000154295 -0.0209183 -0.0207743
0 0.000285247 -0.0206086 -0.0204138
0 0.00040894 -0.0203054 -0.0200587
0 0.000525035 -0.0200094 -0.0197103
0 0.000633687 -0.0197209 -0.0193691
0 0.00073542 -0.0194401 -0.0190357
0 0.000830878 -0.0191667 -0.0187105
0 0.000920607 -0.018901 -0.0183939
0 0.00100483 -0.0186433 -0.0180869
0 0.00108323 -0.0183948 -0.017791
0 0.0011551 -0.0181569 -0.0175078
0 0.00121979 -0.017931 -0.0172392
0 0.00127708 -0.0177183 -0.0169866
0 0.00132707 -0.0175197 -0.0167508
0 0.00136996 -0.0173359 -0.0165328
0 0.00140598 -0.0171675 -0.0163333
0 0.00143556 -0.0170152 -0.0161529
0 0.00145945 -0.016879 -0.0159919
0 0.0014786 -0.016759 -0.01585
0 0.00149393 -0.016655 -0.0157271
0 0.00150624 -0.0165669 -0.0156231
0 0.00151621 -0.0164945 -0.0155377
0 0.00152436 -0.0164378 -0.015471
0 0.00153103 -0.0163968 -0.0154228
0 0.00153642 -0.0163714 -0.015393
0 0.0015406 -0.0163615 -0.0153816
0 0.00154359 -0.0163669 -0.0153884
0 0.00154533 -0.0163875 -0.0154132
0 0.00154573 -0.0164228 -0.0154557
0 0.00154463 -0.0164725 -0.0155154
0 0.00154182 -0.0165359 -0.0155919
0 0.00153705 -0.0166126 -0.0156847
0 0.00152999 -0.0167019 -0.0157932
0 0.00152029 -0.0168033 -0.0159167
0 0.00150756 -0.0169162 -0.0160546
0 0.00149142 -0.0170398 -0.0162061
0 0.00147148 -0.0171736 -0.0163704
0 0.00144733 -0.0173169 -0.0165467
0 0.00141846 -0.0174692 -0.0167341
0 0.00138415 -0.0176303 -0.0169323
0 0.00134352 -0.0178002 -0.0171408
0 0.00129577 -0.0179789 -0.0173593
0 0.00124046 -0.0181661 -0.0175872
0 0.00117762 -0.0183613 -0.0178234
0 0.0011076 -0.0185635 -0.0180667
0 0.00103087 -0.018772 -0.0183158
0 0.00094791 -0.0189859 -0.0185696
0 0.000859261 -0.0192045 -0.0188268
0 0.00076554 -0.019427 -0.0190866
0 0.000667446 -0.0196525 -0.0193476
0 0.000565638 -0.0198802 -0.0196091
0 0.00046054 -0.0201098 -0.0198704
0 0.000352222 -0.0203409 -0.0201313
0 0.000240509 -0.0205739 -0.020392
0 0.00012521 -0.0208089 -0.0206528
0 6.23397e-06 -0.0210461 -0.0209139
0 -0.000116432 -0.0212856 -0.0211756
0 -0.000242759 -0.0215274 -0.0214381
0 -0.000372655 -0.0217716 -0.0217017
0 -0.000505934 -0.0220183 -0.0219668
0 -0.000642326 -0.0222674 -0.0222334
0 -0.00078151 -0.0225189 -0.022502
0 -0.000923146 -0.0227727 -0.0227725
0 -0.00106687 -0.0230289 -0.0230455
0 -0.0012122 -0.0232873 -0.0233209
0 -0.00135843 -0.0235476 -0.0235987
0 -0.00150458 -0.0238092 -0.0238785
0 -0.00164953 -0.0240715 -0.02416
0 -0.0017922 -0.0243337 -0.0244425
0 -0.00193158 -0.024595 -0.0247256
0 -0.00206672 -0.0248549 -0.0250087
0 -0.0021967 -0.0251126 -0.0252913
0 -0.0023207 -0.0253673 -0.0255728
0 -0.00243797 -0.0256184 -0.0258526
0 -0.00254793 -0.0258651 -0.0261301
0 -0.00265018 -0.0261068 -0.0264048
0 -0.00274451 -0.0263429 -0.0266761
0 -0.00283083 -0.026573 -0.0269434
0 -0.00290915 -0.0267964 -0.0272062
0 -0.00297965 -0.0270129 -0.0274637
0 -0.00304271 -0.0272219 -0.0277155
0 -0.00309898 -0.0274235 -0.0279613
0 -0.00314926 -0.0276177 -0.0282007
0 -0.00319434 -0.0278043 -0.0284332
0 -0.00323493 -0.0279833 -0.0286584
0 -0.00327151 -0.0281544 -0.0288754
0 -0.00330442 -0.028317 -0.0290833
0 -0.00333393 -0.0284706 -0.0292809
0 -0.00336034 -0.0286148 -0.0294674
0 -0.00338396 -0.0287492 -0.0296418
0 -0.00340507 -0.0288733 -0.0298033
0 -0.0034239 -0.0289868 -0.0299509
0 -0.00344063 -0.0290893 -0.030084
0 -0.00345544 -0.0291804 -0.0302019
0 -0.00346844 -0.0292598 -0.0303039
0 -0.00347972 -0.0293271 -0.0303896
0 -0.0034894 -0.0293823 -0.0304587
0 -0.00349763 -0.0294251 -0.0305109
0 -0.00350462 -0.0294557 -0.0305465
0 -0.00351051 -0.0294741 -0.0305654
0 -0.0035154 -0.0294804 -0.030568
0 -0.00351921 -0.0294746 -0.0305545
0 -0.00352165 -0.0294566 -0.0305251
0 -0.00352219 -0.0294262 -0.0304796
0 -0.00352012 -0.0293831 -0.0304182
0 -0.00351469 -0.0293268 -0.0303407
0 -0.00350531 -0.0292572 -0.0302475
0 -0.00349159 -0.0291745 -0.0301388
0 -0.00347339 -0.0290791 -0.0300156
0 -0.00345064 -0.0289714 -0.0298786
0 -0.00342326 -0.0288519 -0.0297286
0 -0.00339116 -0.0287212 -0.0295665
0 -0.00335428 -0.0285797 -0.029393
0 -0.00331258 -0.0284282 -0.029209
0 -0.00326601 -0.0282672 -0.0290152
0 -0.0032144 -0.0280971 -0.0288124
0 -0.00315729 -0.027918 -0.0286006
0 -0.00309409 -0.0277299 -0.02838
0 -0.00302417 -0.0275328 -0.0281506
0 -0.00294705 -0.0273265 -0.0279123
0 -0.00286233 -0.0271111 -0.0276652
0 -0.00276976 -0.0268866 -0.0274092
0 -0.00266921 -0.0266532 -0.0271446
0 -0.00256075 -0.0264111 -0.0268714
0 -0.00244456 -0.0261606 -0.0265899
0 -0.00232088 -0.0259018 -0.0263003
0 -0.00219003 -0.025635 -0.0260027
0 -0.00205237 -0.0253605 -0.0256974
0 -0.00190836 -0.0250785 -0.0253845
0 -0.00175855 -0.0247894 -0.0250644
0 -0.0016036 -0.0244934 -0.0247374
0 -0.00144424 -0.0241911 -0.0244038
0 -0.00128118 -0.0238828 -0.024064
0 -0.00111514 -0.0235689 -0.0237183
0 -0.000946833 -0.0232499 -0.023367
0 -0.000777047 -0.0229262 -0.0230106
0 -0.000606655 -0.0225984 -0.0226497
0 -0.000436625 -0.0222674 -0.0222848
0 -0.000267959 -0.0219339 -0.0219168
0 -0.00010161 -0.0215989 -0.0215465
0 6.15362e-05 -0.0212632 -0.0211745
0 0.00022065 -0.0209277 -0.0208016
0 0.000374956 -0.0205934 -0.0204288
0 0.000523743 -0.0202611 -0.0200567
0 0.000666375 -0.0199319 -0.0196864
0 0.000802298 -0.0196067 -0.0193186
0 0.000931043 -0.0192865 -0.0189544
0 0.00105222 -0.0189722 -0.0185947
0 0.00116555 -0.0186648 -0.0182405
0 0.00127082 -0.0183652 -0.017893
0 0.00136793 -0.0180744 -0.0175532
0 0.00145687 -0.0177932 -0.0172223
0 0.00153771 -0.0175225 -0.0169013
0 0.0016106 -0.0172631 -0.0165915
0 0.00167579 -0.017016 -0.016294
0 0.00173357 -0.0167817 -0.0160099
0 0.00178439 -0.016561 -0.0157403
0 0.00182883 -0.0163543 -0.0154861
0 0.00186758 -0.016162 -0.0152481
0 0.00190135 -0.0159843 -0.0150271
0 0.00193081 -0.0158215 -0.0148236
0 0.00195658 -0.0156738 -0.0146384
0 0.00197925 -0.0155415 -0.014472
0 0.00199932 -0.0154246 -0.014325
0 0.00201711 -0.0153234 -0.0141979
0 0.0020327 -0.0152384 -0.0140914
0 0.00204595 -0.01517 -0.0140061
0 0.00205658 -0.0151186 -0.0139427
0 0.00206436 -0.0150848 -0.0139016
0 0.00206921 -0.0150686 -0.013883
0 0.00207138 -0.0150697 -0.0138865
0 0.00207139 -0.0150874 -0.0139112
0 0.00206984 -0.0151207 -0.0139561
0 0.00206719 -0.0151689 -0.0140201
0 0.00206377 -0.015231 -0.014102
0 0.00205963 -0.0153063 -0.0142008
0 0.00205449 -0.0153942 -0.0143157
0 0.00204764 -0.0154946 -0.0144461
0 0.00203807 -0.0156075 -0.0145918
0 0.00202474 -0.0157329 -0.0147522
0 0.00200666 -0.0158707 -0.0149271
0 0.0019829 -0.0160209 -0.0151158
0 0.00195253 -0.0161833 -0.015318
0 0.00191466 -0.0163578 -0.015533
0 0.0018685 -0.0165442 -0.0157606
0 0.00181335 -0.0167425 -0.016
0 0.00174864 -0.0169524 -0.016251
0 0.0016739 -0.0171737 -0.0165129
0 0.00158881 -0.0174063 -0.0167853
0 0.00149318 -0.0176499 -0.0170679
0 0.00138702 -0.0179043 -0.0173602
0 0.00127051 -0.0181692 -0.0176616
0 0.00114401 -0.0184441 -0.0179717
0 0.00100799 -0.0187286 -0.0182901
0 0.000863 -0.0190222 -0.0186164
0 0.000709653 -0.0193247 -0.0189501
0 0.000548641 -0.0196355 -0.019291
0 0.000380706 -0.0199542 -0.0196387
0 0.000206623 -0.0202803 -0.019993
0 2.71973e-05 -0.0206134 -0.0203535
0 -0.00015675 -0.0209528 -0.0207201
0 -0.000344388 -0.0212982 -0.0210924
0 -0.000534864 -0.0216489 -0.0214703
0 -0.000727247 -0.0220044 -0.0218534
0 -0.000920486 -0.0223639 -0.0222413
0 -0.00111344 -0.0227266 -0.0226333
0 -0.00130494 -0.0230914 -0.0230288
0 -0.00149385 -0.0234576 -0.0234271
0 -0.00167909 -0.0238242 -0.0238277
0 -0.00185964 -0.0241905 -0.0242297
0 -0.00203446 -0.0245553 -0.0246324
0 -0.0022025 -0.0249176 -0.0250348
0 -0.00236278 -0.0252763 -0.0254361
0 -0.00251439 -0.0256301 -0.0258351
0 -0.00265659 -0.0259778 -0.0262308
0 -0.00278878 -0.0263184 -0.0266221
0 -0.00291054 -0.0266506 -0.0270078
0 -0.00302163 -0.0269733 -0.0273867
0 -0.00312211 -0.0272858 -0.0277579
0 -0.00321236 -0.0275873 -0.0281204
0 -0.00329299 -0.0278775 -0.0284733
0 -0.0033647 -0.0281559 -0.0288158
0 -0.00342823 -0.028422 -0.0291469
0 -0.00348437 -0.0286755 -0.0294655
0 -0.00353397 -0.028916 -0.0297707
0 -0.00357792 -0.0291433 -0.0300615
0 -0.00361709 -0.0293572 -0.0303368
0 -0.00365238 -0.0295575 -0.0305958
0 -0.00368466 -0.029744 -0.0308377
0 -0.00371486 -0.0299168 -0.0310617
0 -0.00374381 -0.030076 -0.0312675
0 -0.00377229 -0.0302215 -0.0314545
0 -0.00380094 -0.0303536 -0.0316223
0 -0.00383029 -0.0304722 -0.0317707
0 -0.00386075 -0.0305775 -0.0318996
0 -0.0038926 -0.0306697 -0.032009
0 -0.00392598 -0.0307488 -0.032099
0 -0.00396085 -0.0308151 -0.0321697
0 -0.003997 -0.0308685 -0.0322215
0 -0.00403408 -0.0309091 -0.0322546
0 -0.00407164 -0.030937 -0.0322694
0 -0.00410911 -0.0309523 -0.0322666
0 -0.00414586 -0.0309551 -0.0322467
0 -0.00418113 -0.0309456 -0.0322104
0 -0.00421403 -0.0309237 -0.0321584
0 -0.00424357 -0.0308895 -0.0320911
0 -0.00426872 -0.0308429 -0.0320093
0 -0.00428849 -0.030784 -0.0319135
0 -0.00430192 -0.0307127 -0.0318045
0 -0.00430814 -0.0306291 -0.0316828
0 -0.00430634 -0.0305333 -0.0315492
0 -0.00429581 -0.0304255 -0.0314042
0 -0.00427596 -0.0303057 -0.0312485
0 -0.00424632 -0.0301742 -0.0310825
0 -0.00420656 -0.0300312 -0.0309069
0 -0.00415648 -0.0298769 -0.030722
0 -0.00409602 -0.0297115 -0.0305283
0 -0.00402529 -0.0295354 -0.0303261
0 -0.0039445 -0.0293488 -0.0301157
0 -0.003854 -0.029152 -0.0298974
0 -0.00375418 -0.0289454 -0.0296711
0 -0.00364555 -0.0287291 -0.029437
0 -0.00352863 -0.0285034 -0.029195
0 -0.00340409 -0.0282687 -0.0289452
0 -0.00327264 -0.0280254 -0.0286874
0 -0.00313507 -0.0277737 -0.0284216
0 -0.00299221 -0.027514 -0.0281479
0 -0.00284488 -0.0272467 -0.0278661
0 -0.00269391 -0.0269723 -0.0275761
0 -0.00254013 -0.0266911 -0.0272782
0 -0.00238437 -0.0264037 -0.0269722
0 -0.00222747 -0.0261107 -0.0266585
0 -0.00207021 -0.0258124 -0.0263371
0 -0.00191328 -0.0255096 -0.0260085
0 -0.00175732 -0.0252027 -0.0256729
0 -0.0016029 -0.0248923 -0.0253307
0 -0.00145055 -0.0245789 -0.0249824
0 -0.0013007 -0.024263 -0.0246283
0 -0.00115375 -0.0239451 -0.0242692
0 -0.00101001 -0.0236257 -0.0239056
0 -0.000869733 -0.0233054 -0.0235381
0 -0.000733119 -0.0229846 -0.0231674
0 -0.000600285 -0.0226638 -0.0227943
0 -0.000471258 -0.0223435 -0.0224196
0 -0.000345951 -0.0220241 -0.0220438
0 -0.000224178 -0.021706 -0.0216678
0 -0.000105692 -0.0213896 -0.0212924
0 9.80122e-06 -0.0210752 -0.0209182
0 0.000122663 -0.0207631 -0.0205462
0 0.000233339 -0.0204536 -0.0201769
0 0.000342323 -0.0201469 -0.019811
0 0.00045009 -0.0198431 -0.0194493
0 0.000556995 -0.0195426 -0.0190926
0 0.000663184 -0.0192459 -0.0187417
0 0.000768578 -0.0189537 -0.0183979
0 0.000872975 -0.0186668 -0.0180622
0 0.000976149 -0.018386 -0.0177358
0 0.00107788 -0.018112 -0.0174196
0 0.00117794 -0.0178457 -0.0171144
0 0.00127616 -0.0175876 -0.016821
0 0.00137243 -0.0173384 -0.0165398
0 0.00146675 -0.0170985 -0.0162713
0 0.0015591 -0.0168682 -0.0160155
0 0.0016494 -0.016648 -0.0157728
0 0.00173746 -0.0164382 -0.0155432
0 0.00182293 -0.0162396 -0.0153272
0 0.00190531 -0.0160526 -0.0151249
0 0.001984 -0.0158781 -0.014937
0 0.00205836 -0.0157166 -0.0147637
0 0.00212781 -0.0155687 -0.0146054
0 0.00219176 -0.0154351 -0.0144624
0 0.00224966 -0.0153162 -0.014335
0 0.002301 -0.0152123 -0.0142236
0 0.00234539 -0.0151239 -0.0141281
0 0.00238258 -0.015051 -0.0140489
0 0.00241239 -0.0149936 -0.0139858
0 0.00243474 -0.0149517 -0.0139388
0 0.00244952 -0.0149253 -0.0139081
0 0.00245668 -0.0149143 -0.0138935
0 0.00245617 -0.0149186 -0.0138952
0 0.00244793 -0.0149382 -0.0139133
0 0.00243183 -0.0149731 -0.0139479
0 0.00240773 -0.0150234 -0.0139993
0 0.00237554 -0.015089 -0.0140678
0 0.00233523 -0.0151701 -0.0141534
0 0.00228688 -0.0152665 -0.0142563
0 0.00223062 -0.0153781 -0.0143765
0 0.00216667 -0.0155048 -0.0145139
0 0.00209533 -0.0156463 -0.0146685
0 0.00201698 -0.0158025 -0.0148401
0 0.00193202 -0.015973 -0.0150283
0 0.0018409 -0.0161575 -0.0152329
0 0.00174402 -0.0163557 -0.0154535
0 0.00164181 -0.0165673 -0.0156898
0 0.00153463 -0.016792 -0.0159415
0 0.00142286 -0.0170295 -0.0162081
0 0.00130686 -0.0172793 -0.0164892
0 0.00118702 -0.0175411 -0.0167843
0 0.00106368 -0.0178144 -0.0170928
0 0.000937196 -0.0180986 -0.0174141
0 0.000807897 -0.0183932 -0.0177475
0 0.000676098 -0.0186975 -0.0180923
0 0.000542082 -0.0190109 -0.0184478
0 0.000406099 -0.0193326 -0.0188131
0 0.000268381 -0.019662 -0.0191873
0 0.000129155 -0.0199983 -0.0195697
0 -1.13573e-05 -0.0203405 -0.0199593
0 -0.000152951 -0.0206879 -0.0203552
0 -0.000295443 -0.0210397 -0.0207564
0 -0.000438672 -0.0213949 -0.0211621
0 -0.000582488 -0.0217526 -0.0215713
0 -0.000726737 -0.0221122 -0.0219831
0 -0.000871255 -0.0224726 -0.0223966
0 -0.00101587 -0.0228331 -0.0228109
0 -0.00116038 -0.023193 -0.0232252
0 -0.0013046 -0.0235515 -0.0236384
0 -0.00144828 -0.0239078 -0.0240498
0 -0.00159119 -0.0242612 -0.0244584
0 -0.00173308 -0.0246109 -0.0248633
0 -0.0018737 -0.0249562 -0.0252637
0 -0.0020128 -0.0252964 -0.0256586
0 -0.00215012 -0.0256308 -0.0260472
0 -0.00228539 -0.0259587 -0.0264285
0 -0.00241828 -0.0262796 -0.0268017
0 -0.00254846 -0.0265927 -0.0271658
0 -0.00267559 -0.0268975 -0.0275202
0 -0.0027993 -0.0271934 -0.0278638
0 -0.00291925 -0.0274799 -0.028196
0 -0.00303504 -0.0277565 -0.0285159
0 -0.00314632 -0.0280227 -0.0288228
0 -0.00325269 -0.028278 -0.0291162
0 -0.00335382 -0.0285219 -0.0293954
0 -0.00344939 -0.028754 -0.0296598
0 -0.00353911 -0.0289737 -0.0299091
0 -0.00362274 -0.0291807 -0.0301427
0 -0.00370006 -0.0293745 -0.0303604
0 -0.00377087 -0.0295547 -0.0305619
0 -0.00383503 -0.0297209 -0.0307469
0 -0.0038924 -0.0298727 -0.0309153
0 -0.0039429 -0.0300098 -0.0310668
0 -0.00398651 -0.0301318 -0.0312014
0 -0.00402321 -0.0302384 -0.031319
0 -0.00405303 -0.0303294 -0.0314194
0 -0.00407605 -0.0304046 -0.0315027
0 -0.00409235 -0.0304638 -0.0315688
0 -0.00410204 -0.0305069 -0.0316177
0 -0.00410527 -0.0305338 -0.0316493
0 -0.00410219 -0.0305445 -0.0316637
0 -0.00409296 -0.030539 -0.0316608
0 -0.00407778 -0.0305174 -0.0316406
0 -0.00405682 -0.0304799 -0.0316032
0 -0.00403028 -0.0304266 -0.0315486
0 -0.00399836 -0.0303578 -0.0314769
0 -0.00396126 -0.0302739 -0.0313881
0 -0.00391916 -0.0301751 -0.0312824
0 -0.00387225 -0.0300618 -0.0311599
0 -0.00382072 -0.0299344 -0.0310209
0 -0.00376473 -0.0297934 -0.0308655
0 -0.00370445 -0.0296392 -0.030694
0 -0.00364002 -0.0294723 -0.0305068
0 -0.00357156 -0.0292932 -0.0303044
0 -0.0034992 -0.0291025 -0.030087
0 -0.00342305 -0.0289006 -0.0298554
0 -0.00334323 -0.028688 -0.0296101
0 -0.00325985 -0.0284653 -0.0293517
0 -0.00317301 -0.028233 -0.0290809
0 -0.00308281 -0.0279917 -0.0287984
0 -0.00298935 -0.0277419 -0.0285051
0 -0.00289271 -0.0274841 -0.0282018
0 -0.00279295 -0.0272189 -0.0278893
0 -0.00269015 -0.0269469 -0.0275685
0 -0.00258438 -0.0266686 -0.0272403
0 -0.00247572 -0.0263846 -0.0269055
0 -0.00236426 -0.0260955 -0.026565
0 -0.0022501 -0.0258019 -0.0262197
0 -0.00213333 -0.0255044 -0.0258704
0 -0.00201406 -0.0252037 -0.025518
0 -0.00189243 -0.0249002 -0.0251633
0 -0.00176859 -0.0245946 -0.024807
0 -0.00164273 -0.0242875 -0.02445
0 -0.00151508 -0.0239793 -0.024093
0 -0.00138586 -0.0236708 -0.0237367
0 -0.00125533 -0.0233625 -0.0233818
0 -0.00112375 -0.0230548 -0.0230291
0 -0.000991385 -0.0227484 -0.0226792
0 -0.000858516 -0.0224438 -0.0223327
0 -0.000725432 -0.0221416 -0.0219904
0 -0.000592434 -0.0218423 -0.0216527
0 -0.00045984 -0.0215466 -0.0213202
0 -0.000327979 -0.021255 -0.0209935
0 -0.000197198 -0.020968 -0.0206731
0 -6.78889e-05 -0.0206863 -0.0203595
0 5.9516e-05 -0.0204105 -0.0200533
