0 -0.00799738 -0.0759818 -0.0752846
0 -0.00799229 -0.0759742 -0.0752769
0 -0.00798806 -0.0759688 -0.075272
0 -0.00798473 -0.0759656 -0.0752697
0 -0.00798233 -0.0759647 -0.0752701
0 -0.00798089 -0.0759659 -0.0752731
0 -0.00798042 -0.0759694 -0.0752786
0 -0.00798096 -0.075975 -0.0752866
0 -0.00798251 -0.0759828 -0.0752971
0 -0.0079851 -0.0759926 -0.07531
0 -0.00798873 -0.0760046 -0.0753252
0 -0.00799342 -0.0760186 -0.0753427
0 -0.00799915 -0.0760346 -0.0753625
0 -0.00800594 -0.0760526 -0.0753843
0 -0.00801377 -0.0760725 -0.0754083
0 -0.00802263 -0.0760943 -0.0754343
0 -0.0080325 -0.0761179 -0.0754622
0 -0.00804335 -0.0761433 -0.0754919
0 -0.00805517 -0.0761703 -0.0755235
0 -0.00806793 -0.0761991 -0.0755568
0 -0.00808161 -0.0762294 -0.0755918
0 -0.00809618 -0.0762613 -0.0756285
0 -0.00811159 -0.0762946 -0.0756666
0 -0.00812781 -0.0763294 -0.0757063
0 -0.00814477 -0.0763656 -0.0757474
0 -0.0081624 -0.0764029 -0.0757898
0 -0.00818058 -0.0764414 -0.0758334
0 -0.00819923 -0.0764809 -0.0758781
0 -0.00821828 -0.0765213 -0.0759238
0 -0.0082377 -0.0765625 -0.0759704
0 -0.00825746 -0.0766046 -0.076018
0 -0.00827752 -0.0766474 -0.0760665
0 -0.00829779 -0.0766908 -0.0761157
0 -0.00831818 -0.0767348 -0.0761655
0 -0.00833865 -0.0767791 -0.076216
0 -0.00835919 -0.0768239 -0.0762669
0 -0.00837979 -0.076869 -0.0763184
0 -0.00840041 -0.0769144 -0.0763703
0 -0.00842096 -0.0769599 -0.0764226
0 -0.0084414 -0.0770055 -0.0764751
0 -0.00846173 -0.0770511 -0.0765277
0 -0.008482 -0.0770968 -0.0765805
0 -0.00850223 -0.0771425 -0.0766335
0 -0.00852237 -0.0771881 -0.0766866
0 -0.0085424 -0.0772336 -0.0767396
0 -0.00856237 -0.077279 -0.0767926
0 -0.00858238 -0.0773243 -0.0768456
0 -0.00860235 -0.0773694 -0.0768984
0 -0.00862203 -0.0774141 -0.0769509
0 -0.00864106 -0.0774579 -0.0770024
0 -0.0086591 -0.0775005 -0.0770527
0 -0.00867588 -0.0775415 -0.0771013
0 -0.00869119 -0.0775806 -0.077148
0 -0.00870489 -0.0776177 -0.0771925
0 -0.00871688 -0.0776525 -0.0772347
0 -0.00872704 -0.0776849 -0.0772742
0 -0.00873525 -0.0777145 -0.0773108
0 -0.00874172 -0.0777415 -0.0773445
0 -0.00874714 -0.0777664 -0.077376
0 -0.00875241 -0.0777899 -0.0774059
0 -0.00875822 -0.0778128 -0.0774347
0 -0.00876492 -0.0778352 -0.0774629
0 -0.0087727 -0.0778573 -0.0774904
0 -0.00878167 -0.0778792 -0.0775172
0 -0.00879192 -0.0779009 -0.0775435
0 -0.00880347 -0.0779226 -0.0775693
0 -0.00881619 -0.077944 -0.0775944
0 -0.00882987 -0.0779652 -0.0776187
0 -0.00884429 -0.077986 -0.077642
0 -0.00885946 -0.0780065 -0.0776645
0 -0.00887565 -0.0780272 -0.0776865
0 -0.00889318 -0.0780484 -0.0777084
0 -0.00891213 -0.0780705 -0.0777306
0 -0.00893234 -0.0780935 -0.0777531
0 -0.00895364 -0.0781173 -0.0777759
0 -0.00897557 -0.0781418 -0.0777988
0 -0.00899673 -0.0781656 -0.0778205
0 -0.00901476 -0.0781867 -0.0778391
0 -0.00902728 -0.0782027 -0.0778523
0 -0.0090333 -0.0782125 -0.0778591
0 -0.00903387 -0.0782173 -0.0778608
0 -0.009031 -0.0782189 -0.0778592
0 -0.0090256 -0.078218 -0.0778554
0 -0.00901633 -0.0782131 -0.0778478
0 -0.00900097 -0.0782018 -0.0778342
0 -0.00897894 -0.0781833 -0.0778138
0 -0.00895261 -0.0781594 -0.0777887
0 -0.00892585 -0.0781339 -0.0777624
0 -0.00890163 -0.0781093 -0.0777379
0 -0.00888091 -0.0780864 -0.0777156
0 -0.00886358 -0.078065 -0.0776955
0 -0.00884936 -0.0780447 -0.077677
0 -0.00883728 -0.0780245 -0.0776591
0 -0.00882485 -0.0780021 -0.0776391
0 -0.00880882 -0.0779741 -0.0776138
0 -0.00878776 -0.0779391 -0.0775814
0 -0.00876417 -0.0778996 -0.0775444
0 -0.00874344 -0.077861 -0.0775079
0 -0.00873018 -0.0778281 -0.0774766
0 -0.00872542 -0.077802 -0.0774513
0 -0.00872745 -0.0777815 -0.0774307
0 -0.00873414 -0.0777647 -0.0774127
0 -0.00874425 -0.0777508 -0.0773964
0 -0.00875671 -0.0777391 -0.077381
0 -0.00876973 -0.0777284 -0.0773651
0 -0.00878074 -0.0777164 -0.0773464
0 -0.00878706 -0.0777007 -0.0773226
0 -0.00878625 -0.0776791 -0.0772916
0 -0.00877586 -0.0776493 -0.0772511
0 -0.00875305 -0.0776082 -0.0771983
0 -0.00871472 -0.0775526 -0.0771302
0 -0.00865902 -0.0774801 -0.0770446
0 -0.00858752 -0.0773916 -0.0769427
0 -0.0085051 -0.0772912 -0.076829
0 -0.00841668 -0.077183 -0.0767078
0 -0.00832419 -0.077068 -0.0765804
0 -0.00822731 -0.0769451 -0.0764458
0 -0.00812644 -0.0768137 -0.0763038
0 -0.00802403 -0.0766757 -0.0761561
0 -0.00792351 -0.0765336 -0.0760055
0 -0.00782775 -0.0763899 -0.0758542
0 -0.00773817 -0.0762456 -0.0757032
0 -0.0076545 -0.0761001 -0.0755517
0 -0.00757526 -0.075952 -0.0753979
0 -0.00749951 -0.0758003 -0.0752406
0 -0.00742835 -0.0756466 -0.0750807
0 -0.00736424 -0.0754934 -0.0749205
0 -0.00730835 -0.0753427 -0.0747613
0 -0.00725936 -0.0751938 -0.074602
0 -0.00721558 -0.0750457 -0.0744411
0 -0.00717684 -0.0748993 -0.0742791
0 -0.00714303 -0.0747553 -0.0741164
0 -0.00711138 -0.0746121 -0.0739508
0 -0.00707671 -0.0744653 -0.073778
0 -0.00703406 -0.0743108 -0.0735937
0 -0.00698007 -0.074146 -0.0733954
0 -0.00691145 -0.073968 -0.0731802
0 -0.00682347 -0.0737722 -0.0729439
0 -0.00671104 -0.0735533 -0.0726818
0 -0.00657156 -0.0733084 -0.0723914
0 -0.00640625 -0.0730376 -0.0720736
0 -0.00621883 -0.0727435 -0.0717319
0 -0.00601331 -0.0724289 -0.0713697
0 -0.00579318 -0.0720956 -0.0709897
0 -0.00556195 -0.0717456 -0.0705945
0 -0.00532469 -0.0713825 -0.0701883
0 -0.00508953 -0.071013 -0.0697783
0 -0.00486745 -0.0706469 -0.0693745
0 -0.00466967 -0.0702948 -0.0689877
0 -0.00450275 -0.0699631 -0.068624
0 -0.00436541 -0.0696509 -0.0682823
0 -0.00425052 -0.0693521 -0.0679557
0 -0.00415104 -0.0690606 -0.0676379
0 -0.00406362 -0.0687748 -0.0673261
0 -0.00398703 -0.0684949 -0.0670201
0 -0.00391816 -0.0682197 -0.0667176
0 -0.00385056 -0.0679447 -0.0664134
0 -0.0037772 -0.0676643 -0.0661015
0 -0.00369407 -0.0673763 -0.0657788
0 -0.00360049 -0.0670812 -0.0654456
0 -0.00349551 -0.0667792 -0.0651019
0 -0.0033748 -0.0664667 -0.0647441
0 -0.00323202 -0.0661377 -0.0643663
0 -0.00306389 -0.065789 -0.0639657
0 -0.0028744 -0.065424 -0.0635462
0 -0.00267394 -0.0650524 -0.0631183
0 -0.0024748 -0.0646858 -0.0626941
0 -0.00228757 -0.0643338 -0.0622843
0 -0.00212037 -0.0640041 -0.0618971
0 -0.00197988 -0.063703 -0.0615395
0 -0.00187246 -0.0634368 -0.0612188
0 -0.00180461 -0.0632126 -0.0609425
0 -0.00178286 -0.0630377 -0.0607185
0 -0.00181361 -0.0629202 -0.0605552
0 -0.00190268 -0.0628679 -0.0604609
0 -0.00205455 -0.0628883 -0.060443
0 -0.00227145 -0.0629869 -0.0605074
0 -0.00255285 -0.0631673 -0.0606577
0 -0.0028955 -0.0634307 -0.0608951
0 -0.0032939 -0.0637764 -0.061219
0 -0.00374117 -0.0642027 -0.0616279
0 -0.00423028 -0.0647078 -0.0621201
0 -0.00475526 -0.0652908 -0.0626952
0 -0.00531122 -0.0659517 -0.0633537
0 -0.00589221 -0.0666891 -0.0640948
0 -0.00648867 -0.0674972 -0.064914
0 -0.00708752 -0.0683663 -0.0658026
0 -0.00767498 -0.069285 -0.0667505
0 -0.00823965 -0.0702432 -0.0677492
0 -0.00877336 -0.071233 -0.0687921
0 -0.00927004 -0.0722472 -0.0698739
0 -0.00972432 -0.0732785 -0.0709888
0 -0.0101312 -0.0743186 -0.0721302
0 -0.0104861 -0.0753589 -0.0732908
0 -0.010785 -0.0763899 -0.0744625
0 -0.0110241 -0.0774019 -0.0756362
0 -0.0112034 -0.0783876 -0.0768051
0 -0.0113301 -0.079347 -0.0779689
0 -0.0114197 -0.0802879 -0.0791346
0 -0.0114909 -0.0812217 -0.0803125
0 -0.0115592 -0.0821562 -0.0815094
0 -0.0116309 -0.0830904 -0.0827229
0 -0.0117025 -0.0840135 -0.0839405
0 -0.0117658 -0.0849108 -0.085145
0 -0.0118154 -0.0857709 -0.0863215
0 -0.0118543 -0.0865914 -0.0874631
0 -0.011895 -0.0873802 -0.0885726
0 -0.0119558 -0.0881514 -0.0896589
0 -0.012054 -0.0889197 -0.0907314
0 -0.0122007 -0.089694 -0.0917936
0 -0.0123979 -0.0904754 -0.0928416
0 -0.0126418 -0.0912602 -0.0938671
0 -0.0129286 -0.0920449 -0.0948625
0 -0.0132566 -0.0928292 -0.0958243
0 -0.013627 -0.0936158 -0.096753
0 -0.0140411 -0.0944082 -0.0976504
0 -0.0144968 -0.095207 -0.0985169
0 -0.0149874 -0.0960083 -0.0993489
0 -0.0155016 -0.0968038 -0.10014
0 -0.0160265 -0.0975838 -0.100883
0 -0.0165496 -0.0983388 -0.101571
0 -0.0170612 -0.0990618 -0.102202
0 -0.0175548 -0.099749 -0.102776
0 -0.0180279 -0.1004 -0.103298
0 -0.0184785 -0.101014 -0.103773
0 -0.018899 -0.101586 -0.104202
0 -0.0192733 -0.102101 -0.104573
0 -0.019585 -0.102542 -0.104878
0 -0.0198275 -0.102904 -0.105114
0 -0.0200062 -0.103192 -0.105291
0 -0.0201312 -0.103415 -0.105422
0 -0.0202078 -0.103577 -0.105515
0 -0.0202306 -0.103672 -0.105565
0 -0.0201861 -0.103687 -0.10556
0 -0.0200628 -0.103606 -0.105485
0 -0.0198597 -0.103428 -0.105338
0 -0.0195864 -0.103159 -0.105125
0 -0.0192539 -0.102808 -0.10485
0 -0.0188669 -0.102377 -0.104512
0 -0.0184255 -0.101862 -0.104106
0 -0.0179297 -0.101261 -0.103623
0 -0.0173828 -0.100573 -0.10306
0 -0.0167906 -0.0998031 -0.102413
0 -0.0161605 -0.0989537 -0.101681
0 -0.0154984 -0.0980286 -0.100862
0 -0.0148078 -0.0970288 -0.0999528
0 -0.0140904 -0.0959536 -0.0989462
0 -0.0133493 -0.0948039 -0.0978391
0 -0.0125931 -0.0935864 -0.0966337
0 -0.0118365 -0.0923145 -0.0953403
0 -0.0110994 -0.0910073 -0.093975
0 -0.0104012 -0.089684 -0.0925553
0 -0.00975546 -0.0883591 -0.0910948
0 -0.00916977 -0.0870418 -0.0896024
0 -0.00864841 -0.085739 -0.0880858
0 -0.00819379 -0.0844565 -0.0865524
0 -0.00780438 -0.0831964 -0.0850069
0 -0.00747325 -0.0819565 -0.0834503
0 -0.00719009 -0.0807316 -0.0818815
0 -0.00694525 -0.0795174 -0.0803011
0 -0.00673328 -0.0783139 -0.0787142
0 -0.00655376 -0.0771265 -0.0771314
0 -0.00640789 -0.0759624 -0.0755644
0 -0.0062936 -0.0748265 -0.0740221
0 -0.00620391 -0.0737184 -0.0725091
0 -0.00613051 -0.0726358 -0.0710294
0 -0.00606844 -0.0715796 -0.0695903
0 -0.00601646 -0.070554 -0.0682023
0 -0.00597249 -0.0695622 -0.0668741
0 -0.00592893 -0.0686018 -0.065608
0 -0.00587299 -0.0676647 -0.0644
0 -0.00579086 -0.0667414 -0.0632438
0 -0.00567118 -0.0658245 -0.0621339
0 -0.00550598 -0.0649091 -0.0610668
0 -0.00529125 -0.0639937 -0.0600412
0 -0.00502803 -0.0630814 -0.0590591
0 -0.00472201 -0.0621792 -0.0581257
0 -0.00438099 -0.0612956 -0.0572469
0 -0.00401273 -0.060439 -0.0564273
0 -0.00362553 -0.0596176 -0.0556709
0 -0.00322998 -0.0588418 -0.0549832
0 -0.0028392 -0.0581245 -0.0543718
0 -0.00246654 -0.0574784 -0.0538441
0 -0.00212292 -0.0569141 -0.053405
0 -0.00181485 -0.0564374 -0.0530555
0 -0.0015426 -0.0560483 -0.0527902
0 -0.00129979 -0.0557395 -0.0525976
0 -0.00107602 -0.0554997 -0.0524626
0 -0.000860398 -0.0553164 -0.0523697
0 -0.000644076 -0.0551782 -0.0523055
0 -0.000422527 -0.0550773 -0.0522611
0 -0.000197802 -0.0550114 -0.0522342
0 2.17492e-05 -0.0549839 -0.0522291
0 0.000224089 -0.0550013 -0.0522538
0 0.000395975 -0.0550711 -0.0523184
0 0.0005259 -0.0551992 -0.0524315
0 0.000609922 -0.0553841 -0.0525947
0 0.000656024 -0.0556125 -0.0527984
0 0.000679699 -0.0558643 -0.0530257
0 0.000694495 -0.0561212 -0.0532616
0 0.00070679 -0.0563724 -0.0534985
0 0.000715797 -0.0566148 -0.0537357
0 0.00071499 -0.0568514 -0.0539783
0 0.000693969 -0.0570895 -0.0542352
0 0.000640832 -0.0573391 -0.054517
0 0.000543976 -0.0576107 -0.0548342
0 0.000393149 -0.0579146 -0.0551965
0 0.000180531 -0.0582598 -0.0556118
0 -9.8388e-05 -0.0586533 -0.0560849
0 -0.000445025 -0.0591 -0.0566187
0 -0.000857975 -0.0596033 -0.0572136
0 -0.00133185 -0.0601633 -0.057867
0 -0.00185575 -0.0607751 -0.0585712
0 -0.00241426 -0.0614298 -0.0593145
0 -0.00299298 -0.0621195 -0.0600865
0 -0.00358493 -0.0628433 -0.0608845
0 -0.00419103 -0.063608 -0.0617137
0 -0.00481457 -0.064422 -0.0625818
0 -0.00545499 -0.0652898 -0.063493
0 -0.00610401 -0.0662071 -0.0644437
0 -0.00674599 -0.0671617 -0.0654228
0 -0.00736276 -0.0681376 -0.0664162
0 -0.00793905 -0.0691208 -0.0674121
0 -0.00846532 -0.0701016 -0.0684038
0 -0.00893877 -0.0710755 -0.0693901
0 -0.00936345 -0.0720441 -0.0703762
0 -0.00974811 -0.0730126 -0.0713708
0 -0.0101031 -0.0739869 -0.0723836
0 -0.0104386 -0.0749727 -0.0734234
0 -0.0107636 -0.0759743 -0.0744974
0 -0.0110843 -0.0769934 -0.0756092
0 -0.0114018 -0.0780268 -0.0767576
0 -0.011716 -0.0790703 -0.0779392
0 -0.0120306 -0.0801236 -0.0791543
0 -0.0123551 -0.0811925 -0.0804087
0 -0.0126995 -0.082284 -0.0817086
0 -0.0130669 -0.0833982 -0.083053
0 -0.0134477 -0.0845233 -0.0844284
0 -0.0138229 -0.0856386 -0.0858114
0 -0.0141739 -0.0867241 -0.0871788
0 -0.014492 -0.0877695 -0.0885159
0 -0.0147804 -0.0887769 -0.0898201
0 -0.0150497 -0.0897558 -0.0910954
0 -0.0153071 -0.0907121 -0.092343
0 -0.0155498 -0.0916422 -0.093554
0 -0.0157668 -0.0925338 -0.0947116
0 -0.0159456 -0.0933728 -0.0957975
0 -0.0160773 -0.0941485 -0.0967971
0 -0.0161608 -0.0948571 -0.097704
0 -0.016206 -0.0955056 -0.0985229
0 -0.0162327 -0.0961105 -0.0992687
0 -0.0162625 -0.0966899 -0.0999591
0 -0.0163077 -0.0972533 -0.100603
0 -0.0163662 -0.0977954 -0.101197
0 -0.0164253 -0.0983007 -0.101727
0 -0.0164713 -0.0987529 -0.102178
0 -0.0164956 -0.0991403 -0.102541
0 -0.0164955 -0.0994573 -0.102814
0 -0.0164753 -0.0997052 -0.103002
0 -0.0164451 -0.0998909 -0.103115
0 -0.0164178 -0.100025 -0.103167
0 -0.0164052 -0.100117 -0.103171
0 -0.0164157 -0.100173 -0.103138
0 -0.016452 -0.100197 -0.103072
0 -0.0165105 -0.100185 -0.102973
0 -0.016582 -0.100128 -0.102836
0 -0.0166529 -0.100018 -0.102649
0 -0.0167068 -0.099839 -0.102401
0 -0.0167288 -0.0995814 -0.10208
0 -0.0167118 -0.0992416 -0.101683
0 -0.0166598 -0.0988277 -0.101215
0 -0.0165828 -0.0983539 -0.100689
0 -0.0164889 -0.0978328 -0.100117
0 -0.0163795 -0.0972705 -0.0995016
0 -0.0162505 -0.0966678 -0.098842
0 -0.0160954 -0.0960226 -0.0981339
0 -0.0159095 -0.0953347 -0.0973751
0 -0.0156932 -0.094608 -0.096568
0 -0.0154517 -0.0938513 -0.0957198
0 -0.0151928 -0.0930755 -0.0948405
0 -0.0149246 -0.0922913 -0.0939406
0 -0.014654 -0.0915078 -0.093029
0 -0.014385 -0.0907314 -0.0921127
0 -0.0141201 -0.0899664 -0.0911966
0 -0.0138626 -0.0892178 -0.0902873
0 -0.0136198 -0.0884944 -0.0893953
0 -0.0134012 -0.0878072 -0.0885334
0 -0.0132139 -0.0871646 -0.0877127
0 -0.013058 -0.0865687 -0.0869373
0 -0.0129266 -0.0860143 -0.0862046
0 -0.0128104 -0.0854941 -0.0855093
0 -0.0127014 -0.0850016 -0.0848471
0 -0.0125908 -0.0845298 -0.0842127
0 -0.0124658 -0.0840671 -0.0835963
0 -0.0123113 -0.0835991 -0.082985
0 -0.0121176 -0.0831158 -0.0823707
0 -0.0118854 -0.0826171 -0.0817551
0 -0.0116227 -0.0821098 -0.0811464
0 -0.0113378 -0.0816005 -0.0805524
0 -0.0110344 -0.081091 -0.0799761
0 -0.0107126 -0.0805793 -0.0794159
0 -0.0103703 -0.0800614 -0.0788678
0 -0.0100066 -0.0795338 -0.0783282
0 -0.00962264 -0.0789954 -0.0777949
0 -0.00922325 -0.0784489 -0.0772691
0 -0.00881936 -0.0779027 -0.0767577
0 -0.00842863 -0.0773724 -0.0762741
0 -0.00807149 -0.0768768 -0.0758344
0 -0.00776471 -0.0764316 -0.0754517
0 -0.00751691 -0.0760447 -0.0751313
0 -0.00732729 -0.0757157 -0.0748694
0 -0.00718603 -0.0754354 -0.0746543
0 -0.00707399 -0.0751856 -0.0744651
0 -0.00696526 -0.0749416 -0.0742744
0 -0.00683838 -0.0746826 -0.0740593
0 -0.00668973 -0.0744053 -0.0738148
0 -0.00653534 -0.0741259 -0.0735556
0 -0.00640006 -0.0738691 -0.0733053
0 -0.00630359 -0.0736547 -0.0730834
0 -0.00625009 -0.0734875 -0.072894
0 -0.0062249 -0.0733532 -0.0727234
0 -0.00620126 -0.0732255 -0.0725458
0 -0.00615407 -0.0730795 -0.0723374
0 -0.00606842 -0.0728997 -0.0720841
0 -0.0059368 -0.0726774 -0.0717792
0 -0.00575158 -0.0724032 -0.0714153
0 -0.00550219 -0.0720637 -0.0709816
0 -0.00517878 -0.0716458 -0.0704676
0 -0.00477833 -0.0711421 -0.0698687
0 -0.00430955 -0.0705564 -0.0691913
0 -0.00379546 -0.0699066 -0.0684557
0 -0.00327512 -0.0692267 -0.0676978
0 -0.0028046 -0.0685684 -0.0669709
0 -0.00244718 -0.0679923 -0.0663364
0 -0.00224686 -0.067542 -0.0658378
0 -0.00220172 -0.0672171 -0.0654744
0 -0.00226081 -0.0669702 -0.0651977
0 -0.00234887 -0.0667306 -0.0649353
0 -0.00240388 -0.0664408 -0.0646282
0 -0.00240653 -0.0660856 -0.0642591
0 -0.00238652 -0.0656986 -0.0638596
0 -0.00240126 -0.0653414 -0.0634891
0 -0.00250271 -0.0650707 -0.0632023
0 -0.00271577 -0.0649173 -0.063028
0 -0.00303529 -0.0648829 -0.0629663
0 -0.00343583 -0.0649496 -0.0629979
0 -0.00388593 -0.0650936 -0.0630982
0 -0.00435886 -0.0652957 -0.0632476
0 -0.00483506 -0.0655435 -0.0634341
0 -0.0053003 -0.0658289 -0.0636505
0 -0.00574575 -0.0661485 -0.0638949
0 -0.00616624 -0.0665017 -0.0641686
0 -0.00654591 -0.0668759 -0.0644616
0 -0.00684313 -0.0672313 -0.0647371
0 -0.00700065 -0.0675103 -0.0649408
0 -0.00697519 -0.0676662 -0.06503
0 -0.00675915 -0.0676854 -0.0649951
0 -0.00638214 -0.0675886 -0.0648612
0 -0.00589698 -0.0674183 -0.0646746
0 -0.00536088 -0.0672205 -0.0644847
0 -0.00482149 -0.0670315 -0.0643303
0 -0.00431198 -0.0668737 -0.0642355
0 -0.00385377 -0.0667588 -0.0642124
0 -0.00346303 -0.0666948 -0.0642681
0 -0.003156 -0.0666911 -0.0644103
0 -0.00295117 -0.0667614 -0.0646496
0 -0.00287271 -0.0669275 -0.0650033
0 -0.00295139 -0.0672199 -0.0654969
0 -0.0032129 -0.0676669 -0.0661529
0 -0.00365758 -0.0682739 -0.0669706
0 -0.00424311 -0.0690058 -0.0679087
0 -0.00488271 -0.0697838 -0.0688828
0 -0.00547019 -0.0705091 -0.0697895
0 -0.00591952 -0.0711016 -0.0705445
0 -0.00619114 -0.0715252 -0.0711086
0 -0.00629317 -0.0717891 -0.0714885
0 -0.00626671 -0.0719332 -0.0717226
0 -0.00616683 -0.07201 -0.0718629
0 -0.00604319 -0.0720656 -0.0719559
0 -0.00592325 -0.0721236 -0.0720264
0 -0.00580579 -0.0721787 -0.0720713
0 -0.00567027 -0.0722062 -0.0720681
0 -0.00549605 -0.0721808 -0.0719947
0 -0.00527925 -0.0720936 -0.0718452
0 -0.00504092 -0.0719606 -0.071639
0 -0.00482647 -0.0718226 -0.0714199
0 -0.00469659 -0.0717367 -0.0712481
0 -0.00471207 -0.0717624 -0.0711854
0 -0.00491868 -0.0719463 -0.0712808
0 -0.00533783 -0.0723138 -0.0715616
0 -0.00596298 -0.0728651 -0.0720291
0 -0.00676018 -0.0735753 -0.0726594
0 -0.00767136 -0.0743967 -0.073406
0 -0.00862253 -0.0752667 -0.0742065
0 -0.00953784 -0.0761206 -0.0749969
0 -0.0103543 -0.0769055 -0.0757248
0 -0.0110327 -0.0775903 -0.0763597
0 -0.0115647 -0.0781724 -0.0769003
0 -0.0119732 -0.0786779 -0.0773742
0 -0.0123007 -0.0791506 -0.0778271
0 -0.0125899 -0.0796333 -0.0783035
0 -0.0128653 -0.0801503 -0.0788294
0 -0.0131239 -0.0806978 -0.0794025
0 -0.013336 -0.0812448 -0.0799929
0 -0.0134606 -0.0817477 -0.0805581
0 -0.0134644 -0.0821689 -0.0810613
0 -0.0133301 -0.0824849 -0.0814796
0 -0.0130545 -0.0826844 -0.0818023
0 -0.012644 -0.0827641 -0.0820261
0 -0.0121104 -0.0827244 -0.0821512
0 -0.0114665 -0.0825658 -0.0821773
0 -0.0107207 -0.0822836 -0.0820988
0 -0.00987656 -0.0818685 -0.0819041
0 -0.00893947 -0.0813129 -0.0815828
0 -0.00792719 -0.0806219 -0.081136
0 -0.00687565 -0.079819 -0.0805821
0 -0.00583696 -0.078945 -0.079956
0 -0.00487142 -0.0780509 -0.0793023
0 -0.00403675 -0.0771874 -0.0786651
0 -0.00337787 -0.0763958 -0.0780783
0 -0.00292035 -0.0757014 -0.0775598
0 -0.00266939 -0.0751122 -0.0771104
0 -0.00261458 -0.0746245 -0.076719
0 -0.00273733 -0.0742287 -0.0763698
0 -0.00301756 -0.0739164 -0.076049
0 -0.0034385 -0.0736844 -0.0757491
0 -0.00398703 -0.0735343 -0.0754695
0 -0.00464488 -0.0734635 -0.075207
0 -0.00537831 -0.0734543 -0.074945
0 -0.00614696 -0.0734819 -0.074662
0 -0.00692857 -0.0735386 -0.0743554
0 -0.00773077 -0.0736459 -0.0740531
0 -0.00857785 -0.0738407 -0.0738002
0 -0.00948641 -0.0741521 -0.0736347
0 -0.0104487 -0.0745845 -0.0735706
0 -0.0114305 -0.075115 -0.0735965
0 -0.0123787 -0.0756999 -0.0736819
0 -0.0132312 -0.0762842 -0.0737861
0 -0.0139279 -0.0768121 -0.0738675
0 -0.0144202 -0.0772362 -0.0738924
0 -0.0146761 -0.0775226 -0.0738393
0 -0.0146821 -0.0776528 -0.0737008
0 -0.0144457 -0.077626 -0.0734851
0 -0.0139955 -0.0774601 -0.0732172
0 -0.0133781 -0.0771889 -0.0729353
0 -0.0126481 -0.0768536 -0.0726823
0 -0.0118579 -0.0764927 -0.0724956
0 -0.0110523 -0.076138 -0.0724027
0 -0.0102702 -0.0758166 -0.072424
0 -0.00954971 -0.0755564 -0.0725778
0 -0.00892751 -0.0753865 -0.0728813
0 -0.00843024 -0.0753281 -0.073342
0 -0.00806386 -0.0753843 -0.0739476
0 -0.00781101 -0.0755364 -0.0746641
0 -0.00763819 -0.0757504 -0.0754434
0 -0.00750701 -0.0759878 -0.076234
0 -0.00738474 -0.0762164 -0.0769896
0 -0.00725328 -0.0764185 -0.0776788
0 -0.00711361 -0.0765953 -0.0782903
0 -0.00698148 -0.0767618 -0.0788288
0 -0.00687564 -0.0769359 -0.079304
0 -0.00680852 -0.077129 -0.0797214
0 -0.00678538 -0.0773447 -0.0800813
0 -0.0068093 -0.0775845 -0.0803844
0 -0.00688592 -0.0778522 -0.080636
0 -0.00702267 -0.0781535 -0.0808457
0 -0.00722173 -0.078489 -0.0810202
0 -0.0074732 -0.0788474 -0.081156
0 -0.00775418 -0.0792045 -0.0812384
0 -0.00803502 -0.0795294 -0.0812469
0 -0.00828812 -0.0797928 -0.0811638
0 -0.00849365 -0.0799729 -0.0809792
0 -0.00863954 -0.0800556 -0.0806908
0 -0.00871868 -0.0800315 -0.0803007
0 -0.0087276 -0.0798951 -0.0798132
0 -0.0086665 -0.079645 -0.0792353
0 -0.00853745 -0.0792819 -0.0785746
0 -0.00834212 -0.078806 -0.0778376
0 -0.00808204 -0.0782177 -0.07703
0 -0.0077613 -0.0775204 -0.0761586
0 -0.00738989 -0.0767242 -0.0752348
0 -0.00698578 -0.0758479 -0.074277
0 -0.00657403 -0.0749185 -0.0733097
0 -0.00618278 -0.0739672 -0.0723599
0 -0.00583822 -0.0730246 -0.0714528
0 -0.00556068 -0.072117 -0.0706076
0 -0.00536426 -0.0712662 -0.0698381
0 -0.00525883 -0.0704911 -0.0691543
0 -0.00525112 -0.0698086 -0.0685645
0 -0.00534467 -0.0692336 -0.0680749
0 -0.00554126 -0.0687797 -0.0676911
0 -0.0058439 -0.0684619 -0.0674216
0 -0.00625639 -0.0682966 -0.067277
0 -0.00677649 -0.0682939 -0.0672629
0 -0.00738818 -0.06845 -0.0673728
0 -0.0080605 -0.0687453 -0.0675859
0 -0.00875353 -0.0691502 -0.067873
0 -0.0094277 -0.0696335 -0.0682055
0 -0.0100516 -0.0701701 -0.0685625
0 -0.0106038 -0.0707427 -0.0689329
0 -0.0110708 -0.0713388 -0.0693123
0 -0.0114447 -0.0719489 -0.0697002
0 -0.0117226 -0.0725654 -0.0700995
0 -0.0119051 -0.0731818 -0.0705147
0 -0.0119929 -0.0737895 -0.0709479
0 -0.0119865 -0.0743785 -0.0713994
0 -0.0118902 -0.0749406 -0.0718705
0 -0.0117143 -0.0754731 -0.0723665
0 -0.0114726 -0.0759763 -0.0728938
0 -0.011179 -0.0764504 -0.073457
0 -0.0108469 -0.0768958 -0.0740581
0 -0.0104923 -0.0773161 -0.0747001
0 -0.0101344 -0.0777198 -0.0753883
0 -0.0097938 -0.0781181 -0.0761287
0 -0.00948873 -0.0785211 -0.0769241
0 -0.00923336 -0.0789368 -0.0777736
0 -0.00903755 -0.0793702 -0.0786724
0 -0.00890468 -0.0798211 -0.0796104
0 -0.00882905 -0.0802817 -0.0805692
0 -0.00879662 -0.0807372 -0.0815226
0 -0.00879148 -0.0811726 -0.0824425
0 -0.00880398 -0.0815793 -0.0833079
0 -0.00883392 -0.081959 -0.0841085
0 -0.00888773 -0.0823197 -0.084842
0 -0.00897456 -0.0826727 -0.0855106
0 -0.00910344 -0.083029 -0.0861181
0 -0.0092809 -0.0833973 -0.0866681
0 -0.00950808 -0.083781 -0.0871608
0 -0.00977843 -0.0841755 -0.0875908
0 -0.0100789 -0.0845698 -0.0879483
0 -0.0103946 -0.0849505 -0.0882235
0 -0.0107135 -0.0853068 -0.0884109
0 -0.0110277 -0.0856313 -0.0885103
0 -0.0113294 -0.0859168 -0.088523
0 -0.0116072 -0.0861517 -0.0884472
0 -0.0118467 -0.0863211 -0.0882786
0 -0.0120378 -0.0864142 -0.0880173
0 -0.0121813 -0.0864308 -0.0876741
0 -0.0122861 -0.0863785 -0.0872675
0 -0.012361 -0.0862655 -0.0868154
0 -0.0124095 -0.0860948 -0.0863295
0 -0.0124297 -0.0858653 -0.085815
0 -0.0124176 -0.0855739 -0.0852742
0 -0.0123685 -0.0852176 -0.0847078
0 -0.0122787 -0.0847943 -0.0841161
0 -0.0121464 -0.0843044 -0.0835008
0 -0.0119743 -0.083753 -0.0828668
0 -0.0117685 -0.0831489 -0.0822211
0 -0.0115352 -0.0825014 -0.0815701
0 -0.0112782 -0.0818177 -0.0809163
0 -0.0109975 -0.0811016 -0.0802584
0 -0.010691 -0.0803548 -0.0795919
0 -0.010356 -0.0795782 -0.0789112
0 -0.00998953 -0.078772 -0.0782103
0 -0.00958923 -0.0779365 -0.0774831
0 -0.00915424 -0.0770731 -0.0767252
0 -0.00868714 -0.0761859 -0.0759348
0 -0.00819488 -0.0752827 -0.0751147
0 -0.007687 -0.0743737 -0.07427
0 -0.00717191 -0.0734674 -0.0734049
0 -0.00665306 -0.0725666 -0.0725191
0 -0.00612818 -0.0716681 -0.0716068
0 -0.00559331 -0.070766 -0.0706611
0 -0.00504802 -0.0698577 -0.0696789
0 -0.00449646 -0.0689445 -0.0686621
0 -0.00394358 -0.0680282 -0.0676139
0 -0.00339165 -0.0671079 -0.0665352
0 -0.00284131 -0.0661807 -0.065426
0 -0.00229607 -0.0652467 -0.0642892
0 -0.00176559 -0.064312 -0.063135
0 -0.00126636 -0.0633898 -0.061981
0 -0.00082004 -0.0624991 -0.0608511
0 -0.000449436 -0.0616609 -0.0597715
0 -0.000173687 -0.0608936 -0.0587655
0 -6.05621e-06 -0.0602112 -0.0578517
0 4.52636e-05 -0.0596245 -0.0570448
0 -2.39725e-05 -0.0591417 -0.0563564
0 -0.000212976 -0.0587675 -0.055794
0 -0.00051393 -0.0585015 -0.0553591
0 -0.000912056 -0.0583371 -0.0550467
0 -0.00138744 -0.058264 -0.0548469
0 -0.00191821 -0.0582701 -0.054748
0 -0.00248576 -0.058347 -0.0547413
0 -0.00307941 -0.0584943 -0.0548256
0 -0.00369607 -0.0587188 -0.0550066
0 -0.00433573 -0.0590305 -0.0552929
0 -0.00499715 -0.0594377 -0.0556912
0 -0.00567634 -0.0599454 -0.0562052
0 -0.00636685 -0.0605556 -0.0568351
0 -0.00706039 -0.0612679 -0.0575791
0 -0.00774743 -0.0620795 -0.0584333
0 -0.00841823 -0.0629858 -0.0593927
0 -0.00906333 -0.0639806 -0.0604509
0 -0.00967321 -0.0650556 -0.0616006
0 -0.0102375 -0.0662 -0.0628323
0 -0.0107451 -0.0673999 -0.064134
0 -0.0111874 -0.0686419 -0.0654947
0 -0.0115624 -0.0699171 -0.0669082
0 -0.0118771 -0.0712235 -0.0683752
0 -0.0121438 -0.0725635 -0.0699006
0 -0.0123754 -0.0739388 -0.0714884
0 -0.0125817 -0.0753478 -0.0731386
0 -0.0127689 -0.0767847 -0.0748466
0 -0.0129396 -0.0782409 -0.0766034
0 -0.013095 -0.0797067 -0.0783983
0 -0.0132363 -0.0811727 -0.0802206
0 -0.0133668 -0.0826316 -0.0820612
0 -0.0134934 -0.0840804 -0.0839148
0 -0.013628 -0.0855213 -0.0857805
0 -0.0137851 -0.086961 -0.0876602
0 -0.013978 -0.0884064 -0.0895549
0 -0.0142168 -0.0898629 -0.0914627
0 -0.0145081 -0.0913338 -0.0933793
0 -0.0148559 -0.0928212 -0.0952994
0 -0.0152617 -0.094326 -0.0972162
0 -0.0157222 -0.0958454 -0.0991198
0 -0.0162277 -0.097371 -0.100995
0 -0.0167635 -0.09889 -0.102825
0 -0.0173118 -0.100387 -0.104587
0 -0.017853 -0.101843 -0.106262
0 -0.0183672 -0.103242 -0.107829
0 -0.0188351 -0.104563 -0.10927
0 -0.0192401 -0.10579 -0.110568
0 -0.0195691 -0.10691 -0.111712
0 -0.0198141 -0.107912 -0.112695
0 -0.0199717 -0.10879 -0.113516
0 -0.0200401 -0.109537 -0.114173
0 -0.0200164 -0.110147 -0.114667
0 -0.0198967 -0.110608 -0.114992
0 -0.0196782 -0.110913 -0.115148
0 -0.0193617 -0.111054 -0.115134
0 -0.0189522 -0.111028 -0.114953
0 -0.018458 -0.110834 -0.114612
0 -0.0178895 -0.110475 -0.114117
0 -0.0172573 -0.109952 -0.113475
0 -0.0165724 -0.109267 -0.112691
0 -0.0158453 -0.108423 -0.111771
0 -0.0150859 -0.107423 -0.110719
0 -0.0143036 -0.106272 -0.109538
0 -0.0135079 -0.104978 -0.108233
0 -0.0127082 -0.10355 -0.106808
0 -0.0119128 -0.101997 -0.105267
0 -0.0111278 -0.100331 -0.103612
0 -0.0103559 -0.098559 -0.101845
0 -0.00959685 -0.0966892 -0.0999632
0 -0.0088477 -0.0947272 -0.0979644
0 -0.00810323 -0.0926772 -0.095844
0 -0.00735719 -0.0905425 -0.0935979
0 -0.00660316 -0.0883263 -0.0912227
0 -0.00583523 -0.0860321 -0.0887172
0 -0.00504921 -0.0836645 -0.0860828
0 -0.00424458 -0.0812307 -0.0833255
0 -0.00342517 -0.0787413 -0.0804568
0 -0.00259697 -0.0762081 -0.0774909
0 -0.00176541 -0.0736418 -0.0744422
0 -0.000934998 -0.0710512 -0.0713247
0 -0.000110595 -0.0684446 -0.0681533
0 0.000701733 -0.0658308 -0.0649443
0 0.00149465 -0.0632194 -0.061716
0 0.00225988 -0.0606196 -0.0584887
0 0.00298823 -0.0580409 -0.0552841
0 0.00366901 -0.0554942 -0.0521251
0 0.00429014 -0.0529917 -0.0490361
0 0.00483958 -0.050546 -0.0460405
0 0.00530735 -0.0481681 -0.0431593
0 0.0056855 -0.0458676 -0.0404109
0 0.00596635 -0.0436548 -0.0378121
0 0.00614186 -0.0415413 -0.0353794
0 0.00620541 -0.0395381 -0.0331269
0 0.00615296 -0.0376551 -0.0310653
0 0.00598164 -0.0359023 -0.0292034
0 0.00568772 -0.034292 -0.0275505
0 0.00526691 -0.0328389 -0.0261161
0 0.00471691 -0.0315568 -0.0249076
0 0.00404035 -0.0304562 -0.0239276
0 0.00324575 -0.0295429 -0.0231728
0 0.00234577 -0.0288195 -0.0226362
0 0.00135412 -0.0282883 -0.0223101
0 0.000284172 -0.0279521 -0.0221875
0 -0.000849692 -0.0278132 -0.0222609
0 -0.00203003 -0.0278706 -0.0225203
0 -0.00323642 -0.0281198 -0.0229534
0 -0.00444795 -0.0285551 -0.0235477
0 -0.00564552 -0.0291716 -0.0242929
0 -0.00681166 -0.0299648 -0.0251806
0 -0.00792875 -0.0309285 -0.0262027
0 -0.00897879 -0.0320543 -0.0273505
0 -0.00994634 -0.0333334 -0.0286176
0 -0.0108217 -0.0347583 -0.0300011
0 -0.0116002 -0.0363207 -0.031501
0 -0.0122795 -0.0380098 -0.0331171
0 -0.0128576 -0.0398107 -0.0348468
0 -0.0133326 -0.0417052 -0.0366857
0 -0.0137041 -0.0436733 -0.0386283
0 -0.0139728 -0.0456939 -0.0406675
0 -0.0141398 -0.0477446 -0.0427942
0 -0.0142059 -0.0498012 -0.044996
0 -0.0141718 -0.0518393 -0.047258
0 -0.014039 -0.0538353 -0.0495629
0 -0.01381 -0.0557674 -0.051892
0 -0.0134892 -0.0576177 -0.0542263
0 -0.0130829 -0.0593717 -0.056547
0 -0.0125989 -0.061018 -0.0588348
0 -0.0120437 -0.0625455 -0.061068
0 -0.0114224 -0.0639435 -0.0632228
0 -0.0107412 -0.0652031 -0.0652767
0 -0.0100087 -0.0663202 -0.0672096
0 -0.00923545 -0.0672946 -0.0690034
0 -0.00843266 -0.0681282 -0.0706408
0 -0.00761128 -0.0688234 -0.0721055
0 -0.00678259 -0.0693837 -0.0733828
0 -0.0059591 -0.0698139 -0.0744613
0 -0.00515547 -0.0701216 -0.0753338
0 -0.00438814 -0.0703162 -0.0759977
0 -0.00367396 -0.070408 -0.0764537
0 -0.00302898 -0.0704067 -0.0767053
0 -0.0024679 -0.0703212 -0.0767581
0 -0.00200441 -0.0701598 -0.0766203
0 -0.00165179 -0.0699309 -0.0763031
0 -0.00142316 -0.0696438 -0.0758215
0 -0.00133044 -0.0693086 -0.0751934
0 -0.00138263 -0.0689357 -0.0744383
0 -0.00158499 -0.0685354 -0.0735761
0 -0.00193894 -0.0681171 -0.0726273
0 -0.00244226 -0.0676902 -0.0716126
0 -0.00308899 -0.0672636 -0.0705524
0 -0.00386902 -0.0668445 -0.0694657
0 -0.00476758 -0.0664385 -0.0683694
0 -0.0057651 -0.0660481 -0.0672774
0 -0.00683757 -0.0656725 -0.0661997
0 -0.00795812 -0.065309 -0.0651432
0 -0.00909912 -0.0649541 -0.0641125
0 -0.0102332 -0.0646044 -0.0631119
0 -0.0113335 -0.064256 -0.0621462
0 -0.0123738 -0.0639045 -0.0612203
0 -0.0133302 -0.063545 -0.0603379
0 -0.0141807 -0.0631724 -0.0595016
0 -0.0149056 -0.062782 -0.0587132
0 -0.0154885 -0.0623695 -0.0579734
0 -0.0159159 -0.0619317 -0.0572824
0 -0.016178 -0.0614666 -0.0566401
0 -0.0162685 -0.0609732 -0.0560458
0 -0.0161842 -0.0604516 -0.055498
0 -0.0159257 -0.0599029 -0.0549949
0 -0.015498 -0.0593301 -0.0545352
0 -0.0149106 -0.0587381 -0.0541183
0 -0.0141772 -0.058133 -0.0537439
0 -0.0133142 -0.057521 -0.0534114
0 -0.0123402 -0.0569076 -0.0531191
0 -0.0112748 -0.0562975 -0.0528641
0 -0.0101376 -0.0556937 -0.0526417
0 -0.00894739 -0.0550974 -0.0524451
0 -0.00772241 -0.054509 -0.0522668
0 -0.00648049 -0.0539283 -0.052099
0 -0.00523894 -0.0533545 -0.0519335
0 -0.0040145 -0.0527857 -0.0517624
0 -0.00282427 -0.0522211 -0.0515798
0 -0.00168676 -0.0516624 -0.0513825
0 -0.000621092 -0.0511135 -0.0511691
0 0.000355433 -0.0505787 -0.0509382
0 0.00122942 -0.0500604 -0.0506865
0 0.00199159 -0.049559 -0.0504092
0 0.0026357 -0.0490739 -0.0501013
0 0.00315765 -0.0486046 -0.0497585
0 0.00355554 -0.0481504 -0.0493775
0 0.00383004 -0.0477102 -0.0489551
0 0.00398422 -0.0472827 -0.0484889
0 0.00402243 -0.046867 -0.0479779
0 0.00394882 -0.0464647 -0.0474243
0 0.00376701 -0.0460796 -0.0468337
0 0.00348112 -0.0457172 -0.0462138
0 0.00309678 -0.0453826 -0.0455734
0 0.00262108 -0.045081 -0.0449217
0 0.00206208 -0.0448175 -0.0442691
0 0.00142793 -0.0445983 -0.0436272
0 0.00072579 -0.0444315 -0.0430098
0 -3.84222e-05 -0.0443264 -0.0424334
0 -0.000859098 -0.0442921 -0.041916
0 -0.00172968 -0.0443364 -0.0414754
0 -0.00264182 -0.0444648 -0.0411275
0 -0.00358473 -0.0446799 -0.0408851
0 -0.00454505 -0.0449811 -0.0407573
0 -0.00550747 -0.045365 -0.04075
0 -0.00645516 -0.0458257 -0.0408657
0 -0.00736976 -0.0463551 -0.0411035
0 -0.0082313 -0.0469423 -0.0414587
0 -0.00901868 -0.0475745 -0.041923
0 -0.00971068 -0.0482373 -0.0424852
0 -0.0102877 -0.0489158 -0.0431324
0 -0.0107338 -0.0495965 -0.0438516
0 -0.0110378 -0.0502676 -0.0446302
0 -0.0111919 -0.0509182 -0.0454558
0 -0.0111901 -0.0515365 -0.0463136
0 -0.0110278 -0.0521093 -0.0471866
0 -0.0107027 -0.0526231 -0.0480567
0 -0.010217 -0.0530667 -0.0489066
0 -0.00957772 -0.0534308 -0.0497208
0 -0.008796 -0.053709 -0.0504854
0 -0.00788643 -0.0538968 -0.0511881
0 -0.00686696 -0.0539923 -0.0518185
0 -0.00575943 -0.0539973 -0.0523694
0 -0.00458937 -0.0539164 -0.0528372
0 -0.0033851 -0.0537573 -0.0532224
0 -0.0021771 -0.0535305 -0.0535276
0 -0.000997979 -0.0532505 -0.0537585
0 0.000117646 -0.0529355 -0.0539241
0 0.00113345 -0.0526079 -0.0540376
0 0.00201256 -0.0522932 -0.0541156
0 0.00272068 -0.0520168 -0.0541759
0 0.00322932 -0.0518015 -0.0542341
0 0.00351662 -0.0516665 -0.0543037
0 0.0035658 -0.0516292 -0.0543975
0 0.00336436 -0.0517061 -0.0545291
0 0.00290447 -0.0519134 -0.0547125
0 0.00218306 -0.0522665 -0.0549623
0 0.00120255 -0.0527786 -0.055293
0 -2.64443e-05 -0.0534581 -0.0557154
0 -0.00148359 -0.0543062 -0.0562351
0 -0.00314016 -0.0553177 -0.0568531
0 -0.00496178 -0.0564831 -0.0575675
0 -0.00691049 -0.0577887 -0.0583745
0 -0.00894522 -0.0592182 -0.0592678
0 -0.0110222 -0.060753 -0.0602395
0 -0.0130976 -0.0623735 -0.0612818
0 -0.0151291 -0.0640582 -0.0623873
0 -0.0170752 -0.0657825 -0.0635477
0 -0.0188957 -0.0675189 -0.0647525
0 -0.0205529 -0.0692383 -0.0659896
0 -0.022013 -0.0709119 -0.0672463
0 -0.023246 -0.0725115 -0.0685088
0 -0.0242253 -0.0740086 -0.0697617
0 -0.0249267 -0.0753743 -0.0709866
0 -0.0253298 -0.0765801 -0.0721635
0 -0.0254202 -0.0776009 -0.0732725
0 -0.0251937 -0.0784181 -0.0742979
0 -0.0246581 -0.0790218 -0.0752288
0 -0.0238325 -0.07941 -0.0760594
0 -0.0227448 -0.0795875 -0.0767872
0 -0.0214304 -0.0795654 -0.077413
0 -0.0199312 -0.0793607 -0.0779398
0 -0.0182929 -0.0789935 -0.0783717
0 -0.0165613 -0.0784847 -0.0787128
0 -0.0147811 -0.077856 -0.0789659
0 -0.012997 -0.0771319 -0.0791342
0 -0.011254 -0.0763406 -0.0792233
0 -0.00959666 -0.0755123 -0.0792404
0 -0.00806593 -0.0746756 -0.0791924
0 -0.0066971 -0.0738557 -0.0790837
0 -0.00551759 -0.0730725 -0.078916
0 -0.00454715 -0.0723406 -0.0786885
0 -0.00379988 -0.0716712 -0.0783999
0 -0.00328552 -0.071073 -0.0780499
0 -0.0030098 -0.0705534 -0.0776399
0 -0.00297486 -0.0701189 -0.0771738
0 -0.00317864 -0.0697755 -0.0766574
0 -0.00361238 -0.0695251 -0.0760963
0 -0.00425936 -0.0693645 -0.0754938
0 -0.00509661 -0.0692868 -0.0748525
0 -0.00609776 -0.0692831 -0.0741764
0 -0.00723486 -0.0693447 -0.0734718
0 -0.0084791 -0.0694624 -0.0727471
0 -0.00980144 -0.0696268 -0.072012
0 -0.011173 -0.0698284 -0.0712775
0 -0.0125654 -0.0700582 -0.0705557
0 -0.0139512 -0.0703086 -0.0698591
0 -0.0153051 -0.0705731 -0.0692006
0 -0.0166029 -0.0708445 -0.0685936
0 -0.0178221 -0.0711148 -0.0680512
0 -0.0189424 -0.071377 -0.0675853
0 -0.0199467 -0.0716251 -0.0672067
0 -0.0208211 -0.0718552 -0.0669251
0 -0.0215551 -0.0720649 -0.0667483
0 -0.0221398 -0.0722524 -0.066681
0 -0.0225677 -0.0724159 -0.0667243
0 -0.0228327 -0.0725534 -0.0668752
0 -0.0229307 -0.0726638 -0.0671283
0 -0.0228618 -0.072748 -0.0674769
0 -0.022631 -0.0728092 -0.0679142
0 -0.0222467 -0.0728515 -0.0684317
0 -0.0217188 -0.0728776 -0.069018
0 -0.0210564 -0.0728874 -0.069657
0 -0.0202677 -0.072877 -0.0703283
0 -0.0193596 -0.0728396 -0.0710079
0 -0.0183396 -0.0727664 -0.0716705
0 -0.0172158 -0.072647 -0.0722916
0 -0.0159975 -0.0724704 -0.0728472
0 -0.0146952 -0.0722264 -0.0733135
0 -0.0133214 -0.0719062 -0.0736682
0 -0.0118907 -0.0715031 -0.0738922
0 -0.0104187 -0.0710121 -0.0739696
0 -0.0089211 -0.0704282 -0.0738861
0 -0.00741315 -0.0697463 -0.0736288
0 -0.00590953 -0.068961 -0.0731867
0 -0.00442469 -0.0680682 -0.0725521
0 -0.00297351 -0.0670657 -0.0717205
0 -0.00157153 -0.0659531 -0.0706916
0 -0.000235139 -0.0647324 -0.0694688
0 0.00101874 -0.0634084 -0.0680598
0 0.00217411 -0.0619875 -0.0664747
0 0.00321816 -0.0604758 -0.0647246
0 0.00414242 -0.0588791 -0.0628198
0 0.00494197 -0.057203 -0.0607711
0 0.00561353 -0.0554548 -0.0585914
0 0.00615378 -0.0536453 -0.0562967
0 0.00655888 -0.0517884 -0.0539067
0 0.00682564 -0.0499005 -0.0514433
0 0.0069529 -0.0479981 -0.0489287
0 0.00694176 -0.0460972 -0.0463852
0 0.00679486 -0.0442146 -0.0438351
0 0.00651584 -0.0423678 -0.0413009
0 0.00610971 -0.0405743 -0.0388056
0 0.00558338 -0.0388487 -0.0363726
0 0.00494507 -0.0372043 -0.0340245
0 0.00420307 -0.0356533 -0.0317844
0 0.00336475 -0.0342081 -0.0296753
0 0.00243652 -0.032881 -0.0277205
0 0.00142447 -0.0316842 -0.0259425
0 0.000335046 -0.0306285 -0.0243618
0 -0.00082472 -0.0297237 -0.0229969
0 -0.00204769 -0.0289793 -0.0218643
0 -0.00332713 -0.0284051 -0.020979
0 -0.00465666 -0.0280111 -0.0203545
0 -0.00602961 -0.0278075 -0.0200019
0 -0.00743825 -0.0278036 -0.0199296
0 -0.00887323 -0.0280072 -0.0201424
0 -0.010323 -0.0284245 -0.0206416
0 -0.0117735 -0.0290592 -0.0214244
0 -0.0132088 -0.0299125 -0.022484
0 -0.0146104 -0.030983 -0.0238094
0 -0.0159579 -0.0322663 -0.0253859
0 -0.0172296 -0.0337542 -0.027195
0 -0.0184036 -0.0354344 -0.0292153
0 -0.0194596 -0.0372906 -0.0314236
0 -0.0203791 -0.0393024 -0.033795
0 -0.0211449 -0.0414448 -0.0363028
0 -0.0217403 -0.043688 -0.0389176
0 -0.0221489 -0.0459975 -0.0416075
0 -0.022356 -0.0483357 -0.044339
0 -0.0223497 -0.0506642 -0.0470786
0 -0.0221229 -0.0529453 -0.049794
0 -0.0216736 -0.0551439 -0.052455
0 -0.0210053 -0.0572291 -0.0550342
0 -0.0201279 -0.0591757 -0.057509
0 -0.019058 -0.0609649 -0.0598617
0 -0.0178183 -0.0625847 -0.0620795
0 -0.0164371 -0.0640303 -0.0641542
0 -0.0149481 -0.0653045 -0.066082
0 -0.0133885 -0.0664171 -0.0678634
0 -0.0117973 -0.0673822 -0.0695017
0 -0.0102131 -0.0682172 -0.0710016
0 -0.00867273 -0.0689399 -0.0723685
0 -0.00721116 -0.0695685 -0.0736073
0 -0.00586086 -0.0701205 -0.0747234
0 -0.00465188 -0.0706139 -0.0757232
0 -0.0036124 -0.071067 -0.0766151
0 -0.00276813 -0.0714979 -0.077409
0 -0.00214033 -0.0719221 -0.078114
0 -0.00174337 -0.0723504 -0.0787368
0 -0.00158314 -0.0727868 -0.0792793
0 -0.00165688 -0.0732287 -0.079739
0 -0.00195444 -0.0736681 -0.08011
0 -0.00245949 -0.0740934 -0.0803848
0 -0.00315022 -0.074492 -0.0805549
0 -0.0040005 -0.0748509 -0.0806123
0 -0.00498128 -0.0751577 -0.0805503
0 -0.00606115 -0.0754005 -0.0803632
0 -0.00720615 -0.0755671 -0.0800455
0 -0.00837986 -0.0756443 -0.0795913
0 -0.00954481 -0.0756178 -0.0789946
0 -0.0106647 -0.0754746 -0.0782506
0 -0.0117061 -0.0752039 -0.0773573
0 -0.0126403 -0.0747983 -0.0763167
0 -0.0134435 -0.0742539 -0.0751345
0 -0.0140969 -0.0735696 -0.0738195
0 -0.0145867 -0.0727472 -0.072382
0 -0.0149038 -0.0717904 -0.070834
0 -0.0150434 -0.0707045 -0.0691891
0 -0.0150055 -0.0694967 -0.0674638
0 -0.0147946 -0.0681761 -0.065676
0 -0.0144192 -0.0667536 -0.0638443
0 -0.0138904 -0.0652407 -0.0619862
0 -0.0132214 -0.0636491 -0.0601177
0 -0.0124264 -0.0619904 -0.0582529
0 -0.0115206 -0.0602759 -0.0564034
0 -0.0105189 -0.058516 -0.0545779
0 -0.00943628 -0.0567205 -0.0527829
0 -0.00828684 -0.0548983 -0.0510223
0 -0.00708447 -0.0530579 -0.0492975
0 -0.00584332 -0.0512075 -0.0476086
0 -0.00457848 -0.0493564 -0.0459553
0 -0.00330645 -0.0475152 -0.0443381
0 -0.00204488 -0.0456962 -0.0427579
0 -0.000811853 -0.0439122 -0.0412165
0 0.000374629 -0.0421766 -0.0397159
0 0.00149661 -0.0405031 -0.0382594
0 0.00253605 -0.0389062 -0.0368519
0 0.00347483 -0.0374012 -0.0355002
0 0.00429512 -0.0360038 -0.0342137
0 0.00497989 -0.0347298 -0.0330027
0 0.00551357 -0.0335943 -0.0318792
0 0.0058824 -0.0326116 -0.0308556
0 0.00607447 -0.0317951 -0.0299453
0 0.0060799 -0.031157 -0.0291622
0 0.00589114 -0.0307084 -0.0285209
0 0.00550312 -0.0304597 -0.0280364
0 0.00491297 -0.0304206 -0.0277246
0 0.00412039 -0.0305997 -0.0276017
0 0.00312845 -0.031004 -0.0276828
0 0.00194384 -0.0316382 -0.0279819
0 0.000577176 -0.0325048 -0.0285107
0 -0.000956521 -0.0336032 -0.0292781
0 -0.00263731 -0.0349289 -0.0302888
0 -0.00444085 -0.0364739 -0.0315438
0 -0.00633971 -0.0382275 -0.0330405
0 -0.00830442 -0.0401773 -0.0347739
0 -0.0103036 -0.0423087 -0.0367361
0 -0.012304 -0.0446047 -0.038916
0 -0.0142718 -0.047046 -0.041299
0 -0.0161737 -0.0496108 -0.0438673
0 -0.0179789 -0.0522757 -0.0466015
0 -0.0196602 -0.0550167 -0.0494807
0 -0.0211939 -0.0578095 -0.0524837
0 -0.0225607 -0.0606302 -0.0555888
0 -0.023746 -0.0634564 -0.0587745
0 -0.0247393 -0.0662667 -0.0620195
0 -0.0255339 -0.0690414 -0.0653023
0 -0.0261264 -0.071762 -0.0686012
0 -0.0265162 -0.0744118 -0.0718944
0 -0.0267055 -0.076975 -0.0751599
0 -0.0266985 -0.0794372 -0.0783756
0 -0.0265015 -0.0817856 -0.0815197
0 -0.0261248 -0.0840101 -0.0845721
0 -0.025582 -0.0861047 -0.0875149
0 -0.0248897 -0.0880668 -0.0903314
0 -0.0240654 -0.0898955 -0.0930053
0 -0.0231265 -0.0915907 -0.0955206
0 -0.0220901 -0.0931523 -0.0978615
0 -0.0209725 -0.0945805 -0.100013
0 -0.0197908 -0.0958759 -0.101963
0 -0.0185624 -0.0970405 -0.1037
0 -0.0173059 -0.0980775 -0.105219
0 -0.0160397 -0.0989902 -0.106515
0 -0.0147807 -0.0997811 -0.107587
0 -0.0135447 -0.100451 -0.108435
0 -0.0123463 -0.101 -0.109059
0 -0.0111994 -0.101427 -0.109464
0 -0.0101173 -0.10173 -0.109654
0 -0.00911199 -0.101907 -0.109636
0 -0.00819363 -0.101953 -0.109418
0 -0.00737064 -0.101863 -0.109006
0 -0.00665063 -0.101633 -0.108409
0 -0.00604177 -0.10126 -0.107638
0 -0.00555313 -0.100746 -0.106708
0 -0.00519308 -0.100094 -0.105634
0 -0.00496695 -0.0993099 -0.104431
0 -0.00487604 -0.0984001 -0.103111
0 -0.0049182 -0.0973741 -0.10169
0 -0.0050885 -0.0962432 -0.100178
0 -0.00537962 -0.0950206 -0.0985897
0 -0.00578179 -0.0937212 -0.096936
0 -0.00628276 -0.09236 -0.0952284
0 -0.00686824 -0.0909528 -0.0934774
0 -0.0075224 -0.0895148 -0.0916927
0 -0.00822829 -0.0880608 -0.0898837
0 -0.00896792 -0.0866036 -0.0880586
0 -0.00972225 -0.0851536 -0.0862241
0 -0.010471 -0.0837183 -0.0843847
0 -0.011192 -0.0823013 -0.0825422
0 -0.0118616 -0.0809026 -0.0806963
0 -0.0124555 -0.079518 -0.0788454
0 -0.0129499 -0.07814 -0.0769872
0 -0.0133213 -0.0767579 -0.0751179
0 -0.0135478 -0.0753584 -0.073233
0 -0.0136093 -0.073927 -0.0713272
0 -0.013489 -0.0724493 -0.0693959
0 -0.0131754 -0.070913 -0.0674361
0 -0.0126618 -0.0693079 -0.0654468
0 -0.0119462 -0.0676261 -0.0634282
0 -0.011031 -0.0658616 -0.0613813
0 -0.00992313 -0.0640109 -0.0593082
0 -0.00863506 -0.0620743 -0.0572131
0 -0.00718464 -0.0600557 -0.0551018
0 -0.00559408 -0.0579623 -0.0529817
0 -0.00388951 -0.0558049 -0.0508617
0 -0.00210095 -0.0535984 -0.0487524
0 -0.00026228 -0.0513618 -0.046667
0 0.00158943 -0.0491184 -0.0446206
0 0.00341548 -0.0468943 -0.0426303
0 0.00517715 -0.0447177 -0.0407136
0 0.0068368 -0.0426178 -0.0388886
0 0.00835867 -0.0406244 -0.0371731
0 0.00970948 -0.038767 -0.0355852
0 0.0108587 -0.0370745 -0.0341428
0 0.0117789 -0.0355749 -0.0328633
0 0.0124465 -0.0342938 -0.0317633
0 0.0128434 -0.0332524 -0.0308567
0 0.0129587 -0.0324666 -0.0301534
0 0.0127883 -0.0319462 -0.0296595
0 0.0123354 -0.0316964 -0.0293783
0 0.01161 -0.0317183 -0.0293106
0 0.0106281 -0.0320088 -0.0294554
0 0.00941118 -0.032561 -0.0298092
0 0.00798595 -0.0333643 -0.030367
0 0.00638271 -0.0344052 -0.0311225
0 0.00463422 -0.0356682 -0.0320689
0 0.00277375 -0.0371374 -0.0332002
0 0.000833303 -0.038798 -0.0345122
0 -0.00115684 -0.0406361 -0.0360027
0 -0.00316784 -0.0426387 -0.0376701
0 -0.00517252 -0.0447935 -0.0395137
0 -0.00714565 -0.0470883 -0.0415328
0 -0.00906376 -0.0495107 -0.0437264
0 -0.0109051 -0.0520468 -0.0460919
0 -0.0126501 -0.0546815 -0.0486247
0 -0.0142829 -0.057399 -0.0513189
0 -0.0157909 -0.0601839 -0.0541669
0 -0.0171648 -0.0630207 -0.05716
0 -0.018398 -0.0658941 -0.0602872
0 -0.0194851 -0.0687881 -0.0635354
0 -0.0204229 -0.071687 -0.066889
0 -0.0212093 -0.0745752 -0.0703299
0 -0.021843 -0.0774368 -0.0738374
0 -0.022323 -0.0802555 -0.0773877
0 -0.022649 -0.0830151 -0.0809548
0 -0.0228215 -0.0857003 -0.0845112
0 -0.0228428 -0.0882976 -0.0880296
0 -0.022717 -0.0907953 -0.0914839
0 -0.0224514 -0.0931852 -0.0948498
0 -0.022056 -0.0954624 -0.0981049
0 -0.0215429 -0.0976248 -0.101228
0 -0.0209246 -0.0996713 -0.1042
0 -0.0202138 -0.101601 -0.107
0 -0.0194237 -0.103414 -0.109611
0 -0.0185696 -0.105111 -0.112021
0 -0.0176684 -0.106698 -0.114219
0 -0.0167368 -0.108175 -0.116199
0 -0.0157905 -0.109546 -0.117956
0 -0.0148448 -0.11081 -0.119487
0 -0.0139152 -0.111966 -0.120793
0 -0.0130168 -0.113014 -0.121877
0 -0.0121634 -0.113952 -0.122742
0 -0.0113679 -0.114781 -0.123396
0 -0.0106417 -0.1155 -0.123847
0 -0.00999408 -0.116106 -0.124104
0 -0.00943213 -0.116594 -0.124176
0 -0.00895989 -0.116959 -0.124073
0 -0.00857869 -0.117188 -0.123801
0 -0.00828791 -0.117273 -0.123369
0 -0.00808582 -0.117203 -0.122783
0 -0.00796954 -0.116968 -0.122052
0 -0.00793374 -0.116563 -0.121181
0 -0.00796962 -0.115985 -0.120177
0 -0.00806544 -0.115231 -0.119041
0 -0.00820763 -0.114305 -0.117778
0 -0.00838181 -0.113211 -0.11639
0 -0.00857368 -0.111958 -0.11488
0 -0.00876984 -0.110555 -0.113252
0 -0.00895846 -0.109015 -0.111509
0 -0.00912959 -0.107353 -0.109659
0 -0.00927553 -0.105587 -0.10771
0 -0.00939126 -0.103735 -0.105671
0 -0.00947434 -0.10182 -0.103556
0 -0.00952455 -0.0998617 -0.101378
0 -0.00954372 -0.0978833 -0.0991533
0 -0.00953587 -0.0959065 -0.0968995
0 -0.00950734 -0.093954 -0.0946365
0 -0.0094667 -0.0920483 -0.0923858
0 -0.00942392 -0.0902117 -0.0901704
0 -0.00938944 -0.0884644 -0.0880137
0 -0.00937379 -0.0868252 -0.0859394
0 -0.00938757 -0.0853109 -0.0839719
0 -0.00944124 -0.0839371 -0.0821352
0 -0.00954457 -0.0827177 -0.0804531
0 -0.00970593 -0.0816646 -0.0789477
0 -0.00993168 -0.0807876 -0.0776392
0 -0.0102258 -0.0800944 -0.0765448
0 -0.0105898 -0.07959 -0.075679
0 -0.0110222 -0.0792774 -0.0750529
0 -0.0115192 -0.0791574 -0.074674
0 -0.0120736 -0.0792284 -0.0745463
0 -0.0126756 -0.0794865 -0.0746693
0 -0.0133124 -0.0799254 -0.0750389
0 -0.0139696 -0.0805375 -0.0756472
0 -0.0146314 -0.0813133 -0.0764836
0 -0.0152811 -0.0822417 -0.0775344
0 -0.0159012 -0.0833084 -0.0787823
0 -0.016473 -0.0844959 -0.0802062
0 -0.0169777 -0.0857837 -0.0817818
0 -0.0173969 -0.0871491 -0.0834826
0 -0.0177131 -0.0885676 -0.0852801
0 -0.0179102 -0.0900127 -0.0871439
0 -0.0179733 -0.091457 -0.0890424
0 -0.0178903 -0.0928722 -0.0909435
0 -0.0176515 -0.0942309 -0.092815
0 -0.0172504 -0.0955061 -0.0946254
0 -0.0166836 -0.096672 -0.0963447
0 -0.015951 -0.0977041 -0.0979453
0 -0.015056 -0.0985804 -0.0994016
0 -0.014006 -0.0992824 -0.10069
0 -0.0128123 -0.0997957 -0.101789
0 -0.0114896 -0.10011 -0.102681
0 -0.0100551 -0.100219 -0.103351
0 -0.00852893 -0.100119 -0.103788
0 -0.00693411 -0.0998119 -0.103984
0 -0.00529642 -0.0993019 -0.103934
0 -0.00364286 -0.0985968 -0.103638
0 -0.00200074 -0.0977062 -0.103098
0 -0.000397126 -0.0966414 -0.102319
0 0.00114122 -0.095415 -0.101309
0 0.00258758 -0.0940418 -0.100079
0 0.00391509 -0.0925392 -0.098642
0 0.00509746 -0.0909278 -0.0970177
0 0.00611054 -0.0892311 -0.0952267
0 0.00693377 -0.0874736 -0.0932915
0 0.00755128 -0.0856794 -0.0912349
0 0.00795233 -0.0838717 -0.0890792
0 0.00813083 -0.0820726 -0.086847
0 0.00808478 -0.0803034 -0.0845611
0 0.00781616 -0.0785846 -0.082245
0 0.00733111 -0.0769349 -0.0799227
0 0.00663994 -0.0753708 -0.0776176
0 0.00575741 -0.0739053 -0.0753517
0 0.00470285 -0.0725479 -0.0731447
0 0.00349888 -0.0713048 -0.0710143
0 0.00216937 -0.0701802 -0.0689779
0 0.00073822 -0.0691763 -0.0670542
0 -0.000770731 -0.0682932 -0.0652621
0 -0.00233397 -0.0675294 -0.0636196
0 -0.00392884 -0.0668827 -0.0621433
0 -0.00553363 -0.0663499 -0.0608483
0 -0.00712705 -0.0659273 -0.0597469
0 -0.00868775 -0.0656102 -0.0588485
0 -0.0101943 -0.0653935 -0.0581592
0 -0.0116262 -0.0652718 -0.0576818
0 -0.0129642 -0.0652407 -0.0574164
0 -0.0141916 -0.0652971 -0.0573609
0 -0.0152938 -0.0654397 -0.0575115
0 -0.0162589 -0.0656686 -0.0578623
0 -0.0170768 -0.0659849 -0.0584055
0 -0.0177394 -0.0663907 -0.0591316
0 -0.0182407 -0.0668886 -0.0600296
0 -0.0185777 -0.0674816 -0.061088
0 -0.0187506 -0.0681717 -0.0622945
0 -0.0187638 -0.0689596 -0.0636368
0 -0.0186248 -0.0698442 -0.0651023
0 -0.0183445 -0.070823 -0.0666782
0 -0.0179366 -0.0718912 -0.0683513
0 -0.0174168 -0.0730424 -0.0701082
0 -0.0168025 -0.0742681 -0.0719353
0 -0.0161114 -0.0755572 -0.0738176
0 -0.0153606 -0.0768968 -0.0757397
0 -0.0145674 -0.0782724 -0.0776866
0 -0.0137487 -0.0796702 -0.079645
0 -0.0129218 -0.0810779 -0.0816022
0 -0.012104 -0.0824855 -0.0835463
0 -0.0113114 -0.083883 -0.0854647
0 -0.0105576 -0.085261 -0.0873449
0 -0.00985316 -0.0866092 -0.089173
0 -0.00920508 -0.0879166 -0.090934
0 -0.00861682 -0.0891714 -0.0926118
0 -0.00808931 -0.0903612 -0.0941897
0 -0.00762157 -0.0914739 -0.0956513
0 -0.00721124 -0.0924976 -0.0969807
0 -0.00685495 -0.0934209 -0.0981633
0 -0.00654899 -0.0942337 -0.0991861
0 -0.00628962 -0.0949265 -0.100038
0 -0.00607297 -0.0954909 -0.10071
0 -0.00589517 -0.0959194 -0.101194
0 -0.00575296 -0.0962054 -0.101486
0 -0.00564402 -0.0963444 -0.101582
0 -0.0055663 -0.0963325 -0.101483
0 -0.0055163 -0.0961658 -0.101187
0 -0.00548799 -0.0958398 -0.100693
0 -0.00547351 -0.095351 -0.100001
0 -0.00546492 -0.0946976 -0.0991118
0 -0.00545571 -0.0938815 -0.0980283
0 -0.0054417 -0.0929085 -0.0967586
0 -0.00542045 -0.0917879 -0.0953133
0 -0.00539004 -0.0905305 -0.0937048
0 -0.00534795 -0.0891478 -0.0919456
0 -0.0052905 -0.0876505 -0.0900482
0 -0.00521327 -0.0860491 -0.0880246
0 -0.00511227 -0.0843543 -0.0858878
0 -0.00498514 -0.0825784 -0.0836524
0 -0.00483157 -0.0807347 -0.0813348
0 -0.00465281 -0.0788374 -0.0789521
0 -0.00445052 -0.0769006 -0.0765209
0 -0.00422572 -0.0749368 -0.0740567
0 -0.00397868 -0.0729564 -0.0715745
0 -0.00370958 -0.0709679 -0.0690892
0 -0.00341942 -0.0689791 -0.0666154
0 -0.00311068 -0.0669982 -0.0641684
0 -0.00278794 -0.0650347 -0.0617638
0 -0.00245779 -0.0630988 -0.0594185
0 -0.00212789 -0.0612016 -0.0571488
0 -0.00180567 -0.0593532 -0.0549697
0 -0.00149728 -0.0575624 -0.0528937
0 -0.00120697 -0.055836 -0.0509303
0 -0.000937425 -0.0541792 -0.049086
0 -0.000690614 -0.0525966 -0.0473656
0 -0.000468464 -0.051093 -0.0457729
0 -0.00027306 -0.0496735 -0.0443104
0 -0.00010645 -0.0483437 -0.0429802
0 2.97819e-05 -0.0471085 -0.0417827
0 0.000134983 -0.0459726 -0.0407171
0 0.00020963 -0.0449394 -0.0397807
0 0.000255081 -0.0440117 -0.03897
0 0.000273144 -0.0431918 -0.0382804
0 0.000265689 -0.0424821 -0.0377076
0 0.000234316 -0.0418847 -0.0372475
0 0.000180195 -0.0414025 -0.0368968
0 0.000104262 -0.0410379 -0.0366526
0 7.6119e-06 -0.040793 -0.0365126
0 -0.000108034 -0.040669 -0.0364742
0 -0.000239797 -0.0406653 -0.0365341
0 -0.000383548 -0.0407797 -0.0366884
0 -0.000534981 -0.0410087 -0.0369335
0 -0.000691494 -0.0413489 -0.0372672
0 -0.000853203 -0.0417979 -0.0376901
0 -0.00102224 -0.0423534 -0.0382045
0 -0.00120114 -0.0430122 -0.0388128
0 -0.00139169 -0.043769 -0.0395165
0 -0.00159495 -0.0446169 -0.040316
0 -0.00181195 -0.0455482 -0.0412111
0 -0.00204416 -0.0465551 -0.0422015
0 -0.00229347 -0.0476302 -0.0432867
0 -0.00256238 -0.0487666 -0.0444663
0 -0.00285452 -0.0499591 -0.0457402
0 -0.00317468 -0.0512042 -0.0471086
0 -0.00352794 -0.0524994 -0.0485715
0 -0.00391857 -0.0538427 -0.0501276
0 -0.00434965 -0.0552317 -0.0517738
0 -0.00482325 -0.0566647 -0.0535056
0 -0.0053404 -0.0581396 -0.0553172
0 -0.00590052 -0.0596544 -0.0572011
0 -0.00650126 -0.0612063 -0.0591478
0 -0.00713894 -0.0627918 -0.0611465
0 -0.00780938 -0.0644082 -0.0631862
0 -0.0085086 -0.066053 -0.0652571
0 -0.00923342 -0.0677245 -0.0673512
0 -0.00998143 -0.0694221 -0.069462
0 -0.0107503 -0.0711463 -0.0715832
0 -0.0115374 -0.0728972 -0.0737083
0 -0.0123391 -0.0746738 -0.075831
0 -0.0131501 -0.0764731 -0.0779441
0 -0.013963 -0.0782895 -0.0800387
0 -0.0147686 -0.0801154 -0.0821056
0 -0.0155577 -0.0819423 -0.0841356
0 -0.0163213 -0.0837619 -0.0861206
0 -0.0170515 -0.0855659 -0.0880539
0 -0.0177411 -0.0873459 -0.0899297
0 -0.018383 -0.0890933 -0.0917428
0 -0.0189711 -0.0907992 -0.0934886
0 -0.0194996 -0.0924547 -0.0951631
0 -0.0199638 -0.0940511 -0.0967627
0 -0.0203594 -0.0955797 -0.0982846
0 -0.0206832 -0.0970324 -0.099726
0 -0.020933 -0.0984015 -0.101085
0 -0.0211077 -0.0996807 -0.10236
0 -0.0212079 -0.100865 -0.103549
0 -0.0212346 -0.101948 -0.104653
0 -0.0211894 -0.102928 -0.105669
0 -0.0210738 -0.103799 -0.106596
0 -0.0208897 -0.104556 -0.10743
0 -0.0206394 -0.105198 -0.108167
0 -0.0203267 -0.10572 -0.108804
0 -0.0199569 -0.106122 -0.109339
0 -0.0195368 -0.106405 -0.109771
0 -0.0190742 -0.106571 -0.110097
0 -0.0185771 -0.106623 -0.110317
0 -0.0180534 -0.106562 -0.11043
0 -0.0175112 -0.106391 -0.110433
0 -0.016958 -0.106113 -0.110324
0 -0.016401 -0.10573 -0.110101
0 -0.0158475 -0.105245 -0.109763
0 -0.0153042 -0.104662 -0.109309
0 -0.0147772 -0.103983 -0.108736
0 -0.0142714 -0.103213 -0.108046
0 -0.0137907 -0.102356 -0.107236
0 -0.0133383 -0.101416 -0.106309
0 -0.0129169 -0.100401 -0.105265
0 -0.0125298 -0.0993186 -0.10411
0 -0.0121804 -0.0981774 -0.10285
0 -0.0118717 -0.0969881 -0.101494
0 -0.0116052 -0.09576 -0.100048
0 -0.0113805 -0.0945016 -0.0985235
0 -0.011196 -0.0932209 -0.0969276
0 -0.0110489 -0.0919247 -0.0952701
0 -0.0109354 -0.0906195 -0.0935606
0 -0.0108508 -0.0893106 -0.0918091
0 -0.01079 -0.0880027 -0.0900259
0 -0.0107474 -0.0866999 -0.088222
0 -0.0107179 -0.0854064 -0.0864086
0 -0.0106963 -0.0841255 -0.0845974
0 -0.0106777 -0.0828607 -0.0827993
0 -0.0106574 -0.0816154 -0.0810245
0 -0.0106307 -0.0803921 -0.0792831
0 -0.0105937 -0.0791932 -0.0775866
0 -0.010543 -0.0780208 -0.0759462
0 -0.010476 -0.076877 -0.0743725
0 -0.0103904 -0.0757637 -0.0728746
0 -0.0102839 -0.0746826 -0.0714603
0 -0.0101544 -0.073635 -0.0701355
0 -0.00999982 -0.0726223 -0.0689043
0 -0.00981764 -0.0716449 -0.0677688
0 -0.00960538 -0.0707032 -0.066729
0 -0.00936079 -0.0697974 -0.0657834
0 -0.00908207 -0.0689278 -0.0649289
0 -0.00876808 -0.0680951 -0.0641616
0 -0.00841888 -0.0673005 -0.063477
0 -0.00803639 -0.0665466 -0.062871
0 -0.00762414 -0.0658372 -0.0623398
0 -0.00718639 -0.065176 -0.0618794
0 -0.00672724 -0.0645661 -0.0614847
0 -0.00625016 -0.0640094 -0.0611495
0 -0.00575831 -0.0635065 -0.0608668
0 -0.00525495 -0.0630571 -0.0606295
0 -0.00474381 -0.0626601 -0.0604304
0 -0.0042291 -0.0623141 -0.0602633
0 -0.00371531 -0.0620165 -0.0601222
0 -0.00320716 -0.0617644 -0.0600019
0 -0.0027098 -0.0615546 -0.059898
0 -0.00222907 -0.0613839 -0.0598076
0 -0.00177141 -0.0612495 -0.0597289
0 -0.00134335 -0.0611485 -0.059661
0 -0.000951039 -0.0610782 -0.0596035
0 -0.000600139 -0.0610354 -0.0595566
0 -0.00029581 -0.0610173 -0.0595205
0 -4.25907e-05 -0.0610212 -0.0594962
0 0.000156128 -0.0610443 -0.0594841
0 0.000298806 -0.0610832 -0.059484
0 0.000385846 -0.0611336 -0.0594945
0 0.000418953 -0.0611914 -0.0595138
0 0.000400456 -0.0612531 -0.0595401
0 0.00033316 -0.061316 -0.0595722
0 0.000220392 -0.0613784 -0.0596088
0 6.56465e-05 -0.0614396 -0.0596491
0 -0.000127935 -0.0615004 -0.0596933
0 -0.000357579 -0.0615629 -0.0597425
0 -0.000620413 -0.0616302 -0.0597982
0 -0.000913034 -0.0617053 -0.0598618
0 -0.00123142 -0.0617914 -0.0599345
0 -0.00157115 -0.0618914 -0.0600176
0 -0.00192769 -0.0620084 -0.0601122
0 -0.00229664 -0.0621455 -0.0602203
0 -0.00267385 -0.0623058 -0.0603439
0 -0.00305562 -0.0624926 -0.0604856
0 -0.00343875 -0.0627089 -0.0606487
0 -0.00382045 -0.0629577 -0.0608366
0 -0.00419821 -0.0632414 -0.0610529
0 -0.00456948 -0.0635617 -0.061301
0 -0.00493136 -0.0639191 -0.0615836
0 -0.0052807 -0.0643129 -0.0619026
0 -0.00561463 -0.0647419 -0.06226
0 -0.00593091 -0.0652045 -0.0626575
0 -0.00622798 -0.065699 -0.0630968
0 -0.00650479 -0.0662232 -0.0635795
0 -0.00676056 -0.0667747 -0.0641062
0 -0.00699474 -0.0673503 -0.064677
0 -0.00720709 -0.0679469 -0.0652915
0 -0.00739784 -0.0685609 -0.0659484
0 -0.00756767 -0.0691893 -0.0666461
0 -0.00771761 -0.0698288 -0.0673822
0 -0.00784897 -0.0704761 -0.0681537
0 -0.00796316 -0.071128 -0.0689569
0 -0.00806128 -0.0717811 -0.0697869
0 -0.00814372 -0.072431 -0.0706373
0 -0.00821059 -0.0730732 -0.0715008
0 -0.00826318 -0.0737046 -0.0723708
0 -0.00830505 -0.0743244 -0.0732428
0 -0.00834128 -0.0749338 -0.0741139
0 -0.00837694 -0.0755341 -0.0749815
0 -0.00841601 -0.0761256 -0.0758428
0 -0.00846129 -0.0767074 -0.0766936
0 -0.00851493 -0.0772783 -0.077529
0 -0.00857882 -0.0778376 -0.0783437
0 -0.00865466 -0.0783846 -0.0791328
0 -0.00874377 -0.0789187 -0.0798916
0 -0.00884704 -0.0794389 -0.0806155
0 -0.00896515 -0.0799447 -0.0813007
0 -0.00909896 -0.0804357 -0.0819446
0 -0.00924958 -0.0809122 -0.0825453
0 -0.00941806 -0.0813746 -0.0831024
0 -0.00960503 -0.0818232 -0.0836155
0 -0.0098106 -0.0822579 -0.0840849
0 -0.0100345 -0.0826786 -0.0845116
0 -0.0102761 -0.0830851 -0.084897
0 -0.0105344 -0.0834771 -0.085243
0 -0.010808 -0.0838541 -0.0855521
0 -0.0110952 -0.0842154 -0.0858268
0 -0.0113931 -0.0845598 -0.0860695
0 -0.0116984 -0.0848856 -0.0862823
0 -0.0120072 -0.0851911 -0.0864673
0 -0.0123156 -0.0854748 -0.0866268
0 -0.0126203 -0.0857358 -0.0867638
0 -0.0129189 -0.0859746 -0.086882
0 -0.01321 -0.0861929 -0.0869863
0 -0.0134927 -0.086393 -0.0870816
0 -0.0137661 -0.0865773 -0.0871726
0 -0.0140289 -0.086748 -0.0872633
0 -0.0142795 -0.086907 -0.0873566
0 -0.0145158 -0.0870556 -0.0874548
0 -0.0147352 -0.0871948 -0.0875588
0 -0.0149351 -0.087325 -0.0876692
0 -0.0151125 -0.0874461 -0.0877855
0 -0.015264 -0.0875573 -0.0879061
0 -0.0153857 -0.087657 -0.0880285
0 -0.0154726 -0.0877418 -0.088148
0 -0.0155196 -0.0878074 -0.0882591
0 -0.0155229 -0.0878504 -0.088357
0 -0.015482 -0.0878697 -0.0884392
0 -0.0153988 -0.0878662 -0.088505
0 -0.0152764 -0.0878411 -0.0885539
0 -0.0151179 -0.0877948 -0.0885851
0 -0.0149266 -0.0877278 -0.0885973
0 -0.0147063 -0.0876403 -0.0885895
0 -0.0144612 -0.0875324 -0.0885606
0 -0.014195 -0.0874038 -0.088509
0 -0.0139105 -0.0872528 -0.0884318
0 -0.0136101 -0.0870773 -0.0883259
0 -0.0132961 -0.0868749 -0.088188
0 -0.0129719 -0.0866446 -0.0880161
0 -0.0126414 -0.0863858 -0.0878088
0 -0.0123089 -0.0860987 -0.0875654
0 -0.0119781 -0.0857834 -0.0872853
0 -0.0116526 -0.0854401 -0.0869679
0 -0.0113354 -0.0850692 -0.0866127
0 -0.0110299 -0.0846716 -0.0862201
0 -0.0107392 -0.0842491 -0.0857911
0 -0.0104662 -0.0838037 -0.085327
0 -0.0102136 -0.0833378 -0.0848295
0 -0.00998313 -0.0828537 -0.0843006
0 -0.0097762 -0.0823539 -0.0837422
0 -0.00959372 -0.0818412 -0.0831568
0 -0.00943623 -0.0813185 -0.0825471
0 -0.00930377 -0.0807888 -0.0819162
0 -0.00919594 -0.0802551 -0.0812672
0 -0.00911185 -0.0797204 -0.0806038
0 -0.00905025 -0.0791877 -0.0799295
0 -0.00900951 -0.0786599 -0.0792481
0 -0.00898773 -0.0781399 -0.0785638
0 -0.00898282 -0.0776303 -0.0778806
0 -0.00899256 -0.0771338 -0.0772027
0 -0.00901466 -0.0766529 -0.0765341
0 -0.00904644 -0.0761896 -0.0758781
0 -0.00908451 -0.0757451 -0.0752377
0 -0.00912487 -0.0753201 -0.074615
0 -0.00916339 -0.0749146 -0.0740123
0 -0.00919612 -0.0745284 -0.0734323
0 -0.00921916 -0.0741605 -0.0728773
0 -0.00922854 -0.0738097 -0.0723491
0 -0.00922065 -0.0734741 -0.0718494
0 -0.0091929 -0.0731529 -0.07138
0 -0.0091441 -0.0728459 -0.0709436
0 -0.00907415 -0.0725538 -0.0705428
0 -0.00898346 -0.0722771 -0.0701801
0 -0.00887256 -0.0720164 -0.069857
0 -0.00874194 -0.0717715 -0.0695743
0 -0.00859194 -0.071542 -0.0693314
0 -0.00842297 -0.0713272 -0.0691272
0 -0.00823594 -0.0711264 -0.06896
0 -0.00803273 -0.0709397 -0.0688283
0 -0.00781617 -0.0707676 -0.0687307
0 -0.00758966 -0.0706112 -0.0686659
0 -0.0073566 -0.0704712 -0.0686319
0 -0.00711991 -0.0703476 -0.0686258
0 -0.00688194 -0.0702397 -0.068644
0 -0.00664502 -0.0701468 -0.0686825
0 -0.00641228 -0.0700688 -0.068738
0 -0.00618806 -0.0700066 -0.0688086
0 -0.00597737 -0.0699621 -0.0688931
0 -0.00578503 -0.0699366 -0.0689908
0 -0.00561493 -0.069931 -0.0691002
0 -0.00546954 -0.0699449 -0.0692192
0 -0.00535009 -0.0699767 -0.069345
0 -0.00525711 -0.0700247 -0.0694749
0 -0.00519081 -0.0700872 -0.0696062
0 -0.00515112 -0.0701624 -0.0697367
0 -0.00513758 -0.0702486 -0.0698646
0 -0.00514926 -0.0703442 -0.0699879
0 -0.00518481 -0.0704473 -0.0701049
0 -0.00524262 -0.0705562 -0.0702145
0 -0.00532107 -0.0706695 -0.0703156
0 -0.005419 -0.0707866 -0.0704086
0 -0.00553602 -0.0709081 -0.0704947
0 -0.00567203 -0.0710351 -0.0705762
0 -0.00582643 -0.0711683 -0.0706551
0 -0.00599734 -0.0713078 -0.0707325
0 -0.00618148 -0.0714522 -0.0708087
0 -0.00637474 -0.0715995 -0.0708831
0 -0.00657298 -0.0717479 -0.0709554
0 -0.00677265 -0.0718959 -0.071026
0 -0.00697139 -0.0720434 -0.0710965
0 -0.00716813 -0.0721915 -0.0711698
0 -0.00736261 -0.0723418 -0.0712494
0 -0.00755472 -0.0724963 -0.071339
0 -0.00774425 -0.0726566 -0.0714416
0 -0.00793086 -0.0728242 -0.0715602
0 -0.00811364 -0.0729997 -0.0716967
0 -0.0082906 -0.0731827 -0.0718514
0 -0.00845896 -0.0733719 -0.0720238
0 -0.00861628 -0.0735659 -0.0722127
0 -0.00876118 -0.0737644 -0.0724181
0 -0.00889328 -0.0739676 -0.07264
0 -0.00901234 -0.0741758 -0.0728783
0 -0.00911768 -0.0743885 -0.0731319
0 -0.00920802 -0.0746042 -0.0733987
0 -0.00928204 -0.0748213 -0.0736759
0 -0.0093393 -0.0750385 -0.0739613
0 -0.00938116 -0.0752562 -0.0742542
0 -0.00941063 -0.0754758 -0.0745551
0 -0.00943098 -0.0756991 -0.0748645
0 -0.00944443 -0.0759266 -0.0751819
0 -0.00945181 -0.076157 -0.0755053
0 -0.00945347 -0.0763888 -0.0758321
0 -0.00944998 -0.0766203 -0.0761601
0 -0.00944224 -0.0768503 -0.0764872
0 -0.00943103 -0.0770772 -0.0768111
0 -0.00941654 -0.0772989 -0.0771291
0 -0.00939829 -0.0775124 -0.0774376
0 -0.00937544 -0.0777147 -0.0777326
0 -0.00934717 -0.0779025 -0.0780101
0 -0.0093132 -0.0780733 -0.0782668
0 -0.00927438 -0.0782258 -0.0785004
0 -0.00923293 -0.0783602 -0.0787103
0 -0.00919187 -0.0784776 -0.0788968
0 -0.00915417 -0.0785795 -0.0790604
0 -0.00912228 -0.078667 -0.0792015
0 -0.009098 -0.0787407 -0.0793202
0 -0.00908253 -0.0788011 -0.0794163
0 -0.00907665 -0.0788484 -0.0794898
0 -0.00908086 -0.0788831 -0.0795405
0 -0.0090956 -0.0789055 -0.079569
0 -0.00912172 -0.0789171 -0.0795764
0 -0.00916095 -0.0789203 -0.0795655
0 -0.00921579 -0.0789187 -0.07954
0 -0.00928882 -0.0789163 -0.0795043
0 -0.00938222 -0.078917 -0.0794629
0 -0.00949737 -0.0789245 -0.07942
0 -0.00963449 -0.0789414 -0.079379
0 -0.00979265 -0.0789696 -0.0793427
0 -0.00997023 -0.0790105 -0.0793133
0 -0.0101653 -0.0790656 -0.0792932
0 -0.0103755 -0.0791357 -0.0792846
0 -0.0105976 -0.0792215 -0.079289
0 -0.0108277 -0.0793224 -0.0793071
0 -0.0110616 -0.0794378 -0.0793395
0 -0.0112955 -0.0795674 -0.0793871
0 -0.0115266 -0.0797113 -0.0794513
0 -0.0117528 -0.0798704 -0.0795342
0 -0.0119722 -0.0800452 -0.0796378
0 -0.0121824 -0.0802357 -0.0797634
0 -0.0123808 -0.0804408 -0.0799115
0 -0.0125649 -0.0806592 -0.0800822
0 -0.012732 -0.0808891 -0.0802752
0 -0.0128789 -0.0811273 -0.0804887
0 -0.0130009 -0.0813691 -0.0807194
0 -0.0130933 -0.0816086 -0.0809624
0 -0.0131516 -0.0818401 -0.081213
0 -0.0131737 -0.0820592 -0.0814675
0 -0.0131592 -0.0822629 -0.0817234
0 -0.0131094 -0.0824494 -0.0819791
0 -0.0130264 -0.0826172 -0.0822326
0 -0.0129127 -0.0827648 -0.0824821
0 -0.0127712 -0.0828908 -0.0827255
0 -0.0126048 -0.0829937 -0.0829597
0 -0.012416 -0.0830712 -0.0831812
0 -0.0122073 -0.0831216 -0.0833857
0 -0.0119813 -0.0831429 -0.0835689
0 -0.0117407 -0.0831339 -0.0837263
0 -0.0114884 -0.0830934 -0.0838532
0 -0.0112272 -0.0830208 -0.0839451
0 -0.01096 -0.0829155 -0.083998
0 -0.0106898 -0.0827776 -0.084008
0 -0.0104196 -0.0826072 -0.0839721
0 -0.0101529 -0.0824057 -0.0838882
0 -0.00989385 -0.082175 -0.0837554
0 -0.00964639 -0.0819176 -0.0835738
0 -0.00941414 -0.0816359 -0.0833437
0 -0.00920009 -0.0813323 -0.0830658
0 -0.00900664 -0.0810087 -0.0827413
0 -0.00883552 -0.0806673 -0.0823717
0 -0.00868759 -0.0803096 -0.0819585
0 -0.00856313 -0.079937 -0.0815038
0 -0.00846248 -0.0795515 -0.0810108
0 -0.00838644 -0.0791559 -0.0804838
0 -0.00833586 -0.0787536 -0.0799284
0 -0.00831077 -0.0783476 -0.07935
0 -0.00830961 -0.0779397 -0.0787532
0 -0.0083293 -0.0775304 -0.0781417
0 -0.0083661 -0.0771202 -0.0775192
0 -0.0084166 -0.0767099 -0.0768896
0 -0.00847813 -0.0763015 -0.0762577
0 -0.00854824 -0.0758971 -0.0756285
0 -0.00862398 -0.0754985 -0.0750059
0 -0.00870152 -0.0751065 -0.0743929
0 -0.00877662 -0.0747214 -0.0737927
0 -0.00884511 -0.0743434 -0.0732084
0 -0.00890302 -0.0739726 -0.0726432
0 -0.00894631 -0.0736084 -0.0720998
0 -0.00897077 -0.07325 -0.0715798
0 -0.00897232 -0.0728962 -0.0710843
0 -0.00894748 -0.072546 -0.0706138
0 -0.00889377 -0.0721989 -0.0701691
0 -0.00881008 -0.0718555 -0.0697514
0 -0.00869657 -0.0715169 -0.069362
0 -0.00855428 -0.0711848 -0.0690023
0 -0.00838469 -0.0708607 -0.068673
0 -0.0081897 -0.0705463 -0.0683744
0 -0.00797168 -0.0702429 -0.0681062
0 -0.00773345 -0.0699521 -0.067868
0 -0.00747815 -0.0696753 -0.0676588
0 -0.00720913 -0.0694137 -0.0674773
0 -0.00692997 -0.0691684 -0.067322
0 -0.00664446 -0.0689402 -0.0671912
0 -0.00635659 -0.0687301 -0.0670828
0 -0.00607032 -0.0685386 -0.066995
0 -0.00578956 -0.068366 -0.0669256
0 -0.00551808 -0.0682125 -0.0668724
0 -0.00525948 -0.068078 -0.0668333
0 -0.00501682 -0.067962 -0.0668059
0 -0.00479204 -0.0678627 -0.0667872
0 -0.00458597 -0.0677777 -0.0667735
0 -0.00439891 -0.067704 -0.0667611
0 -0.00423154 -0.0676393 -0.0667472
0 -0.00408563 -0.0675829 -0.0667305
0 -0.00396375 -0.0675349 -0.0667112
0 -0.00386838 -0.067496 -0.06669
0 -0.0038007 -0.067466 -0.0666667
0 -0.00376017 -0.0674435 -0.0666404
0 -0.00374493 -0.0674261 -0.0666091
0 -0.00375306 -0.0674121 -0.0665714
0 -0.00378336 -0.0674009 -0.0665275
0 -0.00383532 -0.0673928 -0.0664783
0 -0.00390832 -0.0673886 -0.0664254
0 -0.00400122 -0.0673889 -0.0663704
0 -0.00411241 -0.0673944 -0.0663148
0 -0.00424009 -0.0674054 -0.0662601
0 -0.00438234 -0.0674228 -0.0662081
0 -0.00453711 -0.0674473 -0.0661609
0 -0.00470234 -0.0674798 -0.0661205
0 -0.00487628 -0.0675215 -0.0660893
0 -0.00505796 -0.0675746 -0.0660708
0 -0.005247 -0.0676418 -0.0660688
0 -0.00544321 -0.067726 -0.0660874
0 -0.00564613 -0.0678297 -0.0661302
0 -0.00585447 -0.0679546 -0.0661999
0 -0.00606562 -0.0681009 -0.0662978
0 -0.00627592 -0.0682675 -0.0664235
0 -0.0064814 -0.0684526 -0.0665763
0 -0.00667853 -0.0686548 -0.0667552
0 -0.00686454 -0.0688729 -0.0669597
0 -0.00703791 -0.0691063 -0.0671897
0 -0.00719868 -0.0693559 -0.0674466
0 -0.00734822 -0.0696232 -0.067732
0 -0.0074884 -0.06991 -0.0680479
0 -0.00762086 -0.0702174 -0.0683955
0 -0.00774622 -0.0705452 -0.0687744
0 -0.00786399 -0.0708917 -0.0691825
0 -0.00797308 -0.0712543 -0.069617
0 -0.00807259 -0.0716301 -0.0700745
0 -0.00816205 -0.0720167 -0.0705519
0 -0.00824134 -0.0724114 -0.0710457
0 -0.00831043 -0.0728116 -0.0715525
0 -0.00836942 -0.0732146 -0.0720684
0 -0.00841867 -0.0736175 -0.0725899
0 -0.00845909 -0.0740182 -0.0731136
0 -0.00849262 -0.0744154 -0.0736372
0 -0.0085222 -0.0748087 -0.0741597
0 -0.00855125 -0.0751986 -0.0746806
0 -0.00858305 -0.0755855 -0.0751994
0 -0.00862025 -0.0759692 -0.0757152
0 -0.00866466 -0.0763487 -0.0762261
0 -0.00871721 -0.0767228 -0.0767296
0 -0.00877836 -0.0770896 -0.0772228
0 -0.00884843 -0.0774477 -0.0777026
0 -0.00892785 -0.0777961 -0.0781666
0 -0.00901725 -0.0781343 -0.0786127
0 -0.00911739 -0.0784622 -0.0790394
0 -0.00922888 -0.0787801 -0.0794456
0 -0.00935206 -0.079088 -0.07983
0 -0.00948692 -0.0793861 -0.080192
0 -0.00963311 -0.0796743 -0.0805308
0 -0.00978975 -0.0799523 -0.0808457
0 -0.00995527 -0.0802194 -0.0811357
0 -0.0101276 -0.0804744 -0.0814
0 -0.0103045 -0.0807162 -0.0816378
0 -0.0104838 -0.0809437 -0.081849
0 -0.0106636 -0.0811563 -0.0820338
0 -0.0108421 -0.0813535 -0.0821931
0 -0.0110174 -0.0815349 -0.082328
0 -0.0111878 -0.0817 -0.0824396
0 -0.0113513 -0.0818483 -0.082529
0 -0.0115059 -0.0819794 -0.0825977
0 -0.01165 -0.0820927 -0.0826471
0 -0.0117818 -0.082188 -0.0826784
0 -0.0118998 -0.0822648 -0.082693
0 -0.0120025 -0.082323 -0.0826921
0 -0.0120885 -0.0823621 -0.0826768
0 -0.0121569 -0.0823822 -0.082648
0 -0.0122067 -0.0823832 -0.0826067
0 -0.0122371 -0.082365 -0.0825534
0 -0.0122475 -0.0823277 -0.0824886
0 -0.0122371 -0.0822706 -0.0824119
0 -0.0122048 -0.082193 -0.0823225
0 -0.0121497 -0.0820939 -0.0822193
0 -0.0120711 -0.0819723 -0.082101
0 -0.0119688 -0.0818279 -0.0819665
0 -0.0118438 -0.0816606 -0.0818152
0 -0.0116975 -0.0814712 -0.081647
0 -0.0115322 -0.081261 -0.0814621
0 -0.0113502 -0.0810313 -0.0812606
0 -0.011154 -0.0807833 -0.0810425
0 -0.0109456 -0.0805178 -0.0808074
0 -0.0107267 -0.0802352 -0.0805543
0 -0.0104984 -0.0799355 -0.080282
0 -0.0102617 -0.0796184 -0.0799886
0 -0.0100173 -0.0792834 -0.0796727
0 -0.00976625 -0.0789305 -0.0793329
0 -0.00950968 -0.0785598 -0.0789684
0 -0.00924928 -0.0781718 -0.078579
0 -0.00898728 -0.0777678 -0.0781652
0 -0.00872619 -0.0773496 -0.0777283
0 -0.00846843 -0.0769187 -0.0772696
0 -0.00821623 -0.0764769 -0.0767905
0 -0.00797167 -0.0760258 -0.0762926
0 -0.00773677 -0.0755672 -0.075778
0 -0.00751334 -0.0751028 -0.0752486
0 -0.00730273 -0.0746342 -0.0747064
0 -0.00710555 -0.0741625 -0.0741529
0 -0.0069217 -0.0736882 -0.0735892
0 -0.00675089 -0.073212 -0.0730164
0 -0.00659321 -0.0727354 -0.0724364
0 -0.00644938 -0.0722607 -0.0718519
0 -0.00632024 -0.0717906 -0.0712662
0 -0.00620593 -0.0713275 -0.070682
0 -0.0061054 -0.0708727 -0.0701015
0 -0.00601678 -0.0704268 -0.0695262
0 -0.00593814 -0.0699904 -0.068958
0 -0.00586787 -0.0695642 -0.0683991
0 -0.00580463 -0.0691494 -0.0678522
0 -0.00574705 -0.0687469 -0.06732
0 -0.00569341 -0.0683574 -0.0668047
0 -0.00564156 -0.0679808 -0.0663079
0 -0.00558914 -0.0676169 -0.065831
0 -0.00553443 -0.0672659 -0.0653753
0 -0.00547767 -0.0669299 -0.0649441
0 -0.00542189 -0.0666134 -0.0645431
0 -0.00537159 -0.0663226 -0.0641789
0 -0.00533023 -0.0660624 -0.063857
0 -0.00529905 -0.0658355 -0.0635804
0 -0.00527765 -0.0656428 -0.06335
0 -0.00526486 -0.0654846 -0.0631657
0 -0.00525882 -0.0653602 -0.0630266
0 -0.00525699 -0.065268 -0.0629306
0 -0.00525682 -0.0652064 -0.0628752
0 -0.00525727 -0.0651749 -0.0628591
0 -0.00525986 -0.0651754 -0.0628835
0 -0.00526812 -0.0652116 -0.0629511
0 -0.00528602 -0.0652872 -0.0630647
0 -0.00531663 -0.0654049 -0.0632262
0 -0.00536169 -0.065566 -0.0634361
0 -0.00542205 -0.0657703 -0.0636937
0 -0.00549841 -0.0660178 -0.0639982
0 -0.00559153 -0.066308 -0.0643488
0 -0.00570174 -0.0666402 -0.0647444
0 -0.0058282 -0.067012 -0.0651824
0 -0.00596873 -0.06742 -0.065659
0 -0.00612048 -0.0678597 -0.0661699
0 -0.00628072 -0.0683267 -0.0667105
0 -0.00644723 -0.068817 -0.0672769
0 -0.00661874 -0.0693272 -0.0678659
0 -0.00679515 -0.0698553 -0.0684754
0 -0.00697738 -0.0704001 -0.0691043
0 -0.00716668 -0.0709607 -0.0697519
0 -0.00736413 -0.0715361 -0.0704172
0 -0.00757061 -0.0721252 -0.071099
0 -0.00778684 -0.0727268 -0.0717962
0 -0.00801299 -0.0733394 -0.072507
0 -0.0082482 -0.0739605 -0.0732291
0 -0.00849061 -0.074587 -0.0739591
0 -0.00873801 -0.0752156 -0.0746935
0 -0.00898853 -0.0758435 -0.0754293
0 -0.00924074 -0.0764683 -0.0761637
0 -0.00949333 -0.0770878 -0.0768943
0 -0.00974504 -0.0776998 -0.0776184
0 -0.00999475 -0.0783024 -0.0783336
0 -0.0102415 -0.0788942 -0.0790376
0 -0.0104845 -0.0794736 -0.0797281
0 -0.0107226 -0.0800394 -0.0804029
0 -0.0109547 -0.0805901 -0.0810593
0 -0.0111794 -0.081124 -0.0816948
0 -0.0113952 -0.0816395 -0.0823068
0 -0.0116007 -0.082135 -0.0828927
0 -0.0117944 -0.0826087 -0.0834503
0 -0.0119752 -0.0830592 -0.0839773
0 -0.0121418 -0.0834847 -0.0844717
0 -0.0122932 -0.0838835 -0.0849316
0 -0.0124284 -0.0842541 -0.0853555
0 -0.0125477 -0.0845958 -0.0857428
0 -0.0126522 -0.084909 -0.0860941
0 -0.0127439 -0.0851946 -0.086411
0 -0.0128249 -0.0854539 -0.0866949
0 -0.0128963 -0.0856869 -0.0869467
0 -0.0129578 -0.0858926 -0.0871658
0 -0.0130083 -0.086069 -0.0873511
0 -0.0130474 -0.0862148 -0.0875019
0 -0.0130754 -0.0863299 -0.0876185
0 -0.0130935 -0.0864146 -0.0877021
0 -0.013103 -0.0864699 -0.0877539
0 -0.0131048 -0.0864963 -0.087775
0 -0.0130998 -0.0864945 -0.0877664
0 -0.0130885 -0.0864652 -0.0877288
0 -0.0130715 -0.086409 -0.087663
0 -0.013049 -0.0863267 -0.0875696
0 -0.013021 -0.0862191 -0.0874493
0 -0.0129877 -0.0860871 -0.0873025
0 -0.0129488 -0.0859316 -0.0871298
0 -0.0129039 -0.0857532 -0.0869314
0 -0.0128514 -0.0855519 -0.0867065
0 -0.0127893 -0.0853268 -0.0864541
0 -0.0127153 -0.0850769 -0.0861726
0 -0.0126273 -0.0848016 -0.085861
0 -0.0125242 -0.0845009 -0.0855189
0 -0.0124059 -0.0841757 -0.085147
0 -0.0122729 -0.0838275 -0.084747
0 -0.0121257 -0.0834577 -0.08432
0 -0.011964 -0.0830665 -0.0838666
0 -0.0117865 -0.0826533 -0.0833862
0 -0.0115917 -0.0822169 -0.0828783
0 -0.0113794 -0.0817572 -0.0823431
0 -0.0111505 -0.0812751 -0.0817822
0 -0.0109073 -0.0807728 -0.0811983
0 -0.0106519 -0.0802522 -0.080594
0 -0.0103853 -0.079714 -0.0799709
0 -0.0101074 -0.0791581 -0.079329
0 -0.00981774 -0.0785836 -0.0786682
0 -0.00951637 -0.0779904 -0.0779888
0 -0.00920414 -0.0773792 -0.0772918
0 -0.00888276 -0.0767513 -0.0765788
0 -0.00855446 -0.0761088 -0.0758519
0 -0.00822166 -0.0754538 -0.0751133
0 -0.00788664 -0.0747881 -0.0743649
0 -0.00755146 -0.0741136 -0.0736084
0 -0.00721798 -0.0734319 -0.0728455
0 -0.00688793 -0.0727447 -0.0720774
0 -0.0065631 -0.0720541 -0.0713061
0 -0.0062455 -0.0713624 -0.0705335
0 -0.00593717 -0.0706722 -0.0697621
0 -0.00564009 -0.0699863 -0.0689941
0 -0.00535597 -0.0693072 -0.0682321
0 -0.00508637 -0.0686378 -0.0674785
0 -0.00483262 -0.0679806 -0.0667358
0 -0.00459591 -0.0673382 -0.0660064
0 -0.0043772 -0.0667132 -0.065293
0 -0.00417725 -0.0661081 -0.064598
0 -0.00399662 -0.0655254 -0.0639239
0 -0.00383573 -0.0649672 -0.0632735
0 -0.00369486 -0.064436 -0.0626492
0 -0.00357409 -0.0639338 -0.0620536
0 -0.00347331 -0.0634626 -0.0614893
0 -0.00339215 -0.0630242 -0.0609585
0 -0.00333013 -0.0626201 -0.0604637
0 -0.00328666 -0.062252 -0.0600069
0 -0.00326097 -0.061921 -0.0595904
0 -0.00325176 -0.061628 -0.0592158
0 -0.00325708 -0.0613728 -0.0588837
0 -0.00327442 -0.0611549 -0.0585945
0 -0.00330125 -0.0609734 -0.0583481
0 -0.00333522 -0.0608276 -0.0581446
0 -0.00337431 -0.0607168 -0.057984
0 -0.00341677 -0.0606404 -0.0578663
0 -0.00346105 -0.060598 -0.0577915
0 -0.00350572 -0.0605888 -0.0577593
0 -0.00354927 -0.0606118 -0.0577691
0 -0.00358986 -0.0606654 -0.0578194
0 -0.00362542 -0.0607474 -0.0579082
0 -0.00365422 -0.0608554 -0.0580331
0 -0.00367554 -0.0609877 -0.0581924
0 -0.00369007 -0.0611434 -0.0583854
0 -0.00369949 -0.0613226 -0.0586117
0 -0.00370567 -0.0615249 -0.058871
0 -0.00371018 -0.0617495 -0.0591619
0 -0.00371441 -0.0619953 -0.059483
0 -0.0037198 -0.062261 -0.0598323
0 -0.00372806 -0.0625454 -0.060208
0 -0.00374094 -0.0628474 -0.060608
0 -0.00376024 -0.063166 -0.0610304
0 -0.00378794 -0.0635003 -0.0614733
0 -0.00382647 -0.06385 -0.0619352
0 -0.00387872 -0.0642155 -0.0624151
0 -0.00394765 -0.0645975 -0.0629124
0 -0.0040359 -0.0649964 -0.0634264
0 -0.0041455 -0.0654126 -0.063956
0 -0.00427761 -0.0658458 -0.0644995
0 -0.0044325 -0.066295 -0.065055
0 -0.00460982 -0.0667591 -0.0656201
0 -0.00480892 -0.0672369 -0.0661929
0 -0.00502892 -0.0677273 -0.0667714
0 -0.0052688 -0.0682291 -0.0673542
0 -0.0055275 -0.0687417 -0.06794
0 -0.00580415 -0.0692645 -0.0685284
0 -0.00609793 -0.0697974 -0.0691193
0 -0.00640791 -0.0703405 -0.0697129
0 -0.00673293 -0.0708935 -0.0703094
0 -0.00707148 -0.0714563 -0.0709092
0 -0.00742163 -0.0720282 -0.0715122
0 -0.00778087 -0.0726082 -0.0721181
0 -0.00814626 -0.0731948 -0.0727262
0 -0.00851475 -0.0737864 -0.0733357
0 -0.00888341 -0.0743814 -0.0739461
0 -0.00924942 -0.0749783 -0.0745568
0 -0.00961004 -0.0755753 -0.0751671
0 -0.00996256 -0.0761708 -0.0757765
0 -0.0103043 -0.0767629 -0.0763844
0 -0.0106328 -0.0773497 -0.0769901
0 -0.0109457 -0.077929 -0.0775927
0 -0.0112408 -0.0784992 -0.0781916
0 -0.0115168 -0.0790585 -0.0787864
0 -0.0117731 -0.079606 -0.079377
0 -0.0120098 -0.0801414 -0.079964
0 -0.0122276 -0.0806646 -0.0805478
0 -0.0124271 -0.0811753 -0.0811284
0 -0.012608 -0.0816721 -0.0817045
0 -0.0127697 -0.0821532 -0.0822743
0 -0.0129114 -0.0826166 -0.082835
0 -0.0130328 -0.0830604 -0.0833842
0 -0.0131345 -0.0834837 -0.0839197
0 -0.0132179 -0.0838865 -0.0844401
0 -0.0132854 -0.0842693 -0.0849445
0 -0.0133394 -0.0846331 -0.0854321
0 -0.0133827 -0.0849789 -0.0859019
0 -0.0134174 -0.0853072 -0.0863526
0 -0.0134456 -0.0856185 -0.0867828
0 -0.0134686 -0.0859127 -0.0871905
0 -0.0134875 -0.0861893 -0.0875736
0 -0.0135031 -0.0864476 -0.0879298
0 -0.0135162 -0.0866871 -0.0882573
0 -0.0135278 -0.0869074 -0.0885547
0 -0.013539 -0.0871085 -0.0888209
0 -0.0135513 -0.0872908 -0.0890559
0 -0.0135666 -0.087455 -0.08926
0 -0.0135863 -0.0876017 -0.0894339
0 -0.0136118 -0.0877316 -0.0895783
0 -0.013644 -0.0878452 -0.0896943
0 -0.0136833 -0.0879424 -0.0897824
0 -0.0137288 -0.0880223 -0.0898426
0 -0.0137787 -0.0880833 -0.0898742
0 -0.0138307 -0.0881231 -0.0898765
0 -0.0138824 -0.0881402 -0.0898486
0 -0.0139318 -0.0881331 -0.0897906
0 -0.0139774 -0.0881013 -0.089703
0 -0.0140182 -0.0880452 -0.0895874
0 -0.0140536 -0.0879654 -0.0894456
0 -0.0140832 -0.0878629 -0.0892793
0 -0.0141059 -0.0877383 -0.0890903
0 -0.0141205 -0.0875923 -0.0888799
0 -0.0141254 -0.0874247 -0.0886485
0 -0.0141182 -0.0872353 -0.0883966
0 -0.0140969 -0.0870237 -0.0881241
0 -0.0140595 -0.0867896 -0.087831
0 -0.0140045 -0.0865333 -0.0875178
0 -0.0139311 -0.0862553 -0.0871851
0 -0.0138392 -0.085957 -0.0868342
0 -0.0137292 -0.0856395 -0.0864664
0 -0.0136014 -0.0853045 -0.086083
0 -0.0134565 -0.0849531 -0.0856852
0 -0.0132954 -0.0845866 -0.085274
0 -0.0131189 -0.0842066 -0.0848507
0 -0.0129284 -0.0838142 -0.0844163
0 -0.0127253 -0.0834108 -0.0839718
0 -0.012511 -0.0829978 -0.0835185
0 -0.0122872 -0.0825764 -0.0830571
0 -0.0120554 -0.0821476 -0.0825888
0 -0.0118168 -0.0817123 -0.0821137
0 -0.0115719 -0.0812702 -0.0816316
0 -0.0113205 -0.0808206 -0.0811416
0 -0.0110624 -0.0803626 -0.0806424
0 -0.0107979 -0.0798957 -0.0801334
0 -0.0105277 -0.0794199 -0.0796145
0 -0.0102534 -0.078936 -0.0790862
0 -0.00997652 -0.0784449 -0.0785495
0 -0.00969875 -0.0779477 -0.0780051
0 -0.00942152 -0.0774454 -0.0774538
0 -0.00914623 -0.0769387 -0.0768966
0 -0.00887436 -0.0764289 -0.0763343
0 -0.00860764 -0.0759174 -0.0757682
0 -0.00834802 -0.075406 -0.0752
0 -0.00809744 -0.0748964 -0.0746314
0 -0.00785722 -0.0743899 -0.0740635
0 -0.0076277 -0.0738872 -0.0734967
0 -0.00740851 -0.0733881 -0.0729309
0 -0.007199 -0.0728926 -0.0723659
0 -0.00699865 -0.0724008 -0.0718016
0 -0.00680754 -0.0719137 -0.071239
0 -0.00662678 -0.0714333 -0.0706802
0 -0.0064582 -0.0709627 -0.0701284
0 -0.00630347 -0.0705047 -0.0695866
0 -0.00616338 -0.0700614 -0.0690575
0 -0.00603801 -0.0696343 -0.0685431
0 -0.00592718 -0.0692247 -0.0680453
0 -0.00583062 -0.0688339 -0.0675662
0 -0.00574758 -0.0684628 -0.0671073
0 -0.0056766 -0.0681114 -0.0666697
0 -0.00561575 -0.0677795 -0.066254
0 -0.00556304 -0.0674667 -0.0658607
0 -0.00551667 -0.0671726 -0.0654902
0 -0.005475 -0.0668973 -0.0651432
0 -0.00543659 -0.0666405 -0.0648203
0 -0.0054003 -0.0664024 -0.0645222
0 -0.0053652 -0.0661832 -0.0642497
0 -0.00533053 -0.0659832 -0.0640034
0 -0.00529562 -0.0658024 -0.0637837
0 -0.00525985 -0.065641 -0.063591
0 -0.0052227 -0.0654989 -0.0634252
0 -0.00518369 -0.0653761 -0.0632862
0 -0.00514248 -0.0652722 -0.0631738
0 -0.00509888 -0.0651871 -0.0630873
0 -0.00505284 -0.0651205 -0.0630263
0 -0.00500446 -0.0650722 -0.0629901
0 -0.00495399 -0.0650416 -0.0629777
0 -0.00490184 -0.0650285 -0.0629884
0 -0.00484857 -0.0650322 -0.063021
0 -0.00479493 -0.0650522 -0.0630746
0 -0.00474206 -0.0650883 -0.0631484
0 -0.00469164 -0.0651404 -0.0632418
0 -0.00464586 -0.0652092 -0.063355
0 -0.00460691 -0.065295 -0.063488
0 -0.00457643 -0.0653979 -0.06364
0 -0.00455523 -0.065517 -0.0638097
0 -0.00454362 -0.0656508 -0.0639953
0 -0.00454175 -0.065798 -0.0641949
0 -0.00454983 -0.0659573 -0.0644066
0 -0.00456798 -0.0661275 -0.0646287
0 -0.00459617 -0.0663071 -0.0648595
0 -0.00463422 -0.066495 -0.0650972
0 -0.00468196 -0.0666899 -0.0653402
0 -0.00473966 -0.0668911 -0.0655875
0 -0.00480821 -0.067099 -0.0658391
0 -0.00488891 -0.0673142 -0.0660954
0 -0.004983 -0.0675376 -0.066357
0 -0.00509141 -0.06777 -0.0666246
0 -0.00521481 -0.0680123 -0.0668988
0 -0.00535362 -0.068265 -0.0671803
0 -0.00550804 -0.0685288 -0.0674697
0 -0.00567795 -0.0688044 -0.0677676
0 -0.00586294 -0.0690923 -0.0680746
0 -0.0060624 -0.0693928 -0.0683913
0 -0.00627561 -0.0697064 -0.0687185
0 -0.00650167 -0.0700336 -0.0690569
0 -0.00673946 -0.0703746 -0.069407
0 -0.00698729 -0.0707292 -0.0697691
0 -0.00724298 -0.0710965 -0.0701429
0 -0.00750399 -0.0714756 -0.0705278
0 -0.00776785 -0.0718652 -0.0709234
0 -0.00803222 -0.0722642 -0.0713291
0 -0.00829492 -0.0726715 -0.0717444
0 -0.00855388 -0.0730858 -0.0721689
0 -0.00880712 -0.0735059 -0.0726019
0 -0.0090529 -0.0739303 -0.0730428
0 -0.00928973 -0.074358 -0.073491
0 -0.00951649 -0.0747878 -0.0739462
0 -0.00973229 -0.0752186 -0.0744079
0 -0.00993647 -0.0756496 -0.0748756
0 -0.0101285 -0.0760796 -0.0753488
0 -0.0103083 -0.0765079 -0.075827
0 -0.0104759 -0.0769337 -0.0763099
0 -0.0106321 -0.0773567 -0.0767974
0 -0.010778 -0.0777767 -0.0772894
0 -0.0109148 -0.0781935 -0.0777858
0 -0.0110432 -0.0786067 -0.078286
0 -0.011164 -0.0790152 -0.0787886
0 -0.0112774 -0.0794179 -0.079292
0 -0.0113837 -0.0798136 -0.0797943
0 -0.0114833 -0.080201 -0.0802933
0 -0.0115767 -0.0805794 -0.0807868
0 -0.0116643 -0.0809478 -0.0812727
0 -0.0117467 -0.0813054 -0.0817484
0 -0.0118243 -0.0816514 -0.0822115
0 -0.0118975 -0.0819852 -0.0826596
0 -0.0119667 -0.0823061 -0.0830903
0 -0.0120325 -0.0826135 -0.0835014
0 -0.0120954 -0.082907 -0.083891
0 -0.0121561 -0.0831862 -0.0842575
0 -0.0122155 -0.083451 -0.0845999
0 -0.0122744 -0.0837014 -0.0849173
0 -0.0123334 -0.0839372 -0.0852088
0 -0.0123931 -0.084158 -0.085474
0 -0.0124534 -0.0843632 -0.0857121
0 -0.0125138 -0.0845516 -0.0859221
0 -0.0125735 -0.0847219 -0.0861031
0 -0.0126315 -0.0848725 -0.0862543
0 -0.0126871 -0.0850025 -0.0863756
0 -0.01274 -0.0851112 -0.0864672
0 -0.0127902 -0.0851985 -0.0865301
0 -0.0128378 -0.0852644 -0.0865655
0 -0.0128827 -0.085309 -0.0865746
0 -0.0129249 -0.0853325 -0.0865588
0 -0.0129641 -0.0853349 -0.0865193
0 -0.0129998 -0.0853167 -0.0864575
0 -0.0130318 -0.0852782 -0.0863746
0 -0.0130589 -0.0852195 -0.0862715
0 -0.0130798 -0.0851403 -0.0861485
0 -0.0130923 -0.0850398 -0.0860053
0 -0.0130945 -0.0849174 -0.0858415
0 -0.0130843 -0.0847724 -0.0856567
0 -0.01306 -0.0846044 -0.0854505
0 -0.01302 -0.0844132 -0.0852227
0 -0.012963 -0.0841987 -0.0849729
0 -0.012888 -0.083961 -0.0847012
0 -0.0127943 -0.0837004 -0.0844075
0 -0.0126814 -0.0834172 -0.0840916
0 -0.0125491 -0.0831116 -0.0837536
0 -0.012397 -0.0827838 -0.0833933
0 -0.0122256 -0.0824343 -0.0830107
0 -0.0120351 -0.0820634 -0.0826059
0 -0.0118265 -0.0816719 -0.0821792
0 -0.0116007 -0.0812601 -0.0817309
0 -0.0113589 -0.0808288 -0.0812614
0 -0.0111023 -0.0803785 -0.080771
0 -0.0108322 -0.0799097 -0.0802602
0 -0.0105503 -0.0794231 -0.0797294
0 -0.0102583 -0.0789197 -0.0791796
0 -0.00995822 -0.0784007 -0.0786119
0 -0.00965227 -0.0778674 -0.0780275
0 -0.00934247 -0.0773211 -0.0774278
0 -0.00903078 -0.0767631 -0.076814
0 -0.00871911 -0.0761949 -0.0761873
0 -0.00840932 -0.0756178 -0.0755492
0 -0.00810327 -0.0750332 -0.074901
0 -0.00780272 -0.0744427 -0.0742441
0 -0.00750939 -0.0738479 -0.0735798
0 -0.00722482 -0.0732501 -0.0729096
0 -0.00695044 -0.0726512 -0.0722348
0 -0.00668742 -0.0720528 -0.0715568
0 -0.00643676 -0.0714566 -0.0708773
0 -0.00619922 -0.0708645 -0.0701978
0 -0.00597533 -0.0702782 -0.0695199
0 -0.00576543 -0.0696995 -0.0688456
0 -0.00556967 -0.0691302 -0.0681766
0 -0.00538803 -0.0685719 -0.0675152
0 -0.00522031 -0.0680263 -0.0668633
0 -0.00506601 -0.0674945 -0.0662231
0 -0.0049243 -0.0669777 -0.0655964
0 -0.00479408 -0.0664767 -0.0649851
0 -0.00467417 -0.0659921 -0.0643906
0 -0.00456336 -0.0655246 -0.0638149
0 -0.00446051 -0.0650749 -0.0632597
0 -0.00436445 -0.0646435 -0.0627264
0 -0.00427411 -0.064231 -0.0622169
0 -0.00418867 -0.0638383 -0.0617327
0 -0.00410777 -0.0634663 -0.0612758
0 -0.0040314 -0.0631166 -0.0608483
0 -0.00395968 -0.0627904 -0.0604523
0 -0.00389268 -0.0624891 -0.0600895
0 -0.00383007 -0.0622133 -0.059761
0 -0.00377082 -0.0619631 -0.0594669
0 -0.00371331 -0.0617375 -0.0592064
0 -0.00365575 -0.0615354 -0.0589783
0 -0.00359654 -0.0613558 -0.0587813
0 -0.00353444 -0.0611977 -0.0586142
0 -0.00346864 -0.0610602 -0.0584756
0 -0.0033991 -0.0609432 -0.0583648
0 -0.00332668 -0.0608472 -0.0582818
0 -0.00325284 -0.0607729 -0.0582268
0 -0.00317929 -0.0607214 -0.0581999
0 -0.00310772 -0.0606932 -0.0582013
0 -0.00303993 -0.0606889 -0.0582306
0 -0.00297781 -0.0607087 -0.0582879
0 -0.00292336 -0.0607532 -0.058373
0 -0.00287859 -0.0608226 -0.0584858
0 -0.00284544 -0.0609172 -0.058626
0 -0.0028258 -0.0610372 -0.0587933
0 -0.00282146 -0.0611825 -0.0589876
0 -0.00283409 -0.0613534 -0.0592084
0 -0.00286519 -0.0615498 -0.0594555
0 -0.00291599 -0.0617716 -0.0597285
0 -0.00298739 -0.0620186 -0.0600268
0 -0.00307999 -0.0622903 -0.0603498
0 -0.00319416 -0.0625864 -0.0606968
0 -0.00333006 -0.0629065 -0.0610674
0 -0.0034876 -0.0632503 -0.0614608
0 -0.0036665 -0.0636173 -0.0618766
0 -0.00386621 -0.0640071 -0.0623142
0 -0.00408599 -0.0644193 -0.0627731
0 -0.0043249 -0.0648535 -0.0632529
0 -0.00458183 -0.0653091 -0.0637529
0 -0.00485548 -0.0657856 -0.0642729
0 -0.00514441 -0.0662825 -0.0648123
0 -0.00544688 -0.066799 -0.0653706
0 -0.00576083 -0.0673339 -0.0659469
0 -0.00608395 -0.0678861 -0.0665403
0 -0.00641382 -0.0684541 -0.0671495
0 -0.00674813 -0.0690363 -0.0677736
0 -0.00708465 -0.0696314 -0.0684115
0 -0.0074212 -0.0702377 -0.0690622
0 -0.00775562 -0.0708535 -0.0697244
0 -0.00808572 -0.0714768 -0.0703968
0 -0.00840939 -0.0721056 -0.0710776
0 -0.00872471 -0.0727377 -0.0717653
0 -0.00902997 -0.073371 -0.0724582
0 -0.00932363 -0.0740034 -0.0731546
0 -0.00960433 -0.0746328 -0.0738529
0 -0.00987101 -0.0752573 -0.0745515
0 -0.0101231 -0.0758753 -0.0752493
0 -0.0103607 -0.0764856 -0.0759453
0 -0.0105841 -0.077087 -0.0766388
0 -0.010794 -0.0776786 -0.0773291
0 -0.0109909 -0.0782594 -0.0780152
0 -0.0111756 -0.0788282 -0.0786958
0 -0.011349 -0.0793842 -0.0793697
0 -0.0115121 -0.0799267 -0.0800354
0 -0.0116658 -0.080455 -0.0806913
0 -0.0118112 -0.0809687 -0.0813357
0 -0.0119496 -0.0814674 -0.0819669
0 -0.0120822 -0.0819513 -0.082583
0 -0.0122104 -0.0824204 -0.0831825
0 -0.0123354 -0.0828749 -0.0837638
0 -0.0124583 -0.0833149 -0.0843254
0 -0.0125803 -0.0837407 -0.0848658
0 -0.0127022 -0.0841524 -0.0853837
0 -0.012825 -0.08455 -0.085878
0 -0.0129493 -0.0849338 -0.0863478
0 -0.0130756 -0.0853036 -0.0867922
0 -0.0132042 -0.0856592 -0.0872105
0 -0.0133351 -0.0860004 -0.0876023
0 -0.0134682 -0.0863268 -0.0879671
0 -0.0136033 -0.0866381 -0.088305
0 -0.0137401 -0.0869338 -0.088616
0 -0.013878 -0.0872135 -0.0889004
0 -0.0140162 -0.0874762 -0.0891584
0 -0.0141536 -0.0877213 -0.0893903
0 -0.014289 -0.0879477 -0.0895964
0 -0.0144211 -0.0881544 -0.0897771
0 -0.0145487 -0.0883406 -0.0899329
0 -0.0146704 -0.0885056 -0.0900644
0 -0.0147848 -0.0886484 -0.0901722
0 -0.0148908 -0.0887686 -0.090257
0 -0.0149869 -0.0888653 -0.0903191
0 -0.0150719 -0.0889383 -0.0903592
0 -0.0151447 -0.088987 -0.0903777
0 -0.015204 -0.0890113 -0.0903749
0 -0.0152488 -0.0890109 -0.0903512
0 -0.015278 -0.088986 -0.0903066
0 -0.015291 -0.0889365 -0.0902413
0 -0.0152867 -0.0888625 -0.0901551
0 -0.0152646 -0.0887641 -0.0900479
0 -0.0152241 -0.0886414 -0.0899192
0 -0.0151647 -0.0884946 -0.0897686
0 -0.0150862 -0.0883238 -0.0895955
0 -0.0149885 -0.0881292 -0.0893996
0 -0.0148719 -0.0879113 -0.0891804
0 -0.0147366 -0.0876702 -0.0889372
0 -0.0145833 -0.0874063 -0.0886698
0 -0.0144125 -0.0871199 -0.0883776
0 -0.0142253 -0.0868114 -0.0880605
0 -0.0140228 -0.0864813 -0.0877182
0 -0.0138063 -0.0861301 -0.0873508
0 -0.0135773 -0.0857583 -0.0869584
0 -0.0133372 -0.0853664 -0.0865411
0 -0.0130877 -0.084955 -0.0860992
0 -0.0128302 -0.0845246 -0.0856331
0 -0.0125664 -0.0840758 -0.0851433
0 -0.0122977 -0.0836091 -0.0846303
0 -0.0120256 -0.0831253 -0.0840949
0 -0.0117515 -0.0826248 -0.0835378
0 -0.0114766 -0.0821086 -0.0829598
0 -0.0112021 -0.0815772 -0.082362
0 -0.010929 -0.0810316 -0.0817453
0 -0.010658 -0.0804726 -0.0811108
0 -0.0103896 -0.0799007 -0.0804594
0 -0.0101241 -0.0793168 -0.0797922
0 -0.00986148 -0.0787216 -0.07911
0 -0.00960159 -0.0781158 -0.078414
0 -0.00934412 -0.0775001 -0.077705
0 -0.00908853 -0.0768752 -0.0769838
0 -0.00883411 -0.0762415 -0.0762513
0 -0.00858021 -0.0755999 -0.075508
0 -0.0083264 -0.0749511 -0.074755
0 -0.00807269 -0.0742964 -0.0739936
0 -0.00781945 -0.0736373 -0.0732254
0 -0.00756727 -0.0729757 -0.0724522
0 -0.00731663 -0.0723133 -0.0716762
0 -0.00706791 -0.0716519 -0.0708992
0 -0.00682141 -0.0709931 -0.0701233
0 -0.00657724 -0.0703382 -0.0693506
0 -0.00633533 -0.0696884 -0.0685828
0 -0.00609536 -0.0690443 -0.0678216
0 -0.00585704 -0.0684066 -0.0670686
0 -0.00562014 -0.0677761 -0.0663255
0 -0.00538464 -0.0671534 -0.065594
0 -0.00515081 -0.0665397 -0.0648761
0 -0.00491925 -0.0659362 -0.0641738
0 -0.00469074 -0.0653445 -0.0634892
0 -0.00446613 -0.0647659 -0.0628245
0 -0.00424625 -0.064202 -0.0621814
0 -0.00403188 -0.0636543 -0.0615614
0 -0.00382385 -0.0631241 -0.0609662
0 -0.00362291 -0.0626129 -0.060397
0 -0.00342967 -0.0621218 -0.0598547
0 -0.00324451 -0.0616518 -0.05934
0 -0.00306769 -0.061204 -0.0588533
0 -0.00289945 -0.0607789 -0.0583948
0 -0.00274008 -0.0603776 -0.0579649
0 -0.00258991 -0.0600008 -0.0575636
0 -0.00244931 -0.0596494 -0.0571912
0 -0.00231875 -0.0593244 -0.056848
0 -0.00219894 -0.0590267 -0.0565343
0 -0.00209066 -0.0587575 -0.0562508
0 -0.00199472 -0.0585179 -0.0559981
0 -0.00191177 -0.0583088 -0.0557765
0 -0.00184242 -0.0581309 -0.0555867
0 -0.00178714 -0.057985 -0.0554291
0 -0.0017463 -0.0578715 -0.055304
0 -0.00172012 -0.0577907 -0.0552118
0 -0.00170871 -0.0577428 -0.0551527
0 -0.00171208 -0.0577277 -0.055127
0 -0.00173019 -0.0577456 -0.0551351
0 -0.00176297 -0.0577963 -0.0551772
0 -0.00181039 -0.0578797 -0.0552537
0 -0.00187245 -0.0579956 -0.055365
0 -0.00194913 -0.0581437 -0.0555115
0 -0.00204031 -0.0583236 -0.0556934
0 -0.00214581 -0.0585348 -0.0559109
0 -0.00226535 -0.0587768 -0.0561641
0 -0.0023986 -0.0590488 -0.0564528
0 -0.00254513 -0.0593502 -0.0567768
0 -0.00270445 -0.05968 -0.0571357
0 -0.002876 -0.0600375 -0.057529
0 -0.00305918 -0.0604216 -0.0579559
0 -0.00325336 -0.0608314 -0.0584155
0 -0.0034578 -0.061266 -0.0589068
0 -0.00367174 -0.0617242 -0.0594285
0 -0.00389436 -0.0622049 -0.0599792
0 -0.00412486 -0.0627069 -0.0605573
0 -0.00436245 -0.0632292 -0.0611612
0 -0.00460639 -0.0637705 -0.0617893
0 -0.00485594 -0.0643298 -0.0624397
0 -0.00511042 -0.0649058 -0.0631107
0 -0.00536915 -0.0654974 -0.0638002
0 -0.00563153 -0.0661033 -0.0645065
0 -0.00589699 -0.0667222 -0.0652274
0 -0.00616499 -0.067353 -0.0659612
0 -0.00643505 -0.0679943 -0.0667058
0 -0.00670673 -0.0686447 -0.0674593
0 -0.00697963 -0.0693028 -0.06822
0 -0.00725341 -0.0699671 -0.068986
0 -0.00752775 -0.0706361 -0.0697557
0 -0.00780236 -0.0713083 -0.0705275
0 -0.00807693 -0.0719822 -0.0713001
0 -0.00835113 -0.0726563 -0.072072
0 -0.00862463 -0.0733292 -0.072842
0 -0.00889709 -0.0739993 -0.0736088
0 -0.0091682 -0.0746654 -0.0743712
0 -0.00943765 -0.075326 -0.075128
0 -0.00970515 -0.0759796 -0.0758778
0 -0.00997036 -0.0766251 -0.0766194
0 -0.0102329 -0.0772611 -0.0773513
0 -0.0104925 -0.0778865 -0.0780723
0 -0.0107485 -0.0785002 -0.0787807
0 -0.0110005 -0.0791011 -0.0794753
0 -0.011248 -0.0796884 -0.0801546
0 -0.0114903 -0.0802611 -0.0808172
0 -0.0117269 -0.0808184 -0.0814617
0 -0.0119571 -0.0813597 -0.0820868
0 -0.0121804 -0.081884 -0.0826912
0 -0.0123962 -0.0823907 -0.0832739
0 -0.0126039 -0.082879 -0.0838336
0 -0.0128029 -0.0833483 -0.0843694
0 -0.0129927 -0.0837979 -0.0848805
0 -0.0131728 -0.084227 -0.0853659
0 -0.0133427 -0.0846351 -0.0858251
0 -0.0135022 -0.0850213 -0.0862573
0 -0.0136507 -0.0853851 -0.0866621
0 -0.013788 -0.0857259 -0.0870391
0 -0.0139139 -0.0860429 -0.0873878
0 -0.0140282 -0.0863356 -0.087708
0 -0.0141306 -0.0866034 -0.0879995
0 -0.0142211 -0.0868459 -0.0882621
0 -0.0142997 -0.0870624 -0.0884958
0 -0.0143664 -0.0872526 -0.0887004
0 -0.0144211 -0.087416 -0.088876
0 -0.0144641 -0.0875524 -0.0890225
0 -0.0144953 -0.0876615 -0.08914
0 -0.0145151 -0.087743 -0.0892285
0 -0.0145235 -0.0877968 -0.089288
0 -0.0145208 -0.087823 -0.0893185
0 -0.0145072 -0.0878215 -0.0893201
0 -0.014483 -0.0877924 -0.0892929
0 -0.0144485 -0.0877359 -0.0892369
0 -0.0144039 -0.0876524 -0.0891521
0 -0.0143495 -0.0875422 -0.0890386
0 -0.0142855 -0.0874058 -0.0888965
0 -0.0142121 -0.0872438 -0.088726
0 -0.0141295 -0.0870568 -0.0885272
0 -0.0140379 -0.0868455 -0.0883003
0 -0.0139376 -0.0866107 -0.0880456
0 -0.0138288 -0.0863531 -0.0877636
0 -0.0137115 -0.0860736 -0.0874545
0 -0.0135861 -0.085773 -0.087119
0 -0.0134527 -0.0854521 -0.0867577
0 -0.0133115 -0.0851119 -0.0863714
0 -0.0131628 -0.0847531 -0.0859608
0 -0.0130068 -0.0843767 -0.0855269
0 -0.0128437 -0.0839835 -0.0850707
0 -0.0126738 -0.0835744 -0.0845934
0 -0.0124973 -0.0831502 -0.0840961
0 -0.0123146 -0.0827117 -0.0835803
0 -0.0121259 -0.0822598 -0.0830472
0 -0.0119315 -0.0817953 -0.0824984
0 -0.0117319 -0.081319 -0.0819352
0 -0.0115272 -0.0808318 -0.0813591
0 -0.0113179 -0.0803346 -0.0807718
0 -0.0111042 -0.0798282 -0.0801746
0 -0.0108867 -0.0793135 -0.0795691
0 -0.0106655 -0.0787914 -0.0789567
0 -0.010441 -0.078263 -0.0783387
0 -0.0102137 -0.0777293 -0.0777166
0 -0.00998393 -0.0771914 -0.0770916
