0 -0.00951624 -0.0761053 -0.0758357
0 -0.00903667 -0.0750079 -0.0745746
0 -0.00854907 -0.0739072 -0.0733164
0 -0.00806058 -0.0728136 -0.0720716
0 -0.00757604 -0.0717347 -0.0708482
0 -0.00710016 -0.0706777 -0.0696541
0 -0.00663895 -0.0696511 -0.0684984
0 -0.00619579 -0.0686603 -0.0673871
0 -0.00577232 -0.0677091 -0.0663241
0 -0.0053743 -0.0668055 -0.0653172
0 -0.00500906 -0.065959 -0.0643755
0 -0.00467721 -0.0651732 -0.0635018
0 -0.00437574 -0.0644479 -0.0626951
0 -0.00410969 -0.063791 -0.0619625
0 -0.00389079 -0.0632176 -0.0613184
0 -0.00372608 -0.0627382 -0.0607735
0 -0.00361509 -0.0623565 -0.0603317
0 -0.0035551 -0.0620744 -0.0599957
0 -0.00353995 -0.0618901 -0.0597652
0 -0.00355442 -0.0617926 -0.0596306
0 -0.00358622 -0.0617725 -0.0595846
0 -0.00363791 -0.0618341 -0.0596333
0 -0.00370782 -0.0619756 -0.0597769
0 -0.00378143 -0.0621802 -0.0600006
0 -0.00385282 -0.0624374 -0.0602953
0 -0.00392889 -0.0627474 -0.0606621
0 -0.00402013 -0.0631129 -0.0611032
0 -0.00414446 -0.0635438 -0.0616271
0 -0.00432222 -0.0640536 -0.0622441
0 -0.00456017 -0.064644 -0.062952
0 -0.00485211 -0.0653059 -0.0637371
0 -0.00519254 -0.0660327 -0.0645878
0 -0.00558422 -0.0668273 -0.0655029
0 -0.00602669 -0.0676907 -0.0664801
0 -0.00650077 -0.0686057 -0.0675008
0 -0.00698441 -0.0695514 -0.0685443
0 -0.00746688 -0.070517 -0.069602
0 -0.00793254 -0.0714852 -0.0706596
0 -0.00836977 -0.0724408 -0.0717061
0 -0.00879434 -0.0733947 -0.0727568
0 -0.0092205 -0.0743561 -0.0738246
0 -0.00962457 -0.0752961 -0.0748839
0 -0.00996505 -0.0761669 -0.0758888
0 -0.0102239 -0.0769421 -0.0768133
0 -0.0104209 -0.0776319 -0.0776655
0 -0.0105902 -0.0782608 -0.0784652
0 -0.0107547 -0.0788442 -0.0792203
0 -0.0109389 -0.0794016 -0.0799408
0 -0.0111859 -0.0799753 -0.0806593
0 -0.0115314 -0.080605 -0.0814069
0 -0.011976 -0.0813005 -0.0821872
0 -0.0124859 -0.0820408 -0.0829764
0 -0.0129894 -0.082768 -0.083718
0 -0.0134066 -0.0834125 -0.0843483
0 -0.0137036 -0.083945 -0.0848473
0 -0.0138939 -0.0843768 -0.0852382
0 -0.013998 -0.0847217 -0.085547
0 -0.0140216 -0.0849752 -0.0857806
0 -0.0139644 -0.0851252 -0.0859348
0 -0.0138432 -0.0851756 -0.0860178
0 -0.0136954 -0.0851524 -0.0860547
0 -0.0135505 -0.0850767 -0.086061
0 -0.0134101 -0.0849458 -0.086024
0 -0.0132616 -0.0847461 -0.0859176
0 -0.013092 -0.0844662 -0.0857165
0 -0.0128837 -0.0840914 -0.0853927
0 -0.0126139 -0.0836007 -0.0849146
0 -0.0122701 -0.0829817 -0.0842628
0 -0.0118803 -0.0822604 -0.0834608
0 -0.0115174 -0.0815078 -0.0825815
0 -0.011246 -0.0807901 -0.0816966
0 -0.0110785 -0.0801269 -0.0808341
0 -0.0109815 -0.0794972 -0.0799835
0 -0.0108963 -0.0788572 -0.0791124
0 -0.0107658 -0.0781657 -0.0781904
0 -0.0105598 -0.0774059 -0.0772097
0 -0.0102666 -0.0765762 -0.0761757
0 -0.00987162 -0.0756669 -0.0750839
0 -0.00936441 -0.0746678 -0.0739283
0 -0.00876006 -0.0735888 -0.0727222
0 -0.00809552 -0.0724587 -0.0714955
0 -0.00741146 -0.0713085 -0.0702781
0 -0.00673527 -0.0701572 -0.0690839
0 -0.00607989 -0.0690113 -0.0679112
0 -0.00546292 -0.0678846 -0.0667628
0 -0.004904 -0.066796 -0.0656461
0 -0.00440533 -0.0657502 -0.0645548
0 -0.00396514 -0.0647501 -0.0634829
0 -0.00359256 -0.063811 -0.0624407
0 -0.00329187 -0.0629449 -0.061439
0 -0.00306539 -0.0621624 -0.0604919
0 -0.00294064 -0.0615009 -0.0596444
0 -0.00295867 -0.0610138 -0.0589607
0 -0.00312393 -0.0607218 -0.0584744
0 -0.00338626 -0.0605939 -0.0581676
0 -0.00366947 -0.0605735 -0.0579964
0 -0.00390512 -0.0606086 -0.0579193
0 -0.00404422 -0.0606609 -0.0579062
0 -0.00405978 -0.0607064 -0.057938
0 -0.00396487 -0.0607528 -0.0580236
0 -0.00382822 -0.0608553 -0.0582167
0 -0.00374943 -0.0610974 -0.0585954
0 -0.00380766 -0.0615439 -0.0592159
0 -0.00404454 -0.0622274 -0.0600989
0 -0.00447025 -0.0631553 -0.0612391
0 -0.00504267 -0.0642878 -0.0625843
0 -0.00567303 -0.0655404 -0.0640396
0 -0.00628536 -0.0668384 -0.065524
0 -0.00684442 -0.0681422 -0.0669961
0 -0.00733308 -0.0694232 -0.0684301
0 -0.00774665 -0.0706594 -0.0698101
0 -0.00811872 -0.0718632 -0.0711569
0 -0.00850074 -0.0730652 -0.0725092
0 -0.00888213 -0.0742363 -0.0738446
0 -0.00918654 -0.0752826 -0.0750731
0 -0.00936026 -0.076132 -0.0761232
0 -0.00940458 -0.0767671 -0.0769733
0 -0.00934842 -0.0771992 -0.0776252
0 -0.00925344 -0.0774753 -0.0781125
0 -0.00923064 -0.0776983 -0.0785215
0 -0.0093837 -0.0779732 -0.0789409
0 -0.00973129 -0.0783318 -0.0793877
0 -0.0102365 -0.0787603 -0.079838
0 -0.0108834 -0.0792741 -0.0803027
0 -0.0116375 -0.0798755 -0.0807869
0 -0.0123543 -0.080456 -0.0811938
0 -0.0128407 -0.0808498 -0.0813769
0 -0.0130034 -0.0809738 -0.0812787
0 -0.0128858 -0.0808645 -0.0809626
0 -0.0125939 -0.0806091 -0.0805402
0 -0.0122363 -0.0802927 -0.080115
0 -0.0119 -0.0799801 -0.0797626
0 -0.0116323 -0.0797027 -0.0795169
0 -0.0114358 -0.0794551 -0.0793659
0 -0.0112767 -0.0792039 -0.0792612
0 -0.0111364 -0.0789364 -0.0791684
0 -0.011045 -0.078694 -0.0791025
0 -0.011048 -0.0785371 -0.079097
0 -0.0111625 -0.0785012 -0.0791641
0 -0.0113774 -0.0785949 -0.0792965
0 -0.0116664 -0.0788097 -0.07948
0 -0.011981 -0.0791111 -0.0796851
0 -0.0122515 -0.0794364 -0.0798642
0 -0.0124034 -0.0797088 -0.0799638
0 -0.0123726 -0.079851 -0.0799333
0 -0.0121204 -0.0798002 -0.0797363
0 -0.011669 -0.0795454 -0.0793844
0 -0.0111204 -0.0791518 -0.078958
0 -0.0106173 -0.0787299 -0.0785741
0 -0.0102554 -0.0783554 -0.0783038
0 -0.0100157 -0.0780033 -0.078107
0 -0.00980701 -0.0775886 -0.0778746
0 -0.00956738 -0.0770624 -0.0775279
0 -0.00928458 -0.0764283 -0.0770388
0 -0.0089521 -0.0756947 -0.0763879
0 -0.0085574 -0.0748607 -0.0755544
0 -0.0080968 -0.0739284 -0.0745313
0 -0.00757432 -0.0729014 -0.0733247
0 -0.00699149 -0.0717746 -0.0719421
0 -0.00637031 -0.0705597 -0.0704145
0 -0.00579648 -0.069333 -0.0688392
0 -0.00539634 -0.068219 -0.0673604
0 -0.00524637 -0.0673044 -0.066085
0 -0.00532032 -0.0665852 -0.0650293
0 -0.00552674 -0.0660026 -0.0641518
0 -0.00576169 -0.0654897 -0.0633978
0 -0.00592737 -0.0649851 -0.0627124
0 -0.00595365 -0.0644484 -0.0620562
0 -0.00581938 -0.063878 -0.061425
0 -0.00556205 -0.0633203 -0.0608588
0 -0.00524191 -0.062835 -0.060409
0 -0.00488798 -0.0624436 -0.060087
0 -0.00451605 -0.0621481 -0.0598848
0 -0.004167 -0.0619702 -0.0598154
0 -0.00388237 -0.0619301 -0.059891
0 -0.00365909 -0.0620023 -0.06008
0 -0.00347988 -0.0621475 -0.0603384
0 -0.00337911 -0.0623794 -0.0606765
0 -0.00342169 -0.0627464 -0.0611405
0 -0.0036422 -0.0632743 -0.0617542
0 -0.00402913 -0.0639514 -0.0625047
0 -0.00454022 -0.0647422 -0.0633561
0 -0.00512707 -0.0656101 -0.0642724
0 -0.00574257 -0.0665215 -0.0652223
0 -0.00633937 -0.0674415 -0.0661746
0 -0.00687055 -0.0683319 -0.0670964
0 -0.00729931 -0.0691586 -0.0679604
0 -0.00761973 -0.069912 -0.0687637
0 -0.007853 -0.0706038 -0.0695244
0 -0.00803618 -0.0712586 -0.0702713
0 -0.00822123 -0.0719157 -0.0710455
0 -0.00848147 -0.0726389 -0.0719093
0 -0.00890594 -0.0735141 -0.0729448
0 -0.00954707 -0.0745995 -0.0742042
0 -0.0103674 -0.0758726 -0.0756573
0 -0.01127 -0.0772579 -0.0772207
0 -0.0121836 -0.0787069 -0.0788387
0 -0.0130781 -0.0802091 -0.0804967
0 -0.0139035 -0.0817281 -0.0821578
0 -0.0145553 -0.0831626 -0.0837244
0 -0.0149163 -0.0843839 -0.0850751
0 -0.0149344 -0.0853119 -0.0861391
0 -0.0146639 -0.0859573 -0.0869368
0 -0.0142151 -0.0863788 -0.0875328
0 -0.0136814 -0.0866163 -0.0879684
0 -0.0131275 -0.0866867 -0.0882548
0 -0.0126138 -0.0866114 -0.0884012
0 -0.0122192 -0.0864437 -0.0884431
0 -0.0120424 -0.086273 -0.0884485
0 -0.0121757 -0.0862027 -0.0884979
0 -0.0126495 -0.0862971 -0.0886337
0 -0.013373 -0.0865187 -0.088801
0 -0.0141486 -0.0867318 -0.0888567
0 -0.0147735 -0.0867908 -0.0886599
0 -0.0151228 -0.0866136 -0.0881468
0 -0.0151436 -0.0861687 -0.0873157
0 -0.0148093 -0.0854296 -0.0861771
0 -0.0141045 -0.0843602 -0.0847342
0 -0.013041 -0.0829357 -0.0829959
0 -0.0117051 -0.0811949 -0.0810248
0 -0.0102876 -0.079281 -0.0789752
0 -0.0090563 -0.0774272 -0.0770772
0 -0.00824167 -0.075854 -0.0755342
0 -0.0079063 -0.0746428 -0.0743987
0 -0.007984 -0.0737715 -0.0736124
0 -0.00840163 -0.0732285 -0.0731256
0 -0.00908598 -0.0730128 -0.0729023
0 -0.00990407 -0.0730661 -0.0728593
0 -0.0106696 -0.0732671 -0.0728664
0 -0.011215 -0.0734924 -0.07281
0 -0.0114298 -0.0736465 -0.0726228
0 -0.0112416 -0.073639 -0.072259
0 -0.0106087 -0.0733768 -0.0716814
0 -0.00954872 -0.0727999 -0.070886
0 -0.00815189 -0.0719065 -0.0699151
0 -0.00655022 -0.0707339 -0.0688294
0 -0.00487572 -0.069327 -0.0676712
0 -0.00326333 -0.0677511 -0.0664753
0 -0.00186404 -0.0661119 -0.0652943
0 -0.000814284 -0.0645302 -0.0641837
0 -0.000198857 -0.0631088 -0.0631743
0 -3.95673e-05 -0.0619204 -0.0622644
0 -0.000295939 -0.0609993 -0.0614234
0 -0.000868876 -0.0603333 -0.0605987
0 -0.00162266 -0.0598733 -0.0597325
0 -0.00241477 -0.0595529 -0.058781
0 -0.00311739 -0.0593017 -0.057726
0 -0.00363599 -0.0590567 -0.0565857
0 -0.00391618 -0.0587701 -0.0554124
0 -0.00395819 -0.0584287 -0.0542952
0 -0.00383316 -0.0580794 -0.0533686
0 -0.00363682 -0.0577923 -0.052764
0 -0.00342495 -0.0576034 -0.0525452
0 -0.00320794 -0.0575123 -0.0527031
0 -0.00298886 -0.0575198 -0.0531966
0 -0.00281067 -0.0576727 -0.0540046
0 -0.00275087 -0.0580571 -0.0551296
0 -0.00285655 -0.0587306 -0.0565425
0 -0.00312153 -0.0596957 -0.0581686
0 -0.00352577 -0.0609339 -0.0599332
0 -0.00406722 -0.0624347 -0.0617975
0 -0.00475742 -0.0641927 -0.0637537
0 -0.00558447 -0.0661727 -0.0657863
0 -0.00649466 -0.0682937 -0.0678505
0 -0.00742975 -0.0704673 -0.069905
0 -0.0083526 -0.0726264 -0.071933
0 -0.00923032 -0.0747099 -0.073921
0 -0.0100299 -0.0766585 -0.0758512
0 -0.0107331 -0.0784317 -0.0777126
0 -0.0113386 -0.0800118 -0.0795007
0 -0.011856 -0.0814 -0.0812139
0 -0.0123153 -0.082625 -0.0828621
0 -0.0127719 -0.0837505 -0.0844746
0 -0.0132865 -0.0848546 -0.0860832
0 -0.0138931 -0.0859961 -0.0876963
0 -0.0145876 -0.0871989 -0.089293
0 -0.0153213 -0.0884417 -0.0908184
0 -0.0159994 -0.0896512 -0.0921818
0 -0.0165092 -0.0907242 -0.0932797
0 -0.0167626 -0.0915658 -0.0940343
0 -0.0167226 -0.0921146 -0.0944152
0 -0.016395 -0.0923361 -0.0944278
0 -0.0158067 -0.0922057 -0.0940891
0 -0.0149975 -0.0917061 -0.0934188
0 -0.0140316 -0.0908454 -0.0924517
0 -0.0130069 -0.0896733 -0.0912492
0 -0.0120336 -0.0882693 -0.0898845
0 -0.0112134 -0.0867284 -0.0884283
0 -0.0106247 -0.0851495 -0.0869408
0 -0.0103082 -0.0836191 -0.0854625
0 -0.0102652 -0.0822045 -0.0840146
0 -0.0104599 -0.0809483 -0.0826023
0 -0.0108219 -0.0798625 -0.081216
0 -0.0112515 -0.0789244 -0.0798325
0 -0.011636 -0.0780842 -0.0784244
0 -0.0118639 -0.0772753 -0.0769647
0 -0.0118329 -0.0764179 -0.0754246
0 -0.0114702 -0.0754353 -0.0737891
0 -0.0107603 -0.0742833 -0.0720817
0 -0.00974423 -0.0729562 -0.0703563
0 -0.00849234 -0.0714704 -0.0686692
0 -0.0070932 -0.0698602 -0.0670691
0 -0.00563579 -0.0681658 -0.065582
0 -0.00418216 -0.0664103 -0.0641898
0 -0.00277839 -0.0646122 -0.0628484
0 -0.00148132 -0.0628129 -0.061524
0 -0.000359365 -0.0610758 -0.0602061
0 0.000528354 -0.0594647 -0.0588957
0 0.0011465 -0.0580288 -0.0575944
0 0.00145426 -0.0568309 -0.0563358
0 0.0013945 -0.0559579 -0.0551987
0 0.00096151 -0.0554525 -0.0542408
0 0.000270973 -0.0552401 -0.0534264
0 -0.000476407 -0.055158 -0.0526537
0 -0.00109633 -0.0550502 -0.0518413
0 -0.00144742 -0.0547904 -0.0509396
0 -0.00142049 -0.0542695 -0.0499072
0 -0.000967867 -0.0534249 -0.0487321
0 -0.000120098 -0.0522597 -0.0474442
0 0.00104166 -0.0508194 -0.0460891
0 0.0024269 -0.0491557 -0.0446924
0 0.00395889 -0.047307 -0.043244
0 0.00557293 -0.045303 -0.0417089
0 0.00720651 -0.0431756 -0.0400473
0 0.00880224 -0.0409577 -0.0382214
0 0.0103159 -0.0386743 -0.0361971
0 0.0117266 -0.0363328 -0.0339397
0 0.0130292 -0.0339287 -0.0314246
0 0.0141661 -0.0315136 -0.0287062
0 0.0149877 -0.0292351 -0.0259571
0 0.015317 -0.0272742 -0.0234021
0 0.0150016 -0.0257988 -0.0212662
0 0.0139134 -0.0249751 -0.0197788
0 0.0119617 -0.0249631 -0.0191611
0 0.00913863 -0.0258745 -0.0195777
0 0.00554688 -0.0277426 -0.0211005
0 0.00137085 -0.0305448 -0.0237287
0 -0.00316613 -0.0342359 -0.0274206
0 -0.00782482 -0.0387578 -0.0321071
0 -0.0123829 -0.0440565 -0.0377151
0 -0.0166677 -0.0500853 -0.0441808
0 -0.0205829 -0.056799 -0.0514551
0 -0.0241246 -0.0641628 -0.0595177
0 -0.0273623 -0.0721517 -0.0683714
0 -0.0304055 -0.0807455 -0.0780228
0 -0.0333371 -0.0898878 -0.0884285
0 -0.0361757 -0.0994674 -0.0994648
0 -0.0389055 -0.109358 -0.110958
0 -0.0415035 -0.119455 -0.122722
0 -0.0439375 -0.129675 -0.134564
0 -0.0461036 -0.139884 -0.146239
0 -0.0478207 -0.149883 -0.157451
0 -0.0489053 -0.159463 -0.167933
0 -0.0492319 -0.168454 -0.177494
0 -0.0487824 -0.176784 -0.186057
0 -0.0476138 -0.184441 -0.193614
0 -0.0457764 -0.191367 -0.200144
0 -0.043315 -0.197459 -0.205617
0 -0.0403276 -0.202631 -0.210053
0 -0.0370125 -0.206889 -0.213569
0 -0.0336196 -0.2103 -0.216331
0 -0.0304145 -0.212963 -0.218514
0 -0.0277737 -0.215121 -0.220414
0 -0.0261644 -0.217153 -0.222433
0 -0.0259053 -0.219342 -0.224848
0 -0.0269353 -0.221658 -0.227591
0 -0.0289071 -0.22384 -0.230341
0 -0.0315618 -0.225795 -0.232903
0 -0.0348224 -0.227705 -0.235324
0 -0.038426 -0.229624 -0.237519
0 -0.0417653 -0.231263 -0.239093
0 -0.0442955 -0.232346 -0.239717
0 -0.0459022 -0.232933 -0.239473
0 -0.0467425 -0.233254 -0.238683
0 -0.0469405 -0.233426 -0.237604
0 -0.0465414 -0.233411 -0.23637
0 -0.0455062 -0.233036 -0.234982
0 -0.0437238 -0.232012 -0.2333
0 -0.0411828 -0.230126 -0.231215
0 -0.0380613 -0.227361 -0.228745
0 -0.0346303 -0.223825 -0.225962
0 -0.0311327 -0.219659 -0.22289
0 -0.0276948 -0.214955 -0.219442
0 -0.0243416 -0.209763 -0.215451
0 -0.0211124 -0.204191 -0.210801
0 -0.0180769 -0.198393 -0.205457
0 -0.0153087 -0.192524 -0.199448
0 -0.0129435 -0.186786 -0.192931
0 -0.0111738 -0.181428 -0.18619
0 -0.0100998 -0.176598 -0.17948
0 -0.00956958 -0.172179 -0.172849
0 -0.0091988 -0.167803 -0.166136
0 -0.00858291 -0.163062 -0.15916
0 -0.0074777 -0.157694 -0.151873
0 -0.00586123 -0.151652 -0.144398
0 -0.00390347 -0.145086 -0.136988
0 -0.00183096 -0.13822 -0.129891
0 0.000231631 -0.131199 -0.123197
0 0.00224498 -0.124103 -0.116868
0 0.00419334 -0.117001 -0.110813
0 0.00616075 -0.109872 -0.104824
0 0.00824995 -0.102667 -0.0986729
0 0.0103991 -0.0954957 -0.092312
0 0.0124257 -0.0885688 -0.0858411
0 0.0141618 -0.0820678 -0.079382
0 0.0154609 -0.0761354 -0.0730745
0 0.0161648 -0.070912 -0.0671089
0 0.0161153 -0.0665282 -0.06171
0 0.0151807 -0.0630957 -0.0571128
0 0.0133421 -0.0606459 -0.0534824
0 0.01076 -0.0590676 -0.050834
0 0.00764245 -0.0582337 -0.0491444
0 0.00410548 -0.0581393 -0.0484793
0 0.000239165 -0.0588318 -0.048918
0 -0.00378975 -0.060301 -0.0504446
0 -0.00771649 -0.0624441 -0.0529187
0 -0.0112298 -0.0651032 -0.0561214
0 -0.014063 -0.0681428 -0.059843
0 -0.0160671 -0.0714909 -0.0639413
0 -0.017227 -0.0751203 -0.0683443
0 -0.0176462 -0.079034 -0.0730423
0 -0.0174932 -0.0832267 -0.078046
0 -0.0169212 -0.0876262 -0.0833171
0 -0.0160483 -0.0921061 -0.0887625
0 -0.0149461 -0.0965023 -0.0942353
0 -0.0136186 -0.100607 -0.0995184
0 -0.0120295 -0.104199 -0.104352
0 -0.0101523 -0.107101 -0.108489
0 -0.00801123 -0.109208 -0.111743
0 -0.00571663 -0.11052 -0.11403
0 -0.00347835 -0.11115 -0.115394
0 -0.0015797 -0.111299 -0.115988
0 -0.000299753 -0.111181 -0.116008
0 0.000160016 -0.110958 -0.115625
0 -0.000313555 -0.110747 -0.114985
0 -0.00173992 -0.110645 -0.114215
0 -0.00403019 -0.110716 -0.113411
0 -0.00700928 -0.110997 -0.112645
0 -0.0104495 -0.111504 -0.111979
0 -0.0140878 -0.112231 -0.111461
0 -0.0176455 -0.113138 -0.111122
0 -0.0208424 -0.114144 -0.110958
0 -0.0234075 -0.115117 -0.110929
0 -0.025121 -0.115921 -0.110986
0 -0.0258657 -0.116473 -0.111116
0 -0.0256519 -0.116768 -0.111357
0 -0.0246088 -0.116866 -0.111782
0 -0.0229328 -0.116842 -0.112449
0 -0.0208442 -0.116765 -0.113378
0 -0.018571 -0.116698 -0.114558
0 -0.0163349 -0.1167 -0.115952
0 -0.0143471 -0.116839 -0.117521
0 -0.012795 -0.117191 -0.119222
0 -0.0117936 -0.117796 -0.120979
0 -0.0113456 -0.118616 -0.122657
0 -0.0113613 -0.119543 -0.124084
0 -0.011702 -0.120434 -0.12509
0 -0.0122034 -0.121129 -0.125529
0 -0.0127049 -0.121472 -0.125296
0 -0.0130901 -0.121352 -0.124359
0 -0.0133073 -0.120727 -0.122771
0 -0.0133606 -0.119615 -0.120647
0 -0.0132843 -0.118076 -0.118137
0 -0.013133 -0.116202 -0.115402
0 -0.0129757 -0.114118 -0.112609
0 -0.0128679 -0.111952 -0.109903
0 -0.0128322 -0.109813 -0.107382
0 -0.0128682 -0.107789 -0.105114
0 -0.0129655 -0.105961 -0.103144
0 -0.0131161 -0.104407 -0.101514
0 -0.0133238 -0.103207 -0.100268
0 -0.0135905 -0.102424 -0.0994402
0 -0.0138672 -0.102054 -0.0990113
0 -0.0140177 -0.101986 -0.0988659
0 -0.0138844 -0.102058 -0.0988522
0 -0.0133829 -0.102143 -0.0988683
0 -0.0124884 -0.102138 -0.0988444
0 -0.0111691 -0.101902 -0.0986746
0 -0.00939847 -0.10128 -0.0982318
0 -0.00724023 -0.100197 -0.0974549
0 -0.00484767 -0.0986704 -0.0963521
0 -0.00239404 -0.0967477 -0.094943
0 -1.41879e-05 -0.0944625 -0.0932132
0 0.00223501 -0.0918031 -0.0910855
0 0.00433077 -0.0887625 -0.0884737
0 0.0062274 -0.085394 -0.0853493
0 0.00787547 -0.081787 -0.0817283
0 0.00922847 -0.0780505 -0.077668
0 0.0102146 -0.0743305 -0.0732944
0 0.010745 -0.0707932 -0.0687915
0 0.0107411 -0.0675933 -0.0643695
0 0.0101559 -0.0648491 -0.0602416
0 0.00899361 -0.0626273 -0.0565989
0 0.00730069 -0.0609565 -0.0536045
0 0.0051371 -0.0598608 -0.0514066
0 0.00257766 -0.0593638 -0.0501251
0 -0.000245978 -0.0594485 -0.0498002
0 -0.00312837 -0.0600377 -0.0503669
0 -0.00583814 -0.0610332 -0.0516952
0 -0.00818596 -0.0623737 -0.0536551
0 -0.0100576 -0.0640588 -0.0561523
0 -0.0114017 -0.0661202 -0.0591163
0 -0.0121999 -0.0685625 -0.0624642
0 -0.0124594 -0.07134 -0.0660947
0 -0.0122239 -0.0743732 -0.0699096
0 -0.0115694 -0.0775589 -0.0738181
0 -0.0105913 -0.0807758 -0.0777319
0 -0.00939236 -0.0838991 -0.0815638
0 -0.0080657 -0.0868062 -0.0852211
0 -0.00669031 -0.0893861 -0.0886033
0 -0.00534291 -0.0915583 -0.0916156
0 -0.0041134 -0.0932919 -0.09419
0 -0.00310422 -0.094604 -0.096291
0 -0.00239679 -0.0955233 -0.0978886
0 -0.00202258 -0.0960581 -0.0989354
0 -0.00197397 -0.0962019 -0.0993796
0 -0.00222365 -0.0959554 -0.0991896
0 -0.00273567 -0.0953443 -0.0983707
0 -0.00348181 -0.0944342 -0.0969826
0 -0.00444361 -0.0933236 -0.0951374
0 -0.00558309 -0.0921067 -0.0929631
0 -0.00681982 -0.0908392 -0.0905694
0 -0.00803871 -0.089535 -0.0880397
0 -0.00911173 -0.0881805 -0.0854409
0 -0.00992397 -0.0867544 -0.0828414
0 -0.010392 -0.0852404 -0.080316
0 -0.0104695 -0.0836332 -0.0779375
0 -0.0101419 -0.0819389 -0.0757651
0 -0.0094081 -0.0801612 -0.0738228
0 -0.00826442 -0.0782867 -0.0720839
0 -0.00671111 -0.0762926 -0.0704805
0 -0.00477522 -0.0741666 -0.068931
0 -0.00252581 -0.0719191 -0.0673621
0 -6.54711e-05 -0.0695763 -0.0657126
0 0.00248773 -0.0671686 -0.063931
0 0.00501673 -0.064722 -0.0619748
0 0.00740997 -0.0622634 -0.0598216
0 0.00953125 -0.0598595 -0.0575094
0 0.0112124 -0.0576312 -0.0551497
0 0.0122986 -0.0557131 -0.0528852
0 0.0126739 -0.0542292 -0.050865
0 0.0122631 -0.0532932 -0.0492437
0 0.0110345 -0.0530101 -0.0481788
0 0.00899637 -0.0534786 -0.0478299
0 0.00621012 -0.0547713 -0.0483344
0 0.00281956 -0.0568963 -0.0497653
0 -0.000952937 -0.0597915 -0.0521193
0 -0.0048587 -0.0633641 -0.0553511
0 -0.00866104 -0.0675189 -0.0593974
0 -0.0121585 -0.072165 -0.0641863
0 -0.0152134 -0.0772222 -0.069648
0 -0.017754 -0.0826133 -0.0757088
0 -0.0197612 -0.088259 -0.0822845
0 -0.0212532 -0.0940748 -0.0892744
0 -0.0222628 -0.0999652 -0.0965503
0 -0.0228222 -0.105824 -0.103955
0 -0.0229675 -0.111548 -0.111322
0 -0.0227579 -0.117068 -0.118496
0 -0.0222679 -0.122343 -0.125342
0 -0.0215572 -0.127339 -0.131723
0 -0.0206648 -0.132009 -0.137508
0 -0.019627 -0.13631 -0.142593
0 -0.0184875 -0.1402 -0.146917
0 -0.0172909 -0.143635 -0.150452
0 -0.0160762 -0.146561 -0.153196
0 -0.0148831 -0.148921 -0.155167
0 -0.013753 -0.15066 -0.156401
0 -0.0127442 -0.151748 -0.156954
0 -0.0119493 -0.152202 -0.156922
0 -0.0114845 -0.152088 -0.156432
0 -0.0114496 -0.151502 -0.155608
0 -0.0118973 -0.150565 -0.154559
0 -0.012844 -0.149437 -0.153386
0 -0.0142807 -0.148315 -0.152199
0 -0.0161392 -0.147366 -0.151075
0 -0.0182601 -0.146668 -0.150025
0 -0.0204186 -0.146217 -0.149013
0 -0.0223808 -0.145964 -0.147996
0 -0.0239572 -0.145848 -0.146965
0 -0.0250291 -0.145828 -0.145956
0 -0.0255491 -0.145879 -0.145041
0 -0.0255353 -0.145993 -0.14432
0 -0.0250599 -0.14617 -0.143905
0 -0.0242325 -0.146413 -0.143892
0 -0.0231905 -0.146738 -0.144356
0 -0.0220908 -0.14718 -0.145343
0 -0.0210927 -0.147792 -0.146869
0 -0.020316 -0.148612 -0.148888
0 -0.0197807 -0.149603 -0.151255
0 -0.0194285 -0.150676 -0.15375
0 -0.0191966 -0.151754 -0.156156
0 -0.0190266 -0.15277 -0.158281
0 -0.0188535 -0.153647 -0.159952
0 -0.0186178 -0.154305 -0.161033
0 -0.0182769 -0.154668 -0.161434
0 -0.0178136 -0.154673 -0.161124
0 -0.0172335 -0.154265 -0.160116
0 -0.0165592 -0.153407 -0.158466
0 -0.0158305 -0.152087 -0.156261
0 -0.0150994 -0.150326 -0.153615
0 -0.0144132 -0.148176 -0.150649
0 -0.0137923 -0.145687 -0.147457
0 -0.0132247 -0.142907 -0.144103
0 -0.0126731 -0.139878 -0.140621
0 -0.0120816 -0.136635 -0.137017
0 -0.0113809 -0.133202 -0.133278
0 -0.0104954 -0.12959 -0.129372
0 -0.0093531 -0.125796 -0.125258
0 -0.00789525 -0.121806 -0.120899
0 -0.00608475 -0.117596 -0.116263
0 -0.00391292 -0.113141 -0.111332
0 -0.0013951 -0.108415 -0.1061
0 0.00143665 -0.103392 -0.10057
0 0.00453066 -0.0980556 -0.0947538
0 0.00779893 -0.0924305 -0.0887009
0 0.0111141 -0.0865878 -0.082499
0 0.0143412 -0.0806225 -0.0762484
0 0.0173663 -0.0746264 -0.0700354
0 0.0200956 -0.0686815 -0.0639282
0 0.0224496 -0.0628579 -0.0579804
0 0.0243634 -0.0572175 -0.0522373
0 0.0257797 -0.0518252 -0.0467485
0 0.0266403 -0.0467563 -0.0415752
0 0.0268899 -0.042092 -0.0367845
0 0.0264858 -0.0379102 -0.0324414
0 0.0254099 -0.0342846 -0.0286111
0 0.02367 -0.0312873 -0.025364
0 0.0212924 -0.0289945 -0.0227821
0 0.0183225 -0.0274831 -0.020955
0 0.0148438 -0.0268049 -0.0199535
0 0.0109893 -0.0269712 -0.0198118
0 0.00691547 -0.0279735 -0.0205455
0 0.00276661 -0.0298123 -0.0221787
0 -0.0013371 -0.0325028 -0.0247473
0 -0.00528123 -0.0360552 -0.0282755
0 -0.0089323 -0.0404353 -0.0327384
0 -0.012158 -0.0455509 -0.0380622
0 -0.0148798 -0.0512852 -0.0441667
0 -0.0170767 -0.0575108 -0.0509726
0 -0.0187594 -0.0640821 -0.0583817
0 -0.019967 -0.0708561 -0.0662806
0 -0.0207678 -0.0777198 -0.0745519
0 -0.0212434 -0.0845936 -0.0830715
0 -0.0214653 -0.091418 -0.0916963
0 -0.0214837 -0.098147 -0.100264
0 -0.0213296 -0.104746 -0.108607
0 -0.0210276 -0.111195 -0.116571
0 -0.0206131 -0.117489 -0.124045
0 -0.0201309 -0.123632 -0.130967
0 -0.0196219 -0.129614 -0.137308
0 -0.0191152 -0.135401 -0.143069
0 -0.0186256 -0.140923 -0.148263
0 -0.0181461 -0.146079 -0.152898
0 -0.0176487 -0.15076 -0.156966
0 -0.0171032 -0.154865 -0.160453
0 -0.0164849 -0.158303 -0.163349
0 -0.0157716 -0.160984 -0.165638
0 -0.0149422 -0.162825 -0.167294
0 -0.0139789 -0.163762 -0.168273
0 -0.0128747 -0.163753 -0.16852
0 -0.0116447 -0.162787 -0.167979
0 -0.010326 -0.160895 -0.166604
0 -0.00894967 -0.158144 -0.16436
0 -0.00752031 -0.154626 -0.161207
0 -0.00602927 -0.150449 -0.157124
0 -0.00447715 -0.145739 -0.152134
0 -0.00288125 -0.14062 -0.146308
0 -0.00126845 -0.1352 -0.139758
0 0.000329232 -0.129568 -0.132635
0 0.00187415 -0.123796 -0.125116
0 0.00332533 -0.11795 -0.117396
0 0.00464223 -0.112085 -0.109672
0 0.0057867 -0.106245 -0.102135
0 0.00671935 -0.100479 -0.0949677
0 0.00739894 -0.0948456 -0.0883254
0 0.00779184 -0.0894095 -0.0823217
0 0.00788405 -0.0842353 -0.0770166
0 0.00768317 -0.0793838 -0.0724179
0 0.00720886 -0.0749209 -0.0684984
0 0.00648701 -0.0709189 -0.0652114
0 0.00555035 -0.0674499 -0.0625
0 0.00443812 -0.0645791 -0.060308
0 0.003195 -0.0623599 -0.0585891
0 0.00187066 -0.060829 -0.0573135
0 0.000517299 -0.0600049 -0.0564718
0 -0.000813823 -0.0598895 -0.056077
0 -0.00207401 -0.060469 -0.0561609
0 -0.00321618 -0.0617093 -0.056765
0 -0.00419362 -0.0635416 -0.0579244
0 -0.00496632 -0.065857 -0.0596574
0 -0.00550879 -0.0685221 -0.061962
0 -0.00580896 -0.0713933 -0.0648068
0 -0.00586974 -0.0743326 -0.0681275
0 -0.00571217 -0.0772236 -0.0718288
0 -0.00537063 -0.0799769 -0.0757847
0 -0.00488518 -0.0825307 -0.0798417
0 -0.00429875 -0.0848485 -0.0838353
0 -0.00366239 -0.0869176 -0.0876092
0 -0.00303828 -0.0887491 -0.0910277
0 -0.00249152 -0.0903687 -0.0939788
0 -0.00208415 -0.0918058 -0.0963822
0 -0.00188196 -0.0930967 -0.098207
0 -0.00195635 -0.0942863 -0.0994792
0 -0.00236802 -0.0954137 -0.100268
0 -0.00314496 -0.0964938 -0.100661
0 -0.00427099 -0.0975113 -0.100747
0 -0.00568852 -0.0984321 -0.10061
0 -0.00730549 -0.0992159 -0.100326
0 -0.00900381 -0.0998237 -0.0999561
0 -0.010652 -0.100224 -0.0995411
0 -0.0121186 -0.100395 -0.0991037
0 -0.0132889 -0.100329 -0.0986566
0 -0.0140801 -0.10004 -0.0982093
0 -0.0144467 -0.0995581 -0.0977687
0 -0.014381 -0.0989297 -0.09734
0 -0.0139072 -0.098204 -0.0969246
0 -0.0130698 -0.0974189 -0.0965138
0 -0.0119289 -0.0965967 -0.096091
0 -0.0105634 -0.0957513 -0.0956407
0 -0.00906695 -0.0948942 -0.09515
0 -0.00753621 -0.0940303 -0.0946053
0 -0.00605908 -0.0931557 -0.0939896
0 -0.00471114 -0.0922615 -0.0932863
0 -0.00355408 -0.09134 -0.0924829
0 -0.00263336 -0.0903874 -0.091572
0 -0.00197725 -0.0894046 -0.0905518
0 -0.00159502 -0.0883983 -0.0894263
0 -0.00147631 -0.0873804 -0.0882044
0 -0.00159234 -0.0863668 -0.0869
0 -0.00189664 -0.0853729 -0.0855306
0 -0.00232494 -0.0844063 -0.0841106
0 -0.002798 -0.0834629 -0.0826475
0 -0.00322953 -0.0825282 -0.0811445
0 -0.00353857 -0.0815812 -0.0796093
0 -0.00366235 -0.0806009 -0.0780615
0 -0.00356239 -0.0795728 -0.0765299
0 -0.0032256 -0.0784918 -0.0750482
0 -0.00266255 -0.0773627 -0.0736503
0 -0.00190317 -0.0761982 -0.0723651
0 -0.000993366 -0.075019 -0.0712135
0 8.8637e-06 -0.0738535 -0.070208
0 0.00103963 -0.0727343 -0.0693515
0 0.00203885 -0.0716919 -0.0686344
0 0.00296357 -0.0707426 -0.0680276
0 0.00379394 -0.0698834 -0.0674833
0 0.00452347 -0.0691011 -0.066949
0 0.00514579 -0.0683852 -0.0663848
0 0.00564957 -0.0677322 -0.0657706
0 0.00601745 -0.0671482 -0.065109
0 0.00622627 -0.0666497 -0.064426
0 0.0062502 -0.0662624 -0.0637675
0 0.00606389 -0.0660201 -0.0631957
0 0.00564467 -0.0659643 -0.0627849
0 0.00498446 -0.0661341 -0.0626071
0 0.0041026 -0.0665523 -0.0627148
0 0.00304465 -0.0672246 -0.0631383
0 0.00187438 -0.0681435 -0.0638877
0 0.00066384 -0.0692934 -0.064958
0 -0.000514601 -0.0706524 -0.0663316
0 -0.00159906 -0.0721965 -0.0679843
0 -0.00255054 -0.0739069 -0.0698945
0 -0.00335777 -0.0757722 -0.0720464
0 -0.00403711 -0.0777888 -0.0744311
0 -0.00462911 -0.0799611 -0.0770458
0 -0.00519164 -0.0822993 -0.0798919
0 -0.00578859 -0.0848152 -0.0829683
0 -0.00647657 -0.0875154 -0.0862649
0 -0.00729628 -0.0903972 -0.0897627
0 -0.0082679 -0.0934442 -0.0934316
0 -0.00937831 -0.0966156 -0.0972138
0 -0.0105723 -0.0998375 -0.101015
0 -0.0117726 -0.103021 -0.104727
0 -0.0129061 -0.106086 -0.10825
0 -0.013912 -0.108961 -0.111506
0 -0.01475 -0.111595 -0.114437
0 -0.0154047 -0.113956 -0.117014
0 -0.0158853 -0.116032 -0.119234
0 -0.0162201 -0.117828 -0.121117
0 -0.0164471 -0.119358 -0.122691
0 -0.0166022 -0.120635 -0.123988
0 -0.0167135 -0.121669 -0.125032
0 -0.0167965 -0.12246 -0.125835
0 -0.0168531 -0.123002 -0.126398
0 -0.0168783 -0.123283 -0.126714
0 -0.0168666 -0.123299 -0.126774
0 -0.0168091 -0.123048 -0.126568
0 -0.0166849 -0.122523 -0.126076
0 -0.0164631 -0.121717 -0.12527
0 -0.0161155 -0.120626 -0.124129
0 -0.0156283 -0.11926 -0.122645
0 -0.0150083 -0.117648 -0.120837
0 -0.0142855 -0.115835 -0.118747
0 -0.0135035 -0.113881 -0.116437
0 -0.0127037 -0.111837 -0.113971
0 -0.0119187 -0.109746 -0.111412
0 -0.0111769 -0.10765 -0.108821
0 -0.0105014 -0.105587 -0.10626
0 -0.00990217 -0.103586 -0.103779
0 -0.00936772 -0.101657 -0.101407
0 -0.00886226 -0.0997917 -0.099142
0 -0.00833759 -0.097965 -0.0969659
0 -0.00775649 -0.0961588 -0.0948647
0 -0.00710133 -0.0943682 -0.0928375
0 -0.0063685 -0.092597 -0.0908892
0 -0.00556304 -0.0908532 -0.0890241
0 -0.0046925 -0.0891427 -0.0872404
0 -0.00376142 -0.0874628 -0.0855244
0 -0.00277083 -0.0858011 -0.0838509
0 -0.00172269 -0.0841407 -0.0821893
0 -0.000626717 -0.0824679 -0.0805131
0 0.000492738 -0.0807808 -0.078809
0 0.00159257 -0.0790954 -0.0770844
0 0.00261805 -0.0774414 -0.0753633
0 0.00351625 -0.0758516 -0.0736757
0 0.00424121 -0.0743585 -0.0720541
0 0.0047573 -0.0729931 -0.0705319
0 0.00504612 -0.0717788 -0.0691369
0 0.00510927 -0.0707281 -0.067888
0 0.0049661 -0.0698445 -0.0667962
0 0.00464851 -0.0691269 -0.0658687
0 0.00419473 -0.0685729 -0.0651123
0 0.00364685 -0.0681798 -0.0645329
0 0.003054 -0.0679386 -0.0641293
0 0.00247364 -0.0678296 -0.0638888
0 0.00196483 -0.0678271 -0.0637911
0 0.00157771 -0.0679069 -0.0638153
0 0.00134576 -0.0680522 -0.0639461
0 0.00128124 -0.0682548 -0.0641759
0 0.00137216 -0.0685147 -0.0645066
0 0.00158214 -0.0688403 -0.0649491
0 0.00185682 -0.0692459 -0.0655205
0 0.00213632 -0.0697446 -0.0662339
0 0.00236867 -0.0703403 -0.06709
0 0.00252164 -0.071021 -0.068068
0 0.00258312 -0.0717608 -0.0691287
0 0.00255018 -0.0725335 -0.0702279
0 0.0024215 -0.0733198 -0.0713263
0 0.00219499 -0.0741101 -0.0723939
0 0.00186853 -0.0749029 -0.073412
0 0.00144129 -0.0757023 -0.0743724
0 0.000913329 -0.0765182 -0.0752785
0 0.000286712 -0.0773638 -0.0761437
0 -0.000430866 -0.0782516 -0.0769862
0 -0.00122446 -0.0791903 -0.0778264
0 -0.00207365 -0.0801844 -0.0786861
0 -0.00295558 -0.081236 -0.0795887
0 -0.00384896 -0.0823465 -0.0805595
0 -0.00473497 -0.0835165 -0.0816225
0 -0.00559622 -0.0847443 -0.0827959
0 -0.00641846 -0.0860282 -0.0840924
0 -0.00719346 -0.0873699 -0.0855215
0 -0.00791989 -0.0887746 -0.0870891
0 -0.00860132 -0.0902492 -0.0887961
0 -0.00924278 -0.0917982 -0.0906363
0 -0.00984975 -0.0934213 -0.0925984
0 -0.0104283 -0.0951136 -0.0946672
0 -0.0109846 -0.0968657 -0.0968221
0 -0.0115235 -0.098665 -0.0990361
0 -0.0120443 -0.100492 -0.101273
0 -0.0125338 -0.102313 -0.103482
0 -0.0129701 -0.104085 -0.105608
0 -0.0133334 -0.105763 -0.107597
0 -0.0136131 -0.107313 -0.109407
0 -0.0138068 -0.108703 -0.111007
0 -0.0139224 -0.109914 -0.11238
0 -0.0139821 -0.110941 -0.113526
0 -0.0140182 -0.111792 -0.114459
0 -0.0140655 -0.112481 -0.115201
0 -0.0141556 -0.113028 -0.115778
0 -0.0143158 -0.113455 -0.116215
0 -0.0145672 -0.113784 -0.11654
0 -0.0149162 -0.114038 -0.116775
0 -0.0153468 -0.114224 -0.116925
0 -0.0158209 -0.114341 -0.116983
0 -0.0162901 -0.114378 -0.116934
0 -0.0167067 -0.11433 -0.11677
0 -0.0170284 -0.114191 -0.116483
0 -0.0172196 -0.113954 -0.116074
0 -0.0172502 -0.113611 -0.115541
0 -0.0170953 -0.113144 -0.114882
0 -0.0167376 -0.112532 -0.11409
0 -0.0161689 -0.111749 -0.113156
0 -0.0153906 -0.110771 -0.112066
0 -0.0144119 -0.109573 -0.110805
0 -0.0132452 -0.108127 -0.109344
0 -0.0119065 -0.106409 -0.107651
0 -0.010417 -0.104402 -0.105693
0 -0.00880361 -0.102096 -0.103438
0 -0.00709739 -0.0994939 -0.10086
0 -0.00533083 -0.0966075 -0.0979428
0 -0.00353575 -0.0934548 -0.0946766
0 -0.00174623 -0.0900621 -0.0910674
0 -2.59202e-06 -0.0864687 -0.0871413
0 0.00165124 -0.0827246 -0.0829439
0 0.00317629 -0.0788849 -0.0785322
0 0.00454014 -0.0750067 -0.0739725
0 0.00571316 -0.0711501 -0.0693452
0 0.00667168 -0.0673713 -0.064742
0 0.0074031 -0.063716 -0.0602556
0 0.00790398 -0.0602208 -0.0559735
0 0.00817612 -0.0569194 -0.0519764
0 0.00822749 -0.0538416 -0.0483325
0 0.00807463 -0.0510131 -0.0450924
0 0.00774243 -0.0484564 -0.0422876
0 0.00726114 -0.0461938 -0.0399332
0 0.00666066 -0.0442527 -0.0380336
0 0.00596717 -0.0426667 -0.0365882
0 0.00520405 -0.041473 -0.0355931
0 0.00439569 -0.0407062 -0.0350405
0 0.00357178 -0.0403915 -0.0349174
0 0.00276871 -0.0405404 -0.0352061
0 0.00202728 -0.0411506 -0.0358867
0 0.00138363 -0.0422055 -0.0369424
0 0.000859828 -0.0436695 -0.0383609
0 0.000462018 -0.0454866 -0.0401311
0 0.000179254 -0.047587 -0.0422412
0 -1.78647e-05 -0.0498989 -0.044679
0 -0.000173993 -0.0523572 -0.0474281
0 -0.000343563 -0.0549098 -0.0504645
0 -0.00058427 -0.0575223 -0.0537535
0 -0.000950613 -0.0601778 -0.0572489
0 -0.00148809 -0.0628761 -0.0608952
0 -0.00222677 -0.0656258 -0.0646322
0 -0.0031795 -0.0684369 -0.0683997
0 -0.00434423 -0.0713196 -0.0721374
0 -0.00570409 -0.0742796 -0.0757881
0 -0.00722818 -0.0773143 -0.0793042
0 -0.00887359 -0.0804101 -0.0826537
0 -0.0105869 -0.0835398 -0.0858187
0 -0.0123057 -0.0866608 -0.0887916
0 -0.0139621 -0.089717 -0.0915718
0 -0.0154916 -0.0926473 -0.0941654
0 -0.01684 -0.0953935 -0.0965854
0 -0.0179651 -0.0979049 -0.0988456
0 -0.018835 -0.100138 -0.100954
0 -0.0194278 -0.102059 -0.102906
0 -0.0197313 -0.103643 -0.104688
0 -0.0197418 -0.104875 -0.10627
0 -0.0194642 -0.105746 -0.10761
0 -0.0189124 -0.106252 -0.108657
0 -0.0181073 -0.106389 -0.109349
0 -0.0170761 -0.106155 -0.109627
0 -0.015853 -0.105542 -0.109433
0 -0.0144819 -0.104547 -0.108725
0 -0.0130182 -0.103173 -0.107479
0 -0.0115273 -0.101428 -0.105697
0 -0.0100809 -0.0993371 -0.103405
0 -0.00874731 -0.0969385 -0.100652
0 -0.00758145 -0.0942832 -0.0975056
0 -0.00661799 -0.0914274 -0.0940388
0 -0.00586654 -0.0884265 -0.0903272
0 -0.00531134 -0.0853304 -0.0864429
0 -0.00491571 -0.0821823 -0.0824537
0 -0.00463083 -0.0790204 -0.0784231
0 -0.0044057 -0.0758822 -0.0744121
0 -0.00419243 -0.0728025 -0.0704839
0 -0.00394996 -0.069809 -0.0667031
0 -0.00364696 -0.0669244 -0.0631305
0 -0.00326299 -0.0641692 -0.0598183
0 -0.00279116 -0.0615659 -0.0568101
0 -0.00223953 -0.0591427 -0.0541427
0 -0.00162627 -0.0569307 -0.0518417
0 -0.000972083 -0.054959 -0.0499167
0 -0.000296892 -0.0532521 -0.0483612
0 0.00037786 -0.051832 -0.0471589
0 0.00102725 -0.0507208 -0.046291
0 0.00162368 -0.0499386 -0.04574
0 0.00213921 -0.0494998 -0.0454906
0 0.00254994 -0.0494048 -0.0455271
0 0.002839 -0.0496358 -0.0458311
0 0.00299485 -0.0501613 -0.0463844
0 0.00300772 -0.0509434 -0.0471726
0 0.00286749 -0.0519453 -0.0481868
0 0.00256463 -0.0531349 -0.0494221
0 0.00209594 -0.0544839 -0.0508711
0 0.0014706 -0.0559635 -0.0525167
0 0.000709691 -0.0575459 -0.054332
0 -0.000158569 -0.0592079 -0.056284
0 -0.00110243 -0.0609317 -0.0583369
0 -0.00208832 -0.0627029 -0.0604538
0 -0.00308364 -0.0645093 -0.0625992
0 -0.00406389 -0.066344 -0.0647468
0 -0.00502205 -0.0682118 -0.0668884
0 -0.00597153 -0.0701312 -0.0690376
0 -0.00694032 -0.0721305 -0.0712246
0 -0.00795705 -0.0742369 -0.0734846
0 -0.00903832 -0.0764653 -0.0758454
0 -0.0101872 -0.0788168 -0.0783245
0 -0.0113923 -0.0812798 -0.0809273
0 -0.0126244 -0.0838264 -0.0836412
0 -0.0138346 -0.0864094 -0.0864305
0 -0.0149568 -0.0889633 -0.0892361
0 -0.0159215 -0.0914153 -0.0919857
0 -0.016672 -0.0937004 -0.094609
0 -0.0171756 -0.0957705 -0.0970479
0 -0.0174262 -0.097598 -0.09926
0 -0.0174416 -0.0991725 -0.101218
0 -0.0172586 -0.100497 -0.102907
0 -0.0169275 -0.101585 -0.104323
0 -0.0165023 -0.102451 -0.105464
0 -0.016031 -0.103102 -0.106328
0 -0.0155494 -0.103536 -0.106907
0 -0.0150809 -0.103744 -0.107188
0 -0.01464 -0.103709 -0.10716
0 -0.0142355 -0.103414 -0.106813
0 -0.0138705 -0.102848 -0.106142
0 -0.0135406 -0.102002 -0.105148
0 -0.0132342 -0.10088 -0.103833
0 -0.0129339 -0.0994948 -0.102207
0 -0.0126187 -0.0978664 -0.100287
0 -0.0122649 -0.0960203 -0.0980916
0 -0.0118475 -0.0939838 -0.0956469
0 -0.0113447 -0.0917848 -0.0929835
0 -0.0107387 -0.0894505 -0.0901371
0 -0.010015 -0.087002 -0.0871443
0 -0.00916142 -0.0844533 -0.084038
0 -0.00816961 -0.0818121 -0.0808452
0 -0.00703772 -0.0790836 -0.0775909
0 -0.00577466 -0.0762748 -0.0743054
0 -0.00440497 -0.0734011 -0.0710262
0 -0.00296858 -0.0704877 -0.0677927
0 -0.00151379 -0.0675668 -0.0646404
0 -8.89011e-05 -0.0646731 -0.0615966
0 0.00126198 -0.0618417 -0.0586798
0 0.0025 -0.0591085 -0.0559027
0 0.00359305 -0.056508 -0.0532739
0 0.00451931 -0.0540695 -0.050797
0 0.00526937 -0.0518135 -0.0484704
0 0.00584425 -0.0497525 -0.0462913
0 0.00625101 -0.0478933 -0.0442603
0 0.006498 -0.046242 -0.0423858
0 0.00659258 -0.044805 -0.0406857
0 0.00654178 -0.0435895 -0.039185
0 0.00635447 -0.0426026 -0.0379122
0 0.00604352 -0.0418497 -0.0368951
0 0.00562688 -0.0413342 -0.0361573
0 0.00512861 -0.0410564 -0.0357149
0 0.00457681 -0.0410149 -0.0355762
0 0.00400026 -0.0412091 -0.0357436
0 0.00342602 -0.0416399 -0.0362145
0 0.00287621 -0.0423105 -0.0369833
0 0.00236474 -0.0432228 -0.0380427
0 0.00189512 -0.0443738 -0.0393832
0 0.00146114 -0.0457543 -0.0409933
0 0.00104882 -0.0473485 -0.0428585
0 0.000638667 -0.0491354 -0.0449607
0 0.000208472 -0.0510895 -0.047277
0 -0.000266697 -0.0531856 -0.0497825
0 -0.00081484 -0.0554041 -0.0524527
0 -0.0014639 -0.0577308 -0.0552639
0 -0.00223717 -0.0601565 -0.0581918
0 -0.00314698 -0.062671 -0.061209
0 -0.00418776 -0.0652572 -0.0642815
0 -0.00533745 -0.0678906 -0.0673694
0 -0.00656631 -0.0705445 -0.0704314
0 -0.00784192 -0.0731938 -0.0734294
0 -0.00913049 -0.075815 -0.0763318
0 -0.0104004 -0.0783872 -0.0791173
0 -0.0116234 -0.0808907 -0.0817736
0 -0.0127734 -0.0833054 -0.0842933
0 -0.0138264 -0.0856096 -0.0866716
0 -0.014764 -0.0877834 -0.0889074
0 -0.015575 -0.0898104 -0.0910026
0 -0.0162549 -0.0916781 -0.0929602
0 -0.0168048 -0.0933784 -0.0947828
0 -0.0172312 -0.0949075 -0.0964713
0 -0.0175431 -0.0962647 -0.098023
0 -0.0177482 -0.0974485 -0.0994285
0 -0.0178512 -0.0984543 -0.100671
0 -0.0178562 -0.0992771 -0.101729
0 -0.0177694 -0.0999128 -0.102582
0 -0.0175998 -0.100358 -0.103213
0 -0.0173593 -0.100611 -0.103605
0 -0.0170619 -0.100669 -0.10375
0 -0.0167213 -0.100528 -0.103641
0 -0.0163511 -0.100186 -0.103275
0 -0.0159658 -0.0996419 -0.102656
0 -0.0155803 -0.0989013 -0.101795
0 -0.0152086 -0.0979797 -0.100713
0 -0.0148594 -0.0968964 -0.0994304
0 -0.014532 -0.0956707 -0.0979692
0 -0.0142168 -0.094321 -0.0963486
0 -0.0138993 -0.0928656 -0.0945885
0 -0.0135621 -0.0913228 -0.0927101
0 -0.0131887 -0.0897111 -0.0907371
0 -0.0127653 -0.0880489 -0.0886964
0 -0.0122812 -0.0863525 -0.0866149
0 -0.0117285 -0.0846354 -0.0845184
0 -0.0111027 -0.082908 -0.0824291
0 -0.0104047 -0.0811796 -0.0803665
0 -0.00964386 -0.0794618 -0.07835
0 -0.00883609 -0.0777666 -0.0763989
0 -0.00799845 -0.0761039 -0.074529
0 -0.0071456 -0.07448 -0.0727505
0 -0.00629016 -0.0728998 -0.0710674
0 -0.0054441 -0.0713677 -0.069478
0 -0.00461863 -0.0698876 -0.0679755
0 -0.00382333 -0.0684619 -0.0665479
0 -0.00306577 -0.0670916 -0.0651805
0 -0.00235176 -0.0657769 -0.0638581
0 -0.00168469 -0.0645159 -0.0625662
0 -0.00106521 -0.0633044 -0.061292
0 -0.000493088 -0.0621373 -0.0600265
0 2.895e-05 -0.0610127 -0.058769
0 0.000491871 -0.059936 -0.0575301
0 0.000882435 -0.0589178 -0.0563294
0 0.00118616 -0.057973 -0.0551926
0 0.00138783 -0.0571205 -0.0541502
0 0.00147442 -0.0563816 -0.053234
0 0.00143949 -0.055776 -0.0524724
0 0.00128713 -0.0553179 -0.0518855
0 0.00103448 -0.055013 -0.051482
0 0.000712496 -0.0548558 -0.0512567
0 0.000363134 -0.0548306 -0.051192
0 2.99964e-05 -0.0549174 -0.0512649
0 -0.00025205 -0.0551008 -0.0514562
0 -0.000463361 -0.0553729 -0.0517553
0 -0.000603806 -0.0557361 -0.0521634
0 -0.000692751 -0.0562006 -0.0526931
0 -0.000763831 -0.0567818 -0.0533642
0 -0.000856581 -0.0574948 -0.0541968
0 -0.00100731 -0.0583488 -0.0552046
0 -0.00124205 -0.0593441 -0.0563897
0 -0.00157314 -0.0604704 -0.05774
0 -0.00200067 -0.0617105 -0.0592327
0 -0.00251731 -0.0630451 -0.0608395
0 -0.00311147 -0.0644557 -0.0625305
0 -0.00376775 -0.0659241 -0.0642756
0 -0.0044691 -0.0674327 -0.0660471
0 -0.00519843 -0.0689651 -0.067821
0 -0.00593782 -0.0705041 -0.0695763
0 -0.00667191 -0.0720351 -0.0712968
0 -0.00739188 -0.0735489 -0.0729741
0 -0.00809234 -0.075038 -0.0746043
0 -0.00876612 -0.076492 -0.0761828
0 -0.0094031 -0.0778969 -0.0777027
0 -0.00999178 -0.0792364 -0.0791553
0 -0.0105202 -0.0804933 -0.0805296
0 -0.0109754 -0.0816486 -0.0818113
0 -0.0113464 -0.0826845 -0.0829843
0 -0.011628 -0.0835878 -0.0840349
0 -0.0118224 -0.0843521 -0.0849535
0 -0.0119386 -0.084977 -0.0857341
0 -0.0119883 -0.0854649 -0.086372
0 -0.0119835 -0.0858191 -0.0868624
0 -0.0119345 -0.0860416 -0.0871992
0 -0.0118476 -0.0861315 -0.0873743
0 -0.0117266 -0.0860863 -0.0873797
0 -0.0115747 -0.0859043 -0.0872101
0 -0.0113965 -0.0855871 -0.0868656
0 -0.0111969 -0.0851397 -0.0863514
0 -0.01098 -0.0845698 -0.0856764
0 -0.0107511 -0.0838895 -0.0848558
0 -0.0105158 -0.0831144 -0.0839091
0 -0.010276 -0.0822593 -0.0828563
0 -0.0100295 -0.0813376 -0.0817167
0 -0.00977354 -0.0803633 -0.0805106
0 -0.00950809 -0.0793542 -0.0792625
0 -0.00923799 -0.0783335 -0.0780013
0 -0.0089696 -0.0773253 -0.0767565
0 -0.00870644 -0.0763499 -0.075553
0 -0.00844762 -0.0754214 -0.074409
0 -0.0081866 -0.074546 -0.0733344
0 -0.00790953 -0.073719 -0.0723295
0 -0.00760044 -0.0729304 -0.0713894
0 -0.00724784 -0.0721706 -0.0705096
0 -0.00684545 -0.0714314 -0.0696849
0 -0.0063934 -0.0707072 -0.0689111
0 -0.00590078 -0.0699979 -0.0681866
0 -0.00538462 -0.0693086 -0.067512
0 -0.00486781 -0.0686487 -0.0668901
0 -0.00437569 -0.0680297 -0.0663234
0 -0.00393279 -0.0674637 -0.0658141
0 -0.00356326 -0.0669647 -0.0653662
0 -0.00328977 -0.0665494 -0.0649869
0 -0.00312931 -0.0662333 -0.0646842
0 -0.00309015 -0.0660279 -0.0644645
0 -0.00317101 -0.0659398 -0.0643326
0 -0.00336053 -0.0659696 -0.0642905
0 -0.00363896 -0.0661117 -0.0643382
0 -0.00398026 -0.0663553 -0.0644738
0 -0.00435466 -0.0666854 -0.0646937
0 -0.00473392 -0.0670862 -0.0649952
0 -0.00509614 -0.0675447 -0.0653786
0 -0.00542887 -0.0680533 -0.065848
0 -0.00572903 -0.0686097 -0.0664104
0 -0.00599802 -0.0692123 -0.0670692
0 -0.00623638 -0.0698552 -0.0678199
0 -0.00644185 -0.0705275 -0.0686479
0 -0.00661086 -0.0712141 -0.0695305
0 -0.00674049 -0.0718985 -0.0704408
0 -0.00683056 -0.0725652 -0.0713517
0 -0.00688425 -0.0732005 -0.0722386
0 -0.00690662 -0.073792 -0.0730785
0 -0.00690592 -0.07433 -0.0738513
0 -0.0068963 -0.0748108 -0.0745436
0 -0.00689676 -0.0752372 -0.0751491
0 -0.00692678 -0.0756159 -0.0756669
0 -0.00700201 -0.0759538 -0.0760984
0 -0.00713165 -0.0762559 -0.0764462
0 -0.00731835 -0.0765259 -0.0767144
0 -0.00755822 -0.0767656 -0.0769086
0 -0.00784311 -0.0769771 -0.077037
0 -0.00816476 -0.0771665 -0.0771141
0 -0.00851411 -0.0773427 -0.077158
0 -0.00887939 -0.0775141 -0.0771873
0 -0.00924581 -0.0776875 -0.0772186
0 -0.00959702 -0.0778675 -0.077266
0 -0.00991605 -0.0780561 -0.0773401
0 -0.0101851 -0.0782507 -0.0774458
0 -0.0103895 -0.078447 -0.0775853
0 -0.0105192 -0.0786402 -0.0777584
0 -0.0105685 -0.0788234 -0.0779614
0 -0.0105359 -0.0789883 -0.0781872
0 -0.0104228 -0.0791238 -0.0784236
0 -0.0102319 -0.0792159 -0.0786523
0 -0.00996754 -0.0792488 -0.0788503
0 -0.00963752 -0.0792076 -0.0789926
0 -0.00925352 -0.0790804 -0.0790546
0 -0.00883228 -0.0788611 -0.0790157
0 -0.0083951 -0.0785503 -0.0788612
0 -0.00796456 -0.0781533 -0.0785823
0 -0.00756141 -0.0776783 -0.0781752
0 -0.00720335 -0.0771357 -0.0776418
0 -0.00690353 -0.0765372 -0.0769891
0 -0.0066679 -0.0758928 -0.0762273
0 -0.00649325 -0.0752092 -0.0753673
0 -0.00636819 -0.0744899 -0.0744208
0 -0.00627473 -0.0737355 -0.0733992
0 -0.00619019 -0.0729445 -0.0723134
0 -0.00609002 -0.0721134 -0.0711725
0 -0.00595 -0.0712384 -0.0699857
0 -0.00574888 -0.0703165 -0.0687632
0 -0.00547195 -0.0693478 -0.0675195
0 -0.00511258 -0.0683357 -0.0662717
0 -0.00467064 -0.0672854 -0.0650352
0 -0.00415349 -0.0662061 -0.0638239
0 -0.00357808 -0.0651133 -0.0626521
0 -0.00296856 -0.0640275 -0.0615339
0 -0.0023526 -0.0629714 -0.0604808
0 -0.00175964 -0.0619693 -0.059503
0 -0.00121942 -0.0610464 -0.0586106
0 -0.000760255 -0.0602281 -0.0578144
0 -0.00040672 -0.0595382 -0.0571265
0 -0.000175663 -0.0589956 -0.0565573
0 -7.35066e-05 -0.058611 -0.0561143
0 -9.53508e-05 -0.0583863 -0.0558014
0 -0.000225898 -0.0583151 -0.0556185
0 -0.000445249 -0.0583874 -0.0555661
0 -0.000735874 -0.0585959 -0.0556503
0 -0.0010855 -0.0589388 -0.0558834
0 -0.00148552 -0.0594174 -0.0562806
0 -0.00192693 -0.0600314 -0.0568536
0 -0.00239815 -0.0607763 -0.0576073
0 -0.00288635 -0.0616441 -0.0585393
0 -0.00337777 -0.0626232 -0.0596394
0 -0.00385865 -0.0636982 -0.0608899
0 -0.00431813 -0.0648527 -0.0622683
0 -0.00474921 -0.0660698 -0.0637487
0 -0.00514938 -0.0673328 -0.0653034
0 -0.00552088 -0.0686258 -0.0669045
0 -0.00586941 -0.069933 -0.0685252
0 -0.00620198 -0.0712378 -0.0701402
0 -0.00652414 -0.0725226 -0.0717255
0 -0.00683983 -0.0737695 -0.0732575
0 -0.00715273 -0.0749614 -0.0747136
0 -0.00746716 -0.0760837 -0.0760737
0 -0.00778831 -0.0771262 -0.0773224
0 -0.00812025 -0.078082 -0.0784481
0 -0.00846551 -0.0789473 -0.0794438
0 -0.00882521 -0.0797212 -0.0803071
0 -0.00919833 -0.0804051 -0.0810402
0 -0.00958231 -0.0810023 -0.0816494
0 -0.00997271 -0.0815175 -0.0821444
0 -0.0103632 -0.0819564 -0.082537
0 -0.0107465 -0.0823261 -0.0828414
0 -0.0111135 -0.0826336 -0.0830719
0 -0.0114535 -0.082885 -0.0832418
0 -0.0117553 -0.083086 -0.0833634
0 -0.012011 -0.0832438 -0.0834498
0 -0.0122165 -0.0833673 -0.0835149
0 -0.0123693 -0.0834642 -0.0835701
0 -0.0124674 -0.0835393 -0.0836229
0 -0.0125096 -0.0835947 -0.0836766
0 -0.0124964 -0.0836306 -0.0837313
0 -0.0124309 -0.083646 -0.0837848
0 -0.0123198 -0.0836404 -0.0838341
0 -0.0121718 -0.083613 -0.0838746
0 -0.0119957 -0.0835613 -0.083899
0 -0.0117974 -0.083479 -0.0838957
0 -0.0115805 -0.0833576 -0.08385
0 -0.0113465 -0.083187 -0.0837458
0 -0.0110957 -0.0829563 -0.0835666
0 -0.0108279 -0.0826557 -0.0832972
0 -0.0105436 -0.0822774 -0.0829261
0 -0.0102457 -0.0818178 -0.0824465
0 -0.00994041 -0.0812785 -0.0818588
0 -0.00963602 -0.0806663 -0.081169
0 -0.00933919 -0.0799888 -0.0803861
0 -0.00905346 -0.0792541 -0.0795199
0 -0.0087803 -0.078471 -0.0785826
0 -0.008519 -0.0776491 -0.0775874
0 -0.00826623 -0.0767977 -0.0765477
0 -0.00801829 -0.0759271 -0.0754784
0 -0.00777225 -0.0750492 -0.0743956
0 -0.00752347 -0.0741735 -0.0733132
0 -0.00726488 -0.0733059 -0.0722415
0 -0.00698718 -0.0724478 -0.071187
0 -0.00667835 -0.0715961 -0.0701521
0 -0.00632645 -0.0707444 -0.0691367
0 -0.00592412 -0.0698875 -0.0681412
0 -0.00547198 -0.0690245 -0.067169
0 -0.00497928 -0.0681598 -0.0662264
0 -0.00446104 -0.0673014 -0.0653202
0 -0.00393524 -0.066459 -0.0644563
0 -0.00342174 -0.0656443 -0.0636392
0 -0.00294102 -0.0648706 -0.0628736
0 -0.00251172 -0.064151 -0.0621629
0 -0.00214838 -0.063497 -0.0615095
0 -0.00186005 -0.0629172 -0.0609143
0 -0.00164993 -0.0624169 -0.0603773
0 -0.00151549 -0.0619975 -0.0598977
0 -0.00145045 -0.0616586 -0.0594763
0 -0.00144795 -0.0614002 -0.0591171
0 -0.00150021 -0.061222 -0.0588271
0 -0.00159872 -0.0611235 -0.0586146
0 -0.00173567 -0.0611051 -0.0584897
0 -0.00190457 -0.0611683 -0.0584634
0 -0.00210058 -0.0613163 -0.058547
0 -0.00232008 -0.0615529 -0.0587505
0 -0.00255829 -0.0618799 -0.0590791
0 -0.00280859 -0.0622956 -0.0595326
0 -0.00306537 -0.0627969 -0.0601069
0 -0.00332376 -0.063379 -0.0607941
0 -0.00357933 -0.0640343 -0.0615824
0 -0.00383127 -0.0647559 -0.0624594
0 -0.00408431 -0.0655394 -0.063415
0 -0.00434868 -0.0663838 -0.0644422
0 -0.00463734 -0.0672895 -0.0655358
0 -0.00496263 -0.0682559 -0.0666906
0 -0.0053335 -0.0692796 -0.0678999
0 -0.00575109 -0.070351 -0.0691519
0 -0.00620869 -0.0714551 -0.0704303
0 -0.00669522 -0.0725752 -0.0717174
0 -0.00719769 -0.0736944 -0.0729955
0 -0.00770516 -0.0747985 -0.07425
0 -0.00821036 -0.0758778 -0.0754709
0 -0.00870693 -0.0769247 -0.0766505
0 -0.00918659 -0.0779305 -0.0777801
0 -0.00963824 -0.0788843 -0.0788489
0 -0.0100499 -0.0797739 -0.0798451
0 -0.0104117 -0.0805886 -0.0807584
0 -0.010717 -0.0813195 -0.0815805
0 -0.0109613 -0.0819585 -0.0823038
0 -0.0111419 -0.0824981 -0.0829214
0 -0.0112595 -0.0829327 -0.0834281
0 -0.0113183 -0.0832602 -0.0838213
0 -0.011327 -0.083482 -0.0841017
0 -0.0112952 -0.0836015 -0.084271
0 -0.0112311 -0.0836214 -0.0843299
0 -0.0111417 -0.0835445 -0.0842786
0 -0.0110346 -0.0833764 -0.0841199
0 -0.0109196 -0.0831274 -0.083861
0 -0.0108045 -0.082809 -0.0835107
0 -0.0106943 -0.0824322 -0.0830778
0 -0.0105911 -0.0820078 -0.0825722
0 -0.010494 -0.0815455 -0.0820042
0 -0.0103982 -0.0810524 -0.0813832
0 -0.0102955 -0.0805323 -0.0807171
0 -0.0101751 -0.079986 -0.0800124
0 -0.0100252 -0.0794121 -0.0792742
0 -0.00983446 -0.0788075 -0.0785062
0 -0.00959415 -0.0781689 -0.0777119
0 -0.00930011 -0.077495 -0.0768955
0 -0.00895299 -0.076786 -0.076062
0 -0.00855842 -0.076045 -0.075217
0 -0.00812356 -0.0752748 -0.0743641
0 -0.00765427 -0.0744757 -0.0735027
0 -0.00715592 -0.0736473 -0.0726295
0 -0.00663473 -0.0727894 -0.07174
0 -0.00609976 -0.0719049 -0.0708316
0 -0.00556298 -0.0709996 -0.0699036
0 -0.00503701 -0.0700811 -0.0689565
0 -0.00453361 -0.0691577 -0.0679911
0 -0.00406253 -0.0682377 -0.0670091
0 -0.00363108 -0.0673292 -0.0660136
0 -0.00324415 -0.0664398 -0.0650095
0 -0.00290409 -0.0655763 -0.0640039
0 -0.00261133 -0.0647452 -0.0630068
0 -0.00236642 -0.0639543 -0.0620324
0 -0.00217091 -0.0632135 -0.0610994
0 -0.00202579 -0.0625333 -0.0602286
0 -0.00193085 -0.0619246 -0.0594406
0 -0.00188462 -0.0613981 -0.0587549
0 -0.00188573 -0.0609659 -0.0581904
0 -0.00193266 -0.0606406 -0.0577642
0 -0.00202096 -0.060432 -0.0574881
0 -0.0021431 -0.0603465 -0.057368
0 -0.00229096 -0.0603883 -0.057406
0 -0.00245761 -0.0605604 -0.0576018
0 -0.0026392 -0.060865 -0.0579545
0 -0.00283668 -0.0613044 -0.0584635
0 -0.00305489 -0.0618794 -0.0591288
0 -0.0033003 -0.0625884 -0.059948
0 -0.00357926 -0.0634258 -0.0609164
0 -0.00389668 -0.0643822 -0.0620252
0 -0.00425553 -0.0654451 -0.0632621
0 -0.00465647 -0.0665995 -0.0646109
0 -0.00509749 -0.0678283 -0.0660522
0 -0.00557403 -0.0691132 -0.0675638
0 -0.00608044 -0.0704358 -0.0691231
0 -0.00661121 -0.0717805 -0.0707096
0 -0.00716034 -0.0731331 -0.0723046
0 -0.00771975 -0.0744792 -0.0738888
0 -0.00827833 -0.075802 -0.0754404
0 -0.0088208 -0.0770815 -0.0769347
0 -0.00932769 -0.0782943 -0.0783437
0 -0.00978013 -0.0794172 -0.0796408
0 -0.0101656 -0.0804324 -0.0808059
0 -0.010479 -0.081328 -0.0818267
0 -0.0107223 -0.0820974 -0.0826974
0 -0.0109012 -0.0827368 -0.0834168
0 -0.0110211 -0.0832418 -0.0839836
0 -0.0110873 -0.0836088 -0.0843968
0 -0.0111077 -0.0838375 -0.0846587
0 -0.0110891 -0.083929 -0.0847717
0 -0.0110366 -0.0838853 -0.0847376
0 -0.0109553 -0.0837109 -0.0845596
0 -0.0108482 -0.0834126 -0.0842414
0 -0.0107165 -0.0829982 -0.0837873
0 -0.010562 -0.0824795 -0.0832045
0 -0.010388 -0.0818713 -0.0825051
0 -0.0101979 -0.0811905 -0.081704
0 -0.00999143 -0.0804505 -0.080815
0 -0.00976273 -0.0796589 -0.0798486
0 -0.00950459 -0.078821 -0.0788152
0 -0.00921155 -0.0779418 -0.0777266
0 -0.00888056 -0.0770268 -0.0765962
0 -0.00851096 -0.0760815 -0.0754373
0 -0.00810484 -0.0751123 -0.0742633
0 -0.00766812 -0.0741272 -0.0730885
0 -0.00721039 -0.0731368 -0.0719281
0 -0.00674336 -0.0721525 -0.0707977
0 -0.0062807 -0.0711882 -0.0697133
0 -0.00583771 -0.0702602 -0.0686909
0 -0.00542885 -0.0693853 -0.0677445
0 -0.00506635 -0.0685792 -0.0668849
0 -0.0047601 -0.0678567 -0.0661206
0 -0.00451659 -0.0672308 -0.0654578
0 -0.00433921 -0.066712 -0.064901
0 -0.0042293 -0.0663094 -0.064455
0 -0.00418683 -0.0660304 -0.0641251
0 -0.0042116 -0.065882 -0.0639191
0 -0.0043017 -0.0658686 -0.0638446
0 -0.00445153 -0.0659899 -0.0639071
0 -0.00465169 -0.0662407 -0.0641087
0 -0.0048902 -0.0666112 -0.0644477
0 -0.00515502 -0.0670894 -0.06492
0 -0.00543317 -0.06766 -0.0655173
0 -0.00571107 -0.068305 -0.0662259
0 -0.00597945 -0.069008 -0.0670312
0 -0.00623428 -0.0697556 -0.0679187
0 -0.00647407 -0.0705354 -0.0688715
0 -0.00669999 -0.0713358 -0.0698715
0 -0.006915 -0.0721466 -0.0709006
0 -0.00712183 -0.0729575 -0.0719405
0 -0.00732153 -0.0737568 -0.0729711
0 -0.00751255 -0.07453 -0.0739702
0 -0.0076922 -0.0752618 -0.0749143
0 -0.00785688 -0.0759368 -0.0757803
0 -0.00800277 -0.07654 -0.0765462
0 -0.00812757 -0.0770593 -0.0771948
0 -0.00822929 -0.0774843 -0.077712
0 -0.00830605 -0.0778057 -0.0780878
0 -0.00835644 -0.0780163 -0.0783165
0 -0.00837912 -0.0781105 -0.0783959
0 -0.00837235 -0.0780843 -0.0783269
0 -0.00833416 -0.0779359 -0.0781128
0 -0.00826462 -0.0776683 -0.0777616
0 -0.00816676 -0.0772902 -0.0772861
0 -0.00804399 -0.0768135 -0.0767011
0 -0.00789932 -0.0762521 -0.0760222
0 -0.00773574 -0.0756218 -0.0752662
0 -0.00755493 -0.0749385 -0.0744491
0 -0.0073566 -0.0742162 -0.073585
0 -0.0071392 -0.0734672 -0.0726863
0 -0.0069011 -0.0727019 -0.0717646
0 -0.0066416 -0.0719297 -0.0708315
0 -0.00636036 -0.0711585 -0.0698981
0 -0.00605834 -0.0703953 -0.068976
0 -0.00573961 -0.0696479 -0.0680785
0 -0.00541031 -0.0689238 -0.0672191
0 -0.0050764 -0.0682285 -0.0664086
0 -0.004743 -0.0675654 -0.0656544
0 -0.00441466 -0.0669368 -0.0649605
0 -0.00409676 -0.066346 -0.0643291
0 -0.00379652 -0.0657983 -0.063762
0 -0.00352115 -0.0652994 -0.0632595
0 -0.00327625 -0.0648543 -0.0628201
0 -0.00306579 -0.0644665 -0.0624406
0 -0.00289251 -0.0641391 -0.0621179
0 -0.00275959 -0.0638756 -0.0618509
0 -0.00266994 -0.0636794 -0.0616406
0 -0.00262593 -0.0635536 -0.0614894
0 -0.00263096 -0.0635027 -0.0614036
0 -0.00268856 -0.0635314 -0.0613917
0 -0.00280103 -0.0636445 -0.0614632
0 -0.00296956 -0.0638462 -0.0616281
0 -0.00319323 -0.0641397 -0.0618954
0 -0.00346796 -0.0645261 -0.0622713
0 -0.00378737 -0.0650046 -0.0627593
0 -0.00414542 -0.0655748 -0.0633618
0 -0.00453743 -0.0662374 -0.064081
0 -0.00495785 -0.0669914 -0.0649159
0 -0.00539884 -0.0678319 -0.0658602
0 -0.00585227 -0.0687516 -0.0669045
0 -0.0063124 -0.0697432 -0.0680386
0 -0.00677554 -0.0707983 -0.0692517
0 -0.00723944 -0.0719076 -0.070532
0 -0.00770262 -0.0730611 -0.0718679
0 -0.00816222 -0.0742465 -0.073246
0 -0.00861535 -0.0754507 -0.0746527
0 -0.00906172 -0.0766622 -0.0760759
0 -0.00950374 -0.0778718 -0.0775051
0 -0.00994553 -0.079073 -0.0789304
0 -0.0103894 -0.0802589 -0.0803402
0 -0.0108325 -0.081419 -0.081718
0 -0.0112676 -0.0825404 -0.0830441
0 -0.0116855 -0.083609 -0.0842987
0 -0.0120765 -0.0846108 -0.0854632
0 -0.0124308 -0.0855314 -0.0865204
0 -0.0127402 -0.0863578 -0.0874566
0 -0.0129996 -0.0870792 -0.0882622
0 -0.0132052 -0.0876858 -0.0889298
0 -0.0133538 -0.0881681 -0.0894537
0 -0.0134448 -0.0885191 -0.0898307
0 -0.0134795 -0.0887341 -0.0900599
0 -0.0134606 -0.0888105 -0.0901417
0 -0.0133905 -0.0887469 -0.090076
0 -0.0132698 -0.0885415 -0.0898613
0 -0.013098 -0.088194 -0.0894949
0 -0.0128743 -0.087706 -0.0889751
0 -0.0125985 -0.0870815 -0.0883012
0 -0.0122697 -0.086325 -0.0874729
0 -0.0118861 -0.0854407 -0.0864906
0 -0.0114464 -0.0844336 -0.0853564
0 -0.0109498 -0.0833084 -0.0840742
0 -0.0103949 -0.0820687 -0.0826489
0 -0.00978284 -0.0807189 -0.0810881
0 -0.00911939 -0.0792676 -0.0794053
0 -0.00841506 -0.0777278 -0.0776191
0 -0.00768157 -0.0761144 -0.0757501
0 -0.00693086 -0.074444 -0.0738199
0 -0.0061762 -0.0727353 -0.0718505
0 -0.00543135 -0.0710073 -0.0698638
0 -0.00470866 -0.0692789 -0.0678802
0 -0.00401878 -0.067569 -0.0659207
0 -0.00337234 -0.0658978 -0.0640078
0 -0.00278013 -0.064287 -0.0621655
0 -0.00225096 -0.0627574 -0.0604169
0 -0.00178994 -0.0613278 -0.0587822
0 -0.00139765 -0.0600129 -0.0572776
0 -0.00107054 -0.0588236 -0.0559151
0 -0.000801755 -0.0577672 -0.0547027
0 -0.000582726 -0.0568479 -0.053646
0 -0.000406557 -0.05607 -0.0527503
0 -0.000270032 -0.0554397 -0.0520231
0 -0.000172656 -0.0549636 -0.0514725
0 -0.000115899 -0.0546486 -0.051106
0 -0.000103357 -0.0545016 -0.0509316
0 -0.000140032 -0.0545294 -0.0509563
0 -0.000230569 -0.0547365 -0.0511847
0 -0.000378036 -0.0551222 -0.0516172
0 -0.000583945 -0.0556814 -0.0522506
0 -0.000847644 -0.0564048 -0.0530766
0 -0.00116491 -0.0572774 -0.0540814
0 -0.00152869 -0.0582803 -0.0552458
0 -0.00193191 -0.0593935 -0.0565485
0 -0.00236824 -0.0605973 -0.0579667
0 -0.0028314 -0.0618721 -0.0594762
0 -0.00331488 -0.0631982 -0.0610514
0 -0.00381339 -0.0645574 -0.0626673
0 -0.00432395 -0.0659345 -0.0643016
0 -0.00484569 -0.0673167 -0.0659355
0 -0.00538027 -0.068695 -0.0675555
0 -0.00593031 -0.0700634 -0.0691523
0 -0.00649701 -0.0714169 -0.0707183
0 -0.00707843 -0.0727491 -0.0722447
0 -0.0076679 -0.0740498 -0.0737196
0 -0.00825472 -0.0753062 -0.0751296
0 -0.00882647 -0.0765055 -0.0764619
0 -0.0093694 -0.0776349 -0.0777048
0 -0.00986924 -0.0786813 -0.0788473
0 -0.0103133 -0.0796326 -0.0798805
0 -0.0106917 -0.0804784 -0.0807972
0 -0.0109988 -0.081211 -0.0815935
0 -0.0112354 -0.081828 -0.0822701
0 -0.0114064 -0.0823304 -0.08283
0 -0.011518 -0.0827194 -0.0832758
0 -0.0115764 -0.0829974 -0.0836092
0 -0.0115886 -0.0831669 -0.0838313
0 -0.0115602 -0.0832306 -0.0839417
0 -0.0114962 -0.0831911 -0.0839393
0 -0.0114026 -0.0830532 -0.0838248
0 -0.0112855 -0.0828236 -0.0836006
0 -0.0111506 -0.0825105 -0.0832708
0 -0.0110044 -0.0821246 -0.082843
0 -0.0108509 -0.0816758 -0.0823255
0 -0.0106898 -0.0811711 -0.0817251
0 -0.0105181 -0.0806153 -0.0810488
0 -0.0103322 -0.0800132 -0.0803051
0 -0.0101293 -0.07937 -0.0795047
0 -0.00990697 -0.0786912 -0.0786593
0 -0.00966391 -0.0779829 -0.0777814
0 -0.00940076 -0.0772523 -0.0768842
0 -0.00912014 -0.0765079 -0.0759815
0 -0.008826 -0.0757591 -0.0750863
0 -0.00852267 -0.0750147 -0.07421
0 -0.0082137 -0.0742824 -0.0733612
0 -0.00790253 -0.073569 -0.0725466
0 -0.00759324 -0.0728812 -0.0717723
0 -0.00729027 -0.0722256 -0.0710435
0 -0.00699782 -0.0716077 -0.0703643
0 -0.00671961 -0.0710327 -0.0697376
0 -0.00645909 -0.0705049 -0.0691655
0 -0.00621839 -0.0700271 -0.0686486
0 -0.00599696 -0.0695987 -0.0681846
0 -0.0057916 -0.0692157 -0.0677681
0 -0.00559776 -0.0688719 -0.0673924
0 -0.00541109 -0.0685603 -0.0670505
0 -0.00522807 -0.0682736 -0.0667358
0 -0.00504686 -0.0680055 -0.0664427
0 -0.00486912 -0.0677526 -0.066169
0 -0.00469858 -0.0675135 -0.0659137
0 -0.00453912 -0.0672872 -0.0656762
0 -0.00439539 -0.0670745 -0.0654566
0 -0.00427203 -0.0668772 -0.0652557
0 -0.00417267 -0.0666976 -0.065074
0 -0.00409989 -0.0665384 -0.0649122
0 -0.00405601 -0.0664038 -0.0647721
0 -0.00404364 -0.0662994 -0.0646576
0 -0.0040657 -0.0662324 -0.0645745
0 -0.00412443 -0.0662105 -0.0645301
0 -0.00421937 -0.0662392 -0.0645307
0 -0.0043466 -0.0663212 -0.0645808
0 -0.0045 -0.0664568 -0.0646834
0 -0.00467156 -0.0666437 -0.0648401
0 -0.00485191 -0.0668774 -0.0650505
0 -0.00503309 -0.067153 -0.0653142
0 -0.00521121 -0.0674677 -0.0656326
0 -0.00538633 -0.0678212 -0.0660084
0 -0.00555981 -0.0682127 -0.0664429
0 -0.00573342 -0.0686407 -0.0669349
0 -0.00591006 -0.0691039 -0.067482
0 -0.00609321 -0.0696008 -0.0680803
0 -0.00628564 -0.0701289 -0.0687239
0 -0.00648825 -0.0706838 -0.0694043
0 -0.00669898 -0.0712584 -0.0701099
0 -0.00691316 -0.0718432 -0.0708272
0 -0.00712539 -0.0724281 -0.071542
0 -0.00733027 -0.0730025 -0.0722405
0 -0.00752283 -0.073556 -0.0729094
0 -0.00770068 -0.0740798 -0.0735384
0 -0.00786456 -0.0745686 -0.0741206
0 -0.00801587 -0.0750174 -0.0746504
0 -0.00815413 -0.0754203 -0.0751216
0 -0.00827713 -0.0757704 -0.0755273
0 -0.00838299 -0.0760619 -0.0758621
0 -0.00847151 -0.0762919 -0.0761235
0 -0.00854446 -0.0764605 -0.0763124
0 -0.00860499 -0.0765708 -0.0764321
0 -0.00865631 -0.0766274 -0.0764875
0 -0.00870068 -0.0766352 -0.0764839
0 -0.00873854 -0.0765992 -0.0764263
0 -0.00876842 -0.0765234 -0.0763189
0 -0.00878746 -0.0764115 -0.0761658
0 -0.00879149 -0.0762659 -0.0759702
0 -0.00877636 -0.0760887 -0.0757357
0 -0.00873862 -0.0758821 -0.0754661
0 -0.00867429 -0.0756467 -0.0751643
0 -0.00857785 -0.07538 -0.0748304
0 -0.00844327 -0.0750775 -0.0744624
0 -0.00826647 -0.0747347 -0.0740582
0 -0.00804631 -0.0743484 -0.0736166
0 -0.00778478 -0.0739171 -0.0731371
0 -0.00748843 -0.073443 -0.0726224
0 -0.00716986 -0.0729338 -0.0720794
0 -0.00684488 -0.072401 -0.071518
0 -0.00652779 -0.0718553 -0.0709462
0 -0.00622977 -0.0713061 -0.07037
0 -0.0059589 -0.0707615 -0.0697935
0 -0.00571997 -0.0702282 -0.0692194
0 -0.00551471 -0.069712 -0.0686497
0 -0.00534373 -0.0692196 -0.0680883
0 -0.00520658 -0.0687581 -0.0675406
0 -0.00510044 -0.0683331 -0.0670127
0 -0.00502093 -0.0679484 -0.0665114
0 -0.00496288 -0.0676067 -0.0660445
0 -0.0049207 -0.0673089 -0.0656205
0 -0.00488924 -0.0670554 -0.0652479
0 -0.00486411 -0.0668461 -0.0649351
0 -0.00484196 -0.0666806 -0.0646892
0 -0.00482205 -0.0665602 -0.064517
0 -0.00480715 -0.0664893 -0.0644254
0 -0.00480303 -0.0664746 -0.0644209
0 -0.00481696 -0.0665237 -0.0645085
0 -0.00485523 -0.0666434 -0.0646899
0 -0.00492159 -0.0668371 -0.0649622
0 -0.00501677 -0.0671046 -0.0653186
0 -0.0051389 -0.0674424 -0.0657493
0 -0.00528474 -0.0678441 -0.0662431
0 -0.0054507 -0.0683018 -0.0667891
0 -0.0056334 -0.0688062 -0.0673766
0 -0.00582944 -0.069347 -0.0679958
0 -0.00603691 -0.0699144 -0.0686388
0 -0.00625675 -0.0705015 -0.0693011
0 -0.0064909 -0.0711033 -0.0699801
0 -0.00674004 -0.0717146 -0.0706726
0 -0.00700325 -0.0723302 -0.0713744
0 -0.00727846 -0.0729451 -0.0720806
0 -0.0075625 -0.0735543 -0.0727856
0 -0.00785042 -0.0741523 -0.0734822
0 -0.00813568 -0.074733 -0.0741619
0 -0.00841101 -0.0752903 -0.0748158
0 -0.0086686 -0.0758178 -0.0754343
0 -0.00890079 -0.0763086 -0.0760079
0 -0.00910158 -0.0767568 -0.0765286
0 -0.00926645 -0.0771566 -0.0769898
0 -0.00939177 -0.0775016 -0.0773849
0 -0.00947514 -0.0777852 -0.0777084
0 -0.009515 -0.0780003 -0.0779547
0 -0.00951153 -0.078141 -0.0781195
0 -0.00946777 -0.0782034 -0.0782007
0 -0.00938827 -0.0781857 -0.0781973
0 -0.00927812 -0.0780873 -0.0781088
0 -0.00914216 -0.0779086 -0.0779346
0 -0.00898488 -0.0776515 -0.0776748
0 -0.00881199 -0.0773212 -0.0773315
0 -0.00862887 -0.0769249 -0.0769087
0 -0.00843915 -0.0764697 -0.0764105
0 -0.00824561 -0.0759641 -0.0758426
0 -0.00804949 -0.0754162 -0.0752116
0 -0.00784993 -0.0748331 -0.0745244
0 -0.00764469 -0.0742207 -0.0737882
0 -0.00743239 -0.0735859 -0.0730127
0 -0.00721372 -0.072937 -0.0722101
0 -0.00699071 -0.0722829 -0.0713941
0 -0.00676729 -0.0716333 -0.0705803
0 -0.00654889 -0.0709993 -0.0697856
0 -0.0063414 -0.0703924 -0.0690274
0 -0.0061502 -0.0698235 -0.0683224
0 -0.00597935 -0.0693029 -0.0676853
0 -0.00583044 -0.0688379 -0.0671272
0 -0.00570156 -0.0684329 -0.0666538
0 -0.0055882 -0.0680888 -0.0662657
0 -0.00548625 -0.0678062 -0.0659618
0 -0.00539431 -0.0675874 -0.0657409
0 -0.0053139 -0.0674355 -0.0656025
0 -0.00524948 -0.0673552 -0.065547
0 -0.00520606 -0.0673496 -0.0655742
0 -0.00518719 -0.0674191 -0.0656815
0 -0.00519586 -0.0675615 -0.0658652
0 -0.00523517 -0.0677741 -0.066122
0 -0.00530838 -0.0680536 -0.0664489
0 -0.00541822 -0.0683962 -0.0668428
0 -0.00556612 -0.0687973 -0.0673001
0 -0.0057521 -0.069252 -0.0678168
0 -0.00597397 -0.069754 -0.0683872
0 -0.0062271 -0.0702963 -0.0690042
0 -0.00650643 -0.0708724 -0.0696609
0 -0.00680618 -0.0714764 -0.0703504
0 -0.00711807 -0.0721005 -0.0710637
0 -0.00743247 -0.0727357 -0.0717904
0 -0.00773959 -0.0733725 -0.0725198
0 -0.00802993 -0.0740007 -0.0732411
0 -0.00829546 -0.0746102 -0.0739437
0 -0.00853073 -0.0751923 -0.0746186
0 -0.00873427 -0.0757406 -0.0752594
0 -0.00890926 -0.0762527 -0.0758634
0 -0.00906182 -0.0767283 -0.0764295
0 -0.0091982 -0.0771675 -0.0769569
0 -0.00932298 -0.0775691 -0.0774427
0 -0.00943858 -0.0779305 -0.0778828
0 -0.00954503 -0.0782483 -0.0782713
0 -0.00964022 -0.0785177 -0.0786012
0 -0.00972166 -0.0787348 -0.0788663
0 -0.0097882 -0.0788977 -0.0790631
0 -0.00983939 -0.079006 -0.0791902
0 -0.00987452 -0.0790598 -0.0792472
0 -0.00989255 -0.0790592 -0.0792348
0 -0.00989215 -0.0790047 -0.0791546
0 -0.00987163 -0.0788968 -0.0790089
0 -0.00982713 -0.0787341 -0.0787985
0 -0.00975189 -0.0785124 -0.0785214
0 -0.00963828 -0.0782261 -0.0781745
0 -0.00947888 -0.0778693 -0.0777538
0 -0.00926624 -0.0774351 -0.0772539
0 -0.00899531 -0.0769176 -0.0766702
0 -0.00866567 -0.0763146 -0.0760007
0 -0.00828128 -0.0756273 -0.0752462
0 -0.00784993 -0.0748603 -0.0744104
0 -0.00738211 -0.0740212 -0.073499
0 -0.00689002 -0.0731199 -0.0725197
0 -0.00638559 -0.0721671 -0.0714804
0 -0.00587966 -0.0711725 -0.0703883
0 -0.00538107 -0.0701449 -0.0692497
0 -0.00489535 -0.0690913 -0.0680693
0 -0.00442657 -0.0680194 -0.0668527
0 -0.00397812 -0.0669388 -0.0656082
0 -0.00355276 -0.0658597 -0.0643467
0 -0.00315335 -0.0647931 -0.0630826
0 -0.00278241 -0.0637502 -0.0618326
0 -0.00244044 -0.0627406 -0.0606136
0 -0.00212572 -0.0617717 -0.0594409
0 -0.00183703 -0.0608517 -0.0583305
0 -0.00157455 -0.0599902 -0.0572984
0 -0.00133944 -0.0591979 -0.05636
0 -0.00113518 -0.0584877 -0.0555309
0 -0.000967013 -0.0578738 -0.0548264
0 -0.000840819 -0.057371 -0.0542599
0 -0.000762735 -0.056994 -0.0538436
0 -0.000738067 -0.0567559 -0.0535873
0 -0.000770422 -0.0566674 -0.0534979
0 -0.000861155 -0.0567361 -0.0535798
0 -0.00100906 -0.0569651 -0.0538339
0 -0.0012104 -0.0573522 -0.0542579
0 -0.00146034 -0.0578914 -0.0548469
0 -0.00175471 -0.0585739 -0.0555955
0 -0.00209019 -0.0593892 -0.056497
0 -0.00246382 -0.0603252 -0.0575432
0 -0.00287285 -0.0613683 -0.0587236
0 -0.00331591 -0.0625057 -0.0600268
0 -0.00379403 -0.0637271 -0.0614418
0 -0.00430925 -0.0650238 -0.0629568
0 -0.00486292 -0.0663877 -0.0645584
0 -0.00545444 -0.0678102 -0.0662309
0 -0.00608118 -0.0692816 -0.0679575
0 -0.00673823 -0.0707912 -0.0697215
0 -0.00741618 -0.0723254 -0.071504
0 -0.00810246 -0.0738684 -0.0732849
0 -0.00878445 -0.0754039 -0.0750453
0 -0.00944934 -0.0769156 -0.0767668
0 -0.0100842 -0.078387 -0.0784319
0 -0.010678 -0.079802 -0.0800251
0 -0.011222 -0.0811468 -0.081533
0 -0.0117104 -0.0824086 -0.0829447
0 -0.0121394 -0.0835762 -0.0842507
0 -0.0125085 -0.0846405 -0.0854444
0 -0.0128198 -0.0855947 -0.0865208
0 -0.013076 -0.0864329 -0.0874749
0 -0.0132794 -0.0871493 -0.0883009
0 -0.0134313 -0.0877381 -0.0889916
0 -0.0135324 -0.0881937 -0.089539
0 -0.0135829 -0.0885113 -0.0899354
0 -0.0135838 -0.0886878 -0.090174
0 -0.0135374 -0.0887221 -0.0902504
0 -0.0134486 -0.088617 -0.0901642
0 -0.0133251 -0.0883793 -0.0899197
0 -0.0131735 -0.0880178 -0.089523
0 -0.0129981 -0.0875415 -0.0889814
0 -0.0128006 -0.0869595 -0.0883031
0 -0.0125804 -0.0862802 -0.0874972
0 -0.0123348 -0.0855115 -0.0865737
0 -0.0120595 -0.0846602 -0.085543
0 -0.0117493 -0.0837322 -0.0844163
0 -0.0113998 -0.082734 -0.0832061
0 -0.0110088 -0.081673 -0.0819266
0 -0.0105768 -0.0805577 -0.0805932
0 -0.0101066 -0.079398 -0.0792215
0 -0.00960207 -0.0782038 -0.0778258
0 -0.0090678 -0.0769842 -0.0764178
0 -0.00850924 -0.0757482 -0.0750074
0 -0.00793274 -0.0745049 -0.0736034
0 -0.00734547 -0.0732633 -0.0722135
0 -0.00675574 -0.0720327 -0.0708455
0 -0.00617223 -0.0708226 -0.0695071
0 -0.00560306 -0.0696421 -0.0682054
0 -0.00505631 -0.0684997 -0.0669468
0 -0.00454013 -0.0674039 -0.0657384
0 -0.0040614 -0.0663624 -0.0645862
0 -0.00362503 -0.0653813 -0.0634954
0 -0.00323458 -0.064466 -0.0624712
0 -0.00289271 -0.0636221 -0.0615193
0 -0.00260083 -0.0628544 -0.0606456
0 -0.00235848 -0.0621667 -0.0598552
0 -0.00216366 -0.0615618 -0.0591529
0 -0.00201364 -0.0610424 -0.0585432
0 -0.00190499 -0.0606104 -0.0580305
0 -0.00183348 -0.0602669 -0.057618
0 -0.00179463 -0.0600126 -0.0573083
0 -0.00178455 -0.0598479 -0.0571034
0 -0.00180001 -0.0597733 -0.0570048
0 -0.00183788 -0.0597882 -0.0570125
0 -0.0018958 -0.0598917 -0.0571255
0 -0.00197294 -0.060082 -0.0573424
0 -0.00207019 -0.0603572 -0.0576611
0 -0.00218973 -0.0607148 -0.058079
0 -0.00233383 -0.0611511 -0.0585917
0 -0.0025046 -0.0616609 -0.0591935
0 -0.00270412 -0.0622388 -0.0598773
0 -0.00293412 -0.062879 -0.0606352
0 -0.00319538 -0.0635752 -0.0614582
0 -0.00348757 -0.0643205 -0.0623363
0 -0.00380944 -0.0651082 -0.0632596
0 -0.00415897 -0.0659314 -0.0642181
0 -0.00453324 -0.0667833 -0.0652024
0 -0.00492853 -0.067657 -0.0662036
0 -0.00534069 -0.0685457 -0.0672141
0 -0.00576522 -0.0694428 -0.0682271
0 -0.00619727 -0.070342 -0.069237
0 -0.00663177 -0.0712375 -0.0702386
0 -0.00706357 -0.072124 -0.0712276
0 -0.00748779 -0.0729962 -0.0721996
0 -0.00789998 -0.073849 -0.0731508
0 -0.0082961 -0.0746774 -0.0740776
0 -0.00867249 -0.0754768 -0.0749761
0 -0.00902565 -0.0762427 -0.0758423
0 -0.00935211 -0.0769705 -0.0766714
0 -0.00964903 -0.077656 -0.0774582
0 -0.00991437 -0.0782951 -0.0781975
0 -0.0101469 -0.078884 -0.0788839
0 -0.0103464 -0.0794194 -0.0795122
0 -0.0105135 -0.0798984 -0.0800776
0 -0.0106494 -0.0803181 -0.0805755
0 -0.0107558 -0.0806762 -0.0810016
0 -0.0108342 -0.08097 -0.0813524
0 -0.0108867 -0.0811975 -0.0816246
0 -0.010915 -0.0813567 -0.0818161
0 -0.0109209 -0.0814464 -0.0819253
0 -0.0109058 -0.0814657 -0.0819515
0 -0.0108708 -0.0814144 -0.0818949
0 -0.0108169 -0.0812931 -0.0817562
0 -0.0107443 -0.0811037 -0.0815375
0 -0.010653 -0.0808486 -0.0812413
0 -0.0105423 -0.0805311 -0.0808708
0 -0.0104113 -0.0801549 -0.0804302
0 -0.0102591 -0.0797242 -0.0799239
0 -0.0100847 -0.0792433 -0.0793574
0 -0.00988744 -0.0787169 -0.0787365
0 -0.00966691 -0.0781496 -0.0780674
0 -0.0094235 -0.0775463 -0.0773567
0 -0.00915813 -0.0769117 -0.0766112
0 -0.00887233 -0.0762506 -0.0758376
0 -0.00856828 -0.0755675 -0.0750424
0 -0.0082487 -0.0748673 -0.0742321
0 -0.00791683 -0.0741548 -0.0734126
0 -0.00757629 -0.0734349 -0.0725894
0 -0.00723111 -0.0727124 -0.0717681
0 -0.00688552 -0.0719922 -0.0709536
0 -0.00654381 -0.0712791 -0.0701506
0 -0.00621013 -0.0705779 -0.0693639
0 -0.00588834 -0.0698937 -0.0685977
0 -0.00558187 -0.0692318 -0.0678563
0 -0.0052937 -0.068597 -0.0671439
0 -0.00502637 -0.0679943 -0.0664648
0 -0.0047819 -0.067428 -0.0658232
0 -0.00456182 -0.0669022 -0.0652235
0 -0.00436715 -0.0664209 -0.06467
0 -0.00419844 -0.0659872 -0.0641673
0 -0.00405579 -0.065604 -0.0637194
0 -0.00393887 -0.0652739 -0.0633303
0 -0.00384705 -0.0649988 -0.0630035
0 -0.00377942 -0.0647803 -0.062742
0 -0.00373487 -0.0646197 -0.062548
0 -0.0037122 -0.0645178 -0.0624233
0 -0.00371026 -0.0644747 -0.0623686
0 -0.00372796 -0.0644906 -0.0623839
0 -0.00376442 -0.0645649 -0.0624685
0 -0.00381907 -0.0646963 -0.0626211
0 -0.00389171 -0.0648834 -0.0628394
0 -0.00398237 -0.0651237 -0.0631206
0 -0.00409128 -0.0654148 -0.0634615
0 -0.00421873 -0.0657533 -0.0638579
0 -0.00436501 -0.066136 -0.0643055
0 -0.00453026 -0.0665591 -0.0647994
0 -0.00471439 -0.0670186 -0.0653344
0 -0.00491699 -0.0675103 -0.0659052
0 -0.00513724 -0.06803 -0.0665064
0 -0.00537388 -0.0685731 -0.0671327
0 -0.00562521 -0.0691354 -0.0677788
0 -0.00588907 -0.0697122 -0.0684395
0 -0.00616289 -0.0702991 -0.06911
0 -0.00644369 -0.070892 -0.0697857
0 -0.00672815 -0.0714869 -0.0704622
0 -0.00701283 -0.0720797 -0.0711351
0 -0.00729429 -0.0726668 -0.0718004
0 -0.00756929 -0.0732442 -0.0724542
0 -0.00783482 -0.073808 -0.0730926
0 -0.00808818 -0.0743543 -0.073712
0 -0.00832699 -0.0748792 -0.0743087
0 -0.00854922 -0.0753789 -0.0748791
0 -0.00875321 -0.0758499 -0.0754195
0 -0.00893771 -0.0762887 -0.0759262
0 -0.00910187 -0.0766924 -0.0763956
0 -0.00924527 -0.0770582 -0.0768242
0 -0.00936783 -0.0773836 -0.0772084
0 -0.00946985 -0.0776666 -0.0775453
0 -0.0095518 -0.0779053 -0.0778318
0 -0.00961432 -0.0780982 -0.0780653
