0 -0.000183687 0.0739506 0.0738615
0 -0.000177114 0.0740117 0.0739455
0 -0.000164855 0.0740742 0.0740297
0 -0.000128035 0.0741561 0.0741313
0 -6.17374e-05 0.0742631 0.0742551
0 3.13843e-05 0.0743944 0.0743993
0 0.000133787 0.0745352 0.0745488
0 0.000208381 0.0746506 0.0746687
0 0.000235134 0.074721 0.0747402
0 0.000225669 0.0747562 0.0747745
0 0.000192343 0.0747656 0.0747823
0 0.000139756 0.0747496 0.074766
0 7.88914e-05 0.0747151 0.0747335
0 2.01921e-05 0.0746691 0.0746923
0 -3.24665e-05 0.0746129 0.0746436
0 -6.50368e-05 0.0745595 0.0745993
0 -6.46211e-05 0.0745231 0.0745717
0 -2.89105e-05 0.074509 0.074564
0 4.13676e-05 0.074522 0.0745783
0 0.000139861 0.0745621 0.074613
0 0.000256806 0.074627 0.0746643
0 0.000383332 0.0747147 0.0747303
0 0.000501358 0.0748132 0.0748003
0 0.000561076 0.0748758 0.0748304
0 0.000521155 0.0748601 0.0747821
0 0.000391878 0.0747699 0.0746642
0 0.000193748 0.0746158 0.0744918
0 -6.05565e-05 0.0743979 0.0742688
0 -0.000348989 0.0741252 0.0740059
0 -0.000659443 0.0737976 0.0737024
0 -0.000981034 0.0734153 0.0733556
0 -0.0012737 0.073011 0.0729924
0 -0.00148212 0.0726377 0.0726578
0 -0.00155871 0.0723473 0.0723949
0 -0.00148569 0.07217 0.0722242
0 -0.00128601 0.0721017 0.072134
0 -0.00102092 0.072104 0.0720803
0 -0.0007513 0.0721389 0.0720238
0 -0.000473811 0.0722291 0.0719913
0 -0.000180347 0.0723985 0.0720154
0 6.42238e-05 0.0725923 0.0720549
0 0.000193226 0.0727463 0.0720625
0 0.000169275 0.0728163 0.0720124
0 -2.72153e-05 0.0727665 0.0718864
0 -0.000343787 0.0726267 0.0717277
0 -0.00069061 0.0724622 0.0716081
0 -0.00100294 0.0723167 0.0715693
0 -0.00120924 0.0722478 0.071658
0 -0.00124584 0.0723142 0.0719163
0 -0.00109774 0.0725367 0.0723439
0 -0.000776509 0.0729185 0.0729221
0 -0.000339035 0.0734238 0.0735941
0 9.53677e-05 0.0739548 0.0742461
0 0.000411547 0.0744121 0.0747688
0 0.000550789 0.0747413 0.075107
0 0.00049863 0.0749192 0.0752452
0 0.000265012 0.0749354 0.0751873
0 -8.35327e-05 0.0748273 0.0749891
0 -0.000445195 0.0746654 0.0747401
0 -0.000761823 0.0744794 0.0744863
0 -0.00100532 0.074277 0.0742462
0 -0.00113986 0.0740839 0.0740497
0 -0.00112782 0.0739402 0.0739329
0 -0.000950597 0.0738804 0.07392
0 -0.000637086 0.0739025 0.0739937
0 -0.000263029 0.0739644 0.0740955
0 0.000109069 0.0740378 0.0741824
0 0.000462917 0.0741378 0.0742591
0 0.000776786 0.0742681 0.0743253
0 0.00100462 0.0743993 0.0743549
0 0.00111663 0.0745078 0.0743347
0 0.00111309 0.0745888 0.0742762
0 0.00099472 0.0746279 0.0741851
0 0.000727185 0.0745676 0.0740239
0 0.000282481 0.0743489 0.0737517
0 -0.000277046 0.0739994 0.0734086
0 -0.000822464 0.0736153 0.0730949
0 -0.00124107 0.0732849 0.0728937
0 -0.00148201 0.0730475 0.07283
0 -0.00155716 0.0728932 0.0728723
0 -0.00149258 0.0728096 0.0729824
0 -0.00130411 0.0728034 0.0731401
0 -0.00100296 0.0728911 0.0733383
0 -0.000606277 0.0730861 0.0735724
0 -0.00018188 0.0733487 0.0737945
0 0.000148624 0.0735784 0.0739065
0 0.000291773 0.0736904 0.073837
0 0.000239116 0.0736703 0.0735943
0 3.62537e-05 0.0735456 0.0732345
0 -0.000255401 0.0733521 0.0728239
0 -0.000559882 0.0731382 0.0724393
0 -0.000790088 0.0729677 0.072166
0 -0.000888456 0.0728842 0.0720592
0 -0.000853398 0.0728874 0.0721177
0 -0.000723732 0.0729481 0.0722997
0 -0.000569399 0.0730133 0.0725316
0 -0.000446492 0.0730463 0.072752
0 -0.000371917 0.0730482 0.0729367
0 -0.000354002 0.0730244 0.0730688
0 -0.000418058 0.0729567 0.0731132
0 -0.000585578 0.0728225 0.0730377
0 -0.000822255 0.0726469 0.0728655
0 -0.00105685 0.0724864 0.0726581
0 -0.00123527 0.0723792 0.0724639
0 -0.00132673 0.0723416 0.0723133
0 -0.00129348 0.0724018 0.0722496
0 -0.00108675 0.0726066 0.072334
0 -0.000701037 0.0729686 0.0725913
0 -0.000233508 0.0734058 0.0729484
0 0.000190518 0.0738106 0.0733032
0 0.000534754 0.0741632 0.0736384
0 0.000805491 0.0744824 0.0739728
0 0.000999594 0.0747733 0.0743093
0 0.00110572 0.075028 0.0746362
0 0.00107542 0.0751947 0.0748973
0 0.000873648 0.0752273 0.0750414
0 0.000531512 0.0751379 0.0750756
0 0.000123392 0.0749769 0.0750451
0 -0.000250117 0.0748209 0.0750203
0 -0.000507631 0.0747318 0.0750562
0 -0.0006332 0.0747138 0.0751489
0 -0.000678273 0.0747114 0.0752339
0 -0.00071576 0.0746522 0.0752309
0 -0.000768389 0.0745164 0.075114
0 -0.000789805 0.0743553 0.0749307
0 -0.000700594 0.074257 0.0747684
0 -0.000432743 0.0743041 0.0747123
0 -1.17231e-06 0.0745032 0.0747743
0 0.000500556 0.0747861 0.0748947
0 0.00101237 0.0751187 0.0750499
0 0.00150465 0.0754944 0.0752473
0 0.00194889 0.0759031 0.0754922
0 0.00232661 0.0763382 0.0757947
0 0.00257203 0.0767379 0.0761088
0 0.00260555 0.0770161 0.0763618
0 0.00240414 0.0771321 0.0765215
0 0.00198723 0.0770766 0.0765816
0 0.00142203 0.0768815 0.07657
0 0.000806806 0.0766078 0.0765372
0 0.000181383 0.0762612 0.0764716
0 -0.000487493 0.0757793 0.0762879
0 -0.00119313 0.0751445 0.0759406
0 -0.00182355 0.0744512 0.0754938
0 -0.00222946 0.0738424 0.0750603
0 -0.00234401 0.0733937 0.07469
0 -0.00219844 0.0730971 0.0743579
0 -0.00182859 0.0729504 0.0740563
0 -0.00124012 0.0729887 0.0738275
0 -0.000450913 0.0732388 0.0737174
0 0.000426831 0.0736346 0.073687
0 0.00119974 0.0740239 0.0736183
0 0.00173536 0.0743019 0.0734479
0 0.00200066 0.0744447 0.0731988
0 0.00200201 0.0744502 0.0729146
0 0.00177351 0.0743322 0.072644
0 0.00136746 0.0741157 0.0724307
0 0.000854388 0.073842 0.0723152
0 0.00035456 0.0736055 0.072372
0 -2.85388e-05 0.073492 0.072651
0 -0.000290176 0.0734976 0.0731032
0 -0.000490573 0.0735587 0.0736186
0 -0.000682475 0.0736203 0.0740995
0 -0.000883561 0.0736614 0.074487
0 -0.00110279 0.0736663 0.0747352
0 -0.00132973 0.0736344 0.0748255
0 -0.00152626 0.0735884 0.074778
0 -0.00165597 0.0735478 0.0746233
0 -0.00168632 0.0735302 0.0744014
0 -0.00161387 0.0735294 0.0741355
0 -0.00147518 0.0735063 0.0738169
0 -0.00129973 0.0734359 0.0734491
0 -0.00111384 0.0733022 0.0730401
0 -0.000936357 0.0731018 0.0726049
0 -0.000723493 0.072898 0.0722196
0 -0.000438182 0.0727537 0.0719523
0 -0.00012502 0.072655 0.0717876
0 0.000157571 0.0725763 0.0716918
0 0.000410102 0.0725487 0.0716839
0 0.000675042 0.0726411 0.0718197
0 0.00092407 0.0728457 0.07208
0 0.00105262 0.0730687 0.0723627
0 0.00100811 0.0732542 0.0726089
0 0.000820279 0.0734138 0.0728322
0 0.000552861 0.0735824 0.0730725
0 0.000230765 0.0737495 0.0733259
0 -0.00016266 0.0738604 0.0735434
0 -0.000569149 0.0739347 0.073748
0 -0.000878526 0.0740484 0.0740156
0 -0.001054 0.0742128 0.0743525
0 -0.00109466 0.0744142 0.0747356
0 -0.00100494 0.0746456 0.0751436
0 -0.000841096 0.0748581 0.0755106
0 -0.000643054 0.0750258 0.0757938
0 -0.000398988 0.0751786 0.0760084
0 -0.000138939 0.0753061 0.0761347
0 4.09229e-05 0.0753293 0.0760915
0 7.42388e-05 0.0751923 0.0758286
0 6.63655e-06 0.0749437 0.0754067
0 -2.82714e-05 0.0747167 0.0749755
0 0.000125344 0.0746702 0.0747119
0 0.000537483 0.0748861 0.0747156
0 0.00108779 0.0752651 0.0749032
0 0.00156633 0.0756205 0.075102
0 0.00182509 0.0758206 0.0751926
0 0.00182497 0.0758309 0.0751494
0 0.00163853 0.075717 0.0750433
0 0.00134628 0.0755454 0.0749402
0 0.000973788 0.0753239 0.0748421
0 0.000552473 0.0750646 0.0747499
0 0.000130162 0.0747963 0.0746779
0 -0.000243358 0.0745523 0.074642
0 -0.00053204 0.0743567 0.0746479
0 -0.000724205 0.0742149 0.0746821
0 -0.000827565 0.0741176 0.0747183
0 -0.000872822 0.0740365 0.0747149
0 -0.000866232 0.0739697 0.0746622
0 -0.000793091 0.073938 0.0745793
0 -0.000670506 0.0739313 0.0744614
0 -0.000536064 0.0739188 0.0742891
0 -0.00043436 0.0738617 0.0740385
0 -0.000405621 0.0737226 0.0736901
0 -0.000451945 0.0734992 0.0732602
0 -0.000547304 0.0732153 0.0727905
0 -0.000678255 0.072882 0.0723067
0 -0.000849714 0.0724926 0.0718126
0 -0.00103921 0.0720699 0.0713347
0 -0.00117986 0.0716845 0.0709415
0 -0.00125901 0.071358 0.0706455
0 -0.00134714 0.0710317 0.0703753
0 -0.00150351 0.0706573 0.0700674
0 -0.00172922 0.0702406 0.069713
0 -0.00196902 0.0698394 0.0693578
0 -0.00217116 0.0695055 0.0690448
0 -0.00233654 0.0692365 0.0687669
0 -0.00247379 0.0690206 0.0685124
0 -0.0025575 0.0688795 0.0683068
0 -0.00252493 0.0688735 0.0682178
0 -0.0023095 0.0690712 0.0683235
0 -0.00189201 0.069501 0.0686627
0 -0.00133017 0.0701199 0.0692034
0 -0.00076442 0.0708042 0.0698315
0 -0.000375038 0.0713844 0.0703867
0 -0.000304323 0.0717168 0.0707328
0 -0.000590282 0.0717453 0.0708195
0 -0.00112106 0.0715503 0.0707293
0 -0.00169481 0.071297 0.0706245
0 -0.00216754 0.0710966 0.0706075
0 -0.00246064 0.0710052 0.0707203
0 -0.00251963 0.0710684 0.0709903
0 -0.00236544 0.0712702 0.0713814
0 -0.00208127 0.0715434 0.0718064
0 -0.00174941 0.0718269 0.0721877
0 -0.00140262 0.0721102 0.0725031
0 -0.00102455 0.0724296 0.0727853
0 -0.00062304 0.0727944 0.0730479
0 -0.000240348 0.0731752 0.0732738
0 0.000101515 0.0735576 0.0734672
0 0.00038259 0.0739237 0.073633
0 0.000534895 0.074201 0.0737241
0 0.000477543 0.0742962 0.0736716
0 0.000215959 0.0741944 0.0734813
0 -0.000155022 0.0739659 0.0732372
0 -0.000615967 0.0736062 0.0729389
0 -0.00124473 0.0730149 0.0724788
0 -0.00200096 0.0722096 0.0718585
0 -0.00267061 0.0713865 0.07125
0 -0.00302618 0.0707685 0.0708472
0 -0.00292725 0.0705131 0.0707752
0 -0.00229361 0.0707418 0.0711245
0 -0.00109786 0.0715469 0.0719613
0 0.000581426 0.072932 0.0732728
0 0.00257368 0.0748174 0.0749772
0 0.00465144 0.0770619 0.0769503
0 0.00653621 0.0794508 0.0790155
0 0.00795396 0.0817357 0.0809818
0 0.00870699 0.0837003 0.0827018
0 0.008711 0.0851963 0.0840971
0 0.00797326 0.0861275 0.0851292
0 0.00659651 0.0864655 0.085802
0 0.00483769 0.0863249 0.0862311
0 0.00299695 0.0858721 0.0865529
0 0.0012363 0.0851627 0.0867619
0 -0.000435268 0.084132 0.0867042
0 -0.00210034 0.0826507 0.0861427
0 -0.00380582 0.080643 0.084892
0 -0.00540492 0.0782436 0.0829883
0 -0.00660941 0.075752 0.0806546
0 -0.00719541 0.0734346 0.0781106
0 -0.00706394 0.0714669 0.0755204
0 -0.00622331 0.069947 0.0730104
0 -0.00483716 0.0688377 0.0706103
0 -0.00320567 0.067971 0.06825
0 -0.0015878 0.0672095 0.0659112
0 -8.10133e-05 0.0665548 0.0637316
0 0.00127777 0.0660472 0.0618909
0 0.00239987 0.06566 0.0604839
0 0.00311813 0.0652739 0.0594768
0 0.00327031 0.0647571 0.0587779
0 0.00289245 0.0641576 0.058426
0 0.00225754 0.0637448 0.0586355
0 0.00168657 0.0638256 0.0596239
0 0.00138155 0.0645828 0.0614644
0 0.00140431 0.0660563 0.0640823
0 0.00170087 0.0681634 0.0672917
0 0.00215703 0.0707476 0.0708605
0 0.00265092 0.0736276 0.074564
0 0.00302352 0.0765697 0.0781509
0 0.00311318 0.0793209 0.0813715
0 0.00282831 0.0816764 0.0840468
0 0.00221288 0.0835531 0.0861333
0 0.0015095 0.0850694 0.0877919
0 0.000956237 0.0863591 0.0891929
0 0.000542721 0.0873348 0.0902743
0 0.000176622 0.087853 0.0909054
0 -0.000120611 0.0879065 0.0910788
0 -0.000385955 0.087452 0.090739
0 -0.00080713 0.0863181 0.0896884
0 -0.00155826 0.0843635 0.0877484
0 -0.00268324 0.0815843 0.084874
0 -0.00400593 0.0782001 0.0812467
0 -0.00520235 0.0745866 0.0772147
0 -0.00613406 0.0709478 0.0729685
0 -0.00691488 0.0672439 0.0684735
0 -0.00764709 0.0634463 0.0637232
0 -0.00837815 0.0595732 0.058775
0 -0.00913637 0.0556483 0.0537108
0 -0.00979795 0.0518328 0.0487683
0 -0.0101212 0.0484003 0.0443034
0 -0.00996052 0.0455358 0.0405752
0 -0.00937825 0.0432298 0.0376305
0 -0.00859391 0.0413274 0.0353461
0 -0.00781179 0.0396931 0.0335905
0 -0.00706262 0.0383648 0.0323784
0 -0.00621996 0.037539 0.031859
0 -0.00517841 0.0373961 0.032148
0 -0.00404063 0.0379106 0.0331481
0 -0.00308174 0.0388763 0.0345835
0 -0.00249436 0.040137 0.0362465
0 -0.00227533 0.0416777 0.0381021
0 -0.00229936 0.0435518 0.0402167
0 -0.00231507 0.0458996 0.0427704
0 -0.00200074 0.0489146 0.0460118
0 -0.0012019 0.0526297 0.0500305
0 -5.6375e-05 0.056805 0.0546311
0 0.00120796 0.0611334 0.0595293
0 0.00254069 0.0655093 0.0646175
0 0.00406031 0.0700178 0.0699597
0 0.00585439 0.0747358 0.0755981
0 0.0077453 0.0794983 0.0813183
0 0.00936715 0.0839624 0.0867168
0 0.010544 0.0879684 0.0915722
0 0.0113452 0.0915874 0.0959032
0 0.0118603 0.0948968 0.0997499
0 0.0120459 0.0978269 0.103024
0 0.0117688 0.100199 0.105552
0 0.0109893 0.101906 0.107248
0 0.00977733 0.102927 0.108132
0 0.00831396 0.103343 0.108334
0 0.00699692 0.103456 0.108206
0 0.00627561 0.103641 0.108166
0 0.00641729 0.10413 0.10848
0 0.00752806 0.105053 0.109294
0 0.00958975 0.106487 0.110675
0 0.0123737 0.108369 0.11253
0 0.0154191 0.110442 0.114559
0 0.0182836 0.11246 0.116481
0 0.0207388 0.114348 0.118205
0 0.0226371 0.116058 0.119689
0 0.0237934 0.11745 0.120823
0 0.024052 0.118361 0.121487
0 0.0233677 0.118676 0.121624
0 0.0218061 0.118329 0.121227
0 0.0194844 0.117266 0.120291
0 0.0165425 0.115439 0.11879
0 0.0131846 0.112869 0.116731
0 0.00972525 0.109707 0.114215
0 0.00654793 0.106216 0.111424
0 0.00388407 0.10257 0.108424
0 0.00163291 0.0986753 0.105
0 -0.000466671 0.0943204 0.100825
0 -0.00252869 0.089459 0.095763
0 -0.0044337 0.0842801 0.0899564
0 -0.00601492 0.0790234 0.0836466
0 -0.007306 0.073732 0.076925
0 -0.00852081 0.0682638 0.0697385
0 -0.00982557 0.0625103 0.0620962
0 -0.0112362 0.0564929 0.0541573
0 -0.0126836 0.0502978 0.0461603
0 -0.0141327 0.043966 0.0382911
0 -0.0155914 0.037493 0.0306592
0 -0.0170592 0.0308855 0.0233391
0 -0.0186073 0.0240848 0.0162864
0 -0.0203527 0.0169903 0.00936234
0 -0.0222564 0.00965884 0.00253948
0 -0.0240927 0.00233785 -0.00405209
0 -0.0256218 -0.00470301 -0.0102776
0 -0.0267236 -0.0113054 -0.0161138
0 -0.0273655 -0.0173958 -0.0216059
0 -0.0274968 -0.0228854 -0.0267534
0 -0.0270701 -0.0276896 -0.0315206
0 -0.0261195 -0.0317999 -0.0359058
0 -0.0247149 -0.0352373 -0.039897
0 -0.0228932 -0.0379857 -0.0434112
0 -0.0206701 -0.0400007 -0.0463145
0 -0.0181722 -0.0413405 -0.048566
0 -0.01567 -0.0421981 -0.0502652
0 -0.0133964 -0.0427086 -0.0514791
0 -0.0114828 -0.0428962 -0.0521883
0 -0.010013 -0.0427707 -0.0523642
0 -0.00907295 -0.0423887 -0.0520311
0 -0.00874991 -0.0418313 -0.0512658
0 -0.00903476 -0.0411108 -0.0501031
0 -0.00978029 -0.0401542 -0.0484985
0 -0.0107468 -0.0388471 -0.0463638
0 -0.0117564 -0.0371646 -0.0437045
0 -0.012852 -0.0353107 -0.0407667
0 -0.0141222 -0.0335368 -0.0378555
0 -0.015428 -0.0318635 -0.035053
0 -0.0165186 -0.030185 -0.0323136
0 -0.0172862 -0.0285121 -0.0297017
0 -0.0176648 -0.0268642 -0.0272833
0 -0.0173992 -0.0250325 -0.0248895
0 -0.0162135 -0.0227396 -0.0222704
0 -0.0141156 -0.0199412 -0.0193915
0 -0.0113356 -0.016775 -0.0163796
0 -0.00800783 -0.0132569 -0.0132193
0 -0.00400834 -0.00912469 -0.00959978
0 0.000781435 -0.00410051 -0.00518099
0 0.00614293 0.00176453 5.95668e-05
0 0.0116534 0.00819587 0.0059311
0 0.0169904 0.0149713 0.0123024
0 0.0219064 0.0218856 0.0190564
0 0.0261422 0.028679 0.0260031
0 0.0295315 0.0351571 0.0329824
0 0.0320367 0.0412238 0.0398899
0 0.033664 0.0468072 0.0466071
0 0.0344793 0.0519045 0.053053
0 0.0346288 0.0566175 0.0592229
0 0.0342394 0.061043 0.0650877
0 0.0333529 0.0651873 0.0705271
0 0.0319598 0.0689866 0.0753709
0 0.0301365 0.0724322 0.0795441
0 0.0280614 0.0755916 0.0830907
0 0.0258528 0.078465 0.0860236
0 0.0235596 0.0809806 0.0883153
0 0.0211875 0.0830137 0.0899138
0 0.018606 0.0842868 0.0906363
0 0.0156001 0.0844206 0.0902066
0 0.0120831 0.0831589 0.0884584
0 0.00826061 0.0805489 0.0855007
0 0.0046125 0.0769372 0.0817109
0 0.0016381 0.0727472 0.0775048
0 -0.00040854 0.068258 0.0730987
0 -0.00156079 0.0635665 0.0684765
0 -0.00200248 0.0586955 0.0635242
0 -0.00192572 0.0536992 0.0581664
0 -0.00147899 0.0486839 0.0524165
0 -0.000688106 0.0438618 0.0464511
0 0.000573683 0.0395656 0.0406337
0 0.00233706 0.0359985 0.0352586
0 0.00429493 0.0329907 0.0302975
0 0.00596858 0.0301576 0.0255455
0 0.00702954 0.0272199 0.0209127
0 0.00741141 0.0241249 0.0165103
0 0.00724501 0.0209976 0.0125768
0 0.00670327 0.0180007 0.00932429
0 0.00592308 0.015266 0.00686612
0 0.00502781 0.0129217 0.00525022
0 0.00405053 0.0110143 0.00439466
0 0.0029161 0.009482 0.00408097
0 0.00163152 0.00833271 0.00415437
0 0.000383841 0.00773095 0.00463485
0 -0.000680945 0.00777026 0.00551103
0 -0.0016831 0.00824566 0.00652495
0 -0.00285245 0.00880818 0.00732832
0 -0.00412656 0.00937199 0.00788097
0 -0.00506929 0.0102175 0.00853862
0 -0.005238 0.011654 0.0096989
0 -0.00444693 0.0137816 0.0115477
0 -0.00275432 0.0165167 0.0140726
0 -0.000330822 0.0197222 0.0171855
0 0.0026323 0.0232895 0.0207999
0 0.00585337 0.0270544 0.0247479
0 0.00894293 0.0307571 0.0287457
0 0.0115162 0.034129 0.0324903
0 0.0133078 0.0369849 0.0357627
0 0.0142734 0.0393113 0.0385245
0 0.0145744 0.0412504 0.0409058
0 0.0144519 0.0429868 0.0430887
0 0.0141043 0.0446412 0.045193
0 0.0135094 0.0461013 0.0471038
0 0.0124831 0.047082 0.0485308
0 0.0110065 0.0474531 0.0493354
0 0.00924242 0.0472638 0.0495539
0 0.00736249 0.0465786 0.0492337
0 0.0055879 0.0455255 0.0484824
0 0.00423022 0.0443463 0.0475193
0 0.00349711 0.0432171 0.0464972
0 0.00335611 0.0421233 0.0453758
0 0.00373744 0.0410623 0.0441257
0 0.00464103 0.0401424 0.0428334
0 0.00594282 0.0393779 0.0415038
0 0.00741256 0.0386884 0.0400662
0 0.00887936 0.0380458 0.0385247
0 0.0102297 0.0374627 0.0369424
0 0.0114813 0.0370617 0.0355079
0 0.0128268 0.0371191 0.0345813
0 0.0143942 0.0378329 0.034452
0 0.0160895 0.0391733 0.0351731
0 0.0177493 0.041032 0.0366993
0 0.0193016 0.0433758 0.039036
0 0.0207191 0.0461919 0.0421839
0 0.0218775 0.0493442 0.0459943
0 0.0226026 0.052617 0.0502144
0 0.0227836 0.0558263 0.0546044
0 0.0222555 0.0586982 0.0588239
0 0.020735 0.0608019 0.0623687
0 0.0180752 0.0618078 0.064824
0 0.0146156 0.0618539 0.0662304
0 0.0109801 0.0613682 0.0669178
0 0.00745183 0.0604626 0.0669119
0 0.0039802 0.0589358 0.0659502
0 0.000550978 0.0566351 0.0638509
0 -0.00271438 0.0535567 0.060616
0 -0.00550867 0.0499095 0.0564885
0 -0.00750251 0.0459815 0.0517989
0 -0.00862107 0.0418858 0.0466972
0 -0.00889725 0.0377029 0.0412953
0 -0.00834619 0.0335946 0.0357865
0 -0.00714425 0.0296064 0.0302543
0 -0.00559416 0.0256728 0.0246823
0 -0.00394281 0.0217683 0.0191132
0 -0.00234988 0.0179169 0.0136649
0 -0.000951366 0.0141225 0.00844881
0 8.01683e-05 0.0103124 0.00349165
0 0.000508209 0.00631375 -0.00130432
0 0.000160243 0.00198448 -0.00604214
0 -0.000879726 -0.00258769 -0.0106379
0 -0.00236639 -0.00717027 -0.0149057
0 -0.00415253 -0.0116367 -0.0188015
0 -0.0062354 -0.0160115 -0.022456
0 -0.00858259 -0.0202986 -0.0259891
0 -0.0110663 -0.0244162 -0.0294293
0 -0.0135598 -0.0282894 -0.0327934
0 -0.0158827 -0.0317899 -0.0360168
0 -0.0177181 -0.034648 -0.0388602
0 -0.0187469 -0.0365812 -0.0410376
0 -0.0187781 -0.0374243 -0.042347
0 -0.0177361 -0.0371069 -0.042653
0 -0.0155558 -0.035531 -0.0417735
0 -0.0122175 -0.0325975 -0.0395187
0 -0.00801479 -0.0284802 -0.0359765
0 -0.00342664 -0.023513 -0.0314083
0 0.00126094 -0.0178368 -0.0258978
0 0.00583158 -0.0115425 -0.0194943
0 0.00997931 -0.00485038 -0.0123905
0 0.0134852 0.00204648 -0.00476704
0 0.016366 0.00913056 0.00335417
0 0.0188419 0.0165445 0.0120917
0 0.021123 0.024399 0.0215088
0 0.023111 0.0324914 0.0313342
0 0.0244744 0.0403896 0.0410509
0 0.025167 0.0479579 0.0504223
0 0.025558 0.0554922 0.0596317
0 0.0259992 0.0632917 0.0688675
0 0.0265032 0.0713334 0.0780181
0 0.026766 0.0792826 0.0866957
0 0.0264365 0.0867397 0.0944921
0 0.0253311 0.0934338 0.101174
0 0.0233908 0.0991689 0.106621
0 0.0206726 0.10383 0.110812
0 0.0174311 0.107494 0.113908
0 0.0139864 0.110306 0.116125
0 0.0105076 0.112255 0.117533
0 0.00704353 0.113216 0.118082
0 0.00363742 0.113072 0.117714
0 0.000321458 0.111727 0.116354
0 -0.00282553 0.109167 0.113975
0 -0.0055399 0.105607 0.110741
0 -0.00738403 0.101526 0.107034
0 -0.00798807 0.0974553 0.103234
0 -0.00723355 0.0937832 0.099557
0 -0.00523015 0.090728 0.0960796
0 -0.0022319 0.0883783 0.0928124
0 0.00140087 0.0867012 0.0897233
0 0.00514402 0.0854551 0.0866497
0 0.00848266 0.0843406 0.0834376
0 0.0112288 0.0833139 0.0802391
0 0.0133866 0.0824608 0.0773632
0 0.0148504 0.0817103 0.0749535
0 0.0154446 0.0808892 0.0730073
0 0.0150522 0.0798575 0.071487
0 0.0136601 0.0785515 0.0703562
0 0.0113842 0.0769982 0.0696005
0 0.00830622 0.0751487 0.0690716
0 0.00436083 0.0727722 0.0683909
0 -0.000377065 0.0697525 0.0672602
0 -0.00547898 0.0663137 0.0657112
0 -0.0103795 0.0628265 0.0639373
0 -0.0146377 0.0595719 0.0620704
0 -0.0180055 0.0566869 0.0601281
0 -0.020412 0.0541824 0.0580372
0 -0.0218902 0.0520073 0.055711
0 -0.022458 0.0501576 0.0531622
0 -0.02214 0.0486522 0.0504749
0 -0.0210272 0.0474794 0.0477442
0 -0.0191816 0.0466924 0.0451604
0 -0.0166488 0.046391 0.0429785
0 -0.0135942 0.0465681 0.0413588
0 -0.0102561 0.0471426 0.0403851
0 -0.00682308 0.0480786 0.0401589
0 -0.00349573 0.0493211 0.0407173
0 -0.000544002 0.0507357 0.0419626
0 0.00177901 0.0521934 0.0437436
0 0.00337789 0.0537083 0.045998
0 0.00440083 0.0555049 0.0488394
0 0.00507623 0.0578346 0.0524009
0 0.00546379 0.0607265 0.0566023
0 0.00542596 0.0639586 0.0611325
0 0.00486562 0.0672904 0.0656908
0 0.00399476 0.0707413 0.0702699
0 0.00321435 0.0745041 0.0750602
0 0.00277503 0.0786407 0.0801268
0 0.00277293 0.0830926 0.0854114
0 0.00335832 0.0878999 0.09095
0 0.00472738 0.0932024 0.0968747
0 0.00695074 0.0990701 0.103246
0 0.00994978 0.105474 0.11003
0 0.0135502 0.112325 0.117139
0 0.0173176 0.119287 0.124251
0 0.0206045 0.125786 0.130819
0 0.0230244 0.131472 0.136527
0 0.0246222 0.13639 0.141459
0 0.0256033 0.140732 0.14584
0 0.0260603 0.144573 0.149764
0 0.0259331 0.147827 0.153152
0 0.0252024 0.150433 0.155941
0 0.0240151 0.152482 0.158208
0 0.0225362 0.154064 0.160035
0 0.020757 0.155095 0.161314
0 0.0185624 0.15537 0.161819
0 0.0158889 0.154726 0.161364
0 0.0127507 0.153058 0.159825
0 0.00926398 0.150348 0.157173
0 0.00558268 0.146613 0.153423
0 0.0017896 0.141816 0.148528
0 -0.00199216 0.136017 0.142518
0 -0.0054735 0.129516 0.135637
0 -0.00831771 0.122731 0.12824
0 -0.0103005 0.11602 0.120633
0 -0.0113492 0.109617 0.113028
0 -0.0115243 0.103635 0.105556
0 -0.0109396 0.0981369 0.0983343
0 -0.00969776 0.0931843 0.0915209
0 -0.00793642 0.0887866 0.0852571
0 -0.00587923 0.0848477 0.0795986
0 -0.00379766 0.0812067 0.0745289
0 -0.00194743 0.0777033 0.0700006
0 -0.000547562 0.0742009 0.0659423
0 0.000239954 0.0706072 0.0622722
0 0.000363599 0.0669276 0.058951
0 -0.000147279 0.0632341 0.055959
0 -0.00131622 0.0595277 0.0531723
0 -0.00313418 0.0558163 0.0504593
0 -0.00532675 0.0523458 0.0479292
0 -0.00746769 0.0494946 0.0458429
0 -0.00927853 0.0474852 0.0443358
0 -0.0106849 0.0463272 0.0433733
0 -0.011701 0.0459253 0.0428667
0 -0.0123545 0.0461571 0.0427475
0 -0.0126756 0.0468901 0.0429741
0 -0.0126218 0.048067 0.0436011
0 -0.0120302 0.0497685 0.0448219
0 -0.0108431 0.0520044 0.0467407
0 -0.00928211 0.0545426 0.0491897
0 -0.00762541 0.0571252 0.0519381
0 -0.00592642 0.0597397 0.0549639
0 -0.00405806 0.0625709 0.0584099
0 -0.00196312 0.0657475 0.0623395
0 0.000301423 0.0692882 0.0666951
0 0.0026655 0.0731934 0.0714025
0 0.00497867 0.0773702 0.0763094
0 0.00699086 0.0815982 0.0811624
0 0.00847605 0.0856406 0.0857201
0 0.00926134 0.0892723 0.0897733
0 0.00926103 0.0923167 0.0931727
0 0.00860425 0.0947814 0.0959588
0 0.00762678 0.0968659 0.0983616
0 0.00662467 0.0987355 0.100569
0 0.00565172 0.100333 0.102532
0 0.00460742 0.101468 0.104056
0 0.00343466 0.102005 0.10499
0 0.00226085 0.102008 0.105374
0 0.00145962 0.101809 0.105505
0 0.00141995 0.101786 0.105732
0 0.00213037 0.101965 0.106043
0 0.00324698 0.102087 0.106145
0 0.00453191 0.102033 0.105887
0 0.0059046 0.101854 0.105305
0 0.0072324 0.101549 0.104403
0 0.00832542 0.101042 0.103137
0 0.00902848 0.100268 0.101495
0 0.00915327 0.0990929 0.0994128
0 0.00843758 0.0972656 0.0967133
0 0.0067151 0.0945808 0.0932631
0 0.00403785 0.0910044 0.0890932
0 0.000624581 0.0866391 0.0843553
0 -0.0032087 0.081677 0.0792607
0 -0.00708277 0.076386 0.074057
0 -0.010627 0.0710583 0.0689771
0 -0.013573 0.0659287 0.0641675
0 -0.0157986 0.0611322 0.0596619
0 -0.0172666 0.0567579 0.055453
0 -0.0179825 0.0528789 0.0515362
0 -0.0181136 0.049416 0.0477839
0 -0.0179634 0.0461482 0.0439646
0 -0.0176279 0.0430463 0.0400799
0 -0.0168662 0.0404067 0.0364917
0 -0.0154212 0.0385451 0.033606
0 -0.0132888 0.0375372 0.0316002
0 -0.0107154 0.0372237 0.0304127
0 -0.00804923 0.0373529 0.0298741
0 -0.0055374 0.0377766 0.0298919
0 -0.00328292 0.0384873 0.0304829
0 -0.0013767 0.0394832 0.031636
0 7.75895e-05 0.0407403 0.0332879
0 0.0010481 0.0422838 0.0354066
0 0.00160682 0.0441978 0.0380186
0 0.00191194 0.0465979 0.0411941
0 0.00213046 0.0495652 0.0449833
0 0.00237217 0.053094 0.0493634
0 0.00273275 0.0571485 0.0542903
0 0.00335715 0.061741 0.059772
0 0.00440754 0.066917 0.0658521
0 0.0059466 0.0726513 0.0725022
0 0.00787199 0.0787859 0.0795524
0 0.00997906 0.0850898 0.0867477
0 0.0120613 0.0913499 0.0938445
0 0.0139368 0.097386 0.100632
0 0.0154173 0.103011 0.106894
0 0.0163057 0.108017 0.112406
0 0.0163944 0.112167 0.116924
0 0.0155652 0.115287 0.12028
0 0.0139688 0.117434 0.122551
0 0.0119193 0.118805 0.123961
0 0.00967269 0.119529 0.124673
0 0.00748063 0.119738 0.124846
0 0.00560477 0.119589 0.124664
0 0.00413666 0.119092 0.124154
0 0.00306265 0.118178 0.123254
0 0.00248618 0.116938 0.12204
0 0.00255289 0.115576 0.120675
0 0.00323864 0.114197 0.1192
0 0.00431786 0.112752 0.117497
0 0.00546221 0.111101 0.115376
0 0.00636216 0.109111 0.112684
0 0.00682916 0.106737 0.109389
0 0.00683239 0.10405 0.105608
0 0.00646724 0.101204 0.101569
0 0.00586152 0.0983557 0.0975158
0 0.00507093 0.0955621 0.0935992
0 0.00414026 0.0928508 0.0899431
0 0.0032394 0.0903682 0.0867729
0 0.00256092 0.0882933 0.0843141
0 0.00214885 0.0866761 0.0826245
0 0.00194674 0.0854841 0.0816422
0 0.00192883 0.084729 0.0813188
0 0.00213958 0.0845017 0.0816644
0 0.002582 0.0848561 0.0826439
0 0.00307925 0.08566 0.0840424
0 0.00339096 0.0866919 0.0855765
0 0.00348465 0.0878996 0.0871633
0 0.00356455 0.089434 0.0889535
0 0.0038369 0.0914284 0.0911057
0 0.00436689 0.0938705 0.0936489
0 0.00510992 0.0966426 0.0965143
0 0.00592269 0.0995335 0.0995403
0 0.0065617 0.102232 0.102459
0 0.00680194 0.104443 0.105006
0 0.00656928 0.10602 0.107042
0 0.00585628 0.106882 0.108473
0 0.00460882 0.106902 0.109134
0 0.00276515 0.105941 0.108832
0 0.000343915 0.103934 0.107439
0 -0.00246754 0.10098 0.104989
0 -0.00535403 0.0973169 0.101654
0 -0.00802618 0.0931808 0.0976146
0 -0.0102973 0.0887471 0.0929989
0 -0.0120828 0.0841341 0.0878895
0 -0.0133903 0.0794066 0.0823369
0 -0.0142365 0.0746473 0.0764373
0 -0.0145627 0.0700296 0.0704081
0 -0.0143425 0.0656968 0.0644679
0 -0.0136869 0.0616501 0.0587236
0 -0.0126832 0.0579025 0.0533187
0 -0.0112976 0.0545764 0.0485139
0 -0.00954434 0.0517455 0.0445042
0 -0.00755114 0.0493769 0.0413435
0 -0.00549775 0.0473943 0.0389964
0 -0.00365847 0.0456311 0.0372874
0 -0.00232987 0.0438931 0.0359668
0 -0.00158389 0.0421967 0.0349584
0 -0.00125521 0.0407793 0.0343831
0 -0.00116376 0.0398779 0.0343546
0 -0.00123448 0.0396079 0.0348737
0 -0.00146859 0.0399773 0.0358614
0 -0.00185239 0.0409562 0.0372471
0 -0.00223076 0.0426023 0.0390991
0 -0.00229408 0.0450901 0.0416479
0 -0.00177143 0.0485434 0.0451041
0 -0.000577134 0.0529133 0.0495165
0 0.00121926 0.058023 0.0547971
0 0.00344376 0.0636292 0.0607646
0 0.00586385 0.069468 0.0671832
0 0.00824675 0.0753017 0.0738106
0 0.0103501 0.0808934 0.0803784
0 0.0119258 0.0859965 0.0865895
0 0.0128157 0.0904454 0.0922088
0 0.0130282 0.0942275 0.0971394
0 0.0127182 0.0974616 0.101414
0 0.0121011 0.100313 0.105125
0 0.0114004 0.102947 0.108383
0 0.0108058 0.105493 0.111295
0 0.0103688 0.107947 0.113857
0 0.0100168 0.11018 0.115973
0 0.00966606 0.112053 0.117554
0 0.00921361 0.113405 0.118508
0 0.00852633 0.114043 0.118711
0 0.00752003 0.113816 0.118081
0 0.0062319 0.112696 0.116641
0 0.00482756 0.110793 0.114533
0 0.00347166 0.108254 0.111897
0 0.00222681 0.105177 0.108786
0 0.00113643 0.10168 0.105249
0 0.000277775 0.0979453 0.101391
0 -0.000310027 0.0941396 0.097304
0 -0.000664486 0.0903606 0.0930332
0 -0.000880075 0.0866443 0.0885908
0 -0.00109923 0.0829607 0.0839568
0 -0.00149736 0.0792189 0.0790821
0 -0.00223742 0.0753056 0.0739228
0 -0.00342466 0.0711248 0.0684773
0 -0.005085 0.0666235 0.0628006
0 -0.0071526 0.0618154 0.0570067
0 -0.00950696 0.0567577 0.0512284
0 -0.0120437 0.0514926 0.0455481
0 -0.0146024 0.0461287 0.0400749
0 -0.0168889 0.0409277 0.0350324
0 -0.0186335 0.0361525 0.0306141
0 -0.0197356 0.031925 0.0268512
0 -0.0201865 0.0282951 0.0236966
0 -0.0199476 0.0253589 0.0211562
0 -0.0189603 0.0232494 0.0192915
0 -0.0172578 0.0220256 0.0181167
0 -0.0149867 0.0216456 0.0175751
0 -0.0122463 0.0221195 0.017693
0 -0.00897492 0.0236229 0.0186888
0 -0.00508915 0.0263621 0.0208316
0 -0.000658878 0.0303994 0.0242593
0 0.00409825 0.0356507 0.0289709
0 0.00887756 0.041921 0.0348603
0 0.0133239 0.0489049 0.0417154
0 0.0171636 0.0563009 0.0493262
0 0.0203361 0.0639551 0.0576124
0 0.0229207 0.0718147 0.0665579
0 0.0249627 0.079785 0.0760544
0 0.0263663 0.0876427 0.0858096
0 0.0269172 0.0950586 0.0953749
0 0.0263775 0.101683 0.104248
0 0.0245638 0.107214 0.111952
0 0.0214725 0.111503 0.118169
0 0.0173542 0.114625 0.122824
0 0.0126159 0.11678 0.12602
0 0.00773962 0.118221 0.127971
0 0.00322718 0.119224 0.128966
0 -0.000540847 0.119982 0.129244
0 -0.00335669 0.120559 0.128948
0 -0.00513476 0.120919 0.128169
0 -0.00589958 0.120933 0.126941
0 -0.00578272 0.120418 0.125234
0 -0.00497744 0.119239 0.123009
0 -0.00367734 0.117382 0.120276
0 -0.00209487 0.114902 0.117053
0 -0.000462243 0.111862 0.113343
0 0.00103481 0.108365 0.109187
0 0.00224809 0.10452 0.104639
0 0.00306637 0.100429 0.0997681
0 0.00344404 0.0962032 0.0946806
0 0.00334538 0.0918995 0.0894674
0 0.00275888 0.0875482 0.0842143
0 0.00176825 0.0832329 0.0790723
0 0.000485327 0.0790369 0.0741895
0 -0.000985412 0.0750202 0.0696774
0 -0.00247317 0.071305 0.0656876
0 -0.00371615 0.0681134 0.0624448
0 -0.00441099 0.0657299 0.0602106
0 -0.004331 0.0643933 0.0591788
0 -0.00344225 0.0641836 0.0593702
0 -0.00191142 0.0650097 0.0606289
0 -3.97388e-05 0.0666617 0.062684
0 0.00180624 0.0688608 0.0652092
0 0.00327686 0.0713111 0.0678869
0 0.00414766 0.0737806 0.0704974
0 0.00439542 0.0761722 0.0729879
0 0.00417891 0.0785176 0.0754543
0 0.00374026 0.0809006 0.0780502
0 0.0033129 0.0833918 0.080904
0 0.00307804 0.0860273 0.0840839
0 0.00313214 0.0887925 0.087574
0 0.00344411 0.0915814 0.0912376
0 0.00385192 0.0941857 0.0948146
0 0.00416551 0.0963902 0.098021
0 0.00428751 0.0980864 0.100666
0 0.00419051 0.0992403 0.102633
0 0.00382057 0.0997877 0.103786
0 0.00310743 0.0996372 0.103988
0 0.00207575 0.0987777 0.103204
0 0.00088932 0.0973272 0.101559
0 -0.000231214 0.0954662 0.0992608
0 -0.0011162 0.0933455 0.096502
0 -0.00168016 0.0910629 0.0934287
0 -0.00186966 0.0887193 0.0901908
0 -0.00161929 0.0864632 0.0869814
0 -0.000848893 0.0844904 0.0840333
0 0.000486724 0.0829881 0.0815656
0 0.00233044 0.0820574 0.0797163
0 0.00452963 0.0817065 0.0785366
0 0.00688759 0.081893 0.0780265
0 0.00918821 0.0825426 0.078148
0 0.0112265 0.0835702 0.0788431
0 0.012885 0.0849489 0.0801001
0 0.0141214 0.0866902 0.0819358
0 0.0148939 0.0887581 0.0843142
0 0.0152039 0.0911066 0.0871873
0 0.0151538 0.0937424 0.0905553
0 0.0148809 0.0966738 0.0944108
0 0.0144761 0.0998464 0.0986708
0 0.013989 0.10316 0.103197
0 0.0134414 0.106489 0.107816
0 0.0127872 0.109656 0.112286
0 0.0119237 0.112444 0.116315
0 0.0107962 0.114698 0.119665
0 0.00945576 0.116381 0.122226
0 0.00798743 0.117491 0.123942
0 0.00646531 0.118018 0.124777
0 0.005017 0.118004 0.12478
0 0.00382772 0.117557 0.124088
0 0.00303866 0.116758 0.122832
0 0.00271359 0.115647 0.12111
0 0.00289373 0.1143 0.119042
0 0.00359013 0.112823 0.116765
0 0.0047299 0.11128 0.114367
0 0.00617352 0.109706 0.111898
0 0.00780374 0.108169 0.109448
0 0.00955874 0.106803 0.107162
0 0.0113879 0.105741 0.105196
0 0.0132383 0.105097 0.103695
0 0.0150204 0.104917 0.102752
0 0.0165841 0.105156 0.102374
0 0.0177946 0.105747 0.102544
0 0.0185486 0.106623 0.103228
0 0.0187294 0.107658 0.104326
0 0.0182684 0.108717 0.105719
0 0.0172045 0.109726 0.107331
0 0.0156149 0.110609 0.109067
0 0.0135497 0.111235 0.110758
0 0.0110784 0.111479 0.112222
0 0.0083473 0.111294 0.113338
0 0.00554321 0.110694 0.114027
0 0.00285379 0.109726 0.114232
0 0.000454768 0.108456 0.113918
0 -0.00154164 0.106919 0.113032
0 -0.00311472 0.105084 0.111488
0 -0.00429867 0.102899 0.109202
0 -0.00513133 0.10035 0.106153
0 -0.0056535 0.0974501 0.102377
0 -0.00596136 0.0941865 0.0979059
0 -0.00618934 0.0905221 0.0927757
0 -0.00640407 0.0864929 0.0871126
0 -0.00657684 0.0822286 0.0811461
0 -0.00666719 0.0778625 0.0751172
0 -0.00667143 0.0734786 0.0692234
0 -0.00660069 0.0691358 0.0636275
0 -0.00646109 0.064892 0.0584638
0 -0.0062619 0.0607995 0.0538249
0 -0.00601416 0.0569103 0.0497627
0 -0.00572079 0.0532881 0.046301
0 -0.00536329 0.0500224 0.0434557
0 -0.00490261 0.0472272 0.0412439
0 -0.00433165 0.0449863 0.0396425
0 -0.00368608 0.0433376 0.0385869
0 -0.00300313 0.0423096 0.0380197
0 -0.00231825 0.0419197 0.037899
0 -0.00168366 0.0421527 0.0381824
0 -0.00120048 0.0429187 0.0387892
0 -0.000990703 0.0440646 0.0396162
0 -0.00107438 0.045485 0.0406466
0 -0.00135578 0.0471468 0.041959
0 -0.00174996 0.0489822 0.0435985
0 -0.00223373 0.0508569 0.0455244
0 -0.00277947 0.0526519 0.0476743
0 -0.00328376 0.0543472 0.0500378
0 -0.00359993 0.0560003 0.0526321
0 -0.00365271 0.0576373 0.055399
0 -0.00346021 0.0592273 0.0581967
0 -0.00306678 0.0607391 0.0608776
0 -0.00251335 0.0621623 0.0633195
0 -0.00183062 0.0635067 0.0654334
0 -0.00103091 0.0648015 0.0671786
0 -0.000103239 0.0660948 0.0685723
0 0.000977069 0.0674422 0.0696811
0 0.00220362 0.0688625 0.0705732
0 0.00350541 0.0703035 0.0712782
0 0.00478332 0.0716787 0.0718111
0 0.00598462 0.0729456 0.072235
0 0.00711694 0.0741245 0.072667
0 0.00816598 0.0752165 0.0731929
0 0.00906179 0.0761704 0.0738242
0 0.0097733 0.076978 0.0745828
0 0.0103192 0.0776846 0.0755086
0 0.0106891 0.0783085 0.0765821
0 0.0108581 0.0788504 0.0777415
0 0.0108332 0.0793328 0.0789373
0 0.0106584 0.0798015 0.0801435
0 0.0103759 0.0802881 0.0813222
0 0.0100061 0.0807896 0.0824097
0 0.00959047 0.0813115 0.0833683
0 0.00919116 0.0818696 0.0841926
0 0.00885589 0.0824598 0.0848792
0 0.00862005 0.0830652 0.0854309
0 0.00851722 0.0836713 0.0858674
0 0.00858628 0.0842782 0.0862321
0 0.00886589 0.0849004 0.0865841
0 0.00937585 0.0855515 0.0869782
0 0.0100947 0.0862247 0.0874393
0 0.010955 0.0868874 0.087954
0 0.0118537 0.0874874 0.0884759
0 0.0126819 0.0879749 0.0889488
0 0.0133813 0.0883502 0.0893587
0 0.0139456 0.0886593 0.0897329
0 0.0143674 0.0889366 0.090087
0 0.0146188 0.089181 0.0904055
0 0.0146737 0.0893757 0.0906629
0 0.0145317 0.0895103 0.0908481
0 0.014195 0.0895595 0.0909411
0 0.0136488 0.0894652 0.0908932
0 0.0128982 0.0891768 0.0906651
0 0.0119762 0.0886645 0.0902354
0 0.0109168 0.0878984 0.089577
0 0.00976138 0.08686 0.0886668
0 0.00856984 0.0855589 0.0875008
0 0.00740883 0.0840261 0.0860887
0 0.00631769 0.0822831 0.0844243
0 0.00530103 0.0803345 0.0824825
0 0.00435022 0.0781876 0.0802421
0 0.00346581 0.075871 0.0777091
0 0.00268185 0.0734556 0.0749412
0 0.00202551 0.0710114 0.0720081
0 0.00145897 0.0685456 0.0689316
0 0.000901341 0.0660216 0.0657008
0 0.000293177 0.0634202 0.0623285
0 -0.000369146 0.0607716 0.0588825
0 -0.00107252 0.0581139 0.0554479
0 -0.00182282 0.0554585 0.0520863
0 -0.00261799 0.05282 0.0488556
0 -0.00344144 0.0502254 0.0458128
0 -0.00429384 0.0476838 0.0429808
0 -0.00517883 0.0452013 0.0403622
0 -0.00607698 0.0428074 0.0379664
0 -0.00696643 0.0405341 0.0357927
0 -0.00782732 0.0384112 0.0338296
0 -0.00863989 0.0364666 0.0320617
0 -0.00939038 0.0347201 0.0304683
0 -0.0100432 0.0332099 0.0290552
0 -0.0105502 0.0319837 0.0278494
0 -0.0109132 0.0310374 0.0268388
0 -0.0111713 0.030326 0.0259842
0 -0.0113387 0.0298271 0.0252805
0 -0.0113878 0.0295581 0.0247711
0 -0.0112681 0.0295613 0.0245292
0 -0.0109463 0.029867 0.0246158
0 -0.010424 0.030478 0.0250621
0 -0.00971102 0.0313962 0.0258919
0 -0.00883644 0.0326101 0.0271082
0 -0.00786884 0.034072 0.0286692
0 -0.00687649 0.0357331 0.0305239
0 -0.00589506 0.0375724 0.0326429
0 -0.004932 0.0395897 0.0350126
0 -0.00396856 0.0418027 0.0376352
0 -0.0029748 0.0442329 0.0405158
0 -0.00193503 0.0468811 0.0436398
0 -0.000843698 0.0497332 0.0469797
0 0.000316852 0.0527834 0.0505194
0 0.00156031 0.0560205 0.0542398
0 0.00286061 0.0593926 0.0580846
0 0.00416634 0.0628233 0.0619772
0 0.00544563 0.066258 0.0658655
0 0.00669621 0.0696734 0.0697283
0 0.00791689 0.0730497 0.0735451
0 0.00908076 0.0763446 0.07727
0 0.0101482 0.0795059 0.0808452
0 0.0110978 0.0825009 0.0842303
0 0.0119239 0.0853129 0.0874007
0 0.0126188 0.0879225 0.0903303
0 0.0131825 0.0903164 0.0930006
0 0.0136488 0.0925138 0.0954287
0 0.0140804 0.0945636 0.0976637
0 0.0145255 0.0965024 0.0997451
0 0.0149777 0.0983163 0.101663
0 0.0153971 0.0999597 0.10338
0 0.0157663 0.101411 0.10488
0 0.0160821 0.102664 0.106166
0 0.0163157 0.103687 0.107213
0 0.0164204 0.104428 0.107976
0 0.0163482 0.104832 0.108405
0 0.0160623 0.104852 0.108453
0 0.0155439 0.104449 0.108081
0 0.0147947 0.103602 0.107264
0 0.0138391 0.102308 0.105992
0 0.0127061 0.100573 0.104257
0 0.01141 0.0983952 0.102037
0 0.00996143 0.0957752 0.0993108
0 0.0083956 0.0927464 0.0960901
0 0.00677416 0.0893768 0.0924238
0 0.00516963 0.0857548 0.0883871
0 0.00365115 0.0819758 0.0840704
0 0.00225787 0.0781142 0.0795529
0 0.000997866 0.0742181 0.0748994
0 -0.000130641 0.0703282 0.0701765
0 -0.00114079 0.0664756 0.0654449
0 -0.00205539 0.0626806 0.0607582
0 -0.00289826 0.0589577 0.0561744
0 -0.00369943 0.0553085 0.0517427
0 -0.00449434 0.0517249 0.0474955
0 -0.00530811 0.0482042 0.0434594
0 -0.00614902 0.0447569 0.0396592
0 -0.00700627 0.0414102 0.0361201
0 -0.00784146 0.0382181 0.0328782
0 -0.00861 0.035241 0.029963
0 -0.00929613 0.0325113 0.0273674
0 -0.00990234 0.0300426 0.0250617
0 -0.0104205 0.0278577 0.0230274
0 -0.0108304 0.0259884 0.0212624
0 -0.0111149 0.0244604 0.0197685
0 -0.0112751 0.0232782 0.0185394
0 -0.0113228 0.022432 0.0175673
0 -0.0112663 0.0219127 0.0168576
0 -0.0111124 0.0217114 0.0164246
0 -0.0108706 0.0218162 0.0162861
0 -0.0105571 0.0222076 0.016455
0 -0.010192 0.022859 0.0169378
0 -0.00977341 0.0237605 0.0177553
0 -0.00926433 0.0249342 0.0189541
0 -0.00862344 0.0264077 0.0205756
0 -0.00785033 0.0281714 0.0226118
0 -0.0069786 0.0301848 0.0250121
0 -0.00601457 0.0324366 0.0277453
0 -0.00493784 0.0349443 0.0308013
0 -0.0037526 0.0377013 0.0341429
0 -0.00246096 0.0407029 0.0377347
0 -0.00102617 0.0439821 0.0415837
0 0.000595878 0.0475791 0.0457111
0 0.00242967 0.0515139 0.0501277
0 0.00447357 0.0557839 0.0548315
0 0.00667726 0.0603441 0.0597862
0 0.0089286 0.0650894 0.0649015
0 0.0111052 0.0699008 0.0700764
0 0.0131466 0.0747162 0.0752659
0 0.015039 0.0795157 0.0804635
0 0.0167607 0.0842678 0.0856447
0 0.0182672 0.0889154 0.0907524
0 0.0195004 0.0933837 0.0957054
0 0.0204269 0.0976196 0.100439
0 0.0210649 0.101618 0.104932
0 0.0214529 0.105394 0.109181
0 0.0216107 0.108939 0.11316
0 0.0215408 0.112229 0.116827
0 0.0212564 0.115241 0.120152
0 0.0207935 0.117967 0.123123
0 0.0202025 0.120408 0.125746
0 0.0195246 0.122557 0.128019
0 0.0187788 0.124382 0.129921
0 0.0179793 0.125844 0.131428
0 0.0171438 0.12691 0.132519
0 0.0162954 0.127551 0.133175
0 0.0154736 0.127762 0.133397
0 0.014711 0.127539 0.13318
0 0.0140143 0.126855 0.1325
0 0.0133832 0.1257 0.131338
0 0.012812 0.124094 0.129686
0 0.0122731 0.122069 0.127538
0 0.0117318 0.119669 0.124894
0 0.0111719 0.116963 0.12179
0 0.010581 0.11402 0.11828
0 0.00992551 0.110878 0.114409
0 0.00916754 0.107561 0.110227
0 0.00827708 0.104089 0.105796
0 0.00721487 0.100457 0.101162
0 0.00593247 0.0966386 0.0963542
0 0.00441309 0.0926233 0.0914167
0 0.00269852 0.0884457 0.0864391
0 0.000868823 0.0841702 0.0815313
0 -0.0010056 0.0798513 0.0767719
0 -0.00287408 0.0755282 0.0721997
0 -0.00467554 0.0712573 0.0678481
0 -0.00635466 0.0670978 0.0637353
0 -0.00789382 0.0630781 0.0598373
0 -0.00929292 0.0592135 0.0561125
0 -0.0105442 0.055528 0.0525319
0 -0.011631 0.052053 0.0490839
0 -0.0125285 0.0488249 0.0457769
0 -0.0132203 0.0458684 0.0426251
0 -0.0137033 0.0431913 0.0396439
0 -0.0139737 0.0407998 0.0368626
0 -0.0140286 0.0386977 0.0343203
0 -0.0138812 0.0368757 0.032049
0 -0.0135645 0.0353091 0.030066
0 -0.0131001 0.0339916 0.0284017
0 -0.0124865 0.0329478 0.0271079
0 -0.0117266 0.0322068 0.026228
0 -0.010843 0.0317867 0.0257815
0 -0.00988983 0.031681 0.0257504
0 -0.00892562 0.0318824 0.0261058
0 -0.00797585 0.0324169 0.026846
0 -0.00705395 0.0333199 0.0279762
0 -0.00617716 0.0346116 0.029492
0 -0.00536499 0.0362869 0.0313763
0 -0.00464508 0.0383028 0.0335914
0 -0.00404168 0.0405911 0.036089
0 -0.00355663 0.0430811 0.0388285
0 -0.00316835 0.0457086 0.0417781
0 -0.00283454 0.0484223 0.0449129
0 -0.00249051 0.0511949 0.0482195
0 -0.00206936 0.0540128 0.0516806
0 -0.00152522 0.0568597 0.055257
0 -0.000830513 0.0597218 0.0588994
0 2.11561e-05 0.0625818 0.06255
0 0.00100092 0.0654021 0.0661254
0 0.00206993 0.0681477 0.069541
0 0.00321433 0.070817 0.0727517
0 0.00442582 0.0734191 0.0757366
0 0.00568082 0.0759491 0.078479
0 0.00695004 0.0783952 0.0809738
0 0.00819297 0.0807309 0.0832185
0 0.0093458 0.0829018 0.0851972
0 0.0103541 0.0848573 0.0869065
0 0.0112135 0.0865918 0.0883911
0 0.0119339 0.0881114 0.0897033
0 0.0125046 0.0894012 0.090865
0 0.0129236 0.0904561 0.0918945
0 0.0132004 0.0912847 0.0928082
0 0.0133398 0.0918927 0.0936043
0 0.0133523 0.0922935 0.094275
0 0.0132558 0.0925088 0.0948101
0 0.0130689 0.0925599 0.0951936
0 0.0128178 0.0924743 0.0954145
0 0.0125352 0.0922834 0.0954698
0 0.01224 0.0920023 0.0953483
0 0.0119256 0.091618 0.0950211
0 0.0115658 0.0910956 0.0944488
0 0.0111358 0.0903988 0.093601
0 0.0106302 0.0895091 0.0924745
0 0.0100574 0.0884217 0.0910861
0 0.00941957 0.0871273 0.0894502
0 0.00871618 0.0856177 0.0875822
0 0.00796266 0.0839062 0.0855148
0 0.00717879 0.0820174 0.0832861
0 0.00637323 0.0799728 0.0809238
0 0.00554121 0.0777872 0.0784421
0 0.00467 0.0754721 0.0758464
0 0.00374856 0.073043 0.0731421
0 0.00275556 0.070505 0.0703233
0 0.00165657 0.0678462 0.0673677
0 0.000441707 0.0650711 0.0642721
0 -0.000849343 0.0622254 0.0610787
0 -0.00216608 0.0593589 0.0578396
0 -0.00348467 0.0564895 0.0545816
0 -0.0047897 0.053624 0.0513246
0 -0.00604752 0.0507873 0.048108
0 -0.00721726 0.0480137 0.0449797
0 -0.00827943 0.0453206 0.0419674
0 -0.00922241 0.0427225 0.0390917
0 -0.0100265 0.040247 0.0363816
0 -0.0106822 0.0379166 0.0338569
0 -0.0111878 0.0357502 0.0315304
0 -0.0115391 0.0337725 0.0294187
0 -0.011734 0.0320085 0.027538
0 -0.0117642 0.0304912 0.0259135
0 -0.0116057 0.029272 0.0245901
0 -0.0112375 0.0284025 0.0236157
0 -0.0106673 0.0279101 0.0230166
0 -0.00994096 0.0277869 0.0227868
0 -0.0091446 0.0279846 0.0228829
0 -0.00836792 0.0284487 0.0232576
0 -0.00764971 0.0291693 0.0239096
0 -0.00698779 0.0301666 0.0248708
0 -0.00638685 0.0314356 0.0261533
0 -0.00586584 0.032938 0.0277394
0 -0.00542309 0.0346397 0.0296152
0 -0.00501356 0.0365375 0.0317932
0 -0.00455763 0.0386574 0.0343068
0 -0.00397792 0.0410251 0.037178
0 -0.00323401 0.0436368 0.0403875
0 -0.00232028 0.0464649 0.0438809
0 -0.00124982 0.0494739 0.0475884
0 -3.29912e-05 0.0526401 0.0514502
0 0.00132488 0.0559506 0.055423
0 0.00279787 0.059378 0.0594534
0 0.00435502 0.0628959 0.0634925
0 0.00598288 0.0664978 0.0675195
0 0.00765746 0.0701666 0.0715155
0 0.0093328 0.0738627 0.0754506
0 0.0109647 0.0775465 0.0793032
0 0.012516 0.0811825 0.0830616
0 0.0139446 0.0847269 0.0867082
0 0.0152133 0.0881365 0.0902255
0 0.0163088 0.0913885 0.093613
0 0.0172336 0.0944735 0.0968774
0 0.0179777 0.0973692 0.100004
0 0.0185094 0.100031 0.102947
0 0.0187918 0.102409 0.105646
0 0.0188022 0.104464 0.108045
0 0.0185583 0.106191 0.11012
0 0.0181262 0.107628 0.111887
0 0.0175852 0.108824 0.113374
0 0.0169996 0.109806 0.114594
0 0.0163981 0.110567 0.11553
0 0.0157661 0.111056 0.116125
0 0.0150792 0.111213 0.11632
0 0.0143327 0.110992 0.116078
0 0.0135511 0.110382 0.115393
0 0.0127785 0.10939 0.114287
0 0.0120636 0.108051 0.112796
0 0.0114554 0.106424 0.110975
0 0.0109732 0.104564 0.108867
0 0.0105848 0.102498 0.106478
0 0.0102322 0.100234 0.103808
0 0.00986742 0.0977977 0.100873
0 0.0094614 0.095232 0.0977191
0 0.00898878 0.0925781 0.0944003
0 0.00842031 0.0898626 0.0909662
0 0.00773323 0.0871054 0.0874679
0 0.00692202 0.0843301 0.0839616
0 0.00599275 0.0815581 0.0805027
0 0.00494186 0.0787879 0.077127
0 0.00375235 0.0759959 0.0738463
0 0.00241298 0.0731587 0.0706612
0 0.000928272 0.070265 0.0675674
0 -0.000684461 0.0673122 0.0645527
0 -0.00239263 0.0643112 0.061602
0 -0.00414512 0.0612911 0.0587068
0 -0.00588797 0.0582851 0.055856
0 -0.00758246 0.0553134 0.0530248
0 -0.00920267 0.0523854 0.050182
0 -0.0107329 0.0495017 0.0472975
0 -0.0121526 0.0466685 0.0443594
0 -0.0134165 0.0439178 0.0413956
0 -0.0144777 0.0412846 0.0384505
0 -0.0153154 0.038781 0.0355576
0 -0.0159125 0.0364196 0.03276
0 -0.0162406 0.0342303 0.0301224
0 -0.0162949 0.0322274 0.0276939
0 -0.0160976 0.0304073 0.0255012
0 -0.0156674 0.0287814 0.0235783
0 -0.0150185 0.0273774 0.0219656
0 -0.0141775 0.026221 0.0206904
0 -0.0131876 0.0253284 0.0197609
0 -0.0120916 0.0247209 0.0191826
0 -0.0109191 0.0244354 0.0189714
0 -0.00971133 0.0244973 0.0191298
0 -0.00852804 0.02491 0.0196398
0 -0.00743286 0.0256659 0.0204767
0 -0.00648982 0.0267449 0.0216105
0 -0.00573976 0.0281258 0.0230238
0 -0.00517397 0.0298005 0.0247307
0 -0.00475412 0.0317561 0.0267555
0 -0.00444959 0.0339468 0.0290955
0 -0.0042526 0.0362866 0.0317053
0 -0.0041691 0.0386677 0.0345061
0 -0.00418668 0.041001 0.0374186
0 -0.0042373 0.043261 0.0404045
0 -0.0042118 0.0454799 0.0434596
0 -0.0040326 0.0476802 0.0465535
0 -0.00367709 0.0498502 0.0496164
0 -0.00312398 0.0519961 0.0525936
0 -0.00234267 0.0541515 0.0554573
0 -0.00133284 0.0563343 0.0581727
0 -0.000129323 0.0585347 0.0606964
0 0.00122082 0.0607353 0.0629997
0 0.00267376 0.0629232 0.0650833
0 0.00419278 0.0650924 0.0669772
0 0.0057368 0.0672295 0.068723
0 0.00724491 0.0692986 0.0703506
0 0.00864335 0.0712481 0.0718772
0 0.00986575 0.0730307 0.0733171
0 0.0108722 0.0746218 0.0746938
0 0.0116542 0.0760249 0.0760404
0 0.0122226 0.077259 0.0773866
0 0.0125976 0.0783503 0.07875
0 0.0127972 0.0793202 0.0801256
0 0.0128218 0.0801702 0.0814735
0 0.0126577 0.0808828 0.0827256
0 0.0123066 0.0814478 0.0838189
0 0.0118018 0.0818774 0.0847168
0 0.0111869 0.0821846 0.0853938
0 0.010496 0.0823653 0.0858202
0 0.00975889 0.0824047 0.0859711
0 0.00901276 0.082292 0.0858406
0 0.00830392 0.0820248 0.0854443
0 0.00766987 0.0815954 0.0848018
0 0.00712398 0.080979 0.0839209
0 0.0066681 0.0801526 0.0828094
0 0.00630528 0.0791146 0.0814881
0 0.00603709 0.0778841 0.0799868
0 0.00585481 0.0764905 0.0783343
0 0.00573325 0.0749634 0.0765504
0 0.00564165 0.0733379 0.0746551
0 0.0055526 0.0716567 0.0726757
0 0.00544681 0.0699692 0.07065
0 0.00531681 0.0683295 0.0686283
0 0.00514415 0.0667703 0.0666481
0 0.00487952 0.0652793 0.0647098
0 0.0044657 0.0638205 0.0627953
0 0.00387808 0.0623726 0.060909
0 0.0031317 0.0609368 0.0590852
0 0.00224939 0.0595096 0.0573535
0 0.0012503 0.0580774 0.0557252
0 0.000156883 0.0566283 0.0542004
0 -0.00101181 0.0551474 0.0527617
0 -0.00222411 0.0536332 0.0513907
0 -0.00341442 0.0521214 0.0500928
0 -0.00450651 0.0506642 0.0488813
0 -0.00545007 0.0492967 0.0477484
0 -0.00623258 0.0480244 0.0466599
0 -0.00686969 0.046831 0.0455681
0 -0.00738484 0.0456969 0.0444322
0 -0.00779738 0.0446097 0.0432292
0 -0.008122 0.0435621 0.0419546
0 -0.00836048 0.0425601 0.0406295
0 -0.00849528 0.0416289 0.0393064
0 -0.00850657 0.0407979 0.0380501
0 -0.00839941 0.0400756 0.0369073
0 -0.00819866 0.0394555 0.0359075
0 -0.00792887 0.0389365 0.0350788
0 -0.00761478 0.0385211 0.0344437
0 -0.0072828 0.0382133 0.0340151
0 -0.0069502 0.0380272 0.0338048
0 -0.00661979 0.0379907 0.0338292
0 -0.00629419 0.03813 0.0340953
0 -0.00598762 0.0384552 0.0345906
0 -0.00572162 0.0389603 0.0352872
0 -0.00551564 0.0396275 0.0361506
0 -0.00537613 0.0404366 0.0371519
0 -0.00529374 0.0413685 0.0382708
0 -0.00525479 0.0423963 0.0394859
0 -0.00523735 0.0434933 0.0407793
0 -0.00519626 0.044653 0.0421544
0 -0.0050761 0.0458819 0.0436244
0 -0.00483926 0.0471771 0.0451881
0 -0.00447511 0.0485197 0.0468221
0 -0.00398959 0.0498871 0.0484934
0 -0.00339545 0.0512612 0.0501705
0 -0.00270103 0.0526389 0.0518364
0 -0.00190772 0.0540327 0.0534908
0 -0.00102601 0.0554523 0.0551311
0 -8.78263e-05 0.0568898 0.0567386
0 0.000860824 0.0583226 0.0582845
0 0.00178749 0.0597397 0.0597576
0 0.002691 0.0611576 0.061182
0 0.00358311 0.0626017 0.0625973
0 0.00445643 0.0640744 0.0640251
0 0.00528622 0.0655571 0.0654682
0 0.00605851 0.0670388 0.0669366
0 0.0067716 0.0685177 0.0684466
0 0.00741773 0.0699833 0.0700014
0 0.00798512 0.0714184 0.0715915
0 0.00847596 0.072818 0.0732121
0 0.00890218 0.0741861 0.0748594
0 0.00927108 0.0755215 0.0765177
0 0.00958793 0.076821 0.078164
0 0.00985638 0.078079 0.0797706
0 0.0100713 0.0792796 0.0813002
0 0.0102306 0.0804081 0.082719
0 0.0103489 0.0814642 0.0840129
0 0.0104434 0.0824487 0.0851743
0 0.0105307 0.0833608 0.0862007
0 0.0106244 0.0841974 0.0870929
0 0.0107099 0.0849276 0.0878296
0 0.0107531 0.0855023 0.0883741
0 0.0107402 0.0858928 0.0887123
0 0.0106779 0.0860921 0.088851
0 0.0105677 0.0860901 0.088792
0 0.0104046 0.0858732 0.0885292
0 0.010179 0.0854286 0.0880517
0 0.00988285 0.0847519 0.0873499
0 0.00952493 0.0838614 0.0864313
0 0.00911848 0.0827857 0.0853097
0 0.00865227 0.0815322 0.0839765
0 0.00808343 0.0800772 0.0823938
0 0.00735931 0.0783838 0.0805147
0 0.00645013 0.0764315 0.0783141
0 0.00536466 0.0742308 0.0758048
0 0.00413351 0.0718079 0.0730205
0 0.00279237 0.0691891 0.0700002
0 0.00137772 0.0664003 0.0667852
0 -7.52643e-05 0.063468 0.0634171
0 -0.00152712 0.0604265 0.0599418
0 -0.0029392 0.057314 0.0564022
0 -0.00428162 0.054164 0.0528336
0 -0.00552858 0.0510117 0.0492732
0 -0.00665965 0.0478926 0.0457595
0 -0.00767083 0.0448314 0.0423185
0 -0.00858041 0.0418339 0.038957
0 -0.00941324 0.0389 0.0356759
0 -0.0101707 0.0360522 0.0324989
0 -0.0108339 0.0333316 0.0294695
0 -0.0114031 0.0307585 0.0266106
0 -0.0119007 0.0283289 0.0239214
0 -0.0123443 0.0260412 0.0214033
0 -0.0127431 0.0238995 0.0190634
0 -0.0130995 0.0219124 0.0169117
0 -0.013404 0.0200993 0.0149674
0 -0.0136347 0.0184909 0.0132595
0 -0.0137776 0.0171109 0.011808
0 -0.0138364 0.0159658 0.0106144
0 -0.0138162 0.0150615 0.00967929
0 -0.0137193 0.0144076 0.0090067
0 -0.0135512 0.014011 0.00859872
0 -0.0133177 0.0138787 0.00845879
0 -0.0130269 0.0140154 0.00858963
0 -0.0126845 0.0144266 0.00899728
0 -0.0122849 0.015124 0.00969825
0 -0.0118121 0.0161206 0.0107164
0 -0.0112531 0.0174181 0.0120685
0 -0.0106126 0.0189945 0.0137495
0 -0.00990358 0.0208152 0.0157398
0 -0.00912984 0.0228527 0.018023
0 -0.00828204 0.0250922 0.0205891
0 -0.0073498 0.0275217 0.0234233
0 -0.00633157 0.0301243 0.0264978
0 -0.00523127 0.032881 0.0297766
0 -0.00405544 0.0357747 0.0332205
0 -0.00281234 0.0387892 0.0367896
0 -0.00150524 0.0419145 0.0404523
0 -0.000137889 0.0451398 0.0441826
0 0.00126855 0.0484375 0.0479443
0 0.00268085 0.0517693 0.0516939
0 0.00407636 0.0551073 0.0554011
0 0.00545309 0.058444 0.0590604
0 0.00681928 0.061782 0.0626812
0 0.00817802 0.06512 0.0662718
0 0.00952511 0.0684513 0.0698357
0 0.0108458 0.0717598 0.0733674
0 0.0121138 0.0750192 0.0768495
0 0.013303 0.0782035 0.0802628
0 0.014385 0.0812836 0.083582
0 0.0153252 0.0842226 0.086771
0 0.0160899 0.0869821 0.0897892
0 0.0166592 0.0895342 0.0926035
0 0.0170417 0.091877 0.095205
0 0.0172615 0.0940209 0.097596
0 0.0173312 0.0959624 0.0997653
0 0.0172511 0.0976828 0.101687
0 0.0170189 0.0991563 0.103331
0 0.0166311 0.10035 0.104663
0 0.0160895 0.101232 0.105651
0 0.01541 0.101779 0.106275
0 0.0146251 0.101981 0.106529
0 0.0137749 0.101833 0.106412
0 0.0129055 0.101339 0.105933
0 0.0120647 0.100509 0.105101
0 0.0112812 0.0993451 0.103916
0 0.0105684 0.0978589 0.102376
0 0.00993202 0.0960791 0.100485
0 0.00935779 0.0940342 0.0982477
0 0.00882946 0.0917643 0.0956797
0 0.00833577 0.0893217 0.0928188
0 0.00783979 0.0867359 0.0896908
0 0.00728087 0.0840095 0.0863077
0 0.00660514 0.081143 0.0826927
0 0.00577293 0.0781377 0.0788824
0 0.00475517 0.0749909 0.0749153
0 0.00353439 0.0716978 0.0708276
0 0.00210625 0.0682534 0.0666562
0 0.000491398 0.0646667 0.0624527
0 -0.00125678 0.0609726 0.0582836
0 -0.00307403 0.0572153 0.0542054
0 -0.00490355 0.053434 0.0502502
0 -0.00669434 0.0496678 0.0464322
0 -0.00841066 0.0459471 0.0427442
0 -0.0100271 0.042298 0.039167
0 -0.0115122 0.0387567 0.0356907
0 -0.0128362 0.0353604 0.0323113
0 -0.0139704 0.0321456 0.0290341
0 -0.0148803 0.0291536 0.0258831
0 -0.0155329 0.0264245 0.0228963
0 -0.0159107 0.0239833 0.0201115
0 -0.0160228 0.02183 0.0175537
0 -0.0158891 0.0199568 0.0152485
0 -0.0155257 0.0183655 0.0132346
0 -0.0149548 0.0170596 0.0115506
0 -0.0142042 0.0160445 0.010231
0 -0.0133093 0.0153261 0.00930136
0 -0.012314 0.0149073 0.00877336
0 -0.0112605 0.0147975 0.00865405
0 -0.0101947 0.0150052 0.00893933
0 -0.00917254 0.0155287 0.00960726
0 -0.008237 0.0163748 0.0106404
0 -0.0074027 0.0175673 0.0120398
0 -0.00666854 0.0191218 0.0138089
0 -0.00602945 0.0210275 0.0159389
0 -0.00547168 0.0232539 0.0184146
0 -0.0049672 0.0257622 0.0212206
0 -0.00448044 0.0285063 0.0243364
0 -0.00398619 0.0314239 0.0277203
0 -0.0034663 0.0344482 0.0313144
0 -0.00288309 0.0375412 0.0350746
0 -0.00218108 0.0406981 0.038974
0 -0.00132209 0.0439152 0.0429759
0 -0.000307266 0.0471647 0.0470164
0 0.000838825 0.050411 0.0510178
0 0.00209885 0.0536397 0.0549203
0 0.0034596 0.0568497 0.0586845
0 0.00489094 0.0600281 0.0622719
0 0.00635487 0.0631547 0.0656529
0 0.00781743 0.0662117 0.0688168
0 0.0092399 0.0691735 0.0717598
0 0.0105798 0.0720057 0.0744824
0 0.0118003 0.0746743 0.0769935
0 0.0128689 0.0771451 0.0793041
0 0.013766 0.0793937 0.081431
0 0.0144881 0.08141 0.0833967
0 0.0150307 0.0831828 0.0852107
0 0.0153826 0.0846947 0.0868623
0 0.0155346 0.0859313 0.08833
0 0.0154857 0.0868855 0.0895872
0 0.0152412 0.0875543 0.090602
0 0.0148173 0.087941 0.0913438
0 0.0142399 0.0880529 0.0917852
0 0.0135339 0.0878914 0.0918959
0 0.0127332 0.0874608 0.0916561
0 0.0118798 0.08677 0.0910589
0 0.0110066 0.0858165 0.0900964
0 0.0101465 0.0846023 0.0887723
0 0.00933574 0.083144 0.0871088
0 0.00859523 0.0814587 0.0851305
0 0.00792239 0.0795562 0.0828556
0 0.00729722 0.0774435 0.0803006
0 0.00669481 0.0751347 0.0774893
0 0.00609394 0.0726556 0.0744581
0 0.00547989 0.0700431 0.0712558
0 0.00483177 0.0673281 0.0679278
0 0.00411719 0.0645269 0.0645061
0 0.0033104 0.0616563 0.0610219
0 0.00239762 0.0587363 0.0575092
0 0.00137512 0.055786 0.0540064
0 0.000249804 0.0528255 0.0505557
0 -0.0009699 0.049867 0.047188
0 -0.0022726 0.0469182 0.0439212
0 -0.00363515 0.0439933 0.0407709
0 -0.00502126 0.0411171 0.0377541
0 -0.00638443 0.0383242 0.0348901
0 -0.00767865 0.0356506 0.0321932
0 -0.00886967 0.0331233 0.0296657
0 -0.00993104 0.0307642 0.0273049
0 -0.0108351 0.0285997 0.0251154
0 -0.0115574 0.0266553 0.0231066
0 -0.0120794 0.0249534 0.0212922
0 -0.0123907 0.0235107 0.0196881
0 -0.0124984 0.0223286 0.0183029
0 -0.0124233 0.0213978 0.0171412
0 -0.0121822 0.0207163 0.0162187
0 -0.0117864 0.0202916 0.015563
0 -0.0112451 0.0201374 0.0152069
0 -0.0105686 0.0202714 0.0151842
0 -0.00978097 0.0207014 0.0155142
0 -0.00892655 0.0214181 0.0161939
0 -0.00806228 0.0223991 0.0172018
0 -0.00723652 0.0236233 0.0185156
0 -0.00647519 0.0250771 0.0201216
0 -0.00578743 0.026747 0.0220076
0 -0.00516511 0.0286203 0.0241633
0 -0.00458491 0.0306862 0.0265796
0 -0.00402224 0.0329252 0.0292369
0 -0.00345987 0.0353049 0.0320987
0 -0.00288373 0.0377884 0.0351188
0 -0.00227416 0.0403463 0.0382529
0 -0.00160873 0.0429573 0.0414598
0 -0.000864347 0.0456077 0.0447061
0 -1.33066e-05 0.0482969 0.047973
0 0.000960338 0.0510223 0.0512378
0 0.00204239 0.0537608 0.0544554
0 0.00319881 0.056478 0.0575729
0 0.00439249 0.0591418 0.060548
0 0.00558628 0.0617226 0.0633491
0 0.0067469 0.0641951 0.0659574
0 0.00784749 0.0665392 0.0683669
0 0.00885919 0.068731 0.0705731
0 0.00974817 0.070738 0.0725673
0 0.010485 0.0725289 0.0743418
0 0.0110586 0.0740872 0.075902
0 0.0114735 0.0754104 0.0772614
0 0.0117346 0.0764951 0.0784254
0 0.0118463 0.0773365 0.0793908
0 0.0118183 0.0779349 0.0801518
0 0.0116747 0.0783044 0.0807101
0 0.0114524 0.0784717 0.0810756
0 0.0111802 0.0784558 0.081248
0 0.0108676 0.0782574 0.0812086
0 0.0105124 0.0778657 0.0809296
0 0.0101066 0.0772662 0.080382
0 0.00964335 0.0764484 0.0795445
0 0.00912481 0.0754136 0.078412
0 0.00856368 0.0741769 0.076998
0 0.00797743 0.0727613 0.0753291
0 0.00737549 0.0711857 0.0734325
0 0.00675103 0.0694568 0.0713267
0 0.0060896 0.0675766 0.069028
0 0.00537732 0.0655497 0.066557
0 0.00459868 0.0633793 0.063933
0 0.00374772 0.061078 0.0611832
0 0.00283354 0.0586729 0.0583458
0 0.0018643 0.0561901 0.0554529
0 0.000842985 0.0536487 0.0525261
0 -0.000223392 0.051068 0.0495879
0 -0.00131092 0.0484806 0.0466752
0 -0.0023811 0.0459311 0.0438351
0 -0.00340854 0.0434506 0.0410975
0 -0.0043873 0.0410509 0.0384705
0 -0.00531241 0.0387429 0.0359599
0 -0.00618218 0.0365341 0.0335674
0 -0.00699488 0.0344318 0.0312945
0 -0.00772955 0.032462 0.029162
0 -0.00835909 0.0306572 0.0271986
0 -0.00887139 0.0290361 0.0254206
0 -0.00926506 0.0276072 0.0238366
0 -0.0095397 0.0263796 0.0224574
0 -0.00969017 0.0253682 0.0213013
0 -0.00971353 0.0245873 0.020387
0 -0.00962281 0.0240372 0.0197197
0 -0.00944319 0.0237074 0.0192934
0 -0.00919741 0.0235907 0.0191049
0 -0.00889908 0.0236888 0.0191587
0 -0.00855294 0.0240113 0.0194665
0 -0.00816639 0.0245626 0.0200342
0 -0.00775555 0.0253314 0.0208538
0 -0.00732885 0.0263062 0.0219184
0 -0.00688247 0.0274797 0.0232264
0 -0.00641443 0.0288366 0.0247672
0 -0.00592962 0.0303492 0.0265163
0 -0.00543058 0.031989 0.0284453
0 -0.0049106 0.0337348 0.0305292
0 -0.0043591 0.0355694 0.032743
0 -0.00376644 0.0374766 0.0350583
0 -0.00313065 0.0394358 0.0374394
0 -0.00245671 0.0414225 0.0398457
0 -0.00174113 0.0434239 0.0422498
0 -0.00097582 0.0454349 0.0446373
0 -0.000160561 0.0474473 0.0469925
0 0.000700417 0.0494521 0.0492993
0 0.00159923 0.0514395 0.0515418
0 0.00252639 0.0534009 0.0537085
0 0.0034765 0.0553343 0.0557991
0 0.00444047 0.0572364 0.0578167
0 0.00539364 0.0590893 0.0597531
0 0.00629694 0.0608606 0.0615882
0 0.00710828 0.0625139 0.0632979
0 0.00780221 0.0640265 0.0648719
0 0.00838046 0.0653995 0.0663218
0 0.00885214 0.066639 0.0676609
0 0.0092187 0.0677419 0.0688889
0 0.00947585 0.0686975 0.0699939
0 0.00961441 0.0694889 0.0709534
0 0.00963285 0.0701047 0.0717474
0 0.00954437 0.0705463 0.0723664
0 0.00937678 0.0708278 0.072813
0 0.00916411 0.070969 0.0730954
0 0.00892732 0.0709774 0.0732111
0 0.00868336 0.0708573 0.0731572
0 0.00845281 0.0706194 0.0729397
0 0.00824777 0.0702697 0.0725629
0 0.00807198 0.0698126 0.072031
0 0.00792406 0.0692541 0.0713514
0 0.00779792 0.0686017 0.0705344
0 0.0076835 0.0678637 0.0695933
0 0.00756808 0.0670495 0.0685437
0 0.00743472 0.0661661 0.0674005
0 0.0072575 0.065211 0.0661708
0 0.00700597 0.064175 0.0648555
0 0.00665869 0.0630534 0.0634609
0 0.00620853 0.0618505 0.0620012
0 0.00565746 0.0605745 0.0604928
0 0.00501256 0.0592338 0.0589494
0 0.00428596 0.0578379 0.0573821
0 0.00349658 0.0563998 0.0558029
0 0.002669 0.0549357 0.0542244
0 0.00183475 0.0534686 0.0526637
0 0.00102823 0.0520254 0.0511405
0 0.000271589 0.0506227 0.0496637
0 -0.000430201 0.0492626 0.0482269
0 -0.00107337 0.0479481 0.0468249
0 -0.00164296 0.0466961 0.0454669
0 -0.00213005 0.0455199 0.0441611
0 -0.00254526 0.0444156 0.0429014
0 -0.00290578 0.0433736 0.0416803
0 -0.00322215 0.042391 0.0405008
0 -0.00349765 0.0414718 0.0393762
0 -0.00372786 0.0406276 0.0383286
0 -0.00390551 0.0398732 0.0373839
0 -0.00402873 0.0392191 0.0365623
0 -0.00409447 0.038678 0.0358844
0 -0.0041002 0.0382634 0.0353686
0 -0.00405172 0.0379817 0.0350229
0 -0.00395872 0.0378358 0.0348492
0 -0.00383066 0.0378282 0.0348464
0 -0.00367633 0.0379604 0.0350111
0 -0.00350789 0.0382277 0.0353332
0 -0.00334067 0.0386166 0.0357952
0 -0.00318736 0.03911 0.0363778
0 -0.00305643 0.0396884 0.0370611
0 -0.00294675 0.0403359 0.0378301
0 -0.00284788 0.0410412 0.0386752
0 -0.0027462 0.0417938 0.0395868
0 -0.00262202 0.0425889 0.0405597
0 -0.00244971 0.0434297 0.0415944
0 -0.00220574 0.0443218 0.0426911
0 -0.00188176 0.0452609 0.0438386
0 -0.00149575 0.0462221 0.0450042
0 -0.00107764 0.0471725 0.0461484
0 -0.000646663 0.0480935 0.0472467
0 -0.000211547 0.0489789 0.0482881
0 0.000219156 0.0498239 0.0492636
0 0.000629824 0.0506166 0.0501589
0 0.00100267 0.0513419 0.050958
0 0.00132652 0.0519893 0.0516525
0 0.0015963 0.0525525 0.05224
0 0.00181385 0.0530305 0.0527256
0 0.00199155 0.053432 0.0531245
0 0.00214787 0.053772 0.0534584
0 0.00228863 0.0540542 0.0537363
0 0.00240371 0.054268 0.0539513
0 0.00248538 0.0544063 0.0540981
0 0.00253861 0.0544759 0.0541833
0 0.00257983 0.0544965 0.0542243
0 0.00262223 0.0544861 0.0542356
0 0.00266718 0.0544531 0.0542206
0 0.00271239 0.054403 0.05418
0 0.00275452 0.0543406 0.0541144
0 0.00278917 0.0542689 0.0540245
0 0.00280858 0.0541865 0.0539081
0 0.00279883 0.0540834 0.0537568
0 0.00275367 0.0539551 0.0535694
0 0.00268314 0.0538106 0.0533599
0 0.00259525 0.0536556 0.0531393
0 0.00248412 0.0534805 0.0529035
0 0.00234377 0.0532751 0.0526465
0 0.00217656 0.0530365 0.052369
0 0.00198809 0.0527653 0.0520734
0 0.00178264 0.0524615 0.0517592
0 0.00156283 0.0521241 0.0514234
0 0.00133433 0.0517563 0.0510654
0 0.00110781 0.0513678 0.0506896
0 0.000898831 0.0509743 0.050306
0 0.000716744 0.0505876 0.0499203
0 0.000555861 0.0502055 0.0495248
0 0.000410925 0.0498271 0.0491144
0 0.000285083 0.0494603 0.0486947
0 0.000183652 0.0491158 0.0482756
0 0.000110543 0.0488027 0.0478681
0 7.1068e-05 0.0485324 0.0474867
0 7.67287e-05 0.0483228 0.0471549
0 0.00013801 0.0481913 0.0468977
0 0.00025124 0.048142 0.0467277
0 0.000397149 0.0481634 0.046643
0 0.000558156 0.0482452 0.0466421
0 0.000728556 0.0483882 0.0467328
0 0.00090225 0.0485914 0.0469188
0 0.00106922 0.0488488 0.0471953
0 0.00122401 0.0491566 0.0475574
0 0.0013655 0.0495132 0.0479996
0 0.00149477 0.0499168 0.0485146
0 0.00160913 0.0503592 0.0490877
0 0.00169506 0.0508186 0.0496911
0 0.00173919 0.0512706 0.0502951
0 0.00174545 0.0517047 0.0508854
0 0.00173371 0.0521247 0.0514623
0 0.00171827 0.0525278 0.0520199
0 0.00170335 0.0529018 0.0525424
0 0.00169036 0.0532333 0.0530119
0 0.00167223 0.0535031 0.0534037
0 0.00163841 0.0536907 0.0536918
0 0.00158769 0.0537872 0.0538624
0 0.00153137 0.0537986 0.0539175
0 0.00148604 0.0537395 0.0538691
0 0.00146653 0.0536259 0.0537324
0 0.00148048 0.0534709 0.0535211
0 0.0015251 0.0532811 0.0532442
0 0.00159041 0.0530589 0.0529079
0 0.00165755 0.0527999 0.0525131
0 0.00170041 0.0524931 0.0520547
0 0.00169325 0.0521268 0.0515273
0 0.00162161 0.0516977 0.0509342
0 0.00148821 0.0512167 0.0502929
0 0.00130592 0.0507015 0.0496276
0 0.00108755 0.0501673 0.0489601
0 0.000833357 0.0496149 0.048297
0 0.000536069 0.0490359 0.0476341
0 0.00019615 0.0484287 0.0469711
0 -0.000175302 0.0478012 0.0463146
0 -0.000555051 0.0471732 0.0456796
0 -0.000915031 0.0465696 0.0450843
0 -0.00123866 0.0460055 0.0445349
0 -0.00152082 0.0454857 0.0440274
0 -0.00175512 0.0450178 0.0435611
0 -0.00193614 0.04461 0.0431376
0 -0.00206993 0.0442598 0.0427506
0 -0.00216893 0.0439585 0.0423907
0 -0.00224048 0.043702 0.0420562
0 -0.00228729 0.0434902 0.0417527
0 -0.00230407 0.0433304 0.0414952
0 -0.00227412 0.0432414 0.0413113
0 -0.00218582 0.0432383 0.0412251
0 -0.00204187 0.0433235 0.0412466
0 -0.00185087 0.0434954 0.0413797
0 -0.00162233 0.0437522 0.041626
0 -0.00136563 0.0440927 0.0419852
0 -0.00109307 0.0445117 0.0424509
0 -0.000822834 0.0449963 0.0430074
0 -0.000567071 0.0455362 0.0436409
0 -0.000321018 0.0461347 0.0443505
0 -7.25196e-05 0.0467989 0.0451393
0 0.000183182 0.0475259 0.0460008
0 0.000439052 0.0482985 0.0469153
0 0.000690556 0.0490999 0.0478643
0 0.000952621 0.0499323 0.0488489
0 0.0012473 0.0508057 0.0498788
0 0.00157902 0.0517143 0.0509478
0 0.00193996 0.0526417 0.0520389
0 0.00232246 0.0535735 0.053136
0 0.00271403 0.0544921 0.0542192
0 0.00310236 0.0553825 0.0552692
0 0.00348 0.0562356 0.0562724
0 0.00384234 0.0570461 0.0572189
0 0.00418714 0.0578113 0.0581021
0 0.00451128 0.0585274 0.0589162
0 0.00481085 0.0591896 0.059656
0 0.00508202 0.0597925 0.0603173
0 0.00532165 0.0603309 0.0608979
0 0.00552978 0.0608026 0.0613991
0 0.00570539 0.0612041 0.0618215
0 0.00584409 0.0615289 0.0621623
0 0.00594306 0.061772 0.0624197
0 0.0059961 0.0619255 0.0625876
0 0.00599228 0.0619766 0.0626539
0 0.00592714 0.0619188 0.0626113
0 0.00580341 0.0617526 0.0624582
0 0.00562813 0.0614827 0.0621962
0 0.00542115 0.0611276 0.0618396
0 0.00520654 0.0607114 0.0614081
0 0.00498929 0.060241 0.0609045
0 0.00475792 0.0597087 0.0603176
0 0.00449929 0.0591053 0.0596366
0 0.00420666 0.0584283 0.0588584
0 0.00387845 0.0576794 0.0579866
0 0.00351545 0.0568623 0.057028
0 0.0031232 0.0559845 0.0559949
0 0.00270748 0.0550541 0.0549
0 0.00227727 0.0540826 0.0537597
0 0.00184407 0.0530854 0.0525927
0 0.00140731 0.0520668 0.0514058
0 0.000960845 0.0510261 0.0501993
0 0.000499606 0.049963 0.0489738
0 1.54343e-05 0.0488734 0.0477258
0 -0.000493611 0.0477585 0.0464574
0 -0.00101263 0.0466355 0.0451866
0 -0.00151487 0.0455331 0.0439432
0 -0.00198623 0.0444677 0.042744
0 -0.00243087 0.0434386 0.0415882
0 -0.00285181 0.0424465 0.0404763
0 -0.003249 0.0414958 0.0394117
0 -0.00362156 0.0405916 0.038399
0 -0.00396472 0.0397432 0.0374466
0 -0.00427427 0.0389589 0.0365626
0 -0.00455171 0.0382412 0.0357498
0 -0.00480114 0.0375898 0.0350083
0 -0.00500978 0.0370207 0.0343555
0 -0.00514515 0.0365703 0.0338291
0 -0.00518124 0.0362701 0.0334622
0 -0.00511718 0.0361291 0.0332653
0 -0.00497749 0.0361321 0.0332249
0 -0.00479396 0.0362571 0.0333208
0 -0.00458545 0.0364935 0.0335446
0 -0.00435339 0.0368457 0.0339027
0 -0.00408649 0.0373276 0.0344121
0 -0.00377744 0.0379466 0.0350829
0 -0.00344369 0.0386828 0.0358976
0 -0.00312367 0.0394918 0.036814
0 -0.0028394 0.0403417 0.0378009
0 -0.00257181 0.0412378 0.0388627
0 -0.00228363 0.042202 0.0400186
0 -0.00194308 0.0432511 0.0412806
0 -0.00152658 0.0443964 0.0426533
0 -0.0010292 0.0456337 0.0441247
0 -0.000464031 0.0469442 0.0456683
0 0.000157564 0.0483127 0.0472628
0 0.000824137 0.0497261 0.0488913
0 0.00151484 0.0511637 0.0505304
0 0.00220878 0.052605 0.0521584
0 0.00289381 0.0540377 0.0537628
0 0.00356182 0.0554533 0.0553362
0 0.00419423 0.0568313 0.0568606
0 0.00476294 0.0581403 0.0583077
0 0.00524871 0.059355 0.0596558
0 0.00565019 0.0604658 0.0608982
0 0.00597844 0.0614734 0.0620384
0 0.00623858 0.0623714 0.0630713
0 0.00642299 0.0631406 0.0639772
0 0.00652824 0.0637654 0.0647384
0 0.00656246 0.0642424 0.0653472
0 0.00654233 0.0645769 0.0658036
0 0.00649016 0.0647822 0.0661142
0 0.00642261 0.064868 0.0662824
0 0.00634584 0.0648365 0.0663041
0 0.00626172 0.0646888 0.0661755
0 0.00617008 0.0644277 0.0658954
0 0.00607206 0.0640609 0.0654693
0 0.00597391 0.0636044 0.0649131
0 0.00587506 0.0630705 0.0642408
0 0.0057619 0.0624599 0.0634581
0 0.0056173 0.0617707 0.0625694
0 0.00541948 0.0609952 0.0615759
0 0.00514369 0.0601207 0.0604746
0 0.00478017 0.0591463 0.0592746
0 0.00433825 0.0580871 0.0579998
0 0.00382917 0.0569574 0.0566713
0 0.00326113 0.0557669 0.0553026
0 0.00264881 0.0545304 0.0539092
0 0.00201318 0.0532684 0.0525097
0 0.00137134 0.0519976 0.0511172
0 0.000734603 0.050729 0.0497383
0 0.000113257 0.0494734 0.0483786
0 -0.000487082 0.0482373 0.0470393
0 -0.00106377 0.0470253 0.0457196
0 -0.00161342 0.0458428 0.0444205
0 -0.00212725 0.044701 0.0431504
0 -0.00258322 0.0436249 0.0419334
0 -0.00296379 0.0426363 0.0407931
0 -0.00327482 0.0417354 0.0397332
0 -0.00353569 0.0409097 0.0387464
0 -0.00375562 0.0401575 0.037837
0 -0.00392599 0.039495 0.0370276
0 -0.00404275 0.0389344 0.0363364
0 -0.00411368 0.0384766 0.0357691
0 -0.00414633 0.0381228 0.0353304
0 -0.00414352 0.0378784 0.0350279
0 -0.00410217 0.0377544 0.0348727
0 -0.00402807 0.0377517 0.034865
0 -0.00394244 0.0378543 0.0349866
0 -0.00386208 0.038047 0.03522
0 -0.00378645 0.0383274 0.035561
0 -0.0037024 0.0387016 0.0360144
0 -0.00360271 0.0391666 0.0365758
0 -0.00349 0.0397068 0.0372288
0 -0.00336183 0.0403102 0.0379602
0 -0.00321018 0.0409696 0.0387608
0 -0.00302744 0.0416779 0.0396208
0 -0.00280645 0.042429 0.0405307
0 -0.00253536 0.0432242 0.041487
0 -0.00220104 0.044069 0.0424904
0 -0.00179971 0.0449635 0.0435364
0 -0.00133977 0.045899 0.0446125
0 -0.000839973 0.046859 0.0456999
0 -0.000318706 0.0478291 0.0467831
0 0.000211937 0.0488016 0.0478549
0 0.000745798 0.0497747 0.0489152
0 0.00128529 0.0507553 0.0499733
0 0.00183064 0.0517476 0.0510366
0 0.00237194 0.0527453 0.0521032
0 0.00289656 0.0537386 0.0531681
0 0.00338775 0.0547123 0.0542211
0 0.00382113 0.0556416 0.0552414
0 0.00418113 0.0565076 0.0562135
0 0.00447787 0.0573148 0.0571429
0 0.00473379 0.0580782 0.058044
0 0.00496035 0.0588019 0.0589175
0 0.00515502 0.0594757 0.0597483
0 0.00531002 0.0600845 0.0605143
0 0.00542885 0.0606242 0.0612043
0 0.00553257 0.0611088 0.061825
0 0.00564025 0.0615511 0.0623828
0 0.00575771 0.0619525 0.0628742
0 0.00587867 0.0623037 0.0632871
0 0.00599004 0.0625899 0.063606
0 0.00608319 0.0628014 0.0638225
0 0.00615328 0.0629327 0.0639346
0 0.00619621 0.0629797 0.0639426
0 0.00621082 0.0629416 0.0638514
0 0.0061956 0.0628187 0.0636663
0 0.00614739 0.0626112 0.0633915
0 0.00606355 0.0623209 0.0630319
0 0.00593807 0.0619468 0.0625882
0 0.00575914 0.061482 0.0620541
0 0.00552404 0.0609286 0.0614309
0 0.00524458 0.0603022 0.060733
0 0.00492823 0.0596139 0.0599692
0 0.00457834 0.0588698 0.0591437
0 0.00420275 0.05808 0.0582649
0 0.00380268 0.0572476 0.0573344
0 0.00337304 0.0563683 0.0563477
0 0.00291426 0.0554427 0.0553054
0 0.00242974 0.0544739 0.0542114
0 0.00192112 0.0534627 0.0530673
0 0.00139728 0.0524174 0.0518827
0 0.000873927 0.0513535 0.0506736
0 0.000357732 0.0502777 0.0494479
0 -0.000155544 0.0491862 0.0482026
0 -0.000667737 0.0480781 0.0469376
0 -0.00117495 0.0469592 0.0456595
0 -0.00167485 0.045834 0.0443742
0 -0.00215855 0.0447145 0.0430955
0 -0.00260681 0.043624 0.0418487
0 -0.00300636 0.0425817 0.0406548
0 -0.00334859 0.0416044 0.0395317
0 -0.00362372 0.0407118 0.0385003
0 -0.00382974 0.0399179 0.0375752
0 -0.00397287 0.0392298 0.0367641
0 -0.00405847 0.0386557 0.0360765
0 -0.00408525 0.0382102 0.0355285
0 -0.00405264 0.0379069 0.0351357
0 -0.00396969 0.0377482 0.0349033
0 -0.00385492 0.0377255 0.0348258
0 -0.00372211 0.037832 0.0348997
0 -0.00356994 0.0380723 0.0351331
0 -0.00339991 0.0384443 0.0355273
0 -0.00322555 0.0389293 0.0360669
0 -0.00305547 0.0395095 0.0367363
0 -0.00288659 0.0401748 0.0375261
0 -0.00271425 0.0409142 0.0384239
0 -0.00252966 0.0417193 0.0394176
0 -0.00231773 0.0425877 0.0404988
0 -0.0020668 0.0435148 0.0416548
0 -0.00177005 0.0444933 0.0428688
0 -0.00142241 0.0455164 0.0441246
0 -0.0010211 0.0465776 0.0454079
0 -0.000567745 0.047669 0.0467051
0 -6.74924e-05 0.0487819 0.0480042
0 0.000473081 0.0499095 0.0492957
0 0.00104594 0.0510452 0.0505717
0 0.00164187 0.0521824 0.0518254
0 0.0022507 0.0533145 0.0530518
0 0.00286114 0.0544341 0.0542473
0 0.00346105 0.0555335 0.0554094
0 0.0040363 0.0566026 0.0565343
0 0.00456786 0.0576251 0.0576127
0 0.00503684 0.0585834 0.0586332
0 0.00542867 0.0594613 0.059585
0 0.00572925 0.060241 0.0604537
0 0.00593072 0.0609077 0.0612259
0 0.00603518 0.0614544 0.0618933
0 0.0060512 0.0618783 0.0624492
0 0.00599354 0.062182 0.0628897
0 0.00587456 0.062365 0.0632067
0 0.00570182 0.0624223 0.0633863
0 0.00548571 0.0623527 0.0634183
0 0.00523825 0.0621577 0.0632961
0 0.00497016 0.0618395 0.063015
0 0.00469047 0.0614016 0.0625734
0 0.00440562 0.0608484 0.0619724
0 0.00411904 0.0601855 0.0612164
0 0.0038312 0.0594192 0.0603126
0 0.00354006 0.0585564 0.0592715
0 0.00324138 0.057605 0.0581063
0 0.00292935 0.056573 0.0568327
0 0.00259701 0.0554689 0.0554676
0 0.00223687 0.0543013 0.0540287
0 0.00184203 0.0530797 0.0525327
0 0.00140686 0.0518135 0.0509948
0 0.000929624 0.0505134 0.0494309
0 0.000416321 0.0491953 0.0478628
0 -0.000128674 0.047871 0.0463091
0 -0.000708236 0.0465423 0.0447783
0 -0.00131588 0.0452183 0.0432836
0 -0.00193194 0.0439192 0.0418462
0 -0.00253894 0.0426621 0.0404809
0 -0.00312277 0.0414611 0.0391967
0 -0.00366364 0.0403362 0.0380067
0 -0.00414285 0.0393075 0.0369231
0 -0.00455083 0.0383872 0.0359504
0 -0.00488427 0.0375823 0.035089
0 -0.00514479 0.0368957 0.0343375
0 -0.00532781 0.0363369 0.0337033
0 -0.00542037 0.0359241 0.0332061
0 -0.00541778 0.0356683 0.0328603
0 -0.00533031 0.0355664 0.0326687
0 -0.00517858 0.035605 0.0326252
0 -0.00498109 0.0357725 0.0327262
0 -0.00475012 0.0360624 0.0329729
0 -0.00449998 0.0364638 0.0333613
0 -0.00423941 0.0369683 0.0338889
0 -0.00396649 0.0375757 0.034559
0 -0.00367947 0.0382829 0.0353698
0 -0.00337862 0.039083 0.0363127
0 -0.00306285 0.0399687 0.037376
0 -0.00272933 0.0409331 0.0385466
0 -0.00237432 0.0419696 0.0398094
0 -0.00199565 0.0430692 0.0411467
0 -0.00159033 0.0442237 0.0425412
0 -0.00114845 0.0454319 0.0439839
0 -0.00065794 0.0466954 0.0454709
0 -0.00011432 0.0480096 0.0469947
0 0.000485751 0.0493711 0.0485513
0 0.00113945 0.0507736 0.0501346
0 0.00182763 0.0521965 0.0517249
0 0.00253313 0.0536228 0.0533064
0 0.00324262 0.0550406 0.054869
0 0.00393465 0.0564305 0.0563959
0 0.00458736 0.0577725 0.0578695
0 0.00518732 0.0590537 0.0592796
0 0.00572945 0.0602682 0.0606224
0 0.00621018 0.0614099 0.0618937
0 0.00662549 0.0624707 0.0630865
0 0.00697373 0.0634433 0.0641936
0 0.0072556 0.0643212 0.0652079
0 0.00747356 0.0650989 0.0661217
0 0.00763172 0.0657719 0.0669273
0 0.00774076 0.0663418 0.0676227
0 0.00781505 0.0668147 0.0682095
0 0.00785779 0.0671863 0.0686789
0 0.00786526 0.0674461 0.0690168
0 0.0078355 0.0675863 0.069212
0 0.00776246 0.0675959 0.0692512
0 0.00764626 0.0674701 0.0691287
0 0.00750108 0.0672202 0.0688555
0 0.00734457 0.0668637 0.068449
0 0.00719075 0.0664185 0.0679274
0 0.00704254 0.0658951 0.0673019
0 0.0068869 0.0652915 0.0665719
0 0.00670107 0.0645979 0.0657294
0 0.00646378 0.063806 0.0647694
0 0.00616419 0.0629169 0.063697
0 0.00579949 0.0619378 0.0625244
0 0.00537115 0.0608778 0.0612662
0 0.00488984 0.059753 0.059944
0 0.00437188 0.0585837 0.0585828
0 0.00382544 0.057381 0.0571974
0 0.00324734 0.0561441 0.0557885
0 0.00263543 0.0548724 0.0543556
0 0.00199541 0.0535721 0.0529036
0 0.00133576 0.0522518 0.0514387
0 0.000666721 0.0509207 0.0499676
0 -3.97804e-07 0.0495888 0.0484981
0 -0.000655076 0.0482655 0.0470371
0 -0.00128736 0.0469597 0.0455919
0 -0.00188772 0.0456807 0.0441702
0 -0.00244921 0.0444364 0.0427792
0 -0.00297367 0.0432268 0.0414192
0 -0.0034671 0.0420491 0.0400883
0 -0.00392982 0.0409066 0.0387917
0 -0.00435499 0.0398106 0.0375428
0 -0.0047287 0.0387805 0.0363635
0 -0.00503994 0.0378341 0.0352739
0 -0.00528708 0.0369814 0.0342864
0 -0.00546542 0.0362369 0.0334176
0 -0.00556419 0.0356224 0.0326912
0 -0.00557784 0.0351561 0.032127
0 -0.00551499 0.034843 0.0317315
0 -0.00539704 0.0346756 0.0314983
0 -0.00524402 0.0346464 0.0314217
0 -0.00506811 0.0347536 0.0315012
0 -0.00488291 0.0349909 0.0317324
0 -0.0047055 0.0353433 0.0321027
0 -0.0045439 0.0357987 0.0326034
0 -0.00438543 0.0363601 0.0332407
0 -0.00420329 0.0370407 0.0340303
0 -0.00397749 0.0378448 0.0349775
0 -0.00369983 0.0387647 0.0360733
0 -0.00336541 0.0397905 0.037304
0 -0.00297105 0.0409126 0.0386536
0 -0.00252076 0.0421162 0.0400994
0 -0.00202952 0.0433777 0.0416086
0 -0.0015115 0.0446753 0.0431507
0 -0.000968527 0.0460004 0.0447098
0 -0.000398751 0.0473481 0.0462768
0 0.000189202 0.048704 0.0478355
0 0.00077561 0.0500437 0.0493612
0 0.00134577 0.0513478 0.0508354
0 0.00189737 0.0526091 0.0522518
0 0.00242925 0.0538213 0.0536061
0 0.00293695 0.0549755 0.0548914
0 0.00341543 0.0560632 0.0561011
0 0.00385935 0.0570763 0.0572286
0 0.004258 0.0580019 0.058262
0 0.00459599 0.0588221 0.0591839
0 0.00486438 0.0595249 0.059982
0 0.00506205 0.060105 0.0606507
0 0.00519032 0.060559 0.0611856
0 0.00525203 0.0608844 0.0615824
0 0.00525119 0.0610794 0.0618376
0 0.00519381 0.0611446 0.0619491
0 0.00509637 0.0610914 0.0619261
0 0.00498512 0.0609426 0.0617889
0 0.00487696 0.0607148 0.0615515
0 0.00477768 0.0604171 0.0612208
0 0.00469488 0.0600642 0.0608095
0 0.00463328 0.0596714 0.060332
0 0.00458817 0.0592471 0.0597975
0 0.00455051 0.0587974 0.0592143
0 0.00451022 0.0583275 0.0585918
0 0.00445141 0.0578364 0.0579353
0 0.00435376 0.0573165 0.0572444
0 0.00420591 0.0567664 0.0565256
0 0.0040126 0.0561977 0.0557978
0 0.00378333 0.0556236 0.0550806
0 0.00351179 0.055039 0.0543737
0 0.0031785 0.0544224 0.0536588
0 0.00276987 0.0537547 0.0529183
0 0.00228706 0.053028 0.0521443
0 0.00175164 0.0522528 0.0513453
0 0.00119463 0.0514486 0.0505365
0 0.000635068 0.0506235 0.0497203
0 8.36565e-05 0.049779 0.0488904
0 -0.000439165 0.0489282 0.0480513
0 -0.000901105 0.048099 0.0472215
0 -0.00128019 0.0473135 0.0464137
0 -0.00158479 0.0465681 0.0456159
0 -0.00182971 0.0458564 0.0448153
0 -0.00199633 0.0452082 0.044039
0 -0.00204558 0.0446766 0.0433418
0 -0.0019649 0.0442916 0.0427601
0 -0.00178259 0.0440442 0.0422969
0 -0.00154406 0.0439085 0.0419422
0 -0.00128954 0.0438621 0.0416915
0 -0.00105585 0.0438828 0.0415402
0 -0.000876949 0.0439466 0.0414795
0 -0.000771265 0.0440397 0.0415068
0 -0.000746118 0.0441538 0.04162
0 -0.000822228 0.0442609 0.0417918
0 -0.00102618 0.0443203 0.0419772
0 -0.00134372 0.0443258 0.0421601
0 -0.00172421 0.0443026 0.0423515
0 -0.0021269 0.0442639 0.0425472
0 -0.00251227 0.0442221 0.0427408
0 -0.00281475 0.0442187 0.0429559
0 -0.00297072 0.0442999 0.0432235
0 -0.00296548 0.0444713 0.0435376
0 -0.00283042 0.0447017 0.0438584
0 -0.00260137 0.0449625 0.0441518
0 -0.00229393 0.0452503 0.0444134
0 -0.00190923 0.0455802 0.0446616
0 -0.00145034 0.045968 0.0449202
0 -0.000925599 0.0464261 0.0452139
0 -0.000351005 0.0469594 0.0455639
0 0.000243856 0.0475569 0.0459798
0 0.000828889 0.0482041 0.0464687
0 0.00138291 0.0488915 0.0470417
0 0.00188514 0.0496068 0.0477028
0 0.00231215 0.0503315 0.0484438
0 0.00264895 0.0510514 0.0492538
0 0.00289294 0.0517601 0.0501227
0 0.00305019 0.0524556 0.0510385
0 0.00313866 0.0531436 0.0519927
0 0.0031816 0.0538303 0.0529776
0 0.00319843 0.0545142 0.0539782
0 0.00321254 0.0551963 0.0549817
0 0.00324755 0.0558791 0.0559741
0 0.00331393 0.0565549 0.0569304
0 0.00341435 0.057211 0.0578226
0 0.00355327 0.0578394 0.0586316
0 0.00374412 0.0584443 0.0593556
0 0.00399567 0.059029 0.0599974
0 0.00429119 0.059575 0.0605433
0 0.00460476 0.0600582 0.0609782
0 0.0049241 0.0604703 0.0613063
0 0.0052489 0.0608183 0.0615481
0 0.00557147 0.0611041 0.0617196
0 0.00586525 0.0613137 0.0618189
0 0.00610402 0.061434 0.0618429
0 0.00628145 0.0614723 0.0618056
0 0.00640153 0.0614449 0.0617269
0 0.00646308 0.0613621 0.0616171
0 0.0064608 0.0612276 0.0614772
0 0.00637979 0.0610324 0.0612939
0 0.00619242 0.06075 0.0610348
0 0.00588223 0.0603591 0.0606729
0 0.00546151 0.0598613 0.0602039
0 0.0049652 0.0592766 0.0596426
0 0.00442594 0.0586206 0.0589998
0 0.00386108 0.0578933 0.0582714
0 0.00329193 0.0571004 0.0574593
0 0.00274476 0.0562556 0.056574
0 0.00222895 0.0553606 0.0556142
0 0.0017327 0.054401 0.0545631
0 0.00123748 0.0533599 0.0534024
0 0.000738623 0.0522376 0.0521318
0 0.00024243 0.051048 0.050766
0 -0.000253642 0.0497978 0.0493129
0 -0.000755942 0.0484904 0.0477779
0 -0.00126356 0.0471372 0.0461745
0 -0.00176718 0.0457591 0.0445264
0 -0.00224649 0.0443887 0.0428721
0 -0.00267102 0.0430695 0.0412642
0 -0.00301291 0.0418439 0.0397563
0 -0.00326149 0.0407397 0.0383872
0 -0.00342267 0.0397705 0.0371801
0 -0.00350983 0.0389442 0.0361503
0 -0.00353739 0.0382679 0.0353099
0 -0.00352154 0.0377461 0.0346657
0 -0.00348821 0.0373709 0.0342102
0 -0.00347076 0.0371227 0.0339222
0 -0.00349607 0.0369823 0.0337798
0 -0.00357592 0.0369381 0.0337682
0 -0.00370669 0.0369856 0.0338796
0 -0.00387521 0.0371207 0.0341079
0 -0.00406471 0.0373364 0.034444
0 -0.00425553 0.0376242 0.034877
0 -0.0044244 0.0379777 0.0353966
0 -0.00454686 0.038392 0.0359932
0 -0.00459511 0.0388693 0.0366616
0 -0.00454766 0.039411 0.0373945
0 -0.00440247 0.0400054 0.0381708
0 -0.00416443 0.0406409 0.038969
0 -0.00383715 0.0413131 0.0397768
0 -0.00342814 0.0420193 0.0405855
0 -0.00294935 0.0427566 0.0413895
0 -0.00241699 0.0435212 0.0421854
0 -0.00185594 0.0443019 0.0429662
0 -0.0012968 0.045082 0.0437218
0 -0.000761753 0.0458508 0.0444516
0 -0.000254627 0.0466133 0.0451719
0 0.000237577 0.0473882 0.0459135
0 0.000727743 0.0481922 0.0467044
0 0.00121514 0.0490276 0.0475559
0 0.0016913 0.0498889 0.0484681
0 0.0021476 0.0507701 0.0494372
0 0.00257721 0.0516665 0.0504574
0 0.00297363 0.0525718 0.0515192
0 0.00332524 0.0534722 0.0526041
0 0.00362155 0.0543512 0.0536911
0 0.00385968 0.0551971 0.0547619
0 0.0040359 0.0559944 0.0557932
0 0.0041525 0.0567317 0.0567636
0 0.00422661 0.0574107 0.0576642
0 0.00427826 0.0580356 0.058489
0 0.00431936 0.0586028 0.0592261
0 0.0043505 0.0590979 0.0598559
0 0.00437597 0.0595122 0.0603663
0 0.00441798 0.0598566 0.0607684
0 0.00450299 0.0601505 0.0610833
0 0.00464744 0.0604079 0.061329
0 0.00484896 0.0606298 0.0615114
0 0.00508814 0.0608055 0.0616253
0 0.00533996 0.0609233 0.0616646
0 0.00557326 0.0609686 0.0616195
0 0.00575589 0.0609265 0.06148
0 0.00586615 0.0607912 0.0612451
0 0.00589295 0.060565 0.0609213
0 0.00583643 0.0602578 0.0605222
0 0.00570588 0.0598848 0.0600665
0 0.00550871 0.0594561 0.0595665
0 0.00524643 0.0589726 0.0590243
0 0.0049235 0.0584352 0.058441
0 0.00455241 0.0578507 0.0578223
0 0.00414764 0.0572265 0.0571729
0 0.00372805 0.0565742 0.056501
0 0.00331683 0.0559104 0.0558186
0 0.00292951 0.0552461 0.0551316
0 0.00257247 0.0545855 0.0544391
0 0.00225033 0.0539336 0.0537415
0 0.0019681 0.0532985 0.0530429
0 0.00172787 0.0526871 0.0523483
0 0.00152835 0.0521049 0.0516625
0 0.00136687 0.051557 0.050992
0 0.00123786 0.051046 0.0503422
0 0.0011278 0.0505664 0.0497123
0 0.00102088 0.05011 0.0490996
0 0.000909611 0.0496753 0.0485097
0 0.000791401 0.0492641 0.0479528
0 0.000663393 0.0488765 0.0474374
0 0.000523845 0.048512 0.0469711
0 0.000373095 0.0481713 0.0465603
0 0.000211839 0.0478548 0.0462078
0 3.62908e-05 0.0475577 0.0459079
0 -0.000159813 0.0472719 0.0456482
0 -0.000376317 0.0469945 0.0454191
0 -0.000606074 0.0467282 0.0452148
0 -0.000843491 0.0464729 0.0450263
0 -0.00108674 0.0462232 0.0448401
0 -0.00132531 0.0459815 0.0446515
0 -0.00154698 0.0457519 0.0444592
0 -0.00174932 0.0455287 0.0442541
0 -0.00192314 0.0453142 0.044037
0 -0.00205785 0.0451141 0.0438136
0 -0.00215225 0.0449268 0.0435841
0 -0.00220255 0.0447563 0.0433552
0 -0.0022058 0.0446084 0.0431365
0 -0.00216599 0.0444848 0.0429342
0 -0.00209048 0.0443862 0.0427539
0 -0.0019933 0.0443085 0.0425962
0 -0.00189276 0.0442437 0.0424577
0 -0.00180201 0.0441884 0.0423391
0 -0.00172406 0.0441484 0.0422491
0 -0.00165519 0.0441343 0.0422007
0 -0.0015948 0.0441521 0.0422013
0 -0.00154632 0.0442017 0.042251
0 -0.00151406 0.0442799 0.0423461
0 -0.00149984 0.0443832 0.0424821
0 -0.0015076 0.0445038 0.0426493
0 -0.00154733 0.0446249 0.0428288
0 -0.00162376 0.0447325 0.0430041
0 -0.00173206 0.0448198 0.0431655
0 -0.00185671 0.0448895 0.0433123
0 -0.00197417 0.0449522 0.0434518
0 -0.00206095 0.0450203 0.0435926
0 -0.00209752 0.0451056 0.0437426
0 -0.00206715 0.0452209 0.0439109
0 -0.0019589 0.0453784 0.044106
0 -0.00177681 0.0455798 0.044327
0 -0.00153332 0.0458225 0.0445696
0 -0.00123939 0.0461078 0.0448354
0 -0.000907318 0.0464372 0.0451277
0 -0.000552971 0.0468083 0.0454487
0 -0.000192329 0.0472173 0.0458008
0 0.000163156 0.0476622 0.0461903
0 0.000504384 0.0481402 0.0466235
0 0.000822897 0.0486462 0.0471043
0 0.0011121 0.0491738 0.0476344
0 0.00137248 0.0497215 0.0482176
0 0.00161033 0.0502915 0.0488588
0 0.00182339 0.0508766 0.0495498
0 0.00200599 0.0514646 0.0502752
0 0.002157 0.0520467 0.0510206
0 0.00227187 0.0526084 0.0517657
0 0.00234853 0.0531358 0.05249
0 0.00239399 0.0536229 0.0531801
0 0.00241836 0.0540663 0.0538236
0 0.00243145 0.0544636 0.054408
0 0.00244292 0.0548134 0.0549215
0 0.00246803 0.055122 0.0553612
0 0.00253118 0.0554075 0.0557384
0 0.00265206 0.0556865 0.0560665
0 0.00283142 0.0559611 0.0563472
0 0.00305244 0.056219 0.0565714
0 0.00329599 0.0564486 0.0567339
0 0.00355515 0.0566527 0.0568459
0 0.00382823 0.0568408 0.0569271
0 0.00410624 0.0570168 0.0569914
0 0.00437065 0.0571756 0.0570436
0 0.00459643 0.0573047 0.0570796
0 0.00476235 0.0573936 0.0570956
0 0.00485821 0.0574395 0.0570936
0 0.00488213 0.0574441 0.0570781
0 0.00483566 0.0574087 0.0570513
0 0.00472301 0.0573338 0.057012
0 0.0045516 0.0572198 0.0569571
0 0.00433305 0.0570689 0.0568836
0 0.00408714 0.05689 0.0567932
0 0.00384131 0.0566998 0.0566944
0 0.00362182 0.0565154 0.0565951
0 0.00343893 0.0563401 0.0564898
0 0.00329013 0.056167 0.0563639
0 0.00317299 0.0559915 0.0562073
0 0.00307983 0.0558055 0.0560089
0 0.00300167 0.055601 0.0557607
0 0.00294215 0.0553837 0.0554713
0 0.00290752 0.0551635 0.0551556
0 0.00288792 0.0549354 0.0548152
0 0.00286142 0.0546831 0.0544415
0 0.00280965 0.0543939 0.0540293
0 0.0027242 0.0540647 0.0535818
0 0.0026026 0.0536972 0.0531061
0 0.00244414 0.053294 0.0526082
0 0.00224972 0.052858 0.0520933
0 0.00202168 0.0523925 0.0515652
0 0.00176379 0.0519011 0.0510268
0 0.00148067 0.0513877 0.0504797
0 0.00117703 0.0508552 0.0499239
0 0.00085906 0.0503077 0.0493597
0 0.000538567 0.0497547 0.0487924
0 0.00023461 0.0492134 0.0482346
0 -3.09426e-05 0.0487049 0.047703
0 -0.000242402 0.0482461 0.0472107
0 -0.000400698 0.0478392 0.0467569
0 -0.00051952 0.0474754 0.0463313
0 -0.000615875 0.0471431 0.0459223
0 -0.000703175 0.0468337 0.0455239
0 -0.000784136 0.0465483 0.0451416
0 -0.000857346 0.0462908 0.0447856
0 -0.000919132 0.0460666 0.0444682
0 -0.000962335 0.0458841 0.0442049
0 -0.000987907 0.0457439 0.0440021
0 -0.00100772 0.0456358 0.0438536
0 -0.00103435 0.0455486 0.0437501
0 -0.00107496 0.0454759 0.0436844
0 -0.00113489 0.045412 0.043648
0 -0.00121579 0.0453533 0.0436331
0 -0.00130728 0.045307 0.0436414
0 -0.00139493 0.0452832 0.0436771
0 -0.00147071 0.0452848 0.0437378
0 -0.00152953 0.045312 0.0438187
0 -0.00156708 0.0453639 0.0439157
0 -0.00158008 0.0454394 0.0440254
0 -0.00156615 0.045537 0.0441458
0 -0.0015242 0.0456552 0.0442755
0 -0.00145458 0.0457923 0.0444144
0 -0.00135907 0.0459464 0.0445628
0 -0.00124044 0.0461161 0.0447217
0 -0.00110269 0.0463 0.0448926
0 -0.000948213 0.046499 0.0450793
0 -0.000772956 0.0467217 0.0452927
0 -0.000574816 0.0469754 0.0455423
0 -0.000360018 0.0472595 0.045829
0 -0.00014152 0.0475666 0.0461466
0 6.77249e-05 0.0478885 0.0464874
0 0.000267925 0.0482283 0.0468553
0 0.000464323 0.0485929 0.0472572
0 0.000656116 0.0489816 0.0476927
0 0.000842727 0.0493928 0.0481598
0 0.00103141 0.0498316 0.0486634
0 0.00123245 0.0503054 0.0492106
0 0.00144821 0.050814 0.0498002
0 0.00167121 0.0513469 0.0504212
0 0.00189002 0.0518896 0.0510582
0 0.00209638 0.0524296 0.0516981
0 0.00228136 0.052953 0.0523258
0 0.00243578 0.0534444 0.052925
0 0.00255851 0.0538954 0.0534854
0 0.00265348 0.0543023 0.054001
0 0.00272963 0.0546665 0.0544697
0 0.00280267 0.0549967 0.054897
0 0.00288484 0.0552999 0.0552857
0 0.00298554 0.0555826 0.0556387
0 0.0031152 0.0558543 0.0559626
0 0.00326769 0.0561109 0.0562512
0 0.00341724 0.0563298 0.0564815
0 0.00353937 0.0564903 0.0566338
0 0.00362457 0.0565857 0.0567041
0 0.00367468 0.0566199 0.0567001
0 0.00369068 0.0565952 0.0566287
0 0.00366964 0.0565094 0.0564922
0 0.00361092 0.0563621 0.0562943
0 0.00352112 0.0561601 0.056045
0 0.00340699 0.0559104 0.0557532
0 0.0032662 0.0556115 0.0554177
0 0.00309717 0.0552627 0.0550371
0 0.00290777 0.0548733 0.0546185
0 0.002705 0.0544519 0.0541679
0 0.00248662 0.0539983 0.0536816
0 0.00224965 0.0535114 0.0531557
0 0.00199645 0.0529952 0.0525915
0 0.00173065 0.0524548 0.0519921
0 0.00145569 0.0518945 0.0513612
0 0.001175 0.0513184 0.0507027
0 0.000891958 0.0507301 0.0500215
0 0.000609851 0.050133 0.0493227
0 0.000331743 0.0495306 0.048612
0 6.03444e-05 0.0489262 0.0478953
0 -0.000202159 0.0483231 0.0471789
0 -0.000454179 0.0477251 0.0464693
0 -0.000694761 0.047136 0.0457731
0 -0.000923257 0.0465599 0.0450968
0 -0.00113862 0.0460021 0.0444474
0 -0.00134074 0.0454673 0.0438309
0 -0.00153102 0.0449592 0.0432509
0 -0.00171075 0.0444813 0.0427105
0 -0.00188036 0.0440378 0.0422128
0 -0.00204006 0.0436324 0.0417602
0 -0.00218713 0.043271 0.0413574
0 -0.00231115 0.0429663 0.0410161
0 -0.00240144 0.0427309 0.0407485
0 -0.00245495 0.0425696 0.0405593
0 -0.00247226 0.0424834 0.0404503
0 -0.00245469 0.0424722 0.0404224
0 -0.00240419 0.0425353 0.0404762
0 -0.00232296 0.0426712 0.0406118
0 -0.00221338 0.0428774 0.0408285
0 -0.00207763 0.0431515 0.0411253
0 -0.00191909 0.0434891 0.0414989
0 -0.00174459 0.0438816 0.0419414
0 -0.00155677 0.0443241 0.0424477
0 -0.00135571 0.0448133 0.0430138
0 -0.00115042 0.0453363 0.0436254
0 -0.000949855 0.0458794 0.0442667
0 -0.000750745 0.04644 0.0449327
0 -0.000539312 0.0470255 0.0456286
0 -0.000302866 0.0476426 0.0463585
0 -3.91663e-05 0.0482884 0.0471175
0 0.000242437 0.0489497 0.0478905
0 0.000528782 0.0496102 0.04866
0 0.00081914 0.0502669 0.0494216
0 0.0011195 0.050924 0.0501787
0 0.00142675 0.0515772 0.0509262
0 0.00173417 0.0522189 0.0516563
0 0.00204004 0.0528469 0.0523666
0 0.00234438 0.0534611 0.0530572
0 0.00264428 0.054059 0.0537257
0 0.00293474 0.0546363 0.0543682
0 0.00320699 0.0551849 0.0549772
0 0.00345274 0.0556966 0.0555453
0 0.00367232 0.0561712 0.0560731
0 0.00386786 0.0566096 0.0565625
0 0.00403769 0.0570084 0.0570108
0 0.0041801 0.0573638 0.0574148
0 0.00429652 0.0576749 0.0577734
0 0.00439534 0.0579475 0.0580922
0 0.00448269 0.0581858 0.0583746
0 0.00455203 0.0583817 0.0586111
0 0.00459655 0.058527 0.0587922
0 0.00461602 0.0586202 0.0589148
0 0.00461159 0.0586611 0.0589771
0 0.00458476 0.0586499 0.0589783
0 0.00453716 0.0585872 0.058918
0 0.00447087 0.058474 0.0587967
0 0.00438499 0.0583092 0.0586131
0 0.00427684 0.0580899 0.0583645
0 0.00415028 0.0578204 0.0580556
0 0.00401107 0.0575072 0.0576938
0 0.0038614 0.0571542 0.0572837
0 0.00370808 0.0567707 0.0568356
0 0.00356273 0.0563719 0.0563658
0 0.00342739 0.0559648 0.0558821
0 0.00329042 0.0555436 0.0553797
0 0.00313972 0.0551021 0.0548534
0 0.00296534 0.0546355 0.0542996
0 0.00275663 0.0541369 0.0537129
0 0.00250915 0.053604 0.053092
0 0.00222509 0.0530392 0.0524409
0 0.00190897 0.0524454 0.0517637
0 0.0015665 0.0518258 0.0510645
0 0.00120442 0.0511834 0.0503473
0 0.00083009 0.0505218 0.0496157
0 0.000451611 0.0498452 0.0488737
0 8.22094e-05 0.0491636 0.0481303
0 -0.000261037 0.0484926 0.0473991
0 -0.000566551 0.0478441 0.0466896
0 -0.000831004 0.0472246 0.0460052
0 -0.00105439 0.0466391 0.0453482
0 -0.00123902 0.0460922 0.0447212
0 -0.00139057 0.0455862 0.0441257
0 -0.00151171 0.0451264 0.043568
0 -0.00160592 0.0447171 0.0430552
0 -0.00168603 0.0443526 0.0425859
0 -0.00176494 0.0440253 0.042158
0 -0.0018479 0.0437336 0.0417758
0 -0.00193627 0.0434779 0.0414453
0 -0.00202748 0.043261 0.0411738
0 -0.00211142 0.0430921 0.0409733
0 -0.00217722 0.0429807 0.0408545
0 -0.00222059 0.0429299 0.0408192
0 -0.00224041 0.0429399 0.0408644
0 -0.0022356 0.0430107 0.040986
0 -0.00220495 0.0431422 0.0411789
0 -0.00214738 0.0433338 0.0414375
0 -0.00206216 0.0435845 0.0417562
0 -0.0019488 0.0438923 0.0421297
0 -0.00180701 0.0442546 0.0425533
0 -0.00163709 0.0446678 0.043023
0 -0.00144015 0.0451275 0.043535
0 -0.00121794 0.0456284 0.0440858
0 -0.000972789 0.0461651 0.0446725
0 -0.000707532 0.0467317 0.0452919
0 -0.000425465 0.0473228 0.0459407
0 -0.000130133 0.0479329 0.0466154
0 0.000174548 0.0485567 0.0473117
0 0.000486677 0.0491919 0.0480273
0 0.000805273 0.0498374 0.0487606
0 0.00112391 0.050487 0.0495044
0 0.0014334 0.051132 0.0502484
0 0.00173007 0.0517684 0.0509872
0 0.00201435 0.0523958 0.051719
0 0.0022841 0.0530103 0.0524384
0 0.00254169 0.0536121 0.0531443
0 0.00279347 0.0542051 0.0538389
0 0.00303498 0.0547822 0.0545137
0 0.00325558 0.0553298 0.0551536
0 0.00344795 0.0558372 0.0557465
0 0.00361016 0.0562981 0.0562852
0 0.00374114 0.0567064 0.0567632
0 0.00383945 0.0570551 0.0571731
0 0.00391255 0.0573462 0.0575169
0 0.00396948 0.0575835 0.0577983
0 0.00401342 0.057766 0.0580164
0 0.00404587 0.0578926 0.0581694
0 0.00406759 0.0579627 0.0582562
0 0.0040786 0.0579762 0.0582763
0 0.00407822 0.0579342 0.0582298
0 0.00406499 0.0578379 0.0581173
0 0.00403515 0.0576876 0.0579386
0 0.00398496 0.0574842 0.0576944
0 0.00391409 0.0572321 0.0573896
0 0.00382247 0.0569357 0.05703
0 0.00370833 0.0565979 0.05662
0 0.00356583 0.0562165 0.0561597
0 0.003386 0.0557854 0.0556456
0 0.00316536 0.0553029 0.0550781
0 0.00290658 0.054772 0.0544625
0 0.00261421 0.0541965 0.0538045
0 0.00229386 0.053581 0.0531094
0 0.00195174 0.0529304 0.0523823
0 0.00159408 0.0522498 0.0516277
0 0.00122695 0.0515446 0.0508494
0 0.000856354 0.0508203 0.0500516
0 0.00048783 0.0500825 0.0492376
0 0.000125929 0.0493362 0.0484109
0 -0.000224626 0.0485875 0.0475754
0 -0.000559144 0.0478433 0.0467366
0 -0.000874162 0.0471106 0.0459003
0 -0.00116857 0.0463945 0.0450717
0 -0.00144385 0.045698 0.0442551
0 -0.00169942 0.0450264 0.0434585
0 -0.00193197 0.0443879 0.0426939
0 -0.00213632 0.0437926 0.0419757
0 -0.00230742 0.0432513 0.041319
0 -0.0024451 0.0427701 0.0407339
0 -0.0025512 0.0423538 0.0402284
0 -0.00263006 0.0420048 0.0398068
0 -0.0026918 0.0417193 0.0394666
0 -0.00274564 0.0414933 0.0392038
0 -0.00279471 0.0413274 0.0390183
0 -0.00283891 0.0412235 0.038911
0 -0.00287684 0.0411827 0.0388814
0 -0.00290594 0.0412057 0.0389284
0 -0.00292008 0.0412944 0.0390526
0 -0.00290811 0.0414544 0.0392583
0 -0.00286008 0.0416897 0.0395482
0 -0.00277075 0.0419996 0.0399204
0 -0.0026384 0.0423804 0.0403701
0 -0.00246348 0.0428273 0.0408911
0 -0.00224656 0.0433361 0.0414781
0 -0.00198593 0.0439063 0.0421295
0 -0.00167916 0.0445393 0.0428454
0 -0.00132784 0.0452336 0.0436239
0 -0.000934082 0.0459885 0.0444634
0 -0.000499336 0.0468043 0.0453647
0 -3.13645e-05 0.0476756 0.0463226
0 0.00045497 0.0485895 0.0473253
0 0.000945521 0.0495331 0.0483612
0 0.00142918 0.0504956 0.0494215
0 0.00189333 0.0514636 0.0504947
0 0.00232641 0.0524234 0.0515693
0 0.00272338 0.0533655 0.0526382
0 0.00308442 0.0542837 0.0536968
0 0.00341104 0.0551715 0.0547394
0 0.00370857 0.056026 0.0557615
0 0.00398293 0.0568446 0.0567569
0 0.00423119 0.0576168 0.0577089
0 0.00444643 0.0583282 0.058596
0 0.00462918 0.0589723 0.0594039
0 0.00478829 0.0595508 0.0601275
0 0.00493165 0.0600653 0.0607625
0 0.00505917 0.0605099 0.0612992
0 0.00516868 0.0608774 0.0617288
0 0.00526335 0.061167 0.0620507
0 0.00534452 0.0613771 0.0622656
0 0.0054077 0.0615016 0.0623711
0 0.0054489 0.0615364 0.0623675
0 0.00546527 0.0614799 0.0622584
0 0.00545362 0.0613326 0.0620481
0 0.00541064 0.0610961 0.0617418
0 0.00533304 0.0607738 0.0613449
0 0.00521779 0.0603698 0.0608631
0 0.00506256 0.0598897 0.060302
0 0.00486589 0.0593394 0.0596674
0 0.00462746 0.0587256 0.0589652
0 0.00434833 0.0580552 0.0582017
0 0.00403102 0.0573351 0.0573834
0 0.00367952 0.0565723 0.0565174
0 0.00329899 0.0557737 0.055611
0 0.00289555 0.0549461 0.0546716
0 0.00247586 0.0540961 0.0537066
0 0.00204671 0.0532302 0.0527232
0 0.0016147 0.0523549 0.0517286
0 0.00118633 0.0514768 0.0507298
0 0.000770046 0.0506045 0.049736
0 0.000373836 0.0497471 0.0487568
0 1.09202e-07 0.0489088 0.0477969
0 -0.000351412 0.0480923 0.0468597
0 -0.000680093 0.0473021 0.0459504
0 -0.000985012 0.0465437 0.0450755
0 -0.00126557 0.0458224 0.044242
0 -0.00152171 0.0451436 0.0434565
0 -0.00175396 0.0445119 0.0427251
0 -0.00196275 0.0439319 0.0420538
0 -0.00214541 0.0434114 0.0414514
0 -0.00229629 0.0429606 0.040929
0 -0.00241289 0.0425868 0.0404945
0 -0.0024972 0.0422923 0.0401505
0 -0.00255168 0.0420783 0.0398988
0 -0.00257882 0.0419455 0.0397402
0 -0.00258319 0.0418912 0.0396723
0 -0.00256961 0.0419115 0.0396915
0 -0.00253994 0.0420035 0.0397952
0 -0.0024955 0.0421633 0.03998
0 -0.00243814 0.0423848 0.0402399
0 -0.0023672 0.042663 0.0405701
0 -0.00227982 0.0429942 0.0409666
0 -0.00217286 0.0433747 0.0414243
0 -0.00204289 0.0438008 0.0419381
0 -0.0018869 0.0442692 0.0425022
0 -0.00170396 0.0447754 0.0431091
0 -0.00149385 0.0453149 0.0437512
0 -0.00125645 0.0458843 0.0444222
0 -0.000994146 0.0464787 0.0451146
0 -0.000710933 0.0470923 0.0458208
0 -0.000410757 0.0477203 0.046535
0 -9.78879e-05 0.0483576 0.0472521
0 0.000224124 0.0490007 0.0479689
0 0.000552664 0.0496472 0.0486843
0 0.000883152 0.0502931 0.0493953
0 0.0012087 0.0509321 0.0500974
0 0.00152268 0.0515578 0.0507859
0 0.00181997 0.0521649 0.0514571
0 0.00209687 0.0527487 0.0521081
0 0.00235073 0.0533052 0.0527359
0 0.00257923 0.05383 0.0533369
0 0.00277958 0.0543177 0.0539057
0 0.00294989 0.0547637 0.0544363
0 0.00309106 0.0551655 0.0549244
0 0.00320693 0.0555235 0.0553676
0 0.00330133 0.0558381 0.0557632
0 0.00337652 0.0561081 0.0561067
0 0.003435 0.056333 0.0563943
0 0.00347889 0.0565122 0.0566228
0 0.00350926 0.0566442 0.0567891
0 0.0035272 0.0567284 0.0568915
0 0.0035337 0.0567645 0.0569299
0 0.00352928 0.0567522 0.0569051
0 0.0035143 0.0566922 0.0568194
0 0.00348953 0.0565864 0.0566767
0 0.00345513 0.0564374 0.0564819
0 0.00340949 0.0562468 0.0562386
0 0.00334948 0.0560156 0.0559497
0 0.00327182 0.0557449 0.055618
0 0.00317444 0.0554373 0.0552473
0 0.00305625 0.0550964 0.0548421
0 0.00291675 0.0547258 0.0544066
0 0.00275609 0.0543292 0.0539449
0 0.00257511 0.0539101 0.053461
0 0.00237548 0.0534724 0.0529586
0 0.00215966 0.0530196 0.0524416
0 0.00193032 0.0525551 0.0519131
0 0.00169021 0.0520812 0.051376
0 0.00144284 0.051601 0.0508332
0 0.00119286 0.0511181 0.0502887
0 0.000945112 0.0506363 0.0497465
0 0.000703796 0.050159 0.0492099
0 0.000472566 0.0496897 0.0486822
0 0.000254686 0.0492317 0.0481667
0 5.29111e-05 0.0487889 0.0476668
0 -0.00013065 0.0483653 0.0471859
0 -0.000295184 0.0479644 0.046727
0 -0.000441306 0.0475885 0.0462927
0 -0.00056987 0.0472404 0.0458856
0 -0.000681191 0.0469231 0.0455098
0 -0.000775822 0.0466395 0.0451692
0 -0.00085496 0.0463917 0.0448673
0 -0.000919975 0.0461809 0.0446074
0 -0.000972152 0.0460081 0.0443922
0 -0.00101259 0.045874 0.0442242
0 -0.00104214 0.045779 0.0441051
0 -0.00106128 0.0457232 0.0440361
0 -0.00106986 0.0457067 0.0440177
0 -0.00106766 0.0457294 0.0440494
0 -0.00105463 0.0457904 0.0441295
0 -0.00103041 0.0458883 0.0442556
0 -0.000994338 0.0460219 0.0444248
0 -0.000945613 0.0461895 0.0446338
0 -0.000883132 0.0463894 0.0448793
0 -0.000805782 0.0466199 0.0451581
0 -0.00071262 0.0468789 0.0454668
0 -0.000603104 0.0471641 0.0458021
0 -0.000477285 0.0474729 0.0461608
0 -0.000335731 0.0478024 0.0465395
0 -0.000179507 0.0481497 0.0469353
0 -1.00963e-05 0.0485119 0.0473452
0 0.000170652 0.0488862 0.0477666
0 0.000360416 0.04927 0.0481972
0 0.000556432 0.0496603 0.0486342
0 0.000755702 0.0500543 0.0490751
0 0.000955164 0.0504492 0.0495174
0 0.00115179 0.0508423 0.0499586
0 0.00134272 0.0512309 0.050396
0 0.0015255 0.0516121 0.0508273
0 0.00169811 0.0519833 0.0512499
0 0.00185899 0.052342 0.0516613
0 0.00200707 0.0526856 0.0520589
0 0.00214172 0.0530114 0.05244
0 0.00226272 0.0533172 0.0528017
0 0.00237018 0.0536007 0.0531412
0 0.00246452 0.0538601 0.0534555
0 0.00254634 0.0540937 0.0537415
0 0.00261638 0.0543 0.0539964
0 0.00267541 0.0544779 0.0542175
0 0.00272416 0.0546265 0.0544024
0 0.00276326 0.0547451 0.0545494
0 0.00279322 0.0548332 0.0546571
0 0.00281431 0.0548904 0.0547248
0 0.0028266 0.0549167 0.0547523
0 0.00282993 0.0549119 0.0547401
0 0.00282394 0.0548762 0.0546892
