0 -0.0150914 -0.0100557 -0.00934933
0 -0.0152023 -0.0103387 -0.00968334
0 -0.0152898 -0.0106023 -0.0100031
0 -0.0153592 -0.0108485 -0.0103099
0 -0.0154125 -0.0110753 -0.0106006
0 -0.0154519 -0.0112807 -0.0108717
0 -0.0154816 -0.0114648 -0.0111214
0 -0.0155024 -0.0116244 -0.0113441
0 -0.0155123 -0.0117538 -0.0115317
0 -0.0155158 -0.0118546 -0.0116829
0 -0.01552 -0.0119315 -0.0118001
0 -0.0155225 -0.0119807 -0.0118772
0 -0.0155155 -0.0119936 -0.0119043
0 -0.015504 -0.0119748 -0.0118853
0 -0.0155032 -0.0119402 -0.0118364
0 -0.0155221 -0.0119007 -0.0117692
0 -0.0155586 -0.0118577 -0.0116869
0 -0.0156079 -0.0118112 -0.0115914
0 -0.0156609 -0.0117574 -0.0114814
0 -0.015695 -0.0116794 -0.0113427
0 -0.0156929 -0.0115644 -0.0111654
0 -0.01566 -0.0114206 -0.0109607
0 -0.0155956 -0.011249 -0.0107325
0 -0.0154798 -0.0110293 -0.0104628
0 -0.015305 -0.0107517 -0.0101438
0 -0.0150833 -0.0104238 -0.00978451
0 -0.0148318 -0.0100574 -0.0093969
0 -0.0145795 -0.00967623 -0.00900361
0 -0.0143594 -0.00930953 -0.00863174
0 -0.0141849 -0.00896976 -0.00829017
0 -0.0140508 -0.00865359 -0.00797118
0 -0.0139538 -0.00836176 -0.00767077
0 -0.0139034 -0.00811015 -0.00740034
0 -0.0139048 -0.00791219 -0.00716969
0 -0.0139354 -0.0077545 -0.00696321
0 -0.0139681 -0.0076189 -0.00676246
0 -0.0139928 -0.00750225 -0.00656635
0 -0.0139919 -0.00739116 -0.00636596
0 -0.0139536 -0.00727467 -0.00615698
0 -0.0139076 -0.00718005 -0.00597478
0 -0.0138809 -0.00713103 -0.0058515
0 -0.0138436 -0.00709375 -0.0057608
0 -0.013739 -0.00700569 -0.0056458
0 -0.0135446 -0.00683634 -0.00547906
0 -0.0132946 -0.00660932 -0.00528417
0 -0.013044 -0.00636933 -0.00510227
0 -0.0128305 -0.00614617 -0.0049563
0 -0.012693 -0.00597539 -0.0048724
0 -0.0126984 -0.00592623 -0.00490892
0 -0.0129015 -0.00606429 -0.0051203
0 -0.0133041 -0.00641022 -0.0055173
0 -0.013856 -0.00693858 -0.00606716
0 -0.014451 -0.00756871 -0.00668602
0 -0.0149702 -0.00820169 -0.00727717
0 -0.0153634 -0.00879732 -0.00780856
0 -0.0156506 -0.00937482 -0.00831277
0 -0.0158622 -0.00995484 -0.00882744
0 -0.0160054 -0.0105287 -0.0093619
0 -0.016078 -0.0110738 -0.00991016
0 -0.0161025 -0.0115904 -0.0104848
0 -0.0161319 -0.0121098 -0.0111238
0 -0.0162072 -0.0126555 -0.0118503
0 -0.0163273 -0.0132143 -0.0126438
0 -0.0164699 -0.013757 -0.0134618
0 -0.0166118 -0.0142584 -0.0142595
0 -0.0167228 -0.0146891 -0.0149837
0 -0.0167651 -0.0150128 -0.0155718
0 -0.016716 -0.0152055 -0.0159771
0 -0.0166141 -0.0153005 -0.016216
0 -0.0165659 -0.0153979 -0.0163799
0 -0.0166664 -0.0155887 -0.0165591
0 -0.0169335 -0.0158925 -0.0167804
0 -0.0173161 -0.0162663 -0.0170144
0 -0.0177252 -0.0166323 -0.0172017
0 -0.0180738 -0.016915 -0.0172884
0 -0.0183138 -0.0170751 -0.0172569
0 -0.0184242 -0.0170965 -0.0171107
0 -0.0183782 -0.0169531 -0.0168384
0 -0.0181551 -0.0166198 -0.0164245
0 -0.0177721 -0.016105 -0.0158809
0 -0.0172787 -0.0154466 -0.015243
0 -0.0167297 -0.0146877 -0.0145454
0 -0.0161591 -0.0138537 -0.0137992
0 -0.0155785 -0.0129511 -0.012993
0 -0.015007 -0.0119978 -0.0121239
0 -0.0144674 -0.0110189 -0.0111971
0 -0.0139584 -0.0100178 -0.0101985
0 -0.0134747 -0.00899452 -0.00911616
0 -0.0130303 -0.00796776 -0.00796365
0 -0.0126337 -0.00695084 -0.00675586
0 -0.0122919 -0.00595697 -0.00551263
0 -0.0120504 -0.00504132 -0.00429896
0 -0.0119752 -0.00428519 -0.00320865
0 -0.012078 -0.00372122 -0.00229091
0 -0.0122891 -0.00330396 -0.00152169
0 -0.0125002 -0.0029487 -0.000840451
0 -0.0126148 -0.00257795 -0.000192638
0 -0.0125647 -0.00213552 0.000459182
0 -0.0123139 -0.001588 0.0011357
0 -0.0118847 -0.000951114 0.00181585
0 -0.0113802 -0.000315497 0.00241179
0 -0.0109483 0.000184155 0.0027998
0 -0.0107053 0.000439157 0.00288925
0 -0.010711 0.000388624 0.00264213
0 -0.0109785 9.14999e-06 0.00205937
0 -0.0114429 -0.000651492 0.00121081
0 -0.011971 -0.00147697 0.000228969
0 -0.0124501 -0.00236465 -0.000775602
0 -0.01283 -0.00326295 -0.00175238
0 -0.0130887 -0.00413611 -0.00267477
0 -0.0132241 -0.00495685 -0.00353074
0 -0.0132929 -0.00574882 -0.00436228
0 -0.0133798 -0.00656195 -0.00523719
0 -0.0134769 -0.00735672 -0.00612972
0 -0.013476 -0.00799767 -0.00691185
0 -0.0133019 -0.0083831 -0.00748273
0 -0.0129616 -0.00849238 -0.0078167
0 -0.0125036 -0.00834689 -0.007924
0 -0.0120251 -0.00802145 -0.00786151
0 -0.0116963 -0.00767509 -0.00776316
0 -0.0116742 -0.00747213 -0.00776309
0 -0.0119862 -0.0074677 -0.00788606
0 -0.0125754 -0.00764876 -0.0080945
0 -0.0134168 -0.00804418 -0.00840345
0 -0.0144598 -0.00866135 -0.00881968
0 -0.0154905 -0.00934089 -0.00919688
0 -0.0162218 -0.00983622 -0.00931408
0 -0.0165135 -0.0100242 -0.00908363
0 -0.0164279 -0.00995827 -0.0086023
0 -0.0161196 -0.009764 -0.00804466
0 -0.0157463 -0.00956013 -0.00757671
0 -0.0154327 -0.00943459 -0.00732134
0 -0.0152445 -0.00942702 -0.00733453
0 -0.0151805 -0.00952389 -0.0075985
0 -0.015186 -0.00967123 -0.00803596
0 -0.0152295 -0.0098472 -0.00858764
0 -0.0153543 -0.0101099 -0.00926844
0 -0.0156271 -0.010545 -0.0101217
0 -0.016074 -0.0112011 -0.0111565
0 -0.0166791 -0.0120885 -0.0123475
0 -0.0174042 -0.0131939 -0.0136559
0 -0.0181778 -0.0144641 -0.0150196
0 -0.0188965 -0.0158024 -0.016351
0 -0.0194498 -0.0170892 -0.0175559
0 -0.0197417 -0.0182015 -0.0185486
0 -0.0197134 -0.0190364 -0.0192687
0 -0.0193956 -0.0195677 -0.0197299
0 -0.018938 -0.0198834 -0.0200516
0 -0.0185508 -0.0201397 -0.0204077
0 -0.0183742 -0.0204405 -0.0209037
0 -0.0183762 -0.0207401 -0.021478
0 -0.018417 -0.0209028 -0.0219644
0 -0.0184007 -0.0208483 -0.0222416
0 -0.018306 -0.0205755 -0.0222642
0 -0.0181197 -0.0200932 -0.0219986
0 -0.0178197 -0.0193976 -0.0214075
0 -0.0173967 -0.018492 -0.0204734
0 -0.0168524 -0.0173829 -0.0191974
0 -0.0161839 -0.0160646 -0.0175839
0 -0.0154186 -0.0145556 -0.015675
0 -0.0146797 -0.0129693 -0.0136167
0 -0.0141539 -0.0114888 -0.0116287
0 -0.0139563 -0.0102416 -0.00987114
0 -0.014051 -0.00922226 -0.00836234
0 -0.0143077 -0.00834309 -0.00703171
0 -0.0145781 -0.00750301 -0.00579391
0 -0.0147223 -0.00660733 -0.00456796
0 -0.0146407 -0.00559285 -0.00329966
0 -0.0143055 -0.00445522 -0.0019882
0 -0.0137748 -0.00326292 -0.000700441
0 -0.0131396 -0.00210635 0.0004798
0 -0.0124429 -0.00102015 0.001529
0 -0.0117063 -1.20711e-05 0.0024542
0 -0.010988 0.000877598 0.00323215
0 -0.0103464 0.00160965 0.00384126
0 -0.00977313 0.0022118 0.00432566
0 -0.00923914 0.00273293 0.00474776
0 -0.00879424 0.00314321 0.00508719
0 -0.00853579 0.00336175 0.00526829
0 -0.00851773 0.0033434 0.00524726
0 -0.00872683 0.003101 0.00503458
0 -0.00910525 0.00268383 0.00467378
0 -0.00958712 0.00214426 0.00420833
0 -0.0101093 0.00153048 0.00367512
0 -0.0106084 0.000892616 0.00311146
0 -0.0110213 0.000285227 0.00255889
0 -0.0112991 -0.000244429 0.00205265
0 -0.0114379 -0.000686773 0.00159271
0 -0.0114737 -0.00106548 0.00114947
0 -0.0114649 -0.0014238 0.000678618
0 -0.0114916 -0.0018273 0.000119003
0 -0.011665 -0.00237811 -0.000621773
0 -0.0121187 -0.00321133 -0.0016648
0 -0.0129302 -0.00441979 -0.00308699
0 -0.0140418 -0.00597382 -0.00484368
0 -0.015309 -0.00776238 -0.00681264
0 -0.0166268 -0.00971322 -0.00891617
0 -0.0179516 -0.0118104 -0.0111397
0 -0.0192084 -0.0139979 -0.0134361
0 -0.0202395 -0.0161214 -0.0156674
0 -0.0208662 -0.0179854 -0.0176589
0 -0.0210057 -0.0194673 -0.0193099
0 -0.0207324 -0.0205825 -0.0206535
0 -0.0202049 -0.0214186 -0.0217868
0 -0.0195553 -0.0220368 -0.0227685
0 -0.018874 -0.0224638 -0.02361
0 -0.0182459 -0.0227338 -0.0243183
0 -0.0177861 -0.022927 -0.0249387
0 -0.0176423 -0.0231764 -0.0255655
0 -0.0179565 -0.0236327 -0.0263119
0 -0.0187825 -0.0243844 -0.0272348
0 -0.0199945 -0.0253653 -0.0282453
0 -0.0213072 -0.0263621 -0.0291216
0 -0.0224264 -0.0271471 -0.0296449
0 -0.0231726 -0.027589 -0.0297109
0 -0.0234702 -0.0276343 -0.0293081
0 -0.0232791 -0.0272381 -0.0284434
0 -0.0225711 -0.0263423 -0.0271126
0 -0.021356 -0.0249061 -0.0253219
0 -0.0197522 -0.0229845 -0.0231597
0 -0.0180344 -0.0207898 -0.0208524
0 -0.0165935 -0.0186692 -0.0187408
0 -0.0157659 -0.0169515 -0.0171264
0 -0.0156359 -0.0157565 -0.0160845
0 -0.0160957 -0.0150489 -0.0155248
0 -0.0170275 -0.0148093 -0.0153712
0 -0.0183151 -0.0150312 -0.0155714
0 -0.0197554 -0.0156185 -0.0160038
0 -0.0210688 -0.0163796 -0.0164769
0 -0.0220071 -0.0171211 -0.0168234
0 -0.0224085 -0.017695 -0.0169406
0 -0.0221683 -0.0179652 -0.0167518
0 -0.0212275 -0.0177945 -0.0161907
0 -0.0196174 -0.0170949 -0.0152428
0 -0.0174804 -0.0158653 -0.0139654
0 -0.0150191 -0.0141623 -0.0124458
0 -0.0124317 -0.0120525 -0.0107469
0 -0.0099177 -0.00963103 -0.00892419
0 -0.00769808 -0.00705452 -0.00706277
0 -0.00597102 -0.00450576 -0.00524658
0 -0.0048606 -0.00214315 -0.00351603
0 -0.00440311 -7.6813e-05 -0.00186473
0 -0.00454737 0.00164352 -0.000248518
0 -0.00515701 0.00303775 0.00140979
0 -0.00604083 0.00418055 0.00319585
0 -0.00699608 0.00517357 0.00517175
0 -0.0078397 0.00612361 0.00736164
0 -0.00843582 0.00712018 0.00974194
0 -0.00870601 0.00822735 0.0122411
0 -0.00865042 0.00945675 0.0147285
0 -0.00837185 0.0107305 0.0170007
0 -0.00800698 0.0119371 0.0188549
0 -0.0076306 0.0130176 0.0201853
0 -0.00724775 0.0139691 0.0209902
0 -0.00685127 0.014788 0.0213124
0 -0.00649303 0.015401 0.0211628
0 -0.00627636 0.0156743 0.0205173
0 -0.00625988 0.0155144 0.0194018
0 -0.00642476 0.0149087 0.0179156
0 -0.00673557 0.0138739 0.0161639
0 -0.00718907 0.0124142 0.0142041
0 -0.00780778 0.0105278 0.0120487
0 -0.00858407 0.00826035 0.00972175
0 -0.00945143 0.00572942 0.00729051
0 -0.0103392 0.00306632 0.00481658
0 -0.0112101 0.000373795 0.00232387
0 -0.0120341 -0.00225344 -0.000168997
0 -0.0127786 -0.00472649 -0.00263393
0 -0.013431 -0.00698858 -0.00505135
0 -0.0140008 -0.00901857 -0.00741151
0 -0.0145131 -0.010824 -0.00970779
0 -0.01502 -0.0124526 -0.0119531
0 -0.0156095 -0.0140008 -0.0141944
0 -0.0163745 -0.015585 -0.0164855
0 -0.0173642 -0.0172931 -0.0188444
0 -0.018567 -0.0191612 -0.0212436
0 -0.0199024 -0.0211581 -0.0236054
0 -0.0212193 -0.0231749 -0.0257972
0 -0.0223374 -0.0250582 -0.0276678
0 -0.0231103 -0.0266675 -0.029103
0 -0.0234653 -0.0279129 -0.0300594
0 -0.0233908 -0.0287449 -0.0305463
0 -0.0229063 -0.0291276 -0.03059
0 -0.0220527 -0.0290343 -0.0302209
0 -0.0209127 -0.0284742 -0.0294914
0 -0.0196251 -0.0275156 -0.0284948
0 -0.0183564 -0.0262657 -0.0273417
0 -0.0172692 -0.0248504 -0.0261378
0 -0.0164962 -0.0233998 -0.0249691
0 -0.0161164 -0.0220281 -0.0238866
0 -0.0161502 -0.0208235 -0.0229068
0 -0.0165615 -0.0198413 -0.0220176
0 -0.0172596 -0.0190948 -0.0211803
0 -0.018106 -0.0185488 -0.0203333
0 -0.0189383 -0.0181307 -0.0194084
0 -0.019592 -0.017741 -0.0183431
0 -0.0199124 -0.0172589 -0.0170789
0 -0.0197838 -0.0165707 -0.0155763
0 -0.0191725 -0.0156146 -0.0138519
0 -0.0181272 -0.014382 -0.011979
0 -0.0167414 -0.0128905 -0.0100471
0 -0.0151346 -0.0111796 -0.0081431
0 -0.0134237 -0.00929448 -0.00632654
0 -0.011683 -0.00725351 -0.00459447
0 -0.00996294 -0.00507017 -0.00290475
0 -0.0083311 -0.00279573 -0.0012254
0 -0.00687494 -0.000520005 0.000449223
0 -0.00567176 0.00166177 0.00211606
0 -0.00476779 0.00367151 0.00377928
0 -0.00422285 0.00540688 0.0054017
0 -0.00412772 0.0067287 0.00688111
0 -0.00450237 0.00756426 0.00814802
0 -0.00518949 0.00801609 0.00927651
0 -0.00590792 0.00831813 0.0104427
0 -0.00640372 0.00869703 0.0117876
0 -0.00648823 0.00934022 0.0133955
0 -0.00602017 0.0104139 0.0153287
0 -0.00494802 0.012018 0.0175982
0 -0.00333362 0.0141558 0.0201449
0 -0.00130857 0.0167679 0.022881
0 0.00099038 0.0197848 0.0257469
0 0.00345895 0.023154 0.0287367
0 0.00602465 0.0268331 0.0318847
0 0.00863118 0.030772 0.0352378
0 0.0112385 0.0349172 0.0388452
0 0.0138281 0.0392241 0.0427578
0 0.0164119 0.0436756 0.0470324
0 0.0190163 0.0482731 0.0517151
0 0.0215778 0.0529359 0.0567367
0 0.0238825 0.0574422 0.0618537
0 0.0256605 0.0615226 0.066745
0 0.0266583 0.0649314 0.0710891
0 0.0266246 0.0674289 0.0745552
0 0.0253389 0.068787 0.0768202
0 0.0227058 0.0688478 0.0776418
0 0.018805 0.0675682 0.0769136
0 0.0138453 0.064986 0.0746372
0 0.0081018 0.0611716 0.0708754
0 0.00187657 0.0562113 0.0657324
0 -0.00455284 0.0501804 0.0593179
0 -0.0109629 0.0431289 0.0517245
0 -0.0172055 0.0350803 0.0430181
0 -0.0232456 0.0260262 0.0332142
0 -0.0291507 0.0159447 0.0222852
0 -0.0350503 0.00481966 0.0101872
0 -0.0410432 -0.0072964 -0.00306126
0 -0.0471402 -0.0202517 -0.0173337
0 -0.0532992 -0.0338545 -0.0324443
0 -0.0594668 -0.0479297 -0.0481957
0 -0.0655727 -0.0623286 -0.0643795
0 -0.071433 -0.0768362 -0.0806825
0 -0.0767577 -0.0911531 -0.0966812
0 -0.0812619 -0.104987 -0.111957
0 -0.0847387 -0.118118 -0.126188
0 -0.0871225 -0.130462 -0.139229
0 -0.0884286 -0.142005 -0.151056
0 -0.0886192 -0.152667 -0.161636
0 -0.0876224 -0.162302 -0.170913
0 -0.0854584 -0.170802 -0.178898
0 -0.0823354 -0.178185 -0.185744
0 -0.0785848 -0.184546 -0.191671
0 -0.074594 -0.190036 -0.1969
0 -0.0709198 -0.19505 -0.201807
0 -0.0682555 -0.20019 -0.206941
0 -0.0670856 -0.205894 -0.212705
0 -0.0673564 -0.212092 -0.219019
0 -0.0686205 -0.218352 -0.225456
0 -0.070609 -0.224458 -0.231794
0 -0.0733809 -0.230573 -0.238165
0 -0.0767512 -0.236653 -0.24449
0 -0.0800232 -0.242152 -0.250193
0 -0.0825689 -0.246574 -0.254761
0 -0.0843547 -0.249979 -0.258248
0 -0.08569 -0.252739 -0.261023
0 -0.0867705 -0.255089 -0.263328
0 -0.0876122 -0.257074 -0.265213
0 -0.0880471 -0.258541 -0.26654
0 -0.087752 -0.259162 -0.267001
0 -0.0865273 -0.2587 -0.266381
0 -0.0844654 -0.257168 -0.264713
0 -0.0818315 -0.254721 -0.262166
0 -0.078894 -0.251506 -0.258894
0 -0.0757871 -0.247555 -0.254915
0 -0.0725244 -0.242814 -0.250147
0 -0.0691601 -0.237318 -0.244566
0 -0.0658013 -0.231198 -0.238235
0 -0.062559 -0.224629 -0.231255
0 -0.0596392 -0.217901 -0.223861
0 -0.0573392 -0.211407 -0.216418
0 -0.0558253 -0.205411 -0.209207
0 -0.0548877 -0.199797 -0.202164
0 -0.0539705 -0.19409 -0.194895
0 -0.0524912 -0.187757 -0.186966
0 -0.0501095 -0.180475 -0.178162
0 -0.0468166 -0.172221 -0.168569
0 -0.0428878 -0.16324 -0.158521
0 -0.0386782 -0.153858 -0.148399
0 -0.0343857 -0.144256 -0.138399
0 -0.0300749 -0.134496 -0.128561
0 -0.0257708 -0.124619 -0.118864
0 -0.0213455 -0.114519 -0.109122
0 -0.0166394 -0.104066 -0.0991064
0 -0.0117371 -0.0933735 -0.0888324
0 -0.00690292 -0.0827323 -0.0785021
0 -0.00238101 -0.0724092 -0.0683123
0 0.00161415 -0.0626341 -0.0584489
0 0.00484595 -0.0536513 -0.0491419
0 0.00707125 -0.0457034 -0.0406493
0 0.00806295 -0.0390101 -0.0332333
0 0.00771884 -0.0336668 -0.0270543
0 0.00618097 -0.0295477 -0.0220638
0 0.00366844 -0.026492 -0.0181791
0 0.000273321 -0.0245084 -0.0154776
0 -0.00394066 -0.0236688 -0.0140832
0 -0.00878119 -0.0239451 -0.0139992
0 -0.0138942 -0.0251603 -0.0150583
0 -0.0188451 -0.0270498 -0.0169866
0 -0.0232533 -0.0293814 -0.0195286
0 -0.0268787 -0.0320376 -0.022531
0 -0.0296233 -0.0350094 -0.0259423
0 -0.0315225 -0.0383652 -0.0297984
0 -0.0326899 -0.0421713 -0.0341602
0 -0.0332102 -0.0463885 -0.039011
0 -0.0331283 -0.050877 -0.0442511
0 -0.0324498 -0.0554145 -0.0497008
0 -0.0311131 -0.0596908 -0.0550764
0 -0.0290257 -0.0633636 -0.0600337
0 -0.0261376 -0.0661408 -0.0642445
0 -0.0224979 -0.0678449 -0.0674574
0 -0.0182967 -0.0684621 -0.0695543
0 -0.0138766 -0.0681596 -0.0705859
0 -0.0096885 -0.0672451 -0.0707524
0 -0.00617659 -0.0660543 -0.0703073
0 -0.00367491 -0.0648472 -0.0694631
0 -0.00241189 -0.0638094 -0.0683942
0 -0.00252 -0.0630756 -0.0672507
0 -0.00399462 -0.0627219 -0.0661355
0 -0.00669381 -0.0627789 -0.065116
0 -0.0103778 -0.063251 -0.0642491
0 -0.0147399 -0.0641119 -0.0635801
0 -0.0194324 -0.0652944 -0.0631305
0 -0.0240772 -0.0666743 -0.0628781
0 -0.0282814 -0.0680614 -0.062748
0 -0.0317082 -0.0692586 -0.062662
0 -0.0341553 -0.0701474 -0.062607
0 -0.0355798 -0.0707303 -0.0626598
0 -0.0360698 -0.0711147 -0.0629623
0 -0.0357746 -0.0714399 -0.0636491
0 -0.034868 -0.0718287 -0.0648053
0 -0.0335475 -0.0723848 -0.0664701
0 -0.0320242 -0.0731962 -0.068644
0 -0.0305226 -0.0743534 -0.0713166
0 -0.0292634 -0.0759476 -0.0744748
0 -0.0283921 -0.0780096 -0.0780449
0 -0.0279154 -0.0804538 -0.081839
0 -0.0277247 -0.0831008 -0.0855891
0 -0.0276563 -0.0857286 -0.0890102
0 -0.0275229 -0.0880949 -0.0918298
0 -0.0271576 -0.0899724 -0.0938249
0 -0.0264724 -0.0912015 -0.0948729
0 -0.0254872 -0.091719 -0.0949746
0 -0.0243115 -0.0915453 -0.0942315
0 -0.0231009 -0.0907496 -0.092801
0 -0.0220358 -0.0894423 -0.0908758
0 -0.0213032 -0.0877771 -0.0886703
0 -0.021043 -0.0859172 -0.0863744
0 -0.0213143 -0.0840066 -0.0841229
0 -0.0221083 -0.0821749 -0.0820073
0 -0.0233718 -0.0805469 -0.080098
0 -0.0250309 -0.0792479 -0.0784653
0 -0.0270117 -0.0784049 -0.0771949
0 -0.0292277 -0.0781184 -0.0763686
0 -0.0315154 -0.0783846 -0.0759903
0 -0.0335846 -0.0790346 -0.0759254
0 -0.0351162 -0.079823 -0.0759876
0 -0.0358997 -0.080562 -0.0760664
0 -0.0358162 -0.0811006 -0.076096
0 -0.0347512 -0.0812292 -0.0759513
0 -0.0326259 -0.080713 -0.0754669
0 -0.0295258 -0.0794356 -0.0745659
0 -0.0256906 -0.0774128 -0.0732645
0 -0.0214043 -0.0747087 -0.0715832
0 -0.0169029 -0.0713662 -0.0694804
0 -0.0123124 -0.0673615 -0.066812
0 -0.00771362 -0.0626769 -0.0634118
0 -0.00322508 -0.0573837 -0.059192
0 0.00103052 -0.0516079 -0.0541269
0 0.0049404 -0.0455083 -0.0482511
0 0.00835956 -0.0393021 -0.0417045
0 0.0111206 -0.0332403 -0.0347195
0 0.01307 -0.0275587 -0.0275756
0 0.0140937 -0.0224428 -0.0205628
0 0.0141405 -0.0180031 -0.013947
0 0.0132167 -0.0142901 -0.00796798
0 0.0113584 -0.0113393 -0.00286677
0 0.00863659 -0.00917515 0.00113567
0 0.00521818 -0.00775419 0.00392498
0 0.00139012 -0.00693912 0.00554155
0 -0.00251284 -0.00656122 0.00612607
0 -0.00621125 -0.00650988 0.00582668
0 -0.00953017 -0.00677309 0.00474988
0 -0.0123695 -0.0074033 0.00297985
0 -0.0146376 -0.00844584 0.000630749
0 -0.016235 -0.00990936 -0.00214592
0 -0.0170872 -0.011776 -0.00519574
0 -0.0171614 -0.0139926 -0.00837433
0 -0.016472 -0.0164569 -0.0115501
0 -0.0150845 -0.0190245 -0.0146116
0 -0.0130971 -0.0215175 -0.0174599
0 -0.0106247 -0.0237454 -0.020003
0 -0.00780589 -0.025546 -0.0221706
0 -0.00481759 -0.0268243 -0.0239322
0 -0.00186702 -0.0275607 -0.0252935
0 0.000864575 -0.0277644 -0.026248
0 0.00326757 -0.0274274 -0.0267374
0 0.00528803 -0.0265342 -0.0266716
0 0.00689462 -0.0250893 -0.0259669
0 0.00805765 -0.0231391 -0.0245753
0 0.00873014 -0.0207968 -0.0225139
0 0.00885275 -0.018233 -0.0198687
0 0.00840517 -0.0156155 -0.01675
0 0.00744854 -0.0130515 -0.0132507
0 0.00611758 -0.0105786 -0.00944378
0 0.00458646 -0.00818377 -0.00539835
0 0.00302631 -0.00583409 -0.00120442
0 0.00157847 -0.00349491 0.00301955
0 0.000346411 -0.00113831 0.0071356
0 -0.000599335 0.0012553 0.0110069
0 -0.0011952 0.00371441 0.0145383
0 -0.0013626 0.00629224 0.0177077
0 -0.00102041 0.00905186 0.020558
0 -0.00012081 0.0120311 0.0231627
0 0.00132709 0.0152214 0.0255974
0 0.00326393 0.0185761 0.0279366
0 0.00559942 0.0220307 0.0302577
0 0.00822971 0.0255203 0.0326413
0 0.0110385 0.0289769 0.0351524
0 0.0138502 0.0322774 0.037775
0 0.01642 0.035226 0.0403847
0 0.018502 0.0376198 0.0428074
0 0.0198862 0.0392852 0.0448542
0 0.020396 0.0400777 0.0463235
0 0.0198879 0.0398751 0.0470023
0 0.0182619 0.038568 0.0466703
0 0.0155009 0.0360818 0.0451377
0 0.0117232 0.0324293 0.0423114
0 0.00717864 0.0277206 0.0382125
0 0.00216992 0.0221058 0.0329237
0 -0.00300943 0.0157373 0.0265533
0 -0.00810974 0.00875613 0.0192195
0 -0.0129536 0.00127643 0.0110348
0 -0.0174332 -0.00660745 0.00211376
0 -0.0214946 -0.0148109 -0.00741899
0 -0.0251175 -0.0232491 -0.0174224
0 -0.0282867 -0.0318212 -0.0277266
0 -0.0309744 -0.0404043 -0.0381318
0 -0.0331509 -0.0488753 -0.0484305
0 -0.0348158 -0.0571522 -0.0584442
0 -0.0359891 -0.0651893 -0.0680263
0 -0.0366711 -0.0729317 -0.0770325
0 -0.0368367 -0.0803033 -0.0853231
0 -0.0364658 -0.0872271 -0.0927909
0 -0.0355669 -0.0936355 -0.0993774
0 -0.0341693 -0.0994585 -0.10506
0 -0.0323156 -0.104617 -0.109838
0 -0.0300671 -0.109035 -0.113734
0 -0.0275041 -0.112642 -0.116786
0 -0.0247453 -0.115406 -0.119062
0 -0.021976 -0.117373 -0.120684
0 -0.0194296 -0.118654 -0.121819
0 -0.0173378 -0.119393 -0.122629
0 -0.0159037 -0.119735 -0.123246
0 -0.0153185 -0.119851 -0.123803
0 -0.0157546 -0.119947 -0.12444
0 -0.0172747 -0.120196 -0.125237
0 -0.0197582 -0.120684 -0.126155
0 -0.0229352 -0.12141 -0.127065
0 -0.0264707 -0.122327 -0.127821
0 -0.0300529 -0.123397 -0.128334
0 -0.03345 -0.124599 -0.1286
0 -0.0365189 -0.125936 -0.1287
0 -0.039198 -0.127426 -0.128782
0 -0.0414848 -0.129098 -0.129026
0 -0.0434123 -0.13098 -0.129619
0 -0.0450453 -0.133103 -0.130738
0 -0.0464802 -0.135506 -0.132553
0 -0.0478297 -0.138238 -0.135203
0 -0.0491697 -0.141315 -0.138737
0 -0.0504559 -0.14464 -0.143036
0 -0.0515552 -0.148037 -0.147847
0 -0.0523518 -0.151356 -0.152901
0 -0.0527522 -0.154479 -0.157928
0 -0.0526631 -0.157294 -0.162641
0 -0.0520111 -0.159707 -0.166769
0 -0.0507665 -0.161644 -0.170087
0 -0.0489548 -0.163056 -0.172437
0 -0.0466502 -0.163909 -0.173735
0 -0.0439679 -0.164185 -0.173964
0 -0.0410641 -0.163882 -0.173177
0 -0.0381281 -0.163029 -0.171492
0 -0.0353533 -0.161657 -0.169064
0 -0.0328971 -0.159778 -0.166044
0 -0.0308625 -0.157374 -0.162554
0 -0.0292897 -0.154424 -0.15868
0 -0.0281474 -0.150926 -0.154463
0 -0.0273404 -0.146896 -0.149899
0 -0.0267285 -0.142353 -0.144947
0 -0.0261495 -0.137314 -0.139546
0 -0.0254357 -0.131794 -0.133628
0 -0.0244304 -0.125797 -0.127128
0 -0.0230081 -0.119327 -0.120007
0 -0.0210795 -0.112379 -0.112243
0 -0.0185891 -0.104938 -0.103838
0 -0.0155239 -0.0969911 -0.0948208
0 -0.0119427 -0.0885684 -0.0852891
0 -0.00798186 -0.0797603 -0.0754093
0 -0.00380802 -0.0706852 -0.0653718
0 0.000427264 -0.061454 -0.0553443
0 0.00459792 -0.0521649 -0.0454605
0 0.00860342 -0.0429053 -0.035818
0 0.012362 -0.0337575 -0.0264855
0 0.0157918 -0.0248158 -0.0175219
0 0.0187972 -0.0161966 -0.00899352
0 0.0212757 -0.00802861 -0.000971068
0 0.0231297 -0.000437521 0.00647738
0 0.0242667 0.00645702 0.0132821
0 0.0245935 0.0125377 0.0193622
0 0.0240172 0.0176825 0.0246151
0 0.0224686 0.0217697 0.0289216
0 0.0199499 0.0247163 0.0321854
0 0.016556 0.026501 0.0343609
0 0.0124387 0.0271337 0.0354267
0 0.00775396 0.0266116 0.0353462
0 0.00263983 0.0249114 0.0340616
0 -0.00276278 0.022023 0.0315271
0 -0.00826304 0.018001 0.0277634
0 -0.0136263 0.0129589 0.0228588
0 -0.0186506 0.0070104 0.0169072
0 -0.0231998 0.000271244 0.00999219
0 -0.0271849 -0.00710773 0.00221203
0 -0.0305678 -0.0149601 -0.00632658
0 -0.0333701 -0.0231378 -0.015524
0 -0.0356521 -0.0315179 -0.0252762
0 -0.0374753 -0.0399912 -0.0354502
0 -0.0388838 -0.0484585 -0.045878
0 -0.0399027 -0.0568373 -0.0563653
0 -0.0405494 -0.065076 -0.0667119
0 -0.0408545 -0.0731657 -0.0767459
0 -0.0408617 -0.0811254 -0.0863354
0 -0.0406099 -0.0889684 -0.09538
0 -0.0401247 -0.0966817 -0.103806
0 -0.0394109 -0.104212 -0.111556
0 -0.0384429 -0.111453 -0.11858
0 -0.0371802 -0.118264 -0.124836
0 -0.0355956 -0.124496 -0.130308
0 -0.0336815 -0.130007 -0.134996
0 -0.0314489 -0.134649 -0.138892
0 -0.028921 -0.138283 -0.141968
0 -0.0261223 -0.140798 -0.144169
0 -0.0230855 -0.142119 -0.145433
0 -0.0198698 -0.142203 -0.145714
0 -0.0165756 -0.141053 -0.144989
0 -0.0133235 -0.138699 -0.143241
0 -0.0102133 -0.13519 -0.140432
0 -0.00731388 -0.130612 -0.13652
0 -0.00467279 -0.125116 -0.131496
0 -0.00232132 -0.118893 -0.125391
0 -0.000275386 -0.112142 -0.118277
0 0.0014592 -0.105049 -0.110269
0 0.00287767 -0.09778 -0.101531
0 0.0039726 -0.0904706 -0.0922705
0 0.00473404 -0.0832242 -0.0827261
0 0.00514795 -0.0761143 -0.0731539
0 0.00518985 -0.0691992 -0.0638207
0 0.00482857 -0.0625326 -0.0549903
0 0.00404508 -0.0561626 -0.0468944
0 0.00285219 -0.0501267 -0.0396993
0 0.00129613 -0.0444579 -0.0334955
0 -0.000560647 -0.0392022 -0.0283135
0 -0.00265015 -0.0344274 -0.0241373
0 -0.00489949 -0.0302155 -0.0209129
0 -0.00723316 -0.0266554 -0.018561
0 -0.00957622 -0.0238343 -0.0169919
0 -0.0118562 -0.0218279 -0.0161187
0 -0.0140054 -0.0206945 -0.0158698
0 -0.0159646 -0.0204719 -0.0161988
0 -0.017683 -0.021176 -0.0170851
0 -0.0191129 -0.0227944 -0.0185244
0 -0.0202073 -0.02526 -0.020511
0 -0.0209318 -0.0284339 -0.0230316
0 -0.0212728 -0.0321243 -0.0260692
0 -0.0212334 -0.0361091 -0.0295939
0 -0.0208348 -0.0401626 -0.0335535
0 -0.0201179 -0.0440864 -0.0378692
0 -0.0191337 -0.0477236 -0.0424273
0 -0.0179361 -0.0509612 -0.0470772
0 -0.0165811 -0.0537304 -0.0516425
0 -0.0151347 -0.0560102 -0.0559416
0 -0.0136767 -0.0578252 -0.0598081
0 -0.0122924 -0.0592299 -0.063095
0 -0.0110672 -0.0602916 -0.0656848
0 -0.0100979 -0.0610922 -0.0675184
0 -0.00949747 -0.061728 -0.0686117
0 -0.0093707 -0.0622859 -0.0690372
0 -0.00978023 -0.0628133 -0.068893
0 -0.0107247 -0.0633095 -0.0682805
0 -0.0121405 -0.0637409 -0.0673018
0 -0.0139141 -0.0640584 -0.0660567
0 -0.0158946 -0.0642061 -0.0646357
0 -0.0179078 -0.0641311 -0.0631117
0 -0.0197759 -0.0637916 -0.0615371
0 -0.0213419 -0.0631651 -0.0599532
0 -0.0224902 -0.062257 -0.0584008
0 -0.023152 -0.0611006 -0.0569206
0 -0.023304 -0.059754 -0.0555496
0 -0.022959 -0.0582876 -0.0543131
0 -0.0221505 -0.0567645 -0.0532103
0 -0.0209279 -0.0552342 -0.0522174
0 -0.0193652 -0.0537396 -0.0513047
0 -0.0175611 -0.0523169 -0.0504482
0 -0.0156251 -0.0509867 -0.0496267
0 -0.0136609 -0.0497501 -0.0488156
0 -0.0117636 -0.0485969 -0.0479897
0 -0.0100219 -0.0475138 -0.0471287
0 -0.00851337 -0.0464863 -0.0462198
0 -0.00729958 -0.0455024 -0.0452582
0 -0.00642289 -0.0445543 -0.0442453
0 -0.00590411 -0.0436401 -0.0431872
0 -0.00574142 -0.0427638 -0.0420937
0 -0.00590703 -0.0419315 -0.0409741
0 -0.00634116 -0.0411425 -0.0398286
0 -0.00695306 -0.0403837 -0.0386448
0 -0.00763246 -0.0396305 -0.0374027
0 -0.00826711 -0.0388531 -0.0360869
0 -0.00876215 -0.0380271 -0.034698
0 -0.00905075 -0.0371381 -0.033256
0 -0.00909723 -0.0361834 -0.0317962
0 -0.00889555 -0.0351717 -0.0303632
0 -0.00846383 -0.0341196 -0.0290039
0 -0.0078404 -0.0330519 -0.0277624
0 -0.00707971 -0.0320011 -0.026678
0 -0.00624511 -0.0310041 -0.0257805
0 -0.0053963 -0.0300937 -0.0250821
0 -0.00457125 -0.0292818 -0.024564
0 -0.00377878 -0.0285528 -0.0241729
0 -0.00301421 -0.0278791 -0.0238409
0 -0.00227967 -0.0272398 -0.0235096
0 -0.00159179 -0.0266292 -0.0231409
0 -0.000983151 -0.026058 -0.0227226
0 -0.000501519 -0.0255552 -0.0222712
0 -0.000204372 -0.0251644 -0.0218284
0 -0.000153444 -0.024942 -0.0214585
0 -0.000409892 -0.0249554 -0.0212451
0 -0.00101392 -0.025266 -0.0212722
0 -0.0019636 -0.0259088 -0.0216013
0 -0.00321499 -0.0268905 -0.0222675
0 -0.00469285 -0.0281957 -0.0232841
0 -0.00630454 -0.0297949 -0.0246486
0 -0.00795113 -0.0316484 -0.0263465
0 -0.00954248 -0.0337148 -0.0283579
0 -0.0110152 -0.0359629 -0.030669
0 -0.0123406 -0.0383765 -0.0332757
0 -0.0135252 -0.0409557 -0.0361838
0 -0.0146065 -0.0437161 -0.0394069
0 -0.0156442 -0.046686 -0.0429623
0 -0.0167069 -0.0498971 -0.0468619
0 -0.0178552 -0.0533727 -0.0511021
0 -0.0191317 -0.0571208 -0.0556633
0 -0.0205544 -0.0611283 -0.0605066
0 -0.0220988 -0.0653447 -0.0655506
0 -0.0236845 -0.0696686 -0.0706598
0 -0.0252052 -0.0739748 -0.0756767
0 -0.0265649 -0.0781472 -0.0804596
0 -0.0276887 -0.0820873 -0.0848934
0 -0.028531 -0.0857213 -0.0888977
0 -0.0290823 -0.0890065 -0.0924338
0 -0.0293665 -0.0919304 -0.0955018
0 -0.0294351 -0.0945048 -0.0981341
0 -0.0293524 -0.0967539 -0.10038
0 -0.0291815 -0.0987009 -0.10229
0 -0.0289741 -0.10036 -0.103903
0 -0.0287636 -0.101733 -0.105245
0 -0.0285632 -0.102807 -0.106318
0 -0.0283751 -0.103566 -0.107114
0 -0.0282001 -0.103998 -0.107623
0 -0.028035 -0.104095 -0.107828
0 -0.0278609 -0.103838 -0.107698
0 -0.0276423 -0.103204 -0.107186
0 -0.0273419 -0.102182 -0.106248
0 -0.0269366 -0.100785 -0.104863
0 -0.0264277 -0.099056 -0.103042
0 -0.0258453 -0.0970687 -0.100834
0 -0.0252366 -0.0949121 -0.0983173
0 -0.0246424 -0.0926676 -0.0955752
0 -0.0240909 -0.0904005 -0.0926915
0 -0.0236043 -0.088168 -0.0897546
0 -0.0231998 -0.0860196 -0.0868557
0 -0.0228778 -0.0839872 -0.0840731
0 -0.0226103 -0.0820741 -0.0814542
0 -0.0223358 -0.0802498 -0.0790034
0 -0.0219778 -0.0784637 -0.0766963
0 -0.0214788 -0.0766757 -0.0745126
0 -0.020814 -0.0748686 -0.0724476
0 -0.0199819 -0.0730405 -0.0705004
0 -0.0189966 -0.0711986 -0.0686662
0 -0.0178757 -0.0693487 -0.066928
0 -0.0166295 -0.0674857 -0.065249
0 -0.0152593 -0.0655909 -0.0635748
0 -0.0137664 -0.0636389 -0.0618443
0 -0.0121648 -0.0616085 -0.0600045
0 -0.0104918 -0.0594955 -0.0580257
0 -0.00881278 -0.0573219 -0.0559109
0 -0.00721032 -0.0551297 -0.0536905
0 -0.00576436 -0.0529648 -0.0514057
0 -0.00454471 -0.050873 -0.0491044
0 -0.00360674 -0.0488967 -0.0468385
0 -0.00298178 -0.0470663 -0.0446543
0 -0.00267326 -0.0453953 -0.0425869
0 -0.00266033 -0.0438843 -0.0406613
0 -0.00290456 -0.0425273 -0.0388963
0 -0.00335716 -0.0413191 -0.0373092
0 -0.00396214 -0.040255 -0.0359141
0 -0.00465151 -0.0393232 -0.0347129
0 -0.00534317 -0.0384983 -0.0336876
0 -0.00595091 -0.0377469 -0.0328069
0 -0.00640004 -0.0370397 -0.0320376
0 -0.00663891 -0.0363595 -0.0313544
0 -0.00664405 -0.0357043 -0.0307439
0 -0.00642215 -0.0350892 -0.0302071
0 -0.00601012 -0.034546 -0.0297619
0 -0.00546873 -0.0341169 -0.0294388
0 -0.00486864 -0.0338385 -0.0292687
0 -0.00427348 -0.0337285 -0.0292693
0 -0.0037233 -0.0337738 -0.0294327
0 -0.00323451 -0.0339358 -0.0297268
0 -0.00281614 -0.0341709 -0.0301135
0 -0.00248038 -0.0344446 -0.0305605
0 -0.00224513 -0.0347372 -0.0310451
0 -0.00213144 -0.0350435 -0.0315537
0 -0.00216022 -0.0353712 -0.0320805
0 -0.00235136 -0.0357403 -0.032629
0 -0.00272071 -0.03618 -0.033211
0 -0.00327365 -0.036721 -0.0338416
0 -0.00400188 -0.0373897 -0.0345361
0 -0.00488565 -0.0382075 -0.0353119
0 -0.00589797 -0.0391911 -0.0361901
0 -0.00700994 -0.0403542 -0.0371981
0 -0.00819149 -0.0417056 -0.0383668
0 -0.00941087 -0.0432458 -0.0397253
0 -0.0106398 -0.0449703 -0.0413014
0 -0.0118596 -0.0468749 -0.0431238
0 -0.0130637 -0.0489579 -0.0452193
0 -0.0142537 -0.051218 -0.0476086
0 -0.0154345 -0.0536513 -0.0502993
0 -0.0166098 -0.0562511 -0.0532847
0 -0.0177822 -0.059009 -0.0565437
0 -0.0189522 -0.0619135 -0.0600431
0 -0.0201181 -0.0649471 -0.063741
0 -0.0212699 -0.0680791 -0.0675834
0 -0.0223801 -0.0712597 -0.0714935
0 -0.0234085 -0.0744268 -0.0753756
0 -0.024319 -0.0775205 -0.0791362
0 -0.02509 -0.0804918 -0.0826975
0 -0.0257123 -0.083301 -0.0859985
0 -0.0261926 -0.0859216 -0.0890007
0 -0.0265592 -0.0883477 -0.0916954
0 -0.0268573 -0.0905895 -0.0941
0 -0.0271374 -0.0926653 -0.0962472
0 -0.0274479 -0.0945945 -0.0981778
0 -0.0278344 -0.0963995 -0.0999384
0 -0.0283366 -0.0981043 -0.101578
0 -0.0289772 -0.0997244 -0.103134
0 -0.0297512 -0.101256 -0.104622
0 -0.0306253 -0.102677 -0.10603
0 -0.0315528 -0.103955 -0.107335
0 -0.032487 -0.105067 -0.10851
0 -0.0333852 -0.105994 -0.10953
0 -0.0342066 -0.106725 -0.11037
0 -0.0349084 -0.10725 -0.111002
0 -0.0354438 -0.107555 -0.11139
0 -0.0357649 -0.10762 -0.111499
0 -0.0358263 -0.107421 -0.111292
0 -0.0355901 -0.10693 -0.110737
0 -0.0350286 -0.106113 -0.109802
0 -0.0341226 -0.104927 -0.108456
0 -0.0328637 -0.103324 -0.106665
0 -0.0312599 -0.10126 -0.104401
0 -0.0293363 -0.0987004 -0.101641
0 -0.0271346 -0.0956253 -0.0983738
0 -0.0247067 -0.0920305 -0.0945909
0 -0.0221086 -0.0879267 -0.0902907
0 -0.0193986 -0.0833443 -0.0854822
0 -0.0166433 -0.0783391 -0.0801941
0 -0.0139153 -0.0729874 -0.0744757
0 -0.0112805 -0.0673731 -0.0683891
0 -0.00879707 -0.061584 -0.0620088
0 -0.00652215 -0.0557158 -0.055426
0 -0.00450526 -0.0498647 -0.0487403
0 -0.00277973 -0.044113 -0.0420516
0 -0.00136647 -0.0385253 -0.0354621
0 -0.000280619 -0.0331537 -0.0290784
0 0.000469845 -0.0280384 -0.0230023
0 0.000887446 -0.0232071 -0.0173204
0 0.000984511 -0.0186793 -0.0121009
0 0.000780975 -0.014472 -0.00739383
0 0.000299988 -0.0106089 -0.00323637
0 -0.000435209 -0.00712541 0.000343639
0 -0.0013996 -0.00406633 0.00332876
0 -0.00256048 -0.00147783 0.0057157
0 -0.00387119 0.000601838 0.00751886
0 -0.00526916 0.00214865 0.00876945
0 -0.0066799 0.00315395 0.00950968
0 -0.00802568 0.0036208 0.00978314
0 -0.00923064 0.00356309 0.00962975
0 -0.0102219 0.00300768 0.00908592
0 -0.0109393 0.00199312 0.00817998
0 -0.0113528 0.000568987 0.00692504
0 -0.0114728 -0.00120364 0.00531859
0 -0.0113477 -0.00325788 0.00334717
0 -0.0110566 -0.00552889 0.000994392
0 -0.0106978 -0.00796102 -0.00174993
0 -0.0103765 -0.0105137 -0.00488169
0 -0.0101902 -0.0131613 -0.00837344
0 -0.0102174 -0.015892 -0.0121713
0 -0.0105132 -0.0187068 -0.0162007
0 -0.011106 -0.0216119 -0.0203755
0 -0.0120001 -0.0246142 -0.0246044
0 -0.0131789 -0.0277211 -0.0287939
0 -0.0146047 -0.0309316 -0.0328536
0 -0.0162176 -0.0342262 -0.036703
0 -0.0179383 -0.0375635 -0.0402761
0 -0.0196808 -0.0408873 -0.043531
0 -0.0213659 -0.0441353 -0.0464551
0 -0.0229255 -0.0472427 -0.0490609
0 -0.024301 -0.0501421 -0.0513747
0 -0.0254438 -0.0527673 -0.0534285
0 -0.0263159 -0.055058 -0.0552511
0 -0.0268882 -0.0569621 -0.0568597
0 -0.0271392 -0.0584367 -0.0582542
0 -0.0270541 -0.0594478 -0.059414
0 -0.0266247 -0.0599684 -0.0602967
0 -0.0258515 -0.0599784 -0.0608401
0 -0.0247475 -0.059467 -0.0609699
0 -0.023344 -0.058436 -0.0606119
0 -0.0216939 -0.0569032 -0.0597045
0 -0.0198732 -0.0549044 -0.0582093
0 -0.0179776 -0.0524953 -0.0561189
0 -0.0161111 -0.0497486 -0.0534586
0 -0.0143712 -0.0467451 -0.05028
0 -0.0128376 -0.0435633 -0.0466552
0 -0.0115613 -0.0402698 -0.0426662
0 -0.010561 -0.0369144 -0.0383999
0 -0.00982576 -0.0335326 -0.0339447
0 -0.00932432 -0.0301504 -0.0293905
0 -0.00901666 -0.0267936 -0.0248271
0 -0.00885897 -0.0234901 -0.0203422
0 -0.00880522 -0.0202643 -0.0160241
0 -0.00881142 -0.0171379 -0.0119561
0 -0.00883919 -0.0141339 -0.00820865
0 -0.0088613 -0.0112816 -0.00484002
0 -0.00886582 -0.00862113 -0.00189807
0 -0.00885058 -0.00619906 0.000584369
0 -0.00881358 -0.00405888 0.00259673
0 -0.00874959 -0.00223729 0.00415042
0 -0.00865513 -0.000767809 0.00526915
0 -0.00853304 0.000316513 0.00597919
0 -0.00839272 0.000984713 0.00630396
0 -0.0082467 0.00121309 0.00626296
0 -0.00810515 0.000997313 0.00587638
0 -0.00797547 0.000361751 0.00516779
0 -0.0078671 -0.000645075 0.00416017
0 -0.00779677 -0.0019624 0.00287067
0 -0.00779113 -0.00352843 0.0013086
0 -0.00788422 -0.00528782 -0.000521671
0 -0.008107 -0.00719063 -0.00261006
0 -0.00847597 -0.0091883 -0.00492971
0 -0.00899164 -0.0112364 -0.00743607
0 -0.0096435 -0.0133004 -0.0100731
0 -0.0104134 -0.0153577 -0.0127788
0 -0.0112761 -0.0173934 -0.0154907
0 -0.0122027 -0.0193986 -0.0181512
0 -0.013171 -0.0213757 -0.0207164
0 -0.014179 -0.023349 -0.0231669
0 -0.0152493 -0.0253641 -0.0255164
0 -0.0164197 -0.0274793 -0.0278091
0 -0.0177252 -0.0297475 -0.0301041
0 -0.01918 -0.0321996 -0.032457
0 -0.0207768 -0.0348439 -0.0349157
0 -0.0224872 -0.0376663 -0.0375155
0 -0.0242575 -0.0406268 -0.0402686
0 -0.026006 -0.0436554 -0.0431534
0 -0.027627 -0.0466552 -0.0461121
0 -0.0290097 -0.0495194 -0.0490637
0 -0.0300629 -0.0521546 -0.0519258
0 -0.0307298 -0.0544956 -0.0546281
0 -0.0309923 -0.0565104 -0.0571169
0 -0.0308676 -0.0581955 -0.0593539
0 -0.0304034 -0.0595697 -0.0613137
0 -0.0296708 -0.0606656 -0.0629816
0 -0.0287512 -0.0615177 -0.0643474
0 -0.0277203 -0.0621496 -0.0653973
0 -0.0266396 -0.0625666 -0.0661103
0 -0.0255553 -0.0627573 -0.0664616
0 -0.0245029 -0.0626996 -0.0664299
0 -0.0235114 -0.0623668 -0.0660014
0 -0.0226044 -0.0617312 -0.0651716
0 -0.0218005 -0.0607679 -0.0639447
0 -0.0211097 -0.0594613 -0.0623318
0 -0.0205297 -0.0578114 -0.0603493
0 -0.0200463 -0.0558357 -0.0580185
0 -0.0196332 -0.0535641 -0.0553629
0 -0.0192539 -0.0510347 -0.0524077
0 -0.0188685 -0.0482917 -0.0491831
0 -0.0184368 -0.0453799 -0.045725
0 -0.0179175 -0.0423363 -0.0420702
0 -0.0172696 -0.0391843 -0.0382527
0 -0.0164558 -0.0359361 -0.0343011
0 -0.0154493 -0.0325985 -0.0302449
0 -0.0142425 -0.0291785 -0.0261249
0 -0.0128534 -0.0256912 -0.0219955
0 -0.0113226 -0.0221631 -0.017919
0 -0.00970358 -0.0186281 -0.0139552
0 -0.00805218 -0.0151217 -0.0101529
0 -0.00642125 -0.0116798 -0.00654735
0 -0.00485975 -0.00834005 -0.00316149
0 -0.00341074 -0.00514089 -7.3542e-06
0 -0.0021061 -0.00211603 0.00291604
0 -0.000963148 0.000710408 0.00562277
0 1.25561e-05 0.00332305 0.00813426
0 0.000821183 0.00571127 0.0104708
0 0.00146181 0.00786403 0.0126428
0 0.0019296 0.00976806 0.0146474
0 0.00221679 0.011409 0.0164686
0 0.00231578 0.0127743 0.0180811
0 0.00222332 0.0138553 0.0194553
0 0.00194464 0.0146487 0.0205609
0 0.00149699 0.0151584 0.0213729
0 0.000907451 0.0153925 0.0218717
0 0.000208474 0.0153591 0.0220424
0 -0.000565381 0.015064 0.0218748
0 -0.00138103 0.0145078 0.0213615
0 -0.00220822 0.0136866 0.0204993
0 -0.00302115 0.0125951 0.0192892
0 -0.00380148 0.0112314 0.0177371
0 -0.00453997 0.00960104 0.0158543
0 -0.00523588 0.0077173 0.0136577
0 -0.00589579 0.00560122 0.0111699
0 -0.0065359 0.00327639 0.00841537
0 -0.00718422 0.000762615 0.00541576
0 -0.00787678 -0.0019254 0.00219055
0 -0.00865083 -0.00477617 -0.00123957
0 -0.00953515 -0.00777571 -0.00484659
0 -0.0105389 -0.0108984 -0.00858778
0 -0.011651 -0.0141067 -0.0124085
0 -0.0128498 -0.0173601 -0.0162523
0 -0.0141098 -0.0206225 -0.0200644
0 -0.0154053 -0.0238636 -0.0237949
0 -0.0167135 -0.0270599 -0.0274042
0 -0.0180151 -0.0301922 -0.0308646
0 -0.0192902 -0.0332401 -0.0341557
0 -0.020518 -0.0361817 -0.0372626
0 -0.0216808 -0.0389959 -0.0401779
0 -0.0227666 -0.0416663 -0.0429035
0 -0.0237684 -0.0441797 -0.0454472
0 -0.0246835 -0.0465271 -0.0478206
0 -0.0255131 -0.0487038 -0.0500374
0 -0.0262596 -0.0507076 -0.0521088
0 -0.0269205 -0.0525335 -0.054037
0 -0.0274869 -0.0541717 -0.0558134
0 -0.0279472 -0.0556113 -0.057422
0 -0.0282917 -0.056844 -0.0588445
0 -0.0285135 -0.057864 -0.0600614
0 -0.0286093 -0.0586681 -0.0610547
0 -0.0285799 -0.0592551 -0.0618085
0 -0.0284284 -0.0596223 -0.0623079
0 -0.028162 -0.0597667 -0.0625408
0 -0.0277958 -0.0596883 -0.0625029
0 -0.0273544 -0.0593929 -0.0622001
0 -0.0268713 -0.058893 -0.0616494
0 -0.0263798 -0.0582033 -0.0608717
0 -0.0259034 -0.057336 -0.0598846
0 -0.025454 -0.0563024 -0.0587017
0 -0.0250342 -0.0551152 -0.0573356
0 -0.0246393 -0.0537897 -0.0557991
0 -0.0242606 -0.0523446 -0.0541077
0 -0.023887 -0.0508016 -0.0522806
0 -0.023505 -0.0491825 -0.0503392
0 -0.0230984 -0.0475054 -0.0483052
0 -0.0226503 -0.0457849 -0.0462003
0 -0.0221465 -0.0440328 -0.0440482
0 -0.0215815 -0.0422636 -0.0418778
0 -0.0209573 -0.0404934 -0.0397205
0 -0.0202785 -0.0387357 -0.0376026
0 -0.019549 -0.0369985 -0.0355418
0 -0.018773 -0.0352849 -0.0335481
0 -0.0179558 -0.0335949 -0.0316269
0 -0.0171019 -0.0319249 -0.0297782
0 -0.0162136 -0.0302683 -0.0279959
0 -0.0152915 -0.0286176 -0.0262682
0 -0.0143376 -0.026965 -0.0245788
0 -0.0133547 -0.0253027 -0.0229081
0 -0.0123467 -0.0236223 -0.021233
0 -0.0113201 -0.0219171 -0.0195315
0 -0.0102889 -0.0201881 -0.0177895
0 -0.00927864 -0.0184482 -0.0160076
0 -0.00832287 -0.0167199 -0.014199
0 -0.00745798 -0.0150312 -0.0123871
0 -0.00672206 -0.0134155 -0.010605
0 -0.00615019 -0.011908 -0.00889223
0 -0.00576755 -0.0105397 -0.00728761
0 -0.00558343 -0.00933126 -0.00582301
0 -0.00558683 -0.00828929 -0.00451767
0 -0.0057438 -0.00740288 -0.00337409
0 -0.00600008 -0.00664538 -0.00237839
0 -0.00629461 -0.00598532 -0.00151015
0 -0.00657489 -0.00539909 -0.000754215
0 -0.00680638 -0.00487803 -0.000107296
0 -0.00697776 -0.00443254 0.00041816
0 -0.00710036 -0.00409116 0.000794803
0 -0.00720154 -0.00389452 0.000986053
0 -0.00731442 -0.00388599 0.000954763
0 -0.00746709 -0.00410113 0.00067251
0 -0.00767567 -0.00455903 0.000125993
0 -0.00794259 -0.00525831 -0.00068101
0 -0.0082603 -0.00618064 -0.0017314
0 -0.00861886 -0.00729906 -0.00300222
0 -0.00901025 -0.00858335 -0.00446875
0 -0.00942781 -0.010001 -0.00610378
0 -0.00986748 -0.0115201 -0.00787899
0 -0.010328 -0.0131115 -0.00976556
0 -0.0108076 -0.0147471 -0.0117316
0 -0.0113074 -0.0164044 -0.0137466
0 -0.0118359 -0.0180718 -0.0157877
0 -0.012403 -0.0197431 -0.0178364
0 -0.0130123 -0.0214108 -0.0198733
0 -0.0136593 -0.0230637 -0.0218761
0 -0.0143336 -0.0246889 -0.0238199
0 -0.015021 -0.0262714 -0.0256778
0 -0.0157016 -0.0277921 -0.027421
0 -0.0163542 -0.0292299 -0.0290237
0 -0.0169618 -0.0305677 -0.0304694
0 -0.0175154 -0.0317945 -0.0317536
0 -0.0180134 -0.0329053 -0.0328818
0 -0.0184568 -0.0338966 -0.0338645
0 -0.0188467 -0.034765 -0.0347125
0 -0.0191815 -0.0355049 -0.0354338
0 -0.0194549 -0.036107 -0.0360297
0 -0.0196581 -0.036561 -0.0364967
0 -0.0197839 -0.0368594 -0.0368301
0 -0.0198306 -0.0370014 -0.0370265
0 -0.0198012 -0.0369916 -0.0370845
0 -0.0197023 -0.0368387 -0.0370036
0 -0.0195465 -0.0365586 -0.0367879
0 -0.0193503 -0.0361717 -0.0364459
0 -0.0191271 -0.0356967 -0.0359849
0 -0.018887 -0.035149 -0.0354116
0 -0.0186389 -0.0345433 -0.034736
0 -0.018396 -0.0338991 -0.0339766
0 -0.0181773 -0.0332417 -0.0331625
0 -0.0180012 -0.0325978 -0.0323277
0 -0.0178785 -0.0319877 -0.031503
0 -0.0178091 -0.0314234 -0.0307125
0 -0.0177801 -0.0309061 -0.0299693
0 -0.0177643 -0.0304235 -0.0292718
0 -0.0177288 -0.0299571 -0.0286096
0 -0.0176454 -0.0294901 -0.0279727
0 -0.0174926 -0.0290082 -0.027352
0 -0.0172579 -0.0285008 -0.0267408
0 -0.0169419 -0.027965 -0.0261388
0 -0.016557 -0.0274054 -0.025551
0 -0.0161246 -0.0268327 -0.024986
0 -0.0156708 -0.0262607 -0.0244531
0 -0.0152221 -0.0257042 -0.0239597
0 -0.0148072 -0.0251816 -0.0235155
0 -0.0144566 -0.0247154 -0.0231326
0 -0.0141959 -0.0243274 -0.0228219
0 -0.0140422 -0.0240345 -0.0225899
0 -0.0140016 -0.0238474 -0.0224383
0 -0.0140683 -0.0237686 -0.0223626
0 -0.014226 -0.0237927 -0.0223541
0 -0.0144501 -0.0239076 -0.0224011
0 -0.0147105 -0.0240949 -0.0224896
0 -0.0149784 -0.0243353 -0.022609
0 -0.0152325 -0.0246137 -0.0227562
0 -0.0154627 -0.0249223 -0.0229379
0 -0.0156699 -0.0252602 -0.0231692
0 -0.0158579 -0.0256273 -0.023465
0 -0.0160261 -0.0260172 -0.0238308
0 -0.0161663 -0.0264157 -0.0242595
0 -0.016266 -0.0268035 -0.0247337
0 -0.0163118 -0.0271599 -0.025229
0 -0.0162942 -0.0274669 -0.0257194
0 -0.0162097 -0.0277102 -0.0261796
0 -0.0160589 -0.0278779 -0.0265846
0 -0.0158486 -0.0279624 -0.0269121
0 -0.0155956 -0.0279662 -0.0271477
0 -0.0153261 -0.0279017 -0.0272859
0 -0.0150695 -0.0277863 -0.0273279
0 -0.0148519 -0.0276368 -0.0272779
0 -0.0146926 -0.0274659 -0.0271411
0 -0.0146032 -0.027283 -0.0269251
0 -0.0145873 -0.0270936 -0.0266391
0 -0.0146434 -0.0269026 -0.0262968
0 -0.0147706 -0.0267203 -0.0259206
0 -0.0149673 -0.0265606 -0.0255383
0 -0.0152277 -0.0264368 -0.0251772
0 -0.0155403 -0.02636 -0.0248611
0 -0.0158895 -0.0263383 -0.0246098
0 -0.016255 -0.026376 -0.0244387
0 -0.0166117 -0.0264709 -0.0243565
0 -0.0169349 -0.0266181 -0.0243687
0 -0.0172038 -0.0268122 -0.0244782
0 -0.0174013 -0.0270452 -0.0246828
0 -0.0175146 -0.0273068 -0.0249746
0 -0.0175339 -0.0275825 -0.0253381
0 -0.0174515 -0.0278522 -0.0257492
0 -0.0172625 -0.0280919 -0.0261772
0 -0.0169682 -0.0282773 -0.0265898
0 -0.0165776 -0.0283865 -0.0269558
0 -0.0161101 -0.0284043 -0.0272497
0 -0.0155952 -0.0283251 -0.0274522
0 -0.0150672 -0.0281512 -0.0275482
0 -0.0145605 -0.0278903 -0.0275255
0 -0.0141077 -0.0275546 -0.0273764
0 -0.0137363 -0.0271585 -0.0270984
0 -0.0134642 -0.0267148 -0.0266916
0 -0.0132957 -0.0262311 -0.026157
0 -0.013222 -0.0257101 -0.0254965
0 -0.0132232 -0.0251497 -0.0247144
0 -0.01327 -0.0245433 -0.0238167
0 -0.0133282 -0.023881 -0.0228104
0 -0.013362 -0.0231521 -0.021703
0 -0.0133383 -0.022348 -0.0205037
0 -0.0132316 -0.0214658 -0.0192282
0 -0.0130257 -0.0205064 -0.0178993
0 -0.0127122 -0.0194729 -0.0165413
0 -0.0122925 -0.0183725 -0.0151793
0 -0.0117816 -0.017222 -0.0138405
0 -0.0112047 -0.016046 -0.0125521
0 -0.0105929 -0.0148729 -0.0113372
0 -0.00998037 -0.0137352 -0.0102154
0 -0.00940354 -0.012668 -0.0092036
0 -0.00889839 -0.0117081 -0.00831767
0 -0.00849763 -0.0108914 -0.00757218
0 -0.00822482 -0.0102471 -0.00697752
0 -0.00809043 -0.00979345 -0.00653791
0 -0.00809042 -0.0095356 -0.00625091
0 -0.00820736 -0.00946586 -0.00610845
0 -0.00841874 -0.00957094 -0.00610404
0 -0.00870696 -0.00984108 -0.00624095
0 -0.00906318 -0.0102734 -0.00653404
0 -0.00948439 -0.010869 -0.00700466
0 -0.00996647 -0.0116258 -0.00767165
0 -0.0105001 -0.0125356 -0.0085453
0 -0.0110719 -0.0135857 -0.00962688
0 -0.011665 -0.0147583 -0.010907
0 -0.0122597 -0.0160319 -0.0123656
0 -0.0128383 -0.0173848 -0.013976
0 -0.0133868 -0.0187963 -0.015706
0 -0.013896 -0.0202472 -0.0175208
0 -0.0143629 -0.0217206 -0.019385
0 -0.014789 -0.0232002 -0.0212647
0 -0.0151777 -0.0246685 -0.0231285
0 -0.0155309 -0.0261061 -0.0249457
0 -0.0158504 -0.0274925 -0.0266854
0 -0.0161387 -0.0288079 -0.0283175
0 -0.0164014 -0.0300354 -0.0298158
0 -0.0166473 -0.031163 -0.0311627
0 -0.0168864 -0.0321821 -0.0323469
0 -0.0171285 -0.0330869 -0.033364
0 -0.0173837 -0.0338757 -0.0342165
0 -0.0176598 -0.0345498 -0.034912
0 -0.0179632 -0.0351136 -0.035463
0 -0.0182974 -0.0355746 -0.0358851
0 -0.0186622 -0.0359424 -0.0361955
0 -0.0190543 -0.0362296 -0.036413
0 -0.0194659 -0.0364505 -0.0365558
0 -0.019884 -0.0366185 -0.0366394
0 -0.020293 -0.0367467 -0.0366784
0 -0.0206797 -0.0368507 -0.0366892
0 -0.0210344 -0.0369477 -0.0366913
0 -0.0213482 -0.0370521 -0.0367021
0 -0.0216118 -0.0371724 -0.0367351
0 -0.0218162 -0.0373118 -0.0367995
0 -0.0219543 -0.0374689 -0.036901
0 -0.0220234 -0.0376398 -0.0370427
0 -0.0220257 -0.03782 -0.0372263
0 -0.0219682 -0.0380041 -0.0374512
0 -0.0218584 -0.0381836 -0.0377108
0 -0.0217019 -0.0383449 -0.0379902
0 -0.021502 -0.0384712 -0.0382671
0 -0.021261 -0.0385442 -0.038514
0 -0.0209805 -0.0385455 -0.0387002
0 -0.020663 -0.0384583 -0.0387947
0 -0.0203132 -0.0382699 -0.0387695
0 -0.01994 -0.0379733 -0.0386036
0 -0.0195578 -0.0375697 -0.0382856
0 -0.0191844 -0.0370669 -0.037814
0 -0.0188348 -0.036474 -0.037192
0 -0.0185184 -0.0357997 -0.0364264
0 -0.0182408 -0.0350534 -0.0355287
0 -0.0180027 -0.034245 -0.0345147
0 -0.0177998 -0.0333835 -0.0334027
0 -0.0176253 -0.0324795 -0.032215
0 -0.0174717 -0.0315459 -0.0309779
0 -0.017327 -0.0305932 -0.0297148
0 -0.0171742 -0.0296277 -0.0284433
0 -0.0169926 -0.0286509 -0.0271732
0 -0.0167579 -0.0276574 -0.0259058
0 -0.0164467 -0.0266374 -0.0246384
0 -0.0160419 -0.0255824 -0.02337
0 -0.0155382 -0.0244903 -0.022105
0 -0.0149427 -0.0233668 -0.0208529
0 -0.0142722 -0.0222223 -0.0196251
0 -0.0135494 -0.0210694 -0.0184313
0 -0.0128022 -0.0199234 -0.0172798
0 -0.0120614 -0.0188022 -0.0161782
0 -0.0113575 -0.0177236 -0.0151319
0 -0.0107163 -0.016704 -0.0141431
0 -0.010157 -0.0157554 -0.0132111
0 -0.00969067 -0.0148861 -0.0123326
0 -0.00932075 -0.014099 -0.0115033
0 -0.00904518 -0.0133949 -0.0107199
0 -0.00886079 -0.0127758 -0.00998502
0 -0.00876263 -0.0122437 -0.00930576
0 -0.00874384 -0.0118002 -0.00869254
0 -0.00879732 -0.0114484 -0.00815985
0 -0.00891643 -0.0111932 -0.00772554
0 -0.0090951 -0.0110413 -0.00740946
0 -0.0093273 -0.011001 -0.00723141
0 -0.00960324 -0.0110775 -0.00720596
0 -0.00990829 -0.0112714 -0.00733996
0 -0.0102276 -0.0115822 -0.00763599
0 -0.0105462 -0.0120072 -0.00809129
0 -0.0108501 -0.0125396 -0.00869736
0 -0.0111313 -0.0131734 -0.00944493
0 -0.0113918 -0.0139058 -0.0103276
0 -0.0116435 -0.0147388 -0.0113428
0 -0.0119048 -0.0156759 -0.0124895
0 -0.012195 -0.0167191 -0.0137645
0 -0.0125305 -0.0178665 -0.0151602
0 -0.0129178 -0.0191062 -0.0166588
0 -0.0133535 -0.0204179 -0.0182342
0 -0.0138296 -0.0217777 -0.0198576
0 -0.014335 -0.0231607 -0.0215006
0 -0.0148612 -0.0245471 -0.0231405
0 -0.0154041 -0.0259244 -0.0247615
0 -0.0159615 -0.0272833 -0.0263507
0 -0.0165278 -0.0286135 -0.0278933
0 -0.0170922 -0.029901 -0.0293707
0 -0.0176404 -0.03113 -0.030764
0 -0.0181591 -0.0322863 -0.032057
0 -0.0186375 -0.0333579 -0.0332382
0 -0.0190658 -0.0343331 -0.0342984
0 -0.0194356 -0.0352007 -0.0352305
0 -0.0197417 -0.0359518 -0.0360307
0 -0.0199839 -0.0365816 -0.0366993
0 -0.0201675 -0.037091 -0.0372421
0 -0.0202997 -0.0374828 -0.0376655
0 -0.0203858 -0.0377591 -0.0379734
0 -0.0204296 -0.0379218 -0.0381679
0 -0.0204379 -0.0379769 -0.0382532
0 -0.0204222 -0.037937 -0.0382389
0 -0.020393 -0.037816 -0.0381345
0 -0.0203577 -0.0376276 -0.0379482
0 -0.0203214 -0.0373855 -0.0376885
0 -0.0202852 -0.0371012 -0.0373627
0 -0.0202461 -0.0367824 -0.0369766
0 -0.0201959 -0.0364319 -0.036533
0 -0.0201228 -0.0360476 -0.036033
0 -0.0200134 -0.0356238 -0.0354764
0 -0.0198538 -0.0351518 -0.034862
0 -0.0196335 -0.034623 -0.0341896
0 -0.0193472 -0.0340312 -0.0334614
0 -0.0189955 -0.0333733 -0.0326813
0 -0.0185852 -0.0326507 -0.0318557
0 -0.0181243 -0.0318649 -0.030988
0 -0.0176183 -0.0310146 -0.0300762
0 -0.0170715 -0.0300975 -0.0291143
0 -0.0164887 -0.0291124 -0.0280953
0 -0.0158777 -0.0280629 -0.0270151
0 -0.0152502 -0.0269569 -0.0258731
0 -0.0146184 -0.0258043 -0.0246707
0 -0.0139947 -0.0246151 -0.0234105
0 -0.01339 -0.023399 -0.0220961
0 -0.0128136 -0.0221657 -0.0207318
0 -0.0122721 -0.0209248 -0.0193241
0 -0.0117695 -0.0196858 -0.0178814
0 -0.0113079 -0.0184582 -0.0164158
0 -0.0108911 -0.0172538 -0.0149458
0 -0.0105248 -0.0160875 -0.0134969
0 -0.0102152 -0.0149751 -0.0120984
0 -0.00996668 -0.0139324 -0.0107805
0 -0.00978224 -0.0129753 -0.0095722
0 -0.00966469 -0.0121217 -0.00850202
0 -0.00961616 -0.0113908 -0.00759631
0 -0.00963361 -0.0107982 -0.00687415
0 -0.00970828 -0.0103547 -0.00634623
0 -0.00982913 -0.0100689 -0.00601781
0 -0.00998541 -0.00994816 -0.00589101
0 -0.0101691 -0.0100003 -0.00596707
0 -0.0103772 -0.0102345 -0.00624873
0 -0.0106111 -0.0106589 -0.00673949
0 -0.0108748 -0.0112773 -0.00744134
0 -0.0111731 -0.0120868 -0.00835306
0 -0.0115095 -0.0130776 -0.00946898
0 -0.0118865 -0.0142339 -0.0107787
0 -0.0123048 -0.0155352 -0.012267
0 -0.0127624 -0.0169568 -0.0139128
0 -0.0132552 -0.0184723 -0.0156899
0 -0.0137784 -0.0200554 -0.0175693
0 -0.0143292 -0.0216841 -0.019522
0 -0.0149052 -0.0233388 -0.0215204
0 -0.0155003 -0.0250002 -0.0235361
0 -0.0161034 -0.0266461 -0.0255376
0 -0.0166971 -0.0282502 -0.0274877
0 -0.0172584 -0.0297821 -0.0293426
0 -0.017764 -0.0312118 -0.0310592
0 -0.0181993 -0.0325171 -0.0326051
0 -0.0185596 -0.0336838 -0.0339602
0 -0.0188489 -0.0347043 -0.0351158
0 -0.0190758 -0.035575 -0.0360713
0 -0.0192472 -0.0362896 -0.0368272
0 -0.0193689 -0.0368417 -0.0373863
0 -0.0194498 -0.0372294 -0.0377567
0 -0.019497 -0.037452 -0.0379472
0 -0.0195145 -0.037509 -0.0379651
0 -0.0195061 -0.0374047 -0.0378191
0 -0.0194725 -0.0371459 -0.0375169
0 -0.0194118 -0.0367427 -0.0370651
0 -0.0193228 -0.0362106 -0.0364734
0 -0.0192072 -0.0355714 -0.035756
0 -0.0190678 -0.0348494 -0.0349304
0 -0.0189021 -0.0340639 -0.0340109
0 -0.0187004 -0.0332254 -0.0330061
0 -0.0184519 -0.0323399 -0.0319245
0 -0.0181491 -0.0314126 -0.0307774
0 -0.0177887 -0.0304481 -0.0295786
0 -0.0173717 -0.0294509 -0.0283429
0 -0.0169033 -0.0284261 -0.0270851
0 -0.0163946 -0.0273817 -0.025822
0 -0.0158617 -0.0263287 -0.0245725
0 -0.0153236 -0.0252804 -0.023356
0 -0.0148011 -0.0242529 -0.0221934
0 -0.0143169 -0.0232668 -0.0211061
0 -0.0138911 -0.0223433 -0.0201124
0 -0.0135395 -0.0215028 -0.0192266
0 -0.0132735 -0.0207649 -0.0184594
0 -0.0130987 -0.0201464 -0.0178181
0 -0.0130159 -0.0196616 -0.0173078
0 -0.0130227 -0.0193228 -0.0169334
0 -0.0131148 -0.0191404 -0.0167012
0 -0.0132881 -0.0191243 -0.0166207
0 -0.0135364 -0.0192808 -0.0167022
0 -0.0138491 -0.0196094 -0.0169525
0 -0.014211 -0.0201016 -0.0173739
0 -0.0146043 -0.0207422 -0.017964
0 -0.0150124 -0.0215125 -0.0187174
0 -0.0154179 -0.0223888 -0.0196225
0 -0.015803 -0.023343 -0.0206605
0 -0.0161563 -0.0243502 -0.0218114
0 -0.0164738 -0.0253906 -0.023055
0 -0.0167542 -0.0264465 -0.0243679
0 -0.0169993 -0.0275026 -0.0257257
0 -0.0172136 -0.0285451 -0.0271042
0 -0.0174024 -0.02956 -0.0284776
0 -0.0175695 -0.0305319 -0.0298156
0 -0.0177147 -0.0314434 -0.0310815
0 -0.0178355 -0.0322766 -0.0322368
0 -0.0179278 -0.0330132 -0.0332445
0 -0.0179872 -0.0336344 -0.0340727
0 -0.0180122 -0.0341244 -0.0346978
0 -0.0180019 -0.0344684 -0.0351038
0 -0.017956 -0.0346528 -0.0352819
0 -0.017875 -0.0346663 -0.03523
0 -0.0177594 -0.0345 -0.0349518
0 -0.0176085 -0.0341481 -0.0344548
0 -0.0174204 -0.033609 -0.0337492
0 -0.0171954 -0.0328894 -0.0328507
0 -0.0169377 -0.0320053 -0.0317815
0 -0.0166511 -0.0309785 -0.0305655
0 -0.0163387 -0.0298336 -0.0292271
0 -0.0160034 -0.0285985 -0.0277914
0 -0.0156464 -0.0273007 -0.0262821
0 -0.0152669 -0.0259641 -0.0247198
0 -0.0148633 -0.0246091 -0.0231222
0 -0.014434 -0.023253 -0.0215061
0 -0.0139783 -0.0219115 -0.0198897
0 -0.013497 -0.0205965 -0.0182919
0 -0.0129936 -0.019317 -0.0167335
0 -0.0124769 -0.0180827 -0.0152378
0 -0.0119587 -0.016903 -0.0138276
0 -0.0114496 -0.0157849 -0.0125203
0 -0.0109582 -0.014733 -0.0113271
0 -0.0104908 -0.0137509 -0.010253
0 -0.0100543 -0.0128435 -0.00929982
0 -0.0096573 -0.0120194 -0.00846831
0 -0.00930794 -0.0112878 -0.007757
0 -0.00901157 -0.0106565 -0.00716122
0 -0.00877105 -0.0101314 -0.00667435
0 -0.00858765 -0.00971689 -0.00628979
0 -0.00846362 -0.00941793 -0.00600434
0 -0.0084014 -0.00923892 -0.00581797
0 -0.00840317 -0.00918323 -0.00573371
0 -0.00847332 -0.00925578 -0.00576018
0 -0.00861699 -0.0094619 -0.00590987
0 -0.00883837 -0.00980569 -0.00619682
0 -0.00914058 -0.0102906 -0.00663573
0 -0.00952401 -0.0109183 -0.00723949
0 -0.00998442 -0.0116873 -0.00801632
0 -0.0105139 -0.012594 -0.00896977
0 -0.0111049 -0.0136358 -0.0101015
0 -0.0117511 -0.0148123 -0.0114121
0 -0.0124445 -0.0161209 -0.0128967
0 -0.0131732 -0.0175541 -0.0145428
0 -0.0139242 -0.0191008 -0.016333
0 -0.0146882 -0.0207506 -0.0182486
0 -0.0154584 -0.0224916 -0.0202706
0 -0.0162302 -0.0243105 -0.0223799
0 -0.0169989 -0.0261926 -0.0245585
0 -0.0177577 -0.0281194 -0.0267873
0 -0.0184999 -0.030071 -0.0290468
0 -0.0192233 -0.0320304 -0.0313193
0 -0.0199303 -0.033985 -0.0335889
0 -0.020626 -0.035926 -0.0358413
0 -0.0213134 -0.0378439 -0.0380603
0 -0.0219883 -0.0397236 -0.0402242
0 -0.0226403 -0.0415453 -0.0423073
0 -0.0232572 -0.0432879 -0.0442837
0 -0.0238261 -0.0449303 -0.0461295
0 -0.0243342 -0.046451 -0.0478222
0 -0.0247713 -0.0478309 -0.0493435
0 -0.0251317 -0.049055 -0.0506808
0 -0.0254114 -0.0501094 -0.0518238
0 -0.0256073 -0.0509811 -0.0527638
0 -0.02572 -0.0516605 -0.0534955
0 -0.0257528 -0.0521412 -0.0540164
0 -0.0257112 -0.0524196 -0.0543256
0 -0.0256008 -0.0524925 -0.0544215
0 -0.0254253 -0.0523557 -0.0543001
0 -0.0251871 -0.0520062 -0.0539559
0 -0.0248876 -0.0514437 -0.0533839
0 -0.0245278 -0.0506725 -0.0525806
0 -0.0241061 -0.0496987 -0.0515428
0 -0.0236179 -0.0485283 -0.0502675
0 -0.023059 -0.0471693 -0.0487551
0 -0.0224243 -0.0456291 -0.0470087
0 -0.0217078 -0.0439134 -0.0450333
0 -0.0209065 -0.0420289 -0.0428394
0 -0.0200248 -0.0399877 -0.0404468
0 -0.0190753 -0.0378078 -0.0378844
0 -0.0180737 -0.0355094 -0.0351853
0 -0.017037 -0.0331145 -0.0323847
0 -0.0159832 -0.0306483 -0.0295181
0 -0.0149307 -0.0281371 -0.0266182
0 -0.0138968 -0.0256066 -0.0237143
0 -0.0128979 -0.0230825 -0.0208354
0 -0.0119506 -0.0205922 -0.0180125
0 -0.0110722 -0.0181655 -0.0152782
0 -0.0102775 -0.0158317 -0.0126626
0 -0.00957658 -0.0136168 -0.0101914
0 -0.00897285 -0.0115415 -0.00788412
0 -0.00846363 -0.00962074 -0.00575413
0 -0.00804094 -0.00786448 -0.00380939
0 -0.00769376 -0.0062788 -0.00205413
0 -0.00741292 -0.0048703 -0.000493481
0 -0.00719393 -0.00364853 0.000863658
0 -0.00703556 -0.00262439 0.00200621
0 -0.00693865 -0.0018091 0.00292206
0 -0.00690637 -0.00121473 0.00359783
0 -0.00694309 -0.000853577 0.00401981
0 -0.00705102 -0.00073531 0.00417702
0 -0.00722766 -0.000864608 0.00406371
0 -0.00746693 -0.00124061 0.00367903
0 -0.00776058 -0.00185502 0.00302751
0 -0.00809727 -0.00268988 0.00212115
0 -0.0084642 -0.00371947 0.000978715
0 -0.00885142 -0.00491537 -0.000377941
0 -0.00925277 -0.0062487 -0.00192457
0 -0.00966456 -0.00769029 -0.00363336
0 -0.0100846 -0.00921124 -0.00547255
0 -0.0105137 -0.0107859 -0.007409
0 -0.0109565 -0.0123942 -0.00941064
0 -0.0114207 -0.0140214 -0.0114473
0 -0.0119171 -0.0156592 -0.013494
0 -0.0124575 -0.0173036 -0.0155315
0 -0.0130503 -0.0189509 -0.0175446
0 -0.0136963 -0.0205955 -0.0195178
0 -0.0143875 -0.0222274 -0.0214315
0 -0.0151091 -0.0238329 -0.0232639
0 -0.015845 -0.025397 -0.0249958
0 -0.016577 -0.0269027 -0.0266119
0 -0.0172853 -0.0283315 -0.0281001
0 -0.0179509 -0.0296648 -0.0294533
0 -0.0185567 -0.0308856 -0.0306689
0 -0.0190904 -0.0319804 -0.0317491
0 -0.0195483 -0.0329437 -0.0327029
0 -0.0199317 -0.0337748 -0.0335417
0 -0.020243 -0.0344749 -0.0342742
0 -0.0204853 -0.0350463 -0.0349058
0 -0.0206621 -0.0354935 -0.0354387
0 -0.0207762 -0.0358204 -0.0358708
0 -0.02083 -0.0360314 -0.0361967
0 -0.020829 -0.0361343 -0.0364127
0 -0.0207808 -0.0361381 -0.0365158
0 -0.0206948 -0.0360532 -0.0365056
0 -0.0205834 -0.0358921 -0.0363864
0 -0.020457 -0.0356656 -0.0361633
0 -0.0203202 -0.035379 -0.0358394
0 -0.0201739 -0.0350341 -0.0354181
0 -0.0200184 -0.0346324 -0.0349056
0 -0.0198537 -0.0341758 -0.0343112
0 -0.0196799 -0.0336672 -0.0336467
0 -0.0194969 -0.0331104 -0.0329251
0 -0.0193056 -0.0325119 -0.0321617
0 -0.0191084 -0.0318805 -0.0313728
0 -0.0189075 -0.0312272 -0.0305741
0 -0.0187044 -0.0305632 -0.0297795
0 -0.0184987 -0.0298983 -0.028999
0 -0.0182888 -0.0292418 -0.0282406
0 -0.0180745 -0.028603 -0.0275109
0 -0.0178562 -0.0279909 -0.0268162
0 -0.0176351 -0.0274132 -0.026161
0 -0.0174125 -0.0268754 -0.0255493
0 -0.0171905 -0.0263819 -0.0249842
0 -0.0169705 -0.0259335 -0.0244671
0 -0.0167504 -0.0255263 -0.0239951
0 -0.016525 -0.0251511 -0.0235613
0 -0.0162879 -0.0247958 -0.0231558
0 -0.0160334 -0.0244475 -0.0227682
0 -0.0157574 -0.0240939 -0.022388
0 -0.0154588 -0.0237246 -0.0220058
0 -0.0151422 -0.0233344 -0.0216163
0 -0.0148156 -0.0229217 -0.0212161
0 -0.0144874 -0.0224864 -0.0208018
0 -0.0141674 -0.0220311 -0.0203713
0 -0.0138658 -0.0215607 -0.0199238
0 -0.013591 -0.021081 -0.0194585
0 -0.0133495 -0.0205987 -0.0189755
0 -0.0131474 -0.0201226 -0.0184773
0 -0.0129903 -0.0196641 -0.0179708
0 -0.0128843 -0.0192367 -0.0174666
0 -0.0128335 -0.0188546 -0.0169787
0 -0.012838 -0.0185286 -0.016521
0 -0.0128918 -0.0182649 -0.0161054
0 -0.0129854 -0.0180658 -0.0157436
0 -0.0131062 -0.0179298 -0.0154451
0 -0.0132389 -0.0178517 -0.0152173
0 -0.0133701 -0.0178265 -0.0150672
0 -0.0134923 -0.0178532 -0.0150037
0 -0.0136037 -0.0179348 -0.0150369
0 -0.0137045 -0.0180747 -0.0151735
0 -0.0137962 -0.0182751 -0.0154157
0 -0.0138826 -0.0185387 -0.0157628
0 -0.0139692 -0.0188678 -0.016211
0 -0.0140615 -0.019263 -0.0167524
0 -0.0141635 -0.0197213 -0.0173747
0 -0.0142758 -0.0202345 -0.018061
0 -0.0143963 -0.0207902 -0.0187908
0 -0.0145223 -0.0213737 -0.0195437
0 -0.0146512 -0.0219691 -0.0203003
0 -0.0147801 -0.0225605 -0.0210424
0 -0.0149089 -0.0231357 -0.0217566
0 -0.0150408 -0.0236869 -0.0224342
0 -0.0151794 -0.0242082 -0.0230685
0 -0.0153247 -0.0246918 -0.0236509
0 -0.0154736 -0.0251286 -0.0241713
0 -0.0156226 -0.0255113 -0.0246214
0 -0.0157703 -0.0258366 -0.0249972
0 -0.0159175 -0.0261059 -0.0252992
0 -0.0160668 -0.0263241 -0.0255321
0 -0.0162205 -0.026498 -0.0257028
0 -0.0163794 -0.0266348 -0.0258194
0 -0.0165416 -0.0267405 -0.0258893
0 -0.0167025 -0.0268195 -0.0259191
0 -0.0168557 -0.0268747 -0.0259147
0 -0.0169929 -0.0269073 -0.0258806
0 -0.0171062 -0.0269177 -0.0258211
0 -0.0171891 -0.0269064 -0.0257406
0 -0.0172345 -0.0268711 -0.0256412
0 -0.0172331 -0.0268054 -0.0255202
0 -0.0171752 -0.0266996 -0.0253711
0 -0.0170542 -0.0265442 -0.0251872
0 -0.0168682 -0.0263317 -0.0249625
0 -0.0166202 -0.0260569 -0.0246924
0 -0.0163202 -0.0257203 -0.0243763
0 -0.0159873 -0.0253312 -0.0240203
0 -0.0156453 -0.0249041 -0.0236344
0 -0.0153157 -0.0244532 -0.0232266
0 -0.0150147 -0.0239902 -0.0228014
0 -0.0147538 -0.0235253 -0.0223607
0 -0.0145393 -0.0230664 -0.0219051
0 -0.0143729 -0.02262 -0.0214344
0 -0.0142548 -0.0221933 -0.0209515
0 -0.0141838 -0.0217944 -0.0204623
0 -0.0141549 -0.0214291 -0.019973
0 -0.0141602 -0.0211016 -0.0194914
0 -0.0141904 -0.0208145 -0.0190266
0 -0.0142353 -0.0205687 -0.0185888
0 -0.0142854 -0.0203633 -0.0181901
0 -0.0143324 -0.0201966 -0.0178433
0 -0.0143698 -0.0200661 -0.0175607
0 -0.014395 -0.0199721 -0.0173548
0 -0.0144113 -0.0199189 -0.0172388
0 -0.0144262 -0.0199154 -0.0172251
0 -0.0144501 -0.0199726 -0.0173234
0 -0.014492 -0.0201005 -0.0175375
0 -0.0145575 -0.0203056 -0.0178642
0 -0.0146477 -0.0205894 -0.0182931
0 -0.0147606 -0.0209489 -0.0188091
0 -0.0148923 -0.0213775 -0.0193951
0 -0.0150391 -0.0218662 -0.0200338
0 -0.0151974 -0.022404 -0.0207097
0 -0.0153641 -0.0229784 -0.0214083
0 -0.015538 -0.0235781 -0.0221183
0 -0.0157222 -0.0241957 -0.0228345
0 -0.015922 -0.024826 -0.0235544
0 -0.016141 -0.0254632 -0.0242755
0 -0.0163806 -0.0261005 -0.0249945
0 -0.0166405 -0.0267311 -0.025707
0 -0.0169182 -0.0273487 -0.0264081
0 -0.0172078 -0.0279461 -0.0270905
0 -0.0175008 -0.0285159 -0.027745
0 -0.0177869 -0.0290506 -0.0283617
0 -0.0180546 -0.0295424 -0.0289299
0 -0.0182923 -0.0299836 -0.0294387
0 -0.0184907 -0.0303676 -0.0298795
0 -0.0186422 -0.0306885 -0.0302447
0 -0.0187406 -0.0309393 -0.0305272
0 -0.0187814 -0.0311128 -0.0307209
0 -0.0187613 -0.0312011 -0.0308197
0 -0.0186798 -0.0311972 -0.0308187
0 -0.0185413 -0.0310975 -0.0307167
0 -0.0183523 -0.0309006 -0.0305138
0 -0.0181209 -0.0306064 -0.0302107
0 -0.0178548 -0.0302163 -0.0298079
0 -0.0175618 -0.0297335 -0.0293062
0 -0.0172513 -0.0291655 -0.0287098
0 -0.0169327 -0.0285226 -0.0280247
0 -0.0166128 -0.0278152 -0.027257
0 -0.016297 -0.0270551 -0.0264146
0 -0.0159885 -0.0262537 -0.0255062
0 -0.0156872 -0.025421 -0.0245405
0 -0.0153911 -0.0245652 -0.0235262
0 -0.0150997 -0.0236953 -0.0224748
0 -0.0148151 -0.0228231 -0.0214017
0 -0.0145408 -0.0219613 -0.0203243
0 -0.0142818 -0.0211249 -0.0192631
0 -0.0140447 -0.02033 -0.0182421
0 -0.0138365 -0.0195926 -0.0172869
0 -0.0136636 -0.0189275 -0.0164227
0 -0.0135303 -0.0183473 -0.0156716
0 -0.013437 -0.0178612 -0.0150503
0 -0.0133786 -0.017473 -0.0145668
0 -0.0133457 -0.0171822 -0.0142218
0 -0.0133295 -0.016988 -0.0140124
0 -0.0133252 -0.0168917 -0.0139356
0 -0.0133323 -0.016897 -0.0139891
0 -0.0133554 -0.0170092 -0.0141718
0 -0.0134001 -0.0172319 -0.0144812
0 -0.0134707 -0.0175638 -0.014911
0 -0.0135713 -0.0180005 -0.0154534
0 -0.0137065 -0.0185362 -0.0161003
0 -0.013882 -0.0191643 -0.0168446
0 -0.014103 -0.0198777 -0.0176793
0 -0.0143731 -0.0206677 -0.0185966
0 -0.0146941 -0.0215253 -0.0195882
0 -0.0150644 -0.0224398 -0.0206444
0 -0.0154782 -0.0233996 -0.0217532
0 -0.0159287 -0.0243943 -0.0229035
0 -0.0164078 -0.0254144 -0.0240844
0 -0.0169033 -0.0264478 -0.0252817
0 -0.0174006 -0.0274805 -0.0264788
0 -0.0178844 -0.0284984 -0.0276584
0 -0.0183394 -0.0294868 -0.0288022
0 -0.0187521 -0.0304319 -0.029893
0 -0.0191133 -0.0313213 -0.0309162
0 -0.0194194 -0.0321466 -0.0318622
0 -0.0196743 -0.0329045 -0.0327278
0 -0.0198866 -0.0335947 -0.0335137
0 -0.0200653 -0.034217 -0.0342214
0 -0.020217 -0.0347692 -0.0348503
0 -0.0203458 -0.035247 -0.0353975
0 -0.0204524 -0.0356447 -0.0358579
0 -0.0205346 -0.0359551 -0.0362241
0 -0.0205899 -0.0361724 -0.036489
0 -0.020618 -0.0362946 -0.0366488
0 -0.0206199 -0.0363222 -0.0367018
0 -0.020596 -0.036257 -0.0366473
0 -0.0205463 -0.0361014 -0.0364851
0 -0.0204696 -0.035859 -0.0362164
0 -0.0203642 -0.0355335 -0.035843
0 -0.020225 -0.0351256 -0.0353653
0 -0.0200425 -0.0346313 -0.0347799
0 -0.0198055 -0.0340441 -0.0340826
0 -0.0195033 -0.0333564 -0.0332692
0 -0.019125 -0.0325582 -0.0323341
0 -0.0186632 -0.031641 -0.0312732
0 -0.0181173 -0.0306012 -0.0300872
0 -0.0174934 -0.0294404 -0.0287808
0 -0.0168033 -0.0281652 -0.0273625
0 -0.0160622 -0.026787 -0.0258433
0 -0.0152883 -0.025321 -0.0242365
0 -0.0144995 -0.0237832 -0.0225543
0 -0.0137125 -0.0221889 -0.0208077
0 -0.012941 -0.0205522 -0.0190048
0 -0.012193 -0.018885 -0.0171516
0 -0.0114743 -0.0172 -0.0152553
0 -0.0107901 -0.0155114 -0.0133278
0 -0.0101451 -0.0138336 -0.0113848
0 -0.0095444 -0.0121818 -0.00944694
0 -0.0089929 -0.010571 -0.00753812
0 -0.00849227 -0.0090134 -0.00568145
0 -0.00804087 -0.00751846 -0.00389771
0 -0.00763754 -0.00609658 -0.00220801
0 -0.00728293 -0.00476047 -0.000634064
0 -0.00697874 -0.0035244 0.00080327
0 -0.00672957 -0.00240605 0.00208271
0 -0.00654218 -0.00142585 0.00318337
0 -0.00642366 -0.00060512 0.00408638
0 -0.00638094 3.45454e-05 0.00477488
0 -0.0064191 0.000473097 0.00523507
0 -0.0065399 0.000693616 0.00545682
0 -0.00674099 0.000683518 0.00543385
0 -0.00701543 0.000435777 0.00516412
0 -0.00735207 -4.93628e-05 0.00465006
0 -0.00773907 -0.000764756 0.00389656
0 -0.00816737 -0.00169844 0.00290885
0 -0.00863108 -0.00283443 0.00169285
0 -0.00912678 -0.00415313 0.000256607
0 -0.00965303 -0.00563249 -0.00138861
0 -0.0102118 -0.0072514 -0.00322967
0 -0.0108096 -0.00899281 -0.0052529
0 -0.0114545 -0.010843 -0.00744222
0 -0.0121538 -0.0127902 -0.00977743
0 -0.0129109 -0.0148228 -0.0122332
0 -0.0137259 -0.0169293 -0.0147806
0 -0.0145946 -0.0190969 -0.0173903
0 -0.0155063 -0.0213083 -0.020031
0 -0.0164447 -0.023543 -0.0226698
0 -0.0173927 -0.0257817 -0.0252746
0 -0.0183325 -0.0280048 -0.0278154
0 -0.0192457 -0.0301914 -0.0302652
0 -0.020116 -0.0323199 -0.032603
0 -0.0209302 -0.0343701 -0.0348142
0 -0.0216785 -0.0363227 -0.0368892
0 -0.0223537 -0.0381597 -0.038822
0 -0.0229528 -0.0398662 -0.0406112
0 -0.0234763 -0.0414307 -0.0422577
0 -0.0239251 -0.0428433 -0.0437613
0 -0.0242994 -0.0440946 -0.0451187
0 -0.0245984 -0.0451758 -0.046323
0 -0.0248201 -0.046079 -0.0473636
0 -0.0249628 -0.0467978 -0.0482277
0 -0.0250264 -0.0473284 -0.0489027
0 -0.0250135 -0.04767 -0.0493774
0 -0.024932 -0.047827 -0.0496459
0 -0.0247957 -0.0478088 -0.0497082
0 -0.0246189 -0.0476255 -0.0495676
0 -0.0244141 -0.0472863 -0.0492284
0 -0.0241898 -0.0468003 -0.0486963
0 -0.0239499 -0.0461759 -0.0479783
0 -0.0236941 -0.0454212 -0.0470831
0 -0.0234179 -0.044543 -0.0460203
0 -0.0231135 -0.0435472 -0.044801
0 -0.0227732 -0.0424407 -0.0434391
0 -0.0223904 -0.0412324 -0.0419521
0 -0.0219609 -0.0399328 -0.0403602
0 -0.0214832 -0.0385543 -0.0386859
0 -0.0209569 -0.0371088 -0.0369504
0 -0.0203819 -0.0356072 -0.0351727
0 -0.0197601 -0.0340606 -0.0333694
0 -0.0190953 -0.0324807 -0.031555
0 -0.018394 -0.03088 -0.0297414
0 -0.0176656 -0.0292719 -0.0279398
0 -0.0169209 -0.0276693 -0.0261598
0 -0.0161706 -0.0260835 -0.0244094
0 -0.0154253 -0.0245252 -0.0226962
0 -0.0146961 -0.0230055 -0.0210283
0 -0.0139932 -0.0215336 -0.0194127
0 -0.0133252 -0.0201168 -0.0178553
0 -0.0126997 -0.0187618 -0.0163616
0 -0.0121243 -0.0174752 -0.0149378
0 -0.0116051 -0.0162635 -0.0135907
0 -0.0111457 -0.0151318 -0.0123262
0 -0.0107477 -0.0140843 -0.0111496
0 -0.0104109 -0.0131251 -0.0100662
0 -0.0101339 -0.0122582 -0.00908128
0 -0.00991342 -0.0114864 -0.00819936
0 -0.00974509 -0.0108122 -0.00742438
0 -0.0096245 -0.0102383 -0.00676069
0 -0.00954731 -0.00976751 -0.0062125
0 -0.00950841 -0.00940174 -0.00578283
0 -0.00950277 -0.0091423 -0.00547395
0 -0.00952628 -0.00899069 -0.00528801
0 -0.00957612 -0.00894878 -0.00522731
0 -0.0096504 -0.00901824 -0.00529372
0 -0.00974728 -0.00919885 -0.00548741
0 -0.00986558 -0.00948804 -0.0058069
0 -0.0100056 -0.00988154 -0.00624965
0 -0.0101686 -0.0103738 -0.00681187
0 -0.0103566 -0.0109575 -0.00748787
0 -0.0105714 -0.0116245 -0.00827
0 -0.0108152 -0.0123662 -0.00914909
0 -0.01109 -0.0131742 -0.0101147
0 -0.0113976 -0.0140407 -0.0111553
0 -0.0117385 -0.0149577 -0.0122582
0 -0.0121128 -0.0159184 -0.0134104
0 -0.0125195 -0.0169164 -0.0145996
0 -0.0129568 -0.0179453 -0.015814
0 -0.0134218 -0.0189989 -0.0170433
0 -0.0139105 -0.0200709 -0.0182786
0 -0.0144183 -0.0211547 -0.0195126
0 -0.0149398 -0.022244 -0.0207396
0 -0.0154694 -0.0233332 -0.021955
0 -0.0160012 -0.0244169 -0.0231554
0 -0.016529 -0.0254894 -0.0243371
0 -0.0170462 -0.0265446 -0.0254966
0 -0.0175463 -0.0275757 -0.0266299
0 -0.0180232 -0.0285763 -0.0277332
0 -0.0184711 -0.0295402 -0.0288018
0 -0.0188851 -0.0304616 -0.029831
0 -0.0192616 -0.031335 -0.0308156
0 -0.019598 -0.0321557 -0.03175
0 -0.0198926 -0.0329187 -0.0326277
0 -0.0201447 -0.0336195 -0.033442
0 -0.0203542 -0.0342538 -0.0341858
0 -0.0205222 -0.0348175 -0.0348524
0 -0.0206506 -0.035307 -0.0354354
0 -0.020742 -0.0357191 -0.0359292
0 -0.0207992 -0.0360506 -0.0363289
0 -0.0208256 -0.0362993 -0.0366308
0 -0.020825 -0.0364637 -0.0368326
0 -0.0208007 -0.0365426 -0.036933
0 -0.020756 -0.0365356 -0.0369316
0 -0.0206932 -0.0364428 -0.0368291
0 -0.0206139 -0.0362655 -0.0366271
0 -0.0205184 -0.0360059 -0.0363279
0 -0.0204057 -0.0356673 -0.0359345
0 -0.0202741 -0.0352538 -0.0354508
0 -0.0201213 -0.0347705 -0.0348819
0 -0.0199445 -0.0342227 -0.0342336
0 -0.0197412 -0.033616 -0.0335126
0 -0.0195091 -0.0329561 -0.0327265
0 -0.0192468 -0.0322485 -0.0318838
0 -0.018954 -0.0314992 -0.0309934
0 -0.0186316 -0.0307136 -0.0300644
0 -0.0182815 -0.0298977 -0.029106
0 -0.017907 -0.0290572 -0.0281266
0 -0.0175119 -0.0281982 -0.0271341
0 -0.0171011 -0.0273266 -0.0261354
0 -0.0166798 -0.0264483 -0.0251368
0 -0.0162539 -0.0255691 -0.0241438
0 -0.0158293 -0.0246945 -0.0231614
0 -0.0154115 -0.02383 -0.0221946
0 -0.0150061 -0.0229814 -0.0212477
0 -0.014618 -0.0221545 -0.0203252
0 -0.0142515 -0.0213555 -0.0194316
0 -0.0139104 -0.0205901 -0.0185718
0 -0.0135977 -0.0198638 -0.0177509
0 -0.0133158 -0.0191818 -0.0169739
0 -0.0130659 -0.0185487 -0.0162462
0 -0.0128489 -0.0179688 -0.0155733
0 -0.0126646 -0.0174456 -0.0149606
0 -0.0125122 -0.0169824 -0.0144132
0 -0.0123904 -0.0165819 -0.0139359
0 -0.0122973 -0.0162463 -0.013533
0 -0.0122311 -0.0159775 -0.0132081
0 -0.0121896 -0.015777 -0.0129641
0 -0.0121708 -0.0156457 -0.0128028
0 -0.0121729 -0.0155843 -0.0127253
0 -0.0121943 -0.0155928 -0.0127319
0 -0.0122338 -0.0156708 -0.0128216
0 -0.0122907 -0.0158173 -0.0129928
0 -0.0123653 -0.01603 -0.0132432
0 -0.0124582 -0.0163062 -0.0135696
0 -0.0125704 -0.0166425 -0.0139679
0 -0.0127031 -0.0170351 -0.0144336
0 -0.0128577 -0.0174798 -0.0149612
0 -0.0130353 -0.017972 -0.0155449
0 -0.0132364 -0.0185073 -0.0161783
0 -0.0134613 -0.0190807 -0.0168547
0 -0.0137095 -0.0196875 -0.0175674
0 -0.0139799 -0.0203228 -0.0183098
0 -0.0142706 -0.0209815 -0.0190754
0 -0.0145789 -0.0216588 -0.0198579
0 -0.0149016 -0.0223496 -0.0206518
0 -0.015235 -0.0230491 -0.0214518
0 -0.0155747 -0.0237526 -0.0222532
0 -0.0159162 -0.0244557 -0.0230512
0 -0.0162549 -0.0251542 -0.0238416
0 -0.0165864 -0.0258435 -0.02462
0 -0.0169065 -0.0265193 -0.0253826
0 -0.0172117 -0.0271769 -0.0261254
0 -0.017499 -0.0278118 -0.0268445
0 -0.0177659 -0.0284195 -0.0275357
0 -0.0180104 -0.0289957 -0.0281947
0 -0.0182313 -0.0295365 -0.0288173
0 -0.0184276 -0.030038 -0.0293989
