0 -0.0332334 -0.0231868 -0.0224821
0 -0.0332311 -0.0231917 -0.0224837
0 -0.0332182 -0.023186 -0.0224731
0 -0.0332007 -0.0231747 -0.0224561
0 -0.0331797 -0.0231573 -0.0224331
0 -0.0331557 -0.0231332 -0.0224041
0 -0.0331317 -0.0231043 -0.0223716
0 -0.0331056 -0.0230677 -0.0223328
0 -0.033072 -0.0230174 -0.0222817
0 -0.0330343 -0.0229564 -0.0222208
0 -0.0330001 -0.022892 -0.0221566
0 -0.0329644 -0.0228196 -0.0220838
0 -0.0329163 -0.0227287 -0.0219907
0 -0.0328622 -0.0226259 -0.0218831
0 -0.0328234 -0.0225328 -0.0217818
0 -0.0328131 -0.0224642 -0.0217009
0 -0.0328307 -0.0224222 -0.0216422
0 -0.0328727 -0.0224065 -0.0216053
0 -0.0329292 -0.0224116 -0.0215854
0 -0.0329734 -0.0224143 -0.0215601
0 -0.0329849 -0.022396 -0.0215128
0 -0.0329731 -0.0223665 -0.0214557
0 -0.0329388 -0.0223255 -0.0213907
0 -0.0328563 -0.0222439 -0.0212914
0 -0.0327159 -0.0221068 -0.0211449
0 -0.0325328 -0.0219225 -0.0209606
0 -0.0323289 -0.021705 -0.0207526
0 -0.0321406 -0.0214837 -0.020549
0 -0.0320093 -0.0212961 -0.0203841
0 -0.0319497 -0.0211569 -0.0202682
0 -0.0319512 -0.0210595 -0.0201899
0 -0.0320052 -0.0210029 -0.0201427
0 -0.0321205 -0.0210059 -0.0201412
0 -0.0323007 -0.0210839 -0.0201979
0 -0.0325124 -0.021216 -0.0202912
0 -0.0327176 -0.0213749 -0.020396
0 -0.0329013 -0.0215532 -0.0205096
0 -0.0330392 -0.0217301 -0.0206187
0 -0.0331157 -0.0218882 -0.0207151
0 -0.0331701 -0.0220618 -0.0208425
0 -0.0332392 -0.0222808 -0.0210395
0 -0.033284 -0.0224989 -0.0212664
0 -0.0332293 -0.0226322 -0.021442
0 -0.0330463 -0.0226393 -0.021525
0 -0.0327807 -0.0225511 -0.0215423
0 -0.0325063 -0.0224262 -0.0215457
0 -0.0322738 -0.0223028 -0.0215638
0 -0.032136 -0.0222266 -0.0216304
0 -0.0321826 -0.0222883 -0.0218228
0 -0.0324877 -0.022574 -0.0222134
0 -0.0330549 -0.0231101 -0.0228165
0 -0.0338188 -0.0238619 -0.0235888
0 -0.0346385 -0.0247214 -0.0244199
0 -0.0353542 -0.0255566 -0.0251825
0 -0.0358961 -0.0263143 -0.0258361
0 -0.0362876 -0.0270213 -0.0264259
0 -0.0365657 -0.0277071 -0.0270033
0 -0.0367376 -0.0283619 -0.0275821
0 -0.0367989 -0.0289569 -0.0281555
0 -0.0367792 -0.0294934 -0.0287417
0 -0.0367497 -0.0300142 -0.0293928
0 -0.0367659 -0.0305518 -0.030141
0 -0.0368276 -0.0310903 -0.0309598
0 -0.0369064 -0.0315933 -0.0317924
0 -0.0369729 -0.0320295 -0.0325789
0 -0.0369894 -0.0323618 -0.0332494
0 -0.0369078 -0.0325423 -0.0337236
0 -0.036701 -0.0325394 -0.0339435
0 -0.0364234 -0.0323978 -0.0339354
0 -0.03622 -0.0322513 -0.0338247
0 -0.0362197 -0.0322226 -0.0337356
0 -0.0364476 -0.0323395 -0.0337061
0 -0.0368365 -0.0325475 -0.033699
0 -0.0372676 -0.0327459 -0.0336368
0 -0.0376248 -0.0328376 -0.0334482
0 -0.0378437 -0.0327739 -0.0331106
0 -0.0378957 -0.0325369 -0.0326293
0 -0.0377446 -0.032095 -0.0319904
0 -0.0373621 -0.0314175 -0.0311745
0 -0.0367709 -0.0305177 -0.0301991
0 -0.0360369 -0.0294479 -0.0291133
0 -0.0352331 -0.0282663 -0.0279657
0 -0.0344053 -0.0270065 -0.0267738
0 -0.0335694 -0.0256767 -0.0255252
0 -0.0327511 -0.0242993 -0.0242188
0 -0.0319822 -0.0229062 -0.022864
0 -0.0312627 -0.0214999 -0.0214433
0 -0.0305879 -0.0200799 -0.0199416
0 -0.0299768 -0.0186715 -0.0183753
0 -0.0294403 -0.0172944 -0.0167623
0 -0.0289866 -0.015968 -0.0151268
0 -0.028676 -0.014766 -0.0135547
0 -0.0285966 -0.0137949 -0.0121723
0 -0.0287647 -0.0130954 -0.0110469
0 -0.0290878 -0.0126047 -0.010146
0 -0.029421 -0.0122097 -0.00938582
0 -0.0296348 -0.0118074 -0.00868872
0 -0.0296376 -0.0113239 -0.00799966
0 -0.0293803 -0.0107157 -0.00728584
0 -0.0288915 -0.0100046 -0.00657052
0 -0.0283073 -0.00931209 -0.00596689
0 -0.0278232 -0.00881718 -0.00563735
0 -0.0275928 -0.00866331 -0.0057018
0 -0.0276944 -0.00892891 -0.00621168
0 -0.0281443 -0.00964149 -0.00716774
0 -0.0288554 -0.0107332 -0.00847949
0 -0.0296493 -0.0120449 -0.00997279
0 -0.030375 -0.0134359 -0.0115022
0 -0.0309648 -0.0148341 -0.0130017
0 -0.0313888 -0.0161894 -0.0144359
0 -0.0316436 -0.0174637 -0.0157877
0 -0.0318043 -0.0186883 -0.0171106
0 -0.0319831 -0.0199306 -0.0184909
0 -0.0321686 -0.0211395 -0.0198895
0 -0.0322161 -0.0221363 -0.0211313
0 -0.0320251 -0.0227866 -0.0220776
0 -0.0316053 -0.0230636 -0.022691
0 -0.0310216 -0.0229967 -0.0229813
0 -0.0304043 -0.022686 -0.0230209
0 -0.0299816 -0.0223427 -0.022987
0 -0.0299648 -0.0221829 -0.02306
0 -0.0303927 -0.0222758 -0.0232767
0 -0.0311905 -0.0226001 -0.0235914
0 -0.0323259 -0.0231912 -0.0240283
0 -0.0337328 -0.0240568 -0.0246004
0 -0.0351269 -0.0249824 -0.0251159
0 -0.0361245 -0.0256381 -0.0252829
0 -0.0365367 -0.0258601 -0.0249851
0 -0.0364436 -0.0257223 -0.0243498
0 -0.0360486 -0.0253964 -0.0236062
0 -0.035559 -0.0250458 -0.0229705
0 -0.0351389 -0.0247931 -0.0226016
0 -0.0348742 -0.0246959 -0.0225697
0 -0.0347625 -0.0247397 -0.0228481
0 -0.0347307 -0.0248543 -0.0233329
0 -0.0347378 -0.0250107 -0.0239465
0 -0.0348433 -0.0252848 -0.0247124
0 -0.035139 -0.0257882 -0.0256924
0 -0.035662 -0.0265836 -0.0269024
0 -0.0363941 -0.0276813 -0.0283139
0 -0.0372868 -0.0290596 -0.0298819
0 -0.0382473 -0.0306444 -0.0315298
0 -0.0391396 -0.0323052 -0.0331446
0 -0.0398174 -0.0338829 -0.0346026
0 -0.0401527 -0.0352162 -0.0357889
0 -0.0400661 -0.0361722 -0.0366206
0 -0.0395966 -0.0367213 -0.0371133
0 -0.0389414 -0.0369865 -0.0374226
0 -0.0383785 -0.0371818 -0.0377771
0 -0.0380934 -0.0374504 -0.0383147
0 -0.0380429 -0.0377342 -0.0389518
0 -0.0380411 -0.0378533 -0.0394678
0 -0.0379617 -0.0376993 -0.0397043
0 -0.0377783 -0.0372687 -0.0396052
0 -0.0374759 -0.0365696 -0.0391309
0 -0.0370274 -0.0355937 -0.0382368
0 -0.0364227 -0.0343426 -0.0369036
0 -0.0356659 -0.0328231 -0.0351357
0 -0.0347543 -0.0310269 -0.0329403
0 -0.0337245 -0.0289791 -0.0303724
0 -0.0327396 -0.026832 -0.0276247
0 -0.0320465 -0.0248319 -0.0249868
0 -0.0317969 -0.0231504 -0.0226684
0 -0.031942 -0.0217813 -0.0206919
0 -0.0323064 -0.0206072 -0.0189635
0 -0.0326915 -0.0194934 -0.0173697
0 -0.0329107 -0.0183138 -0.015801
0 -0.0328317 -0.0169843 -0.0141816
0 -0.0324179 -0.0154994 -0.012507
0 -0.0317471 -0.0139502 -0.0108634
0 -0.0309411 -0.0124571 -0.00936016
0 -0.0300573 -0.0110655 -0.00802742
0 -0.0291247 -0.00978473 -0.00685537
0 -0.0282195 -0.00866746 -0.00587521
0 -0.0274178 -0.00776468 -0.00511648
0 -0.0267062 -0.00703805 -0.00452171
0 -0.0260436 -0.00642073 -0.00400961
0 -0.0254943 -0.00595065 -0.00360945
0 -0.0251865 -0.0057338 -0.00342405
0 -0.0251914 -0.00582861 -0.00351321
0 -0.0254914 -0.0062166 -0.00386363
0 -0.0260098 -0.00683108 -0.00441707
0 -0.0266596 -0.00760179 -0.00511441
0 -0.0273575 -0.00846457 -0.00590455
0 -0.0280202 -0.00935322 -0.00673508
0 -0.0285646 -0.010196 -0.00754758
0 -0.0289268 -0.0109311 -0.00829192
0 -0.0291031 -0.0115467 -0.00896523
0 -0.0291426 -0.0120753 -0.00960445
0 -0.0291245 -0.0125747 -0.0102669
0 -0.0291564 -0.0131326 -0.0110333
0 -0.0293873 -0.0138846 -0.0120268
0 -0.0299951 -0.0150104 -0.0134099
0 -0.0310825 -0.0166329 -0.0152865
0 -0.0325722 -0.0187114 -0.0175994
0 -0.0342723 -0.0210971 -0.0201882
0 -0.0360435 -0.0236929 -0.022952
0 -0.0378275 -0.026477 -0.0258738
0 -0.0395242 -0.0293748 -0.0288925
0 -0.0409233 -0.0321821 -0.0318252
0 -0.0417855 -0.0346405 -0.0344393
0 -0.0419971 -0.0365903 -0.0366003
0 -0.0416528 -0.0380562 -0.0383523
0 -0.0409581 -0.0391597 -0.0398249
0 -0.0400845 -0.0399864 -0.0410973
0 -0.0391485 -0.040575 -0.0421868
0 -0.0382616 -0.0409719 -0.0431064
0 -0.0375771 -0.0412831 -0.0439213
0 -0.0372951 -0.0416832 -0.0447626
0 -0.0376102 -0.0423689 -0.0457862
0 -0.038602 -0.0434527 -0.0470722
0 -0.0401126 -0.0448399 -0.0485045
0 -0.0417718 -0.0462412 -0.0497868
0 -0.043196 -0.0473511 -0.0506239
0 -0.0441535 -0.047995 -0.0508702
0 -0.0445475 -0.0481042 -0.0505017
0 -0.0443253 -0.0476238 -0.0495175
0 -0.043447 -0.0464818 -0.0479028
0 -0.0419211 -0.0446286 -0.0456583
0 -0.0398993 -0.0421414 -0.0428976
0 -0.0377402 -0.0393055 -0.0399205
0 -0.0359572 -0.0365851 -0.0371817
0 -0.0349919 -0.034418 -0.0350853
0 -0.0349516 -0.0329614 -0.0337363
0 -0.0356883 -0.0321637 -0.0330216
0 -0.0370411 -0.0319917 -0.0328502
0 -0.0388524 -0.032429 -0.0331627
0 -0.0408514 -0.0333404 -0.0338052
0 -0.0426678 -0.034466 -0.034527
0 -0.0439736 -0.0355464 -0.0351043
0 -0.044555 -0.036385 -0.0353972
0 -0.0442728 -0.0368015 -0.0353009
0 -0.0430469 -0.0366152 -0.0347228
0 -0.0409174 -0.0357146 -0.0336344
0 -0.0380716 -0.0341057 -0.0321006
0 -0.0347777 -0.0318718 -0.0302256
0 -0.0312956 -0.0291082 -0.0280827
0 -0.0278848 -0.0259448 -0.0257394
0 -0.0248315 -0.0225891 -0.023307
0 -0.0223931 -0.0192801 -0.0208989
0 -0.0207335 -0.0162189 -0.0185765
0 -0.0199063 -0.013539 -0.0163418
0 -0.0198569 -0.0112932 -0.0141456
0 -0.0204219 -0.00944249 -0.0118928
0 -0.0213639 -0.00787848 -0.009474
0 -0.0224274 -0.00646094 -0.00680641
0 -0.0233809 -0.00504637 -0.0038537
0 -0.0240516 -0.00351724 -0.000640661
0 -0.0243394 -0.001793 0.00274698
0 -0.0242457 0.000133892 0.00614789
0 -0.0239055 0.00215001 0.00930501
0 -0.0234962 0.00409678 0.0119612
0 -0.0231108 0.00588676 0.013986
0 -0.0227471 0.00750946 0.0153841
0 -0.0223859 0.00895576 0.0162144
0 -0.0220858 0.0101263 0.0164879
0 -0.021973 0.0108442 0.0161633
0 -0.0221127 0.0109866 0.0152611
0 -0.0224646 0.0105376 0.0138964
0 -0.0229651 0.00951897 0.0121908
0 -0.023596 0.00793559 0.0102027
0 -0.024378 0.00578547 0.00793241
0 -0.0252967 0.00313095 0.00539696
0 -0.0262647 0.000131634 0.00267235
0 -0.0271939 -0.00303459 -0.000170129
0 -0.0280447 -0.00623005 -0.00310378
0 -0.0287887 -0.00933105 -0.00610153
0 -0.0293965 -0.012224 -0.0091173
0 -0.0298658 -0.0148404 -0.0121116
0 -0.0302241 -0.0171617 -0.0150547
0 -0.0305186 -0.0192082 -0.0179211
0 -0.0308317 -0.0210527 -0.0207138
0 -0.0312929 -0.0228306 -0.0234844
0 -0.032037 -0.0247016 -0.0262985
0 -0.03314 -0.0267829 -0.029181
0 -0.0345941 -0.0291195 -0.0321025
0 -0.0362967 -0.0316642 -0.0349705
0 -0.0380478 -0.0342661 -0.0376221
0 -0.039605 -0.0367151 -0.03987
0 -0.040768 -0.0388199 -0.0415757
0 -0.0414312 -0.0404587 -0.0426925
0 -0.0415663 -0.0415659 -0.0432411
0 -0.0411831 -0.0420962 -0.0432619
0 -0.0403193 -0.0420184 -0.0427966
0 -0.0390683 -0.0413498 -0.0419138
0 -0.0376003 -0.0401865 -0.0407344
0 -0.0361247 -0.0386759 -0.0394018
0 -0.0348486 -0.0369885 -0.0380524
0 -0.0339443 -0.0352987 -0.0367963
0 -0.0335169 -0.0337567 -0.035697
0 -0.0335981 -0.0324754 -0.034773
0 -0.0341477 -0.0315217 -0.0340051
0 -0.0350557 -0.0309049 -0.0333385
0 -0.0361502 -0.0305696 -0.0326875
0 -0.0372278 -0.0304108 -0.0319563
0 -0.0380819 -0.0302894 -0.0310545
0 -0.0385169 -0.0300396 -0.0298964
0 -0.038386 -0.0295066 -0.028422
0 -0.0376492 -0.0286047 -0.0266472
0 -0.0363738 -0.0273217 -0.0246622
0 -0.0346837 -0.0256815 -0.0225768
0 -0.0327341 -0.0237395 -0.0204971
0 -0.0306735 -0.0215587 -0.0184937
0 -0.0285922 -0.0191658 -0.0165557
0 -0.0265463 -0.0165796 -0.0146235
0 -0.024612 -0.0138671 -0.0126559
0 -0.0228913 -0.0111441 -0.010651
0 -0.0214742 -0.00853294 -0.00862007
0 -0.0204133 -0.00613274 -0.00656377
0 -0.0197829 -0.00407325 -0.00453985
0 -0.0197033 -0.00253197 -0.00269434
0 -0.0202038 -0.00159779 -0.00112866
0 -0.0210796 -0.00112729 0.000249808
0 -0.0219625 -0.000803973 0.00167346
0 -0.0225217 -0.000323801 0.00333219
0 -0.0225135 0.000561598 0.00534521
0 -0.0217571 0.00206905 0.00780727
0 -0.0201901 0.00432457 0.0107469
0 -0.0178994 0.00732457 0.0141004
0 -0.0150592 0.0109816 0.0177648
0 -0.0118418 0.0151957 0.0216724
0 -0.00836532 0.0198927 0.0258235
0 -0.00469685 0.0250149 0.0302673
0 -0.000879949 0.0304995 0.0350644
0 0.0030591 0.0362832 0.0402745
0 0.00711517 0.0423192 0.0459549
0 0.0113162 0.0485989 0.0521697
0 0.0157039 0.0551387 0.0589694
0 0.0201956 0.0618446 0.066253
0 0.0245046 0.0684318 0.073691
0 0.0282664 0.0745483 0.0808565
0 0.0311369 0.0798691 0.0873285
0 0.0327728 0.0840742 0.0926793
0 0.0328447 0.0868574 0.0964937
0 0.0311496 0.0880066 0.0984629
0 0.0277153 0.0874596 0.0984576
0 0.0227541 0.0852586 0.0964916
0 0.0165717 0.08149 0.0926603
0 0.00952089 0.0762631 0.0871135
0 0.00193517 0.0696704 0.0800064
0 -0.00591391 0.0617686 0.0714672
0 -0.0138425 0.0525769 0.0615801
0 -0.0217963 0.0420645 0.0503536
0 -0.0298431 0.0301754 0.0377311
0 -0.0381289 0.0168629 0.0236266
0 -0.0467599 0.0021778 0.00803034
0 -0.0557277 -0.0136901 -0.00892735
0 -0.0649587 -0.0304923 -0.0270381
0 -0.0743681 -0.0479959 -0.0460802
0 -0.0838597 -0.065994 -0.0658223
0 -0.0932032 -0.0841829 -0.0858994
0 -0.102004 -0.102145 -0.105801
0 -0.109841 -0.119483 -0.125008
0 -0.11641 -0.135911 -0.143105
0 -0.12162 -0.151327 -0.159879
0 -0.125494 -0.165733 -0.175256
0 -0.127981 -0.179051 -0.189133
0 -0.128949 -0.191123 -0.201374
0 -0.12834 -0.201835 -0.211942
0 -0.126325 -0.211238 -0.221002
0 -0.123253 -0.219472 -0.228827
0 -0.119564 -0.226748 -0.235715
0 -0.115952 -0.233581 -0.242191
0 -0.113317 -0.240758 -0.249008
0 -0.112291 -0.248846 -0.256725
0 -0.112797 -0.257741 -0.265263
0 -0.114228 -0.266854 -0.274078
0 -0.116232 -0.275887 -0.282903
0 -0.118919 -0.285035 -0.291945
0 -0.122099 -0.294218 -0.301128
0 -0.124919 -0.302696 -0.309705
0 -0.126628 -0.309798 -0.317003
0 -0.127264 -0.315608 -0.323084
0 -0.127312 -0.320626 -0.328424
0 -0.127094 -0.325181 -0.33331
0 -0.126691 -0.329347 -0.337779
0 -0.125933 -0.332937 -0.34161
0 -0.12444 -0.335531 -0.344358
0 -0.121989 -0.336824 -0.34571
0 -0.118727 -0.336839 -0.34569
0 -0.115006 -0.335786 -0.344518
0 -0.111167 -0.333852 -0.3424
0 -0.107369 -0.331057 -0.33938
0 -0.10362 -0.327281 -0.335366
0 -0.0999887 -0.322508 -0.330354
0 -0.0966043 -0.316864 -0.324443
0 -0.0935887 -0.310548 -0.317769
0 -0.0911763 -0.303935 -0.310627
0 -0.0897139 -0.297559 -0.303473
0 -0.0893728 -0.291792 -0.296639
0 -0.0898232 -0.286508 -0.289998
0 -0.0902754 -0.281089 -0.282986
0 -0.0899157 -0.274838 -0.275001
0 -0.0882775 -0.267322 -0.265738
0 -0.0853634 -0.258505 -0.255296
0 -0.0815716 -0.248702 -0.244121
0 -0.0774062 -0.238331 -0.232729
0 -0.073146 -0.227614 -0.221393
0 -0.068877 -0.216618 -0.210183
0 -0.0646221 -0.20538 -0.199085
0 -0.0601957 -0.193748 -0.187856
0 -0.0553685 -0.181539 -0.176199
0 -0.0502367 -0.168902 -0.164132
0 -0.0451373 -0.156219 -0.151923
0 -0.0403831 -0.143847 -0.139828
0 -0.0362502 -0.132092 -0.128092
0 -0.0330475 -0.12128 -0.117013
0 -0.031095 -0.111736 -0.106931
0 -0.0306944 -0.103753 -0.0981887
0 -0.0319707 -0.0974629 -0.0909958
0 -0.0347066 -0.0927 -0.0852805
0 -0.038585 -0.0892544 -0.0809249
0 -0.0434724 -0.0871407 -0.0780232
0 -0.0492857 -0.0864579 -0.0767333
0 -0.0557884 -0.0871707 -0.0770541
0 -0.0625479 -0.0890439 -0.0787608
0 -0.0690325 -0.0917243 -0.0814895
0 -0.0747838 -0.0949045 -0.0849016
0 -0.0795296 -0.0984299 -0.0887945
0 -0.0831779 -0.102289 -0.0931033
0 -0.0857993 -0.106571 -0.0978837
0 -0.0875508 -0.111366 -0.10323
0 -0.0885361 -0.116626 -0.109138
0 -0.0887905 -0.122176 -0.115488
0 -0.0882817 -0.127737 -0.122056
0 -0.0868811 -0.132918 -0.128473
0 -0.0844203 -0.137286 -0.134292
0 -0.0807913 -0.14047 -0.139088
0 -0.0760219 -0.142249 -0.142545
0 -0.0703317 -0.14261 -0.14453
0 -0.0641471 -0.141781 -0.145137
0 -0.0580414 -0.140168 -0.144661
0 -0.052582 -0.138214 -0.143461
0 -0.0481995 -0.13626 -0.141838
0 -0.0451991 -0.134544 -0.140038
0 -0.043788 -0.133229 -0.138266
0 -0.0440384 -0.132387 -0.136656
0 -0.0458712 -0.13203 -0.13528
0 -0.0490761 -0.132151 -0.134179
0 -0.0533347 -0.132712 -0.133367
0 -0.0582502 -0.133636 -0.132824
0 -0.0633666 -0.134779 -0.132467
0 -0.0681858 -0.135914 -0.132148
0 -0.0722642 -0.136806 -0.131724
0 -0.0753287 -0.137316 -0.131152
0 -0.0773143 -0.137459 -0.130527
0 -0.0783238 -0.13738 -0.130048
0 -0.0785255 -0.137266 -0.12992
0 -0.078096 -0.137288 -0.130297
0 -0.0772263 -0.137588 -0.131284
0 -0.0761228 -0.138286 -0.132943
0 -0.0750163 -0.139496 -0.135318
0 -0.0741418 -0.141332 -0.138444
0 -0.0736432 -0.143825 -0.142275
0 -0.0734928 -0.146847 -0.146606
0 -0.0735249 -0.150144 -0.151112
0 -0.0735131 -0.153415 -0.155428
0 -0.073211 -0.156339 -0.15918
0 -0.0724084 -0.15862 -0.162045
0 -0.0710092 -0.160065 -0.163821
0 -0.0690663 -0.160612 -0.164459
0 -0.066756 -0.16031 -0.164044
0 -0.0643174 -0.159275 -0.162736
0 -0.0620252 -0.157669 -0.160754
0 -0.0601728 -0.155693 -0.158354
0 -0.0590029 -0.153546 -0.155776
0 -0.0586535 -0.151386 -0.153197
0 -0.0591636 -0.149357 -0.150744
0 -0.0605003 -0.147598 -0.148522
0 -0.0625897 -0.146256 -0.146635
0 -0.065345 -0.145487 -0.145209
0 -0.0686478 -0.145424 -0.14436
0 -0.0722619 -0.146063 -0.144099
0 -0.0757754 -0.147183 -0.144251
0 -0.0787366 -0.148462 -0.14457
0 -0.0808339 -0.149661 -0.144906
0 -0.0818647 -0.150597 -0.145168
0 -0.0816118 -0.151016 -0.145186
0 -0.0798969 -0.15063 -0.144742
0 -0.0767675 -0.149299 -0.14374
0 -0.0724919 -0.147052 -0.142212
0 -0.0674104 -0.143971 -0.140201
0 -0.0618131 -0.140105 -0.137671
0 -0.0558547 -0.135403 -0.134452
0 -0.0496319 -0.129817 -0.130345
0 -0.043297 -0.123411 -0.125254
0 -0.0370212 -0.116319 -0.119156
0 -0.0309719 -0.108722 -0.112095
0 -0.0253658 -0.100889 -0.104241
0 -0.0204528 -0.0931418 -0.0958678
0 -0.0164661 -0.0857923 -0.087304
0 -0.0135851 -0.0790967 -0.0788795
0 -0.0119066 -0.0732195 -0.0708867
0 -0.0114632 -0.0682479 -0.0635871
0 -0.0122716 -0.0642471 -0.0572538
0 -0.014309 -0.0612622 -0.0521492
0 -0.0174171 -0.0592394 -0.0484151
0 -0.0212665 -0.0579911 -0.0460062
0 -0.0254518 -0.0572818 -0.0447569
0 -0.0296275 -0.056949 -0.0444993
0 -0.0335778 -0.056959 -0.045126
0 -0.0371809 -0.0573627 -0.0465603
0 -0.0403188 -0.0582026 -0.048683
0 -0.04285 -0.0594791 -0.05132
0 -0.0446462 -0.0611726 -0.054288
0 -0.0456092 -0.0632361 -0.057412
0 -0.0456773 -0.0655756 -0.0605265
0 -0.0448427 -0.0680467 -0.0634865
0 -0.0431473 -0.0704542 -0.0661628
0 -0.0406729 -0.0725729 -0.0684396
0 -0.0375514 -0.0742008 -0.070236
0 -0.0339821 -0.0752138 -0.0715312
0 -0.030217 -0.0755789 -0.0723576
0 -0.026483 -0.0752955 -0.0727329
0 -0.0229181 -0.0743382 -0.0726038
0 -0.0195936 -0.0726725 -0.071869
0 -0.0165589 -0.0702921 -0.0704279
0 -0.0138725 -0.0672463 -0.0682186
0 -0.0116292 -0.0636702 -0.0652563
0 -0.00995327 -0.059777 -0.0616371
0 -0.0089329 -0.0557795 -0.0574773
0 -0.00856534 -0.0518173 -0.0528597
0 -0.00875712 -0.0479428 -0.0478345
0 -0.00935754 -0.0441449 -0.0424495
0 -0.0102082 -0.0403887 -0.0367832
0 -0.0111751 -0.0366392 -0.0309574
0 -0.0121585 -0.0328678 -0.0251305
0 -0.0130873 -0.0290526 -0.0194715
0 -0.0138845 -0.0251541 -0.0141055
0 -0.0144391 -0.0210945 -0.00907157
0 -0.0146239 -0.0167789 -0.00433026
0 -0.0143439 -0.0121431 0.000192034
0 -0.0135684 -0.00718391 0.00456885
0 -0.0123239 -0.00194909 0.00887148
0 -0.0106713 0.00348782 0.013177
0 -0.00868534 0.00904917 0.0175693
0 -0.00645694 0.0146503 0.0221162
0 -0.00416017 0.0201295 0.0267816
0 -0.00207076 0.0252257 0.0313914
0 -0.000477847 0.0296641 0.035714
0 0.000364413 0.0332048 0.0395076
0 0.000237433 0.0356425 0.0425234
0 -0.00103478 0.0367995 0.0445049
0 -0.00357329 0.0365173 0.0451881
0 -0.00740126 0.0346882 0.0443474
0 -0.012377 0.031327 0.0418804
0 -0.0181963 0.0265797 0.0378309
0 -0.0244938 0.0206429 0.0323189
0 -0.030919 0.0137099 0.0254904
0 -0.0371756 0.0059528 0.017497
0 -0.0430622 -0.00249074 0.00847318
0 -0.0484667 -0.0115013 -0.00145508
0 -0.0533423 -0.0209636 -0.0121569
0 -0.0576818 -0.0307585 -0.0234834
0 -0.0614787 -0.0407469 -0.0352456
0 -0.0647016 -0.0507652 -0.047209
0 -0.0673096 -0.0606538 -0.0591241
0 -0.0692962 -0.0703084 -0.0707779
0 -0.0706792 -0.0796752 -0.0819945
0 -0.0714464 -0.088691 -0.0925917
0 -0.0715515 -0.0972675 -0.102384
0 -0.0709576 -0.105316 -0.111222
0 -0.0696687 -0.112759 -0.119017
0 -0.0677192 -0.119517 -0.125726
0 -0.0651613 -0.125497 -0.131336
0 -0.0620724 -0.130606 -0.135864
0 -0.0585539 -0.134759 -0.139353
0 -0.0547555 -0.137918 -0.141885
0 -0.0509115 -0.140142 -0.143625
0 -0.047318 -0.141582 -0.144796
0 -0.0442714 -0.142425 -0.145618
0 -0.0420348 -0.142859 -0.146277
0 -0.0408632 -0.143106 -0.146956
0 -0.041 -0.143426 -0.147854
0 -0.0425573 -0.144032 -0.149089
0 -0.0454103 -0.145011 -0.150619
0 -0.0492411 -0.146332 -0.152277
0 -0.0536473 -0.147921 -0.153861
0 -0.0582472 -0.149718 -0.155231
0 -0.0627529 -0.151703 -0.156357
0 -0.0669889 -0.153888 -0.157312
0 -0.0708839 -0.156311 -0.158261
0 -0.0744403 -0.159023 -0.159417
0 -0.0777019 -0.162075 -0.161002
0 -0.0807499 -0.16552 -0.163241
0 -0.083703 -0.169423 -0.166353
0 -0.0866994 -0.173855 -0.170526
0 -0.089826 -0.178839 -0.175841
0 -0.0930079 -0.184245 -0.182164
0 -0.0960499 -0.189832 -0.189189
0 -0.0987787 -0.195394 -0.196592
0 -0.101052 -0.200761 -0.20405
0 -0.102725 -0.205772 -0.211224
0 -0.103662 -0.210293 -0.217785
0 -0.10376 -0.214224 -0.223447
0 -0.102979 -0.217505 -0.228003
0 -0.101355 -0.220099 -0.231329
0 -0.0989883 -0.221993 -0.233386
0 -0.0960414 -0.2232 -0.234223
0 -0.0927351 -0.223772 -0.233976
0 -0.0893099 -0.223767 -0.23283
0 -0.0859738 -0.223209 -0.230965
0 -0.0828789 -0.22208 -0.228524
0 -0.0801246 -0.220327 -0.225615
0 -0.0777599 -0.217882 -0.222296
0 -0.0757721 -0.214674 -0.21857
0 -0.0740775 -0.210657 -0.214376
0 -0.072539 -0.205816 -0.209607
0 -0.0709874 -0.200157 -0.204132
0 -0.0692448 -0.193701 -0.197812
0 -0.0671534 -0.186476 -0.190531
0 -0.0645821 -0.17851 -0.182207
0 -0.061426 -0.169813 -0.172793
0 -0.0576272 -0.160399 -0.162301
0 -0.0532179 -0.150325 -0.150841
0 -0.0483333 -0.139721 -0.138636
0 -0.0431521 -0.128739 -0.125962
0 -0.0378391 -0.117508 -0.113085
0 -0.0325327 -0.106132 -0.100239
0 -0.0273445 -0.0946943 -0.0876151
0 -0.0223673 -0.0832771 -0.0753586
0 -0.0176989 -0.0719811 -0.0635922
0 -0.0134599 -0.0609458 -0.0524329
0 -0.00978317 -0.050336 -0.0419858
0 -0.00679782 -0.0403223 -0.0323355
0 -0.00462849 -0.0310756 -0.0235534
0 -0.00340271 -0.0227702 -0.015715
0 -0.00326088 -0.0155897 -0.00891839
0 -0.00433222 -0.00971759 -0.00328373
0 -0.00665744 -0.00528394 0.00109555
0 -0.0101525 -0.00233204 0.00418528
0 -0.0146573 -0.000858486 0.00597355
0 -0.0200025 -0.000871284 0.00641792
0 -0.0260392 -0.00240196 0.00543855
0 -0.0326129 -0.00546011 0.00296511
0 -0.0395029 -0.00996485 -0.000989376
0 -0.046429 -0.015755 -0.00632464
0 -0.0531445 -0.0226745 -0.0129341
0 -0.0594696 -0.0305779 -0.0207254
0 -0.0652675 -0.0392862 -0.0295873
0 -0.0704587 -0.0486044 -0.0394002
0 -0.0750378 -0.058362 -0.0500569
0 -0.0790495 -0.068418 -0.0614481
0 -0.0825428 -0.0786432 -0.0734274
0 -0.0855481 -0.0889163 -0.0858017
0 -0.088075 -0.0991319 -0.0983447
0 -0.0901264 -0.109218 -0.110826
0 -0.0917251 -0.119156 -0.123049
0 -0.0929117 -0.128972 -0.134857
0 -0.0937172 -0.138683 -0.146126
0 -0.0941482 -0.148281 -0.156751
0 -0.0941743 -0.157705 -0.166645
0 -0.0937221 -0.166827 -0.175718
0 -0.0927047 -0.175476 -0.183889
0 -0.0910617 -0.183467 -0.19111
0 -0.0887682 -0.190621 -0.197361
0 -0.0858326 -0.196752 -0.202616
0 -0.0822863 -0.20168 -0.206824
0 -0.0781673 -0.205266 -0.209913
0 -0.0735249 -0.207404 -0.211802
0 -0.0684427 -0.208032 -0.212439
0 -0.0630587 -0.20714 -0.211813
0 -0.0575331 -0.204758 -0.209924
0 -0.0519986 -0.200925 -0.206748
0 -0.0465754 -0.195708 -0.202261
0 -0.0413868 -0.189228 -0.196467
0 -0.0365361 -0.181674 -0.189408
0 -0.0320906 -0.173277 -0.181152
0 -0.0280873 -0.164278 -0.171801
0 -0.0245507 -0.154914 -0.161502
0 -0.0215041 -0.1454 -0.150452
0 -0.0189706 -0.13591 -0.138885
0 -0.016974 -0.12658 -0.12707
0 -0.0155529 -0.117517 -0.115307
0 -0.0147654 -0.108811 -0.103913
0 -0.0146692 -0.100524 -0.0931936
0 -0.0152891 -0.0926907 -0.0834001
0 -0.0166007 -0.0853258 -0.0747028
0 -0.0185489 -0.0784586 -0.0672
0 -0.021061 -0.0721451 -0.0609306
0 -0.0240475 -0.0664627 -0.0558788
0 -0.0274046 -0.061504 -0.0519842
0 -0.0310203 -0.0573687 -0.0491558
0 -0.0347796 -0.0541515 -0.0472889
0 -0.0385716 -0.0519333 -0.0462838
0 -0.0422947 -0.0507763 -0.046063
0 -0.0458579 -0.050717 -0.0465768
0 -0.0491739 -0.0517567 -0.0477947
0 -0.0521357 -0.0538461 -0.0496793
0 -0.0546164 -0.0568764 -0.0521778
0 -0.0565014 -0.0606788 -0.055234
0 -0.0577052 -0.0650241 -0.058791
0 -0.0581787 -0.0696459 -0.0627902
0 -0.0579188 -0.0742783 -0.0671706
0 -0.0569643 -0.0786807 -0.0718492
0 -0.0553831 -0.0826544 -0.0767048
0 -0.0532656 -0.0860573 -0.0815782
0 -0.050729 -0.0888168 -0.0862893
0 -0.0479189 -0.0909316 -0.0906614
0 -0.0449921 -0.0924492 -0.0945293
0 -0.0421044 -0.0934489 -0.0977446
0 -0.0394259 -0.0940474 -0.100208
0 -0.0371478 -0.0943942 -0.101895
0 -0.0354517 -0.0946347 -0.102845
0 -0.034469 -0.0948648 -0.103121
0 -0.0342602 -0.0951115 -0.102788
0 -0.034817 -0.0953461 -0.101916
0 -0.0360615 -0.0955085 -0.100581
0 -0.0378509 -0.0955243 -0.0988656
0 -0.0399945 -0.0953176 -0.0968497
0 -0.0422782 -0.0948217 -0.0946088
0 -0.044495 -0.0939962 -0.0922166
0 -0.0464721 -0.0928399 -0.0897544
0 -0.0480841 -0.0913876 -0.0873119
0 -0.0492567 -0.0897043 -0.0849825
0 -0.0499552 -0.0878713 -0.0828462
0 -0.0501615 -0.0859634 -0.0809463
0 -0.0498689 -0.0840426 -0.0792892
0 -0.0490987 -0.0821701 -0.0778635
0 -0.0479042 -0.0804085 -0.0766523
0 -0.0463593 -0.0788085 -0.0756288
0 -0.0445471 -0.0773947 -0.0747541
0 -0.0425603 -0.0761678 -0.0739873
0 -0.040501 -0.0751139 -0.073296
0 -0.0384756 -0.0742088 -0.0726578
0 -0.0365885 -0.0734241 -0.0720592
0 -0.0349326 -0.072731 -0.071493
0 -0.0335823 -0.0721047 -0.0709552
0 -0.0325911 -0.0715277 -0.070442
0 -0.0319847 -0.0709858 -0.0699434
0 -0.0317511 -0.0704583 -0.0694332
0 -0.0318356 -0.0699124 -0.0688646
0 -0.0321483 -0.0693079 -0.068177
0 -0.0325826 -0.0686072 -0.0673114
0 -0.0330379 -0.0677884 -0.0662291
0 -0.0334336 -0.0668492 -0.0649198
0 -0.0337152 -0.0658036 -0.0634037
0 -0.0338545 -0.0646764 -0.0617285
0 -0.0338459 -0.063497 -0.0599607
0 -0.0337027 -0.0622986 -0.058179
0 -0.0334549 -0.0611182 -0.0564678
0 -0.0331415 -0.0599947 -0.054908
0 -0.0327965 -0.0589578 -0.0535618
0 -0.0324267 -0.0580103 -0.0524497
0 -0.0320039 -0.0571203 -0.0515419
0 -0.0314879 -0.0562436 -0.0507803
0 -0.0308551 -0.0553502 -0.050108
0 -0.0301103 -0.054435 -0.0494834
0 -0.0292892 -0.0535197 -0.0488864
0 -0.0284582 -0.0526527 -0.0483245
0 -0.0277062 -0.0519038 -0.0478307
0 -0.0271369 -0.0513584 -0.047463
0 -0.0268619 -0.0511151 -0.0473032
0 -0.026973 -0.0512612 -0.047434
0 -0.0275112 -0.0518454 -0.0479117
0 -0.0284623 -0.0528757 -0.0487625
0 -0.0297681 -0.0543278 -0.0499892
0 -0.0313415 -0.0561573 -0.0515807
0 -0.0330794 -0.058306 -0.0535157
0 -0.0348798 -0.0607139 -0.0557716
0 -0.0366649 -0.0633366 -0.0583385
0 -0.0383915 -0.0661527 -0.0612235
0 -0.0400538 -0.0691654 -0.0644489
0 -0.0416818 -0.0724016 -0.0680493
0 -0.0433306 -0.0759059 -0.0720653
0 -0.0450628 -0.079729 -0.0765313
0 -0.0469303 -0.083911 -0.0814597
0 -0.0489632 -0.0884716 -0.0868377
0 -0.0511638 -0.0934021 -0.0926264
0 -0.053482 -0.0986398 -0.0987346
0 -0.0557995 -0.104052 -0.104998
0 -0.0579693 -0.109475 -0.11122
0 -0.0598624 -0.114755 -0.11722
0 -0.0613805 -0.119765 -0.122849
0 -0.0624651 -0.12441 -0.128001
0 -0.0631058 -0.128641 -0.132621
0 -0.0633361 -0.132446 -0.136702
0 -0.0632268 -0.135851 -0.140279
0 -0.0628689 -0.138893 -0.143411
0 -0.0623543 -0.141609 -0.146156
0 -0.061762 -0.144025 -0.148563
0 -0.061148 -0.146142 -0.150662
0 -0.060543 -0.147944 -0.152456
0 -0.0599629 -0.149408 -0.153939
0 -0.0594223 -0.150513 -0.155102
0 -0.05893 -0.151244 -0.155928
0 -0.0584737 -0.151569 -0.156381
0 -0.0580231 -0.151444 -0.156404
0 -0.0575507 -0.150834 -0.155945
0 -0.0570482 -0.149738 -0.154973
0 -0.0565321 -0.1482 -0.153495
0 -0.0560471 -0.14631 -0.151563
0 -0.0556502 -0.144191 -0.149258
0 -0.055382 -0.141959 -0.146671
0 -0.0552588 -0.139711 -0.143888
0 -0.0552848 -0.137534 -0.141006
0 -0.0554549 -0.135503 -0.13813
0 -0.0557417 -0.133665 -0.135354
0 -0.0560817 -0.13202 -0.132743
0 -0.05637 -0.13052 -0.13031
0 -0.0564851 -0.129083 -0.128037
0 -0.0563358 -0.127643 -0.125909
0 -0.055879 -0.12616 -0.123937
0 -0.0551085 -0.124616 -0.122131
0 -0.0540437 -0.123005 -0.120495
0 -0.052715 -0.121326 -0.119008
0 -0.0511488 -0.119564 -0.117619
0 -0.0493628 -0.11769 -0.116242
0 -0.0473739 -0.115672 -0.11478
0 -0.0452126 -0.11348 -0.113144
0 -0.0429387 -0.111112 -0.111275
0 -0.0406476 -0.108601 -0.109156
0 -0.0384545 -0.106008 -0.106807
0 -0.0364678 -0.103402 -0.104263
0 -0.0347796 -0.10085 -0.101576
0 -0.0334598 -0.0984162 -0.0988074
0 -0.0325448 -0.096146 -0.0960187
0 -0.0320332 -0.0940625 -0.0932611
0 -0.0318918 -0.0921695 -0.0905769
0 -0.0320657 -0.090458 -0.0880083
0 -0.0324885 -0.0889148 -0.0856038
0 -0.0330865 -0.0875246 -0.0834118
0 -0.0337728 -0.0862614 -0.0814625
0 -0.034444 -0.0850824 -0.0797568
0 -0.0349932 -0.0839362 -0.0782703
0 -0.0353301 -0.0827806 -0.0769689
0 -0.035395 -0.0815937 -0.0758196
0 -0.0351656 -0.0803786 -0.0747973
0 -0.0346584 -0.0791645 -0.0738896
0 -0.0339284 -0.0780062 -0.0731022
0 -0.0330589 -0.0769752 -0.072455
0 -0.0321408 -0.076139 -0.0719693
0 -0.0312513 -0.0755396 -0.0716521
0 -0.030435 -0.0751745 -0.0714823
0 -0.0297048 -0.075002 -0.0714156
0 -0.0290645 -0.074967 -0.0714086
0 -0.0285244 -0.0750205 -0.071434
0 -0.0281042 -0.0751284 -0.0714839
0 -0.0278304 -0.0752727 -0.0715656
0 -0.0277322 -0.0754511 -0.0716977
0 -0.0278391 -0.0756793 -0.0719079
0 -0.0281762 -0.0759883 -0.0722298
0 -0.0287546 -0.0764154 -0.0726942
0 -0.0295665 -0.0769973 -0.0733244
0 -0.0305882 -0.0777688 -0.0741383
0 -0.0317858 -0.0787621 -0.0751527
0 -0.0331225 -0.0800084 -0.0763888
0 -0.0345603 -0.0815324 -0.0778701
0 -0.0360589 -0.0833473 -0.0796187
0 -0.0375829 -0.0854571 -0.0816582
0 -0.0391109 -0.0878624 -0.0840174
0 -0.0406362 -0.0905627 -0.0867293
0 -0.0421634 -0.0935543 -0.0898234
0 -0.0437023 -0.0968259 -0.0933176
0 -0.0452637 -0.10036 -0.0972136
0 -0.0468577 -0.104134 -0.101497
0 -0.0484894 -0.108125 -0.106134
0 -0.0501575 -0.112305 -0.111076
0 -0.0518459 -0.116633 -0.116253
0 -0.053513 -0.121044 -0.121568
0 -0.0550994 -0.125454 -0.1269
0 -0.0565505 -0.129787 -0.132126
0 -0.0578293 -0.133983 -0.137142
0 -0.0589143 -0.137998 -0.141861
0 -0.0598053 -0.141803 -0.146228
0 -0.060531 -0.145398 -0.150227
0 -0.0611432 -0.148803 -0.153877
0 -0.0617024 -0.152047 -0.15722
0 -0.0622682 -0.155159 -0.160311
0 -0.0628986 -0.158167 -0.163214
0 -0.0636466 -0.161103 -0.165998
0 -0.064546 -0.163983 -0.168721
0 -0.0655962 -0.166797 -0.171409
0 -0.0667614 -0.16951 -0.174053
0 -0.0679898 -0.172074 -0.176624
0 -0.069231 -0.174452 -0.179091
0 -0.0704403 -0.176615 -0.181421
0 -0.0715776 -0.178543 -0.183579
0 -0.0726007 -0.180214 -0.18552
0 -0.0734627 -0.181604 -0.187193
0 -0.0741126 -0.18268 -0.188538
0 -0.0744994 -0.183407 -0.189493
0 -0.0745747 -0.183749 -0.189998
0 -0.0742943 -0.18366 -0.189996
0 -0.0736194 -0.183085 -0.189426
0 -0.0725233 -0.181962 -0.188229
0 -0.0709992 -0.180229 -0.186358
0 -0.0690633 -0.177838 -0.183776
0 -0.0667533 -0.174755 -0.180464
0 -0.0641219 -0.170966 -0.176413
0 -0.0612287 -0.166474 -0.171624
0 -0.0581398 -0.16131 -0.166115
0 -0.0549324 -0.155538 -0.15993
0 -0.0516901 -0.149252 -0.153138
0 -0.0484896 -0.14256 -0.145823
0 -0.0453986 -0.135574 -0.138084
0 -0.0424842 -0.128413 -0.130044
0 -0.0398085 -0.121197 -0.121833
0 -0.0374171 -0.114032 -0.113578
0 -0.0353419 -0.107005 -0.105405
0 -0.0336089 -0.100187 -0.0974384
0 -0.0322372 -0.093633 -0.0898012
0 -0.0312344 -0.0873821 -0.0825956
0 -0.0305975 -0.081461 -0.0759008
0 -0.0303175 -0.0758923 -0.0697745
0 -0.0303881 -0.070707 -0.0642604
0 -0.030806 -0.06595 -0.0593936
0 -0.0315647 -0.0616779 -0.0551991
0 -0.0326439 -0.057948 -0.0516857
0 -0.0340015 -0.0548072 -0.0488404
0 -0.0355695 -0.0522832 -0.0466286
0 -0.0372595 -0.0503843 -0.0450006
0 -0.0389742 -0.0491039 -0.0439038
0 -0.0406137 -0.0484225 -0.043289
0 -0.0420775 -0.0483045 -0.0431105
0 -0.0432736 -0.0487042 -0.043331
0 -0.0441329 -0.0495757 -0.0439317
0 -0.0446223 -0.0508719 -0.0449153
0 -0.0447564 -0.0525382 -0.0463028
0 -0.0445936 -0.0545155 -0.0481264
0 -0.0442264 -0.0567477 -0.0504178
0 -0.0437696 -0.0591879 -0.0531977
0 -0.0433416 -0.0617988 -0.0564622
0 -0.0430489 -0.0645535 -0.0601751
0 -0.0429773 -0.0674388 -0.0642697
0 -0.0431852 -0.0704511 -0.0686525
0 -0.0437028 -0.0735915 -0.0732174
0 -0.0445361 -0.0768606 -0.0778544
0 -0.0456642 -0.0802534 -0.0824486
0 -0.0470366 -0.0837485 -0.0868831
0 -0.0485768 -0.0873022 -0.0910506
0 -0.0501961 -0.0908557 -0.0948681
0 -0.0518101 -0.0943452 -0.0982881
0 -0.0533446 -0.0977035 -0.101297
0 -0.0547336 -0.100858 -0.103905
0 -0.0559203 -0.103733 -0.106136
0 -0.0568576 -0.106257 -0.108022
0 -0.0575068 -0.108359 -0.10959
0 -0.0578363 -0.109979 -0.110854
0 -0.0578199 -0.111063 -0.111806
0 -0.0574365 -0.111564 -0.112416
0 -0.0566729 -0.111443 -0.112629
0 -0.05553 -0.110672 -0.112374
0 -0.0540306 -0.109243 -0.111578
0 -0.0522235 -0.107174 -0.110174
0 -0.0501847 -0.104516 -0.10812
0 -0.0480142 -0.101351 -0.105406
0 -0.0458252 -0.0977854 -0.102058
0 -0.0437286 -0.0939375 -0.0981356
0 -0.041819 -0.0899189 -0.0937182
0 -0.0401614 -0.0858211 -0.0888996
0 -0.0387855 -0.0817089 -0.0837793
0 -0.0376915 -0.0776231 -0.0784603
0 -0.0368591 -0.0735884 -0.0730471
0 -0.0362593 -0.0696263 -0.0676478
0 -0.0358597 -0.0657561 -0.0623749
0 -0.0356262 -0.0619927 -0.0573393
0 -0.0355259 -0.058351 -0.0526415
0 -0.035529 -0.0548513 -0.0483633
0 -0.0356149 -0.0515255 -0.0445684
0 -0.0357769 -0.0484236 -0.0413058
0 -0.0360141 -0.0456061 -0.0386042
0 -0.0363196 -0.0431314 -0.0364641
0 -0.0366763 -0.0410492 -0.034859
0 -0.0370644 -0.0394048 -0.0337498
0 -0.0374681 -0.0382422 -0.0330982
0 -0.0378773 -0.0376018 -0.0328741
0 -0.0382832 -0.0375137 -0.0330567
0 -0.0386695 -0.0379851 -0.0336271
0 -0.0390126 -0.0389887 -0.0345639
0 -0.0392947 -0.0404629 -0.0358495
0 -0.039515 -0.042326 -0.0374756
0 -0.0396933 -0.0444918 -0.0394457
0 -0.0398682 -0.0468808 -0.0417686
0 -0.0400822 -0.0494197 -0.044443
0 -0.0403662 -0.052038 -0.0474406
0 -0.0407361 -0.0546731 -0.0507041
0 -0.0411978 -0.0572781 -0.0541553
0 -0.0417503 -0.0598255 -0.0577027
0 -0.0423851 -0.0623003 -0.0612513
0 -0.0430906 -0.0646957 -0.0647101
0 -0.043863 -0.0670223 -0.0680037
0 -0.044722 -0.069319 -0.071091
0 -0.0457146 -0.0716527 -0.0739798
0 -0.0469048 -0.0741065 -0.0767227
0 -0.0483482 -0.0767551 -0.0793957
0 -0.0500698 -0.0796436 -0.0820754
0 -0.0520625 -0.0827856 -0.0848323
0 -0.0542881 -0.0861644 -0.0877245
0 -0.0566723 -0.0897274 -0.0907826
0 -0.0591017 -0.0933819 -0.0939953
0 -0.0614296 -0.0969992 -0.0973037
0 -0.0635007 -0.100439 -0.100617
0 -0.0651837 -0.103579 -0.103841
0 -0.0663906 -0.106338 -0.106897
0 -0.0670821 -0.108677 -0.109723
0 -0.0672617 -0.110599 -0.112278
0 -0.0669698 -0.112134 -0.114535
0 -0.0662784 -0.113335 -0.116475
0 -0.0652761 -0.114256 -0.118084
0 -0.0640491 -0.114935 -0.119342
0 -0.0626692 -0.115384 -0.120217
0 -0.0611927 -0.115595 -0.120673
0 -0.0596669 -0.115539 -0.120678
0 -0.0581349 -0.115183 -0.120214
0 -0.0566372 -0.114488 -0.119271
0 -0.0552123 -0.11342 -0.117857
0 -0.0538952 -0.111945 -0.115984
0 -0.0527136 -0.110047 -0.113677
0 -0.051681 -0.10773 -0.110962
0 -0.0507913 -0.105017 -0.107867
0 -0.0500205 -0.101948 -0.104415
0 -0.0493335 -0.0985779 -0.100634
0 -0.048688 -0.0949669 -0.0965515
0 -0.0480334 -0.0911697 -0.0921974
0 -0.0473127 -0.0872251 -0.0875983
0 -0.0464694 -0.0831555 -0.0827802
0 -0.0454561 -0.0789754 -0.0777722
0 -0.0442469 -0.0746991 -0.0726193
0 -0.0428446 -0.0703479 -0.0673908
0 -0.0412792 -0.0659531 -0.0621739
0 -0.0395979 -0.0615521 -0.0570583
0 -0.0378514 -0.0571825 -0.0521226
0 -0.0360892 -0.0528806 -0.0474281
0 -0.0343583 -0.0486848 -0.0430192
0 -0.0327013 -0.0446359 -0.0389231
0 -0.03115 -0.0407698 -0.0351456
0 -0.0297204 -0.0371124 -0.0316696
0 -0.0284165 -0.0336812 -0.0284632
0 -0.0272379 -0.0304898 -0.0254903
0 -0.0261888 -0.0275554 -0.0227239
0 -0.0252808 -0.0248997 -0.0201522
0 -0.024532 -0.0225468 -0.0177793
0 -0.0239626 -0.0205186 -0.0156222
0 -0.0235902 -0.0188306 -0.0137062
0 -0.0234262 -0.0174896 -0.0120605
0 -0.0234718 -0.0164908 -0.0107121
0 -0.023717 -0.0158219 -0.00968513
0 -0.0241436 -0.0154682 -0.00900208
0 -0.0247273 -0.0154174 -0.00868328
0 -0.0254422 -0.015663 -0.00874721
0 -0.0262615 -0.0162053 -0.00920861
0 -0.0271571 -0.0170498 -0.010076
0 -0.0281002 -0.0182037 -0.0113504
0 -0.0290642 -0.0196714 -0.0130245
0 -0.0300274 -0.0214498 -0.0150832
0 -0.0309742 -0.0235272 -0.0175038
0 -0.031901 -0.0258876 -0.0202625
0 -0.0328214 -0.0285182 -0.0233408
0 -0.0337633 -0.0314091 -0.0267257
0 -0.0347617 -0.0345506 -0.0304047
0 -0.0358459 -0.0379261 -0.0343562
0 -0.0370249 -0.0415007 -0.0385376
0 -0.0382867 -0.0452227 -0.0428853
0 -0.0396097 -0.0490359 -0.04733
0 -0.0409707 -0.0528878 -0.051808
0 -0.0423475 -0.0567333 -0.0562626
0 -0.0437231 -0.0605393 -0.0606449
0 -0.0450857 -0.0642826 -0.064914
0 -0.0464221 -0.0679419 -0.0690333
0 -0.0477171 -0.0714948 -0.0729704
0 -0.0489581 -0.0749221 -0.0767016
0 -0.0501383 -0.07821 -0.0802152
0 -0.0512558 -0.081349 -0.0835095
0 -0.0523123 -0.0843327 -0.0865916
0 -0.0533132 -0.0871582 -0.0894753
0 -0.0542633 -0.0898231 -0.0921764
0 -0.0551598 -0.0923185 -0.0947036
0 -0.0559897 -0.0946272 -0.0970544
0 -0.056735 -0.0967288 -0.0992192
0 -0.0573791 -0.098606 -0.101186
0 -0.0579075 -0.100245 -0.102942
0 -0.0583095 -0.101635 -0.104473
0 -0.0585784 -0.102772 -0.105766
0 -0.058708 -0.103651 -0.106804
0 -0.058695 -0.104268 -0.107571
0 -0.0585448 -0.104625 -0.108058
0 -0.0582766 -0.104733 -0.108265
0 -0.0579229 -0.104612 -0.108205
0 -0.0575201 -0.104285 -0.107898
0 -0.0570977 -0.103765 -0.107355
0 -0.056675 -0.103061 -0.106586
0 -0.0562633 -0.102183 -0.105601
0 -0.055866 -0.101139 -0.104406
0 -0.0554828 -0.0999445 -0.103017
0 -0.0551101 -0.0986178 -0.10145
0 -0.0547401 -0.097178 -0.0997256
0 -0.0543596 -0.0956421 -0.0978631
0 -0.053951 -0.0940233 -0.0958818
0 -0.0534978 -0.0923337 -0.0938034
0 -0.0529913 -0.0905904 -0.0916568
0 -0.0524307 -0.0888134 -0.0894765
0 -0.0518156 -0.0870187 -0.0872934
0 -0.0511429 -0.085215 -0.08513
0 -0.0504084 -0.0834057 -0.0830001
0 -0.0496089 -0.0815914 -0.0809104
0 -0.0487415 -0.0797692 -0.0788597
0 -0.0478032 -0.0779314 -0.0768387
0 -0.0467912 -0.0760666 -0.0748319
0 -0.0457039 -0.074162 -0.0728206
0 -0.0445397 -0.072203 -0.0707825
0 -0.0432974 -0.0701738 -0.0686924
0 -0.0419809 -0.0680609 -0.0665264
0 -0.0406061 -0.0658612 -0.0642704
0 -0.0392064 -0.0635889 -0.0619279
0 -0.0378271 -0.0612723 -0.0595172
0 -0.0365187 -0.0589484 -0.0570679
0 -0.0353351 -0.0566633 -0.0546206
0 -0.0343275 -0.0544668 -0.0522231
0 -0.0335352 -0.0524033 -0.0499214
0 -0.0329776 -0.0505039 -0.0477523
0 -0.0326488 -0.0487804 -0.0457364
0 -0.0325144 -0.0472208 -0.0438731
0 -0.0325149 -0.0457914 -0.0421417
0 -0.0325824 -0.0444512 -0.0405148
0 -0.0326587 -0.0431693 -0.038974
0 -0.0327077 -0.0419343 -0.0375183
0 -0.0327218 -0.0407602 -0.0361689
0 -0.0327206 -0.0396855 -0.0349676
0 -0.0327422 -0.0387656 -0.033969
0 -0.0328289 -0.03806 -0.0332285
0 -0.0330131 -0.0376195 -0.0327897
0 -0.0333064 -0.0374761 -0.0326756
0 -0.0336962 -0.037639 -0.0328859
0 -0.0341517 -0.0380986 -0.0334025
0 -0.0346371 -0.0388356 -0.034201
0 -0.0351216 -0.0398233 -0.0352571
0 -0.0355813 -0.0410279 -0.0365462
0 -0.036002 -0.0424115 -0.038045
0 -0.0363801 -0.0439352 -0.0397312
0 -0.0367177 -0.0455579 -0.0415791
0 -0.0370267 -0.0472437 -0.0435628
0 -0.0373326 -0.0489712 -0.0456631
0 -0.0376662 -0.0507283 -0.0478601
0 -0.0380513 -0.0525034 -0.0501251
0 -0.0385004 -0.0542822 -0.0524194
0 -0.039016 -0.0560484 -0.054701
0 -0.0395909 -0.0577839 -0.0569278
0 -0.0402071 -0.059467 -0.0590551
0 -0.0408422 -0.0610765 -0.0610383
0 -0.0414791 -0.0625974 -0.0628434
0 -0.0421094 -0.0640231 -0.0644535
0 -0.0427325 -0.065353 -0.0658679
0 -0.0433493 -0.0665873 -0.0670964
0 -0.0439576 -0.0677228 -0.0681536
0 -0.0445494 -0.0687515 -0.0690551
0 -0.0451078 -0.0696575 -0.0698117
0 -0.0456115 -0.0704216 -0.0704306
0 -0.0460408 -0.071028 -0.0709178
0 -0.0463825 -0.0714688 -0.0712815
0 -0.0466299 -0.0717445 -0.0715304
0 -0.0467812 -0.0718618 -0.0716714
0 -0.0468434 -0.0718379 -0.0717147
0 -0.0468301 -0.0716977 -0.0716716
0 -0.0467531 -0.0714647 -0.0715481
0 -0.046622 -0.0711589 -0.0713449
0 -0.0464482 -0.0708001 -0.0710639
0 -0.0462515 -0.0704138 -0.0707165
0 -0.0460618 -0.0700331 -0.0703273
0 -0.045911 -0.0696912 -0.069927
0 -0.0458217 -0.0694122 -0.0695436
0 -0.0458033 -0.069207 -0.0691971
0 -0.0458481 -0.069071 -0.0688965
0 -0.0459282 -0.0689807 -0.068633
0 -0.0460064 -0.0689032 -0.0683894
0 -0.0460495 -0.0688091 -0.0681498
0 -0.0460302 -0.0686732 -0.0678997
0 -0.0459308 -0.0684772 -0.067628
0 -0.0457483 -0.0682144 -0.0673317
0 -0.0454934 -0.0678893 -0.0670152
0 -0.0451876 -0.0675157 -0.0666881
0 -0.0448574 -0.0671118 -0.0663612
0 -0.0445299 -0.0666977 -0.0660436
0 -0.044235 -0.0662987 -0.0657474
0 -0.0440048 -0.0659455 -0.0654888
0 -0.0438658 -0.0656672 -0.0652831
0 -0.043834 -0.0654861 -0.0651408
0 -0.0439122 -0.0654149 -0.0650671
0 -0.0440893 -0.0654544 -0.0650601
0 -0.0443422 -0.0655946 -0.0651127
0 -0.0446387 -0.0658155 -0.0652132
0 -0.0449407 -0.0660896 -0.0653465
0 -0.0452135 -0.0663891 -0.0654995
0 -0.0454334 -0.0666929 -0.0656671
0 -0.045593 -0.0669914 -0.0658555
0 -0.0456997 -0.0672854 -0.0660799
0 -0.0457654 -0.0675778 -0.0663545
0 -0.0457959 -0.0678635 -0.0666812
0 -0.0457869 -0.0681269 -0.067046
0 -0.0457275 -0.0683456 -0.0674226
0 -0.0456052 -0.0684952 -0.0677769
0 -0.0454113 -0.0685548 -0.0680733
0 -0.0451437 -0.0685097 -0.0682775
0 -0.0448043 -0.0683489 -0.0683558
0 -0.0444015 -0.0680671 -0.0682804
0 -0.043956 -0.0676707 -0.0680381
0 -0.0434996 -0.0671776 -0.0676321
0 -0.0430669 -0.0666107 -0.067077
0 -0.0426881 -0.0659919 -0.0663927
0 -0.0423832 -0.0653383 -0.0656004
0 -0.0421624 -0.0646629 -0.0647226
0 -0.0420259 -0.063975 -0.0637816
0 -0.0419679 -0.0632843 -0.0628024
0 -0.0419855 -0.0626091 -0.0618178
0 -0.0420764 -0.0619729 -0.0608641
0 -0.0422347 -0.0613992 -0.0599753
0 -0.0424479 -0.0609073 -0.0591814
0 -0.0426982 -0.0605114 -0.0585091
0 -0.0429635 -0.06022 -0.0579794
0 -0.0432164 -0.0600323 -0.0576029
0 -0.0434313 -0.0599444 -0.0573846
0 -0.0435883 -0.0599513 -0.0573249
0 -0.0436713 -0.0600444 -0.0574174
0 -0.0436698 -0.0602116 -0.0576485
0 -0.0435761 -0.0604341 -0.0579957
0 -0.0433838 -0.0606853 -0.0584254
0 -0.0430889 -0.0609327 -0.0588961
0 -0.0426935 -0.0611431 -0.059364
0 -0.0422079 -0.0612868 -0.0597881
0 -0.0416537 -0.0613429 -0.0601366
0 -0.0410646 -0.0613027 -0.0603895
0 -0.040481 -0.0611665 -0.0605341
0 -0.0399435 -0.0609416 -0.0605617
0 -0.0394902 -0.0606417 -0.0604672
0 -0.0391522 -0.0602845 -0.0602501
0 -0.0389479 -0.0598865 -0.0599113
0 -0.0388782 -0.0594577 -0.0594501
0 -0.0389275 -0.0590018 -0.0588658
0 -0.0390667 -0.058516 -0.0581586
0 -0.039256 -0.0579915 -0.0573295
0 -0.0394489 -0.0574154 -0.0563801
0 -0.0395972 -0.0567734 -0.0553139
0 -0.0396572 -0.0560519 -0.0541401
0 -0.0395973 -0.0552416 -0.0528789
0 -0.0394006 -0.0543378 -0.0515591
0 -0.0390607 -0.0533395 -0.0502097
0 -0.0385843 -0.052252 -0.048859
0 -0.0379951 -0.0510939 -0.047538
0 -0.0373294 -0.0498945 -0.0462771
0 -0.0366295 -0.0486896 -0.0451013
0 -0.0359412 -0.0475204 -0.044031
0 -0.0353116 -0.0464324 -0.0430841
0 -0.0347863 -0.0454735 -0.0422774
0 -0.0344056 -0.0446902 -0.0416272
0 -0.0341972 -0.0441201 -0.0411456
0 -0.0341713 -0.0437855 -0.0408375
0 -0.0343185 -0.0436913 -0.0407001
0 -0.0346117 -0.0438251 -0.0407241
0 -0.0350171 -0.0441668 -0.0409027
0 -0.035508 -0.0447012 -0.0412424
0 -0.0360702 -0.0454224 -0.0417651
0 -0.0366978 -0.0463298 -0.0425006
0 -0.0373845 -0.04742 -0.0434748
0 -0.0381176 -0.0486818 -0.0447014
0 -0.0388801 -0.0500984 -0.0461809
0 -0.0396508 -0.051648 -0.0478989
0 -0.0404058 -0.0533039 -0.0498267
0 -0.0411242 -0.0550396 -0.0519263
0 -0.0417906 -0.0568297 -0.0541532
0 -0.0423961 -0.058651 -0.0564599
0 -0.0429392 -0.060483 -0.0587998
0 -0.0434227 -0.0623055 -0.0611304
0 -0.0438509 -0.0640973 -0.063413
0 -0.044227 -0.0658344 -0.0656078
0 -0.0445539 -0.0674917 -0.0676739
0 -0.0448352 -0.0690444 -0.0695736
0 -0.0450776 -0.0704706 -0.0712775
0 -0.0452923 -0.071755 -0.072768
0 -0.0454925 -0.072886 -0.0740363
0 -0.0456917 -0.0738568 -0.0750824
0 -0.0459043 -0.0746656 -0.0759146
0 -0.0461424 -0.0753151 -0.0765469
0 -0.0464169 -0.0758129 -0.0769985
0 -0.0467349 -0.0761706 -0.0772913
0 -0.0470984 -0.0764035 -0.077448
0 -0.0475051 -0.0765325 -0.0774927
0 -0.0479457 -0.0765805 -0.0774476
0 -0.0484044 -0.0765694 -0.0773321
0 -0.0488613 -0.0765205 -0.077164
0 -0.0492993 -0.0764574 -0.0769652
0 -0.0497063 -0.0764053 -0.076762
0 -0.0500712 -0.0763844 -0.0765795
0 -0.0503813 -0.076407 -0.0764381
0 -0.0506247 -0.0764769 -0.0763537
0 -0.0507915 -0.076592 -0.0763373
0 -0.0508767 -0.0767465 -0.076397
0 -0.0508818 -0.0769337 -0.0765383
0 -0.0508145 -0.0771459 -0.0767634
0 -0.0506833 -0.077371 -0.0770661
0 -0.0504939 -0.0775904 -0.0774283
0 -0.0502496 -0.0777812 -0.0778215
0 -0.0499522 -0.0779191 -0.0782088
0 -0.0496031 -0.0779796 -0.0785474
0 -0.0492053 -0.0779412 -0.0787934
0 -0.0487653 -0.0777871 -0.0789062
0 -0.0482956 -0.0775086 -0.0788539
0 -0.0478164 -0.0771068 -0.0786176
0 -0.0473527 -0.0765915 -0.0781916
0 -0.0469259 -0.0759732 -0.0775772
0 -0.0465505 -0.0752614 -0.0767806
0 -0.0462355 -0.0744663 -0.0758151
0 -0.0459834 -0.0735984 -0.0746999
0 -0.0457891 -0.072667 -0.0734577
0 -0.0456441 -0.0716835 -0.0721171
0 -0.0455383 -0.0706627 -0.0707118
0 -0.0454549 -0.069616 -0.0692724
0 -0.0453696 -0.06855 -0.0678218
0 -0.0452521 -0.067465 -0.0663722
0 -0.0450673 -0.066353 -0.0649246
0 -0.0447807 -0.0652001 -0.0634742
0 -0.0443665 -0.0639942 -0.0620184
0 -0.0438149 -0.0627317 -0.0605618
0 -0.0431326 -0.0614198 -0.0591151
0 -0.0423393 -0.0600721 -0.0576908
0 -0.0414627 -0.0587052 -0.0562994
0 -0.0405379 -0.0573388 -0.0549502
0 -0.0396047 -0.0559952 -0.0536517
0 -0.0387026 -0.0546968 -0.0524101
0 -0.0378657 -0.0534626 -0.0512279
0 -0.0371196 -0.0523068 -0.0501035
0 -0.0364805 -0.0512375 -0.0490327
0 -0.0359548 -0.0502566 -0.0480088
0 -0.0355424 -0.0493634 -0.0470273
0 -0.0352422 -0.0485589 -0.0460906
0 -0.0350506 -0.047845 -0.0452068
0 -0.0349621 -0.0472238 -0.044388
0 -0.0349706 -0.0466995 -0.0436519
0 -0.0350701 -0.0462793 -0.0430202
0 -0.0352552 -0.0459737 -0.0425178
0 -0.0355192 -0.045795 -0.0421695
0 -0.0358497 -0.045752 -0.0419941
0 -0.0362269 -0.0458473 -0.0420007
0 -0.0366297 -0.0460822 -0.0421936
0 -0.0370361 -0.0464552 -0.0425708
0 -0.0374233 -0.0469601 -0.0431238
0 -0.0377766 -0.0475917 -0.0438437
0 -0.0380945 -0.048349 -0.0447267
0 -0.0383894 -0.0492362 -0.0457746
0 -0.038683 -0.0502597 -0.0469919
0 -0.0389999 -0.051423 -0.0483801
0 -0.0393612 -0.052724 -0.0499347
0 -0.0397763 -0.0541477 -0.0516372
0 -0.0402422 -0.0556677 -0.0534558
0 -0.0407499 -0.0572535 -0.0553536
0 -0.041288 -0.0588735 -0.0572925
0 -0.0418488 -0.0605025 -0.0592413
0 -0.0424313 -0.0621247 -0.0611795
0 -0.0430358 -0.0637292 -0.0630903
0 -0.0436587 -0.0653036 -0.0649538
0 -0.0442887 -0.0668317 -0.0667449
0 -0.0449098 -0.0682947 -0.0684368
0 -0.0455067 -0.0696761 -0.070007
0 -0.0460665 -0.070962 -0.0714393
0 -0.0465774 -0.0721386 -0.0727211
0 -0.0470287 -0.0731923 -0.0738435
0 -0.0474134 -0.0741123 -0.0748025
0 -0.0477303 -0.0748925 -0.0756007
0 -0.0479853 -0.0755339 -0.0762479
0 -0.048186 -0.0760398 -0.0767557
0 -0.0483376 -0.0764124 -0.0771322
0 -0.048443 -0.0766532 -0.0773826
0 -0.0485087 -0.0767693 -0.077515
0 -0.0485477 -0.0767767 -0.0775434
0 -0.048572 -0.0766933 -0.077481
0 -0.0485891 -0.0765371 -0.0773388
0 -0.0486041 -0.0763258 -0.0771265
0 -0.0486177 -0.0760743 -0.0768521
0 -0.048625 -0.0757927 -0.0765205
0 -0.0486154 -0.0754837 -0.0761326
0 -0.0485735 -0.075144 -0.0756862
0 -0.0484825 -0.0747646 -0.0751777
0 -0.0483253 -0.0743324 -0.0746021
0 -0.0480892 -0.0738339 -0.0739561
0 -0.0477689 -0.0732586 -0.0732399
0 -0.0473667 -0.0726001 -0.0724565
0 -0.0468929 -0.0718576 -0.0716122
0 -0.0463589 -0.0710309 -0.07071
0 -0.0457723 -0.0701161 -0.0697454
0 -0.0451384 -0.0691085 -0.0687088
0 -0.0444628 -0.0680051 -0.0675894
0 -0.0437547 -0.0668094 -0.06638
0 -0.0430272 -0.0655314 -0.0650785
0 -0.0422938 -0.0641837 -0.0636855
0 -0.0415671 -0.0627793 -0.0622036
0 -0.0408585 -0.0613305 -0.0606372
0 -0.0401775 -0.0598483 -0.0589926
0 -0.0395308 -0.058344 -0.0572783
0 -0.0389221 -0.0568285 -0.0555054
0 -0.0383529 -0.0553132 -0.053689
0 -0.0378271 -0.0538123 -0.0518529
0 -0.0373527 -0.0523442 -0.0500303
0 -0.0369381 -0.0509282 -0.0482595
0 -0.0365908 -0.0495841 -0.0465794
0 -0.0363167 -0.0483324 -0.0450267
0 -0.0361222 -0.0471967 -0.0436375
0 -0.036013 -0.0462022 -0.0424445
0 -0.0359884 -0.0453698 -0.0414711
0 -0.0360396 -0.0447144 -0.0407294
0 -0.0361546 -0.0442478 -0.0402249
0 -0.036321 -0.0439809 -0.0399594
0 -0.0365291 -0.0439249 -0.0399339
0 -0.0367749 -0.0440934 -0.0401526
0 -0.037059 -0.0444996 -0.0406212
0 -0.0373842 -0.0451506 -0.0413443
0 -0.0377535 -0.0460453 -0.0423231
0 -0.038169 -0.0471724 -0.0435539
0 -0.0386313 -0.0485127 -0.0450275
0 -0.0391389 -0.0500402 -0.0467285
0 -0.039688 -0.0517237 -0.0486341
0 -0.0402719 -0.0535283 -0.0507148
0 -0.0408838 -0.0554204 -0.0529363
0 -0.0415203 -0.0573711 -0.0552637
0 -0.0421797 -0.0593565 -0.0576614
0 -0.0428563 -0.0613524 -0.0600919
0 -0.0435376 -0.0633307 -0.0625144
0 -0.044203 -0.065258 -0.0648809
0 -0.0448236 -0.0670953 -0.0671339
0 -0.045371 -0.0688046 -0.069217
0 -0.0458278 -0.0703585 -0.0710869
0 -0.0461901 -0.07174 -0.0727165
0 -0.0464656 -0.0729415 -0.0740944
0 -0.046668 -0.0739597 -0.0752194
0 -0.046808 -0.074788 -0.0760925
0 -0.0468952 -0.0754191 -0.0767177
0 -0.0469425 -0.0758509 -0.077107
0 -0.0469604 -0.0760823 -0.0772731
0 -0.0469552 -0.0761124 -0.0772275
0 -0.0469323 -0.0759459 -0.0769834
0 -0.0468925 -0.0755912 -0.0765522
0 -0.0468324 -0.0750613 -0.0759442
0 -0.046749 -0.0743764 -0.0751729
0 -0.0466428 -0.0735653 -0.0742573
0 -0.0465152 -0.0726605 -0.0732205
0 -0.0463605 -0.0716877 -0.0720806
0 -0.0461636 -0.070661 -0.0708481
0 -0.0459079 -0.069588 -0.0695327
0 -0.0455816 -0.0684752 -0.0681479
0 -0.045179 -0.0673281 -0.0667101
0 -0.0447004 -0.0661515 -0.065237
0 -0.0441525 -0.0649507 -0.0637463
0 -0.0435495 -0.0637341 -0.0622593
0 -0.0429124 -0.0625142 -0.0608011
0 -0.0422655 -0.061306 -0.0593983
0 -0.0416366 -0.0601291 -0.0580782
0 -0.0410559 -0.059009 -0.0568678
0 -0.0405515 -0.0579727 -0.055789
0 -0.0401455 -0.0570462 -0.0548571
0 -0.0398541 -0.0562546 -0.054083
0 -0.0396858 -0.0556196 -0.0534722
0 -0.0396422 -0.0551593 -0.0530279
0 -0.0397204 -0.0548891 -0.0527534
0 -0.0399143 -0.0548221 -0.0526548
0 -0.0402179 -0.0549702 -0.052743
0 -0.040622 -0.0553406 -0.0530303
0 -0.0411115 -0.0559313 -0.0535256
0 -0.0416653 -0.0567295 -0.0542322
0 -0.0422592 -0.0577132 -0.0551474
0 -0.0428702 -0.0588561 -0.0562647
0 -0.0434744 -0.0601254 -0.0575693
0 -0.0440464 -0.061483 -0.0590368
0 -0.044569 -0.0628957 -0.0606408
0 -0.0450341 -0.0643379 -0.0623543
0 -0.0454377 -0.0657867 -0.0641458
0 -0.0457807 -0.0672218 -0.0659831
0 -0.0460686 -0.0686248 -0.0678341
0 -0.0463087 -0.0699775 -0.0696631
0 -0.0465058 -0.0712612 -0.0714277
0 -0.0466596 -0.0724542 -0.0730778
0 -0.0467673 -0.0735333 -0.0745632
0 -0.0468245 -0.0744737 -0.0758369
0 -0.046827 -0.0752504 -0.0768586
0 -0.0467747 -0.075842 -0.0775998
0 -0.0466693 -0.0762283 -0.0780414
0 -0.0465135 -0.0763908 -0.0781737
0 -0.0463114 -0.076314 -0.0779954
0 -0.0460673 -0.0759861 -0.0775122
0 -0.0457833 -0.0753998 -0.0767338
0 -0.0454594 -0.0745543 -0.0756734
0 -0.0450975 -0.0734605 -0.0743509
0 -0.0447036 -0.0721425 -0.0727942
0 -0.044283 -0.070632 -0.0710343
0 -0.0438386 -0.0689648 -0.0691031
0 -0.0433728 -0.0671798 -0.0670348
0 -0.042885 -0.0653147 -0.0648628
0 -0.042372 -0.0634021 -0.0626171
0 -0.0418294 -0.0614693 -0.060324
0 -0.041253 -0.0595398 -0.0580085
0 -0.0406411 -0.0576334 -0.0556983
0 -0.0399938 -0.0557642 -0.0534228
0 -0.0393156 -0.0539424 -0.051213
0 -0.0386177 -0.05218 -0.0491012
0 -0.0379148 -0.0504893 -0.0471176
0 -0.0372202 -0.04888 -0.0452839
0 -0.0365441 -0.0473593 -0.0436123
0 -0.0358945 -0.0459332 -0.0421064
0 -0.0352797 -0.0446099 -0.0407649
0 -0.0347113 -0.043402 -0.0395854
0 -0.0342 -0.0423225 -0.0385629
0 -0.0337538 -0.0413824 -0.0376891
0 -0.0333775 -0.0405891 -0.036954
0 -0.0330742 -0.0399479 -0.0363486
0 -0.0328487 -0.0394642 -0.0358694
0 -0.0327059 -0.0391427 -0.0355175
0 -0.0326508 -0.0389866 -0.035299
0 -0.0326913 -0.0390014 -0.0352271
0 -0.0328359 -0.0391936 -0.0353206
0 -0.033091 -0.0395686 -0.0355999
0 -0.0334609 -0.0401313 -0.0360858
0 -0.033946 -0.0408847 -0.0367965
0 -0.0345402 -0.0418282 -0.0377433
0 -0.0352319 -0.0429582 -0.0389311
0 -0.0360097 -0.0442731 -0.040362
0 -0.0368642 -0.0457741 -0.0420365
0 -0.0377832 -0.0474592 -0.0439484
0 -0.0387496 -0.0493197 -0.0460811
0 -0.0397452 -0.051342 -0.048412
0 -0.0407563 -0.0535121 -0.0509174
0 -0.0417741 -0.0558143 -0.0535727
0 -0.0427933 -0.0582306 -0.0563527
0 -0.04381 -0.0607412 -0.0592329
0 -0.0448168 -0.0633214 -0.062188
0 -0.045806 -0.0659444 -0.0651932
0 -0.0467748 -0.0685875 -0.0682271
0 -0.0477265 -0.0712343 -0.0712703
0 -0.0486676 -0.0738741 -0.0743056
0 -0.0496015 -0.0764954 -0.0773127
0 -0.0505224 -0.0790798 -0.0802638
0 -0.0514161 -0.0816028 -0.0831251
0 -0.052266 -0.0840383 -0.0858629
0 -0.0530546 -0.0863601 -0.0884457
0 -0.0537642 -0.0885412 -0.0908443
0 -0.0543811 -0.0905578 -0.0930353
0 -0.054897 -0.0923904 -0.0950028
0 -0.0553059 -0.0940213 -0.0967346
0 -0.0556036 -0.0954332 -0.0982205
0 -0.0557897 -0.0966127 -0.0994546
0 -0.0558684 -0.0975507 -0.100435
0 -0.0558467 -0.0982407 -0.101162
0 -0.0557319 -0.0986767 -0.101633
0 -0.0555299 -0.0988514 -0.101843
0 -0.0552461 -0.0987568 -0.101784
0 -0.0548878 -0.0983877 -0.101448
0 -0.054463 -0.0977427 -0.100828
0 -0.0539758 -0.0968243 -0.0999146
0 -0.0534243 -0.095637 -0.0986974
0 -0.0528049 -0.0941893 -0.0971689
0 -0.0521107 -0.0924912 -0.0953242
0 -0.0513313 -0.0905512 -0.0931605
0 -0.0504585 -0.0883797 -0.090683
0 -0.0494928 -0.0859944 -0.0879107
0 -0.048444 -0.0834198 -0.0848767
0 -0.0473264 -0.0806827 -0.0816226
0 -0.046157 -0.0778105 -0.0781958
0 -0.0449549 -0.0748332 -0.0746483
0 -0.0437384 -0.0717812 -0.0710307
0 -0.0425237 -0.0686839 -0.0673874
0 -0.0413273 -0.0655707 -0.0637607
0 -0.0401677 -0.0624724 -0.0601955
0 -0.0390654 -0.0594235 -0.0567379
0 -0.0380384 -0.0564589 -0.0534283
0 -0.0371 -0.0536102 -0.0502984
0 -0.0362563 -0.050904 -0.0473693
0 -0.0355071 -0.0483609 -0.0446523
0 -0.0348458 -0.045995 -0.04215
0 -0.0342629 -0.0438162 -0.0398598
0 -0.0337514 -0.0418353 -0.0377804
0 -0.0333108 -0.0400666 -0.0359164
0 -0.0329452 -0.0385261 -0.034277
0 -0.0326608 -0.0372295 -0.0328748
0 -0.032467 -0.0361928 -0.0317268
0 -0.0323744 -0.0354317 -0.0308527
0 -0.0323904 -0.034958 -0.0302705
0 -0.0325153 -0.0347768 -0.0299933
0 -0.0327421 -0.0348871 -0.030028
0 -0.033056 -0.0352812 -0.0303749
0 -0.0334354 -0.0359408 -0.0310245
0 -0.033855 -0.0368379 -0.0319589
0 -0.0342934 -0.037941 -0.0331564
0 -0.0347349 -0.0392175 -0.0345925
0 -0.0351685 -0.0406338 -0.0362383
0 -0.0355869 -0.0421558 -0.0380597
0 -0.035989 -0.0437527 -0.0400203
0 -0.0363812 -0.0454004 -0.042085
0 -0.0367763 -0.0470815 -0.0442198
0 -0.0371934 -0.0487874 -0.0463957
0 -0.0376543 -0.0505159 -0.0485884
0 -0.0381778 -0.0522652 -0.0507765
0 -0.0387735 -0.0540288 -0.0529395
0 -0.0394379 -0.055793 -0.0550537
0 -0.0401568 -0.05754 -0.0570924
0 -0.0409122 -0.0592517 -0.0590311
0 -0.0416841 -0.0609091 -0.0608485
0 -0.0424505 -0.0624906 -0.0625268
0 -0.0431904 -0.0639754 -0.0640545
0 -0.0438845 -0.0653443 -0.0654254
0 -0.0445183 -0.066583 -0.0666414
0 -0.0450864 -0.0676863 -0.0677141
0 -0.0455896 -0.0686551 -0.0686598
0 -0.0460286 -0.0694915 -0.0694925
0 -0.0464039 -0.0701984 -0.0702228
0 -0.0467164 -0.0707808 -0.0708579
0 -0.0469652 -0.0712426 -0.0713991
0 -0.0471485 -0.0715881 -0.0718438
0 -0.0472689 -0.0718258 -0.0721905
0 -0.0473314 -0.0719661 -0.0724382
0 -0.0473437 -0.0720216 -0.0725875
0 -0.0473184 -0.0720077 -0.0726441
0 -0.0472663 -0.0719373 -0.0726132
0 -0.0471925 -0.0718156 -0.0724959
0 -0.0470981 -0.0716432 -0.0722923
0 -0.0469846 -0.07142 -0.0720052
0 -0.0468543 -0.0711465 -0.0716409
0 -0.0467104 -0.0708236 -0.0712082
0 -0.0465564 -0.0704534 -0.0707179
0 -0.0463974 -0.0700412 -0.0701834
0 -0.04624 -0.0695953 -0.0696202
0 -0.0460902 -0.0691263 -0.0690435
0 -0.0459524 -0.0686455 -0.068467
0 -0.0458268 -0.0681622 -0.0679001
0 -0.0457113 -0.0676853 -0.0673497
0 -0.045604 -0.0672243 -0.0668224
0 -0.0455028 -0.0667883 -0.0663239
0 -0.0454053 -0.0663854 -0.0658592
0 -0.0453089 -0.0660211 -0.0654322
0 -0.0452115 -0.0656995 -0.0650462
0 -0.0451098 -0.0654206 -0.0647023
0 -0.0449964 -0.0651778 -0.0643961
0 -0.0448606 -0.0649578 -0.0641176
0 -0.0446904 -0.064743 -0.0638533
0 -0.0444761 -0.064515 -0.0635887
0 -0.0442113 -0.0642556 -0.0633094
0 -0.0438943 -0.0639496 -0.0630023
0 -0.0435315 -0.0635886 -0.0626599
0 -0.0431343 -0.0631692 -0.062277
0 -0.0427147 -0.0626901 -0.0618482
0 -0.0422866 -0.0621543 -0.0613697
0 -0.0418642 -0.0615678 -0.0608391
0 -0.0414601 -0.0609384 -0.0602539
0 -0.0410848 -0.0602752 -0.0596128
0 -0.0407485 -0.0595903 -0.0589182
0 -0.0404619 -0.0588989 -0.0581778
0 -0.0402358 -0.0582198 -0.0574054
0 -0.0400787 -0.0575727 -0.0566188
0 -0.0399924 -0.0569743 -0.0558357
0 -0.0399703 -0.0564357 -0.0550717
0 -0.0400002 -0.0559631 -0.054342
0 -0.040065 -0.0555571 -0.0536613
0 -0.0401445 -0.0552126 -0.0530433
0 -0.0402207 -0.0549235 -0.0525029
0 -0.0402831 -0.0546888 -0.0520587
0 -0.0403291 -0.054513 -0.0517309
0 -0.0403586 -0.0544011 -0.0515347
0 -0.0403728 -0.0543578 -0.0514785
0 -0.0403758 -0.0543892 -0.0515654
0 -0.040374 -0.0545017 -0.0517933
0 -0.0403741 -0.0546999 -0.052154
0 -0.0403809 -0.0549838 -0.0526321
0 -0.0403953 -0.0553472 -0.053205
0 -0.0404153 -0.0557775 -0.0538453
0 -0.0404388 -0.0562586 -0.0545251
0 -0.0404643 -0.0567723 -0.0552188
0 -0.0404915 -0.0572987 -0.0559029
0 -0.0405239 -0.0578212 -0.0565611
0 -0.04057 -0.0583288 -0.0571844
0 -0.0406376 -0.0588131 -0.057767
0 -0.0407285 -0.0592632 -0.0583006
0 -0.0408395 -0.0596672 -0.0587748
0 -0.0409662 -0.0600159 -0.0591814
0 -0.0411064 -0.0603056 -0.0595166
0 -0.0412605 -0.0605392 -0.0597823
0 -0.0414308 -0.060725 -0.059985
0 -0.0416191 -0.0608736 -0.0601336
0 -0.0418253 -0.0609963 -0.0602376
0 -0.0420455 -0.0611026 -0.0603059
0 -0.0422728 -0.0611994 -0.0603458
0 -0.042498 -0.0612915 -0.0603637
0 -0.0427098 -0.0613802 -0.0603648
0 -0.0428975 -0.0614657 -0.060354
0 -0.0430521 -0.0615473 -0.060337
0 -0.0431642 -0.0616204 -0.0603169
0 -0.0432213 -0.0616741 -0.0602904
0 -0.0432103 -0.0616929 -0.0602499
0 -0.043122 -0.0616615 -0.0601867
0 -0.0429535 -0.0615676 -0.0600928
0 -0.0427078 -0.0614022 -0.0599611
0 -0.0423977 -0.0611645 -0.0597889
0 -0.0420477 -0.0608653 -0.0595819
0 -0.0416891 -0.0605231 -0.0593507
0 -0.0413497 -0.0601555 -0.0591024
0 -0.0410509 -0.0597774 -0.0588398
0 -0.0408077 -0.0594012 -0.058562
0 -0.0406278 -0.0590369 -0.0582659
0 -0.040513 -0.058692 -0.0579477
0 -0.0404626 -0.0583753 -0.0576081
0 -0.0404742 -0.058096 -0.0572523
0 -0.0405401 -0.0578602 -0.0568873
0 -0.0406492 -0.057671 -0.0565219
0 -0.0407886 -0.0575297 -0.0561673
0 -0.0409441 -0.0574348 -0.0558363
0 -0.0411029 -0.0573828 -0.0555444
0 -0.0412534 -0.0573689 -0.0553083
0 -0.0413866 -0.0573879 -0.055144
0 -0.041499 -0.0574382 -0.0550676
0 -0.0415938 -0.0575246 -0.0550951
0 -0.0416809 -0.0576583 -0.0552417
0 -0.0417733 -0.0578536 -0.0555185
0 -0.0418823 -0.0581241 -0.0559289
0 -0.0420147 -0.0584785 -0.0564666
0 -0.0421717 -0.0589194 -0.0571168
0 -0.0423501 -0.059443 -0.0578586
0 -0.0425443 -0.0600404 -0.0586692
0 -0.0427489 -0.0606995 -0.0595271
0 -0.0429585 -0.0614063 -0.0604126
0 -0.043168 -0.0621448 -0.0613072
0 -0.0433757 -0.0629005 -0.0621969
0 -0.0435865 -0.0636641 -0.0630748
0 -0.0438081 -0.0644286 -0.0639383
0 -0.0440467 -0.0651863 -0.0647847
0 -0.0443054 -0.0659282 -0.06561
0 -0.0445845 -0.0666459 -0.0664097
0 -0.0448813 -0.0673316 -0.0671782
0 -0.045189 -0.0679767 -0.0679072
0 -0.0454967 -0.0685719 -0.0685861
0 -0.0457917 -0.0691083 -0.0692031
0 -0.0460598 -0.069577 -0.0697457
0 -0.0462867 -0.0699688 -0.0702009
0 -0.0464607 -0.0702766 -0.0705586
0 -0.0465726 -0.0704942 -0.0708102
0 -0.0466149 -0.0706144 -0.0709478
0 -0.0465817 -0.0706296 -0.0709644
0 -0.0464692 -0.0705312 -0.0708534
0 -0.0462771 -0.0703119 -0.07061
0 -0.0460112 -0.069969 -0.070234
0 -0.0456805 -0.0695023 -0.0697274
0 -0.0452957 -0.0689137 -0.069093
0 -0.0448672 -0.0682064 -0.0683336
0 -0.0444053 -0.067386 -0.0674525
0 -0.0439232 -0.0664634 -0.0664576
0 -0.0434335 -0.0654531 -0.0653588
0 -0.0429453 -0.0643694 -0.0641662
0 -0.0424659 -0.0632282 -0.062892
0 -0.0419999 -0.0620452 -0.0615488
0 -0.0415481 -0.0608335 -0.0601485
0 -0.0411094 -0.0596039 -0.0587025
0 -0.0406843 -0.0583693 -0.0572251
0 -0.0402763 -0.0571465 -0.055736
0 -0.03989 -0.0559533 -0.0542589
0 -0.0395322 -0.0548091 -0.052823
0 -0.0392125 -0.0537339 -0.0514621
0 -0.0389407 -0.0527479 -0.050211
0 -0.0387259 -0.0518706 -0.0491022
0 -0.0385736 -0.051119 -0.0481628
0 -0.0384839 -0.0505061 -0.0474118
0 -0.0384491 -0.0500377 -0.0468566
0 -0.0384559 -0.0497138 -0.0464952
0 -0.0384911 -0.0495336 -0.0463212
0 -0.0385468 -0.0494989 -0.046329
0 -0.0386208 -0.0496141 -0.0465144
0 -0.0387177 -0.0498852 -0.0468761
0 -0.0388438 -0.0503152 -0.0474113
0 -0.039004 -0.0508999 -0.0481129
0 -0.039203 -0.0516309 -0.0489715
0 -0.0394468 -0.0524977 -0.049978
0 -0.0397425 -0.0534892 -0.0511232
0 -0.0400968 -0.0545936 -0.0523975
0 -0.0405143 -0.0557984 -0.0537894
0 -0.0409969 -0.0570905 -0.0552856
0 -0.0415425 -0.0584555 -0.0568703
0 -0.0421441 -0.0598774 -0.0585247
0 -0.042793 -0.0613424 -0.060232
0 -0.0434784 -0.0628377 -0.0619755
0 -0.0441839 -0.0643469 -0.0637343
0 -0.0448895 -0.0658517 -0.0654841
0 -0.045574 -0.0673335 -0.0671992
0 -0.0462168 -0.0687731 -0.0688537
0 -0.0467997 -0.0701511 -0.0704241
0 -0.0473102 -0.0714507 -0.0718911
0 -0.0477436 -0.0726597 -0.0732434
0 -0.0481049 -0.0737726 -0.0744782
0 -0.0484052 -0.0747883 -0.0755989
0 -0.0486562 -0.0757055 -0.0766092
0 -0.0488667 -0.0765207 -0.0775102
0 -0.049042 -0.0772282 -0.0782994
0 -0.049183 -0.0778198 -0.0789705
0 -0.0492873 -0.0782863 -0.079514
0 -0.0493522 -0.0786199 -0.0799204
0 -0.049378 -0.0788182 -0.0801837
0 -0.049367 -0.0788823 -0.0803007
0 -0.0493213 -0.0788146 -0.0802687
0 -0.0492419 -0.0786186 -0.0800863
0 -0.0491287 -0.0782995 -0.0797532
0 -0.0489801 -0.0778628 -0.0792705
0 -0.0487897 -0.0773101 -0.0786372
0 -0.0485448 -0.0766365 -0.0778481
0 -0.0482303 -0.0758342 -0.0768973
0 -0.0478312 -0.0748932 -0.0757793
0 -0.0473321 -0.0738007 -0.0744873
0 -0.0467223 -0.0725454 -0.0730175
0 -0.0459999 -0.0711223 -0.0713724
0 -0.0451722 -0.0695333 -0.0695607
0 -0.0442542 -0.0677873 -0.067596
0 -0.0432659 -0.0658994 -0.0654955
0 -0.0422302 -0.0638895 -0.0632783
0 -0.0411689 -0.0617791 -0.0609624
0 -0.0401026 -0.0595892 -0.0585625
0 -0.0390482 -0.0573387 -0.0560902
0 -0.0380153 -0.0550433 -0.053553
0 -0.037011 -0.0527191 -0.050961
0 -0.0360422 -0.0503832 -0.0483297
0 -0.0351156 -0.0480535 -0.0456795
0 -0.0342393 -0.0457485 -0.0430364
0 -0.0334214 -0.0434876 -0.0404291
0 -0.0326666 -0.0412866 -0.0378848
0 -0.0319751 -0.0391573 -0.0354271
0 -0.0313481 -0.0371131 -0.0330802
0 -0.0307894 -0.0351701 -0.0308694
0 -0.030304 -0.0333465 -0.0288191
0 -0.0299006 -0.0316648 -0.026955
0 -0.0295907 -0.0301513 -0.025303
0 -0.0293857 -0.0288336 -0.0238871
0 -0.0292965 -0.0277396 -0.0227292
0 -0.0293312 -0.0268957 -0.0218478
0 -0.0294919 -0.0263242 -0.0212574
0 -0.0297742 -0.0260427 -0.0209677
0 -0.0301656 -0.0260617 -0.020983
0 -0.0306457 -0.026384 -0.0213023
0 -0.0311899 -0.0270058 -0.0219214
0 -0.0317756 -0.0279187 -0.0228363
0 -0.0323852 -0.0291074 -0.0240438
0 -0.0330069 -0.03055 -0.0255392
0 -0.0336345 -0.0322194 -0.027315
0 -0.0342695 -0.0340874 -0.0293619
0 -0.0349222 -0.0361301 -0.0316699
0 -0.0356083 -0.038327 -0.0342254
0 -0.0363436 -0.0406602 -0.0370072
0 -0.0371408 -0.0431133 -0.0399855
0 -0.0380077 -0.0456707 -0.0431224
0 -0.038947 -0.0483175 -0.0463747
0 -0.0399517 -0.0510335 -0.0496942
0 -0.0410081 -0.0537937 -0.0530328
0 -0.0421001 -0.0565749 -0.0563458
0 -0.0432095 -0.0593547 -0.0595899
0 -0.0443157 -0.0621095 -0.0627261
0 -0.0453988 -0.0648151 -0.0657236
0 -0.0464423 -0.0674478 -0.0685622
0 -0.0474324 -0.0699846 -0.0712297
0 -0.048358 -0.072403 -0.0737211
0 -0.0492122 -0.0746839 -0.0760382
0 -0.0499921 -0.0768119 -0.078188
0 -0.0506947 -0.0787725 -0.0801767
0 -0.0513157 -0.0805516 -0.0820068
0 -0.0518491 -0.082136 -0.0836755
0 -0.0522875 -0.0835134 -0.0851742
0 -0.0526239 -0.0846738 -0.0864901
0 -0.0528537 -0.0856117 -0.0876084
0 -0.0529758 -0.0863258 -0.0885143
0 -0.0529967 -0.0868222 -0.0891981
0 -0.0529306 -0.0871141 -0.0896567
0 -0.0527945 -0.0872155 -0.0898893
0 -0.0526047 -0.087138 -0.0898963
0 -0.052376 -0.0868905 -0.0896795
0 -0.0521202 -0.0864792 -0.0892422
0 -0.051844 -0.0859088 -0.0885892
0 -0.0515488 -0.0851831 -0.0877266
0 -0.051231 -0.0843046 -0.0866618
0 -0.0508856 -0.083278 -0.0854062
0 -0.0505074 -0.0821112 -0.0839755
0 -0.0500925 -0.0808154 -0.0823897
0 -0.0496384 -0.0794049 -0.080672
0 -0.0491417 -0.077894 -0.0788453
0 -0.0485977 -0.0762954 -0.0769308
0 -0.0480031 -0.0746223 -0.0749486
0 -0.0473564 -0.072888 -0.0729181
0 -0.046659 -0.0711069 -0.0708575
0 -0.045916 -0.0692946 -0.0687842
0 -0.0451352 -0.0674677 -0.066714
0 -0.0443255 -0.0656403 -0.0646593
0 -0.0434968 -0.0638256 -0.0626303
0 -0.0426603 -0.062036 -0.0606377
0 -0.041826 -0.0602821 -0.0586908
0 -0.0410019 -0.0585714 -0.0567972
0 -0.0401968 -0.0569106 -0.0549642
0 -0.0394206 -0.0553066 -0.0531997
0 -0.0386834 -0.0537665 -0.0515112
0 -0.0379932 -0.052296 -0.0499044
0 -0.037356 -0.0509 -0.0483835
0 -0.0367768 -0.049584 -0.0469528
0 -0.0362591 -0.0483534 -0.0456157
0 -0.0358042 -0.0472127 -0.0443749
0 -0.0354117 -0.0461662 -0.0432325
0 -0.0350814 -0.0452188 -0.0421918
0 -0.0348124 -0.0443754 -0.041257
0 -0.0346024 -0.0436397 -0.0404316
0 -0.0344481 -0.0430145 -0.0397196
0 -0.0343467 -0.0425028 -0.0391259
0 -0.0342963 -0.0421084 -0.0386567
0 -0.034295 -0.0418347 -0.0383182
0 -0.0343395 -0.0416836 -0.0381151
0 -0.0344246 -0.0416555 -0.0380504
0 -0.0345451 -0.0417498 -0.0381255
0 -0.0346958 -0.0419651 -0.0383411
0 -0.0348716 -0.0422983 -0.0386954
0 -0.0350686 -0.0427435 -0.0391851
0 -0.0352844 -0.0432939 -0.039805
0 -0.0355184 -0.0439418 -0.040549
0 -0.0357716 -0.0446788 -0.0414091
0 -0.0360459 -0.0454961 -0.0423756
0 -0.0363441 -0.0463854 -0.0434375
0 -0.03667 -0.0473389 -0.0445829
0 -0.0370269 -0.0483494 -0.0457991
0 -0.0374177 -0.0494103 -0.0470727
0 -0.0378441 -0.0505153 -0.0483903
0 -0.0383066 -0.051658 -0.0497394
0 -0.0388043 -0.0528321 -0.0511088
0 -0.0393348 -0.0540314 -0.0524891
0 -0.0398948 -0.0552492 -0.0538732
0 -0.0404793 -0.0564789 -0.0552551
0 -0.0410814 -0.0577132 -0.0566292
0 -0.0416936 -0.058945 -0.0579907
0 -0.0423076 -0.0601675 -0.059335
0 -0.042915 -0.0613735 -0.0606577
0 -0.0435071 -0.0625561 -0.0619545
0 -0.0440757 -0.0637085 -0.0632209
0 -0.0446131 -0.0648243 -0.0644521
0 -0.0451122 -0.065897 -0.0656423
0 -0.045567 -0.0669196 -0.0667852
0 -0.0459728 -0.0678854 -0.0678735
0 -0.0463264 -0.068788 -0.0688996
0 -0.0466262 -0.0696215 -0.0698559
0 -0.0468723 -0.0703803 -0.0707348
0 -0.0470658 -0.071059 -0.0715287
0 -0.0472096 -0.0716532 -0.0722306
0 -0.0473081 -0.0721594 -0.0728346
0 -0.0473659 -0.0725746 -0.0733355
0 -0.047388 -0.0728961 -0.0737288
0 -0.0473797 -0.073122 -0.0740108
0 -0.0473457 -0.073251 -0.074179
0 -0.0472904 -0.0732821 -0.074232
0 -0.0472173 -0.0732152 -0.074169
0 -0.0471288 -0.0730509 -0.0739906
0 -0.0470259 -0.0727914 -0.0736983
0 -0.0469079 -0.0724402 -0.0732948
0 -0.0467728 -0.0720014 -0.0727838
0 -0.0466172 -0.0714806 -0.0721702
0 -0.0464378 -0.0708837 -0.0714604
0 -0.0462308 -0.0702173 -0.0706622
0 -0.045993 -0.069488 -0.0697849
0 -0.045722 -0.0687026 -0.0688388
0 -0.0454165 -0.0678678 -0.0678349
0 -0.0450762 -0.0669901 -0.0667849
0 -0.0447024 -0.0660761 -0.0656998
0 -0.0442976 -0.0651323 -0.0645903
0 -0.0438656 -0.0641653 -0.0634657
0 -0.0434111 -0.0631818 -0.0623344
0 -0.0429397 -0.0621882 -0.0612034
0 -0.0424577 -0.0611912 -0.0600786
0 -0.0419715 -0.060197 -0.0589658
0 -0.0414879 -0.059212 -0.0578699
0 -0.0410132 -0.0582426 -0.056796
0 -0.0405536 -0.0572955 -0.055749
0 -0.0401148 -0.0563774 -0.0547336
0 -0.039702 -0.0554946 -0.053755
0 -0.03932 -0.0546535 -0.052818
0 -0.0389726 -0.0538596 -0.0519278
0 -0.0386625 -0.0531182 -0.0510899
0 -0.0383912 -0.052434 -0.0503097
0 -0.0381594 -0.0518112 -0.0495928
0 -0.0379665 -0.0512535 -0.0489445
0 -0.0378114 -0.0507641 -0.0483702
0 -0.0376921 -0.0503459 -0.0478747
0 -0.0376063 -0.0500012 -0.0474622
0 -0.0375512 -0.0497318 -0.0471365
0 -0.0375241 -0.0495392 -0.0469004
0 -0.0375223 -0.0494243 -0.0467557
0 -0.0375432 -0.0493876 -0.0467036
0 -0.0375846 -0.0494287 -0.0467439
0 -0.0376449 -0.0495471 -0.0468758
0 -0.0377231 -0.0497408 -0.0470975
0 -0.0378192 -0.0500074 -0.0474064
0 -0.037934 -0.0503433 -0.0477987
0 -0.0380685 -0.0507447 -0.0482702
0 -0.0382245 -0.051207 -0.0488155
0 -0.0384033 -0.0517252 -0.0494284
0 -0.0386065 -0.0522944 -0.0501022
0 -0.0388349 -0.0529091 -0.0508294
0 -0.0390889 -0.0535641 -0.0516022
0 -0.0393681 -0.0542542 -0.0524128
0 -0.0396712 -0.0549737 -0.0532535
0 -0.0399961 -0.0557171 -0.0541168
0 -0.0403401 -0.056479 -0.0549957
0 -0.0406998 -0.0572536 -0.055884
0 -0.0410712 -0.0580356 -0.0567761
0 -0.0414497 -0.0588199 -0.0576666
0 -0.0418304 -0.0596016 -0.0585507
0 -0.0422084 -0.060376 -0.059424
0 -0.0425786 -0.0611381 -0.0602819
0 -0.0429364 -0.0618833 -0.0611204
0 -0.0432772 -0.0626064 -0.061935
0 -0.0435972 -0.0633026 -0.0627212
