0 -0.026935 -0.0597018 -0.0584639
0 -0.0270273 -0.0598973 -0.0586848
0 -0.0271165 -0.060092 -0.0589068
0 -0.0272022 -0.0602857 -0.0591294
0 -0.0272844 -0.0604781 -0.0593523
0 -0.027363 -0.0606687 -0.059575
0 -0.0274379 -0.0608574 -0.0597973
0 -0.027509 -0.0610436 -0.0600185
0 -0.0275765 -0.0612272 -0.0602384
0 -0.0276404 -0.0614078 -0.0604564
0 -0.0277008 -0.061585 -0.0606719
0 -0.0277579 -0.0617585 -0.0608846
0 -0.0278119 -0.061928 -0.0610939
0 -0.0278629 -0.0620932 -0.0612992
0 -0.0279112 -0.0622538 -0.0615
0 -0.027957 -0.0624096 -0.0616957
0 -0.0280005 -0.0625602 -0.0618858
0 -0.0280421 -0.0627054 -0.0620698
0 -0.028082 -0.062845 -0.062247
0 -0.0281203 -0.0629789 -0.062417
0 -0.0281575 -0.0631068 -0.0625793
0 -0.0281936 -0.0632286 -0.0627333
0 -0.0282288 -0.0633441 -0.0628787
0 -0.0282634 -0.0634532 -0.063015
0 -0.0282973 -0.0635557 -0.0631419
0 -0.0283307 -0.0636515 -0.063259
0 -0.0283634 -0.0637404 -0.0633659
0 -0.0283954 -0.063822 -0.0634624
0 -0.0284267 -0.0638964 -0.0635482
0 -0.0284571 -0.0639635 -0.0636234
0 -0.0284868 -0.0640231 -0.0636879
0 -0.0285156 -0.0640754 -0.0637418
0 -0.0285432 -0.06412 -0.0637852
0 -0.0285695 -0.0641569 -0.063818
0 -0.0285941 -0.0641861 -0.0638405
0 -0.0286171 -0.0642075 -0.0638529
0 -0.0286382 -0.0642212 -0.0638556
0 -0.0286572 -0.0642273 -0.0638488
0 -0.0286737 -0.0642256 -0.0638328
0 -0.0286874 -0.0642161 -0.0638078
0 -0.0286981 -0.0641991 -0.0637743
0 -0.0287058 -0.0641747 -0.0637328
0 -0.0287102 -0.0641432 -0.0636837
0 -0.0287112 -0.0641046 -0.0636273
0 -0.0287083 -0.0640591 -0.0635639
0 -0.0287017 -0.064007 -0.0634941
0 -0.0286914 -0.0639487 -0.0634184
0 -0.028677 -0.0638844 -0.0633371
0 -0.0286581 -0.0638137 -0.0632499
0 -0.0286339 -0.0637363 -0.0631564
0 -0.0286036 -0.0636518 -0.0630563
0 -0.0285668 -0.0635597 -0.0629493
0 -0.0285232 -0.0634601 -0.0628352
0 -0.0284725 -0.0633526 -0.0627139
0 -0.0284149 -0.0632375 -0.0625854
0 -0.0283501 -0.0631145 -0.0624494
0 -0.0282782 -0.0629836 -0.0623059
0 -0.0282 -0.0628453 -0.0621552
0 -0.028117 -0.0627011 -0.0619989
0 -0.0280315 -0.0625528 -0.0618386
0 -0.0279451 -0.0624021 -0.0616757
0 -0.027859 -0.0622497 -0.0615112
0 -0.0277738 -0.0620964 -0.0613454
0 -0.0276903 -0.0619425 -0.0611786
0 -0.0276091 -0.0617888 -0.0610114
0 -0.0275305 -0.0616355 -0.0608439
0 -0.0274547 -0.0614829 -0.0606763
0 -0.0273818 -0.0613309 -0.0605084
0 -0.0273116 -0.0611798 -0.0603403
0 -0.0272446 -0.0610301 -0.0601723
0 -0.0271817 -0.0608828 -0.0600056
0 -0.0271238 -0.0607393 -0.0598412
0 -0.0270715 -0.0606002 -0.05968
0 -0.0270247 -0.060466 -0.0595223
0 -0.0269833 -0.060337 -0.0593684
0 -0.0269467 -0.0602129 -0.0592181
0 -0.0269122 -0.0600916 -0.0590694
0 -0.0268753 -0.059969 -0.0589183
0 -0.0268313 -0.0598407 -0.0587605
0 -0.0267784 -0.059705 -0.0585947
0 -0.0267186 -0.0595643 -0.0584232
0 -0.0266561 -0.0594225 -0.0582504
0 -0.0265925 -0.0592814 -0.0580783
0 -0.0265252 -0.0591382 -0.0579045
0 -0.0264495 -0.0589883 -0.0577244
0 -0.0263644 -0.0588302 -0.057537
0 -0.0262742 -0.058668 -0.0573467
0 -0.0261866 -0.0585091 -0.0571611
0 -0.0261075 -0.058359 -0.0569859
0 -0.0260384 -0.0582194 -0.056823
0 -0.0259791 -0.0580898 -0.056672
0 -0.0259288 -0.0579698 -0.0565324
0 -0.0258854 -0.0578573 -0.0564024
0 -0.0258438 -0.0577476 -0.0562769
0 -0.0257973 -0.0576344 -0.0561497
0 -0.0257429 -0.0575147 -0.0560175
0 -0.0256854 -0.0573936 -0.0558855
0 -0.0256357 -0.0572819 -0.0557641
0 -0.0256027 -0.0571889 -0.0556627
0 -0.0255885 -0.0571174 -0.0555834
0 -0.0255896 -0.0570642 -0.0555232
0 -0.0256018 -0.0570261 -0.0554783
0 -0.0256225 -0.0570011 -0.0554468
0 -0.0256496 -0.0569879 -0.0554272
0 -0.0256796 -0.0569838 -0.0554165
0 -0.0257074 -0.0569842 -0.0554102
0 -0.0257277 -0.0569844 -0.0554034
0 -0.0257356 -0.0569797 -0.0553917
0 -0.0257265 -0.0569653 -0.0553705
0 -0.0256946 -0.0569353 -0.0553338
0 -0.0256338 -0.0568828 -0.0552752
0 -0.0255407 -0.0568029 -0.0551903
0 -0.0254185 -0.0566975 -0.0550811
0 -0.025277 -0.0565744 -0.0549559
0 -0.0251263 -0.0564418 -0.0548231
0 -0.0249703 -0.0563016 -0.0546849
0 -0.0248085 -0.0561513 -0.054539
0 -0.0246419 -0.05599 -0.0543843
0 -0.0244754 -0.0558207 -0.054224
0 -0.0243159 -0.0556487 -0.054063
0 -0.0241692 -0.0554787 -0.0539054
0 -0.0240381 -0.0553124 -0.0537525
0 -0.0239221 -0.0551487 -0.0536026
0 -0.0238182 -0.0549845 -0.0534516
0 -0.0237244 -0.0548176 -0.0532967
0 -0.0236428 -0.0546506 -0.0531393
0 -0.0235781 -0.0544889 -0.052984
0 -0.0235325 -0.0543356 -0.052833
0 -0.0235033 -0.0541891 -0.0526838
0 -0.0234867 -0.0540474 -0.0525335
0 -0.0234823 -0.0539114 -0.0523825
0 -0.0234896 -0.0537827 -0.0522316
0 -0.0235028 -0.0536571 -0.0520766
0 -0.0235112 -0.0535258 -0.0519084
0 -0.0235048 -0.0533803 -0.0517184
0 -0.0234764 -0.0532146 -0.0515013
0 -0.0234194 -0.0530226 -0.0512516
0 -0.0233239 -0.0527948 -0.0509606
0 -0.0231797 -0.0525204 -0.0506186
0 -0.0229812 -0.0521926 -0.0502203
0 -0.0227307 -0.0518119 -0.0497675
0 -0.0224354 -0.0513831 -0.0492667
0 -0.0221031 -0.0509112 -0.0487243
0 -0.0217406 -0.0503999 -0.0481454
0 -0.0213546 -0.0498529 -0.0475349
0 -0.020955 -0.0492771 -0.0469005
0 -0.0205577 -0.0486858 -0.0462561
0 -0.0201845 -0.0480985 -0.0456215
0 -0.0198575 -0.0475362 -0.0450173
0 -0.0195897 -0.0470116 -0.0444556
0 -0.0193782 -0.0465227 -0.0439335
0 -0.0192088 -0.0460567 -0.043437
0 -0.0190672 -0.0456019 -0.0429527
0 -0.0189469 -0.0451541 -0.042475
0 -0.0188452 -0.044714 -0.0420028
0 -0.0187562 -0.0442784 -0.0415316
0 -0.018667 -0.0438379 -0.0410503
0 -0.0185637 -0.0433815 -0.0405468
0 -0.0184384 -0.0429037 -0.0400148
0 -0.0182898 -0.0424057 -0.0394547
0 -0.0181161 -0.0418871 -0.038866
0 -0.0179089 -0.0413405 -0.0382414
0 -0.0176555 -0.0407538 -0.0375692
0 -0.0173492 -0.0401198 -0.0368431
0 -0.016998 -0.0394456 -0.0360712
0 -0.0166226 -0.0387502 -0.0352738
0 -0.0162473 -0.0380564 -0.0344752
0 -0.015893 -0.0373837 -0.0336962
0 -0.0155759 -0.0367468 -0.0329534
0 -0.0153091 -0.0361585 -0.0322606
0 -0.0151054 -0.0356313 -0.0316318
0 -0.0149776 -0.0351788 -0.0310821
0 -0.0149391 -0.0348162 -0.0306272
0 -0.015003 -0.0345589 -0.0302838
0 -0.0151811 -0.0344227 -0.0300682
0 -0.0154827 -0.0344223 -0.0299954
0 -0.0159127 -0.0345687 -0.0300769
0 -0.0164701 -0.0348689 -0.0303197
0 -0.0171487 -0.0353253 -0.0307263
0 -0.0179375 -0.0359369 -0.0312956
0 -0.0188228 -0.0367001 -0.0320242
0 -0.0197906 -0.0376117 -0.032909
0 -0.0208289 -0.0386704 -0.033949
0 -0.0219278 -0.0398769 -0.0351453
0 -0.0230754 -0.0412288 -0.0364965
0 -0.0242528 -0.0427157 -0.0379936
0 -0.0254342 -0.0443185 -0.0396192
0 -0.0265926 -0.0460151 -0.0413537
0 -0.027706 -0.047786 -0.0431803
0 -0.0287583 -0.0496159 -0.045087
0 -0.0297372 -0.0514911 -0.0470636
0 -0.030632 -0.0533972 -0.0490995
0 -0.031433 -0.0553188 -0.0511823
0 -0.0321313 -0.057239 -0.0532985
0 -0.032718 -0.0591399 -0.0554325
0 -0.0331852 -0.0610028 -0.0575673
0 -0.0335314 -0.0628142 -0.0596906
0 -0.0337698 -0.0645752 -0.0618029
0 -0.0339295 -0.0663024 -0.0639196
0 -0.0340464 -0.0680199 -0.066062
0 -0.0341496 -0.069745 -0.0682444
0 -0.0342498 -0.0714774 -0.0704625
0 -0.034338 -0.0731978 -0.0726924
0 -0.0343962 -0.0748784 -0.0749007
0 -0.0344116 -0.0764982 -0.0770585
0 -0.0343886 -0.0780537 -0.0791538
0 -0.0343508 -0.079562 -0.0811943
0 -0.0343336 -0.0810523 -0.0832
0 -0.0343715 -0.0825545 -0.0851916
0 -0.034486 -0.0840869 -0.0871788
0 -0.0346815 -0.0856518 -0.0891562
0 -0.0349516 -0.0872417 -0.0911094
0 -0.0352893 -0.0888495 -0.0930259
0 -0.0356931 -0.0904743 -0.0949009
0 -0.0361671 -0.0921214 -0.0967371
0 -0.0367161 -0.0937969 -0.0985402
0 -0.0373391 -0.0955019 -0.100312
0 -0.0380252 -0.0972281 -0.102047
0 -0.0387553 -0.0989588 -0.103733
0 -0.0395072 -0.100674 -0.105354
0 -0.04026 -0.102355 -0.1069
0 -0.0409979 -0.103987 -0.108364
0 -0.0417122 -0.105564 -0.109747
0 -0.0424016 -0.107084 -0.111056
0 -0.0430661 -0.108547 -0.112302
0 -0.0436937 -0.109943 -0.113482
0 -0.0442559 -0.111241 -0.114575
0 -0.0447227 -0.112413 -0.115559
0 -0.045083 -0.113445 -0.116428
0 -0.0453495 -0.114349 -0.1172
0 -0.0455435 -0.115144 -0.1179
0 -0.0456758 -0.115841 -0.118539
0 -0.0457358 -0.116428 -0.119109
0 -0.0456965 -0.116875 -0.119581
0 -0.0455333 -0.117158 -0.119928
0 -0.045243 -0.11727 -0.120142
0 -0.0448431 -0.117225 -0.120235
0 -0.0443532 -0.11704 -0.120217
0 -0.043781 -0.116717 -0.120086
0 -0.0431239 -0.11625 -0.11983
0 -0.0423799 -0.115631 -0.119435
0 -0.0415532 -0.11486 -0.118892
0 -0.0406535 -0.113939 -0.118197
0 -0.0396928 -0.112876 -0.11735
0 -0.0386814 -0.111674 -0.116347
0 -0.0376241 -0.110332 -0.115179
0 -0.0365219 -0.108848 -0.113835
0 -0.035379 -0.10722 -0.11231
0 -0.03421 -0.10546 -0.110606
0 -0.0330427 -0.103594 -0.108745
0 -0.0319142 -0.101657 -0.106756
0 -0.0308614 -0.099688 -0.104676
0 -0.0299096 -0.0977134 -0.102527
0 -0.0290718 -0.0957512 -0.100327
0 -0.0283552 -0.0938144 -0.0980882
0 -0.0277632 -0.0919136 -0.0958229
0 -0.0272914 -0.0900528 -0.0935382
0 -0.0269252 -0.0882268 -0.091233
0 -0.0266436 -0.0864243 -0.0889021
0 -0.0264272 -0.084636 -0.0865434
0 -0.0262651 -0.0828611 -0.0841646
0 -0.0261569 -0.0811088 -0.0817842
0 -0.0261054 -0.0793919 -0.0794249
0 -0.0261077 -0.0777172 -0.0771024
0 -0.0261512 -0.0760827 -0.0748229
0 -0.026221 -0.074483 -0.0725904
0 -0.0263087 -0.0729183 -0.0704163
0 -0.0264134 -0.0713958 -0.0683182
0 -0.0265323 -0.0699206 -0.0663111
0 -0.0266514 -0.0684862 -0.064397
0 -0.0267464 -0.0670751 -0.0625654
0 -0.0267903 -0.065667 -0.0608016
0 -0.0267611 -0.0642453 -0.0590928
0 -0.0266433 -0.0627994 -0.0574302
0 -0.0264288 -0.0613249 -0.0558098
0 -0.0261196 -0.0598266 -0.0542348
0 -0.0257264 -0.0583174 -0.052715
0 -0.0252643 -0.0568134 -0.0512615
0 -0.0247478 -0.0553302 -0.0498836
0 -0.0241923 -0.0538834 -0.0485895
0 -0.0236179 -0.0524933 -0.0473906
0 -0.0230495 -0.0511845 -0.0463026
0 -0.0225123 -0.0499824 -0.0453407
0 -0.0220263 -0.0489073 -0.0445156
0 -0.0216028 -0.0479712 -0.0438293
0 -0.0212406 -0.0471736 -0.0432719
0 -0.0209247 -0.0465004 -0.0428209
0 -0.0206324 -0.0459293 -0.0424465
0 -0.0203395 -0.045436 -0.0421182
0 -0.0200257 -0.0449991 -0.0418096
0 -0.0196791 -0.0446043 -0.0415035
0 -0.0193007 -0.0442491 -0.0411956
0 -0.0189046 -0.0439422 -0.0408952
0 -0.0185122 -0.0436985 -0.0406193
0 -0.018148 -0.0435347 -0.0403886
0 -0.0178334 -0.0434638 -0.0402215
0 -0.0175749 -0.0434841 -0.0401225
0 -0.0173559 -0.0435704 -0.0400737
0 -0.0171453 -0.0436825 -0.0400429
0 -0.0169161 -0.0437846 -0.0400022
0 -0.0166563 -0.0438555 -0.0399381
0 -0.0163688 -0.0438888 -0.0398513
0 -0.0160679 -0.0438903 -0.0397543
0 -0.0157766 -0.0438747 -0.0396671
0 -0.0155209 -0.0438614 -0.0396129
0 -0.015327 -0.0438712 -0.039615
0 -0.0152184 -0.0439244 -0.0396947
0 -0.0152147 -0.0440389 -0.0398691
0 -0.0153287 -0.0442286 -0.0401499
0 -0.0155674 -0.0445037 -0.0405437
0 -0.0159318 -0.044871 -0.0410525
0 -0.0164153 -0.0453314 -0.0416715
0 -0.0169996 -0.0458763 -0.0423855
0 -0.0176577 -0.0464891 -0.0431714
0 -0.0183641 -0.0471554 -0.044008
0 -0.0191076 -0.0478756 -0.0448892
0 -0.0198928 -0.048665 -0.0458248
0 -0.0207284 -0.0495435 -0.0468298
0 -0.0216153 -0.050522 -0.0479116
0 -0.0225385 -0.0515951 -0.0490623
0 -0.0234677 -0.0527407 -0.0502592
0 -0.0243675 -0.0539298 -0.0514737
0 -0.025208 -0.0551368 -0.0526825
0 -0.0259705 -0.0563447 -0.0538719
0 -0.0266494 -0.0575472 -0.0550408
0 -0.0272525 -0.0587492 -0.0561999
0 -0.0277967 -0.0599632 -0.0573684
0 -0.0283021 -0.061203 -0.0585675
0 -0.0287879 -0.0624813 -0.0598171
0 -0.0292714 -0.0638079 -0.0611343
0 -0.0297639 -0.0651868 -0.0625296
0 -0.0302672 -0.0666127 -0.0640034
0 -0.03078 -0.0680776 -0.0655522
0 -0.0313089 -0.0695819 -0.0671799
0 -0.0318714 -0.0711382 -0.0689006
0 -0.0324867 -0.0727615 -0.07073
0 -0.0331593 -0.0744532 -0.072669
0 -0.033869 -0.0761907 -0.0746933
0 -0.0345767 -0.0779333 -0.0767593
0 -0.0352445 -0.0796413 -0.0788236
0 -0.0358536 -0.0812939 -0.0808612
0 -0.0364097 -0.0828953 -0.0828712
0 -0.0369331 -0.0844635 -0.0848659
0 -0.0374371 -0.0860112 -0.0868501
0 -0.0379154 -0.0875312 -0.0888086
0 -0.0383453 -0.0889999 -0.0907094
0 -0.0387006 -0.09039 -0.0925174
0 -0.0389623 -0.0916808 -0.0942043
0 -0.039127 -0.0928662 -0.0957574
0 -0.0392131 -0.0939617 -0.097186
0 -0.0392585 -0.0950016 -0.0985198
0 -0.0393052 -0.096024 -0.099793
0 -0.039377 -0.0970493 -0.101023
0 -0.0394686 -0.0980685 -0.1022
0 -0.0395543 -0.0990524 -0.103294
0 -0.0396066 -0.0999696 -0.104276
0 -0.0396079 -0.100798 -0.105124
0 -0.0395532 -0.101527 -0.105834
0 -0.0394512 -0.102161 -0.106412
0 -0.0393228 -0.102713 -0.106878
0 -0.0391945 -0.103206 -0.107258
0 -0.0390915 -0.103658 -0.10758
0 -0.039032 -0.104083 -0.107862
0 -0.039023 -0.104484 -0.108113
0 -0.0390599 -0.104853 -0.108332
0 -0.0391277 -0.105174 -0.108507
0 -0.0392029 -0.105422 -0.108619
0 -0.0392568 -0.105566 -0.108641
0 -0.039264 -0.10558 -0.108552
0 -0.0392148 -0.105455 -0.108344
0 -0.0391212 -0.105203 -0.108029
0 -0.0390066 -0.104847 -0.107632
0 -0.0388903 -0.104412 -0.107175
0 -0.0387779 -0.103905 -0.106663
0 -0.0386627 -0.103327 -0.106093
0 -0.0385331 -0.102671 -0.105452
0 -0.0383803 -0.101936 -0.104735
0 -0.0382044 -0.101129 -0.103942
0 -0.0380151 -0.100268 -0.103085
0 -0.0378265 -0.0993738 -0.102181
0 -0.0376528 -0.0984687 -0.101245
0 -0.0375048 -0.0975716 -0.100293
0 -0.0373879 -0.096696 -0.0993338
0 -0.0373034 -0.0958511 -0.0983744
0 -0.0372546 -0.0950479 -0.0974241
0 -0.0372519 -0.0943042 -0.0965007
0 -0.0373102 -0.0936426 -0.0956273
0 -0.0374398 -0.0930802 -0.0948238
0 -0.0376368 -0.0926206 -0.0940967
0 -0.0378835 -0.0922529 -0.0934398
0 -0.0381575 -0.0919609 -0.0928425
0 -0.038439 -0.0917304 -0.0922966
0 -0.0387069 -0.091545 -0.0917928
0 -0.0389325 -0.0913795 -0.0913125
0 -0.0390823 -0.091203 -0.0908313
0 -0.039134 -0.0909937 -0.0903334
0 -0.0390863 -0.0907496 -0.0898228
0 -0.0389532 -0.0904821 -0.0893172
0 -0.0387493 -0.0902017 -0.0888333
0 -0.0384812 -0.0899099 -0.0883781
0 -0.0381477 -0.0896001 -0.0879494
0 -0.0377449 -0.0892616 -0.0875402
0 -0.037271 -0.0888855 -0.0871436
0 -0.0367291 -0.088467 -0.0867556
0 -0.0361301 -0.0880092 -0.0863785
0 -0.0354974 -0.0875272 -0.0860253
0 -0.0348679 -0.0870506 -0.0857219
0 -0.0342842 -0.0866154 -0.0854994
0 -0.0337815 -0.0862516 -0.0853817
0 -0.0333788 -0.0859747 -0.0853777
0 -0.0330762 -0.0857824 -0.0854782
0 -0.0328556 -0.0856562 -0.0856568
0 -0.0326805 -0.08556 -0.0858688
0 -0.0325003 -0.0854444 -0.0860559
0 -0.0322739 -0.0852688 -0.0861682
0 -0.0319953 -0.0850276 -0.0861918
0 -0.0316979 -0.0847537 -0.0861521
0 -0.0314327 -0.0844976 -0.0860933
0 -0.0312402 -0.0842998 -0.0860504
0 -0.0311298 -0.0841702 -0.0860294
0 -0.0310732 -0.0840811 -0.0860001
0 -0.0310179 -0.0839805 -0.0859094
0 -0.0309143 -0.0838185 -0.085708
0 -0.0307332 -0.0835644 -0.0853672
0 -0.03046 -0.0832008 -0.0848731
0 -0.0300794 -0.0827082 -0.0842113
0 -0.0295701 -0.0820601 -0.0833608
0 -0.028912 -0.0812293 -0.0823011
0 -0.0280983 -0.0802008 -0.0810244
0 -0.0271456 -0.0789818 -0.0795451
0 -0.0260987 -0.0776073 -0.0779054
0 -0.025034 -0.0761449 -0.076179
0 -0.0240617 -0.0746982 -0.0744746
0 -0.0233064 -0.0733882 -0.0729167
0 -0.0228545 -0.072302 -0.0715944
0 -0.0227012 -0.0714394 -0.070508
0 -0.0227437 -0.0707056 -0.0695627
0 -0.0228309 -0.0699595 -0.0686165
0 -0.0228379 -0.0690863 -0.0675538
0 -0.0227255 -0.068056 -0.0663434
0 -0.0225529 -0.0669356 -0.0650512
0 -0.0224346 -0.0658484 -0.0637986
0 -0.0224745 -0.0649081 -0.0626976
0 -0.0227225 -0.0641766 -0.0618082
0 -0.0231688 -0.0636579 -0.0611324
0 -0.0237632 -0.0633166 -0.0606333
0 -0.0244436 -0.0631058 -0.0602631
0 -0.025158 -0.0629879 -0.0599837
0 -0.0258687 -0.0629386 -0.0597713
0 -0.0265491 -0.0629431 -0.0596122
0 -0.0271834 -0.0629959 -0.0595024
0 -0.0277631 -0.0630969 -0.0594442
0 -0.0282582 -0.0632226 -0.0594168
0 -0.028587 -0.0632954 -0.0593459
0 -0.0286356 -0.0632023 -0.0591218
0 -0.0283176 -0.0628532 -0.0586584
0 -0.0276174 -0.0622236 -0.0579351
0 -0.0265939 -0.0613584 -0.0570015
0 -0.0253524 -0.0603454 -0.0559496
0 -0.0240071 -0.0592791 -0.054878
0 -0.0226527 -0.0582346 -0.0538644
0 -0.021355 -0.0572588 -0.0529577
0 -0.020156 -0.0563769 -0.0521833
0 -0.0190871 -0.055606 -0.0515568
0 -0.0181801 -0.0549663 -0.0510956
0 -0.0174714 -0.0544859 -0.0508233
0 -0.0170093 -0.0542082 -0.0507773
0 -0.0168563 -0.0541944 -0.051012
0 -0.0170653 -0.0545006 -0.0515756
0 -0.0176386 -0.0551374 -0.0524701
0 -0.0184936 -0.0560339 -0.0536159
0 -0.0194583 -0.0570324 -0.0548469
0 -0.0203222 -0.0579353 -0.0559581
0 -0.0209152 -0.0585823 -0.0567833
0 -0.0211597 -0.058901 -0.0572456
0 -0.0210739 -0.0589097 -0.0573606
0 -0.0207415 -0.0586885 -0.0572072
0 -0.0202742 -0.0583425 -0.0568906
0 -0.0197725 -0.0579646 -0.0565051
0 -0.0192925 -0.0576028 -0.0561011
0 -0.0188324 -0.0572474 -0.0556725
0 -0.0183518 -0.0568503 -0.0551749
0 -0.0178099 -0.0563619 -0.0545637
0 -0.0171988 -0.055766 -0.0538275
0 -0.0165606 -0.0550957 -0.053005
0 -0.0159855 -0.0544337 -0.0521841
0 -0.0155943 -0.0538959 -0.0514851
0 -0.0155081 -0.0536021 -0.0510319
0 -0.015818 -0.0536473 -0.0509223
0 -0.0165659 -0.0540834 -0.0512102
0 -0.0177379 -0.0549121 -0.0518983
0 -0.0192652 -0.0560845 -0.0529384
0 -0.0210303 -0.0575068 -0.0542365
0 -0.0228847 -0.059054 -0.0556681
0 -0.0246765 -0.0605971 -0.0571041
0 -0.026281 -0.0620303 -0.0584396
0 -0.0276211 -0.0632916 -0.0596137
0 -0.0286816 -0.0643759 -0.0606232
0 -0.0295091 -0.0653362 -0.0615234
0 -0.0301888 -0.0662609 -0.0624053
0 -0.0308059 -0.0672355 -0.063358
0 -0.0314102 -0.068309 -0.0644334
0 -0.0319962 -0.0694731 -0.0656271
0 -0.0325053 -0.0706654 -0.0668798
0 -0.0328559 -0.0717979 -0.0681068
0 -0.0329809 -0.0727946 -0.0692351
0 -0.0328449 -0.073608 -0.0702195
0 -0.0324401 -0.0742147 -0.0710387
0 -0.0317777 -0.0746075 -0.0716862
0 -0.030879 -0.0747873 -0.0721625
0 -0.0297665 -0.0747548 -0.0724667
0 -0.0284539 -0.0745017 -0.0725871
0 -0.0269451 -0.074009 -0.0725003
0 -0.0252495 -0.0732615 -0.072186
0 -0.0234003 -0.0722685 -0.0716473
0 -0.0214657 -0.0710757 -0.0709228
0 -0.0195453 -0.0697632 -0.0700837
0 -0.0177553 -0.0684315 -0.0692198
0 -0.0162074 -0.0671809 -0.0684196
0 -0.0149885 -0.0660919 -0.0677514
0 -0.0141488 -0.0652126 -0.0672509
0 -0.0136993 -0.0645571 -0.0669198
0 -0.0136219 -0.0641144 -0.0667355
0 -0.0138831 -0.0638628 -0.0666654
0 -0.0144469 -0.0637828 -0.0666803
0 -0.015284 -0.063865 -0.0667635
0 -0.0163726 -0.0641104 -0.066911
0 -0.0176804 -0.0645118 -0.067113
0 -0.0191444 -0.065032 -0.067333
0 -0.0206881 -0.0656201 -0.0675238
0 -0.0222711 -0.0662597 -0.0676758
0 -0.0239126 -0.0669924 -0.0678407
0 -0.0256654 -0.0678918 -0.0681043
0 -0.0275674 -0.0690149 -0.0685388
0 -0.0296082 -0.0703699 -0.0691682
0 -0.0317246 -0.0719116 -0.0699645
0 -0.0338157 -0.0735535 -0.0708612
0 -0.0357623 -0.0751872 -0.0717711
0 -0.0374481 -0.0767028 -0.0726054
0 -0.0387782 -0.0780072 -0.073292
0 -0.0396887 -0.0790344 -0.0737839
0 -0.0401502 -0.0797494 -0.0740635
0 -0.0401721 -0.0801518 -0.0741452
0 -0.0398048 -0.0802791 -0.0740782
0 -0.0391339 -0.0802001 -0.0739398
0 -0.0382608 -0.0799975 -0.0738171
0 -0.0372819 -0.0797484 -0.0737876
0 -0.0362783 -0.0795161 -0.0739105
0 -0.0353201 -0.079354 -0.074231
0 -0.0344753 -0.0793166 -0.0747913
0 -0.0338104 -0.07946 -0.0756312
0 -0.0333721 -0.0798249 -0.0767721
0 -0.0331662 -0.0804147 -0.0781956
0 -0.0331525 -0.0811897 -0.0798396
0 -0.0332592 -0.08208 -0.0816125
0 -0.0334053 -0.0830068 -0.0834149
0 -0.0335215 -0.0839033 -0.0851587
0 -0.0335685 -0.0847321 -0.0867856
0 -0.0335457 -0.0854931 -0.0882765
0 -0.033483 -0.0862149 -0.0896439
0 -0.0334169 -0.0869318 -0.0909088
0 -0.0333718 -0.0876654 -0.0920829
0 -0.0333587 -0.0884226 -0.0931668
0 -0.0333848 -0.0892061 -0.0941603
0 -0.0334632 -0.090024 -0.0950722
0 -0.0336111 -0.0908881 -0.0959186
0 -0.0338361 -0.0918006 -0.0967089
0 -0.034122 -0.0927398 -0.0974319
0 -0.0344273 -0.0936587 -0.0980532
0 -0.0346974 -0.0944965 -0.0985267
0 -0.0348822 -0.095196 -0.0988114
0 -0.0349474 -0.0957148 -0.0988821
0 -0.0348749 -0.0960256 -0.0987286
0 -0.0346566 -0.0961102 -0.0983498
0 -0.0342921 -0.0959575 -0.0977508
0 -0.0337888 -0.0955636 -0.0969422
0 -0.0331577 -0.0949287 -0.0959367
0 -0.0324089 -0.0940527 -0.094744
0 -0.0315516 -0.0929359 -0.0933715
0 -0.0305996 -0.0915848 -0.0918296
0 -0.0295775 -0.0900191 -0.0901386
0 -0.0285256 -0.088276 -0.0883332
0 -0.0274975 -0.0864091 -0.0864614
0 -0.0265517 -0.0844804 -0.0845768
0 -0.0257414 -0.0825504 -0.0827296
0 -0.0251077 -0.0806711 -0.0809594
0 -0.0246785 -0.0788851 -0.0792947
0 -0.024473 -0.0772296 -0.0777577
0 -0.0245036 -0.0757377 -0.0763666
0 -0.0247763 -0.0744383 -0.0751357
0 -0.025293 -0.0733579 -0.0740787
0 -0.0260575 -0.0725267 -0.0732143
0 -0.0270745 -0.0719771 -0.0725657
0 -0.0283365 -0.0717288 -0.0721471
0 -0.0298087 -0.0717736 -0.0719482
0 -0.0314265 -0.072072 -0.0719307
0 -0.0331069 -0.0725643 -0.0720392
0 -0.034767 -0.0731887 -0.0722184
0 -0.0363407 -0.073896 -0.0724284
0 -0.0377821 -0.0746529 -0.0726482
0 -0.0390602 -0.0754368 -0.0728702
0 -0.0401541 -0.0762314 -0.073095
0 -0.0410518 -0.0770256 -0.0733295
0 -0.0417472 -0.0778108 -0.0735835
0 -0.0422338 -0.0785746 -0.073863
0 -0.0425049 -0.0793007 -0.0741701
0 -0.0425609 -0.079977 -0.0745095
0 -0.0424149 -0.0806008 -0.0748941
0 -0.0420883 -0.0811753 -0.07534
0 -0.0416036 -0.0817026 -0.0758593
0 -0.0409838 -0.0821843 -0.0764601
0 -0.0402579 -0.0826276 -0.0771522
0 -0.0394636 -0.0830493 -0.0779505
0 -0.038642 -0.0834707 -0.0788705
0 -0.0378301 -0.0839117 -0.0799219
0 -0.0370581 -0.0843871 -0.0811057
0 -0.0363482 -0.0849064 -0.0824149
0 -0.0357106 -0.0854693 -0.0838301
0 -0.0351377 -0.0860599 -0.0853153
0 -0.0346063 -0.0866475 -0.0868197
0 -0.0340898 -0.0872001 -0.0882896
0 -0.0335743 -0.0876996 -0.0896847
0 -0.0330651 -0.088148 -0.0909847
0 -0.0325813 -0.0885611 -0.0921849
0 -0.0321472 -0.088961 -0.0932887
0 -0.0317875 -0.0893697 -0.0943023
0 -0.031522 -0.0898049 -0.0952305
0 -0.0313595 -0.0902737 -0.0960711
0 -0.0312939 -0.090768 -0.0968101
0 -0.0313057 -0.0912665 -0.0974244
0 -0.0313719 -0.0917438 -0.0978902
0 -0.0314747 -0.0921796 -0.0981925
0 -0.031604 -0.0925606 -0.0983266
0 -0.0317502 -0.0928737 -0.098291
0 -0.0318956 -0.093097 -0.0980781
0 -0.0320158 -0.0932018 -0.0976754
0 -0.0320948 -0.093168 -0.0970798
0 -0.0321371 -0.092996 -0.0963098
0 -0.0321627 -0.0927024 -0.0954001
0 -0.0321903 -0.0923045 -0.0943849
0 -0.032227 -0.0918092 -0.093287
0 -0.0322685 -0.091214 -0.092118
0 -0.0323049 -0.0905132 -0.0908833
0 -0.0323247 -0.0897013 -0.0895858
0 -0.0323168 -0.0887746 -0.0882273
0 -0.0322738 -0.0877347 -0.0868129
0 -0.0321964 -0.0865921 -0.0853542
0 -0.0320913 -0.085364 -0.0838686
0 -0.0319657 -0.084069 -0.0823723
0 -0.0318213 -0.0827205 -0.0808743
0 -0.0316525 -0.081325 -0.0793758
0 -0.0314496 -0.0798844 -0.0778721
0 -0.0312014 -0.0783988 -0.0763562
0 -0.0308967 -0.0768677 -0.0748198
0 -0.0305253 -0.075291 -0.0732543
0 -0.0300806 -0.0736702 -0.0716532
0 -0.0295631 -0.0720125 -0.0700162
0 -0.0289824 -0.0703327 -0.0683508
0 -0.028354 -0.0686496 -0.0666698
0 -0.0276914 -0.0669788 -0.0649836
0 -0.0269984 -0.0653247 -0.0632929
0 -0.0262677 -0.0636797 -0.0615871
0 -0.0254891 -0.0620315 -0.0598526
0 -0.0246596 -0.060374 -0.0580828
0 -0.0237859 -0.0587095 -0.0562809
0 -0.0228766 -0.0570411 -0.0544518
0 -0.0219351 -0.0553664 -0.0525957
0 -0.0209619 -0.0536792 -0.05071
0 -0.0199635 -0.0519792 -0.0487983
0 -0.018959 -0.0502786 -0.0468772
0 -0.0179817 -0.0486038 -0.0449778
0 -0.0170754 -0.046993 -0.0431428
0 -0.016287 -0.0454884 -0.0414188
0 -0.0156571 -0.0441272 -0.039847
0 -0.0152153 -0.0429373 -0.0384593
0 -0.0149821 -0.0419394 -0.0372794
0 -0.0149715 -0.0411491 -0.0363256
0 -0.0151879 -0.0405751 -0.0356085
0 -0.0156218 -0.0402143 -0.0351266
0 -0.0162497 -0.0400525 -0.0348662
0 -0.0170378 -0.0400665 -0.0348044
0 -0.017948 -0.0402307 -0.0349148
0 -0.0189484 -0.040526 -0.0351776
0 -0.0200223 -0.0409497 -0.0355882
0 -0.0211676 -0.0415139 -0.036157
0 -0.0223879 -0.0422367 -0.0368999
0 -0.0236837 -0.0431333 -0.0378297
0 -0.0250494 -0.0442128 -0.038953
0 -0.0264735 -0.0454786 -0.0402707
0 -0.0279403 -0.0469292 -0.0417793
0 -0.0294315 -0.0485593 -0.0434715
0 -0.0309273 -0.0503603 -0.045338
0 -0.0324076 -0.0523208 -0.0473676
0 -0.0338516 -0.0544253 -0.0495471
0 -0.0352366 -0.0566534 -0.0518591
0 -0.036538 -0.0589788 -0.0542819
0 -0.0377354 -0.061376 -0.0567952
0 -0.0388212 -0.0638295 -0.0593893
0 -0.0398044 -0.0663373 -0.0620686
0 -0.0407042 -0.068906 -0.0648456
0 -0.0415403 -0.0715411 -0.0677317
0 -0.0423267 -0.0742413 -0.0707305
0 -0.0430691 -0.0769975 -0.0738365
0 -0.0437669 -0.0797944 -0.077036
0 -0.0444165 -0.0826145 -0.0803113
0 -0.0450147 -0.0854417 -0.0836448
0 -0.0455621 -0.0882641 -0.0870213
0 -0.046067 -0.0910788 -0.0904326
0 -0.0465475 -0.0938935 -0.0938803
0 -0.0470273 -0.0967234 -0.0973719
0 -0.0475295 -0.0995849 -0.100913
0 -0.048071 -0.10249 -0.104505
0 -0.0486631 -0.105447 -0.108142
0 -0.0493135 -0.108461 -0.111818
0 -0.0500259 -0.111536 -0.115523
0 -0.0507956 -0.114665 -0.119241
0 -0.0516067 -0.117834 -0.122946
0 -0.0524336 -0.121016 -0.126603
0 -0.0532455 -0.124182 -0.130176
0 -0.0540082 -0.127297 -0.133624
0 -0.0546866 -0.130325 -0.13691
0 -0.055247 -0.13323 -0.139997
0 -0.0556599 -0.135979 -0.142855
0 -0.0559027 -0.138548 -0.14546
0 -0.0559619 -0.140916 -0.1478
0 -0.0558329 -0.143073 -0.14987
0 -0.0555143 -0.14501 -0.151668
0 -0.0550035 -0.146712 -0.153192
0 -0.0542956 -0.148163 -0.154432
0 -0.0533884 -0.149345 -0.155383
0 -0.0522865 -0.150247 -0.156044
0 -0.0510028 -0.150863 -0.156418
0 -0.0495573 -0.151195 -0.156518
0 -0.0479733 -0.151246 -0.156355
0 -0.046275 -0.15102 -0.155942
0 -0.0444867 -0.150521 -0.155289
0 -0.0426317 -0.149754 -0.154406
0 -0.0407329 -0.148724 -0.153301
0 -0.0388127 -0.147437 -0.151983
0 -0.0368949 -0.145901 -0.15046
0 -0.0350044 -0.144128 -0.148741
0 -0.0331646 -0.142131 -0.146835
0 -0.0313942 -0.139922 -0.144746
0 -0.0297046 -0.137509 -0.142475
0 -0.0280996 -0.1349 -0.140017
0 -0.0265762 -0.1321 -0.137363
0 -0.0251256 -0.129114 -0.134501
0 -0.0237349 -0.125943 -0.131418
0 -0.02239 -0.122592 -0.128101
0 -0.0210765 -0.119066 -0.12454
0 -0.0197824 -0.115377 -0.12073
0 -0.018502 -0.111538 -0.116676
0 -0.0172372 -0.107575 -0.11239
0 -0.0159936 -0.103511 -0.107894
0 -0.0147758 -0.0993688 -0.103208
0 -0.0135861 -0.095167 -0.098352
0 -0.0124275 -0.0909216 -0.0933501
0 -0.0113062 -0.0866495 -0.0882294
0 -0.0102314 -0.0823677 -0.0830217
0 -0.00921454 -0.0780939 -0.0777614
0 -0.00826945 -0.0738464 -0.0724853
0 -0.00741356 -0.0696451 -0.0672348
0 -0.00666784 -0.0655121 -0.0620549
0 -0.0060539 -0.0614692 -0.056991
0 -0.00559011 -0.0575348 -0.0520843
0 -0.00529157 -0.053724 -0.047371
0 -0.00517381 -0.0500532 -0.0428861
0 -0.00525361 -0.0465406 -0.0386638
0 -0.00554476 -0.043204 -0.0347345
0 -0.00605524 -0.0400582 -0.0311219
0 -0.00679045 -0.0371188 -0.0278464
0 -0.00775745 -0.0344063 -0.0249295
0 -0.00896445 -0.0319456 -0.0223931
0 -0.0104156 -0.0297609 -0.0202545
0 -0.0121054 -0.0278698 -0.018521
0 -0.0140167 -0.0262812 -0.0171881
0 -0.0161247 -0.0249979 -0.016243
0 -0.0184027 -0.0240228 -0.0156709
0 -0.020826 -0.0233607 -0.015458
0 -0.0233687 -0.0230154 -0.0155888
0 -0.0260004 -0.0229847 -0.0160425
0 -0.0286852 -0.0232601 -0.0167928
0 -0.0313872 -0.0238311 -0.0178126
0 -0.0340749 -0.0246889 -0.0190791
0 -0.036721 -0.0258262 -0.0205731
0 -0.0392978 -0.0272331 -0.0222752
0 -0.0417772 -0.0288955 -0.0241652
0 -0.0441351 -0.0308006 -0.0262265
0 -0.0463551 -0.0329402 -0.0284503
0 -0.0484269 -0.0353083 -0.0308327
0 -0.0503413 -0.0378945 -0.0333696
0 -0.0520882 -0.0406804 -0.0360535
0 -0.0536569 -0.04364 -0.0388739
0 -0.0550377 -0.0467429 -0.0418193
0 -0.0562224 -0.0499554 -0.0448772
0 -0.0572023 -0.0532398 -0.0480328
0 -0.0579672 -0.056554 -0.0512669
0 -0.0585055 -0.0598537 -0.054557
0 -0.0588066 -0.0630949 -0.0578785
0 -0.0588615 -0.0662362 -0.061206
0 -0.0586656 -0.0692416 -0.0645145
0 -0.05822 -0.0720817 -0.0677809
0 -0.0575293 -0.0747319 -0.0709813
0 -0.0565975 -0.0771682 -0.074087
0 -0.0554272 -0.0793672 -0.0770641
0 -0.0540243 -0.0813106 -0.079879
0 -0.052402 -0.082988 -0.0825037
0 -0.0505797 -0.0843961 -0.0849151
0 -0.0485792 -0.0855355 -0.0870907
0 -0.046423 -0.0864089 -0.0890083
0 -0.0441347 -0.0870211 -0.0906468
0 -0.0417403 -0.0873809 -0.09199
0 -0.03927 -0.0875022 -0.0930283
0 -0.0367582 -0.0874041 -0.0937594
0 -0.0342412 -0.0871079 -0.0941861
0 -0.0317541 -0.0866348 -0.0943145
0 -0.0293298 -0.0860044 -0.0941532
0 -0.0269995 -0.0852359 -0.0937143
0 -0.0247947 -0.084349 -0.0930147
0 -0.022748 -0.0833654 -0.0920771
0 -0.0208923 -0.0823074 -0.0909288
0 -0.0192589 -0.0811963 -0.0895991
0 -0.0178755 -0.0800504 -0.0881179
0 -0.0167668 -0.0788858 -0.0865149
0 -0.0159531 -0.0777169 -0.0848192
0 -0.0154494 -0.0765573 -0.0830589
0 -0.0152634 -0.0754188 -0.0812591
0 -0.0153934 -0.0743091 -0.0794405
0 -0.0158266 -0.0732315 -0.0776177
0 -0.0165384 -0.0721835 -0.0757988
0 -0.0174945 -0.0711585 -0.0739871
0 -0.0186557 -0.0701489 -0.0721835
0 -0.0199806 -0.0691481 -0.0703894
0 -0.0214269 -0.0681499 -0.0686054
0 -0.0229522 -0.0671488 -0.0668311
0 -0.0245141 -0.0661383 -0.0650644
0 -0.0260721 -0.0651113 -0.0633046
0 -0.0275877 -0.0640602 -0.0615518
0 -0.0290263 -0.0629775 -0.0598066
0 -0.0303578 -0.0618566 -0.0580707
0 -0.0315568 -0.0606931 -0.0563472
0 -0.0326027 -0.0594837 -0.0546396
0 -0.0334786 -0.0582267 -0.0529521
0 -0.0341725 -0.0569221 -0.0512892
0 -0.034678 -0.0555737 -0.0496576
0 -0.0349951 -0.0541895 -0.0480669
0 -0.0351286 -0.0527807 -0.0465276
0 -0.0350863 -0.0513595 -0.04505
0 -0.0348779 -0.0499387 -0.0436432
0 -0.0345138 -0.0485299 -0.0423135
0 -0.0340034 -0.0471422 -0.0410633
0 -0.0333551 -0.045782 -0.0398913
0 -0.0325773 -0.0444543 -0.0387938
0 -0.0316786 -0.0431631 -0.0377656
0 -0.0306679 -0.0419111 -0.0367998
0 -0.0295548 -0.0406997 -0.0358882
0 -0.0283523 -0.0395319 -0.035025
0 -0.0270795 -0.0384149 -0.0342088
0 -0.0257608 -0.0373587 -0.0334427
0 -0.0244202 -0.0363719 -0.0327297
0 -0.0230781 -0.0354581 -0.0320686
0 -0.0217498 -0.0346154 -0.0314546
0 -0.0204484 -0.0338394 -0.0308812
0 -0.0191857 -0.0331245 -0.0303421
0 -0.0179723 -0.0324645 -0.029831
0 -0.0168164 -0.0318519 -0.0293414
0 -0.0157243 -0.0312779 -0.0288662
0 -0.0147021 -0.0307352 -0.0283996
0 -0.0137587 -0.0302204 -0.0279408
0 -0.0129066 -0.0297356 -0.0274936
0 -0.0121594 -0.0292853 -0.0270649
0 -0.0115295 -0.028875 -0.0266618
0 -0.0110275 -0.0285099 -0.0262912
0 -0.0106631 -0.0281965 -0.0259606
0 -0.0104466 -0.0279437 -0.0256797
0 -0.0103905 -0.0277645 -0.025462
0 -0.0105089 -0.0276762 -0.0253246
0 -0.0108146 -0.027698 -0.0252861
0 -0.0113162 -0.0278478 -0.0253638
0 -0.0120158 -0.0281405 -0.0255712
0 -0.0129079 -0.0285855 -0.0259168
0 -0.0139786 -0.0291864 -0.0264032
0 -0.0152072 -0.0299411 -0.027028
0 -0.0165671 -0.030843 -0.0277846
0 -0.0180261 -0.0318799 -0.0286618
0 -0.0195465 -0.0330337 -0.0296434
0 -0.0210869 -0.0342812 -0.030709
0 -0.0226037 -0.0355952 -0.0318351
0 -0.0240541 -0.0369468 -0.0329978
0 -0.0254002 -0.0383091 -0.0341755
0 -0.0266106 -0.0396585 -0.0353509
0 -0.0276587 -0.040973 -0.0365085
0 -0.0285189 -0.0422282 -0.0376312
0 -0.0291659 -0.0433963 -0.0386988
0 -0.0295773 -0.0444495 -0.0396908
0 -0.0297378 -0.0453628 -0.0405892
0 -0.0296401 -0.0461166 -0.0413808
0 -0.0292851 -0.0466958 -0.0420557
0 -0.0286805 -0.0470897 -0.042607
0 -0.0278414 -0.047293 -0.0430316
0 -0.0267913 -0.0473072 -0.0433312
0 -0.0255617 -0.0471412 -0.0435128
0 -0.0241916 -0.04681 -0.0435875
0 -0.0227258 -0.046335 -0.0435706
0 -0.0212143 -0.0457451 -0.0434823
0 -0.0197129 -0.0450772 -0.0433488
0 -0.0182824 -0.0443761 -0.0432031
0 -0.0169864 -0.0436926 -0.0430844
0 -0.0158861 -0.0430782 -0.0430319
0 -0.0150333 -0.0425792 -0.0430782
0 -0.0144695 -0.0422357 -0.0432484
0 -0.0142288 -0.0420842 -0.0435642
0 -0.01434 -0.04216 -0.0440467
0 -0.014826 -0.0424967 -0.044717
0 -0.0157027 -0.0431266 -0.0455957
0 -0.0169773 -0.0440773 -0.0467015
0 -0.0186427 -0.0453667 -0.0480452
0 -0.0206746 -0.0469981 -0.0496264
0 -0.0230336 -0.0489619 -0.0514347
0 -0.0256711 -0.0512391 -0.0534538
0 -0.0285322 -0.0538032 -0.0556632
0 -0.0315559 -0.0566209 -0.0580386
0 -0.0346789 -0.0596537 -0.0605543
0 -0.0378405 -0.0628597 -0.0631853
0 -0.0409833 -0.066194 -0.0659073
0 -0.0440504 -0.0696077 -0.0686927
0 -0.0469844 -0.0730468 -0.0715098
0 -0.0497299 -0.0764546 -0.0743257
0 -0.0522361 -0.0797745 -0.0771082
0 -0.0544566 -0.082951 -0.0798254
0 -0.0563477 -0.085928 -0.0824434
0 -0.0578666 -0.0886489 -0.0849242
0 -0.0589729 -0.0910586 -0.087228
0 -0.0596338 -0.0931091 -0.0893177
0 -0.0598304 -0.0947664 -0.0911653
0 -0.0595623 -0.0960141 -0.0927556
0 -0.0588475 -0.096852 -0.0940844
0 -0.05772 -0.0972936 -0.0951554
0 -0.0562273 -0.0973646 -0.0959794
0 -0.0544285 -0.0971011 -0.0965739
0 -0.052389 -0.0965456 -0.0969605
0 -0.0501751 -0.0957414 -0.0971597
0 -0.0478519 -0.0947327 -0.0971897
0 -0.0454863 -0.0935678 -0.0970707
0 -0.0431487 -0.0923011 -0.0968282
0 -0.0409093 -0.0909895 -0.0964913
0 -0.0388325 -0.089687 -0.0960876
0 -0.0369725 -0.0884397 -0.0956394
0 -0.035371 -0.0872832 -0.095161
0 -0.0340572 -0.0862425 -0.0946608
0 -0.0330519 -0.0853361 -0.0941441
0 -0.03237 -0.084578 -0.0936166
0 -0.0320212 -0.0839796 -0.0930851
0 -0.0320113 -0.083551 -0.092559
0 -0.0323405 -0.0833007 -0.0920494
0 -0.0329978 -0.0832302 -0.0915641
0 -0.033959 -0.083331 -0.0911043
0 -0.0351892 -0.0835872 -0.0906673
0 -0.0366491 -0.0839804 -0.090251
0 -0.0382987 -0.0844921 -0.0898559
0 -0.0400977 -0.0851046 -0.0894854
0 -0.0420049 -0.0857995 -0.0891441
0 -0.0439795 -0.0865592 -0.0888384
0 -0.0459834 -0.0873672 -0.0885763
0 -0.0479826 -0.0882093 -0.0883678
0 -0.049947 -0.0890737 -0.0882237
0 -0.0518495 -0.0899485 -0.088154
0 -0.0536644 -0.0908217 -0.0881675
0 -0.0553695 -0.0916821 -0.0882721
0 -0.0569466 -0.0925209 -0.0884759
0 -0.0583821 -0.093333 -0.0887865
0 -0.0596658 -0.0941153 -0.0892105
0 -0.0607891 -0.0948657 -0.0897507
0 -0.0617431 -0.0955812 -0.0904054
0 -0.0625183 -0.0962575 -0.0911673
0 -0.0631067 -0.0968915 -0.0920265
0 -0.0635054 -0.0974838 -0.0929736
0 -0.063717 -0.0980392 -0.094001
0 -0.0637473 -0.098564 -0.0950999
0 -0.0636015 -0.0990617 -0.0962573
0 -0.0632821 -0.0995298 -0.0974532
0 -0.0627874 -0.0999585 -0.0986599
0 -0.0621126 -0.100331 -0.0998439
0 -0.0612524 -0.100628 -0.100969
0 -0.0602031 -0.100826 -0.101999
0 -0.0589632 -0.100905 -0.102895
0 -0.0575339 -0.100843 -0.103623
0 -0.0559209 -0.100621 -0.104148
0 -0.0541358 -0.100225 -0.104445
0 -0.0521943 -0.0996459 -0.104492
0 -0.0501128 -0.0988728 -0.104269
0 -0.0479071 -0.0978954 -0.103758
0 -0.0455921 -0.0967041 -0.102943
0 -0.0431844 -0.0952914 -0.101812
0 -0.0407039 -0.0936538 -0.10036
0 -0.0381733 -0.0917916 -0.0985864
0 -0.0356185 -0.08971 -0.0964997
0 -0.0330681 -0.0874189 -0.0941139
0 -0.0305509 -0.0849301 -0.0914473
0 -0.0280923 -0.0822545 -0.0885186
0 -0.0257118 -0.0794004 -0.0853443
0 -0.0234245 -0.0763756 -0.0819399
0 -0.0212441 -0.0731915 -0.0783235
0 -0.0191863 -0.0698659 -0.0745188
0 -0.0172696 -0.0664234 -0.0705553
0 -0.0155132 -0.062893 -0.0664661
0 -0.0139334 -0.0593046 -0.062284
0 -0.0125435 -0.0556877 -0.0580414
0 -0.0113556 -0.0520727 -0.053771
0 -0.0103821 -0.0484912 -0.0495071
0 -0.00963391 -0.0449744 -0.0452839
0 -0.00911946 -0.0415518 -0.0411334
0 -0.00884467 -0.0382503 -0.0370858
0 -0.00881563 -0.0350955 -0.0331725
0 -0.00903952 -0.0321134 -0.0294282
0 -0.00952335 -0.0293298 -0.0258892
0 -0.0102725 -0.0267696 -0.022592
0 -0.0112894 -0.0244557 -0.019571
0 -0.0125733 -0.0224081 -0.0168579
0 -0.0141211 -0.0206461 -0.0144828
0 -0.0159286 -0.0191888 -0.0124744
0 -0.0179904 -0.0180554 -0.0108601
0 -0.0202991 -0.0172641 -0.00966462
0 -0.0228443 -0.0168313 -0.00890838
0 -0.0256119 -0.0167699 -0.00860661
0 -0.0285837 -0.0170888 -0.00876807
0 -0.0317365 -0.0177916 -0.00939447
0 -0.0350423 -0.0188766 -0.0104802
0 -0.0384687 -0.0203362 -0.0120122
0 -0.0419784 -0.0221572 -0.0139695
0 -0.0455302 -0.02432 -0.0163239
0 -0.0490793 -0.0268002 -0.0190407
0 -0.0525796 -0.0295695 -0.0220811
0 -0.0559835 -0.0325956 -0.025402
0 -0.0592412 -0.0358415 -0.0289562
0 -0.0623003 -0.0392633 -0.0326911
0 -0.0651059 -0.0428087 -0.0365486
0 -0.0676042 -0.046419 -0.0404683
0 -0.069745 -0.0500331 -0.044391
0 -0.0714844 -0.0535901 -0.0482605
0 -0.0727862 -0.0570321 -0.0520261
0 -0.0736241 -0.0603064 -0.0556442
0 -0.0739846 -0.0633694 -0.0590807
0 -0.0738674 -0.0661877 -0.0623118
0 -0.0732866 -0.068739 -0.0653228
0 -0.0722719 -0.0710136 -0.068109
0 -0.0708674 -0.0730142 -0.0706759
0 -0.0691298 -0.0747551 -0.0730378
0 -0.0671231 -0.0762592 -0.0752145
0 -0.0649149 -0.0775545 -0.0772281
0 -0.0625717 -0.0786713 -0.0791
0 -0.0601573 -0.0796404 -0.0808489
0 -0.0577316 -0.0804932 -0.0824916
0 -0.0553524 -0.0812624 -0.0840451
0 -0.0530749 -0.0819827 -0.0855281
0 -0.0509517 -0.0826894 -0.0869596
0 -0.0490286 -0.083414 -0.0883561
0 -0.04734 -0.0841791 -0.0897264
0 -0.0459053 -0.0849952 -0.0910688
0 -0.0447288 -0.0858594 -0.0923711
0 -0.0438032 -0.0867587 -0.0936134
0 -0.0431126 -0.087673 -0.0947711
0 -0.0426356 -0.0885771 -0.0958176
0 -0.0423473 -0.0894434 -0.0967262
0 -0.0422217 -0.0902432 -0.0974717
0 -0.0422315 -0.0909472 -0.0980307
0 -0.0423471 -0.0915241 -0.0983795
0 -0.0425349 -0.091939 -0.098493
0 -0.0427587 -0.0921555 -0.0983454
0 -0.0429827 -0.0921392 -0.0979131
0 -0.0431751 -0.0918615 -0.0971784
0 -0.0433102 -0.0913022 -0.0961313
0 -0.0433688 -0.0904497 -0.0947695
0 -0.0433379 -0.0892998 -0.093097
0 -0.0432092 -0.0878548 -0.0911235
0 -0.0429787 -0.0861226 -0.0888624
0 -0.0426468 -0.084116 -0.0863311
0 -0.0422187 -0.0818537 -0.0835514
0 -0.0417044 -0.0793594 -0.080549
0 -0.0411173 -0.0766605 -0.0773523
0 -0.0404723 -0.073786 -0.0739901
0 -0.0397846 -0.0707651 -0.0704901
0 -0.039069 -0.0676259 -0.0668785
0 -0.0383393 -0.0643946 -0.0631797
0 -0.0376071 -0.0610946 -0.0594169
0 -0.0368821 -0.0577459 -0.055611
0 -0.0361717 -0.0543654 -0.0517805
0 -0.0354814 -0.050967 -0.0479415
0 -0.0348157 -0.0475629 -0.0441086
0 -0.0341809 -0.0441657 -0.0402973
0 -0.0335861 -0.0407904 -0.0365254
0 -0.0330432 -0.0374539 -0.0328131
0 -0.0325654 -0.034174 -0.0291813
0 -0.0321671 -0.0309694 -0.0256515
0 -0.0318637 -0.02786 -0.022246
0 -0.0316728 -0.0248676 -0.0189889
0 -0.0316135 -0.0220165 -0.0159057
0 -0.0317064 -0.0193329 -0.0130234
0 -0.0319718 -0.0168442 -0.0103696
0 -0.0324284 -0.0145779 -0.00797088
0 -0.0330923 -0.0125609 -0.00585284
0 -0.0339771 -0.0108195 -0.00403958
0 -0.0350934 -0.00937929 -0.00255385
0 -0.0364486 -0.00826472 -0.00141679
0 -0.0380475 -0.0074997 -0.000648565
0 -0.0398927 -0.00710788 -0.000268811
0 -0.0419838 -0.00711173 -0.00029588
0 -0.0443162 -0.00753088 -0.000745318
0 -0.0468806 -0.00838117 -0.00162913
0 -0.049663 -0.00967392 -0.00295518
0 -0.0526439 -0.011414 -0.00472567
0 -0.0557968 -0.0135981 -0.00693579
0 -0.0590895 -0.0162151 -0.00957405
0 -0.0624858 -0.0192488 -0.012624
0 -0.065947 -0.022679 -0.0160654
0 -0.0694337 -0.0264811 -0.0198747
0 -0.0729056 -0.0306234 -0.0240239
0 -0.0763223 -0.0350662 -0.0284805
0 -0.0796444 -0.0397638 -0.0332087
0 -0.082835 -0.0446671 -0.0381715
0 -0.0858614 -0.0497254 -0.0433317
0 -0.0886946 -0.054888 -0.0486526
0 -0.0913103 -0.0601057 -0.0540987
0 -0.0936888 -0.0653323 -0.0596361
0 -0.0958147 -0.070525 -0.0652322
0 -0.0976753 -0.0756451 -0.0708555
0 -0.0992606 -0.0806579 -0.0764747
0 -0.100563 -0.0855325 -0.0820586
0 -0.101575 -0.0902416 -0.0875761
0 -0.102293 -0.0947616 -0.0929949
0 -0.102712 -0.0990732 -0.0982825
0 -0.10283 -0.103163 -0.103409
0 -0.102651 -0.107026 -0.108348
0 -0.102186 -0.11066 -0.113079
0 -0.101445 -0.11407 -0.117577
0 -0.100445 -0.117257 -0.121822
0 -0.0991986 -0.120223 -0.125791
0 -0.0977234 -0.122971 -0.129464
0 -0.0960371 -0.125503 -0.132823
0 -0.0941617 -0.127821 -0.135857
0 -0.0921228 -0.129932 -0.13856
0 -0.0899479 -0.131842 -0.140931
0 -0.0876641 -0.133555 -0.14297
0 -0.0852968 -0.135074 -0.144681
0 -0.0828698 -0.136399 -0.146068
0 -0.0804062 -0.137529 -0.147139
0 -0.0779279 -0.138463 -0.147905
0 -0.0754549 -0.139198 -0.148377
0 -0.0730043 -0.139728 -0.148564
0 -0.0705906 -0.140047 -0.148476
0 -0.0682287 -0.140148 -0.148127
0 -0.0659369 -0.14003 -0.147533
0 -0.0637378 -0.139697 -0.146715
0 -0.0616551 -0.139155 -0.145698
0 -0.0597113 -0.138413 -0.144505
0 -0.0579266 -0.137475 -0.143156
0 -0.0563187 -0.136351 -0.141671
0 -0.0549039 -0.13505 -0.140067
0 -0.0536973 -0.133585 -0.138361
0 -0.0527116 -0.131969 -0.136568
0 -0.0519553 -0.130221 -0.134704
0 -0.0514327 -0.128359 -0.132779
0 -0.0511442 -0.126405 -0.130802
0 -0.0510855 -0.124383 -0.128781
0 -0.0512464 -0.122312 -0.126719
0 -0.05161 -0.120214 -0.124618
0 -0.052152 -0.118103 -0.122473
0 -0.052841 -0.115988 -0.120275
0 -0.0536393 -0.113874 -0.118011
0 -0.0545046 -0.111755 -0.115664
0 -0.055392 -0.109624 -0.113218
0 -0.0562543 -0.107465 -0.110651
0 -0.0570442 -0.10526 -0.107943
0 -0.0577153 -0.102983 -0.105077
0 -0.0582258 -0.100611 -0.102036
0 -0.0585417 -0.0981225 -0.0988106
0 -0.058637 -0.0954991 -0.0953974
0 -0.0584936 -0.0927257 -0.0917978
0 -0.0581002 -0.0897892 -0.0880184
0 -0.0574539 -0.0866804 -0.0840706
0 -0.0565608 -0.0833963 -0.0799717
0 -0.0554364 -0.0799399 -0.0757444
0 -0.0541041 -0.0763206 -0.0714161
0 -0.0525944 -0.0725538 -0.0670178
0 -0.0509453 -0.0686624 -0.0625856
0 -0.0492022 -0.0646777 -0.0581607
0 -0.0474166 -0.060639 -0.0537887
0 -0.0456434 -0.0565916 -0.0495183
0 -0.0439392 -0.0525854 -0.0453983
0 -0.0423598 -0.0486729 -0.041477
0 -0.0409603 -0.0449079 -0.0378009
0 -0.0397933 -0.0413451 -0.0344144
0 -0.0389091 -0.0380387 -0.0313587
0 -0.0383552 -0.0350416 -0.0286723
0 -0.0381736 -0.0324035 -0.0263888
0 -0.038397 -0.0301664 -0.0245339
0 -0.0390435 -0.0283622 -0.0231229
0 -0.0401168 -0.0270122 -0.022161
0 -0.0416077 -0.026129 -0.0216459
0 -0.0434961 -0.0257176 -0.0215689
0 -0.0457516 -0.0257755 -0.0219158
0 -0.0483343 -0.0262929 -0.0226671
0 -0.0511969 -0.0272532 -0.0237989
0 -0.0542864 -0.0286348 -0.0252849
0 -0.0575475 -0.0304124 -0.0270973
0 -0.0609265 -0.0325602 -0.0292107
0 -0.0643745 -0.0350538 -0.0316039
0 -0.0678485 -0.0378705 -0.0342608
0 -0.07131 -0.0409889 -0.0371685
0 -0.0747241 -0.0443892 -0.0403166
0 -0.0780606 -0.0480529 -0.043697
0 -0.081294 -0.0519591 -0.0473024
0 -0.0844019 -0.0560828 -0.051125
0 -0.0873652 -0.0603952 -0.0551557
0 -0.0901684 -0.0648655 -0.0593854
0 -0.0928004 -0.0694627 -0.0638049
0 -0.0952535 -0.0741555 -0.0684046
0 -0.097522 -0.0789124 -0.0731728
0 -0.0996011 -0.0837016 -0.0780949
0 -0.101486 -0.0884919 -0.0831529
0 -0.103172 -0.093253 -0.0883253
0 -0.104652 -0.0979549 -0.0935855
0 -0.105915 -0.102567 -0.098902
0 -0.106949 -0.107061 -0.104238
0 -0.107744 -0.11141 -0.109556
0 -0.108287 -0.11559 -0.114814
0 -0.108569 -0.119585 -0.119974
0 -0.108587 -0.123384 -0.124998
0 -0.108342 -0.12698 -0.129855
0 -0.107838 -0.130374 -0.134513
0 -0.107086 -0.133566 -0.138944
0 -0.106095 -0.136556 -0.143119
0 -0.104879 -0.139348 -0.147012
0 -0.103456 -0.141947 -0.150605
0 -0.10185 -0.144361 -0.153885
0 -0.100086 -0.1466 -0.156846
0 -0.0981876 -0.148668 -0.15948
0 -0.0961791 -0.150569 -0.161786
0 -0.094085 -0.152306 -0.163766
0 -0.0919307 -0.153883 -0.165426
0 -0.0897409 -0.155299 -0.166777
0 -0.0875403 -0.156557 -0.16783
0 -0.0853538 -0.157655 -0.168603
0 -0.0832057 -0.158588 -0.169111
0 -0.0811157 -0.159349 -0.169368
0 -0.0790971 -0.159927 -0.169384
0 -0.0771565 -0.160309 -0.169163
0 -0.0752961 -0.16048 -0.168708
0 -0.0735164 -0.160427 -0.16802
0 -0.0718179 -0.160137 -0.167103
0 -0.0702008 -0.1596 -0.165962
0 -0.0686641 -0.158803 -0.164598
0 -0.0672062 -0.157735 -0.163015
0 -0.0658258 -0.156384 -0.161217
0 -0.0645226 -0.154744 -0.159207
0 -0.0632958 -0.152815 -0.15699
0 -0.0621445 -0.150602 -0.154572
0 -0.061068 -0.148118 -0.151959
0 -0.0600669 -0.145382 -0.149161
0 -0.0591439 -0.142421 -0.146189
0 -0.0583044 -0.13927 -0.143057
0 -0.057556 -0.135967 -0.139783
0 -0.0569086 -0.132554 -0.136386
0 -0.0563733 -0.129076 -0.13289
0 -0.0559637 -0.125579 -0.129321
0 -0.0556964 -0.12211 -0.125709
0 -0.0555906 -0.118717 -0.122089
0 -0.0556668 -0.115446 -0.1185
0 -0.0559442 -0.112342 -0.114981
0 -0.0564396 -0.109444 -0.111575
0 -0.0571675 -0.106788 -0.108323
0 -0.0581405 -0.104408 -0.105267
0 -0.0593678 -0.102334 -0.102451
0 -0.0608547 -0.100591 -0.0999128
0 -0.0626014 -0.0992012 -0.0976922
0 -0.0646028 -0.0981776 -0.0958232
0 -0.0668478 -0.0975301 -0.0943361
0 -0.0693202 -0.0972629 -0.0932555
0 -0.0719988 -0.0973755 -0.0926003
0 -0.0748573 -0.0978621 -0.0923829
0 -0.0778644 -0.0987117 -0.0926086
0 -0.0809846 -0.0999088 -0.0932754
0 -0.0841802 -0.101434 -0.0943748
0 -0.0874121 -0.103268 -0.0958929
0 -0.0906397 -0.105385 -0.09781
0 -0.0938204 -0.107757 -0.100099
0 -0.0969089 -0.110353 -0.102724
0 -0.0998578 -0.113136 -0.105644
0 -0.102619 -0.116066 -0.108814
0 -0.105145 -0.119103 -0.112183
0 -0.107388 -0.1222 -0.115698
0 -0.109304 -0.125308 -0.119303
0 -0.110852 -0.128377 -0.122943
0 -0.111996 -0.131356 -0.126561
0 -0.112703 -0.134194 -0.130102
0 -0.112948 -0.136843 -0.133513
0 -0.11271 -0.139258 -0.136741
0 -0.111982 -0.141397 -0.139738
0 -0.110765 -0.143223 -0.14246
0 -0.109071 -0.14471 -0.14487
0 -0.106923 -0.145834 -0.146937
0 -0.104351 -0.14658 -0.148636
0 -0.101393 -0.146944 -0.149948
0 -0.0980929 -0.146924 -0.150859
0 -0.0945007 -0.14653 -0.151361
0 -0.090668 -0.145778 -0.151454
0 -0.0866483 -0.144685 -0.151142
0 -0.0824949 -0.143275 -0.150433
0 -0.0782602 -0.141573 -0.149339
0 -0.0739962 -0.139608 -0.14788
0 -0.0697559 -0.137414 -0.146082
0 -0.0655938 -0.135029 -0.143977
0 -0.0615647 -0.132493 -0.141605
0 -0.0577208 -0.129844 -0.139005
0 -0.0541094 -0.12712 -0.13622
0 -0.0507727 -0.124352 -0.133287
0 -0.0477476 -0.121569 -0.130244
0 -0.0450676 -0.118796 -0.127128
0 -0.0427616 -0.116059 -0.123973
0 -0.0408535 -0.113382 -0.120816
0 -0.0393602 -0.110788 -0.117685
0 -0.0382904 -0.108295 -0.114608
0 -0.0376441 -0.10592 -0.111605
0 -0.0374131 -0.103673 -0.108691
0 -0.0375846 -0.101566 -0.105882
0 -0.0381411 -0.0996108 -0.103192
0 -0.0390593 -0.0978178 -0.100638
0 -0.0403107 -0.0961965 -0.0982328
0 -0.0418642 -0.0947549 -0.0959917
0 -0.0436862 -0.0935003 -0.0939265
0 -0.0457403 -0.0924374 -0.092048
0 -0.0479877 -0.0915664 -0.0903664
0 -0.0503879 -0.0908837 -0.0888895
0 -0.0529001 -0.090383 -0.0876233
0 -0.0554855 -0.0900562 -0.0865726
0 -0.0581086 -0.0898956 -0.0857418
0 -0.0607372 -0.0898945 -0.0851354
0 -0.0633424 -0.0900469 -0.0847577
0 -0.065898 -0.0903474 -0.0846116
0 -0.0683806 -0.0907912 -0.0846984
0 -0.07077 -0.0913744 -0.0850181
0 -0.0730488 -0.0920945 -0.0855697
0 -0.0752024 -0.0929502 -0.086351
0 -0.0772186 -0.0939412 -0.0873584
0 -0.0790867 -0.0950678 -0.088587
0 -0.0807976 -0.0963304 -0.09003
0 -0.0823425 -0.0977291 -0.0916789
0 -0.0837136 -0.0992628 -0.0935231
0 -0.084904 -0.100928 -0.0955499
0 -0.0859066 -0.102716 -0.0977435
0 -0.0867147 -0.104614 -0.100085
0 -0.0873229 -0.106605 -0.102554
0 -0.0877292 -0.108674 -0.10513
0 -0.0879368 -0.110804 -0.107796
0 -0.0879526 -0.11298 -0.110535
0 -0.0877858 -0.115185 -0.11333
0 -0.0874466 -0.1174 -0.116162
0 -0.0869441 -0.119607 -0.119008
0 -0.086285 -0.12178 -0.121843
0 -0.085474 -0.123894 -0.124638
0 -0.0845142 -0.125921 -0.127364
0 -0.0834082 -0.127834 -0.129987
0 -0.0821587 -0.129607 -0.132473
0 -0.0807683 -0.131218 -0.134792
0 -0.0792411 -0.132645 -0.13691
0 -0.0775831 -0.133871 -0.1388
0 -0.0758015 -0.13488 -0.140434
0 -0.0739048 -0.135659 -0.14179
0 -0.0719033 -0.136198 -0.142847
0 -0.0698099 -0.13649 -0.14359
0 -0.0676385 -0.136531 -0.144008
0 -0.0654018 -0.136315 -0.144089
0 -0.0631089 -0.135833 -0.143822
0 -0.0607671 -0.135076 -0.143196
0 -0.0583846 -0.134035 -0.142205
0 -0.0559737 -0.132708 -0.140848
0 -0.0535519 -0.131096 -0.139134
0 -0.0511406 -0.129209 -0.137078
0 -0.0487625 -0.127056 -0.134698
0 -0.0464388 -0.124648 -0.132012
0 -0.0441871 -0.121993 -0.129039
0 -0.0420211 -0.119103 -0.125795
0 -0.0399523 -0.11599 -0.122298
0 -0.037992 -0.112672 -0.118569
0 -0.0361521 -0.109172 -0.114631
0 -0.0344439 -0.105518 -0.110511
0 -0.0328764 -0.101736 -0.106233
0 -0.0314543 -0.0978532 -0.101822
0 -0.0301784 -0.0938928 -0.0972985
0 -0.029047 -0.0898773 -0.0926824
0 -0.0280579 -0.085828 -0.0879944
0 -0.0272103 -0.0817672 -0.0832571
0 -0.0265062 -0.0777192 -0.0784958
0 -0.0259506 -0.0737097 -0.0737397
0 -0.0255509 -0.0697634 -0.0690196
0 -0.0253139 -0.0659022 -0.0643664
0 -0.025244 -0.0621427 -0.059809
0 -0.0253416 -0.0584963 -0.0553721
0 -0.0256031 -0.0549697 -0.0510767
0 -0.0260225 -0.0515676 -0.0469416
0 -0.0265933 -0.0482941 -0.0429844
0 -0.0273083 -0.0451537 -0.0392215
0 -0.02816 -0.0421506 -0.0356678
0 -0.0291392 -0.0392892 -0.0323355
0 -0.0302345 -0.0365722 -0.0292332
0 -0.0314321 -0.0340011 -0.0263653
0 -0.0327159 -0.0315764 -0.0237329
0 -0.0340693 -0.0292986 -0.021334
0 -0.0354755 -0.027169 -0.0191652
0 -0.0369183 -0.0251901 -0.0172221
0 -0.0383831 -0.0233659 -0.0155
0 -0.0398561 -0.0217016 -0.0139937
0 -0.0413241 -0.0202021 -0.012697
0 -0.0427734 -0.0188716 -0.0116021
0 -0.0441888 -0.0177117 -0.0106987
0 -0.0455536 -0.0167216 -0.00997394
0 -0.0468509 -0.0158988 -0.00941448
0 -0.048067 -0.015243 -0.00900969
0 -0.049193 -0.0147569 -0.00875359
0 -0.0502232 -0.0144455 -0.00864376
0 -0.0511529 -0.0143127 -0.00867838
0 -0.0519757 -0.0143593 -0.00885409
0 -0.0526838 -0.0145827 -0.00916626
0 -0.0532703 -0.0149789 -0.00961046
0 -0.0537299 -0.0155434 -0.0101834
0 -0.0540601 -0.0162707 -0.0108832
0 -0.0542622 -0.0171538 -0.0117095
0 -0.0543433 -0.018186 -0.0126655
0 -0.0543155 -0.0193612 -0.0137572
0 -0.0541951 -0.0206732 -0.0149923
0 -0.0539996 -0.0221133 -0.0163779
0 -0.0537469 -0.0236711 -0.017919
0 -0.0534553 -0.0253349 -0.0196194
0 -0.0531428 -0.0270927 -0.0214804
0 -0.0528255 -0.0289312 -0.0235
0 -0.0525162 -0.0308358 -0.0256717
0 -0.0522258 -0.0327919 -0.027985
0 -0.0519633 -0.0347866 -0.0304275
0 -0.0517378 -0.03681 -0.0329858
0 -0.051559 -0.0388564 -0.0356469
0 -0.0514376 -0.0409239 -0.038399
0 -0.0513842 -0.0430131 -0.0412303
0 -0.0514076 -0.0451257 -0.0441283
0 -0.0515133 -0.0472624 -0.0470788
0 -0.0517023 -0.049422 -0.0500638
0 -0.0519696 -0.0515997 -0.05306
0 -0.0523058 -0.0537878 -0.0560414
0 -0.0526994 -0.0559781 -0.0589817
0 -0.0531388 -0.0581624 -0.0618566
0 -0.053613 -0.0603336 -0.0646442
0 -0.0541103 -0.0624841 -0.0673249
0 -0.054619 -0.0646055 -0.069881
0 -0.0551271 -0.0666886 -0.0722967
0 -0.0556226 -0.0687235 -0.0745587
0 -0.0560943 -0.0706998 -0.0766562
0 -0.0565314 -0.0726063 -0.078581
0 -0.0569238 -0.0744314 -0.0803272
0 -0.057263 -0.0761638 -0.0818916
0 -0.0575424 -0.077793 -0.0832746
0 -0.0577579 -0.0793095 -0.0844793
0 -0.057906 -0.0807041 -0.0855105
0 -0.057984 -0.0819669 -0.0863734
0 -0.0579884 -0.083087 -0.0870729
0 -0.0579158 -0.084053 -0.0876129
0 -0.0577637 -0.0848538 -0.0879976
0 -0.057532 -0.0854806 -0.0882323
0 -0.0572237 -0.0859276 -0.0883241
0 -0.0568448 -0.0861922 -0.0882813
0 -0.0564027 -0.0862733 -0.0881121
0 -0.0559056 -0.0861713 -0.0878234
0 -0.055362 -0.0858876 -0.087421
0 -0.0547805 -0.0854241 -0.0869089
0 -0.0541691 -0.0847834 -0.0862891
0 -0.0535351 -0.0839689 -0.0855621
0 -0.0528855 -0.0829863 -0.084727
0 -0.0522264 -0.0818435 -0.0837822
0 -0.0515629 -0.08055 -0.082725
0 -0.0508985 -0.0791164 -0.0815514
0 -0.0502362 -0.0775544 -0.0802571
0 -0.0495783 -0.075877 -0.0788384
0 -0.0489284 -0.0740997 -0.0772937
0 -0.0482918 -0.0722408 -0.0756249
0 -0.0476761 -0.0703212 -0.0738378
0 -0.0470889 -0.0683622 -0.0719405
0 -0.0465364 -0.0663833 -0.0699419
0 -0.0460228 -0.0644013 -0.0678507
0 -0.0455506 -0.0624304 -0.0656765
0 -0.0451212 -0.060483 -0.06343
0 -0.0447351 -0.058569 -0.0611229
0 -0.0443919 -0.0566957 -0.0587678
0 -0.0440905 -0.0548688 -0.0563783
0 -0.0438296 -0.053093 -0.0539694
0 -0.0436081 -0.0513718 -0.0515574
0 -0.0434252 -0.0497084 -0.0491596
0 -0.0432797 -0.048105 -0.046793
0 -0.0431699 -0.0465633 -0.0444749
0 -0.0430944 -0.0450837 -0.0422231
0 -0.0430519 -0.0436666 -0.0400562
0 -0.0430418 -0.0423129 -0.0379924
0 -0.0430632 -0.0410234 -0.0360487
0 -0.0431148 -0.0397991 -0.03424
0 -0.0431943 -0.0386406 -0.0325787
0 -0.0432986 -0.0375482 -0.0310744
0 -0.0434231 -0.0365219 -0.0297332
0 -0.0435618 -0.0355606 -0.0285576
0 -0.0437075 -0.034663 -0.0275465
0 -0.0438523 -0.0338274 -0.026696
0 -0.0439883 -0.0330529 -0.0259997
0 -0.0441079 -0.0323391 -0.0254494
0 -0.0442049 -0.0316871 -0.0250363
0 -0.0442761 -0.031101 -0.0247528
0 -0.0443207 -0.0305871 -0.0245919
0 -0.0443387 -0.0301524 -0.0245463
0 -0.0443294 -0.0298022 -0.0246071
0 -0.0442905 -0.0295399 -0.0247631
0 -0.0442186 -0.0293666 -0.0250014
0 -0.0441103 -0.0292818 -0.0253087
0 -0.043963 -0.0292843 -0.0256726
0 -0.0437757 -0.0293712 -0.0260814
0 -0.0435484 -0.0295384 -0.0265244
0 -0.0432827 -0.0297799 -0.0269923
0 -0.0429818 -0.0300892 -0.0274774
0 -0.0426512 -0.0304596 -0.0279748
0 -0.0422989 -0.0308847 -0.0284818
0 -0.0419338 -0.0313581 -0.0289975
0 -0.0415655 -0.0318727 -0.0295219
0 -0.0412037 -0.0324208 -0.0300557
0 -0.040858 -0.032995 -0.0306003
0 -0.0405381 -0.0335882 -0.0311575
0 -0.0402523 -0.0341927 -0.0317284
0 -0.0400062 -0.0347995 -0.032312
0 -0.0398023 -0.0353982 -0.0329046
0 -0.0396414 -0.0359784 -0.0335015
0 -0.0395239 -0.0365309 -0.0340976
0 -0.0394497 -0.0370485 -0.034688
0 -0.0394187 -0.037526 -0.035268
0 -0.039431 -0.0379599 -0.0358332
0 -0.0394879 -0.0383503 -0.0363811
0 -0.0395915 -0.0386998 -0.0369103
0 -0.0397442 -0.039013 -0.0374203
0 -0.0399471 -0.0392947 -0.0379105
0 -0.0401999 -0.0395501 -0.0383798
0 -0.0405012 -0.0397844 -0.0388267
0 -0.0408487 -0.0400035 -0.0392501
0 -0.04124 -0.0402139 -0.0396493
0 -0.041672 -0.040423 -0.0400244
0 -0.0421419 -0.0406386 -0.040376
0 -0.0426468 -0.0408689 -0.0407064
0 -0.0431838 -0.0411222 -0.0410185
0 -0.0437493 -0.041406 -0.0413161
0 -0.0443391 -0.0417264 -0.0416033
0 -0.0449472 -0.0420871 -0.0418833
0 -0.0455666 -0.0424898 -0.0421591
0 -0.0461902 -0.0429346 -0.0424339
0 -0.0468113 -0.0434212 -0.0427119
0 -0.0474239 -0.0439486 -0.0429979
0 -0.0480225 -0.0445152 -0.0432971
0 -0.0486012 -0.0451179 -0.0436142
0 -0.0491541 -0.0457522 -0.043954
0 -0.0496758 -0.0464127 -0.0443212
0 -0.0501615 -0.0470933 -0.0447204
0 -0.0506072 -0.0477876 -0.0451559
0 -0.0510095 -0.0484891 -0.0456312
0 -0.0513655 -0.0491913 -0.0461488
0 -0.0516727 -0.0498872 -0.0467099
0 -0.051928 -0.0505695 -0.0473133
0 -0.0521273 -0.0512292 -0.047955
0 -0.052266 -0.0518572 -0.0486283
0 -0.0523425 -0.0524471 -0.0493278
0 -0.0523602 -0.0529976 -0.0500509
0 -0.0523267 -0.0535113 -0.0507972
0 -0.0522502 -0.0539917 -0.0515654
0 -0.0521373 -0.0544412 -0.0523515
0 -0.0519928 -0.0548601 -0.0531484
0 -0.0518204 -0.0552483 -0.0539473
0 -0.0516242 -0.0556057 -0.0547396
0 -0.0514088 -0.0559324 -0.0555169
0 -0.0511785 -0.0562288 -0.0562702
0 -0.0509374 -0.0564955 -0.0569896
0 -0.0506898 -0.0567336 -0.0576655
0 -0.050441 -0.0569454 -0.0582899
0 -0.0501972 -0.057134 -0.0588567
0 -0.049965 -0.0573029 -0.0593611
0 -0.0497505 -0.0574555 -0.0597994
0 -0.0495591 -0.0575941 -0.0601687
0 -0.0493956 -0.0577207 -0.0604672
0 -0.0492645 -0.0578372 -0.0606943
0 -0.0491696 -0.0579446 -0.0608509
0 -0.049114 -0.0580438 -0.0609389
0 -0.0490999 -0.0581348 -0.060961
0 -0.0491275 -0.058216 -0.0609199
0 -0.0491956 -0.0582849 -0.0608183
0 -0.0493017 -0.0583383 -0.0606596
0 -0.0494431 -0.0583733 -0.0604478
0 -0.0496174 -0.0583884 -0.060189
0 -0.0498236 -0.058384 -0.0598916
0 -0.0500623 -0.0583632 -0.0595662
0 -0.050334 -0.0583301 -0.0592246
0 -0.0506387 -0.058289 -0.0588781
0 -0.0509748 -0.0582438 -0.058537
0 -0.0513394 -0.0581978 -0.0582102
0 -0.0517275 -0.0581534 -0.0579045
0 -0.0521329 -0.0581124 -0.0576249
0 -0.0525481 -0.058076 -0.0573747
0 -0.0529645 -0.0580443 -0.0571557
0 -0.0533724 -0.0580165 -0.0569675
0 -0.0537602 -0.0579894 -0.0568073
0 -0.0541137 -0.0579571 -0.0566689
0 -0.054418 -0.0579118 -0.0565437
0 -0.0546606 -0.0578474 -0.0564248
0 -0.0548352 -0.0577627 -0.0563095
0 -0.0549401 -0.0576603 -0.0561987
0 -0.0549759 -0.0575435 -0.056094
0 -0.0549432 -0.0574143 -0.0559957
0 -0.0548431 -0.0572741 -0.0559032
0 -0.054678 -0.0571241 -0.0558161
0 -0.0544516 -0.0569653 -0.0557339
0 -0.0541671 -0.0567973 -0.0556546
0 -0.0538265 -0.0566169 -0.055574
0 -0.0534312 -0.0564195 -0.0554864
0 -0.0529837 -0.0562007 -0.0553861
0 -0.0524886 -0.0559573 -0.0552692
0 -0.0519528 -0.055688 -0.0551331
0 -0.0513843 -0.0553921 -0.0549759
0 -0.0507912 -0.0550688 -0.0547953
0 -0.0501816 -0.0547173 -0.0545886
0 -0.0495636 -0.0543372 -0.0543534
0 -0.0489459 -0.053929 -0.054088
0 -0.0483378 -0.0534946 -0.0537916
0 -0.0477488 -0.0530367 -0.0534642
0 -0.0471873 -0.0525582 -0.0531061
0 -0.046661 -0.0520623 -0.0527173
0 -0.046177 -0.0515521 -0.0522985
0 -0.0457413 -0.0510314 -0.0518505
0 -0.0453597 -0.0505043 -0.051375
0 -0.0450365 -0.0499753 -0.050874
0 -0.0447755 -0.0494489 -0.0503498
0 -0.0445789 -0.0489296 -0.0498052
0 -0.0444481 -0.0484222 -0.0492435
0 -0.0443836 -0.047931 -0.0486683
0 -0.0443846 -0.0474608 -0.0480838
0 -0.0444497 -0.0470159 -0.0474948
0 -0.0445763 -0.0466006 -0.0469065
0 -0.0447611 -0.0462188 -0.0463245
0 -0.0449994 -0.0458733 -0.0457539
0 -0.0452845 -0.0455655 -0.0451988
0 -0.0456085 -0.0452955 -0.0446621
0 -0.0459624 -0.0450628 -0.0441466
0 -0.046337 -0.0448668 -0.0436549
0 -0.0467225 -0.0447059 -0.0431897
0 -0.0471087 -0.0445773 -0.042753
0 -0.0474854 -0.0444774 -0.0423475
0 -0.0478444 -0.0444036 -0.0419768
0 -0.0481799 -0.044355 -0.0416464
0 -0.048488 -0.0443318 -0.0413626
0 -0.0487656 -0.0443344 -0.0411316
0 -0.0490097 -0.0443625 -0.0409581
0 -0.0492171 -0.0444149 -0.0408452
0 -0.049384 -0.0444892 -0.0407943
0 -0.0495071 -0.0445827 -0.0408051
0 -0.0495839 -0.0446928 -0.0408768
0 -0.0496141 -0.0448182 -0.0410087
0 -0.0495992 -0.0449587 -0.0412006
0 -0.0495424 -0.0451151 -0.041452
0 -0.049447 -0.0452874 -0.0417608
0 -0.0493161 -0.0454747 -0.0421231
0 -0.0491515 -0.0456745 -0.0425328
0 -0.0489557 -0.0458844 -0.0429829
0 -0.0487331 -0.0461033 -0.0434674
0 -0.0484909 -0.0463328 -0.0439824
0 -0.0482384 -0.0465757 -0.0445251
0 -0.0479845 -0.0468352 -0.0450928
0 -0.047737 -0.0471126 -0.0456814
0 -0.0475012 -0.047407 -0.0462854
0 -0.0472803 -0.0477155 -0.0468976
0 -0.0470764 -0.0480349 -0.0475105
0 -0.0468918 -0.0483617 -0.0481166
0 -0.0467284 -0.0486932 -0.0487087
0 -0.0465879 -0.0490263 -0.0492797
0 -0.0464714 -0.0493578 -0.0498232
0 -0.0463793 -0.0496845 -0.0503328
0 -0.0463121 -0.050003 -0.0508032
0 -0.04627 -0.0503104 -0.0512303
0 -0.0462547 -0.0506056 -0.0516121
0 -0.0462693 -0.0508891 -0.0519494
0 -0.0463177 -0.0511627 -0.0522449
0 -0.0464027 -0.0514279 -0.0525013
0 -0.0465242 -0.0516838 -0.0527198
0 -0.0466794 -0.0519272 -0.0528999
0 -0.0468635 -0.0521536 -0.0530401
0 -0.0470712 -0.0523588 -0.0531392
0 -0.047298 -0.0525398 -0.0531979
0 -0.0475411 -0.0526961 -0.0532193
0 -0.0478001 -0.0528299 -0.053209
0 -0.0480753 -0.0529451 -0.0531743
0 -0.0483668 -0.0530459 -0.0531227
0 -0.048674 -0.0531363 -0.0530611
0 -0.0489955 -0.0532202 -0.0529956
0 -0.0493281 -0.0533001 -0.0529311
0 -0.049666 -0.0533763 -0.0528694
0 -0.0500016 -0.0534472 -0.0528104
0 -0.0503275 -0.0535115 -0.0527537
0 -0.0506384 -0.0535698 -0.0527006
0 -0.0509304 -0.0536237 -0.0526534
0 -0.0512003 -0.0536751 -0.0526142
0 -0.0514433 -0.0537238 -0.0525834
0 -0.051654 -0.0537682 -0.0525597
0 -0.0518264 -0.0538057 -0.0525406
0 -0.0519566 -0.0538347 -0.0525251
0 -0.0520443 -0.0538566 -0.0525147
0 -0.0520928 -0.0538754 -0.0525137
0 -0.0521061 -0.0538953 -0.0525265
0 -0.0520864 -0.0539177 -0.0525548
0 -0.0520336 -0.0539414 -0.0525973
0 -0.051947 -0.0539634 -0.0526513
0 -0.051827 -0.0539814 -0.0527142
0 -0.0516747 -0.0539932 -0.052784
0 -0.0514916 -0.0539966 -0.0528578
0 -0.0512783 -0.0539877 -0.0529316
0 -0.0510344 -0.0539614 -0.0529997
0 -0.050759 -0.0539118 -0.0530555
0 -0.0504518 -0.0538331 -0.0530921
0 -0.0501137 -0.0537206 -0.0531037
0 -0.0497485 -0.0535723 -0.0530865
0 -0.0493627 -0.053389 -0.0530396
0 -0.0489649 -0.0531737 -0.0529636
0 -0.0485637 -0.0529299 -0.0528591
0 -0.0481666 -0.0526606 -0.0527263
0 -0.0477799 -0.0523679 -0.0525644
0 -0.0474089 -0.0520537 -0.0523719
0 -0.0470578 -0.0517196 -0.0521473
0 -0.0467303 -0.0513673 -0.0518893
0 -0.0464298 -0.050999 -0.0515971
0 -0.0461607 -0.0506181 -0.0512718
0 -0.0459288 -0.0502309 -0.0509172
0 -0.0457414 -0.0498454 -0.0505396
0 -0.0456058 -0.0494706 -0.0501466
0 -0.0455284 -0.0491154 -0.0497462
0 -0.0455138 -0.0487877 -0.0493458
0 -0.0455638 -0.0484934 -0.0489517
0 -0.0456781 -0.048237 -0.0485692
0 -0.0458544 -0.0480218 -0.0482029
0 -0.0460898 -0.0478506 -0.0478578
0 -0.0463802 -0.0477259 -0.0475389
0 -0.0467201 -0.0476484 -0.0472499
0 -0.0471019 -0.0476175 -0.0469931
0 -0.0475173 -0.0476318 -0.0467704
0 -0.0479585 -0.0476909 -0.0465846
0 -0.0484189 -0.0477956 -0.0464403
0 -0.0488933 -0.0479473 -0.0463433
0 -0.0493762 -0.0481472 -0.0462997
0 -0.0498616 -0.0483947 -0.0463144
0 -0.0503425 -0.0486879 -0.0463907
0 -0.0508117 -0.0490239 -0.0465313
0 -0.0512617 -0.0493992 -0.0467371
0 -0.0516835 -0.0498078 -0.0470066
0 -0.0520658 -0.0502405 -0.0473342
0 -0.052396 -0.0506861 -0.0477119
0 -0.0526631 -0.0511336 -0.0481311
0 -0.0528599 -0.0515747 -0.0485852
0 -0.0529833 -0.0520042 -0.0490697
0 -0.0530337 -0.0524188 -0.0495815
0 -0.0530127 -0.0528162 -0.0501169
0 -0.0529233 -0.053194 -0.050672
0 -0.0527694 -0.0535503 -0.0512417
0 -0.0525548 -0.0538823 -0.0518198
0 -0.0522831 -0.0541864 -0.0523982
0 -0.0519582 -0.0544583 -0.0529687
0 -0.0515844 -0.0546942 -0.0535226
0 -0.0511671 -0.0548901 -0.0540519
0 -0.0507119 -0.0550424 -0.0545485
0 -0.0502251 -0.0551482 -0.0550042
0 -0.0497135 -0.0552051 -0.0554107
0 -0.0491842 -0.055212 -0.0557599
0 -0.0486448 -0.0551685 -0.0560447
0 -0.0481041 -0.0550758 -0.05626
0 -0.047572 -0.0549369 -0.0564026
0 -0.0470584 -0.0547557 -0.0564709
0 -0.0465727 -0.054536 -0.0564639
0 -0.0461231 -0.0542812 -0.056381
0 -0.0457168 -0.0539947 -0.0562224
0 -0.0453598 -0.0536792 -0.0559886
0 -0.0450563 -0.0533369 -0.0556804
0 -0.0448094 -0.0529696 -0.0552992
0 -0.044622 -0.0525805 -0.0548484
0 -0.0444978 -0.0521745 -0.0543342
0 -0.0444406 -0.0517577 -0.0537647
0 -0.0444519 -0.0513355 -0.0531479
0 -0.04453 -0.0509112 -0.0524903
0 -0.0446697 -0.0504858 -0.0517968
0 -0.0448642 -0.0500594 -0.0510721
0 -0.0451068 -0.0496334 -0.0503224
0 -0.045392 -0.0492112 -0.049556
0 -0.0457144 -0.0487963 -0.0487822
0 -0.0460669 -0.0483914 -0.0480088
0 -0.0464409 -0.0479975 -0.0472416
0 -0.0468271 -0.047615 -0.0464854
0 -0.047216 -0.047244 -0.0457447
0 -0.0475981 -0.0468845 -0.0450248
0 -0.0479634 -0.0465356 -0.0443302
0 -0.0483016 -0.0461947 -0.0436644
0 -0.0486022 -0.0458588 -0.0430294
0 -0.048856 -0.0455251 -0.0424272
0 -0.0490557 -0.045192 -0.0418601
0 -0.0491966 -0.0448595 -0.0413311
0 -0.0492766 -0.044529 -0.0408443
0 -0.0492952 -0.0442028 -0.0404034
0 -0.0492528 -0.0438832 -0.0400115
0 -0.0491507 -0.0435721 -0.0396703
0 -0.0489909 -0.0432719 -0.039381
0 -0.0487768 -0.0429846 -0.0391439
0 -0.0485121 -0.0427124 -0.0389585
0 -0.0482014 -0.0424571 -0.0388233
0 -0.0478498 -0.0422202 -0.0387359
0 -0.0474631 -0.0420031 -0.0386936
0 -0.0470476 -0.041807 -0.0386932
0 -0.0466099 -0.0416327 -0.0387308
0 -0.0461567 -0.0414805 -0.038802
0 -0.0456951 -0.0413505 -0.0389023
0 -0.0452319 -0.0412423 -0.0390269
0 -0.0447734 -0.0411546 -0.0391701
0 -0.0443241 -0.0410843 -0.0393249
0 -0.0438867 -0.041026 -0.0394828
0 -0.043463 -0.0409739 -0.0396352
0 -0.0430558 -0.0409233 -0.0397751
0 -0.0426702 -0.0408724 -0.0398989
0 -0.0423134 -0.0408216 -0.0400054
0 -0.0419923 -0.0407723 -0.0400944
0 -0.0417114 -0.0407242 -0.0401644
0 -0.0414721 -0.0406745 -0.0402113
0 -0.0412732 -0.040619 -0.0402298
0 -0.0411134 -0.0405539 -0.0402158
0 -0.0409931 -0.0404781 -0.0401674
0 -0.0409141 -0.0403925 -0.0400856
0 -0.0408777 -0.0402986 -0.0399721
0 -0.0408845 -0.0401979 -0.0398286
0 -0.0409335 -0.0400914 -0.0396569
0 -0.0410236 -0.0399806 -0.0394593
0 -0.0411528 -0.0398671 -0.0392384
0 -0.0413187 -0.0397529 -0.0389974
0 -0.0415184 -0.0396401 -0.0387398
0 -0.0417494 -0.039532 -0.0384703
0 -0.0420104 -0.0394334 -0.0381954
0 -0.0423007 -0.0393504 -0.0379231
0 -0.0426198 -0.0392892 -0.0376623
0 -0.0429662 -0.0392555 -0.0374213
0 -0.0433367 -0.0392529 -0.0372073
0 -0.0437248 -0.039282 -0.0370245
0 -0.0441221 -0.0393407 -0.0368748
0 -0.044519 -0.0394261 -0.0367591
0 -0.0449068 -0.0395351 -0.0366783
0 -0.0452783 -0.0396656 -0.0366338
0 -0.0456283 -0.0398171 -0.0366288
0 -0.0459551 -0.0399916 -0.0366682
0 -0.0462593 -0.0401928 -0.0367587
0 -0.0465424 -0.0404249 -0.0369066
0 -0.0468056 -0.0406908 -0.0371167
0 -0.0470479 -0.0409912 -0.0373909
0 -0.0472661 -0.0413235 -0.0377274
0 -0.0474561 -0.0416836 -0.0381222
0 -0.0476142 -0.042067 -0.0385707
0 -0.0477378 -0.0424698 -0.039068
0 -0.0478252 -0.0428879 -0.0396089
0 -0.0478751 -0.0433173 -0.0401873
0 -0.0478869 -0.0437534 -0.0407969
0 -0.0478606 -0.0441922 -0.0414307
0 -0.047798 -0.0446302 -0.0420826
0 -0.0477032 -0.0450659 -0.0427478
0 -0.0475828 -0.0455 -0.0434237
0 -0.047445 -0.0459343 -0.0441084
0 -0.0472977 -0.0463703 -0.0448002
0 -0.0471482 -0.0468084 -0.0454963
0 -0.0470015 -0.0472475 -0.0461931
0 -0.0468612 -0.0476852 -0.0468854
0 -0.0467302 -0.0481185 -0.0475676
0 -0.0466111 -0.0485445 -0.0482342
0 -0.046507 -0.0489614 -0.0488801
0 -0.0464215 -0.0493683 -0.0495013
0 -0.0463585 -0.0497651 -0.0500949
0 -0.0463216 -0.050152 -0.0506585
0 -0.0463137 -0.0505293 -0.0511901
0 -0.0463372 -0.0508971 -0.0516879
0 -0.0463938 -0.0512553 -0.0521505
0 -0.046484 -0.0516031 -0.0525764
0 -0.0466067 -0.0519391 -0.0529636
0 -0.0467598 -0.0522609 -0.0533102
0 -0.0469406 -0.0525663 -0.0536145
0 -0.0471462 -0.0528535 -0.0538759
0 -0.0473742 -0.0531212 -0.0540948
0 -0.0476219 -0.0533689 -0.0542727
0 -0.0478865 -0.0535959 -0.0544114
0 -0.0481645 -0.0538019 -0.054513
0 -0.0484521 -0.0539862 -0.0545797
0 -0.0487453 -0.0541485 -0.054614
0 -0.0490397 -0.0542886 -0.0546186
0 -0.0493312 -0.0544062 -0.0545963
0 -0.0496154 -0.0545012 -0.0545496
0 -0.0498878 -0.0545736 -0.0544813
0 -0.0501445 -0.0546235 -0.0543938
0 -0.0503813 -0.0546511 -0.0542895
0 -0.0505946 -0.0546567 -0.0541706
0 -0.0507811 -0.0546407 -0.0540388
0 -0.0509373 -0.054603 -0.0538955
0 -0.0510595 -0.0545428 -0.0537409
0 -0.0511435 -0.0544585 -0.0535741
0 -0.0511853 -0.0543481 -0.0533936
0 -0.0511815 -0.0542094 -0.0531979
0 -0.0511301 -0.054041 -0.0529857
0 -0.0510307 -0.0538427 -0.052757
0 -0.0508848 -0.0536154 -0.0525124
0 -0.0506954 -0.0533607 -0.0522535
0 -0.0504659 -0.0530804 -0.0519815
0 -0.0502001 -0.0527759 -0.0516973
0 -0.0499014 -0.0524481 -0.0514008
0 -0.0495725 -0.0520967 -0.0510908
0 -0.0492154 -0.0517205 -0.0507649
0 -0.0488319 -0.0513177 -0.0504199
0 -0.0484241 -0.0508868 -0.0500528
0 -0.0479943 -0.0504264 -0.0496606
0 -0.0475457 -0.0499359 -0.0492407
0 -0.0470823 -0.0494158 -0.0487917
0 -0.0466095 -0.0488683 -0.0483135
0 -0.0461333 -0.048296 -0.0478064
0 -0.0456594 -0.0477022 -0.0472714
0 -0.0451935 -0.0470896 -0.0467091
0 -0.0447409 -0.0464617 -0.0461204
0 -0.0443067 -0.0458217 -0.0455067
0 -0.0438957 -0.0451733 -0.0448695
0 -0.0435116 -0.0445194 -0.0442102
0 -0.0431567 -0.0438621 -0.0435293
0 -0.0428318 -0.0432025 -0.0428267
0 -0.0425371 -0.0425419 -0.0421028
0 -0.0422735 -0.0418826 -0.0413592
0 -0.0420434 -0.0412288 -0.0406
0 -0.0418493 -0.0405856 -0.0398302
0 -0.041692 -0.0399569 -0.0390541
0 -0.0415701 -0.0393447 -0.0382747
0 -0.0414805 -0.0387497 -0.0374937
0 -0.0414197 -0.0381724 -0.0367134
0 -0.0413847 -0.037614 -0.0359374
0 -0.041373 -0.037076 -0.03517
0 -0.0413816 -0.0365596 -0.0344161
0 -0.0414071 -0.0360651 -0.0336799
0 -0.0414447 -0.0355916 -0.0329648
0 -0.0414893 -0.0351376 -0.0322734
0 -0.0415366 -0.0347024 -0.0316094
0 -0.0415863 -0.034289 -0.0309796
0 -0.0416435 -0.0339059 -0.0303959
0 -0.0417161 -0.033564 -0.0298728
0 -0.0418097 -0.0332723 -0.029422
0 -0.0419253 -0.0330355 -0.02905
0 -0.0420607 -0.0328548 -0.0287599
0 -0.042212 -0.0327298 -0.0285521
0 -0.0423738 -0.0326588 -0.0284253
0 -0.0425393 -0.0326385 -0.0283759
0 -0.0427017 -0.0326653 -0.0283995
0 -0.0428572 -0.0327382 -0.028494
0 -0.0430073 -0.0328612 -0.0286614
0 -0.0431574 -0.0330417 -0.0289074
0 -0.0433138 -0.0332879 -0.0292377
0 -0.0434812 -0.0336055 -0.0296558
0 -0.043662 -0.0339972 -0.0301621
0 -0.0438568 -0.0344637 -0.0307554
0 -0.0440663 -0.035005 -0.0314334
0 -0.0442915 -0.0356209 -0.0321943
0 -0.0445328 -0.0363101 -0.0330351
0 -0.0447887 -0.0370685 -0.0339507
0 -0.045055 -0.0378894 -0.034933
0 -0.0453268 -0.038764 -0.0359727
0 -0.0455994 -0.0396837 -0.0370607
0 -0.0458693 -0.0406405 -0.0381888
0 -0.0461351 -0.041628 -0.0393505
0 -0.0463981 -0.042642 -0.0405415
0 -0.0466613 -0.04368 -0.0417596
0 -0.0469286 -0.0447405 -0.0430034
0 -0.0472037 -0.0458214 -0.044271
0 -0.0474895 -0.0469207 -0.0455605
0 -0.0477885 -0.0480363 -0.04687
0 -0.0481022 -0.0491651 -0.0481967
0 -0.0484297 -0.0503027 -0.0495363
0 -0.0487686 -0.0514429 -0.0508822
0 -0.0491158 -0.0525794 -0.0522274
0 -0.0494686 -0.0537069 -0.0535655
0 -0.049825 -0.0548213 -0.0548908
0 -0.0501832 -0.055919 -0.0561976
0 -0.0505412 -0.0569965 -0.0574806
0 -0.0508974 -0.0580511 -0.0587347
0 -0.0512502 -0.0590803 -0.0599555
0 -0.0515985 -0.0600822 -0.0611388
0 -0.0519406 -0.0610545 -0.0622809
0 -0.0522747 -0.0619949 -0.0633776
0 -0.0525983 -0.0629005 -0.0644248
0 -0.052909 -0.0637683 -0.0654184
0 -0.0532043 -0.0645956 -0.0663549
0 -0.0534818 -0.0653792 -0.067231
0 -0.0537391 -0.0661163 -0.0680437
0 -0.0539739 -0.0668038 -0.0687904
0 -0.0541841 -0.0674387 -0.0694688
0 -0.0543681 -0.0680182 -0.0700773
0 -0.0545258 -0.0685414 -0.070616
0 -0.0546596 -0.069009 -0.0710875
0 -0.0547732 -0.0694238 -0.0714961
0 -0.0548706 -0.0697883 -0.071846
0 -0.0549534 -0.070103 -0.0721398
0 -0.0550208 -0.0703661 -0.0723771
0 -0.0550707 -0.0705742 -0.0725567
0 -0.0551016 -0.0707252 -0.0726776
0 -0.0551141 -0.0708188 -0.0727412
0 -0.0551102 -0.0708563 -0.0727501
0 -0.0550922 -0.0708398 -0.0727071
0 -0.055062 -0.0707708 -0.0726144
0 -0.055021 -0.0706511 -0.072474
0 -0.0549702 -0.0704824 -0.0722875
0 -0.05491 -0.0702669 -0.0720561
0 -0.0548408 -0.0700065 -0.0717808
0 -0.0547626 -0.0697034 -0.0714624
0 -0.0546751 -0.0693599 -0.0711016
0 -0.0545779 -0.0689783 -0.0706991
0 -0.0544699 -0.0685603 -0.0702548
0 -0.054348 -0.0681059 -0.069767
0 -0.0542081 -0.067614 -0.0692331
0 -0.0540456 -0.0670828 -0.0686497
0 -0.0538564 -0.0665108 -0.0680143
0 -0.0536385 -0.0658982 -0.0673263
0 -0.0533916 -0.0652467 -0.0665869
0 -0.0531173 -0.0645593 -0.0657989
0 -0.0528167 -0.0638383 -0.064965
0 -0.0524893 -0.0630838 -0.064086
0 -0.0521329 -0.0622941 -0.0631611
0 -0.0517452 -0.0614667 -0.062189
0 -0.0513254 -0.0606005 -0.0611702
0 -0.0508759 -0.0596969 -0.060108
0 -0.0504014 -0.0587596 -0.0590079
0 -0.0499066 -0.0577919 -0.0578751
0 -0.0493938 -0.0567948 -0.0567124
0 -0.0488628 -0.0557669 -0.0555202
0 -0.0483132 -0.0547064 -0.0542979
0 -0.0477452 -0.0536123 -0.0530458
0 -0.0471605 -0.0524855 -0.0517654
0 -0.0465625 -0.0513284 -0.0504597
0 -0.0459555 -0.0501445 -0.0491322
0 -0.0453443 -0.0489376 -0.047787
0 -0.0447329 -0.0477114 -0.0464275
0 -0.0441251 -0.0464692 -0.0450565
0 -0.0435239 -0.0452143 -0.0436767
0 -0.042932 -0.0439498 -0.0422908
0 -0.0423524 -0.0426795 -0.0409016
0 -0.0417882 -0.0414075 -0.0395127
0 -0.041243 -0.0401389 -0.0381281
0 -0.0407202 -0.0388786 -0.0367521
0 -0.0402227 -0.0376317 -0.0353885
0 -0.0397533 -0.0364028 -0.0340416
0 -0.0393145 -0.0351969 -0.0327152
0 -0.0389084 -0.0340185 -0.0314137
0 -0.0385368 -0.0328723 -0.0301409
0 -0.0382014 -0.0317623 -0.0289012
0 -0.0379033 -0.0306928 -0.0276985
0 -0.0376436 -0.0296676 -0.0265372
0 -0.037423 -0.0286906 -0.0254214
0 -0.0372421 -0.0277652 -0.0243556
0 -0.0371011 -0.0268946 -0.0233437
0 -0.0369998 -0.0260816 -0.0223897
0 -0.0369375 -0.0253288 -0.0214975
0 -0.0369136 -0.0246384 -0.0206707
0 -0.0369271 -0.0240127 -0.0199128
0 -0.0369756 -0.0234524 -0.0192263
0 -0.0370555 -0.0229572 -0.0186121
0 -0.0371618 -0.0225254 -0.01807
0 -0.0372892 -0.0221552 -0.0175994
0 -0.0374328 -0.0218449 -0.0171997
0 -0.0375883 -0.0215934 -0.0168707
0 -0.0377513 -0.0213994 -0.0166119
0 -0.0379181 -0.0212622 -0.0164229
0 -0.0380848 -0.0211807 -0.0163031
0 -0.0382474 -0.0211532 -0.0162508
0 -0.0384009 -0.021177 -0.0162633
0 -0.0385398 -0.0212485 -0.0163364
0 -0.0386588 -0.0213638 -0.0164659
0 -0.0387546 -0.0215204 -0.0166487
0 -0.0388271 -0.0217177 -0.0168838
0 -0.038878 -0.0219559 -0.0171714
0 -0.0389097 -0.0222352 -0.0175117
0 -0.0389244 -0.0225543 -0.0179035
0 -0.0389239 -0.022911 -0.0183449
0 -0.0389105 -0.0233028 -0.0188335
0 -0.0388873 -0.0237274 -0.0193673
0 -0.0388577 -0.0241822 -0.0199439
0 -0.0388253 -0.0246648 -0.0205609
0 -0.0387946 -0.0251733 -0.021216
0 -0.0387708 -0.0257067 -0.0219079
0 -0.0387606 -0.0262655 -0.0226361
0 -0.0387709 -0.0268506 -0.0234005
0 -0.0388078 -0.027463 -0.0242007
0 -0.0388767 -0.0281032 -0.0250353
0 -0.0389812 -0.0287706 -0.0259017
0 -0.0391231 -0.0294638 -0.0267962
0 -0.0393031 -0.0301807 -0.0277142
0 -0.0395214 -0.0309194 -0.0286512
0 -0.0397777 -0.0316784 -0.0296031
0 -0.0400713 -0.0324562 -0.0305661
0 -0.0404016 -0.0332522 -0.0315372
0 -0.0407683 -0.0340662 -0.0325146
0 -0.041171 -0.0348989 -0.0334973
0 -0.0416093 -0.035751 -0.0344851
0 -0.0420821 -0.0366233 -0.0354777
0 -0.0425876 -0.0375159 -0.036475
0 -0.0431229 -0.0384285 -0.0374765
0 -0.0436841 -0.0393597 -0.0384809
0 -0.0442661 -0.0403074 -0.0394867
0 -0.0448638 -0.0412688 -0.0404921
0 -0.045472 -0.0422415 -0.0414957
0 -0.0460857 -0.0432228 -0.0424965
0 -0.0466998 -0.0442101 -0.0434935
0 -0.0473091 -0.0452004 -0.0444861
0 -0.0479084 -0.0461905 -0.0454732
0 -0.0484927 -0.0471772 -0.0464541
0 -0.0490572 -0.0481571 -0.0474279
0 -0.0495977 -0.0491269 -0.0483941
0 -0.0501111 -0.050084 -0.0493526
0 -0.0505959 -0.0510271 -0.0503046
0 -0.0510522 -0.0519561 -0.0512522
0 -0.0514807 -0.0528711 -0.0521977
0 -0.0518815 -0.0537717 -0.0531423
0 -0.0522537 -0.0546557 -0.0540855
0 -0.0525949 -0.0555197 -0.0550247
0 -0.0529025 -0.0563597 -0.0559565
0 -0.0531746 -0.0571722 -0.0568777
0 -0.053411 -0.0579555 -0.0577859
0 -0.0536134 -0.0587095 -0.05868
0 -0.0537851 -0.0594356 -0.0595601
0 -0.0539298 -0.0601359 -0.0604259
0 -0.0540513 -0.0608122 -0.0612769
0 -0.0541529 -0.0614663 -0.0621121
0 -0.0542375 -0.0620991 -0.0629294
0 -0.0543067 -0.0627108 -0.0637258
0 -0.0543616 -0.0633005 -0.0644973
0 -0.0544032 -0.0638674 -0.0652402
0 -0.0544324 -0.0644108 -0.0659508
0 -0.0544508 -0.0649303 -0.0666261
0 -0.0544606 -0.0654262 -0.0672641
0 -0.0544648 -0.0658995 -0.067864
0 -0.0544671 -0.0663519 -0.0684259
0 -0.054471 -0.066785 -0.0689505
0 -0.05448 -0.0672002 -0.0694385
0 -0.0544968 -0.0675985 -0.0698908
0 -0.0545232 -0.0679798 -0.0703078
0 -0.0545588 -0.0683421 -0.0706882
0 -0.0546016 -0.0686819 -0.0710296
0 -0.0546486 -0.0689946 -0.0713292
0 -0.0546969 -0.069276 -0.0715845
0 -0.0547443 -0.0695228 -0.0717942
0 -0.0547901 -0.0697331 -0.0719585
0 -0.0548346 -0.0699063 -0.0720792
0 -0.054879 -0.0700428 -0.0721588
0 -0.0549243 -0.0701429 -0.0721999
0 -0.054971 -0.0702068 -0.0722048
0 -0.0550185 -0.0702341 -0.0721747
0 -0.0550652 -0.0702235 -0.0721099
0 -0.0551082 -0.0701733 -0.0720096
0 -0.055144 -0.0700817 -0.0718725
0 -0.0551694 -0.0699477 -0.0716974
0 -0.0551817 -0.0697708 -0.0714838
0 -0.055179 -0.069552 -0.0712318
0 -0.0551605 -0.0692933 -0.0709424
0 -0.0551259 -0.0689973 -0.0706171
0 -0.0550746 -0.0686668 -0.0702571
0 -0.0550063 -0.0683043 -0.0698636
0 -0.0549205 -0.0679126 -0.0694378
0 -0.0548173 -0.0674945 -0.068981
0 -0.0546966 -0.0670526 -0.0684949
0 -0.0545586 -0.0665897 -0.0679808
0 -0.0544038 -0.0661083 -0.0674407
0 -0.0542325 -0.0656108 -0.0668762
0 -0.0540454 -0.0650991 -0.0662892
0 -0.0538421 -0.0645742 -0.0656807
0 -0.053621 -0.0640352 -0.0650503
0 -0.0533797 -0.0634802 -0.0643965
0 -0.0531155 -0.0629064 -0.0637179
0 -0.0528269 -0.0623121 -0.0630137
0 -0.0525139 -0.0616963 -0.0622844
0 -0.0521782 -0.0610595 -0.0615321
0 -0.051822 -0.0604028 -0.0607593
0 -0.0514478 -0.0597269 -0.0599684
0 -0.0510581 -0.0590327 -0.0591616
0 -0.0506555 -0.058321 -0.0583411
0 -0.0502428 -0.0575931 -0.0575091
0 -0.0498238 -0.0568508 -0.0566685
0 -0.0494024 -0.056097 -0.0558224
0 -0.0489829 -0.0553344 -0.0549741
0 -0.0485683 -0.0545652 -0.0541255
0 -0.0481596 -0.0537899 -0.0532768
0 -0.0477568 -0.0530079 -0.0524268
0 -0.0473591 -0.0522185 -0.0515742
0 -0.0469664 -0.0514218 -0.0507179
0 -0.0465796 -0.0506193 -0.0498581
0 -0.0462021 -0.0498148 -0.0489977
0 -0.0458387 -0.049014 -0.0481409
0 -0.0454942 -0.0482227 -0.0472921
0 -0.0451714 -0.0474452 -0.0464542
0 -0.0448718 -0.0466845 -0.045629
0 -0.0445965 -0.0459438 -0.0448182
0 -0.0443463 -0.0452258 -0.0440236
0 -0.0441209 -0.0445326 -0.0432463
0 -0.0439186 -0.043865 -0.0424866
0 -0.0437367 -0.0432225 -0.0417439
0 -0.0435725 -0.0426045 -0.0410177
0 -0.0434232 -0.0420107 -0.0403083
0 -0.0432866 -0.0414406 -0.0396161
0 -0.0431605 -0.0408939 -0.0389424
0 -0.0430434 -0.0403706 -0.0382887
0 -0.0429338 -0.0398707 -0.0376569
0 -0.0428305 -0.0393943 -0.0370492
0 -0.0427325 -0.0389411 -0.0364674
0 -0.0426383 -0.0385109 -0.0359134
0 -0.0425466 -0.0381033 -0.0353887
0 -0.0424562 -0.0377175 -0.0348945
0 -0.0423658 -0.0373528 -0.0344317
0 -0.0422741 -0.0370087 -0.0340011
0 -0.0421802 -0.0366843 -0.0336033
0 -0.0420831 -0.0363793 -0.0332384
0 -0.0419823 -0.036093 -0.0329066
0 -0.041877 -0.0358249 -0.0326073
0 -0.0417669 -0.0355746 -0.0323401
0 -0.0416518 -0.0353419 -0.0321042
0 -0.0415321 -0.035127 -0.0318991
0 -0.0414096 -0.0349314 -0.031725
0 -0.0412869 -0.0347573 -0.031583
0 -0.0411666 -0.034607 -0.0314739
0 -0.0410506 -0.0344818 -0.0313971
0 -0.0409389 -0.0343814 -0.0313508
0 -0.0408312 -0.0343042 -0.0313318
0 -0.0407267 -0.0342489 -0.031337
0 -0.0406252 -0.034214 -0.0313634
0 -0.0405268 -0.0341981 -0.0314084
0 -0.0404312 -0.0341994 -0.031469
0 -0.0403384 -0.0342162 -0.0315425
0 -0.0402486 -0.0342467 -0.0316264
0 -0.0401634 -0.0342903 -0.0317194
0 -0.0400855 -0.0343477 -0.0318221
0 -0.040019 -0.0344209 -0.0319361
0 -0.0399682 -0.0345118 -0.0320635
0 -0.0399366 -0.0346221 -0.0322061
0 -0.0399278 -0.0347535 -0.0323657
0 -0.0399447 -0.0349075 -0.0325443
0 -0.0399901 -0.0350855 -0.0327437
0 -0.0400661 -0.0352887 -0.0329656
0 -0.040174 -0.0355183 -0.0332115
0 -0.0403149 -0.0357752 -0.0334829
0 -0.0404894 -0.0360607 -0.0337813
0 -0.0406978 -0.0363759 -0.0341084
0 -0.0409395 -0.0367217 -0.0344654
0 -0.0412128 -0.0370982 -0.0348527
0 -0.0415146 -0.0375045 -0.0352696
0 -0.0418411 -0.037939 -0.035715
0 -0.042188 -0.0384001 -0.0361875
0 -0.0425514 -0.0388865 -0.0366861
0 -0.042927 -0.0393967 -0.0372098
0 -0.0433109 -0.0399291 -0.0377573
0 -0.0436988 -0.0404821 -0.0383274
0 -0.0440871 -0.0410539 -0.0389191
0 -0.0444723 -0.0416428 -0.0395312
0 -0.0448519 -0.0422477 -0.0401632
0 -0.0452234 -0.042867 -0.0408144
0 -0.0455851 -0.0434997 -0.0414842
0 -0.0459354 -0.0441443 -0.0421721
0 -0.0462731 -0.0447996 -0.0428775
0 -0.0465981 -0.0454648 -0.0436003
0 -0.0469109 -0.0461398 -0.0443409
0 -0.0472128 -0.0468248 -0.0451
0 -0.0475049 -0.0475198 -0.0458779
0 -0.047788 -0.0482242 -0.0466741
0 -0.0480622 -0.0489366 -0.0474872
0 -0.0483266 -0.0496549 -0.048315
0 -0.0485808 -0.0503767 -0.049155
0 -0.0488241 -0.0510997 -0.0500047
0 -0.0490566 -0.0518217 -0.0508618
0 -0.0492781 -0.0525404 -0.0517237
0 -0.0494888 -0.0532535 -0.0525877
0 -0.0496889 -0.0539589 -0.0534509
0 -0.0498785 -0.0546544 -0.05431
0 -0.0500582 -0.0553383 -0.0551619
0 -0.0502283 -0.0560088 -0.0560029
0 -0.0503897 -0.0566647 -0.05683
0 -0.0505437 -0.0573053 -0.0576402
0 -0.0506917 -0.0579305 -0.0584312
0 -0.0508354 -0.0585399 -0.0592006
0 -0.0509764 -0.0591336 -0.0599464
0 -0.0511156 -0.0597109 -0.0606662
0 -0.0512535 -0.0602707 -0.0613574
0 -0.0513895 -0.0608112 -0.0620166
0 -0.0515225 -0.0613298 -0.0626403
0 -0.0516513 -0.061824 -0.0632253
0 -0.0517751 -0.0622919 -0.0637693
0 -0.0518943 -0.0627323 -0.0642711
0 -0.0520097 -0.0631452 -0.0647307
0 -0.0521225 -0.0635306 -0.0651488
0 -0.0522339 -0.0638885 -0.0655261
0 -0.0523445 -0.0642188 -0.0658637
0 -0.0524551 -0.0645214 -0.0661626
0 -0.0525663 -0.0647964 -0.0664243
0 -0.0526784 -0.0650437 -0.06665
0 -0.0527907 -0.0652623 -0.0668405
0 -0.0529015 -0.0654505 -0.0669955
0 -0.0530078 -0.0656055 -0.0671137
0 -0.0531066 -0.0657246 -0.0671937
0 -0.0531947 -0.065805 -0.0672341
0 -0.0532692 -0.0658447 -0.067234
0 -0.0533272 -0.0658418 -0.0671922
0 -0.0533663 -0.065795 -0.067108
0 -0.0533842 -0.0657033 -0.0669806
0 -0.0533788 -0.0655663 -0.0668097
0 -0.0533485 -0.0653836 -0.0665948
0 -0.0532913 -0.065155 -0.0663351
0 -0.0532058 -0.0648803 -0.06603
0 -0.0530908 -0.0645596 -0.065679
0 -0.0529456 -0.0641935 -0.0652817
0 -0.0527698 -0.0637828 -0.0648381
0 -0.0525637 -0.0633283 -0.0643484
0 -0.0523275 -0.0628309 -0.0638124
0 -0.0520617 -0.0622917 -0.0632305
0 -0.0517672 -0.0617114 -0.0626028
0 -0.051445 -0.0610913 -0.0619298
0 -0.0510973 -0.0604332 -0.0612128
0 -0.0507266 -0.0597391 -0.0604535
0 -0.0503358 -0.0590115 -0.059654
0 -0.0499279 -0.0582526 -0.0588166
0 -0.0495061 -0.0574648 -0.0579434
0 -0.0490732 -0.0566503 -0.0570369
0 -0.0486322 -0.0558113 -0.0560995
0 -0.0481863 -0.0549501 -0.055134
0 -0.0477381 -0.0540691 -0.0541431
0 -0.0472905 -0.0531706 -0.0531296
0 -0.0468458 -0.0522571 -0.0520964
0 -0.0464061 -0.0513309 -0.0510464
0 -0.0459736 -0.0503948 -0.0499823
0 -0.0455501 -0.0494511 -0.0489072
0 -0.0451374 -0.0485025 -0.0478236
0 -0.0447371 -0.0475517 -0.0467344
0 -0.0443508 -0.0466015 -0.0456422
0 -0.0439797 -0.0456547 -0.0445498
0 -0.0436247 -0.0447141 -0.0434599
0 -0.0432865 -0.0437826 -0.0423756
0 -0.0429654 -0.0428623 -0.0412996
0 -0.0426607 -0.0419551 -0.0402343
0 -0.0423715 -0.0410621 -0.0391819
0 -0.0420965 -0.0401843 -0.0381447
0 -0.0418347 -0.0393229 -0.037125
0 -0.0415848 -0.0384788 -0.0361251
0 -0.0413457 -0.037653 -0.0351472
0 -0.0411163 -0.0368466 -0.0341937
0 -0.040896 -0.0360609 -0.033267
0 -0.040685 -0.0352982 -0.0323704
0 -0.040484 -0.034561 -0.0315074
0 -0.040294 -0.0338523 -0.0306817
0 -0.0401156 -0.0331744 -0.0298964
0 -0.0399486 -0.0325289 -0.0291534
0 -0.0397911 -0.0319158 -0.0284529
0 -0.0396401 -0.0313334 -0.0277936
0 -0.0394918 -0.0307796 -0.0271732
0 -0.039343 -0.0302524 -0.0265894
0 -0.0391907 -0.02975 -0.0260402
0 -0.0390328 -0.0292711 -0.0255239
0 -0.0388686 -0.0288155 -0.0250397
0 -0.038699 -0.0283847 -0.0245882
0 -0.038526 -0.0279806 -0.024171
0 -0.0383519 -0.0276057 -0.0237894
0 -0.0381788 -0.0272618 -0.0234446
0 -0.0380088 -0.0269507 -0.0231374
0 -0.0378442 -0.0266741 -0.0228687
0 -0.0376875 -0.0264339 -0.0226396
0 -0.0375411 -0.0262318 -0.0224511
0 -0.0374074 -0.0260693 -0.0223039
0 -0.0372887 -0.0259477 -0.0221989
0 -0.0371874 -0.0258685 -0.0221371
0 -0.0371058 -0.0258327 -0.0221192
0 -0.0370461 -0.0258412 -0.0221462
0 -0.0370105 -0.0258946 -0.0222186
0 -0.0370005 -0.0259931 -0.0223371
0 -0.0370175 -0.0261365 -0.0225017
0 -0.0370628 -0.0263247 -0.0227129
0 -0.0371373 -0.0265575 -0.0229707
0 -0.0372418 -0.0268345 -0.0232755
0 -0.0373767 -0.0271555 -0.0236273
0 -0.0375422 -0.0275199 -0.0240263
0 -0.0377383 -0.0279274 -0.0244723
0 -0.0379646 -0.0283775 -0.0249654
0 -0.0382207 -0.0288698 -0.0255054
0 -0.0385056 -0.0294037 -0.0260919
0 -0.0388183 -0.0299787 -0.0267245
0 -0.0391571 -0.0305939 -0.0274025
0 -0.0395196 -0.0312478 -0.0281242
0 -0.0399031 -0.0319384 -0.0288877
0 -0.0403043 -0.0326637 -0.0296908
0 -0.0407201 -0.0334216 -0.0305313
0 -0.0411475 -0.03421 -0.0314069
0 -0.0415835 -0.0350267 -0.0323152
0 -0.0420248 -0.0358691 -0.0332535
0 -0.0424681 -0.0367345 -0.0342188
0 -0.0429098 -0.0376196 -0.0352075
0 -0.0433469 -0.0385211 -0.0362164
0 -0.0437765 -0.0394356 -0.0372419
0 -0.0441961 -0.0403599 -0.0382805
0 -0.0446035 -0.0412906 -0.039329
0 -0.0449972 -0.0422245 -0.0403842
0 -0.0453765 -0.0431593 -0.0414436
0 -0.0457417 -0.0440933 -0.0425056
0 -0.0460938 -0.0450253 -0.0435691
0 -0.0464337 -0.045954 -0.0446329
0 -0.0467621 -0.0468782 -0.0456959
0 -0.0470798 -0.0477966 -0.0467568
0 -0.0473878 -0.0487079 -0.0478146
0 -0.0476872 -0.0496109 -0.0488679
0 -0.0479791 -0.0505045 -0.0499157
0 -0.0482647 -0.0513878 -0.0509564
0 -0.0485456 -0.0522602 -0.0519887
0 -0.0488232 -0.0531216 -0.0530112
0 -0.0490994 -0.053972 -0.0540227
0 -0.0493756 -0.0548116 -0.0550218
0 -0.0496533 -0.0556406 -0.0560072
0 -0.0499337 -0.0564593 -0.0569773
0 -0.0502178 -0.0572678 -0.0579311
0 -0.0505065 -0.0580663 -0.0588672
0 -0.0508006 -0.0588552 -0.0597846
0 -0.0511004 -0.0596343 -0.0606823
0 -0.0514057 -0.0604033 -0.061559
0 -0.0517165 -0.061162 -0.0624139
0 -0.0520321 -0.0619098 -0.063246
0 -0.0523521 -0.0626462 -0.0640549
0 -0.0526758 -0.0633708 -0.0648402
0 -0.0530022 -0.0640827 -0.0656015
0 -0.0533299 -0.0647807 -0.0663382
0 -0.053657 -0.0654633 -0.0670498
0 -0.0539816 -0.0661287 -0.0677355
0 -0.0543018 -0.0667753 -0.0683951
0 -0.0546156 -0.0674014 -0.069028
0 -0.0549211 -0.0680054 -0.0696342
0 -0.0552165 -0.0685856 -0.0702135
0 -0.0555 -0.0691406 -0.0707657
0 -0.0557697 -0.0696688 -0.0712908
0 -0.0560241 -0.0701686 -0.0717885
0 -0.0562615 -0.0706389 -0.0722587
0 -0.0564807 -0.0710783 -0.0727011
0 -0.0566801 -0.0714856 -0.0731155
0 -0.0568587 -0.0718599 -0.0735014
0 -0.0570153 -0.0722001 -0.0738581
0 -0.057149 -0.0725053 -0.0741849
0 -0.0572585 -0.0727745 -0.0744807
0 -0.0573429 -0.0730065 -0.0747441
0 -0.0574012 -0.0732005 -0.0749738
0 -0.0574327 -0.0733556 -0.0751681
0 -0.0574369 -0.073471 -0.0753257
0 -0.0574136 -0.0735461 -0.0754448
0 -0.0573626 -0.0735804 -0.0755239
0 -0.0572842 -0.0735734 -0.0755614
0 -0.0571791 -0.0735245 -0.0755559
0 -0.0570479 -0.0734336 -0.0755058
0 -0.056892 -0.0733004 -0.0754101
0 -0.0567129 -0.0731252 -0.0752677
0 -0.0565124 -0.0729079 -0.075078
0 -0.0562922 -0.0726488 -0.07484
0 -0.0560542 -0.0723481 -0.0745533
0 -0.0558004 -0.072006 -0.0742173
0 -0.0555326 -0.071623 -0.0738317
0 -0.0552526 -0.0711996 -0.0733964
0 -0.0549621 -0.0707364 -0.0729113
0 -0.0546628 -0.0702341 -0.0723768
0 -0.0543562 -0.0696934 -0.0717931
0 -0.0540436 -0.0691153 -0.0711608
0 -0.0537261 -0.0685007 -0.0704808
0 -0.0534046 -0.0678506 -0.0697538
0 -0.0530797 -0.0671657 -0.0689807
0 -0.0527514 -0.0664467 -0.0681622
0 -0.0524195 -0.0656944 -0.0672993
0 -0.0520839 -0.0649094 -0.0663932
0 -0.0517438 -0.0640925 -0.0654448
0 -0.0513982 -0.063244 -0.0644553
0 -0.0510459 -0.0623644 -0.0634256
0 -0.0506857 -0.061454 -0.0623569
0 -0.0503167 -0.0605137 -0.0612511
0 -0.0499387 -0.0595452 -0.0601108
0 -0.0495524 -0.0585509 -0.0589395
0 -0.0491587 -0.0575335 -0.0577412
0 -0.0487584 -0.0564957 -0.0565197
0 -0.0483523 -0.0554402 -0.0552788
0 -0.047941 -0.0543695 -0.0540221
0 -0.0475247 -0.0532859 -0.0527527
0 -0.0471034 -0.0521913 -0.0514728
0 -0.0466765 -0.0510871 -0.0501843
0 -0.0462436 -0.0499744 -0.0488888
0 -0.0458043 -0.0488546 -0.047588
0 -0.0453586 -0.0477293 -0.0462843
0 -0.044907 -0.0466005 -0.0449804
0 -0.0444507 -0.0454706 -0.0436801
0 -0.0439914 -0.0443423 -0.042387
0 -0.0435308 -0.0432183 -0.0411049
0 -0.0430706 -0.0421012 -0.0398371
0 -0.0426126 -0.0409936 -0.0385871
0 -0.0421584 -0.039898 -0.0373577
0 -0.0417098 -0.0388167 -0.0361517
0 -0.0412681 -0.037752 -0.0349715
0 -0.0408343 -0.0367055 -0.0338188
0 -0.0404093 -0.0356788 -0.0326947
0 -0.0399935 -0.0346731 -0.0316004
0 -0.0395879 -0.0336901 -0.0305369
0 -0.0391932 -0.0327314 -0.0295049
0 -0.0388102 -0.0317986 -0.0285055
0 -0.0384402 -0.0308936 -0.0275396
0 -0.0380845 -0.0300186 -0.0266086
0 -0.0377448 -0.0291762 -0.025714
0 -0.0374229 -0.0283688 -0.0248574
0 -0.0371203 -0.0275985 -0.0240402
0 -0.0368382 -0.0268675 -0.0232638
0 -0.0365778 -0.0261776 -0.0225292
0 -0.03634 -0.0255303 -0.0218376
0 -0.0361255 -0.0249271 -0.0211899
0 -0.0359347 -0.0243691 -0.0205871
0 -0.035768 -0.023857 -0.0200298
0 -0.0356255 -0.023392 -0.0195189
0 -0.0355076 -0.0229747 -0.0190555
0 -0.0354144 -0.022606 -0.0186407
0 -0.0353462 -0.0222868 -0.0182756
0 -0.0353031 -0.0220178 -0.0179615
0 -0.0352852 -0.0217997 -0.0176996
0 -0.0352922 -0.0216329 -0.0174909
0 -0.0353237 -0.0215177 -0.0173364
0 -0.035379 -0.0214543 -0.0172369
0 -0.0354572 -0.0214427 -0.0171932
0 -0.035557 -0.0214829 -0.0172056
0 -0.0356773 -0.0215745 -0.0172747
0 -0.0358164 -0.0217173 -0.0174007
0 -0.0359728 -0.0219108 -0.0175835
0 -0.0361448 -0.0221543 -0.0178232
0 -0.0363309 -0.0224467 -0.0181193
0 -0.0365295 -0.022787 -0.0184713
0 -0.036739 -0.0231736 -0.0188786
0 -0.0369582 -0.0236053 -0.0193404
0 -0.037186 -0.0240803 -0.0198557
0 -0.0374213 -0.0245971 -0.0204235
0 -0.0376635 -0.0251538 -0.0210426
0 -0.0379118 -0.0257486 -0.0217113
0 -0.0381659 -0.0263797 -0.0224282
0 -0.0384253 -0.0270451 -0.0231912
0 -0.03869 -0.0277428 -0.0239984
0 -0.0389597 -0.0284708 -0.0248475
0 -0.0392345 -0.029227 -0.0257358
0 -0.0395146 -0.0300096 -0.0266609
0 -0.0397999 -0.0308164 -0.0276197
0 -0.0400909 -0.0316455 -0.0286094
0 -0.0403878 -0.0324951 -0.0296268
0 -0.0406907 -0.0333633 -0.0306688
0 -0.0410002 -0.0342484 -0.0317321
0 -0.0413163 -0.0351486 -0.0328133
0 -0.0416394 -0.0360621 -0.0339091
0 -0.0419697 -0.0369875 -0.0350162
0 -0.0423072 -0.0379228 -0.0361314
0 -0.042652 -0.0388665 -0.0372516
0 -0.0430043 -0.0398168 -0.0383741
0 -0.043364 -0.0407717 -0.0394964
0 -0.043731 -0.0417296 -0.0406163
0 -0.0441049 -0.0426886 -0.0417318
0 -0.0444853 -0.0436472 -0.0428409
0 -0.0448716 -0.0446037 -0.0439418
0 -0.0452633 -0.0455568 -0.0450327
0 -0.0456594 -0.046505 -0.0461119
0 -0.0460592 -0.047447 -0.0471775
0 -0.0464616 -0.0483813 -0.0482279
0 -0.0468655 -0.0493066 -0.0492616
0 -0.0472697 -0.0502217 -0.0502772
0 -0.0476729 -0.0511251 -0.0512734
0 -0.048074 -0.0520156 -0.052249
0 -0.0484715 -0.0528918 -0.0532029
0 -0.0488642 -0.0537522 -0.0541342
0 -0.0492508 -0.0545956 -0.0550423
0 -0.0496299 -0.0554205 -0.0559262
0 -0.0500002 -0.0562255 -0.0567856
0 -0.0503605 -0.0570094 -0.0576199
0 -0.0507096 -0.0577709 -0.0584286
0 -0.0510462 -0.0585086 -0.0592113
0 -0.0513693 -0.0592214 -0.0599676
0 -0.0516779 -0.0599082 -0.0606971
0 -0.0519711 -0.0605678 -0.0613995
0 -0.0522479 -0.0611995 -0.0620744
0 -0.0525076 -0.0618021 -0.0627212
0 -0.0527496 -0.062375 -0.0633395
0 -0.0529733 -0.0629173 -0.0639287
0 -0.0531783 -0.0634285 -0.0644883
0 -0.0533641 -0.0639079 -0.0650176
0 -0.0535306 -0.0643551 -0.0655161
0 -0.0536777 -0.0647697 -0.0659829
0 -0.0538053 -0.0651513 -0.0664173
0 -0.0539134 -0.0654996 -0.0668186
0 -0.0540023 -0.0658144 -0.0671861
0 -0.0540722 -0.0660956 -0.0675189
0 -0.0541234 -0.066343 -0.0678163
0 -0.0541564 -0.0665566 -0.0680777
0 -0.0541718 -0.0667363 -0.0683023
0 -0.05417 -0.0668821 -0.0684895
0 -0.0541519 -0.066994 -0.0686388
0 -0.0541182 -0.067072 -0.0687497
0 -0.0540697 -0.0671161 -0.0688218
0 -0.0540075 -0.0671265 -0.0688547
0 -0.0539325 -0.0671032 -0.0688483
0 -0.0538458 -0.0670461 -0.0688024
0 -0.0537485 -0.0669556 -0.068717
0 -0.0536416 -0.0668316 -0.0685923
0 -0.0535262 -0.0666743 -0.0684284
0 -0.0534031 -0.0664842 -0.0682255
0 -0.0532733 -0.0662616 -0.067984
0 -0.0531374 -0.0660071 -0.0677044
0 -0.0529961 -0.0657212 -0.0673871
0 -0.0528497 -0.0654047 -0.0670329
0 -0.0526986 -0.0650585 -0.0666424
0 -0.052543 -0.0646835 -0.0662165
0 -0.052383 -0.0642807 -0.065756
0 -0.0522186 -0.0638512 -0.0652621
0 -0.0520498 -0.0633961 -0.0647358
0 -0.0518762 -0.0629167 -0.0641785
0 -0.0516977 -0.0624143 -0.0635914
0 -0.0515143 -0.0618904 -0.0629765
