0 -0.0457109 -0.0342989 -0.0357753
0 -0.0451655 -0.0327621 -0.0339152
0 -0.0445649 -0.0311568 -0.0319775
0 -0.0439154 -0.0295019 -0.0299892
0 -0.0432189 -0.0278098 -0.0279701
0 -0.0424794 -0.026092 -0.025937
0 -0.0417066 -0.0243627 -0.0239076
0 -0.0409061 -0.0226287 -0.0218922
0 -0.0400803 -0.0208926 -0.0198969
0 -0.0392432 -0.0191673 -0.0179383
0 -0.0384153 -0.0174716 -0.0160376
0 -0.0376021 -0.0158094 -0.0141985
0 -0.0368021 -0.0141772 -0.0124158
0 -0.0360349 -0.0125935 -0.0107035
0 -0.0353375 -0.0110957 -0.00909347
0 -0.0347352 -0.00971217 -0.00760722
0 -0.0342345 -0.0084553 -0.00625027
0 -0.0338356 -0.00733388 -0.00502535
0 -0.0335296 -0.00634886 -0.00392927
0 -0.0332841 -0.00547795 -0.00293812
0 -0.0330727 -0.00470364 -0.0020356
0 -0.0329047 -0.00404232 -0.00124192
0 -0.0327773 -0.00349637 -0.000565306
0 -0.0326525 -0.00303144 2.14203e-05
0 -0.0325121 -0.00262964 0.000528542
0 -0.032368 -0.00230109 0.000938949
0 -0.03224 -0.00206222 0.00123071
0 -0.0321665 -0.00194807 0.00136554
0 -0.0321931 -0.00200248 0.00129903
0 -0.0323332 -0.00223976 0.00101855
0 -0.0325699 -0.00264632 0.000540791
0 -0.0328909 -0.00321406 -0.000121979
0 -0.0333069 -0.00395893 -0.000981123
0 -0.033823 -0.0048917 -0.00204327
0 -0.0343994 -0.00597755 -0.00327055
0 -0.0349906 -0.00717316 -0.00461823
0 -0.0355803 -0.00846002 -0.00606827
0 -0.0361408 -0.00980288 -0.00758745
0 -0.0366542 -0.0111712 -0.00914817
0 -0.0371712 -0.0125991 -0.0107873
0 -0.037738 -0.0141155 -0.0125355
0 -0.0383045 -0.0156539 -0.0143263
0 -0.0387747 -0.0171002 -0.0160439
0 -0.0391087 -0.0183936 -0.0176248
0 -0.0393587 -0.0195631 -0.0190944
0 -0.0396094 -0.0206723 -0.0205115
0 -0.0399163 -0.0217598 -0.0219073
0 -0.0403367 -0.0228739 -0.0233187
0 -0.0409741 -0.0241201 -0.0248365
0 -0.0419126 -0.0255984 -0.0265456
0 -0.0431477 -0.0273345 -0.0284585
0 -0.0445892 -0.0292771 -0.0305172
0 -0.0460538 -0.0312833 -0.0325797
0 -0.0473369 -0.033181 -0.0344834
0 -0.0483492 -0.0348982 -0.0361737
0 -0.0491185 -0.0364644 -0.0377025
0 -0.0496902 -0.0379139 -0.0391292
0 -0.0500722 -0.0392345 -0.0404647
0 -0.0502575 -0.0403925 -0.0416943
0 -0.0502812 -0.041393 -0.0428346
0 -0.0502314 -0.042294 -0.0439457
0 -0.0501785 -0.0431395 -0.0450642
0 -0.0501253 -0.0439123 -0.0461562
0 -0.0500418 -0.0445673 -0.0471532
0 -0.0498992 -0.0450632 -0.047987
0 -0.0496593 -0.0453502 -0.0485803
0 -0.0492727 -0.0453639 -0.0488441
0 -0.0487163 -0.0450614 -0.048716
0 -0.0480685 -0.0444969 -0.0482375
0 -0.0475201 -0.0438384 -0.0475713
0 -0.0472391 -0.0432433 -0.046875
0 -0.0472596 -0.0427551 -0.046196
0 -0.0474968 -0.0423174 -0.0454858
0 -0.0477986 -0.0418185 -0.0446448
0 -0.0480142 -0.0411519 -0.0435825
0 -0.0480563 -0.0402707 -0.0422718
0 -0.0478833 -0.0391645 -0.0407245
0 -0.0474444 -0.0378023 -0.0389328
0 -0.0467008 -0.0361522 -0.0368858
0 -0.0456789 -0.0342347 -0.0346203
0 -0.0444611 -0.0321179 -0.0322137
0 -0.0431406 -0.0298765 -0.0297422
0 -0.041778 -0.0275529 -0.0272432
0 -0.0403984 -0.0251568 -0.0247155
0 -0.0390406 -0.0227155 -0.022171
0 -0.0377519 -0.0202702 -0.0196312
0 -0.0365386 -0.0178279 -0.017081
0 -0.0353996 -0.0153931 -0.0145043
0 -0.0343627 -0.0130038 -0.0119223
0 -0.0334457 -0.0106907 -0.00935475
0 -0.0326631 -0.00848324 -0.0068289
0 -0.0320943 -0.00647788 -0.00444799
0 -0.0318543 -0.00481179 -0.00236402
0 -0.0319674 -0.00354009 -0.000652952
0 -0.0323212 -0.00258857 0.000734831
0 -0.0327366 -0.00181842 0.00191191
0 -0.0330514 -0.0011025 0.00298012
0 -0.0331487 -0.000348345 0.00401022
0 -0.0329626 0.000499454 0.00504199
0 -0.0325216 0.00141534 0.0060423
0 -0.0319872 0.00225004 0.0068633
0 -0.0315931 0.00278231 0.00729409
0 -0.0315201 0.00283591 0.00717629
0 -0.0318554 0.00231627 0.00643749
0 -0.0326105 0.00119325 0.00506987
0 -0.0336704 -0.000443453 0.0031818
0 -0.0348082 -0.00238974 0.000989249
0 -0.0358344 -0.00446503 -0.00132438
0 -0.0366656 -0.00657505 -0.00367108
0 -0.0372684 -0.00865357 -0.00599814
0 -0.0376437 -0.0106505 -0.00827265
0 -0.0378919 -0.0126029 -0.0105479
0 -0.0381606 -0.0145933 -0.0129174
0 -0.038443 -0.0165562 -0.0153174
0 -0.038565 -0.0182659 -0.0175158
0 -0.038407 -0.0195516 -0.0193296
0 -0.0379857 -0.0203765 -0.0207048
0 -0.037385 -0.0207746 -0.0216479
0 -0.0367685 -0.0208686 -0.0222442
0 -0.0364203 -0.0209187 -0.0227133
0 -0.0366032 -0.0211893 -0.0232818
0 -0.0373632 -0.02176 -0.0239981
0 -0.0386032 -0.0225981 -0.0248078
0 -0.0402771 -0.0237437 -0.0257437
0 -0.0422934 -0.0252037 -0.0268234
0 -0.0442844 -0.0267089 -0.0278086
0 -0.0457595 -0.0278456 -0.0283355
0 -0.0464743 -0.0284083 -0.0282598
0 -0.046523 -0.0284902 -0.0277375
0 -0.0461559 -0.0283073 -0.0270497
0 -0.0456318 -0.0280637 -0.0264629
0 -0.045157 -0.0279107 -0.026174
0 -0.0448419 -0.0279176 -0.0262713
0 -0.044687 -0.0280632 -0.0267222
0 -0.0446054 -0.0282568 -0.0273986
0 -0.044551 -0.0284583 -0.0282058
0 -0.0446035 -0.0287598 -0.0291746
0 -0.0448826 -0.0293017 -0.0303792
0 -0.0454384 -0.0301647 -0.0318335
0 -0.0462505 -0.0313656 -0.0334969
0 -0.0472598 -0.0328806 -0.0353091
0 -0.0483509 -0.0346217 -0.0371703
0 -0.0493545 -0.0364304 -0.0389365
0 -0.050088 -0.0381125 -0.0404514
0 -0.0503911 -0.0394704 -0.0415721
0 -0.0501641 -0.0403406 -0.0421989
0 -0.0494555 -0.0406877 -0.0423576
0 -0.0485115 -0.0406661 -0.0422516
0 -0.0476797 -0.0405428 -0.0421768
0 -0.047192 -0.0404963 -0.0423165
0 -0.0469949 -0.0404527 -0.0425774
0 -0.0468556 -0.040187 -0.0426942
0 -0.0466151 -0.0395653 -0.0424774
0 -0.0462384 -0.038587 -0.0418627
0 -0.0457049 -0.037268 -0.0408037
0 -0.0449789 -0.0356055 -0.0392449
0 -0.0440472 -0.0336091 -0.0371605
0 -0.0429147 -0.0312958 -0.0345526
0 -0.0415796 -0.0286627 -0.0314264
0 -0.0400898 -0.0257475 -0.0278477
0 -0.0386538 -0.0227448 -0.024055
0 -0.0375863 -0.0199647 -0.0204106
0 -0.0370847 -0.0176222 -0.0171778
0 -0.0370956 -0.0157074 -0.0143889
0 -0.0374058 -0.0140695 -0.0119356
0 -0.0377713 -0.0125345 -0.00968541
0 -0.0379633 -0.010939 -0.00750813
0 -0.0378205 -0.00917323 -0.00531502
0 -0.0373011 -0.00722691 -0.003104
0 -0.0365054 -0.00521331 -0.000983173
0 -0.0355851 -0.00328458 0.00091343
0 -0.0346077 -0.0015018 0.00255376
0 -0.0336022 0.0001177 0.00395696
0 -0.0326555 0.00150209 0.00509078
0 -0.0318525 0.00258187 0.00592403
0 -0.0311662 0.00340017 0.00653284
0 -0.0305351 0.00403707 0.0070214
0 -0.0300307 0.00444387 0.00735361
0 -0.0298072 0.00448967 0.0073991
0 -0.0299499 0.0041061 0.0070791
0 -0.0304357 0.00332333 0.00640488
0 -0.0311706 0.00223346 0.00544373
0 -0.0320497 0.000933597 0.00426506
0 -0.0329745 -0.000487162 0.00293049
0 -0.0338471 -0.00193841 0.00150611
0 -0.0345696 -0.00332464 6.8833e-05
0 -0.0350681 -0.0045649 -0.00131155
0 -0.0353427 -0.0056432 -0.00262145
0 -0.0354584 -0.00660066 -0.00389504
0 -0.0355164 -0.00751201 -0.00519103
0 -0.035652 -0.0084893 -0.00659757
0 -0.0360507 -0.00970477 -0.00825776
0 -0.0369337 -0.0113837 -0.010367
0 -0.038427 -0.0136783 -0.0130523
0 -0.0404319 -0.0165349 -0.0162427
0 -0.0427042 -0.0197642 -0.0197399
0 -0.0450645 -0.0232423 -0.0234201
0 -0.0474368 -0.0269392 -0.0272645
0 -0.0496953 -0.0307591 -0.0311994
0 -0.0515758 -0.0344452 -0.0349981
0 -0.0527766 -0.0376751 -0.0383722
0 -0.0531506 -0.0402508 -0.0411564
0 -0.0528089 -0.0422055 -0.0434094
0 -0.0520003 -0.0436941 -0.0452973
0 -0.0509323 -0.0448264 -0.0469242
0 -0.0497456 -0.0456523 -0.0483176
0 -0.0485772 -0.0462307 -0.0495
0 -0.0476196 -0.0466942 -0.0505586
0 -0.0471264 -0.0472602 -0.051662
0 -0.0473474 -0.048173 -0.0530079
0 -0.0483914 -0.0495713 -0.054697
0 -0.0500733 -0.0513334 -0.056582
0 -0.0519439 -0.053095 -0.0582877
0 -0.0535357 -0.054473 -0.0594376
0 -0.0545684 -0.0552506 -0.0598396
0 -0.0549285 -0.0553457 -0.0594529
0 -0.0545558 -0.0546935 -0.0582661
0 -0.0534051 -0.0532089 -0.0562519
0 -0.0514886 -0.0508337 -0.053406
0 -0.0489946 -0.0476675 -0.0498686
0 -0.0463672 -0.0440687 -0.0460177
0 -0.0442417 -0.0406186 -0.0424277
0 -0.0431616 -0.0378647 -0.0396131
0 -0.0432506 -0.0360033 -0.0377167
0 -0.0443112 -0.0349686 -0.0366106
0 -0.0461297 -0.0347173 -0.0361944
0 -0.0484984 -0.0352266 -0.0364059
0 -0.0510714 -0.0363259 -0.0370614
0 -0.0533803 -0.03769 -0.0378512
0 -0.0550128 -0.0389964 -0.038495
0 -0.0557018 -0.0400004 -0.0388166
0 -0.0552763 -0.0404759 -0.038685
0 -0.0536435 -0.040197 -0.0379807
0 -0.0508629 -0.0390254 -0.0366613
0 -0.0471796 -0.0369695 -0.0347999
0 -0.0429395 -0.0341347 -0.0325198
0 -0.0384778 -0.0306425 -0.0299052
0 -0.0341262 -0.0266578 -0.0270352
0 -0.0302469 -0.0224421 -0.0240459
0 -0.027163 -0.018295 -0.02108
0 -0.0250768 -0.0144689 -0.0182155
0 -0.0240506 -0.0111322 -0.0154564
0 -0.024011 -0.00835276 -0.0127419
0 -0.0247495 -0.00608305 -0.00995373
0 -0.0259667 -0.00418749 -0.00695517
0 -0.0273419 -0.00248958 -0.00364226
0 -0.0285863 -0.000807694 3.14226e-05
0 -0.0294866 0.00100878 0.00403555
0 -0.0299209 0.00306541 0.00826294
0 -0.0298933 0.0053772 0.012511
0 -0.0295738 0.0078082 0.0164565
0 -0.0291844 0.0101659 0.0197755
0 -0.0288401 0.0123467 0.0223023
0 -0.0285368 0.0143425 0.0240394
0 -0.0282474 0.016146 0.025059
0 -0.0280409 0.0176357 0.0253735
0 -0.0280701 0.0185907 0.0249331
0 -0.0284099 0.0188558 0.0237672
0 -0.0290019 0.0184063 0.0220257
0 -0.0297563 0.0172609 0.0198686
0 -0.0306389 0.0154141 0.0173779
0 -0.0316659 0.0128528 0.0145638
0 -0.0328144 0.00964737 0.0114545
0 -0.0339741 0.00599389 0.00814936
0 -0.0350386 0.00211573 0.00473769
0 -0.0359654 -0.00180892 0.00124797
0 -0.0367288 -0.00561581 -0.00229529
0 -0.037302 -0.00915268 -0.005846
0 -0.0376921 -0.0123242 -0.00936684
0 -0.0379429 -0.0150987 -0.012832
0 -0.0381209 -0.0174966 -0.0162169
0 -0.0383351 -0.0196079 -0.0195281
0 -0.0387503 -0.0216038 -0.0228296
0 -0.0395368 -0.0236867 -0.0262023
0 -0.0407884 -0.0260085 -0.0296725
0 -0.0424932 -0.0286336 -0.0331946
0 -0.0445195 -0.031513 -0.0366422
0 -0.0466132 -0.0344681 -0.0398002
0 -0.0484678 -0.0372461 -0.0424237
0 -0.0498296 -0.0396156 -0.0443315
0 -0.0505644 -0.0414302 -0.0454612
0 -0.0506364 -0.0426097 -0.0458398
0 -0.0500587 -0.0430965 -0.0455243
0 -0.0488807 -0.042847 -0.0445784
0 -0.0472218 -0.0418762 -0.0431029
0 -0.045298 -0.0402962 -0.0412658
0 -0.0433744 -0.0382826 -0.0392627
0 -0.0417129 -0.0360409 -0.0372795
0 -0.0405297 -0.0337839 -0.0354665
0 -0.0399555 -0.0316979 -0.0339112
0 -0.0400264 -0.0299273 -0.0326385
0 -0.0406877 -0.0285634 -0.0316194
0 -0.0417971 -0.0276283 -0.0307757
0 -0.0431355 -0.0270645 -0.0299864
0 -0.0444465 -0.0267517 -0.0291166
0 -0.0454711 -0.0265253 -0.0280388
0 -0.0459652 -0.0261856 -0.0266337
0 -0.0457477 -0.0255423 -0.0248194
0 -0.0447729 -0.0244873 -0.0226137
0 -0.0431311 -0.0229993 -0.0201326
0 -0.0409842 -0.0210984 -0.0175226
0 -0.0385345 -0.0188415 -0.0149283
0 -0.0359764 -0.0162956 -0.0124517
0 -0.0334292 -0.0134845 -0.0100913
0 -0.0309646 -0.0104252 -0.00778244
0 -0.0286759 -0.00719871 -0.00547868
0 -0.0266859 -0.00395154 -0.00317742
0 -0.0250999 -0.000840545 -0.000888754
0 -0.0239733 0.00200559 0.0013906
0 -0.0233897 0.00441812 0.00359664
0 -0.0234906 0.00616706 0.00555972
0 -0.0243044 0.00713389 0.00716711
0 -0.0255697 0.00749276 0.00854754
0 -0.0268233 0.00763682 0.0100025
0 -0.0276512 0.00794651 0.0117775
0 -0.0277501 0.00873589 0.014025
0 -0.0268961 0.0102827 0.0168614
0 -0.0250145 0.0127533 0.0203162
0 -0.0222168 0.0161541 0.0242997
0 -0.0187236 0.0203867 0.0286724
0 -0.0147472 0.0253368 0.0333387
0 -0.0104198 0.0309189 0.0382911
0 -0.00579635 0.0370654 0.0435879
0 -0.00089731 0.0436989 0.0493072
0 0.00427364 0.0507393 0.0555322
0 0.009729 0.0581259 0.0623488
0 0.0155132 0.0658455 0.0698547
0 0.0216745 0.0739165 0.0781315
0 0.0280737 0.0822267 0.0870658
0 0.0342963 0.0904377 0.096247
0 0.0398636 0.0981244 0.105131
0 0.0443662 0.104879 0.113178
0 0.0473974 0.11029 0.119849
0 0.0485452 0.113971 0.12463
0 0.0475337 0.115649 0.127152
0 0.0443611 0.115238 0.127267
0 0.0392636 0.112786 0.124996
0 0.0326025 0.108401 0.12045
0 0.0247937 0.102224 0.113802
0 0.0162297 0.0943729 0.105239
0 0.00722794 0.0849176 0.0949183
0 -0.0020091 0.0738843 0.0829529
0 -0.0114455 0.0612422 0.0693612
0 -0.0211925 0.0469261 0.0540791
0 -0.0314499 0.0308758 0.0370035
0 -0.0423563 0.0131448 0.018125
0 -0.0538948 -0.00604655 -0.00239498
0 -0.0659523 -0.0264046 -0.0243044
0 -0.0783864 -0.0476539 -0.0473401
0 -0.0910397 -0.0695551 -0.0712242
0 -0.103599 -0.0917527 -0.0955013
0 -0.115582 -0.113743 -0.119524
0 -0.126507 -0.135032 -0.14264
0 -0.136013 -0.155255 -0.164343
0 -0.143967 -0.174279 -0.184405
0 -0.15037 -0.192098 -0.202785
0 -0.155139 -0.2086 -0.219407
0 -0.158104 -0.223566 -0.234146
0 -0.159189 -0.236835 -0.246966
0 -0.158583 -0.248466 -0.258044
0 -0.156629 -0.258681 -0.267659
0 -0.153754 -0.267793 -0.276143
0 -0.150739 -0.276451 -0.284173
0 -0.148668 -0.2856 -0.292752
0 -0.148323 -0.295914 -0.302624
0 -0.149588 -0.307249 -0.313698
0 -0.151686 -0.318884 -0.325279
0 -0.154151 -0.330463 -0.33701
0 -0.157102 -0.342246 -0.349132
0 -0.160322 -0.354142 -0.36152
0 -0.162812 -0.365241 -0.37321
0 -0.163719 -0.374723 -0.383321
0 -0.163153 -0.38271 -0.391904
0 -0.161774 -0.389838 -0.399534
0 -0.160055 -0.396515 -0.406572
0 -0.158164 -0.402828 -0.413073
0 -0.155951 -0.408533 -0.41878
0 -0.152994 -0.41309 -0.423164
0 -0.149051 -0.416101 -0.425857
0 -0.144322 -0.41758 -0.426919
0 -0.139242 -0.41777 -0.426649
0 -0.134215 -0.416896 -0.425325
0 -0.129407 -0.414975 -0.423012
0 -0.124788 -0.411856 -0.419602
0 -0.120419 -0.407504 -0.415084
0 -0.116458 -0.402045 -0.409573
0 -0.113051 -0.395705 -0.403218
0 -0.110486 -0.388949 -0.396353
0 -0.10919 -0.382451 -0.389505
0 -0.109363 -0.376702 -0.383038
0 -0.110575 -0.371564 -0.376742
0 -0.111818 -0.366279 -0.369875
0 -0.112059 -0.359979 -0.361653
0 -0.110703 -0.352125 -0.351678
0 -0.10774 -0.342665 -0.340069
0 -0.103655 -0.33198 -0.32739
0 -0.0990621 -0.320572 -0.314308
0 -0.094296 -0.30869 -0.301201
0 -0.0894517 -0.296389 -0.288186
0 -0.0845495 -0.283689 -0.275282
0 -0.0793508 -0.270379 -0.262216
0 -0.0735637 -0.256214 -0.248635
0 -0.0673045 -0.241372 -0.234571
0 -0.0609927 -0.226332 -0.220354
0 -0.0550181 -0.211544 -0.206288
0 -0.0497265 -0.197405 -0.192651
0 -0.0455049 -0.18434 -0.179786
0 -0.0427556 -0.17277 -0.168083
0 -0.0418585 -0.163083 -0.157939
0 -0.0429805 -0.155455 -0.149589
0 -0.0458716 -0.149691 -0.142925
0 -0.0501594 -0.145532 -0.137789
0 -0.0557007 -0.142996 -0.134302
0 -0.0624162 -0.142202 -0.13267
0 -0.070037 -0.143095 -0.132911
0 -0.0780488 -0.145369 -0.134767
0 -0.0858136 -0.14857 -0.137808
0 -0.0927847 -0.152303 -0.141633
0 -0.0986448 -0.156363 -0.146007
0 -0.103294 -0.160728 -0.150863
0 -0.106821 -0.165517 -0.156277
0 -0.109407 -0.170862 -0.162369
0 -0.111157 -0.176734 -0.169125
0 -0.112078 -0.182949 -0.17639
0 -0.112087 -0.189189 -0.183879
0 -0.110974 -0.194991 -0.191135
0 -0.108487 -0.199824 -0.197607
0 -0.104465 -0.203231 -0.202783
0 -0.0989189 -0.204931 -0.206288
0 -0.0921037 -0.204905 -0.207983
0 -0.0845384 -0.203425 -0.208016
0 -0.0769264 -0.200994 -0.206779
0 -0.0699644 -0.19816 -0.204741
0 -0.0641793 -0.195344 -0.202287
0 -0.0599464 -0.192847 -0.199724
0 -0.0575242 -0.190876 -0.197302
0 -0.0570193 -0.189521 -0.195174
0 -0.0583763 -0.188795 -0.193412
0 -0.0613902 -0.188678 -0.192046
0 -0.0657195 -0.189119 -0.191071
0 -0.0709173 -0.190013 -0.190432
0 -0.0764542 -0.191183 -0.190004
0 -0.0817415 -0.192349 -0.189577
0 -0.0862469 -0.193223 -0.18895
0 -0.0896425 -0.193637 -0.188057
0 -0.0918567 -0.193605 -0.187013
0 -0.093023 -0.193302 -0.18607
0 -0.0933501 -0.192959 -0.185499
0 -0.0930464 -0.192781 -0.185507
0 -0.0923263 -0.19295 -0.186249
0 -0.0914129 -0.193616 -0.187824
0 -0.0905547 -0.194928 -0.190314
0 -0.0900056 -0.197032 -0.193782
0 -0.0899084 -0.199972 -0.198187
0 -0.0901941 -0.203589 -0.20329
0 -0.0906272 -0.20757 -0.2087
0 -0.0909053 -0.211537 -0.213965
0 -0.0907084 -0.215089 -0.218623
0 -0.0897691 -0.217863 -0.222264
0 -0.0879685 -0.219617 -0.224623
0 -0.0853801 -0.220284 -0.225624
0 -0.0822362 -0.219935 -0.225355
0 -0.0788502 -0.218722 -0.224
0 -0.0755809 -0.216855 -0.221817
0 -0.0728114 -0.21459 -0.219116
0 -0.0708678 -0.212166 -0.216192
0 -0.0699555 -0.209765 -0.213266
0 -0.0701616 -0.207541 -0.210501
0 -0.0714798 -0.205648 -0.208028
0 -0.0738428 -0.204254 -0.205981
0 -0.0771561 -0.203551 -0.204511
0 -0.0812811 -0.2037 -0.203759
0 -0.0859246 -0.204703 -0.203731
0 -0.090565 -0.206291 -0.204196
0 -0.0946307 -0.208072 -0.204835
0 -0.0977278 -0.209747 -0.205452
0 -0.0995947 -0.211095 -0.205931
0 -0.099937 -0.211807 -0.206058
0 -0.0984919 -0.211533 -0.205565
0 -0.0952771 -0.210107 -0.204343
0 -0.090591 -0.207563 -0.202451
0 -0.08483 -0.204002 -0.199964
0 -0.0783357 -0.199478 -0.19686
0 -0.0712836 -0.193918 -0.192947
0 -0.0637801 -0.187251 -0.188
0 -0.0560046 -0.179547 -0.181912
0 -0.0481616 -0.170963 -0.174661
0 -0.0404535 -0.161721 -0.166296
0 -0.0331465 -0.152156 -0.157014
0 -0.0265531 -0.142673 -0.147135
0 -0.0209693 -0.133665 -0.137036
0 -0.0166283 -0.125457 -0.127097
0 -0.0136664 -0.118259 -0.117649
0 -0.0121455 -0.112182 -0.108985
0 -0.0121224 -0.10731 -0.101416
0 -0.0136235 -0.103699 -0.0952423
0 -0.0165055 -0.101276 -0.0906308
0 -0.0204029 -0.0997933 -0.0875302
0 -0.0248468 -0.0989423 -0.0857502
0 -0.0294327 -0.098503 -0.0851053
0 -0.033908 -0.0984152 -0.0854901
0 -0.038131 -0.0987259 -0.0868371
0 -0.0419597 -0.0994751 -0.0890198
0 -0.0452169 -0.100656 -0.0918344
0 -0.0477334 -0.102247 -0.095056
0 -0.049365 -0.104205 -0.0984618
0 -0.0499979 -0.106441 -0.101835
0 -0.04957 -0.108815 -0.104982
0 -0.0480731 -0.111122 -0.107728
0 -0.0455547 -0.113113 -0.109918
0 -0.04214 -0.114557 -0.111448
0 -0.0380516 -0.115305 -0.1123
0 -0.0335883 -0.115314 -0.112537
0 -0.0290277 -0.114572 -0.112208
0 -0.024543 -0.113028 -0.11128
0 -0.0202246 -0.11062 -0.109661
0 -0.0161346 -0.107323 -0.107255
0 -0.0123451 -0.103183 -0.104006
0 -0.00897443 -0.0983589 -0.0999455
0 -0.00618085 -0.0931121 -0.0951934
0 -0.00408287 -0.0877074 -0.0898824
0 -0.00269301 -0.0823234 -0.0840905
0 -0.00192171 -0.0770333 -0.0778443
0 -0.001622 -0.0718324 -0.0711598
0 -0.00164985 -0.0666845 -0.0640919
0 -0.00189507 -0.0615516 -0.0567532
0 -0.00228536 -0.0564038 -0.0493064
0 -0.00277542 -0.0512157 -0.0419382
0 -0.00330278 -0.0459341 -0.0347961
0 -0.00375175 -0.0404525 -0.0279317
0 -0.00397561 -0.0346384 -0.0213096
0 -0.00385687 -0.0283943 -0.0148596
0 -0.00334773 -0.0216971 -0.00851709
0 -0.00246178 -0.0145877 -0.00222173
0 -0.00124655 -0.00714172 0.00409655
0 0.00024029 0.000556236 0.0105223
0 0.00192691 0.00840737 0.017128
0 0.00364062 0.0162111 0.0238658
0 0.00507819 0.0236376 0.0305237
0 0.00590949 0.030337 0.0368249
0 0.00583771 0.0360003 0.0424863
0 0.00461588 0.040358 0.0472203
0 0.00206447 0.0431722 0.0507328
0 -0.00193023 0.0442288 0.0527195
0 -0.00737037 0.0433789 0.0529201
0 -0.0140549 0.0406214 0.0512189
0 -0.0215947 0.0361236 0.0476656
0 -0.0295569 0.0301343 0.0423844
0 -0.0375477 0.0229064 0.0355251
0 -0.0452401 0.0146553 0.0272512
0 -0.0524145 0.00553995 0.0177135
0 -0.0589563 -0.00430152 0.00705334
0 -0.0648313 -0.0147272 -0.00458631
0 -0.0700467 -0.0255868 -0.0170444
0 -0.0746019 -0.0367059 -0.0301127
0 -0.0784655 -0.0478797 -0.0435229
0 -0.0815939 -0.0589088 -0.0569803
0 -0.0839804 -0.0696657 -0.07023
0 -0.0856441 -0.0800894 -0.0830537
0 -0.0865651 -0.0901119 -0.0952153
0 -0.0866785 -0.0996371 -0.106468
0 -0.0859303 -0.108569 -0.11661
0 -0.08432 -0.116827 -0.12551
0 -0.0818859 -0.124323 -0.1331
0 -0.0786885 -0.130953 -0.139348
0 -0.0748197 -0.136606 -0.144269
0 -0.0704009 -0.14118 -0.14791
0 -0.0656148 -0.144624 -0.150382
0 -0.0607565 -0.147 -0.151893
0 -0.0562037 -0.14848 -0.152725
0 -0.0523205 -0.149296 -0.15315
0 -0.0494111 -0.149687 -0.153409
0 -0.0477696 -0.149922 -0.153756
0 -0.0476957 -0.150308 -0.154471
0 -0.0493507 -0.151085 -0.155742
0 -0.0526065 -0.152343 -0.157541
0 -0.0570799 -0.15404 -0.159664
0 -0.0622785 -0.156081 -0.161857
0 -0.0677424 -0.158391 -0.163927
0 -0.0731295 -0.16095 -0.165811
0 -0.0782352 -0.163782 -0.16757
0 -0.0829844 -0.166952 -0.169366
0 -0.0873926 -0.17054 -0.171426
0 -0.0915228 -0.174624 -0.173992
0 -0.0954789 -0.179282 -0.17732
0 -0.0994105 -0.184597 -0.181674
0 -0.103496 -0.190652 -0.187294
0 -0.107849 -0.197461 -0.1943
0 -0.112374 -0.204848 -0.202546
0 -0.116822 -0.2125 -0.211673
0 -0.120966 -0.22015 -0.221292
0 -0.124616 -0.227582 -0.231014
0 -0.127572 -0.234591 -0.240432
0 -0.129655 -0.241004 -0.249156
0 -0.130722 -0.246693 -0.256855
0 -0.130692 -0.251586 -0.263285
0 -0.129559 -0.255648 -0.268299
0 -0.127409 -0.258873 -0.271839
0 -0.124422 -0.261298 -0.273951
0 -0.120857 -0.263001 -0.274788
0 -0.117009 -0.264064 -0.274562
0 -0.113132 -0.264528 -0.273485
0 -0.109411 -0.264374 -0.271729
0 -0.105968 -0.263542 -0.269417
0 -0.10287 -0.261943 -0.266621
0 -0.100126 -0.259468 -0.263352
0 -0.0976828 -0.256004 -0.259549
0 -0.0954268 -0.251474 -0.255097
0 -0.0931933 -0.245846 -0.249838
0 -0.0907907 -0.239122 -0.243589
0 -0.0880334 -0.231339 -0.236183
0 -0.0847592 -0.222544 -0.227483
0 -0.0808327 -0.212769 -0.21739
0 -0.0761701 -0.20205 -0.205873
0 -0.0707936 -0.190484 -0.193028
0 -0.0648522 -0.178248 -0.179103
0 -0.0585505 -0.165548 -0.164416
0 -0.0520772 -0.152548 -0.149285
0 -0.0455908 -0.139376 -0.134005
0 -0.0392188 -0.126121 -0.118836
0 -0.033068 -0.112861 -0.103996
0 -0.0272542 -0.0996969 -0.0896812
0 -0.0219233 -0.0867746 -0.0760802
0 -0.0172383 -0.0742764 -0.0633631
0 -0.0133591 -0.0623965 -0.0516641
0 -0.0104412 -0.0513377 -0.041089
0 -0.00864473 -0.0413146 -0.0317338
0 -0.0081482 -0.0325621 -0.0237097
0 -0.00912202 -0.0253212 -0.017144
0 -0.0116331 -0.0197706 -0.0121234
0 -0.0155938 -0.0159831 -0.00865717
0 -0.0208212 -0.0139724 -0.00672757
0 -0.0271222 -0.0137643 -0.00635989
0 -0.0343304 -0.0154101 -0.00763363
0 -0.0422765 -0.0189282 -0.0106256
0 -0.0507124 -0.0242179 -0.0153174
0 -0.0593169 -0.0310762 -0.0215887
0 -0.0678078 -0.0393073 -0.0293163
0 -0.0759727 -0.048734 -0.0383994
0 -0.0836389 -0.0591414 -0.0487194
0 -0.0906984 -0.0702935 -0.0601551
0 -0.0971301 -0.081984 -0.0726061
0 -0.102969 -0.0940431 -0.0859707
0 -0.108255 -0.106314 -0.100101
0 -0.113008 -0.118649 -0.114786
0 -0.117214 -0.130921 -0.12977
0 -0.120844 -0.143045 -0.144782
0 -0.123889 -0.155005 -0.159588
0 -0.12637 -0.166839 -0.173996
0 -0.128308 -0.178583 -0.187837
0 -0.1297 -0.190237 -0.200967
0 -0.130497 -0.201739 -0.213256
0 -0.130591 -0.212947 -0.224571
0 -0.12985 -0.223652 -0.234799
0 -0.128197 -0.233626 -0.243866
0 -0.125623 -0.242637 -0.251729
0 -0.122143 -0.250473 -0.25833
0 -0.117777 -0.256941 -0.2636
0 -0.112553 -0.261858 -0.267469
0 -0.106543 -0.265057 -0.269885
0 -0.0998772 -0.266422 -0.270833
0 -0.0927399 -0.26592 -0.270333
0 -0.0853141 -0.263587 -0.268403
0 -0.0777415 -0.259471 -0.265019
0 -0.0701532 -0.253647 -0.260153
0 -0.0627055 -0.246251 -0.253811
0 -0.0555559 -0.237479 -0.246036
0 -0.0488156 -0.22759 -0.236895
0 -0.0425476 -0.216881 -0.226475
0 -0.0367949 -0.205659 -0.214908
0 -0.0315953 -0.194209 -0.202373
0 -0.0269857 -0.182775 -0.189099
0 -0.0230089 -0.171547 -0.175361
0 -0.0197281 -0.160675 -0.161484
0 -0.0172293 -0.150279 -0.14783
0 -0.0155987 -0.14044 -0.134765
0 -0.0148915 -0.131189 -0.122609
0 -0.015124 -0.122519 -0.111614
0 -0.0162853 -0.114433 -0.101961
0 -0.0183354 -0.106965 -0.0937572
0 -0.0212011 -0.100178 -0.0870479
0 -0.0247799 -0.0941523 -0.0818185
0 -0.0289445 -0.0889875 -0.0780007
0 -0.0335504 -0.0847904 -0.0754846
0 -0.0384489 -0.0816653 -0.0741404
0 -0.0434987 -0.0797064 -0.0738425
0 -0.0485695 -0.078985 -0.0744852
0 -0.053535 -0.0795325 -0.0759783
0 -0.0582484 -0.0813163 -0.0782232
0 -0.0625319 -0.0842363 -0.0811037
0 -0.0661984 -0.0881395 -0.084504
0 -0.0690754 -0.0928122 -0.0883166
0 -0.0710344 -0.0979808 -0.0924531
0 -0.0720076 -0.103344 -0.0968516
0 -0.0719787 -0.108596 -0.101459
0 -0.0709778 -0.113455 -0.106208
0 -0.0690807 -0.117688 -0.111001
0 -0.0664147 -0.121142 -0.115718
0 -0.0631573 -0.123759 -0.12023
0 -0.0595125 -0.125559 -0.124395
0 -0.0556907 -0.126611 -0.12807
0 -0.051923 -0.127053 -0.13114
0 -0.0484686 -0.127085 -0.133552
0 -0.0455755 -0.126922 -0.135294
0 -0.0434285 -0.126727 -0.136365
0 -0.0421265 -0.126587 -0.136756
0 -0.0416951 -0.126508 -0.136461
0 -0.0420967 -0.126448 -0.135491
0 -0.0432241 -0.126327 -0.133878
0 -0.0449084 -0.12605 -0.131676
0 -0.046939 -0.12552 -0.128959
0 -0.0490996 -0.124663 -0.125831
0 -0.0512037 -0.123446 -0.122422
0 -0.0531095 -0.121884 -0.118887
0 -0.0547218 -0.12003 -0.115392
0 -0.0559803 -0.117957 -0.112097
0 -0.0568368 -0.115731 -0.109116
0 -0.0572501 -0.113407 -0.106511
0 -0.0572028 -0.111049 -0.104307
0 -0.0567091 -0.108736 -0.102507
0 -0.0558025 -0.106543 -0.101085
0 -0.0545229 -0.104529 -0.0999826
0 -0.0529214 -0.102736 -0.0991234
0 -0.0510682 -0.101194 -0.0984338
0 -0.0490515 -0.0999134 -0.0978515
0 -0.0469745 -0.0988892 -0.0973329
0 -0.0449484 -0.098099 -0.096852
0 -0.0430818 -0.0975093 -0.0963974
0 -0.041471 -0.0970809 -0.0959668
0 -0.0401873 -0.0967689 -0.0955585
0 -0.0392612 -0.0965142 -0.0951545
0 -0.0386752 -0.0962396 -0.0947123
0 -0.0383721 -0.0958588 -0.094169
0 -0.038274 -0.0952943 -0.0934571
0 -0.0383043 -0.0944978 -0.0925242
0 -0.0383998 -0.0934584 -0.091343
0 -0.0385151 -0.0921994 -0.0899136
0 -0.0386224 -0.0907703 -0.0882613
0 -0.0387082 -0.0892348 -0.0864306
0 -0.0387726 -0.0876637 -0.0844836
0 -0.0388284 -0.0861301 -0.0824975
0 -0.0388956 -0.0847017 -0.0805578
0 -0.0389855 -0.0834266 -0.0787415
0 -0.0390752 -0.0823082 -0.0770886
0 -0.0390993 -0.081298 -0.0755899
0 -0.0389797 -0.080325 -0.0742108
0 -0.0386621 -0.0793321 -0.0729238
0 -0.0381318 -0.078292 -0.0717204
0 -0.0374171 -0.0772133 -0.0706149
0 -0.036589 -0.0761429 -0.0696465
0 -0.0357517 -0.0751606 -0.0688746
0 -0.0350325 -0.0743735 -0.0683755
0 -0.0345732 -0.0739114 -0.068242
0 -0.0344954 -0.0738956 -0.0685565
0 -0.0348621 -0.074403 -0.0693593
0 -0.0356728 -0.0754598 -0.0706478
0 -0.0368763 -0.0770514 -0.0723904
0 -0.0383888 -0.0791337 -0.0745407
0 -0.0401076 -0.0816412 -0.0770463
0 -0.0419315 -0.0845004 -0.0798617
0 -0.0437871 -0.0876522 -0.0829678
0 -0.0456393 -0.0910618 -0.0863759
0 -0.0474939 -0.0947215 -0.0901249
0 -0.0493941 -0.098652 -0.0942758
0 -0.0514093 -0.102898 -0.0989005
0 -0.0536128 -0.107515 -0.104064
0 -0.056057 -0.11255 -0.109805
0 -0.0587639 -0.118028 -0.116124
0 -0.0617197 -0.123942 -0.122986
0 -0.0648458 -0.130223 -0.130286
0 -0.0679796 -0.136713 -0.137826
0 -0.070925 -0.143219 -0.145361
0 -0.0735113 -0.149564 -0.152666
0 -0.0756084 -0.155601 -0.159551
0 -0.0771369 -0.161223 -0.165879
0 -0.0780773 -0.166377 -0.171576
0 -0.0784655 -0.171059 -0.176632
0 -0.0783831 -0.175303 -0.181091
0 -0.0779381 -0.179164 -0.185025
0 -0.077242 -0.182687 -0.188511
0 -0.0763939 -0.185901 -0.191616
0 -0.075467 -0.188809 -0.194382
0 -0.0745052 -0.191386 -0.196826
0 -0.0735367 -0.193595 -0.198947
0 -0.0725903 -0.195409 -0.200742
0 -0.071691 -0.196798 -0.202198
0 -0.0708393 -0.197718 -0.20327
0 -0.070012 -0.198113 -0.203887
0 -0.0691874 -0.197938 -0.203976
0 -0.068372 -0.197181 -0.203495
0 -0.0676085 -0.195886 -0.202445
0 -0.0669708 -0.194157 -0.200881
0 -0.0665422 -0.192145 -0.19889
0 -0.0663791 -0.189995 -0.196566
0 -0.0665014 -0.187832 -0.193997
0 -0.0669076 -0.18577 -0.191282
0 -0.0675781 -0.183909 -0.188535
0 -0.0684605 -0.182312 -0.185861
0 -0.0694543 -0.180984 -0.18333
0 -0.0704069 -0.179864 -0.180962
0 -0.0711454 -0.178844 -0.178738
0 -0.0715355 -0.177833 -0.176652
0 -0.071505 -0.176773 -0.174724
0 -0.0710297 -0.175626 -0.172989
0 -0.0701206 -0.174371 -0.17147
0 -0.0688065 -0.172988 -0.170158
0 -0.0671165 -0.171447 -0.169003
0 -0.0650753 -0.1697 -0.167908
0 -0.0627127 -0.167696 -0.166747
0 -0.0600777 -0.165401 -0.165399
0 -0.0572539 -0.16281 -0.163774
0 -0.0543687 -0.159974 -0.16183
0 -0.0515739 -0.156978 -0.159562
0 -0.0490124 -0.153917 -0.156989
0 -0.046806 -0.150883 -0.154146
0 -0.0450476 -0.147967 -0.151088
0 -0.0437862 -0.145233 -0.14787
0 -0.0430229 -0.142716 -0.14455
0 -0.0427199 -0.140419 -0.14118
0 -0.0428131 -0.138328 -0.13782
0 -0.0432251 -0.136424 -0.134536
0 -0.0438689 -0.13468 -0.131401
0 -0.0446394 -0.133052 -0.128479
0 -0.0454101 -0.131471 -0.125799
0 -0.046049 -0.129859 -0.12336
0 -0.0464438 -0.12815 -0.121143
0 -0.0465194 -0.126309 -0.119129
0 -0.0462454 -0.124336 -0.117297
0 -0.0456385 -0.122268 -0.115635
0 -0.0447618 -0.120181 -0.114146
0 -0.0437122 -0.118176 -0.112842
0 -0.0425937 -0.116355 -0.111732
0 -0.0414893 -0.114793 -0.110805
0 -0.040437 -0.113515 -0.110013
0 -0.0394339 -0.112494 -0.109283
0 -0.0384688 -0.111688 -0.108549
0 -0.0375434 -0.111048 -0.107775
0 -0.0366785 -0.110537 -0.106959
0 -0.0359102 -0.110127 -0.106131
0 -0.0352836 -0.1098 -0.10534
0 -0.0348515 -0.109558 -0.104653
0 -0.0346674 -0.109416 -0.104143
0 -0.0347731 -0.109403 -0.103878
0 -0.0351879 -0.10955 -0.103905
0 -0.0359081 -0.109891 -0.104257
0 -0.0369119 -0.110469 -0.104955
0 -0.0381677 -0.111333 -0.106012
0 -0.0396352 -0.112531 -0.107438
0 -0.0412643 -0.114105 -0.109234
0 -0.0430048 -0.116083 -0.111405
0 -0.0448179 -0.118493 -0.113962
0 -0.0466815 -0.121356 -0.116932
0 -0.0485865 -0.124681 -0.120346
0 -0.0505303 -0.128456 -0.12423
0 -0.0525131 -0.132657 -0.128604
0 -0.0545396 -0.13724 -0.133474
0 -0.0566144 -0.14216 -0.13883
0 -0.0587371 -0.14736 -0.14464
0 -0.0608899 -0.152776 -0.150844
0 -0.0630216 -0.158313 -0.157332
0 -0.0650577 -0.163862 -0.163967
0 -0.0669302 -0.169317 -0.170604
0 -0.0685934 -0.174603 -0.177112
0 -0.0700205 -0.179669 -0.183372
0 -0.07121 -0.184495 -0.18929
0 -0.0721965 -0.189095 -0.194817
0 -0.073043 -0.193512 -0.199947
0 -0.0738233 -0.197798 -0.204704
0 -0.0746104 -0.202003 -0.209132
0 -0.0754766 -0.206171 -0.213296
0 -0.0764909 -0.210342 -0.217277
0 -0.0777007 -0.214532 -0.221146
0 -0.0791109 -0.218719 -0.224945
0 -0.0806811 -0.222847 -0.228677
0 -0.0823504 -0.226842 -0.23233
0 -0.0840597 -0.230639 -0.235887
0 -0.0857578 -0.234186 -0.239332
0 -0.0873989 -0.237443 -0.242642
0 -0.0889349 -0.240372 -0.245779
0 -0.0903099 -0.242935 -0.248684
0 -0.0914626 -0.245091 -0.25128
0 -0.0923296 -0.2468 -0.25348
0 -0.092849 -0.248022 -0.255194
0 -0.0929587 -0.248714 -0.256327
0 -0.0925945 -0.248819 -0.256778
0 -0.0917036 -0.248272 -0.25645
0 -0.09026 -0.247009 -0.255257
0 -0.088271 -0.24497 -0.253141
0 -0.0857775 -0.242111 -0.250066
0 -0.0828444 -0.238402 -0.246022
0 -0.0795499 -0.233831 -0.241015
0 -0.0759832 -0.228418 -0.235074
0 -0.0722467 -0.222224 -0.228264
0 -0.0684488 -0.215354 -0.22068
0 -0.0646872 -0.207929 -0.212434
0 -0.061048 -0.200083 -0.203651
0 -0.0576154 -0.19196 -0.194481
0 -0.054465 -0.183708 -0.185082
0 -0.0516495 -0.175461 -0.175604
0 -0.0492053 -0.167333 -0.166184
0 -0.0471637 -0.159418 -0.156964
0 -0.0455482 -0.151792 -0.148082
0 -0.0443696 -0.144503 -0.139656
0 -0.0436265 -0.137584 -0.131781
0 -0.0433113 -0.131059 -0.124526
0 -0.04342 -0.124961 -0.117951
0 -0.043953 -0.119338 -0.112106
0 -0.044906 -0.114254 -0.107032
0 -0.0462578 -0.109771 -0.102748
0 -0.047959 -0.105942 -0.0992488
0 -0.0499277 -0.102795 -0.096496
0 -0.0520563 -0.100339 -0.0944304
0 -0.0542246 -0.0985658 -0.0929847
0 -0.056309 -0.0974537 -0.0920924
0 -0.0581852 -0.0969632 -0.0916872
0 -0.0597399 -0.0970433 -0.0917127
0 -0.0608852 -0.0976446 -0.0921335
0 -0.061571 -0.0987229 -0.0929401
0 -0.0617974 -0.100232 -0.094147
0 -0.0616192 -0.102119 -0.0957879
0 -0.0611374 -0.104325 -0.0979054
0 -0.0604845 -0.106796 -0.100539
0 -0.059802 -0.109483 -0.103708
0 -0.0592215 -0.112342 -0.107397
0 -0.0588534 -0.115346 -0.111556
0 -0.0587765 -0.118479 -0.1161
0 -0.0590376 -0.121731 -0.120923
0 -0.0596542 -0.125098 -0.125904
0 -0.0606113 -0.128573 -0.130911
0 -0.0618561 -0.132133 -0.135797
0 -0.0633027 -0.135736 -0.140416
0 -0.0648504 -0.139327 -0.144644
0 -0.0664042 -0.142845 -0.148398
0 -0.0678807 -0.146228 -0.151633
0 -0.0692057 -0.149402 -0.154337
0 -0.0703151 -0.152288 -0.156525
0 -0.0711564 -0.154805 -0.158225
0 -0.071686 -0.156869 -0.159473
0 -0.0718685 -0.1584 -0.160296
0 -0.0716747 -0.159323 -0.160707
0 -0.0710813 -0.159566 -0.160692
0 -0.0700724 -0.159068 -0.160212
0 -0.0686475 -0.157778 -0.159208
0 -0.0668294 -0.155676 -0.157615
0 -0.0646679 -0.152779 -0.15537
0 -0.0622412 -0.149151 -0.152432
0 -0.0596545 -0.144906 -0.148793
0 -0.0570302 -0.140189 -0.144478
0 -0.0544911 -0.135162 -0.139549
0 -0.0521435 -0.129977 -0.134088
0 -0.0500619 -0.12476 -0.128193
0 -0.0482853 -0.1196 -0.121969
0 -0.0468212 -0.114552 -0.115523
0 -0.0456556 -0.109645 -0.10897
0 -0.0447684 -0.104893 -0.102439
0 -0.0441392 -0.100306 -0.0960653
0 -0.0437468 -0.0958828 -0.0899857
0 -0.0435712 -0.091624 -0.0843267
0 -0.0435939 -0.0875364 -0.0791932
0 -0.0438031 -0.0836441 -0.0746679
0 -0.0441977 -0.0799957 -0.0708138
0 -0.0447782 -0.0766572 -0.0676666
0 -0.0455311 -0.0736952 -0.0652236
0 -0.0464252 -0.0711692 -0.0634456
0 -0.0474211 -0.0691365 -0.0622749
0 -0.0484813 -0.0676555 -0.0616523
0 -0.0495724 -0.0667825 -0.0615276
0 -0.0506611 -0.0665623 -0.0618617
0 -0.0517034 -0.0670127 -0.0626188
0 -0.0526403 -0.0681147 -0.0637611
0 -0.0534149 -0.0698132 -0.0652563
0 -0.0539966 -0.072023 -0.0670899
0 -0.0543916 -0.0746425 -0.0692709
0 -0.0546399 -0.0775675 -0.0718257
0 -0.0547979 -0.0806928 -0.0747766
0 -0.0549158 -0.0839103 -0.0781176
0 -0.0550323 -0.0871192 -0.0818069
0 -0.0551769 -0.0902416 -0.085773
0 -0.0553725 -0.0932284 -0.0899204
0 -0.0556337 -0.0960539 -0.0941366
0 -0.0559698 -0.0987101 -0.0983037
0 -0.0563972 -0.101215 -0.102317
0 -0.0569582 -0.103628 -0.106108
0 -0.0577255 -0.10605 -0.109659
0 -0.0587905 -0.108607 -0.113004
0 -0.0602314 -0.111414 -0.116208
0 -0.0620856 -0.114548 -0.119341
0 -0.0643474 -0.118039 -0.122472
0 -0.0669697 -0.121879 -0.125666
0 -0.0698579 -0.126003 -0.128965
0 -0.072868 -0.130293 -0.132369
0 -0.0758135 -0.134579 -0.135831
0 -0.0784973 -0.138673 -0.139271
0 -0.0807513 -0.142407 -0.142607
0 -0.0824608 -0.145666 -0.145771
0 -0.0835694 -0.148392 -0.148723
0 -0.0840718 -0.150577 -0.151437
0 -0.0840042 -0.152259 -0.153897
0 -0.0834363 -0.153503 -0.15609
0 -0.0824591 -0.154385 -0.157994
0 -0.0811626 -0.154966 -0.15957
0 -0.0796219 -0.155281 -0.160757
0 -0.0778959 -0.155334 -0.161485
0 -0.0760363 -0.15511 -0.161687
0 -0.0740938 -0.154582 -0.161315
0 -0.0721199 -0.153715 -0.160338
0 -0.0701671 -0.15247 -0.158751
0 -0.0682886 -0.150808 -0.156567
0 -0.0665342 -0.148698 -0.153819
0 -0.0649439 -0.146124 -0.150553
0 -0.0635375 -0.143088 -0.146818
0 -0.062311 -0.139613 -0.142664
0 -0.0612429 -0.135743 -0.138139
0 -0.0602974 -0.131539 -0.133287
0 -0.0594213 -0.12706 -0.128148
0 -0.0585465 -0.122355 -0.122747
0 -0.0575988 -0.11746 -0.117101
0 -0.0565119 -0.112404 -0.111227
0 -0.0552441 -0.107219 -0.105162
0 -0.0537882 -0.101941 -0.0989708
0 -0.0521698 -0.0966197 -0.0927454
0 -0.0504347 -0.0913059 -0.0865863
0 -0.0486341 -0.0860457 -0.0805867
0 -0.0468178 -0.0808799 -0.0748256
0 -0.0450344 -0.0758478 -0.0693669
0 -0.0433283 -0.0709885 -0.0642578
0 -0.0417316 -0.0663342 -0.0595207
0 -0.0402583 -0.0619045 -0.05515
0 -0.0389083 -0.0577099 -0.0511185
0 -0.0376775 -0.0537591 -0.0473901
0 -0.0365677 -0.0500687 -0.0439341
0 -0.0355916 -0.0466645 -0.0407328
0 -0.0347707 -0.0435792 -0.0377831
0 -0.0341294 -0.0408456 -0.0350929
0 -0.0336903 -0.0384907 -0.0326776
0 -0.033469 -0.0365315 -0.0305561
0 -0.0334694 -0.0349706 -0.0287449
0 -0.0336837 -0.0337996 -0.02726
0 -0.0340945 -0.0330054 -0.026119
0 -0.0346784 -0.0325748 -0.0253422
0 -0.0354102 -0.0324991 -0.0249535
0 -0.0362641 -0.0327748 -0.0249778
0 -0.0372122 -0.0334023 -0.0254375
0 -0.0382237 -0.0343844 -0.0263486
0 -0.0392665 -0.0357228 -0.0277189
0 -0.0403113 -0.0374126 -0.0295466
0 -0.0413351 -0.0394396 -0.0318195
0 -0.0423289 -0.0417867 -0.0345208
0 -0.0433048 -0.0444429 -0.0376376
0 -0.0442933 -0.0474028 -0.04116
0 -0.0453342 -0.0506625 -0.0450757
0 -0.046462 -0.0542097 -0.0493589
0 -0.047687 -0.0580093 -0.0539557
0 -0.0489942 -0.0620035 -0.0587847
0 -0.050359 -0.0661287 -0.0637559
0 -0.0517565 -0.0703252 -0.0687854
0 -0.0531644 -0.0745416 -0.0738002
0 -0.0545674 -0.0787399 -0.0787398
0 -0.0559566 -0.0828931 -0.0835543
0 -0.0573218 -0.0869764 -0.0882002
0 -0.0586494 -0.0909628 -0.0926393
0 -0.0599285 -0.094829 -0.0968454
0 -0.0611547 -0.098558 -0.100807
0 -0.0623287 -0.102138 -0.104527
0 -0.0634551 -0.105561 -0.108016
0 -0.0645418 -0.108824 -0.111296
0 -0.0655958 -0.111925 -0.114391
0 -0.0666137 -0.114851 -0.117312
0 -0.0675785 -0.117582 -0.120061
0 -0.0684671 -0.120094 -0.122626
0 -0.0692571 -0.122364 -0.124995
0 -0.0699288 -0.124377 -0.12715
0 -0.0704669 -0.12612 -0.129076
0 -0.0708608 -0.12759 -0.130754
0 -0.0711004 -0.128779 -0.132164
0 -0.0711788 -0.129685 -0.133284
0 -0.0710988 -0.13031 -0.1341
0 -0.0708796 -0.130669 -0.134613
0 -0.0705572 -0.130789 -0.134838
0 -0.0701724 -0.130695 -0.134794
0 -0.0697589 -0.130406 -0.134497
0 -0.0693407 -0.129927 -0.133959
0 -0.0689349 -0.129263 -0.133188
0 -0.0685509 -0.128419 -0.132194
0 -0.0681925 -0.127404 -0.130992
0 -0.0678597 -0.126236 -0.129598
0 -0.0675461 -0.124933 -0.128033
0 -0.067237 -0.123512 -0.126313
0 -0.0669113 -0.121989 -0.124454
0 -0.0665472 -0.120376 -0.122473
0 -0.0661317 -0.118696 -0.120397
0 -0.0656602 -0.116972 -0.118261
0 -0.0651282 -0.115225 -0.116097
0 -0.0645272 -0.113463 -0.113927
0 -0.0638473 -0.111688 -0.111768
0 -0.06308 -0.109896 -0.109628
0 -0.0622178 -0.108079 -0.107508
0 -0.0612532 -0.106223 -0.1054
0 -0.0601802 -0.104309 -0.103287
0 -0.0589961 -0.102319 -0.101147
0 -0.0577002 -0.100232 -0.0989543
0 -0.0562915 -0.0980255 -0.0966767
0 -0.0547734 -0.0956799 -0.0942844
0 -0.0531642 -0.0931903 -0.0917583
0 -0.0515047 -0.0905745 -0.0891004
0 -0.0498512 -0.0878686 -0.0863301
0 -0.0482667 -0.0851211 -0.0834799
0 -0.0468189 -0.082392 -0.0805959
0 -0.045572 -0.0797461 -0.0777326
0 -0.0445751 -0.0772415 -0.0749437
0 -0.0438531 -0.0749187 -0.0722728
0 -0.0433995 -0.0727929 -0.0697451
0 -0.0431731 -0.0708479 -0.0673619
0 -0.0431018 -0.0690394 -0.065101
0 -0.0431038 -0.0673136 -0.0629327
0 -0.0431107 -0.0656284 -0.0608392
0 -0.0430813 -0.0639667 -0.0588245
0 -0.0430101 -0.0623434 -0.0569198
0 -0.0429248 -0.0608052 -0.0551808
0 -0.0428758 -0.0594205 -0.0536779
0 -0.0429181 -0.0582647 -0.0524808
0 -0.0430937 -0.0574031 -0.0516428
0 -0.0434173 -0.0568786 -0.0511906
0 -0.0438729 -0.0567064 -0.0511206
0 -0.0444203 -0.0568794 -0.0514069
0 -0.0450106 -0.0573797 -0.0520156
0 -0.0455966 -0.0581848 -0.0529134
0 -0.0461382 -0.0592634 -0.0540684
0 -0.0466088 -0.0605767 -0.0554536
0 -0.0469971 -0.0620814 -0.0570469
0 -0.0473025 -0.0637275 -0.0588253
0 -0.0475395 -0.0654684 -0.060769
0 -0.0477428 -0.0672729 -0.0628681
0 -0.0479557 -0.0691198 -0.0651123
0 -0.0482143 -0.0709886 -0.0674782
0 -0.0485412 -0.0728569 -0.0699267
0 -0.0489471 -0.0747039 -0.0724081
0 -0.0494302 -0.0765086 -0.074867
0 -0.0499746 -0.0782469 -0.0772437
0 -0.050557 -0.0798959 -0.0794798
0 -0.0511586 -0.0814426 -0.0815269
0 -0.0517706 -0.082887 -0.083354
0 -0.0523929 -0.0842375 -0.0849489
0 -0.0530278 -0.0855024 -0.0863136
0 -0.0536745 -0.0866844 -0.0874588
0 -0.0543253 -0.0877776 -0.0883995
0 -0.054961 -0.0887639 -0.0891487
0 -0.0555558 -0.0896183 -0.0897189
0 -0.0560845 -0.0903174 -0.0901254
0 -0.0565293 -0.0908463 -0.0903886
0 -0.05688 -0.0911995 -0.0905306
0 -0.0571316 -0.0913792 -0.0905718
0 -0.0572894 -0.0914014 -0.0905355
0 -0.0573664 -0.0912921 -0.0904452
0 -0.057373 -0.0910774 -0.0903152
0 -0.0573161 -0.0907806 -0.0901505
0 -0.0572045 -0.0904271 -0.0899529
0 -0.0570585 -0.0900513 -0.0897321
0 -0.0569113 -0.0896991 -0.0895103
0 -0.0567999 -0.0894171 -0.089315
0 -0.0567517 -0.0892402 -0.0891685
0 -0.0567787 -0.0891861 -0.0890843
0 -0.0568739 -0.0892509 -0.0890623
0 -0.0570065 -0.0894042 -0.089084
0 -0.0571351 -0.0896018 -0.0891226
0 -0.0572241 -0.0898013 -0.0891562
0 -0.0572459 -0.0899637 -0.0891675
0 -0.0571837 -0.0900577 -0.0891447
0 -0.0570384 -0.0900669 -0.089087
0 -0.0568262 -0.0899897 -0.0890023
0 -0.0565748 -0.0898371 -0.0889043
0 -0.0563162 -0.089628 -0.0888075
0 -0.0560807 -0.0893855 -0.0887225
0 -0.0559006 -0.0891408 -0.0886621
0 -0.0558094 -0.0889339 -0.0886432
0 -0.0558328 -0.0888041 -0.0886802
0 -0.0559827 -0.0887825 -0.0887813
0 -0.0562549 -0.0888883 -0.0889479
0 -0.0566285 -0.0891254 -0.0891737
0 -0.057069 -0.0894822 -0.0894471
0 -0.0575327 -0.0899336 -0.0897526
0 -0.0579705 -0.0904427 -0.0900719
0 -0.05834 -0.090971 -0.0903913
0 -0.0586144 -0.0914869 -0.0907076
0 -0.0587887 -0.0919732 -0.0910315
0 -0.0588776 -0.0924265 -0.0913843
0 -0.0589019 -0.0928465 -0.0917844
0 -0.0588744 -0.0932242 -0.0922342
0 -0.058795 -0.0935391 -0.0927147
0 -0.0586543 -0.0937635 -0.0931904
0 -0.0584397 -0.0938695 -0.0936145
0 -0.0581419 -0.0938348 -0.0939373
0 -0.0577587 -0.0936457 -0.0941113
0 -0.0572919 -0.0932929 -0.0940913
0 -0.0567508 -0.0927738 -0.0938414
0 -0.0561594 -0.0921 -0.0933454
0 -0.0555553 -0.0912963 -0.0926095
0 -0.0549802 -0.090394 -0.0916555
0 -0.0544692 -0.0894218 -0.0905134
0 -0.0540449 -0.0884016 -0.0892157
0 -0.0537178 -0.0873501 -0.0877971
0 -0.053486 -0.0862784 -0.0862927
0 -0.0533411 -0.0851985 -0.0847403
0 -0.0532786 -0.0841332 -0.0831862
0 -0.0532962 -0.0831122 -0.0816803
0 -0.0533873 -0.082165 -0.0802689
0 -0.0535384 -0.0813159 -0.0789929
0 -0.0537293 -0.0805836 -0.0778875
0 -0.0539353 -0.0799801 -0.0769787
0 -0.0541248 -0.0795067 -0.0762783
0 -0.0542688 -0.0791616 -0.0757898
0 -0.0543447 -0.0789416 -0.075511
0 -0.0543352 -0.0788393 -0.0754311
0 -0.0542284 -0.0788425 -0.0755314
0 -0.054016 -0.0789307 -0.0757822
0 -0.0536906 -0.0790722 -0.0761419
0 -0.0532479 -0.0792274 -0.0765599
0 -0.0526907 -0.0793549 -0.0769838
0 -0.0520335 -0.0794168 -0.077365
0 -0.0513054 -0.0793864 -0.0776656
0 -0.0505501 -0.0792519 -0.0778624
0 -0.0498176 -0.0790136 -0.0779428
0 -0.0491569 -0.0786801 -0.0778996
0 -0.048613 -0.0782679 -0.0777305
0 -0.0482218 -0.0777994 -0.0774373
0 -0.0480033 -0.0772962 -0.0770216
0 -0.0479559 -0.0767725 -0.0764811
0 -0.0480583 -0.0762349 -0.0758117
0 -0.0482724 -0.0756824 -0.0750096
0 -0.0485467 -0.0751063 -0.0740716
0 -0.0488219 -0.0744922 -0.0729967
0 -0.0490376 -0.0738214 -0.0717885
0 -0.049141 -0.0730738 -0.0704592
0 -0.0490957 -0.0722339 -0.0690345
0 -0.0488836 -0.0712923 -0.0675505
0 -0.0485 -0.0702437 -0.0660433
0 -0.0479559 -0.0690914 -0.0645483
0 -0.0472829 -0.0678551 -0.0631044
0 -0.0465273 -0.0665684 -0.0617492
0 -0.0457422 -0.0652736 -0.0605134
0 -0.0449835 -0.0640203 -0.0594215
0 -0.0443079 -0.0628644 -0.0584937
0 -0.0437696 -0.0618654 -0.0577482
0 -0.0434157 -0.0610819 -0.0572018
0 -0.0432775 -0.0605615 -0.0568652
0 -0.0433645 -0.0603337 -0.05674
0 -0.0436616 -0.0604055 -0.0568182
0 -0.044132 -0.0607623 -0.0570838
0 -0.0447314 -0.0613794 -0.057525
0 -0.0454252 -0.0622369 -0.0581476
0 -0.0461954 -0.0633253 -0.0589781
0 -0.0470359 -0.0646406 -0.0600546
0 -0.0479402 -0.0661743 -0.0614112
0 -0.0488946 -0.0679076 -0.0630674
0 -0.0498801 -0.0698152 -0.065027
0 -0.0508718 -0.071865 -0.0672749
0 -0.0518411 -0.0740205 -0.069777
0 -0.0527634 -0.0762468 -0.0724868
0 -0.0536195 -0.0785126 -0.0753485
0 -0.0543975 -0.0807911 -0.0783011
0 -0.0550923 -0.0830605 -0.0812846
0 -0.0557032 -0.0853002 -0.0842437
0 -0.0562316 -0.0874883 -0.087126
0 -0.0566793 -0.0895998 -0.0898769
0 -0.057048 -0.0916076 -0.0924414
0 -0.0573411 -0.0934839 -0.0947709
0 -0.0575662 -0.0952037 -0.0968295
0 -0.0577385 -0.0967485 -0.0985973
0 -0.0578763 -0.0981039 -0.100067
0 -0.0579997 -0.0992597 -0.101245
0 -0.0581305 -0.100211 -0.102146
0 -0.0582893 -0.100959 -0.102794
0 -0.0584947 -0.10151 -0.103219
0 -0.0587616 -0.101874 -0.103453
0 -0.0590984 -0.102069 -0.103526
0 -0.0595069 -0.102119 -0.103469
0 -0.0599789 -0.102056 -0.10331
0 -0.0604954 -0.101908 -0.10307
0 -0.0610316 -0.101707 -0.102767
0 -0.0615644 -0.101488 -0.102423
0 -0.0620758 -0.101288 -0.102067
0 -0.0625483 -0.101138 -0.101728
0 -0.0629623 -0.101058 -0.101428
0 -0.063299 -0.101054 -0.101188
0 -0.0635421 -0.101127 -0.101026
0 -0.0636822 -0.101267 -0.100954
0 -0.0637183 -0.101466 -0.100988
0 -0.0636572 -0.10171 -0.101136
0 -0.0635083 -0.101981 -0.101399
0 -0.0632778 -0.102252 -0.10176
0 -0.0629697 -0.102491 -0.10219
0 -0.062587 -0.102664 -0.10265
0 -0.0621325 -0.102737 -0.103088
0 -0.061611 -0.102684 -0.10345
0 -0.061032 -0.102486 -0.10368
0 -0.0604129 -0.102134 -0.103732
0 -0.0597807 -0.101635 -0.103575
0 -0.0591686 -0.101004 -0.10319
0 -0.058606 -0.10026 -0.102572
0 -0.0581133 -0.0994167 -0.101718
0 -0.0577042 -0.0984891 -0.100639
0 -0.0573845 -0.0974905 -0.0993553
0 -0.0571501 -0.096431 -0.0978933
0 -0.0569924 -0.0953218 -0.0962898
0 -0.0568999 -0.0941774 -0.09459
0 -0.0568522 -0.0930076 -0.092837
0 -0.0568182 -0.0918154 -0.0910651
0 -0.0567586 -0.0905971 -0.0892955
0 -0.0566266 -0.0893391 -0.0875344
0 -0.0563757 -0.0880213 -0.0857803
0 -0.05597 -0.086627 -0.0840333
0 -0.0553927 -0.0851512 -0.0823
0 -0.0546485 -0.0836035 -0.0805935
0 -0.0537576 -0.0820026 -0.0789273
0 -0.0527513 -0.0803714 -0.0773116
0 -0.0516702 -0.0787369 -0.0757543
0 -0.0505622 -0.0771298 -0.0742618
0 -0.0494756 -0.0755799 -0.0728381
0 -0.0484533 -0.0741126 -0.071483
0 -0.0475285 -0.0727459 -0.0701921
0 -0.0467236 -0.0714893 -0.0689582
0 -0.0460492 -0.0703441 -0.0677722
0 -0.0455084 -0.0693071 -0.0666277
0 -0.0451029 -0.0683775 -0.0655277
0 -0.0448323 -0.0675551 -0.0644823
0 -0.0446927 -0.06684 -0.0635071
0 -0.0446797 -0.0662355 -0.0626242
0 -0.0447888 -0.0657488 -0.061861
0 -0.045015 -0.0653917 -0.0612484
0 -0.0453509 -0.0651789 -0.0608174
0 -0.0457814 -0.0651212 -0.0605911
0 -0.0462807 -0.0652223 -0.0605803
0 -0.0468207 -0.0654846 -0.06079
0 -0.0473712 -0.0659073 -0.0612177
0 -0.0479002 -0.0664847 -0.0618524
0 -0.0483846 -0.0672127 -0.0626835
0 -0.048818 -0.0680923 -0.0637069
0 -0.0492118 -0.0691306 -0.0649266
0 -0.0495898 -0.0703362 -0.0663501
0 -0.04998 -0.0717137 -0.0679825
0 -0.0504081 -0.0732596 -0.0698209
0 -0.0508854 -0.0749542 -0.0718453
0 -0.0514093 -0.0767633 -0.0740188
0 -0.0519707 -0.0786481 -0.0762971
0 -0.052558 -0.0805691 -0.0786333
0 -0.0531648 -0.0824954 -0.0809881
0 -0.0537927 -0.0844088 -0.0833343
0 -0.0544457 -0.0862968 -0.0856492
0 -0.0551221 -0.088146 -0.087906
0 -0.0558103 -0.0899375 -0.0900713
0 -0.0564924 -0.0916501 -0.0921094
0 -0.0571513 -0.0932652 -0.0939905
0 -0.0577727 -0.0947673 -0.095693
0 -0.058343 -0.0961408 -0.0972006
0 -0.0588502 -0.0973699 -0.0985023
0 -0.0592859 -0.0984415 -0.0995947
0 -0.059649 -0.0993482 -0.100483
0 -0.0599465 -0.100091 -0.101183
0 -0.0601875 -0.100672 -0.101713
0 -0.0603775 -0.101094 -0.102086
0 -0.0605189 -0.101357 -0.102313
0 -0.0606185 -0.101469 -0.102407
0 -0.0606908 -0.10145 -0.102388
0 -0.0607485 -0.101323 -0.102274
0 -0.0607986 -0.101111 -0.102079
0 -0.0608452 -0.100837 -0.101814
0 -0.060887 -0.100522 -0.101489
0 -0.0609168 -0.10018 -0.101108
0 -0.0609201 -0.0998151 -0.100669
0 -0.0608777 -0.0994248 -0.100167
0 -0.0607689 -0.098998 -0.0995971
0 -0.0605736 -0.0985177 -0.0989498
0 -0.0602777 -0.0979665 -0.09822
0 -0.0598766 -0.0973294 -0.097407
0 -0.0593756 -0.0965965 -0.0965143
0 -0.0587897 -0.0957646 -0.0955494
0 -0.0581356 -0.0948311 -0.0945167
0 -0.0574242 -0.0937888 -0.0934107
0 -0.0566631 -0.0926298 -0.0922195
0 -0.0558596 -0.0913493 -0.0909295
0 -0.0550247 -0.0899511 -0.089531
0 -0.0541736 -0.0884474 -0.0880202
0 -0.0533212 -0.0868543 -0.0863965
0 -0.0524813 -0.085189 -0.0846614
0 -0.0516655 -0.0834678 -0.0828184
0 -0.0508827 -0.0817059 -0.0808733
0 -0.0501388 -0.079918 -0.0788353
0 -0.0494365 -0.0781181 -0.0767172
0 -0.0487767 -0.0763202 -0.074537
0 -0.048164 -0.0745417 -0.0723237
0 -0.0476081 -0.0728048 -0.070118
0 -0.0471205 -0.0711321 -0.0679677
0 -0.0467118 -0.069546 -0.0659223
0 -0.0463906 -0.068069 -0.0640295
0 -0.0461665 -0.0667273 -0.0623359
0 -0.0460484 -0.0655494 -0.0608843
0 -0.0460367 -0.0645591 -0.0597049
0 -0.0461217 -0.0637731 -0.0588131
0 -0.0462889 -0.0632053 -0.0582152
0 -0.0465225 -0.0628695 -0.0579117
0 -0.0468098 -0.062781 -0.0579018
0 -0.0471444 -0.062959 -0.0581875
0 -0.0475247 -0.0634227 -0.0587727
0 -0.0479511 -0.064185 -0.0596602
0 -0.0484249 -0.0652475 -0.0608493
0 -0.0489463 -0.0665985 -0.0623343
0 -0.0495146 -0.068215 -0.0641041
0 -0.0501276 -0.0700638 -0.0661415
0 -0.0507802 -0.0721041 -0.0684218
0 -0.0514652 -0.0742902 -0.0709121
0 -0.0521756 -0.0765773 -0.0735744
0 -0.0529092 -0.0789277 -0.0763693
0 -0.0536653 -0.0813104 -0.0792563
0 -0.054438 -0.0836956 -0.0821903
0 -0.0552126 -0.0860494 -0.0851208
0 -0.0559639 -0.0883318 -0.0879874
0 -0.0566562 -0.0904962 -0.0907176
0 -0.0572543 -0.0924982 -0.093239
0 -0.0577373 -0.0943069 -0.0954948
0 -0.0581011 -0.0959052 -0.0974487
0 -0.0583561 -0.0972871 -0.0990838
0 -0.0585205 -0.0984516 -0.100397
0 -0.0586095 -0.0993923 -0.101389
0 -0.0586365 -0.100101 -0.102065
0 -0.0586198 -0.100574 -0.102443
0 -0.0585748 -0.10081 -0.102541
0 -0.0585118 -0.100805 -0.102378
0 -0.0584401 -0.100561 -0.101975
0 -0.0583625 -0.100087 -0.10135
0 -0.0582754 -0.0993966 -0.10052
0 -0.0581749 -0.0985146 -0.0995032
0 -0.0580599 -0.0974769 -0.0983251
0 -0.0579301 -0.0963256 -0.0970139
0 -0.0577755 -0.0950949 -0.0955907
0 -0.0575738 -0.093805 -0.0940661
0 -0.0573012 -0.0924686 -0.0924488
0 -0.0569399 -0.0910961 -0.0907523
0 -0.0564808 -0.0896963 -0.0889945
0 -0.055923 -0.0882755 -0.0871954
0 -0.0552744 -0.0868395 -0.0853772
0 -0.0545525 -0.0853973 -0.0835669
0 -0.0537833 -0.0839625 -0.0817981
0 -0.0529977 -0.0825514 -0.0801062
0 -0.0522316 -0.0811854 -0.0785275
0 -0.0515252 -0.0798933 -0.077098
0 -0.0509154 -0.0787055 -0.0758465
0 -0.0504318 -0.0776524 -0.074793
0 -0.0500958 -0.0767636 -0.0739503
0 -0.0499189 -0.0760658 -0.0733238
0 -0.0499033 -0.075582 -0.0729141
0 -0.0500453 -0.0753324 -0.0727217
0 -0.0503365 -0.0753348 -0.0727492
0 -0.0507681 -0.0756061 -0.0730056
0 -0.051327 -0.0761571 -0.0735017
0 -0.0519925 -0.0769865 -0.074245
0 -0.052737 -0.0780787 -0.0752368
0 -0.0535296 -0.0794057 -0.0764731
0 -0.0543412 -0.0809329 -0.0779464
0 -0.0551413 -0.0826169 -0.0796405
0 -0.0558975 -0.0844072 -0.0815282
0 -0.0565876 -0.086259 -0.0835803
0 -0.0572009 -0.0881371 -0.0857674
0 -0.0577315 -0.0900102 -0.088054
0 -0.0581799 -0.0918512 -0.0904025
0 -0.0585525 -0.0936364 -0.0927733
0 -0.0588573 -0.095344 -0.0951213
0 -0.0590994 -0.0969526 -0.0973919
0 -0.059277 -0.0984379 -0.0995202
0 -0.0593858 -0.0997747 -0.10144
0 -0.0594194 -0.100936 -0.103089
0 -0.0593729 -0.101894 -0.104413
0 -0.0592471 -0.102625 -0.105374
0 -0.059046 -0.103105 -0.105944
0 -0.0587758 -0.103312 -0.106112
0 -0.0584456 -0.103226 -0.105877
0 -0.0580655 -0.10283 -0.105247
0 -0.0576435 -0.10211 -0.104237
0 -0.0571844 -0.101062 -0.102868
0 -0.0566941 -0.0996952 -0.101166
0 -0.0561823 -0.0980389 -0.0991709
0 -0.0556558 -0.0961313 -0.0969217
0 -0.0551175 -0.0940177 -0.0944595
0 -0.0545675 -0.091749 -0.0918266
0 -0.0540019 -0.0893747 -0.0890635
0 -0.0534122 -0.0869386 -0.0862067
0 -0.0527883 -0.0844775 -0.083288
0 -0.0521215 -0.0820229 -0.0803379
0 -0.0514065 -0.0796013 -0.0773897
0 -0.0506416 -0.0772311 -0.0744795
0 -0.0498306 -0.0749255 -0.0716457
0 -0.0489869 -0.0726983 -0.0689305
0 -0.0481286 -0.070563 -0.0663734
0 -0.0472729 -0.0685291 -0.0640044
0 -0.046433 -0.0666028 -0.061842
0 -0.0456192 -0.0647884 -0.0598934
0 -0.0448426 -0.0630936 -0.0581589
0 -0.0441176 -0.0615322 -0.0566368
0 -0.0434585 -0.0601198 -0.0553203
0 -0.0428753 -0.0588699 -0.0541971
0 -0.0423744 -0.0577933 -0.0532514
0 -0.0419601 -0.0568984 -0.0524677
0 -0.0416387 -0.0561946 -0.0518367
0 -0.041417 -0.0556906 -0.0513549
0 -0.041302 -0.0553933 -0.0510252
0 -0.0413041 -0.0553118 -0.0508608
0 -0.0414353 -0.0554563 -0.0508831
0 -0.0417045 -0.0558344 -0.0511173
0 -0.0421186 -0.0564521 -0.0515914
0 -0.0426792 -0.057312 -0.0523317
0 -0.0433798 -0.0584109 -0.0533575
0 -0.0442069 -0.059742 -0.0546809
0 -0.0451468 -0.0613006 -0.0563108
0 -0.0461876 -0.063086 -0.0582535
0 -0.0473136 -0.0650945 -0.0605059
0 -0.0485018 -0.0673145 -0.0630509
0 -0.0497275 -0.0697294 -0.0658618
0 -0.0509714 -0.0723233 -0.068909
0 -0.0522203 -0.0750793 -0.0721598
0 -0.0534655 -0.0779785 -0.0755795
0 -0.0547012 -0.0810004 -0.0791336
0 -0.0559177 -0.0841182 -0.0827856
0 -0.0571053 -0.0873022 -0.0865013
0 -0.0582613 -0.0905267 -0.0902517
0 -0.0593905 -0.0937731 -0.0940123
0 -0.0605031 -0.0970287 -0.0977623
0 -0.0616051 -0.10028 -0.101479
0 -0.062691 -0.103503 -0.10513
0 -0.0637447 -0.106667 -0.108678
0 -0.064747 -0.109738 -0.112084
0 -0.0656772 -0.112685 -0.115315
0 -0.0665142 -0.115472 -0.118336
0 -0.0672412 -0.11807 -0.121122
0 -0.0678481 -0.120456 -0.123657
0 -0.0683274 -0.122608 -0.125925
0 -0.0686731 -0.124507 -0.127915
0 -0.0688844 -0.126136 -0.12962
0 -0.0689658 -0.127486 -0.131037
0 -0.0689255 -0.128551 -0.132164
0 -0.0687724 -0.129323 -0.132998
0 -0.0685142 -0.129793 -0.133533
0 -0.0681584 -0.129952 -0.133756
0 -0.0677154 -0.129791 -0.133657
0 -0.0671984 -0.129306 -0.133226
0 -0.0666187 -0.128494 -0.132452
0 -0.0659809 -0.127351 -0.131321
0 -0.065285 -0.125885 -0.129819
0 -0.0645254 -0.124104 -0.127937
0 -0.0636892 -0.122017 -0.125664
0 -0.0627641 -0.119638 -0.123
0 -0.0617467 -0.116989 -0.11996
0 -0.0606434 -0.114105 -0.116578
0 -0.0594658 -0.11102 -0.112899
0 -0.0582282 -0.107771 -0.108976
0 -0.0569487 -0.104394 -0.104874
0 -0.055645 -0.100926 -0.100656
0 -0.0543324 -0.0973998 -0.0963828
0 -0.0530264 -0.0938488 -0.0921091
0 -0.0517468 -0.0903075 -0.0878934
0 -0.0505174 -0.0868136 -0.0837977
0 -0.0493604 -0.0834046 -0.0798778
0 -0.0482925 -0.0801145 -0.0761778
0 -0.0473223 -0.0769714 -0.0727271
0 -0.0464506 -0.073997 -0.0695405
0 -0.045671 -0.0712068 -0.0666203
0 -0.0449732 -0.0686123 -0.0639592
0 -0.0443505 -0.0662278 -0.0615498
0 -0.0438042 -0.0640736 -0.0593902
0 -0.0433409 -0.0621725 -0.057483
0 -0.0429705 -0.0605476 -0.0558353
0 -0.0427062 -0.0592223 -0.0544602
0 -0.0425627 -0.0582189 -0.0533764
0 -0.0425511 -0.057554 -0.0526025
0 -0.0426735 -0.0572345 -0.0521535
0 -0.0429223 -0.0572589 -0.0520396
0 -0.04328 -0.0576166 -0.0522651
0 -0.0437184 -0.0582839 -0.0528238
0 -0.0442043 -0.059225 -0.0537005
0 -0.0447089 -0.0603994 -0.0548767
0 -0.0452102 -0.0617657 -0.0563308
0 -0.045692 -0.0632816 -0.058035
0 -0.0461429 -0.0649052 -0.0599544
0 -0.0465596 -0.0665994 -0.0620498
0 -0.0469486 -0.0683366 -0.0642815
0 -0.0473245 -0.0700985 -0.06661
0 -0.0477109 -0.0718782 -0.0689998
0 -0.0481353 -0.0736773 -0.0714201
0 -0.0486226 -0.0754984 -0.0738421
0 -0.0491869 -0.0773386 -0.0762371
0 -0.0498272 -0.0791853 -0.0785724
0 -0.0505298 -0.0810202 -0.0808122
0 -0.0512762 -0.082824 -0.0829241
0 -0.0520452 -0.084575 -0.0848806
0 -0.0528135 -0.0862484 -0.0866599
0 -0.0535593 -0.0878189 -0.0882487
0 -0.0542627 -0.0892625 -0.0896423
0 -0.0549095 -0.0905609 -0.0908463
0 -0.0554963 -0.0917069 -0.0918795
0 -0.0560257 -0.0927007 -0.0927669
0 -0.0564992 -0.0935441 -0.0935308
0 -0.0569174 -0.0942404 -0.094189
0 -0.05728 -0.0947954 -0.0947545
0 -0.0575835 -0.0952146 -0.0952324
0 -0.0578228 -0.0955042 -0.095622
0 -0.0579974 -0.0956764 -0.0959228
0 -0.0581093 -0.0957469 -0.0961337
0 -0.0581636 -0.0957342 -0.0962548
0 -0.0581715 -0.0956613 -0.0962914
0 -0.0581427 -0.095547 -0.0962481
0 -0.0580804 -0.0954002 -0.0961245
0 -0.0579846 -0.0952224 -0.0959192
0 -0.057857 -0.095013 -0.0956348
0 -0.0577021 -0.0947705 -0.0952785
0 -0.0575265 -0.0944936 -0.0948615
0 -0.0573381 -0.0941812 -0.0943971
0 -0.0571472 -0.0938357 -0.0939017
0 -0.0569661 -0.0934638 -0.0933939
0 -0.0568064 -0.0930749 -0.0928916
0 -0.0566764 -0.09268 -0.0924096
0 -0.0565785 -0.0922884 -0.091957
0 -0.0565113 -0.0919093 -0.0915393
0 -0.0564721 -0.0915536 -0.0911608
0 -0.0564568 -0.0912326 -0.0908247
0 -0.0564602 -0.0909563 -0.090533
0 -0.0564755 -0.0907321 -0.0902865
0 -0.0564966 -0.0905652 -0.0900861
0 -0.0565153 -0.0904555 -0.0899306
0 -0.0565187 -0.090394 -0.0898126
0 -0.0564896 -0.0903624 -0.089719
0 -0.0564102 -0.0903369 -0.089633
0 -0.0562662 -0.0902916 -0.0895371
0 -0.0560478 -0.0902011 -0.0894143
0 -0.0557526 -0.0900428 -0.0892494
0 -0.0553887 -0.0898031 -0.0890335
0 -0.0549713 -0.0894751 -0.0887608
0 -0.0545171 -0.0890548 -0.0884241
0 -0.0540446 -0.0885443 -0.0880176
0 -0.0535725 -0.0879507 -0.0875362
0 -0.0531164 -0.0872836 -0.0869743
0 -0.0526891 -0.0865553 -0.0863271
0 -0.0523023 -0.0857822 -0.0855943
0 -0.0519684 -0.0849851 -0.0847826
0 -0.0517 -0.0841886 -0.0839066
0 -0.0515079 -0.0834179 -0.0829872
0 -0.0513957 -0.0826931 -0.0820459
0 -0.0513572 -0.0820268 -0.0811017
0 -0.0513791 -0.0814266 -0.0801726
0 -0.0514413 -0.0808941 -0.0792751
0 -0.0515192 -0.0804243 -0.0784242
0 -0.0515908 -0.0800102 -0.0776387
0 -0.0516433 -0.0796502 -0.0769444
0 -0.0516737 -0.0793482 -0.0763711
0 -0.0516817 -0.0791091 -0.0759431
0 -0.0516684 -0.0789373 -0.0756768
0 -0.051638 -0.0788394 -0.0755816
0 -0.0515973 -0.0788234 -0.0756597
0 -0.0515527 -0.0788961 -0.0759044
0 -0.0515087 -0.0790597 -0.0762987
0 -0.0514647 -0.0793093 -0.0768155
0 -0.051417 -0.0796328 -0.0774201
0 -0.0513622 -0.0800142 -0.078077
0 -0.0512986 -0.0804345 -0.0787521
0 -0.0512265 -0.0808727 -0.0794147
0 -0.0511522 -0.0813109 -0.0800427
0 -0.0510887 -0.081738 -0.0806241
0 -0.051049 -0.0821445 -0.0811511
0 -0.0510393 -0.0825178 -0.081614
0 -0.0510591 -0.0828428 -0.0820008
0 -0.0511066 -0.0831079 -0.0823031
0 -0.0511817 -0.083308 -0.0825185
0 -0.0512874 -0.0834463 -0.0826521
0 -0.0514279 -0.0835326 -0.0827144
0 -0.0516058 -0.0835804 -0.0827192
0 -0.0518204 -0.083604 -0.0826804
0 -0.0520658 -0.0836161 -0.0826107
0 -0.0523315 -0.0836268 -0.0825202
0 -0.0526037 -0.0836433 -0.0824179
0 -0.0528662 -0.0836693 -0.0823105
0 -0.0531029 -0.0837062 -0.0822052
0 -0.0533007 -0.0837543 -0.0821101
0 -0.0534458 -0.0838084 -0.08203
0 -0.0535217 -0.083855 -0.0819623
0 -0.0535111 -0.0838745 -0.0818984
0 -0.0534028 -0.0838471 -0.081828
0 -0.0531932 -0.0837565 -0.0817412
0 -0.0528874 -0.0835908 -0.0816287
0 -0.0525026 -0.083348 -0.0814857
0 -0.0520712 -0.0830411 -0.081318
0 -0.0516343 -0.0826925 -0.0811365
0 -0.0512287 -0.0823237 -0.0809485
0 -0.0508829 -0.0819527 -0.0807554
0 -0.0506163 -0.081594 -0.0805549
0 -0.0504393 -0.0812594 -0.0803418
0 -0.0503533 -0.0809581 -0.0801099
0 -0.0503567 -0.0807008 -0.0798579
0 -0.0504446 -0.0804989 -0.0795908
0 -0.050606 -0.0803597 -0.0793152
0 -0.050825 -0.0802869 -0.0790406
0 -0.0510839 -0.0802807 -0.0787797
0 -0.0513637 -0.080338 -0.0785476
0 -0.0516468 -0.0804529 -0.078363
0 -0.0519181 -0.0806177 -0.0782456
0 -0.0521655 -0.0808238 -0.0782152
0 -0.0523841 -0.0810669 -0.0782917
0 -0.0525781 -0.0813506 -0.0784958
0 -0.0527595 -0.0816859 -0.0788468
0 -0.0529447 -0.0820886 -0.0793592
0 -0.0531476 -0.0825734 -0.0800375
0 -0.0533766 -0.0831499 -0.0808735
0 -0.0536325 -0.0838205 -0.0818476
0 -0.0539106 -0.0845803 -0.0829322
0 -0.054203 -0.0854189 -0.0840971
0 -0.0545009 -0.0863225 -0.0853125
0 -0.0547963 -0.0872751 -0.0865511
0 -0.0550819 -0.0882583 -0.0877864
0 -0.0553555 -0.089255 -0.0889972
0 -0.0556233 -0.090254 -0.0901722
0 -0.0558961 -0.0912467 -0.0913061
0 -0.0561825 -0.0922228 -0.0923948
0 -0.0564873 -0.0931704 -0.0934341
0 -0.0568122 -0.0940775 -0.0944198
0 -0.0571552 -0.0949325 -0.0953472
0 -0.0575091 -0.095723 -0.0962091
0 -0.0578617 -0.0964359 -0.096995
0 -0.0581982 -0.0970592 -0.0976931
0 -0.0585014 -0.0975811 -0.0982894
0 -0.0587538 -0.0979907 -0.0987695
0 -0.0589407 -0.0982803 -0.0991209
0 -0.0590504 -0.0984439 -0.0993329
0 -0.0590722 -0.0984748 -0.0993949
0 -0.0589983 -0.0983664 -0.0992971
0 -0.0588227 -0.0981108 -0.0990301
0 -0.0585439 -0.0977018 -0.0985874
0 -0.0581683 -0.097138 -0.0979686
0 -0.0577069 -0.0964213 -0.0971769
0 -0.0571729 -0.095555 -0.0962177
0 -0.0565799 -0.0945436 -0.0950968
0 -0.0559417 -0.0933938 -0.0938214
0 -0.0552759 -0.092119 -0.0924045
0 -0.0545997 -0.0907367 -0.0908619
0 -0.0539259 -0.0892644 -0.0892088
0 -0.0532646 -0.0877218 -0.0874627
0 -0.0526224 -0.0861286 -0.0856406
0 -0.0520015 -0.0845016 -0.0837578
0 -0.0514015 -0.0828556 -0.081828
0 -0.0508238 -0.0812084 -0.0798683
0 -0.0502733 -0.0795823 -0.0779029
0 -0.049756 -0.0780007 -0.0759611
0 -0.0492814 -0.0764884 -0.074079
0 -0.0488616 -0.0750716 -0.0722979
0 -0.0485099 -0.0737762 -0.0706601
0 -0.0482376 -0.0726269 -0.0692055
0 -0.048052 -0.0716449 -0.0679683
0 -0.0479531 -0.0708457 -0.0669724
0 -0.0479312 -0.0702356 -0.0662285
0 -0.0479686 -0.0698137 -0.0657355
0 -0.0480477 -0.0695779 -0.0654871
0 -0.0481565 -0.0695302 -0.0654775
0 -0.0482901 -0.0696758 -0.065703
0 -0.0484511 -0.0700228 -0.0661623
0 -0.0486452 -0.0705752 -0.0668523
0 -0.0488763 -0.0713284 -0.0677638
0 -0.0491489 -0.0722716 -0.0688847
0 -0.0494697 -0.0733915 -0.0702024
0 -0.0498476 -0.0746737 -0.0717048
0 -0.0502917 -0.076103 -0.0733784
0 -0.0508086 -0.0776626 -0.0752074
0 -0.0514024 -0.0793354 -0.0771736
0 -0.052072 -0.0811026 -0.0792553
0 -0.0528108 -0.0829434 -0.0814275
0 -0.0536101 -0.0848399 -0.083667
0 -0.0544586 -0.0867756 -0.0859518
0 -0.0553369 -0.08873 -0.0882543
0 -0.056221 -0.0906801 -0.0905428
0 -0.057085 -0.0926025 -0.0927845
0 -0.0579029 -0.094473 -0.0949463
0 -0.058652 -0.0962679 -0.0969984
0 -0.0593153 -0.0979666 -0.0989166
0 -0.0598861 -0.0995546 -0.100687
0 -0.0603688 -0.101025 -0.102306
0 -0.060776 -0.102378 -0.10378
0 -0.0611206 -0.103611 -0.105113
0 -0.0614122 -0.10472 -0.10631
0 -0.0616561 -0.105697 -0.107369
0 -0.0618526 -0.106532 -0.108284
0 -0.0619983 -0.107211 -0.109045
0 -0.0620896 -0.107724 -0.109641
0 -0.0621275 -0.108068 -0.110066
0 -0.0621157 -0.108241 -0.110316
0 -0.0620579 -0.108248 -0.110387
0 -0.0619575 -0.10809 -0.110276
0 -0.0618166 -0.107774 -0.109981
0 -0.0616354 -0.107305 -0.1095
0 -0.0614074 -0.106686 -0.108829
0 -0.0611177 -0.105913 -0.107957
0 -0.0607477 -0.104975 -0.106873
0 -0.0602784 -0.103862 -0.105568
0 -0.05969 -0.102558 -0.10403
0 -0.0589679 -0.10105 -0.102253
0 -0.0581087 -0.0993316 -0.10024
0 -0.05712 -0.0974044 -0.0980017
0 -0.0560193 -0.0952786 -0.0955584
0 -0.0548305 -0.0929717 -0.0929339
0 -0.0535809 -0.0905073 -0.0901558
0 -0.0522963 -0.0879105 -0.0872496
0 -0.0509999 -0.0852065 -0.0842371
0 -0.0497103 -0.082418 -0.0811348
0 -0.0484382 -0.079564 -0.0779531
0 -0.0471917 -0.0766642 -0.0747049
0 -0.0459794 -0.0737403 -0.0714089
0 -0.0448102 -0.0708146 -0.0680891
0 -0.0436945 -0.0679106 -0.0647755
0 -0.0426437 -0.0650519 -0.0615013
0 -0.0416647 -0.0622577 -0.0582975
0 -0.0407597 -0.0595423 -0.0551908
0 -0.0399323 -0.056921 -0.0522084
0 -0.0391892 -0.0544127 -0.0493795
0 -0.038539 -0.0520385 -0.0467326
0 -0.0379949 -0.0498248 -0.0442984
0 -0.0375734 -0.0478028 -0.0421081
0 -0.037291 -0.0460048 -0.0401911
0 -0.0371634 -0.0444644 -0.0385743
0 -0.0372022 -0.0432133 -0.0372808
0 -0.0374115 -0.0422788 -0.0363281
0 -0.0377855 -0.0416828 -0.0357277
0 -0.0383073 -0.0414392 -0.0354848
0 -0.0389491 -0.041553 -0.0355972
0 -0.039676 -0.0420221 -0.036059
0 -0.0404523 -0.0428415 -0.036865
0 -0.0412452 -0.0440011 -0.038011
0 -0.0420295 -0.0454814 -0.0394932
0 -0.042789 -0.0472536 -0.0413067
0 -0.0435201 -0.0492854 -0.0434468
0 -0.0442341 -0.0515462 -0.0459106
0 -0.044952 -0.0540078 -0.0486916
0 -0.0456979 -0.0566435 -0.0517746
0 -0.0464937 -0.0594271 -0.0551326
0 -0.0473565 -0.0623348 -0.058726
0 -0.0482971 -0.0653453 -0.0625049
0 -0.0493145 -0.0684342 -0.0664073
0 -0.0503981 -0.0715741 -0.070367
0 -0.0515345 -0.0747399 -0.0743229
0 -0.0527065 -0.0779089 -0.0782159
0 -0.0538933 -0.0810584 -0.0819885
0 -0.0550739 -0.0841663 -0.0855928
0 -0.05623 -0.0872105 -0.0889948
0 -0.0573459 -0.0901685 -0.0921732
0 -0.0584083 -0.0930167 -0.0951185
0 -0.0594089 -0.0957335 -0.0978337
0 -0.0603431 -0.0982993 -0.100332
0 -0.0612062 -0.100694 -0.102628
0 -0.0619911 -0.102896 -0.104735
0 -0.0626884 -0.104883 -0.106663
0 -0.0632862 -0.106635 -0.108413
0 -0.063773 -0.108135 -0.109979
0 -0.0641399 -0.109371 -0.111353
0 -0.0643821 -0.110339 -0.112521
0 -0.0645043 -0.111048 -0.113473
0 -0.0645201 -0.111514 -0.114205
0 -0.064446 -0.111758 -0.11471
0 -0.0642985 -0.1118 -0.114981
0 -0.0640928 -0.111654 -0.115011
0 -0.0638417 -0.111332 -0.114794
0 -0.0635545 -0.110843 -0.114326
0 -0.0632353 -0.110191 -0.113605
0 -0.0628835 -0.109378 -0.112636
0 -0.0624975 -0.108407 -0.111425
0 -0.0620763 -0.107281 -0.109992
0 -0.0616202 -0.106009 -0.108359
0 -0.0611307 -0.104601 -0.106557
0 -0.0606069 -0.103068 -0.104613
0 -0.0600448 -0.10142 -0.102557
0 -0.05944 -0.0996693 -0.100413
0 -0.0587889 -0.097829 -0.0982059
0 -0.0580896 -0.0959148 -0.0959563
0 -0.0573436 -0.0939459 -0.0936848
0 -0.0565554 -0.0919432 -0.0914092
0 -0.0557298 -0.0899256 -0.0891428
0 -0.0548738 -0.0879112 -0.0868968
0 -0.0539969 -0.0859172 -0.0846815
0 -0.053108 -0.0839575 -0.0825053
0 -0.0522138 -0.0820425 -0.0803746
0 -0.0513214 -0.0801804 -0.0782962
0 -0.0504411 -0.0783789 -0.0762794
0 -0.0495844 -0.0766447 -0.074334
0 -0.0487622 -0.0749825 -0.0724689
0 -0.0479838 -0.0733951 -0.0706918
0 -0.0472584 -0.0718862 -0.0690103
0 -0.0465933 -0.0704599 -0.0674307
0 -0.0459936 -0.0691194 -0.0659576
0 -0.0454622 -0.0678688 -0.0645938
0 -0.0450014 -0.0667133 -0.0633423
0 -0.0446129 -0.0656595 -0.0622065
0 -0.044296 -0.0647132 -0.0611877
0 -0.0440486 -0.0638798 -0.0602876
0 -0.0438687 -0.0631652 -0.0595088
0 -0.0437549 -0.0625763 -0.0588559
0 -0.043706 -0.0621199 -0.0583346
0 -0.0437181 -0.0618 -0.0579496
0 -0.0437855 -0.0616182 -0.0577045
0 -0.0439014 -0.0615748 -0.057603
0 -0.0440583 -0.061669 -0.0576482
0 -0.0442481 -0.0618978 -0.0578419
0 -0.0444625 -0.0622557 -0.0581843
0 -0.0446955 -0.0627354 -0.0586743
0 -0.0449435 -0.0633286 -0.0593097
0 -0.0452052 -0.0640258 -0.0600865
0 -0.045481 -0.0648169 -0.0609977
0 -0.0457735 -0.0656923 -0.0620348
0 -0.0460869 -0.0666434 -0.0631868
0 -0.0464259 -0.0676623 -0.0644408
0 -0.0467953 -0.0687423 -0.0657818
0 -0.0471992 -0.069877 -0.0671937
0 -0.0476407 -0.071061 -0.0686599
0 -0.0481218 -0.0722888 -0.0701645
0 -0.0486431 -0.0735552 -0.0716936
0 -0.0492035 -0.0748546 -0.0732354
0 -0.0498002 -0.0761805 -0.0747801
0 -0.0504275 -0.0775252 -0.076319
0 -0.0510784 -0.0788808 -0.0778452
0 -0.051745 -0.0802396 -0.0793531
0 -0.0524186 -0.0815935 -0.0808376
0 -0.0530902 -0.0829343 -0.0822949
0 -0.0537505 -0.0842538 -0.0837217
0 -0.05439 -0.0855432 -0.0851149
0 -0.0549993 -0.086794 -0.0864706
0 -0.0555693 -0.0879971 -0.0877841
0 -0.056092 -0.0891435 -0.0890496
0 -0.0565611 -0.0902252 -0.0902604
0 -0.0569718 -0.0912349 -0.091409
0 -0.0573211 -0.0921661 -0.092487
0 -0.0576078 -0.0930129 -0.093485
0 -0.0578328 -0.0937708 -0.0943941
0 -0.0579991 -0.0944365 -0.0952056
0 -0.058111 -0.0950072 -0.0959114
0 -0.0581735 -0.0954801 -0.0965038
0 -0.0581926 -0.0958533 -0.0969764
0 -0.0581743 -0.0961247 -0.0973243
0 -0.058125 -0.0962925 -0.0975439
0 -0.0580502 -0.0963551 -0.097633
0 -0.0579552 -0.0963114 -0.0975911
0 -0.0578444 -0.096161 -0.0974193
0 -0.0577202 -0.0959046 -0.0971198
0 -0.0575834 -0.0955443 -0.0966958
0 -0.0574326 -0.0950841 -0.0961518
0 -0.0572649 -0.0945293 -0.0954934
0 -0.0570766 -0.0938866 -0.0947274
0 -0.0568632 -0.0931637 -0.0938622
0 -0.0566204 -0.0923688 -0.092907
0 -0.0563443 -0.0915105 -0.0918726
0 -0.0560319 -0.0905973 -0.0907704
0 -0.0556814 -0.0896373 -0.0896124
0 -0.0552927 -0.0886384 -0.088411
0 -0.054867 -0.087608 -0.087178
0 -0.0544076 -0.0865533 -0.0859247
0 -0.0539189 -0.085481 -0.0846616
0 -0.053407 -0.0843978 -0.0833976
0 -0.0528789 -0.0833098 -0.0821411
0 -0.0523424 -0.0822233 -0.0808993
0 -0.051805 -0.0811446 -0.0796791
0 -0.0512745 -0.0800801 -0.0784866
0 -0.0507578 -0.079037 -0.0773274
0 -0.0502619 -0.0780225 -0.0762067
0 -0.0497932 -0.0770439 -0.0751293
0 -0.0493575 -0.0761084 -0.0740996
0 -0.0489594 -0.0752232 -0.0731219
0 -0.0486027 -0.0743949 -0.0722006
0 -0.0482897 -0.0736295 -0.0713402
0 -0.0480217 -0.0729327 -0.0705453
0 -0.0477987 -0.0723091 -0.0698214
0 -0.0476198 -0.0717625 -0.0691738
0 -0.0474833 -0.071296 -0.0686082
0 -0.0473868 -0.0709118 -0.0681303
0 -0.0473273 -0.0706113 -0.0677454
0 -0.0473017 -0.0703954 -0.067458
0 -0.0473065 -0.0702644 -0.0672718
0 -0.0473384 -0.0702182 -0.0671894
0 -0.0473943 -0.0702562 -0.0672121
0 -0.0474713 -0.0703774 -0.0673396
0 -0.0475674 -0.07058 -0.0675705
0 -0.0476817 -0.0708618 -0.067902
0 -0.0478138 -0.0712194 -0.0683297
0 -0.0479644 -0.0716491 -0.0688484
0 -0.0481346 -0.0721464 -0.0694514
0 -0.048326 -0.0727063 -0.0701312
0 -0.0485403 -0.0733236 -0.0708796
0 -0.048779 -0.0739924 -0.0716878
0 -0.0490431 -0.0747069 -0.0725469
0 -0.0493332 -0.0754607 -0.0734478
0 -0.0496491 -0.0762475 -0.0743819
0 -0.0499894 -0.077061 -0.0753407
0 -0.0503523 -0.0778946 -0.0763164
0 -0.0507348 -0.0787421 -0.0773019
0 -0.051133 -0.0795974 -0.0782906
0 -0.0515424 -0.0804551 -0.0792765
0 -0.0519577 -0.0813099 -0.0802541
0 -0.0523734 -0.0821567 -0.0812183
0 -0.0527839 -0.0829906 -0.0821638
0 -0.0531833 -0.0838065 -0.0830858
0 -0.0535662 -0.084599 -0.0839795
