0 -1.67844e-05 -4.29722e-05 -6.31589e-05
0 -2.27763e-05 -5.987e-05 -8.98625e-05
0 -2.68977e-05 -7.17605e-05 -0.000110279
0 -3.0713e-05 -8.02042e-05 -0.000124225
0 -3.36665e-05 -8.56483e-05 -0.000130866
0 -3.51077e-05 -8.76883e-05 -0.000130447
0 -3.52649e-05 -8.60605e-05 -0.00012475
0 -3.29952e-05 -7.95931e-05 -0.000114245
0 -2.67896e-05 -6.70005e-05 -9.80237e-05
0 -1.81322e-05 -4.971e-05 -7.67322e-05
0 -9.57439e-06 -3.06779e-05 -5.18135e-05
0 -2.77365e-07 -9.79914e-06 -2.20994e-05
0 1.15757e-05 1.52655e-05 1.42065e-05
0 2.33442e-05 4.2775e-05 5.41404e-05
0 3.06398e-05 6.62824e-05 9.10764e-05
0 3.32281e-05 8.08492e-05 0.000119812
0 3.36555e-05 8.63769e-05 0.000137123
0 3.28872e-05 8.51202e-05 0.000140131
0 3.18636e-05 8.01287e-05 0.000129286
0 3.46727e-05 7.69587e-05 0.00011252
0 4.1832e-05 7.87873e-05 9.87227e-05
0 4.62675e-05 8.11637e-05 9.01888e-05
0 4.61183e-05 8.20658e-05 9.01545e-05
0 4.83154e-05 8.82734e-05 0.000105549
0 5.54733e-05 0.000105209 0.000136771
0 6.50184e-05 0.000131827 0.000178167
0 7.55636e-05 0.000162932 0.000224226
0 8.34922e-05 0.000188544 0.000266236
0 8.36208e-05 0.000198628 0.000292548
0 7.6472e-05 0.000191488 0.000296049
0 6.68353e-05 0.000172282 0.000275516
0 5.62714e-05 0.000144438 0.000231414
0 4.06093e-05 0.000104346 0.000163291
0 1.71788e-05 4.78498e-05 7.40165e-05
0 -8.71529e-06 -1.87098e-05 -2.52302e-05
0 -3.31351e-05 -8.47428e-05 -0.000123682
0 -5.76336e-05 -0.000145082 -0.000216118
0 -7.82043e-05 -0.000194195 -0.000293385
0 -9.14203e-05 -0.000228912 -0.000347903
0 -0.0001065 -0.000258675 -0.000387106
0 -0.000127976 -0.00029168 -0.000420033
0 -0.0001405 -0.000315263 -0.00043941
0 -0.000127079 -0.00030445 -0.000429129
0 -8.96708e-05 -0.00024739 -0.0003792
0 -4.58661e-05 -0.000159338 -0.000290459
0 -1.02873e-05 -6.84353e-05 -0.000169664
0 1.37224e-05 8.07881e-06 -2.81831e-05
0 2.26688e-05 6.28866e-05 0.000107641
0 7.84205e-06 8.22175e-05 0.000194745
0 -2.90353e-05 5.01226e-05 0.000195485
0 -7.32465e-05 -3.55316e-05 9.50363e-05
0 -0.000112569 -0.000157584 -9.71742e-05
0 -0.000136948 -0.000280781 -0.000340865
0 -0.000141805 -0.000372992 -0.000575428
0 -0.000141891 -0.000432864 -0.000752382
0 -0.00015999 -0.000482548 -0.000850914
0 -0.00020212 -0.000536612 -0.000874217
0 -0.000251877 -0.000585416 -0.000842919
0 -0.00028508 -0.000606338 -0.00078679
0 -0.000288977 -0.000589759 -0.000735564
0 -0.000268509 -0.000550498 -0.000708824
0 -0.000235668 -0.000509976 -0.000705463
0 -0.000200779 -0.000475719 -0.000705824
0 -0.000172942 -0.000443161 -0.00068792
0 -0.0001554 -0.000405179 -0.000637322
0 -0.000138643 -0.000352194 -0.00054512
0 -0.000106504 -0.000269863 -0.000406168
0 -5.13059e-05 -0.000146831 -0.000222375
0 1.35327e-05 4.35942e-06 -1.22742e-05
0 6.02349e-05 0.000140239 0.00018699
0 7.45461e-05 0.000218689 0.000338466
0 6.57426e-05 0.000232419 0.000419388
0 5.239e-05 0.000207545 0.000422629
0 5.22948e-05 0.000180913 0.000362518
0 7.41336e-05 0.000175112 0.000273628
0 0.000109164 0.000188184 0.000195383
0 0.000139906 0.000208768 0.000161104
0 0.000157784 0.000236821 0.000194459
0 0.000165862 0.000281661 0.000300026
0 0.000170983 0.000346411 0.000457178
0 0.000180723 0.00042412 0.000630361
0 0.000201596 0.000504886 0.000785162
0 0.000236797 0.000584047 0.000901679
0 0.000283014 0.000660844 0.000978531
0 0.000326124 0.000726115 0.00102298
0 0.00035119 0.000764979 0.00104535
0 0.000355934 0.000773646 0.001058
0 0.000343317 0.000757944 0.0010627
0 0.000315582 0.000722289 0.00104677
0 0.0002821 0.000671027 0.000998738
0 0.000250898 0.000605705 0.000911969
0 0.000210668 0.00051237 0.000772398
0 0.000141943 0.000366663 0.00056242
0 4.53775e-05 0.000161421 0.000281205
0 -5.67035e-05 -7.79647e-05 -4.92972e-05
0 -0.000141654 -0.00030746 -0.000394128
0 -0.00019925 -0.000489897 -0.000712502
0 -0.000228236 -0.000607682 -0.000959114
0 -0.000232874 -0.000659275 -0.00109277
0 -0.000228687 -0.000657511 -0.00109968
0 -0.00024079 -0.000633647 -0.00101121
0 -0.0002841 -0.000628142 -0.000893285
0 -0.000347782 -0.000665786 -0.000816647
0 -0.000410042 -0.000746922 -0.000837821
0 -0.000457556 -0.000858292 -0.000985763
0 -0.000478257 -0.000974335 -0.00123656
0 -0.000463141 -0.00106265 -0.00151323
0 -0.000427423 -0.00110621 -0.00172693
0 -0.000401177 -0.00110826 -0.0018124
0 -0.000394954 -0.00107225 -0.00173952
0 -0.00039388 -0.00099201 -0.00152152
0 -0.000382645 -0.00086849 -0.00121759
0 -0.000349972 -0.000712697 -0.000899927
0 -0.000267758 -0.000513413 -0.000595242
0 -0.00010859 -0.000234302 -0.000273626
0 0.000111662 0.000139737 0.000109761
0 0.00034506 0.000579967 0.000591695
0 0.000550462 0.00103433 0.00119167
0 0.00069788 0.0014482 0.00187744
0 0.000765347 0.00176887 0.00253946
0 0.000767209 0.0019632 0.00303295
0 0.000759354 0.0020396 0.00325701
0 0.000775901 0.00202176 0.00318389
0 0.000782284 0.00190022 0.00284084
0 0.000729573 0.00165315 0.00231095
0 0.000627448 0.00131886 0.00173216
0 0.000517015 0.000991153 0.00123366
0 0.000409966 0.000734835 0.000869849
0 0.000294147 0.000539508 0.000623358
0 0.000167461 0.000355201 0.000443711
0 3.51618e-05 0.000143966 0.000265811
0 -0.000101005 -0.000102481 2.38172e-05
0 -0.000233371 -0.000372864 -0.00032109
0 -0.00034422 -0.000649774 -0.000761106
0 -0.000419801 -0.000912323 -0.00124488
0 -0.000477923 -0.00115294 -0.00171256
0 -0.000562071 -0.00139252 -0.00212727
0 -0.000695281 -0.00165904 -0.00247848
0 -0.000857757 -0.00195147 -0.00277877
0 -0.00100993 -0.00223446 -0.00305861
0 -0.00111774 -0.00246336 -0.00334119
0 -0.00115822 -0.0026043 -0.00360722
0 -0.00112592 -0.00263749 -0.00378917
0 -0.00103728 -0.00255085 -0.00379987
0 -0.000914737 -0.00233425 -0.00356723
0 -0.000767192 -0.0019828 -0.00306128
0 -0.000596523 -0.00151355 -0.00231689
0 -0.000414088 -0.0009777 -0.00143373
0 -0.00023696 -0.000445753 -0.000540538
0 -6.47837e-05 3.57814e-05 0.0002591
0 0.000131231 0.000480403 0.000927104
0 0.00037276 0.000933155 0.00148387
0 0.0006349 0.00140176 0.00197379
0 0.000866214 0.00184226 0.00244615
0 0.00103279 0.0022086 0.00293613
0 0.00113033 0.00249005 0.00343418
0 0.00117795 0.00270318 0.00388201
0 0.00121118 0.00286659 0.00421084
0 0.00126109 0.00298803 0.00438324
0 0.00131865 0.00305306 0.00439461
0 0.00132323 0.00300731 0.00424074
0 0.00121028 0.00277448 0.00390189
0 0.00097285 0.00231942 0.00335696
0 0.000664933 0.00168958 0.00260152
0 0.000351384 0.000981624 0.00165729
0 7.30305e-05 0.000280647 0.000585305
0 -0.000154082 -0.000363478 -0.000511889
0 -0.00033979 -0.000932319 -0.00151771
0 -0.000516194 -0.00142924 -0.00233703
0 -0.0007166 -0.00186913 -0.00293138
0 -0.000937295 -0.00225412 -0.00332392
0 -0.00112364 -0.00255155 -0.00356538
0 -0.00122017 -0.00271837 -0.00370808
0 -0.00121835 -0.00274405 -0.00378563
0 -0.00114345 -0.00265283 -0.00378643
0 -0.00102164 -0.00246828 -0.0036533
0 -0.00088154 -0.00220346 -0.00333628
0 -0.000759587 -0.0018857 -0.00284908
0 -0.000667421 -0.00155297 -0.00225983
0 -0.000577543 -0.00122473 -0.0016478
0 -0.000455745 -0.000891756 -0.00107506
0 -0.000289202 -0.000533766 -0.000570507
0 -8.83372e-05 -0.000148009 -0.000126151
0 0.000125591 0.000246413 0.000294709
0 0.000328239 0.000626721 0.000736423
0 0.00049843 0.000983607 0.00122787
0 0.000627992 0.00132009 0.00176729
0 0.000724817 0.00163374 0.00231554
0 0.00080813 0.00191292 0.00280937
0 0.000889404 0.0021407 0.00318268
0 0.000956114 0.00228997 0.00338394
0 0.000973295 0.00231487 0.00337927
0 0.000901129 0.00215849 0.00314333
0 0.000727371 0.00179337 0.00266515
0 0.000483825 0.00125792 0.00196499
0 0.000217073 0.000632064 0.00109056
0 -5.25086e-05 -2.67371e-05 9.49309e-05
0 -0.000324866 -0.000701259 -0.000965463
0 -0.000586972 -0.00137123 -0.00201073
0 -0.000808684 -0.00197474 -0.00293311
0 -0.000965964 -0.00242457 -0.00362375
0 -0.00105605 -0.00266644 -0.0040101
0 -0.00109237 -0.00271502 -0.00407989
0 -0.00108309 -0.00261826 -0.00387288
0 -0.0010216 -0.00240211 -0.00345605
0 -0.000900443 -0.00206965 -0.00290373
0 -0.000724528 -0.00163727 -0.0022795
0 -0.000518889 -0.00115854 -0.00163286
0 -0.000327784 -0.000712231 -0.00101369
0 -0.000196631 -0.000370645 -0.000482706
0 -0.000138465 -0.000166059 -9.46042e-05
0 -0.000111398 -6.26343e-05 0.000138867
0 -4.73347e-05 3.16675e-05 0.000263275
0 8.8888e-05 0.000201566 0.000358619
0 0.000277024 0.00046844 0.000510867
0 0.000472502 0.000799458 0.000798229
0 0.000643347 0.0011595 0.00127319
0 0.000783747 0.00154556 0.00193784
0 0.000912315 0.0019751 0.00273444
0 0.00104847 0.00243646 0.00354778
0 0.00117921 0.00285036 0.00422271
0 0.00124729 0.00308175 0.00459448
0 0.00119441 0.00301279 0.00453829
0 0.00101995 0.00262467 0.00402285
0 0.000755609 0.00197792 0.00309435
0 0.000413195 0.00113288 0.00182788
0 -5.08073e-07 0.000132778 0.000319121
0 -0.000447171 -0.000955194 -0.00130789
0 -0.000867542 -0.00202468 -0.00290857
0 -0.00122283 -0.00296475 -0.00433705
0 -0.00149907 -0.0036913 -0.00546028
0 -0.00167785 -0.0041464 -0.0061649
0 -0.0017327 -0.00428798 -0.00637416
0 -0.00165445 -0.00409703 -0.0060734
0 -0.00145778 -0.00359387 -0.00531281
0 -0.00116162 -0.00283513 -0.00418217
0 -0.000780221 -0.00188941 -0.00278533
0 -0.000341417 -0.000830989 -0.00123393
0 0.000108275 0.000251882 0.000356064
0 0.000525989 0.00127003 0.00187339
0 0.000885496 0.00215605 0.00321165
0 0.00117564 0.00286893 0.00427656
0 0.00139811 0.00338668 0.00501134
0 0.00156005 0.00370784 0.00541406
0 0.00166082 0.00385065 0.0055286
0 0.00169282 0.00384177 0.00542448
0 0.00165502 0.00370794 0.00517585
0 0.0015565 0.00347451 0.00483924
0 0.001413 0.00316843 0.00444285
0 0.00123651 0.00280715 0.00398373
0 0.00102494 0.00237982 0.0034296
0 0.000777779 0.0018653 0.00274694
0 0.000510226 0.0012687 0.00193092
0 0.000240013 0.000625252 0.00100737
0 -2.80061e-05 -2.97874e-05 1.84387e-05
0 -0.000306641 -0.000694938 -0.000999795
0 -0.00061108 -0.00139394 -0.00202465
0 -0.000932015 -0.00212409 -0.00303064
0 -0.00123925 -0.00283356 -0.00398476
0 -0.00150588 -0.00345673 -0.00485289
0 -0.00171624 -0.00395659 -0.00559727
0 -0.00186429 -0.00432742 -0.00617535
0 -0.00194659 -0.00455964 -0.00653995
0 -0.00195597 -0.00462008 -0.00664418
0 -0.00188784 -0.00447894 -0.00645868
0 -0.00174096 -0.00413366 -0.00597865
0 -0.00151219 -0.0035975 -0.00521627
0 -0.00120524 -0.00288747 -0.00420103
0 -0.0008382 -0.002031 -0.00298239
0 -0.000432947 -0.00107213 -0.00161888
0 -6.92777e-06 -6.57297e-05 -0.000169032
0 0.000415815 0.000929881 0.00129862
0 0.000797373 0.00185451 0.00268998
0 0.00110646 0.00264732 0.00389324
0 0.00133911 0.00325424 0.004811
0 0.00150386 0.00364325 0.00538314
0 0.00160286 0.0038186 0.00559863
0 0.00163793 0.00381496 0.00550489
0 0.00161668 0.003675 0.00519433
0 0.00154442 0.00343443 0.00476721
0 0.00142009 0.00312027 0.00429612
0 0.0012508 0.00275796 0.00381729
0 0.00106215 0.00237695 0.00334176
0 0.000885577 0.00200757 0.00286931
0 0.000734821 0.00166645 0.00239492
0 0.000597408 0.00134243 0.00191016
0 0.000450277 0.00100494 0.00140651
0 0.00027301 0.000621273 0.000870066
0 5.46336e-05 0.000170316 0.000278353
0 -0.000199766 -0.000350513 -0.000391894
0 -0.000470194 -0.000926526 -0.00115532
0 -0.000730161 -0.00152874 -0.00200694
0 -0.000957829 -0.00211834 -0.00290826
0 -0.0011438 -0.00265238 -0.00377958
0 -0.00128904 -0.0030899 -0.00451487
0 -0.00139162 -0.00339117 -0.00501134
0 -0.00143596 -0.00351311 -0.00519349
0 -0.00140004 -0.00341738 -0.00502798
0 -0.00127272 -0.00309188 -0.00452934
0 -0.00105812 -0.00255906 -0.00374709
0 -0.00077042 -0.00186409 -0.00274555
0 -0.000434121 -0.00106401 -0.00159502
0 -7.4107e-05 -0.00021367 -0.000361251
0 0.000296742 0.000650959 0.000904961
0 0.000665606 0.00150626 0.0021561
0 0.00100925 0.00231895 0.00333175
0 0.00130477 0.00303598 0.00436248
0 0.00153828 0.00360089 0.00518404
0 0.00169802 0.00397727 0.00574365
0 0.00175994 0.00413593 0.0059896
0 0.00169934 0.00403871 0.00587383
0 0.00152603 0.00367398 0.00538543
0 0.00129313 0.00310604 0.00458264
0 0.00105793 0.00245626 0.00358532
0 0.000845135 0.00182925 0.00254014
0 0.000664151 0.00128741 0.00159839
0 0.000527048 0.000874185 0.000889427
0 0.000433923 0.000618533 0.000485541
0 0.000375316 0.000524239 0.000393777
0 0.000354036 0.000575405 0.000574317
0 0.000389088 0.000757476 0.000965393
0 0.000499123 0.00106882 0.00150421
0 0.00068705 0.00150738 0.00214215
0 0.000936666 0.00204945 0.00285272
0 0.00121893 0.00265037 0.0036276
0 0.00150085 0.00326421 0.00445832
0 0.00176011 0.00386276 0.00532267
0 0.00199154 0.00443205 0.00618009
0 0.00217903 0.00493011 0.0069498
0 0.00228004 0.00526315 0.00750318
0 0.00225538 0.00532527 0.00769937
0 0.002082 0.00503728 0.007412
0 0.00173971 0.00434596 0.00653542
0 0.00121574 0.00321925 0.00500475
0 0.00052015 0.00166223 0.00282645
0 -0.000315638 -0.000269044 8.35794e-05
0 -0.00124523 -0.00247436 -0.0031006
0 -0.00221173 -0.00482632 -0.00656411
0 -0.00316599 -0.00719073 -0.0100796
0 -0.00407787 -0.00943856 -0.0133991
0 -0.00491929 -0.0114505 -0.0163113
0 -0.00564819 -0.0131261 -0.0186651
0 -0.00621857 -0.0143925 -0.0203841
0 -0.00659664 -0.0152066 -0.0214554
0 -0.00676718 -0.0155569 -0.0219029
0 -0.00671998 -0.015445 -0.0217468
0 -0.00644906 -0.0148695 -0.0209844
0 -0.00597043 -0.0138392 -0.0196091
0 -0.00531994 -0.0123894 -0.0176329
0 -0.00453307 -0.0105792 -0.0150995
0 -0.00361261 -0.00844678 -0.0120645
0 -0.0025429 -0.0059973 -0.00858737
0 -0.00133221 -0.00324803 -0.00474278
0 -1.65863e-05 -0.000265469 -0.000612878
0 0.00133556 0.00281616 0.00370334
0 0.00264083 0.0058387 0.0080561
0 0.0038479 0.00869178 0.0122402
0 0.00494168 0.0112996 0.0160446
0 0.00590942 0.0135667 0.0192858
0 0.00669371 0.0153578 0.0217958
0 0.00720698 0.0165328 0.0234362
0 0.00737486 0.0169723 0.0240941
0 0.0071161 0.0165372 0.0236161
0 0.00636622 0.0150828 0.0218082
0 0.0051717 0.0125885 0.0185593
0 0.00371813 0.00927351 0.0139856
0 0.00220047 0.0055123 0.00844171
0 0.000650081 0.00156612 0.00236497
0 -0.00101027 -0.00250481 -0.00384855
0 -0.00272403 -0.00657825 -0.00977806
0 -0.00426736 -0.0102775 -0.0149471
0 -0.00547097 -0.0131805 -0.0190052
0 -0.00632529 -0.0151277 -0.0218278
0 -0.00684885 -0.0162057 -0.023397
0 -0.00700992 -0.0165074 -0.0237229
0 -0.00680115 -0.0160231 -0.0228767
0 -0.00622395 -0.0146858 -0.0209383
0 -0.00524275 -0.0124647 -0.0179246
0 -0.00388598 -0.00945535 -0.0138687
0 -0.00230646 -0.00587828 -0.00891982
0 -0.00067884 -0.00200093 -0.00335113
0 0.00090887 0.0019323 0.00250903
0 0.0024646 0.00576262 0.00832334
0 0.00400401 0.00940932 0.0137314
0 0.0054629 0.0127477 0.0184109
0 0.00672945 0.0155621 0.0221683
0 0.00768181 0.017624 0.0249056
0 0.00817247 0.0187432 0.0265053
0 0.00809765 0.0187852 0.0267925
0 0.00750648 0.01773 0.0256269
0 0.006597 0.0157527 0.0230349
0 0.00558478 0.0131949 0.0192736
0 0.00456922 0.0103923 0.0147879
0 0.00352425 0.00753206 0.0101056
0 0.00237235 0.00465906 0.00567851
0 0.00106932 0.0017814 0.00171764
0 -0.000324281 -0.00103805 -0.00180995
0 -0.00162827 -0.00365222 -0.00500447
0 -0.00265184 -0.00587681 -0.00791227
0 -0.00330957 -0.00756648 -0.0104721
0 -0.00360019 -0.00862214 -0.0124477
0 -0.00360401 -0.00902367 -0.0135257
0 -0.00347729 -0.00887098 -0.0135301
0 -0.00332766 -0.00830633 -0.0125105
0 -0.00313178 -0.00741517 -0.0107097
0 -0.00280197 -0.00623441 -0.00849308
0 -0.00229043 -0.00482564 -0.006234
0 -0.0016374 -0.00332443 -0.00419364
0 -0.000967508 -0.00192906 -0.00248788
0 -0.00041554 -0.000807278 -0.00111792
0 -3.76113e-05 -5.8697e-06 -2.40587e-05
0 0.000163983 0.000500089 0.000812813
0 0.000188776 0.000714486 0.00131586
0 6.90269e-05 0.000628067 0.00138134
0 -0.000120554 0.000268444 0.000966676
0 -0.000309388 -0.000275875 0.000129135
0 -0.000468857 -0.000885196 -0.000985204
0 -0.000612326 -0.00147727 -0.00218073
0 -0.000775702 -0.00204051 -0.00325992
0 -0.000994267 -0.00259112 -0.00408775
0 -0.00127946 -0.00312532 -0.00465241
0 -0.00158746 -0.00360763 -0.00504165
0 -0.00181909 -0.00397392 -0.0053482
0 -0.00189069 -0.00415704 -0.00560377
0 -0.00178381 -0.00410461 -0.00574399
0 -0.0015269 -0.00377889 -0.00560859
0 -0.0011622 -0.00315845 -0.00500564
0 -0.000721777 -0.00223487 -0.00380339
0 -0.000212419 -0.00100987 -0.00199294
0 0.000372918 0.000484156 0.000310463
0 0.0010178 0.00215463 0.0029064
0 0.00166957 0.00385105 0.00553054
0 0.0022719 0.00540406 0.00789401
0 0.0027821 0.00666423 0.00975813
0 0.00314993 0.00751378 0.0109634
0 0.00331787 0.0078701 0.0114257
0 0.00325174 0.00769469 0.0111344
0 0.00295251 0.00699671 0.0101323
0 0.00244722 0.00583191 0.00849392
0 0.00178331 0.00429673 0.00632406
0 0.00102334 0.00251414 0.00376634
0 0.000234161 0.000621469 0.00100144
0 -0.00052154 -0.00123698 -0.00177261
0 -0.0011966 -0.00293551 -0.00435373
0 -0.00177351 -0.00439085 -0.00655027
0 -0.00226084 -0.0055572 -0.008233
0 -0.00266641 -0.006418 -0.00936804
0 -0.00296848 -0.00697184 -0.00999338
0 -0.00312796 -0.00721842 -0.0101872
0 -0.00312656 -0.0071644 -0.010037
0 -0.00298101 -0.00684022 -0.00960906
0 -0.00273665 -0.00631264 -0.00894545
0 -0.00244967 -0.00566829 -0.00808402
0 -0.00215462 -0.00496759 -0.00706654
0 -0.00184287 -0.00421304 -0.0059299
0 -0.00147992 -0.00336728 -0.00469723
0 -0.00103653 -0.00239162 -0.00336688
0 -0.000503038 -0.00126495 -0.00190173
0 0.000108427 1.09675e-05 -0.000245802
0 0.000758803 0.00140505 0.00163666
0 0.00138683 0.00285475 0.00371958
0 0.00194535 0.0042768 0.00588682
0 0.0024286 0.0055833 0.00794952
0 0.00284402 0.00668853 0.0096945
0 0.00317285 0.00750833 0.0109334
0 0.00337357 0.00796319 0.0115476
0 0.00340376 0.00798782 0.0115018
0 0.00322986 0.00754569 0.0108171
0 0.00283659 0.00664043 0.00953776
0 0.00223779 0.00531252 0.00771351
0 0.00147477 0.00362636 0.00539881
0 0.000604169 0.00166591 0.00267018
0 -0.000307131 -0.000453786 -0.000351337
0 -0.001175 -0.00257541 -0.00348373
0 -0.0019298 -0.00453396 -0.00648706
0 -0.00255777 -0.006207 -0.00910109
0 -0.00306314 -0.00750592 -0.011093
0 -0.00340907 -0.00833446 -0.0122823
0 -0.00353199 -0.00859158 -0.0125705
0 -0.00340013 -0.00822916 -0.0119707
0 -0.00302088 -0.00728028 -0.0105756
0 -0.00241898 -0.00583545 -0.00850765
0 -0.00163137 -0.00399881 -0.0058959
0 -0.000698912 -0.00185342 -0.0028611
0 0.000332176 0.000516109 0.000483879
0 0.00140035 0.00298999 0.00401533
0 0.00243712 0.00543263 0.00756617
0 0.00338003 0.00770779 0.0109138
0 0.00417289 0.00966411 0.0138099
0 0.004768 0.0111472 0.0160203
0 0.00512054 0.0120303 0.0173529
0 0.00518968 0.0122305 0.0176795
0 0.0049572 0.0117136 0.0169528
0 0.00442813 0.0104912 0.015204
0 0.00361723 0.00861178 0.0125203
0 0.00255544 0.00616159 0.00903496
0 0.00131088 0.00328136 0.00493886
0 -2.01822e-05 0.000163087 0.000474524
0 -0.00133964 -0.00298673 -0.0041012
0 -0.00257095 -0.00598641 -0.00852639
0 -0.00367713 -0.00869709 -0.0125339
0 -0.00463739 -0.0110072 -0.0158917
0 -0.005413 -0.0128079 -0.0184293
0 -0.00594345 -0.0139946 -0.0200392
0 -0.00616842 -0.0144847 -0.0206744
0 -0.00605566 -0.0142355 -0.0203262
0 -0.00561041 -0.013254 -0.0190051
0 -0.00486942 -0.0115963 -0.0167446
0 -0.00388747 -0.00935226 -0.0136153
0 -0.00272234 -0.0066308 -0.00974168
0 -0.00142853 -0.00355794 -0.00531116
0 -5.55869e-05 -0.000277143 -0.000554168
0 0.00134724 0.00305361 0.00428989
0 0.00272569 0.00627978 0.00897569
0 0.00401845 0.00926795 0.0132592
0 0.00515897 0.0118882 0.0169414
0 0.00608955 0.0140062 0.0198851
0 0.00675481 0.0155074 0.0219877
0 0.00709494 0.0163088 0.0231553
0 0.00707737 0.0163557 0.023304
0 0.00672042 0.0156357 0.0223866
0 0.00607592 0.0141989 0.02042
0 0.00520057 0.0121516 0.0175014
0 0.00414348 0.00962761 0.0138129
0 0.00294649 0.00676266 0.00960158
0 0.00165139 0.00369397 0.00513955
0 0.000308396 0.000567867 0.000665115
0 -0.00101402 -0.00247094 -0.00364307
0 -0.00223198 -0.00528388 -0.00761979
0 -0.00326522 -0.00772263 -0.0110841
0 -0.00405343 -0.00963831 -0.0138597
0 -0.00456794 -0.010923 -0.0157901
0 -0.00480546 -0.0115334 -0.0167543
0 -0.00477265 -0.0114734 -0.0166953
0 -0.00448362 -0.0107678 -0.0156382
0 -0.00395434 -0.00945889 -0.0136833
0 -0.00320136 -0.0076199 -0.010985
0 -0.00226979 -0.00537959 -0.00774633
0 -0.00124369 -0.00292077 -0.00420935
0 -0.000213347 -0.000439495 -0.000615005
0 0.00074927 0.00188894 0.00281809
0 0.00158876 0.00392316 0.00586403
0 0.00225429 0.0055477 0.00828725
0 0.00270081 0.00665131 0.00989671
0 0.00290363 0.00714081 0.0105858
0 0.00285769 0.00698857 0.0103391
0 0.00256938 0.00624498 0.00922521
0 0.00206076 0.00500125 0.00737617
0 0.0013759 0.00336251 0.00496801
0 0.000568137 0.00144502 0.00219221
0 -0.000316083 -0.000629742 -0.000785529
0 -0.00122443 -0.00274642 -0.00382793
0 -0.00209265 -0.00479927 -0.00678811
0 -0.00286871 -0.00667823 -0.00950329
0 -0.0035184 -0.0082658 -0.0118147
0 -0.00400784 -0.00945788 -0.0135729
0 -0.00430111 -0.0101804 -0.0146521
0 -0.00437917 -0.010393 -0.0149776
0 -0.00424317 -0.0100825 -0.0145324
0 -0.00389476 -0.00925559 -0.0133408
0 -0.00333527 -0.00794003 -0.011459
0 -0.00258343 -0.00619115 -0.00897534
0 -0.00168048 -0.00409307 -0.00600673
0 -0.000675685 -0.00174869 -0.00268691
0 0.000389859 0.000734308 0.000856442
0 0.00147671 0.00325385 0.00449615
0 0.00253487 0.00571761 0.00806859
0 0.00350986 0.0080189 0.0113802
0 0.0043492 0.010016 0.0142413
0 0.00499886 0.0115602 0.0164755
0 0.00540323 0.0125368 0.0179262
0 0.00552077 0.0128726 0.0184717
0 0.00533396 0.012519 0.0180314
0 0.00484315 0.0114517 0.0165711
0 0.00407229 0.00970289 0.0141255
0 0.00307675 0.00738257 0.0108207
0 0.00192981 0.00465739 0.00687155
0 0.000702343 0.00170986 0.00255323
0 -0.000549442 -0.00129436 -0.00186364
0 -0.00177797 -0.0042205 -0.00614373
0 -0.00293551 -0.00695372 -0.0100663
0 -0.00397769 -0.00937673 -0.0134578
0 -0.00485906 -0.0113754 -0.0162146
0 -0.00552903 -0.0128675 -0.018273
0 -0.00594867 -0.0138147 -0.0195965
0 -0.00611456 -0.014215 -0.0201767
0 -0.00605745 -0.0140965 -0.0200318
0 -0.00580541 -0.0135012 -0.0191947
0 -0.0053539 -0.0124502 -0.0176938
0 -0.00469329 -0.0109466 -0.0155641
0 -0.00384505 -0.00901788 -0.0128687
0 -0.00284692 -0.00673116 -0.00968741
0 -0.00173778 -0.004179 -0.00611279
0 -0.00056186 -0.00145946 -0.00226194
0 0.000637295 0.00133148 0.00173922
0 0.00182137 0.00409592 0.00574957
0 0.00294859 0.00673517 0.00957947
0 0.00397124 0.00913756 0.0130241
0 0.00484209 0.0111718 0.0159098
0 0.00550976 0.0127114 0.0180938
0 0.00591926 0.0136623 0.0194619
0 0.00603878 0.0139737 0.0199397
0 0.00587567 0.0136383 0.0195025
0 0.00546049 0.0126917 0.0181791
0 0.00482993 0.0112096 0.0160551
0 0.00402463 0.0092965 0.013275
0 0.0030916 0.00707454 0.0100336
0 0.00208311 0.00467902 0.00655392
0 0.00105711 0.00225629 0.00306014
0 7.51475e-05 -4.7027e-05 -0.000257724
0 -0.000803695 -0.00210861 -0.00324832
0 -0.00152909 -0.00383699 -0.0057614
0 -0.00206787 -0.00514873 -0.00765581
0 -0.00240532 -0.00596954 -0.00883654
0 -0.00254242 -0.00627177 -0.00926714
0 -0.00248988 -0.00608933 -0.00897354
0 -0.00226251 -0.00548722 -0.00803932
0 -0.00188337 -0.00453354 -0.00659017
0 -0.00138289 -0.00330227 -0.00477168
0 -0.000793398 -0.00188161 -0.00272503
0 -0.000150813 -0.000369439 -0.000569467
0 0.000499519 0.00113607 0.00159476
0 0.00110085 0.00254484 0.00365572
0 0.00160233 0.00377324 0.00547463
0 0.00197906 0.00473535 0.00691271
0 0.00222126 0.00535391 0.00785374
0 0.00230995 0.0055773 0.0082089
0 0.00221582 0.00537247 0.00792406
0 0.00192069 0.00471577 0.00698709
0 0.00143383 0.00361259 0.00543146
0 0.000784999 0.00211823 0.00333134
0 4.64695e-06 0.00031819 0.000785429
0 -0.000873774 -0.00170531 -0.00210834
0 -0.0018018 -0.00387813 -0.00524711
0 -0.00273184 -0.0061135 -0.00848726
0 -0.00362381 -0.00828761 -0.0116427
0 -0.0044341 -0.0102549 -0.0145117
0 -0.00511584 -0.0118926 -0.0169063
0 -0.00562201 -0.0131083 -0.0186732
0 -0.00591365 -0.0138224 -0.0197011
0 -0.00596969 -0.013976 -0.0199275
0 -0.00578553 -0.0135518 -0.0193388
0 -0.0053684 -0.0125768 -0.0179638
0 -0.00473687 -0.0111045 -0.0158695
0 -0.00392165 -0.00920288 -0.0131571
0 -0.00296159 -0.00695536 -0.00995514
0 -0.00190113 -0.00446695 -0.00641323
0 -0.000793727 -0.001862 -0.00269862
0 0.000308419 0.000730806 0.00102984
0 0.00136407 0.00320051 0.00462304
0 0.00233408 0.00546239 0.00790982
0 0.00318419 0.00744048 0.0107291
0 0.00389486 0.00906018 0.0129817
0 0.00444907 0.0102666 0.0146252
0 0.00481726 0.011035 0.0156504
0 0.00497622 0.0113637 0.0160725
0 0.00493601 0.0112702 0.0159288
0 0.00473156 0.0107983 0.0152728
0 0.00440104 0.0100189 0.0141718
0 0.00397858 0.00901318 0.0127135
0 0.00349244 0.007852 0.0110054
0 0.00296192 0.00659111 0.00916148
0 0.00240408 0.00528606 0.00728885
0 0.00184429 0.00400278 0.00548166
0 0.00131403 0.00280612 0.00381322
0 0.000841967 0.00174386 0.00233033
0 0.000446509 0.000843192 0.00105473
0 0.000130664 0.000113499 -6.10394e-06
0 -0.000115939 -0.000454297 -0.000846918
0 -0.000308503 -0.000883768 -0.00146571
0 -0.000460198 -0.00119923 -0.00187514
0 -0.000578494 -0.00141634 -0.00210925
0 -0.000663483 -0.00154665 -0.00221739
0 -0.000713544 -0.00160874 -0.00225281
0 -0.000734493 -0.00163084 -0.00226275
0 -0.000741475 -0.00164334 -0.00228187
0 -0.000751296 -0.00167007 -0.00232936
0 -0.000775257 -0.00172581 -0.00241286
0 -0.000819278 -0.00181952 -0.0025378
0 -0.000884859 -0.00195581 -0.00271219
0 -0.000969123 -0.00213455 -0.00294462
0 -0.0010673 -0.0023522 -0.00324026
0 -0.00117562 -0.0026036 -0.00359677
0 -0.00129197 -0.00288228 -0.00400244
0 -0.00141543 -0.00318029 -0.0044384
0 -0.00154483 -0.00348801 -0.00488306
0 -0.00167607 -0.00379327 -0.00531562
0 -0.00179976 -0.00407903 -0.0057156
0 -0.00189998 -0.00431933 -0.00605712
0 -0.00195858 -0.00448068 -0.00630505
0 -0.00196209 -0.00453028 -0.00641655
0 -0.00190238 -0.00444098 -0.00634405
0 -0.00177627 -0.00419406 -0.00604414
0 -0.00158515 -0.00378087 -0.00548977
0 -0.00133094 -0.00320115 -0.00467623
0 -0.00101414 -0.00246165 -0.00362083
0 -0.000636548 -0.00157719 -0.00235775
0 -0.00020442 -0.000573932 -0.000929804
0 0.000268569 0.000509829 0.000617261
0 0.000756634 0.00163014 0.00223205
0 0.0012265 0.00273923 0.00384498
0 0.00165075 0.00377521 0.00536151
0 0.00200977 0.00466256 0.0066735
0 0.0022838 0.0053336 0.00767738
0 0.00245343 0.00574503 0.00829283
0 0.00250835 0.00587632 0.0084791
0 0.00244883 0.00572396 0.00823811
0 0.00227989 0.00530273 0.00760649
0 0.00201028 0.00464794 0.00664573
0 0.00165706 0.00381091 0.00543367
0 0.00124716 0.00285203 0.00405711
0 0.000810824 0.00183328 0.00260124
0 0.0003728 0.000810705 0.00113656
0 -5.10992e-05 -0.000172503 -0.000285768
0 -0.000450489 -0.00109184 -0.00162509
0 -0.000813895 -0.00193446 -0.00284062
0 -0.00112926 -0.00267971 -0.00389147
0 -0.00138935 -0.00329293 -0.00474479
0 -0.00158803 -0.00374407 -0.00537753
0 -0.00171419 -0.00402208 -0.00577284
0 -0.00175889 -0.00412679 -0.00592134
0 -0.00172431 -0.00405801 -0.00582382
0 -0.00162022 -0.00382008 -0.00549091
0 -0.00145558 -0.00343001 -0.00494167
0 -0.00123796 -0.00291443 -0.00420494
0 -0.000978798 -0.00230198 -0.00332164
0 -0.000692678 -0.0016213 -0.00233967
0 -0.000391774 -0.000903891 -0.00130455
0 -8.46282e-05 -0.000181476 -0.000255894
0 0.000220138 0.000521722 0.000769979
0 0.000513102 0.00119128 0.00174024
0 0.000786667 0.00181709 0.00262878
0 0.00103695 0.00238651 0.00341846
0 0.00126069 0.00288366 0.00409927
0 0.00144856 0.00329346 0.00466195
0 0.00158709 0.00360317 0.00509433
0 0.00166772 0.00380028 0.00538153
0 0.00169009 0.00387368 0.00550688
0 0.00165756 0.00381836 0.00545422
0 0.00157267 0.00363587 0.0052126
0 0.00143722 0.0033306 0.00478219
0 0.00125395 0.00290882 0.00417722
0 0.00102824 0.00238366 0.00342515
0 0.000771563 0.00178191 0.00256593
0 0.000502185 0.00114422 0.00164872
0 0.000238849 0.000514462 0.00072447
0 -5.39336e-06 -7.35714e-05 -0.000158736
0 -0.000224108 -0.000600833 -0.000956623
0 -0.00041664 -0.00105879 -0.00163373
0 -0.000585505 -0.00144333 -0.00217147
0 -0.000731324 -0.00175204 -0.00257195
0 -0.000850946 -0.00198644 -0.00285524
0 -0.000941158 -0.0021554 -0.003052
0 -0.00100068 -0.00227061 -0.00319092
0 -0.00103026 -0.00233932 -0.00328757
0 -0.00103351 -0.0023639 -0.00334202
0 -0.00101532 -0.0023444 -0.00334265
0 -0.000979547 -0.00227986 -0.00327383
0 -0.00092708 -0.00216737 -0.00312325
0 -0.00085682 -0.00200364 -0.00288766
0 -0.000769076 -0.00179069 -0.0025755
0 -0.000667109 -0.00153902 -0.00220506
0 -0.000557906 -0.00126755 -0.0018024
0 -0.000452281 -0.00100108 -0.00139993
0 -0.000363021 -0.000766613 -0.00103455
0 -0.000300578 -0.000588904 -0.000743863
0 -0.000269551 -0.000486026 -0.000560464
0 -0.000269798 -0.000467113 -0.000507616
0 -0.00029847 -0.000531567 -0.000594619
0 -0.000346233 -0.000664207 -0.000807304
0 -0.000395972 -0.000832149 -0.00110231
0 -0.000433962 -0.000995788 -0.00141699
0 -0.000456871 -0.00112257 -0.00168416
0 -0.000464984 -0.00119059 -0.00184316
0 -0.000457012 -0.00118703 -0.00185403
0 -0.000430195 -0.0011056 -0.00170876
0 -0.000380332 -0.000947132 -0.00142897
0 -0.00030378 -0.000722725 -0.00105407
0 -0.000200742 -0.000451434 -0.000627585
0 -7.7311e-05 -0.000154613 -0.00018702
0 5.57815e-05 0.00014754 0.000240585
0 0.000187828 0.000438171 0.000640114
0 0.000310717 0.000705372 0.0010061
0 0.000417858 0.000941681 0.00133629
0 0.000504156 0.00114164 0.00162597
0 0.000569809 0.00130277 0.00186865
0 0.000622179 0.00142971 0.002061
0 0.000670126 0.00153297 0.00220574
0 0.000716331 0.00162077 0.00231061
0 0.00075528 0.00169179 0.00238447
0 0.000776025 0.00173401 0.0024303
0 0.00076599 0.00172833 0.00243698
0 0.000717705 0.00165673 0.00237898
0 0.000634135 0.00151048 0.00222592
0 0.000523759 0.00128975 0.00195256
0 0.000391194 0.000996319 0.00154567
0 0.000234626 0.000630286 0.00100776
0 5.12738e-05 0.000194605 0.000357435
0 -0.000155114 -0.00029757 -0.00037276
0 -0.000370462 -0.000817526 -0.00113894
0 -0.000576085 -0.00132521 -0.00189118
0 -0.000758963 -0.00178413 -0.00258061
0 -0.000913102 -0.00217012 -0.00316222
0 -0.00103502 -0.00246756 -0.00359899
0 -0.00112026 -0.0026634 -0.00386876
0 -0.0011605 -0.00274435 -0.00396374
0 -0.00114401 -0.00269743 -0.00388326
0 -0.00106132 -0.00251295 -0.0036272
0 -0.000912031 -0.00218907 -0.00319455
0 -0.000706325 -0.00173618 -0.00258713
0 -0.000460956 -0.00117829 -0.00181695
0 -0.000194193 -0.000550223 -0.000913888
0 7.87474e-05 0.000110626 7.40559e-05
0 0.000346863 0.000771791 0.00108719
0 0.000600649 0.00140485 0.00205857
0 0.000832415 0.00198074 0.00292055
0 0.00103685 0.00246839 0.00361867
0 0.00120533 0.00283924 0.00412159
0 0.00132206 0.00307382 0.0044197
0 0.00137089 0.00316262 0.00451805
0 0.00134584 0.00310393 0.00442847
0 0.00125423 0.00290613 0.00416418
0 0.00111308 0.00259225 0.0037416
0 0.000943567 0.00219788 0.00318738
0 0.000764587 0.001761 0.00254279
0 0.000587612 0.0013131 0.00185935
0 0.00041614 0.000877304 0.0011875
0 0.000249683 0.000469279 0.000566994
0 8.80088e-05 9.71935e-05 2.28102e-05
0 -6.74812e-05 -0.000237253 -0.0004365
0 -0.000213237 -0.000534705 -0.000817776
0 -0.000342371 -0.000793149 -0.00113682
0 -0.000444822 -0.00100556 -0.00140775
0 -0.00050943 -0.00115974 -0.00163119
0 -0.000530199 -0.0012427 -0.00179034
0 -0.000511776 -0.00124793 -0.00185799
0 -0.000465819 -0.00117809 -0.00180756
0 -0.000403039 -0.0010415 -0.00162524
0 -0.000327869 -0.000846451 -0.00131818
0 -0.000238325 -0.000599861 -0.000912915
0 -0.000130451 -0.000310739 -0.000446907
0 -3.62248e-06 7.34883e-06 4.12567e-05
0 0.000137174 0.000336954 0.000519654
0 0.000281458 0.000658219 0.000965901
0 0.000414606 0.000950244 0.00136514
0 0.000521756 0.001193 0.00170528
0 0.000592671 0.00136971 0.00197133
0 0.000625039 0.00146998 0.00214401
0 0.000623218 0.00149059 0.00220397
0 0.000592481 0.00143239 0.00213725
0 0.000534057 0.00129609 0.00193927
0 0.000444821 0.00108065 0.00161585
0 0.000320493 0.000786018 0.0011799
0 0.000159742 0.000416927 0.000647054
0 -3.33675e-05 -1.66525e-05 3.33223e-05
0 -0.000249155 -0.000500215 -0.000645552
0 -0.000473923 -0.00101429 -0.00137256
0 -0.000693423 -0.00153507 -0.00212559
0 -0.000895131 -0.00203541 -0.00287033
0 -0.00106898 -0.00248505 -0.00355557
0 -0.0012079 -0.00285229 -0.00412106
0 -0.00130667 -0.00310919 -0.00451365
0 -0.00135895 -0.0032358 -0.00469841
0 -0.00135617 -0.00321979 -0.0046619
0 -0.00129288 -0.00305822 -0.00441243
0 -0.00117227 -0.00276224 -0.00397701
0 -0.00100515 -0.00235769 -0.00339409
0 -0.000806724 -0.00187987 -0.0027073
0 -0.000593974 -0.00136655 -0.00196233
0 -0.000383763 -0.000854404 -0.00120576
0 -0.000189896 -0.00037592 -0.000483663
0 -1.96461e-05 4.59152e-05 0.000161828
0 0.000127279 0.000400432 0.000698223
0 0.000254727 0.000686811 0.00110817
0 0.000362357 0.000906073 0.00139029
0 0.000443263 0.00105539 0.00155646
0 0.000488524 0.00113018 0.00162529
0 0.000493241 0.00113018 0.00161366
0 0.000461211 0.00106399 0.00153295
0 0.000405046 0.000948738 0.00139082
0 0.000340889 0.000805788 0.00119661
0 0.000281882 0.000655643 0.00096682
0 0.000234688 0.00051491 0.000726845
0 0.000201036 0.000397107 0.000508947
0 0.000181975 0.00031572 0.000348137
0 0.000180116 0.000285045 0.000275953
0 0.000199884 0.000318669 0.000314745
0 0.000247111 0.000427369 0.000475521
0 0.000327127 0.000616981 0.000758799
0 0.000442214 0.000887427 0.00115735
0 0.000589809 0.00123235 0.00165848
0 0.000761705 0.00163693 0.00224271
0 0.000945009 0.00207591 0.00287984
0 0.00112562 0.00251657 0.00352763
0 0.00129138 0.00292534 0.00413609
0 0.00143057 0.00327041 0.00465301
0 0.00152961 0.00352042 0.00502877
0 0.00157606 0.00364658 0.00522295
0 0.001562 0.00362832 0.00520914
0 0.00148294 0.00345582 0.00497451
0 0.0013372 0.00312886 0.00451848
0 0.00112841 0.00265621 0.00385377
0 0.000866096 0.00205591 0.00300626
0 0.000562552 0.0013541 0.00201089
0 0.000228716 0.000581266 0.000905445
0 -0.000126618 -0.000235325 -0.000273798
0 -0.000492053 -0.00107578 -0.00149156
0 -0.000852662 -0.00192146 -0.00271106
0 -0.0011967 -0.00274514 -0.00389101
0 -0.00151689 -0.00350971 -0.00498435
0 -0.00180155 -0.0041768 -0.00594051
0 -0.00203118 -0.00471345 -0.00671022
0 -0.00218822 -0.00509116 -0.00725253
0 -0.00226418 -0.00528532 -0.00753793
0 -0.00225582 -0.00527974 -0.00754628
0 -0.00216221 -0.00507177 -0.00726773
0 -0.00198781 -0.00467217 -0.00670847
0 -0.00174388 -0.00410211 -0.00589478
0 -0.00144545 -0.00339238 -0.00487237
0 -0.00110814 -0.00258273 -0.00370178
0 -0.000748395 -0.00171837 -0.00245085
0 -0.000383677 -0.000845832 -0.0011845
0 -2.93862e-05 -7.17974e-06 4.17066e-05
0 0.000301443 0.000765503 0.0011781
0 0.000595641 0.00144904 0.00217626
0 0.00084149 0.00202244 0.00299361
0 0.00103157 0.00246148 0.00360128
0 0.0011603 0.0027447 0.0039857
0 0.00122091 0.00286481 0.00414494
0 0.00121076 0.00283019 0.00408827
0 0.0011383 0.00265896 0.00383795
0 0.00101898 0.00237483 0.00342624
0 0.000866261 0.00200547 0.00289021
0 0.000690214 0.0015803 0.0022694
0 0.000501301 0.0011277 0.00160438
0 0.000310929 0.000673494 0.000933781
0 0.000129603 0.000240748 0.000292572
0 -3.38608e-05 -0.000149917 -0.00028724
0 -0.000171854 -0.000479952 -0.000776049
0 -0.000276831 -0.000732011 -0.00114726
0 -0.000340819 -0.000889002 -0.00137833
0 -0.000356447 -0.00093516 -0.00145167
0 -0.00031887 -0.000859749 -0.00135521
0 -0.000227473 -0.000660446 -0.00108386
0 -8.67262e-05 -0.000344464 -0.000642466
0 9.38739e-05 7.11295e-05 -4.81743e-05
0 0.00030022 0.000559303 0.000668446
0 0.000515009 0.00108617 0.00146318
0 0.00072229 0.00161576 0.00227854
0 0.000913151 0.00211327 0.00304723
0 0.00108466 0.00254734 0.00370346
0 0.00123134 0.00289108 0.00419727
0 0.00134031 0.00312245 0.0045021
0 0.00139506 0.00322406 0.00461287
0 0.00138266 0.00318391 0.00453672
0 0.00129949 0.00299976 0.00428336
0 0.00115255 0.00268219 0.00386116
0 0.000956274 0.0022518 0.00327967
0 0.000726996 0.00173291 0.0025558
0 0.000476177 0.00114773 0.00171543
0 0.000206906 0.000513696 0.000788509
0 -8.08975e-05 -0.000155724 -0.000193876
0 -0.000381135 -0.000847655 -0.00119894
0 -0.000680056 -0.00154304 -0.00219326
0 -0.000963667 -0.00221359 -0.00314443
0 -0.00122211 -0.00282745 -0.00401936
0 -0.00144724 -0.00335788 -0.00478292
0 -0.00162965 -0.00378587 -0.00540068
0 -0.00175949 -0.00409463 -0.00584306
0 -0.00182917 -0.0042659 -0.00608781
0 -0.00183402 -0.00428482 -0.00612052
0 -0.00177214 -0.00414683 -0.005935
0 -0.00164643 -0.0038595 -0.00553584
0 -0.00146574 -0.00343988 -0.0049413
0 -0.00124105 -0.00291003 -0.00418198
0 -0.000981143 -0.00229327 -0.00329562
0 -0.000693564 -0.00161353 -0.0023215
0 -0.000386887 -0.000896263 -0.00129532
0 -7.05397e-05 -0.000166535 -0.000248071
0 0.000245019 0.000554336 0.000790971
0 0.000547202 0.00124726 0.00179105
0 0.000821115 0.00188892 0.00271582
0 0.00105181 0.00244572 0.00352024
0 0.00122589 0.0028758 0.00415242
0 0.00132899 0.00313981 0.00455827
0 0.00134836 0.00321085 0.00469101
0 0.00128048 0.00307734 0.00452328
0 0.00113065 0.00274125 0.00405271
0 0.000908171 0.00221895 0.00330276
0 0.000625279 0.00154279 0.00232158
0 0.00029907 0.00075985 0.00117629
0 -4.72679e-05 -7.27049e-05 -5.51077e-05
0 -0.000386943 -0.000897322 -0.00129002
0 -0.000695912 -0.00166368 -0.00244499
0 -0.000959996 -0.00232966 -0.00344109
0 -0.0011751 -0.00286018 -0.00421508
0 -0.00133768 -0.00322987 -0.0047296
0 -0.00143732 -0.00342679 -0.00497533
0 -0.00146213 -0.00345004 -0.00496694
0 -0.00140817 -0.00330547 -0.00473367
0 -0.00128055 -0.00300572 -0.00430661
0 -0.00108968 -0.00257142 -0.00371059
0 -0.000849656 -0.00202857 -0.00296556
0 -0.000576688 -0.00140397 -0.00209282
0 -0.000283963 -0.000722684 -0.00111825
0 2.17047e-05 -6.42983e-06 -7.29803e-05
0 0.000335298 0.000726658 0.00100683
0 0.000647973 0.00145894 0.00208053
0 0.000948212 0.00216748 0.00310339
0 0.0012259 0.00282041 0.00403065
0 0.00147079 0.00338262 0.00482295
0 0.00166786 0.00382564 0.00544723
0 0.00180084 0.00412942 0.00587698
0 0.00186179 0.00427974 0.00609465
0 0.00185339 0.00427102 0.00609296
0 0.00178311 0.0041109 0.00587517
0 0.00165914 0.00381836 0.00545724
0 0.00149012 0.00341641 0.00486948
0 0.00128411 0.00292685 0.00415263
0 0.00104716 0.00237012 0.0033492
0 0.000785256 0.00176694 0.00249533
0 0.000507809 0.00113937 0.00161719
0 0.000227654 0.000509952 0.000733222
0 -4.29199e-05 -0.000102056 -0.000139701
0 -0.000294933 -0.000682796 -0.00098158
0 -0.000522717 -0.00122069 -0.00176855
0 -0.000722161 -0.00170189 -0.00247303
0 -0.000889322 -0.00210877 -0.00306496
0 -0.00101983 -0.00242243 -0.00351627
0 -0.00110778 -0.00262718 -0.00380612
0 -0.00114735 -0.00271431 -0.00392452
0 -0.00113633 -0.00268298 -0.00387312
0 -0.00107751 -0.00253989 -0.00366388
0 -0.000977203 -0.00229862 -0.00331638
0 -0.000843264 -0.00197769 -0.00285533
0 -0.000684238 -0.00159788 -0.00230807
0 -0.000508258 -0.00117924 -0.00170161
0 -0.0003225 -0.000740032 -0.0010619
0 -0.00013356 -0.00029649 -0.000414087
0 5.21914e-05 0.000136802 0.000217628
0 0.000228298 0.000545203 0.000810053
0 0.000387683 0.00091336 0.00134159
0 0.00052243 0.00122615 0.00179239
0 0.000625675 0.00146996 0.00214482
0 0.000693678 0.00163411 0.00238454
0 0.000725456 0.00171242 0.00250174
0 0.000721485 0.00170405 0.00249245
0 0.00068228 0.00161142 0.00235846
0 0.000607908 0.0014375 0.00210615
0 0.000498984 0.00118594 0.00174513
0 0.000357522 0.000863214 0.00128652
0 0.000188545 0.000480632 0.000743457
0 2.13e-06 5.53631e-05 0.000135126
0 -0.000188534 -0.000390596 -0.000512095
0 -0.00037203 -0.000833566 -0.00116722
0 -0.000540702 -0.00125114 -0.00179612
0 -0.000689795 -0.00162457 -0.00236247
0 -0.000816672 -0.00193955 -0.00283224
0 -0.000918947 -0.00218347 -0.00318029
0 -0.000991299 -0.00234356 -0.00339326
0 -0.00102528 -0.00240903 -0.00346816
0 -0.00101412 -0.00237487 -0.00340959
0 -0.000957544 -0.00224408 -0.00322645
0 -0.000862146 -0.00202759 -0.0029299
0 -0.000738613 -0.00174257 -0.00253378
0 -0.000598117 -0.00140939 -0.0020567
0 -0.000448935 -0.0010475 -0.00152275
0 -0.000294789 -0.000671818 -0.000958681
0 -0.000136423 -0.000291827 -0.000390177
0 2.51772e-05 8.51351e-05 0.000160793
0 0.000186723 0.000450093 0.000677696
0 0.000341765 0.000791608 0.00114989
0 0.000480523 0.0010967 0.0015703
0 0.000593312 0.00135302 0.00193193
0 0.00067571 0.00155202 0.00222568
0 0.000728844 0.00168956 0.00243977
0 0.000755807 0.00176411 0.00256171
0 0.000757975 0.00177419 0.00258165
0 0.000733677 0.0017167 0.00249541
0 0.000680546 0.00158934 0.00230615
0 0.00059835 0.00139458 0.00202338
0 0.000489474 0.00114073 0.00166013
0 0.000358663 0.000840037 0.00123075
0 0.000212655 0.000505963 0.000750705
0 5.82876e-05 0.000150847 0.000236794
0 -9.90529e-05 -0.000214245 -0.000293373
0 -0.000254724 -0.000577983 -0.000821672
0 -0.000403646 -0.000927901 -0.00132959
0 -0.00053987 -0.00125038 -0.00179842
0 -0.000657836 -0.00153245 -0.00220981
0 -0.000754336 -0.00176446 -0.00254768
0 -0.000827878 -0.00193971 -0.00280008
0 -0.000876477 -0.00205257 -0.00295903
0 -0.000897045 -0.00209819 -0.00302004
0 -0.000886781 -0.00207329 -0.00298215
0 -0.000844798 -0.00197726 -0.00284732
0 -0.000772412 -0.0018127 -0.0026191
0 -0.000672538 -0.00158495 -0.00230197
0 -0.000548939 -0.00130111 -0.00190233
0 -0.000405296 -0.000969373 -0.00142936
0 -0.000244456 -0.000597852 -0.000894572
0 -6.85733e-05 -0.000193585 -0.000311327
0 0.000119506 0.000235972 0.000305763
0 0.000313814 0.000679347 0.00094032
0 0.000503865 0.0011187 0.00157208
0 0.000677526 0.00153194 0.00217504
0 0.000825283 0.00189618 0.00271676
0 0.000941043 0.00218937 0.00315996
0 0.00102047 0.00239222 0.00346884
0 0.00105947 0.00249047 0.00361713
0 0.00105461 0.00247675 0.00359377
0 0.00100513 0.00235236 0.00340481
0 0.000914911 0.00212891 0.00307207
0 0.000792444 0.00182817 0.00262924
0 0.000648173 0.00147716 0.0021145
0 0.000491795 0.00110171 0.00156331
0 0.000330772 0.000721601 0.00100467
0 0.000169191 0.000347895 0.000459054
0 7.74762e-06 -1.61578e-05 -6.22916e-05
0 -0.000154203 -0.000371412 -0.000556415
0 -0.000315125 -0.000718185 -0.00102631
0 -0.00046917 -0.00105225 -0.00147669
0 -0.000607311 -0.00136357 -0.00190808
0 -0.000720967 -0.0016386 -0.00231095
0 -0.000805996 -0.00186434 -0.00266389
0 -0.000864057 -0.00203137 -0.00293879
0 -0.000899115 -0.00213372 -0.0031091
0 -0.000911956 -0.00216633 -0.00315733
0 -0.000898795 -0.00212401 -0.00308009
0 -0.000853639 -0.00200289 -0.00288638
0 -0.000771663 -0.00180263 -0.00259039
0 -0.000654099 -0.00153017 -0.00220676
0 -0.00050986 -0.00120122 -0.00175027
0 -0.000350668 -0.000835921 -0.00123619
0 -0.000185833 -0.000452315 -0.000681453
0 -2.07184e-05 -6.29084e-05 -0.000106138
0 0.000142436 0.000323653 0.000467786
0 0.000302958 0.000699779 0.00101973
0 0.000459357 0.0010578 0.00153348
0 0.000606588 0.0013886 0.00199715
0 0.000736234 0.00168031 0.00240094
0 0.00083969 0.00191871 0.00273472
0 0.000910909 0.00209054 0.00298578
0 0.000947715 0.00218765 0.00313945
0 0.000951347 0.0022077 0.00318305
0 0.000925322 0.00215277 0.00311102
0 0.000873887 0.00202863 0.00292867
0 0.000799647 0.00184365 0.00265136
0 0.000703622 0.00160774 0.00230005
0 0.000587501 0.00133134 0.00189608
0 0.000455412 0.0010258 0.00145784
0 0.000313633 0.000703493 0.000999909
0 0.000168104 0.000375079 0.000533147
0 2.37241e-05 4.86532e-05 6.70192e-05
0 -0.000114918 -0.000268226 -0.000387748
0 -0.000244003 -0.0005675 -0.000819278
0 -0.000361109 -0.000841405 -0.00121605
0 -0.000465664 -0.00108492 -0.00156889
0 -0.000558145 -0.00129672 -0.00187226
0 -0.000638237 -0.0014769 -0.00212376
0 -0.000703923 -0.0016235 -0.00232278
0 -0.000752106 -0.00173178 -0.00246912
0 -0.000778818 -0.00179545 -0.00256013
0 -0.000779593 -0.00180729 -0.00258778
0 -0.000752932 -0.00176178 -0.00254114
0 -0.000701778 -0.00165768 -0.00241103
0 -0.000630018 -0.00149754 -0.00219289
0 -0.000540454 -0.00128664 -0.00188988
0 -0.000435663 -0.00103306 -0.00151457
0 -0.000318379 -0.000747177 -0.0010867
0 -0.000192107 -0.00044124 -0.000629888
0 -6.12427e-05 -0.000128675 -0.000168115
0 6.89706e-05 0.000176598 0.000276755
0 0.000191196 0.000459355 0.000684609
0 0.000296482 0.000703498 0.00103673
0 0.000377095 0.000894657 0.0013165
0 0.000428842 0.00102255 0.00151017
0 0.000451299 0.00108248 0.00160762
0 0.000446862 0.00107578 0.00160436
0 0.000419182 0.00100815 0.00150352
0 0.000372065 0.000887846 0.00131678
0 0.000308819 0.00072512 0.00106291
0 0.000231494 0.00053058 0.000763526
0 0.000141526 0.000313758 0.000438576
0 4.06677e-05 8.20427e-05 0.000102969
0 -6.80648e-05 -0.000158908 -0.000234192
0 -0.000179095 -0.000402176 -0.000567424
0 -0.000284317 -0.000637051 -0.000891218
0 -0.000375093 -0.000849827 -0.00119643
0 -0.00044509 -0.00102719 -0.00146814
0 -0.000491878 -0.00115898 -0.00168631
0 -0.000516657 -0.00123918 -0.00182983
0 -0.000521989 -0.00126481 -0.00188207
0 -0.000508571 -0.00123341 -0.00183493
0 -0.00047468 -0.00114349 -0.00169107
0 -0.000418583 -0.000997617 -0.00146292
0 -0.000340863 -0.00080375 -0.00116894
0 -0.000245144 -0.000573693 -0.000829431
0 -0.000137224 -0.000320913 -0.000463356
0 -2.36704e-05 -5.8778e-05 -8.71083e-05
0 8.90343e-05 0.000200297 0.000284761
0 0.000195346 0.000445451 0.000639033
0 0.000290177 0.000666855 0.000962509
0 0.000368077 0.000854068 0.00124018
0 0.000425064 0.000996693 0.00145655
0 0.000459446 0.00108653 0.00159783
0 0.000470774 0.0011192 0.00165374
0 0.000458953 0.00109364 0.00161921
0 0.000424563 0.00101124 0.00149603
0 0.000369373 0.000876598 0.00129318
0 0.000295011 0.000696483 0.00102382
0 0.000203451 0.000479197 0.000703029
0 9.85522e-05 0.0002348 0.000346868
0 -1.39313e-05 -2.51711e-05 -2.859e-05
0 -0.000126674 -0.000287338 -0.000406655
0 -0.000231696 -0.000536368 -0.000769306
0 -0.000321789 -0.00075645 -0.00109703
0 -0.00039179 -0.00093385 -0.00136938
0 -0.000439067 -0.00105864 -0.00156707
0 -0.000463523 -0.00112546 -0.00167564
0 -0.000466526 -0.00113336 -0.00168866
0 -0.000448872 -0.00108422 -0.00160853
0 -0.000410354 -0.000981798 -0.00144524
0 -0.000351217 -0.000831895 -0.00121381
0 -0.000273288 -0.000642512 -0.000931262
0 -0.000179627 -0.000422983 -0.000613121
0 -7.40076e-05 -0.00018251 -0.000271303
0 3.9032e-05 7.06658e-05 8.52155e-05
0 0.000154899 0.000329442 0.000449425
0 0.000269816 0.00058784 0.000815673
0 0.000380894 0.000840854 0.00117838
0 0.000486145 0.00108425 0.00153089
0 0.000584123 0.00131366 0.00186483
0 0.000672938 0.00152335 0.00216964
0 0.000750038 0.00170603 0.00243358
0 0.000812936 0.00185415 0.00264619
0 0.00085834 0.00196029 0.00279814
0 0.000881475 0.00201658 0.00287999
0 0.000878263 0.0020156 0.00288335
0 0.000847016 0.00195222 0.00280186
0 0.000787742 0.00182459 0.00263123
0 0.000701442 0.00163386 0.00236972
0 0.000590028 0.00138321 0.002019
0 0.00045597 0.00107748 0.00158503
0 0.000302449 0.00072451 0.00107864
0 0.000133932 0.000335614 0.000515694
0 -4.2977e-05 -7.51976e-05 -8.25727e-05
0 -0.000219697 -0.000491189 -0.000690572
0 -0.000388509 -0.000894329 -0.00128176
0 -0.000544577 -0.00126857 -0.00183179
0 -0.000684852 -0.00160232 -0.00231963
0 -0.00080634 -0.00188761 -0.00272838
0 -0.00090514 -0.00211591 -0.00304614
0 -0.000976307 -0.00227715 -0.00326552
0 -0.00101463 -0.00236284 -0.00338208
0 -0.00101584 -0.00236786 -0.0033922
0 -0.000978937 -0.00229082 -0.00329278
0 -0.000907427 -0.00213452 -0.00308328
0 -0.000806879 -0.00190577 -0.00276742
0 -0.000682622 -0.00161472 -0.00235438
0 -0.000539174 -0.0012733 -0.00185957
0 -0.000379941 -0.00089368 -0.00130315
0 -0.000207768 -0.000487432 -0.000707081
0 -2.57611e-05 -6.48318e-05 -9.24512e-05
0 0.000161977 0.000363927 0.000522233
0 0.00034938 0.000786872 0.00112155
0 0.000527366 0.00118957 0.00169134
0 0.00068535 0.0015558 0.00221539
0 0.000816025 0.00187003 0.00267397
0 0.00091681 0.00211892 0.00304457
0 0.00098676 0.00229206 0.00330493
0 0.00102398 0.00238209 0.00343813
0 0.00102524 0.00238344 0.00343602
0 0.000987604 0.00229277 0.00329975
0 0.000909814 0.00211073 0.00303742
0 0.000793041 0.00184313 0.00266066
0 0.000642325 0.00150123 0.00218303
0 0.000466218 0.00110058 0.00161966
0 0.000273456 0.000658271 0.000987809
0 7.01786e-05 0.000189213 0.000306883
0 -0.000139058 -0.000295516 -0.000401497
0 -0.000348877 -0.000785201 -0.00111385
0 -0.000552799 -0.00126512 -0.0018067
0 -0.000743348 -0.00171653 -0.00245648
0 -0.000912564 -0.00212007 -0.00303797
0 -0.00105376 -0.00245831 -0.00352589
0 -0.00116204 -0.00271681 -0.00389822
0 -0.0012334 -0.00288494 -0.00413882
0 -0.00126382 -0.00295545 -0.00423789
0 -0.00124984 -0.00292361 -0.00419146
0 -0.00119037 -0.00278816 -0.00400106
0 -0.00108732 -0.00255269 -0.00367276
0 -0.000945083 -0.00222601 -0.00321671
0 -0.000770221 -0.00182132 -0.00264767
0 -0.000570643 -0.00135516 -0.00198501
0 -0.000354299 -0.000846619 -0.00125223
0 -0.000128826 -0.000315868 -0.00047711
0 9.82281e-05 0.000218152 0.000308707
0 0.000319761 0.000738179 0.00107279
0 0.000528465 0.00122676 0.0017844
0 0.000715637 0.00166486 0.00241481
0 0.000872793 0.00203277 0.00293831
0 0.000993363 0.00231263 0.00333408
0 0.00107098 0.00249059 0.00358631
0 0.0011 0.00255842 0.00368453
0 0.00107947 0.00251472 0.00362579
0 0.00101375 0.00236512 0.00341596
0 0.000910197 0.00212236 0.00306987
0 0.000777408 0.00180547 0.00261164
0 0.000623968 0.00143647 0.00207213
0 0.000457568 0.00103693 0.00148384
0 0.000284221 0.000625368 0.000876612
0 0.000108784 0.000215906 0.000275833
0 -6.3626e-05 -0.000180391 -0.000297574
0 -0.00022737 -0.000552956 -0.000827121
0 -0.000376707 -0.000890814 -0.00130102
0 -0.000505754 -0.0011833 -0.00171114
0 -0.000608978 -0.00142146 -0.00205024
0 -0.000682884 -0.00159896 -0.00230979
0 -0.000726999 -0.00171155 -0.00248038
0 -0.000742832 -0.00175668 -0.00255393
0 -0.000731639 -0.0017336 -0.00252548
0 -0.000694031 -0.00164378 -0.00239539
0 -0.000631241 -0.00149146 -0.00217108
0 -0.000545098 -0.00128329 -0.00186541
0 -0.000438259 -0.00102851 -0.001494
0 -0.000315187 -0.000739023 -0.00107386
0 -0.00018218 -0.000428195 -0.000623176
0 -4.62006e-05 -0.000110059 -0.000161059
0 8.63978e-05 0.000201233 0.000293047
0 0.000210989 0.000493282 0.000720874
0 0.000324079 0.000756615 0.00110634
0 0.000421612 0.000983135 0.00143528
0 0.000500315 0.00116565 0.00169722
0 0.000558368 0.00129869 0.00188582
0 0.000593609 0.00137818 0.00199699
0 0.000603304 0.00140055 0.00202785
0 0.000585318 0.00136261 0.00197618
0 0.000539431 0.00126311 0.00184083
0 0.00046767 0.00110434 0.00162252
0 0.000373899 0.00089274 0.00132531
0 0.000264205 0.000639172 0.000959618
0 0.000145351 0.000357019 0.000543106
0 2.24589e-05 5.99718e-05 9.81412e-05
0 -0.000100662 -0.000238766 -0.000350709
0 -0.000221194 -0.000527848 -0.000780463
0 -0.00033647 -0.000797829 -0.00117275
0 -0.000441979 -0.00103918 -0.00151413
0 -0.00053093 -0.00124097 -0.00179507
0 -0.000595928 -0.00139172 -0.00200742
0 -0.000631975 -0.00148226 -0.00214273
0 -0.000638444 -0.00150819 -0.00219281
0 -0.000618052 -0.00147013 -0.00215152
0 -0.000574163 -0.00137171 -0.00201684
0 -0.000509437 -0.00121786 -0.00179311
0 -0.000425738 -0.00101478 -0.00149134
0 -0.000324971 -0.000770669 -0.00112764
0 -0.000210378 -0.000496098 -0.000721549
0 -8.60485e-05 -0.000202854 -0.000292751
0 4.35175e-05 9.73147e-05 0.000141138
0 0.00017287 0.000392927 0.000564754
0 0.000294658 0.000671399 0.000963356
0 0.000400492 0.00091862 0.0013213
0 0.000484391 0.00112165 0.00162277
0 0.000543691 0.00127099 0.001852
0 0.000577784 0.00136095 0.00199427
0 0.000587414 0.00138882 0.00203974
0 0.000573637 0.00135429 0.00198655
0 0.000537012 0.00126004 0.00184134
0 0.000477968 0.0011121 0.00161718
0 0.00039841 0.000919627 0.00133057
0 0.000302902 0.000694135 0.000999434
0 0.000197443 0.000447906 0.00064122
0 8.78141e-05 0.000193028 0.000271815
0 -2.10684e-05 -5.9549e-05 -9.43629e-05
0 -0.000125271 -0.000300944 -0.000444279
0 -0.000220627 -0.000522751 -0.000765416
0 -0.000302347 -0.000715491 -0.00104519
0 -0.000366325 -0.000869578 -0.00127149
0 -0.000409903 -0.000977236 -0.00143347
0 -0.000432268 -0.00103439 -0.00152301
0 -0.000433996 -0.00104067 -0.001536
0 -0.000416004 -0.000997683 -0.00147262
0 -0.000379253 -0.000908055 -0.00133759
0 -0.000324539 -0.000775314 -0.00113921
0 -0.000252772 -0.000604339 -0.000887821
0 -0.000165784 -0.000401619 -0.000594371
0 -6.68488e-05 -0.000174854 -0.000269624
0 3.93745e-05 6.7234e-05 7.56304e-05
0 0.000146935 0.000314155 0.000429392
0 0.000249385 0.000553763 0.000777801
0 0.000341191 0.000774014 0.00110515
0 0.000418434 0.000964337 0.00139406
0 0.000478694 0.00111589 0.00162699
0 0.000519835 0.00122074 0.00178798
0 0.000539617 0.00127179 0.00186499
0 0.000536563 0.00126447 0.00185272
0 0.000509733 0.00119795 0.00175275
0 0.000458474 0.0010748 0.00157134
0 0.000383525 0.0009001 0.0013173
0 0.00028744 0.000680153 0.00100055
0 0.000173542 0.000421481 0.000630937
0 4.53541e-05 0.000131373 0.000218073
0 -9.27833e-05 -0.000181703 -0.00022771
0 -0.000235198 -0.000507983 -0.000694407
0 -0.000375524 -0.00083587 -0.00116786
0 -0.000507849 -0.00115222 -0.00163124
0 -0.000627255 -0.00144365 -0.00206444
0 -0.000729629 -0.00169761 -0.00244454
0 -0.000811455 -0.00190219 -0.00274898
0 -0.000869891 -0.00204628 -0.00295968
0 -0.000902149 -0.00212149 -0.00306548
0 -0.000904646 -0.00212294 -0.00306231
0 -0.000873903 -0.00204835 -0.00295163
0 -0.000808515 -0.00189765 -0.00273803
0 -0.000709664 -0.00167337 -0.00242637
0 -0.0005801 -0.00138048 -0.00202063
0 -0.000424318 -0.00102722 -0.00152653
0 -0.000248911 -0.000625488 -0.000955168
0 -6.09945e-05 -0.000189401 -0.000324344
0 0.000132807 0.000265525 0.000342245
0 0.000326376 0.000723037 0.00101733
0 0.000514118 0.00116761 0.00167299
0 0.000689568 0.0015836 0.00228094
0 0.000845526 0.0019533 0.00281299
0 0.000976145 0.00225847 0.00324547
0 0.00107518 0.00248352 0.00356105
0 0.00113489 0.00261716 0.00374757
0 0.00115025 0.00265343 0.00379881
0 0.00112123 0.00259129 0.00371429
0 0.00105088 0.00243417 0.0034977
0 0.000943231 0.00218972 0.00315646
0 0.000803209 0.00186871 0.00270314
0 0.000638186 0.00148581 0.00215714
0 0.000457009 0.00106001 0.00154307
0 0.000267031 0.000611572 0.000887685
0 7.40496e-05 0.000157956 0.000218534
0 -0.00011609 -0.000287155 -0.000436898
0 -0.00029747 -0.000711129 -0.00105311
0 -0.000464517 -0.00109985 -0.00160916
0 -0.000611381 -0.00143895 -0.0020894
0 -0.000731804 -0.0017167 -0.00248184
0 -0.00082096 -0.00192488 -0.00277727
0 -0.00087775 -0.00205935 -0.00297005
0 -0.000904291 -0.00212081 -0.00305869
0 -0.000903137 -0.00211363 -0.00304593
0 -0.000876379 -0.00204407 -0.00293957
0 -0.000826558 -0.00191943 -0.00275251
0 -0.000756703 -0.00174814 -0.00250022
0 -0.000670513 -0.00154037 -0.00219868
0 -0.000572778 -0.00130802 -0.00186366
0 -0.000469362 -0.00106386 -0.00151061
0 -0.000366926 -0.000820762 -0.00115541
0 -0.000270789 -0.000589868 -0.000814028
0 -0.000183438 -0.000379338 -0.000500759
0 -0.000105253 -0.000194135 -0.000226881
0 -3.62071e-05 -3.65895e-05 1.25957e-07
0 2.27575e-05 9.18341e-05 0.000176905
0 7.07155e-05 0.000190694 0.000305348
0 0.000107191 0.000261167 0.000391669
0 0.000130715 0.000304576 0.000442469
0 0.000140086 0.000322127 0.000462857
0 0.000136802 0.000316288 0.000456772
0 0.000124055 0.000290805 0.000426519
0 0.000105291 0.000250367 0.00037366
0 8.37917e-05 0.000200098 0.000301186
0 6.25093e-05 0.000145219 0.000215207
0 4.39286e-05 9.1458e-05 0.000125422
0 2.92873e-05 4.45799e-05 4.33817e-05
0 1.94148e-05 1.02543e-05 -1.90919e-05
0 1.55026e-05 -6.44681e-06 -5.17519e-05
0 1.88553e-05 -1.80352e-06 -4.7925e-05
0 3.13516e-05 2.71697e-05 -4.48553e-06
0 5.49208e-05 8.26291e-05 7.86073e-05
0 9.05754e-05 0.00016515 0.000199076
0 0.000138099 0.000273342 0.000353531
0 0.000196031 0.000403936 0.000538179
0 0.000261524 0.000552043 0.000748483
0 0.000329942 0.00071051 0.000977297
0 0.000396078 0.00087001 0.00121367
0 0.000456331 0.00102097 0.00144374
0 0.000508552 0.00115477 0.0016519
0 0.000550821 0.00126377 0.00182204
0 0.000581425 0.00134159 0.00194057
0 0.00059877 0.00138298 0.00199914
0 0.000600846 0.00138407 0.00199528
0 0.000585249 0.00134305 0.00193085
0 0.000550385 0.00126036 0.00181002
0 0.000497171 0.00113912 0.00163816
0 0.000428713 0.000984664 0.00142078
0 0.000348545 0.000803058 0.0011632
0 0.000260068 0.000600486 0.000872181
0 0.000166677 0.000383702 0.000557061
0 7.14547e-05 0.000160215 0.000229499
0 -2.28897e-05 -6.21622e-05 -9.73923e-05
0 -0.000114089 -0.000276212 -0.000410714
0 -0.000200196 -0.000475823 -0.000699611
0 -0.000278379 -0.000654995 -0.000955322
0 -0.00034488 -0.000807212 -0.00117068
0 -0.000396175 -0.000926095 -0.00133978
0 -0.000429942 -0.00100665 -0.00145766
0 -0.000445878 -0.00104692 -0.00152072
0 -0.000445058 -0.0010478 -0.00152684
0 -0.000429424 -0.00101202 -0.00147653
0 -0.00040191 -0.000944225 -0.00137475
0 -0.00036511 -0.000850362 -0.0012306
0 -0.000320688 -0.000736967 -0.00105599
0 -0.000270353 -0.000611103 -0.000864286
0 -0.000216354 -0.000479906 -0.000668256
0 -0.000161256 -0.000349937 -0.000478378
0 -0.000108047 -0.000227271 -0.00030273
0 -6.05352e-05 -0.000118379 -0.000148228
0 -2.26271e-05 -2.99545e-05 -2.1356e-05
0 3.43929e-06 3.30876e-05 7.25093e-05
0 1.77204e-05 6.91653e-05 0.000129725
0 2.12389e-05 7.91515e-05 0.000148179
0 1.46973e-05 6.43562e-05 0.000127258
0 -1.21812e-06 2.60165e-05 6.87791e-05
0 -2.58925e-05 -3.43835e-05 -2.31178e-05
0 -5.89598e-05 -0.000114563 -0.000142913
0 -9.91605e-05 -0.000210381 -0.000283689
0 -0.000144512 -0.000316758 -0.000438253
0 -0.000193134 -0.000429254 -0.00060051
0 -0.000243419 -0.000544481 -0.000765724
0 -0.000293984 -0.000659862 -0.000930286
0 -0.000342718 -0.000772025 -0.00109024
0 -0.000386286 -0.000875331 -0.00123963
0 -0.000421283 -0.000962641 -0.00137038
0 -0.000445487 -0.00102743 -0.00147315
0 -0.00045766 -0.0010648 -0.0015382
0 -0.000457001 -0.00107119 -0.00155668
0 -0.000443537 -0.00104455 -0.00152298
0 -0.000417766 -0.000984569 -0.00143599
0 -0.00037929 -0.000891849 -0.00129817
0 -0.000327324 -0.000767835 -0.00111474
0 -0.000262396 -0.000615657 -0.000893083
0 -0.000186619 -0.000440506 -0.000641521
0 -0.000103118 -0.000249078 -0.000368335
0 -1.51838e-05 -4.82263e-05 -8.15116e-05
0 7.44719e-05 0.000156188 0.000211396
0 0.000163462 0.000359115 0.000503013
0 0.000249266 0.000555601 0.000785971
0 0.000329305 0.000740394 0.00105285
0 0.000401918 0.000908809 0.00129681
0 0.000466243 0.00105745 0.00151208
0 0.000521088 0.00118358 0.00169377
0 0.000565689 0.0012854 0.00183873
0 0.00060016 0.00136242 0.00194603
0 0.000624207 0.00141439 0.00201612
0 0.000636204 0.00143988 0.00204921
0 0.000634122 0.0014364 0.00204453
0 0.000617386 0.0014023 0.00200065
0 0.000586795 0.00133757 0.00191566
0 0.000543449 0.00124322 0.00178771
0 0.000488771 0.00112105 0.0016167
0 0.000424483 0.000973789 0.00140533
0 0.0003518 0.000804606 0.00115884
0 0.00027069 0.000616108 0.000883733
0 0.000180749 0.000410306 0.000586383
0 8.28743e-05 0.000189985 0.000272759
0 -2.01231e-05 -4.0236e-05 -5.1207e-05
0 -0.000123825 -0.000273475 -0.000378928
0 -0.000223148 -0.000501006 -0.000702482
0 -0.000313201 -0.000713296 -0.00101168
0 -0.000390382 -0.000901593 -0.00129374
0 -0.000453757 -0.0010598 -0.00153521
0 -0.000504497 -0.00118491 -0.00172511
0 -0.000543518 -0.00127578 -0.00185668
0 -0.000570436 -0.00133193 -0.00192867
0 -0.000584226 -0.00135349 -0.00194575
0 -0.000583873 -0.00134185 -0.00191648
0 -0.000568779 -0.00129997 -0.00184982
0 -0.000539627 -0.00123179 -0.00175249
0 -0.000499159 -0.0011419 -0.00162866
0 -0.000450925 -0.00103461 -0.00148064
0 -0.000396971 -0.000912748 -0.00130945
0 -0.000337635 -0.000777397 -0.0011161
0 -0.000273003 -0.00062917 -0.000903022
0 -0.00020322 -0.000469188 -0.000673624
0 -0.0001284 -0.000299114 -0.000431323
0 -4.90501e-05 -0.000120896 -0.000179266
0 3.31154e-05 6.25524e-05 7.89345e-05
0 0.000115074 0.000246624 0.000338559
0 0.000193319 0.000425224 0.000593614
0 0.000263969 0.000590939 0.000835769
0 0.00032368 0.000736242 0.00105421
0 0.000370942 0.000855042 0.00123714
0 0.000406164 0.000943695 0.00137437
0 0.000430796 0.0010015 0.00146024
0 0.000445543 0.00102959 0.00149456
0 0.000449557 0.00102918 0.00148175
0 0.00044184 0.00100173 0.0014297
0 0.000422479 0.000950109 0.00134759
0 0.000392683 0.000878789 0.00124334
0 0.000355007 0.000793339 0.001123
0 0.000312507 0.000698712 0.000990735
0 0.000267155 0.000597704 0.000848587
0 0.000220014 0.000491747 0.000697923
0 0.000171967 0.000382333 0.00054089
0 0.000123559 0.000271209 0.000380418
0 7.5134e-05 0.000160129 0.00021991
0 2.76877e-05 5.14954e-05 6.35528e-05
0 -1.74821e-05 -5.18055e-05 -8.43795e-05
0 -5.97256e-05 -0.000147634 -0.000220834
0 -9.84242e-05 -0.000234472 -0.00034366
0 -0.000133083 -0.000311521 -0.000451741
0 -0.000163921 -0.000379132 -0.000545516
0 -0.00019058 -0.000437324 -0.000625537
0 -0.000211617 -0.000484597 -0.000691243
0 -0.000225874 -0.000518832 -0.000741229
0 -0.000233295 -0.000538799 -0.000773694
0 -0.000234654 -0.000544761 -0.000786869
0 -0.000231028 -0.000537933 -0.000779689
0 -0.000223449 -0.000519749 -0.000752628
0 -0.000212953 -0.000492028 -0.000708492
0 -0.000200265 -0.000457142 -0.000652046
0 -0.000185709 -0.000417808 -0.000588986
0 -0.000169615 -0.000376659 -0.000524902
0 -0.000152445 -0.000335692 -0.000464092
0 -0.00013526 -0.000296835 -0.000409482
0 -0.000119695 -0.000262459 -0.000362955
0 -0.000107346 -0.000235012 -0.000325683
0 -9.92547e-05 -0.000216248 -0.000298595
0 -9.57543e-05 -0.000206816 -0.000282732
0 -9.65629e-05 -0.000206523 -0.00027923
0 -0.000100456 -0.000214163 -0.000288257
0 -0.000105294 -0.000227045 -0.000307822
0 -0.000108864 -0.000241122 -0.000333396
0 -0.000109684 -0.000251919 -0.00035837
0 -0.00010713 -0.000255631 -0.000375071
0 -0.000100847 -0.000249335 -0.000375933
0 -9.05976e-05 -0.000230928 -0.000355166
0 -7.672e-05 -0.000199753 -0.000310662
0 -5.9102e-05 -0.000155992 -0.000243573
0 -3.67573e-05 -0.000100046 -0.000157093
0 -9.21282e-06 -3.31558e-05 -5.60273e-05
0 2.30273e-05 4.24438e-05 5.44428e-05
0 5.86907e-05 0.000123661 0.000169832
0 9.5719e-05 0.000206705 0.000286351
0 0.0001312 0.000287081 0.000400038
0 0.000161973 0.000359698 0.00050592
0 0.000185443 0.000419263 0.000597544
0 0.000200153 0.000461188 0.000667394
0 0.00020624 0.000482894 0.000708514
0 0.00020484 0.000484003 0.000716122
0 0.000196855 0.000465219 0.000688632
0 0.000182713 0.00042787 0.000628462
0 0.000162528 0.000374016 0.00054155
0 0.000135758 0.000305821 0.000434969
0 0.000101382 0.000224656 0.000314379
0 5.91972e-05 0.000131377 0.000183143
0 1.10597e-05 2.79898e-05 4.30871e-05
0 -3.98582e-05 -8.18941e-05 -0.000104854
0 -9.06772e-05 -0.00019427 -0.000259862
0 -0.000139324 -0.000305665 -0.000419685
0 -0.000184401 -0.000413169 -0.000579612
0 -0.000225014 -0.00051367 -0.000732538
0 -0.000260297 -0.000602992 -0.000869635
0 -0.000288947 -0.000675962 -0.000981564
0 -0.000309297 -0.000727456 -0.0010601
0 -0.000319236 -0.00075292 -0.00109884
0 -0.000316624 -0.000748619 -0.00109349
0 -0.000300703 -0.00071289 -0.00104283
0 -0.000272257 -0.000646922 -0.000948654
0 -0.000232289 -0.000553688 -0.000814466
0 -0.000181391 -0.00043612 -0.000644382
0 -0.000120468 -0.000296684 -0.000443207
0 -5.14407e-05 -0.000138775 -0.000216908
0 2.29243e-05 3.21078e-05 2.73392e-05
0 9.91766e-05 0.000208421 0.000280941
0 0.000173342 0.000381722 0.000533713
0 0.000241537 0.00054394 0.000774249
0 0.000300845 0.000687966 0.000990654
0 0.000349823 0.000808019 0.00117181
0 0.000387789 0.000899685 0.00130871
0 0.000413832 0.000959783 0.00139554
0 0.000426704 0.000986475 0.00143033
0 0.000425035 0.000978875 0.00141422
0 0.000408099 0.000937191 0.00135044
0 0.000376959 0.000864039 0.00124394
0 0.000334696 0.000765244 0.00110165
0 0.000285453 0.000648835 0.0009323
0 0.000232925 0.000522902 0.00074574
0 0.000179836 0.000394377 0.000552446
0 0.000127949 0.00026871 0.000362871
0 7.75898e-05 0.000149227 0.000185453
0 2.76631e-05 3.66065e-05 2.44396e-05
0 -2.23293e-05 -6.97042e-05 -0.000119873
0 -7.05063e-05 -0.00016913 -0.000249246
0 -0.000113702 -0.00025937 -0.000366133
0 -0.000149274 -0.000337382 -0.000472139
0 -0.000175823 -0.00040072 -0.00056632
0 -0.000193467 -0.000448368 -0.00064488
0 -0.000204294 -0.000481194 -0.000703188
0 -0.000211052 -0.000500928 -0.00073765
0 -0.000214933 -0.000508434 -0.00074663
0 -0.000215312 -0.0005035 -0.000731383
0 -0.000210436 -0.000485298 -0.000695479
0 -0.00019849 -0.000453203 -0.000643116
0 -0.000178894 -0.000407826 -0.000577773
0 -0.000152768 -0.000351221 -0.000501512
0 -0.000122611 -0.000286557 -0.000415432
0 -9.18913e-05 -0.000218206 -0.00032144
0 -6.40541e-05 -0.000151519 -0.000223786
0 -4.15957e-05 -9.20131e-05 -0.000129575
0 -2.56691e-05 -4.44032e-05 -4.80037e-05
0 -1.58671e-05 -1.16476e-05 1.18542e-05
0 -1.08854e-05 5.2379e-06 4.34371e-05
0 -9.58288e-06 6.77543e-06 4.44657e-05
0 -1.17315e-05 -5.70249e-06 1.73824e-05
0 -1.804e-05 -3.06287e-05 -3.1626e-05
0 -2.94744e-05 -6.62595e-05 -9.46046e-05
0 -4.62461e-05 -0.000110178 -0.000163882
0 -6.70192e-05 -0.000158718 -0.0002333
0 -8.96071e-05 -0.000207898 -0.000299299
0 -0.000112067 -0.000254944 -0.000361094
0 -0.00013257 -0.000298196 -0.000418957
0 -0.000149457 -0.000336275 -0.000472546
0 -0.000162011 -0.000367845 -0.00052043
0 -0.000170651 -0.000391964 -0.000560249
0 -0.000176093 -0.000408214 -0.000589036
0 -0.000178395 -0.000416038 -0.000603651
0 -0.000177011 -0.000414213 -0.000601638
0 -0.000171148 -0.000401036 -0.000581719
0 -0.000159679 -0.000374725 -0.000543272
0 -0.000141526 -0.000334065 -0.000485918
0 -0.000116599 -0.000279104 -0.000409794
0 -8.55673e-05 -0.000210798 -0.000315347
0 -4.92563e-05 -0.000130412 -0.000203237
0 -8.60747e-06 -3.93978e-05 -7.47601e-05
0 3.5702e-05 6.08654e-05 6.81906e-05
0 8.29302e-05 0.000168545 0.000222707
0 0.000131642 0.000280665 0.000384427
0 0.000180283 0.000393595 0.000548257
0 0.000227408 0.000503541 0.000708765
0 0.000271669 0.00060706 0.000860473
0 0.000311695 0.000700955 0.000997968
0 0.000345523 0.000781182 0.00111539
0 0.000371468 0.000843578 0.00120728
0 0.00038852 0.000884995 0.00126933
0 0.000395636 0.000903188 0.00129797
0 0.000392303 0.000897134 0.00129105
0 0.000378968 0.000867166 0.00124848
0 0.000356546 0.000814764 0.00117219
0 0.000325374 0.000741582 0.00106511
0 0.000285198 0.000648815 0.000930358
0 0.000236234 0.000537756 0.000771204
0 0.000178993 0.00040973 0.000590102
0 0.00011418 0.000266151 0.000388655
0 4.29106e-05 0.000108695 0.000168298
0 -3.32047e-05 -6.0451e-05 -6.89942e-05
0 -0.000112158 -0.000238198 -0.000320077
0 -0.000191445 -0.000419987 -0.00057986
0 -0.000267846 -0.000599374 -0.000840523
0 -0.000338128 -0.000768827 -0.00109159
0 -0.000400323 -0.00092159 -0.00132134
0 -0.000453921 -0.00105288 -0.00151895
0 -0.000498736 -0.00115957 -0.00167621
0 -0.000534241 -0.00123985 -0.00178897
0 -0.000558793 -0.00129187 -0.00185656
0 -0.000569882 -0.0013132 -0.00188017
0 -0.000565855 -0.00130223 -0.00186184
0 -0.000546949 -0.00125972 -0.00180367
0 -0.000515275 -0.00118906 -0.00170761
0 -0.000473994 -0.00109519 -0.00157622
0 -0.000426132 -0.0009831 -0.00141382
0 -0.000373754 -0.000857197 -0.00122706
0 -0.000317492 -0.000721043 -0.00102401
0 -0.000257188 -0.000577625 -0.000812579
0 -0.000193766 -0.000430628 -0.00060011
0 -0.000129282 -0.000284262 -0.000392495
0 -6.56147e-05 -0.000142017 -0.000193312
0 -4.43867e-06 -6.6491e-06 -4.63631e-06
0 5.26821e-05 0.000119704 0.000172077
0 0.000104723 0.000235662 0.000335658
0 0.000151087 0.000340212 0.000484692
0 0.000191251 0.00043211 0.0006171
0 0.000224272 0.000509213 0.000729641
0 0.000248542 0.000568172 0.000817593
0 0.000262611 0.000605242 0.000875626
0 0.000266068 0.000617811 0.000899182
0 0.000259438 0.000605373 0.000885477
0 0.000243691 0.000569285 0.000834282
0 0.00022011 0.000512215 0.000748611
0 0.00019006 0.000437706 0.000634568
0 0.000154307 0.000349395 0.000499814
0 0.000112985 0.000250378 0.000351734
0 6.67626e-05 0.000143639 0.000196767
0 1.75296e-05 3.28091e-05 4.02386e-05
0 -3.20396e-05 -7.77347e-05 -0.000113716
0 -7.90981e-05 -0.00018337 -0.000261598
0 -0.000121123 -0.000279824 -0.000399652
0 -0.000155576 -0.000362597 -0.000522389
0 -0.000180025 -0.000426471 -0.000622078
0 -0.000193148 -0.000466418 -0.000690047
0 -0.000194299 -0.000478178 -0.000717654
0 -0.000182343 -0.000457967 -0.000696948
0 -0.000156417 -0.00040315 -0.000622802
0 -0.000116693 -0.000313244 -0.000494514
0 -6.38994e-05 -0.000190174 -0.000315577
0 6.23246e-07 -3.82801e-05 -9.31564e-05
0 7.46967e-05 0.000136175 0.000162731
0 0.000155199 0.000325449 0.000440146
0 0.000238635 0.000521275 0.00072678
0 0.000321437 0.000715469 0.00101076
0 0.000400483 0.00090065 0.00128109
0 0.000473447 0.00107083 0.00152844
0 0.000537653 0.00122025 0.00174455
0 0.0005902 0.00134317 0.00192182
0 0.000628687 0.00143437 0.00205353
0 0.000651186 0.00148914 0.00213384
0 0.000656444 0.00150416 0.00215834
0 0.000644547 0.00147879 0.00212503
0 0.000616781 0.00141498 0.00203503
0 0.000574237 0.00131559 0.00189181
0 0.000517619 0.00118355 0.00170064
0 0.000447925 0.00102231 0.00146788
0 0.000366158 0.000835329 0.00119941
0 0.000273577 0.000625894 0.000900628
0 0.000172003 0.000397542 0.000576655
0 6.3448e-05 0.000154184 0.000232277
0 -4.96491e-05 -9.97543e-05 -0.00012721
0 -0.000164206 -0.0003591 -0.0004954
0 -0.000276722 -0.00061743 -0.000864605
0 -0.000383453 -0.000866903 -0.00122526
0 -0.000480566 -0.00109863 -0.00156521
0 -0.000564947 -0.00130391 -0.00187044
0 -0.000634687 -0.00147548 -0.00212676
0 -0.000688521 -0.00160739 -0.00232159
0 -0.000724982 -0.00169431 -0.00244599
0 -0.000741917 -0.00173175 -0.00249568
0 -0.000737536 -0.00171772 -0.00247112
0 -0.000711844 -0.00165405 -0.00237695
0 -0.000666747 -0.00154587 -0.00222064
0 -0.000605416 -0.00140037 -0.00201142
0 -0.000531437 -0.00122562 -0.00175939
0 -0.000448471 -0.00102984 -0.0014752
0 -0.000359822 -0.000820676 -0.00116989
0 -0.000267281 -0.000603713 -0.000853603
0 -0.000171869 -0.000383142 -0.000534975
0 -7.54208e-05 -0.000163505 -0.000221588
0 1.96657e-05 5.04082e-05 8.03623e-05
0 0.000110804 0.00025382 0.000366074
0 0.000194926 0.000441782 0.000631186
0 0.000268671 0.000609311 0.000870773
0 0.000329589 0.000751919 0.00107897
0 0.000376891 0.000865989 0.00124919
0 0.000410429 0.000948439 0.00137445
0 0.00042992 0.000996849 0.0014487
0 0.000435258 0.00101004 0.00146863
0 0.000426678 0.000988249 0.0014346
0 0.00040476 0.000933371 0.00135055
0 0.000370488 0.000849076 0.0012233
0 0.000325269 0.000740285 0.00106143
0 0.000271069 0.000612507 0.000873985
0 0.000210336 0.000471485 0.000669476
0 0.000145001 0.000322022 0.000454597
0 7.64459e-05 0.000167468 0.000234198
0 6.58874e-06 1.09168e-05 1.26179e-05
0 -6.22031e-05 -0.000143914 -0.00020584
0 -0.000127551 -0.000292579 -0.000416673
0 -0.000187193 -0.000430337 -0.000614746
0 -0.000239137 -0.000552732 -0.00079405
0 -0.000281746 -0.000655677 -0.000947646
0 -0.000313984 -0.000735503 -0.00106838
0 -0.000335653 -0.00078954 -0.00115036
0 -0.000346885 -0.00081641 -0.00119012
0 -0.000347677 -0.000816039 -0.0011872
0 -0.000337948 -0.000789458 -0.00114412
0 -0.000317448 -0.000738076 -0.00106518
0 -0.000286186 -0.000663633 -0.000955273
0 -0.0002452 -0.00056892 -0.00081934
0 -0.000196537 -0.000457924 -0.000662074
0 -0.000142878 -0.000335491 -0.000488273
0 -8.72206e-05 -0.000207007 -0.000303656
0 -3.20389e-05 -7.76581e-05 -0.000114961
0 2.12176e-05 4.82382e-05 7.06045e-05
0 7.15109e-05 0.0001669 0.000245676
0 0.000117661 0.000274686 0.000403327
0 0.000158483 0.000368406 0.000538238
0 0.000192844 0.000445527 0.000647192
0 0.00021939 0.000503986 0.000728481
0 0.000236712 0.00054211 0.00078122
0 0.000244076 0.000558951 0.00080511
0 0.000241894 0.000554833 0.000800529
0 0.000231324 0.00053134 0.000768447
0 0.000213613 0.000490716 0.00071049
0 0.000190007 0.000435439 0.000629475
0 0.000161755 0.000368208 0.000529596
0 0.000129878 0.000291927 0.000415967
0 9.50226e-05 0.000209348 0.00029386
0 5.79695e-05 0.000123171 0.000168301
0 2.01177e-05 3.64871e-05 4.39986e-05
0 -1.68321e-05 -4.74192e-05 -7.506e-05
0 -5.12833e-05 -0.000125543 -0.00018573
0 -8.20448e-05 -0.000195556 -0.00028551
0 -0.000108345 -0.000255824 -0.000372226
0 -0.000129509 -0.000304973 -0.00044365
0 -0.000145062 -0.000341798 -0.000497675
0 -0.000154914 -0.000365468 -0.00053272
0 -0.00015913 -0.000375589 -0.000547867
0 -0.00015765 -0.00037206 -0.000542779
0 -0.00015036 -0.000355005 -0.000517764
0 -0.000137403 -0.000324907 -0.000473913
0 -0.000119243 -0.000282772 -0.000413001
0 -9.64879e-05 -0.000230125 -0.000337245
0 -6.98808e-05 -0.000168888 -0.000249223
0 -4.04994e-05 -0.000101331 -0.000152006
0 -9.61916e-06 -2.99659e-05 -4.90745e-05
0 2.15325e-05 4.24829e-05 5.58343e-05
0 5.18717e-05 0.000113237 0.000158818
0 8.03832e-05 0.000179724 0.000255948
0 0.000106008 0.000239592 0.000343417
0 0.000127754 0.000290617 0.000417818
0 0.000144791 0.000330683 0.000476288
0 0.000156375 0.000358009 0.000516495
0 0.000161953 0.00037148 0.00053679
0 0.000161383 0.000370741 0.000536401
0 0.000154799 0.000355944 0.000515363
0 0.000142519 0.000327683 0.000474501
0 0.000125 0.000287029 0.000415431
0 0.000102735 0.000235397 0.000340388
0 7.63748e-05 0.000174506 0.00025212
0 4.68008e-05 0.000106371 0.000153754
0 1.50634e-05 3.33542e-05 4.86827e-05
0 -1.763e-05 -4.18609e-05 -5.95089e-05
0 -4.9963e-05 -0.000116507 -0.000167125
0 -8.0694e-05 -0.00018791 -0.00027046
0 -0.000108817 -0.000253592 -0.000365926
0 -0.000133471 -0.000311322 -0.000450131
0 -0.000153852 -0.000359192 -0.000520046
0 -0.000169371 -0.000395743 -0.000573326
0 -0.000179708 -0.000419953 -0.000608443
0 -0.000184616 -0.000431184 -0.000624561
0 -0.000183904 -0.000429251 -0.000621507
0 -0.000177598 -0.00041445 -0.000599823
0 -0.000165998 -0.00038749 -0.000560681
0 -0.000149595 -0.000349444 -0.000505711
0 -0.000129024 -0.000301751 -0.000436945
0 -0.000105045 -0.000246189 -0.000356817
0 -7.84938e-05 -0.000184756 -0.000268117
0 -5.02425e-05 -0.000119518 -0.000173874
0 -2.122e-05 -5.25416e-05 -7.72311e-05
0 7.59869e-06 1.40398e-05 1.86773e-05
0 3.52977e-05 7.80112e-05 0.000110825
0 6.10691e-05 0.000137252 0.000196349
0 8.40612e-05 0.00018995 0.000272558
0 0.000103406 0.000234566 0.000337038
0 0.000118484 0.000269708 0.000387849
0 0.000128978 0.000294242 0.000423562
0 0.000134681 0.000307513 0.00044319
0 0.000135453 0.000309387 0.000446229
0 0.000131365 0.000300092 0.000432808
0 0.000122718 0.000280129 0.000403722
0 0.000109921 0.000250334 0.000360341
0 9.34166e-05 0.000211908 0.000304491
0 7.37438e-05 0.000166325 0.000238364
0 5.16001e-05 0.000115218 0.000164428
0 2.77765e-05 6.03644e-05 8.53112e-05
0 3.09355e-06 3.6629e-06 3.69456e-06
0 -2.15485e-05 -5.29589e-05 -7.77573e-05
0 -4.52051e-05 -0.000107613 -0.000156444
0 -6.70874e-05 -0.000158475 -0.00022988
0 -8.66196e-05 -0.000203885 -0.000295736
0 -0.00010327 -0.000242494 -0.000351885
0 -0.00011652 -0.000273249 -0.000396519
0 -0.000125996 -0.000295304 -0.000428328
0 -0.000131497 -0.000308039 -0.000446549
0 -0.000132916 -0.000311171 -0.000450924
0 -0.00013023 -0.000304792 -0.000441628
0 -0.000123572 -0.00028933 -0.000419265
0 -0.000113272 -0.000265503 -0.000384863
0 -9.97903e-05 -0.0002343 -0.000339824
0 -8.36574e-05 -0.000196938 -0.000285865
0 -6.54627e-05 -0.000154803 -0.000224965
0 -4.58496e-05 -0.000109389 -0.000159315
0 -2.5495e-05 -6.22667e-05 -9.12325e-05
0 -5.10078e-06 -1.50526e-05 -2.30578e-05
0 1.46548e-05 3.06547e-05 4.29417e-05
0 3.31448e-05 7.33441e-05 0.000104635
0 4.97757e-05 0.000111658 0.000160043
0 6.40165e-05 0.000144428 0.000207404
0 7.54229e-05 0.000170692 0.000245288
0 8.36624e-05 0.000189701 0.00027266
0 8.85286e-05 0.000200943 0.000288864
0 8.99261e-05 0.000204184 0.000293601
0 8.78758e-05 0.000199487 0.000286916
0 8.25264e-05 0.000187197 0.000269232
0 7.41553e-05 0.0001679 0.000241354
0 6.31316e-05 0.000142395 0.000204432
0 4.98625e-05 0.000111656 0.000159906
0 3.47886e-05 7.68103e-05 0.000109449
0 1.84236e-05 3.90891e-05 5.49028e-05
0 1.36806e-06 -2.12158e-07 -1.80524e-06
0 -1.57534e-05 -3.97365e-05 -5.87563e-05
0 -3.23561e-05 -7.81149e-05 -0.000114086
0 -4.78858e-05 -0.000114064 -0.000166009
0 -6.1822e-05 -0.000146414 -0.000212832
0 -7.37286e-05 -0.000174122 -0.000253014
