0 0.00188795 0.00321407 0.00414356
0 0.00188887 0.00321617 0.0041465
0 0.00188988 0.00321867 0.00415007
0 0.00189101 0.00322155 0.00415426
0 0.00189227 0.00322477 0.00415902
0 0.0018937 0.0032283 0.00416431
0 0.0018953 0.00323214 0.00417008
0 0.00189708 0.00323627 0.00417625
0 0.00189901 0.00324069 0.00418278
0 0.00190109 0.00324539 0.00418958
0 0.00190328 0.00325037 0.00419661
0 0.00190559 0.00325557 0.00420383
0 0.001908 0.00326098 0.0042112
0 0.0019105 0.00326652 0.00421868
0 0.00191307 0.00327215 0.00422627
0 0.00191569 0.00327784 0.00423393
0 0.00191832 0.00328353 0.00424165
0 0.00192094 0.00328919 0.00424938
0 0.0019235 0.00329479 0.00425708
0 0.00192594 0.00330026 0.00426469
0 0.00192826 0.00330556 0.00427216
0 0.00193042 0.00331065 0.00427942
0 0.00193244 0.00331547 0.00428643
0 0.00193431 0.00332 0.0042931
0 0.00193605 0.00332422 0.00429941
0 0.00193772 0.00332816 0.00430532
0 0.00193936 0.00333189 0.00431085
0 0.00194101 0.00333547 0.004316
0 0.00194265 0.00333891 0.00432075
0 0.00194419 0.00334214 0.00432502
0 0.00194556 0.0033451 0.00432877
0 0.00194675 0.00334773 0.004332
0 0.0019478 0.00335002 0.00433477
0 0.00194876 0.00335197 0.00433713
0 0.00194957 0.00335355 0.00433909
0 0.00195017 0.00335468 0.00434057
0 0.00195045 0.00335531 0.00434151
0 0.00195043 0.00335544 0.0043419
0 0.00195015 0.00335511 0.00434176
0 0.00194967 0.00335435 0.0043411
0 0.00194893 0.0033531 0.00433982
0 0.00194784 0.00335124 0.00433776
0 0.00194639 0.00334869 0.00433484
0 0.00194465 0.0033455 0.00433107
0 0.0019427 0.00334168 0.00432641
0 0.00194042 0.00333712 0.00432072
0 0.00193771 0.00333168 0.00431381
0 0.00193467 0.00332546 0.00430575
0 0.00193172 0.00331887 0.0042969
0 0.00192929 0.00331247 0.0042878
0 0.00192773 0.00330685 0.00427894
0 0.00192718 0.00330251 0.00427082
0 0.00192763 0.00329983 0.00426388
0 0.00192899 0.00329904 0.00425857
0 0.00193114 0.00330024 0.00425533
0 0.00193408 0.00330352 0.00425474
0 0.00193783 0.00330889 0.00425734
0 0.001942 0.00331592 0.00426316
0 0.00194557 0.00332347 0.00427147
0 0.00194742 0.00333008 0.00428108
0 0.001947 0.00333461 0.00429098
0 0.00194441 0.00333647 0.00430041
0 0.00194013 0.00333544 0.0043087
0 0.00193463 0.0033316 0.00431501
0 0.00192833 0.00332519 0.00431842
0 0.00192158 0.00331665 0.00431807
0 0.0019148 0.00330656 0.00431334
0 0.00190847 0.00329558 0.00430397
0 0.0019029 0.00328414 0.00428991
0 0.00189797 0.00327215 0.00427107
0 0.0018931 0.00325894 0.00424724
0 0.00188758 0.00324357 0.00421833
0 0.00188104 0.0032254 0.00418477
0 0.0018734 0.00320413 0.00414731
0 0.00186446 0.00317959 0.00410665
0 0.0018544 0.00315226 0.00406382
0 0.00184463 0.00312419 0.00402109
0 0.00183772 0.00309913 0.00398207
0 0.00183592 0.00308111 0.00395044
0 0.00183909 0.00307216 0.00392792
0 0.00184425 0.00307101 0.00391348
0 0.00184774 0.00307436 0.00390499
0 0.00184865 0.00308004 0.00390222
0 0.00185008 0.00308899 0.00390821
0 0.0018563 0.00310397 0.003927
0 0.00186833 0.00312602 0.0039596
0 0.00188224 0.00315252 0.0040022
0 0.00189209 0.0031786 0.00404844
0 0.00189439 0.00320036 0.00409329
0 0.00188986 0.00321631 0.00413462
0 0.00188148 0.00322634 0.00417174
0 0.0018723 0.00323089 0.00420391
0 0.00186556 0.00323198 0.00423107
0 0.00186544 0.00323459 0.00425527
0 0.00187581 0.00324529 0.00427983
0 0.00189663 0.00326796 0.00430605
0 0.00192163 0.00329983 0.00433033
0 0.00194123 0.00333225 0.00434592
0 0.00194911 0.00335601 0.0043483
0 0.00194599 0.00336608 0.00433854
0 0.00193715 0.00336178 0.00432133
0 0.00192719 0.00334455 0.00430055
0 0.00191754 0.00331664 0.00427727
0 0.00190765 0.00328175 0.00425104
0 0.00189736 0.0032454 0.00422203
0 0.00188784 0.00321392 0.00419186
0 0.00188131 0.00319273 0.00416338
0 0.0018806 0.00318555 0.00414029
0 0.00188906 0.00319497 0.00412749
0 0.00191051 0.00322372 0.00413141
0 0.00194822 0.00327511 0.00415935
0 0.00200231 0.00335111 0.00421696
0 0.00206701 0.00344913 0.0043048
0 0.00213213 0.00356147 0.00441849
0 0.00218942 0.00367972 0.0045534
0 0.00223755 0.00379939 0.00470883
0 0.00228018 0.0039195 0.00488626
0 0.00232032 0.00403909 0.0050845
0 0.0023576 0.00415567 0.00529756
0 0.00238981 0.00426647 0.00551649
0 0.00241569 0.00437012 0.00573227
0 0.00243651 0.00446715 0.0059378
0 0.00245637 0.00456006 0.00612886
0 0.00248076 0.00465237 0.00630375
0 0.00251337 0.00474625 0.00646104
0 0.00255348 0.00484021 0.0065974
0 0.00259721 0.00492997 0.00670871
0 0.0026418 0.00501237 0.00679402
0 0.00268746 0.00508728 0.00685693
0 0.00273411 0.00515492 0.00690224
0 0.00277856 0.00521324 0.00693263
0 0.00281722 0.00526027 0.00695064
0 0.00285048 0.00529823 0.0069624
0 0.00288238 0.00533351 0.0069772
0 0.00291635 0.00537282 0.00700338
0 0.00295345 0.00542107 0.00704654
0 0.00299494 0.00548336 0.00711202
0 0.00304483 0.00556697 0.00720737
0 0.00310807 0.00567971 0.00734098
0 0.0031863 0.00582569 0.00751788
0 0.00327603 0.00600303 0.0077378
0 0.00337138 0.00620569 0.00799707
0 0.00346774 0.00642667 0.0082916
0 0.00356295 0.00665966 0.00861766
0 0.00365581 0.00689875 0.00897046
0 0.00374344 0.00713657 0.00934149
0 0.00381905 0.00736208 0.0097162
0 0.00387268 0.00756031 0.0100742
0 0.00389599 0.00771592 0.0103934
0 0.00388922 0.00782026 0.0106574
0 0.00386461 0.00787692 0.0108603
0 0.00384046 0.00789949 0.0110037
0 0.00383008 0.0079031 0.0110897
0 0.0038361 0.00789774 0.0111165
0 0.00385457 0.0078887 0.0110828
0 0.00388296 0.00788084 0.0109948
0 0.00392341 0.00788029 0.0108684
0 0.0039785 0.00789155 0.0107241
0 0.0040453 0.00791363 0.0105798
0 0.00411519 0.00794105 0.0104482
0 0.00418016 0.00796994 0.0103417
0 0.00423825 0.00800305 0.0102756
0 0.00429199 0.00804816 0.0102656
0 0.00434102 0.00811053 0.0103201
0 0.00437696 0.0081859 0.0104342
0 0.00438656 0.00826065 0.0105911
0 0.00435978 0.00831761 0.0107694
0 0.00429487 0.00834162 0.0109478
0 0.0041975 0.00832173 0.0111061
0 0.00407643 0.00825105 0.0112232
0 0.00393921 0.0081258 0.0112755
0 0.00378981 0.00794433 0.011238
0 0.00362825 0.0077054 0.0110863
0 0.00345183 0.00740625 0.0107992
0 0.00325686 0.00704134 0.0103614
0 0.00304019 0.0066029 0.00976471
0 0.00280021 0.00608307 0.00900899
0 0.00253657 0.00547653 0.00810115
0 0.00224925 0.00478244 0.00705317
0 0.00193786 0.00400485 0.00588018
0 0.00160153 0.00315141 0.0045989
0 0.00123844 0.00223103 0.00322586
0 0.000845595 0.00125166 0.0017758
0 0.0004197 0.000220368 0.000261741
0 -3.87881e-05 -0.000853475 -0.00130187
0 -0.000520965 -0.00195494 -0.00289498
0 -0.00101021 -0.00306363 -0.00449192
0 -0.0014885 -0.00415706 -0.00606572
0 -0.00194239 -0.00521442 -0.00759235
0 -0.00236459 -0.0062181 -0.00905141
0 -0.00275163 -0.00715315 -0.0104235
0 -0.00310087 -0.00800631 -0.0116877
0 -0.00340923 -0.00876552 -0.0128219
0 -0.0036729 -0.00941952 -0.0138043
0 -0.00388703 -0.00995682 -0.0146139
0 -0.00404635 -0.0103658 -0.0152319
0 -0.00414945 -0.0106389 -0.0156464
0 -0.00420415 -0.0107799 -0.0158587
0 -0.0042266 -0.0108055 -0.0158845
0 -0.0042328 -0.0107393 -0.0157469
0 -0.00422814 -0.0106014 -0.0154674
0 -0.00420149 -0.0103974 -0.0150577
0 -0.00412895 -0.010116 -0.0145198
0 -0.00398616 -0.00973493 -0.013852
0 -0.00376101 -0.0092336 -0.0130584
0 -0.00346039 -0.00860556 -0.0121535
0 -0.00310703 -0.00786469 -0.0111613
0 -0.00272892 -0.00704234 -0.010108
0 -0.00234804 -0.00617799 -0.00901467
0 -0.00197311 -0.00530615 -0.0078913
0 -0.00160075 -0.00444741 -0.00673826
0 -0.00122499 -0.00360848 -0.00555394
0 -0.000846784 -0.00278823 -0.00434344
0 -0.000476328 -0.00198453 -0.00312156
0 -0.000128018 -0.0011984 -0.00190974
0 0.000187583 -0.000434457 -0.000729671
0 0.000470323 0.000302122 0.000402977
0 0.000731767 0.00100952 0.00148163
0 0.000989974 0.00169109 0.00250705
0 0.00126175 0.00235419 0.00348299
0 0.00155703 0.0030073 0.00441252
0 0.00187673 0.00365704 0.0052964
0 0.00221285 0.00430515 0.00613258
0 0.0025505 0.00494631 0.00691685
0 0.00287545 0.00557135 0.00764807
0 0.00318528 0.00617692 0.00833745
0 0.00349164 0.00677083 0.00901047
0 0.00380639 0.00736362 0.00969395
0 0.00412483 0.00795463 0.0103989
0 0.00442453 0.00852846 0.0111167
0 0.00468028 0.00906435 0.0118301
0 0.00488145 0.0095495 0.0125276
0 0.00503985 0.00998783 0.0132112
0 0.00518266 0.0103981 0.0138922
0 0.00533407 0.0108017 0.0145771
0 0.00549962 0.0112082 0.0152554
0 0.00566815 0.0116132 0.0159027
0 0.00582879 0.0120079 0.0164971
0 0.00598306 0.0123888 0.0170313
0 0.00614152 0.0127567 0.0175103
0 0.00631281 0.0131119 0.0179426
0 0.00649711 0.0134517 0.0183337
0 0.00668629 0.0137717 0.0186861
0 0.00686816 0.0140675 0.0190007
0 0.00703214 0.0143362 0.0192809
0 0.00717354 0.014578 0.0195338
0 0.00729301 0.014795 0.0197691
0 0.00739095 0.0149867 0.0199928
0 0.00746175 0.0151452 0.0202009
0 0.00749219 0.0152531 0.0203767
0 0.00746528 0.0152857 0.0204934
0 0.0073688 0.0152185 0.0205211
0 0.00720252 0.0150354 0.0204347
0 0.00697651 0.0147312 0.0202146
0 0.00670353 0.0143076 0.0198432
0 0.00639482 0.0137712 0.0193045
0 0.00606215 0.0131354 0.0185895
0 0.00571946 0.0124205 0.0177013
0 0.00537986 0.011649 0.0166536
0 0.00505034 0.0108388 0.0154659
0 0.00472784 0.00999708 0.0141583
0 0.00439994 0.00912002 0.0127489
0 0.00405184 0.00819828 0.0112566
0 0.00367505 0.00722662 0.00970412
0 0.00326988 0.00620841 0.00811812
0 0.00283933 0.00515147 0.00652331
0 0.00238165 0.0040618 0.00493563
0 0.00189114 0.00294273 0.00336182
0 0.00136776 0.00180042 0.00180708
0 0.000824609 0.000650076 0.000282698
0 0.000284949 -0.000483591 -0.00119388
0 -0.000227045 -0.00157166 -0.00260479
0 -0.000693146 -0.00258634 -0.00393612
0 -0.00110252 -0.00350417 -0.00517737
0 -0.0014511 -0.00430951 -0.00632002
0 -0.00174148 -0.00499824 -0.0073578
0 -0.00198119 -0.00557766 -0.00828609
0 -0.00217875 -0.00606182 -0.00909931
0 -0.00234142 -0.00646623 -0.00979019
0 -0.00247727 -0.00680584 -0.0103534
0 -0.00259834 -0.00709558 -0.0107915
0 -0.00271986 -0.00735013 -0.0111163
0 -0.00285476 -0.00758171 -0.0113459
0 -0.00300793 -0.00779777 -0.0115
0 -0.00317327 -0.00799912 -0.0115953
0 -0.00333297 -0.00817724 -0.011642
0 -0.00346055 -0.0083131 -0.0116415
0 -0.0035285 -0.00838062 -0.0115887
0 -0.00351602 -0.00835254 -0.0114752
0 -0.00341307 -0.00820577 -0.0112904
0 -0.00322226 -0.00792718 -0.0110238
0 -0.00295882 -0.00751922 -0.0106669
0 -0.00264652 -0.00700076 -0.0102142
0 -0.00231094 -0.00640235 -0.00966125
0 -0.00197499 -0.00575959 -0.009006
0 -0.00165555 -0.00510425 -0.00824888
0 -0.00135687 -0.00445162 -0.00738815
0 -0.00106611 -0.00379205 -0.00641462
0 -0.000761768 -0.00309799 -0.00531677
0 -0.000428233 -0.00234032 -0.00409199
0 -6.18728e-05 -0.00149981 -0.00275092
0 0.00033216 -0.000571315 -0.00131399
0 0.00074497 0.000435277 0.000192988
0 0.00116755 0.0014973 0.00174206
0 0.00159275 0.00258456 0.00330556
0 0.00201473 0.00366492 0.00485691
0 0.00242724 0.00470848 0.00637043
0 0.00282362 0.00569108 0.00782129
0 0.00319758 0.00659656 0.00918587
0 0.00354274 0.0074166 0.0104414
0 0.00385332 0.00814894 0.0115669
0 0.00412798 0.00879668 0.0125474
0 0.00437364 0.00936853 0.0133789
0 0.00460368 0.00987658 0.0140686
0 0.00482806 0.0103289 0.0146276
0 0.00504286 0.0107213 0.0150608
0 0.00523045 0.0110372 0.0153648
0 0.00536995 0.0112561 0.0155355
0 0.00544849 0.0113641 0.0155756
0 0.00546734 0.0113608 0.0154984
0 0.00544 0.0112611 0.0153266
0 0.00538334 0.011089 0.0150843
0 0.00530887 0.0108692 0.01479
0 0.00522016 0.0106206 0.0144539
0 0.00511383 0.0103524 0.0140791
0 0.00498186 0.0100611 0.0136619
0 0.00481595 0.00973364 0.0131951
0 0.00461144 0.00935293 0.012671
0 0.00436772 0.00890305 0.012082
0 0.00408652 0.00837287 0.01142
0 0.00377259 0.0077604 0.0106783
0 0.00343466 0.00707519 0.00985448
0 0.00308058 0.00633248 0.00894741
0 0.00271 0.00554202 0.00795076
0 0.00231461 0.00470279 0.0068529
0 0.00188772 0.00380825 0.00564501
0 0.00143664 0.00285865 0.00433255
0 0.000987303 0.0018716 0.00294181
0 0.000574075 0.00088109 0.00151345
0 0.00022042 -7.43882e-05 8.70407e-05
0 -7.51535e-05 -0.000966376 -0.00131163
0 -0.000337029 -0.00178618 -0.00267192
0 -0.000595322 -0.00254305 -0.003988
0 -0.000865525 -0.00325089 -0.005244
0 -0.0011395 -0.00391474 -0.00640713
0 -0.00139391 -0.00452732 -0.00743487
0 -0.0016066 -0.00507279 -0.00828849
0 -0.00176804 -0.00553133 -0.00894328
0 -0.00188572 -0.0058865 -0.00939476
0 -0.00198279 -0.00613564 -0.00966078
0 -0.00208815 -0.0062947 -0.00977574
0 -0.00221962 -0.00639069 -0.00977655
0 -0.00236863 -0.0064447 -0.00968658
0 -0.00249908 -0.00645822 -0.00950916
0 -0.00256521 -0.00641318 -0.00923631
0 -0.00253452 -0.00628163 -0.00886273
0 -0.00239858 -0.00603567 -0.00839194
0 -0.00217017 -0.005656 -0.00783397
0 -0.00187489 -0.00514036 -0.00720129
0 -0.00154156 -0.00450787 -0.00650506
0 -0.00119382 -0.00379507 -0.00575175
0 -0.000846806 -0.00304557 -0.00494274
0 -0.00050802 -0.0022977 -0.00407667
0 -0.000179515 -0.00157486 -0.0031516
0 0.000139794 -0.000882172 -0.0021665
0 0.000452838 -0.000207927 -0.00112197
0 0.000765274 0.000472325 -1.90321e-05
0 0.00108632 0.00118893 0.00114234
0 0.00142551 0.00196757 0.00236066
0 0.0017853 0.0028168 0.00362629
0 0.00215766 0.00372229 0.00491836
0 0.00253085 0.00465418 0.00621182
0 0.00289925 0.00558162 0.00748784
0 0.00326642 0.00648345 0.00873784
0 0.00364011 0.00735109 0.00996001
0 0.00402439 0.00818582 0.0111526
0 0.00441381 0.00899255 0.0123083
0 0.00479291 0.00977202 0.0134115
0 0.00514161 0.0105158 0.0144418
0 0.0054433 0.0112066 0.0153791
0 0.0056895 0.011821 0.0162078
0 0.00587967 0.0123357 0.0169162
0 0.00601835 0.0127328 0.0174958
0 0.00611027 0.0130035 0.0179379
0 0.00615391 0.0131443 0.0182282
0 0.00613919 0.0131509 0.0183453
0 0.00605289 0.0130171 0.0182649
0 0.00588898 0.0127381 0.0179699
0 0.00565592 0.0123165 0.0174577
0 0.00537379 0.0117639 0.0167403
0 0.00506321 0.0110965 0.0158364
0 0.00473721 0.0103317 0.014765
0 0.00440357 0.00949051 0.0135487
0 0.00407117 0.00860149 0.0122198
0 0.00374921 0.00769648 0.0108179
0 0.00343854 0.00679846 0.00937836
0 0.00312703 0.00591224 0.00792334
0 0.00279669 0.00502848 0.00646605
0 0.00243556 0.00413518 0.00502073
0 0.00204355 0.00322607 0.00360673
0 0.00163041 0.00230308 0.0022457
0 0.00120951 0.00137548 0.000956283
0 0.000791673 0.000457506 -0.000250209
0 0.000382304 -0.000434527 -0.00137115
0 -1.9082e-05 -0.001287 -0.00241274
0 -0.000419421 -0.00209608 -0.00339133
0 -0.000830108 -0.00287199 -0.0043327
0 -0.00125915 -0.00363504 -0.00526488
0 -0.00170305 -0.00440536 -0.00620903
0 -0.00214563 -0.00519262 -0.00717441
0 -0.00256297 -0.00598975 -0.00815818
0 -0.00292932 -0.00677103 -0.00914642
0 -0.00321874 -0.00749206 -0.0101122
0 -0.00340761 -0.00809663 -0.0110157
0 -0.0034877 -0.00853875 -0.011817
0 -0.00347979 -0.00880784 -0.0124925
0 -0.00342878 -0.00893505 -0.013038
0 -0.00338173 -0.00897653 -0.0134561
0 -0.00336629 -0.00898685 -0.0137433
0 -0.00338032 -0.00899475 -0.0138821
0 -0.00339475 -0.00898948 -0.0138427
0 -0.00337055 -0.00892636 -0.0135949
0 -0.00328078 -0.0087493 -0.013125
0 -0.00311864 -0.00841196 -0.0124409
0 -0.00288539 -0.00788396 -0.0115592
0 -0.0025735 -0.00714727 -0.0104872
0 -0.00216293 -0.00619343 -0.00921629
0 -0.00163241 -0.00502463 -0.00772924
0 -0.000975669 -0.0036559 -0.00601424
0 -0.000212708 -0.00211655 -0.00407708
0 0.000608432 -0.000452843 -0.00194761
0 0.00141694 0.00126609 0.000317267
0 0.00212871 0.00294256 0.00263179
0 0.0026695 0.00446174 0.00489416
0 0.00301274 0.00573487 0.00702197
0 0.0032072 0.00674856 0.00898681
0 0.00336596 0.00757928 0.0108155
0 0.00361407 0.00836237 0.0125539
0 0.00402591 0.00923002 0.0142226
0 0.00458994 0.0102489 0.015792
0 0.00521903 0.0113909 0.017188
0 0.00580359 0.0125493 0.0183306
0 0.00627125 0.0135879 0.0191799
0 0.00660896 0.0143919 0.0197502
0 0.00684457 0.0149011 0.0200926
0 0.00701214 0.0151181 0.0202632
0 0.00712425 0.0150927 0.0202989
0 0.00716624 0.0148957 0.0202084
0 0.00711301 0.0145944 0.019983
0 0.006952 0.0142351 0.019615
0 0.0066929 0.0138321 0.019105
0 0.00636614 0.0133732 0.0184645
0 0.00602853 0.0128547 0.0177294
0 0.00576505 0.012321 0.0169739
0 0.00565633 0.0118612 0.0162899
0 0.00573034 0.0115651 0.0157454
0 0.0059436 0.0114776 0.0153602
0 0.00620249 0.0115783 0.0151123
0 0.00640495 0.0117903 0.014961
0 0.00648002 0.0120069 0.0148707
0 0.00640475 0.0121224 0.0148203
0 0.00619413 0.0120585 0.0147964
0 0.00587798 0.0117763 0.0147783
0 0.00547911 0.0112762 0.0147227
0 0.00500406 0.0105856 0.0145599
0 0.00444808 0.00974149 0.0142026
0 0.00380254 0.00876407 0.0135582
0 0.00306262 0.00763963 0.0125425
0 0.00224319 0.00633625 0.0110995
0 0.00139605 0.00484399 0.00922809
0 0.000616767 0.00321445 0.00700187
0 2.76843e-05 0.00157787 0.00456646
0 -0.000271703 0.000113867 0.00209906
0 -0.000257236 -0.00101487 -0.000245726
0 5.35794e-06 -0.00172199 -0.00236345
0 0.000389759 -0.00202074 -0.00419202
0 0.000759285 -0.00201614 -0.00568669
0 0.0010082 -0.00187217 -0.00680295
0 0.00108178 -0.00175435 -0.0074991
0 0.000980779 -0.00177039 -0.00774374
0 0.000748765 -0.00193623 -0.00752479
0 0.000445163 -0.00218311 -0.00686516
0 0.000118812 -0.00240034 -0.00583548
0 -0.000204771 -0.00248956 -0.00454954
0 -0.000520508 -0.00240686 -0.00314728
0 -0.00083285 -0.00217867 -0.00178019
0 -0.00114482 -0.00189029 -0.000595736
0 -0.00144924 -0.00165377 0.000281311
0 -0.00172518 -0.00157058 0.000763081
0 -0.00194544 -0.00170082 0.000803536
0 -0.00208698 -0.00204602 0.000397717
0 -0.0021341 -0.00254884 -0.0004178
0 -0.0020745 -0.00310648 -0.00156335
0 -0.00189533 -0.00359634 -0.00292003
0 -0.00158917 -0.00390855 -0.00434401
0 -0.0011644 -0.00397459 -0.00568542
0 -0.000651845 -0.0037844 -0.00680656
0 -0.000110651 -0.00339149 -0.00760007
0 0.000373524 -0.00290105 -0.00800474
0 0.000708154 -0.00243629 -0.00801098
0 0.000825979 -0.00209867 -0.00764769
0 0.000711728 -0.00193651 -0.00696249
0 0.000411692 -0.00192777 -0.00600653
0 2.29485e-05 -0.00198583 -0.00482566
0 -0.000339831 -0.00199179 -0.00346314
0 -0.000580353 -0.00183369 -0.00196999
0 -0.000635436 -0.00142822 -0.00040651
0 -0.000472318 -0.000726943 0.00117077
0 -8.03085e-05 0.000282784 0.0027238
0 0.000537332 0.00158052 0.00424208
0 0.00136734 0.00312347 0.00574621
0 0.00238766 0.00486613 0.00728411
0 0.00356435 0.00677155 0.00892029
0 0.00484338 0.00880326 0.0107191
0 0.00614582 0.0109116 0.0127228
0 0.00737267 0.0130248 0.0149369
0 0.00842031 0.0150479 0.017328
0 0.00920249 0.0168729 0.0198304
0 0.00966968 0.0184001 0.0223542
0 0.00981991 0.0195615 0.0247905
0 0.00970014 0.0203361 0.0270194
0 0.00939461 0.0207493 0.0289211
0 0.00900171 0.0208606 0.030386
0 0.0086097 0.0207449 0.0313221
0 0.00828177 0.0204713 0.0316624
0 0.00805038 0.0200851 0.0313722
0 0.00791829 0.0196009 0.0304563
0 0.00787269 0.0190164 0.0289732
0 0.0079019 0.0183343 0.0270413
0 0.0079824 0.0175605 0.0248122
0 0.00804703 0.0166774 0.0224177
0 0.00798387 0.0156306 0.0199363
0 0.00767737 0.0143495 0.0174007
0 0.007059 0.0127817 0.0148282
0 0.00613464 0.0109181 0.0122455
0 0.00497864 0.00879973 0.00969348
0 0.00370555 0.00651479 0.00721705
0 0.00243778 0.00418692 0.00485539
0 0.00128028 0.00195501 0.00263648
0 0.000305181 -4.76072e-05 0.000573538
0 -0.000450549 -0.00171385 -0.00133021
0 -0.000977814 -0.00298258 -0.00307097
0 -0.00129034 -0.00384934 -0.00464076
0 -0.0014231 -0.00436806 -0.0060304
0 -0.00142845 -0.00463985 -0.00723188
0 -0.00136784 -0.00478591 -0.00823729
0 -0.00130294 -0.00491606 -0.00903942
0 -0.00129118 -0.00510886 -0.00963963
0 -0.00138483 -0.00541001 -0.0100596
0 -0.00162951 -0.00584394 -0.0103488
0 -0.00205407 -0.0064235 -0.0105793
0 -0.00265062 -0.00714551 -0.0108257
0 -0.00336004 -0.00798038 -0.0111413
0 -0.00408124 -0.00886875 -0.0115461
0 -0.00470133 -0.00972731 -0.012033
0 -0.00512792 -0.0104617 -0.0125799
0 -0.00531056 -0.0109851 -0.0131605
0 -0.00524909 -0.0112406 -0.0137495
0 -0.00498814 -0.0112189 -0.0143224
0 -0.00459672 -0.0109595 -0.0148472
0 -0.00414148 -0.0105321 -0.0152715
0 -0.00367117 -0.0100112 -0.0155245
0 -0.00321972 -0.00945783 -0.0155337
0 -0.00281805 -0.00891271 -0.015249
0 -0.00250001 -0.00839752 -0.0146579
0 -0.00229413 -0.00791725 -0.0137845
0 -0.00220576 -0.00745801 -0.0126727
0 -0.00220339 -0.00698512 -0.0113659
0 -0.00222065 -0.00644664 -0.0098975
0 -0.00217438 -0.00578551 -0.0082909
0 -0.00198965 -0.00495377 -0.006564
0 -0.00161947 -0.00391811 -0.00473513
0 -0.00105001 -0.00265857 -0.00282227
0 -0.00029376 -0.00116781 -0.000836256
0 0.000619894 0.000545814 0.0012232
0 0.00165202 0.00245733 0.00336588
0 0.00276089 0.00453054 0.00560946
0 0.0039097 0.0067215 0.0079801
0 0.00506971 0.00897975 0.0105075
0 0.00621409 0.0112528 0.0132122
0 0.00730826 0.0134908 0.0160918
0 0.00830779 0.0156461 0.0191121
0 0.00916611 0.0176742 0.0222054
0 0.00984856 0.0195364 0.0252761
0 0.0103462 0.0211998 0.0282142
0 0.0106796 0.022637 0.0309105
0 0.0108885 0.0238255 0.0332652
0 0.0110169 0.0247484 0.0351899
0 0.0110994 0.0253956 0.0366096
0 0.0111539 0.0257647 0.0374664
0 0.011179 0.0258563 0.0377225
0 0.0111534 0.0256646 0.0373597
0 0.0110437 0.025174 0.0363823
0 0.0108204 0.0243683 0.0348258
0 0.0104724 0.0232466 0.0327624
0 0.0100079 0.021831 0.0302948
0 0.0094442 0.0201651 0.0275394
0 0.00879407 0.0183045 0.0246057
0 0.00805845 0.0163045 0.0215817
0 0.00723225 0.014213 0.0185309
0 0.00631666 0.0120679 0.0154975
0 0.00532475 0.00989912 0.0125112
0 0.00427934 0.00772832 0.00959048
0 0.00321041 0.005571 0.00674808
0 0.0021524 0.00344429 0.00399577
0 0.00113796 0.00137166 0.00134347
0 0.000188809 -0.000621433 -0.00120576
0 -0.000688806 -0.00251336 -0.00365756
0 -0.0014987 -0.00428653 -0.00602039
0 -0.00224501 -0.00592776 -0.00829614
0 -0.00292834 -0.00743316 -0.0104767
0 -0.00354997 -0.0088133 -0.0125482
0 -0.00411678 -0.0100915 -0.0144961
0 -0.00464109 -0.0112937 -0.0163089
0 -0.00513734 -0.0124382 -0.0179778
0 -0.00561967 -0.0135318 -0.0194956
0 -0.00609838 -0.0145701 -0.0208574
0 -0.00657277 -0.0155369 -0.0220577
0 -0.00702494 -0.0164035 -0.0230838
0 -0.0074221 -0.0171314 -0.0239157
0 -0.0077289 -0.0176831 -0.0245322
0 -0.0079223 -0.0180337 -0.0249224
0 -0.00799742 -0.0181766 -0.0250878
0 -0.00796284 -0.0181203 -0.0250384
0 -0.00783436 -0.0178824 -0.0247858
0 -0.0076305 -0.0174855 -0.0243412
0 -0.00736716 -0.0169526 -0.0237128
0 -0.00705274 -0.0163005 -0.0229038
0 -0.00668591 -0.0155345 -0.021911
0 -0.00625889 -0.0146484 -0.0207272
0 -0.00576535 -0.0136306 -0.0193478
0 -0.00520631 -0.012473 -0.0177761
0 -0.00458934 -0.0111748 -0.0160218
0 -0.00392084 -0.00973997 -0.0140936
0 -0.00319827 -0.00817088 -0.0119924
0 -0.00241291 -0.00646865 -0.0097133
0 -0.00156368 -0.00464232 -0.00725724
0 -0.000667456 -0.00271584 -0.00464168
0 0.0002462 -0.000722753 -0.00189841
0 0.00115066 0.00130533 0.000938235
0 0.00203329 0.00334524 0.0038406
0 0.00289464 0.00538093 0.00678742
0 0.00374102 0.00740112 0.00975795
0 0.0045796 0.00939904 0.0127274
0 0.00541654 0.0113717 0.0156647
0 0.00625384 0.013316 0.0185319
0 0.00708754 0.0152231 0.0212861
0 0.00791023 0.017075 0.0238845
0 0.00871534 0.0188477 0.0262927
0 0.0094993 0.0205174 0.0284888
0 0.0102597 0.0220649 0.0304639
0 0.0109914 0.0234766 0.0322174
0 0.0116837 0.024744 0.0337532
0 0.012322 0.0258629 0.035078
0 0.0128895 0.0268317 0.0361996
0 0.0133702 0.0276476 0.0371263
0 0.0137487 0.0283027 0.0378629
0 0.0140103 0.0287825 0.0384087
0 0.0141443 0.0290695 0.038758
0 0.0141482 0.0291507 0.0389042
0 0.0140327 0.0290248 0.0388443
0 0.0138204 0.0287055 0.0385794
0 0.0135362 0.0282159 0.0381104
0 0.0131972 0.0275792 0.0374325
0 0.0128116 0.0268136 0.0365375
0 0.0123853 0.0259344 0.0354228
0 0.011928 0.0249567 0.0340987
0 0.0114506 0.0238934 0.0325865
0 0.010957 0.0227504 0.0309109
0 0.0104382 0.0215229 0.0290916
0 0.00987324 0.0201958 0.0271402
0 0.00923453 0.0187465 0.0250591
0 0.00849718 0.0171509 0.0228447
0 0.00764809 0.0153914 0.0204923
0 0.00668866 0.0134611 0.0179975
0 0.00563129 0.0113636 0.0153538
0 0.00449375 0.0091115 0.0125523
0 0.00329837 0.00672523 0.00958656
0 0.00207505 0.00423447 0.00645928
0 0.000857828 0.00167976 0.00318322
0 -0.000322307 -0.00088885 -0.000220364
0 -0.00144262 -0.00341917 -0.00372267
0 -0.00249377 -0.00586965 -0.00729007
0 -0.0034814 -0.00822203 -0.0108866
0 -0.0044208 -0.0104853 -0.0144707
0 -0.00532993 -0.0126866 -0.0179905
0 -0.00622766 -0.0148526 -0.0213864
0 -0.00713417 -0.0169943 -0.0246016
0 -0.0080675 -0.0191046 -0.0275911
0 -0.00903851 -0.0211628 -0.0303262
0 -0.0100465 -0.0231394 -0.0327918
0 -0.0110765 -0.0250031 -0.0349838
0 -0.0121002 -0.0267245 -0.0369048
0 -0.0130768 -0.0282774 -0.0385613
0 -0.0139541 -0.0296367 -0.0399593
0 -0.0146752 -0.0307752 -0.0411029
0 -0.0151966 -0.0316635 -0.0419962
0 -0.015503 -0.0322774 -0.0426484
0 -0.0156069 -0.0326051 -0.0430744
0 -0.0155386 -0.0326493 -0.043286
0 -0.0153326 -0.0324255 -0.0432817
0 -0.0150179 -0.0319592 -0.0430425
0 -0.0146143 -0.0312802 -0.042537
0 -0.0141345 -0.0304167 -0.0417303
0 -0.01359 -0.0293901 -0.0405948
0 -0.0129946 -0.0282136 -0.0391183
0 -0.0123639 -0.0268944 -0.0373086
0 -0.0117139 -0.0254405 -0.0351947
0 -0.011058 -0.0238665 -0.0328245
0 -0.0104024 -0.022194 -0.0302581
0 -0.00974244 -0.0204471 -0.0275585
0 -0.00906429 -0.018648 -0.0247857
0 -0.0083513 -0.016815 -0.0219945
0 -0.00759215 -0.0149628 -0.0192336
0 -0.00678491 -0.0131033 -0.0165416
0 -0.00593367 -0.0112441 -0.0139401
0 -0.00504311 -0.00938696 -0.0114328
0 -0.0041174 -0.00752872 -0.00900916
0 -0.00316128 -0.00566321 -0.00664881
0 -0.00217939 -0.00378276 -0.00432423
0 -0.00117592 -0.00187906 -0.00200423
0 -0.000156719 5.59693e-05 0.000341702
0 0.000869398 0.00202789 0.00274044
0 0.00189265 0.00403547 0.00521378
0 0.00290386 0.00606768 0.00777653
0 0.00389515 0.00810661 0.0104348
0 0.00486188 0.0101367 0.013186
0 0.00580434 0.0121536 0.0160197
0 0.00672693 0.0141644 0.0189172
0 0.00763662 0.0161805 0.0218519
0 0.00854215 0.0182075 0.0247903
0 0.00945268 0.0202402 0.0276941
0 0.0103758 0.0222645 0.0305251
0 0.0113157 0.0242611 0.0332498
0 0.0122721 0.0262088 0.035841
0 0.0132385 0.0280878 0.0382776
0 0.0142018 0.0298803 0.040544
0 0.0151421 0.0315714 0.0426293
0 0.016033 0.0331471 0.0445266
0 0.016846 0.0345909 0.0462311
0 0.0175562 0.0358816 0.0477397
0 0.0181454 0.0369948 0.0490511
0 0.0186047 0.0379088 0.0501656
0 0.0189336 0.0386094 0.0510828
0 0.0191373 0.0390916 0.051799
0 0.0192247 0.0393614 0.0523076
0 0.0192078 0.0394336 0.0525996
0 0.019102 0.0393278 0.0526655
0 0.0189252 0.0390643 0.0524967
0 0.018696 0.0386613 0.0520881
0 0.0184292 0.038132 0.0514393
0 0.018132 0.0374828 0.0505533
0 0.0178022 0.0367124 0.0494356
0 0.0174316 0.0358153 0.0480961
0 0.0170112 0.0347871 0.046551
0 0.0165327 0.0336257 0.0448217
0 0.0159881 0.0323307 0.0429301
0 0.0153689 0.0309022 0.0408956
0 0.0146681 0.0293416 0.0387331
0 0.0138815 0.0276517 0.0364533
0 0.013008 0.025836 0.0340616
0 0.0120504 0.0238972 0.0315576
0 0.011015 0.0218366 0.0289352
0 0.00991154 0.0196568 0.0261858
0 0.00875362 0.0173646 0.0233017
0 0.00755629 0.014971 0.0202768
0 0.00633065 0.0124873 0.0171052
0 0.00508316 0.00992218 0.0137818
0 0.00382046 0.00728238 0.0103063
0 0.00255031 0.00457617 0.00668335
0 0.00127524 0.00181342 0.00291886
0 -1.15255e-05 -0.000997089 -0.000982978
0 -0.00132185 -0.00385105 -0.00501667
0 -0.0026645 -0.00674966 -0.0091683
0 -0.00403962 -0.00969742 -0.0134094
0 -0.00543976 -0.0126979 -0.0176971
0 -0.00685941 -0.0157459 -0.0219811
0 -0.00830318 -0.0188228 -0.0262128
0 -0.00978212 -0.0219016 -0.030352
0 -0.0113033 -0.0249517 -0.0343665
0 -0.0128606 -0.0279416 -0.0382265
0 -0.0144239 -0.0308417 -0.0419025
0 -0.0159385 -0.0336267 -0.0453679
0 -0.0173478 -0.0362701 -0.0486039
0 -0.0186142 -0.0387382 -0.0516007
0 -0.0197189 -0.0409869 -0.0543546
0 -0.020655 -0.042968 -0.0568609
0 -0.0214239 -0.0446434 -0.0591082
0 -0.0220309 -0.0459952 -0.0610765
0 -0.0224794 -0.0470252 -0.0627361
0 -0.022768 -0.0477459 -0.0640477
0 -0.0228927 -0.0481699 -0.0649674
0 -0.0228536 -0.0483027 -0.065454
0 -0.022662 -0.0481407 -0.0654755
0 -0.022339 -0.0476737 -0.0650105
0 -0.0219056 -0.0468891 -0.0640457
0 -0.0213733 -0.0457765 -0.0625739
0 -0.0207405 -0.0443312 -0.0605931
0 -0.0199946 -0.042555 -0.0581081
0 -0.0191188 -0.0404544 -0.0551321
0 -0.0180995 -0.0380388 -0.0516892
0 -0.016932 -0.0353198 -0.0478145
0 -0.0156186 -0.0323104 -0.0435508
0 -0.0141627 -0.0290235 -0.0389426
0 -0.012565 -0.0254739 -0.0340321
0 -0.0108271 -0.0216835 -0.0288603
0 -0.00895717 -0.0176823 -0.0234682
0 -0.00697279 -0.013504 -0.0178952
0 -0.00489797 -0.00918221 -0.0121744
0 -0.0027592 -0.00475134 -0.00632908
0 -0.000583447 -0.000247017 -0.000376912
0 0.00160419 0.00429389 0.00566386
0 0.00378238 0.00883098 0.0117695
0 0.00593241 0.0133244 0.0179063
0 0.00803821 0.0177409 0.0240241
0 0.0100906 0.0220528 0.0300558
0 0.0120884 0.0262352 0.0359231
0 0.0140332 0.0302636 0.0415475
0 0.0159241 0.0341105 0.0468565
0 0.0177486 0.0377467 0.0517859
0 0.0194791 0.0411409 0.0562817
0 0.0210849 0.0442575 0.0603008
0 0.02254 0.0470567 0.063815
0 0.0238223 0.0494966 0.0668101
0 0.0249134 0.0515374 0.0692793
0 0.0257955 0.053147 0.0712182
0 0.0264503 0.0543048 0.0726234
0 0.0268614 0.0550041 0.0734925
0 0.0270192 0.0552496 0.0738245
0 0.0269249 0.0550553 0.0736221
0 0.0265952 0.0544397 0.0728931
0 0.0260612 0.0534236 0.0716506
0 0.0253611 0.052032 0.0699108
0 0.0245315 0.0502967 0.0676929
0 0.0236025 0.0482576 0.06502
0 0.0225955 0.0459602 0.0619224
0 0.0215243 0.0434502 0.0584395
0 0.0203977 0.0407701 0.0546217
0 0.0192215 0.0379551 0.0505309
0 0.0179994 0.0350337 0.0462377
0 0.016733 0.0320288 0.0418171
0 0.0154237 0.0289602 0.0373429
0 0.0140728 0.0258485 0.0328816
0 0.0126804 0.022717 0.0284875
0 0.0112463 0.0195905 0.0242002
0 0.0097749 0.0164917 0.0200441
0 0.00827983 0.0134411 0.0160305
0 0.00678306 0.0104562 0.0121615
0 0.00530994 0.00755244 0.00843549
0 0.0038838 0.00474507 0.00484895
0 0.00252337 0.0020523 0.00139863
0 0.00124326 -0.000506777 -0.00191641
0 5.45177e-05 -0.00291486 -0.00509411
0 -0.00103551 -0.00515768 -0.00812792
0 -0.00202204 -0.0072253 -0.011004
0 -0.00290268 -0.00911306 -0.0137012
0 -0.00367982 -0.0108218 -0.0161951
0 -0.0043636 -0.0123568 -0.0184623
0 -0.00497092 -0.0137255 -0.0204804
0 -0.00551902 -0.0149342 -0.022229
0 -0.00601915 -0.0159846 -0.0236913
0 -0.00647438 -0.0168732 -0.0248554
0 -0.0068806 -0.0175937 -0.0257166
0 -0.00722819 -0.0181387 -0.0262774
0 -0.00750316 -0.0185001 -0.0265469
0 -0.00768829 -0.0186688 -0.0265389
0 -0.00776529 -0.0186355 -0.0262701
0 -0.00771884 -0.0183933 -0.0257592
0 -0.00754194 -0.0179402 -0.0250266
0 -0.00723889 -0.0172811 -0.0240933
0 -0.00682251 -0.0164273 -0.0229774
0 -0.0063095 -0.0153955 -0.0216915
0 -0.00571788 -0.014208 -0.0202437
0 -0.00506637 -0.0128916 -0.0186395
0 -0.00437516 -0.0114764 -0.0168859
0 -0.00366661 -0.00999499 -0.0149948
0 -0.0029639 -0.00848019 -0.0129854
0 -0.00228744 -0.0069624 -0.0108837
0 -0.00165151 -0.00546763 -0.00872078
0 -0.00106263 -0.00401651 -0.00652915
0 -0.000519429 -0.00262272 -0.00434104
0 -1.40071e-05 -0.00129204 -0.00218747
0 0.000465266 -2.30414e-05 -9.7533e-05
0 0.000931229 0.00119168 0.00190299
0 0.00139669 0.0023647 0.00379419
0 0.00187424 0.00351234 0.00556419
0 0.00237661 0.00465199 0.00721026
0 0.00291616 0.00579926 0.00873946
0 0.00350238 0.00696556 0.0101681
0 0.0041378 0.00815565 0.0115198
0 0.00481565 0.0093675 0.0128231
0 0.00552258 0.0105955 0.01411
0 0.0062436 0.0118349 0.0154152
0 0.00696465 0.0130841 0.016773
0 0.00767237 0.0143443 0.0182132
0 0.00835423 0.0156169 0.019756
0 0.00900085 0.0169021 0.0214101
0 0.00960844 0.0181974 0.0231725
0 0.010179 0.0194983 0.0250295
0 0.0107181 0.0207984 0.0269561
0 0.0112324 0.0220877 0.0289173
0 0.0117276 0.0233523 0.0308697
0 0.0122063 0.0245748 0.0327649
0 0.0126659 0.0257347 0.0345517
0 0.0130979 0.0268065 0.0361787
0 0.0134869 0.0277581 0.0375947
0 0.0138116 0.028551 0.0387498
0 0.0140463 0.0291414 0.0395969
0 0.0141658 0.0294855 0.0400945
0 0.0141503 0.0295454 0.0402102
0 0.0139868 0.0292919 0.0399192
0 0.0136666 0.0287041 0.0392016
0 0.0131837 0.0277685 0.0380395
0 0.0125344 0.0264786 0.036418
0 0.0117182 0.0248342 0.0343261
0 0.0107399 0.0228412 0.0317598
0 0.00961262 0.0205146 0.0287276
0 0.00835869 0.0178821 0.0252532
0 0.00700476 0.0149825 0.0213748
0 0.00557768 0.0118608 0.0171418
0 0.00410496 0.00856315 0.0126127
0 0.00261451 0.00513995 0.00785121
0 0.00112917 0.00164989 0.0029196
0 -0.00033708 -0.00184283 -0.00212209
0 -0.00177462 -0.00527749 -0.00720807
0 -0.00316993 -0.00860426 -0.0122575
0 -0.00450323 -0.0117867 -0.0171702
0 -0.00575581 -0.014797 -0.02183
0 -0.00691762 -0.0176057 -0.0261204
0 -0.0079857 -0.020174 -0.02994
0 -0.00895767 -0.0224524 -0.033208
0 -0.00982504 -0.0243853 -0.0358617
0 -0.0105693 -0.025918 -0.0378547
0 -0.0111632 -0.0270055 -0.0391572
0 -0.011576 -0.027619 -0.0397582
0 -0.011779 -0.0277475 -0.0396668
0 -0.0117495 -0.0273953 -0.0389117
0 -0.011476 -0.0265773 -0.0375372
0 -0.0109649 -0.0253173 -0.0356005
0 -0.0102395 -0.0236483 -0.0331677
0 -0.00933304 -0.0216131 -0.0303078
0 -0.0082795 -0.0192628 -0.0270863
0 -0.00711082 -0.0166563 -0.0235642
0 -0.00585894 -0.0138598 -0.0198026
0 -0.00455854 -0.010946 -0.0158654
0 -0.00324641 -0.00798846 -0.0118174
0 -0.00195773 -0.00505584 -0.00772045
0 -0.000722238 -0.00220512 -0.00363245
0 0.000437373 0.000524195 0.000389981
0 0.00150718 0.00310746 0.00429219
0 0.00248307 0.00552716 0.00802106
0 0.00336837 0.00777159 0.011521
0 0.00417069 0.00983419 0.0147342
0 0.00490005 0.0117068 0.0176074
0 0.00556833 0.0133777 0.0200976
0 0.00618916 0.0148372 0.0221764
0 0.00677491 0.0160831 0.0238329
0 0.00733098 0.0171189 0.0250737
0 0.00785183 0.0179498 0.0259193
0 0.00832081 0.0185795 0.0264003
0 0.00871441 0.0190102 0.0265561
0 0.00900836 0.0192422 0.0264325
0 0.00918221 0.019275 0.026077
0 0.00922128 0.0191078 0.0255345
0 0.00911801 0.0187415 0.0248417
0 0.0088736 0.0181809 0.0240251
0 0.00849887 0.0174376 0.0230998
0 0.00801289 0.0165304 0.0220707
0 0.00743976 0.0154839 0.0209338
0 0.00680521 0.014325 0.0196786
0 0.00613447 0.0130804 0.0182923
0 0.00545134 0.0117745 0.0167641
0 0.00477722 0.0104286 0.0150901
0 0.00413015 0.00906103 0.0132773
0 0.0035231 0.00768687 0.0113441
0 0.00296115 0.00631812 0.00931652
0 0.00243971 0.00496288 0.00722275
0 0.00194669 0.00362511 0.00509031
0 0.00146738 0.0023065 0.00294764
0 0.000989147 0.0010096 0.000826295
0 0.000506194 -0.00026014 -0.00123804
0 2.15792e-05 -0.0014928 -0.00320596
0 -0.000454977 -0.00267302 -0.00503717
0 -0.000910858 -0.00378057 -0.00669411
0 -0.00133321 -0.00479134 -0.00814462
0 -0.00170969 -0.00567824 -0.0093627
0 -0.00202867 -0.0064132 -0.0103286
0 -0.0022799 -0.00697069 -0.0110294
0 -0.00245426 -0.00733105 -0.0114582
0 -0.00254238 -0.00748154 -0.0116119
0 -0.00253355 -0.00741488 -0.0114878
0 -0.00241693 -0.00712723 -0.0110831
0 -0.00218508 -0.00661758 -0.0103958
0 -0.00183714 -0.00588807 -0.00942683
0 -0.00137991 -0.00494464 -0.00818112
0 -0.000826844 -0.0037979 -0.00666792
0 -0.000196034 -0.00246489 -0.00490081
0 0.000492549 -0.00096984 -0.00289737
0 0.0012203 0.000658751 -0.000678457
0 0.00197364 0.0023927 0.00173371
0 0.00274568 0.00420621 0.00431643
0 0.0035331 0.00607588 0.00704425
0 0.00433076 0.00798018 0.0098848
0 0.00512813 0.00989836 0.0127957
0 0.00591059 0.0118095 0.0157237
0 0.0066651 0.0136923 0.0186082
0 0.00738551 0.0155236 0.0213886
0 0.00807304 0.0172771 0.0240077
0 0.00873106 0.0189226 0.0264134
0 0.00935863 0.0204271 0.0285597
0 0.00994772 0.0217592 0.0304083
0 0.0104834 0.0228918 0.0319287
0 0.0109447 0.0238018 0.0330979
0 0.0113065 0.0244681 0.0338996
0 0.0115424 0.0248687 0.0343218
0 0.0116281 0.0249808 0.0343568
0 0.011545 0.024782 0.0340008
0 0.0112831 0.0242532 0.0332521
0 0.0108403 0.0233818 0.0321094
0 0.0102202 0.0221626 0.0305694
0 0.00942919 0.0205979 0.0286256
0 0.00847567 0.018697 0.0262696
0 0.0073702 0.0164755 0.0234941
0 0.00612561 0.0139534 0.0202966
0 0.00475865 0.0111525 0.0166821
0 0.00329214 0.00809373 0.0126658
0 0.00175248 0.00479859 0.00827332
0 0.000162813 0.00129747 0.00353505
0 -0.00146113 -0.00236517 -0.00151646
0 -0.00310772 -0.00613731 -0.00684193
0 -0.00476522 -0.00996774 -0.0123883
0 -0.00642123 -0.013811 -0.0180826
0 -0.00806454 -0.017631 -0.0238254
0 -0.00968744 -0.0213974 -0.0294943
0 -0.0112846 -0.0250756 -0.0349636
0 -0.0128503 -0.0286201 -0.0401176
0 -0.014373 -0.0319735 -0.0448546
0 -0.0158257 -0.0350728 -0.0490893
0 -0.017165 -0.037853 -0.0527537
0 -0.0183433 -0.0402491 -0.0557958
0 -0.0193182 -0.0421983 -0.0581803
0 -0.0200533 -0.0436443 -0.0598873
0 -0.020521 -0.0445436 -0.0609088
0 -0.0207036 -0.0448699 -0.0612434
0 -0.0205945 -0.044616 -0.0608946
0 -0.0202017 -0.0437948 -0.0598717
0 -0.01955 -0.0424376 -0.0581901
0 -0.0186774 -0.0405922 -0.0558728
0 -0.0176272 -0.0383188 -0.0529515
0 -0.0164416 -0.0356843 -0.0494689
0 -0.0151571 -0.0327569 -0.0454793
0 -0.0138017 -0.029601 -0.0410501
0 -0.0123951 -0.0262749 -0.0362626
0 -0.0109506 -0.0228311 -0.0312119
0 -0.00947979 -0.0193168 -0.0260039
0 -0.00799525 -0.0157731 -0.0207465
0 -0.00650943 -0.0122371 -0.0155361
0 -0.00502887 -0.00874476 -0.0104456
0 -0.00355114 -0.00532855 -0.00552169
0 -0.00207122 -0.00200947 -0.000794051
0 -0.000588289 0.00120617 0.00371654
0 0.000894423 0.00432327 0.00799493
0 0.00237303 0.00735117 0.0120331
0 0.0038457 0.0102953 0.0158342
0 0.00531164 0.0131546 0.0194144
0 0.00676971 0.0159257 0.022797
0 0.00821943 0.0186055 0.0260074
0 0.00965961 0.0211918 0.0290746
0 0.0110853 0.0236865 0.0320286
0 0.0124862 0.026095 0.0348956
0 0.0138473 0.0284242 0.0376943
0 0.0151516 0.030678 0.0404351
0 0.0163821 0.0328558 0.0431212
0 0.0175214 0.0349517 0.0457498
0 0.0185547 0.0369534 0.048312
0 0.0194746 0.0388421 0.0507934
0 0.020281 0.0405943 0.0531735
0 0.020977 0.0421849 0.0554251
0 0.0215658 0.0435907 0.0575122
0 0.0220489 0.0447932 0.0593911
0 0.0224254 0.0457796 0.0610145
0 0.0226937 0.0465413 0.0623354
0 0.0228531 0.0470714 0.0633114
0 0.022905 0.047362 0.0639077
0 0.0228535 0.0474037 0.0640996
0 0.0227051 0.0471869 0.0638731
0 0.0224662 0.0467047 0.0632243
0 0.0221394 0.0459554 0.062159
0 0.0217222 0.044942 0.0606905
0 0.0212064 0.0436706 0.0588375
0 0.0205808 0.0421475 0.0566221
0 0.0198346 0.0403781 0.0540691
0 0.0189614 0.0383671 0.0512055
0 0.0179595 0.03612 0.048059
0 0.0168304 0.0336442 0.0446555
0 0.0155768 0.0309495 0.0410172
0 0.0142016 0.028048 0.0371609
0 0.0127101 0.0249532 0.0330977
0 0.0111121 0.0216788 0.0288347
0 0.00942069 0.0182387 0.0243779
0 0.00765031 0.0146461 0.0197322
0 0.00581626 0.0109136 0.014902
0 0.00393411 0.00705492 0.00988995
0 0.00201488 0.00308751 0.00469527
0 6.19284e-05 -0.000968041 -0.000685499
0 -0.00192669 -0.00509309 -0.00625378
0 -0.00395382 -0.00927657 -0.0120022
0 -0.00601908 -0.0135168 -0.0179087
0 -0.00812118 -0.0178173 -0.0239316
0 -0.0102642 -0.0221787 -0.0300103
0 -0.0124566 -0.0265925 -0.0360774
0 -0.0146981 -0.0310397 -0.042069
0 -0.0169594 -0.0354927 -0.0479293
0 -0.019189 -0.0399126 -0.0536124
0 -0.0213455 -0.0442449 -0.0590843
0 -0.0234106 -0.0484217 -0.0643199
0 -0.0253749 -0.0523768 -0.06929
0 -0.0272232 -0.0560615 -0.073952
0 -0.0289332 -0.0594411 -0.0782564
0 -0.0304803 -0.0624857 -0.0821558
0 -0.0318391 -0.0651683 -0.0856069
0 -0.0329858 -0.0674633 -0.0885696
0 -0.0339007 -0.069346 -0.0910081
0 -0.0345702 -0.0707917 -0.0928928
0 -0.0349864 -0.0717754 -0.0942006
0 -0.0351461 -0.0722735 -0.094913
0 -0.0350525 -0.0722643 -0.0950141
0 -0.0347175 -0.0717325 -0.0944879
0 -0.034158 -0.0706757 -0.0933158
0 -0.0333893 -0.0691064 -0.0914793
0 -0.0324254 -0.0670493 -0.0889647
0 -0.031281 -0.0645383 -0.0857697
0 -0.0299746 -0.0616127 -0.0819091
0 -0.0285275 -0.0583123 -0.0774166
0 -0.0269598 -0.0546744 -0.0723433
0 -0.0252865 -0.0507319 -0.0667549
0 -0.0235144 -0.0465153 -0.0607278
0 -0.0216418 -0.0420551 -0.0543448
0 -0.0196612 -0.0373828 -0.0476913
0 -0.0175642 -0.0325314 -0.0408526
0 -0.0153455 -0.0275363 -0.0339084
0 -0.0130082 -0.0224347 -0.0269258
0 -0.0105659 -0.0172643 -0.0199541
0 -0.00804076 -0.0120611 -0.0130263
0 -0.00546219 -0.00685455 -0.00616817
0 -0.00286218 -0.0016677 0.000597195
0 -0.000269483 0.00347683 0.00725191
0 0.00229593 0.00855174 0.0137845
0 0.00482509 0.0135267 0.0201839
0 0.00731722 0.0183756 0.0264282
0 0.00977443 0.0230767 0.0324847
0 0.0121957 0.0276052 0.0383168
0 0.0145707 0.0319353 0.0438865
0 0.0168778 0.0360467 0.0491545
0 0.019086 0.0399261 0.0540841
0 0.0211567 0.0435624 0.0586457
0 0.0230545 0.0469398 0.0628166
0 0.0247582 0.0500317 0.066582
0 0.0262563 0.0528008 0.0699351
0 0.0275419 0.0552078 0.0728741
0 0.0286104 0.0572228 0.0753922
0 0.0294565 0.0588306 0.0774736
0 0.0300734 0.0600269 0.0790975
0 0.0304552 0.0608128 0.0802438
0 0.0306003 0.061192 0.0808956
0 0.0305169 0.0611699 0.0810408
0 0.0302273 0.0607543 0.080673
0 0.029766 0.0599596 0.0797926
0 0.0291708 0.0588092 0.0784086
0 0.0284757 0.0573374 0.0765386
0 0.0277063 0.0555883 0.0742107
0 0.0268804 0.0536116 0.0714656
0 0.0260101 0.0514581 0.0683581
0 0.0251039 0.049174 0.0649578
0 0.0241676 0.0467976 0.0613447
0 0.0232036 0.0443581 0.0576041
0 0.0222135 0.0418775 0.0538206
0 0.0211977 0.0393751 0.0500725
0 0.0201541 0.0368726 0.0464268
0 0.0190785 0.0343942 0.0429343
0 0.0179686 0.0319624 0.0396291
0 0.0168277 0.0295951 0.0365296
0 0.0156665 0.0273038 0.0336406
0 0.0145015 0.025094 0.030954
0 0.0133494 0.0229668 0.0284483
0 0.0122235 0.0209186 0.0260906
0 0.011131 0.0189409 0.0238392
0 0.0100729 0.0170206 0.0216489
0 0.00904447 0.0151409 0.0194735
0 0.00803654 0.0132814 0.0172696
0 0.00703745 0.0114175 0.0149978
0 0.00603411 0.00952161 0.012624
0 0.00501194 0.00756476 0.0101181
0 0.00395534 0.00551814 0.0074542
0 0.00284926 0.00335534 0.00461141
0 0.00168164 0.00105664 0.00157549
0 0.00044565 -0.00138834 -0.00166008
0 -0.000860313 -0.00398074 -0.00509426
0 -0.00223406 -0.00671386 -0.00871996
0 -0.0036703 -0.00957434 -0.0125248
0 -0.00516055 -0.0125428 -0.0164906
0 -0.00669293 -0.0155956 -0.020592
0 -0.00825239 -0.0187076 -0.0247949
0 -0.00982341 -0.0218532 -0.0290557
0 -0.0113944 -0.0250064 -0.0333211
0 -0.0129593 -0.0281414 -0.0375339
0 -0.0145166 -0.0312327 -0.0416415
0 -0.0160664 -0.0342537 -0.0455993
0 -0.0176063 -0.0371784 -0.0493706
0 -0.0191289 -0.0399832 -0.0529246
0 -0.0206208 -0.0426478 -0.0562371
0 -0.0220509 -0.0451555 -0.0592894
0 -0.0233698 -0.047489 -0.0620661
0 -0.0245333 -0.0496253 -0.0645559
0 -0.0255172 -0.0515328 -0.0667533
0 -0.0263129 -0.0531708 -0.0686603
0 -0.026921 -0.054498 -0.0702793
0 -0.0273444 -0.0554823 -0.0716045
0 -0.0275844 -0.0561067 -0.072616
0 -0.0276383 -0.0563684 -0.0732809
0 -0.0275032 -0.0562743 -0.0735581
0 -0.0271833 -0.0558337 -0.0734027
0 -0.0266928 -0.0550544 -0.0727712
0 -0.0260541 -0.0539418 -0.0716266
0 -0.0252925 -0.0524998 -0.0699437
0 -0.0244302 -0.0507339 -0.0677114
0 -0.0234814 -0.048653 -0.0649345
0 -0.0224497 -0.0462715 -0.0616333
0 -0.0213302 -0.0436077 -0.0578446
0 -0.0201117 -0.040682 -0.0536188
0 -0.0187798 -0.0375132 -0.049017
0 -0.0173224 -0.0341182 -0.0441065
0 -0.0157349 -0.0305126 -0.0389574
0 -0.0140248 -0.0267145 -0.0336388
0 -0.0122073 -0.022747 -0.0282115
0 -0.010298 -0.0186415 -0.0227215
0 -0.00831054 -0.0144374 -0.0171978
0 -0.00626097 -0.0101787 -0.0116566
0 -0.0041713 -0.00590597 -0.00611174
0 -0.00206987 -0.00165091 -0.00058047
0 1.43646e-05 0.00256116 0.00491649
0 0.00205813 0.00670577 0.0103583
0 0.00404622 0.010758 0.0157234
0 0.00597128 0.0146951 0.020986
0 0.00783402 0.0185009 0.026111
0 0.0096436 0.0221673 0.0310569
0 0.0114143 0.0256891 0.0357842
0 0.0131587 0.029061 0.0402606
0 0.0148813 0.0322791 0.0444598
0 0.0165781 0.0353405 0.0483622
0 0.0182399 0.0382425 0.051957
0 0.019853 0.0409814 0.0552435
0 0.0213968 0.0435519 0.0582305
0 0.0228436 0.0459459 0.0609332
0 0.0241686 0.0481495 0.063369
0 0.0253518 0.0501421 0.0655563
0 0.0263765 0.0518995 0.0675125
0 0.02723 0.0533985 0.069248
0 0.0279024 0.054621 0.0707611
0 0.0283841 0.0555541 0.0720375
0 0.0286641 0.0561897 0.0730507
0 0.0287344 0.0565212 0.0737655
0 0.0285965 0.0565408 0.0741413
0 0.0282673 0.0562375 0.074135
0 0.0277731 0.0555999 0.0737021
0 0.0271409 0.0546196 0.0727971
0 0.0263908 0.0532932 0.0713766
0 0.0255332 0.0516235 0.0694047
0 0.0245696 0.049617 0.0668583
0 0.0234946 0.0472808 0.0637307
0 0.0222988 0.0446188 0.0600329
0 0.0209712 0.0416311 0.0557926
0 0.0194995 0.0383155 0.0510518
0 0.0178719 0.0346713 0.0458622
0 0.0160791 0.0307031 0.0402806
0 0.014117 0.0264213 0.034365
0 0.0119883 0.0218433 0.0281707
0 0.00970066 0.0169968 0.0217449
0 0.00726632 0.0119219 0.0151215
0 0.00470279 0.00666745 0.00832308
0 0.00203248 0.00128458 0.00136857
0 -0.000718403 -0.00417798 -0.00571969
0 -0.0035203 -0.00967667 -0.0129141
0 -0.00634021 -0.0151751 -0.0201776
0 -0.00914467 -0.0206422 -0.0274579
0 -0.0119068 -0.0260484 -0.0346837
0 -0.0146103 -0.0313594 -0.04177
0 -0.0172463 -0.0365319 -0.0486301
0 -0.0198069 -0.0415145 -0.0551842
0 -0.0222644 -0.0462548 -0.06136
0 -0.0245576 -0.050703 -0.0670916
0 -0.0266247 -0.0548077 -0.0723186
0 -0.0284298 -0.0585074 -0.0769886
0 -0.0299567 -0.0617293 -0.0810608
0 -0.0311958 -0.0644001 -0.0845027
0 -0.0321376 -0.0664608 -0.0872795
0 -0.0327712 -0.0678745 -0.0893482
0 -0.0330821 -0.0686257 -0.0906609
0 -0.0330559 -0.0687143 -0.0911702
0 -0.0326897 -0.0681497 -0.0908349
0 -0.0320045 -0.0669466 -0.089624
0 -0.0310415 -0.0651248 -0.0875211
0 -0.02985 -0.0627116 -0.0845279
0 -0.0284765 -0.0597452 -0.0806657
0 -0.0269573 -0.0562752 -0.0759764
0 -0.0253133 -0.0523609 -0.0705231
0 -0.0235496 -0.0480642 -0.0643902
0 -0.0216606 -0.0434443 -0.0576816
0 -0.0196382 -0.0385555 -0.050518
0 -0.0174811 -0.0334464 -0.043032
0 -0.0152 -0.0281613 -0.0353601
0 -0.0128148 -0.0227467 -0.0276307
0 -0.0103508 -0.0172591 -0.0199496
0 -0.00783613 -0.0117649 -0.0123946
0 -0.00530069 -0.00633039 -0.00502514
0 -0.00277569 -0.00101309 0.00210751
0 -0.000291644 0.00413639 0.00895746
0 0.00212325 0.00907225 0.0154813
0 0.00444697 0.0137531 0.0216297
0 0.00666507 0.0181429 0.0273464
0 0.00876514 0.0222104 0.0325802
0 0.0107359 0.0259265 0.0372953
0 0.012567 0.0292645 0.0414698
0 0.0142435 0.0322051 0.0450909
0 0.0157436 0.0347366 0.0481514
0 0.0170413 0.0368527 0.0506487
0 0.0181111 0.0385492 0.0525852
0 0.0189317 0.0398218 0.0539698
0 0.0194881 0.0406639 0.0548164
0 0.0197725 0.0410681 0.0551423
0 0.0197835 0.0410289 0.054966
0 0.01953 0.0405463 0.0543052
0 0.0190339 0.0396288 0.0531749
0 0.0183262 0.0382961 0.0515858
0 0.0174399 0.0365789 0.0495442
0 0.016406 0.0345177 0.0470544
0 0.0152513 0.0321574 0.0441228
0 0.0139995 0.0295427 0.0407634
0 0.0126723 0.0267121 0.0370028
0 0.0112893 0.0236959 0.0328821
0 0.00986549 0.0205176 0.0284547
0 0.0084089 0.0171986 0.0237807
0 0.00692108 0.0137611 0.0189205
0 0.00539921 0.010229 0.0139288
0 0.00383886 0.00662978 0.00885051
0 0.00223717 0.0029931 0.00372426
0 0.000596476 -0.000653017 -0.0014129
0 -0.00107415 -0.00428632 -0.00652197
0 -0.00276077 -0.00788987 -0.0115605
0 -0.00444695 -0.0114483 -0.0164829
0 -0.00611591 -0.0149446 -0.0212437
0 -0.00775459 -0.0183565 -0.0258029
0 -0.00935704 -0.021656 -0.0301261
0 -0.0109226 -0.0248126 -0.0341843
0 -0.0124495 -0.0277962 -0.0379551
0 -0.013929 -0.0305798 -0.0414209
0 -0.0153434 -0.033141 -0.0445662
0 -0.0166662 -0.0354606 -0.047376
0 -0.0178655 -0.0375202 -0.0498355
0 -0.0189082 -0.0392995 -0.0519306
0 -0.0197648 -0.0407756 -0.0536491
0 -0.0204123 -0.041923 -0.0549805
0 -0.0208343 -0.0427161 -0.055915
0 -0.02102 -0.0431314 -0.0564417
0 -0.0209658 -0.0431499 -0.0565472
0 -0.0206807 -0.042759 -0.0562147
0 -0.0201839 -0.0419552 -0.0554243
0 -0.0194992 -0.0407463 -0.0541548
0 -0.0186502 -0.0391527 -0.0523869
0 -0.0176598 -0.0372041 -0.0501069
0 -0.0165484 -0.0349337 -0.0473105
0 -0.0153319 -0.0323715 -0.0440054
0 -0.0140206 -0.0295409 -0.0402123
0 -0.0126206 -0.0264596 -0.0359657
0 -0.0111359 -0.0231429 -0.0313139
0 -0.00956982 -0.019609 -0.0263167
0 -0.00792717 -0.0158813 -0.0210406
0 -0.00621493 -0.0119895 -0.0155509
0 -0.00444123 -0.00796939 -0.00990493
0 -0.00261356 -0.00385972 -0.00415212
0 -0.000739694 0.000304091 0.00166081
0 0.00117084 0.00449214 0.00748646
0 0.00310648 0.00867795 0.0132759
0 0.0050548 0.0128358 0.0189766
0 0.00700552 0.0169375 0.0245305
0 0.00895134 0.0209505 0.0298768
0 0.0108866 0.0248376 0.0349628
0 0.0128049 0.0285582 0.0397492
0 0.0146942 0.0320757 0.0442063
0 0.0165328 0.0353624 0.0483099
0 0.0182904 0.0383974 0.05204
0 0.0199299 0.0411641 0.0553801
0 0.0214077 0.0436446 0.0583177
0 0.0226813 0.0458159 0.0608436
0 0.0237202 0.0476476 0.0629512
0 0.0245078 0.0491051 0.0646382
0 0.0250378 0.0501561 0.0659043
0 0.0253126 0.0507789 0.0667467
0 0.0253396 0.050966 0.0671556
0 0.0251312 0.0507229 0.0671136
0 0.0247065 0.0500649 0.0665975
0 0.0240913 0.0490143 0.0655815
0 0.0233148 0.0475977 0.0640428
0 0.0224069 0.0458441 0.0619676
0 0.0213951 0.0437823 0.0593564
0 0.0203023 0.0414408 0.0562273
0 0.0191428 0.0388467 0.0526154
0 0.0179218 0.0360249 0.0485718
0 0.0166366 0.0329979 0.0441598
0 0.0152793 0.0297855 0.0394512
0 0.0138409 0.0264044 0.0345214
0 0.0123152 0.0228703 0.0294447
0 0.0106995 0.0192021 0.0242863
0 0.00899436 0.0154266 0.0190975
0 0.00720769 0.0115779 0.0139138
0 0.00535725 0.00769444 0.00875963
0 0.00346762 0.00381243 0.00365478
0 0.0015639 -3.71991e-05 -0.00138341
0 -0.000332479 -0.00382979 -0.00634102
0 -0.00220405 -0.00754653 -0.0112056
0 -0.00403507 -0.0111738 -0.0159615
0 -0.00581093 -0.0146995 -0.0205886
0 -0.00752078 -0.018108 -0.0250651
0 -0.00916078 -0.021381 -0.0293672
0 -0.0107336 -0.024501 -0.0334665
0 -0.0122432 -0.0274534 -0.0373335
0 -0.0136914 -0.0302274 -0.0409412
0 -0.0150772 -0.0328168 -0.0442682
0 -0.0163975 -0.0352183 -0.0472996
0 -0.0176461 -0.03743 -0.0500273
0 -0.018814 -0.0394484 -0.0524487
0 -0.0198901 -0.0412677 -0.0545663
0 -0.0208583 -0.0428808 -0.0563871
0 -0.0216946 -0.04428 -0.0579218
0 -0.0223747 -0.0454545 -0.0591813
0 -0.0228837 -0.0463884 -0.0601742
0 -0.0232174 -0.047062 -0.0609076
0 -0.0233783 -0.0474567 -0.0613869
0 -0.0233741 -0.0475619 -0.0616123
0 -0.0232189 -0.0473791 -0.0615765
0 -0.0229316 -0.0469232 -0.0612646
0 -0.0225322 -0.0462186 -0.0606577
0 -0.02204 -0.045294 -0.0597363
0 -0.0214728 -0.044177 -0.0584854
0 -0.0208452 -0.0428892 -0.0568983
0 -0.0201677 -0.0414437 -0.0549785
0 -0.0194452 -0.0398457 -0.052741
0 -0.0186782 -0.0380963 -0.0502119
0 -0.0178626 -0.0361953 -0.0474265
0 -0.0169908 -0.0341439 -0.044425
0 -0.0160532 -0.0319459 -0.0412481
0 -0.0150398 -0.0296079 -0.0379337
0 -0.0139433 -0.0271405 -0.0345152
0 -0.0127623 -0.0245569 -0.03102
0 -0.0115026 -0.0218732 -0.0274695
0 -0.0101761 -0.0191079 -0.023878
0 -0.00879839 -0.0162814 -0.0202533
0 -0.00738722 -0.013416 -0.0165981
0 -0.00596173 -0.0105347 -0.0129139
0 -0.004542 -0.00765938 -0.00920374
0 -0.00314785 -0.00480809 -0.0054744
0 -0.00179592 -0.00199407 -0.00173709
0 -0.000495524 0.000771468 0.00199441
0 0.000752844 0.00347702 0.00570534
0 0.00195448 0.0061121 0.00937839
0 0.00311609 0.00866945 0.0129902
0 0.00424308 0.0111449 0.0165103
0 0.00533934 0.0135351 0.0199034
0 0.00640911 0.0158362 0.0231315
0 0.00745742 0.0180422 0.0261575
0 0.00848793 0.0201445 0.0289511
0 0.00950142 0.0221307 0.0314925
0 0.0104948 0.023985 0.0337725
0 0.011459 0.0256905 0.03579
0 0.012378 0.0272322 0.0375492
0 0.0132301 0.0285978 0.0390571
0 0.0139913 0.0297777 0.0403227
0 0.0146388 0.0307642 0.0413563
0 0.0151533 0.0315498 0.0421683
0 0.0155212 0.0321267 0.0427671
0 0.0157337 0.0324861 0.0431573
0 0.0157866 0.0326192 0.0433373
0 0.0156809 0.0325176 0.0432986
0 0.0154267 0.032176 0.043027
0 0.0150423 0.0315953 0.0425043
0 0.0145495 0.0307839 0.0417104
0 0.01397 0.029757 0.0406255
0 0.0133222 0.0285341 0.0392334
0 0.0126214 0.0271361 0.0375257
0 0.0118789 0.0255821 0.0355052
0 0.0111027 0.023887 0.033187
0 0.0102966 0.0220604 0.0305985
0 0.00946007 0.0201084 0.0277767
0 0.00858851 0.0180365 0.0247643
0 0.0076744 0.0158526 0.0216044
0 0.0067096 0.0135683 0.0183368
0 0.00568879 0.0111985 0.0149942
0 0.00461208 0.00875978 0.0116018
0 0.00348454 0.00626918 0.00817822
0 0.00231519 0.00374265 0.00473944
0 0.00111699 0.00119491 0.00130064
0 -9.47945e-05 -0.00135877 -0.00212426
0 -0.00130472 -0.00390215 -0.00552174
0 -0.00249847 -0.00641797 -0.0088776
0 -0.00366467 -0.00888659 -0.0121769
0 -0.00479508 -0.0112873 -0.0154027
0 -0.00588287 -0.0136021 -0.0185344
0 -0.00692189 -0.0158165 -0.0215487
0 -0.00790744 -0.0179187 -0.0244213
0 -0.00883763 -0.0198982 -0.0271277
0 -0.00971401 -0.0217467 -0.029645
0 -0.0105396 -0.0234579 -0.0319528
0 -0.0113158 -0.0250263 -0.0340341
0 -0.0120401 -0.0264459 -0.035875
0 -0.0127061 -0.0277095 -0.0374651
0 -0.0133041 -0.0288082 -0.0387977
0 -0.013823 -0.0297319 -0.0398704
0 -0.0142516 -0.03047 -0.0406847
0 -0.0145793 -0.0310123 -0.041245
0 -0.0147964 -0.0313497 -0.041557
0 -0.0148942 -0.0314748 -0.041626
0 -0.0148669 -0.0313835 -0.0414569
0 -0.0147136 -0.0310752 -0.0410539
0 -0.0144404 -0.0305533 -0.0404202
0 -0.014059 -0.0298253 -0.0395574
0 -0.0135836 -0.0289026 -0.038466
0 -0.0130285 -0.0278004 -0.037146
0 -0.0124077 -0.0265372 -0.0355989
0 -0.0117336 -0.0251327 -0.0338295
0 -0.0110164 -0.0236055 -0.0318467
0 -0.0102636 -0.0219709 -0.0296638
0 -0.00947973 -0.0202405 -0.0272978
0 -0.00866761 -0.0184231 -0.0247702
0 -0.00782922 -0.0165273 -0.0221058
0 -0.0069662 -0.0145624 -0.0193306
0 -0.00607989 -0.0125396 -0.01647
0 -0.00517218 -0.0104727 -0.0135478
0 -0.00424708 -0.00837667 -0.010587
0 -0.00331091 -0.00626692 -0.00761123
0 -0.00237121 -0.00415855 -0.00464442
0 -0.00143571 -0.00206656 -0.00170936
0 -0.000512032 -5.38498e-06 0.00117237
0 0.00039235 0.00201142 0.00397944
0 0.00127056 0.00397041 0.00669109
0 0.00211726 0.0058571 0.0092881
0 0.00292837 0.00765682 0.0117522
0 0.00369999 0.00935628 0.0140649
0 0.00442797 0.0109431 0.0162084
0 0.00510795 0.0124049 0.018167
0 0.00573502 0.0137298 0.0199263
0 0.00630387 0.0149072 0.0214735
0 0.0068093 0.015929 0.0227986
0 0.0072462 0.0167893 0.0238951
0 0.00760907 0.0174841 0.0247596
0 0.00789218 0.0180097 0.0253915
0 0.00809024 0.018363 0.0257925
0 0.00819923 0.0185413 0.0259665
0 0.0082169 0.0185433 0.0259191
0 0.0081433 0.0183696 0.0256574
0 0.00798131 0.0180227 0.0251889
0 0.00773612 0.0175081 0.0245211
0 0.00741438 0.0168339 0.023661
0 0.0070236 0.0160113 0.0226153
0 0.00657187 0.0150538 0.0213913
0 0.00606796 0.0139763 0.019998
0 0.00552165 0.0127951 0.0184465
0 0.00494393 0.011527 0.0167521
0 0.004346 0.010189 0.0149328
0 0.00373632 0.00879546 0.0130078
0 0.00311793 0.00735778 0.0109939
0 0.00248974 0.00588526 0.00890618
0 0.00185031 0.00438647 0.00675974
0 0.00120068 0.00286984 0.00457247
0 0.000544547 0.00134398 0.00236453
0 -0.000113184 -0.000182795 0.000156689
0 -0.000768385 -0.00170233 -0.00203124
0 -0.0014187 -0.00320564 -0.00418094
0 -0.0020623 -0.00468236 -0.00627555
0 -0.00269631 -0.00612148 -0.00829952
0 -0.00331685 -0.00751229 -0.0102388
0 -0.00392004 -0.00884498 -0.0120812
0 -0.00450208 -0.0101111 -0.0138168
0 -0.00505849 -0.0113038 -0.0154365
0 -0.00558388 -0.0124178 -0.016932
0 -0.00607281 -0.0134478 -0.0182966
0 -0.00652079 -0.0143883 -0.0195255
0 -0.00692454 -0.0152332 -0.0206162
0 -0.00728176 -0.0159765 -0.0215681
0 -0.00759041 -0.0166132 -0.0223813
0 -0.00784807 -0.0171392 -0.0230557
0 -0.00805164 -0.0175518 -0.0235902
0 -0.00819779 -0.0178489 -0.023983
0 -0.00828397 -0.0180296 -0.0242318
0 -0.00830941 -0.0180939 -0.0243345
0 -0.00827584 -0.0180435 -0.0242909
0 -0.00818835 -0.0178822 -0.024103
0 -0.00805481 -0.0176164 -0.0237751
0 -0.00788333 -0.0172544 -0.0233132
0 -0.00768044 -0.0168059 -0.022724
0 -0.00745069 -0.0162811 -0.0220153
0 -0.00719669 -0.0156897 -0.0211954
0 -0.00691969 -0.0150396 -0.0202745
0 -0.0066204 -0.0143369 -0.0192641
0 -0.0062994 -0.0135861 -0.0181766
0 -0.00595707 -0.0127903 -0.0170249
0 -0.0055934 -0.0119521 -0.0158204
0 -0.00520751 -0.0110735 -0.0145718
0 -0.00479739 -0.0101552 -0.0132844
0 -0.00436126 -0.00919741 -0.0119604
0 -0.0039006 -0.0082022 -0.0106024
0 -0.00342184 -0.00717546 -0.00921571
0 -0.00293426 -0.00612644 -0.00780797
0 -0.00244643 -0.00506583 -0.00638679
0 -0.00196439 -0.00400413 -0.00495883
0 -0.00149228 -0.00295131 -0.00353066
0 -0.00103344 -0.00191693 -0.00210981
0 -0.000590693 -0.000909589 -0.000704742
0 -0.000165843 6.44862e-05 0.00067568
0 0.000240728 0.00100209 0.0020228
0 0.000629643 0.00190205 0.00332822
0 0.00100148 0.00276363 0.00458316
0 0.0013559 0.00358532 0.00577795
0 0.00169181 0.00436439 0.00690244
0 0.00200818 0.00509718 0.00794717
0 0.00230461 0.00577941 0.00890453
0 0.002581 0.00640639 0.00976904
0 0.0028366 0.00697319 0.0105367
0 0.00306909 0.00747488 0.0112038
0 0.0032745 0.00790657 0.0117671
0 0.00344795 0.00826357 0.0122235
0 0.00358472 0.00854161 0.0125712
0 0.00368099 0.00873681 0.012809
0 0.00373401 0.0088457 0.0129366
0 0.00374202 0.00886527 0.0129537
0 0.00370423 0.00879322 0.0128597
0 0.00362102 0.00862841 0.0126539
0 0.00349382 0.0083712 0.0123353
0 0.00332468 0.00802344 0.0119028
0 0.00311607 0.00758819 0.0113555
0 0.0028708 0.00706954 0.010693
0 0.00259198 0.00647226 0.0099158
0 0.00228295 0.0058014 0.00902561
0 0.00194715 0.00506191 0.00802569
0 0.00158794 0.00425857 0.00692129
0 0.00120864 0.0033966 0.00571995
0 0.000812588 0.00248251 0.00443148
0 0.000402799 0.00152412 0.00306755
0 -1.84584e-05 0.000529944 0.00164097
0 -0.000449622 -0.000491384 0.000165413
0 -0.000889054 -0.00153124 -0.00134446
0 -0.00133433 -0.00258119 -0.0028729
0 -0.00178245 -0.00363342 -0.00440386
0 -0.00223098 -0.00468111 -0.00592244
0 -0.00267854 -0.0057185 -0.00741574
0 -0.00312402 -0.00674032 -0.00887281
0 -0.00356575 -0.00774089 -0.0102839
0 -0.00400105 -0.00871357 -0.0116403
0 -0.00442589 -0.0096509 -0.0129333
0 -0.00483492 -0.0105449 -0.0141545
0 -0.0052222 -0.0113872 -0.0152957
0 -0.0055825 -0.0121703 -0.0163497
0 -0.00591215 -0.0128871 -0.0173107
0 -0.00620901 -0.0135325 -0.0181747
0 -0.00647168 -0.0141023 -0.0189384
0 -0.00669859 -0.0145931 -0.0195984
0 -0.00688735 -0.0150015 -0.0201509
0 -0.00703498 -0.0153241 -0.0205912
0 -0.00713909 -0.0155577 -0.0209153
0 -0.00719937 -0.015701 -0.0211208
0 -0.00721804 -0.0157551 -0.0212077
0 -0.00719864 -0.0157229 -0.0211782
0 -0.00714459 -0.0156084 -0.0210347
0 -0.00705804 -0.0154155 -0.0207799
0 -0.00693933 -0.015147 -0.0204157
0 -0.0067876 -0.0148046 -0.0199441
0 -0.00660214 -0.0143894 -0.0193681
0 -0.00638321 -0.0139026 -0.0186918
0 -0.00613197 -0.0133459 -0.0179206
0 -0.00585001 -0.0127217 -0.0170602
0 -0.00553896 -0.012033 -0.016116
0 -0.00520054 -0.0112843 -0.0150935
0 -0.00483675 -0.0104809 -0.0139978
0 -0.00445049 -0.00962919 -0.0128344
0 -0.00404622 -0.00873708 -0.0116103
0 -0.00363008 -0.00781384 -0.0103345
0 -0.0032088 -0.00686938 -0.00901782
0 -0.00278785 -0.0059129 -0.00767129
0 -0.00237003 -0.00495164 -0.00630523
0 -0.00195541 -0.00399042 -0.00492877
0 -0.00154287 -0.00303224 -0.00355065
0 -0.00113151 -0.00207964 -0.00217991
0 -0.000721667 -0.00113606 -0.000826262
0 -0.000315898 -0.000206749 0.00049932
0 8.09553e-05 0.000700912 0.00178456
0 0.000463195 0.00157794 0.00301698
0 0.000825831 0.00241461 0.00418516
0 0.00116515 0.00320114 0.00527907
0 0.00147852 0.00392825 0.00628994
0 0.00176443 0.00458845 0.00721056
0 0.00202266 0.00517737 0.00803574
0 0.00225344 0.00569366 0.00876188
0 0.00245588 0.00613721 0.00938565
0 0.00262729 0.00650751 0.00990311
0 0.00276433 0.00680317 0.0103104
0 0.00286478 0.00702264 0.0106053
0 0.00292877 0.00716503 0.0107881
0 0.00295849 0.00723062 0.0108616
0 0.00295678 0.00722073 0.0108302
0 0.00292507 0.00713673 0.0106978
0 0.0028621 0.00697895 0.0104666
0 0.00276454 0.00674664 0.0101366
0 0.00262975 0.00643942 0.0097084
0 0.00245829 0.00605912 0.00918449
0 0.00225401 0.00561002 0.00857007
0 0.00202226 0.00509789 0.00787148
0 0.00176794 0.00452902 0.00709509
0 0.00149507 0.00391014 0.00624715
0 0.00120722 0.00324881 0.00533459
0 0.00090822 0.00255382 0.00436592
0 0.000602375 0.00183507 0.00335151
0 0.000294057 0.0011027 0.00230329
0 -1.2921e-05 0.000366293 0.0012341
0 -0.000315912 -0.000366082 0.00015676
0 -0.000614105 -0.00108896 -0.000917053
0 -0.00090862 -0.00179997 -0.00197745
0 -0.00120152 -0.00249879 -0.00301593
0 -0.0014945 -0.00318551 -0.00402465
0 -0.00178812 -0.0038595 -0.00499629
0 -0.0020815 -0.00451892 -0.00592441
0 -0.00237254 -0.00516056 -0.00680388
0 -0.0026584 -0.00577999 -0.00763115
0 -0.00293577 -0.00637188 -0.00840432
0 -0.0032013 -0.00693076 -0.00912298
0 -0.00345226 -0.00745239 -0.00978838
0 -0.00368726 -0.00793497 -0.0104037
0 -0.00390602 -0.00837923 -0.0109735
0 -0.00410858 -0.00878751 -0.0115027
0 -0.00429477 -0.00916293 -0.0119953
0 -0.00446415 -0.0095085 -0.0124547
0 -0.0046161 -0.00982618 -0.0128826
0 -0.00475016 -0.0101165 -0.0132793
0 -0.00486668 -0.0103793 -0.0136444
0 -0.00496716 -0.010614 -0.0139775
0 -0.0050534 -0.0108202 -0.0142772
0 -0.00512635 -0.0109969 -0.0145415
0 -0.00518575 -0.0111429 -0.0147666
0 -0.00523086 -0.0112571 -0.0149487
0 -0.00526168 -0.011339 -0.0150847
0 -0.00527942 -0.0113899 -0.0151733
0 -0.005286 -0.0114115 -0.0152146
0 -0.00528299 -0.0114056 -0.0152093
0 -0.0052707 -0.0113729 -0.0151584
0 -0.00524828 -0.0113133 -0.0150625
0 -0.00521431 -0.011226 -0.0149227
0 -0.00516697 -0.0111095 -0.0147401
0 -0.00510321 -0.0109605 -0.0145144
0 -0.00501853 -0.0107738 -0.0142432
0 -0.00490811 -0.0105425 -0.0139225
0 -0.0047689 -0.0102607 -0.0135482
0 -0.00460103 -0.00992535 -0.0131173
0 -0.00440756 -0.00953695 -0.0126283
0 -0.00419276 -0.00909901 -0.0120807
0 -0.00396068 -0.00861682 -0.0114735
0 -0.00371494 -0.00809652 -0.0108066
0 -0.00345857 -0.00754413 -0.0100805
0 -0.00319372 -0.00696445 -0.00929679
0 -0.00292163 -0.00636055 -0.00845801
0 -0.00264303 -0.00573412 -0.0075681
0 -0.00235839 -0.00508604 -0.0066325
0 -0.00206786 -0.00441686 -0.00565788
0 -0.00177111 -0.00372716 -0.00465163
0 -0.00146748 -0.003018 -0.00362139
0 -0.00115644 -0.00229132 -0.00257476
0 -0.000837671 -0.00155018 -0.00151899
0 -0.000511661 -0.000798998 -0.00046118
0 -0.000180627 -4.38271e-05 0.0005911
0 0.000151247 0.000707778 0.0016296
0 0.000478827 0.00144747 0.00264596
0 0.000797167 0.00216684 0.00363228
0 0.00110191 0.00285777 0.00458129
0 0.0013893 0.00351251 0.00548606
0 0.00165632 0.00412413 0.00633993
0 0.00190072 0.00468698 0.00713646
0 0.00212057 0.00519673 0.00786892
0 0.00231343 0.00564927 0.00852941
0 0.00247606 0.0060399 0.0091087
0 0.00260543 0.00636338 0.00959726
0 0.00270013 0.00661513 0.00998681
0 0.00276135 0.00679249 0.0102716
0 0.00279214 0.00689506 0.0104487
0 0.00279545 0.00692381 0.0105162
0 0.00277231 0.00687971 0.010473
0 0.00272165 0.00676303 0.0103175
0 0.00264166 0.0065739 0.0100498
0 0.00253146 0.0063133 0.00967228
0 0.00239174 0.00598337 0.00918988
0 0.0022241 0.005587 0.00860954
0 0.00203014 0.00512739 0.00793898
0 0.00181142 0.00460842 0.00718654
0 0.00156989 0.00403533 0.00636131
0 0.00130817 0.00341501 0.00547318
0 0.00102925 0.00275538 0.00453238
0 0.000736088 0.00206453 0.00354903
0 0.000431158 0.0013498 0.00253263
0 0.000116172 0.00061705 0.00149174
0 -0.000207646 -0.000129231 0.000433816
0 -0.000538925 -0.000885335 -0.000634252
0 -0.000875809 -0.00164774 -0.0017057
0 -0.00121611 -0.00241288 -0.00277401
0 -0.00155763 -0.00317701 -0.00383319
0 -0.00189828 -0.00393599 -0.00487792
0 -0.00223585 -0.00468515 -0.00590334
0 -0.00256783 -0.00541931 -0.00690486
0 -0.00289137 -0.00613301 -0.0078782
0 -0.00320348 -0.00682089 -0.00881923
0 -0.00350109 -0.00747802 -0.00972365
0 -0.00378122 -0.00809988 -0.0105868
0 -0.00404122 -0.00868218 -0.0114035
0 -0.00427903 -0.00922101 -0.0121684
0 -0.00449316 -0.00971288 -0.0128757
0 -0.00468224 -0.0101544 -0.0135187
0 -0.00484439 -0.0105414 -0.0140896
0 -0.00497726 -0.0108686 -0.0145796
0 -0.00507899 -0.0111308 -0.01498
0 -0.0051494 -0.0113239 -0.0152838
0 -0.00519048 -0.0114469 -0.0154868
0 -0.00520551 -0.0115008 -0.0155875
0 -0.00519708 -0.0114883 -0.015586
0 -0.00516547 -0.0114112 -0.0154826
0 -0.00510834 -0.0112697 -0.015277
0 -0.00502221 -0.0110623 -0.0149698
0 -0.00490481 -0.010788 -0.0145632
0 -0.00475652 -0.0104471 -0.0140626
0 -0.00457974 -0.0100422 -0.0134751
0 -0.0043773 -0.00957711 -0.0128085
0 -0.00415138 -0.00905664 -0.0120702
0 -0.00390363 -0.00848642 -0.011267
0 -0.00363586 -0.00787291 -0.0104057
0 -0.00335055 -0.0072229 -0.00949341
0 -0.00305079 -0.00654301 -0.0085378
0 -0.00274025 -0.00583972 -0.00754711
0 -0.00242329 -0.00511994 -0.00653051
0 -0.00210503 -0.00439159 -0.00549859
0 -0.00179086 -0.00366347 -0.00446305
0 -0.00148551 -0.00294461 -0.0034359
0 -0.00119226 -0.00224376 -0.00242862
0 -0.000912172 -0.00156849 -0.00145136
0 -0.000644017 -0.000923882 -0.000512202
0 -0.00038564 -0.000312254 0.000382535
0 -0.000135641 0.000265953 0.00122722
0 0.000105635 0.000810998 0.00201634
0 0.000336092 0.00132284 0.00274453
0 0.000552144 0.00179977 0.00340646
0 0.000749132 0.00223722 0.00399669
0 0.00092234 0.00262798 0.00451015
0 0.00106819 0.0029636 0.00494287
0 0.00118496 0.00323644 0.00529261
0 0.00127302 0.00344161 0.00555915
0 0.0013341 0.00357816 0.005744
0 0.00136993 0.00364861 0.00584922
0 0.0013812 0.00365759 0.00587647
0 0.00136779 0.00361058 0.00582707
0 0.00132993 0.00351315 0.00570283
0 0.00126921 0.00337038 0.00550684
0 0.00118862 0.0031866 0.00524365
0 0.00109192 0.00296532 0.00491898
0 0.000982315 0.00270916 0.00453878
0 0.00086117 0.00241956 0.00410819
0 0.00072769 0.00209697 0.00363102
0 0.000579939 0.00174151 0.00311042
0 0.000416231 0.00135378 0.00254963
0 0.000236192 0.000935415 0.00195266
0 4.12722e-05 0.000489412 0.00132449
0 -0.000165574 2.01629e-05 0.000670919
0 -0.0003808 -0.000467031 -2.1095e-06
0 -0.000601164 -0.000966566 -0.000689097
0 -0.000824262 -0.00147308 -0.00138523
0 -0.00104856 -0.00198189 -0.00208639
0 -0.001273 -0.00248922 -0.00278881
0 -0.00149645 -0.00299198 -0.00348873
0 -0.00171743 -0.00348755 -0.00418206
0 -0.00193415 -0.00397358 -0.00486439
0 -0.00214479 -0.0044477 -0.00553119
0 -0.00234736 -0.00490701 -0.00617765
0 -0.00253978 -0.00534766 -0.00679861
0 -0.00272005 -0.00576511 -0.00738879
0 -0.00288662 -0.00615477 -0.00794312
0 -0.0030386 -0.00651273 -0.00845697
0 -0.00317566 -0.00683616 -0.00892622
0 -0.00329767 -0.00712321 -0.00934709
0 -0.00340433 -0.00737273 -0.00971599
0 -0.00349509 -0.00758401 -0.0100296
0 -0.00356934 -0.00775654 -0.0102851
0 -0.00362669 -0.00788992 -0.0104804
0 -0.003667 -0.00798372 -0.0106144
0 -0.00369036 -0.00803746 -0.0106867
0 -0.00369693 -0.0080507 -0.0106977
0 -0.0036868 -0.00802318 -0.0106486
0 -0.00365996 -0.00795504 -0.0105409
0 -0.00361628 -0.00784686 -0.0103768
0 -0.00355561 -0.00769967 -0.0101585
0 -0.00347787 -0.00751483 -0.00988869
0 -0.00338296 -0.00729371 -0.00956988
0 -0.00327063 -0.00703724 -0.0092043
0 -0.00314061 -0.00674589 -0.00879369
0 -0.00299293 -0.00641994 -0.0083396
0 -0.00282822 -0.00606006 -0.00784362
0 -0.0026479 -0.00566773 -0.00730771
0 -0.00245431 -0.00524576 -0.00673458
0 -0.00225055 -0.00479838 -0.00612784
0 -0.00203987 -0.00433069 -0.00549175
0 -0.00182502 -0.00384806 -0.00483082
0 -0.00160811 -0.00335554 -0.0041497
0 -0.00139052 -0.00285738 -0.00345305
0 -0.00117292 -0.00235665 -0.00274531
0 -0.000955264 -0.00185518 -0.00203066
0 -0.000737376 -0.00135408 -0.00131328
0 -0.000519435 -0.00085427 -0.000597537
0 -0.000302082 -0.000356882 0.000112098
0 -8.63922e-05 0.000136334 0.000811066
0 0.00012591 0.000622459 0.00149442
0 0.000332467 0.00109722 0.00215678
0 0.000530826 0.0015554 0.0027927
0 0.000718909 0.00199156 0.00339716
0 0.000894946 0.00240043 0.00396546
0 0.00105713 0.00277711 0.004493
0 0.00120345 0.00311721 0.00497498
0 0.00133184 0.00341707 0.00540654
0 0.00144073 0.00367413 0.0057832
0 0.00152957 0.00388719 0.00610139
0 0.00159871 0.00405618 0.00635854
0 0.00164875 0.00418134 0.00655251
0 0.00167953 0.0042621 0.00668082
0 0.00168989 0.00429667 0.00674042
0 0.00167844 0.00428262 0.00672854
0 0.00164495 0.0042183 0.00664393
0 0.00159082 0.00410383 0.00648746
0 0.00151808 0.00394081 0.00626147
0 0.00142817 0.00373155 0.00596872
0 0.00132132 0.00347836 0.00561176
0 0.00119712 0.00318353 0.00519326
0 0.00105536 0.00284948 0.00471654
0 0.000896835 0.0024791 0.00418614
0 0.000723484 0.00207595 0.00360788
0 0.000537936 0.00164409 0.00298844
0 0.000342081 0.00118709 0.00233405
0 0.000135025 0.000705977 0.00164824
0 -8.76086e-05 0.000197986 0.000930625
0 -0.000331094 -0.000341785 0.000178663
0 -0.000597568 -0.000916722 -0.000608816
0 -0.000884657 -0.00152657 -0.00143001
0 -0.00118729 -0.00216786 -0.00228134
0 -0.00149967 -0.00283479 -0.00315874
0 -0.00181583 -0.00351922 -0.00405774
0 -0.00212961 -0.00421097 -0.00497291
0 -0.00243561 -0.00489937 -0.00589813
0 -0.00273116 -0.00557608 -0.00682839
0 -0.00301753 -0.00623724 -0.00776087
0 -0.00329832 -0.00688338 -0.00869398
0 -0.0035765 -0.00751737 -0.00962501
0 -0.00385251 -0.0081421 -0.0105486
0 -0.0041245 -0.00875876 -0.011457
0 -0.00439011 -0.00936632 -0.0123421
0 -0.00464807 -0.00996205 -0.0131963
0 -0.00489856 -0.010542 -0.0140137
0 -0.00514179 -0.0111008 -0.0147889
0 -0.00537607 -0.011631 -0.0155158
0 -0.00559713 -0.0121238 -0.0161869
0 -0.00579912 -0.0125704 -0.0167936
0 -0.0059762 -0.0129624 -0.0173281
0 -0.00612359 -0.0132932 -0.0177832
0 -0.00623846 -0.0135579 -0.0181537
0 -0.00632045 -0.0137539 -0.018436
0 -0.00637104 -0.0138813 -0.0186283
0 -0.00639224 -0.013941 -0.0187298
0 -0.00638564 -0.0139351 -0.01874
0 -0.00635243 -0.0138658 -0.0186589
0 -0.00629362 -0.0137357 -0.0184877
0 -0.00620968 -0.0135467 -0.0182279
0 -0.00610002 -0.0132992 -0.0178812
0 -0.00596327 -0.0129926 -0.0174491
0 -0.00579837 -0.0126257 -0.0169338
0 -0.00560541 -0.0121987 -0.0163385
0 -0.00538549 -0.0117127 -0.0156673
0 -0.00514008 -0.0111705 -0.0149245
0 -0.00487081 -0.0105758 -0.0141137
0 -0.00457969 -0.00993356 -0.013239
0 -0.00426936 -0.0092493 -0.0123047
0 -0.00394293 -0.00852893 -0.011316
0 -0.00360372 -0.00777812 -0.0102782
0 -0.00325489 -0.00700189 -0.00919726
0 -0.00289914 -0.00620468 -0.00807952
0 -0.0025386 -0.00539062 -0.00693183
0 -0.00217473 -0.0045636 -0.00576138
0 -0.00180848 -0.0037273 -0.00457567
0 -0.00144066 -0.00288518 -0.00338229
0 -0.00107198 -0.00204073 -0.00218871
0 -0.00070308 -0.00119783 -0.00100204
0 -0.000335136 -0.000361028 0.000170659
0 2.90574e-05 0.000463976 0.00132162
0 0.000384837 0.00126982 0.00244177
0 0.000726718 0.00204785 0.00352139
0 0.00105012 0.00278936 0.00455139
0 0.00135275 0.00348719 0.00552457
0 0.00163464 0.00413665 0.00643592
0 0.00189657 0.00473517 0.0072814
0 0.00213811 0.0052809 0.00805622
0 0.00235681 0.00577156 0.00875416
0 0.00254918 0.00620425 0.00936851
0 0.00271234 0.00657583 0.00989341
0 0.00284475 0.00688313 0.0103245
0 0.00294605 0.00712305 0.0106587
0 0.00301652 0.00729276 0.010894
0 0.00305654 0.00739021 0.0110294
0 0.00306631 0.00741444 0.0110642
0 0.00304562 0.00736561 0.0109988
0 0.00299406 0.00724481 0.0108339
0 0.00291151 0.00705388 0.0105709
0 0.00279881 0.00679569 0.0102128
0 0.00265837 0.00647457 0.0097644
0 0.00249391 0.00609621 0.00923245
0 0.00230946 0.00566701 0.00862476
0 0.00210836 0.00519335 0.0079495
0 0.00189246 0.00468077 0.00721443
0 0.00166207 0.00413355 0.00642644
0 0.00141684 0.00355499 0.00559192
0 0.00115744 0.00294861 0.00471802
0 0.000886612 0.00231931 0.00381358
0 0.000608816 0.0016735 0.00288892
0 0.000328533 0.00101833 0.00195456
0 4.86084e-05 0.000360376 0.00101954
0 -0.000230559 -0.000295506 9.04278e-05
0 -0.00051009 -0.000946249 -0.000828191
0 -0.000790296 -0.00158906 -0.00173176
0 -0.001069 -0.00221981 -0.00261417
0 -0.00134202 -0.00283291 -0.00346787
0 -0.00160483 -0.00342235 -0.00428527
0 -0.00185395 -0.00398255 -0.00505998
0 -0.0020874 -0.00450901 -0.00578729
0 -0.00230466 -0.0049985 -0.00646403
0 -0.00250585 -0.00544882 -0.00708814
0 -0.00269082 -0.00585846 -0.00765785
0 -0.0028587 -0.00622647 -0.00817125
0 -0.00300808 -0.00655219 -0.00862622
0 -0.00313748 -0.00683503 -0.00902073
0 -0.00324591 -0.00707441 -0.00935331
0 -0.00333338 -0.00726997 -0.00962341
0 -0.00340088 -0.00742188 -0.00983155
0 -0.00345004 -0.00753091 -0.00997914
0 -0.0034824 -0.00759836 -0.010068
0 -0.00349912 -0.0076261 -0.0101003
0 -0.00350092 -0.00761644 -0.0100784
0 -0.00348831 -0.00757206 -0.010005
0 -0.00346181 -0.00749576 -0.00988351
0 -0.00342216 -0.00739026 -0.00971772
0 -0.00337034 -0.00725811 -0.00951193
0 -0.00330763 -0.00710178 -0.00927085
0 -0.00323546 -0.0069238 -0.0089995
0 -0.00315529 -0.00672694 -0.00870301
0 -0.00306841 -0.00651417 -0.00838641
0 -0.00297587 -0.00628863 -0.00805444
0 -0.00287858 -0.00605356 -0.00771152
0 -0.00277748 -0.00581217 -0.0073619
0 -0.00267377 -0.00556765 -0.00700969
0 -0.00256872 -0.00532288 -0.00665878
0 -0.00246325 -0.00507991 -0.00631225
0 -0.00235748 -0.00483965 -0.00597205
0 -0.00225109 -0.00460208 -0.00563915
0 -0.0021439 -0.00436695 -0.00531415
0 -0.00203626 -0.00413424 -0.00499754
0 -0.00192889 -0.00390434 -0.00468976
0 -0.0018227 -0.00367806 -0.00439108
0 -0.00171858 -0.00345649 -0.00410154
0 -0.00161723 -0.00324076 -0.00382093
0 -0.00151882 -0.00303155 -0.00354855
0 -0.00142281 -0.00282858 -0.00328295
0 -0.00132811 -0.00263052 -0.00302209
0 -0.00123391 -0.0024357 -0.0027641
0 -0.0011407 -0.00224327 -0.00250834
0 -0.0010505 -0.00205402 -0.00225585
0 -0.000965892 -0.00187004 -0.00200871
0 -0.000888552 -0.00169366 -0.00176885
0 -0.000818578 -0.00152675 -0.00153747
0 -0.000754975 -0.0013706 -0.00131535
0 -0.000696585 -0.00122614 -0.00110355
0 -0.000642669 -0.00109391 -0.000903669
0 -0.000592963 -0.000973955 -0.000717691
0 -0.000547565 -0.000865854 -0.00054773
0 -0.000507049 -0.000769374 -0.000396127
0 -0.000472645 -0.000685257 -0.000265703
0 -0.000445986 -0.000615493 -0.000159619
0 -0.00042846 -0.000562902 -8.08451e-05
0 -0.000420767 -0.000530471 -3.17304e-05
0 -0.000422823 -0.000520659 -1.37907e-05
0 -0.000433837 -0.000534705 -2.75699e-05
0 -0.000452658 -0.000572331 -7.27554e-05
0 -0.00047838 -0.000632071 -0.000148607
0 -0.000510725 -0.000711869 -0.000254297
0 -0.000549904 -0.000809559 -0.000388868
0 -0.000596262 -0.000923257 -0.000551066
0 -0.000650145 -0.00105184 -0.000739415
0 -0.000711948 -0.00119525 -0.000952442
0 -0.000782006 -0.00135431 -0.0011887
0 -0.00086041 -0.00153011 -0.00144662
0 -0.000947009 -0.00172345 -0.00172459
0 -0.00104151 -0.00193448 -0.002021
0 -0.00114334 -0.00216228 -0.00233415
0 -0.00125148 -0.00240462 -0.00266205
0 -0.00136447 -0.00265823 -0.00300239
0 -0.00148074 -0.00291937 -0.00335284
0 -0.00159873 -0.00318441 -0.00371106
0 -0.0017169 -0.00345004 -0.00407454
0 -0.00183354 -0.0037133 -0.00444034
0 -0.00194682 -0.00397148 -0.00480508
0 -0.00205496 -0.00422205 -0.00516496
0 -0.00215649 -0.00446265 -0.0055159
0 -0.00225041 -0.00469096 -0.00585371
0 -0.00233639 -0.00490484 -0.00617435
0 -0.0024149 -0.00510273 -0.00647432
0 -0.00248734 -0.00528418 -0.00675117
0 -0.00255559 -0.00544999 -0.00700342
0 -0.00262113 -0.00560151 -0.00723012
0 -0.0026841 -0.00573968 -0.00743015
0 -0.00274302 -0.00586415 -0.00760182
0 -0.00279526 -0.005973 -0.00774311
0 -0.0028382 -0.00606334 -0.00785238
0 -0.00287012 -0.00613212 -0.00792899
0 -0.00289078 -0.00617714 -0.00797367
0 -0.00290126 -0.00619781 -0.00798845
0 -0.00290321 -0.00619521 -0.00797605
0 -0.00289783 -0.0061716 -0.00793905
0 -0.0028856 -0.00612988 -0.00787956
0 -0.00286646 -0.00607305 -0.0077993
0 -0.00284005 -0.00600344 -0.00769958
0 -0.00280592 -0.00592221 -0.00758135
0 -0.00276393 -0.00582936 -0.00744542
0 -0.00271459 -0.00572435 -0.00729281
0 -0.00265896 -0.00560664 -0.00712478
0 -0.00259838 -0.0054763 -0.00694279
0 -0.00253434 -0.00533451 -0.00674852
0 -0.00246837 -0.00518377 -0.00654404
0 -0.00240186 -0.00502753 -0.00633165
0 -0.00233589 -0.00486952 -0.00611378
0 -0.00227125 -0.00471319 -0.00589296
0 -0.00220866 -0.00456129 -0.00567194
0 -0.00214838 -0.00441525 -0.00545323
0 -0.00208969 -0.00427466 -0.00523844
0 -0.00203099 -0.00413738 -0.00502815
0 -0.00197055 -0.00400056 -0.00482239
0 -0.00190717 -0.00386166 -0.00462106
0 -0.00184045 -0.00371909 -0.00442417
0 -0.00177105 -0.00357288 -0.0042321
0 -0.0017005 -0.00342475 -0.00404552
0 -0.00163065 -0.0032775 -0.00386512
0 -0.00156311 -0.00313426 -0.00369127
0 -0.00149904 -0.00299785 -0.003524
0 -0.00143908 -0.00287019 -0.003363
0 -0.00138323 -0.00275184 -0.00320761
0 -0.00133111 -0.00264208 -0.00305706
0 -0.00128236 -0.0025394 -0.00291085
0 -0.00123681 -0.00244216 -0.00276893
0 -0.00119456 -0.00234907 -0.00263183
0 -0.00115602 -0.00225984 -0.00250071
0 -0.00112171 -0.00217523 -0.00237717
0 -0.00109185 -0.00209671 -0.00226288
0 -0.00106622 -0.00202595 -0.00215928
0 -0.00104438 -0.00196448 -0.00206761
0 -0.00102603 -0.0019136 -0.00198918
0 -0.0010113 -0.00187421 -0.00192541
0 -0.00100071 -0.0018469 -0.00187784
0 -0.000994979 -0.00183191 -0.00184793
0 -0.000994855 -0.00182942 -0.00183697
0 -0.00100088 -0.00183963 -0.00184593
0 -0.00101312 -0.00186275 -0.00187525
0 -0.00103077 -0.00189841 -0.00192433
0 -0.0010519 -0.00194511 -0.00199119
0 -0.00107406 -0.00200025 -0.00207275
0 -0.00109524 -0.00206074 -0.00216557
0 -0.00111464 -0.00212381 -0.00226661
0 -0.00113286 -0.00218763 -0.00237356
0 -0.00115148 -0.00225153 -0.00248471
0 -0.00117211 -0.00231568 -0.00259846
0 -0.0011957 -0.00238071 -0.00271295
0 -0.00122249 -0.00244739 -0.00282616
0 -0.00125226 -0.00251653 -0.00293633
0 -0.00128485 -0.00258888 -0.00304238
0 -0.0013205 -0.00266513 -0.00314432
0 -0.00135987 -0.00274594 -0.00324327
0 -0.00140352 -0.00283161 -0.003341
0 -0.00145102 -0.00292143 -0.00343893
0 -0.00150042 -0.00301336 -0.00353752
0 -0.00154883 -0.00310442 -0.00363634
0 -0.00159343 -0.00319152 -0.0037347
0 -0.00163224 -0.00327213 -0.003832
0 -0.00166481 -0.00334511 -0.00392831
0 -0.00169272 -0.00341141 -0.00402482
0 -0.00171884 -0.00347392 -0.00412345
0 -0.00174572 -0.00353602 -0.00422556
0 -0.00177447 -0.00360037 -0.00433112
0 -0.00180519 -0.00366874 -0.00443925
0 -0.00183793 -0.0037424 -0.00454916
0 -0.00187302 -0.00382203 -0.00466057
0 -0.00191053 -0.00390713 -0.00477316
0 -0.00194977 -0.00399576 -0.0048861
0 -0.00198949 -0.00408508 -0.00499817
0 -0.0020284 -0.00417214 -0.00510822
0 -0.00206533 -0.00425444 -0.00521516
0 -0.00209916 -0.00433008 -0.00531781
0 -0.00212894 -0.0043978 -0.0054149
0 -0.00215395 -0.00445698 -0.00550508
0 -0.00217388 -0.00450747 -0.00558699
0 -0.00218869 -0.00454931 -0.00565922
0 -0.00219859 -0.00458249 -0.00572031
0 -0.00220398 -0.00460686 -0.00576883
0 -0.00220531 -0.0046221 -0.00580341
0 -0.00220299 -0.00462781 -0.00582278
0 -0.00219728 -0.00462354 -0.00582587
0 -0.0021883 -0.00460893 -0.00581183
0 -0.00217592 -0.0045837 -0.00578008
0 -0.00215986 -0.00454762 -0.00573029
0 -0.00213968 -0.00450049 -0.00566241
0 -0.00211488 -0.00444208 -0.00557662
0 -0.00208502 -0.00437212 -0.00547338
0 -0.00204985 -0.00429045 -0.00535342
0 -0.00200956 -0.00419739 -0.005218
0 -0.00196509 -0.00409411 -0.00506915
0 -0.00191789 -0.00398265 -0.00490954
0 -0.00186918 -0.00386531 -0.0047418
0 -0.00181915 -0.00374373 -0.00456776
0 -0.0017669 -0.00361841 -0.00438814
0 -0.00171108 -0.003489 -0.00420307
0 -0.00165079 -0.00335482 -0.00401274
0 -0.00158587 -0.00321516 -0.00381754
0 -0.00151665 -0.00306936 -0.00361788
0 -0.00144358 -0.00291684 -0.0034138
0 -0.00136709 -0.00275727 -0.00320502
0 -0.00128774 -0.00259097 -0.00299115
0 -0.00120672 -0.00241946 -0.00277239
0 -0.00112611 -0.0022457 -0.00254995
0 -0.00104844 -0.00207362 -0.00232596
0 -0.000976008 -0.00190728 -0.00210294
0 -0.000910462 -0.00175038 -0.00188363
0 -0.000852966 -0.00160604 -0.0016712
0 -0.000804353 -0.00147689 -0.00146934
0 -0.000765121 -0.00136491 -0.00128223
0 -0.000735377 -0.00127146 -0.00111424
0 -0.000714899 -0.00119736 -0.000969793
0 -0.000703298 -0.00114317 -0.0008532
0 -0.000700138 -0.00110943 -0.000768509
0 -0.00070497 -0.00109668 -0.000719236
0 -0.000717197 -0.00110534 -0.000707962
0 -0.000735852 -0.00113527 -0.000735862
0 -0.000759691 -0.0011856 -0.000802565
0 -0.000787685 -0.00125502 -0.000906479
0 -0.000819489 -0.00134215 -0.00104524
0 -0.000855482 -0.00144575 -0.0012159
0 -0.000896442 -0.00156472 -0.00141492
0 -0.00094318 -0.00169801 -0.00163816
0 -0.000996321 -0.00184471 -0.0018811
0 -0.00105626 -0.00200397 -0.00213914
0 -0.00112324 -0.00217508 -0.00240796
0 -0.00119738 -0.00235728 -0.00268383
0 -0.00127864 -0.00254966 -0.00296369
0 -0.00136664 -0.00275093 -0.00324517
0 -0.00146064 -0.00295939 -0.00352652
0 -0.0015597 -0.0031732 -0.00380671
0 -0.0016629 -0.00339069 -0.00408559
0 -0.00176941 -0.00361059 -0.00436381
0 -0.00187823 -0.00383194 -0.00464241
0 -0.00198791 -0.00405382 -0.00492232
0 -0.00209646 -0.00427496 -0.00520391
0 -0.00220138 -0.00449344 -0.00548665
0 -0.00230023 -0.00470681 -0.00576925
0 -0.00239123 -0.00491237 -0.00604997
0 -0.00247351 -0.00510761 -0.00632672
0 -0.00254697 -0.00529032 -0.00659694
0 -0.00261195 -0.00545875 -0.00685746
0 -0.00266893 -0.00561165 -0.00710456
0 -0.00271841 -0.00574835 -0.00733407
0 -0.00276087 -0.00586857 -0.00754174
0 -0.00279678 -0.00597225 -0.00772347
0 -0.0028266 -0.00605934 -0.0078757
0 -0.00285095 -0.0061298 -0.00799577
0 -0.0028706 -0.00618369 -0.00808215
0 -0.00288628 -0.00622109 -0.00813453
0 -0.00289831 -0.00624205 -0.00815352
0 -0.00290638 -0.00624646 -0.0081404
0 -0.00290952 -0.00623401 -0.00809692
0 -0.00290595 -0.00620395 -0.00802484
0 -0.0028934 -0.00615489 -0.00792568
0 -0.00286953 -0.00608513 -0.00780078
0 -0.0028327 -0.00599304 -0.00765139
0 -0.00278235 -0.00587772 -0.007479
0 -0.00271923 -0.00573946 -0.00728536
0 -0.002645 -0.00557982 -0.00707232
0 -0.00256166 -0.00540138 -0.00684139
0 -0.00247105 -0.00520722 -0.00659362
0 -0.00237488 -0.00500072 -0.00632976
0 -0.00227485 -0.00478525 -0.00605072
0 -0.00217282 -0.00456395 -0.00575781
0 -0.00207056 -0.00433945 -0.00545276
0 -0.00196921 -0.00411337 -0.00513736
0 -0.0018689 -0.00388609 -0.00481309
0 -0.00176896 -0.00365698 -0.00448121
0 -0.00166846 -0.00342507 -0.00414307
0 -0.00156648 -0.00318945 -0.00380026
0 -0.00146226 -0.00294947 -0.0034544
0 -0.00135516 -0.00270483 -0.00310698
0 -0.00124482 -0.00245574 -0.00275934
0 -0.0011313 -0.00220294 -0.00241269
0 -0.00101496 -0.00194752 -0.00206801
0 -0.000896447 -0.0016907 -0.00172597
0 -0.000776638 -0.00143373 -0.00138695
0 -0.000656665 -0.00117791 -0.00105119
0 -0.000537907 -0.000924638 -0.00071899
0 -0.000421899 -0.00067548 -0.000390826
0 -0.000310129 -0.000432159 -6.74195e-05
0 -0.000203792 -0.000196429 0.000250315
0 -0.00010365 3.00849e-05 0.000561256
0 -1.00693e-05 0.000245987 0.000864021
0 7.68546e-05 0.000450143 0.00115688
0 0.000157061 0.000641564 0.0014376
0 0.0002303 0.000819206 0.00170338
0 0.000296135 0.00098188 0.00195095
0 0.000354166 0.00112836 0.00217688
0 0.000404231 0.00125748 0.00237795
0 0.000446396 0.00136819 0.00255126
0 0.000480787 0.00145944 0.00269429
0 0.000507428 0.00153022 0.00280493
0 0.000526152 0.00157957 0.00288147
0 0.000536589 0.00160663 0.00292265
0 0.000538202 0.00161066 0.0029277
0 0.000530353 0.001591 0.0028963
0 0.000512385 0.00154708 0.00282857
0 0.000483703 0.00147843 0.002725
0 0.000443847 0.0013847 0.00258639
0 0.000392522 0.00126572 0.00241375
0 0.00032961 0.00112155 0.00220825
0 0.000255169 0.000952529 0.0019711
0 0.000169431 0.000759316 0.00170353
0 7.27942e-05 0.000542878 0.00140676
0 -3.41227e-05 0.000304537 0.00108208
0 -0.000150329 4.60913e-05 0.00073105
0 -0.000274394 -0.000230112 0.000355663
0 -0.000404637 -0.000521327 -4.17173e-05
0 -0.000539444 -0.000824679 -0.000458478
0 -0.000677428 -0.00113736 -0.000891797
0 -0.000817391 -0.00145668 -0.00133858
0 -0.000958267 -0.0017801 -0.00179542
0 -0.00109917 -0.00210538 -0.00225869
0 -0.00123962 -0.0024308 -0.00272484
0 -0.00137965 -0.00275533 -0.00319079
0 -0.00151967 -0.00307851 -0.0036539
0 -0.00166009 -0.00340002 -0.00411176
0 -0.00180094 -0.00371923 -0.00456193
0 -0.00194137 -0.00403459 -0.00500163
0 -0.00207934 -0.00434318 -0.00542735
0 -0.00221189 -0.00464075 -0.00583495
0 -0.00233597 -0.00492237 -0.00622022
0 -0.00244908 -0.00518306 -0.00657927
0 -0.0025494 -0.00541828 -0.00690849
0 -0.00263574 -0.00562442 -0.00720451
0 -0.00270779 -0.00579937 -0.00746453
0 -0.00276627 -0.00594295 -0.00768656
0 -0.00281235 -0.0060564 -0.00786921
0 -0.00284703 -0.0061416 -0.00801123
0 -0.00287105 -0.00620045 -0.00811159
0 -0.00288507 -0.00623468 -0.00816987
0 -0.00289001 -0.00624574 -0.00818656
0 -0.00288689 -0.00623484 -0.00816315
0 -0.00287667 -0.00620291 -0.00810199
0 -0.00285998 -0.00615077 -0.00800604
0 -0.00283704 -0.0060793 -0.00787875
0 -0.00280769 -0.00598963 -0.00772391
0 -0.00277154 -0.00588314 -0.00754542
0 -0.00272812 -0.00576137 -0.00734725
0 -0.00267707 -0.00562583 -0.00713317
0 -0.00261826 -0.00547793 -0.00690665
0 -0.00255196 -0.00531904 -0.00667084
0 -0.00247891 -0.00515062 -0.00642857
0 -0.00240033 -0.00497435 -0.00618232
0 -0.00231766 -0.00479216 -0.00593417
0 -0.00223247 -0.00460622 -0.00568579
0 -0.00214631 -0.0044189 -0.00543854
0 -0.0020607 -0.00423267 -0.00519362
0 -0.00197706 -0.00404995 -0.00495216
0 -0.00189675 -0.00387301 -0.0047154
0 -0.00182097 -0.00370389 -0.00448476
0 -0.00175068 -0.00354426 -0.00426186
0 -0.00168646 -0.00339524 -0.00404839
0 -0.00162827 -0.00325728 -0.00384584
0 -0.00157563 -0.00313027 -0.00365556
0 -0.00152783 -0.00301379 -0.00347881
0 -0.0014842 -0.00290738 -0.00331683
0 -0.00144412 -0.00281059 -0.00317074
0 -0.00140701 -0.00272299 -0.00304128
0 -0.00137222 -0.00264399 -0.00292866
0 -0.00133906 -0.00257284 -0.00283244
0 -0.00130692 -0.00250866 -0.00275162
0 -0.00127549 -0.00245065 -0.00268479
0 -0.00124481 -0.00239808 -0.00263022
0 -0.00121514 -0.00235032 -0.00258595
0 -0.0011869 -0.00230687 -0.00254983
0 -0.00116072 -0.00226747 -0.00251979
0 -0.00113761 -0.00223246 -0.00249426
0 -0.00111886 -0.00220277 -0.00247234
0 -0.00110565 -0.00217963 -0.00245363
0 -0.00109863 -0.00216416 -0.00243802
0 -0.00109793 -0.00215714 -0.00242572
0 -0.00110326 -0.00215902 -0.00241735
0 -0.00111417 -0.0021699 -0.00241404
0 -0.00113006 -0.00218958 -0.00241735
0 -0.00115025 -0.00221755 -0.00242906
0 -0.00117403 -0.00225321 -0.00245107
0 -0.0012008 -0.00229611 -0.00248532
0 -0.00123011 -0.00234608 -0.00253362
0 -0.00126161 -0.00240324 -0.00259749
0 -0.001295 -0.00246791 -0.00267796
0 -0.00133009 -0.00254051 -0.00277551
0 -0.00136692 -0.00262152 -0.00289016
0 -0.00140579 -0.00271142 -0.00302157
0 -0.00144729 -0.00281066 -0.00316906
0 -0.00149214 -0.00291951 -0.00333171
0 -0.00154101 -0.00303807 -0.00350831
0 -0.00159438 -0.00316619 -0.0036974
0 -0.00165256 -0.00330355 -0.00389744
0 -0.00171565 -0.00344973 -0.0041069
0 -0.00178357 -0.00360416 -0.00432439
0 -0.001856 -0.0037661 -0.00454865
0 -0.00193227 -0.0039345 -0.00477845
0 -0.00201135 -0.00410788 -0.00501247
0 -0.00209188 -0.00428438 -0.00524928
0 -0.00217248 -0.0044619 -0.00548742
0 -0.00225189 -0.0046383 -0.00572548
0 -0.00232903 -0.00481152 -0.00596199
0 -0.00240299 -0.0049796 -0.00619535
0 -0.00247295 -0.0051408 -0.00642369
0 -0.00253819 -0.00529361 -0.0066449
0 -0.00259816 -0.00543678 -0.00685666
0 -0.00265247 -0.00556927 -0.0070565
0 -0.00270094 -0.00569019 -0.00724195
0 -0.00274355 -0.00579877 -0.00741056
0 -0.00278041 -0.00589426 -0.00756004
0 -0.00281168 -0.00597598 -0.00768834
0 -0.00283748 -0.00604325 -0.00779368
0 -0.00285772 -0.00609538 -0.00787452
0 -0.00287207 -0.00613159 -0.00792958
0 -0.00287999 -0.00615107 -0.00795786
0 -0.00288088 -0.00615301 -0.00795871
0 -0.00287414 -0.00613668 -0.00793188
0 -0.00285927 -0.00610145 -0.00787743
0 -0.00283582 -0.0060468 -0.00779569
0 -0.00280344 -0.00597242 -0.00768715
0 -0.00276191 -0.00587818 -0.00755242
0 -0.00271116 -0.00576424 -0.00739219
0 -0.00265135 -0.00563105 -0.0072073
0 -0.00258287 -0.00547943 -0.00699868
0 -0.00250636 -0.00531048 -0.00676743
0 -0.00242252 -0.00512553 -0.00651472
0 -0.00233215 -0.00492602 -0.00624181
0 -0.00223605 -0.00471341 -0.00595008
0 -0.00213509 -0.00448922 -0.00564113
0 -0.00203014 -0.00425495 -0.00531672
0 -0.00192199 -0.0040121 -0.0049788
0 -0.00181135 -0.0037622 -0.0046295
0 -0.00169885 -0.00350673 -0.00427105
0 -0.00158507 -0.00324718 -0.00390584
0 -0.00147052 -0.00298502 -0.00353631
0 -0.00135566 -0.0027217 -0.00316494
0 -0.00124088 -0.00245862 -0.0027941
0 -0.00112642 -0.002197 -0.00242598
0 -0.00101246 -0.00193795 -0.00206254
0 -0.000899276 -0.00168245 -0.00170563
0 -0.000787256 -0.00143144 -0.00135691
0 -0.00067684 -0.00118576 -0.00101777
0 -0.000568408 -0.000946046 -0.000689183
0 -0.000462317 -0.000712832 -0.000371825
0 -0.00035906 -0.000486764 -6.62289e-05
0 -0.000259454 -0.000268837 0.000226941
0 -0.000164762 -6.06394e-05 0.000506605
0 -7.65642e-05 0.000135656 0.000771214
0 3.64746e-06 0.000317629 0.00101898
0 7.48122e-05 0.000482991 0.00124808
0 0.000136338 0.000629781 0.00145668
0 0.000187983 0.000756463 0.00164288
0 0.000229843 0.000862119 0.00180478
0 0.0002624 0.000946636 0.00194072
0 0.000286401 0.00101063 0.00204935
0 0.000302598 0.0010551 0.00212954
0 0.000311568 0.0010811 0.00218039
0 0.000313638 0.00108941 0.00220121
0 0.000308812 0.0010803 0.00219155
0 0.000296783 0.00105341 0.00215117
0 0.000277105 0.00100794 0.00208014
0 0.000249393 0.000942989 0.00197901
0 0.000213348 0.000857794 0.00184872
0 0.000168669 0.000751881 0.00169042
0 0.000114993 0.000625112 0.00150536
0 5.20127e-05 0.000477776 0.0012948
0 -2.02816e-05 0.000310728 0.00106019
0 -0.000101443 0.000125408 0.000803247
0 -0.00019064 -7.63408e-05 0.000525817
0 -0.000286847 -0.000292525 0.00022976
0 -0.000388968 -0.000521153 -8.31015e-05
0 -0.00049588 -0.000760267 -0.000410907
0 -0.000606506 -0.00100799 -0.000751742
0 -0.000719984 -0.00126265 -0.00110375
0 -0.000835777 -0.00152297 -0.00146522
0 -0.000953571 -0.00178795 -0.00183453
0 -0.00107306 -0.00205668 -0.00220996
0 -0.00119384 -0.00232827 -0.00258961
0 -0.00131543 -0.00260171 -0.00297153
0 -0.00143729 -0.00287593 -0.00335374
0 -0.00155885 -0.00314968 -0.00373429
0 -0.00167949 -0.00342151 -0.00411115
0 -0.00179859 -0.00368977 -0.00448231
0 -0.0019155 -0.00395276 -0.00484589
0 -0.00202955 -0.00420883 -0.00520006
0 -0.00214012 -0.00445649 -0.00554309
0 -0.00224661 -0.00469445 -0.00587338
0 -0.00234844 -0.00492167 -0.00618946
0 -0.00244507 -0.00513718 -0.00648992
0 -0.00253591 -0.00534006 -0.00677335
0 -0.00262041 -0.0055294 -0.00703837
0 -0.00269807 -0.00570433 -0.00728366
0 -0.00276849 -0.00586398 -0.007508
0 -0.00283139 -0.00600747 -0.00771024
0 -0.00288654 -0.00613399 -0.00788928
0 -0.00293375 -0.00624278 -0.00804414
0 -0.00297289 -0.00633329 -0.00817391
0 -0.00300378 -0.00640508 -0.00827777
0 -0.00302625 -0.00645781 -0.00835499
0 -0.0030401 -0.00649118 -0.00840491
0 -0.00304521 -0.00650497 -0.00842705
0 -0.00304155 -0.00649908 -0.00842115
0 -0.00302924 -0.00647353 -0.00838721
0 -0.0030085 -0.00642848 -0.00832547
0 -0.00297955 -0.00636427 -0.00823637
0 -0.00294265 -0.00628135 -0.00812056
0 -0.00289805 -0.00618036 -0.0079789
0 -0.00284603 -0.00606207 -0.00781243
0 -0.00278687 -0.00592738 -0.00762239
0 -0.00272094 -0.00577727 -0.00741017
0 -0.00264863 -0.00561275 -0.00717735
0 -0.00257042 -0.00543492 -0.00692565
0 -0.00248684 -0.00524493 -0.00665693
0 -0.00239844 -0.00504404 -0.00637315
0 -0.00230581 -0.00483359 -0.00607635
0 -0.00220956 -0.00461497 -0.00576863
0 -0.0021103 -0.00438961 -0.0054521
0 -0.0020087 -0.004159 -0.00512891
0 -0.00190537 -0.00392465 -0.00480116
0 -0.00180097 -0.0036881 -0.00447095
0 -0.00169617 -0.0034509 -0.00414034
0 -0.00159165 -0.0032146 -0.00381136
0 -0.0014881 -0.00298071 -0.00348603
0 -0.00138625 -0.00275073 -0.0031663
0 -0.00128681 -0.00252616 -0.00285409
0 -0.00119047 -0.00230845 -0.00255125
0 -0.00109788 -0.002099 -0.00225958
0 -0.00100964 -0.00189914 -0.00198083
0 -0.000926303 -0.00171009 -0.00171669
0 -0.000848393 -0.00153303 -0.00146877
0 -0.0007764 -0.00136905 -0.00123861
0 -0.000710767 -0.00121912 -0.00102762
0 -0.000651859 -0.00108412 -0.000837128
0 -0.000599966 -0.000964799 -0.000668304
0 -0.000555308 -0.000861789 -0.000522169
0 -0.000518042 -0.000775607 -0.000399583
0 -0.000488274 -0.000706643 -0.000301233
0 -0.000466072 -0.000655158 -0.000227624
0 -0.000451471 -0.000621287 -0.000179073
0 -0.000444466 -0.000605046 -0.000155703
0 -0.00044501 -0.000606333 -0.000157434
0 -0.000453017 -0.000624943 -0.000183985
0 -0.000468364 -0.000660567 -0.00023488
0 -0.000490891 -0.0007128 -0.000309455
0 -0.000520399 -0.000781127 -0.000406866
0 -0.000556657 -0.000864937 -0.000526108
0 -0.000599399 -0.000963517 -0.000666033
0 -0.000648312 -0.00107606 -0.000825362
0 -0.000703037 -0.00120165 -0.00100271
0 -0.000763165 -0.00133931 -0.00119661
0 -0.00082824 -0.00148796 -0.00140551
0 -0.000897772 -0.00164645 -0.00162778
0 -0.000971235 -0.00181358 -0.00186176
0 -0.00104807 -0.00198811 -0.00210574
0 -0.00112768 -0.00216874 -0.00235796
0 -0.00120947 -0.00235417 -0.00261665
0 -0.00129281 -0.00254305 -0.00288004
0 -0.00137707 -0.00273404 -0.00314634
0 -0.00146159 -0.00292579 -0.00341381
0 -0.00154577 -0.00311697 -0.00368069
0 -0.00162902 -0.00330627 -0.00394519
0 -0.00171081 -0.00349239 -0.00420556
0 -0.00179059 -0.00367407 -0.00446008
0 -0.00186785 -0.00385007 -0.00470707
0 -0.00194211 -0.00401928 -0.0049449
0 -0.00201288 -0.00418062 -0.00517199
0 -0.00207971 -0.00433306 -0.00538682
0 -0.00214219 -0.00447567 -0.00558798
0 -0.00219995 -0.00460757 -0.00577412
0 -0.00225263 -0.00472793 -0.00594406
0 -0.00229994 -0.00483602 -0.00609671
0 -0.00234161 -0.00493118 -0.00623115
0 -0.00237742 -0.00501286 -0.00634657
0 -0.00240718 -0.0050806 -0.00644231
0 -0.00243072 -0.00513406 -0.00651786
0 -0.0024479 -0.005173 -0.00657287
0 -0.00245862 -0.00519728 -0.00660711
0 -0.00246284 -0.00520686 -0.00662054
0 -0.0024606 -0.00520179 -0.00661325
0 -0.00245196 -0.00518223 -0.00658551
0 -0.00243705 -0.00514843 -0.00653771
0 -0.00241606 -0.00510074 -0.00647039
0 -0.00238918 -0.00503962 -0.0063842
0 -0.00235666 -0.00496565 -0.00627994
0 -0.00231884 -0.00487953 -0.00615858
0 -0.00227617 -0.00478217 -0.00602129
