0 0.00626901 0.0121677 0.0174201
0 0.00626802 0.0121655 0.0174171
0 0.00626677 0.0121629 0.0174136
0 0.00626532 0.01216 0.0174098
0 0.00626371 0.0121568 0.0174055
0 0.00626201 0.0121533 0.0174009
0 0.00626026 0.0121495 0.0173959
0 0.00625847 0.0121455 0.0173907
0 0.00625667 0.0121413 0.0173851
0 0.00625485 0.0121371 0.0173794
0 0.00625302 0.0121327 0.0173734
0 0.00625117 0.0121284 0.0173673
0 0.00624932 0.0121241 0.0173611
0 0.00624748 0.0121198 0.0173548
0 0.00624569 0.0121156 0.0173486
0 0.00624396 0.0121115 0.0173425
0 0.00624231 0.0121076 0.0173366
0 0.00624075 0.0121037 0.0173309
0 0.00623926 0.0121 0.0173256
0 0.00623781 0.0120965 0.0173205
0 0.00623638 0.0120932 0.0173159
0 0.00623498 0.0120901 0.0173116
0 0.0062336 0.0120871 0.0173076
0 0.00623227 0.0120844 0.0173041
0 0.00623103 0.0120819 0.017301
0 0.00622997 0.0120797 0.0172983
0 0.0062292 0.012078 0.0172962
0 0.00622879 0.0120768 0.0172948
0 0.00622871 0.0120762 0.017294
0 0.00622886 0.0120762 0.0172938
0 0.00622917 0.0120767 0.017294
0 0.0062296 0.0120776 0.0172948
0 0.00623022 0.012079 0.0172963
0 0.00623109 0.0120809 0.0172983
0 0.00623219 0.0120832 0.0173011
0 0.00623342 0.0120858 0.0173044
0 0.00623467 0.0120886 0.0173082
0 0.00623592 0.0120916 0.0173125
0 0.00623725 0.0120947 0.0173171
0 0.00623865 0.0120981 0.0173222
0 0.00624002 0.0121015 0.0173276
0 0.00624119 0.0121049 0.0173329
0 0.00624211 0.012108 0.0173381
0 0.00624287 0.0121108 0.017343
0 0.00624353 0.0121134 0.0173476
0 0.00624394 0.0121154 0.0173515
0 0.00624395 0.0121167 0.0173545
0 0.00624368 0.0121172 0.0173566
0 0.00624365 0.0121175 0.0173581
0 0.00624445 0.0121183 0.0173596
0 0.00624651 0.0121202 0.0173616
0 0.00625002 0.012124 0.0173648
0 0.00625498 0.0121301 0.0173694
0 0.00626123 0.0121388 0.017376
0 0.00626858 0.0121502 0.017385
0 0.006277 0.0121644 0.017397
0 0.0062865 0.0121814 0.0174126
0 0.00629654 0.0122006 0.0174318
0 0.00630576 0.0122203 0.0174537
0 0.00631263 0.0122385 0.0174766
0 0.0063163 0.0122534 0.0174994
0 0.00631681 0.0122641 0.0175212
0 0.00631464 0.0122703 0.0175411
0 0.00631034 0.0122717 0.0175583
0 0.00630435 0.0122685 0.0175716
0 0.00629709 0.0122613 0.01758
0 0.00628904 0.0122509 0.0175824
0 0.00628081 0.0122381 0.0175785
0 0.0062728 0.0122238 0.0175677
0 0.00626495 0.0122081 0.0175495
0 0.00625662 0.0121904 0.0175233
0 0.00624714 0.0121694 0.0174887
0 0.00623632 0.0121446 0.0174457
0 0.00622436 0.0121154 0.0173954
0 0.00621129 0.0120815 0.0173386
0 0.00619752 0.0120435 0.0172768
0 0.00618492 0.0120039 0.0172132
0 0.0061768 0.0119675 0.0171529
0 0.00617589 0.0119398 0.017101
0 0.00618169 0.0119235 0.0170601
0 0.00618979 0.011917 0.017029
0 0.00619482 0.0119161 0.0170048
0 0.00619508 0.0119184 0.0169874
0 0.00619445 0.0119251 0.016981
0 0.00619885 0.0119396 0.0169915
0 0.00621026 0.0119627 0.0170207
0 0.00622417 0.0119903 0.0170642
0 0.00623307 0.0120156 0.0171139
0 0.00623214 0.0120337 0.017163
0 0.00622169 0.0120431 0.0172085
0 0.00620494 0.0120445 0.0172493
0 0.0061856 0.0120389 0.017284
0 0.0061682 0.012029 0.0173127
0 0.00615907 0.0120211 0.0173381
0 0.00616433 0.0120238 0.0173648
0 0.0061848 0.012042 0.0173943
0 0.00621262 0.0120725 0.0174211
0 0.00623486 0.0121049 0.0174353
0 0.00624237 0.0121281 0.0174296
0 0.00623539 0.0121368 0.0174049
0 0.00622075 0.0121301 0.0173672
0 0.0062053 0.012109 0.0173228
0 0.00619221 0.0120746 0.0172749
0 0.00618189 0.0120296 0.0172248
0 0.00617436 0.01198 0.0171744
0 0.00617013 0.011934 0.0171266
0 0.00617003 0.0118999 0.0170849
0 0.00617527 0.0118846 0.0170535
0 0.00618836 0.0118933 0.0170376
0 0.00621382 0.0119308 0.0170448
0 0.00625716 0.0120016 0.0170844
0 0.00632103 0.0121073 0.0171636
0 0.00640077 0.0122434 0.0172832
0 0.00648516 0.0123985 0.0174374
0 0.00656413 0.0125617 0.0176196
0 0.0066352 0.0127275 0.0178284
0 0.00670162 0.0128959 0.0180656
0 0.00676566 0.013066 0.0183299
0 0.00682553 0.0132343 0.0186144
0 0.00687769 0.0133961 0.0189087
0 0.00692021 0.013548 0.0192026
0 0.00695454 0.0136895 0.0194883
0 0.00698568 0.0138234 0.0197609
0 0.00702038 0.0139543 0.0200183
0 0.00706316 0.0140858 0.0202579
0 0.00711309 0.0142168 0.0204738
0 0.00716555 0.0143427 0.0206585
0 0.00721798 0.0144602 0.0208088
0 0.00727219 0.0145701 0.0209274
0 0.00732987 0.0146731 0.0210189
0 0.00738857 0.0147665 0.0210856
0 0.00744484 0.0148477 0.0211301
0 0.0074998 0.0149193 0.0211603
0 0.00755858 0.0149892 0.021189
0 0.00762479 0.015066 0.021228
0 0.00769817 0.0151555 0.0212861
0 0.00777829 0.0152641 0.0213719
0 0.00786814 0.015401 0.0214971
0 0.00797238 0.0155758 0.0216742
0 0.00809187 0.0157934 0.0219115
0 0.00822139 0.0160503 0.0222097
0 0.00835309 0.0163378 0.0225644
0 0.00848129 0.0166462 0.0229704
0 0.00860393 0.016967 0.0234224
0 0.00872052 0.0172923 0.0239133
0 0.0088285 0.0176125 0.024431
0 0.00892009 0.0179133 0.0249547
0 0.00898314 0.0181756 0.0254557
0 0.0090072 0.0183797 0.025903
0 0.00899283 0.018515 0.0262734
0 0.00895605 0.0185866 0.0265582
0 0.00892089 0.0186128 0.0267601
0 0.00890521 0.018613 0.0268822
0 0.00891289 0.0185999 0.0269228
0 0.00893872 0.0185807 0.0268799
0 0.00897854 0.0185633 0.0267606
0 0.00903384 0.0185581 0.0265841
0 0.009107 0.018573 0.0263763
0 0.00919419 0.0186077 0.02616
0 0.0092854 0.0186537 0.0259535
0 0.00937219 0.0187037 0.0257752
0 0.009454 0.0187585 0.0256481
0 0.00953515 0.018826 0.0255963
0 0.00961453 0.0189119 0.0256334
0 0.00967861 0.0190102 0.0257547
0 0.00970599 0.0191037 0.0259387
0 0.0096792 0.019171 0.0261575
0 0.00959282 0.019193 0.0263829
0 0.00945347 0.0191549 0.0265886
0 0.00927417 0.0190458 0.026748
0 0.00906769 0.0188581 0.0268313
0 0.00884199 0.0185876 0.026806
0 0.00859905 0.0182326 0.0266386
0 0.00833637 0.0177909 0.0262983
0 0.00804924 0.017259 0.0257595
0 0.00773348 0.0166313 0.0250053
0 0.00738757 0.0159018 0.0240295
0 0.00701281 0.0150665 0.022837
0 0.00661181 0.0141243 0.0214421
0 0.00618678 0.0130785 0.0198657
0 0.00573809 0.0119367 0.0181321
0 0.005263 0.0107084 0.0162654
0 0.00475564 0.00940226 0.0142873
0 0.00420931 0.00802552 0.0122178
0 0.00362167 0.0065878 0.0100796
0 0.0030006 0.00510612 0.00790337
0 0.00236373 0.00360528 0.00572636
0 0.0017308 0.00211348 0.00358624
0 0.00111665 0.000657074 0.00151527
0 0.000529513 -0.000741226 -0.000461191
0 -2.58155e-05 -0.00206104 -0.00232183
0 -0.000544078 -0.003283 -0.00404612
0 -0.00101797 -0.00438886 -0.00561315
0 -0.00143821 -0.00536184 -0.00700189
0 -0.00179361 -0.00618577 -0.00819092
0 -0.0020727 -0.00684526 -0.00915931
0 -0.00227017 -0.00733122 -0.00989268
0 -0.00239491 -0.00764947 -0.0103919
0 -0.00246964 -0.00782275 -0.0106744
0 -0.00251967 -0.00788271 -0.010766
0 -0.00255817 -0.00785608 -0.0106877
0 -0.00257615 -0.0077517 -0.0104458
0 -0.00254566 -0.00755665 -0.0100324
0 -0.0024355 -0.00724434 -0.00943572
0 -0.00222929 -0.00678909 -0.0086529
0 -0.00193574 -0.00618062 -0.00769964
0 -0.00158504 -0.00543126 -0.00660925
0 -0.00121416 -0.00457304 -0.00542277
0 -0.000850388 -0.00364758 -0.00417651
0 -0.000499942 -0.00269207 -0.00289194
0 -0.000148642 -0.00173003 -0.00157398
0 0.000224395 -0.000771988 -0.000220286
0 0.000630429 0.000178643 0.00116629
0 0.00106336 0.00112033 0.00257149
0 0.00150338 0.00205093 0.00397167
0 0.00192791 0.00296777 0.0053413
0 0.00232374 0.00386966 0.00666204
0 0.00269356 0.00475872 0.00792836
0 0.00305325 0.00563995 0.00914637
0 0.00342291 0.00651912 0.0103281
0 0.00381787 0.00740093 0.0114854
0 0.00424312 0.00828756 0.0126257
0 0.00469169 0.00917693 0.01375
0 0.00514651 0.0100611 0.0148522
0 0.0055898 0.0109313 0.015926
0 0.00601797 0.0117898 0.0169785
0 0.00644612 0.0126548 0.0180347
0 0.00689165 0.0135463 0.0191221
0 0.00735236 0.014466 0.0202499
0 0.00780372 0.0153924 0.0214041
0 0.00821684 0.0162944 0.0225621
0 0.00857987 0.017151 0.0237106
0 0.00890762 0.0179633 0.024856
0 0.0092324 0.0187528 0.0260178
0 0.00958058 0.0195446 0.0272096
0 0.00995291 0.0203487 0.0284222
0 0.0103277 0.0211578 0.0296259
0 0.0106842 0.0219611 0.0307913
0 0.0110199 0.022756 0.0319053
0 0.0113481 0.0235453 0.0329701
0 0.0116839 0.0243291 0.0339915
0 0.0120351 0.0251018 0.0349717
0 0.0124003 0.0258542 0.0359089
0 0.012771 0.0265774 0.0367997
0 0.0131374 0.0272672 0.0376424
0 0.013493 0.0279253 0.0384403
0 0.0138347 0.0285573 0.0392008
0 0.0141573 0.0291647 0.039928
0 0.0144475 0.0297364 0.040616
0 0.0146831 0.0302458 0.0412451
0 0.014837 0.0306541 0.0417848
0 0.0148886 0.030921 0.0422017
0 0.0148335 0.0310168 0.0424692
0 0.0146819 0.0309261 0.0425663
0 0.0144488 0.0306448 0.0424719
0 0.0141479 0.0301781 0.0421631
0 0.0137941 0.0295438 0.041622
0 0.013406 0.0287719 0.0408417
0 0.0130022 0.0278982 0.0398273
0 0.0125952 0.0269519 0.0385906
0 0.012186 0.0259474 0.0371458
0 0.0117644 0.0248821 0.0355068
0 0.011317 0.0237435 0.0336931
0 0.0108371 0.0225218 0.0317353
0 0.0103268 0.0212172 0.0296745
0 0.0097886 0.0198362 0.0275508
0 0.00921716 0.0183849 0.0253917
0 0.00860045 0.0168666 0.0232108
0 0.00793111 0.0152896 0.021019
0 0.00721631 0.0136753 0.0188346
0 0.00647766 0.0120562 0.0166848
0 0.00574276 0.0104674 0.0145986
0 0.00503682 0.00894057 0.0126002
0 0.00437882 0.00750133 0.010708
0 0.00377931 0.00616847 0.0089341
0 0.00323833 0.0049508 0.00728296
0 0.00274756 0.00384684 0.00575242
0 0.00229704 0.00284875 0.00433889
0 0.00188016 0.00194607 0.00304112
0 0.00149231 0.00112553 0.00185819
0 0.00112622 0.00036878 0.000784325
0 0.000770686 -0.000346697 -0.000193009
0 0.000414545 -0.00104224 -0.00108974
0 5.15792e-05 -0.00173225 -0.00192067
0 -0.000316202 -0.00241992 -0.00269596
0 -0.000675864 -0.00309351 -0.00341707
0 -0.00100422 -0.00372567 -0.00407497
0 -0.00127442 -0.00427913 -0.00465375
0 -0.00146355 -0.00471496 -0.00513552
0 -0.00155672 -0.00499934 -0.00550293
0 -0.00155023 -0.00511068 -0.00574163
0 -0.00145412 -0.00504615 -0.00584363
0 -0.00128944 -0.00482259 -0.00580709
0 -0.00108115 -0.00447111 -0.00563293
0 -0.000852589 -0.00403015 -0.00532319
0 -0.000620444 -0.00353635 -0.00487906
0 -0.000385282 -0.0030093 -0.00429285
0 -0.000126653 -0.00243931 -0.00354183
0 0.000184012 -0.00179378 -0.00259797
0 0.000563116 -0.0010365 -0.00144544
0 0.00100728 -0.000141996 -8.78476e-05
0 0.00149917 0.000898871 0.00145559
0 0.00201635 0.00207664 0.00315582
0 0.00253868 0.00336433 0.00497894
0 0.0030532 0.00472263 0.00689034
0 0.00355477 0.00610652 0.00885633
0 0.00404302 0.00747179 0.0108434
0 0.00451884 0.00878206 0.012818
0 0.00498189 0.0100137 0.0147469
0 0.00542941 0.0111555 0.016597
0 0.00585684 0.0122063 0.0183371
0 0.00626225 0.0131753 0.0199412
0 0.00665165 0.0140822 0.0213947
0 0.00703844 0.0149526 0.0226961
0 0.00743341 0.0158043 0.0238493
0 0.00783279 0.0166344 0.0248521
0 0.00821821 0.0174184 0.0256951
0 0.00856852 0.0181218 0.0263721
0 0.00887202 0.0187158 0.0268889
0 0.00913206 0.0191891 0.0272688
0 0.00936321 0.0195511 0.0275478
0 0.00957901 0.019826 0.0277635
0 0.00978175 0.0200411 0.0279441
0 0.0099615 0.0202189 0.0281048
0 0.0101 0.0203699 0.028248
0 0.010176 0.0204886 0.0283649
0 0.0101729 0.0205554 0.0284402
0 0.010085 0.0205434 0.0284573
0 0.0099187 0.0204244 0.0283994
0 0.00968723 0.0201761 0.0282487
0 0.00940763 0.0197893 0.0279876
0 0.00909902 0.019274 0.0276024
0 0.00877482 0.0186517 0.027079
0 0.00843337 0.0179399 0.0263956
0 0.00805954 0.0171435 0.025524
0 0.00763879 0.0162598 0.0244422
0 0.00717527 0.0152921 0.0231508
0 0.00670005 0.0142625 0.0216836
0 0.0062585 0.0132094 0.0200979
0 0.00588466 0.0121727 0.0184534
0 0.00558189 0.0111774 0.0167918
0 0.00532168 0.0102255 0.0151315
0 0.00506115 0.00930354 0.0134792
0 0.00476949 0.00840002 0.0118507
0 0.0044454 0.00751789 0.0102832
0 0.00411193 0.00667354 0.00882926
0 0.00379825 0.00588857 0.00754027
0 0.0035245 0.00518294 0.00645402
0 0.0032919 0.00456803 0.0055854
0 0.00307845 0.00403818 0.00492036
0 0.00284704 0.00356939 0.00442022
0 0.00256678 0.00313097 0.00403898
0 0.00223661 0.00270571 0.00374574
0 0.0018935 0.00230269 0.00353603
0 0.0015954 0.0019522 0.00342244
0 0.00139305 0.00169154 0.00341635
0 0.00131251 0.00155494 0.00351763
0 0.00135272 0.00156756 0.00371489
0 0.00149039 0.00173866 0.00398868
0 0.00169009 0.00205697 0.00431656
0 0.00191751 0.0024925 0.00468044
0 0.0021496 0.00300358 0.00507195
0 0.00237814 0.00354703 0.00549412
0 0.0026079 0.00408904 0.00596002
0 0.00285048 0.00461278 0.00648883
0 0.00311744 0.00512172 0.00710101
0 0.00341719 0.00563925 0.00781593
0 0.00375455 0.00620277 0.00865052
0 0.00412723 0.00685048 0.00961437
0 0.00451961 0.00760283 0.0107011
0 0.00490423 0.008451 0.011886
0 0.00525687 0.00936307 0.0131367
0 0.00557281 0.0103012 0.0144288
0 0.0058694 0.0112359 0.0157518
0 0.00617465 0.0121524 0.0171044
0 0.00651245 0.0130492 0.0184849
0 0.00689133 0.0139312 0.0198826
0 0.00729969 0.0148026 0.0212737
0 0.00771027 0.0156618 0.0226232
0 0.00809219 0.0165003 0.0238933
0 0.0084227 0.0173027 0.0250515
0 0.00869333 0.018047 0.0260756
0 0.00891 0.0187093 0.0269541
0 0.00908614 0.0192671 0.0276832
0 0.00923005 0.0196983 0.028257
0 0.00933571 0.0199799 0.0286604
0 0.00938511 0.0200919 0.0288702
0 0.00936018 0.0200245 0.0288655
0 0.00925554 0.0197852 0.0286386
0 0.009081 0.0193958 0.0281972
0 0.00885262 0.0188821 0.0275566
0 0.00858502 0.0182662 0.0267338
0 0.00829414 0.0175699 0.0257521
0 0.00800235 0.016823 0.024647
0 0.00773298 0.0160606 0.0234626
0 0.00749471 0.0153091 0.022236
0 0.00727307 0.0145739 0.0209863
0 0.00704127 0.0138444 0.0197204
0 0.00677834 0.0131074 0.0184469
0 0.00647852 0.0123553 0.0171841
0 0.00614987 0.0115881 0.0159571
0 0.00580664 0.0108109 0.0147917
0 0.00546115 0.0100326 0.013707
0 0.00511938 0.00926295 0.0127118
0 0.00477865 0.00850961 0.0118023
0 0.00442534 0.00777051 0.0109591
0 0.00403702 0.00702924 0.0101475
0 0.00359395 0.0062599 0.00932674
0 0.00309288 0.00543871 0.0084629
0 0.00255244 0.00455479 0.00753732
0 0.0020082 0.00361688 0.00654781
0 0.00150389 0.00265616 0.00550751
0 0.0010862 0.00172847 0.00444669
0 0.000797314 0.000908379 0.00341051
0 0.000654426 0.000262801 0.00244032
0 0.000630501 -0.000181978 0.00155113
0 0.000662281 -0.000451493 0.000730842
0 0.00068341 -0.000606752 -3.82447e-05
0 0.000657065 -0.000714943 -0.000755567
0 0.000591635 -0.000821004 -0.00138884
0 0.000535218 -0.000929175 -0.00187518
0 0.000547195 -0.00100466 -0.00214147
0 0.000662184 -0.000994533 -0.00213447
0 0.000875487 -0.000847698 -0.0018356
0 0.00116019 -0.000519175 -0.00124911
0 0.00149547 3.31093e-05 -0.000379716
0 0.00188176 0.000845114 0.000779022
0 0.00233683 0.00193586 0.00224027
0 0.00288018 0.00329734 0.00401115
0 0.00351625 0.00489032 0.00607981
0 0.00422321 0.00664538 0.00840583
0 0.00494699 0.00846357 0.010912
0 0.00560189 0.0102159 0.0134793
0 0.0060939 0.0117625 0.0159635
0 0.00637535 0.0130049 0.0182474
0 0.00649493 0.0139408 0.0202928
0 0.00659154 0.0146753 0.0221466
0 0.00682524 0.0153803 0.0238935
0 0.00729058 0.0162189 0.0255885
0 0.00796582 0.0172732 0.0272129
0 0.00872511 0.0185099 0.0286757
0 0.00940909 0.0198038 0.0298644
0 0.00990905 0.0209983 0.0307091
0 0.0102075 0.021958 0.0312143
0 0.0103617 0.0225986 0.0314468
0 0.0104541 0.0228976 0.0314969
0 0.0105414 0.0228863 0.0314365
0 0.0106285 0.0226326 0.0312959
0 0.0106769 0.0222216 0.0310698
0 0.0106351 0.0217354 0.0307369
0 0.010466 0.0212296 0.0302751
0 0.0101644 0.0207242 0.0296745
0 0.00978425 0.0202324 0.0289664
0 0.00944949 0.0198041 0.0282489
0 0.009306 0.0195251 0.0276581
0 0.00943906 0.0194736 0.0273029
0 0.00982545 0.01968 0.0272191
0 0.010347 0.020113 0.0273703
0 0.0108464 0.0206909 0.0276801
0 0.0111911 0.0213052 0.0280718
0 0.0113146 0.0218438 0.0284939
0 0.0112194 0.0222091 0.0289216
0 0.0109524 0.0223292 0.0293401
0 0.0105697 0.0221633 0.0297203
0 0.0101078 0.021702 0.0300016
0 0.00957174 0.0209623 0.0300916
0 0.00893842 0.0199648 0.0298714
0 0.00817 0.0187118 0.0292092
0 0.00724722 0.0171982 0.0279956
0 0.00621105 0.0154464 0.0261913
0 0.00518584 0.0135422 0.0238653
0 0.0043606 0.0116517 0.0211972
0 0.00391539 0.00998513 0.0184241
0 0.00393115 0.00872551 0.0157603
0 0.00435117 0.0079712 0.0133431
0 0.00500816 0.00771961 0.0112317
0 0.00568965 0.00787626 0.00944277
0 0.00621525 0.00827476 0.00798776
0 0.00648945 0.00871994 0.00689847
0 0.00651613 0.00904785 0.00623749
0 0.00637551 0.00917474 0.00608513
0 0.00616868 0.00911162 0.00649997
0 0.00596046 0.00893891 0.00747454
0 0.00575224 0.00875801 0.00891488
0 0.00549154 0.00864105 0.0106511
0 0.0051035 0.00859609 0.0124665
0 0.00452823 0.00856281 0.0141321
0 0.0037555 0.0084392 0.0154388
0 0.00284228 0.00811755 0.0162254
0 0.00189795 0.00751861 0.0163947
0 0.0010509 0.00662124 0.0159152
0 0.000418568 0.0054802 0.0148147
0 8.66638e-05 0.00422634 0.0131758
0 9.5538e-05 0.0030426 0.0111284
0 0.000432631 0.00211696 0.00883425
0 0.00103555 0.00159332 0.00646499
0 0.00180712 0.00153245 0.00418501
0 0.00262838 0.00188889 0.00213462
0 0.00336983 0.00251576 0.000416779
0 0.00391909 0.00319979 -0.000896388
0 0.00421048 0.00372411 -0.00174902
0 0.00423565 0.00393895 -0.00209676
0 0.0040381 0.00381139 -0.00191008
0 0.00369636 0.003433 -0.00118202
0 0.003295 0.00297743 5.65576e-05
0 0.00289911 0.00263416 0.00172723
0 0.00255387 0.00256005 0.00371849
0 0.00230143 0.00285933 0.00591278
0 0.00219393 0.00358032 0.00820756
0 0.00229553 0.00472044 0.0105297
0 0.00267344 0.00624427 0.0128429
0 0.00338383 0.00810962 0.0151493
0 0.00445513 0.0102819 0.0174836
0 0.00586599 0.0127306 0.0198895
0 0.00752952 0.0154118 0.0223934
0 0.00930045 0.0182484 0.024992
0 0.0110078 0.0211225 0.0276547
0 0.012496 0.0238834 0.0303338
0 0.0136549 0.0263689 0.0329794
0 0.0144347 0.0284354 0.0355484
0 0.0148444 0.0299876 0.0380033
0 0.0149366 0.0309985 0.040302
0 0.0147852 0.031508 0.0423834
0 0.0144641 0.0316052 0.0441625
0 0.0140351 0.031399 0.0455359
0 0.0135447 0.0309865 0.0463993
0 0.0130317 0.0304337 0.0466672
0 0.012546 0.0297852 0.0463012
0 0.0121617 0.029088 0.0453346
0 0.0119446 0.0283822 0.0438542
0 0.0118944 0.0276616 0.0419448
0 0.0119226 0.0268569 0.039656
0 0.0118935 0.0258633 0.0370184
0 0.0116902 0.0245905 0.034081
0 0.0112581 0.0230016 0.0309302
0 0.0106124 0.0211253 0.0276841
0 0.00981994 0.0190454 0.0244742
0 0.00897025 0.0168839 0.0214302
0 0.00814653 0.0147791 0.0186637
0 0.0074069 0.0128619 0.0162549
0 0.00677998 0.0112373 0.0142502
0 0.00626978 0.00996994 0.0126658
0 0.00586147 0.00907312 0.01149
0 0.0055243 0.00850283 0.0106827
0 0.00521791 0.00816649 0.0101796
0 0.00490562 0.00794809 0.00990592
0 0.00456543 0.00773788 0.00978909
0 0.0041901 0.00745048 0.00976116
0 0.00377653 0.00702657 0.00975102
0 0.00331044 0.00642535 0.00967406
0 0.00276644 0.00562168 0.00943497
0 0.00213133 0.00461681 0.00895034
0 0.00142921 0.0034521 0.00817618
0 0.000725494 0.00220908 0.00711952
0 0.000108188 0.000992981 0.00583006
0 -0.000339619 -9.07319e-05 0.0043829
0 -0.000564713 -0.000957472 0.0028606
0 -0.000562404 -0.00156142 0.00133639
0 -0.000380634 -0.00190622 -0.000135582
0 -0.000100239 -0.00203896 -0.00151514
0 0.000199782 -0.0020275 -0.00275855
0 0.000466946 -0.00193799 -0.00380783
0 0.000676282 -0.00182502 -0.00459911
0 0.00081557 -0.00173165 -0.00508264
0 0.000870832 -0.00169092 -0.00523955
0 0.00082649 -0.00172103 -0.00508293
0 0.000681011 -0.0018131 -0.00464338
0 0.000462954 -0.00192165 -0.00395118
0 0.000232694 -0.00196886 -0.00302702
0 6.74176e-05 -0.00186284 -0.001885
0 3.87545e-05 -0.0015198 -0.000540936
0 0.000196686 -0.000879213 0.000983737
0 0.000567083 9.29391e-05 0.002667
0 0.00115711 0.00140751 0.00449491
0 0.00195821 0.00305402 0.00646524
0 0.00294727 0.00500194 0.00858579
0 0.00409256 0.00720734 0.0108735
0 0.00535994 0.00962257 0.0133532
0 0.00671178 0.0122003 0.0160526
0 0.00810408 0.0148898 0.0189924
0 0.00948638 0.0176322 0.0221746
0 0.0108013 0.020358 0.0255733
0 0.011988 0.0229908 0.0291346
0 0.0129928 0.0254552 0.0327813
0 0.013783 0.0276874 0.0364197
0 0.0143535 0.029645 0.0399441
0 0.0147238 0.0313068 0.0432412
0 0.0149298 0.0326639 0.0461947
0 0.0150136 0.0337145 0.0486939
0 0.0150157 0.0344611 0.0506418
0 0.0149675 0.0349064 0.0519591
0 0.0148825 0.0350444 0.0525822
0 0.0147557 0.0348617 0.0524683
0 0.0145773 0.0343495 0.0516115
0 0.0143489 0.0335199 0.050058
0 0.0140864 0.0324105 0.0479056
0 0.0138083 0.0310761 0.0452866
0 0.0135192 0.0295742 0.0423446
0 0.0131993 0.0279514 0.0392122
0 0.0128108 0.0262402 0.0360012
0 0.0123162 0.0244614 0.032804
0 0.0116916 0.0226272 0.0296937
0 0.0109307 0.020743 0.026723
0 0.0100455 0.0188114 0.0239277
0 0.00906811 0.0168402 0.0213329
0 0.00804073 0.0148479 0.0189514
0 0.00699952 0.0128592 0.0167766
0 0.0059654 0.0108997 0.0147798
0 0.00495065 0.00899623 0.0129194
0 0.00396986 0.00717682 0.0111537
0 0.00304107 0.0054658 0.00944573
0 0.00217847 0.00387568 0.00776059
0 0.00138788 0.00240291 0.00606457
0 0.000670134 0.00103188 0.00433078
0 2.61289e-05 -0.000257111 0.00254585
0 -0.000543121 -0.00148272 0.000711219
0 -0.00103853 -0.00265853 -0.00115895
0 -0.00146049 -0.00378576 -0.00303648
0 -0.00180372 -0.00484605 -0.00487585
0 -0.00205797 -0.00580304 -0.00661666
0 -0.00221827 -0.0066162 -0.00819613
0 -0.00229721 -0.00725909 -0.00956511
0 -0.00232492 -0.00772848 -0.0106942
0 -0.00233651 -0.00804146 -0.0115687
0 -0.00236004 -0.00822789 -0.012182
0 -0.0024105 -0.00832263 -0.0125329
0 -0.00248827 -0.00835673 -0.0126242
0 -0.00257867 -0.00834637 -0.0124603
0 -0.00265328 -0.00828375 -0.0120457
0 -0.00267761 -0.00813724 -0.0113863
0 -0.00262328 -0.00786234 -0.0104959
0 -0.00247558 -0.00741662 -0.00939906
0 -0.00223076 -0.00676917 -0.00812613
0 -0.00188452 -0.00590043 -0.00670059
0 -0.00142166 -0.00479634 -0.00512662
0 -0.000820635 -0.00344872 -0.00339062
0 -7.36055e-05 -0.00186608 -0.0014787
0 0.00079888 -8.17828e-05 0.000608009
0 0.00175538 0.00185314 0.0028554
0 0.00275365 0.00388732 0.00524939
0 0.00376374 0.00598145 0.00778436
0 0.00476829 0.00810944 0.0104605
0 0.00575796 0.0102543 0.0132762
0 0.00672773 0.012405 0.0162243
0 0.00767426 0.0145549 0.0192899
0 0.00859264 0.0166971 0.0224476
0 0.0094741 0.0188204 0.025658
0 0.010309 0.0209088 0.0288709
0 0.0110946 0.022946 0.032032
0 0.0118405 0.0249212 0.0350909
0 0.0125669 0.0268291 0.0380058
0 0.0132976 0.0286681 0.0407441
0 0.0140523 0.0304382 0.0432815
0 0.0148411 0.0321409 0.045602
0 0.0156637 0.0337772 0.047698
0 0.0165088 0.0353444 0.0495698
0 0.0173533 0.0368315 0.0512205
0 0.0181647 0.0382161 0.0526541
0 0.0189081 0.0394673 0.0538763
0 0.0195555 0.0405549 0.0548989
0 0.0200942 0.0414594 0.0557439
0 0.0205251 0.0421772 0.0564404
0 0.0208539 0.0427154 0.0570137
0 0.0210792 0.0430823 0.0574745
0 0.0211921 0.0432832 0.0578166
0 0.0211872 0.0433256 0.0580275
0 0.0210723 0.0432219 0.0580973
0 0.0208681 0.0429866 0.0580187
0 0.0205962 0.0426269 0.0577795
0 0.0202677 0.0421368 0.0573562
0 0.0198798 0.041497 0.056713
0 0.0194176 0.0406772 0.055806
0 0.0188622 0.0396438 0.0545912
0 0.0182007 0.0383689 0.0530339
0 0.01743 0.0368354 0.0511133
0 0.0165526 0.0350359 0.0488197
0 0.0155732 0.0329715 0.0461525
0 0.0145001 0.0306538 0.0431223
0 0.0133479 0.0281087 0.0397547
0 0.0121384 0.025376 0.0360906
0 0.0108964 0.0225044 0.0321833
0 0.00964386 0.0195449 0.0280927
0 0.00839102 0.0165402 0.0238735
0 0.00713054 0.0135174 0.0195643
0 0.00584185 0.0104861 0.0151886
0 0.00450578 0.00744272 0.0107675
0 0.00311539 0.00437815 0.00632757
0 0.00167658 0.00128539 0.00190084
0 0.000203059 -0.00183698 -0.00247935
0 -0.00128908 -0.00498257 -0.00678146
0 -0.0027859 -0.0081341 -0.0109795
0 -0.00427843 -0.0112616 -0.0150556
0 -0.00576078 -0.0143271 -0.0189958
0 -0.00722491 -0.017292 -0.0227827
0 -0.0086557 -0.0201196 -0.0263919
0 -0.0100299 -0.0227757 -0.0297921
0 -0.0113226 -0.0252333 -0.0329507
0 -0.0125179 -0.0274809 -0.0358452
0 -0.013614 -0.0295241 -0.0384678
0 -0.0146184 -0.0313778 -0.0408214
0 -0.0155386 -0.033056 -0.042911
0 -0.0163759 -0.0345641 -0.0447391
0 -0.0171247 -0.0358963 -0.0463041
0 -0.0177734 -0.0370376 -0.0476023
0 -0.0183089 -0.0379688 -0.0486297
0 -0.0187193 -0.0386716 -0.0493842
0 -0.0189963 -0.0391336 -0.0498669
0 -0.0191394 -0.0393536 -0.0500849
0 -0.0191571 -0.039344 -0.0500534
0 -0.0190647 -0.0391278 -0.0497918
0 -0.0188794 -0.0387312 -0.0493183
0 -0.018616 -0.0381772 -0.0486462
0 -0.0182861 -0.0374848 -0.0477853
0 -0.0179005 -0.0366702 -0.0467452
0 -0.0174678 -0.0357459 -0.0455353
0 -0.0169894 -0.0347156 -0.0441607
0 -0.0164573 -0.0335715 -0.042619
0 -0.0158569 -0.0322958 -0.0409007
0 -0.0151719 -0.0308653 -0.0389922
0 -0.0143872 -0.0292549 -0.0368767
0 -0.013491 -0.0274399 -0.0345352
0 -0.0124763 -0.0254005 -0.0319479
0 -0.0113424 -0.023125 -0.0290959
0 -0.0100959 -0.020613 -0.0259642
0 -0.00875037 -0.0178768 -0.0225453
0 -0.00732369 -0.0149393 -0.0188402
0 -0.0058312 -0.0118257 -0.0148543
0 -0.00428146 -0.00855546 -0.0105939
0 -0.00267772 -0.0051396 -0.00606714
0 -0.00102159 -0.00158735 -0.00128685
0 0.000683174 0.00208902 0.00372589
0 0.00242846 0.00587334 0.00893914
0 0.00420417 0.00974575 0.0143131
0 0.0060026 0.0136839 0.0198052
0 0.00782034 0.0176667 0.0253716
0 0.00965733 0.0216762 0.0309659
0 0.0115158 0.0256967 0.0365407
0 0.0134003 0.0297125 0.0420475
0 0.0153156 0.0337064 0.0474399
0 0.0172632 0.037658 0.0526753
0 0.0192379 0.0415443 0.0577162
0 0.0212288 0.0453419 0.0625317
0 0.0232235 0.0490291 0.0671011
0 0.0252101 0.0525868 0.0714146
0 0.0271751 0.0560011 0.0754724
0 0.0291039 0.0592633 0.0792829
0 0.0309783 0.0623704 0.0828612
0 0.0327727 0.065323 0.0862259
0 0.0344581 0.0681213 0.0893945
0 0.0360097 0.0707603 0.0923828
0 0.0374098 0.073227 0.0952062
0 0.0386448 0.0754988 0.0978733
0 0.0397038 0.0775449 0.100381
0 0.040579 0.0793343 0.102714
0 0.0412682 0.0808443 0.104851
0 0.0417739 0.0820629 0.106763
0 0.0421002 0.0829852 0.108414
0 0.0422501 0.0836097 0.109757
0 0.0422278 0.0839344 0.110742
0 0.0420442 0.0839549 0.111319
0 0.041717 0.0836647 0.111442
0 0.0412652 0.0830554 0.111065
0 0.0407034 0.0821177 0.110147
0 0.0400403 0.0808446 0.108653
0 0.0392793 0.0792337 0.106569
0 0.038418 0.0772862 0.103895
0 0.0374461 0.0750021 0.100648
0 0.0363464 0.0723788 0.0968531
0 0.0351006 0.0694149 0.0925509
0 0.0336944 0.0661138 0.0877903
0 0.0321153 0.0624816 0.0826227
0 0.03035 0.0585236 0.0770939
0 0.0283879 0.0542431 0.0712419
0 0.0262274 0.0496465 0.0651002
0 0.0238775 0.044751 0.0587029
0 0.021361 0.0395874 0.0520842
0 0.0187081 0.0341981 0.0452727
0 0.0159463 0.02863 0.0382893
0 0.013097 0.0229275 0.0311496
0 0.0101787 0.0171329 0.0238678
0 0.00721257 0.0112896 0.0164629
0 0.00422417 0.0054401 0.00896042
0 0.00123977 -0.000376131 0.00138828
0 -0.00171851 -0.00612584 -0.00622609
0 -0.00463159 -0.0117839 -0.0138512
0 -0.00748126 -0.0173322 -0.0214428
0 -0.0102524 -0.0227589 -0.0289395
0 -0.0129383 -0.0280594 -0.0362707
0 -0.0155441 -0.0332348 -0.0433696
0 -0.0180858 -0.0382824 -0.050178
0 -0.020583 -0.043185 -0.0566482
0 -0.0230426 -0.0479116 -0.0627432
0 -0.0254389 -0.0524265 -0.068435
0 -0.0277239 -0.0566939 -0.0736978
0 -0.0298578 -0.0606755 -0.0785035
0 -0.0318109 -0.0643272 -0.0828287
0 -0.0335521 -0.0675992 -0.0866567
0 -0.0350502 -0.0704396 -0.0899732
0 -0.0362784 -0.0728001 -0.0927614
0 -0.0372142 -0.0746414 -0.0950019
0 -0.0378402 -0.0759342 -0.0966733
0 -0.0381455 -0.0766598 -0.0977524
0 -0.0381257 -0.0768059 -0.0982117
0 -0.0377855 -0.0763637 -0.0980173
0 -0.0371427 -0.0753305 -0.09713
0 -0.0362305 -0.0737171 -0.0955118
0 -0.0350919 -0.0715515 -0.0931349
0 -0.0337708 -0.0688758 -0.0899847
0 -0.0323025 -0.065739 -0.0860628
0 -0.0307103 -0.06219 -0.0813898
0 -0.029007 -0.0582735 -0.076009
0 -0.0271982 -0.0540302 -0.0699897
0 -0.0252867 -0.0494983 -0.0634249
0 -0.023273 -0.0447168 -0.0564267
0 -0.0211576 -0.0397213 -0.0491179
0 -0.0189411 -0.0345463 -0.0416192
0 -0.0166243 -0.02923 -0.0340366
0 -0.0142119 -0.0238168 -0.0264566
0 -0.0117164 -0.0183565 -0.0189476
0 -0.00915879 -0.012903 -0.0115664
0 -0.00656813 -0.00750826 -0.00436321
0 -0.00397774 -0.00222022 0.00261829
0 -0.00142098 0.00291687 0.00934174
0 0.0010705 0.00786294 0.0157758
0 0.00346773 0.0125834 0.0218894
0 0.00574629 0.0170505 0.0276496
0 0.00788916 0.0212429 0.0330243
0 0.0098885 0.025145 0.0379878
0 0.0117456 0.0287463 0.0425249
0 0.0134687 0.0320426 0.0466319
0 0.0150685 0.0350366 0.0503141
0 0.0165536 0.0377342 0.0535826
0 0.0179274 0.0401437 0.0564509
0 0.0191877 0.0422758 0.0589335
0 0.0203288 0.0441436 0.0610476
0 0.0213441 0.0457605 0.0628133
0 0.0222274 0.0471386 0.0642538
0 0.0229744 0.0482868 0.0653947
0 0.0235834 0.0492111 0.066263
0 0.0240538 0.0499135 0.0668845
0 0.0243857 0.0503947 0.0672816
0 0.0245786 0.0506552 0.0674715
0 0.024632 0.0506973 0.067466
0 0.0245465 0.0505249 0.06727
0 0.0243257 0.0501421 0.0668802
0 0.0239778 0.0495516 0.066286
0 0.0235147 0.048756 0.0654712
0 0.0229513 0.0477595 0.0644177
0 0.022304 0.046569 0.0631076
0 0.0215896 0.0451948 0.0615268
0 0.0208238 0.0436514 0.0596677
0 0.0200205 0.0419566 0.0575318
0 0.0191894 0.0401293 0.055129
0 0.0183364 0.0381868 0.0524789
0 0.0174648 0.036145 0.0496105
0 0.0165754 0.0340183 0.0465605
0 0.0156648 0.0318176 0.0433679
0 0.0147239 0.0295487 0.0400678
0 0.0137412 0.0272136 0.0366904
0 0.0127093 0.0248152 0.0332634
0 0.0116286 0.0223612 0.029815
0 0.0105062 0.0198655 0.0263724
0 0.00935281 0.0173467 0.0229595
0 0.00818037 0.0148256 0.0195957
0 0.00700239 0.0123246 0.0162974
0 0.00583433 0.00986696 0.0130799
0 0.00469306 0.0074762 0.00995816
0 0.0035938 0.00517269 0.00694599
0 0.002546 0.00297093 0.00405332
0 0.0015523 0.00087883 0.00128567
0 0.00061157 -0.00110049 -0.00135359
0 -0.000277848 -0.00296656 -0.00386075
0 -0.00111736 -0.0047208 -0.00623131
0 -0.00190908 -0.0063665 -0.00846135
0 -0.00265743 -0.00790956 -0.0105499
0 -0.0033703 -0.00935989 -0.012501
0 -0.00405805 -0.0107316 -0.0143235
0 -0.00473073 -0.0120402 -0.0160296
0 -0.00539523 -0.0132989 -0.017632
0 -0.00605339 -0.014517 -0.0191419
0 -0.00670111 -0.0156975 -0.0205671
0 -0.00732877 -0.0168358 -0.0219115
0 -0.00792326 -0.0179207 -0.0231758
0 -0.00846966 -0.0189346 -0.0243569
0 -0.00895155 -0.0198548 -0.0254458
0 -0.00935089 -0.0206536 -0.0264265
0 -0.0096486 -0.0213005 -0.0272759
0 -0.00982588 -0.0217638 -0.0279642
0 -0.00986681 -0.0220138 -0.0284572
0 -0.0097634 -0.0220263 -0.0287192
0 -0.00951896 -0.0217848 -0.0287147
0 -0.0091441 -0.0212791 -0.0284076
0 -0.00864981 -0.0205017 -0.0277595
0 -0.00804344 -0.0194475 -0.0267305
0 -0.00732944 -0.018115 -0.0252846
0 -0.00651281 -0.0165084 -0.0233961
0 -0.00560096 -0.0146362 -0.0210533
0 -0.00460288 -0.0125099 -0.0182593
0 -0.00352848 -0.0101428 -0.0150312
0 -0.00238921 -0.00755187 -0.0113991
0 -0.00119765 -0.00475945 -0.00740568
0 3.45191e-05 -0.00179538 -0.00310448
0 0.00129817 0.00130389 0.0014433
0 0.00258443 0.00449583 0.00617051
0 0.00388071 0.00773166 0.0110039
0 0.00516951 0.0109569 0.015862
0 0.00642765 0.0141131 0.0206535
0 0.0076271 0.0171407 0.0252793
0 0.0087413 0.0199835 0.0296387
0 0.00975184 0.0225941 0.0336375
0 0.0106491 0.0249321 0.0371924
0 0.0114281 0.0269597 0.0402319
0 0.0120828 0.0286391 0.0426957
0 0.0126043 0.0299332 0.0445366
0 0.0129783 0.0308076 0.0457193
0 0.0131874 0.0312339 0.0462217
0 0.0132167 0.0311963 0.0460395
0 0.0130594 0.0306954 0.0451905
0 0.0127179 0.0297472 0.0437122
0 0.012201 0.0283797 0.041656
0 0.0115229 0.0266308 0.0390838
0 0.0107027 0.0245481 0.036066
0 0.00976306 0.0221858 0.0326778
0 0.00872731 0.0196031 0.028994
0 0.00762 0.0168621 0.0250891
0 0.00646951 0.0140285 0.0210402
0 0.00530901 0.0111708 0.0169275
0 0.0041733 0.00835726 0.0128307
0 0.00309412 0.00565281 0.00882852
0 0.00209948 0.00311856 0.00499978
0 0.00121657 0.000811627 0.00142523
0 0.000472766 -0.00121401 -0.00181218
0 -0.000107979 -0.00290844 -0.00463049
0 -0.000511316 -0.00423013 -0.00695502
0 -0.000737586 -0.00515187 -0.00872649
0 -0.000801971 -0.00566533 -0.0099054
0 -0.000729668 -0.00578118 -0.0104707
0 -0.000549972 -0.00552612 -0.0104186
0 -0.000292229 -0.00494047 -0.00976391
0 1.7035e-05 -0.00407506 -0.0085424
0 0.000358113 -0.00298439 -0.00680871
0 0.000721003 -0.00171962 -0.00463156
0 0.00110255 -0.000325977 -0.00209211
0 0.00149904 0.00115447 0.000714332
0 0.00190164 0.00267923 0.00367999
0 0.00229907 0.00420572 0.00669198
0 0.00268299 0.00569517 0.00964173
0 0.00305189 0.00711618 0.012432
0 0.00341197 0.00844653 0.0149799
0 0.00377322 0.00967199 0.0172183
0 0.00414336 0.0107816 0.0190952
0 0.00452385 0.0117634 0.0205747
0 0.00490814 0.0126029 0.0216376
0 0.00528069 0.0132807 0.0222814
0 0.00561932 0.0137752 0.022519
0 0.00590213 0.0140693 0.0223803
0 0.00611253 0.0141558 0.0219107
0 0.00623872 0.0140364 0.021165
0 0.00627083 0.013718 0.0201984
0 0.00620002 0.0132115 0.0190609
0 0.00602042 0.0125317 0.0177961
0 0.00573222 0.0116969 0.0164413
0 0.0053427 0.0107278 0.0150267
0 0.00486454 0.00964639 0.0135746
0 0.00431358 0.00847487 0.0120995
0 0.00370778 0.00723541 0.010609
0 0.00306762 0.00595115 0.00910755
0 0.00241572 0.00464658 0.00759767
0 0.00177414 0.00334614 0.00608079
0 0.0011611 0.00207221 0.0045572
0 0.000589154 0.000843999 0.00302723
0 6.56992e-05 -0.000322472 0.00149356
0 -0.000404905 -0.00141416 -3.59433e-05
0 -0.000819067 -0.00242051 -0.00154594
0 -0.00117348 -0.00333336 -0.00301373
0 -0.00146744 -0.00414833 -0.0044125
0 -0.00170604 -0.00486669 -0.00571611
0 -0.00190021 -0.00549482 -0.00690168
0 -0.00206262 -0.00604045 -0.00794852
0 -0.00220261 -0.00650806 -0.00883614
0 -0.00232241 -0.00689507 -0.00954288
0 -0.00241591 -0.00718987 -0.0100456
0 -0.00247055 -0.00737256 -0.0103215
0 -0.00247099 -0.00741786 -0.0103504
0 -0.00240186 -0.007298 -0.0101163
0 -0.00224875 -0.00698494 -0.00960696
0 -0.00199883 -0.00645331 -0.00881264
0 -0.00164267 -0.00568434 -0.00772725
0 -0.00117555 -0.00466846 -0.00634852
0 -0.000596266 -0.00340465 -0.00467642
0 9.5213e-05 -0.00189754 -0.00271084
0 0.000898207 -0.00015485 -0.000450889
0 0.00180947 0.00181289 0.00210322
0 0.00282117 0.00399174 0.00494754
0 0.00392019 0.00636421 0.00807271
0 0.00508879 0.00890849 0.0114632
0 0.00630626 0.0115967 0.0150963
0 0.00755107 0.0143954 0.0189405
0 0.00880356 0.0172689 0.0229573
0 0.01005 0.0201838 0.0271048
0 0.0112853 0.0231121 0.0313391
0 0.0125103 0.026031 0.0356106
0 0.0137266 0.0289209 0.0398624
0 0.0149318 0.0317609 0.0440297
0 0.0161188 0.0345258 0.0480429
0 0.017278 0.0371861 0.0518353
0 0.0184001 0.0397086 0.0553493
0 0.0194759 0.0420582 0.0585376
0 0.0204926 0.0441984 0.0613602
0 0.0214316 0.0460923 0.0637829
0 0.0222692 0.0477053 0.0657779
0 0.0229794 0.0490075 0.0673246
0 0.0235352 0.0499728 0.0684088
0 0.0239089 0.0505766 0.0690191
0 0.024072 0.0507935 0.0691456
0 0.0239989 0.0505971 0.0687787
0 0.0236732 0.0499623 0.06791
0 0.0230926 0.0488687 0.0665314
0 0.0222669 0.0473043 0.0646341
0 0.0212127 0.0452666 0.062206
0 0.0199474 0.0427638 0.0592311
0 0.0184861 0.0398133 0.0556916
0 0.0168417 0.0364396 0.0515731
0 0.0150281 0.03267 0.0468703
0 0.0130628 0.0285326 0.0415914
0 0.0109676 0.0240544 0.035761
0 0.00876341 0.019264 0.0294195
0 0.0064672 0.0141959 0.0226181
0 0.00409163 0.00889469 0.0154141
0 0.00164607 0.0034128 0.00787073
0 -0.000860521 -0.00219365 5.86871e-05
0 -0.00341794 -0.00786692 -0.00794576
0 -0.00601263 -0.0135498 -0.0160608
0 -0.0086234 -0.0191901 -0.0241954
0 -0.0112231 -0.0247455 -0.0322389
0 -0.0137841 -0.0301789 -0.0400563
0 -0.0162805 -0.035446 -0.0475067
0 -0.01869 -0.0404863 -0.0544635
0 -0.0209939 -0.0452251 -0.0608223
0 -0.023174 -0.0495825 -0.0665001
0 -0.0252038 -0.0534842 -0.0714327
0 -0.0270393 -0.0568701 -0.0755739
0 -0.0286222 -0.0596969 -0.0788941
0 -0.0299006 -0.0619343 -0.0813803
0 -0.030843 -0.0635599 -0.0830394
0 -0.0314391 -0.0645582 -0.0838998
0 -0.0316952 -0.0649239 -0.0840074
0 -0.0316311 -0.0646667 -0.0834179
0 -0.0312762 -0.0638162 -0.082188
0 -0.0306664 -0.0624219 -0.0803704
0 -0.0298397 -0.0605492 -0.0780105
0 -0.0288321 -0.058274 -0.075149
0 -0.0276794 -0.0556758 -0.0718272
0 -0.0264183 -0.0528325 -0.0680943
0 -0.0250874 -0.0498171 -0.0640125
0 -0.023724 -0.0466948 -0.0596567
0 -0.0223581 -0.0435194 -0.05511
0 -0.0210068 -0.0403294 -0.0504559
0 -0.0196724 -0.0371461 -0.0457703
0 -0.0183444 -0.0339759 -0.0411135
0 -0.0170022 -0.0308171 -0.036529
0 -0.0156209 -0.0276634 -0.0320445
0 -0.0141777 -0.0245047 -0.0276745
0 -0.0126585 -0.0213302 -0.0234211
0 -0.0110607 -0.0181298 -0.0192757
0 -0.00939021 -0.0148944 -0.0152201
0 -0.00765618 -0.0116149 -0.0112277
0 -0.00586578 -0.00828075 -0.00726237
0 -0.00402378 -0.00488078 -0.00328196
0 -0.0021351 -0.0014057 0.000756871
0 -0.000207643 0.00214933 0.00489271
0 0.00174736 0.00578287 0.00915567
0 0.00371721 0.00948518 0.013567
0 0.00568937 0.0132384 0.0181394
0 0.00765184 0.0170201 0.0228762
0 0.00959259 0.0208068 0.0277707
0 0.0114985 0.0245779 0.0328039
0 0.0133551 0.0283159 0.0379396
0 0.0151491 0.0320074 0.0431233
0 0.0168713 0.0356393 0.0482874
0 0.0185203 0.0391952 0.0533608
0 0.0201022 0.0426538 0.0582754
0 0.0216284 0.0459892 0.0629701
0 0.0231118 0.0491746 0.0673906
0 0.0245638 0.0521856 0.0714911
0 0.02599 0.055001 0.0752351
0 0.0273881 0.0576033 0.0785952
0 0.0287458 0.0599801 0.0815533
0 0.0300416 0.0621222 0.0840987
0 0.0312445 0.0640201 0.086227
0 0.0323153 0.0656599 0.0879385
0 0.0332163 0.0670205 0.0892366
0 0.0339161 0.0680731 0.0901299
0 0.0343897 0.0687823 0.090632
0 0.0346164 0.0691105 0.0907551
0 0.0345797 0.0690238 0.0905023
0 0.0342706 0.0684954 0.0898643
0 0.0336918 0.0675082 0.0888182
0 0.0328556 0.0660567 0.0873287
0 0.0317819 0.064148 0.0853518
0 0.0304939 0.0617993 0.0828404
0 0.0290167 0.0590336 0.0797507
0 0.0273753 0.0558738 0.076048
0 0.0255941 0.0523397 0.0717127
0 0.0236924 0.0484459 0.0667431
0 0.0216806 0.0442038 0.0611537
0 0.01956 0.0396218 0.0549754
0 0.0173259 0.0347064 0.0482533
0 0.0149686 0.0294652 0.0410431
0 0.0124763 0.0239122 0.0334042
0 0.00983685 0.0180726 0.0253957
0 0.00704145 0.0119824 0.0170759
0 0.00408922 0.0056829 0.00850416
0 0.000988409 -0.000783385 -0.000261086
0 -0.00224495 -0.0073716 -0.00916378
0 -0.00558645 -0.0140353 -0.0181472
0 -0.0090037 -0.0207328 -0.0271412
0 -0.0124617 -0.0274277 -0.0360547
0 -0.0159278 -0.0340816 -0.0447885
0 -0.0193748 -0.040646 -0.0532513
0 -0.0227812 -0.0470581 -0.0613686
0 -0.0261083 -0.0532489 -0.0690839
0 -0.0292835 -0.0591557 -0.0763516
0 -0.0322352 -0.0647209 -0.0831282
0 -0.0349212 -0.0698867 -0.0893736
0 -0.037317 -0.0745918 -0.095057
0 -0.0394041 -0.0787752 -0.100156
0 -0.0411682 -0.0823902 -0.104646
0 -0.0425994 -0.0854088 -0.1085
0 -0.0436923 -0.0878112 -0.111692
0 -0.0444456 -0.0895802 -0.114202
0 -0.0448636 -0.0907031 -0.11601
0 -0.044956 -0.0911764 -0.1171
0 -0.0447373 -0.0910096 -0.117451
0 -0.0442313 -0.0902253 -0.11704
0 -0.04347 -0.0888574 -0.115838
0 -0.0424884 -0.0869475 -0.113819
0 -0.0413211 -0.0845402 -0.110968
0 -0.0400004 -0.081679 -0.107294
0 -0.0385548 -0.0784038 -0.102829
0 -0.0370067 -0.0747517 -0.0976343
0 -0.0353679 -0.0707561 -0.091793
0 -0.0336358 -0.066447 -0.0854044
0 -0.0317949 -0.0618534 -0.0785756
0 -0.0298244 -0.0570037 -0.071416
0 -0.0277065 -0.0519256 -0.064031
0 -0.0254275 -0.0466476 -0.0565168
0 -0.0229809 -0.0412002 -0.0489532
0 -0.0203722 -0.035615 -0.0413963
0 -0.0176178 -0.0299242 -0.0338802
0 -0.0147435 -0.0241605 -0.0264267
0 -0.0117836 -0.0183592 -0.0190537
0 -0.00877854 -0.012558 -0.0117778
0 -0.00577001 -0.00679572 -0.00461163
0 -0.00279603 -0.00111086 0.00243602
0 0.000112223 0.00446036 0.0093572
0 0.00293023 0.00988308 0.0161437
0 0.00563897 0.0151239 0.0227826
0 0.00822333 0.0201554 0.0292497
0 0.0106715 0.0249579 0.0355117
0 0.0129758 0.0295165 0.0415308
0 0.015133 0.0338201 0.0472668
0 0.0171438 0.0378591 0.0526806
0 0.0190122 0.041624 0.0577369
0 0.0207459 0.0451056 0.0624057
0 0.0223561 0.0482972 0.0666635
0 0.0238547 0.051197 0.0704949
0 0.0252528 0.0538117 0.0738933
0 0.0265599 0.056156 0.0768612
0 0.0277838 0.058251 0.0794095
0 0.0289309 0.0601198 0.0815599
0 0.0300075 0.0617867 0.0833447
0 0.0310195 0.0632755 0.0848059
0 0.0319707 0.0646072 0.0859944
0 0.0328593 0.065799 0.0869645
0 0.0336783 0.0668636 0.0877681
0 0.0344166 0.0678093 0.0884523
0 0.0350616 0.0686405 0.0890589
0 0.0356005 0.0693585 0.0896213
0 0.0360226 0.069962 0.0901609
0 0.0363189 0.0704463 0.0906841
0 0.036482 0.0708024 0.0911828
0 0.0365079 0.0710175 0.0916348
0 0.036398 0.0710749 0.0920048
0 0.0361598 0.0709531 0.0922446
0 0.0358022 0.0706274 0.0922931
0 0.0353316 0.0700716 0.0920795
0 0.0347506 0.0692598 0.0915275
0 0.0340572 0.0681666 0.0905615
0 0.0332461 0.0667669 0.0891114
0 0.0323084 0.0650345 0.087118
0 0.031232 0.062942 0.0845352
0 0.0300026 0.0604608 0.081332
0 0.0286053 0.0575628 0.0774914
0 0.0270263 0.0542241 0.07301
0 0.0252566 0.0504308 0.0678983
0 0.0232931 0.0461828 0.0621809
0 0.0211372 0.0414942 0.0558949
0 0.0187929 0.0363914 0.049086
0 0.0162671 0.0309103 0.0418059
0 0.0135692 0.0250975 0.0341099
0 0.0107114 0.0190087 0.0260548
0 0.00771055 0.0127031 0.0176992
0 0.00458855 0.00623791 0.00910514
0 0.00137081 -0.00033498 0.000336359
0 -0.00191712 -0.00696766 -0.00854688
0 -0.00525216 -0.0136165 -0.0174902
0 -0.0086131 -0.0202482 -0.026437
0 -0.0119821 -0.0268423 -0.0353193
0 -0.0153476 -0.0333855 -0.0440618
0 -0.0187058 -0.0398631 -0.0525924
0 -0.0220562 -0.0462523 -0.06085
0 -0.0253974 -0.052519 -0.0687865
0 -0.0287181 -0.0586217 -0.0763667
0 -0.0319712 -0.0645204 -0.0835652
0 -0.0350787 -0.0701793 -0.0903613
0 -0.0379784 -0.0755643 -0.096736
0 -0.0406366 -0.0806338 -0.102675
0 -0.0430351 -0.085332 -0.108174
0 -0.045163 -0.0895988 -0.113229
0 -0.0470118 -0.0933884 -0.117825
0 -0.0485739 -0.0966748 -0.121932
0 -0.0498423 -0.0994415 -0.125507
0 -0.0508113 -0.101669 -0.128507
0 -0.0514783 -0.103334 -0.130898
0 -0.0518442 -0.104412 -0.132651
0 -0.0519123 -0.104884 -0.133739
0 -0.0516914 -0.104746 -0.134134
0 -0.0512013 -0.104011 -0.133804
0 -0.0504705 -0.102708 -0.132716
0 -0.04953 -0.100877 -0.130838
0 -0.0484086 -0.0985627 -0.128147
0 -0.0471344 -0.0958067 -0.124643
0 -0.0457349 -0.0926487 -0.120356
0 -0.0442343 -0.0891243 -0.115345
0 -0.0426471 -0.0852634 -0.10969
0 -0.040974 -0.0810919 -0.103487
0 -0.0392035 -0.076636 -0.0968434
0 -0.0373168 -0.0719243 -0.089867
0 -0.0352945 -0.0669871 -0.0826637
0 -0.033121 -0.0618571 -0.0753295
0 -0.0307873 -0.0565691 -0.0679491
0 -0.0282977 -0.0511596 -0.0605912
0 -0.0256694 -0.0456648 -0.0533032
0 -0.0229269 -0.0401181 -0.0461117
0 -0.0200964 -0.0345464 -0.0390282
0 -0.0172025 -0.0289707 -0.0320533
0 -0.0142691 -0.023408 -0.0251796
0 -0.0113206 -0.0178727 -0.0183952
0 -0.00838186 -0.0123778 -0.0116869
0 -0.00547349 -0.00693452 -0.00504227
0 -0.00260984 -0.00155393 0.00155151
0 0.000200413 0.00375272 0.00810686
0 0.00295219 0.00897443 0.0146321
0 0.00564198 0.0141018 0.0211264
0 0.0082664 0.0191284 0.027578
0 0.0108211 0.0240506 0.0339655
0 0.013301 0.0288648 0.0402595
0 0.0157003 0.0335644 0.0464251
0 0.0180128 0.0381371 0.0524236
0 0.020232 0.0425637 0.0582136
0 0.0223507 0.0468185 0.0637516
0 0.0243619 0.0508708 0.068993
0 0.0262577 0.0546849 0.0738944
0 0.0280291 0.0582189 0.0784156
0 0.0296633 0.0614253 0.0825184
0 0.0311406 0.0642556 0.0861653
0 0.0324334 0.0666662 0.0893166
0 0.033503 0.0686233 0.0919303
0 0.0343037 0.0701015 0.0939621
0 0.0347946 0.0710771 0.0953672
0 0.0349482 0.071523 0.0961039
0 0.0347555 0.0714075 0.0961382
0 0.0342326 0.0706994 0.0954435
0 0.0334145 0.0693769 0.0939979
0 0.0323411 0.0674358 0.0917832
0 0.0310458 0.0648924 0.0887868
0 0.0295516 0.0617802 0.0850045
0 0.0278737 0.0581451 0.0804452
0 0.0260238 0.0540384 0.0751354
0 0.0240138 0.0495126 0.0691217
0 0.0218561 0.0446205 0.0624698
0 0.0195647 0.0394126 0.0552638
0 0.0171562 0.0339344 0.0476015
0 0.014649 0.0282309 0.0395882
0 0.0120613 0.0223531 0.0313307
0 0.0094105 0.0163622 0.0229304
0 0.00671502 0.0103256 0.0144821
0 0.0039957 0.00431139 0.00607527
0 0.00127746 -0.00161406 -0.00220492
0 -0.00141032 -0.0073848 -0.0102765
0 -0.00403396 -0.0129368 -0.0180579
0 -0.00655716 -0.0182136 -0.0254615
0 -0.00894474 -0.0231679 -0.0323933
0 -0.0111655 -0.0277563 -0.0387623
0 -0.0131941 -0.0319349 -0.044489
0 -0.0150113 -0.0356595 -0.0495057
0 -0.0166025 -0.0388878 -0.0537585
0 -0.0179556 -0.0415814 -0.0572084
0 -0.0190595 -0.0437079 -0.0598307
0 -0.0199034 -0.0452428 -0.0616144
0 -0.0204752 -0.0461703 -0.06256
0 -0.0207619 -0.0464841 -0.0626806
0 -0.02075 -0.0461867 -0.0620024
0 -0.0204318 -0.0452913 -0.0605639
0 -0.0198131 -0.0438198 -0.0584125
0 -0.0189148 -0.0418016 -0.0556014
0 -0.0177676 -0.0392741 -0.0521865
0 -0.016408 -0.0362853 -0.0482245
0 -0.0148752 -0.0328967 -0.0437722
0 -0.01321 -0.0291827 -0.0388893
0 -0.0114532 -0.0252268 -0.0336413
0 -0.00964518 -0.0211144 -0.0281015
0 -0.00782462 -0.0169255 -0.0223488
0 -0.00602541 -0.0127306 -0.0164652
0 -0.00427456 -0.00859047 -0.0105318
0 -0.00259105 -0.00455885 -0.00462748
0 -0.000988028 -0.000682307 0.00116862
0 0.00052362 0.00300122 0.00677673
0 0.00193484 0.00646174 0.0121188
0 0.00323982 0.00967654 0.0171215
0 0.00443724 0.0126312 0.0217192
0 0.00553179 0.0153192 0.0258554
0 0.00653318 0.0177373 0.0294846
0 0.00745158 0.01988 0.0325728
0 0.00829374 0.0217379 0.0350978
0 0.00906082 0.0232991 0.0370504
0 0.00974696 0.0245516 0.038434
0 0.0103386 0.0254839 0.0392629
0 0.0108155 0.0260852 0.039562
0 0.0111531 0.0263474 0.0393661
0 0.0113263 0.0262654 0.0387182
0 0.0113121 0.025839 0.0376652
0 0.0110949 0.0250726 0.0362543
0 0.0106705 0.0239741 0.0345286
0 0.0100469 0.0225549 0.0325239
0 0.00924229 0.0208309 0.030266
0 0.00828095 0.0188245 0.0277708
0 0.00719027 0.0165662 0.0250456
0 0.00599743 0.0140934 0.0220923
0 0.00472755 0.0114472 0.0189106
0 0.0034041 0.00866666 0.0155027
0 0.00204942 0.00578655 0.0118758
0 0.000683409 0.00283646 0.00804234
0 -0.000677772 -0.000158184 0.00402022
0 -0.00202144 -0.00317532 -0.000166181
0 -0.00333861 -0.00619613 -0.00448467
0 -0.00462463 -0.00920459 -0.00889546
0 -0.00587855 -0.0121854 -0.0133527
0 -0.00710143 -0.0151218 -0.0178057
0 -0.00829417 -0.0179959 -0.0222004
0 -0.00945683 -0.0207904 -0.0264821
0 -0.0105906 -0.0234906 -0.0305964
0 -0.011699 -0.0260861 -0.0344901
0 -0.0127868 -0.028568 -0.0381143
0 -0.0138561 -0.0309242 -0.0414289
0 -0.0149041 -0.0331378 -0.044403
0 -0.0159214 -0.0351861 -0.047013
0 -0.0168907 -0.0370415 -0.0492411
0 -0.017787 -0.038672 -0.0510745
0 -0.0185801 -0.0400429 -0.0525058
0 -0.0192372 -0.0411194 -0.0535313
0 -0.0197254 -0.0418677 -0.0541505
0 -0.0200134 -0.0422567 -0.0543639
0 -0.0200747 -0.04226 -0.0541721
0 -0.019891 -0.0418579 -0.0535737
0 -0.0194576 -0.0410376 -0.0525637
0 -0.0187838 -0.0397946 -0.0511326
0 -0.0178912 -0.0381346 -0.0492678
0 -0.0168087 -0.0360752 -0.0469554
0 -0.0155667 -0.0336452 -0.0441805
0 -0.0141905 -0.0308785 -0.0409279
0 -0.0126989 -0.0278096 -0.0371865
0 -0.011106 -0.0244699 -0.0329547
0 -0.00942692 -0.0208866 -0.028247
0 -0.00768016 -0.0170836 -0.0230966
0 -0.00588546 -0.0130852 -0.0175533
0 -0.00405905 -0.00892081 -0.0116761
0 -0.00220908 -0.00462527 -0.00552696
0 -0.000335481 -0.000233171 0.000830643
0 0.0015671 0.00422501 0.00733249
0 0.00350556 0.00872321 0.013914
0 0.00548381 0.0132396 0.0205089
0 0.00749962 0.0177548 0.0270474
0 0.00954537 0.0222487 0.0334566
0 0.0116118 0.0266984 0.0396651
0 0.013691 0.0310777 0.0456099
0 0.0157766 0.0353576 0.0512423
0 0.0178621 0.0395087 0.0565284
0 0.0199377 0.043501 0.0614459
0 0.0219872 0.0473049 0.0659807
0 0.0239861 0.0508906 0.0701244
0 0.0259019 0.054227 0.0738719
0 0.0276974 0.0572792 0.0772208
0 0.0293349 0.0600105 0.0801717
0 0.0307792 0.0623858 0.0827277
0 0.0320007 0.0643766 0.0848926
0 0.0329735 0.0659636 0.0866691
0 0.0336758 0.0671367 0.0880568
0 0.0340936 0.0678921 0.0890497
0 0.0342221 0.068229 0.0896359
0 0.0340691 0.068147 0.0898009
0 0.0336595 0.0676469 0.0895276
0 0.0330332 0.0667364 0.0887954
0 0.0322357 0.0654334 0.0875812
0 0.0313094 0.063767 0.0858636
0 0.0302876 0.0617741 0.0836274
0 0.0291939 0.0594941 0.0808687
0 0.0280426 0.0569636 0.0775994
0 0.0268403 0.0542125 0.0738487
0 0.0255876 0.051262 0.0696611
0 0.0242809 0.0481257 0.0650939
0 0.022913 0.0448133 0.0602137
0 0.0214763 0.0413344 0.0550926
0 0.0199641 0.037703 0.0498024
0 0.0183711 0.0339399 0.0444108
0 0.0166925 0.0300715 0.0389772
0 0.0149268 0.0261252 0.0335486
0 0.0130773 0.0221259 0.0281573
0 0.0111518 0.0180966 0.0228245
0 0.00916461 0.0140583 0.017566
0 0.0071369 0.0100324 0.0123965
0 0.00509428 0.00604001 0.0073286
0 0.00306275 0.00210159 0.00237236
0 0.00106533 -0.00176373 -0.0024651
0 -0.000880095 -0.00553677 -0.00717923
0 -0.00276211 -0.00919716 -0.0117687
0 -0.00457552 -0.012726 -0.0162351
0 -0.00631914 -0.0161096 -0.020581
0 -0.00799278 -0.0193403 -0.0248049
0 -0.0095946 -0.0224176 -0.0288975
0 -0.0111206 -0.0253464 -0.0328409
0 -0.0125669 -0.0281349 -0.0366118
0 -0.0139313 -0.0307901 -0.0401863
0 -0.0152138 -0.0333131 -0.0435429
0 -0.0164165 -0.0356975 -0.046663
0 -0.0175427 -0.0379311 -0.049531
0 -0.0185968 -0.0399992 -0.0521346
0 -0.0195825 -0.0418881 -0.054466
0 -0.0205016 -0.0435874 -0.056522
0 -0.0213526 -0.0450921 -0.0583034
0 -0.0221301 -0.0464017 -0.0598136
0 -0.0228244 -0.0475178 -0.0610573
0 -0.0234223 -0.0484415 -0.0620392
0 -0.0239079 -0.0491698 -0.0627633
0 -0.0242634 -0.0496939 -0.0632313
0 -0.024472 -0.0499988 -0.0634438
0 -0.0245208 -0.0500668 -0.0634014
0 -0.024405 -0.0498807 -0.0631044
0 -0.0241299 -0.0494262 -0.0625511
0 -0.0237081 -0.0486953 -0.061735
0 -0.0231542 -0.0476883 -0.0606439
0 -0.0224815 -0.0464147 -0.0592609
0 -0.0217017 -0.044891 -0.057567
0 -0.0208259 -0.0431378 -0.0555452
0 -0.0198648 -0.0411762 -0.0531843
0 -0.0188296 -0.0390248 -0.0504811
0 -0.0177325 -0.0366993 -0.0474422
0 -0.016586 -0.0342134 -0.0440849
0 -0.0154001 -0.0315796 -0.0404365
0 -0.0141798 -0.0288102 -0.0365312
0 -0.0129245 -0.0259181 -0.0324067
0 -0.0116284 -0.0229157 -0.0281008
0 -0.0102843 -0.019814 -0.0236502
0 -0.00888624 -0.0166227 -0.0190909
0 -0.00743201 -0.013353 -0.0144579
0 -0.00592484 -0.0100194 -0.00978448
0 -0.00437254 -0.00663897 -0.00510231
0 -0.00278588 -0.0032293 -0.000441649
0 -0.00117648 0.000192275 0.0041699
0 0.000445057 0.00360742 0.0087088
0 0.00206967 0.00699705 0.0131562
0 0.00368973 0.0103421 0.0174976
0 0.00529791 0.0136241 0.0217217
0 0.00688572 0.0168255 0.0258185
0 0.00844359 0.019929 0.0297776
0 0.00996191 0.0229196 0.0335871
0 0.0114311 0.0257849 0.0372346
0 0.0128415 0.0285154 0.0407066
0 0.0141832 0.0311024 0.0439891
0 0.0154461 0.0335363 0.0470672
0 0.0166191 0.0358044 0.0499246
0 0.0176908 0.0378903 0.0525445
0 0.0186516 0.0397763 0.0549105
0 0.0194943 0.041445 0.0570089
0 0.0202151 0.0428815 0.0588278
0 0.0208112 0.0440736 0.0603564
0 0.0212798 0.0450124 0.061584
0 0.0216182 0.0456925 0.0625004
0 0.0218238 0.0461116 0.0630966
0 0.0218939 0.0462696 0.0633648
0 0.0218274 0.0461672 0.0632989
0 0.0216272 0.0458051 0.0628941
0 0.0213012 0.0451846 0.0621485
0 0.0208601 0.044308 0.0610634
0 0.0203155 0.0431807 0.059643
0 0.0196771 0.0418116 0.0578936
0 0.0189517 0.0402127 0.0558237
0 0.0181432 0.0383986 0.0534437
0 0.0172535 0.0363848 0.0507678
0 0.0162852 0.0341879 0.0478147
0 0.0152425 0.0318242 0.0446077
0 0.0141318 0.0293103 0.0411744
0 0.0129618 0.0266637 0.0375456
0 0.0117426 0.0239037 0.0337551
0 0.0104844 0.0210519 0.0298376
0 0.00919667 0.0181317 0.0258271
0 0.0078874 0.0151678 0.0217561
0 0.00656266 0.0121853 0.0176546
0 0.00522733 0.00920774 0.0135504
0 0.00388636 0.00625417 0.00946855
0 0.00254616 0.00333754 0.00543238
0 0.00121522 0.00046677 0.00146517
0 -9.66959e-05 -0.00234953 -0.00240938
0 -0.00137983 -0.0050999 -0.00616818
0 -0.00262559 -0.00776964 -0.00978983
0 -0.00382725 -0.0103422 -0.0132555
0 -0.00498015 -0.0128 -0.0165495
0 -0.00608076 -0.0151252 -0.0196587
0 -0.00712485 -0.0173008 -0.022571
0 -0.00810628 -0.0193123 -0.0252739
0 -0.00901735 -0.0211501 -0.027753
0 -0.00985017 -0.0228096 -0.0299935
0 -0.010598 -0.0242897 -0.0319823
0 -0.0112559 -0.0255902 -0.0337082
0 -0.0118211 -0.0267095 -0.0351634
0 -0.0122927 -0.0276438 -0.0363442
0 -0.0126714 -0.0283885 -0.0372508
0 -0.0129586 -0.0289383 -0.0378862
0 -0.0131539 -0.0292882 -0.0382548
0 -0.0132535 -0.0294329 -0.0383599
0 -0.01325 -0.0293671 -0.0382036
0 -0.013136 -0.0290867 -0.0377873
0 -0.012908 -0.0285902 -0.0371134
0 -0.0125679 -0.0278787 -0.0361848
0 -0.0121222 -0.0269564 -0.0350051
0 -0.0115806 -0.0258317 -0.0335789
0 -0.0109562 -0.0245181 -0.0319125
0 -0.0102629 -0.0230346 -0.030015
0 -0.00951433 -0.0214032 -0.0278971
0 -0.008722 -0.0196473 -0.025572
0 -0.0078954 -0.0177898 -0.0230554
0 -0.00704295 -0.0158514 -0.0203671
0 -0.00617282 -0.0138501 -0.0175318
0 -0.00529259 -0.0118017 -0.0145787
0 -0.00440879 -0.00972125 -0.0115398
0 -0.00352668 -0.00762318 -0.00844865
0 -0.00265035 -0.00552124 -0.00533994
0 -0.00178239 -0.00342897 -0.00224785
0 -0.000923545 -0.0013603 0.000795394
0 -7.31058e-05 0.000670991 0.00376046
0 0.000770358 0.00265269 0.0066213
0 0.00160737 0.00457484 0.009355
0 0.00243571 0.00642883 0.0119417
0 0.00325017 0.00820595 0.0143654
0 0.0040433 0.0098969 0.0166139
0 0.00480666 0.0114922 0.0186794
0 0.00553192 0.0129827 0.0205586
0 0.00621149 0.0143589 0.0222524
0 0.00683841 0.0156119 0.0237646
0 0.00740623 0.0167331 0.0251007
0 0.00790894 0.0177152 0.0262666
0 0.00834112 0.0185531 0.0272676
0 0.00869821 0.0192444 0.0281083
0 0.00897723 0.0197893 0.0287918
0 0.00917792 0.0201908 0.0293209
0 0.00930364 0.0204555 0.0296988
0 0.0093603 0.0205918 0.0299291
0 0.00935305 0.020607 0.0300127
0 0.0092847 0.0205043 0.0299464
0 0.00915742 0.0202838 0.0297242
0 0.00897512 0.0199453 0.0293411
0 0.00874436 0.0194914 0.0287955
0 0.00847334 0.0189275 0.0280897
0 0.00816945 0.0182616 0.0272286
0 0.00783759 0.0175029 0.0262187
0 0.00748022 0.0166611 0.0250685
0 0.00709842 0.0157465 0.0237885
0 0.00669291 0.0147687 0.0223919
0 0.00626442 0.013736 0.020894
0 0.00581341 0.0126544 0.0193112
0 0.00534006 0.0115282 0.0176596
0 0.00484489 0.0103606 0.0159547
0 0.00432928 0.00915566 0.0142113
0 0.00379542 0.00791822 0.0124433
0 0.00324582 0.0066543 0.0106634
0 0.00268311 0.00537073 0.00888222
0 0.00210982 0.00407505 0.0071087
0 0.00152837 0.00277539 0.00535031
0 0.00094187 0.00148045 0.00361397
0 0.000355168 0.000199678 0.00190679
0 -0.000224886 -0.00105689 0.000236465
0 -0.000790315 -0.0022795 -0.00138888
0 -0.00133354 -0.00345928 -0.00296124
0 -0.0018492 -0.00458869 -0.00447406
0 -0.00233546 -0.0056623 -0.0059232
0 -0.00279356 -0.00667736 -0.00730648
0 -0.00322594 -0.00763328 -0.00862223
0 -0.00363455 -0.00853083 -0.00986822
0 -0.00402009 -0.00937142 -0.0110413
0 -0.00438184 -0.0101562 -0.0121374
0 -0.00471794 -0.0108852 -0.0131518
0 -0.00502618 -0.0115571 -0.0140796
0 -0.0053045 -0.0121693 -0.014916
0 -0.00555094 -0.012717 -0.0156567
0 -0.00576322 -0.0131939 -0.0162968
0 -0.00593779 -0.0135915 -0.0168303
0 -0.00606873 -0.0138988 -0.0172486
0 -0.006149 -0.0141037 -0.0175414
0 -0.00617415 -0.0141973 -0.0177005
0 -0.00614504 -0.0141768 -0.0177218
0 -0.00606684 -0.0140454 -0.0176049
0 -0.00594574 -0.0138087 -0.01735
0 -0.00578631 -0.0134736 -0.0169569
0 -0.00559156 -0.0130472 -0.0164259
0 -0.00536435 -0.0125373 -0.0157592
0 -0.00510749 -0.0119513 -0.0149613
0 -0.00482273 -0.0112945 -0.0140378
0 -0.00451004 -0.0105694 -0.0129946
0 -0.00416846 -0.00977592 -0.0118382
0 -0.0037977 -0.00891423 -0.0105772
0 -0.00339922 -0.00798616 -0.00922238
0 -0.00297576 -0.00699607 -0.00778691
0 -0.00253009 -0.00595028 -0.00628432
0 -0.00206404 -0.00485624 -0.00472748
0 -0.00157881 -0.00372215 -0.00312839
0 -0.00107601 -0.00255674 -0.00149864
0 -0.00055867 -0.00136944 0.000149984
0 -3.14295e-05 -0.00017035 0.00180522
0 0.000500018 0.00102993 0.00345471
0 0.00102954 0.0022208 0.00508658
0 0.00155094 0.00339188 0.00668948
0 0.00205811 0.00453299 0.00825215
0 0.00254526 0.00563377 0.0097633
0 0.00300706 0.00668369 0.0112117
0 0.00343891 0.00767259 0.0125862
0 0.00383705 0.00859123 0.0138756
0 0.00419849 0.00943152 0.0150687
0 0.00452075 0.0101867 0.0161544
0 0.00480177 0.0108511 0.017122
0 0.00503988 0.0114201 0.017961
0 0.00523376 0.0118899 0.0186622
0 0.00538242 0.0122574 0.0192169
0 0.00548538 0.0125201 0.0196181
0 0.00554319 0.0126763 0.0198611
0 0.00555764 0.012726 0.0199446
0 0.00553114 0.0126709 0.0198703
0 0.00546595 0.0125136 0.0196418
0 0.0053638 0.0122576 0.0192649
0 0.00522609 0.011908 0.0187475
0 0.00505429 0.011471 0.0180995
0 0.00484964 0.0109538 0.0173323
0 0.00461236 0.0103627 0.0164569
0 0.0043415 0.00970221 0.0154833
0 0.00403618 0.00897523 0.0144209
0 0.00369694 0.00818462 0.0132795
0 0.00332628 0.00733419 0.0120689
0 0.00292852 0.0064295 0.0107999
0 0.00250923 0.00547829 0.0094831
0 0.0020743 0.0044901 0.00812927
0 0.00162878 0.00347516 0.00674798
0 0.00117593 0.002443 0.0053473
0 0.000717599 0.00140179 0.00393388
0 0.000255395 0.000358642 0.00251393
0 -0.000207965 -0.000679517 0.00109451
0 -0.000667551 -0.00170525 -0.000315449
0 -0.00111643 -0.00271045 -0.00170501
0 -0.00154786 -0.00368691 -0.00306269
0 -0.00195797 -0.00462766 -0.00437871
0 -0.00234662 -0.00552785 -0.00564604
0 -0.00271597 -0.00638462 -0.0068593
0 -0.00306807 -0.007196 -0.00801306
0 -0.00340296 -0.00795958 -0.00910061
0 -0.00371792 -0.00867164 -0.0101135
0 -0.00400832 -0.00932702 -0.0110423
0 -0.00426938 -0.0099199 -0.0118777
0 -0.00449744 -0.0104443 -0.0126121
0 -0.00469021 -0.0108944 -0.0132392
0 -0.00484621 -0.0112642 -0.0137537
0 -0.00496425 -0.0115481 -0.014151
0 -0.00504311 -0.0117415 -0.0144271
0 -0.00508144 -0.0118407 -0.0145784
0 -0.00507825 -0.0118442 -0.0146024
0 -0.00503407 -0.0117531 -0.0144986
0 -0.00495162 -0.0115716 -0.014269
0 -0.00483482 -0.0113061 -0.0139179
0 -0.0046869 -0.0109629 -0.0134503
0 -0.00450899 -0.0105468 -0.0128701
0 -0.00430018 -0.0100601 -0.0121805
0 -0.00405903 -0.00950343 -0.0113848
0 -0.00378519 -0.00887733 -0.0104874
0 -0.00348043 -0.00818348 -0.00949525
0 -0.0031491 -0.00742639 -0.0084179
0 -0.00279752 -0.00661405 -0.00726769
0 -0.0024322 -0.00575719 -0.00605827
0 -0.00205827 -0.00486782 -0.00480331
0 -0.00167923 -0.0039582 -0.00351612
0 -0.00129749 -0.00303994 -0.00220976
0 -0.000914387 -0.00212245 -0.000896295
0 -0.000529602 -0.00121137 0.00041429
0 -0.000141969 -0.000309076 0.00171363
0 0.000248189 0.000582947 0.00299314
0 0.000637699 0.00146192 0.004243
0 0.00102166 0.00232352 0.00545296
0 0.00139562 0.00316289 0.00661406
0 0.00175722 0.00397564 0.00772014
0 0.00210641 0.00475808 0.00876829
0 0.00244394 0.00550658 0.00975763
0 0.00276887 0.00621635 0.0106869
0 0.00307657 0.00688015 0.0115525
0 0.00335932 0.00748874 0.0123482
0 0.00360964 0.00803337 0.0130675
0 0.00382353 0.00850842 0.0137064
0 0.00400094 0.00891192 0.0142635
0 0.00414381 0.00924412 0.0147382
0 0.00425406 0.00950607 0.015129
0 0.00433326 0.00969944 0.0154339
0 0.0043834 0.00982707 0.015651
0 0.00440767 0.00989359 0.0157806
0 0.00441054 0.00990533 0.0158248
0 0.00439687 0.00986946 0.015788
0 0.00437085 0.00979295 0.0156757
0 0.00433495 0.0096815 0.0154939
0 0.00428874 0.00953796 0.0152479
0 0.00422893 0.00936165 0.0149418
0 0.00415107 0.00914944 0.0145789
0 0.00405155 0.0088975 0.014163
0 0.00392866 0.00860268 0.0136987
0 0.00378244 0.00826334 0.013191
0 0.00361411 0.00787972 0.0126446
0 0.00342536 0.00745397 0.0120634
0 0.00321783 0.00698983 0.01145
0 0.00299292 0.00649185 0.0108056
0 0.00275112 0.00596385 0.0101296
0 0.00249152 0.00540731 0.00941879
0 0.00221255 0.0048212 0.00866842
0 0.00191334 0.00420285 0.00787334
0 0.00159444 0.00354915 0.00702927
0 0.00125791 0.00285766 0.00613333
0 0.000907153 0.00212783 0.00518463
0 0.000546255 0.00136141 0.00418408
0 0.000178737 0.000561971 0.00313355
0 -0.000193359 -0.000265792 0.00203523
0 -0.00056881 -0.00111608 0.000892245
0 -0.000945773 -0.00198172 -0.000290022
0 -0.00132141 -0.0028544 -0.00150344
0 -0.00169286 -0.00372583 -0.00273809
0 -0.00205848 -0.00458933 -0.00398366
0 -0.00241816 -0.00544077 -0.00523024
0 -0.00277274 -0.00627818 -0.00646797
0 -0.00312257 -0.00710033 -0.00768638
0 -0.00346666 -0.00790523 -0.008874
0 -0.00380282 -0.00868937 -0.010019
0 -0.0041286 -0.00944784 -0.0111101
0 -0.00444131 -0.0101741 -0.0121371
0 -0.00473654 -0.0108585 -0.0130891
0 -0.00500736 -0.0114877 -0.0139536
0 -0.00524546 -0.0120464 -0.0147174
0 -0.00544367 -0.0125197 -0.0153687
0 -0.00559786 -0.0128964 -0.0158983
0 -0.00570697 -0.0131701 -0.0163002
0 -0.0057712 -0.0133381 -0.0165702
0 -0.00579053 -0.0134003 -0.0167043
0 -0.0057646 -0.0133585 -0.0166988
0 -0.00569326 -0.0132153 -0.0165509
0 -0.00557667 -0.0129728 -0.016258
0 -0.0054152 -0.0126321 -0.0158183
0 -0.00520984 -0.0121934 -0.0152316
0 -0.00496251 -0.0116571 -0.0144994
0 -0.00467559 -0.0110241 -0.0136248
0 -0.00435128 -0.0102963 -0.0126124
0 -0.00399137 -0.009477 -0.0114681
0 -0.00359727 -0.00857081 -0.010199
0 -0.00317029 -0.00758379 -0.00881343
0 -0.00271227 -0.00652335 -0.00732169
0 -0.00222653 -0.0053986 -0.00573629
0 -0.00171799 -0.0042203 -0.00407221
0 -0.00119216 -0.00299995 -0.00234586
0 -0.000654194 -0.0017487 -0.00057389
0 -0.000108645 -0.000477131 0.00122738
0 0.000440478 0.000804571 0.00304204
0 0.000989886 0.00208631 0.0048549
0 0.00153688 0.0033585 0.00665168
0 0.00207861 0.00461196 0.00841832
0 0.00261082 0.00583655 0.0101399
0 0.00312714 0.00702041 0.0118004
0 0.00362017 0.00815084 0.0133834
0 0.00408376 0.00921625 0.014874
0 0.00451479 0.0102078 0.0162604
0 0.00491272 0.0111197 0.0175343
0 0.00527742 0.0119477 0.0186886
0 0.00560706 0.0126875 0.0197159
0 0.0058977 0.0133342 0.020608
0 0.00614498 0.0138825 0.0213575
0 0.00634618 0.0143287 0.0219596
0 0.00650083 0.0146705 0.0224129
0 0.00660961 0.0149072 0.0227179
0 0.00667313 0.0150383 0.0228762
0 0.00669179 0.0150644 0.0228905
0 0.00666651 0.0149878 0.022765
0 0.00659916 0.0148128 0.0225059
0 0.00649218 0.0145453 0.0221204
0 0.00634792 0.0141918 0.0216164
0 0.00616803 0.0137583 0.0210017
0 0.00595312 0.0132492 0.0202828
0 0.00570328 0.0126681 0.0194659
0 0.00541914 0.0120177 0.0185569
0 0.00510256 0.0113013 0.0175619
0 0.00475649 0.010523 0.0164876
0 0.00438434 0.00968734 0.0153404
0 0.00398957 0.00879967 0.0141269
0 0.00357553 0.0078663 0.0128537
0 0.00314555 0.00689443 0.0115276
0 0.0027028 0.00589165 0.010156
0 0.00225032 0.00486544 0.00874661
0 0.00179109 0.00382292 0.00730762
0 0.00132823 0.00277086 0.00584802
0 0.000864917 0.0017157 0.00437742
0 0.000404171 0.000663609 0.00290578
0 -5.12834e-05 -0.000379149 0.00144334
0 -0.000498188 -0.00140546 1.19688e-06
0 -0.000931777 -0.00240648 -0.00140773
0 -0.00134618 -0.00337147 -0.00276897
0 -0.00173606 -0.00428884 -0.00406808
0 -0.00209843 -0.00514835 -0.00529254
0 -0.0024334 -0.00594318 -0.00643284
0 -0.00274303 -0.0066702 -0.00748203
0 -0.0030288 -0.00732826 -0.00843405
0 -0.00328934 -0.0079158 -0.00928182
0 -0.00351991 -0.00842931 -0.0100167
0 -0.0037143 -0.0088636 -0.0106296
0 -0.00386803 -0.00921364 -0.011114
0 -0.00398029 -0.00947612 -0.0114674
0 -0.0040532 -0.00964955 -0.0116908
0 -0.00408955 -0.00973342 -0.0117868
0 -0.00409105 -0.00972789 -0.0117585
0 -0.00405808 -0.00963411 -0.0116091
0 -0.00399041 -0.00945475 -0.0113424
0 -0.00388778 -0.00919379 -0.010963
0 -0.00375029 -0.00885592 -0.0104763
0 -0.00357901 -0.0084463 -0.00988858
0 -0.00337683 -0.00797104 -0.00920787
0 -0.00314895 -0.00743792 -0.0084446
0 -0.00290199 -0.00685634 -0.00761107
0 -0.00264239 -0.00623653 -0.00672039
0 -0.00237514 -0.00558868 -0.00578539
0 -0.00210259 -0.00492159 -0.00481747
0 -0.00182406 -0.00424117 -0.00382565
0 -0.00153699 -0.00355025 -0.00281688
0 -0.00123919 -0.0028498 -0.00179743
0 -0.000930388 -0.00214019 -0.000773817
0 -0.000612436 -0.00142235 0.000246952
0 -0.000289402 -0.000699242 0.001257
0 3.26644e-05 2.28655e-05 0.00224724
0 0.000346916 0.000734579 0.00320805
0 0.000647481 0.00142488 0.00413067
0 0.000930889 0.0020832 0.00500839
0 0.00119673 0.00270162 0.0058373
0 0.00144705 0.00327602 0.00661608
0 0.00168421 0.00380554 0.00734442
0 0.00190889 0.00429139 0.00802153
0 0.00211974 0.00473596 0.00864577
0 0.00231446 0.00514239 0.00921538
0 0.00249129 0.00551402 0.00972936
0 0.00264976 0.00585359 0.010188
0 0.00279079 0.00616251 0.0105927
0 0.00291568 0.00644023 0.0109454
0 0.00302465 0.00668373 0.0112468
0 0.00311618 0.00688792 0.0114961
0 0.00318768 0.00704717 0.0116915
0 0.00323665 0.0071569 0.0118308
0 0.00326158 0.00721473 0.0119128
0 0.00326253 0.00722096 0.0119369
0 0.00324099 0.00717832 0.0119037
0 0.00319927 0.00709105 0.0118143
0 0.00313976 0.0069637 0.0116698
0 0.00306442 0.00680034 0.0114711
0 0.00297457 0.00660394 0.0112186
0 0.0028712 0.00637639 0.0109134
0 0.00275535 0.0061189 0.0105569
0 0.00262825 0.00583248 0.0101516
0 0.00249112 0.00551815 0.00970096
0 0.00234505 0.00517728 0.009209
0 0.00219114 0.00481217 0.00868069
0 0.00203082 0.00442638 0.00812202
0 0.00186561 0.00402443 0.00753973
0 0.00169674 0.00361114 0.00694063
0 0.00152483 0.00319082 0.00633112
0 0.00134999 0.00276699 0.00571692
0 0.00117225 0.0023424 0.00510322
0 0.000992065 0.00191936 0.00449501
0 0.000810459 0.00150002 0.00389715
0 0.000628889 0.00108645 0.00331428
0 0.000448999 0.000680787 0.00275047
0 0.000272429 0.000285363 0.00220918
0 0.000100752 -9.71889e-05 0.00169321
0 -6.4511e-05 -0.000463966 0.00120486
0 -0.000221889 -0.000811952 0.000745995
0 -0.000369956 -0.00113818 0.000318155
0 -0.000507309 -0.00143989 -7.73817e-05
0 -0.000632572 -0.00171459 -0.000439474
0 -0.000744358 -0.00196016 -0.000766872
0 -0.000841023 -0.00217455 -0.00105782
0 -0.000920451 -0.0023553 -0.00130966
0 -0.000980273 -0.00249944 -0.00151877
0 -0.00101854 -0.00260381 -0.00168116
0 -0.0010343 -0.00266557 -0.00179292
0 -0.00102793 -0.00268287 -0.00185078
0 -0.00100139 -0.00265549 -0.00185262
0 -0.00095786 -0.00258517 -0.00179769
0 -0.000900715 -0.00247518 -0.00168615
0 -0.000832545 -0.00232948 -0.00151862
0 -0.000754814 -0.0021521 -0.00129603
0 -0.000667819 -0.00194642 -0.00101961
0 -0.000570702 -0.00171435 -0.000690696
0 -0.000461886 -0.00145609 -0.000310822
0 -0.000339902 -0.00117053 0.000117796
0 -0.000203943 -0.000855996 0.000591991
0 -5.38795e-05 -0.00051089 0.00110781
0 0.000109769 -0.000134416 0.00166069
0 0.000285629 0.000272387 0.0022453
0 0.00047158 0.000706146 0.00285561
0 0.000665444 0.0011616 0.0034856
0 0.000865503 0.00163253 0.00412977
0 0.00107025 0.00211241 0.00478304
0 0.00127773 0.00259466 0.00544033
0 0.00148522 0.0030729 0.00609614
0 0.00168945 0.0035413 0.00674458
0 0.00188736 0.00399513 0.00737997
0 0.00207681 0.00443121 0.00799734
0 0.00225672 0.00484766 0.00859245
0 0.00242622 0.00524285 0.00916099
0 0.00258356 0.00561399 0.00969753
0 0.00272587 0.00595647 0.0101952
0 0.00285031 0.00626484 0.0106465
0 0.00295582 0.00653458 0.0110456
0 0.00304366 0.00676331 0.0113889
0 0.00311619 0.00695051 0.0116742
0 0.00317497 0.00709633 0.0118997
0 0.00321985 0.00720089 0.0120631
0 0.00324945 0.00726422 0.0121622
0 0.00326224 0.00728656 0.0121956
0 0.00325765 0.00726869 0.0121638
0 0.00323643 0.00721209 0.0120691
0 0.00320021 0.00711863 0.0119157
0 0.00314971 0.00698921 0.0117072
0 0.00308201 0.00682121 0.0114445
0 0.00298959 0.00660687 0.0111232
0 0.00286372 0.00633579 0.0107364
0 0.00269993 0.00599986 0.0102795
0 0.00250006 0.00559617 0.00975176
0 0.00226991 0.00512646 0.00915491
0 0.00201634 0.00459599 0.00849159
0 0.00174623 0.00401352 0.00776517
0 0.00146609 0.00339098 0.00698044
0 0.00118106 0.00274133 0.00614292
0 0.000892622 0.00207447 0.00525668
0 0.000597703 0.00139403 0.00432276
0 0.000290964 0.000697806 0.00334052
0 -3.14432e-05 -1.9174e-05 0.0023106
0 -0.000369413 -0.000761492 0.00123709
0 -0.000718891 -0.00153156 0.0001276
0 -0.00107434 -0.00232913 -0.00100849
0 -0.00143179 -0.00315141 -0.0021624
0 -0.00179011 -0.00399293 -0.00332703
0 -0.00214955 -0.00484516 -0.00449581
0 -0.00250913 -0.00569616 -0.00566068
0 -0.00286519 -0.00653163 -0.00681096
0 -0.00321178 -0.00733732 -0.007934
0 -0.00354207 -0.00810093 -0.00901635
0 -0.00384945 -0.00881289 -0.0100446
0 -0.00412901 -0.00946676 -0.0110065
0 -0.00437866 -0.0100594 -0.0118918
0 -0.00459902 -0.0105903 -0.0126926
0 -0.00479199 -0.0110595 -0.0134025
0 -0.00495956 -0.0114671 -0.0140161
0 -0.00510343 -0.0118129 -0.0145289
0 -0.00522469 -0.0120964 -0.0149378
0 -0.00532302 -0.0123163 -0.0152405
0 -0.00539583 -0.0124697 -0.0154346
0 -0.00543864 -0.0125516 -0.0155173
0 -0.00544688 -0.0125567 -0.015487
0 -0.00541741 -0.0124807 -0.0153438
0 -0.00534879 -0.0123204 -0.0150898
0 -0.00524058 -0.0120739 -0.0147272
0 -0.00509286 -0.0117408 -0.0142587
0 -0.00490636 -0.0113223 -0.0136868
0 -0.00468252 -0.0108219 -0.0130141
0 -0.00442333 -0.010244 -0.0122435
0 -0.0041311 -0.0095943 -0.011378
0 -0.00380833 -0.00887822 -0.0104204
0 -0.00345776 -0.00810116 -0.00937409
0 -0.00308245 -0.00726828 -0.00824337
0 -0.00268575 -0.00638463 -0.00703347
0 -0.002271 -0.00545516 -0.00575079
0 -0.00184114 -0.00448476 -0.00440264
0 -0.00139846 -0.00347824 -0.00299709
0 -0.000944589 -0.00244047 -0.00154282
0 -0.000480988 -0.00137666 -4.92008e-05
0 -1.01774e-05 -0.000293329 0.00147283
0 0.000463553 0.000800937 0.00301026
0 0.000934952 0.00189564 0.00454881
0 0.00139951 0.00298003 0.00607454
0 0.00185496 0.00404529 0.00757544
0 0.00230171 0.00508536 0.00904214
0 0.00274101 0.00609602 0.0104668
0 0.00317215 0.0070731 0.0118412
0 0.00359123 0.00801145 0.0131553
0 0.00399242 0.00890497 0.0143984
0 0.00437007 0.00974735 0.0155606
0 0.00471994 0.0105322 0.0166338
0 0.00503923 0.011253 0.0176116
0 0.00532623 0.0119031 0.0184889
0 0.00557982 0.0124765 0.0192617
0 0.00579905 0.0129684 0.0199262
0 0.00598267 0.0133756 0.0204792
0 0.00612903 0.0136958 0.0209178
0 0.00623643 0.0139282 0.0212395
0 0.00630409 0.0140732 0.0214434
0 0.0063331 0.0141336 0.0215306
0 0.00632632 0.0141137 0.0215047
0 0.0062874 0.0140186 0.0213707
0 0.00621964 0.0138534 0.0211342
0 0.00612487 0.0136218 0.0208002
0 0.00600297 0.0133262 0.0203731
0 0.00585293 0.0129678 0.0198568
0 0.00567478 0.0125486 0.0192564
0 0.00547104 0.0120728 0.0185795
0 0.00524635 0.0115471 0.0178356
0 0.00500552 0.0109797 0.0170348
0 0.00475155 0.0103776 0.0161861
0 0.00448448 0.00974594 0.0152957
0 0.00420258 0.00908726 0.0143679
0 0.00390542 0.00840427 0.0134075
0 0.00359613 0.00770173 0.0124221
0 0.00328078 0.00698653 0.0114215
0 0.00296583 0.00626641 0.0104159
0 0.002656 0.00554868 0.00941443
0 0.00235343 0.00483957 0.0084243
0 0.00205805 0.00414378 0.00745087
0 0.00176868 0.00346473 0.00649838
0 0.00148423 0.00280496 0.0055709
0 0.00120448 0.00216645 0.00467282
0 0.000930345 0.00155089 0.00380897
0 0.000663682 0.000959786 0.00298427
0 0.000406667 0.000394523 0.0022031
0 0.000161029 -0.000143679 0.00146872
0 -7.23788e-05 -0.000653848 0.000782931
0 -0.000293405 -0.00113514 0.000146206
0 -0.000502131 -0.00158656 -0.000441913
0 -0.00069855 -0.00200692 -0.000982497
0 -0.000882416 -0.00239513 -0.00147702
0 -0.00105318 -0.00275053 -0.00192719
0 -0.00121 -0.00307299 -0.00233476
0 -0.00135188 -0.0033628 -0.00270146
0 -0.00147793 -0.00362048 -0.00302895
0 -0.00158764 -0.00384677 -0.0033189
0 -0.0016811 -0.00404266 -0.00357298
0 -0.00175904 -0.00420932 -0.00379284
0 -0.0018226 -0.00434806 -0.00398
0 -0.00187309 -0.00446025 -0.00413569
0 -0.00191184 -0.00454739 -0.00426087
0 -0.00194012 -0.00461116 -0.00435634
0 -0.00195919 -0.00465351 -0.00442296
0 -0.00197002 -0.00467633 -0.00446143
0 -0.00197272 -0.00468065 -0.00447185
0 -0.00196623 -0.00466605 -0.00445328
0 -0.00194895 -0.00463088 -0.00440417
0 -0.0019197 -0.00457301 -0.00432315
0 -0.00187822 -0.00449053 -0.00420943
0 -0.00182491 -0.00438208 -0.00406278
0 -0.00176048 -0.00424697 -0.00388321
0 -0.00168553 -0.00408525 -0.0036708
0 -0.00160024 -0.00389749 -0.00342544
0 -0.00150407 -0.0036842 -0.00314649
0 -0.00139549 -0.00344509 -0.00283239
0 -0.00127248 -0.0031788 -0.0024809
0 -0.00113379 -0.00288373 -0.00209009
0 -0.000980304 -0.00255958 -0.00165989
0 -0.000815441 -0.00220831 -0.00119263
0 -0.000643672 -0.00183376 -0.000692232
0 -0.000468422 -0.00144025 -0.000162621
0 -0.000291052 -0.00103168 0.000393125
0 -0.000111389 -0.00061145 0.000972333
0 7.11145e-05 -0.000182659 0.00157188
0 0.000256632 0.000251859 0.0021878
0 0.000444831 0.000689822 0.00281549
0 0.000634925 0.0011295 0.00344989
0 0.00082539 0.00156904 0.00408529
0 0.00101358 0.00200547 0.0047149
0 0.00119604 0.00243444 0.00533105
0 0.00136951 0.0028506 0.00592601
0 0.00153178 0.00324821 0.00649275
0 0.0016821 0.00362186 0.00702543
0 0.00182116 0.00396733 0.00751969
0 0.00195045 0.00428204 0.00797241
0 0.00207114 0.00456493 0.00838115
0 0.00218322 0.00481591 0.00874355
0 0.00228544 0.00503545 0.00905734
0 0.00237581 0.00522411 0.00932059
0 0.00245194 0.00538182 0.00953171
0 0.00251138 0.00550715 0.00968934
0 0.00255207 0.00559737 0.00979246
0 0.00257288 0.00564902 0.0098407
0 0.00257354 0.00565869 0.00983425
0 0.0025544 0.0056237 0.00977368
0 0.00251626 0.00554293 0.00965996
0 0.00246038 0.00541747 0.00949458
0 0.00238817 0.00525043 0.00927945
0 0.00230084 0.00504616 0.00901654
0 0.00219931 0.00480942 0.00870787
0 0.00208467 0.00454482 0.00835576
0 0.00195851 0.00425661 0.00796326
0 0.00182316 0.0039486 0.00753434
0 0.00168136 0.00362417 0.00707389
0 0.00153586 0.00328648 0.00658744
0 0.00138903 0.00293857 0.00608092
0 0.00124243 0.00258346 0.00556029
0 0.00109632 0.00222366 0.00503089
0 0.000949269 0.00186056 0.00449681
0 0.000798736 0.00149434 0.00396093
0 0.000642377 0.00112472 0.0034257
0 0.000479516 0.000752 0.00289417
0 0.000311947 0.000378032 0.00237063
0 0.000143495 6.37234e-06 0.00186041
0 -2.14025e-05 -0.000358409 0.00136883
0 -0.000179186 -0.000711576 0.000900108
0 -0.00032822 -0.00104911 0.000456561
0 -0.00046898 -0.00136842 3.83708e-05
0 -0.000603086 -0.00166837 -0.000355629
0 -0.000731873 -0.00194882 -0.000726768
0 -0.000855557 -0.00221034 -0.00107587
0 -0.000973141 -0.00245384 -0.00140308
0 -0.00108257 -0.00267991 -0.00170772
0 -0.00118112 -0.0028881 -0.0019882
0 -0.0012663 -0.00307678 -0.00224246
0 -0.00133677 -0.00324365 -0.00246861
0 -0.00139256 -0.00338614 -0.00266523
0 -0.0014349 -0.00350213 -0.00283134
0 -0.00146589 -0.00359069 -0.00296655
0 -0.00148802 -0.00365264 -0.00307103
0 -0.00150347 -0.00369046 -0.00314528
0 -0.00151355 -0.00370758 -0.00318981
0 -0.00151869 -0.00370779 -0.00320514
0 -0.00151879 -0.00369448 -0.00319202
0 -0.00151307 -0.00366954 -0.00315112
0 -0.00149976 -0.00363226 -0.0030823
0 -0.00147645 -0.00357934 -0.00298471
0 -0.00144112 -0.00350609 -0.00285748
0 -0.00139283 -0.00340786 -0.0027003
0 -0.00133175 -0.00328131 -0.0025136
0 -0.00125915 -0.0031254 -0.00229865
0 -0.0011769 -0.00294179 -0.00205739
0 -0.00108671 -0.00273419 -0.00179186
0 -0.000989569 -0.0025073 -0.00150366
0 -0.000885859 -0.00226578 -0.00119396
0 -0.000775504 -0.00201329 -0.000863466
0 -0.000658168 -0.00175169 -0.000512506
0 -0.000533683 -0.00148106 -0.000141312
0 -0.00040254 -0.00120038 0.00024945
0 -0.000265968 -0.000908419 0.000658414
0 -0.000125765 -0.000604539 0.00108339
0 1.59129e-05 -0.000289561 0.00152131
0 0.000156998 3.40317e-05 0.00196846
0 0.000296135 0.000362584 0.00242107
0 0.000432918 0.00069195 0.00287568
0 0.000567519 0.00101798 0.00332899
0 0.000700038 0.00133682 0.00377755
0 0.00083001 0.00164516 0.00421746
0 0.00095628 0.00194041 0.00464441
0 0.00107718 0.00222066 0.00505382
0 0.00119085 0.00248441 0.00544112
0 0.00129561 0.00273024 0.00580195
0 0.00139042 0.00295679 0.00613263
0 0.00147567 0.00316334 0.00643099
0 0.00155351 0.00335048 0.00669684
0 0.00162706 0.00352005 0.00693171
0 0.00169899 0.00367436 0.00713782
0 0.0017703 0.00381538 0.00731712
0 0.00183981 0.00394393 0.00747073
0 0.00190473 0.00405963 0.00759905
0 0.00196193 0.00416117 0.00770253
0 0.00200901 0.00424687 0.00778218
0 0.00204462 0.00431478 0.00783952
0 0.00206819 0.0043628 0.0078761
0 0.00207946 0.00438874 0.00789293
0 0.00207795 0.00439039 0.00788992
0 0.0020627 0.00436568 0.0078656
0 0.00203294 0.00431334 0.00781775
0 0.00198912 0.00423384 0.0077445
0 0.00193357 0.00412996 0.00764524
0 0.00186979 0.0040061 0.00752038
0 0.00180134 0.00386714 0.0073707
0 0.00173083 0.00371736 0.00719681
0 0.00165912 0.00355931 0.00699855
0 0.00158471 0.00339271 0.00677438
0 0.00150463 0.00321477 0.00652199
0 0.00141657 0.00302195 0.00624007
0 0.00132016 0.00281166 0.00592944
0 0.00121637 0.00258238 0.00559244
0 0.00110606 0.00233322 0.00523163
0 0.000989441 0.00206401 0.0048493
0 0.000866745 0.00177618 0.00444805
0 0.000738908 0.00147319 0.00403135
0 0.000607307 0.00115988 0.00360323
0 0.000473202 0.000841378 0.00316768
0 0.00033768 0.000522403 0.00272848
0 0.000201984 0.000206952 0.00228945
0 6.76019e-05 -0.000101867 0.00185452
0 -6.38698e-05 -0.000401889 0.00142759
0 -0.000190865 -0.000691617 0.00101247
0 -0.000311933 -0.000969755 0.000612879
0 -0.000425844 -0.00123485 0.000232358
0 -0.000531687 -0.00148513 -0.00012574
0 -0.000628881 -0.00171845 -0.000458285
0 -0.000717097 -0.00193242 -0.000762373
0 -0.000796118 -0.00212459 -0.00103535
0 -0.00086568 -0.00229271 -0.00127481
0 -0.000925313 -0.00243491 -0.00147855
0 -0.000974268 -0.00254974 -0.00164453
0 -0.00101159 -0.00263614 -0.00177088
0 -0.00103625 -0.00269331 -0.00185598
0 -0.0010474 -0.0027206 -0.00189856
0 -0.00104456 -0.00271758 -0.0018979
0 -0.0010281 -0.0026844 -0.00185419
0 -0.000999547 -0.00262235 -0.00176897
0 -0.000961167 -0.0025338 -0.00164499
0 -0.000914901 -0.00242151 -0.00148532
0 -0.000861182 -0.00228748 -0.0012922
0 -0.000798728 -0.00213236 -0.00106671
0 -0.00072552 -0.00195579 -0.000809345
0 -0.00064002 -0.0017571 -0.000520921
0 -0.000541688 -0.00153567 -0.000202794
0 -0.000430748 -0.00129086 0.000143441
0 -0.000307751 -0.00102213 0.000516344
0 -0.00017332 -0.000729248 0.000914771
0 -2.83355e-05 -0.00041289 0.00133756
0 0.00012546 -7.54296e-05 0.00178278
0 0.000285134 0.000278646 0.00224725
0 0.000447123 0.000643284 0.00272684
0 0.000608161 0.00101196 0.00321711
0 0.000765688 0.00137841 0.00371363
0 0.00091759 0.00173694 0.00421158
0 0.00106186 0.00208246 0.00470547
0 0.0011966 0.00241078 0.00518918
0 0.00132023 0.00271863 0.00565619
0 0.00143163 0.00300346 0.00609977
0 0.0015301 0.00326306 0.00651312
0 0.00161536 0.0034953 0.00688947
0 0.00168749 0.00369811 0.00722241
0 0.00174714 0.00386976 0.00750644
0 0.00179566 0.00400939 0.00773756
0 0.00183496 0.00411727 0.0079136
0 0.0018667 0.0041945 0.00803382
0 0.00189157 0.0042424 0.00809851
0 0.00190918 0.0042622 0.00810882
0 0.00191851 0.00425499 0.00806698
0 0.00191835 0.00422167 0.00797633
0 0.00190761 0.00416286 0.00784124
0 0.00188542 0.00407882 0.00766672
0 0.00185106 0.00396948 0.00745795
0 0.00180383 0.00383459 0.00721987
0 0.0017432 0.00367406 0.00695695
0 0.00166888 0.00348829 0.00667309
0 0.00158097 0.0032784 0.00637147
0 0.00147976 0.003046 0.00605429
0 0.00136548 0.00279271 0.00572247
0 0.00123831 0.00251992 0.00537571
0 0.00109881 0.00222888 0.00501295
0 0.000948359 0.001921 0.00463308
0 0.000789508 0.00159827 0.00423555
0 0.000625933 0.0012636 0.00382082
0 0.000461748 0.000920729 0.00339017
0 0.000300567 0.000573776 0.0029454
0 0.000144999 0.000226868 0.00248861
0 -3.32548e-06 -0.000116039 0.00202244
0 -0.000143535 -0.00045124 0.00155035
0 -0.000275291 -0.000775436 0.00107674
0 -0.000398589 -0.00108593 0.000606845
0 -0.000513593 -0.00138074 0.000146576
0 -0.000620529 -0.00165851 -0.000297691
0 -0.000719716 -0.00191841 -0.000719479
0 -0.000811742 -0.00216004 -0.00111276
0 -0.000897581 -0.00238346 -0.00147244
0 -0.000978384 -0.00258887 -0.00179456
0 -0.00105508 -0.00277633 -0.00207625
0 -0.00112804 -0.00294548 -0.00231561
0 -0.00119682 -0.00309539 -0.0025116
0 -0.00125988 -0.00322421 -0.00266368
0 -0.0013146 -0.00332906 -0.00277148
0 -0.00135778 -0.0034064 -0.00283494
0 -0.00138646 -0.00345264 -0.00285459
0 -0.00139866 -0.00346491 -0.0028318
0 -0.00139371 -0.00344177 -0.00276891
0 -0.00137203 -0.00338328 -0.00266879
0 -0.00133446 -0.00329077 -0.00253414
0 -0.00128176 -0.00316636 -0.00236708
0 -0.00121473 -0.00301281 -0.00216917
0 -0.0011344 -0.00283337 -0.0019417
0 -0.00104235 -0.00263151 -0.001686
0 -0.000940431 -0.00241052 -0.00140339
0 -0.000830217 -0.00217278 -0.00109472
0 -0.00071247 -0.00191927 -0.000760149
0 -0.00058731 -0.00164979 -0.000399353
0 -0.000454803 -0.00136373 -1.21843e-05
0 -0.000315256 -0.00106057 0.000401001
0 -0.000169047 -0.000740031 0.000839423
0 -1.64508e-05 -0.000402193 0.00130199
0 0.000142291 -4.7644e-05 0.00178723
0 0.000306908 0.000322455 0.00229336
0 0.000477158 0.000706554 0.00281842
0 0.000652861 0.00110297 0.00336042
0 0.00083382 0.00151002 0.00391736
0 0.00101962 0.00192604 0.00448713
0 0.00120935 0.00234935 0.00506729
0 0.00140155 0.00277806 0.00565505
0 0.00159443 0.00321003 0.00624734
0 0.0017863 0.00364287 0.00684108
0 0.00197576 0.004074 0.00743325
0 0.00216181 0.00450071 0.00802088
0 0.0023437 0.00492021 0.00860099
0 0.00252067 0.00532951 0.00917025
0 0.00269153 0.00572534 0.00972477
0 0.00285465 0.00610424 0.0102601
0 0.00300825 0.00646285 0.0107713
0 0.00315074 0.00679815 0.0112536
0 0.00328091 0.00710749 0.0117023
0 0.00339786 0.0073884 0.0121128
0 0.00350089 0.00763858 0.012481
0 0.00358948 0.00785587 0.0128027
0 0.00366319 0.0080383 0.0130743
0 0.00372163 0.00818414 0.0132928
0 0.00376441 0.00829192 0.0134553
0 0.00379107 0.00836038 0.0135599
0 0.00380109 0.0083885 0.0136048
0 0.00379394 0.0083755 0.0135894
0 0.00376915 0.00832078 0.013513
0 0.00372637 0.00822399 0.0133761
0 0.00366539 0.00808502 0.0131793
0 0.00358613 0.00790402 0.0129238
0 0.00348867 0.00768149 0.0126112
0 0.00337334 0.00741838 0.0122435
0 0.00324094 0.00711636 0.0118233
0 0.0030928 0.00677794 0.0113538
0 0.00293063 0.00640638 0.0108389
0 0.00275615 0.00600533 0.0102827
0 0.00257099 0.00557856 0.00968968
0 0.0023767 0.00512992 0.0090643
0 0.00217488 0.00466324 0.00841138
0 0.00196706 0.0041822 0.00773593
0 0.00175437 0.0036899 0.00704276
0 0.00153732 0.00318855 0.00633612
0 0.00131598 0.00267963 0.00561972
0 0.00109038 0.00216434 0.00489703
0 0.000860986 0.00164414 0.00417169
0 0.00062931 0.00112149 0.00344804
0 0.000398342 0.000600658 0.00273169
0 0.000172166 8.76491e-05 0.00202922
0 -4.50537e-05 -0.00041059 0.00134757
0 -0.000249837 -0.000887039 0.000693382
0 -0.000439636 -0.00133505 7.283e-05
0 -0.000612901 -0.00174878 -0.000508498
0 -0.000769381 -0.00212416 -0.00104602
0 -0.000910013 -0.00245953 -0.00153637
0 -0.00103603 -0.00275528 -0.00197686
0 -0.00114805 -0.00301283 -0.00236488
0 -0.00124598 -0.00323392 -0.00269787
0 -0.00132951 -0.00342022 -0.00297386
0 -0.00139863 -0.00357324 -0.00319196
0 -0.00145388 -0.00369405 -0.00335254
0 -0.00149614 -0.00378324 -0.00345711
0 -0.00152637 -0.00384102 -0.00350815
0 -0.00154536 -0.00386747 -0.00350889
0 -0.00155349 -0.00386295 -0.00346313
0 -0.00155063 -0.00382824 -0.00337497
0 -0.00153619 -0.00376462 -0.0032486
0 -0.0015093 -0.00367361 -0.003088
0 -0.00146907 -0.00355684 -0.00289691
0 -0.00141503 -0.00341591 -0.0026788
0 -0.00134747 -0.00325249 -0.00243702
0 -0.00126749 -0.00306837 -0.00217475
0 -0.00117684 -0.00286554 -0.00189491
0 -0.00107756 -0.0026463 -0.00160007
0 -0.000971802 -0.00241328 -0.00129243
0 -0.000861611 -0.00216952 -0.000973911
0 -0.000748845 -0.00191834 -0.000646264
0 -0.000635152 -0.00166315 -0.000311242
0 -0.000522018 -0.0014073 2.92568e-05
0 -0.000410751 -0.00115378 0.000373127
0 -0.000302307 -0.000904904 0.000718182
0 -0.000197107 -0.00066201 0.00106232
0 -9.514e-05 -0.00042555 0.00140353
0 3.73658e-06 -0.00019548 0.00173964
0 9.96243e-05 2.8385e-05 0.00206837
0 0.000192647 0.000246217 0.0023874
0 0.000283126 0.000458168 0.00269477
0 0.00037173 0.000664468 0.0029891
0 0.000459449 0.000865496 0.00326975
0 0.000547308 0.00106172 0.00353677
0 0.000636014 0.00125355 0.00379062
0 0.000725758 0.00144133 0.00403209
0 0.000816255 0.00162534 0.00426228
0 0.000906838 0.00180576 0.00448253
0 0.000996376 0.0019824 0.00469413
0 0.00108309 0.00215426 0.0048979
0 0.00116472 0.00231935 0.00509395
0 0.00123909 0.00247514 0.00528199
0 0.00130467 0.00261909 0.00546159
0 0.00136068 0.00274897 0.00563214
0 0.00140686 0.00286295 0.00579259
0 0.00144322 0.00295965 0.00594127
0 0.00146993 0.00303823 0.00607592
0 0.00148731 0.00309843 0.00619381
0 0.00149574 0.00314036 0.00629187
0 0.00149555 0.00316421 0.00636673
0 0.00148705 0.00316997 0.00641496
0 0.0014706 0.00315745 0.00643337
0 0.00144676 0.00312629 0.00641935
0 0.00141614 0.00307606 0.00637096
0 0.00137925 0.00300623 0.00628697
0 0.0013363 0.00291625 0.00616682
0 0.00128712 0.00280562 0.00601057
0 0.00123127 0.00267399 0.00581888
0 0.00116817 0.0025213 0.00559309
0 0.0010972 0.0023478 0.00533512
0 0.00101782 0.00215395 0.00504736
0 0.000929483 0.00194032 0.0047324
0 0.000831845 0.00170757 0.00439294
0 0.00072483 0.00145652 0.00403173
0 0.000608834 0.00118835 0.00365165
0 0.000484816 0.000904861 0.00325579
0 0.000354195 0.000608432 0.00284736
0 0.000218602 0.00030187 0.00242946
0 7.96663e-05 -1.18078e-05 0.00200501
0 -6.10387e-05 -0.000329458 0.00157675
0 -0.000201948 -0.000647849 0.0011474
0 -0.000341465 -0.000963721 0.000719712
0 -0.000477976 -0.00127391 0.000296499
0 -0.00060991 -0.00157546 -0.000119273
0 -0.000735823 -0.0018657 -0.000524476
0 -0.000854458 -0.00214221 -0.000915818
0 -0.000964786 -0.00240279 -0.00128988
0 -0.00106605 -0.00264545 -0.00164317
0 -0.00115776 -0.0028684 -0.00197218
0 -0.00123962 -0.00307004 -0.00227344
0 -0.0013114 -0.00324887 -0.00254351
0 -0.00137273 -0.00340337 -0.00277903
0 -0.00142321 -0.00353204 -0.00297681
0 -0.00146243 -0.00363352 -0.00313405
0 -0.00149002 -0.0037066 -0.00324844
0 -0.00150567 -0.00375023 -0.0033182
0 -0.00150903 -0.00376352 -0.00334207
0 -0.00149974 -0.00374573 -0.00331928
0 -0.00147744 -0.00369631 -0.00324958
0 -0.00144183 -0.00361494 -0.00313323
0 -0.00139275 -0.00350163 -0.00297099
0 -0.00133022 -0.00335674 -0.00276415
0 -0.00125445 -0.00318103 -0.00251444
0 -0.00116574 -0.00297556 -0.00222389
0 -0.00106445 -0.00274162 -0.00189474
0 -0.000951057 -0.00248071 -0.00152942
0 -0.000826181 -0.00219459 -0.00113049
0 -0.000690612 -0.0018852 -0.000700652
0 -0.000545268 -0.00155461 -0.000242754
0 -0.000391196 -0.00120506 0.000240266
0 -0.000229531 -0.000838892 0.000745388
0 -6.14421e-05 -0.000458505 0.0012695
0 0.000111895 -6.63585e-05 0.00180941
0 0.000289352 0.000335093 0.00236189
0 0.00046993 0.000743494 0.00292386
0 0.000652825 0.00115669 0.00349244
0 0.00083736 0.00157274 0.00406498
0 0.0010228 0.00198976 0.00463884
0 0.00120825 0.00240605 0.00521141
0 0.0013928 0.00282007 0.00578024
0 0.00157574 0.00323055 0.00634321
0 0.00175647 0.00363629 0.00689847
0 0.00193441 0.00403589 0.00744423
0 0.0021086 0.00442751 0.00797839
0 0.00227752 0.00480849 0.00849825
0 0.00243908 0.00517543 0.00900045
0 0.00259123 0.00552456 0.0094813
0 0.0027323 0.00585227 0.00993718
0 0.00286116 0.00615532 0.0103646
0 0.00297706 0.006431 0.0107599
0 0.00307968 0.00667737 0.0111199
0 0.00316921 0.00689347 0.0114415
0 0.00324623 0.00707927 0.0117225
0 0.0033113 0.00723529 0.0119607
0 0.00336473 0.00736214 0.0121543
0 0.00340649 0.0074602 0.0123019
0 0.00343616 0.00752929 0.0124021
0 0.00345294 0.00756846 0.0124539
0 0.00345599 0.00757626 0.0124566
0 0.00344468 0.00755114 0.0124102
0 0.00341865 0.00749171 0.0123152
0 0.00337769 0.00739702 0.0121726
0 0.00332154 0.00726657 0.0119834
0 0.00324998 0.00710054 0.011749
0 0.00316309 0.00689999 0.0114709
0 0.00306146 0.00666685 0.0111511
0 0.0029461 0.0064037 0.010792
0 0.00281821 0.00611331 0.010396
0 0.00267913 0.00579851 0.00996578
0 0.00253034 0.00546205 0.00950421
0 0.00237337 0.00510659 0.00901426
0 0.00220952 0.0047345 0.00849892
0 0.00203968 0.00434769 0.00796103
0 0.00186442 0.00394778 0.00740339
0 0.00168427 0.00353631 0.00682891
0 0.00149988 0.00311496 0.00624075
0 0.00131196 0.00268552 0.00564215
0 0.00112124 0.00224995 0.00503634
0 0.000928444 0.00181033 0.00442661
0 0.000734423 0.00136896 0.00381632
0 0.000540136 0.000928326 0.00320885
0 0.000346598 0.00049101 0.00260748
0 0.00015489 5.95489e-05 0.00201535
0 -3.38204e-05 -0.00036369 0.00143553
0 -0.000218341 -0.00077657 0.000870871
0 -0.000397502 -0.00117709 0.000323975
0 -0.000570165 -0.00156326 -0.000202787
0 -0.000735233 -0.00193305 -0.00070716
0 -0.000891664 -0.00228441 -0.00118695
0 -0.00103849 -0.00261536 -0.00164003
0 -0.00117485 -0.002924 -0.00206427
0 -0.00130001 -0.00320853 -0.00245754
0 -0.00141326 -0.00346727 -0.00281772
0 -0.00151402 -0.00369873 -0.00314274
0 -0.00160179 -0.0039017 -0.00343062
0 -0.0016762 -0.0040752 -0.00367944
0 -0.00173691 -0.00421839 -0.00388738
0 -0.00178362 -0.00433053 -0.00405274
0 -0.00181619 -0.00441102 -0.00417406
0 -0.00183461 -0.00445946 -0.0042502
0 -0.00183906 -0.00447565 -0.00428042
0 -0.00182978 -0.00445961 -0.00426437
0 -0.0018071 -0.00441157 -0.00420209
0 -0.00177135 -0.00433199 -0.00409401
0 -0.00172288 -0.00422153 -0.00394098
0 -0.001662 -0.0040811 -0.00374423
0 -0.00158904 -0.00391178 -0.00350539
0 -0.00150435 -0.00371482 -0.00322643
0 -0.00140833 -0.00349157 -0.00290963
0 -0.00130147 -0.00324349 -0.0025576
0 -0.00118438 -0.0029722 -0.00217319
0 -0.00105776 -0.00267942 -0.00175948
0 -0.000922399 -0.00236706 -0.00131966
0 -0.000779187 -0.00203721 -0.000857001
0 -0.00062905 -0.0016921 -0.000374814
0 -0.00047296 -0.00133412 0.000123572
0 -0.000311931 -0.000965735 0.000634842
0 -0.000147006 -0.000589468 0.00115571
0 2.07343e-05 -0.000207845 0.00168288
0 0.00019016 0.000176636 0.00221312
0 0.000360111 0.000561512 0.00274322
0 0.000529398 0.000944347 0.00327004
0 0.000696826 0.00132272 0.00379057
0 0.000861206 0.00169425 0.00430185
0 0.00102135 0.00205665 0.00480098
0 0.0011761 0.00240772 0.00528509
0 0.00132432 0.0027453 0.00575139
0 0.00146503 0.00306728 0.00619719
0 0.00159738 0.00337157 0.00661987
0 0.00172068 0.00365622 0.00701692
0 0.00183436 0.00391948 0.00738589
0 0.00193793 0.00415979 0.00772446
0 0.00203096 0.00437583 0.00803044
0 0.00211305 0.00456653 0.00830182
0 0.00218386 0.00473102 0.00853682
0 0.00224308 0.00486865 0.00873392
0 0.0022905 0.00497894 0.00889188
0 0.00232598 0.00506156 0.00900986
0 0.00234948 0.0051163 0.00908735
0 0.00236104 0.00514308 0.00912424
0 0.00236076 0.00514195 0.00912076
0 0.00234876 0.00511312 0.00907747
0 0.00232521 0.00505696 0.00899526
0 0.00229029 0.00497407 0.0088753
0 0.00224424 0.00486521 0.008719
0 0.00218734 0.00473136 0.00852802
0 0.00211997 0.00457369 0.00830422
0 0.00204256 0.00439349 0.00804965
0 0.00195569 0.00419223 0.00776651
0 0.00186004 0.00397149 0.00745714
0 0.0017564 0.00373297 0.00712399
0 0.00164563 0.0034785 0.00676959
0 0.00152865 0.00321 0.00639657
0 0.00140638 0.00292949 0.00600754
0 0.00127978 0.00263907 0.00560513
0 0.00114975 0.00234088 0.00519203
0 0.0010172 0.00203706 0.00477093
0 0.000882999 0.00172971 0.00434456
0 0.000748025 0.00142089 0.00391573
0 0.000613175 0.00111262 0.00348723
0 0.000479316 0.000806882 0.00306187
0 0.000347297 0.000505599 0.00264242
0 0.000217979 0.000210625 0.00223162
0 9.2226e-05 -7.62657e-05 0.00183217
0 -2.91109e-05 -0.000353353 0.00144672
0 -0.000145232 -0.000618925 0.00107776
0 -0.000255431 -0.000871271 0.000727612
0 -0.000359072 -0.00110871 0.000398364
0 -0.000455548 -0.00132966 9.19533e-05
0 -0.000544271 -0.00153268 -0.000189829
0 -0.000624681 -0.00171649 -0.000445341
0 -0.000696256 -0.00188001 -0.000673097
0 -0.00075853 -0.00202231 -0.000871795
0 -0.000811103 -0.00214264 -0.00104032
0 -0.000853654 -0.00224041 -0.00117774
0 -0.000885967 -0.00231519 -0.00128336
0 -0.000907942 -0.00236671 -0.00135665
0 -0.000919593 -0.00239481 -0.00139736
0 -0.000921027 -0.00239952 -0.00140544
0 -0.000912419 -0.00238102 -0.00138108
0 -0.000894 -0.00233967 -0.00132469
0 -0.000866048 -0.00227601 -0.00123689
0 -0.000828971 -0.00219083 -0.00111863
0 -0.000783301 -0.00208521 -0.000971203
