0 -0.00155032 -0.00301355 -0.00271593
0 -0.00149814 -0.00289398 -0.00255165
0 -0.00144607 -0.00277423 -0.002387
0 -0.00139437 -0.00265508 -0.00222298
0 -0.00134327 -0.00253732 -0.00206059
0 -0.00129301 -0.00242167 -0.00190082
0 -0.00124386 -0.00230883 -0.00174465
0 -0.00119609 -0.00219943 -0.00159305
0 -0.00115 -0.00209406 -0.00144698
0 -0.00110587 -0.00199327 -0.00130735
0 -0.00106398 -0.00189758 -0.00117502
0 -0.00102457 -0.00180749 -0.00105077
0 -0.000987865 -0.00172352 -0.000935293
0 -0.000954042 -0.00164613 -0.000829193
0 -0.000923261 -0.00157579 -0.000732999
0 -0.000895663 -0.00151289 -0.000647154
0 -0.000871383 -0.0014578 -0.000572033
0 -0.000850562 -0.0014108 -0.000507958
0 -0.000833351 -0.00137214 -0.000455207
0 -0.000819892 -0.00134198 -0.000414003
0 -0.000810295 -0.00132045 -0.0003845
0 -0.000804625 -0.00130759 -0.000366781
0 -0.000802891 -0.00130343 -0.000360853
0 -0.000805053 -0.00130789 -0.000366659
0 -0.000811004 -0.00132088 -0.000384045
0 -0.000820548 -0.00134213 -0.000412736
0 -0.000833436 -0.00137131 -0.000452347
0 -0.000849451 -0.00140801 -0.00050246
0 -0.000868467 -0.00145188 -0.000562668
0 -0.000890439 -0.00150259 -0.000632581
0 -0.000915312 -0.00155982 -0.000711749
0 -0.000942924 -0.00162314 -0.000799586
0 -0.000972997 -0.00169205 -0.000895356
0 -0.00100523 -0.00176604 -0.000998266
0 -0.00103943 -0.00184465 -0.00110756
0 -0.00107547 -0.00192748 -0.00122254
0 -0.00111322 -0.00201411 -0.0013425
0 -0.00115246 -0.00210399 -0.0014666
0 -0.00119285 -0.00219647 -0.00159396
0 -0.00123412 -0.0022909 -0.00172371
0 -0.00127614 -0.0023868 -0.0018552
0 -0.00131887 -0.00248378 -0.00198785
0 -0.00136209 -0.00258135 -0.002121
0 -0.00140542 -0.00267887 -0.00225385
0 -0.00144848 -0.00277577 -0.00238565
0 -0.00149117 -0.00287172 -0.00251594
0 -0.00153342 -0.00296641 -0.00264428
0 -0.00157476 -0.00305921 -0.00276993
0 -0.00161432 -0.00314894 -0.00289164
0 -0.00165109 -0.00323419 -0.00300797
0 -0.00168431 -0.00331356 -0.00311757
0 -0.0017135 -0.00338579 -0.00321917
0 -0.00173847 -0.0034498 -0.00331165
0 -0.00175925 -0.00350481 -0.00339397
0 -0.00177593 -0.00355026 -0.00346511
0 -0.00178841 -0.00358567 -0.00352389
0 -0.00179659 -0.00361076 -0.00356919
0 -0.00180106 -0.0036261 -0.00360066
0 -0.00180344 -0.00363357 -0.00361925
0 -0.00180561 -0.00363566 -0.0036266
0 -0.00180862 -0.0036344 -0.0036241
0 -0.00181245 -0.00363102 -0.00361262
0 -0.0018165 -0.00362613 -0.00359299
0 -0.00182016 -0.00362005 -0.00356633
0 -0.0018229 -0.00361272 -0.00353405
0 -0.00182428 -0.00360375 -0.00349767
0 -0.00182378 -0.00359231 -0.00345857
0 -0.00182081 -0.00357734 -0.00341783
0 -0.00181497 -0.00355804 -0.00337645
0 -0.0018065 -0.0035344 -0.00333568
0 -0.00179627 -0.00350751 -0.00329706
0 -0.0017852 -0.00347896 -0.00326191
0 -0.00177354 -0.00345006 -0.00323062
0 -0.00176109 -0.00342176 -0.00320285
0 -0.00174782 -0.00339495 -0.00317814
0 -0.00173329 -0.00336958 -0.00315533
0 -0.0017153 -0.00334299 -0.00313105
0 -0.00168992 -0.00330965 -0.00309962
0 -0.00165399 -0.00326351 -0.00305526
0 -0.00160844 -0.00320168 -0.00299549
0 -0.00155919 -0.00312657 -0.00292258
0 -0.00151351 -0.00304369 -0.00284074
0 -0.00147419 -0.00295663 -0.00275096
0 -0.00143706 -0.00286411 -0.00264858
0 -0.00139512 -0.00276246 -0.00252686
0 -0.00134597 -0.00265144 -0.00238374
0 -0.00129505 -0.00253721 -0.00222507
0 -0.00125157 -0.00242917 -0.00206121
0 -0.00122158 -0.0023343 -0.00190079
0 -0.00120503 -0.00225471 -0.00174811
0 -0.00119839 -0.00218988 -0.00160529
0 -0.00119752 -0.00213858 -0.00147454
0 -0.0011971 -0.00209742 -0.00135669
0 -0.0011893 -0.00205858 -0.00124895
0 -0.00116626 -0.00201168 -0.00114641
0 -0.00112658 -0.0019505 -0.00104789
0 -0.00107965 -0.00187918 -0.000960856
0 -0.00104129 -0.00181084 -0.000898454
0 -0.00102282 -0.00175894 -0.000870202
0 -0.00102415 -0.00173025 -0.000875752
0 -0.00103695 -0.00172543 -0.000907564
0 -0.00105271 -0.0017434 -0.00095788
0 -0.00106733 -0.00178317 -0.0010223
0 -0.00108005 -0.00184179 -0.00109835
0 -0.00109071 -0.00191244 -0.00118287
0 -0.00109866 -0.00198526 -0.00127136
0 -0.00110316 -0.00204994 -0.00135876
0 -0.00110331 -0.00209765 -0.00143967
0 -0.00109674 -0.00212105 -0.00150726
0 -0.00107849 -0.00211331 -0.00155205
0 -0.00104203 -0.00206802 -0.00156253
0 -0.000983797 -0.00198231 -0.0015294
0 -0.000908897 -0.0018617 -0.00145142
0 -0.000830313 -0.00171993 -0.00133562
0 -0.000759626 -0.00157091 -0.00118958
0 -0.000699154 -0.00142104 -0.00101443
0 -0.000644441 -0.00127052 -0.000807132
0 -0.000592503 -0.0011201 -0.000568207
0 -0.000545588 -0.000974194 -0.00030516
0 -0.000508339 -0.00083852 -2.9696e-05
0 -0.000483515 -0.000716826 0.000246492
0 -0.0004697 -0.000609202 0.000514323
0 -0.000460942 -0.000511602 0.000768497
0 -0.000448854 -0.000417275 0.00100663
0 -0.000427504 -0.000321053 0.00122562
0 -0.000397508 -0.000223528 0.00141822
0 -0.000363919 -0.000129794 0.0015752
0 -0.000329136 -4.31843e-05 0.00169214
0 -0.000290098 3.77271e-05 0.00177231
0 -0.000243927 0.000114477 0.00182128
0 -0.000193068 0.000184322 0.00184178
0 -0.000141378 0.000244208 0.00183707
0 -8.71964e-05 0.000297788 0.00181735
0 -2.40437e-05 0.00035537 0.001799
0 5.24146e-05 0.000427479 0.00179763
0 0.000141512 0.00052151 0.00182487
0 0.000242252 0.000645041 0.00189224
0 0.000357953 0.000809257 0.00201506
0 0.000493897 0.00102614 0.00220992
0 0.000650544 0.00130141 0.0024877
0 0.000820743 0.00163084 0.00284991
0 0.000994147 0.00200345 0.0032918
0 0.00116329 0.00240683 0.00380732
0 0.00132554 0.00282983 0.00439053
0 0.00148065 0.00326189 0.00503324
0 0.00162584 0.00369013 0.00572073
0 0.00175168 0.00409593 0.00642771
0 0.00184267 0.00445483 0.00711865
0 0.00188495 0.00474247 0.00775481
0 0.00187803 0.00494605 0.00830666
0 0.00184091 0.00507279 0.00876271
0 0.00180349 0.00514565 0.00912513
0 0.00178894 0.00518907 0.00939637
0 0.00180386 0.00521909 0.00957188
0 0.0018438 0.00524534 0.00964589
0 0.00190575 0.00527887 0.00962291
0 0.00199357 0.00533447 0.00952223
0 0.00211185 0.00542388 0.00937121
0 0.00225672 0.00554746 0.00919513
0 0.00241562 0.00569501 0.00901476
0 0.0025772 0.00585614 0.00885319
0 0.00273955 0.00602949 0.00874146
0 0.00290651 0.0062212 0.00871348
0 0.00307458 0.00643377 0.00879162
0 0.00322399 0.00665559 0.0089754
0 0.00332425 0.00686167 0.00924347
0 0.00334899 0.00702305 0.00956476
0 0.0032868 0.00711471 0.00990733
0 0.00314215 0.0071178 0.0102401
0 0.00292911 0.00701869 0.0105299
0 0.00266351 0.00680801 0.010739
0 0.00235755 0.00648029 0.0108256
0 0.00201767 0.00603329 0.0107452
0 0.00164525 0.00546614 0.0104543
0 0.00123909 0.00477749 0.00991382
0 0.000798223 0.00396531 0.0090935
0 0.000324421 0.00302802 0.00797559
0 -0.000177159 0.00196552 0.00655688
0 -0.000699489 0.000780036 0.00484796
0 -0.00123653 -0.00052345 0.00287115
0 -0.00178632 -0.00193787 0.000657194
0 -0.00235319 -0.00345576 -0.00175957
0 -0.00294837 -0.00507148 -0.00434542
0 -0.00358638 -0.00678177 -0.00706761
0 -0.00427606 -0.00858087 -0.00988956
0 -0.00501414 -0.0104526 -0.0127659
0 -0.00578718 -0.0123689 -0.0156439
0 -0.00657817 -0.0142969 -0.0184709
0 -0.00737343 -0.016206 -0.0212031
0 -0.00816468 -0.0180695 -0.0238075
0 -0.00894517 -0.0198626 -0.0262589
0 -0.00970537 -0.021561 -0.0285353
0 -0.0104318 -0.0231406 -0.030616
0 -0.011108 -0.0245785 -0.032481
0 -0.0117148 -0.0258515 -0.0341109
0 -0.0122329 -0.0269365 -0.035487
0 -0.0126509 -0.0278178 -0.0365987
0 -0.0129756 -0.028498 -0.0374538
0 -0.013232 -0.0290013 -0.0380795
0 -0.0134493 -0.0293635 -0.0385112
0 -0.013643 -0.0296152 -0.038776
0 -0.0138017 -0.0297663 -0.0388792
0 -0.0138905 -0.0298015 -0.0388051
0 -0.0138693 -0.02969 -0.0385301
0 -0.0137164 -0.0294028 -0.0380411
0 -0.0134436 -0.028929 -0.0373479
0 -0.013093 -0.0282835 -0.0364839
0 -0.0127175 -0.0275034 -0.0354933
0 -0.0123581 -0.0266366 -0.0344159
0 -0.0120274 -0.0257263 -0.0332733
0 -0.0117087 -0.0248003 -0.0320663
0 -0.0113734 -0.0238715 -0.0307879
0 -0.011002 -0.022945 -0.0294378
0 -0.0105949 -0.0220237 -0.0280315
0 -0.0101704 -0.0211096 -0.0265976
0 -0.00975293 -0.0202033 -0.025169
0 -0.00935771 -0.0193009 -0.023771
0 -0.00898246 -0.0183933 -0.0224139
0 -0.00860908 -0.0174679 -0.0210931
0 -0.00821332 -0.0165127 -0.0197959
0 -0.00777526 -0.0155202 -0.0185076
0 -0.00728632 -0.0144884 -0.0172172
0 -0.00675252 -0.0134227 -0.0159205
0 -0.00619337 -0.0123361 -0.0146215
0 -0.0056304 -0.0112426 -0.0133245
0 -0.00506851 -0.0101413 -0.0120179
0 -0.00449021 -0.00901007 -0.0106692
0 -0.0038761 -0.00782277 -0.00924383
0 -0.00323168 -0.00657497 -0.00773163
0 -0.00259019 -0.0052908 -0.00615162
0 -0.00198949 -0.00400695 -0.00453354
0 -0.00144521 -0.00274929 -0.00289421
0 -0.000938743 -0.0015176 -0.00122506
0 -0.000428615 -0.000288654 0.000500712
0 0.000120411 0.000963377 0.00230404
0 0.0007118 0.00224543 0.00417719
0 0.00131957 0.00354453 0.00608523
0 0.00191602 0.00484677 0.00799099
0 0.00249386 0.00615158 0.00987535
0 0.00306422 0.00746724 0.0117357
0 0.00364203 0.00879873 0.0135732
0 0.00423616 0.010142 0.0153852
0 0.00484774 0.0114863 0.017165
0 0.00547284 0.0128191 0.0189043
0 0.0061071 0.0141319 0.0205988
0 0.00674955 0.015424 0.0222508
0 0.00740085 0.0167008 0.0238673
0 0.00805534 0.017964 0.0254513
0 0.00869372 0.0192019 0.0269929
0 0.00928239 0.0203836 0.0284659
0 0.00978072 0.0214624 0.0298312
0 0.0101557 0.0223873 0.0310491
0 0.0103946 0.0231177 0.0320904
0 0.0105031 0.0236268 0.032936
0 0.0104943 0.0238982 0.0335677
0 0.0103829 0.0239252 0.0339641
0 0.0101871 0.023718 0.0341063
0 0.0099298 0.0233065 0.0339834
0 0.00963424 0.022733 0.0335913
0 0.00931564 0.0220377 0.0329273
0 0.00897524 0.021246 0.0319861
0 0.00860209 0.0203631 0.030761
0 0.00818428 0.0193798 0.0292532
0 0.00772132 0.0182859 0.0274829
0 0.00722529 0.0170786 0.0254889
0 0.00670815 0.0157591 0.0233162
0 0.00616777 0.014325 0.0210009
0 0.0055875 0.0127713 0.0185674
0 0.00495071 0.0111008 0.0160387
0 0.00425572 0.00933482 0.0134481
0 0.00351715 0.00751107 0.0108388
0 0.00275637 0.005672 0.00825412
0 0.00199264 0.00385533 0.00573073
0 0.00123983 0.00209122 0.00329683
0 0.000504942 0.000400295 0.000972154
0 -0.000213607 -0.00120987 -0.00123428
0 -0.00092329 -0.0027444 -0.00332323
0 -0.00163005 -0.00421505 -0.00529944
0 -0.00233385 -0.00563431 -0.00716747
0 -0.00303226 -0.00701491 -0.00893416
0 -0.00372726 -0.00837283 -0.0106146
0 -0.004427 -0.00972735 -0.0122333
0 -0.00514062 -0.0110958 -0.0138186
0 -0.00587192 -0.0124876 -0.0153961
0 -0.00661492 -0.0139001 -0.0169826
0 -0.00735025 -0.0153145 -0.0185805
0 -0.00804598 -0.0166953 -0.0201754
0 -0.00866607 -0.0179965 -0.0217408
0 -0.00918044 -0.0191714 -0.0232459
0 -0.00957058 -0.0201788 -0.0246592
0 -0.00983363 -0.0209912 -0.0259538
0 -0.00998505 -0.021602 -0.0271123
0 -0.0100541 -0.0220269 -0.028126
0 -0.0100744 -0.0222984 -0.0289904
0 -0.0100756 -0.0224587 -0.029701
0 -0.0100776 -0.0225503 -0.0302497
0 -0.0100781 -0.022596 -0.030615
0 -0.0100484 -0.0225833 -0.0307559
0 -0.00994993 -0.022471 -0.0306239
0 -0.00976042 -0.0222122 -0.0301877
0 -0.00948404 -0.0217706 -0.0294433
0 -0.0091438 -0.0211272 -0.0284099
0 -0.00876912 -0.0202848 -0.0271221
0 -0.00838499 -0.0192683 -0.0256212
0 -0.00800486 -0.01812 -0.0239497
0 -0.00762961 -0.016892 -0.0221486
0 -0.00725194 -0.015637 -0.0202583
0 -0.0068624 -0.0143999 -0.0183191
0 -0.00645478 -0.0132098 -0.0163713
0 -0.00602998 -0.01208 -0.014455
0 -0.00559575 -0.0110091 -0.0126094
0 -0.00515967 -0.00998322 -0.0108654
0 -0.00471991 -0.0089768 -0.00923804
0 -0.00426371 -0.00795914 -0.00772433
0 -0.00377951 -0.00690982 -0.00631515
0 -0.00327204 -0.00583452 -0.00501026
0 -0.00276276 -0.00476536 -0.0038207
0 -0.00227579 -0.0037451 -0.00275733
0 -0.00182354 -0.00280822 -0.00181802
0 -0.00140014 -0.0019673 -0.000980975
0 -0.000985792 -0.00120957 -0.000207906
0 -0.000561233 -0.000506591 0.000542624
0 -0.000121014 0.000172154 0.00130206
0 0.000323041 0.000850193 0.00208686
0 0.000745324 0.00153694 0.00289784
0 0.0011135 0.00222276 0.00372159
0 0.00139882 0.00288117 0.00453653
0 0.00158538 0.00347597 0.00531989
0 0.00167241 0.00396782 0.00604997
0 0.00167065 0.00432075 0.00670487
0 0.00159974 0.00451267 0.00726435
0 0.00148518 0.00454368 0.00771232
0 0.00134627 0.00442962 0.00802997
0 0.0011821 0.00418548 0.0081842
0 0.000972367 0.00381626 0.00812799
0 0.000695941 0.00332208 0.00781657
0 0.000355541 0.00271343 0.00723086
0 -1.00381e-05 0.00202331 0.00639248
0 -0.0003405 0.0013023 0.00535586
0 -0.000586616 0.000598445 0.0041826
0 -0.000737244 -6.28713e-05 0.00291748
0 -0.000823822 -0.000686575 0.00158052
0 -0.000899011 -0.00129746 0.000179651
0 -0.00100308 -0.00191738 -0.00126525
0 -0.00114377 -0.00254767 -0.00270773
0 -0.00130301 -0.00317066 -0.00408178
0 -0.00145683 -0.00376263 -0.00532009
0 -0.00159134 -0.00430324 -0.00637021
0 -0.00171373 -0.00478393 -0.00720729
0 -0.00185665 -0.00521817 -0.00784234
0 -0.00206768 -0.00564239 -0.00831803
0 -0.00238353 -0.00610017 -0.00868819
0 -0.00280226 -0.00661567 -0.00899062
0 -0.00327565 -0.00717619 -0.00923313
0 -0.00373022 -0.0077391 -0.00940449
0 -0.00409987 -0.0082518 -0.00949626
0 -0.00434699 -0.00866539 -0.00951482
0 -0.00446623 -0.00894199 -0.0094812
0 -0.00447893 -0.00906284 -0.00942674
0 -0.00442199 -0.00903424 -0.00938584
0 -0.00433251 -0.00888583 -0.00938559
0 -0.00423555 -0.00866286 -0.00943772
0 -0.00413916 -0.00841442 -0.00953582
0 -0.00403628 -0.00817995 -0.00965694
0 -0.00391208 -0.00797962 -0.00976721
0 -0.00375194 -0.00781066 -0.00982781
0 -0.00354568 -0.00764706 -0.00979873
0 -0.00328945 -0.00744484 -0.00964222
0 -0.00299089 -0.00715694 -0.00933047
0 -0.00267652 -0.00675579 -0.0088576
0 -0.00238826 -0.0062481 -0.00824347
0 -0.00216273 -0.00566808 -0.0075199
0 -0.00200911 -0.00505736 -0.00671093
0 -0.00190438 -0.00444829 -0.00582448
0 -0.00180735 -0.00385674 -0.0048583
0 -0.00167895 -0.00328288 -0.00381194
0 -0.00149778 -0.00271835 -0.00269741
0 -0.00126755 -0.0021552 -0.00154438
0 -0.00101353 -0.00159074 -0.000397372
0 -0.00076946 -0.00102783 0.00069383
0 -0.000563529 -0.000475504 0.0016845
0 -0.000409242 5.04081e-05 0.00254169
0 -0.000302314 0.000529697 0.00324751
0 -0.000226411 0.000939789 0.00379607
0 -0.000167809 0.00125349 0.00418251
0 -0.000128061 0.00143811 0.00439344
0 -0.000123869 0.00146192 0.00440799
0 -0.000174667 0.00130623 0.00420858
0 -0.00028853 0.000975482 0.00379284
0 -0.000459454 0.000495259 0.00317508
0 -0.000676922 -0.00010147 0.00237644
0 -0.000932798 -0.000785293 0.0014179
0 -0.00121532 -0.00152733 0.000326119
0 -0.00150069 -0.00229106 -0.000857435
0 -0.00175914 -0.00303583 -0.00208093
0 -0.00197487 -0.00373452 -0.00330118
0 -0.00215883 -0.00438665 -0.0044977
0 -0.00233909 -0.00501064 -0.00566598
0 -0.00254012 -0.00562547 -0.00680036
0 -0.00277051 -0.00624029 -0.00788486
0 -0.0030236 -0.00685382 -0.00889521
0 -0.00328542 -0.0074578 -0.00980657
0 -0.00354346 -0.0080414 -0.0106012
0 -0.00379175 -0.00859441 -0.0112723
0 -0.00403387 -0.00911175 -0.0118276
0 -0.00428668 -0.00960169 -0.0122931
0 -0.00457858 -0.0100905 -0.0127143
0 -0.00493604 -0.0106154 -0.0131449
0 -0.00536671 -0.011209 -0.0136307
0 -0.00585169 -0.0118876 -0.0141987
0 -0.00635007 -0.0126432 -0.0148547
0 -0.00680914 -0.0134408 -0.0155853
0 -0.00717055 -0.0142153 -0.0163555
0 -0.00737994 -0.0148781 -0.0171122
0 -0.00741424 -0.0153486 -0.017808
0 -0.00730693 -0.015595 -0.0184292
0 -0.00713835 -0.0156481 -0.0189972
0 -0.00699442 -0.0155812 -0.0195409
0 -0.00692482 -0.0154752 -0.0200657
0 -0.00692148 -0.0153847 -0.020536
0 -0.00692371 -0.0153163 -0.0208754
0 -0.00685288 -0.0152308 -0.0209923
0 -0.00665911 -0.0150689 -0.0208175
0 -0.00634262 -0.0147734 -0.0203244
0 -0.00593544 -0.0142919 -0.0195153
0 -0.00546758 -0.0135712 -0.0183949
0 -0.00494665 -0.0125616 -0.0169561
0 -0.00435962 -0.0112326 -0.0151842
0 -0.00368901 -0.00958759 -0.0130717
0 -0.00293103 -0.00767085 -0.0106335
0 -0.00210817 -0.00556789 -0.0079178
0 -0.00127904 -0.00340446 -0.00501527
0 -0.000542828 -0.00134516 -0.00206711
0 -1.25635e-05 0.000432005 0.000754894
0 0.000253897 0.00180208 0.0033116
0 0.000316273 0.00276133 0.00556217
0 0.000344639 0.00344124 0.00757312
0 0.000534831 0.00405585 0.00945985
0 0.00100105 0.00480956 0.011301
0 0.0017131 0.00580915 0.0130783
0 0.00251183 0.00702307 0.0146752
0 0.00319768 0.00831108 0.0159391
0 0.00363671 0.00949589 0.0167648
0 0.00381286 0.0104246 0.0171396
0 0.0038099 0.0110013 0.017134
0 0.00375092 0.0111947 0.0168576
0 0.00373027 0.0110293 0.0164098
0 0.00377249 0.0105703 0.0158469
0 0.0038366 0.00990786 0.0151828
0 0.0038486 0.00913827 0.0144074
0 0.00373335 0.0083392 0.0135017
0 0.00344651 0.00755334 0.0124543
0 0.00302146 0.00681492 0.0113036
0 0.00259417 0.00619544 0.0101718
0 0.00234792 0.00579874 0.00923311
0 0.00240914 0.00570769 0.00863087
0 0.00277932 0.00594012 0.00841914
0 0.00333984 0.00644074 0.0085576
0 0.00391182 0.0071021 0.00894886
0 0.00433092 0.0077968 0.0094874
0 0.00450046 0.00840399 0.010093
0 0.00440339 0.00882454 0.0107174
0 0.00408132 0.00898589 0.0113294
0 0.00359845 0.00884025 0.0118896
0 0.00300721 0.00836413 0.0123322
0 0.00233042 0.00755539 0.0125603
0 0.00155455 0.00641558 0.0124468
0 0.000636562 0.0049343 0.011841
0 -0.000456639 0.00310632 0.010608
0 -0.00169221 0.000972665 0.00868729
0 -0.00293433 -0.00133951 0.00614362
0 -0.00395771 -0.00360538 0.00317603
0 -0.00453232 -0.00555308 5.7294e-05
0 -0.00453623 -0.00695521 -0.00296356
0 -0.00401213 -0.00769879 -0.00572535
0 -0.00314077 -0.00780199 -0.00815624
0 -0.00216893 -0.00739334 -0.0102359
0 -0.00132579 -0.00667899 -0.0119522
0 -0.000752609 -0.00589374 -0.013268
0 -0.000473013 -0.00523218 -0.0141053
0 -0.000413873 -0.00479406 -0.0143574
0 -0.000465896 -0.00457742 -0.0139303
0 -0.000551875 -0.00451151 -0.0127986
0 -0.000666546 -0.00450305 -0.0110438
0 -0.000873537 -0.00448356 -0.00885439
0 -0.00127088 -0.00444897 -0.00649237
0 -0.00194448 -0.00447045 -0.00424447
0 -0.00292432 -0.00466584 -0.00237621
0 -0.00415745 -0.00515562 -0.00109729
0 -0.00551529 -0.00602528 -0.000541117
0 -0.0068299 -0.00729228 -0.000762309
0 -0.0079326 -0.00888283 -0.00174556
0 -0.00867985 -0.0106308 -0.00341359
0 -0.00897326 -0.0123053 -0.00563595
0 -0.00878367 -0.0136633 -0.00824699
0 -0.0081625 -0.014509 -0.0110676
0 -0.00722802 -0.0147426 -0.0139244
0 -0.00614307 -0.0143949 -0.0166665
0 -0.00508892 -0.0136313 -0.019174
0 -0.00422731 -0.012711 -0.021351
0 -0.00366004 -0.0119115 -0.0231074
0 -0.00340968 -0.0114454 -0.0243471
0 -0.00342612 -0.0114001 -0.0249714
0 -0.0036152 -0.0117199 -0.0248944
0 -0.00388723 -0.0122384 -0.0240809
0 -0.00419347 -0.0127427 -0.0225785
0 -0.00451882 -0.0130317 -0.0205081
0 -0.00484723 -0.0129536 -0.0180217
0 -0.00513531 -0.0124227 -0.0152641
0 -0.0053076 -0.0114165 -0.0123504
0 -0.00526405 -0.00995683 -0.00935598
0 -0.0048933 -0.0080807 -0.00631157
0 -0.00410206 -0.00581997 -0.0032101
0 -0.00285549 -0.00320288 -3.33569e-05
0 -0.00120795 -0.000271602 0.00321495
0 0.000696731 0.00289753 0.00649356
0 0.00265943 0.00618281 0.00973144
0 0.00447705 0.00942292 0.0128471
0 0.00599079 0.0124382 0.0157694
0 0.00711487 0.0150602 0.0184536
0 0.00784051 0.017161 0.0208851
0 0.00821897 0.018673 0.02307
0 0.00832907 0.0195914 0.0250157
0 0.00824412 0.0199653 0.0267102
0 0.00801088 0.0198816 0.0281095
0 0.00764544 0.0194406 0.0291367
0 0.00714846 0.0187355 0.0296995
0 0.00654245 0.0178544 0.0297311
0 0.00590293 0.0168967 0.0292274
0 0.00533016 0.0159501 0.0282328
0 0.0048761 0.0150342 0.0267804
0 0.00450717 0.014077 0.0248599
0 0.00413694 0.0129544 0.022443
0 0.00368946 0.0115583 0.0195344
0 0.00314074 0.00984603 0.0162016
0 0.00252098 0.00785458 0.0125721
0 0.00189294 0.00568811 0.00881171
0 0.00132674 0.00349461 0.00509956
0 0.000876771 0.001435 0.00160515
0 0.00056317 -0.000346337 -0.00152962
0 0.000371159 -0.00174318 -0.00419753
0 0.00026609 -0.00270485 -0.00632612
0 0.00020165 -0.0032482 -0.00788029
0 0.0001207 -0.00345992 -0.00886788
0 -3.68812e-05 -0.00348159 -0.00933843
0 -0.000317321 -0.00347448 -0.00937078
0 -0.000740132 -0.00357919 -0.00906048
0 -0.00130309 -0.00389101 -0.00851661
0 -0.00199876 -0.00446048 -0.00786683
0 -0.00282736 -0.00531092 -0.00726347
0 -0.00379312 -0.00644944 -0.00687291
0 -0.00488125 -0.00785429 -0.00684253
0 -0.00603322 -0.00945558 -0.00726549
0 -0.00714231 -0.0111371 -0.00816444
0 -0.00807762 -0.0127583 -0.00950031
0 -0.00872144 -0.0141814 -0.0111939
0 -0.00900143 -0.0152983 -0.0131479
0 -0.00891476 -0.0160526 -0.0152679
0 -0.0085343 -0.0164521 -0.0174744
0 -0.00798275 -0.0165622 -0.0196963
0 -0.00738611 -0.0164774 -0.0218496
0 -0.00683678 -0.0162946 -0.0238271
0 -0.00638653 -0.0161013 -0.0255111
0 -0.00606582 -0.0159738 -0.0268003
0 -0.00590424 -0.015975 -0.0276339
0 -0.00593088 -0.0161447 -0.0279984
0 -0.00615544 -0.01648 -0.0279125
0 -0.00654819 -0.0169224 -0.0274077
0 -0.00703598 -0.0173635 -0.0265167
0 -0.00751866 -0.0176713 -0.0252749
0 -0.00789457 -0.0177216 -0.0237274
0 -0.0080797 -0.0174209 -0.0219289
0 -0.00801375 -0.0167104 -0.0199352
0 -0.00765843 -0.015561 -0.0177906
0 -0.00699831 -0.0139702 -0.0155227
0 -0.00604249 -0.0119621 -0.0131415
0 -0.00481959 -0.0095799 -0.0106381
0 -0.0033696 -0.00687576 -0.00798494
0 -0.00174078 -0.00390436 -0.00514416
0 6.24385e-06 -0.000727297 -0.00207931
0 0.0017965 0.00257759 0.00123303
0 0.00354615 0.00591401 0.0047893
0 0.00516831 0.00917438 0.00855352
0 0.00658184 0.0122515 0.0124638
0 0.00772719 0.0150516 0.0164423
0 0.00857806 0.0175048 0.0204028
0 0.00913871 0.0195664 0.024251
0 0.00943207 0.0212132 0.0278836
0 0.00949139 0.0224404 0.031189
0 0.00935731 0.0232596 0.0340498
0 0.00907252 0.0236912 0.0363484
0 0.00867251 0.0237504 0.03797
0 0.00818346 0.0234446 0.0388128
0 0.00763587 0.0227885 0.0388096
0 0.00708008 0.0218233 0.037949
0 0.00658286 0.0206197 0.0362832
0 0.00620582 0.0192645 0.0339187
0 0.00597933 0.0178388 0.0309927
0 0.00588711 0.0164008 0.0276495
0 0.00587278 0.0149801 0.0240306
0 0.00586286 0.0135822 0.0202739
0 0.00578791 0.0121932 0.0165112
0 0.00559216 0.0107838 0.0128611
0 0.00524084 0.00931864 0.00942631
0 0.00472677 0.00776969 0.00629492
0 0.00406313 0.00612419 0.00353472
0 0.00326608 0.0043831 0.00117826
0 0.00234561 0.00255715 -0.000785331
0 0.00131141 0.000669749 -0.00240229
0 0.000182437 -0.00124095 -0.00373904
0 -0.00101169 -0.00313047 -0.00487313
0 -0.00223546 -0.0049637 -0.00589204
0 -0.00345105 -0.006725 -0.00688895
0 -0.00462061 -0.00841339 -0.00795169
0 -0.00570727 -0.0100307 -0.00915217
0 -0.00667707 -0.0115768 -0.0105415
0 -0.00750249 -0.0130484 -0.0121471
0 -0.00816128 -0.0144335 -0.0139664
0 -0.00863214 -0.0157036 -0.01596
0 -0.00889686 -0.0168146 -0.0180545
0 -0.00895511 -0.0177223 -0.0201592
0 -0.00884149 -0.0184026 -0.0221892
0 -0.00862282 -0.0188622 -0.0240751
0 -0.00837627 -0.0191361 -0.0257593
0 -0.00816765 -0.01928 -0.0271904
0 -0.0080406 -0.0193596 -0.0283224
0 -0.00801431 -0.0194353 -0.0291185
0 -0.00808367 -0.0195449 -0.0295511
0 -0.00822176 -0.0196908 -0.0296001
0 -0.00838898 -0.0198384 -0.0292583
0 -0.00854736 -0.0199282 -0.0285414
0 -0.00867031 -0.0198946 -0.0274921
0 -0.00873948 -0.0196787 -0.0261708
0 -0.00873085 -0.0192319 -0.0246365
0 -0.00860338 -0.0185103 -0.022928
0 -0.00830557 -0.0174782 -0.021062
0 -0.0078013 -0.0161259 -0.0190493
0 -0.00709086 -0.0144809 -0.0169115
0 -0.00620633 -0.0125981 -0.0146765
0 -0.00519036 -0.0105372 -0.012362
0 -0.00408005 -0.00834626 -0.00996606
0 -0.00290415 -0.00605946 -0.00747179
0 -0.00168642 -0.00370294 -0.00485764
0 -0.000449736 -0.00129726 -0.00210428
0 0.000781778 0.00114042 0.000801444
0 0.00198269 0.00359092 0.00386078
0 0.00312563 0.00602837 0.00705799
0 0.00418424 0.00842127 0.0103624
0 0.00514278 0.0107395 0.0137363
0 0.00600385 0.0129623 0.0171415
0 0.006787 0.0150817 0.020542
0 0.00752052 0.0171015 0.0239018
0 0.00823288 0.0190345 0.0271824
0 0.00894781 0.0209 0.0303432
0 0.00968275 0.0227195 0.033345
0 0.0104471 0.0245105 0.0361526
0 0.0112395 0.0262776 0.0387337
0 0.0120474 0.0280076 0.0410588
0 0.0128526 0.0296734 0.0431059
0 0.013641 0.0312441 0.0448679
0 0.0144098 0.0326974 0.0463593
0 0.015166 0.0340262 0.0476141
0 0.0159145 0.0352311 0.0486739
0 0.0166432 0.0363096 0.0495716
0 0.0173229 0.037254 0.0503275
0 0.017921 0.0380582 0.0509576
0 0.018415 0.0387246 0.0514817
0 0.0187932 0.0392594 0.0519204
0 0.0190446 0.0396605 0.0522833
0 0.019152 0.0399087 0.0525603
0 0.0190921 0.0399658 0.0527184
0 0.0188432 0.0397783 0.0527052
0 0.0183943 0.0392897 0.0524566
0 0.0177524 0.0384557 0.0519077
0 0.0169393 0.0372539 0.0509972
0 0.0159826 0.0356834 0.0496674
0 0.0149077 0.033761 0.0478656
0 0.0137396 0.031519 0.0455514
0 0.0125087 0.029006 0.0427075
0 0.0112505 0.0262815 0.0393465
0 0.0100011 0.0234083 0.0355109
0 0.00878862 0.0204438 0.031267
0 0.00762137 0.0174279 0.02669
0 0.00647976 0.0143738 0.0218491
0 0.00532313 0.0112687 0.0168024
0 0.00410783 0.0080873 0.011603
0 0.00280087 0.00480492 0.00630555
0 0.00138464 0.00140422 0.000968268
0 -0.000143979 -0.00212397 -0.00435147
0 -0.00177818 -0.00577814 -0.00960221
0 -0.00350647 -0.00954292 -0.0147429
0 -0.00531557 -0.0133893 -0.0197454
0 -0.00719022 -0.017278 -0.0245929
0 -0.00911084 -0.0211632 -0.0292747
0 -0.0110505 -0.0249936 -0.03378
0 -0.0129746 -0.0287155 -0.0380951
0 -0.0148487 -0.0322807 -0.0422086
0 -0.01665 -0.0356593 -0.0461215
0 -0.0183717 -0.0388445 -0.0498499
0 -0.020016 -0.0418463 -0.053417
0 -0.0215818 -0.0446797 -0.0568402
0 -0.0230596 -0.0473558 -0.0601251
0 -0.0244312 -0.0498766 -0.0632647
0 -0.0256756 -0.0522344 -0.0662425
0 -0.0267759 -0.0544153 -0.0690388
0 -0.0277244 -0.0564029 -0.0716344
0 -0.0285252 -0.0581827 -0.0740142
0 -0.0291969 -0.0597495 -0.0761715
0 -0.0297715 -0.0611122 -0.0781106
0 -0.0302853 -0.0622913 -0.0798426
0 -0.0307675 -0.0633123 -0.0813766
0 -0.0312331 -0.0641993 -0.0827149
0 -0.0316835 -0.0649744 -0.0838541
0 -0.0321123 -0.065657 -0.0847903
0 -0.0325083 -0.0662599 -0.0855206
0 -0.0328536 -0.0667803 -0.0860392
0 -0.0331218 -0.067194 -0.0863348
0 -0.0332821 -0.0674574 -0.0863929
0 -0.0333034 -0.0675143 -0.0861976
0 -0.0331585 -0.0673029 -0.0857299
0 -0.0328277 -0.0667634 -0.0849654
0 -0.0322989 -0.0658458 -0.0838739
0 -0.0315679 -0.0645178 -0.0824199
0 -0.0306383 -0.0627692 -0.0805659
0 -0.0295232 -0.0606132 -0.0782775
0 -0.0282437 -0.0580821 -0.0755262
0 -0.0268219 -0.0552144 -0.0722882
0 -0.0252737 -0.0520432 -0.0685426
0 -0.0236101 -0.0485914 -0.0642757
0 -0.0218417 -0.0448751 -0.0594887
0 -0.0199837 -0.0409084 -0.0542032
0 -0.0180552 -0.0367078 -0.048461
0 -0.0160745 -0.0322925 -0.0423199
0 -0.0140523 -0.0276843 -0.035846
0 -0.0119884 -0.0229091 -0.0291056
0 -0.00987255 -0.0179962 -0.0221608
0 -0.00769123 -0.0129752 -0.0150701
0 -0.00543289 -0.00787216 -0.00789011
0 -0.00309153 -0.00271065 -0.000674016
0 -0.000669447 0.0024871 0.00652814
0 0.00182211 0.00769974 0.0136694
0 0.00436648 0.0129085 0.0207074
0 0.00694776 0.0180997 0.0276062
0 0.00955492 0.023265 0.0343369
0 0.0121825 0.028397 0.0408819
0 0.0148295 0.0334904 0.0472359
0 0.0174974 0.0385427 0.0534038
0 0.0201872 0.0435536 0.059396
0 0.0228965 0.0485231 0.0652259
0 0.0256182 0.0534503 0.070908
0 0.0283384 0.0583308 0.076455
0 0.0310335 0.0631526 0.0818724
0 0.0336708 0.0678938 0.0871571
0 0.036216 0.0725269 0.0923013
0 0.0386421 0.0770248 0.0972984
0 0.0409315 0.0813627 0.102143
0 0.043072 0.0855147 0.106827
0 0.0450537 0.0894527 0.111334
0 0.0468683 0.0931465 0.115645
0 0.0485085 0.0965659 0.11973
0 0.049966 0.0996808 0.123557
0 0.0512289 0.10246 0.127083
0 0.0522833 0.104871 0.130261
0 0.0531173 0.106879 0.13304
0 0.0537248 0.108457 0.135374
0 0.0541035 0.109581 0.13722
0 0.0542497 0.110229 0.138533
0 0.0541585 0.110383 0.139268
0 0.0538315 0.110028 0.139379
0 0.0532795 0.109167 0.138823
0 0.0525159 0.107807 0.137557
0 0.051549 0.105952 0.135544
0 0.0503823 0.103606 0.132753
0 0.04902 0.100768 0.129172
0 0.0474722 0.0974454 0.124817
0 0.045756 0.0936576 0.119728
0 0.0438885 0.0894315 0.113962
0 0.0418788 0.0847983 0.107588
0 0.0397249 0.0797892 0.100674
0 0.0374208 0.0744384 0.093296
0 0.0349653 0.0687866 0.0855317
0 0.0323643 0.0628816 0.0774637
0 0.0296271 0.0567738 0.0691695
0 0.0267624 0.0505093 0.0607151
0 0.0237805 0.0441286 0.052156
0 0.0206988 0.0376705 0.0435455
0 0.0175412 0.0311737 0.0349367
0 0.0143314 0.0246707 0.0263758
0 0.0110873 0.0181842 0.0178971
0 0.00782393 0.0117303 0.00952479
0 0.00455849 0.00532585 0.00128062
0 0.00131233 -0.0010068 -0.00680913
0 -0.00189128 -0.00724079 -0.0147127
0 -0.00502997 -0.0133462 -0.0223976
0 -0.00808235 -0.0192894 -0.0298332
0 -0.011026 -0.0250322 -0.0369882
0 -0.0138358 -0.0305318 -0.0438288
0 -0.0164854 -0.0357436 -0.0503183
0 -0.0189489 -0.0406244 -0.0564181
0 -0.0212044 -0.0451342 -0.0620894
0 -0.0232352 -0.0492385 -0.0672963
0 -0.0250317 -0.0529096 -0.0720075
0 -0.0265872 -0.056124 -0.0761939
0 -0.0278925 -0.0588579 -0.0798227
0 -0.0289353 -0.0610861 -0.0828581
0 -0.0297065 -0.0627886 -0.085267
0 -0.0302046 -0.0639549 -0.0870242
0 -0.0304342 -0.0645822 -0.0881127
0 -0.0304017 -0.0646726 -0.0885192
0 -0.0301169 -0.0642319 -0.0882315
0 -0.029596 -0.0632727 -0.0872402
0 -0.028862 -0.0618151 -0.0855456
0 -0.0279439 -0.0598889 -0.0831634
0 -0.0268725 -0.0575333 -0.0801252
0 -0.0256755 -0.0547942 -0.0764749
0 -0.0243738 -0.0517207 -0.0722665
0 -0.0229813 -0.0483616 -0.0675632
0 -0.0215085 -0.044765 -0.0624368
0 -0.0199658 -0.0409786 -0.0569689
0 -0.0183661 -0.0370503 -0.05125
0 -0.0167249 -0.0330282 -0.0453745
0 -0.0150567 -0.0289593 -0.039434
0 -0.0133737 -0.024888 -0.0335145
0 -0.0116869 -0.0208567 -0.0276935
0 -0.0100074 -0.016906 -0.0220384
0 -0.00834657 -0.0130744 -0.0166062
0 -0.00671603 -0.00939406 -0.0114431
0 -0.00512562 -0.00588795 -0.0065839
0 -0.00358127 -0.00256857 -0.00205029
0 -0.00208389 0.000562311 0.00214985
0 -0.000631395 0.00351119 0.00602007
0 0.000777547 0.00628825 0.00957063
0 0.00214156 0.00890345 0.0128159
0 0.00345747 0.0113652 0.0157742
0 0.00472194 0.0136808 0.0184684
0 0.00593201 0.015857 0.0209248
0 0.00708475 0.0178998 0.0231723
0 0.00817701 0.0198148 0.0252401
0 0.00920514 0.0216066 0.0271564
0 0.0101645 0.0232784 0.0289463
0 0.0110494 0.0248312 0.0306305
0 0.0118542 0.0262647 0.0322252
0 0.0125742 0.0275779 0.0337412
0 0.0132051 0.0287688 0.0351841
0 0.0137419 0.0298325 0.0365515
0 0.014178 0.0307601 0.0378328
0 0.0145076 0.0315407 0.0390109
0 0.0147272 0.0321623 0.0400645
0 0.0148368 0.0326141 0.0409697
0 0.0148409 0.0328889 0.0417013
0 0.014751 0.0329843 0.0422354
0 0.0145837 0.032904 0.0425507
0 0.0143572 0.0326562 0.0426278
0 0.0140875 0.0322536 0.0424491
0 0.0137882 0.031713 0.0420014
0 0.0134691 0.0310518 0.0412778
0 0.0131332 0.0302828 0.0402766
0 0.0127747 0.0294081 0.0390001
0 0.012382 0.0284201 0.0374551
0 0.0119441 0.0273074 0.0356581
0 0.0114557 0.0260615 0.0336366
0 0.0109164 0.0246802 0.0314266
0 0.0103264 0.0231673 0.0290658
0 0.00968463 0.0215322 0.0265893
0 0.00898907 0.0197893 0.0240287
0 0.0082399 0.0179581 0.0214127
0 0.00744091 0.0160614 0.018767
0 0.00659813 0.0141217 0.0161124
0 0.00571688 0.0121557 0.0134626
0 0.00480117 0.0101724 0.0108234
0 0.00385626 0.00817591 0.00819675
0 0.00289017 0.00616805 0.00558319
0 0.00191262 0.00415029 0.00298291
0 0.000932324 0.00212369 0.000394323
0 -4.64495e-05 8.81461e-05 -0.00218792
0 -0.00102657 -0.00195944 -0.00477468
0 -0.002017 -0.00402567 -0.00738181
0 -0.0030284 -0.00611871 -0.0100268
0 -0.00406827 -0.00824577 -0.0127249
0 -0.0051378 -0.0104112 -0.0154851
0 -0.00623039 -0.0126146 -0.0183088
0 -0.00733255 -0.0148492 -0.0211883
0 -0.00842713 -0.0171016 -0.0241088
0 -0.00949623 -0.0193516 -0.027049
0 -0.0105219 -0.0215713 -0.0299815
0 -0.0114859 -0.0237252 -0.032871
0 -0.0123704 -0.0257723 -0.0356748
0 -0.0131582 -0.0276682 -0.0383442
0 -0.0138339 -0.0293696 -0.0408275
0 -0.0143873 -0.030839 -0.0430738
0 -0.0148134 -0.0320473 -0.045036
0 -0.0151086 -0.0329722 -0.0466679
0 -0.0152653 -0.0335932 -0.047921
0 -0.015272 -0.0338893 -0.0487443
0 -0.0151189 -0.0338411 -0.0490894
0 -0.0148046 -0.0334348 -0.0489162
0 -0.0143372 -0.032664 -0.0481956
0 -0.0137301 -0.0315298 -0.0469108
0 -0.0129989 -0.0300398 -0.0450584
0 -0.0121593 -0.0282092 -0.0426496
0 -0.0112281 -0.0260629 -0.0397128
0 -0.0102215 -0.0236358 -0.0362921
0 -0.00915395 -0.0209713 -0.0324459
0 -0.00803892 -0.0181197 -0.0282458
0 -0.006892 -0.0151372 -0.0237771
0 -0.00573415 -0.0120859 -0.0191385
0 -0.00459342 -0.00903424 -0.0144381
0 -0.0035026 -0.00605679 -0.00978846
0 -0.00249168 -0.00322774 -0.00529966
0 -0.00158058 -0.000612635 -0.00107168
0 -0.000780177 0.0017348 0.00280631
0 -9.89054e-05 0.00376995 0.00625232
0 0.000453008 0.00545404 0.00918974
0 0.000862801 0.00675387 0.0115483
0 0.00111573 0.00764135 0.0132659
0 0.0011989 0.00809464 0.0142925
0 0.00111004 0.00810383 0.0145976
0 0.000862961 0.00767617 0.014176
0 0.000482911 0.00683478 0.013046
0 -2.2676e-06 0.00561432 0.0112472
0 -0.000567434 0.0040591 0.00883819
0 -0.00119188 0.00222226 0.00589431
0 -0.00186074 0.000162485 0.00250424
0 -0.00256557 -0.00206111 -0.00123521
0 -0.00330053 -0.00439085 -0.00522122
0 -0.00405567 -0.00676866 -0.00934351
0 -0.00481327 -0.009136 -0.0134839
0 -0.0055501 -0.0114361 -0.0175208
0 -0.00624237 -0.0136148 -0.021335
0 -0.00686812 -0.0156183 -0.0248141
0 -0.00740627 -0.017389 -0.0278538
0 -0.00783529 -0.018863 -0.0303589
0 -0.00813396 -0.0199746 -0.032246
0 -0.00828508 -0.0206651 -0.0334488
0 -0.00828065 -0.0208937 -0.0339252
0 -0.00812384 -0.0206443 -0.0336597
0 -0.00782518 -0.0199249 -0.0326624
0 -0.00739731 -0.0187646 -0.0309668
0 -0.00685385 -0.0172104 -0.0286274
0 -0.00621019 -0.0153234 -0.025719
0 -0.00548121 -0.0131714 -0.0223316
0 -0.0046786 -0.0108192 -0.0185633
0 -0.00381423 -0.00832623 -0.0145168
0 -0.00290842 -0.00575093 -0.0103008
0 -0.00199241 -0.00315575 -0.00603004
0 -0.00110103 -0.000606264 -0.0018203
0 -0.000264009 0.00183445 0.00221964
0 0.000500168 0.00411117 0.00599391
0 0.00118657 0.00617974 0.00942424
0 0.00179987 0.00800798 0.0124501
0 0.00234585 0.00957332 0.0150247
0 0.00282536 0.0108605 0.0171116
0 0.00323252 0.0118596 0.0186833
0 0.00355447 0.0125631 0.0197194
0 0.00377538 0.0129648 0.0202082
0 0.00388524 0.0130643 0.020155
0 0.0038846 0.0128691 0.0195868
0 0.00378103 0.0123936 0.0185483
0 0.00358249 0.0116546 0.0170936
0 0.0032934 0.0106698 0.0152793
0 0.00291473 0.00945921 0.0131631
0 0.00244589 0.00804597 0.0108013
0 0.00188643 0.00645559 0.00824734
0 0.00123704 0.0047136 0.00554949
0 0.000500441 0.0028438 0.00274954
0 -0.000317035 0.00086857 -0.00011713
0 -0.00120369 -0.0011896 -0.00301951
0 -0.00214278 -0.00330745 -0.00592941
0 -0.00311563 -0.00546203 -0.00882244
0 -0.00410505 -0.00763178 -0.0116803
0 -0.00509678 -0.00979616 -0.0144912
0 -0.00607918 -0.011935 -0.0172473
0 -0.00704142 -0.0140276 -0.0199412
0 -0.00797139 -0.0160516 -0.0225633
0 -0.00885549 -0.0179831 -0.0251003
0 -0.0096814 -0.0198014 -0.0275372
0 -0.0104421 -0.0214933 -0.0298603
0 -0.0111364 -0.023055 -0.0320577
0 -0.0117661 -0.0244872 -0.0341165
0 -0.0123309 -0.0257892 -0.0360197
0 -0.0128251 -0.0269538 -0.0377436
0 -0.0132372 -0.0279648 -0.0392572
0 -0.0135518 -0.0287971 -0.0405249
0 -0.0137537 -0.0294206 -0.0415098
0 -0.0138308 -0.0298029 -0.0421762
0 -0.0137741 -0.0299116 -0.0424904
0 -0.0135788 -0.0297172 -0.0424207
0 -0.0132454 -0.0291982 -0.0419394
0 -0.0127781 -0.0283454 -0.041025
0 -0.0121822 -0.0271597 -0.0396614
0 -0.0114604 -0.0256487 -0.0378366
0 -0.0106122 -0.0238225 -0.0355423
0 -0.00963744 -0.021692 -0.0327767
0 -0.00853988 -0.0192704 -0.0295487
0 -0.00732861 -0.0165734 -0.0258795
0 -0.00601698 -0.0136199 -0.021803
0 -0.00462159 -0.0104336 -0.0173641
0 -0.00316094 -0.00704559 -0.0126158
0 -0.00165105 -0.00349354 -0.00761304
0 -0.000100701 0.000183614 -0.00240904
0 0.00148884 0.00395046 0.00294693
0 0.0031194 0.00777503 0.00840691
0 0.00478876 0.0116266 0.0139196
0 0.00648516 0.0154728 0.0194274
0 0.00818718 0.0192789 0.0248671
0 0.00986909 0.0230086 0.0301743
0 0.0115075 0.0266277 0.0352862
0 0.0130835 0.0301024 0.0401441
0 0.0145806 0.0333956 0.0446938
0 0.0159823 0.0364662 0.0488861
0 0.0172728 0.0392724 0.0526768
0 0.0184378 0.0417761 0.0560285
0 0.0194628 0.0439436 0.0589086
0 0.0203299 0.0457439 0.061286
0 0.0210165 0.0471471 0.0631295
0 0.0214964 0.0481233 0.0644078
0 0.0217433 0.0486434 0.0650921
0 0.0217339 0.0486804 0.0651573
0 0.0214546 0.0482096 0.0645834
0 0.0209046 0.0472082 0.0633543
0 0.0200911 0.0456576 0.061455
0 0.0190235 0.0435461 0.0588712
0 0.0177128 0.0408729 0.0555895
0 0.016171 0.0376494 0.0515995
0 0.0144116 0.0338993 0.0468973
0 0.0124498 0.0296561 0.04149
0 0.0103036 0.0249591 0.0354002
0 0.00799307 0.0198516 0.0286675
0 0.00553937 0.0143812 0.021348
0 0.00296498 0.00860269 0.0135094
0 0.000294139 0.00257878 0.00522864
0 -0.00244852 -0.00362478 -0.00340666
0 -0.00523786 -0.00994405 -0.0122988
0 -0.00804843 -0.0163155 -0.0213445
0 -0.0108549 -0.0226727 -0.0304367
0 -0.013629 -0.0289468 -0.0394599
0 -0.0163374 -0.0350674 -0.0482875
0 -0.0189453 -0.0409611 -0.0567902
0 -0.02142 -0.046555 -0.0648428
0 -0.0237345 -0.0517792 -0.0723289
0 -0.0258667 -0.0565689 -0.079146
0 -0.0278009 -0.0608681 -0.0852084
0 -0.029528 -0.0646347 -0.0904488
0 -0.0310445 -0.0678418 -0.0948206
0 -0.0323507 -0.0704785 -0.0982982
0 -0.033451 -0.0725494 -0.100878
0 -0.0343545 -0.0740752 -0.10258
0 -0.0350728 -0.0750889 -0.103444
0 -0.0356165 -0.0756284 -0.103534
0 -0.0359916 -0.0757319 -0.102936
0 -0.0361971 -0.0754351 -0.101745
0 -0.0362259 -0.0747721 -0.100063
0 -0.0360699 -0.0737771 -0.0979921
0 -0.0357262 -0.0724872 -0.0956327
0 -0.035204 -0.0709437 -0.0930811
0 -0.0345259 -0.0691918 -0.0904245
0 -0.0337213 -0.0672767 -0.0877337
0 -0.032817 -0.0652395 -0.0850564
0 -0.0318319 -0.0631121 -0.0824137
0 -0.0307761 -0.0609155 -0.0798012
0 -0.0296541 -0.0586606 -0.0771965
0 -0.0284696 -0.0563498 -0.0745657
0 -0.0272278 -0.0539778 -0.0718691
0 -0.0259361 -0.0515344 -0.0690664
0 -0.024603 -0.0490061 -0.0661196
0 -0.0232353 -0.0463778 -0.0629946
0 -0.0218338 -0.0436311 -0.059659
0 -0.0203905 -0.0407437 -0.0560814
0 -0.0188904 -0.0376906 -0.0522318
0 -0.0173164 -0.0344486 -0.0480858
0 -0.0156543 -0.0310007 -0.0436283
0 -0.013896 -0.0273384 -0.0388565
0 -0.0120403 -0.0234615 -0.0337798
0 -0.0100913 -0.0193784 -0.0284165
0 -0.00805623 -0.0151057 -0.0227897
0 -0.00594374 -0.0106672 -0.0169256
0 -0.00376419 -0.00609175 -0.0108546
0 -0.00153176 -0.00141274 -0.00461257
0 0.000735107 0.00333258 0.00175936
0 0.00301572 0.00810544 0.00821612
0 0.00528957 0.0128678 0.0147107
0 0.00753784 0.0175839 0.0211958
0 0.00974487 0.0222204 0.0276237
0 0.0118993 0.0267488 0.0339449
0 0.0139933 0.0311462 0.0401101
0 0.0160216 0.0353952 0.0460729
0 0.0179816 0.039482 0.0517923
0 0.0198722 0.0433962 0.0572327
0 0.0216927 0.0471286 0.0623624
0 0.0234393 0.0506688 0.0671514
0 0.0251036 0.0540021 0.0715701
0 0.0266727 0.0571091 0.0755908
0 0.0281312 0.0599672 0.0791886
0 0.029462 0.0625509 0.082342
0 0.0306457 0.0648314 0.0850317
0 0.0316601 0.0667759 0.0872394
0 0.0324808 0.0683481 0.0889461
0 0.0330814 0.0695088 0.0901321
0 0.0334353 0.0702171 0.0907781
0 0.0335177 0.0704319 0.0908663
0 0.0333107 0.0701133 0.09038
0 0.0328076 0.0692266 0.0893011
0 0.0320115 0.0677479 0.0876063
0 0.0309301 0.0656688 0.0852666
0 0.0295726 0.0629948 0.0822483
0 0.027949 0.059742 0.0785161
0 0.0260713 0.0559338 0.0740387
0 0.0239565 0.0515975 0.0687954
0 0.0216263 0.0467621 0.0627803
0 0.0191042 0.0414573 0.0560057
0 0.0164145 0.0357144 0.0485042
0 0.0135811 0.0295681 0.0403307
0 0.0106247 0.023059 0.0315576
0 0.00755862 0.0162358 0.022268
0 0.00438882 0.00915318 0.0125492
0 0.00111985 0.00186973 0.00249038
0 -0.0022408 -0.00555266 -0.00781741
0 -0.0056794 -0.0130518 -0.0182785
0 -0.00917448 -0.0205698 -0.0287913
0 -0.0126996 -0.0280558 -0.0392488
0 -0.0162269 -0.0354628 -0.0495435
0 -0.0197291 -0.0427463 -0.0595731
0 -0.0231816 -0.0498633 -0.0692437
0 -0.0265637 -0.056772 -0.0784736
0 -0.0298582 -0.0634321 -0.0871933
0 -0.0330492 -0.0698052 -0.0953435
0 -0.0361202 -0.0758545 -0.102876
0 -0.0390527 -0.0815451 -0.109751
0 -0.0418251 -0.0868438 -0.115943
0 -0.044413 -0.0917188 -0.121429
0 -0.046791 -0.0961403 -0.1262
0 -0.0489358 -0.100083 -0.130255
0 -0.0508257 -0.10353 -0.133606
0 -0.0524379 -0.106465 -0.136278
0 -0.0537526 -0.108871 -0.138304
0 -0.0547552 -0.110724 -0.139715
0 -0.0554354 -0.112 -0.140544
0 -0.0557861 -0.112676 -0.140825
0 -0.0558065 -0.112735 -0.140587
0 -0.0555066 -0.112173 -0.139853
0 -0.0549083 -0.111005 -0.13863
0 -0.0540372 -0.109271 -0.136909
0 -0.0529179 -0.107024 -0.134668
0 -0.0515759 -0.104327 -0.13188
0 -0.0500417 -0.101242 -0.12852
0 -0.0483516 -0.0978255 -0.124579
0 -0.0465461 -0.0941256 -0.120063
0 -0.0446626 -0.0901771 -0.114999
0 -0.0427289 -0.0860037 -0.109428
0 -0.0407606 -0.081621 -0.103405
0 -0.0387635 -0.0770433 -0.0969948
0 -0.0367373 -0.0722902 -0.0902744
0 -0.0346769 -0.06739 -0.0833262
0 -0.0325726 -0.0623787 -0.0762318
0 -0.0304132 -0.0572964 -0.0690657
0 -0.0281907 -0.0521812 -0.0618946
0 -0.0259028 -0.0470679 -0.0547788
0 -0.0235563 -0.0419871 -0.0477733
0 -0.021167 -0.0369654 -0.0409275
0 -0.0187579 -0.0320262 -0.0342845
0 -0.0163547 -0.0271902 -0.0278799
0 -0.0139834 -0.0224772 -0.0217424
0 -0.0116672 -0.0179087 -0.0158941
0 -0.00942516 -0.0135076 -0.0103492
0 -0.00727054 -0.00929676 -0.00511471
0 -0.00521036 -0.00529462 -0.000191412
0 -0.0032453 -0.00151191 0.00442594
0 -0.00137056 0.00205041 0.00874925
0 0.000422662 0.00540127 0.0127965
0 0.00214517 0.00855847 0.0165908
0 0.00380843 0.0115476 0.0201596
0 0.00542449 0.0144009 0.0235344
0 0.00700635 0.017155 0.0267508
0 0.00856733 0.0198482 0.0298467
0 0.0101188 0.0225157 0.03286
0 0.0116679 0.0251857 0.0358246
0 0.0132173 0.0278775 0.0387702
0 0.014767 0.0306029 0.0417229
0 0.0163157 0.0333667 0.0447049
0 0.0178596 0.036166 0.0477333
0 0.0193903 0.0389888 0.0508165
0 0.0208944 0.0418149 0.0539538
0 0.0223547 0.0446172 0.0571349
0 0.0237504 0.0473627 0.0603396
0 0.0250562 0.0500108 0.0635361
0 0.026242 0.0525128 0.0666797
0 0.0272741 0.0548121 0.0697135
0 0.0281178 0.0568471 0.0725702
0 0.0287405 0.0585529 0.0751748
0 0.0291134 0.0598635 0.0774467
0 0.0292133 0.0607138 0.0793008
0 0.0290257 0.0610427 0.0806476
0 0.0285466 0.0607981 0.081392
0 0.0277809 0.0599411 0.0814341
0 0.0267406 0.0584498 0.0806743
0 0.0254449 0.0563224 0.0790219
0 0.0239207 0.053578 0.0764033
0 0.0222002 0.0502513 0.0727701
0 0.020316 0.0463835 0.0681063
0 0.018297 0.0420161 0.0624336
0 0.0161664 0.0371891 0.0558107
0 0.0139394 0.0319427 0.0483288
0 0.0116225 0.026318 0.0401051
0 0.00921279 0.020358 0.0312735
0 0.00670037 0.0141104 0.0219731
0 0.00406911 0.00762687 0.0123346
0 0.00129984 0.00095843 0.00247358
0 -0.00162273 -0.00585165 -0.00750766
0 -0.00470362 -0.0127694 -0.0175181
0 -0.00793745 -0.0197687 -0.0274776
0 -0.0113116 -0.0268296 -0.0373143
0 -0.0148074 -0.0339356 -0.0469624
0 -0.0184 -0.0410664 -0.0563643
0 -0.022061 -0.0481942 -0.0654737
0 -0.025762 -0.0552851 -0.0742561
0 -0.0294756 -0.0623019 -0.0826887
0 -0.0331741 -0.0692058 -0.0907586
0 -0.0368282 -0.0759568 -0.0984589
0 -0.0404063 -0.0825156 -0.105785
0 -0.0438735 -0.088844 -0.112733
0 -0.0471928 -0.0949053 -0.119298
0 -0.0503223 -0.100664 -0.125473
0 -0.0532106 -0.106084 -0.13125
0 -0.0558044 -0.111126 -0.136614
0 -0.0580661 -0.115742 -0.141543
0 -0.0599799 -0.119885 -0.146014
0 -0.0615458 -0.123509 -0.150009
0 -0.0627771 -0.126577 -0.153516
0 -0.0636988 -0.129059 -0.156523
0 -0.0643411 -0.130933 -0.159014
0 -0.0647299 -0.132185 -0.160969
0 -0.0648805 -0.132812 -0.162361
0 -0.0647969 -0.132829 -0.163153
0 -0.0644786 -0.132276 -0.163306
0 -0.0639293 -0.131212 -0.162778
0 -0.0631623 -0.1297 -0.161534
0 -0.0622029 -0.127793 -0.159551
0 -0.0610867 -0.125529 -0.156825
0 -0.0598545 -0.122929 -0.153384
0 -0.0585431 -0.120007 -0.14928
0 -0.0571766 -0.116774 -0.144581
0 -0.0557615 -0.113244 -0.13937
0 -0.0542869 -0.109439 -0.133733
0 -0.0527288 -0.105385 -0.127757
0 -0.0510564 -0.101105 -0.121522
0 -0.0492389 -0.0966205 -0.115097
0 -0.0472509 -0.0919456 -0.108537
0 -0.045079 -0.0870894 -0.101889
0 -0.0427251 -0.0820592 -0.0951866
0 -0.0402047 -0.0768634 -0.088455
0 -0.037541 -0.0715134 -0.0817067
0 -0.0347584 -0.0660237 -0.0749427
0 -0.03188 -0.0604112 -0.0681567
0 -0.028928 -0.0546963 -0.0613384
0 -0.0259231 -0.0489031 -0.0544759
0 -0.0228848 -0.0430596 -0.0475578
0 -0.0198327 -0.0371949 -0.0405758
0 -0.0167878 -0.0313384 -0.0335281
0 -0.0137736 -0.02552 -0.0264216
0 -0.0108155 -0.0197708 -0.0192731
0 -0.00794096 -0.0141238 -0.0121104
0 -0.00517723 -0.0086132 -0.00497265
0 -0.00254887 -0.00327387 0.00209147
0 -7.65725e-05 0.00185811 0.00902544
0 0.00222195 0.0067446 0.0157657
0 0.0043308 0.0113442 0.0222429
0 0.0062357 0.0156124 0.028384
0 0.00792493 0.0195039 0.0341139
0 0.00938988 0.0229757 0.0393568
0 0.0106238 0.025988 0.044038
0 0.0116196 0.0285039 0.0480851
0 0.0123689 0.0304895 0.0514287
0 0.012862 0.0319146 0.0540042
0 0.0130886 0.0327546 0.0557529
0 0.0130402 0.0329914 0.0566245
0 0.0127162 0.0326133 0.0565785
0 0.0121265 0.031616 0.0555869
0 0.0112902 0.0300014 0.0536383
0 0.0102298 0.0277777 0.0507437
0 0.00896717 0.0249622 0.0469356
0 0.00752011 0.0215843 0.0422652
0 0.00590146 0.017686 0.0368003
0 0.00411899 0.0133188 0.030621
0 0.00217774 0.00854044 0.0238175
0 8.41393e-05 0.00341292 0.0164891
0 -0.00214925 -0.00199725 0.00874383
0 -0.00450073 -0.00762002 0.000695128
0 -0.00694001 -0.0133818 -0.00754348
0 -0.00943182 -0.0192047 -0.0158629
0 -0.0119384 -0.0250091 -0.0241564
0 -0.0144189 -0.0307169 -0.0323185
0 -0.0168301 -0.0362519 -0.0402469
0 -0.0191316 -0.0415382 -0.0478458
0 -0.0212886 -0.0465023 -0.0550238
0 -0.0232715 -0.0510775 -0.06169
0 -0.0250536 -0.0552048 -0.0677565
0 -0.0266104 -0.0588325 -0.0731421
0 -0.0279216 -0.0619164 -0.0777745
0 -0.0289722 -0.0644207 -0.0815925
0 -0.0297537 -0.0663189 -0.084547
0 -0.0302628 -0.0675946 -0.0866012
0 -0.0304991 -0.0682408 -0.0877313
0 -0.0304657 -0.0682593 -0.0879266
0 -0.0301722 -0.0676615 -0.0871914
0 -0.029637 -0.0664671 -0.0855489
0 -0.0288835 -0.0647033 -0.0830419
0 -0.0279359 -0.0624046 -0.0797288
0 -0.0268149 -0.0596132 -0.0756801
0 -0.0255377 -0.0563807 -0.0709762
0 -0.02412 -0.0527675 -0.0657072
0 -0.022579 -0.048843 -0.0599732
0 -0.0209365 -0.0446825 -0.0538832
0 -0.0192182 -0.0403627 -0.0475511
0 -0.0174522 -0.0359588 -0.0410886
0 -0.015666 -0.0315411 -0.0345992
0 -0.0138848 -0.0271737 -0.0281771
0 -0.0121318 -0.0229146 -0.0219089
0 -0.0104289 -0.0188158 -0.0158743
0 -0.0087984 -0.0149244 -0.0101467
0 -0.0072614 -0.0112831 -0.00479139
0 -0.00583548 -0.00792782 0.000134786
0 -0.00453196 -0.00488514 0.00458298
0 -0.00335487 -0.0021712 0.00851402
0 -0.00230419 0.000204616 0.0118996
0 -0.00138059 0.0022351 0.01472
0 -0.000587392 0.00391301 0.0169622
0 7.00764e-05 0.00523158 0.0186211
0 0.000584873 0.00618496 0.0196986
0 0.00094835 0.00676757 0.020204
0 0.00115065 0.0069741 0.020154
0 0.00118202 0.00680092 0.0195742
0 0.00103511 0.00624856 0.0184975
0 0.000707735 0.00532345 0.0169613
0 0.000203546 0.00403837 0.0150043
0 -0.000469449 0.00241196 0.012664
0 -0.00130084 0.00046762 0.00997378
0 -0.00227882 -0.00176763 0.00696237
0 -0.00339007 -0.00426395 0.00365509
0 -0.00461898 -0.00698938 7.52873e-05
0 -0.00594751 -0.00991125 -0.00375462
0 -0.00735608 -0.012998 -0.00781248
0 -0.00882529 -0.0162205 -0.0120758
0 -0.0103377 -0.0195523 -0.0165217
0 -0.0118784 -0.0229692 -0.0211272
0 -0.013435 -0.0264477 -0.025868
0 -0.0149983 -0.0299648 -0.0307164
0 -0.0165619 -0.033499 -0.0356405
0 -0.0181217 -0.0370299 -0.0406051
0 -0.0196735 -0.0405371 -0.045572
0 -0.0212105 -0.0439993 -0.0504994
0 -0.0227232 -0.0473947 -0.0553421
0 -0.0242015 -0.0507022 -0.0600526
0 -0.0256383 -0.0539028 -0.0645858
0 -0.0270307 -0.0569794 -0.0689022
0 -0.028378 -0.0599156 -0.0729689
0 -0.0296783 -0.0626942 -0.0767574
0 -0.030925 -0.0652966 -0.0802417
0 -0.0321056 -0.067702 -0.0833962
0 -0.0332008 -0.0698855 -0.0861954
0 -0.0341864 -0.0718185 -0.088613
0 -0.0350354 -0.0734691 -0.0906235
0 -0.0357217 -0.0748039 -0.0922034
0 -0.0362206 -0.0757885 -0.093332
0 -0.0365109 -0.0763896 -0.0939908
0 -0.0365759 -0.0765765 -0.0941636
0 -0.0364063 -0.0763231 -0.0938364
0 -0.0360016 -0.0756094 -0.0929963
0 -0.0353694 -0.0744245 -0.0916295
0 -0.0345228 -0.07277 -0.0897233
0 -0.0334787 -0.0706609 -0.087267
0 -0.032254 -0.0681229 -0.0842526
0 -0.0308616 -0.0651855 -0.0806738
0 -0.029311 -0.0618765 -0.0765277
0 -0.0276113 -0.0582198 -0.07182
0 -0.025775 -0.0542377 -0.066569
0 -0.0238193 -0.049954 -0.0608097
0 -0.021765 -0.0453961 -0.0545942
0 -0.0196331 -0.0405958 -0.0479868
0 -0.0174393 -0.0355907 -0.0410552
0 -0.015189 -0.0304223 -0.0338639
0 -0.0128793 -0.0251313 -0.0264737
0 -0.0105066 -0.0197538 -0.0189429
0 -0.0080717 -0.0143227 -0.0113297
0 -0.00558205 -0.00886975 -0.00369397
0 -0.00305231 -0.00342597 0.00390312
0 -0.000501471 0.00198056 0.0113978
0 0.0020516 0.00732565 0.0187259
0 0.00459164 0.0125866 0.0258303
0 0.00710768 0.0177405 0.0326652
0 0.00959119 0.0227643 0.0391923
0 0.0120332 0.0276336 0.0453798
0 0.0144211 0.0323214 0.0512003
0 0.0167365 0.036797 0.0566291
0 0.0189552 0.0410268 0.0616431
0 0.0210498 0.0449765 0.0662217
0 0.0229933 0.0486142 0.0703484
0 0.0247628 0.0519121 0.0740129
0 0.0263406 0.054848 0.0772116
0 0.0277143 0.057405 0.0799461
0 0.0288745 0.0595686 0.0822206
0 0.0298131 0.0613259 0.0840392
0 0.030523 0.0626648 0.0854051
0 0.0309982 0.0635746 0.0863202
0 0.0312353 0.0640471 0.086786
0 0.0312346 0.064078 0.0868042
0 0.0310036 0.0636692 0.0863755
0 0.0305569 0.0628316 0.0854982
0 0.0299136 0.0615856 0.0841675
0 0.0290947 0.0599583 0.082377
0 0.0281216 0.0579805 0.0801208
0 0.0270146 0.0556838 0.0773961
0 0.0257931 0.0530988 0.0742063
0 0.0244752 0.0502537 0.0705648
0 0.0230781 0.0471748 0.0664966
0 0.0216174 0.0438882 0.0620388
0 0.020107 0.0404209 0.0572398
0 0.0185561 0.0367994 0.0521549
0 0.0169663 0.0330468 0.0468406
0 0.0153306 0.0291806 0.04135
0 0.0136364 0.0252149 0.0357317
0 0.0118723 0.0211646 0.0300312
0 0.0100352 0.0170472 0.0242918
0 0.00813127 0.0128829 0.0185532
0 0.00617221 0.0086917 0.0128511
0 0.00417203 0.00449182 0.00721668
0 0.00214498 0.000300641 0.00167656
0 0.000103917 -0.00386543 -0.00374929
0 -0.00194163 -0.00799273 -0.00904885
0 -0.00398597 -0.012071 -0.0142178
0 -0.00602518 -0.0160915 -0.0192572
0 -0.00805411 -0.0200448 -0.0241699
0 -0.0100652 -0.0239211 -0.0289589
0 -0.0120488 -0.0277112 -0.033627
0 -0.0139943 -0.0314064 -0.038176
0 -0.0158895 -0.0349975 -0.042603
0 -0.0177208 -0.0384739 -0.0468993
0 -0.0194748 -0.041823 -0.0510533
0 -0.0211409 -0.0450314 -0.0550538
0 -0.0227124 -0.0480873 -0.0588906
0 -0.0241881 -0.0509817 -0.0625559
0 -0.0255709 -0.0537098 -0.0660439
0 -0.0268656 -0.0562696 -0.0693494
0 -0.0280764 -0.0586608 -0.0724663
0 -0.0292049 -0.0608828 -0.0753857
0 -0.0302477 -0.0629329 -0.0780942
0 -0.0311959 -0.0648037 -0.0805732
0 -0.0320377 -0.0664836 -0.0828007
0 -0.0327621 -0.0679587 -0.0847548
0 -0.0333609 -0.0692145 -0.0864162
0 -0.0338294 -0.0702364 -0.0877688
0 -0.0341646 -0.0710093 -0.0887986
0 -0.0343642 -0.0715178 -0.0894928
0 -0.0344254 -0.0717472 -0.0898394
0 -0.0343454 -0.0716842 -0.0898271
0 -0.0341247 -0.0713186 -0.0894451
0 -0.033768 -0.0706454 -0.0886824
0 -0.0332802 -0.0696644 -0.0875295
0 -0.0326654 -0.0683813 -0.0859797
0 -0.031929 -0.0668073 -0.0840304
0 -0.0310776 -0.0649582 -0.0816846
0 -0.0301186 -0.0628516 -0.0789503
0 -0.0290592 -0.0605037 -0.0758406
0 -0.0279055 -0.057929 -0.0723734
0 -0.0266626 -0.0551397 -0.0685706
0 -0.0253347 -0.052148 -0.0644582
0 -0.023927 -0.0489679 -0.0600673
0 -0.0224464 -0.0456165 -0.0554346
0 -0.0209007 -0.0421136 -0.0506006
0 -0.0192971 -0.0384809 -0.0456062
0 -0.0176412 -0.0347415 -0.0404899
0 -0.0159372 -0.0309204 -0.0352864
0 -0.0141893 -0.0270425 -0.0300271
0 -0.0124019 -0.0231307 -0.0247413
0 -0.0105818 -0.0192045 -0.0194571
0 -0.00873862 -0.0152818 -0.0142015
0 -0.0068837 -0.0113796 -0.00899918
0 -0.00502845 -0.00751387 -0.00387128
0 -0.00318343 -0.00369937 0.00116382
0 -0.0013585 5.00182e-05 0.00609014
0 0.00043657 0.00371986 0.010893
0 0.00219136 0.00729421 0.0155564
0 0.00389389 0.0107551 0.020059
0 0.00553083 0.0140826 0.0243754
0 0.00708948 0.0172547 0.0284801
0 0.00856003 0.0202504 0.0323508
0 0.00993577 0.0230509 0.0359682
0 0.0112115 0.0256403 0.0393154
0 0.0123826 0.0280054 0.0423768
0 0.0134444 0.0301363 0.0451379
0 0.0143931 0.0320263 0.0475855
0 0.0152243 0.0336702 0.0497083
0 0.0159334 0.0350639 0.0514964
0 0.0165154 0.0362028 0.0529415
0 0.0169655 0.037082 0.0540374
0 0.0172797 0.0376966 0.0547799
0 0.017455 0.0380413 0.0551674
0 0.017489 0.0381108 0.0551998
0 0.0173809 0.0378994 0.0548788
0 0.0171337 0.0374013 0.0542081
0 0.0167528 0.0366143 0.0531916
0 0.0162453 0.0355417 0.0518332
0 0.0156191 0.0341934 0.0501372
0 0.0148823 0.0325851 0.0481093
0 0.0140442 0.0307378 0.0457576
0 0.0131158 0.0286763 0.0430944
0 0.0121099 0.0264272 0.0401377
0 0.0110401 0.0240173 0.0369104
0 0.00991983 0.0214722 0.0334407
0 0.00876138 0.0188155 0.0297618
0 0.00757364 0.0160677 0.0259094
0 0.0063606 0.0132447 0.0219195
0 0.00512248 0.0103595 0.0178267
0 0.00385857 0.00742416 0.013664
0 0.00256907 0.00445306 0.00946305
0 0.00125644 0.00146306 0.00525577
0 -7.31212e-05 -0.00152733 0.0010741
0 -0.00141027 -0.00449941 -0.0030512
0 -0.00274411 -0.00743544 -0.00709134
0 -0.00406345 -0.0103184 -0.0110197
0 -0.00535805 -0.0131305 -0.014812
0 -0.00661927 -0.0158531 -0.0184473
0 -0.00784011 -0.0184678 -0.0219084
0 -0.00901504 -0.0209586 -0.0251822
0 -0.0101395 -0.0233131 -0.0282591
0 -0.0112087 -0.0255212 -0.0311319
0 -0.012217 -0.0275749 -0.033795
0 -0.0131575 -0.0294678 -0.0362432
0 -0.0140233 -0.0311955 -0.0384729
0 -0.0148083 -0.0327552 -0.0404803
0 -0.0155065 -0.0341438 -0.0422613
0 -0.0161112 -0.035356 -0.0438097
0 -0.0166155 -0.0363831 -0.0451179
0 -0.0170139 -0.0372152 -0.0461783
0 -0.0173032 -0.0378427 -0.0469849
0 -0.0174827 -0.0382577 -0.0475331
0 -0.0175531 -0.0384541 -0.0478193
0 -0.0175162 -0.0384295 -0.0478408
0 -0.0173778 -0.0381865 -0.0475973
0 -0.0171482 -0.0377335 -0.0470902
0 -0.0168385 -0.0370837 -0.046323
0 -0.016458 -0.0362525 -0.0453
0 -0.0160137 -0.0352568 -0.0440276
0 -0.015512 -0.0341138 -0.0425151
0 -0.0149591 -0.0328399 -0.0407762
0 -0.0143619 -0.0314504 -0.0388296
0 -0.0137278 -0.0299595 -0.0366989
0 -0.0130643 -0.0283814 -0.0344111
0 -0.0123782 -0.0267306 -0.0319961
0 -0.0116751 -0.0250221 -0.0294853
0 -0.0109588 -0.0232712 -0.0269104
0 -0.0102315 -0.0214926 -0.0243016
0 -0.00949303 -0.0196995 -0.0216856
0 -0.00874311 -0.017903 -0.0190859
0 -0.00798264 -0.0161123 -0.0165235
0 -0.00721445 -0.0143366 -0.0140173
0 -0.00644267 -0.0125851 -0.0115843
0 -0.00567193 -0.0108668 -0.00923857
0 -0.00490722 -0.00919039 -0.0069911
0 -0.0041538 -0.00756408 -0.00484956
0 -0.00341723 -0.00599601 -0.00281864
0 -0.00270345 -0.00449434 -0.000900966
0 -0.00201872 -0.00306718 0.000902464
0 -0.00136919 -0.0017223 0.00259213
0 -0.000760417 -0.000466447 0.00416949
0 -0.000196773 0.000695374 0.00563656
0 0.000319544 0.00176108 0.00699633
0 0.000789344 0.00273245 0.00825345
0 0.00121507 0.00361393 0.00941289
0 0.00159698 0.00440867 0.0104761
0 0.00193074 0.00511522 0.0114386
0 0.00220963 0.00572821 0.0122913
0 0.00242909 0.00624164 0.0130253
0 0.00258962 0.00665165 0.013634
0 0.00269628 0.00695716 0.0141143
0 0.00275603 0.00715908 0.0144641
0 0.00277511 0.00725957 0.0146814
0 0.00275809 0.0072621 0.0147639
0 0.0027083 0.00717183 0.01471
0 0.00262837 0.00699533 0.0145191
0 0.00251969 0.0067391 0.0141921
0 0.00238199 0.00640771 0.0137313
0 0.00221394 0.00600314 0.0131399
0 0.00201427 0.00552542 0.0124232
0 0.00178268 0.00497384 0.0115885
0 0.00151969 0.00434778 0.0106452
0 0.00122593 0.00364725 0.00960322
0 0.000901492 0.00287342 0.00847235
0 0.000545989 0.00202904 0.00726159
0 0.000159072 0.00111856 0.00597919
0 -0.000258573 0.00014819 0.00463319
0 -0.00070431 -0.00087391 0.00323202
0 -0.00117343 -0.00193796 0.00178474
0 -0.00165999 -0.00303352 0.000300623
0 -0.00215802 -0.00415068 -0.00121147
0 -0.00266296 -0.0052815 -0.00274416
0 -0.00317295 -0.00642132 -0.00429257
0 -0.00368858 -0.00756876 -0.00585422
0 -0.00421137 -0.00872418 -0.00742763
0 -0.00474212 -0.00988818 -0.00901104
0 -0.00528001 -0.0110607 -0.0106018
0 -0.00582224 -0.0122401 -0.0121957
0 -0.00636459 -0.0134228 -0.0137872
0 -0.00690236 -0.0146027 -0.0153696
0 -0.00743086 -0.0157721 -0.0169355
0 -0.00794542 -0.016921 -0.0184765
0 -0.0084411 -0.0180379 -0.0199824
0 -0.00891151 -0.0191088 -0.0214404
0 -0.00934768 -0.0201166 -0.0228334
0 -0.00973969 -0.0210432 -0.0241417
0 -0.0100813 -0.0218738 -0.0253471
0 -0.0103732 -0.0226013 -0.0264368
0 -0.0106208 -0.0232254 -0.0274024
0 -0.0108295 -0.023749 -0.0282363
0 -0.0110023 -0.0241753 -0.0289303
0 -0.0111402 -0.0245077 -0.0294768
0 -0.0112437 -0.0247499 -0.0298704
0 -0.0113131 -0.024905 -0.0301083
0 -0.0113471 -0.0249731 -0.0301892
0 -0.0113424 -0.0249503 -0.0301118
0 -0.0112945 -0.0248299 -0.0298762
0 -0.0112005 -0.0246046 -0.0294853
0 -0.0110599 -0.0242698 -0.0289456
0 -0.0108742 -0.0238245 -0.0282661
0 -0.0106448 -0.0232709 -0.0274565
0 -0.010372 -0.0226136 -0.0265253
0 -0.0100552 -0.0218592 -0.0254804
0 -0.00969471 -0.0210162 -0.024329
0 -0.00929296 -0.0200947 -0.0230797
0 -0.00885534 -0.019106 -0.0217423
0 -0.00838931 -0.0180619 -0.0203284
0 -0.00790318 -0.0169739 -0.01885
0 -0.00740504 -0.0158536 -0.0173193
0 -0.00690225 -0.0147119 -0.0157492
0 -0.00640132 -0.0135602 -0.014153
0 -0.00590783 -0.0124098 -0.0125446
0 -0.00542614 -0.0112717 -0.0109384
0 -0.00495957 -0.0101564 -0.00934859
0 -0.00451073 -0.00907337 -0.0077898
0 -0.00408169 -0.00803169 -0.00627686
0 -0.00367402 -0.00703959 -0.00482488
0 -0.00328913 -0.00610446 -0.00344897
0 -0.00292877 -0.00523298 -0.00216389
0 -0.00259522 -0.00443121 -0.000983637
0 -0.0022909 -0.00370466 7.92962e-05
0 -0.00201745 -0.00305766 0.00101499
0 -0.00177501 -0.00249278 0.00181705
0 -0.00156266 -0.00201106 0.00248252
0 -0.00137965 -0.00161284 0.00301089
0 -0.00122593 -0.00129811 0.00340367
0 -0.00110169 -0.00106588 0.00366469
0 -0.001007 -0.000913799 0.00380032
0 -0.000942381 -0.000839003 0.0038184
0 -0.000910172 -0.000839868 0.00372642
0 -0.000914859 -0.000916979 0.00353048
0 -0.000961332 -0.00107237 0.00323564
0 -0.00105261 -0.00130805 0.00284695
0 -0.00118874 -0.00162481 0.00236998
0 -0.00136677 -0.00202121 0.0018108
0 -0.00158144 -0.0024929 0.00117577
0 -0.00182653 -0.00303274 0.000470905
0 -0.00209653 -0.00363207 -0.00029908
0 -0.00238784 -0.00428218 -0.00113144
0 -0.00269856 -0.00497534 -0.00202488
0 -0.00302705 -0.00570474 -0.00297808
0 -0.00337032 -0.00646395 -0.0039879
0 -0.00372317 -0.00724608 -0.00504815
0 -0.00407871 -0.00804349 -0.00614953
0 -0.00443042 -0.00884894 -0.00728142
0 -0.00477498 -0.00965734 -0.00843429
0 -0.00511336 -0.0104666 -0.00960109
0 -0.0054492 -0.0112766 -0.0107763
0 -0.00578632 -0.0120871 -0.0119542
0 -0.00612651 -0.0128963 -0.0131272
0 -0.0064684 -0.0136996 -0.014285
0 -0.00680795 -0.0144903 -0.0154155
0 -0.00714009 -0.0152605 -0.0165066
0 -0.00746012 -0.0160024 -0.0175471
0 -0.00776407 -0.0167079 -0.0185272
0 -0.00804848 -0.0173689 -0.0194379
0 -0.00831005 -0.0179768 -0.0202712
0 -0.00854559 -0.0185236 -0.0210195
0 -0.00875203 -0.0190018 -0.0216758
0 -0.00892696 -0.0194059 -0.0222346
0 -0.00906976 -0.0197332 -0.0226925
0 -0.00918193 -0.0199848 -0.0230492
0 -0.00926593 -0.0201643 -0.023306
0 -0.009323 -0.0202756 -0.0234647
0 -0.00935161 -0.0203204 -0.023525
0 -0.00934765 -0.0202974 -0.0234847
0 -0.0093067 -0.0202033 -0.0233415
0 -0.0092263 -0.0200342 -0.0230941
0 -0.00910734 -0.0197876 -0.022744
0 -0.00895449 -0.0194645 -0.0222957
0 -0.00877523 -0.0190702 -0.0217574
0 -0.00857732 -0.0186135 -0.0211386
0 -0.00836654 -0.0181055 -0.0204487
0 -0.0081462 -0.017558 -0.0196971
0 -0.00791778 -0.0169829 -0.0188927
0 -0.00768091 -0.0163895 -0.0180438
0 -0.00743328 -0.0157827 -0.0171574
0 -0.00717213 -0.0151631 -0.0162389
0 -0.00689708 -0.0145297 -0.0152956
0 -0.00661157 -0.0138826 -0.0143371
0 -0.00632114 -0.0132236 -0.0133742
0 -0.00603041 -0.0125554 -0.0124168
0 -0.0057408 -0.0118804 -0.0114713
0 -0.00545031 -0.0112003 -0.0105402
0 -0.00515546 -0.0105172 -0.00962398
0 -0.00485467 -0.00983484 -0.00872369
0 -0.00455102 -0.00916091 -0.00784339
0 -0.00425203 -0.00850602 -0.00699039
0 -0.00396597 -0.00788063 -0.0061722
0 -0.00369801 -0.00729156 -0.00539349
0 -0.00344948 -0.00674141 -0.00465572
0 -0.00322004 -0.00623065 -0.00395938
0 -0.00300968 -0.00575943 -0.00330576
0 -0.00281875 -0.00532789 -0.00269715
0 -0.00264679 -0.00493518 -0.00213563
0 -0.00249144 -0.00457851 -0.00162168
0 -0.00234845 -0.00425309 -0.00115373
0 -0.00221289 -0.00395293 -0.000728735
0 -0.0020806 -0.00367206 -0.000343097
0 -0.00194953 -0.0034059 6.28246e-06
0 -0.00182114 -0.00315311 0.000320571
0 -0.00170037 -0.00291661 0.000598457
0 -0.00159359 -0.00270251 0.00083744
0 -0.001506 -0.00251809 0.00103556
0 -0.00144049 -0.00237025 0.00119209
0 -0.00139782 -0.00226458 0.00130715
0 -0.00137745 -0.0022048 0.00138096
0 -0.0013786 -0.00219259 0.00141306
0 -0.00140083 -0.00222779 0.00140181
0 -0.00144441 -0.00230912 0.00134402
0 -0.00151112 -0.0024359 0.00123417
0 -0.0016046 -0.00261011 0.00106389
0 -0.00172924 -0.00283672 0.000822763
0 -0.00188819 -0.00312251 0.000500225
0 -0.00208231 -0.00347467 8.69e-05
0 -0.00231006 -0.00389921 -0.000424578
0 -0.00256777 -0.00439943 -0.00103892
0 -0.00285076 -0.00497517 -0.0017583
0 -0.00315513 -0.00562363 -0.00258334
0 -0.00347904 -0.00634037 -0.00351382
0 -0.00382204 -0.00711959 -0.00454794
0 -0.00418329 -0.00795375 -0.00568081
0 -0.00456067 -0.00883408 -0.00690399
0 -0.00495148 -0.00975231 -0.00820652
0 -0.0053537 -0.0107024 -0.0095767
0 -0.00576655 -0.0116814 -0.0110032
0 -0.00619012 -0.012688 -0.0124753
0 -0.00662438 -0.0137204 -0.0139814
0 -0.00706849 -0.0147745 -0.015509
0 -0.00752068 -0.0158437 -0.0170442
0 -0.0079786 -0.0169198 -0.0185731
0 -0.00843895 -0.0179931 -0.0200816
0 -0.00889561 -0.0190508 -0.0215537
0 -0.00933871 -0.0200759 -0.0229705
0 -0.00975645 -0.0210488 -0.0243116
0 -0.0101386 -0.0219501 -0.0255579
0 -0.0104792 -0.0227644 -0.0266942
0 -0.0107766 -0.0234813 -0.0277094
0 -0.0110314 -0.0240945 -0.0285947
0 -0.0112436 -0.0246004 -0.0293422
0 -0.0114125 -0.0249975 -0.0299442
0 -0.0115363 -0.0252859 -0.0303939
0 -0.011612 -0.0254648 -0.0306845
0 -0.0116361 -0.0255326 -0.0308095
0 -0.0116053 -0.0254862 -0.0307642
0 -0.0115189 -0.0253221 -0.0305459
0 -0.0113778 -0.0250372 -0.0301543
0 -0.0111844 -0.0246287 -0.0295909
0 -0.0109407 -0.024096 -0.0288585
0 -0.0106486 -0.0234403 -0.0279613
0 -0.0103093 -0.0226657 -0.0269047
0 -0.00992424 -0.021779 -0.0256953
0 -0.00949634 -0.0207897 -0.0243426
0 -0.00903032 -0.0197105 -0.0228591
0 -0.00853204 -0.0185549 -0.0212593
0 -0.00800741 -0.0173363 -0.0195591
0 -0.00746206 -0.0160674 -0.0177753
0 -0.00690134 -0.0147599 -0.015925
0 -0.00633 -0.0134245 -0.0140258
0 -0.00575182 -0.0120702 -0.0120944
0 -0.00517016 -0.0107055 -0.0101473
0 -0.00458968 -0.00934016 -0.00820212
0 -0.0040168 -0.00798664 -0.0062779
0 -0.00345817 -0.00665927 -0.00439468
0 -0.00291821 -0.005372 -0.00257104
0 -0.00239794 -0.00413597 -0.000822104
0 -0.00189622 -0.0029589 0.00084064
0 -0.00141258 -0.00184648 0.00240734
0 -0.000949694 -0.000804383 0.00386744
0 -0.000513671 0.000160905 0.00520927
0 -0.000111788 0.00104282 0.00642192
0 0.000250494 0.00183609 0.00749769
0 0.000570665 0.00253709 0.00843278
0 0.000848131 0.00314293 0.00922611
0 0.00108277 0.00365066 0.00987797
0 0.00127465 0.00405789 0.0103898
0 0.00142449 0.0043641 0.0107646
0 0.00153372 0.00457134 0.0110074
0 0.0016037 0.00468361 0.0111238
0 0.00163486 0.00470568 0.0111198
0 0.00162623 0.00464181 0.0110002
0 0.00157551 0.00449447 0.0107687
0 0.00148042 0.0042642 0.0104279
0 0.00134025 0.00395049 0.00998016
0 0.00115657 0.00355302 0.00942835
0 0.000932668 0.00307233 0.0087758
0 0.000672445 0.00251023 0.00802558
0 0.000379609 0.00187009 0.00718034
0 5.74839e-05 0.00115708 0.00624264
0 -0.000290926 0.00037799 0.00521545
0 -0.000662869 -0.00045951 0.00410241
0 -0.00105569 -0.00134767 0.00290809
0 -0.0014665 -0.0022791 0.00163836
0 -0.00189188 -0.00324685 0.000300834
0 -0.00232801 -0.00424438 -0.00109508
0 -0.00277111 -0.0052656 -0.00253869
0 -0.00321783 -0.00630469 -0.00401827
0 -0.00366463 -0.00735505 -0.00552068
0 -0.00410685 -0.00840792 -0.00703068
0 -0.00453909 -0.00945192 -0.00853124
0 -0.00495691 -0.0104743 -0.0100051
0 -0.00535871 -0.0114637 -0.011437
0 -0.00574635 -0.0124126 -0.012815
0 -0.00612372 -0.0133175 -0.0141303
0 -0.00649341 -0.014177 -0.0153747
0 -0.00685372 -0.0149889 -0.0165384
0 -0.00719802 -0.0157484 -0.0176095
0 -0.00751718 -0.0164486 -0.0185759
0 -0.00780383 -0.0170822 -0.019428
0 -0.00805505 -0.0176435 -0.0201616
0 -0.00827181 -0.0181286 -0.0207767
0 -0.00845616 -0.0185342 -0.0212759
0 -0.00860916 -0.018857 -0.0216616
0 -0.0087303 -0.0190951 -0.0219364
0 -0.00881802 -0.0192483 -0.022103
0 -0.00887022 -0.0193182 -0.0221643
0 -0.00888473 -0.0193076 -0.0221235
0 -0.00886022 -0.0192199 -0.0219842
0 -0.00879782 -0.0190603 -0.0217517
0 -0.00870212 -0.0188355 -0.0214336
0 -0.00858039 -0.0185542 -0.0210398
0 -0.00844052 -0.0182261 -0.0205808
0 -0.00828905 -0.0178606 -0.0200668
0 -0.0081294 -0.0174655 -0.0195063
0 -0.00796087 -0.0170457 -0.0189043
0 -0.00777982 -0.0166024 -0.0182636
0 -0.00758248 -0.0161352 -0.0175863
0 -0.00736707 -0.0156432 -0.0168755
0 -0.0071346 -0.0151257 -0.0161355
0 -0.00688922 -0.0145845 -0.015373
0 -0.00663805 -0.014025 -0.0145969
0 -0.00638933 -0.0134561 -0.0138179
0 -0.00614987 -0.0128889 -0.0130461
0 -0.00592307 -0.0123337 -0.0122896
0 -0.00570798 -0.0117984 -0.0115529
0 -0.00550017 -0.0112862 -0.0108374
0 -0.00529446 -0.010797 -0.010143
0 -0.00508744 -0.0103283 -0.00947019
0 -0.00487833 -0.00987674 -0.00882045
0 -0.00466812 -0.00943774 -0.00819565
0 -0.00445844 -0.00900649 -0.00759691
0 -0.0042506 -0.0085787 -0.00702402
0 -0.0040454 -0.00815168 -0.00647541
0 -0.00384364 -0.0077256 -0.00594903
0 -0.00364733 -0.00730462 -0.00544384
0 -0.00346003 -0.00689663 -0.00496051
0 -0.00328585 -0.0065113 -0.00450076
0 -0.00312825 -0.00615775 -0.00406647
0 -0.0029893 -0.0058426 -0.00365924
0 -0.00286943 -0.00556873 -0.00328012
0 -0.00276781 -0.00533531 -0.00293004
0 -0.00268328 -0.00513893 -0.00261048
0 -0.00261501 -0.00497517 -0.00232398
0 -0.00256258 -0.00484006 -0.00207418
0 -0.00252577 -0.0047311 -0.00186542
0 -0.002504 -0.00464755 -0.00170202
0 -0.00249582 -0.00459006 -0.00158745
0 -0.00249898 -0.00456002 -0.00152389
0 -0.00251102 -0.00455906 -0.00151232
0 -0.00252997 -0.00458841 -0.0015527
0 -0.00255439 -0.00464796 -0.00164364
0 -0.00258334 -0.00473579 -0.00178223
0 -0.00261657 -0.0048485 -0.00196431
0 -0.00265477 -0.00498225 -0.0021851
0 -0.00269967 -0.00513383 -0.00243981
0 -0.00275352 -0.00530136 -0.00272379
0 -0.00281821 -0.00548424 -0.00303233
0 -0.00289454 -0.00568264 -0.00336045
0 -0.00298208 -0.00589695 -0.00370302
0 -0.00307965 -0.00612735 -0.00405526
0 -0.00318584 -0.00637344 -0.00441317
0 -0.00329937 -0.00663395 -0.00477382
0 -0.00341916 -0.00690664 -0.0051353
0 -0.00354426 -0.00718841 -0.00549656
0 -0.00367363 -0.00747566 -0.00585713
0 -0.003806 -0.00776475 -0.00621687
0 -0.00393974 -0.00805226 -0.00657569
0 -0.00407285 -0.0083353 -0.00693328
0 -0.00420299 -0.00861141 -0.00728887
0 -0.00432731 -0.00887818 -0.00764078
0 -0.00444234 -0.0091325 -0.00798589
0 -0.0045443 -0.00937039 -0.00831963
0 -0.00463008 -0.00958731 -0.0086366
0 -0.00469797 -0.00977888 -0.00893125
0 -0.0047482 -0.00994152 -0.00919851
0 -0.00478312 -0.0100735 -0.00943441
0 -0.00480672 -0.0101753 -0.00963627
0 -0.0048232 -0.0102492 -0.00980207
0 -0.00483561 -0.0102988 -0.00992985
0 -0.00484533 -0.0103276 -0.0100176
0 -0.00485198 -0.0103386 -0.0100632
0 -0.00485356 -0.0103329 -0.0100646
0 -0.0048471 -0.0103093 -0.0100197
0 -0.00482979 -0.0102649 -0.00992755
0 -0.00479985 -0.0101954 -0.00978848
0 -0.00475645 -0.0100966 -0.00960409
0 -0.00469961 -0.00996487 -0.00937701
0 -0.00463036 -0.00979878 -0.00911116
0 -0.00455047 -0.00959977 -0.00881153
0 -0.00446155 -0.00937165 -0.00848332
0 -0.0043644 -0.00911952 -0.00813118
0 -0.00425923 -0.00884912 -0.00775911
0 -0.00414658 -0.00856638 -0.00737112
0 -0.00402789 -0.00827718 -0.00697163
0 -0.00390546 -0.00798676 -0.00656549
0 -0.00378177 -0.00769902 -0.00615739
0 -0.00365862 -0.00741589 -0.00575114
0 -0.00353702 -0.00713772 -0.00534967
0 -0.00341805 -0.00686472 -0.0049559
0 -0.00330411 -0.00659886 -0.00457415
0 -0.00319904 -0.00634474 -0.00421056
0 -0.00310654 -0.00610851 -0.0038718
0 -0.00302798 -0.00589552 -0.00356296
0 -0.00296165 -0.00570875 -0.00328657
0 -0.00290433 -0.0055491 -0.0030436
0 -0.00285379 -0.0054166 -0.0028353
0 -0.00280994 -0.00531124 -0.0026641
0 -0.00277445 -0.00523294 -0.0025331
0 -0.00274928 -0.00518118 -0.00244494
0 -0.00273537 -0.00515469 -0.0024006
0 -0.00273201 -0.00515144 -0.00239897
0 -0.00273732 -0.00516921 -0.0024372
0 -0.00275039 -0.00520736 -0.00251279
0 -0.00277471 -0.00527017 -0.00262715
0 -0.00281958 -0.00536869 -0.00278777
0 -0.0028961 -0.00551759 -0.0030053
0 -0.00301052 -0.00572879 -0.0032878
0 -0.00316165 -0.00600786 -0.00363819
0 -0.00334361 -0.00635475 -0.00405621
0 -0.00354925 -0.00676517 -0.00454067
0 -0.00377124 -0.00723068 -0.00508941
0 -0.0040024 -0.00773896 -0.00569873
0 -0.00423713 -0.00827633 -0.00636423
0 -0.00447434 -0.00883266 -0.00708362
0 -0.00471887 -0.00940523 -0.00785874
0 -0.00497867 -0.00999834 -0.0086936
0 -0.0052598 -0.0106197 -0.00959047
0 -0.00556317 -0.0112764 -0.0105472
0 -0.0058847 -0.0119731 -0.0115574
0 -0.00621822 -0.0127108 -0.0126124
0 -0.00655896 -0.0134884 -0.0137041
0 -0.00690521 -0.0143017 -0.014826
0 -0.0072571 -0.0151429 -0.0159717
0 -0.00761366 -0.0159996 -0.0171331
0 -0.00797121 -0.0168556 -0.0182984
0 -0.00832399 -0.0176939 -0.0194539
0 -0.00866548 -0.0184993 -0.020585
0 -0.0089893 -0.0192598 -0.0216768
0 -0.00929041 -0.0199678 -0.0227157
0 -0.00956642 -0.02062 -0.0236901
0 -0.00981741 -0.0212166 -0.0245908
0 -0.0100446 -0.021759 -0.0254103
0 -0.0102493 -0.0222481 -0.0261416
0 -0.0104326 -0.022684 -0.0267791
0 -0.0105959 -0.0230661 -0.027319
0 -0.0107389 -0.023392 -0.0277582
0 -0.0108591 -0.0236567 -0.0280933
0 -0.0109518 -0.0238532 -0.0283205
0 -0.0110115 -0.0239734 -0.0284369
0 -0.011034 -0.0240111 -0.0284414
0 -0.0110166 -0.0239614 -0.0283345
0 -0.0109573 -0.0238213 -0.0281174
0 -0.0108546 -0.0235889 -0.0277912
0 -0.0107084 -0.0232645 -0.0273572
0 -0.0105194 -0.0228504 -0.0268165
0 -0.0102897 -0.0223501 -0.0261708
0 -0.0100214 -0.0217682 -0.0254215
0 -0.00971744 -0.0211095 -0.0245698
0 -0.00938046 -0.0203786 -0.0236173
0 -0.00901366 -0.0195801 -0.0225661
0 -0.0086204 -0.0187187 -0.0214196
0 -0.00820406 -0.0177989 -0.0201823
0 -0.00776759 -0.0168255 -0.0188598
0 -0.0073133 -0.0158035 -0.0174586
0 -0.00684297 -0.0147375 -0.0159859
0 -0.00635841 -0.013633 -0.0144504
0 -0.00586276 -0.0124966 -0.0128629
0 -0.00536114 -0.0113379 -0.0112375
0 -0.00485983 -0.0101681 -0.00959004
0 -0.00436418 -0.00899859 -0.00793624
0 -0.00387643 -0.00783822 -0.00628927
0 -0.00339499 -0.00669258 -0.00465925
0 -0.00291652 -0.0055651 -0.00305474
0 -0.00243967 -0.00445947 -0.0014853
0 -0.00196701 -0.00338122 3.7266e-05
0 -0.00150404 -0.0023373 0.00150006
0 -0.00105686 -0.00133488 0.00289104
0 -0.000630605 -0.000380906 0.00420014
0 -0.000229282 0.000517604 0.00541918
0 0.00014406 0.00135338 0.00654163
0 0.000487127 0.00211928 0.00756247
0 0.000798063 0.00280883 0.00847788
0 0.00107496 0.00341664 0.00928466
0 0.00131553 0.00393851 0.00997986
0 0.00151735 0.00437167 0.0105608
0 0.0016789 0.00471546 0.0110262
0 0.00180066 0.00497193 0.0113766
0 0.00188508 0.00514559 0.0116152
0 0.00193538 0.00524203 0.0117461
0 0.00195423 0.00526653 0.0117735
0 0.00194264 0.00522266 0.0117009
0 0.00189976 0.00511158 0.0115303
0 0.00182426 0.00493277 0.0112631
0 0.00171656 0.00468626 0.0109025
0 0.00158018 0.00437483 0.0104545
0 0.00142103 0.0040044 0.00992808
0 0.00124472 0.00358267 0.0093326
0 0.00105397 0.00311683 0.00867576
0 0.000847379 0.0026114 0.00796201
0 0.000621092 0.00206826 0.00719351
0 0.000372943 0.00148903 0.00637349
0 0.000105474 0.000877637 0.00550886
0 -0.000174789 0.000240542 0.00460987
0 -0.000460524 -0.000414825 0.00368751
0 -0.00074636 -0.00108144 0.00275146
0 -0.00103009 -0.00175342 0.00180911
0 -0.00131242 -0.00242631 0.000865574
0 -0.00159539 -0.00309685 -7.53277e-05
0 -0.00188061 -0.00376259 -0.00100998
0 -0.00216809 -0.00442154 -0.00193431
0 -0.00245618 -0.00507198 -0.00284368
0 -0.00274218 -0.00571216 -0.00373337
0 -0.00302342 -0.00634035 -0.0045991
0 -0.00329824 -0.00695492 -0.00543779
0 -0.00356647 -0.0075546 -0.00624783
0 -0.00382894 -0.00813836 -0.00702888
0 -0.00408667 -0.00870527 -0.00778123
0 -0.00434023 -0.00925448 -0.00850539
0 -0.00458948 -0.0097855 -0.00920203
0 -0.00483367 -0.0102983 -0.00987189
0 -0.00507155 -0.0107932 -0.0105158
0 -0.00530163 -0.0112705 -0.0111346
0 -0.00552245 -0.0117304 -0.0117291
0 -0.00573297 -0.012173 -0.0123005
0 -0.00593276 -0.012598 -0.0128498
0 -0.00612203 -0.0130052 -0.0133785
0 -0.00630141 -0.0133944 -0.0138875
0 -0.00647155 -0.0137653 -0.0143778
0 -0.00663293 -0.0141176 -0.0148496
0 -0.00678586 -0.0144515 -0.0153026
0 -0.00693058 -0.0147676 -0.0157365
0 -0.00706702 -0.0150666 -0.0161503
0 -0.00719421 -0.0153479 -0.0165419
0 -0.00730991 -0.0156094 -0.0169076
0 -0.00741141 -0.0158475 -0.0172427
0 -0.00749663 -0.016058 -0.0175424
0 -0.00756473 -0.0162368 -0.0178027
0 -0.00761592 -0.0163808 -0.0180201
0 -0.00765084 -0.0164873 -0.0181914
0 -0.00767004 -0.0165547 -0.0183135
0 -0.00767351 -0.0165818 -0.0183834
0 -0.00766016 -0.0165675 -0.0183974
0 -0.00762756 -0.01651 -0.0183507
0 -0.00757252 -0.0164061 -0.0182379
0 -0.00749268 -0.0162525 -0.0180542
0 -0.00738834 -0.0160477 -0.0177973
0 -0.00726305 -0.015793 -0.0174687
0 -0.00712187 -0.0154917 -0.017072
0 -0.00696873 -0.0151481 -0.016611
0 -0.00680506 -0.014766 -0.0160892
0 -0.00663036 -0.0143487 -0.0155093
0 -0.00644359 -0.0138997 -0.0148748
0 -0.00624412 -0.0134224 -0.0141906
0 -0.00603196 -0.0129196 -0.0134624
0 -0.00580779 -0.0123937 -0.0126968
0 -0.00557337 -0.0118473 -0.0119012
0 -0.00533199 -0.0112841 -0.0110847
0 -0.00508806 -0.01071 -0.0102574
0 -0.00484587 -0.0101319 -0.00942961
0 -0.00460856 -0.00955694 -0.00861088
0 -0.00437774 -0.00899201 -0.00780936
0 -0.0041533 -0.00844254 -0.00703132
0 -0.00393394 -0.00791227 -0.00628137
0 -0.00371828 -0.00740358 -0.00556319
0 -0.00350605 -0.00691809 -0.00488042
0 -0.00329842 -0.00645693 -0.00423673
0 -0.00309784 -0.00602105 -0.00363578
0 -0.00290782 -0.00561198 -0.00308118
0 -0.00273258 -0.00523262 -0.00257662
0 -0.0025762 -0.00488738 -0.00212559
0 -0.00244174 -0.00458157 -0.00173097
0 -0.00233091 -0.00432063 -0.00139492
0 -0.00224425 -0.00410951 -0.00111903
0 -0.0021813 -0.00395164 -0.000904258
0 -0.00214067 -0.003848 -0.000750856
0 -0.00212066 -0.00379714 -0.000658593
0 -0.00211996 -0.00379586 -0.000627302
0 -0.00213789 -0.00384014 -0.000657034
0 -0.00217395 -0.00392565 -0.000747652
0 -0.00222717 -0.00404821 -0.00089822
0 -0.00229576 -0.00420402 -0.00110659
0 -0.00237724 -0.00438979 -0.00136933
0 -0.00246877 -0.0046027 -0.00168186
0 -0.00256766 -0.00484022 -0.00203871
0 -0.00267196 -0.00509995 -0.00243398
0 -0.0027813 -0.00538011 -0.00286226
0 -0.00289741 -0.00568016 -0.00331947
0 -0.00302357 -0.00600079 -0.00380293
0 -0.00316301 -0.00634309 -0.00431042
0 -0.00331704 -0.00670716 -0.00483887
0 -0.00348405 -0.00709102 -0.00538347
0 -0.00366003 -0.00749051 -0.00593798
0 -0.00384025 -0.00790013 -0.006496
0 -0.00402097 -0.00831421 -0.00705233
0 -0.00420056 -0.0087281 -0.00760391
0 -0.00437981 -0.00913901 -0.00815007
0 -0.00456074 -0.00954593 -0.00869163
0 -0.00474492 -0.0099489 -0.00922966
0 -0.00493255 -0.0103485 -0.00976459
0 -0.00512226 -0.0107453 -0.0102961
0 -0.00531124 -0.0111395 -0.0108227
0 -0.0054955 -0.0115294 -0.011342
0 -0.00567098 -0.0119122 -0.0118507
0 -0.00583477 -0.0122839 -0.0123456
0 -0.00598568 -0.0126399 -0.0128239
0 -0.00612414 -0.0129761 -0.0132837
0 -0.00625195 -0.0132897 -0.013723
0 -0.00637175 -0.0135796 -0.0141411
0 -0.00648603 -0.013847 -0.0145369
0 -0.00659618 -0.0140944 -0.0149093
0 -0.00670242 -0.0143249 -0.0152565
0 -0.00680403 -0.0145414 -0.0155768
0 -0.00689926 -0.0147454 -0.0158679
0 -0.00698497 -0.0149353 -0.0161264
0 -0.00705732 -0.015106 -0.0163479
0 -0.00711314 -0.0152508 -0.0165281
0 -0.00715086 -0.0153624 -0.016664
0 -0.00717063 -0.0154349 -0.0167537
0 -0.00717406 -0.0154651 -0.0167967
0 -0.00716356 -0.0154528 -0.0167938
0 -0.0071411 -0.0154006 -0.016746
0 -0.00710733 -0.0153126 -0.0166539
0 -0.00706158 -0.0151933 -0.0165175
0 -0.00700229 -0.0150465 -0.0163362
0 -0.00692748 -0.0148739 -0.0161091
0 -0.00683565 -0.014675 -0.0158353
0 -0.00672661 -0.0144477 -0.0155147
0 -0.00660171 -0.0141897 -0.0151483
0 -0.0064635 -0.0138993 -0.0147386
0 -0.0063153 -0.0135767 -0.0142889
0 -0.0061603 -0.0132245 -0.0138037
0 -0.00600063 -0.0128471 -0.0132873
0 -0.00583695 -0.01245 -0.0127438
0 -0.00566895 -0.0120389 -0.0121773
0 -0.00549628 -0.0116195 -0.0115919
0 -0.00531931 -0.0111966 -0.0109925
0 -0.00513944 -0.0107744 -0.0103849
0 -0.00495888 -0.0103556 -0.00977532
0 -0.00478033 -0.00994267 -0.00917037
0 -0.00460646 -0.00953747 -0.00857664
0 -0.00443916 -0.00914183 -0.00800008
0 -0.00427851 -0.00875683 -0.00744493
0 -0.00412225 -0.00838214 -0.00691286
0 -0.00396657 -0.00801626 -0.00640338
0 -0.00380794 -0.0076574 -0.00591504
0 -0.00364474 -0.0073045 -0.00544675
0 -0.00347819 -0.00695796 -0.00499855
0 -0.00331185 -0.00661966 -0.00457152
0 -0.00315029 -0.00629237 -0.00416684
0 -0.00299767 -0.00597921 -0.00378509
0 -0.00285712 -0.00568363 -0.00342615
0 -0.00273074 -0.00540938 -0.0030898
0 -0.00262006 -0.00516057 -0.00277638
0 -0.00252658 -0.00494161 -0.00248749
0 -0.00245207 -0.00475696 -0.0022263
0 -0.00239789 -0.00461017 -0.00199695
0 -0.00236381 -0.0045025 -0.00180323
0 -0.00234734 -0.00443212 -0.00164755
0 -0.0023446 -0.00439483 -0.00153129
0 -0.00235175 -0.00438553 -0.00145553
0 -0.00236607 -0.00439963 -0.00142169
0 -0.00238694 -0.00443458 -0.00143215
0 -0.00241646 -0.00449134 -0.00149089
0 -0.00245838 -0.00457405 -0.00160264
0 -0.00251552 -0.00468777 -0.00177066
0 -0.00258819 -0.00483645 -0.00199521
0 -0.00267503 -0.00502258 -0.00227436
0 -0.00277496 -0.00524779 -0.00260563
0 -0.00288782 -0.00551268 -0.00298667
0 -0.00301354 -0.00581569 -0.00341447
0 -0.00315129 -0.00615265 -0.0038847
0 -0.00329975 -0.0065176 -0.00439208
0 -0.00345767 -0.00690428 -0.00493118
0 -0.00362392 -0.00730699 -0.0054966
0 -0.00379715 -0.00772092 -0.00608284
0 -0.00397573 -0.00814225 -0.00668431
0 -0.00415798 -0.00856813 -0.0072955
0 -0.00434226 -0.00899637 -0.00791102
0 -0.00452696 -0.00942496 -0.00852558
0 -0.00471049 -0.00985168 -0.009134
0 -0.00489137 -0.0102739 -0.00973134
0 -0.00506831 -0.0106882 -0.0103129
0 -0.00524016 -0.0110912 -0.0108743
0 -0.00540581 -0.0114787 -0.0114113
0 -0.00556412 -0.0118469 -0.0119202
0 -0.0057138 -0.0121922 -0.0123973
0 -0.00585327 -0.0125112 -0.012839
0 -0.00598076 -0.0128013 -0.0132419
0 -0.00609439 -0.0130598 -0.0136027
0 -0.00619246 -0.0132846 -0.0139183
0 -0.00627371 -0.0134739 -0.0141861
0 -0.0063379 -0.0136266 -0.0144043
0 -0.00638628 -0.0137433 -0.014573
0 -0.00642115 -0.0138257 -0.0146932
0 -0.00644455 -0.0138762 -0.0147668
0 -0.00645678 -0.0138961 -0.0147942
0 -0.00645606 -0.0138849 -0.0147746
0 -0.00643967 -0.013841 -0.0147067
0 -0.00640542 -0.0137627 -0.0145895
0 -0.00635231 -0.0136482 -0.0144227
0 -0.00628023 -0.0134958 -0.0142067
0 -0.00618942 -0.0133038 -0.0139418
0 -0.00608023 -0.0130713 -0.0136283
0 -0.00595342 -0.0127982 -0.0132666
0 -0.00581086 -0.0124866 -0.0128584
0 -0.0056559 -0.0121414 -0.0124072
0 -0.00549267 -0.0117697 -0.0119177
0 -0.00532488 -0.011379 -0.0113954
0 -0.00515538 -0.0109769 -0.0108458
0 -0.00498642 -0.01057 -0.0102748
0 -0.00482014 -0.0101647 -0.00968942
0 -0.00465853 -0.00976606 -0.00909729
0 -0.00450338 -0.00937811 -0.00850656
0 -0.00435621 -0.00900398 -0.0079257
0 -0.00421831 -0.00864633 -0.00736337
0 -0.00409067 -0.00830778 -0.00682817
0 -0.00397376 -0.00799112 -0.00632829
0 -0.00386724 -0.00769901 -0.0058708
0 -0.00376955 -0.00743333 -0.00546091
0 -0.00367825 -0.00719478 -0.00510167
0 -0.00359101 -0.00698321 -0.00479455
0 -0.00350677 -0.00679813 -0.00454007
0 -0.00342602 -0.00663895 -0.00433805
0 -0.00335038 -0.00650508 -0.00418736
0 -0.00328205 -0.00639596 -0.00408571
0 -0.0032233 -0.00631129 -0.00402975
0 -0.00317621 -0.0062513 -0.00401534
0 -0.00314267 -0.00621687 -0.00403796
0 -0.00312423 -0.00620942 -0.00409321
0 -0.00312203 -0.00623051 -0.00417704
0 -0.00313663 -0.0062813 -0.00428592
0 -0.00316808 -0.00636219 -0.00441711
0 -0.00321628 -0.00647292 -0.00456909
0 -0.00328141 -0.00661299 -0.00474202
0 -0.00336389 -0.00678195 -0.00493771
0 -0.00346381 -0.00697927 -0.00515896
0 -0.00358025 -0.00720396 -0.00540876
0 -0.00371085 -0.00745418 -0.00568936
0 -0.0038517 -0.0077269 -0.00600173
0 -0.00399813 -0.00801821 -0.00634569
0 -0.00414576 -0.00832386 -0.00672027
0 -0.00429119 -0.00863971 -0.00712395
0 -0.0044322 -0.00896185 -0.00755448
0 -0.0045675 -0.00928657 -0.00800861
0 -0.00469656 -0.00961048 -0.00848197
0 -0.00481946 -0.00993066 -0.00896915
0 -0.00493674 -0.0102448 -0.00946388
0 -0.00504921 -0.010551 -0.00995921
0 -0.00515783 -0.0108481 -0.0104479
0 -0.00526379 -0.0111356 -0.0109229
0 -0.00536856 -0.0114136 -0.0113779
0 -0.00547358 -0.0116826 -0.0118075
0 -0.00557981 -0.0119432 -0.0122074
0 -0.00568752 -0.0121953 -0.0125742
0 -0.00579605 -0.0124379 -0.0129055
0 -0.00590352 -0.0126687 -0.0131992
0 -0.00600679 -0.0128836 -0.0134538
0 -0.00610207 -0.0130775 -0.0136682
0 -0.0061857 -0.0132451 -0.0138421
0 -0.00625499 -0.0133817 -0.0139761
0 -0.0063086 -0.0134845 -0.0140721
0 -0.00634626 -0.0135524 -0.0141329
0 -0.00636803 -0.0135859 -0.0141607
0 -0.00637381 -0.0135861 -0.0141574
0 -0.00636352 -0.0135552 -0.0141238
0 -0.00633748 -0.0134955 -0.0140607
0 -0.00629676 -0.0134102 -0.0139685
0 -0.00624291 -0.0133017 -0.0138475
0 -0.00617727 -0.0131719 -0.0136971
0 -0.00610035 -0.0130208 -0.0135159
0 -0.00601208 -0.0128471 -0.0133014
0 -0.00591245 -0.0126489 -0.0130515
0 -0.00580184 -0.0124249 -0.0127644
0 -0.00568077 -0.012174 -0.012439
0 -0.00554964 -0.0118955 -0.0120745
0 -0.00540882 -0.0115897 -0.0116707
0 -0.00525862 -0.0112576 -0.0112279
0 -0.00509922 -0.0109005 -0.0107471
0 -0.00493061 -0.01052 -0.0102295
0 -0.00475265 -0.0101176 -0.00967687
0 -0.00456537 -0.00969443 -0.00909125
0 -0.00436922 -0.00925187 -0.00847534
0 -0.00416521 -0.00879138 -0.00783252
0 -0.00395477 -0.00831468 -0.00716663
0 -0.00373936 -0.00782374 -0.0064817
0 -0.00352027 -0.00732071 -0.00578168
0 -0.00329856 -0.00680805 -0.00507042
0 -0.00307506 -0.00628868 -0.0043517
0 -0.00285076 -0.00576616 -0.00362952
0 -0.00262714 -0.00524481 -0.0029084
0 -0.00240615 -0.00472955 -0.00219351
0 -0.00218996 -0.00422541 -0.00149043
0 -0.00198065 -0.00373705 -0.000804888
0 -0.00178019 -0.00326865 -0.000142603
0 -0.00159051 -0.00282398 0.000490603
0 -0.00141342 -0.00240657 0.00108885
0 -0.00125059 -0.00201972 0.00164635
0 -0.00110338 -0.00166656 0.00215757
0 -0.000972779 -0.00135005 0.00261742
0 -0.000859504 -0.001073 0.00302126
0 -0.000764109 -0.000838002 0.00336498
0 -0.000687118 -0.000647386 0.00364495
0 -0.000629111 -0.000503162 0.00385811
0 -0.000590774 -0.000406983 0.00400193
0 -0.000572888 -0.000360168 0.00407446
0 -0.000576257 -0.000363727 0.00407432
0 -0.000601571 -0.000418379 0.0040008
0 -0.000649268 -0.000524556 0.00385379
0 -0.000719414 -0.000682282 0.00363395
0 -0.000811462 -0.000890847 0.00334287
0 -0.000924158 -0.00114855 0.00298322
0 -0.00105584 -0.00145279 0.00255851
0 -0.00120488 -0.00180041 0.00207274
0 -0.00136993 -0.00218793 0.00153017
0 -0.0015498 -0.00261162 0.00093538
0 -0.00174329 -0.00306755 0.000293352
0 -0.00194921 -0.00355186 -0.000390623
0 -0.00216671 -0.00406126 -0.00111143
0 -0.00239553 -0.00459351 -0.00186456
0 -0.00263568 -0.00514725 -0.00264604
0 -0.00288691 -0.00572139 -0.00345205
0 -0.00314821 -0.00631444 -0.00427855
0 -0.00341727 -0.00692355 -0.00512057
0 -0.0036901 -0.00754368 -0.0059716
0 -0.00396162 -0.00816749 -0.0068238
0 -0.00422704 -0.00878631 -0.007669
0 -0.00448268 -0.0093912 -0.00849934
0 -0.00472609 -0.00997367 -0.00930738
0 -0.00495581 -0.0105264 -0.0100861
0 -0.00517165 -0.0110444 -0.0108294
0 -0.00537465 -0.0115256 -0.0115326
0 -0.00556603 -0.0119707 -0.0121914
0 -0.00574617 -0.0123812 -0.0128019
0 -0.00591449 -0.0127591 -0.0133598
0 -0.00607014 -0.0131061 -0.0138617
0 -0.00621274 -0.0134233 -0.0143054
0 -0.00634263 -0.0137113 -0.0146903
0 -0.00646061 -0.0139696 -0.0150173
0 -0.00656757 -0.0141971 -0.0152886
0 -0.00666409 -0.0143925 -0.015507
0 -0.00675014 -0.0145551 -0.0156762
0 -0.00682498 -0.0146845 -0.0157998
0 -0.00688717 -0.0147811 -0.0158815
0 -0.00693478 -0.0148457 -0.0159247
0 -0.00696579 -0.0148793 -0.0159323
0 -0.00697864 -0.0148825 -0.0159069
0 -0.00697279 -0.0148564 -0.0158511
0 -0.0069489 -0.0148019 -0.0157671
0 -0.00690873 -0.01472 -0.015657
0 -0.00685471 -0.0146121 -0.0155224
0 -0.00678946 -0.0144803 -0.0153647
0 -0.00671546 -0.0143272 -0.0151845
0 -0.0066349 -0.0141559 -0.0149825
0 -0.00654955 -0.01397 -0.0147591
0 -0.00646094 -0.0137734 -0.014515
0 -0.00637032 -0.0135694 -0.0142513
0 -0.00627858 -0.0133607 -0.0139692
0 -0.00618607 -0.0131484 -0.0136702
0 -0.00609277 -0.0129329 -0.0133561
0 -0.00599858 -0.0127135 -0.0130288
0 -0.00590344 -0.0124897 -0.012691
0 -0.00580723 -0.0122607 -0.0123455
0 -0.00570946 -0.0120261 -0.0119948
0 -0.00560907 -0.0117854 -0.0116411
0 -0.00550455 -0.011538 -0.0112855
0 -0.0053943 -0.0112833 -0.0109287
0 -0.00527712 -0.0110208 -0.0105707
0 -0.00515248 -0.0107504 -0.0102115
0 -0.00502052 -0.0104719 -0.0098505
0 -0.00488198 -0.0101853 -0.00948689
0 -0.00473833 -0.0098914 -0.00911992
0 -0.004592 -0.00959182 -0.0087494
0 -0.00444619 -0.00928956 -0.00837598
0 -0.00430414 -0.00898835 -0.00800074
0 -0.00416841 -0.00869209 -0.00762486
0 -0.00404072 -0.00840443 -0.00724967
0 -0.00392215 -0.00812869 -0.00687694
0 -0.00381341 -0.00786775 -0.00650919
0 -0.00371497 -0.00762386 -0.00614974
0 -0.00362706 -0.00739864 -0.00580261
0 -0.0035498 -0.00719317 -0.00547247
0 -0.00348329 -0.00700837 -0.00516458
0 -0.00342763 -0.00684528 -0.00488452
0 -0.00338274 -0.00670502 -0.00463785
0 -0.00334819 -0.00658883 -0.00442961
0 -0.00332334 -0.00649796 -0.00426414
0 -0.00330759 -0.00643374 -0.00414503
0 -0.00330065 -0.00639755 -0.00407509
0 -0.00330262 -0.00639069 -0.00405629
0 -0.00331399 -0.00641431 -0.0040897
0 -0.00333549 -0.00646918 -0.0041754
0 -0.00336799 -0.0065557 -0.00431247
0 -0.00341246 -0.00667398 -0.00449924
0 -0.00346997 -0.00682399 -0.00473347
0 -0.00354148 -0.00700563 -0.00501253
0 -0.00362768 -0.00721859 -0.00533347
0 -0.00372872 -0.00746219 -0.00569293
0 -0.003844 -0.00773505 -0.00608714
0 -0.00397226 -0.00803503 -0.00651206
0 -0.00411197 -0.00835937 -0.00696372
0 -0.00426157 -0.00870493 -0.00743846
0 -0.00441962 -0.00906827 -0.00793286
0 -0.00458456 -0.00944567 -0.00844364
0 -0.0047547 -0.00983333 -0.00896751
0 -0.00492817 -0.0102274 -0.00950112
0 -0.00510298 -0.0106241 -0.010041
0 -0.00527709 -0.0110199 -0.0105836
0 -0.00544849 -0.0114114 -0.0111251
0 -0.00561529 -0.0117956 -0.0116614
0 -0.00577584 -0.0121692 -0.0121882
0 -0.00592883 -0.0125293 -0.0127013
0 -0.0060732 -0.0128733 -0.0131961
0 -0.00620809 -0.0131982 -0.0136681
0 -0.00633266 -0.0135014 -0.0141123
0 -0.00644611 -0.01378 -0.014524
0 -0.00654775 -0.0140316 -0.0148983
0 -0.00663696 -0.0142539 -0.015231
0 -0.00671323 -0.0144449 -0.015518
0 -0.00677603 -0.0146027 -0.0157559
0 -0.00682479 -0.0147258 -0.0159415
0 -0.00685893 -0.0148127 -0.0160725
0 -0.0068779 -0.0148623 -0.0161472
0 -0.00688126 -0.0148736 -0.0161645
0 -0.00686873 -0.0148461 -0.0161243
0 -0.00684019 -0.0147797 -0.016027
0 -0.0067956 -0.0146744 -0.0158738
0 -0.00673489 -0.0145308 -0.0156661
0 -0.00665801 -0.0143495 -0.0154059
0 -0.00656505 -0.0141316 -0.0150954
0 -0.00645624 -0.0138783 -0.014737
0 -0.00633205 -0.0135913 -0.0143335
0 -0.00619315 -0.0132723 -0.0138878
0 -0.0060404 -0.0129235 -0.0134031
0 -0.00587488 -0.0125471 -0.0128826
0 -0.0056978 -0.0121455 -0.0123294
0 -0.00551042 -0.0117215 -0.0117469
0 -0.00531397 -0.0112777 -0.0111384
0 -0.00510945 -0.0108165 -0.0105067
0 -0.00489776 -0.0103402 -0.00985466
0 -0.0046798 -0.00985097 -0.00918517
0 -0.00445655 -0.00935095 -0.00850103
0 -0.00422898 -0.00884192 -0.00780491
0 -0.0039979 -0.00832532 -0.00709919
0 -0.00376408 -0.00780245 -0.00638601
0 -0.00352844 -0.00727473 -0.00566758
0 -0.00329241 -0.00674431 -0.00494659
0 -0.00305819 -0.0062145 -0.00422659
0 -0.00282855 -0.00568987 -0.00351201
0 -0.00260622 -0.00517565 -0.00280766
0 -0.00239322 -0.00467705 -0.00211842
0 -0.00219089 -0.0041989 -0.00144924
0 -0.00200013 -0.00374535 -0.000805237
0 -0.00182151 -0.00331958 -0.000191496
0 -0.00165513 -0.00292343 0.000387192
0 -0.00150079 -0.00255756 0.000926474
0 -0.00135835 -0.00222196 0.00142232
0 -0.00122794 -0.00191657 0.00187099
0 -0.00110997 -0.00164174 0.00226908
0 -0.00100531 -0.00139864 0.00261348
0 -0.000915186 -0.00118949 0.00290139
0 -0.000840952 -0.00101722 0.0031305
0 -0.000783756 -0.000884916 0.0032993
0 -0.000744521 -0.000795443 0.00340699
0 -0.000724144 -0.000751193 0.00345328
0 -0.000723643 -0.000753959 0.00343808
0 -0.000744022 -0.000804719 0.00336153
0 -0.000785816 -0.000903353 0.00322426
0 -0.000848801 -0.00104859 0.00302746
0 -0.000932151 -0.00123834 0.00277276
0 -0.00103473 -0.0014701 0.00246201
0 -0.00115521 -0.00174124 0.00209722
0 -0.00129205 -0.00204908 0.00168067
0 -0.00144359 -0.00239092 0.00121492
0 -0.00160842 -0.00276434 0.000702627
0 -0.00178556 -0.00316733 0.000146375
0 -0.00197438 -0.00359816 -0.000451203
0 -0.00217425 -0.00405509 -0.00108713
0 -0.00238436 -0.00453615 -0.00175797
0 -0.00260372 -0.00503919 -0.00245993
0 -0.00283129 -0.00556183 -0.00318899
0 -0.00306592 -0.00610148 -0.00394093
0 -0.00330637 -0.00665521 -0.00471132
0 -0.00355136 -0.00721997 -0.00549562
0 -0.0037997 -0.00779258 -0.0062893
0 -0.00405038 -0.00836981 -0.00708798
0 -0.00430256 -0.00894846 -0.00788745
0 -0.00455552 -0.00952548 -0.0086837
0 -0.00480838 -0.0100981 -0.0094729
0 -0.00505998 -0.0106638 -0.0102513
0 -0.00530878 -0.01122 -0.0110152
0 -0.00555299 -0.0117642 -0.0117608
0 -0.00579071 -0.0122937 -0.0124845
0 -0.00602005 -0.0128059 -0.0131829
0 -0.00623931 -0.0132977 -0.0138524
0 -0.006447 -0.013766 -0.0144898
0 -0.00664192 -0.0142077 -0.015092
0 -0.0068231 -0.0146198 -0.015656
0 -0.00698968 -0.0149996 -0.0161787
0 -0.00714077 -0.0153447 -0.0166572
0 -0.00727538 -0.0156528 -0.0170884
0 -0.00739255 -0.0159223 -0.0174691
0 -0.00749148 -0.0161517 -0.0177964
0 -0.00757163 -0.01634 -0.0180679
0 -0.00763272 -0.0164862 -0.0182813
0 -0.00767472 -0.0165897 -0.018435
0 -0.00769777 -0.0166501 -0.0185278
0 -0.00770214 -0.0166672 -0.0185589
0 -0.00768817 -0.016641 -0.0185283
0 -0.00765623 -0.0165717 -0.0184362
0 -0.00760674 -0.0164601 -0.0182834
0 -0.00754008 -0.016307 -0.0180712
0 -0.0074566 -0.0161136 -0.0178012
0 -0.00735666 -0.0158813 -0.0174758
0 -0.00724074 -0.015612 -0.0170976
0 -0.00710946 -0.0153074 -0.0166696
0 -0.00696361 -0.0149698 -0.0161954
0 -0.00680414 -0.0146016 -0.0156786
0 -0.00663216 -0.0142052 -0.0151233
0 -0.00644886 -0.0137834 -0.0145334
0 -0.00625552 -0.0133391 -0.0139133
0 -0.00605345 -0.0128752 -0.0132672
0 -0.00584401 -0.012395 -0.0125995
0 -0.00562857 -0.0119017 -0.0119146
0 -0.00540855 -0.0113985 -0.0112168
0 -0.0051854 -0.0108888 -0.0105106
0 -0.00496059 -0.0103758 -0.00980019
0 -0.00473558 -0.00986258 -0.00909001
0 -0.00451186 -0.00935228 -0.00838425
0 -0.00429089 -0.00884787 -0.00768707
0 -0.00407415 -0.00835226 -0.00700249
0 -0.00386304 -0.00786838 -0.00633441
0 -0.00365884 -0.00739913 -0.00568655
0 -0.00346267 -0.00694737 -0.00506254
0 -0.00327552 -0.00651592 -0.00446586
0 -0.00309833 -0.00610746 -0.00389989
0 -0.00293203 -0.00572447 -0.00336781
0 -0.00277754 -0.00536917 -0.00287263
0 -0.00263572 -0.00504344 -0.00241726
0 -0.00250739 -0.00474891 -0.00200437
0 -0.00239331 -0.00448692 -0.00163642
0 -0.00229409 -0.00425861 -0.00131557
0 -0.00221019 -0.00406499 -0.00104361
0 -0.00214193 -0.00390688 -0.000821977
0 -0.00208943 -0.00378495 -0.000651677
0 -0.00205272 -0.00369965 -0.000533298
0 -0.00203175 -0.00365124 -0.00046703
0 -0.00202644 -0.00363972 -0.000452691
0 -0.00203668 -0.00366484 -0.000489746
0 -0.00206233 -0.00372607 -0.000577326
0 -0.00210316 -0.00382263 -0.000714229
0 -0.0021588 -0.00395346 -0.000898931
0 -0.00222882 -0.00411731 -0.0011296
0 -0.00231263 -0.00431267 -0.0014041
0 -0.00240952 -0.00453788 -0.00172004
0 -0.00251866 -0.00479106 -0.00207478
0 -0.0026391 -0.0050702 -0.00246546
0 -0.00276982 -0.00537311 -0.00288904
0 -0.00290976 -0.0056975 -0.00334231
0 -0.00305783 -0.00604094 -0.00382193
0 -0.00321291 -0.00640093 -0.00432451
0 -0.00337392 -0.00677488 -0.00484653
0 -0.00353977 -0.00716023 -0.00538438
0 -0.00370939 -0.00755441 -0.00593442
0 -0.00388178 -0.00795487 -0.006493
0 -0.00405594 -0.00835904 -0.00705647
0 -0.00423093 -0.00876434 -0.00762124
0 -0.00440581 -0.00916821 -0.00818369
0 -0.00457963 -0.00956815 -0.00874028
0 -0.00475137 -0.00996174 -0.00928758
0 -0.00491992 -0.0103467 -0.00982224
0 -0.00508414 -0.0107206 -0.010341
0 -0.00524288 -0.0110814 -0.0108408
0 -0.00539497 -0.011427 -0.0113186
0 -0.00553935 -0.0117551 -0.0117718
0 -0.00567502 -0.0120637 -0.0121977
0 -0.00580113 -0.012351 -0.0125941
0 -0.00591689 -0.0126151 -0.0129587
0 -0.00602163 -0.0128544 -0.0132896
0 -0.0061148 -0.0130675 -0.013585
0 -0.00619589 -0.0132532 -0.0138434
0 -0.00626449 -0.0134106 -0.0140633
0 -0.00632029 -0.0135389 -0.0142435
0 -0.00636304 -0.0136377 -0.0143831
0 -0.0063926 -0.0137065 -0.0144815
0 -0.00640907 -0.0137456 -0.0145384
0 -0.00641277 -0.0137551 -0.0145539
