0 7.66467e-06
0.767959 0.000107781
1.53584 0.000207897
2.30363 0.000308013
3.07131 0.000408129
3.83889 0.000508245
4.60634 0.000608361
5.37368 0.000708477
6.14091 0.000808593
6.90801 0.000908709
7.675 0.00100883
8.44186 0.00110894
9.20861 0.00120906
9.97524 0.00130917
10.7417 0.00140929
11.5081 0.0015094
12.2744 0.00160952
13.0406 0.00170964
13.8066 0.00180975
14.5725 0.00190987
15.3383 0.00200998
16.104 0.0021101
16.8695 0.00221021
17.6349 0.00231033
18.4002 0.00241045
19.1654 0.00251056
19.9305 0.00261068
20.6955 0.00271079
21.4603 0.00281091
22.225 0.00291102
22.9896 0.00301114
23.7541 0.00311125
24.5184 0.00321137
25.2826 0.00331149
26.0458 0.0034116
26.8088 0.00351172
27.5697 0.00361183
28.3292 0.00371195
29.0865 0.00381207
29.842 0.00391219
30.5945 0.00401231
31.3449 0.00411243
32.0932 0.00421255
32.8389 0.00431266
33.5818 0.00441278
34.3189 0.0045129
35.0525 0.00461302
35.7803 0.00471314
36.5023 0.00481326
37.2172 0.00491339
37.9261 0.00501351
38.6291 0.00511362
39.328 0.00521374
40.0229 0.00531385
40.7139 0.00541396
41.4012 0.00551407
42.083 0.00561417
42.763 0.00571428
43.4422 0.00581438
44.1209 0.00591449
44.7948 0.00601459
45.4671 0.00611469
46.1392 0.00621479
46.8094 0.0063149
47.4778 0.006415
48.1408 0.00651511
48.8032 0.00661522
49.4642 0.00671533
50.1186 0.00681544
50.7678 0.00691554
51.412 0.00701565
52.0553 0.00711576
52.6976 0.00721586
53.3351 0.00731596
53.9693 0.00741607
54.5966 0.00751616
55.222 0.00761626
55.8468 0.00771636
56.4712 0.00781646
57.0938 0.00791655
57.7155 0.00801665
58.3346 0.00811674
58.9504 0.00821684
59.5662 0.00831693
60.1814 0.00841703
60.7963 0.00851712
61.4109 0.00861722
62.0246 0.00871731
62.6374 0.00881741
63.249 0.0089175
63.8599 0.0090176
64.4705 0.00911769
65.0808 0.00921779
65.6908 0.00931788
66.3005 0.00941798
66.9089 0.00951807
67.5165 0.00961817
68.1232 0.00971826
68.7293 0.00981836
69.3343 0.00991845
69.9372 0.0100185
70.5384 0.0101186
71.1387 0.0102187
71.7368 0.0103188
72.3331 0.0104189
72.9289 0.010519
73.5239 0.0106191
74.1161 0.0107192
74.7049 0.0108193
75.2932 0.0109194
75.8802 0.0110195
76.4661 0.0111196
77.0496 0.0112197
77.6297 0.0113198
78.2076 0.0114199
78.7826 0.0115199
79.3566 0.01162
79.9285 0.0117201
80.4979 0.0118202
81.0659 0.0119203
81.6329 0.0120204
82.1995 0.0121205
82.7654 0.0122206
83.3309 0.0123207
83.8953 0.0124207
84.4585 0.0125208
85.0193 0.0126209
85.5785 0.012721
86.1374 0.0128211
86.6959 0.0129212
87.2528 0.0130213
87.8082 0.0131214
88.3625 0.0132214
88.9159 0.0133215
89.4685 0.0134216
90.0204 0.0135217
90.572 0.0136218
91.1232 0.0137219
91.6742 0.0138219
92.2249 0.013922
92.7753 0.0140221
93.3251 0.0141222
93.8746 0.0142223
94.4238 0.0143224
94.9722 0.0144224
95.5201 0.0145225
96.0676 0.0146226
96.6146 0.0147227
97.1602 0.0148228
97.7049 0.0149229
98.2488 0.0150229
98.7924 0.015123
99.3357 0.0152231
99.8787 0.0153232
100.422 0.0154233
100.964 0.0155234
101.507 0.0156234
102.049 0.0157235
102.59 0.0158236
103.132 0.0159237
103.673 0.0160238
104.213 0.0161239
104.752 0.0162239
105.291 0.016324
105.829 0.0164241
106.367 0.0165242
106.904 0.0166243
107.439 0.0167244
107.974 0.0168244
108.509 0.0169245
109.043 0.0170246
109.576 0.0171247
110.107 0.0172248
110.638 0.0173249
111.168 0.017425
111.698 0.017525
112.228 0.0176251
112.758 0.0177252
113.287 0.0178253
113.816 0.0179254
114.344 0.0180255
114.872 0.0181255
115.399 0.0182256
115.925 0.0183257
116.449 0.0184258
116.974 0.0185259
117.498 0.018626
118.022 0.018726
118.545 0.0188261
119.068 0.0189262
119.591 0.0190263
120.114 0.0191264
120.636 0.0192264
121.158 0.0193265
121.679 0.0194266
122.2 0.0195267
122.721 0.0196268
123.241 0.0197268
123.76 0.0198269
124.278 0.019927
124.796 0.0200271
125.314 0.0201272
125.831 0.0202272
126.347 0.0203273
126.863 0.0204274
127.379 0.0205275
127.894 0.0206276
128.409 0.0207276
128.923 0.0208277
129.437 0.0209278
129.951 0.0210279
130.464 0.021128
130.976 0.021228
131.488 0.0213281
131.998 0.0214282
132.507 0.0215283
133.016 0.0216284
133.525 0.0217284
134.034 0.0218285
134.543 0.0219286
135.051 0.0220287
135.559 0.0221287
136.067 0.0222288
136.574 0.0223289
137.081 0.022429
137.589 0.0225291
138.095 0.0226291
138.602 0.0227292
139.108 0.0228293
139.615 0.0229294
140.121 0.0230295
140.626 0.0231295
141.132 0.0232296
141.637 0.0233297
142.142 0.0234298
142.647 0.0235298
143.151 0.0236299
143.656 0.02373
144.16 0.0238301
144.664 0.0239302
145.168 0.0240302
145.671 0.0241303
146.174 0.0242304
146.677 0.0243305
147.18 0.0244305
147.683 0.0245306
148.185 0.0246307
148.687 0.0247308
149.189 0.0248309
149.69 0.0249309
150.192 0.025031
150.693 0.0251311
151.194 0.0252312
151.695 0.0253312
152.196 0.0254313
152.696 0.0255314
153.196 0.0256315
153.696 0.0257315
154.196 0.0258316
154.695 0.0259317
155.194 0.0260318
155.693 0.0261318
156.192 0.0262319
156.691 0.026332
157.189 0.0264321
157.688 0.0265322
158.186 0.0266322
158.684 0.0267323
159.181 0.0268324
159.679 0.0269325
160.176 0.0270325
160.673 0.0271326
161.17 0.0272327
161.667 0.0273328
162.163 0.0274328
162.659 0.0275329
163.155 0.027633
163.651 0.0277331
164.147 0.0278331
164.642 0.0279332
165.137 0.0280333
165.633 0.0281334
166.128 0.0282334
166.622 0.0283335
167.117 0.0284336
167.611 0.0285337
168.105 0.0286337
168.599 0.0287338
169.092 0.0288339
169.586 0.028934
170.079 0.029034
170.572 0.0291341
171.065 0.0292342
171.557 0.0293343
172.049 0.0294343
172.541 0.0295344
173.033 0.0296345
173.525 0.0297346
174.016 0.0298346
174.507 0.0299347
174.998 0.0300348
175.489 0.0301349
175.98 0.0302349
176.47 0.030335
176.96 0.0304351
177.45 0.0305352
177.94 0.0306352
178.429 0.0307353
178.919 0.0308354
179.408 0.0309355
179.897 0.0310355
180.386 0.0311356
180.874 0.0312357
181.363 0.0313358
181.851 0.0314358
182.339 0.0315359
182.827 0.031636
183.315 0.0317361
183.802 0.0318361
184.29 0.0319362
184.777 0.0320363
185.263 0.0321364
185.75 0.0322364
186.236 0.0323365
186.723 0.0324366
187.209 0.0325367
187.695 0.0326367
188.18 0.0327368
188.665 0.0328369
189.151 0.032937
189.636 0.033037
190.12 0.0331371
190.604 0.0332372
191.088 0.0333373
191.572 0.0334373
192.055 0.0335374
192.538 0.0336375
193.021 0.0337376
193.503 0.0338377
193.985 0.0339377
194.467 0.0340378
194.949 0.0341379
195.431 0.034238
195.912 0.034338
196.392 0.0344381
196.872 0.0345382
197.352 0.0346383
197.832 0.0347384
198.31 0.0348384
198.789 0.0349385
199.268 0.0350386
199.746 0.0351387
200.225 0.0352387
200.703 0.0353388
201.18 0.0354389
201.658 0.035539
202.136 0.035639
202.613 0.0357391
203.09 0.0358392
203.567 0.0359393
204.043 0.0360394
204.519 0.0361394
204.995 0.0362395
205.471 0.0363396
205.947 0.0364397
206.423 0.0365397
206.898 0.0366398
207.373 0.0367399
207.848 0.03684
208.323 0.03694
208.798 0.0370401
209.272 0.0371402
209.746 0.0372403
210.22 0.0373404
210.694 0.0374404
211.167 0.0375405
211.64 0.0376406
212.113 0.0377407
212.586 0.0378407
213.058 0.0379408
213.531 0.0380409
214.003 0.038141
214.474 0.038241
214.946 0.0383411
215.417 0.0384412
215.889 0.0385413
216.36 0.0386413
216.83 0.0387414
217.301 0.0388415
217.771 0.0389416
218.241 0.0390417
218.711 0.0391417
219.181 0.0392418
219.65 0.0393419
220.119 0.039442
220.588 0.039542
221.057 0.0396421
221.525 0.0397422
221.994 0.0398423
222.462 0.0399423
222.93 0.0400424
223.397 0.0401425
223.865 0.0402426
224.332 0.0403426
224.799 0.0404427
225.266 0.0405428
225.732 0.0406429
226.199 0.0407429
226.665 0.040843
227.131 0.0409431
227.597 0.0410432
228.062 0.0411433
228.527 0.0412433
228.992 0.0413434
229.457 0.0414435
229.921 0.0415436
230.385 0.0416436
230.849 0.0417437
231.313 0.0418438
231.776 0.0419439
232.239 0.0420439
232.702 0.042144
233.164 0.0422441
233.626 0.0423442
234.087 0.0424442
234.549 0.0425443
235.01 0.0426444
235.47 0.0427445
235.931 0.0428445
236.391 0.0429446
236.85 0.0430447
237.309 0.0431448
237.768 0.0432448
238.227 0.0433449
238.685 0.043445
239.142 0.0435451
239.599 0.0436451
240.056 0.0437452
240.512 0.0438453
240.968 0.0439454
241.423 0.0440454
241.878 0.0441455
242.332 0.0442456
242.785 0.0443457
243.238 0.0444457
243.691 0.0445458
244.143 0.0446459
244.594 0.044746
245.045 0.044846
245.494 0.0449461
245.944 0.0450462
246.392 0.0451463
246.84 0.0452463
247.287 0.0453464
247.733 0.0454465
248.178 0.0455466
248.622 0.0456466
249.065 0.0457467
249.508 0.0458468
249.949 0.0459469
250.389 0.0460469
250.829 0.046147
251.267 0.0462471
251.705 0.0463472
252.141 0.0464472
252.576 0.0465473
253.01 0.0466474
253.443 0.0467475
253.874 0.0468475
254.305 0.0469476
254.733 0.0470477
255.16 0.0471478
255.585 0.0472478
256.009 0.0473479
256.431 0.047448
256.852 0.0475481
257.271 0.0476482
257.689 0.0477482
258.104 0.0478483
258.517 0.0479484
258.928 0.0480485
259.338 0.0481486
259.745 0.0482486
260.15 0.0483487
260.553 0.0484488
260.953 0.0485489
261.352 0.048649
261.747 0.048749
262.14 0.0488491
262.531 0.0489492
262.919 0.0490493
263.305 0.0491494
263.688 0.0492494
264.07 0.0493495
264.448 0.0494496
264.824 0.0495497
265.198 0.0496498
265.569 0.0497498
265.938 0.0498499
266.305 0.04995
266.669 0.0500501
267.031 0.0501501
267.391 0.0502502
267.748 0.0503503
268.103 0.0504504
268.456 0.0505504
268.808 0.0506505
269.158 0.0507506
269.507 0.0508507
269.854 0.0509507
270.202 0.0510508
270.549 0.0511509
270.895 0.0512509
271.239 0.051351
271.582 0.051451
271.923 0.0515511
272.262 0.0516512
272.601 0.0517512
272.938 0.0518513
273.274 0.0519514
273.609 0.0520514
273.945 0.0521515
274.281 0.0522515
274.617 0.0523516
274.952 0.0524516
275.289 0.0525517
275.628 0.0526517
275.967 0.0527518
276.304 0.0528519
276.641 0.0529519
276.977 0.053052
277.312 0.053152
277.647 0.0532521
277.981 0.0533521
278.315 0.0534522
278.647 0.0535522
278.979 0.0536523
279.311 0.0537524
279.645 0.0538524
279.979 0.0539525
280.312 0.0540525
280.644 0.0541526
280.976 0.0542526
281.307 0.0543527
281.637 0.0544528
281.967 0.0545528
282.296 0.0546529
282.623 0.0547529
282.951 0.054853
283.277 0.054953
283.603 0.0550531
283.928 0.0551531
284.252 0.0552532
284.575 0.0553532
284.898 0.0554533
285.22 0.0555534
285.541 0.0556534
285.861 0.0557535
286.18 0.0558535
286.499 0.0559536
286.817 0.0560536
287.134 0.0561537
287.45 0.0562537
287.765 0.0563538
288.079 0.0564538
288.393 0.0565539
288.706 0.0566539
289.018 0.056754
289.329 0.056854
289.639 0.0569541
289.949 0.0570541
290.258 0.0571542
290.566 0.0572542
290.874 0.0573543
291.181 0.0574543
291.487 0.0575544
291.793 0.0576544
292.098 0.0577545
292.403 0.0578545
292.707 0.0579546
293.011 0.0580546
293.316 0.0581547
293.62 0.0582547
293.923 0.0583548
294.226 0.0584548
294.528 0.0585549
294.83 0.0586549
295.131 0.058755
295.432 0.058855
295.733 0.0589551
296.033 0.0590551
296.333 0.0591552
296.632 0.0592552
296.93 0.0593553
297.229 0.0594553
297.529 0.0595554
297.83 0.0596554
298.131 0.0597555
298.431 0.0598555
298.731 0.0599556
299.03 0.0600556
299.328 0.0601557
299.626 0.0602557
299.924 0.0603558
300.222 0.0604558
300.518 0.0605559
300.815 0.0606559
301.111 0.060756
301.407 0.060856
301.703 0.0609561
301.998 0.0610561
302.295 0.0611562
302.592 0.0612562
302.887 0.0613563
303.183 0.0614563
303.477 0.0615564
303.772 0.0616564
304.065 0.0617565
304.358 0.0618565
304.65 0.0619566
304.941 0.0620566
305.232 0.0621567
305.522 0.0622567
305.812 0.0623568
306.101 0.0624568
306.389 0.0625569
306.677 0.0626569
306.965 0.062757
307.253 0.062857
307.541 0.0629571
307.829 0.0630572
308.116 0.0631572
308.402 0.0632573
308.688 0.0633573
308.973 0.0634574
309.258 0.0635574
309.542 0.0636575
309.826 0.0637575
310.109 0.0638576
310.392 0.0639576
310.674 0.0640577
310.956 0.0641577
311.238 0.0642578
311.519 0.0643578
311.801 0.0644578
312.082 0.0645579
312.363 0.0646579
312.644 0.064758
312.925 0.064858
313.207 0.0649581
313.488 0.0650581
313.769 0.0651582
314.05 0.0652582
314.33 0.0653582
314.61 0.0654583
314.89 0.0655583
315.169 0.0656584
315.448 0.0657584
315.726 0.0658585
316.005 0.0659585
316.284 0.0660586
316.562 0.0661586
316.841 0.0662586
317.119 0.0663587
317.397 0.0664587
317.675 0.0665588
317.954 0.0666588
318.234 0.0667589
318.514 0.0668589
318.795 0.066959
319.075 0.067059
319.354 0.0671591
319.634 0.0672591
319.913 0.0673591
320.192 0.0674592
320.471 0.0675592
320.75 0.0676593
321.028 0.0677593
321.306 0.0678594
321.583 0.0679594
321.86 0.0680595
322.137 0.0681595
322.414 0.0682596
322.69 0.0683596
322.966 0.0684597
323.242 0.0685597
323.517 0.0686598
323.793 0.0687598
324.068 0.0688598
324.342 0.0689599
324.617 0.0690599
324.891 0.06916
325.165 0.06926
325.439 0.0693601
325.713 0.0694601
325.986 0.0695602
326.26 0.0696602
326.533 0.0697603
326.806 0.0698603
327.079 0.0699604
327.351 0.0700604
327.623 0.0701605
327.895 0.0702605
328.166 0.0703605
328.437 0.0704606
328.707 0.0705606
328.977 0.0706607
329.247 0.0707607
329.516 0.0708608
329.785 0.0709608
330.053 0.0710609
330.321 0.0711609
330.59 0.071261
330.859 0.071361
331.128 0.0714611
331.396 0.0715611
331.663 0.0716611
331.93 0.0717612
332.197 0.0718612
332.463 0.0719613
332.729 0.0720613
332.994 0.0721614
333.259 0.0722614
333.523 0.0723615
333.787 0.0724615
334.05 0.0725616
334.312 0.0726616
334.574 0.0727617
334.836 0.0728617
335.097 0.0729617
335.357 0.0730618
335.617 0.0731618
335.877 0.0732619
336.136 0.0733619
336.395 0.073462
336.652 0.073562
336.91 0.0736621
337.167 0.0737621
337.423 0.0738621
337.678 0.0739622
337.933 0.0740622
338.188 0.0741623
338.442 0.0742623
338.696 0.0743624
338.949 0.0744624
339.202 0.0745625
339.454 0.0746625
339.705 0.0747625
339.955 0.0748626
340.205 0.0749626
340.454 0.0750627
340.703 0.0751627
340.952 0.0752628
341.199 0.0753628
341.447 0.0754629
341.694 0.0755629
341.941 0.0756629
342.187 0.075763
342.432 0.075863
342.676 0.0759631
342.92 0.0760631
343.164 0.0761631
343.407 0.0762632
343.65 0.0763632
343.891 0.0764633
344.132 0.0765633
344.372 0.0766634
344.611 0.0767634
344.85 0.0768634
345.088 0.0769635
345.325 0.0770635
345.561 0.0771636
345.796 0.0772636
346.031 0.0773636
346.265 0.0774637
346.5 0.0775637
346.734 0.0776637
346.967 0.0777638
347.199 0.0778638
347.431 0.0779639
347.662 0.0780639
347.892 0.0781639
348.121 0.078264
348.35 0.078364
348.578 0.0784641
348.805 0.0785641
349.031 0.0786641
349.256 0.0787642
349.48 0.0788642
349.704 0.0789642
349.926 0.0790643
350.148 0.0791643
350.369 0.0792644
350.59 0.0793644
350.81 0.0794644
351.028 0.0795645
351.247 0.0796645
351.464 0.0797645
351.681 0.0798646
351.896 0.0799646
352.112 0.0800647
352.326 0.0801647
352.54 0.0802647
352.753 0.0803648
352.965 0.0804648
353.177 0.0805648
353.388 0.0806649
353.598 0.0807649
353.808 0.0808649
354.017 0.080965
354.225 0.081065
354.433 0.081165
354.64 0.0812651
354.847 0.0813651
355.054 0.0814651
355.26 0.0815652
355.465 0.0816652
355.671 0.0817652
355.876 0.0818653
356.081 0.0819653
356.285 0.0820653
356.488 0.0821654
356.691 0.0822654
356.894 0.0823654
357.096 0.0824655
357.297 0.0825655
357.498 0.0826655
357.698 0.0827656
357.898 0.0828656
358.098 0.0829656
358.297 0.0830657
358.495 0.0831657
358.693 0.0832657
358.89 0.0833658
359.087 0.0834658
359.284 0.0835658
359.481 0.0836659
359.678 0.0837659
359.874 0.0838659
360.071 0.083966
360.266 0.084066
360.462 0.084166
360.657 0.0842661
360.851 0.0843661
361.045 0.0844661
361.238 0.0845662
361.431 0.0846662
361.624 0.0847662
361.816 0.0848663
362.007 0.0849663
362.198 0.0850663
362.389 0.0851664
362.579 0.0852664
362.769 0.0853664
362.958 0.0854665
363.147 0.0855665
363.336 0.0856665
363.523 0.0857665
363.711 0.0858666
363.897 0.0859666
364.083 0.0860666
364.268 0.0861667
364.453 0.0862667
364.637 0.0863667
364.821 0.0864668
365.005 0.0865668
365.188 0.0866668
365.371 0.0867669
365.554 0.0868669
365.736 0.0869669
365.917 0.0870669
366.099 0.087167
366.28 0.087267
366.46 0.087367
366.64 0.0874671
366.82 0.0875671
367 0.0876671
367.179 0.0877672
367.357 0.0878672
367.535 0.0879672
367.713 0.0880672
367.89 0.0881673
368.066 0.0882673
368.241 0.0883673
368.416 0.0884673
368.59 0.0885674
368.764 0.0886674
368.937 0.0887674
369.111 0.0888675
369.284 0.0889675
369.457 0.0890675
369.629 0.0891675
369.801 0.0892676
369.973 0.0893676
370.145 0.0894676
370.317 0.0895676
370.488 0.0896677
370.659 0.0897677
370.829 0.0898677
371 0.0899678
371.17 0.0900678
371.34 0.0901678
371.51 0.0902678
371.679 0.0903679
371.847 0.0904679
372.015 0.0905679
372.183 0.0906679
372.35 0.090768
372.517 0.090868
372.685 0.090968
372.851 0.091068
373.018 0.0911681
373.184 0.0912681
373.351 0.0913681
373.517 0.0914681
373.683 0.0915682
373.848 0.0916682
374.013 0.0917682
374.178 0.0918682
374.343 0.0919683
374.508 0.0920683
374.672 0.0921683
374.836 0.0922683
375 0.0923684
375.164 0.0924684
375.328 0.0925684
375.491 0.0926684
375.655 0.0927685
375.818 0.0928685
375.981 0.0929685
376.144 0.0930685
376.306 0.0931686
376.468 0.0932686
376.631 0.0933686
376.792 0.0934686
376.954 0.0935687
377.116 0.0936687
377.277 0.0937687
377.438 0.0938687
377.599 0.0939688
377.759 0.0940688
377.919 0.0941688
378.08 0.0942688
378.239 0.0943689
378.399 0.0944689
378.559 0.0945689
378.718 0.0946689
378.877 0.094769
379.036 0.094869
379.195 0.094969
379.353 0.095069
379.511 0.0951691
379.669 0.0952691
379.827 0.0953691
379.984 0.0954691
380.141 0.0955692
380.298 0.0956692
380.455 0.0957692
380.612 0.0958692
380.768 0.0959693
380.924 0.0960693
381.079 0.0961693
381.235 0.0962693
381.39 0.0963694
381.544 0.0964694
381.699 0.0965694
381.853 0.0966694
382.007 0.0967695
382.161 0.0968695
382.314 0.0969695
382.468 0.0970695
382.621 0.0971696
382.774 0.0972696
382.927 0.0973696
383.079 0.0974696
383.232 0.0975697
383.384 0.0976697
383.536 0.0977697
383.687 0.0978697
383.839 0.0979698
383.99 0.0980698
384.142 0.0981698
384.293 0.0982698
384.444 0.0983699
384.594 0.0984699
384.745 0.0985699
384.895 0.0986699
385.044 0.09877
385.193 0.09887
385.342 0.09897
385.49 0.09907
385.639 0.09917
385.787 0.0992701
385.935 0.0993701
386.082 0.0994701
386.23 0.0995701
386.377 0.0996702
386.523 0.0997702
386.67 0.0998702
386.816 0.0999702
386.961 0.10007
387.107 0.10017
387.253 0.10027
387.399 0.10037
387.544 0.10047
387.69 0.10057
387.835 0.10067
387.98 0.10077
388.124 0.10087
388.269 0.10097
388.413 0.10107
388.557 0.101171
388.701 0.101271
388.844 0.101371
388.988 0.101471
389.131 0.101571
389.273 0.101671
389.416 0.101771
389.558 0.101871
389.7 0.101971
389.842 0.102071
389.983 0.102171
390.124 0.102271
390.265 0.102371
390.406 0.102471
390.546 0.102571
390.686 0.102671
390.825 0.102771
390.965 0.102871
391.104 0.102971
391.243 0.103071
391.381 0.103171
391.52 0.103271
391.658 0.103371
391.796 0.103471
391.934 0.103571
392.072 0.103671
392.209 0.103771
392.346 0.103871
392.483 0.103971
392.619 0.104071
392.756 0.104171
392.891 0.104271
393.027 0.104371
393.163 0.104471
393.298 0.104571
393.433 0.104671
393.568 0.104771
393.702 0.104871
393.837 0.104971
393.971 0.105071
394.105 0.105171
394.238 0.105271
394.372 0.105371
394.505 0.105471
394.637 0.105572
394.77 0.105672
394.902 0.105772
395.034 0.105872
395.166 0.105972
395.298 0.106072
395.429 0.106172
395.561 0.106272
395.692 0.106372
395.822 0.106472
395.953 0.106572
396.083 0.106672
396.212 0.106772
396.342 0.106872
396.471 0.106972
396.6 0.107072
396.729 0.107172
396.857 0.107272
396.985 0.107372
397.113 0.107472
397.24 0.107572
397.368 0.107672
397.495 0.107772
397.621 0.107872
397.748 0.107972
397.874 0.108072
398 0.108172
398.125 0.108272
398.251 0.108372
398.376 0.108472
398.5 0.108572
398.625 0.108672
398.749 0.108772
398.873 0.108872
398.997 0.108972
399.121 0.109072
399.244 0.109172
399.367 0.109272
399.49 0.109372
399.613 0.109472
399.735 0.109572
399.857 0.109672
399.979 0.109772
400.1 0.109872
400.221 0.109972
400.342 0.110072
400.462 0.110172
400.583 0.110272
400.702 0.110373
400.822 0.110473
400.941 0.110573
401.06 0.110673
401.179 0.110773
401.298 0.110873
401.416 0.110973
401.534 0.111073
401.651 0.111173
401.768 0.111273
401.885 0.111373
402.002 0.111473
402.119 0.111573
402.235 0.111673
402.351 0.111773
402.466 0.111873
402.581 0.111973
402.696 0.112073
402.811 0.112173
402.925 0.112273
403.04 0.112373
403.153 0.112473
403.267 0.112573
403.38 0.112673
403.493 0.112773
403.606 0.112873
403.718 0.112973
403.83 0.113073
403.942 0.113173
404.053 0.113273
404.165 0.113373
404.275 0.113473
404.386 0.113573
404.496 0.113673
404.606 0.113773
404.716 0.113873
404.825 0.113973
404.934 0.114073
405.043 0.114173
405.151 0.114273
405.26 0.114373
405.367 0.114473
405.475 0.114573
405.582 0.114673
405.689 0.114773
405.796 0.114873
405.902 0.114973
406.008 0.115073
406.114 0.115173
406.22 0.115273
406.325 0.115373
406.43 0.115473
406.534 0.115573
406.639 0.115673
406.743 0.115774
406.846 0.115874
406.95 0.115974
407.053 0.116074
407.155 0.116174
407.257 0.116274
407.359 0.116374
407.46 0.116474
407.561 0.116574
407.662 0.116674
407.762 0.116774
407.862 0.116874
407.962 0.116974
408.061 0.117074
408.161 0.117174
408.26 0.117274
408.358 0.117374
408.457 0.117474
408.555 0.117574
408.653 0.117674
408.75 0.117774
408.848 0.117874
408.945 0.117974
409.041 0.118074
409.138 0.118174
409.234 0.118274
409.33 0.118374
409.426 0.118474
409.522 0.118574
409.617 0.118674
409.712 0.118774
409.806 0.118874
409.899 0.118974
409.992 0.119074
410.085 0.119174
410.178 0.119274
410.27 0.119374
410.362 0.119474
410.454 0.119574
410.546 0.119674
410.638 0.119774
410.729 0.119874
410.82 0.119974
410.911 0.120074
411.001 0.120174
411.091 0.120274
411.182 0.120374
411.271 0.120474
411.361 0.120574
411.45 0.120674
411.539 0.120774
411.628 0.120874
411.717 0.120974
411.805 0.121074
411.893 0.121174
411.981 0.121274
412.069 0.121374
412.156 0.121474
412.243 0.121574
412.33 0.121674
412.417 0.121774
412.503 0.121874
412.589 0.121974
412.675 0.122074
412.761 0.122174
412.846 0.122274
412.931 0.122374
413.016 0.122474
413.101 0.122574
413.185 0.122675
413.269 0.122775
413.352 0.122875
413.435 0.122975
413.518 0.123075
413.6 0.123175
413.682 0.123275
413.765 0.123375
413.846 0.123475
413.928 0.123575
414.009 0.123675
414.091 0.123775
414.172 0.123875
414.252 0.123975
414.333 0.124075
414.413 0.124175
414.493 0.124275
414.573 0.124375
414.652 0.124475
414.731 0.124575
414.81 0.124675
414.889 0.124775
414.968 0.124875
415.046 0.124975
415.123 0.125075
415.2 0.125175
415.277 0.125275
415.354 0.125375
415.43 0.125475
415.506 0.125575
415.582 0.125675
415.658 0.125775
415.733 0.125875
415.808 0.125975
415.884 0.126075
415.958 0.126175
416.033 0.126275
416.108 0.126375
416.182 0.126475
416.256 0.126575
416.33 0.126675
416.404 0.126775
416.477 0.126875
416.551 0.126975
416.624 0.127075
416.697 0.127175
416.769 0.127275
416.842 0.127375
416.914 0.127475
416.986 0.127575
417.058 0.127675
417.13 0.127775
417.201 0.127875
417.273 0.127975
417.344 0.128075
417.414 0.128175
417.485 0.128275
417.555 0.128375
417.626 0.128475
417.695 0.128575
417.765 0.128675
417.835 0.128775
417.904 0.128875
417.972 0.128975
418.041 0.129075
418.108 0.129175
418.175 0.129275
418.242 0.129375
418.309 0.129475
418.375 0.129575
418.441 0.129675
418.507 0.129775
418.573 0.129875
418.639 0.129975
418.705 0.130075
418.77 0.130175
418.835 0.130275
418.901 0.130375
418.965 0.130475
419.03 0.130575
419.095 0.130675
419.159 0.130775
419.224 0.130875
419.288 0.130975
419.352 0.131075
419.415 0.131175
419.479 0.131275
419.542 0.131375
419.605 0.131476
419.668 0.131576
419.731 0.131676
419.794 0.131776
419.856 0.131876
419.919 0.131976
419.981 0.132076
420.043 0.132176
420.103 0.132276
420.163 0.132376
420.223 0.132476
420.282 0.132576
420.342 0.132676
420.401 0.132776
420.46 0.132876
420.52 0.132976
420.579 0.133076
420.638 0.133176
420.697 0.133276
420.755 0.133376
420.814 0.133476
420.873 0.133576
420.931 0.133676
420.989 0.133776
421.048 0.133876
421.106 0.133976
421.164 0.134076
421.223 0.134176
421.281 0.134276
421.34 0.134376
421.398 0.134476
421.457 0.134576
421.515 0.134676
421.573 0.134776
421.631 0.134876
421.689 0.134976
421.747 0.135076
421.805 0.135176
421.862 0.135276
421.92 0.135376
421.977 0.135476
422.034 0.135576
422.091 0.135676
422.147 0.135776
422.203 0.135876
422.259 0.135976
422.315 0.136076
422.371 0.136176
422.427 0.136276
422.483 0.136376
422.539 0.136476
422.594 0.136576
422.65 0.136676
422.705 0.136776
422.761 0.136876
422.816 0.136976
422.871 0.137076
422.926 0.137176
422.981 0.137276
423.035 0.137376
423.091 0.137476
423.146 0.137576
423.202 0.137676
423.257 0.137776
423.312 0.137876
423.367 0.137976
423.422 0.138076
423.477 0.138176
423.532 0.138276
423.586 0.138376
423.641 0.138476
423.695 0.138576
423.748 0.138676
423.802 0.138776
423.855 0.138876
423.908 0.138976
423.961 0.139076
424.014 0.139176
424.067 0.139276
424.119 0.139376
424.172 0.139476
424.224 0.139576
424.276 0.139676
424.329 0.139776
424.381 0.139876
424.432 0.139976
424.484 0.140076
424.536 0.140176
424.587 0.140276
424.639 0.140376
424.69 0.140476
424.741 0.140576
424.792 0.140676
424.843 0.140776
424.893 0.140876
424.944 0.140976
424.994 0.141076
425.045 0.141176
425.095 0.141276
425.145 0.141376
425.195 0.141476
425.245 0.141576
425.294 0.141676
425.344 0.141776
425.393 0.141876
425.443 0.141976
425.492 0.142076
425.541 0.142176
425.59 0.142276
425.638 0.142376
425.687 0.142476
425.735 0.142576
425.784 0.142676
425.832 0.142776
425.88 0.142876
425.928 0.142976
425.976 0.143076
426.023 0.143176
426.071 0.143276
426.118 0.143376
426.165 0.143476
426.212 0.143576
426.259 0.143676
426.306 0.143776
426.353 0.143876
426.399 0.143976
426.445 0.144076
426.492 0.144176
426.538 0.144276
426.583 0.144376
426.629 0.144476
426.675 0.144576
426.72 0.144676
426.766 0.144776
426.811 0.144876
426.856 0.144976
426.901 0.145076
426.945 0.145176
426.99 0.145276
427.034 0.145376
427.079 0.145476
427.123 0.145576
427.167 0.145676
427.211 0.145776
427.255 0.145876
427.298 0.145976
427.342 0.146076
427.385 0.146176
427.428 0.146277
427.471 0.146377
427.514 0.146477
427.557 0.146577
427.599 0.146677
427.641 0.146777
427.684 0.146877
427.726 0.146977
427.768 0.147077
427.809 0.147177
427.851 0.147277
427.892 0.147377
427.934 0.147477
427.975 0.147577
428.016 0.147677
428.057 0.147777
428.098 0.147877
428.139 0.147977
428.18 0.148077
428.22 0.148177
428.261 0.148277
428.301 0.148377
428.341 0.148477
428.381 0.148577
428.421 0.148677
428.461 0.148777
428.501 0.148877
428.54 0.148977
428.579 0.149077
428.618 0.149177
428.657 0.149277
428.696 0.149377
428.734 0.149477
428.773 0.149577
428.811 0.149677
428.849 0.149777
428.887 0.149877
428.925 0.149977
428.962 0.150077
428.999 0.150177
429.037 0.150277
429.074 0.150377
429.111 0.150477
429.147 0.150577
429.184 0.150677
429.221 0.150777
429.257 0.150877
429.293 0.150977
429.33 0.151077
429.366 0.151177
429.402 0.151277
429.437 0.151377
429.473 0.151477
429.508 0.151577
429.543 0.151677
429.578 0.151777
429.613 0.151877
429.648 0.151977
429.683 0.152077
429.718 0.152177
429.752 0.152277
429.787 0.152377
429.821 0.152477
429.855 0.152577
429.889 0.152677
429.923 0.152777
429.957 0.152877
429.99 0.152977
430.024 0.153077
430.057 0.153177
430.09 0.153277
430.122 0.153377
430.155 0.153477
430.187 0.153577
430.219 0.153677
430.251 0.153777
430.283 0.153877
430.315 0.153977
430.346 0.154077
430.377 0.154177
430.409 0.154277
430.44 0.154377
430.471 0.154477
430.503 0.154577
430.534 0.154677
430.566 0.154777
430.597 0.154877
430.627 0.154977
430.658 0.155077
430.688 0.155177
430.719 0.155277
430.749 0.155377
430.779 0.155477
430.809 0.155577
430.839 0.155677
430.869 0.155777
430.898 0.155877
430.927 0.155977
430.957 0.156077
430.986 0.156177
431.014 0.156277
431.043 0.156377
431.071 0.156477
431.099 0.156577
431.127 0.156677
431.155 0.156777
431.182 0.156877
431.21 0.156977
431.237 0.157077
431.263 0.157177
431.29 0.157277
431.317 0.157377
431.343 0.157477
431.369 0.157577
431.394 0.157677
431.42 0.157777
431.445 0.157877
431.47 0.157977
431.496 0.158077
431.521 0.158177
431.547 0.158277
431.573 0.158377
431.598 0.158477
431.624 0.158577
431.649 0.158677
431.673 0.158777
431.698 0.158877
431.722 0.158977
431.746 0.159077
431.77 0.159177
431.794 0.159277
431.817 0.159377
431.84 0.159477
431.863 0.159577
431.886 0.159677
431.908 0.159777
431.93 0.159877
431.952 0.159977
431.974 0.160077
431.995 0.160177
432.016 0.160277
432.037 0.160377
432.057 0.160477
432.077 0.160577
432.097 0.160677
432.117 0.160777
432.136 0.160877
432.155 0.160977
432.174 0.161077
432.192 0.161177
432.21 0.161277
432.227 0.161377
432.244 0.161477
432.261 0.161577
432.276 0.161677
432.291 0.161777
432.306 0.161877
432.319 0.161977
432.332 0.162077
432.344 0.162177
432.356 0.162277
432.368 0.162377
432.38 0.162477
432.391 0.162577
432.403 0.162677
432.414 0.162777
432.425 0.162877
432.436 0.162977
432.447 0.163077
432.457 0.163177
432.467 0.163277
432.477 0.163377
432.487 0.163477
432.496 0.163577
432.506 0.163677
432.515 0.163777
432.524 0.163877
432.532 0.163977
432.541 0.164077
432.549 0.164177
432.557 0.164277
432.565 0.164377
432.572 0.164477
432.58 0.164577
432.587 0.164677
432.593 0.164777
432.6 0.164877
432.605 0.164977
432.608 0.165077
432.61 0.165177
432.61 0.165277
432.61 0.165377
432.61 0.165477
432.61 0.165577
432.61 0.165677
432.609 0.165777
432.608 0.165877
432.608 0.165977
432.606 0.166077
432.605 0.166177
432.603 0.166277
432.602 0.166377
432.6 0.166477
432.598 0.166577
432.597 0.166677
432.595 0.166777
432.592 0.166877
432.59 0.166977
432.589 0.167077
432.588 0.167177
432.587 0.167277
432.587 0.167377
432.589 0.167477
432.59 0.167577
432.592 0.167677
432.594 0.167777
432.595 0.167877
432.597 0.167977
432.598 0.168077
432.599 0.168177
432.601 0.168277
432.602 0.168377
432.602 0.168477
432.602 0.168577
432.601 0.168677
432.601 0.168777
432.601 0.168877
432.601 0.168977
432.602 0.169077
432.603 0.169177
432.605 0.169277
432.606 0.169377
432.607 0.169477
432.608 0.169577
432.611 0.169677
432.614 0.169777
432.617 0.169877
432.622 0.169977
432.629 0.170077
432.637 0.170177
432.644 0.170277
432.651 0.170377
432.658 0.170477
432.667 0.170577
432.677 0.170677
432.688 0.170777
432.699 0.170877
432.71 0.170977
432.72 0.171077
432.731 0.171177
432.741 0.171277
432.751 0.171377
432.76 0.171477
432.769 0.171577
432.777 0.171677
432.784 0.171777
432.789 0.171877
432.794 0.171977
432.8 0.172077
432.805 0.172177
432.81 0.172277
432.816 0.172377
432.823 0.172477
432.83 0.172577
432.838 0.172677
432.845 0.172777
432.852 0.172877
432.859 0.172977
432.866 0.173077
432.872 0.173177
432.879 0.173277
432.885 0.173377
432.895 0.173477
432.907 0.173577
432.92 0.173677
432.933 0.173777
432.946 0.173877
432.959 0.173977
432.973 0.174077
432.986 0.174177
433 0.174277
433.013 0.174377
433.026 0.174477
433.038 0.174577
433.051 0.174677
433.063 0.174777
433.076 0.174877
433.088 0.174977
433.1 0.175077
433.112 0.175177
433.12 0.175277
433.128 0.175377
433.134 0.175477
433.139 0.175577
433.145 0.175677
433.15 0.175777
433.156 0.175877
433.161 0.175977
433.166 0.176077
433.17 0.176177
433.175 0.176277
433.179 0.176377
433.184 0.176477
433.188 0.176577
433.192 0.176677
433.195 0.176777
433.199 0.176877
433.202 0.176977
433.205 0.177077
433.208 0.177177
433.211 0.177277
433.213 0.177377
433.216 0.177477
433.218 0.177577
433.22 0.177677
433.221 0.177777
433.222 0.177877
433.223 0.177977
433.224 0.178077
433.224 0.178177
433.224 0.178277
433.223 0.178377
433.223 0.178477
433.222 0.178577
433.221 0.178677
433.219 0.178777
433.218 0.178877
433.217 0.178977
433.215 0.179077
433.213 0.179177
433.211 0.179277
433.209 0.179377
433.207 0.179477
433.204 0.179577
433.202 0.179677
433.199 0.179777
433.196 0.179877
433.193 0.179977
433.19 0.180077
433.186 0.180177
433.183 0.180277
433.179 0.180377
433.175 0.180477
433.171 0.180577
433.166 0.180677
433.162 0.180777
433.157 0.180877
433.152 0.180977
433.147 0.181077
433.141 0.181177
433.134 0.181277
433.127 0.181377
433.12 0.181477
433.113 0.181577
433.106 0.181677
433.099 0.181777
433.091 0.181877
433.084 0.181977
433.076 0.182077
433.069 0.182177
433.061 0.182277
433.053 0.182377
433.045 0.182477
433.037 0.182577
433.029 0.182677
433.02 0.182777
433.012 0.182877
433.003 0.182977
432.995 0.183077
432.986 0.183177
432.977 0.183277
432.968 0.183377
432.959 0.183477
432.949 0.183577
432.94 0.183677
432.93 0.183777
432.92 0.183877
432.911 0.183977
432.901 0.184077
432.891 0.184177
432.881 0.184277
432.87 0.184377
432.86 0.184477
432.85 0.184577
432.839 0.184677
432.829 0.184777
432.818 0.184877
432.807 0.184977
432.796 0.185077
432.785 0.185177
432.774 0.185277
432.763 0.185377
432.752 0.185477
432.741 0.185577
432.729 0.185677
432.718 0.185777
432.706 0.185877
432.694 0.185977
432.683 0.186077
432.671 0.186177
432.659 0.186277
432.646 0.186377
432.634 0.186477
432.622 0.186577
432.609 0.186677
432.597 0.186777
432.584 0.186877
432.572 0.186977
432.559 0.187077
432.546 0.187177
432.533 0.187277
432.52 0.187377
432.507 0.187477
432.493 0.187577
432.48 0.187677
432.466 0.187777
432.453 0.187877
432.439 0.187977
432.425 0.188077
432.411 0.188177
432.397 0.188277
432.383 0.188377
432.369 0.188477
432.355 0.188577
432.341 0.188677
432.326 0.188777
432.312 0.188877
432.297 0.188977
432.283 0.189077
432.268 0.189177
432.253 0.189277
432.238 0.189377
432.223 0.189477
432.208 0.189577
432.193 0.189677
432.178 0.189777
432.162 0.189877
432.147 0.189977
432.131 0.190077
432.115 0.190177
432.1 0.190277
432.084 0.190377
432.068 0.190477
432.052 0.190577
432.036 0.190677
432.02 0.190777
432.004 0.190877
431.988 0.190977
431.973 0.191077
431.957 0.191177
431.941 0.191277
431.925 0.191377
431.909 0.191477
431.892 0.191577
431.876 0.191677
431.86 0.191777
431.843 0.191877
431.826 0.191977
431.81 0.192077
431.793 0.192177
431.776 0.192277
431.759 0.192377
431.742 0.192477
431.725 0.192577
431.708 0.192677
431.69 0.192777
431.673 0.192877
431.655 0.192977
431.638 0.193077
431.62 0.193177
431.602 0.193277
431.584 0.193377
431.567 0.193477
431.549 0.193577
431.53 0.193677
431.512 0.193777
431.494 0.193877
431.476 0.193977
431.457 0.194077
431.439 0.194177
431.42 0.194277
431.401 0.194377
431.383 0.194477
431.364 0.194577
431.346 0.194677
431.329 0.194777
431.311 0.194877
431.293 0.194977
431.275 0.195077
431.257 0.195177
431.239 0.195277
431.221 0.195377
431.203 0.195477
431.185 0.195577
431.166 0.195677
431.148 0.195777
431.129 0.195877
431.11 0.195977
431.092 0.196077
431.073 0.196177
431.054 0.196277
431.035 0.196377
431.016 0.196477
430.996 0.196577
430.977 0.196677
430.958 0.196777
430.938 0.196877
430.919 0.196977
430.899 0.197077
430.88 0.197177
430.86 0.197277
430.841 0.197377
430.822 0.197477
430.803 0.197577
430.784 0.197677
430.765 0.197777
430.746 0.197877
430.727 0.197977
430.707 0.198077
430.688 0.198177
430.669 0.198277
430.649 0.198377
430.63 0.198477
430.61 0.198577
430.59 0.198677
430.57 0.198777
430.551 0.198877
430.531 0.198977
430.512 0.199077
430.492 0.199177
430.472 0.199277
430.452 0.199377
430.433 0.199477
430.413 0.199577
430.393 0.199677
430.374 0.199777
430.354 0.199877
430.334 0.199977
430.314 0.200077
430.294 0.200177
430.273 0.200277
430.253 0.200377
430.233 0.200477
430.213 0.200577
430.192 0.200677
430.172 0.200777
430.151 0.200877
430.131 0.200977
430.11 0.201077
430.09 0.201177
430.069 0.201277
430.048 0.201377
430.027 0.201477
430.006 0.201577
429.986 0.201677
429.966 0.201777
429.946 0.201877
429.926 0.201977
429.906 0.202077
429.887 0.202177
429.867 0.202277
429.847 0.202377
429.827 0.202477
429.806 0.202577
429.786 0.202677
429.766 0.202777
429.746 0.202877
429.725 0.202977
429.705 0.203077
429.684 0.203177
429.664 0.203277
429.643 0.203377
429.623 0.203477
429.602 0.203577
429.582 0.203677
429.561 0.203777
429.54 0.203877
429.52 0.203977
429.499 0.204077
429.479 0.204177
429.459 0.204277
429.438 0.204377
429.418 0.204477
429.397 0.204577
429.377 0.204677
429.356 0.204777
429.335 0.204877
429.315 0.204977
429.294 0.205077
429.273 0.205177
429.253 0.205277
429.232 0.205377
429.211 0.205477
429.191 0.205577
429.17 0.205678
429.149 0.205778
429.128 0.205878
429.107 0.205978
429.086 0.206078
429.065 0.206178
429.044 0.206278
429.023 0.206378
429.002 0.206478
428.981 0.206578
428.96 0.206678
428.939 0.206778
428.918 0.206878
428.897 0.206978
428.875 0.207078
428.854 0.207178
428.833 0.207278
428.811 0.207378
428.79 0.207478
428.769 0.207578
428.747 0.207678
428.726 0.207778
428.704 0.207878
428.682 0.207978
428.661 0.208078
428.639 0.208178
428.618 0.208278
428.596 0.208378
428.574 0.208478
428.553 0.208578
428.531 0.208678
428.51 0.208778
428.489 0.208878
428.468 0.208978
428.447 0.209078
428.426 0.209178
428.405 0.209278
428.384 0.209378
428.363 0.209478
428.342 0.209578
428.321 0.209678
428.299 0.209778
428.278 0.209878
428.257 0.209978
428.236 0.210078
428.214 0.210178
428.193 0.210278
428.172 0.210378
428.151 0.210478
428.129 0.210578
428.108 0.210678
428.086 0.210778
428.065 0.210878
428.044 0.210978
428.022 0.211078
428.001 0.211178
427.979 0.211278
427.958 0.211378
427.936 0.211478
427.915 0.211578
427.893 0.211678
427.872 0.211778
427.85 0.211878
427.828 0.211978
427.807 0.212078
427.785 0.212178
427.763 0.212278
427.742 0.212378
427.72 0.212478
427.698 0.212578
427.677 0.212678
427.655 0.212778
427.633 0.212878
427.611 0.212978
427.589 0.213078
427.567 0.213178
427.546 0.213278
427.524 0.213378
427.502 0.213478
427.48 0.213578
427.458 0.213678
427.436 0.213778
427.414 0.213878
427.392 0.213978
427.37 0.214078
427.348 0.214178
427.326 0.214278
427.304 0.214378
427.282 0.214478
427.26 0.214578
427.238 0.214678
427.216 0.214778
427.193 0.214878
427.171 0.214978
427.149 0.215078
427.127 0.215178
427.105 0.215278
427.082 0.215378
427.06 0.215478
427.038 0.215578
427.016 0.215678
426.993 0.215778
426.971 0.215878
426.949 0.215978
426.926 0.216078
426.904 0.216178
426.882 0.216278
426.859 0.216378
426.837 0.216478
426.815 0.216578
426.792 0.216678
426.77 0.216778
426.747 0.216878
426.725 0.216978
426.702 0.217078
426.68 0.217178
426.657 0.217278
426.635 0.217378
426.612 0.217478
426.59 0.217578
426.567 0.217678
426.545 0.217778
426.522 0.217878
426.499 0.217978
426.477 0.218079
426.454 0.218179
426.431 0.218279
426.409 0.218379
426.386 0.218479
426.363 0.218579
426.341 0.218679
426.318 0.218779
426.295 0.218879
426.272 0.218979
426.25 0.219079
426.227 0.219179
426.204 0.219279
426.181 0.219379
426.158 0.219479
426.135 0.219579
426.113 0.219679
426.09 0.219779
426.067 0.219879
426.044 0.219979
426.021 0.220079
425.998 0.220179
425.975 0.220279
425.952 0.220379
425.929 0.220479
425.906 0.220579
425.883 0.220679
425.86 0.220779
425.837 0.220879
425.814 0.220979
425.791 0.221079
425.768 0.221179
425.745 0.221279
425.721 0.221379
425.698 0.221479
425.675 0.221579
425.652 0.221679
425.629 0.221779
425.606 0.221879
425.582 0.221979
425.559 0.222079
425.536 0.222179
425.513 0.222279
425.489 0.222379
425.466 0.222479
425.443 0.222579
425.419 0.222679
425.396 0.222779
425.373 0.222879
425.349 0.222979
425.326 0.223079
425.302 0.223179
425.279 0.223279
425.256 0.223379
425.232 0.223479
425.209 0.223579
425.185 0.223679
425.162 0.223779
425.138 0.223879
425.115 0.223979
425.091 0.224079
425.067 0.224179
425.044 0.224279
425.02 0.224379
424.997 0.224479
424.973 0.224579
424.949 0.224679
424.926 0.224779
424.902 0.224879
424.878 0.224979
424.854 0.225079
424.831 0.225179
424.807 0.225279
424.783 0.225379
424.759 0.225479
424.735 0.225579
424.712 0.225679
424.688 0.225779
424.664 0.225879
424.64 0.225979
424.616 0.226079
424.592 0.226179
424.568 0.226279
424.544 0.226379
424.52 0.226479
424.496 0.226579
424.472 0.226679
424.448 0.226779
424.424 0.226879
424.4 0.226979
424.376 0.227079
424.352 0.227179
424.328 0.227279
424.304 0.227379
424.28 0.227479
424.256 0.227579
424.232 0.227679
424.207 0.227779
424.183 0.227879
424.159 0.227979
424.135 0.228079
424.11 0.228179
424.086 0.228279
424.062 0.228379
424.038 0.228479
424.013 0.228579
423.989 0.228679
423.965 0.228779
423.94 0.228879
423.916 0.228979
423.891 0.229079
423.867 0.229179
423.843 0.229279
423.818 0.229379
423.794 0.229479
423.769 0.229579
423.745 0.229679
423.72 0.229779
423.696 0.229879
423.671 0.229979
423.646 0.230079
423.622 0.230179
423.597 0.230279
423.572 0.230379
423.548 0.230479
423.523 0.230579
423.498 0.230679
423.474 0.230779
423.449 0.230879
423.424 0.230979
423.399 0.231079
423.375 0.231179
423.35 0.231279
423.325 0.231379
423.3 0.231479
423.275 0.231579
423.25 0.231679
423.225 0.231779
423.201 0.231879
423.176 0.231979
423.151 0.232079
423.126 0.232179
423.101 0.232279
423.076 0.232379
423.051 0.232479
423.026 0.232579
423 0.232679
422.975 0.232779
422.95 0.232879
422.925 0.232979
422.9 0.233079
422.875 0.233179
422.849 0.233279
422.824 0.233379
422.799 0.233479
422.774 0.233579
422.748 0.233679
422.723 0.233779
422.698 0.233879
422.672 0.233979
422.647 0.234079
422.622 0.234179
422.596 0.234279
422.571 0.234379
422.545 0.234479
422.52 0.234579
422.494 0.234679
422.469 0.234779
422.443 0.234879
422.418 0.234979
422.392 0.235079
422.367 0.235179
422.341 0.235279
422.315 0.235379
422.29 0.235479
422.264 0.235579
422.238 0.235679
422.213 0.235779
422.187 0.235879
422.161 0.235979
422.135 0.236079
422.11 0.236179
422.084 0.236279
422.058 0.236379
422.032 0.236479
422.006 0.236579
421.98 0.236679
421.954 0.236779
421.929 0.236879
421.903 0.236979
421.877 0.237079
421.851 0.237179
421.825 0.237279
421.799 0.237379
421.772 0.237479
421.746 0.237579
421.72 0.237679
421.694 0.237779
421.668 0.237879
421.642 0.237979
421.616 0.238079
421.589 0.238179
421.563 0.238279
421.537 0.238379
421.51 0.238479
421.484 0.238579
421.458 0.238679
421.431 0.238779
421.405 0.238879
421.379 0.238979
421.352 0.239079
421.326 0.239179
421.299 0.239279
421.273 0.239379
421.246 0.239479
421.22 0.239579
421.193 0.239679
421.167 0.239779
421.14 0.239879
421.114 0.239979
421.087 0.240079
421.06 0.240179
421.034 0.240279
421.007 0.240379
420.98 0.240479
420.954 0.240579
420.927 0.240679
420.9 0.240779
420.873 0.240879
420.847 0.240979
420.82 0.241079
420.793 0.241179
420.766 0.241279
420.739 0.241379
420.712 0.241479
420.685 0.241579
420.659 0.241679
420.632 0.241779
420.605 0.241879
420.578 0.241979
420.551 0.242079
420.524 0.242179
420.497 0.242279
420.469 0.242379
420.442 0.242479
420.415 0.242579
420.388 0.242679
420.361 0.242778
420.334 0.242878
420.307 0.242978
420.28 0.243078
420.252 0.243178
420.225 0.243278
420.198 0.243378
420.171 0.243478
420.144 0.243578
420.116 0.243678
420.089 0.243778
420.062 0.243878
420.034 0.243978
420.007 0.244078
419.98 0.244178
419.952 0.244278
419.925 0.244378
419.898 0.244478
419.87 0.244578
419.843 0.244678
419.815 0.244778
419.788 0.244878
419.76 0.244978
419.733 0.245078
419.705 0.245178
419.678 0.245278
419.65 0.245378
419.623 0.245478
419.595 0.245578
419.568 0.245678
419.54 0.245778
419.513 0.245878
419.485 0.245978
419.457 0.246078
419.43 0.246178
419.402 0.246278
419.374 0.246378
419.347 0.246478
419.319 0.246578
419.291 0.246678
419.263 0.246778
419.236 0.246878
419.208 0.246978
419.18 0.247078
419.152 0.247178
419.125 0.247278
419.097 0.247378
419.069 0.247478
419.041 0.247578
419.013 0.247678
418.986 0.247778
418.958 0.247878
418.93 0.247978
418.902 0.248078
418.874 0.248178
418.846 0.248278
418.818 0.248378
418.79 0.248478
418.762 0.248578
418.734 0.248678
418.706 0.248778
418.678 0.248878
418.65 0.248978
418.622 0.249078
418.594 0.249178
418.566 0.249278
418.538 0.249378
418.51 0.249478
418.482 0.249578
418.454 0.249678
418.425 0.249778
418.397 0.249878
418.369 0.249978
418.341 0.250078
418.313 0.250178
418.285 0.250278
418.256 0.250378
418.228 0.250478
418.2 0.250578
418.172 0.250678
418.143 0.250778
418.115 0.250877
418.087 0.250977
418.058 0.251077
418.03 0.251177
418.002 0.251277
417.973 0.251377
417.945 0.251477
417.917 0.251577
417.888 0.251677
417.86 0.251777
417.832 0.251877
417.803 0.251977
417.775 0.252077
417.746 0.252177
417.718 0.252277
417.689 0.252377
417.661 0.252477
417.632 0.252577
417.604 0.252677
417.575 0.252777
417.547 0.252877
417.518 0.252977
417.49 0.253077
417.461 0.253177
417.432 0.253277
417.404 0.253377
417.375 0.253477
417.347 0.253577
417.318 0.253677
417.289 0.253777
417.261 0.253877
417.232 0.253977
417.203 0.254077
417.175 0.254177
417.146 0.254277
417.117 0.254377
417.089 0.254477
417.06 0.254577
417.031 0.254677
417.002 0.254777
416.974 0.254877
416.945 0.254977
416.916 0.255077
416.887 0.255177
416.859 0.255277
416.83 0.255377
416.801 0.255477
416.772 0.255577
416.743 0.255677
416.714 0.255777
416.686 0.255877
416.657 0.255977
416.628 0.256077
416.599 0.256177
416.57 0.256277
416.541 0.256377
416.512 0.256477
416.483 0.256577
416.454 0.256677
416.425 0.256777
416.396 0.256877
416.367 0.256977
416.338 0.257077
416.309 0.257177
416.28 0.257277
416.251 0.257376
416.222 0.257476
416.193 0.257576
416.164 0.257676
416.135 0.257776
416.106 0.257876
416.077 0.257976
416.048 0.258076
416.019 0.258176
415.99 0.258276
415.961 0.258376
415.932 0.258476
415.902 0.258576
415.873 0.258676
415.844 0.258776
415.815 0.258876
415.786 0.258976
415.757 0.259076
415.728 0.259176
415.698 0.259276
415.669 0.259376
415.64 0.259476
415.611 0.259576
415.582 0.259676
415.552 0.259776
415.523 0.259876
415.494 0.259976
415.464 0.260076
415.435 0.260176
415.406 0.260276
415.377 0.260376
415.347 0.260476
415.318 0.260576
415.289 0.260676
415.259 0.260776
415.23 0.260876
415.201 0.260976
415.171 0.261076
415.142 0.261176
415.112 0.261276
415.083 0.261376
415.054 0.261476
415.024 0.261576
414.995 0.261676
414.965 0.261776
414.936 0.261876
414.906 0.261976
414.877 0.262076
414.847 0.262176
414.818 0.262276
414.788 0.262376
414.759 0.262476
414.729 0.262576
414.7 0.262676
414.67 0.262776
414.641 0.262876
414.611 0.262976
414.582 0.263076
414.552 0.263176
414.523 0.263276
414.493 0.263375
414.463 0.263475
414.434 0.263575
414.404 0.263675
414.375 0.263775
414.345 0.263875
414.315 0.263975
414.286 0.264075
414.256 0.264175
414.226 0.264275
414.197 0.264375
414.167 0.264475
414.137 0.264575
414.108 0.264675
414.078 0.264775
414.048 0.264875
414.018 0.264975
413.989 0.265075
413.959 0.265175
413.929 0.265275
413.9 0.265375
413.87 0.265475
413.84 0.265575
413.81 0.265675
413.78 0.265775
413.751 0.265875
413.721 0.265975
413.691 0.266075
413.661 0.266175
413.631 0.266275
413.602 0.266375
413.572 0.266475
413.542 0.266575
413.512 0.266675
413.482 0.266775
413.452 0.266875
413.423 0.266975
413.393 0.267075
413.363 0.267175
413.333 0.267275
413.303 0.267375
413.273 0.267475
413.243 0.267575
413.213 0.267675
413.183 0.267775
413.153 0.267875
413.123 0.267975
413.094 0.268075
413.064 0.268175
413.034 0.268275
413.004 0.268375
412.974 0.268475
412.944 0.268575
412.914 0.268675
412.884 0.268775
412.854 0.268875
412.824 0.268975
412.794 0.269074
412.764 0.269174
412.734 0.269274
412.703 0.269374
412.673 0.269474
412.643 0.269574
412.613 0.269674
412.583 0.269774
412.553 0.269874
412.523 0.269974
412.493 0.270074
412.463 0.270174
412.433 0.270274
412.403 0.270374
412.372 0.270474
412.342 0.270574
412.312 0.270674
412.282 0.270774
412.252 0.270874
412.222 0.270974
412.192 0.271074
412.161 0.271174
412.131 0.271274
412.101 0.271374
412.071 0.271474
412.041 0.271574
412.01 0.271674
411.98 0.271774
411.95 0.271874
411.92 0.271974
411.889 0.272074
411.859 0.272174
411.829 0.272274
411.799 0.272374
411.768 0.272474
411.738 0.272574
411.708 0.272674
411.678 0.272774
411.647 0.272874
411.617 0.272974
411.587 0.273074
411.556 0.273174
411.526 0.273274
411.496 0.273374
411.465 0.273474
411.435 0.273574
411.405 0.273674
411.374 0.273774
411.344 0.273874
411.314 0.273974
411.283 0.274074
411.253 0.274174
411.222 0.274274
411.192 0.274374
411.162 0.274474
411.131 0.274574
411.101 0.274674
411.07 0.274773
411.04 0.274873
411.01 0.274973
410.979 0.275073
410.949 0.275173
410.918 0.275273
410.888 0.275373
410.857 0.275473
410.827 0.275573
410.796 0.275673
410.766 0.275773
410.735 0.275873
410.705 0.275973
410.674 0.276073
410.644 0.276173
410.613 0.276273
410.583 0.276373
410.552 0.276473
410.521 0.276573
410.491 0.276673
410.46 0.276773
410.43 0.276873
410.399 0.276973
410.369 0.277073
410.338 0.277173
410.307 0.277273
410.277 0.277373
410.246 0.277473
410.216 0.277573
410.185 0.277673
410.154 0.277773
410.124 0.277873
410.093 0.277973
410.062 0.278073
410.032 0.278173
410.001 0.278273
409.97 0.278373
409.94 0.278473
409.909 0.278573
409.878 0.278673
409.848 0.278773
409.817 0.278873
409.786 0.278973
409.755 0.279073
409.725 0.279173
409.694 0.279273
409.663 0.279373
409.633 0.279473
409.602 0.279573
409.571 0.279673
409.54 0.279773
409.509 0.279873
409.479 0.279973
409.448 0.280073
409.417 0.280173
409.386 0.280273
409.356 0.280373
409.325 0.280472
409.294 0.280572
409.263 0.280672
409.232 0.280772
409.201 0.280872
409.171 0.280972
409.14 0.281072
409.109 0.281172
409.078 0.281272
409.047 0.281372
409.016 0.281472
408.985 0.281572
408.954 0.281672
408.924 0.281772
408.893 0.281872
408.862 0.281972
408.831 0.282072
408.8 0.282172
408.769 0.282272
408.738 0.282372
408.707 0.282472
408.676 0.282572
408.645 0.282672
408.614 0.282772
408.583 0.282872
408.552 0.282972
408.521 0.283072
408.49 0.283172
408.459 0.283272
408.428 0.283372
408.397 0.283472
408.366 0.283572
408.335 0.283672
408.304 0.283772
408.273 0.283872
408.242 0.283972
408.211 0.284072
408.18 0.284172
408.149 0.284272
408.118 0.284372
408.087 0.284472
408.056 0.284572
408.025 0.284672
407.994 0.284772
407.963 0.284872
407.931 0.284972
407.9 0.285072
407.869 0.285172
407.838 0.285272
407.807 0.285372
407.776 0.285472
407.745 0.285572
407.713 0.285672
407.682 0.285772
407.651 0.285872
407.62 0.285972
407.589 0.286072
407.558 0.286171
407.526 0.286271
407.495 0.286371
407.464 0.286471
407.433 0.286571
407.402 0.286671
407.37 0.286771
407.339 0.286871
407.308 0.286971
407.277 0.287071
407.245 0.287171
407.214 0.287271
407.183 0.287371
407.152 0.287471
407.12 0.287571
407.089 0.287671
407.058 0.287771
407.026 0.287871
406.995 0.287971
406.964 0.288071
406.933 0.288171
406.901 0.288271
406.87 0.288371
406.839 0.288471
406.807 0.288571
406.776 0.288671
406.744 0.288771
406.713 0.288871
406.682 0.288971
406.65 0.289071
406.619 0.289171
406.588 0.289271
406.556 0.289371
406.525 0.289471
406.493 0.289571
406.462 0.289671
406.43 0.289771
406.399 0.289871
406.368 0.289971
406.336 0.290071
406.305 0.290171
406.273 0.290271
406.242 0.290371
406.21 0.290471
406.179 0.290571
406.147 0.290671
406.116 0.290771
406.084 0.290871
406.053 0.290971
406.021 0.291071
405.989 0.291171
405.958 0.291271
405.926 0.291371
405.895 0.291471
405.863 0.291571
405.832 0.291671
405.8 0.291771
405.769 0.29187
405.737 0.29197
405.705 0.29207
405.674 0.29217
405.642 0.29227
405.611 0.29237
405.579 0.29247
405.547 0.29257
405.516 0.29267
405.484 0.29277
405.452 0.29287
405.421 0.29297
405.389 0.29307
405.357 0.29317
405.326 0.29327
405.294 0.29337
405.262 0.29347
405.231 0.29357
405.199 0.29367
405.167 0.29377
405.136 0.29387
405.104 0.29397
405.072 0.29407
405.04 0.29417
405.009 0.29427
404.977 0.29437
404.945 0.29447
404.913 0.29457
404.882 0.29467
404.85 0.29477
404.818 0.29487
404.786 0.29497
404.755 0.29507
404.723 0.29517
404.691 0.29527
404.659 0.29537
404.627 0.29547
404.595 0.29557
404.564 0.29567
404.532 0.29577
404.5 0.29587
404.468 0.29597
404.436 0.29607
404.404 0.29617
404.373 0.29627
404.341 0.29637
404.309 0.29647
404.277 0.29657
404.245 0.29667
404.213 0.29677
404.181 0.29687
404.149 0.29697
404.117 0.29707
404.085 0.29717
404.054 0.29727
404.022 0.29737
403.99 0.29747
403.958 0.29757
403.926 0.297669
403.894 0.297769
403.862 0.297869
403.83 0.297969
403.798 0.298069
403.766 0.298169
403.734 0.298269
403.702 0.298369
403.67 0.298469
403.638 0.298569
403.606 0.298669
403.574 0.298769
403.542 0.298869
403.51 0.298969
403.478 0.299069
403.446 0.299169
403.414 0.299269
403.382 0.299369
403.349 0.299469
403.317 0.299569
403.285 0.299669
403.253 0.299769
403.221 0.299869
403.189 0.299969
403.157 0.300069
403.125 0.300169
403.093 0.300269
403.06 0.300369
403.028 0.300469
402.996 0.300569
402.964 0.300669
402.932 0.300769
402.9 0.300869
402.867 0.300969
402.835 0.301069
402.803 0.301169
402.771 0.301269
402.739 0.301369
402.706 0.301469
402.674 0.301569
402.642 0.301669
402.61 0.301769
402.577 0.301869
402.545 0.301969
402.513 0.302069
402.481 0.302169
402.448 0.302269
402.416 0.302369
402.384 0.302469
402.352 0.302569
402.319 0.302669
402.287 0.302769
402.255 0.302869
402.222 0.302969
402.19 0.303069
402.158 0.303169
402.125 0.303269
402.093 0.303369
402.061 0.303468
402.028 0.303568
401.996 0.303668
401.963 0.303768
401.931 0.303868
401.899 0.303968
401.866 0.304068
401.834 0.304168
401.801 0.304268
401.769 0.304368
401.737 0.304468
401.704 0.304568
401.672 0.304668
401.639 0.304768
401.607 0.304868
401.574 0.304968
401.542 0.305068
401.509 0.305168
401.477 0.305268
401.444 0.305368
401.412 0.305468
401.379 0.305568
401.347 0.305668
401.314 0.305768
401.282 0.305868
401.249 0.305968
401.217 0.306068
401.184 0.306168
401.152 0.306268
401.119 0.306368
401.087 0.306468
401.054 0.306568
401.021 0.306668
400.989 0.306768
400.956 0.306868
400.924 0.306968
400.891 0.307068
400.858 0.307168
400.826 0.307268
400.793 0.307368
400.76 0.307468
400.728 0.307568
400.695 0.307668
400.662 0.307768
400.63 0.307868
400.597 0.307968
400.564 0.308068
400.532 0.308168
400.499 0.308268
400.466 0.308368
400.433 0.308468
400.401 0.308568
400.368 0.308668
400.335 0.308768
400.302 0.308868
400.27 0.308968
400.237 0.309068
400.204 0.309168
400.171 0.309268
400.138 0.309368
400.106 0.309468
400.073 0.309567
400.04 0.309667
400.007 0.309767
399.974 0.309867
399.942 0.309967
399.909 0.310067
399.876 0.310167
399.843 0.310267
399.81 0.310367
399.777 0.310467
399.744 0.310567
399.711 0.310667
399.678 0.310767
399.646 0.310867
399.613 0.310967
399.58 0.311067
399.547 0.311167
399.514 0.311267
399.481 0.311367
399.448 0.311467
399.415 0.311567
399.382 0.311667
399.349 0.311767
399.316 0.311867
399.283 0.311967
399.25 0.312067
399.217 0.312167
399.184 0.312267
399.151 0.312367
399.118 0.312467
399.085 0.312567
399.052 0.312667
399.019 0.312767
398.986 0.312867
398.952 0.312967
398.919 0.313067
398.886 0.313167
398.853 0.313267
398.82 0.313367
398.787 0.313467
398.754 0.313567
398.721 0.313667
398.688 0.313767
398.654 0.313867
398.621 0.313967
398.588 0.314067
398.555 0.314167
398.522 0.314267
398.488 0.314367
398.455 0.314467
398.422 0.314567
398.389 0.314667
398.356 0.314767
398.322 0.314867
398.289 0.314967
398.256 0.315067
398.223 0.315167
398.189 0.315267
398.156 0.315367
398.123 0.315467
398.09 0.315567
398.056 0.315667
398.023 0.315767
397.99 0.315867
397.956 0.315967
397.923 0.316066
397.89 0.316166
397.856 0.316266
397.823 0.316366
397.79 0.316466
397.756 0.316566
397.723 0.316666
397.689 0.316766
397.656 0.316866
397.623 0.316966
397.589 0.317066
397.556 0.317166
397.522 0.317266
397.489 0.317366
397.456 0.317466
397.422 0.317566
397.389 0.317666
397.355 0.317766
397.322 0.317866
397.288 0.317966
397.255 0.318066
397.221 0.318166
397.188 0.318266
397.154 0.318366
397.121 0.318466
397.087 0.318566
397.054 0.318666
397.02 0.318766
396.987 0.318866
396.953 0.318966
396.919 0.319066
396.886 0.319166
396.852 0.319266
396.819 0.319366
396.785 0.319466
396.751 0.319566
396.718 0.319666
396.684 0.319766
396.651 0.319866
396.617 0.319966
396.583 0.320066
396.55 0.320166
396.516 0.320266
396.482 0.320366
396.449 0.320466
396.415 0.320566
396.381 0.320666
396.347 0.320766
396.314 0.320866
396.28 0.320966
396.246 0.321066
396.213 0.321166
396.179 0.321266
396.145 0.321366
396.111 0.321466
396.077 0.321566
396.044 0.321666
396.01 0.321766
395.976 0.321866
395.942 0.321966
395.908 0.322066
395.875 0.322166
395.841 0.322266
395.807 0.322366
395.773 0.322466
395.739 0.322566
395.705 0.322666
395.671 0.322766
395.638 0.322866
395.604 0.322965
395.57 0.323065
395.536 0.323165
395.502 0.323265
395.468 0.323365
395.434 0.323465
395.4 0.323565
395.366 0.323665
395.332 0.323765
395.298 0.323865
395.264 0.323965
395.23 0.324065
395.196 0.324165
395.162 0.324265
395.128 0.324365
395.094 0.324465
395.06 0.324565
395.026 0.324665
394.992 0.324765
394.958 0.324865
394.924 0.324965
394.89 0.325065
394.856 0.325165
394.821 0.325265
394.787 0.325365
394.753 0.325465
394.719 0.325565
394.685 0.325665
394.651 0.325765
394.616 0.325865
394.582 0.325965
394.548 0.326065
394.514 0.326165
394.48 0.326265
394.445 0.326365
394.411 0.326465
394.377 0.326565
394.343 0.326665
394.308 0.326765
394.274 0.326865
394.24 0.326965
394.205 0.327065
394.171 0.327165
394.137 0.327265
394.102 0.327365
394.068 0.327465
394.034 0.327565
393.999 0.327665
393.965 0.327765
393.931 0.327865
393.896 0.327965
393.862 0.328065
393.827 0.328165
393.793 0.328265
393.758 0.328365
393.724 0.328465
393.689 0.328565
393.655 0.328665
393.62 0.328765
393.586 0.328865
393.551 0.328965
393.517 0.329065
393.482 0.329165
393.448 0.329265
393.413 0.329365
393.379 0.329465
393.344 0.329565
393.31 0.329665
393.275 0.329765
393.241 0.329865
393.206 0.329965
393.172 0.330065
393.137 0.330165
393.103 0.330265
393.069 0.330365
393.034 0.330464
393 0.330564
392.966 0.330664
392.932 0.330764
392.897 0.330864
392.863 0.330964
392.829 0.331064
392.794 0.331164
392.76 0.331264
392.726 0.331364
392.691 0.331464
392.657 0.331564
392.623 0.331664
392.588 0.331764
392.554 0.331864
392.519 0.331964
392.485 0.332064
392.451 0.332164
392.416 0.332264
392.382 0.332364
392.347 0.332464
392.313 0.332564
392.278 0.332664
392.244 0.332764
392.209 0.332864
392.174 0.332964
392.14 0.333064
392.105 0.333164
392.071 0.333264
392.036 0.333364
392.001 0.333464
391.967 0.333564
391.932 0.333664
391.897 0.333764
391.863 0.333864
391.828 0.333964
391.793 0.334064
391.758 0.334164
391.724 0.334264
391.689 0.334364
391.654 0.334464
391.619 0.334564
391.584 0.334664
391.55 0.334764
391.515 0.334864
391.48 0.334964
391.445 0.335064
391.41 0.335164
391.375 0.335264
391.34 0.335364
391.305 0.335464
391.27 0.335564
391.235 0.335664
391.2 0.335764
391.165 0.335864
391.13 0.335964
391.095 0.336064
391.059 0.336164
391.024 0.336264
390.989 0.336364
390.954 0.336464
390.919 0.336564
390.884 0.336664
390.848 0.336764
390.813 0.336864
390.778 0.336964
390.742 0.337064
390.707 0.337164
390.672 0.337264
390.636 0.337364
390.601 0.337464
390.566 0.337564
390.53 0.337664
390.495 0.337764
390.459 0.337864
390.424 0.337964
390.388 0.338064
390.353 0.338164
390.317 0.338264
390.282 0.338363
390.246 0.338463
390.21 0.338563
390.175 0.338663
390.139 0.338763
390.103 0.338863
390.067 0.338963
390.032 0.339063
389.996 0.339163
389.96 0.339263
389.924 0.339363
389.888 0.339463
389.853 0.339563
389.817 0.339663
389.781 0.339763
389.746 0.339863
389.71 0.339963
389.675 0.340063
389.639 0.340163
389.603 0.340263
389.567 0.340363
389.532 0.340463
389.496 0.340563
389.46 0.340663
389.425 0.340763
389.389 0.340863
389.353 0.340963
389.317 0.341063
389.282 0.341163
389.246 0.341263
389.21 0.341363
389.174 0.341463
389.139 0.341563
389.103 0.341663
389.067 0.341763
389.031 0.341863
388.996 0.341963
388.96 0.342063
388.924 0.342163
388.888 0.342263
388.853 0.342363
388.817 0.342463
388.781 0.342563
388.745 0.342663
388.709 0.342763
388.674 0.342863
388.638 0.342963
388.602 0.343063
388.566 0.343163
388.53 0.343263
388.494 0.343363
388.458 0.343463
388.422 0.343563
388.386 0.343663
388.35 0.343763
388.314 0.343863
388.278 0.343963
388.242 0.344063
388.206 0.344163
388.17 0.344263
388.134 0.344363
388.098 0.344463
388.062 0.344563
388.026 0.344663
387.99 0.344763
387.953 0.344863
387.917 0.344963
387.881 0.345063
387.845 0.345163
387.809 0.345263
387.772 0.345363
387.736 0.345463
387.7 0.345563
387.663 0.345663
387.627 0.345763
387.591 0.345863
387.554 0.345963
387.518 0.346063
387.481 0.346163
387.445 0.346263
387.409 0.346363
387.372 0.346463
387.336 0.346563
387.3 0.346663
387.264 0.346763
387.227 0.346863
387.191 0.346963
387.155 0.347063
387.119 0.347163
387.083 0.347263
387.047 0.347363
387.011 0.347463
386.975 0.347563
386.939 0.347663
386.903 0.347763
386.867 0.347863
386.831 0.347962
386.794 0.348062
386.758 0.348162
386.722 0.348262
386.686 0.348362
386.651 0.348462
386.615 0.348562
386.579 0.348662
386.543 0.348762
386.507 0.348862
386.471 0.348962
386.435 0.349062
386.399 0.349162
386.362 0.349262
386.326 0.349362
386.289 0.349462
386.253 0.349562
386.216 0.349662
386.18 0.349762
386.143 0.349862
386.107 0.349962
386.07 0.350062
386.033 0.350162
385.997 0.350262
385.96 0.350362
385.924 0.350462
385.887 0.350562
385.851 0.350662
385.815 0.350762
385.778 0.350862
385.742 0.350962
385.705 0.351062
385.669 0.351162
385.632 0.351262
385.596 0.351362
385.559 0.351462
385.523 0.351562
385.486 0.351662
385.45 0.351762
385.413 0.351862
385.377 0.351962
385.34 0.352062
385.304 0.352162
385.267 0.352262
385.231 0.352362
385.194 0.352462
385.158 0.352562
385.121 0.352662
385.085 0.352762
385.048 0.352862
385.011 0.352962
384.975 0.353062
384.938 0.353162
384.901 0.353262
384.865 0.353362
384.828 0.353462
384.791 0.353562
384.755 0.353662
384.718 0.353762
384.681 0.353862
384.645 0.353962
384.608 0.354062
384.571 0.354162
384.534 0.354262
384.498 0.354362
384.461 0.354462
384.424 0.354562
384.387 0.354662
384.351 0.354762
384.314 0.354862
384.277 0.354962
384.24 0.355062
384.203 0.355162
384.166 0.355262
384.13 0.355362
384.093 0.355462
384.056 0.355562
384.019 0.355662
383.982 0.355762
383.945 0.355862
383.908 0.355962
383.871 0.356062
383.834 0.356162
383.797 0.356262
383.76 0.356362
383.723 0.356462
383.687 0.356562
383.65 0.356662
383.614 0.356762
383.578 0.356862
383.541 0.356961
383.505 0.357061
383.469 0.357161
383.433 0.357261
383.397 0.357361
383.361 0.357461
383.325 0.357561
383.289 0.357661
383.253 0.357761
383.217 0.357861
383.181 0.357961
383.145 0.358061
383.109 0.358161
383.073 0.358261
383.037 0.358361
383.001 0.358461
382.965 0.358561
382.929 0.358661
382.893 0.358761
382.857 0.358861
382.821 0.358961
382.785 0.359061
382.749 0.359161
382.713 0.359261
382.676 0.359361
382.64 0.359461
382.604 0.359561
382.568 0.359661
382.532 0.359761
382.495 0.359861
382.459 0.359961
382.423 0.360061
382.386 0.360161
382.35 0.360261
382.314 0.360361
382.277 0.360461
382.241 0.360561
382.205 0.360661
382.168 0.360761
382.132 0.360861
382.095 0.360961
382.059 0.361061
382.022 0.361161
381.986 0.361261
381.949 0.361361
381.913 0.361461
381.876 0.361561
381.839 0.361661
381.803 0.361761
381.766 0.361861
381.729 0.361961
381.692 0.362061
381.655 0.362161
381.618 0.362261
381.581 0.362361
381.544 0.362461
381.507 0.362561
381.47 0.362661
381.433 0.362761
381.395 0.362861
381.358 0.362961
381.321 0.363061
381.284 0.363161
381.247 0.363261
381.209 0.363361
381.172 0.363461
381.135 0.363561
381.098 0.363661
381.06 0.363761
381.023 0.363861
380.986 0.363961
380.949 0.364061
380.912 0.364161
380.875 0.364261
380.837 0.364361
380.8 0.364461
380.763 0.364561
380.726 0.364661
380.689 0.364761
380.652 0.364861
380.616 0.364961
380.579 0.365061
380.542 0.365161
380.505 0.365261
380.469 0.365361
380.432 0.365461
380.395 0.365561
380.358 0.365661
380.321 0.365761
380.285 0.365861
380.248 0.365961
380.211 0.366061
380.174 0.366161
380.137 0.366261
380.1 0.366361
380.063 0.366461
380.026 0.366561
379.989 0.366661
379.952 0.366761
379.916 0.366861
379.879 0.366961
379.842 0.367061
379.805 0.367161
379.767 0.367261
379.73 0.367361
379.693 0.367461
379.656 0.367561
379.619 0.367661
379.582 0.367761
379.545 0.367861
379.508 0.367961
379.471 0.36806
379.433 0.36816
379.396 0.36826
379.359 0.36836
379.322 0.36846
379.285 0.36856
379.247 0.36866
379.21 0.36876
379.173 0.36886
379.136 0.36896
379.098 0.36906
379.061 0.36916
379.024 0.36926
378.987 0.36936
378.95 0.36946
378.912 0.36956
378.875 0.36966
378.838 0.36976
378.801 0.36986
378.763 0.36996
378.726 0.37006
378.689 0.37016
378.652 0.37026
378.614 0.37036
378.577 0.37046
378.539 0.37056
378.502 0.37066
378.465 0.37076
378.427 0.37086
378.39 0.37096
378.352 0.37106
378.315 0.37116
378.277 0.37126
378.24 0.37136
378.202 0.37146
378.165 0.37156
378.127 0.37166
378.089 0.37176
378.051 0.37186
378.012 0.37196
377.974 0.37206
377.936 0.37216
377.898 0.37226
377.86 0.37236
377.821 0.37246
377.783 0.37256
377.745 0.37266
377.707 0.37276
377.668 0.37286
377.63 0.37296
377.592 0.37306
377.554 0.37316
377.516 0.37326
377.478 0.37336
377.439 0.37346
377.401 0.37356
377.363 0.37366
377.325 0.37376
377.287 0.37386
377.249 0.37396
377.211 0.37406
377.174 0.37416
377.136 0.37426
377.099 0.37436
377.062 0.37446
377.024 0.37456
376.987 0.37466
376.95 0.37476
376.912 0.37486
376.875 0.37496
376.838 0.37506
376.801 0.37516
376.763 0.37526
376.726 0.37536
376.689 0.37546
376.651 0.37556
376.614 0.37566
376.577 0.37576
376.539 0.37586
376.502 0.37596
376.465 0.37606
376.427 0.37616
376.39 0.37626
376.353 0.37636
376.316 0.37646
376.278 0.37656
376.241 0.37666
376.204 0.37676
376.167 0.37686
376.13 0.37696
376.094 0.37706
376.057 0.37716
376.02 0.37726
375.983 0.37736
375.946 0.37746
375.909 0.37756
375.872 0.37766
375.835 0.37776
375.799 0.37786
375.762 0.37796
375.725 0.37806
375.688 0.37816
375.651 0.37826
375.614 0.37836
375.577 0.37846
375.54 0.37856
375.504 0.37866
375.467 0.37876
375.43 0.37886
375.393 0.37896
375.356 0.37906
375.319 0.37916
375.282 0.379259
375.245 0.379359
375.208 0.379459
375.171 0.379559
375.134 0.379659
375.097 0.379759
375.06 0.379859
375.023 0.379959
374.987 0.380059
374.95 0.380159
374.913 0.380259
374.876 0.380359
374.839 0.380459
374.802 0.380559
374.765 0.380659
374.728 0.380759
374.691 0.380859
374.654 0.380959
374.617 0.381059
374.58 0.381159
374.543 0.381259
374.506 0.381359
374.469 0.381459
374.432 0.381559
374.395 0.381659
374.358 0.381759
374.321 0.381859
374.284 0.381959
374.247 0.382059
374.21 0.382159
374.173 0.382259
374.136 0.382359
374.099 0.382459
374.062 0.382559
374.025 0.382659
373.988 0.382759
373.951 0.382859
373.914 0.382959
373.877 0.383059
373.84 0.383159
373.803 0.383259
373.766 0.383359
373.729 0.383459
373.692 0.383559
373.655 0.383659
373.619 0.383759
373.582 0.383859
373.545 0.383959
373.508 0.384059
373.471 0.384159
373.434 0.384259
373.397 0.384359
373.36 0.384459
373.323 0.384559
373.286 0.384659
373.249 0.384759
373.212 0.384859
373.175 0.384959
373.138 0.385059
373.101 0.385159
373.064 0.385259
373.027 0.385359
372.99 0.385459
372.953 0.385559
372.916 0.385659
372.879 0.385759
372.842 0.385859
372.805 0.385959
372.768 0.386059
372.731 0.386159
372.694 0.386259
372.657 0.386359
372.62 0.386459
372.583 0.386559
372.546 0.386659
372.509 0.386759
372.472 0.386859
372.435 0.386959
372.398 0.387059
372.362 0.387159
372.325 0.387259
372.288 0.387359
372.251 0.387459
372.214 0.387559
372.178 0.387659
372.141 0.387759
372.104 0.387859
372.067 0.387959
372.031 0.388059
371.994 0.388159
371.957 0.388259
371.92 0.388359
371.883 0.388459
371.847 0.388559
371.81 0.388659
371.773 0.388759
371.736 0.388859
371.699 0.388959
371.662 0.389059
371.625 0.389159
371.589 0.389259
371.552 0.389359
371.515 0.389459
371.478 0.389559
371.441 0.389659
371.404 0.389759
371.367 0.389859
371.33 0.389959
371.293 0.390059
371.257 0.390159
371.22 0.390259
371.183 0.390359
371.146 0.390459
371.109 0.390559
371.072 0.390659
371.035 0.390759
370.998 0.390859
370.961 0.390959
370.924 0.391059
370.887 0.391159
370.85 0.391259
370.813 0.391359
370.776 0.391459
370.739 0.391559
370.702 0.391659
370.665 0.391759
370.628 0.391859
370.592 0.391959
370.555 0.392059
370.518 0.392159
370.481 0.392259
370.444 0.392359
370.407 0.392459
370.371 0.392559
370.334 0.392659
370.297 0.392759
370.26 0.392858
370.223 0.392958
370.186 0.393058
370.15 0.393158
370.113 0.393258
370.076 0.393358
370.039 0.393458
370.002 0.393558
369.965 0.393658
369.928 0.393758
369.892 0.393858
369.855 0.393958
369.818 0.394058
369.781 0.394158
369.744 0.394258
369.707 0.394358
369.67 0.394458
369.634 0.394558
369.597 0.394658
369.56 0.394758
369.523 0.394858
369.487 0.394958
369.45 0.395058
369.413 0.395158
369.377 0.395258
369.34 0.395358
369.304 0.395458
369.267 0.395558
369.231 0.395658
369.195 0.395758
369.158 0.395858
369.122 0.395958
369.085 0.396058
369.049 0.396158
369.012 0.396258
368.976 0.396358
368.939 0.396458
368.903 0.396558
368.866 0.396658
368.83 0.396758
368.794 0.396858
368.757 0.396958
368.721 0.397058
368.684 0.397158
368.648 0.397258
368.611 0.397358
368.575 0.397458
368.538 0.397558
368.502 0.397658
368.465 0.397758
368.429 0.397858
368.393 0.397958
368.356 0.398058
368.32 0.398158
368.283 0.398258
368.247 0.398358
368.21 0.398458
368.174 0.398558
368.137 0.398658
368.1 0.398758
368.064 0.398858
368.027 0.398958
367.991 0.399058
367.954 0.399158
367.917 0.399258
367.881 0.399358
367.844 0.399458
367.808 0.399558
367.771 0.399658
367.734 0.399758
367.697 0.399858
367.661 0.399958
367.624 0.400058
