0 1.10444e-06 1.31706e-06 1.3014e-06
0 4.725e-06 6.19319e-06 6.1777e-06
0 9.56814e-06 1.44025e-05 1.4785e-05
0 1.34653e-05 2.38192e-05 2.58862e-05
0 1.65497e-05 3.33062e-05 3.90762e-05
0 1.95408e-05 4.22143e-05 5.32595e-05
0 2.22993e-05 4.98448e-05 6.60451e-05
0 2.55469e-05 5.70194e-05 7.64478e-05
0 3.0197e-05 6.50765e-05 8.5156e-05
0 3.45927e-05 7.2653e-05 9.17667e-05
0 3.64351e-05 7.69842e-05 9.53883e-05
0 3.70517e-05 7.86615e-05 9.78442e-05
0 3.89382e-05 8.06807e-05 0.000101652
0 3.99017e-05 8.224e-05 0.000104614
0 3.5385e-05 7.8284e-05 0.000101078
0 2.51159e-05 6.50909e-05 8.76132e-05
0 1.27158e-05 4.29248e-05 6.38575e-05
0 6.27407e-07 1.43934e-05 3.00785e-05
0 -9.85993e-06 -1.56598e-05 -1.09354e-05
0 -1.5143e-05 -3.8831e-05 -4.97753e-05
0 -1.43615e-05 -4.98068e-05 -7.6388e-05
0 -1.32882e-05 -5.20963e-05 -8.78073e-05
0 -1.27562e-05 -4.73341e-05 -8.11879e-05
0 -5.39772e-06 -2.91646e-05 -5.095e-05
0 1.12065e-05 6.23665e-06 1.36449e-06
0 3.28114e-05 5.58372e-05 6.76036e-05
0 5.51945e-05 0.00011236 0.00013955
0 7.2781e-05 0.000162838 0.000206309
0 8.02599e-05 0.000193549 0.000254647
0 7.86595e-05 0.000200084 0.000275919
0 7.26415e-05 0.000187038 0.000267358
0 6.305e-05 0.000159064 0.000228677
0 4.52318e-05 0.000114558 0.000160395
0 1.71884e-05 5.13076e-05 6.82998e-05
0 -1.3545e-05 -2.28543e-05 -3.23495e-05
0 -4.04586e-05 -9.55116e-05 -0.000127232
0 -6.43634e-05 -0.000158053 -0.000209476
0 -8.21382e-05 -0.000200911 -0.000269604
0 -9.02076e-05 -0.000219344 -0.000299416
0 -9.62565e-05 -0.000224194 -0.000305446
0 -0.000104343 -0.00022561 -0.000296927
0 -0.00010009 -0.000212763 -0.00026817
0 -6.7315e-05 -0.000163557 -0.000205668
0 -9.56352e-06 -6.9021e-05 -0.000103856
0 5.13215e-05 5.4422e-05 2.9522e-05
0 9.66114e-05 0.000176979 0.000180266
0 0.00012379 0.000275559 0.000331843
0 0.000133306 0.000334647 0.000455071
0 0.000116038 0.000336678 0.000504904
0 6.73482e-05 0.000268308 0.000444493
0 -1.78459e-06 0.000130595 0.00026721
0 -7.37447e-05 -5.86036e-05 -2.18526e-06
0 -0.000129823 -0.000259384 -0.000308779
0 -0.000161909 -0.000425145 -0.000585303
0 -0.000184854 -0.000535287 -0.000784052
0 -0.000218455 -0.000599041 -0.00088622
0 -0.000261059 -0.000630769 -0.000893265
0 -0.000289963 -0.000630051 -0.000821454
0 -0.0002836 -0.000584269 -0.000698768
0 -0.000241215 -0.000489435 -0.000558472
0 -0.000180603 -0.000363961 -0.000426454
0 -0.000117702 -0.000235875 -0.000307442
0 -5.70813e-05 -0.000121996 -0.000188587
0 -1.50924e-06 -2.33882e-05 -5.97937e-05
0 4.45265e-05 6.83686e-05 7.68509e-05
0 8.40154e-05 0.000165081 0.000216498
0 0.000129185 0.00027593 0.000360195
0 0.000187802 0.000400611 0.000509956
0 0.000244398 0.000518092 0.000651218
0 0.00026438 0.000585923 0.000746161
0 0.000229351 0.000567817 0.00075649
0 0.000155426 0.000459148 0.000664265
0 7.47842e-05 0.000287114 0.000473935
0 1.27925e-05 9.70117e-05 0.000213136
0 -2.45685e-05 -7.08429e-05 -7.11036e-05
0 -4.99505e-05 -0.000200272 -0.00032577
0 -7.64642e-05 -0.000292308 -0.000502865
0 -0.000101331 -0.00034353 -0.000568371
0 -0.000112967 -0.000342058 -0.000516752
0 -0.000105296 -0.000281296 -0.000375702
0 -7.74387e-05 -0.000168864 -0.000188485
0 -2.85536e-05 -2.4342e-05 8.37461e-06
0 4.18638e-05 0.00013196 0.000196667
0 0.000127279 0.00028675 0.000372636
0 0.000207511 0.000427286 0.000532044
0 0.000262274 0.00054044 0.000668177
0 0.000289976 0.000620869 0.000779223
0 0.000299143 0.000666744 0.000859955
0 0.000294137 0.000674914 0.000895619
0 0.000278584 0.000647664 0.000874749
0 0.00025307 0.00058774 0.000793436
0 0.00020454 0.000482225 0.000643838
0 0.000117314 0.000309285 0.000416358
0 -1.70798e-06 6.8147e-05 0.000118124
0 -0.000122605 -0.000206731 -0.000220902
0 -0.000215991 -0.000461284 -0.000557435
0 -0.000269353 -0.000647591 -0.000843087
0 -0.000283314 -0.000738349 -0.00102734
0 -0.000263206 -0.00072786 -0.00106728
0 -0.000222566 -0.000632816 -0.000951823
0 -0.000186381 -0.000492847 -0.000720869
0 -0.000175486 -0.000357469 -0.000453552
0 -0.000186659 -0.00026309 -0.000232549
0 -0.000201372 -0.000226071 -0.000119675
0 -0.000207328 -0.000247486 -0.000143654
0 -0.000196125 -0.000305447 -0.000280441
0 -0.000162205 -0.000359863 -0.000457001
0 -0.000117997 -0.000381895 -0.000592677
0 -8.63821e-05 -0.000365578 -0.00063161
0 -7.33867e-05 -0.000311796 -0.000549194
0 -6.52579e-05 -0.000220318 -0.000357375
0 -5.24103e-05 -0.000102803 -0.00011107
0 -3.10621e-05 2.06793e-05 0.000119604
0 2.31716e-05 0.000155504 0.00030791
0 0.000140614 0.00033415 0.000483422
0 0.000309213 0.000572574 0.000687986
0 0.000479226 0.000851798 0.000949012
0 0.000607188 0.00113279 0.00127395
0 0.000669267 0.00136339 0.00162769
0 0.000650136 0.00148049 0.00191583
0 0.000556523 0.00144075 0.00202424
0 0.000431292 0.00125354 0.00188513
0 0.000312647 0.000956676 0.00149213
0 0.000189247 0.000568218 0.000878212
0 3.68812e-05 0.000102833 0.000127311
0 -0.000119193 -0.000372156 -0.000607849
0 -0.000231965 -0.000752462 -0.00116573
0 -0.000297727 -0.000970371 -0.00146274
0 -0.000349114 -0.00102971 -0.00150895
0 -0.000400945 -0.00098062 -0.00136666
0 -0.000436317 -0.000881251 -0.00112033
0 -0.000433001 -0.000770088 -0.000860476
0 -0.000383563 -0.000655656 -0.0006573
0 -0.000295663 -0.000528689 -0.000533604
0 -0.000183036 -0.000380797 -0.00045738
0 -7.40022e-05 -0.000228171 -0.000379556
0 -1.16221e-05 -0.00011407 -0.000280457
0 -2.25726e-05 -7.69139e-05 -0.000178876
0 -9.3845e-05 -0.000122864 -0.000116282
0 -0.000186705 -0.000230849 -0.000139121
0 -0.000263516 -0.000370581 -0.000275388
0 -0.000300009 -0.000509662 -0.000507635
0 -0.00028999 -0.000616603 -0.000768721
0 -0.000244807 -0.000664318 -0.000965516
0 -0.000181551 -0.000630128 -0.00101144
0 -0.000110815 -0.000498909 -0.000856453
0 -4.16048e-05 -0.000280489 -0.000514758
0 1.12117e-05 -2.27077e-05 -7.1235e-05
0 3.69895e-05 0.00020504 0.000350234
0 5.03789e-05 0.000356624 0.00064687
0 9.37536e-05 0.000446444 0.000788826
0 0.000193987 0.000526048 0.000814116
0 0.000321749 0.00062316 0.000784733
0 0.000419602 0.000723553 0.000763719
0 0.000458039 0.000801474 0.000805141
0 0.000447292 0.000846977 0.000927558
0 0.000415131 0.000871612 0.00109827
0 0.000391031 0.000899937 0.00125738
0 0.000399751 0.000952862 0.00136057
0 0.000441936 0.00102189 0.00139202
0 0.000473322 0.00104992 0.0013389
0 0.000429634 0.000956431 0.00117696
0 0.00028548 0.000698379 0.000888128
0 7.77591e-05 0.00030559 0.000477365
0 -0.000130939 -0.000142559 -3.06863e-05
0 -0.00029334 -0.000560645 -0.000589143
0 -0.000388046 -0.00088374 -0.00111817
0 -0.000420721 -0.00108178 -0.00152077
0 -0.000419024 -0.00115935 -0.00172119
0 -0.000419099 -0.00114626 -0.00170191
0 -0.000435254 -0.0010721 -0.00150285
0 -0.000439079 -0.000940236 -0.00118762
0 -0.000392165 -0.000743846 -0.000826609
0 -0.000287505 -0.000495811 -0.000485935
0 -0.00014406 -0.000224608 -0.000197882
0 1.98757e-05 5.05849e-05 5.75924e-05
0 0.000180281 0.00031557 0.00031771
0 0.000291926 0.000536667 0.000582175
0 0.000320289 0.000672349 0.000811024
0 0.000277018 0.000703259 0.00095492
0 0.000207302 0.000641659 0.000975106
0 0.000152867 0.000521792 0.000856682
0 0.000125584 0.00037832 0.000617112
0 0.00011212 0.000232777 0.000309898
0 9.37872e-05 9.46453e-05 1.18441e-05
0 6.17142e-05 -2.7314e-05 -0.000204649
0 1.92649e-05 -0.000117582 -0.000299861
0 -2.6173e-05 -0.000162765 -0.000282348
0 -6.29104e-05 -0.000158915 -0.000193947
0 -7.79211e-05 -0.00011604 -8.48602e-05
0 -6.98732e-05 -6.05691e-05 -7.24306e-08
0 -6.08894e-05 -3.52e-05 1.9833e-05
0 -8.99454e-05 -9.14627e-05 -6.42096e-05
0 -0.000177308 -0.000259363 -0.000271939
0 -0.000298241 -0.000516358 -0.000582349
0 -0.000409873 -0.000801495 -0.000946468
0 -0.00049849 -0.00106478 -0.00132052
0 -0.000575776 -0.00128612 -0.00166729
0 -0.000635669 -0.00144716 -0.00193101
0 -0.000640986 -0.00150334 -0.00203448
0 -0.00055702 -0.00139466 -0.00190981
0 -0.000389454 -0.00108995 -0.00153485
0 -0.00018357 -0.000622888 -0.000946037
0 2.03076e-05 -7.31308e-05 -0.00021439
0 0.00021701 0.000483875 0.000580545
0 0.000415127 0.00100098 0.00135151
0 0.000605632 0.00144915 0.00200532
0 0.000754301 0.00178952 0.00245652
0 0.00081738 0.00195846 0.00264165
0 0.000763441 0.00188592 0.00252441
0 0.000593712 0.00154341 0.00210202
0 0.000355187 0.000989442 0.00142387
0 0.000119699 0.000357882 0.000595684
0 -6.46273e-05 -0.000214557 -0.000247795
0 -0.000195109 -0.00065121 -0.000975005
0 -0.000286703 -0.000933122 -0.00147333
0 -0.000339231 -0.00105718 -0.00166474
0 -0.000335073 -0.00100816 -0.00152623
0 -0.000256707 -0.000767033 -0.001096
0 -0.000112714 -0.000354333 -0.000469466
0 5.00411e-05 0.000134244 0.000212711
0 0.000160871 0.000540452 0.000784535
0 0.000172637 0.000720916 0.00109968
0 0.000103552 0.000637378 0.00108816
0 -6.28157e-06 0.000342902 0.000748758
0 -0.000153832 -9.91092e-05 0.000115787
0 -0.000350105 -0.000643314 -0.000728141
0 -0.000571235 -0.00123372 -0.00163683
0 -0.000766025 -0.00178391 -0.00243881
0 -0.000899037 -0.00219572 -0.00300034
0 -0.000957458 -0.00238673 -0.00324603
0 -0.000922606 -0.0023027 -0.00313552
0 -0.000765066 -0.00192411 -0.00264997
0 -0.000477059 -0.00127403 -0.00180882
0 -9.2783e-05 -0.000415814 -0.000683137
0 0.000331872 0.000563674 0.000618645
0 0.000751426 0.00157242 0.00197577
0 0.00113102 0.00251313 0.00325855
0 0.00143325 0.00328294 0.00432669
0 0.00162598 0.0037941 0.00505191
0 0.00169259 0.00399231 0.0053466
0 0.00163067 0.00386009 0.00517812
0 0.0014502 0.00341723 0.00457243
0 0.00117375 0.00272121 0.00361157
0 0.000830914 0.00185683 0.00241787
0 0.000452888 0.000919638 0.00113113
0 7.18923e-05 2.7087e-06 -0.000112029
0 -0.000280739 -0.000814146 -0.00119748
0 -0.000576017 -0.0014694 -0.00204504
0 -0.00079736 -0.00193093 -0.00261938
0 -0.000951249 -0.00220868 -0.00293804
0 -0.00104658 -0.00233394 -0.00304671
0 -0.00107242 -0.00232536 -0.00298422
0 -0.00101164 -0.00218286 -0.00277404
0 -0.00086883 -0.00190838 -0.00243473
0 -0.000684213 -0.0015362 -0.00199726
0 -0.000509836 -0.00113311 -0.00150609
0 -0.000366032 -0.000756512 -0.00099995
0 -0.000239223 -0.00042692 -0.000510872
0 -0.000116982 -0.000141474 -7.85948e-05
0 -6.48032e-06 9.95797e-05 0.000253339
0 7.66584e-05 0.000280299 0.000457674
0 0.00013104 0.000385844 0.000543241
0 0.00017086 0.000424454 0.000550712
0 0.000200616 0.000419992 0.000520423
0 0.000210439 0.000395706 0.000476158
0 0.000199964 0.000371308 0.000437323
0 0.000185298 0.000360471 0.00042307
0 0.000181973 0.000367788 0.000441822
0 0.000193528 0.000393124 0.000488201
0 0.000212486 0.000432852 0.000548059
0 0.000222715 0.000470378 0.000599012
0 0.000203818 0.000470936 0.000608689
0 0.000142728 0.000396153 0.000541136
0 4.32395e-05 0.000227786 0.000369283
0 -7.81452e-05 -2.26323e-05 8.38246e-05
0 -0.000196836 -0.000314719 -0.00029384
0 -0.000282737 -0.000586258 -0.000700207
0 -0.000313007 -0.000772877 -0.00104093
0 -0.000285303 -0.000830224 -0.00122147
0 -0.000216018 -0.000744581 -0.00117828
0 -0.000120839 -0.000524326 -0.000892521
0 6.68012e-07 -0.000185193 -0.000388751
0 0.000160118 0.000255072 0.000273322
0 0.00035963 0.000766876 0.00100919
0 0.000577642 0.00129631 0.00172382
0 0.000777763 0.00177098 0.0023322
0 0.000921003 0.00211472 0.00276657
0 0.000975452 0.00226557 0.00297386
0 0.00092562 0.00219141 0.00291603
0 0.000775047 0.00189282 0.00257415
0 0.000543938 0.00139771 0.00195744
0 0.000263539 0.000755612 0.00111243
0 -3.17302e-05 3.31388e-05 0.000124383
0 -0.000313141 -0.000693293 -0.000894369
0 -0.000558735 -0.00134493 -0.00182105
0 -0.000747177 -0.00184717 -0.0025382
0 -0.000859118 -0.00214161 -0.00295512
0 -0.000886825 -0.00220183 -0.003031
0 -0.00083265 -0.00203477 -0.00277815
0 -0.000700245 -0.00166913 -0.00224738
0 -0.000497954 -0.00114976 -0.00151584
0 -0.000239535 -0.000528136 -0.000668481
0 6.17861e-05 0.000151601 0.000224696
0 0.000384986 0.000847652 0.00110915
0 0.000693133 0.00150756 0.00193352
0 0.00094399 0.00206923 0.00264461
0 0.00110937 0.00247672 0.00319047
0 0.00118242 0.00269506 0.00352348
0 0.00115783 0.00269898 0.00358986
0 0.00102431 0.00246384 0.00333524
0 0.000795672 0.00199472 0.00274924
0 0.000531487 0.00136266 0.00190602
0 0.000299771 0.000689723 0.000947877
0 0.00012615 9.27185e-05 3.36869e-05
0 7.12319e-06 -0.000342284 -0.000682569
0 -5.40054e-05 -0.000559213 -0.00106717
0 -4.87991e-05 -0.000538102 -0.0010487
0 2.46878e-05 -0.000292258 -0.000644359
0 0.00016637 0.000147039 5.77603e-05
0 0.000381581 0.000742509 0.000942659
0 0.000674971 0.00145278 0.00190821
0 0.0010337 0.00222827 0.0028821
0 0.0014185 0.00300961 0.00381813
0 0.00177854 0.00373537 0.00468586
0 0.00207663 0.00435523 0.00545771
0 0.00230202 0.00484401 0.0061034
0 0.0024589 0.00519712 0.00659013
0 0.00252869 0.00538677 0.00686176
0 0.00245802 0.00533443 0.00682844
0 0.00220587 0.0049466 0.006398
0 0.0017685 0.00415709 0.00549492
0 0.00115063 0.00293792 0.00405605
0 0.000356328 0.00129967 0.00204805
0 -0.000580842 -0.000700453 -0.000492147
0 -0.00159138 -0.00295041 -0.00343271
0 -0.00262131 -0.00530807 -0.00656655
0 -0.00365396 -0.00764476 -0.00965966
0 -0.00466988 -0.00985757 -0.0125021
0 -0.00563181 -0.0118582 -0.0149474
0 -0.00649501 -0.0135651 -0.016921
0 -0.00721526 -0.0149112 -0.0184048
0 -0.0077607 -0.0158615 -0.0194209
0 -0.00811418 -0.016417 -0.0200097
0 -0.00827009 -0.0166077 -0.0202116
0 -0.00821734 -0.0164611 -0.0200432
0 -0.00794153 -0.0159783 -0.019491
0 -0.00745345 -0.0151452 -0.0185343
0 -0.00679287 -0.0139563 -0.0171608
0 -0.00600262 -0.0124293 -0.0153679
0 -0.00508296 -0.0105754 -0.0131385
0 -0.00399671 -0.00838282 -0.0104496
0 -0.00272132 -0.00584112 -0.00731162
0 -0.00127906 -0.00296997 -0.00378407
0 0.000244243 0.00014796 2.04357e-05
0 0.00173279 0.00335211 0.00396164
0 0.00313367 0.006454 0.00789569
0 0.00446559 0.00933747 0.0116599
0 0.00572752 0.0119634 0.0150705
0 0.00685452 0.0142764 0.0179478
0 0.00776586 0.016176 0.0201649
0 0.0083899 0.0175275 0.0216495
0 0.0086132 0.0181338 0.0222957
0 0.00829891 0.0177664 0.0219341
0 0.00741613 0.0163081 0.020425
0 0.00612489 0.0138855 0.0177773
0 0.00467118 0.010809 0.0141486
0 0.00316378 0.007335 0.00972026
0 0.00154791 0.00356615 0.00467976
0 -0.000165178 -0.000376604 -0.000623634
0 -0.00180929 -0.00421452 -0.00566713
0 -0.0032641 -0.00763416 -0.0100106
0 -0.00458193 -0.0104813 -0.0134945
0 -0.00582889 -0.0127466 -0.016142
0 -0.00692173 -0.0144401 -0.0179894
0 -0.00768049 -0.0155414 -0.0190641
0 -0.00792906 -0.0159602 -0.0193735
0 -0.00756914 -0.0155425 -0.018876
0 -0.00665954 -0.0142028 -0.017522
0 -0.00539229 -0.0120251 -0.0152877
0 -0.00397082 -0.00922739 -0.0121821
0 -0.00251995 -0.00605617 -0.00828579
0 -0.00106004 -0.00268004 -0.00378116
0 0.000448723 0.000837625 0.0010529
0 0.00202239 0.00444691 0.00587584
0 0.0036361 0.0080279 0.0103808
0 0.00523075 0.0113879 0.0143656
0 0.00667405 0.0142757 0.0176874
0 0.00777571 0.016435 0.0202049
0 0.00839788 0.0177108 0.0218051
0 0.00856252 0.0181314 0.0224796
0 0.00843485 0.0178898 0.0223398
0 0.00818618 0.0172245 0.0215419
0 0.00788567 0.0163052 0.0202332
0 0.00748656 0.0151765 0.0185383
0 0.00687903 0.0137704 0.0165436
0 0.00598641 0.0119982 0.014302
0 0.00484334 0.00986243 0.0118573
0 0.00355957 0.00746332 0.00922499
0 0.00225651 0.00494844 0.00640084
0 0.00107765 0.00251074 0.00346171
0 0.000122849 0.000310568 0.000567735
0 -0.000648381 -0.00162346 -0.00213429
0 -0.00136003 -0.00334567 -0.00453184
0 -0.00210008 -0.00490218 -0.00653656
0 -0.00288824 -0.00631654 -0.00813031
0 -0.0036969 -0.00760221 -0.00939462
0 -0.00446865 -0.00876576 -0.0104742
0 -0.00514058 -0.0098161 -0.0115165
0 -0.00564703 -0.0107422 -0.0125909
0 -0.00592068 -0.0114797 -0.0136321
0 -0.00596569 -0.0119673 -0.0145083
0 -0.00589364 -0.0122132 -0.0151138
0 -0.00582641 -0.0122631 -0.0153722
0 -0.00579535 -0.0121373 -0.0152224
0 -0.00572604 -0.0117965 -0.01463
0 -0.00549715 -0.0111527 -0.0136018
0 -0.00502151 -0.0101234 -0.0121859
0 -0.00428945 -0.00868815 -0.0104463
0 -0.00335957 -0.00690992 -0.00843303
0 -0.00233396 -0.00492253 -0.00618893
0 -0.00131821 -0.00287955 -0.00377147
0 -0.000371814 -0.000886027 -0.00125957
0 0.00049634 0.00102043 0.00124528
0 0.00131498 0.00284919 0.00364766
0 0.00214184 0.00462886 0.0058955
0 0.0030281 0.00638497 0.00799005
0 0.00397691 0.00812523 0.00996691
0 0.00493031 0.00982604 0.0118613
0 0.00578306 0.0114173 0.0136698
0 0.00641614 0.012776 0.0153202
0 0.00673855 0.0137447 0.0166637
0 0.00672422 0.014181 0.0175044
0 0.00641565 0.0140041 0.0176477
0 0.005879 0.0131956 0.0169352
0 0.00516382 0.0117812 0.015287
0 0.0042958 0.00981896 0.0127422
0 0.00327822 0.00738556 0.00945801
0 0.00210154 0.00457178 0.00566951
0 0.00076709 0.00149184 0.00163705
0 -0.000695883 -0.00171521 -0.00239723
0 -0.00221718 -0.0048783 -0.00622624
0 -0.00367338 -0.00778939 -0.00967624
0 -0.00491723 -0.0102498 -0.0126059
0 -0.00583729 -0.0121235 -0.014907
0 -0.00639698 -0.0133535 -0.0165047
0 -0.00663036 -0.0139508 -0.0173584
0 -0.00660055 -0.0139636 -0.0174591
0 -0.00636513 -0.0134552 -0.016835
0 -0.00596272 -0.012497 -0.0155638
0 -0.00541187 -0.0111653 -0.0137705
0 -0.00472595 -0.0095462 -0.0116157
0 -0.00392566 -0.00773697 -0.00927046
0 -0.00303095 -0.00582529 -0.00687332
0 -0.0020532 -0.00386638 -0.00449924
0 -0.00100911 -0.00188564 -0.00216592
0 7.09882e-05 0.000112091 0.000145011
0 0.00115311 0.00213448 0.00247334
0 0.00220304 0.00417299 0.0048533
0 0.00318387 0.00618158 0.00727847
0 0.00405644 0.00808363 0.00968074
0 0.00478689 0.0097893 0.0119326
0 0.00535553 0.0112104 0.0138728
0 0.00574983 0.0122608 0.0153347
0 0.00595409 0.0128565 0.0161735
0 0.00595255 0.0129307 0.0162948
0 0.00573159 0.0124494 0.0156684
0 0.00527657 0.0114122 0.0143199
0 0.00457557 0.00984798 0.0123145
0 0.00362838 0.00780718 0.00974106
0 0.00245418 0.00535478 0.00669793
0 0.0011003 0.0025759 0.00329179
0 -0.000348708 -0.000408889 -0.000345427
0 -0.00177324 -0.00342307 -0.00403613
0 -0.00306066 -0.00625399 -0.00757287
0 -0.00414823 -0.00871958 -0.010752
0 -0.00500252 -0.0106899 -0.0133725
0 -0.00557996 -0.0120565 -0.0152274
0 -0.00583869 -0.0127279 -0.016147
0 -0.00578006 -0.0126651 -0.0160673
0 -0.00543829 -0.0118897 -0.0150346
0 -0.00483902 -0.0104661 -0.0131608
0 -0.00398094 -0.00847865 -0.0105837
0 -0.00284629 -0.00600542 -0.00743673
0 -0.00145264 -0.00313192 -0.00385964
0 0.000118412 2.72398e-05 -9.71366e-06
0 0.00175238 0.0033345 0.00396394
0 0.00333026 0.00661985 0.00792131
0 0.00473948 0.00967831 0.0116969
0 0.00588865 0.0123071 0.0150852
0 0.0067203 0.0143433 0.017852
0 0.00721426 0.0156773 0.0197678
0 0.00738031 0.0162486 0.0206584
0 0.00723747 0.0160318 0.0204362
0 0.00678881 0.0150219 0.0191004
0 0.00602185 0.0132395 0.0167329
0 0.00494073 0.0107592 0.0134963
0 0.00359026 0.00772553 0.00961613
0 0.0020456 0.00432943 0.00533975
0 0.000385737 0.000761036 0.000893925
0 -0.00132187 -0.00282157 -0.0035325
0 -0.00301009 -0.00628096 -0.00777583
0 -0.00458902 -0.00947621 -0.011679
0 -0.00595323 -0.0122645 -0.0150914
0 -0.00701728 -0.0145154 -0.017878
0 -0.00772786 -0.0161219 -0.0199244
0 -0.00805523 -0.0170104 -0.0211395
0 -0.00799986 -0.017142 -0.0214524
0 -0.00759366 -0.0165045 -0.0208089
0 -0.00687982 -0.0151166 -0.0191849
0 -0.00589722 -0.0130361 -0.0166133
0 -0.00468257 -0.0103595 -0.0132056
0 -0.00327623 -0.00721408 -0.00914801
0 -0.00171607 -0.00373808 -0.00466795
0 -3.39214e-05 -5.85913e-05 1.36028e-05
0 0.0017313 0.00370499 0.00470346
0 0.00351874 0.00741659 0.00923292
0 0.00523733 0.0109176 0.0134552
0 0.00676845 0.0140387 0.0172322
0 0.00799494 0.0166176 0.0204178
0 0.00884675 0.0185277 0.0228669
0 0.00931545 0.0197019 0.0244618
0 0.00943001 0.0201293 0.0251333
0 0.00923584 0.0198336 0.0248597
0 0.00877694 0.0188593 0.0236619
0 0.00807802 0.0172666 0.0216095
0 0.00714578 0.0151278 0.0188208
0 0.00598561 0.0125248 0.0154505
0 0.00462398 0.00955804 0.0116766
0 0.00312116 0.00635738 0.00768521
0 0.00156215 0.00307695 0.00365337
0 3.32923e-05 -0.000132487 -0.000269601
0 -0.0013964 -0.0031415 -0.00396055
0 -0.00267388 -0.0058339 -0.00729972
0 -0.00375148 -0.00811199 -0.010166
0 -0.00458682 -0.00990384 -0.0124475
0 -0.00515754 -0.0111612 -0.0140562
0 -0.00548098 -0.0118753 -0.0149589
0 -0.00560462 -0.0120843 -0.0151893
0 -0.00556948 -0.0118559 -0.0148269
0 -0.00539601 -0.011273 -0.0139809
0 -0.00509487 -0.0104243 -0.0127843
0 -0.00468368 -0.00939833 -0.0113838
0 -0.00419781 -0.00828361 -0.00992358
0 -0.00368036 -0.00716286 -0.0085197
0 -0.00315977 -0.00609438 -0.00723409
0 -0.00264612 -0.00510294 -0.00607429
0 -0.00215022 -0.00419224 -0.00502179
0 -0.00169004 -0.00335623 -0.00405318
0 -0.00128339 -0.00258828 -0.00314983
0 -0.000941695 -0.00189093 -0.00230615
0 -0.000663147 -0.00127252 -0.00152922
0 -0.00043487 -0.000739516 -0.000834368
0 -0.000240232 -0.000290649 -0.000237253
0 -6.1243e-05 8.81414e-05 0.000256451
0 0.000120182 0.000422878 0.000657547
0 0.000315078 0.000740666 0.00099164
0 0.000517318 0.00105367 0.0012883
0 0.000709631 0.00136002 0.00157719
0 0.000881773 0.00166061 0.00189112
0 0.00103646 0.00196554 0.00225769
0 0.00118327 0.00228805 0.00268619
0 0.00133323 0.00263836 0.00316585
0 0.00149919 0.00302318 0.00367835
0 0.00169333 0.00344488 0.00420935
0 0.00191929 0.00389875 0.00475085
0 0.00216913 0.00437412 0.00530003
0 0.00241849 0.00484833 0.00584741
0 0.00262474 0.0052764 0.00636054
0 0.00274217 0.00559529 0.00678227
0 0.00274318 0.00574157 0.00704188
0 0.00262303 0.00566484 0.00706371
0 0.00238247 0.00532431 0.00676654
0 0.00201702 0.00468616 0.00607417
0 0.00153443 0.00374326 0.00495188
0 0.000968709 0.00253509 0.00343621
0 0.000362365 0.00113944 0.00162902
0 -0.00025526 -0.000354164 -0.00033584
0 -0.00087413 -0.0018641 -0.00232602
0 -0.00149821 -0.0033203 -0.00422374
0 -0.00212794 -0.00466866 -0.00593532
0 -0.0027464 -0.00587747 -0.00740423
0 -0.00332007 -0.00692917 -0.00861323
0 -0.00381031 -0.00780789 -0.00957724
0 -0.00419022 -0.00850047 -0.0103314
0 -0.00445389 -0.00900541 -0.0109138
0 -0.00461311 -0.00933778 -0.0113486
0 -0.00467874 -0.00951335 -0.011629
0 -0.00463584 -0.00951381 -0.0117014
0 -0.00445955 -0.00928897 -0.0114901
0 -0.00414851 -0.00879299 -0.0109386
0 -0.00371422 -0.00799668 -0.0100121
0 -0.00316078 -0.00688952 -0.00868902
0 -0.0024863 -0.00548364 -0.00696916
0 -0.00169349 -0.00381074 -0.00488425
0 -0.000798627 -0.00191842 -0.00250251
0 0.000172583 0.00013881 8.24779e-05
0 0.0011876 0.00230076 0.00276996
0 0.00220302 0.00448244 0.0054573
0 0.00316811 0.00657002 0.00803525
0 0.00403212 0.00844776 0.0103897
0 0.00475385 0.010026 0.0124097
0 0.00530769 0.0112481 0.0139977
0 0.00568262 0.0120829 0.015081
0 0.00588052 0.0125166 0.015624
0 0.00591231 0.012553 0.0156332
0 0.00579167 0.0122155 0.0151524
0 0.00553027 0.0115474 0.0142527
0 0.00514057 0.0106087 0.0130217
0 0.0046417 0.00946994 0.0115559
0 0.00406166 0.00820277 0.00995109
0 0.00343807 0.00687812 0.00829783
0 0.00281437 0.00556647 0.00667802
0 0.00222848 0.00433211 0.00515917
0 0.00169798 0.00321763 0.00378434
0 0.00121828 0.00223379 0.00256912
0 0.000780723 0.00136961 0.00151244
0 0.000384421 0.000608152 0.000604576
0 3.16239e-05 -6.44326e-05 -0.000171698
0 -0.000276559 -0.000654323 -0.00083765
0 -0.000540594 -0.00116202 -0.00141433
0 -0.000765126 -0.00159207 -0.00192139
0 -0.000960573 -0.00196161 -0.00237691
0 -0.00113976 -0.00229775 -0.00279674
0 -0.00131504 -0.00262813 -0.00319663
0 -0.00149921 -0.0029751 -0.00359763
0 -0.00170568 -0.00335661 -0.00402827
0 -0.00194715 -0.00379203 -0.0045228
0 -0.00223143 -0.00430307 -0.00511427
0 -0.00255128 -0.00489997 -0.00581893
0 -0.00288464 -0.00556963 -0.00662763
0 -0.00321261 -0.00628347 -0.00751495
0 -0.00353413 -0.0070147 -0.00845124
0 -0.00386038 -0.00774709 -0.00940481
0 -0.00419444 -0.00846656 -0.0103354
0 -0.00451227 -0.00914005 -0.0111855
0 -0.00477109 -0.00971042 -0.011889
0 -0.00493901 -0.010118 -0.0123936
0 -0.00500065 -0.0103141 -0.0126593
0 -0.00494469 -0.010262 -0.0126448
0 -0.00476512 -0.0099452 -0.0123127
0 -0.00446799 -0.00936964 -0.0116446
0 -0.00406819 -0.00855548 -0.0106475
0 -0.00357933 -0.00752574 -0.00935085
0 -0.00300906 -0.00630372 -0.00779979
0 -0.00236184 -0.00491686 -0.00604893
0 -0.00164743 -0.00340304 -0.00415888
0 -0.000889803 -0.00181604 -0.00219722
0 -0.000123409 -0.000216201 -0.000231815
0 0.000619911 0.00134517 0.00167988
0 0.0013187 0.00282289 0.00348963
0 0.00196209 0.00417531 0.00515613
0 0.00254641 0.00537769 0.00664893
0 0.00306923 0.00642533 0.00794739
0 0.00352475 0.00732112 0.00903831
0 0.00390709 0.00806713 0.00992077
0 0.00421639 0.00866514 0.0106096
0 0.0044585 0.00912088 0.0111298
0 0.00464019 0.00944719 0.0115077
0 0.00476561 0.00966234 0.0117633
0 0.00483464 0.00978154 0.0119073
0 0.00484381 0.00980819 0.0119405
0 0.00479435 0.00973822 0.0118605
0 0.00469651 0.0095706 0.0116692
0 0.00455898 0.00930714 0.0113655
0 0.00437932 0.00894687 0.0109407
0 0.00414778 0.00848455 0.0103829
0 0.00385673 0.00791251 0.00968448
0 0.00350436 0.00722286 0.00884384
0 0.00309242 0.0064104 0.00786149
0 0.00262432 0.00547652 0.00673858
0 0.00210518 0.00443087 0.00547881
0 0.00154221 0.003289 0.00409174
0 0.000942308 0.0020665 0.00259346
0 0.000309369 0.000774011 0.00100504
0 -0.000351367 -0.000580915 -0.000651135
0 -0.00102551 -0.00197849 -0.00234952
0 -0.00169168 -0.00337585 -0.00405434
0 -0.00232915 -0.00472101 -0.00572009
0 -0.00291909 -0.00596975 -0.00729392
0 -0.00344452 -0.00708842 -0.00871788
0 -0.00389239 -0.00804978 -0.00993742
0 -0.00425438 -0.00882849 -0.0109103
0 -0.00452487 -0.00940078 -0.0116098
0 -0.00469817 -0.00974873 -0.0120239
0 -0.00476768 -0.00986489 -0.0121518
0 -0.0047277 -0.00975277 -0.0120013
0 -0.0045756 -0.00942227 -0.0115857
0 -0.00431083 -0.00888178 -0.0109179
0 -0.00393564 -0.00813597 -0.0100081
0 -0.00345768 -0.00719095 -0.0088657
0 -0.00288818 -0.00605761 -0.00749963
0 -0.00224098 -0.00475455 -0.00592263
0 -0.00153342 -0.00330995 -0.00415801
0 -0.000783879 -0.00175851 -0.00224261
0 -5.96884e-06 -0.000133083 -0.000224121
0 0.000789613 0.00153906 0.00184658
0 0.00158539 0.00322085 0.00391654
0 0.00235549 0.00485355 0.00592479
0 0.00306953 0.00636939 0.00780399
0 0.00369529 0.00770583 0.00948252
0 0.00419882 0.0088044 0.0108818
0 0.00454716 0.0096064 0.0119203
0 0.00471862 0.0100586 0.0125269
0 0.00471067 0.0101262 0.0126546
0 0.00453647 0.00980285 0.0122866
0 0.00421437 0.00911065 0.0114371
0 0.00376172 0.00809444 0.0101508
0 0.00319613 0.00681374 0.00850276
0 0.00253869 0.00533572 0.00659314
0 0.00181556 0.00373171 0.00453508
0 0.00105556 0.00207352 0.00243835
0 0.00028619 0.000425181 0.000391118
0 -0.000470845 -0.00116199 -0.00154508
0 -0.0011974 -0.00264161 -0.00332592
0 -0.00186584 -0.00396644 -0.00491637
0 -0.00243649 -0.00509423 -0.00628312
0 -0.00287341 -0.00599135 -0.00739105
0 -0.00316087 -0.00663312 -0.00820815
0 -0.00330535 -0.00700506 -0.00870905
0 -0.00332421 -0.00710329 -0.00887498
0 -0.00323302 -0.0069345 -0.00869567
0 -0.00304121 -0.00651547 -0.00817632
0 -0.0027542 -0.00587025 -0.00734406
0 -0.00237727 -0.00502706 -0.00624734
0 -0.00191938 -0.00401893 -0.0049492
0 -0.00139493 -0.00288581 -0.00351721
0 -0.000824023 -0.00167523 -0.00201522
0 -0.000231103 -0.000436328 -0.000497976
0 0.000359385 0.000789878 0.000992442
0 0.000928246 0.00197028 0.0024242
0 0.00146188 0.00307387 0.00376951
0 0.00194833 0.00407393 0.00500165
0 0.0023755 0.00495135 0.00609356
0 0.00273152 0.00569083 0.00701693
0 0.0030064 0.00627583 0.00774517
0 0.00319314 0.00668727 0.00825614
0 0.00328729 0.0069066 0.00853252
0 0.00328601 0.00692106 0.00856157
0 0.0031871 0.00672615 0.00833518
0 0.00299012 0.0063252 0.00785174
0 0.00269894 0.00572827 0.00711954
0 0.00232473 0.00495364 0.00616061
0 0.00188832 0.00403301 0.00501458
0 0.00141763 0.00301392 0.00373825
0 0.000938582 0.00195234 0.00239815
0 0.000468742 0.000899471 0.00106045
0 1.74867e-05 -0.000107365 -0.000217984
0 -0.00041349 -0.0010433 -0.00139249
0 -0.000824904 -0.00188935 -0.00243008
0 -0.0012091 -0.00263061 -0.00331289
0 -0.00154991 -0.00325931 -0.00404045
0 -0.00183299 -0.00377536 -0.00462662
0 -0.00204925 -0.00418004 -0.005089
0 -0.00219269 -0.00447008 -0.00543648
0 -0.00226117 -0.0046391 -0.00566458
0 -0.00225744 -0.00468115 -0.00575735
0 -0.00218843 -0.00459296 -0.00569403
0 -0.00206237 -0.00437397 -0.0054569
0 -0.00188733 -0.00402765 -0.00503979
0 -0.00167189 -0.00356517 -0.0044549
0 -0.00142478 -0.00300718 -0.00373342
0 -0.00115542 -0.0023841 -0.00292204
0 -0.000875549 -0.00173468 -0.00207767
0 -0.000600826 -0.00110161 -0.00126041
0 -0.000349422 -0.000525306 -0.000523873
0 -0.000136801 -3.88658e-05 9.1873e-05
0 2.79064e-05 0.000333969 0.000559505
0 0.000142211 0.000580518 0.000863498
0 0.000213444 0.000705971 0.00100751
0 0.000259529 0.000738143 0.00102004
0 0.000297868 0.000716913 0.000945612
0 0.000336278 0.00067952 0.000833169
0 0.000375236 0.000654546 0.000730374
0 0.000411072 0.000658771 0.000676365
0 0.000438165 0.000695779 0.000694024
0 0.000452042 0.000758633 0.000785717
0 0.000451154 0.000833979 0.00093284
0 0.000438422 0.000907637 0.00110144
0 0.000421379 0.000968832 0.00125223
0 0.000409319 0.00101053 0.00135181
0 0.00040995 0.00102932 0.00138249
0 0.000425846 0.00102533 0.00134597
0 0.000451063 0.00100059 0.00125919
0 0.000471983 0.000957056 0.00114516
0 0.000475502 0.000898249 0.00102712
0 0.000458772 0.000833273 0.000927397
0 0.000430636 0.000776519 0.000864313
0 0.000404438 0.000742405 0.000846932
0 0.000389975 0.000739613 0.00087268
0 0.000388937 0.00076662 0.000928573
0 0.00039373 0.000808871 0.000993316
0 0.000392296 0.000842713 0.00104255
0 0.000375454 0.000844843 0.00105545
0 0.000337612 0.000797688 0.0010149
0 0.000273113 0.000689049 0.000904097
0 0.000176442 0.000511375 0.000707973
0 4.71681e-05 0.000263585 0.000419562
0 -0.00010581 -4.56512e-05 4.57874e-05
0 -0.000264156 -0.000394915 -0.000390541
0 -0.000408385 -0.000753484 -0.000855912
0 -0.000530896 -0.00109221 -0.00131521
0 -0.000637147 -0.00139031 -0.0017342
0 -0.00073489 -0.00163586 -0.00208024
0 -0.000824915 -0.0018233 -0.00232767
0 -0.000897872 -0.00194687 -0.00246232
0 -0.000936705 -0.00199432 -0.00248091
0 -0.000922852 -0.00194737 -0.00238633
0 -0.000843372 -0.0017892 -0.00218155
0 -0.000696126 -0.00151365 -0.00186634
0 -0.000491598 -0.00113067 -0.00144003
0 -0.000250793 -0.000665682 -0.00090947
0 1.83328e-06 -0.000150904 -0.000293873
0 0.000245772 0.000383974 0.000377113
0 0.000466928 0.000911763 0.00106615
0 0.000659572 0.0014058 0.00173043
0 0.000827594 0.00184296 0.00232618
0 0.000978829 0.00220731 0.00281561
0 0.00111612 0.0024906 0.00317384
0 0.00123305 0.00268922 0.00339239
0 0.00131618 0.00280007 0.00347822
0 0.00135186 0.00282002 0.00344965
0 0.00133453 0.00275118 0.0033314
0 0.00127042 0.00260627 0.00314895
0 0.00117434 0.002408 0.00292313
0 0.00106323 0.00218276 0.00266849
0 0.000951234 0.00195307 0.00239604
0 0.000847059 0.00173257 0.00211663
0 0.000752371 0.00152453 0.00184102
0 0.000661449 0.00132351 0.00157606
0 0.000564548 0.0011201 0.00132177
0 0.000454416 0.000906778 0.00107283
0 0.000331732 0.000682241 0.000823382
0 0.000207627 0.000454943 0.000573108
0 9.91262e-05 0.000241366 0.000329238
0 1.97268e-05 5.89539e-05 0.000103318
0 -2.59633e-05 -7.92877e-05 -9.10768e-05
0 -4.23562e-05 -0.000167357 -0.000239539
0 -3.9279e-05 -0.000206307 -0.000328606
0 -2.73562e-05 -0.000202666 -0.000349241
0 -1.51402e-05 -0.000166308 -0.000301923
0 -7.22527e-06 -0.00010758 -0.000199225
0 -2.82871e-06 -3.49683e-05 -6.23212e-05
0 3.17742e-06 4.48966e-05 8.50999e-05
0 1.67627e-05 0.000126005 0.000221323
0 4.09308e-05 0.000201874 0.000329451
0 7.2935e-05 0.000264488 0.000398678
0 0.00010489 0.000305208 0.000425104
0 0.000126634 0.000316622 0.000410788
0 0.000127776 0.000292594 0.000359668
0 9.94254e-05 0.000227435 0.000273157
0 3.64701e-05 0.000115968 0.00014815
0 -6.06346e-05 -4.53415e-05 -2.22542e-05
0 -0.000185467 -0.000256728 -0.000246123
0 -0.000327696 -0.00051455 -0.000530167
0 -0.000476611 -0.000811446 -0.000877231
0 -0.000624064 -0.0011366 -0.00128262
0 -0.00076639 -0.00147685 -0.00173058
0 -0.000902248 -0.00181583 -0.00219186
0 -0.00102719 -0.00213167 -0.00262552
0 -0.00113241 -0.00239831 -0.00298747
0 -0.00120879 -0.00259066 -0.00324144
0 -0.00124913 -0.00268898 -0.0033647
0 -0.00124701 -0.00268061 -0.00334717
0 -0.0011985 -0.00256296 -0.00319096
0 -0.00110584 -0.00234626 -0.00291096
0 -0.000977266 -0.00205112 -0.00253236
0 -0.000824485 -0.00170374 -0.00208676
0 -0.000660215 -0.00133169 -0.00160893
0 -0.000497937 -0.000962448 -0.00113479
0 -0.000350754 -0.000621586 -0.000697715
0 -0.000227142 -0.00032915 -0.000322994
0 -0.000127566 -9.56909e-05 -2.44064e-05
0 -4.60181e-05 7.90278e-05 0.00019515
0 2.31108e-05 0.000201675 0.000339317
0 8.04516e-05 0.000280255 0.000415599
0 0.000122745 0.000321442 0.000435306
0 0.000146374 0.000330124 0.000413064
0 0.000150963 0.000311668 0.000365584
0 0.00014078 0.000274413 0.000309342
0 0.000123735 0.000230497 0.000258253
0 0.000109471 0.000194907 0.000223269
0 0.000107732 0.000183223 0.000213869
0 0.00012808 0.00021026 0.000241105
0 0.000179901 0.000290215 0.000320237
0 0.000269882 0.000435797 0.000469473
0 0.000399155 0.000656443 0.000706298
0 0.000563159 0.00095675 0.00104421
0 0.00075393 0.00133494 0.00148979
0 0.000963996 0.00178279 0.00204031
0 0.00118912 0.00228685 0.00268117
0 0.00142632 0.00282838 0.00338371
0 0.00166892 0.00338232 0.00410626
0 0.00190497 0.0039184 0.00480066
0 0.00212023 0.00440423 0.00542089
0 0.00229915 0.00480627 0.00592682
0 0.00242391 0.00509031 0.00628305
0 0.00247781 0.00522623 0.00645985
0 0.00245008 0.00519375 0.00643534
0 0.00233657 0.00498326 0.00619541
0 0.00213819 0.004594 0.00573358
0 0.00186114 0.00403382 0.00505384
0 0.00151647 0.00331936 0.00417321
0 0.00111778 0.00247511 0.00312143
0 0.000677652 0.00153033 0.00193823
0 0.000203863 0.000512778 0.000666321
0 -0.000299084 -0.000554965 -0.000657021
0 -0.000822987 -0.00164972 -0.00199989
0 -0.00135132 -0.00273947 -0.00332865
0 -0.00185972 -0.00378407 -0.00460566
0 -0.00231999 -0.0047415 -0.00578901
0 -0.00270661 -0.00557147 -0.00683229
0 -0.00300266 -0.00623783 -0.00768793
0 -0.00320027 -0.00671011 -0.008311
0 -0.00329672 -0.00696452 -0.00866237
0 -0.00329158 -0.00698645 -0.00871414
0 -0.00318626 -0.00677295 -0.00845587
0 -0.00298414 -0.00633297 -0.00789777
0 -0.00269146 -0.00568673 -0.00707025
0 -0.00231838 -0.00486474 -0.00602019
0 -0.00187977 -0.00390671 -0.00480533
0 -0.00139539 -0.00285973 -0.00348855
0 -0.000888057 -0.00177415 -0.00213234
0 -0.000381601 -0.000697264 -0.00079371
0 0.00010243 0.00033289 0.000480523
0 0.000549949 0.00128663 0.00165375
0 0.000952474 0.00213584 0.00269415
0 0.00129999 0.00285372 0.00357374
0 0.00158044 0.00342113 0.00427126
0 0.00178534 0.00383022 0.00477432
0 0.00191339 0.00408292 0.005081
0 0.00196884 0.0041864 0.00519872
0 0.00195824 0.00415011 0.00514129
0 0.00188879 0.00398654 0.00492707
0 0.00176836 0.0037129 0.00457834
0 0.00160566 0.00335053 0.0041205
0 0.00141084 0.00292335 0.00358172
0 0.00119607 0.00245663 0.00299302
0 0.000975016 0.00197627 0.0023874
0 0.000761684 0.00150824 0.00179834
0 0.000569805 0.00107851 0.00125778
0 0.000411781 0.000712296 0.000794338
0 0.000296474 0.00043174 0.000432465
0 0.00022769 0.000252681 0.000191829
0 0.000204364 0.000181838 8.56038e-05
0 0.000221315 0.000215562 0.000117292
0 0.000269743 0.000340187 0.000277198
0 0.00033915 0.000534552 0.000542268
0 0.000420132 0.000773785 0.000879386
0 0.000506359 0.00103293 0.0012496
0 0.00059576 0.0012903 0.00161364
0 0.000688702 0.00152884 0.00193772
0 0.000783782 0.00173559 0.00219809
0 0.000874226 0.00190022 0.00238277
0 0.000947164 0.00201277 0.00248928
0 0.000987802 0.00206372 0.00252104
0 0.000985239 0.00204569 0.00248318
0 0.000935642 0.00195491 0.00237817
0 0.000842459 0.0017922 0.00220396
0 0.000713128 0.00156141 0.00195423
0 0.000554604 0.00126649 0.00162107
0 0.000372044 0.000911157 0.00120051
0 0.000170043 0.000500261 0.000697292
0 -4.68105e-05 4.07244e-05 0.000124672
0 -0.00027514 -0.000458251 -0.000500705
0 -0.000513096 -0.000984906 -0.00116157
0 -0.000759236 -0.00152454 -0.00183827
0 -0.0010098 -0.00205966 -0.00250759
0 -0.00125442 -0.00256979 -0.00314284
0 -0.00147624 -0.00303159 -0.00371532
0 -0.00165779 -0.00342024 -0.00419736
0 -0.00178691 -0.0037125 -0.00456523
0 -0.00185907 -0.00389102 -0.00480032
0 -0.00187551 -0.00394752 -0.00488923
0 -0.00183868 -0.0038814 -0.00482317
0 -0.00174892 -0.00369551 -0.00459831
0 -0.00160576 -0.00339384 -0.00421849
0 -0.00141092 -0.00298253 -0.00369688
0 -0.00116928 -0.00247182 -0.00305413
0 -0.000887957 -0.00187744 -0.00231453
0 -0.000575805 -0.00122035 -0.00150392
0 -0.000244615 -0.000525612 -0.000650702
0 8.84221e-05 0.000177527 0.00021271
0 0.000400717 0.000854065 0.00104868
0 0.000668691 0.00146245 0.00181281
0 0.000875191 0.00195999 0.00245712
0 0.00101308 0.00231296 0.00293663
0 0.00108148 0.00250192 0.00321379
0 0.0010828 0.00252237 0.00326516
0 0.00102353 0.00238393 0.00308983
0 0.000915333 0.00210932 0.00271468
0 0.000773844 0.00173327 0.00219238
0 0.000613352 0.00129733 0.00158972
0 0.000443004 0.000841808 0.000971162
0 0.000267457 0.000399511 0.00038681
0 8.89554e-05 -7.50108e-06 -0.000130455
0 -9.01599e-05 -0.000367569 -0.000562916
0 -0.00026483 -0.000676504 -0.000907189
0 -0.000425833 -0.000934134 -0.00117282
0 -0.000559954 -0.00114088 -0.00137613
0 -0.000653064 -0.00129457 -0.00153139
0 -0.000695696 -0.00138913 -0.00164387
0 -0.000687005 -0.00141687 -0.00170681
0 -0.000634568 -0.00137285 -0.00170343
0 -0.000550164 -0.00125704 -0.00161295
0 -0.000444118 -0.00107299 -0.00141886
0 -0.000321926 -0.0008254 -0.00111642
0 -0.000183866 -0.000518294 -0.000715075
0 -2.71919e-05 -0.000155507 -0.000235132
0 0.000150888 0.000256585 0.000299361
0 0.000351461 0.000707544 0.000866802
0 0.000572134 0.0011829 0.00144899
0 0.000804935 0.00166435 0.00202902
0 0.00103676 0.00213191 0.00259037
0 0.00125307 0.00256737 0.00311762
0 0.00144229 0.00295674 0.00359689
0 0.00159846 0.00329025 0.00401559
0 0.00172036 0.00356072 0.00436157
0 0.00180793 0.0037612 0.00462199
0 0.00185907 0.00388322 0.00478307
0 0.00186911 0.00391703 0.00483153
0 0.0018332 0.00385379 0.00475748
0 0.00174903 0.00368856 0.00455671
0 0.00161736 0.00342166 0.00423082
0 0.0014411 0.00305856 0.00378621
0 0.00122518 0.00260958 0.00323408
0 0.000977506 0.00209024 0.00259202
0 0.000708848 0.00152064 0.00188458
0 0.000430629 0.000923027 0.00114056
0 0.000152402 0.000318783 0.000388127
0 -0.000119946 -0.000273846 -0.000348848
0 -0.000383442 -0.000839587 -0.00105042
0 -0.000635066 -0.0013648 -0.0016981
0 -0.00086826 -0.00183662 -0.00227476
0 -0.00107248 -0.00224285 -0.00276649
0 -0.00123661 -0.00257201 -0.003163
0 -0.00135209 -0.00281294 -0.00345594
0 -0.00141505 -0.00295643 -0.00363793
0 -0.00142652 -0.00299789 -0.00370258
0 -0.00139099 -0.00293872 -0.00364551
0 -0.00131501 -0.00278627 -0.00346721
0 -0.00120563 -0.00255204 -0.00317569
0 -0.00106925 -0.00224968 -0.00278733
0 -0.000911037 -0.00189388 -0.00232553
0 -0.000735137 -0.00150003 -0.00181734
0 -0.000545518 -0.00108369 -0.00128938
0 -0.000347174 -0.000659646 -0.000763644
0 -0.00014759 -0.000242478 -0.000256518
0 4.30952e-05 0.000152298 0.000218612
0 0.000213985 0.000508544 0.000648644
0 0.000355534 0.000810858 0.00101961
0 0.000462102 0.00104734 0.00131813
0 0.000534643 0.00121324 0.0015351
0 0.000579214 0.00131172 0.00166709
0 0.000601922 0.00135035 0.00171563
0 0.00060603 0.0013375 0.00168759
0 0.000591945 0.00128021 0.00159497
0 0.000558049 0.00118323 0.00145217
0 0.000502865 0.00105029 0.00127287
0 0.000427561 0.000886637 0.00106851
0 0.000336343 0.000699824 0.000847482
0 0.000234694 0.000498115 0.000614391
0 0.000127832 0.000288597 0.000371096
0 2.03257e-05 7.63948e-05 0.00011909
0 -8.43503e-05 -0.000135427 -0.000139209
0 -0.000184527 -0.000345338 -0.000400416
0 -0.000279855 -0.000551768 -0.000659815
0 -0.000369516 -0.000750677 -0.000910043
0 -0.000451378 -0.000934541 -0.00114113
0 -0.000522675 -0.00109419 -0.00134234
0 -0.000580488 -0.00122147 -0.00150358
0 -0.000621534 -0.00131016 -0.00161612
0 -0.000642974 -0.00135608 -0.00167391
0 -0.000643068 -0.00135685 -0.00167413
0 -0.000620677 -0.00131104 -0.00161634
0 -0.000575912 -0.00121894 -0.00150243
0 -0.000511062 -0.00108403 -0.0013372
0 -0.000430812 -0.000913911 -0.00112888
0 -0.000341615 -0.000720105 -0.000889072
0 -0.00024939 -0.00051472 -0.000630921
0 -0.000157569 -0.000307246 -0.000366888
0 -6.76064e-05 -0.000104485 -0.000107847
0 1.9532e-05 8.82793e-05 0.000136822
0 0.000102516 0.000266589 0.000359249
0 0.000178994 0.000425872 0.000553041
0 0.000245617 0.000561018 0.000713391
0 0.000299062 0.000667378 0.000837462
0 0.00033695 0.000741868 0.000924145
0 0.000358305 0.000783475 0.000973546
0 0.000362946 0.000792553 0.000985931
0 0.000350291 0.000769135 0.000960373
0 0.000320074 0.00071291 0.000895541
0 0.000274065 0.000624876 0.000791932
0 0.000216089 0.00050838 0.000652706
0 0.000150555 0.000369088 0.000483179
0 8.12745e-05 0.000214354 0.000290573
0 1.1605e-05 5.26878e-05 8.44347e-05
0 -5.5001e-05 -0.000106625 -0.000123234
0 -0.000115072 -0.000254082 -0.000318713
0 -0.000165394 -0.0003805 -0.000487774
0 -0.000202724 -0.0004769 -0.000616646
0 -0.000223487 -0.000534378 -0.000693175
0 -0.000224371 -0.000545179 -0.000708616
0 -0.000203961 -0.000505302 -0.000659669
0 -0.000163987 -0.000416925 -0.000549702
0 -0.000108189 -0.000287683 -0.000387393
0 -4.131e-05 -0.000128895 -0.000185169
0 3.04629e-05 4.53846e-05 4.08567e-05
0 0.000100535 0.000220421 0.00027219
0 0.000164074 0.000383235 0.000490517
0 0.000219526 0.000524636 0.000680567
0 0.000268905 0.000640905 0.000832933
0 0.000317049 0.000734795 0.000946523
0 0.000369565 0.000814824 0.00102939
0 0.000428743 0.000891163 0.0010955
0 0.000490931 0.000970755 0.00115963
0 0.000547712 0.00105425 0.00123288
0 0.000588842 0.00113465 0.00131838
0 0.00060571 0.00119883 0.0014084
0 0.000594046 0.00123142 0.00148445
0 0.00055503 0.00121924 0.00152092
0 0.000494615 0.00115486 0.00149181
0 0.000420849 0.0010379 0.00137893
0 0.000340931 0.000873649 0.00117853
0 0.000259042 0.000670263 0.000902413
0 0.000174646 0.000436418 0.000572946
0 8.34872e-05 0.000181244 0.000216299
0 -1.86869e-05 -8.46813e-05 -0.000142497
0 -0.000133398 -0.000350179 -0.000482565
0 -0.000257466 -0.000604295 -0.000788464
0 -0.000381525 -0.000835325 -0.00105037
0 -0.000492886 -0.00103227 -0.00126494
0 -0.00058056 -0.00118775 -0.00143423
0 -0.000637578 -0.00129749 -0.00156088
0 -0.000661502 -0.00135859 -0.00164373
0 -0.000654271 -0.00136921 -0.00167683
0 -0.000621019 -0.00132925 -0.00165164
0 -0.000567404 -0.00123996 -0.00156015
0 -0.000496594 -0.0011024 -0.00139761
0 -0.000409005 -0.00091755 -0.00116523
0 -0.000304368 -0.000688369 -0.000871341
0 -0.000183589 -0.000420792 -0.000529697
0 -4.92825e-05 -0.000123776 -0.000156216
0 9.5012e-05 0.000191625 0.000234484
0 0.000245098 0.000513727 0.000629832
0 0.000396327 0.000831898 0.00101875
0 0.000544119 0.00113767 0.00139193
0 0.000683576 0.00142388 0.00174117
0 0.000809456 0.00168351 0.00205816
0 0.000916451 0.0019085 0.00233401
0 0.00100019 0.00209015 0.00255967
0 0.00105789 0.00222061 0.0027263
0 0.00108687 0.00229285 0.00282425
0 0.00108506 0.00230149 0.0028445
0 0.00105268 0.00224446 0.00278166
0 0.000991856 0.00212299 0.00263522
0 0.000904803 0.00194047 0.00240893
0 0.000791768 0.00170031 0.00210872
0 0.000651196 0.00140485 0.0017412
0 0.000482477 0.00105686 0.00131368
0 0.000288454 0.000661914 0.00083481
0 7.54457e-05 0.000229113 0.000314674
0 -0.000146781 -0.00022794 -0.000234695
0 -0.000364677 -0.000689773 -0.000796944
0 -0.000564999 -0.00113338 -0.00135065
0 -0.000739463 -0.001536 -0.00186956
0 -0.000884076 -0.00187772 -0.00232344
0 -0.00099694 -0.00214408 -0.00268274
0 -0.00107752 -0.00232711 -0.00292549
0 -0.00112554 -0.00242352 -0.00304163
0 -0.00114027 -0.00243337 -0.00303405
0 -0.00112009 -0.00235974 -0.00291588
0 -0.00106319 -0.00220913 -0.00270577
0 -0.000970808 -0.00199319 -0.00242485
0 -0.000849091 -0.0017284 -0.00209439
0 -0.000707802 -0.00143314 -0.00173353
0 -0.000557918 -0.00112461 -0.00135862
0 -0.000409292 -0.000816948 -0.000983247
0 -0.000268324 -0.000520082 -0.000617896
0 -0.000137402 -0.000239861 -0.000270318
0 -1.56324e-05 2.11295e-05 5.43791e-05
0 9.96517e-05 0.000262792 0.000353385
0 0.000209956 0.000485553 0.000624553
0 0.000313549 0.000688261 0.000865424
0 0.000405048 0.000866476 0.00107259
0 0.000477321 0.00101242 0.00124177
0 0.000525421 0.00111809 0.00136908
0 0.000549258 0.00117945 0.00145189
0 0.000553201 0.00119852 0.00148891
0 0.000543634 0.00118242 0.00148059
0 0.000526602 0.00114057 0.00143058
0 0.000506072 0.00108147 0.00134659
0 0.000483564 0.00101123 0.0012399
0 0.000459249 0.000934561 0.00112399
0 0.000431917 0.000855132 0.00101098
0 0.000398586 0.000774652 0.000907456
0 0.00035619 0.000692667 0.000813387
0 0.000304093 0.000607334 0.000724154
0 0.000245123 0.000516696 0.000633325
0 0.000184397 0.000419922 0.000534754
0 0.00012672 0.000317644 0.000423769
0 7.49868e-05 0.000211858 0.000298569
0 2.90151e-05 0.000104324 0.000160227
0 -1.53035e-05 -5.74975e-06 1.10148e-05
0 -6.36931e-05 -0.000121136 -0.000145863
0 -0.000120446 -0.000244734 -0.000306657
0 -0.000186773 -0.000377785 -0.000468242
0 -0.000260822 -0.000518999 -0.000629437
0 -0.000338046 -0.000664165 -0.000790548
0 -0.000411665 -0.000806113 -0.000950946
0 -0.000475463 -0.000937295 -0.00110817
0 -0.000525506 -0.00105149 -0.00125666
0 -0.00056025 -0.00114373 -0.00138685
0 -0.000580378 -0.0012099 -0.00148681
0 -0.000586981 -0.00124522 -0.00154445
0 -0.000579531 -0.00124355 -0.00154932
0 -0.000555333 -0.00119836 -0.00149408
0 -0.000510526 -0.00110444 -0.0013754
0 -0.000441719 -0.000959323 -0.00119393
0 -0.000348095 -0.000764673 -0.000954101
0 -0.000232545 -0.000526475 -0.000663652
0 -0.000100499 -0.000253446 -0.000332353
0 4.1533e-05 4.39903e-05 2.92046e-05
0 0.000186667 0.000354061 0.000409546
0 0.000328575 0.000664488 0.000795764
0 0.00046288 0.000964088 0.00117392
0 0.000587775 0.00124388 0.00153024
0 0.000703045 0.00149715 0.00185213
0 0.000808706 0.00171956 0.00212957
0 0.000903918 0.00190867 0.00235706
0 0.000986542 0.00206306 0.00253429
0 0.00105367 0.00218216 0.00266501
0 0.00110221 0.00226583 0.0027546
0 0.00112935 0.00231373 0.00280708
0 0.00113373 0.00232546 0.00282369
0 0.00111679 0.0023017 0.00280367
0 0.0010816 0.00224356 0.00274438
0 0.00103022 0.00215101 0.00264136
0 0.000963428 0.00202305 0.00249057
0 0.000881284 0.00185874 0.00229034
0 0.00078301 0.00165725 0.0020415
0 0.000667166 0.00141794 0.00174649
0 0.000532297 0.00114093 0.00140825
0 0.000377995 0.000827691 0.0010296
0 0.00020642 0.000482022 0.000614516
0 2.28472e-05 0.000110826 0.000169363
0 -0.000164509 -0.000275099 -0.000296424
0 -0.000345493 -0.000660984 -0.000769544
0 -0.000511685 -0.0010305 -0.00123337
0 -0.00065999 -0.0013694 -0.00166938
0 -0.000791949 -0.00166807 -0.00205903
0 -0.000909459 -0.00192142 -0.0023862
0 -0.00101072 -0.00212574 -0.00263912
0 -0.00108992 -0.0022759 -0.0028116
0 -0.00113995 -0.00236521 -0.00290314
0 -0.00115428 -0.0023866 -0.00291596
0 -0.0011285 -0.00233491 -0.00285144
0 -0.00106218 -0.00220959 -0.00270909
0 -0.000959121 -0.00201473 -0.00248737
0 -0.0008265 -0.00175786 -0.00218653
0 -0.000672951 -0.0014487 -0.00181179
0 -0.000505651 -0.00109752 -0.0013745
0 -0.000328413 -0.000714092 -0.000890577
0 -0.000141811 -0.000306904 -0.000376946
0 5.45088e-05 0.000116579 0.000151473
0 0.000259439 0.000548659 0.000682448
0 0.000468549 0.00098 0.00120479
0 0.000673374 0.0013983 0.00170693
0 0.000863551 0.00178883 0.00217712
0 0.00102908 0.00213601 0.00260219
0 0.00116181 0.00242503 0.00296649
0 0.0012566 0.00264363 0.00325281
0 0.0013111 0.00278241 0.00344389
0 0.00132533 0.00283486 0.00352526
0 0.0013005 0.0027973 0.00348781
0 0.00123747 0.00266862 0.00332892
0 0.00113682 0.00245114 0.00305324
0 0.000999508 0.00215106 0.00267221
0 0.000827283 0.00177789 0.00220194
0 0.000622569 0.00134248 0.00166004
0 0.000389102 0.000855833 0.00106295
0 0.00013305 0.000329899 0.000425302
0 -0.000136985 -0.000221992 -0.000239649
0 -0.000410085 -0.000784419 -0.000918705
0 -0.000674063 -0.0013388 -0.00159594
0 -0.000918197 -0.00186408 -0.00225048
0 -0.00113487 -0.00233977 -0.00285683
0 -0.00131895 -0.00274888 -0.00338731
0 -0.00146599 -0.00307752 -0.00381491
0 -0.00157104 -0.00331278 -0.00411669
0 -0.00162903 -0.00344249 -0.00427699
0 -0.00163511 -0.00345648 -0.00428814
0 -0.00158502 -0.00334877 -0.00414906
0 -0.00147657 -0.00311951 -0.00386383
0 -0.00131141 -0.00277571 -0.00344127
0 -0.00109644 -0.00233109 -0.00289554
0 -0.000843739 -0.00180545 -0.00224738
0 -0.000567584 -0.00122266 -0.00152375
0 -0.000279805 -0.000606432 -0.00075483
0 1.13426e-05 2.25115e-05 3.03357e-05
0 0.000298873 0.000645702 0.00080577
0 0.000576084 0.0012445 0.00154728
0 0.000836067 0.00179906 0.0022313
0 0.00106962 0.00228882 0.00283472
0 0.00126527 0.00269474 0.00333602
0 0.00141296 0.00300243 0.00371792
0 0.00150704 0.00320307 0.00396888
0 0.00154732 0.00329347 0.00408389
0 0.00153852 0.0032768 0.00406516
0 0.00148735 0.00316188 0.00392119
0 0.00139942 0.00296089 0.00366509
0 0.00127812 0.00268671 0.0033132
0 0.00112568 0.0023512 0.00288399
0 0.000945504 0.00196568 0.00239725
0 0.000743288 0.0015419 0.00187234
0 0.000526099 0.00109219 0.00132533
0 0.000301078 0.000628969 0.000767948
0 7.48393e-05 0.000164096 0.00020932
0 -0.000146172 -0.00029107 -0.000341657
0 -0.000354822 -0.000725101 -0.000873823
0 -0.000543572 -0.00112584 -0.00137205
0 -0.000705619 -0.00147951 -0.0018177
0 -0.000836385 -0.00177213 -0.00219135
0 -0.000934003 -0.00199272 -0.00247626
0 -0.000997553 -0.00213416 -0.00265975
0 -0.00102609 -0.00219322 -0.00273468
0 -0.00101916 -0.00217052 -0.00270096
0 -0.000977433 -0.00207015 -0.00256577
0 -0.000903161 -0.0018996 -0.00234229
0 -0.000800172 -0.00166953 -0.00204742
0 -0.00067272 -0.0013922 -0.00169855
0 -0.000525295 -0.00107983 -0.00131153
0 -0.000363998 -0.000744466 -0.00090083
0 -0.000195437 -0.000396927 -0.000478336
0 -2.53662e-05 -4.62073e-05 -5.32203e-05
0 0.000140522 0.000298675 0.000365813
0 0.000295961 0.000627279 0.000768437
0 0.000434258 0.000927596 0.0011414
0 0.000549684 0.00118699 0.00146939
0 0.000638738 0.00139385 0.00173686
0 0.00070032 0.00153984 0.00192984
0 0.000736082 0.00162235 0.00203972
0 0.000748912 0.00164381 0.00206523
0 0.000740705 0.00160937 0.00201187
0 0.000712131 0.00152553 0.00189093
0 0.000662379 0.0013983 0.00171617
0 0.000590197 0.00123263 0.00150041
0 0.000496628 0.0010341 0.00125429
0 0.000386489 0.000810366 0.000986544
0 0.000267662 0.000571401 0.000705073
0 0.000148624 0.000328366 0.000417281
0 3.60492e-05 9.16264e-05 0.000130401
0 -6.57315e-05 -0.000130382 -0.000147481
0 -0.000154128 -0.00033086 -0.000406393
0 -0.000228214 -0.000504516 -0.000634985
0 -0.000288662 -0.000647505 -0.000822511
0 -0.000337276 -0.000757277 -0.000961611
0 -0.000375881 -0.000832916 -0.00105024
0 -0.000404058 -0.000874544 -0.00109052
0 -0.000418513 -0.000882692 -0.00108683
0 -0.000415195 -0.000858421 -0.00104479
0 -0.000393041 -0.00080456 -0.000971508
0 -0.000355536 -0.000726532 -0.00087509
0 -0.000308105 -0.000630875 -0.000762355
0 -0.000256099 -0.000524536 -0.000638421
0 -0.000204145 -0.000414733 -0.000507782
0 -0.000155329 -0.000307589 -0.000374937
0 -0.000110873 -0.000206937 -0.000244683
0 -7.01861e-05 -0.000113926 -0.000121506
0 -3.14945e-05 -2.77354e-05 -8.74913e-06
0 7.37298e-06 5.33697e-05 9.22318e-05
0 4.83199e-05 0.000131413 0.000182697
0 9.16994e-05 0.000207716 0.000265631
0 0.000135897 0.000282543 0.00034456
0 0.000177932 0.000355163 0.000422444
0 0.000214396 0.000423784 0.000500474
0 0.000243789 0.000487133 0.000578698
0 0.000267793 0.000545737 0.000656829
0 0.000289893 0.000601435 0.00073395
0 0.00031342 0.000656458 0.000808568
0 0.000339709 0.000711895 0.000878652
0 0.00036785 0.000766935 0.000942355
0 0.000395898 0.000819471 0.00099912
0 0.000421561 0.000866816 0.00104948
0 0.000442771 0.000906717 0.00109412
0 0.000458108 0.000937927 0.00113284
0 0.000467063 0.000960101 0.00116429
0 0.00047023 0.000973414 0.0011864
0 0.000468853 0.000977925 0.00119697
0 0.000463375 0.000972468 0.00119336
0 0.000452758 0.00095443 0.0011725
0 0.000435221 0.00092076 0.00113166
0 0.000408877 0.000868662 0.0010687
0 0.000372128 0.000795937 0.000981886
0 0.000323405 0.000700589 0.000869193
0 0.000261694 0.000581043 0.000728565
0 0.000188084 0.000437658 0.000559507
0 0.000105484 0.000273092 0.000363654
0 1.69996e-05 9.13115e-05 0.000144167
0 -7.49384e-05 -0.000103222 -9.46437e-05
0 -0.000169065 -0.000306351 -0.000347735
0 -0.000265444 -0.000515044 -0.000609868
0 -0.000364409 -0.000726993 -0.000875274
0 -0.000465246 -0.000939138 -0.00113758
0 -0.000565464 -0.00114654 -0.00139031
0 -0.000660762 -0.0013423 -0.00162677
0 -0.000745839 -0.00151815 -0.00183997
0 -0.000815317 -0.00166542 -0.00202213
0 -0.000864508 -0.00177594 -0.0021642
0 -0.000890176 -0.00184272 -0.00225628
0 -0.000891322 -0.00186071 -0.00228936
0 -0.000869283 -0.00182761 -0.00225738
0 -0.000826212 -0.00174369 -0.00215803
0 -0.000763073 -0.0016106 -0.00199244
0 -0.000679007 -0.00143026 -0.0017646
0 -0.000571902 -0.00120402 -0.00148004
0 -0.000439446 -0.000932092 -0.00114398
0 -0.000281537 -0.000615712 -0.000761261
0 -0.00010218 -0.000259733 -0.00033732
0 9.12059e-05 0.000127071 0.0001214
0 0.000289109 0.000532494 0.000606568
0 0.000481993 0.000942376 0.00110703
0 0.00066331 0.00134281 0.00160887
0 0.000829708 0.0017204 0.00209374
0 0.00097902 0.00206189 0.00253841
0 0.0011096 0.00235574 0.00291982
0 0.00121887 0.00259237 0.00321962
0 0.00130198 0.00276282 0.00342562
0 0.00135338 0.0028597 0.00353298
0 0.00136799 0.00287798 0.0035426
0 0.0013416 0.00281508 0.00345772
0 0.00127192 0.00267111 0.00328151
0 0.00116031 0.00244947 0.0030171
0 0.00101366 0.00215849 0.00267036
0 0.000842994 0.00181158 0.00225193
0 0.000659026 0.00142443 0.00177662
0 0.00046918 0.00101242 0.00126212
0 0.000277699 0.00058929 0.000727802
0 8.69918e-05 0.000166651 0.000193075
0 -0.000101369 -0.00024538 -0.000324518
0 -0.000285954 -0.000637873 -0.000810288
0 -0.000464203 -0.00100254 -0.00125259
0 -0.000630751 -0.00133086 -0.00164317
0 -0.000778046 -0.00161512 -0.00197758
0 -0.000899055 -0.00184958 -0.00225428
0 -0.00098905 -0.00203015 -0.00247235
0 -0.00104672 -0.0021546 -0.00262991
0 -0.00107437 -0.00222305 -0.00272432
0 -0.00107614 -0.00223751 -0.00275283
0 -0.00105649 -0.00220161 -0.00271452
0 -0.00101928 -0.00212037 -0.00261237
0 -0.000967323 -0.00199993 -0.0024542
0 -0.00090289 -0.00184789 -0.00225254
0 -0.000827501 -0.00167241 -0.00202212
0 -0.000741921 -0.00148109 -0.00177669
0 -0.000647155 -0.00128045 -0.00152693
0 -0.000545553 -0.00107564 -0.00127968
0 -0.000441258 -0.000871166 -0.0010385
0 -0.000338048 -0.000670236 -0.00080353
0 -0.000237969 -0.000474205 -0.000572826
0 -0.000142923 -0.000284411 -0.000345755
0 -5.47149e-05 -0.000102753 -0.000123863
0 2.62874e-05 6.93265e-05 9.02879e-05
0 0.000100539 0.00023045 0.00029308
0 0.000168801 0.000379199 0.000480355
0 0.000232158 0.000514583 0.000648741
0 0.000291857 0.000636597 0.000796846
0 0.000349255 0.000746802 0.000926045
0 0.000404871 0.000847494 0.00103973
0 0.000458415 0.000941341 0.0011429
0 0.000509026 0.00103074 0.00124111
0 0.000555294 0.0011168 0.00133863
0 0.00059653 0.00119992 0.00143813
0 0.00063324 0.00128032 0.0015401
0 0.000666703 0.001358 0.00164256
0 0.000698524 0.00143277 0.00174196
0 0.000730133 0.00150421 0.00183438
0 0.000761962 0.00157117 0.00191652
0 0.000791928 0.00163051 0.00198528
0 0.000815522 0.00167682 0.00203715
0 0.000828136 0.0017042 0.00206861
0 0.000826431 0.00170737 0.00207561
0 0.000808591 0.00168211 0.00205298
0 0.000774922 0.00162623 0.00199552
0 0.000727604 0.0015399 0.00189961
0 0.000669495 0.00142512 0.0017643
0 0.000602879 0.00128501 0.00159194
0 0.000528891 0.00112319 0.00138767
0 0.000448198 0.000943902 0.00115901
0 0.000361125 0.000751322 0.000914516
0 0.00026752 0.000548862 0.000661733
0 0.000167917 0.000340085 0.000406471
0 6.4729e-05 0.00012968 0.000153648
0 -3.77914e-05 -7.65458e-05 -9.21031e-05
0 -0.000134483 -0.000272184 -0.000326117
0 -0.000220897 -0.000451336 -0.000543717
0 -0.000294621 -0.000609601 -0.000740238
0 -0.000354758 -0.000743461 -0.000910171
0 -0.000401108 -0.000849566 -0.00104728
0 -0.000433673 -0.000924864 -0.00114573
0 -0.000452341 -0.000967195 -0.00120103
0 -0.000457342 -0.00097619 -0.0012115
0 -0.000448848 -0.000952833 -0.00117855
0 -0.000427018 -0.000899275 -0.0011065
0 -0.000393246 -0.000819791 -0.00100244
0 -0.00035 -0.000720332 -0.00087479
0 -0.000300233 -0.000607658 -0.0007324
0 -0.000247367 -0.000489075 -0.000584093
0 -0.000194748 -0.000371711 -0.000437767
0 -0.000144946 -0.000261467 -0.00029987
0 -9.99922e-05 -0.000162878 -0.000175845
0 -6.23683e-05 -8.0141e-05 -7.1198e-05
0 -3.48893e-05 -1.75598e-05 8.49864e-06
0 -1.90565e-05 2.1621e-05 5.91828e-05
0 -1.4258e-05 3.62896e-05 7.9319e-05
0 -1.90959e-05 2.70033e-05 6.90972e-05
0 -3.29456e-05 -5.05553e-06 2.93441e-05
0 -5.56826e-05 -5.80764e-05 -3.81043e-05
0 -8.71444e-05 -0.000129798 -0.000130154
0 -0.000126762 -0.000217764 -0.000242646
0 -0.000172616 -0.00031841 -0.000369965
0 -0.000222366 -0.000427498 -0.000506225
0 -0.000274589 -0.000541216 -0.000646776
0 -0.00032877 -0.00065662 -0.000788344
0 -0.000384603 -0.000771725 -0.000928565
0 -0.000440249 -0.000884012 -0.00106458
0 -0.000491424 -0.000988762 -0.00119174
0 -0.000532976 -0.00107937 -0.00130371
0 -0.000561208 -0.00114888 -0.00139334
0 -0.000574366 -0.00119093 -0.00145302
0 -0.00057188 -0.00120041 -0.00147496
0 -0.000554243 -0.00117467 -0.00145274
0 -0.000522605 -0.00111372 -0.00138303
0 -0.000477441 -0.00101875 -0.00126579
0 -0.000418501 -0.000891463 -0.00110427
0 -0.000346066 -0.000734675 -0.000904928
0 -0.000261364 -0.0005524 -0.000676005
0 -0.00016629 -0.00034968 -0.000425786
0 -6.28844e-05 -0.00013212 -0.000160919
0 4.69865e-05 9.50367e-05 0.000113905
0 0.000160997 0.000327241 0.000394707
0 0.000275868 0.000560327 0.000677136
0 0.000387707 0.000789937 0.000956142
0 0.000493448 0.00101171 0.00122672
0 0.0005916 0.00122134 0.00148436
0 0.000681395 0.00141433 0.00172406
0 0.000762698 0.0015874 0.00194054
0 0.000835646 0.00173904 0.00212925
0 0.000899252 0.00186783 0.00228648
0 0.000950537 0.0019705 0.00240871
0 0.000985374 0.00204191 0.00249239
0 0.00100054 0.00207686 0.00253449
0 0.0009943 0.00207133 0.00253182
0 0.000966011 0.00202279 0.00248046
0 0.000916447 0.00193087 0.00237695
0 0.000847797 0.0017973 0.00221995
0 0.00076271 0.00162501 0.00201093
0 0.00066281 0.00141682 0.00175378
0 0.000548412 0.00117534 0.00145398
0 0.000419861 0.000904083 0.00111826
0 0.000278669 0.000607986 0.000754416
0 0.000127968 0.00029368 0.000371092
0 -2.76087e-05 -3.03613e-05 -2.26581e-05
0 -0.000182158 -0.000354043 -0.000417117
0 -0.000329359 -0.000666491 -0.00080135
0 -0.000464355 -0.000957527 -0.00116376
0 -0.000584643 -0.00121879 -0.00149283
0 -0.000689052 -0.00144386 -0.0017774
0 -0.000776666 -0.00162809 -0.00200828
0 -0.000846504 -0.00176883 -0.0021802
0 -0.000897402 -0.00186516 -0.00229228
0 -0.000927746 -0.00191692 -0.0023469
0 -0.000935645 -0.00192417 -0.00234784
0 -0.00091996 -0.00188758 -0.00229905
0 -0.000880791 -0.00180856 -0.00220345
0 -0.000819049 -0.00168864 -0.00206195
0 -0.000736573 -0.00152949 -0.00187434
0 -0.00063667 -0.00133403 -0.00164146
0 -0.000523277 -0.00110632 -0.00136628
0 -0.000399417 -0.000850872 -0.00105375
0 -0.000266533 -0.000572319 -0.000710281
0 -0.000125741 -0.000275569 -0.000343703
0 2.07912e-05 3.34757e-05 3.71576e-05
0 0.000169604 0.000347515 0.000423006
0 0.000315635 0.000657296 0.000803283
0 0.000453004 0.000952042 0.00116608
0 0.000576498 0.00122064 0.00149917
0 0.000682772 0.0014534 0.00179124
0 0.000770793 0.00164424 0.00203279
0 0.000840454 0.00179056 0.00221684
0 0.000891091 0.00189135 0.00233953
0 0.000921872 0.00194671 0.00240093
0 0.00093241 0.00195786 0.0024051
0 0.000922616 0.00192697 0.00235832
0 0.000893013 0.00185747 0.00226757
0 0.000844504 0.00175336 0.00213874
0 0.000777957 0.0016179 0.00197539
0 0.000695258 0.001454 0.00177996
0 0.000600047 0.00126533 0.00155533
0 0.000496698 0.00105668 0.00130508
0 0.000389034 0.000833453 0.00103366
0 0.000280203 0.000601544 0.000747593
0 0.000172288 0.00036685 0.000454854
0 6.57594e-05 0.000134192 0.0001631
0 -3.92477e-05 -9.23661e-05 -0.000120444
0 -0.000142346 -0.000309511 -0.000389501
0 -0.000242963 -0.000515026 -0.000639654
0 -0.00033879 -0.000706059 -0.000867311
0 -0.000425307 -0.000877546 -0.00106892
0 -0.000497538 -0.00102314 -0.00124126
0 -0.000551885 -0.00113729 -0.00138095
0 -0.000586924 -0.00121661 -0.00148392
0 -0.00060328 -0.00125984 -0.00154574
0 -0.000603019 -0.00126751 -0.00156289
0 -0.000589132 -0.00124184 -0.00153458
0 -0.000564502 -0.00118641 -0.00146364
0 -0.000530984 -0.00110553 -0.00135635
0 -0.000489186 -0.00100387 -0.00122128
0 -0.000438805 -0.000885916 -0.00106729
0 -0.000380207 -0.000756264 -0.000902551
0 -0.000315423 -0.000619752 -0.000734228
0 -0.000247781 -0.000481332 -0.000567925
0 -0.000180979 -0.000345941 -0.000407421
0 -0.000118317 -0.000218187 -0.000255363
0 -6.24193e-05 -0.000102011 -0.000114313
0 -1.4529e-05 1.79478e-07 1.32468e-05
0 2.61136e-05 8.82443e-05 0.000125602
0 6.18604e-05 0.000164153 0.00022234
0 9.54659e-05 0.000231063 0.00030451
0 0.00012895 0.000292182 0.000374558
0 0.000163234 0.000350197 0.000436331
0 0.000197878 0.000406831 0.000494309
0 0.000230672 0.00046203 0.000551811
0 0.000259155 0.000514779 0.000610704
0 0.000282115 0.00056409 0.00067142
0 0.00029939 0.000608739 0.000732163
0 0.000311837 0.000647535 0.000789325
0 0.000321062 0.000679647 0.000838589
0 0.000328558 0.000704387 0.000875827
0 0.000334611 0.000720502 0.000897537
0 0.000337785 0.000725701 0.000901183
0 0.000335184 0.000716718 0.000885198
0 0.000323545 0.000690123 0.000848738
0 0.000300963 0.000643892 0.000791802
0 0.000267652 0.000578226 0.000714974
0 0.000225375 0.000495161 0.000618963
0 0.000176999 0.000398288 0.000505334
0 0.000125935 0.000292254 0.000377294
0 7.47404e-05 0.000181312 0.000239047
0 2.39065e-05 6.79856e-05 9.46073e-05
0 -2.7713e-05 -4.67789e-05 -5.24963e-05
0 -8.10282e-05 -0.000162174 -0.000198576
0 -0.00013591 -0.000276923 -0.00034017
0 -0.000191567 -0.000389471 -0.000475021
0 -0.000246454 -0.000497801 -0.000601989
0 -0.000298089 -0.000599192 -0.000720195
0 -0.00034325 -0.000690072 -0.000827849
0 -0.000378387 -0.000765907 -0.000921261
0 -0.000400505 -0.00082157 -0.000994805
0 -0.000408243 -0.000852342 -0.0010419
0 -0.000401703 -0.000854512 -0.0010557
0 -0.000381649 -0.000825739 -0.00103008
0 -0.000349585 -0.000765925 -0.000961806
0 -0.000307346 -0.000677101 -0.000851852
0 -0.000255759 -0.000561923 -0.000704555
0 -0.000194005 -0.000422503 -0.000525717
0 -0.000120611 -0.000260778 -0.000321227
0 -3.53944e-05 -7.97149e-05 -9.68944e-05
0 5.9344e-05 0.000116088 0.000141318
0 0.000158971 0.000320255 0.000387054
0 0.000257701 0.000524914 0.000633449
0 0.000350008 0.000721517 0.000873155
0 0.000431641 0.000901816 0.00109802
0 0.000500262 0.00105883 0.00129911
0 0.000555129 0.00118721 0.00146749
0 0.000596293 0.00128339 0.00159506
0 0.000624098 0.00134556 0.00167594
0 0.000638339 0.00137282 0.00170741
0 0.000638054 0.00136471 0.00169027
0 0.000622633 0.00132219 0.00162905
0 0.000592826 0.00124879 0.00153132
0 0.000550779 0.00115058 0.00140592
0 0.000499262 0.00103474 0.00126103
0 0.000441304 0.000908275 0.00110408
0 0.000379975 0.000777153 0.000941914
0 0.000317298 0.000645244 0.000779612
0 0.000253222 0.000513556 0.0006191
0 0.000186821 0.000381368 0.000460163
0 0.000118412 0.000248336 0.000302509
0 4.98216e-05 0.000115279 0.000146253
0 -1.64604e-05 -1.58205e-05 -8.08163e-06
0 -7.79596e-05 -0.000141954 -0.000159117
0 -0.000132783 -0.000259683 -0.000304269
0 -0.000180571 -0.000366502 -0.000440333
0 -0.000222066 -0.000461049 -0.000563512
0 -0.000257747 -0.000542155 -0.00066923
0 -0.000287756 -0.000608618 -0.000753379
0 -0.000311851 -0.00065895 -0.00081342
0 -0.000329176 -0.000691377 -0.000848622
0 -0.000338437 -0.000704573 -0.000859781
0 -0.000338196 -0.000698144 -0.000848376
0 -0.000327548 -0.000672732 -0.000816053
0 -0.000307337 -0.000630511 -0.000765189
0 -0.000280504 -0.000575398 -0.000699402
0 -0.0002512 -0.000512755 -0.000623589
0 -0.000223409 -0.000448621 -0.000543431
0 -0.000199483 -0.000388293 -0.000464471
0 -0.000179635 -0.000335184 -0.000391648
0 -0.000162458 -0.000290378 -0.000328802
0 -0.000146033 -0.000253023 -0.000278118
0 -0.000128927 -0.000221271 -0.000239787
0 -0.00011072 -0.000193265 -0.000211979
0 -9.19158e-05 -0.000167607 -0.0001911
0 -7.33796e-05 -0.000143143 -0.000172384
0 -5.65759e-05 -0.000119407 -0.000151755
0 -4.3705e-05 -9.71722e-05 -0.000127651
0 -3.62563e-05 -7.76388e-05 -0.000100814
0 -3.3767e-05 -6.14803e-05 -7.32886e-05
0 -3.41143e-05 -4.87167e-05 -4.77883e-05
0 -3.46944e-05 -3.89743e-05 -2.71565e-05
0 -3.33996e-05 -3.15696e-05 -1.34898e-05
0 -2.89138e-05 -2.5331e-05 -7.03618e-06
0 -2.09542e-05 -1.88416e-05 -5.88971e-06
0 -1.02944e-05 -1.08243e-05 -6.46748e-06
0 1.91075e-06 1.57217e-09 -4.11084e-06
0 1.46575e-05 1.49535e-05 5.82079e-06
0 2.71616e-05 3.50029e-05 2.65329e-05
0 3.95365e-05 6.10851e-05 5.9551e-05
0 5.31757e-05 9.44207e-05 0.000105069
0 7.02023e-05 0.000136268 0.000162217
0 9.29588e-05 0.000187949 0.000229894
0 0.000122818 0.000250143 0.000306959
0 0.000159211 0.000322042 0.000392052
0 0.000200305 0.000401781 0.00048414
0 0.000243745 0.000486835 0.000582449
0 0.000287294 0.000574496 0.000686072
0 0.000329009 0.00066208 0.000793254
0 0.000366696 0.000746218 0.000900134
0 0.000398886 0.000823468 0.0010014
0 0.000425451 0.000890893 0.00109144
0 0.000446592 0.000945574 0.00116468
0 0.000462526 0.000985067 0.00121669
0 0.000473258 0.00100789 0.00124503
0 0.000478157 0.00101346 0.00124919
0 0.000475395 0.00100119 0.00122958
0 0.000462385 0.000969824 0.00118675
0 0.000437213 0.000917931 0.00112134
0 0.000398803 0.000843868 0.00103312
0 0.000346891 0.000746178 0.000920599
0 0.000282057 0.000624223 0.000781434
0 0.00020568 0.000478418 0.000613338
0 0.000119801 0.000310273 0.000415322
0 2.72142e-05 0.000122702 0.000189088
0 -6.83977e-05 -7.94382e-05 -6.01161e-05
0 -0.000163348 -0.000289482 -0.000324039
0 -0.000255464 -0.000500244 -0.00059292
0 -0.000344605 -0.000705387 -0.000856523
0 -0.000431521 -0.000899686 -0.00110479
0 -0.000516432 -0.00107909 -0.00132928
0 -0.000597064 -0.00123975 -0.00152345
0 -0.000668287 -0.00137676 -0.00168272
0 -0.000724438 -0.00148448 -0.00180503
0 -0.000761446 -0.00155793 -0.00188978
0 -0.000777685 -0.00159426 -0.00193632
0 -0.000773778 -0.00159323 -0.00194299
0 -0.000751947 -0.00155673 -0.00190765
0 -0.000715367 -0.00148785 -0.0018293
0 -0.000666936 -0.00138976 -0.00170927
0 -0.000608387 -0.00126516 -0.00155149
0 -0.000540949 -0.00111737 -0.00136283
0 -0.000465219 -0.000950407 -0.00115144
0 -0.000380812 -0.000768174 -0.000924194
0 -0.000287764 -0.00057422 -0.000686368
0 -0.00018747 -0.000371573 -0.000441885
0 -8.2386e-05 -0.000162922 -0.000193172
0 2.43349e-05 4.87139e-05 5.81166e-05
0 0.00012912 0.000259541 0.000309857
0 0.000228024 0.000464484 0.000558135
0 0.00031689 0.000656867 0.000796345
0 0.000392436 0.000829324 0.00101561
0 0.000453434 0.000975334 0.0012061
0 0.000500532 0.00109013 0.00135866
0 0.000534987 0.001171 0.00146621
0 0.000557667 0.00121737 0.00152495
0 0.000568592 0.00123039 0.00153518
0 0.00056655 0.00121157 0.00150077
0 0.00054941 0.00116194 0.00142752
0 0.000515698 0.00108266 0.00132167
0 0.000465797 0.000976128 0.00118895
0 0.000401902 0.0008461 0.00103385
0 0.000327513 0.000697442 0.000859807
0 0.000246861 0.000535771 0.000669807
0 0.000165054 0.000367867 0.000468284
0 8.77437e-05 0.000201681 0.000262584
0 1.95871e-05 4.53153e-05 6.23792e-05
0 -3.63569e-05 -9.32637e-05 -0.000121062
0 -7.81202e-05 -0.000205991 -0.000275212
0 -0.000105162 -0.000285974 -0.000388205
0 -0.000118273 -0.000328813 -0.000451046
0 -0.00011831 -0.000332654 -0.000458836
0 -0.00010551 -0.000297987 -0.000411581
0 -7.93734e-05 -0.000227154 -0.000313975
0 -3.9247e-05 -0.000124007 -0.000174185
0 1.52914e-05 6.94769e-06 -1.54258e-06
0 8.38267e-05 0.000161008 0.000194992
0 0.000164984 0.000333554 0.000408011
0 0.000256631 0.000520344 0.000632464
0 0.000354791 0.000716314 0.000864369
0 0.000453879 0.0009152 0.0010997
0 0.000548063 0.00110983 0.00133356
0 0.000632215 0.00129215 0.00155922
0 0.000703029 0.00145439 0.00176774
0 0.000759887 0.00159069 0.00194879
0 0.000803903 0.00169733 0.00209247
0 0.000835431 0.00177114 0.00219024
0 0.000853117 0.00180876 0.00223615
0 0.000854327 0.00180677 0.00222777
0 0.000835268 0.00176158 0.00216495
0 0.000792311 0.00167024 0.00204871
0 0.000723536 0.00153137 0.00188028
0 0.000629196 0.00134551 0.00166048
0 0.000511876 0.00111555 0.00139011
0 0.000375906 0.000846424 0.00107104
0 0.000226316 0.000544259 0.000707639
0 6.80712e-05 0.000216184 0.000307518
0 -9.39883e-05 -0.000129074 -0.000118832
0 -0.000255408 -0.00048145 -0.000558903
0 -0.000412711 -0.000830214 -0.00099841
0 -0.000563181 -0.00116399 -0.00142092
0 -0.000703768 -0.0014709 -0.00180874
0 -0.000829944 -0.00173922 -0.00214505
0 -0.000936167 -0.00195905 -0.00241659
0 -0.00101744 -0.0021233 -0.0026154
0 -0.00107011 -0.00222735 -0.00273821
0 -0.00109211 -0.00226886 -0.00278505
0 -0.00108285 -0.00224775 -0.00275767
0 -0.00104333 -0.00216635 -0.00265891
0 -0.000976155 -0.00202916 -0.00249269
0 -0.000884193 -0.00184129 -0.00226344
0 -0.000770641 -0.00160825 -0.00197699
0 -0.000639614 -0.00133692 -0.00164186
0 -0.000495173 -0.00103498 -0.00126853
0 -0.000340681 -0.000710212 -0.000867967
0 -0.000179315 -0.000370716 -0.000450764
0 -1.46194e-05 -2.4784e-05 -2.69436e-05
0 0.000149479 0.000319248 0.000394062
0 0.000308662 0.000652985 0.000802863
0 0.000457788 0.000967432 0.00118894
0 0.000591494 0.00125281 0.00154092
0 0.000705648 0.00149965 0.00184788
0 0.000797841 0.00170028 0.00209978
0 0.000866884 0.00184959 0.00228837
0 0.000912284 0.00194503 0.00240834
0 0.00093377 0.0019862 0.00245773
0 0.000931078 0.00197414 0.00243803
0 0.000904151 0.00191093 0.00235367
0 0.000852764 0.00179876 0.00221024
0 0.000776992 0.00164002 0.00201324
0 0.000678689 0.00143855 0.00176847
0 0.000561679 0.00120026 0.00148204
0 0.000431081 0.000932941 0.00116045
0 0.000292374 0.00064529 0.000811338
0 0.00015051 0.000345989 0.000443941
0 9.84236e-06 4.38104e-05 6.89353e-05
0 -0.000125862 -0.000252359 -0.000302017
0 -0.000253884 -0.000534159 -0.000656843
0 -0.000372462 -0.000793924 -0.000983513
0 -0.000480133 -0.00102456 -0.00127099
0 -0.000574687 -0.00121978 -0.00151045
0 -0.000652184 -0.00137396 -0.00169542
0 -0.000707792 -0.00148198 -0.00182195
0 -0.000737737 -0.00153993 -0.00188847
0 -0.000740401 -0.00154591 -0.00189507
0 -0.000716606 -0.0015006 -0.00184276
0 -0.000669434 -0.00140763 -0.0017338
0 -0.000603108 -0.00127282 -0.00157203
0 -0.000521736 -0.0011028 -0.0013633
0 -0.000428927 -0.000904547 -0.00111593
0 -0.000327679 -0.000685329 -0.000840267
0 -0.000220225 -0.000451873 -0.00054704
0 -0.000108269 -0.000210157 -0.000245941
0 6.28962e-06 3.38025e-05 5.47732e-05
0 0.000120726 0.000273728 0.000347889
0 0.000231659 0.000503501 0.000626934
0 0.000335638 0.000717558 0.000886224
0 0.000429304 0.000910847 0.00112056
0 0.000509576 0.00107851 0.00132497
0 0.000574178 0.00121607 0.00149491
0 0.000621976 0.00132022 0.00162622
0 0.000652832 0.0013891 0.0017151
0 0.000666996 0.00142187 0.00175854
0 0.000664906 0.00141855 0.00175524
0 0.000647342 0.00138016 0.00170636
0 0.000615096 0.00130864 0.00161521
0 0.000568807 0.00120668 0.00148641
0 0.000509211 0.00107763 0.00132513
0 0.000437597 0.000925451 0.00113674
0 0.000356221 0.000754721 0.0009272
0 0.000268038 0.000570512 0.000702679
0 0.000176096 0.00037824 0.000468921
0 8.32729e-05 0.000183465 0.000231429
0 -7.6051e-06 -8.28447e-06 -4.03933e-06
0 -9.3795e-05 -0.000191727 -0.000231313
0 -0.000172966 -0.000362076 -0.000443958
0 -0.000243391 -0.000515077 -0.000635557
0 -0.000303834 -0.000646841 -0.000800044
0 -0.000353376 -0.000753756 -0.000932293
0 -0.000391201 -0.00083283 -0.0010288
0 -0.000416231 -0.000882031 -0.0010877
0 -0.000427206 -0.000900507 -0.00110855
0 -0.000423235 -0.000888644 -0.00109214
0 -0.000404339 -0.000847793 -0.00104046
0 -0.000371712 -0.00078011 -0.000956507
0 -0.000327444 -0.000688515 -0.000844099
0 -0.00027398 -0.00057666 -0.000707634
0 -0.000213744 -0.000448934 -0.000551869
0 -0.000148867 -0.000310115 -0.000381628
0 -8.11186e-05 -0.000164819 -0.00020184
0 -1.22651e-05 -1.72727e-05 -1.78468e-05
0 5.5848e-05 0.000128722 0.000164699
0 0.000121494 0.000269612 0.000340257
0 0.000183113 0.000401813 0.000503726
0 0.000239317 0.000521693 0.000650744
0 0.000288718 0.000625834 0.000777777
0 0.000329877 0.000711427 0.000881983
0 0.000361491 0.000776508 0.000961129
0 0.00038257 0.000819825 0.00101368
0 0.000392581 0.000840693 0.00103889
0 0.000391522 0.000838997 0.0010368
0 0.00037992 0.000815312 0.00100816
0 0.000358671 0.000770956 0.000954388
0 0.000328767 0.000707808 0.00087743
0 0.000291211 0.000628126 0.0007798
0 0.000247159 0.000534504 0.000664558
0 0.000197954 0.000429795 0.000535153
0 0.000144966 0.000316956 0.000395426
0 8.95842e-05 0.000199018 0.000249502
0 3.32996e-05 7.91432e-05 0.000101519
0 -2.23555e-05 -3.93908e-05 -4.45432e-05
0 -7.59058e-05 -0.000153325 -0.000184921
0 -0.000125933 -0.000259588 -0.00031605
0 -0.000171077 -0.00035538 -0.000434513
0 -0.000210073 -0.000438234 -0.000537102
0 -0.000241846 -0.000506066 -0.000621026
0 -0.000265609 -0.000557178 -0.000684127
0 -0.000280931 -0.000590289 -0.000724887
0 -0.00028768 -0.00060466 -0.000742442
0 -0.000285857 -0.000600196 -0.000736712
0 -0.000275548 -0.000577436 -0.000708399
0 -0.000257017 -0.000537456 -0.000658896
0 -0.000230825 -0.000481773 -0.000590213
0 -0.0001979 -0.000412272 -0.000504752
0 -0.000159423 -0.000331151 -0.000405118
0 -0.000116631 -0.000240863 -0.000294147
0 -7.07937e-05 -0.000144017 -0.000174883
0 -2.32561e-05 -4.32649e-05 -5.05362e-05
0 2.4656e-05 5.87145e-05 7.55524e-05
0 7.17108e-05 0.00015924 0.000199998
0 0.000116765 0.00025572 0.000319467
0 0.0001588 0.000345709 0.000430789
0 0.000196901 0.000426932 0.000531047
0 0.000230185 0.000497357 0.00061769
0 0.000257784 0.000555265 0.000688657
0 0.000278893 0.000599296 0.000742415
0 0.000292879 0.000628472 0.00077795
0 0.000299384 0.000642232 0.000794728
0 0.00029837 0.000640446 0.000792672
0 0.000290092 0.000623435 0.000772134
0 0.000275041 0.000591964 0.000733883
0 0.000253858 0.000547215 0.000679132
0 0.000227278 0.000490707 0.000609542
0 0.000196095 0.000424194 0.000527233
0 0.00016115 0.000349585 0.000434742
0 0.000123318 0.000268918 0.000334894
0 8.35532e-05 0.000184354 0.000230578
0 4.29171e-05 9.81544e-05 0.000124563
0 2.50395e-06 1.26437e-05 1.95043e-05
0 -3.66011e-05 -6.98874e-05 -8.20142e-05
0 -7.3297e-05 -0.000147332 -0.000177483
0 -0.000106544 -0.000217809 -0.000264522
0 -0.000135501 -0.000279615 -0.000340986
0 -0.000159563 -0.000331242 -0.000405005
0 -0.0001783 -0.000371471 -0.000454983
0 -0.000191392 -0.000399426 -0.000489688
0 -0.00019861 -0.000414582 -0.000508374
0 -0.000199823 -0.000416768 -0.00051082
0 -0.000195029 -0.000406151 -0.000497326
0 -0.000184393 -0.000383218 -0.000468666
0 -0.000168244 -0.000348783 -0.000425999
0 -0.000147081 -0.00030398 -0.000370784
0 -0.000121573 -0.000250223 -0.000304735
0 -9.2533e-05 -0.00018914 -0.000229749
0 -6.08901e-05 -0.000122503 -0.000147844
0 -2.76365e-05 -5.21537e-05 -6.11856e-05
0 6.25668e-06 2.0026e-05 2.79183e-05
0 3.99368e-05 9.21044e-05 0.000117103
0 7.26531e-05 0.000162176 0.000204001
0 0.000103676 0.000228518 0.00028631
0 0.000132331 0.000289599 0.000361903
