0 -0.032434 -0.0632406 -0.0647862
0 -0.0324799 -0.0633422 -0.0649128
0 -0.0325271 -0.0634464 -0.0650424
0 -0.0325754 -0.0635525 -0.0651741
0 -0.0326246 -0.0636601 -0.0653074
0 -0.0326744 -0.0637687 -0.0654416
0 -0.0327245 -0.0638779 -0.0655761
0 -0.0327748 -0.063987 -0.0657103
0 -0.0328249 -0.0640957 -0.0658437
0 -0.0328746 -0.0642035 -0.0659756
0 -0.0329236 -0.0643098 -0.0661055
0 -0.0329717 -0.0644141 -0.0662329
0 -0.0330186 -0.0645161 -0.0663573
0 -0.0330641 -0.0646151 -0.0664783
0 -0.0331079 -0.0647108 -0.0665952
0 -0.0331499 -0.0648028 -0.0667078
0 -0.0331899 -0.0648906 -0.0668154
0 -0.0332277 -0.0649738 -0.0669178
0 -0.0332632 -0.0650522 -0.0670143
0 -0.0332962 -0.0651255 -0.0671047
0 -0.0333267 -0.0651932 -0.0671886
0 -0.0333546 -0.0652553 -0.0672656
0 -0.0333797 -0.0653115 -0.0673354
0 -0.0334021 -0.0653616 -0.0673976
0 -0.0334216 -0.0654055 -0.0674521
0 -0.0334382 -0.0654429 -0.0674986
0 -0.0334518 -0.0654737 -0.0675369
0 -0.0334624 -0.0654978 -0.0675668
0 -0.03347 -0.0655151 -0.0675882
0 -0.0334745 -0.0655256 -0.0676012
0 -0.0334761 -0.0655294 -0.0676057
0 -0.0334748 -0.0655264 -0.0676019
0 -0.0334706 -0.0655168 -0.0675899
0 -0.0334635 -0.0655006 -0.0675696
0 -0.0334535 -0.0654779 -0.0675414
0 -0.0334407 -0.0654489 -0.0675054
0 -0.0334253 -0.0654139 -0.0674619
0 -0.0334073 -0.065373 -0.0674113
0 -0.0333868 -0.0653266 -0.0673538
0 -0.0333637 -0.0652748 -0.0672898
0 -0.0333384 -0.065218 -0.0672196
0 -0.033311 -0.0651566 -0.0671437
0 -0.0332816 -0.0650909 -0.0670627
0 -0.0332503 -0.0650213 -0.0669769
0 -0.0332174 -0.0649481 -0.0668867
0 -0.0331831 -0.0648719 -0.0667929
0 -0.0331477 -0.0647931 -0.0666958
0 -0.0331112 -0.0647121 -0.0665961
0 -0.0330736 -0.0646291 -0.0664939
0 -0.0330348 -0.0645441 -0.0663894
0 -0.0329946 -0.0644572 -0.0662827
0 -0.0329532 -0.0643685 -0.0661741
0 -0.0329105 -0.0642783 -0.0660638
0 -0.0328667 -0.0641868 -0.0659522
0 -0.0328221 -0.0640942 -0.0658396
0 -0.0327769 -0.0640007 -0.0657264
0 -0.0327312 -0.0639066 -0.0656128
0 -0.0326856 -0.0638124 -0.0654993
0 -0.032641 -0.0637191 -0.065387
0 -0.0325986 -0.0636281 -0.0652771
0 -0.032559 -0.0635403 -0.0651707
0 -0.0325228 -0.0634567 -0.0650683
0 -0.0324901 -0.0633778 -0.0649705
0 -0.0324607 -0.0633042 -0.0648778
0 -0.0324347 -0.0632364 -0.0647909
0 -0.0324119 -0.0631748 -0.0647101
0 -0.0323919 -0.0631196 -0.0646359
0 -0.0323744 -0.0630709 -0.0645688
0 -0.0323592 -0.0630287 -0.0645091
0 -0.0323461 -0.0629931 -0.0644574
0 -0.0323355 -0.0629644 -0.0644148
0 -0.0323278 -0.0629431 -0.064382
0 -0.0323231 -0.0629293 -0.0643597
0 -0.0323215 -0.0629229 -0.064348
0 -0.0323229 -0.0629238 -0.0643472
0 -0.0323269 -0.0629318 -0.0643569
0 -0.0323323 -0.0629456 -0.0643758
0 -0.032337 -0.0629628 -0.0644014
0 -0.0323391 -0.0629812 -0.0644312
0 -0.0323379 -0.0629997 -0.0644636
0 -0.0323352 -0.0630191 -0.0644992
0 -0.0323337 -0.0630412 -0.0645394
0 -0.0323347 -0.0630668 -0.0645843
0 -0.0323375 -0.0630942 -0.0646317
0 -0.0323401 -0.0631211 -0.0646784
0 -0.0323423 -0.0631465 -0.0647229
0 -0.0323466 -0.0631726 -0.0647667
0 -0.0323569 -0.0632028 -0.0648127
0 -0.0323757 -0.0632398 -0.064863
0 -0.0324035 -0.0632846 -0.0649179
0 -0.032439 -0.0633368 -0.0649769
0 -0.032481 -0.063396 -0.0650394
0 -0.032527 -0.0634611 -0.0651044
0 -0.0325735 -0.0635293 -0.0651697
0 -0.0326162 -0.0635967 -0.0652324
0 -0.0326527 -0.0636613 -0.0652914
0 -0.0326851 -0.0637245 -0.0653498
0 -0.0327186 -0.0637908 -0.0654135
0 -0.0327573 -0.0638639 -0.0654874
0 -0.0328019 -0.0639445 -0.0655729
0 -0.0328501 -0.0640302 -0.0656685
0 -0.0328994 -0.064119 -0.065772
0 -0.032948 -0.0642096 -0.0658821
0 -0.0329944 -0.0643011 -0.0659972
0 -0.0330366 -0.0643918 -0.0661152
0 -0.0330724 -0.0644794 -0.0662329
0 -0.0330994 -0.0645611 -0.0663468
0 -0.0331161 -0.0646342 -0.0664536
0 -0.0331211 -0.0646961 -0.0665501
0 -0.0331133 -0.0647432 -0.0666322
0 -0.0330912 -0.0647718 -0.0666956
0 -0.0330552 -0.064779 -0.066737
0 -0.0330089 -0.0647656 -0.0667563
0 -0.0329591 -0.0647356 -0.0667565
0 -0.032912 -0.0646932 -0.0667406
0 -0.0328704 -0.0646401 -0.0667084
0 -0.0328339 -0.0645761 -0.066658
0 -0.0328022 -0.0645018 -0.0665879
0 -0.0327765 -0.0644202 -0.0664994
0 -0.0327582 -0.0643352 -0.066395
0 -0.032748 -0.0642502 -0.0662774
0 -0.0327446 -0.0641669 -0.0661485
0 -0.0327451 -0.0640855 -0.066009
0 -0.0327453 -0.0640044 -0.0658595
0 -0.0327421 -0.0639223 -0.0657013
0 -0.0327346 -0.0638398 -0.0655385
0 -0.0327238 -0.0637585 -0.0653765
0 -0.03271 -0.0636789 -0.06522
0 -0.032691 -0.063599 -0.0650706
0 -0.0326649 -0.0635166 -0.0649297
0 -0.0326319 -0.0634315 -0.0647995
0 -0.0325922 -0.0633438 -0.0646816
0 -0.032544 -0.0632514 -0.0645743
0 -0.0324835 -0.0631501 -0.0644729
0 -0.0324074 -0.0630363 -0.0643719
0 -0.0323147 -0.0629078 -0.0642671
0 -0.0322047 -0.0627627 -0.0641534
0 -0.0320759 -0.0625975 -0.0640239
0 -0.0319269 -0.0624078 -0.0638711
0 -0.0317589 -0.0621919 -0.0636895
0 -0.0315773 -0.0619511 -0.0634774
0 -0.0313896 -0.0616894 -0.0632353
0 -0.0312033 -0.0614106 -0.0629644
0 -0.0310242 -0.0611184 -0.0626656
0 -0.0308574 -0.0608163 -0.06234
0 -0.0307081 -0.0605098 -0.0619911
0 -0.0305833 -0.0602074 -0.061626
0 -0.0304913 -0.0599211 -0.0612557
0 -0.0304392 -0.059663 -0.0608926
0 -0.0304278 -0.0594412 -0.0605455
0 -0.0304495 -0.0592559 -0.0602169
0 -0.0304901 -0.0591012 -0.0599046
0 -0.0305361 -0.0589709 -0.0596075
0 -0.0305782 -0.0588617 -0.0593293
0 -0.030611 -0.0587716 -0.0590762
0 -0.0306286 -0.0586961 -0.0588527
0 -0.0306232 -0.0586268 -0.0586598
0 -0.0305886 -0.0585545 -0.0584964
0 -0.0305232 -0.0584734 -0.0583631
0 -0.0304302 -0.0583812 -0.0582615
0 -0.0303136 -0.0582765 -0.0581903
0 -0.0301747 -0.0581551 -0.0581426
0 -0.0300132 -0.058012 -0.058107
0 -0.0298322 -0.0578456 -0.0580733
0 -0.0296419 -0.0576624 -0.0580372
0 -0.0294585 -0.0574753 -0.0580001
0 -0.0292986 -0.0572994 -0.0579654
0 -0.029176 -0.0571485 -0.0579354
0 -0.0290999 -0.0570337 -0.0579114
0 -0.0290763 -0.0569644 -0.0578951
0 -0.0291093 -0.0569494 -0.0578899
0 -0.0292011 -0.0569968 -0.0579023
0 -0.0293527 -0.0571141 -0.0579414
0 -0.0295636 -0.0573078 -0.0580189
0 -0.0298321 -0.057583 -0.0581485
0 -0.0301542 -0.0579427 -0.0583451
0 -0.0305237 -0.0583874 -0.0586228
0 -0.0309317 -0.0589143 -0.058994
0 -0.0313674 -0.0595179 -0.0594689
0 -0.0318191 -0.0601906 -0.0600544
0 -0.0322758 -0.0609242 -0.0607547
0 -0.032728 -0.0617108 -0.0615711
0 -0.0331696 -0.0625446 -0.0625031
0 -0.0335973 -0.0634214 -0.0635483
0 -0.0340086 -0.0643366 -0.0647001
0 -0.0343988 -0.0652824 -0.0659455
0 -0.0347611 -0.0662472 -0.0672653
0 -0.0350899 -0.0672186 -0.0686375
0 -0.0353827 -0.0681861 -0.0700401
0 -0.0356417 -0.0691415 -0.071452
0 -0.0358718 -0.0700778 -0.0728529
0 -0.0360789 -0.0709875 -0.074222
0 -0.0362699 -0.0718629 -0.0755376
0 -0.0364514 -0.0726961 -0.076777
0 -0.0366291 -0.0734782 -0.0779183
0 -0.0368069 -0.0742 -0.0789415
0 -0.0369894 -0.0748545 -0.0798323
0 -0.0371855 -0.0754418 -0.0805862
0 -0.0374086 -0.0759697 -0.0812099
0 -0.0376716 -0.0764495 -0.0817167
0 -0.0379798 -0.0768896 -0.0821196
0 -0.0383254 -0.0772897 -0.0824251
0 -0.0386879 -0.0776403 -0.0826328
0 -0.0390403 -0.0779277 -0.0827396
0 -0.0393581 -0.0781406 -0.0827468
0 -0.0396262 -0.0782768 -0.0826649
0 -0.0398409 -0.0783434 -0.0825145
0 -0.040006 -0.0783538 -0.0823214
0 -0.0401276 -0.0783218 -0.0821104
0 -0.0402072 -0.0782559 -0.0818988
0 -0.0402404 -0.0781572 -0.0816935
0 -0.0402202 -0.0780227 -0.0814946
0 -0.0401422 -0.0778504 -0.0813001
0 -0.0400079 -0.0776418 -0.0811092
0 -0.0398247 -0.0774021 -0.0809224
0 -0.0396026 -0.0771376 -0.0807393
0 -0.0393513 -0.0768524 -0.0805556
0 -0.0390766 -0.0765464 -0.080362
0 -0.0387818 -0.0762156 -0.0801446
0 -0.0384688 -0.0758546 -0.0798883
0 -0.0381407 -0.0754586 -0.0795796
0 -0.0378027 -0.0750248 -0.0792082
0 -0.0374628 -0.074554 -0.0787688
0 -0.0371312 -0.0740504 -0.078261
0 -0.0368167 -0.0735185 -0.0776866
0 -0.0365198 -0.0729571 -0.0770431
0 -0.0362308 -0.0723565 -0.0763215
0 -0.035937 -0.0717055 -0.0755129
0 -0.0356343 -0.0710025 -0.0746195
0 -0.035329 -0.070257 -0.0736555
0 -0.0350306 -0.0694831 -0.0726402
0 -0.0347421 -0.0686896 -0.071587
0 -0.0344543 -0.0678748 -0.070499
0 -0.0341498 -0.0670285 -0.0693707
0 -0.0338121 -0.0661412 -0.0681978
0 -0.0334363 -0.0652129 -0.0669856
0 -0.0330285 -0.0642535 -0.0657487
0 -0.0325965 -0.0632733 -0.0645022
0 -0.0321424 -0.0622764 -0.0632539
0 -0.0316639 -0.0612617 -0.0620055
0 -0.0311595 -0.060228 -0.0607579
0 -0.0306313 -0.0591773 -0.0595135
0 -0.0300846 -0.0581141 -0.0582769
0 -0.0295262 -0.0570443 -0.0570527
0 -0.0289617 -0.0559728 -0.0558441
0 -0.0283941 -0.0549027 -0.0546506
0 -0.0278249 -0.0538351 -0.0534694
0 -0.0272567 -0.0527732 -0.0522994
0 -0.0266977 -0.0517256 -0.0511447
0 -0.0261624 -0.0507075 -0.0500164
0 -0.0256696 -0.0497394 -0.0489314
0 -0.0252372 -0.0488419 -0.0479077
0 -0.0248763 -0.0480307 -0.0469591
0 -0.0245914 -0.0473157 -0.046095
0 -0.0243827 -0.0467042 -0.0453235
0 -0.0242483 -0.0462016 -0.0446524
0 -0.0241819 -0.0458096 -0.0440873
0 -0.024172 -0.0455244 -0.0436298
0 -0.0242045 -0.0453386 -0.0432792
0 -0.0242665 -0.0452454 -0.043036
0 -0.0243506 -0.0452411 -0.0429048
0 -0.024456 -0.0453269 -0.0428946
0 -0.0245843 -0.0455051 -0.0430153
0 -0.0247357 -0.0457748 -0.0432722
0 -0.0249064 -0.0461302 -0.0436638
0 -0.0250925 -0.0465644 -0.0441855
0 -0.0252944 -0.047074 -0.0448336
0 -0.0255166 -0.0476593 -0.0456057
0 -0.0257633 -0.0483197 -0.0464962
0 -0.026033 -0.0490495 -0.047492
0 -0.026319 -0.0498371 -0.0485733
0 -0.0266137 -0.0506695 -0.0497175
0 -0.0269116 -0.0515347 -0.0509038
0 -0.0272109 -0.0524233 -0.0521139
0 -0.0275132 -0.0533279 -0.0533334
0 -0.0278246 -0.0542447 -0.0545534
0 -0.0281546 -0.0551734 -0.0557701
0 -0.0285128 -0.0561148 -0.0569821
0 -0.0289065 -0.0570695 -0.0581888
0 -0.0293406 -0.0580384 -0.0593901
0 -0.0298199 -0.0590255 -0.0605888
0 -0.0303489 -0.0600375 -0.0617902
0 -0.03093 -0.0610817 -0.0630011
0 -0.0315613 -0.0621636 -0.0642265
0 -0.0322355 -0.0632844 -0.0654683
0 -0.032938 -0.0644388 -0.0667231
0 -0.0336476 -0.0656145 -0.0679821
0 -0.0343397 -0.0667941 -0.0692332
0 -0.0349915 -0.0679586 -0.0704647
0 -0.0355845 -0.0690893 -0.0716668
0 -0.0361075 -0.070171 -0.0728337
0 -0.0365588 -0.0711937 -0.0739653
0 -0.0369453 -0.0721542 -0.0750666
0 -0.0372794 -0.0730532 -0.0761436
0 -0.0375764 -0.0738948 -0.0772013
0 -0.0378498 -0.0746834 -0.0782401
0 -0.038106 -0.0754183 -0.0792509
0 -0.0383387 -0.0760894 -0.0802113
0 -0.0385344 -0.0766804 -0.0810907
0 -0.0386814 -0.0771783 -0.0818608
0 -0.0387762 -0.0775771 -0.0825013
0 -0.0388225 -0.077878 -0.0830009
0 -0.0388306 -0.0780872 -0.0833566
0 -0.0388146 -0.0782143 -0.0835723
0 -0.0387896 -0.07827 -0.0836571
0 -0.0387695 -0.0782649 -0.0836232
0 -0.0387653 -0.0782087 -0.0834851
0 -0.0387835 -0.0781097 -0.0832579
0 -0.0388256 -0.0779744 -0.0829562
0 -0.0388879 -0.0778076 -0.0825938
0 -0.0389627 -0.077613 -0.0821833
0 -0.0390377 -0.0773916 -0.0817346
0 -0.0390956 -0.0771397 -0.0812526
0 -0.0391159 -0.0768495 -0.080738
0 -0.0390816 -0.0765141 -0.0801922
0 -0.0389857 -0.0761335 -0.0796228
0 -0.0388321 -0.0757155 -0.079044
0 -0.0386297 -0.0752703 -0.0784705
0 -0.038386 -0.0748042 -0.0779113
0 -0.0381024 -0.0743157 -0.0773654
0 -0.0377746 -0.0737962 -0.0768225
0 -0.0373972 -0.0732343 -0.0762673
0 -0.0369689 -0.0726212 -0.0756854
0 -0.0364946 -0.0719532 -0.0750659
0 -0.0359863 -0.0712332 -0.0744028
0 -0.0354619 -0.0704703 -0.0736958
0 -0.0349425 -0.0696785 -0.0729484
0 -0.0344482 -0.068873 -0.0721656
0 -0.0339961 -0.0680693 -0.0713526
0 -0.0335987 -0.0672817 -0.0705149
0 -0.0332622 -0.0665213 -0.0696566
0 -0.032985 -0.0657943 -0.0687796
0 -0.0327614 -0.0651045 -0.0678864
0 -0.0325878 -0.0644585 -0.066986
0 -0.0324645 -0.0638677 -0.0660955
0 -0.0323919 -0.0633429 -0.0652348
0 -0.0323625 -0.0628866 -0.0644187
0 -0.0323564 -0.0624882 -0.0636505
0 -0.0323452 -0.0621264 -0.0629253
0 -0.0323029 -0.0617794 -0.0622383
0 -0.0322159 -0.0614338 -0.0615931
0 -0.0320854 -0.0610881 -0.0610044
0 -0.0319221 -0.0607482 -0.0604914
0 -0.0317352 -0.0604178 -0.0600663
0 -0.0315253 -0.0600927 -0.0597271
0 -0.031286 -0.0597625 -0.0594596
0 -0.0310104 -0.0594167 -0.0592433
0 -0.0306969 -0.0590496 -0.0590582
0 -0.0303526 -0.0586639 -0.0588894
0 -0.0299961 -0.0582734 -0.0587318
0 -0.0296558 -0.0579016 -0.0585899
0 -0.0293604 -0.0575733 -0.0584713
0 -0.0291281 -0.0573044 -0.0583759
0 -0.0289599 -0.0570953 -0.0582916
0 -0.0288448 -0.0569355 -0.0581987
0 -0.0287693 -0.0568118 -0.0580798
0 -0.0287237 -0.0567142 -0.0579254
0 -0.0287038 -0.0566372 -0.0577355
0 -0.0287113 -0.0565806 -0.0575193
0 -0.0287528 -0.056549 -0.0572937
0 -0.0288362 -0.0565496 -0.0570802
0 -0.0289669 -0.0565893 -0.0569
0 -0.0291452 -0.0566723 -0.0567717
0 -0.0293638 -0.0567985 -0.0567077
0 -0.0296089 -0.0569629 -0.0567136
0 -0.0298612 -0.0571571 -0.0567888
0 -0.0300983 -0.0573691 -0.0569262
0 -0.0302971 -0.0575847 -0.0571142
0 -0.0304393 -0.0577914 -0.0573407
0 -0.0305181 -0.0579841 -0.0575993
0 -0.0305414 -0.058168 -0.0578922
0 -0.0305265 -0.0583542 -0.0582261
0 -0.0304906 -0.0585517 -0.0586043
0 -0.0304461 -0.0587628 -0.0590222
0 -0.0303998 -0.0589843 -0.0594688
0 -0.030356 -0.0592109 -0.0599307
0 -0.0303204 -0.0594387 -0.0603956
0 -0.030302 -0.059669 -0.0608563
0 -0.0303131 -0.0599081 -0.0613104
0 -0.0303664 -0.060165 -0.0617584
0 -0.0304718 -0.0604492 -0.0622022
0 -0.0306352 -0.0607688 -0.0626432
0 -0.0308568 -0.061129 -0.0630824
0 -0.0311326 -0.0615325 -0.0635206
0 -0.031458 -0.0619825 -0.0639622
0 -0.0318305 -0.0624846 -0.0644171
0 -0.0322493 -0.0630458 -0.0648997
0 -0.0327105 -0.06367 -0.0654239
0 -0.0332028 -0.0643531 -0.0659976
0 -0.0337086 -0.0650838 -0.0666223
0 -0.0342086 -0.0658476 -0.0672973
0 -0.0346866 -0.0666305 -0.0680223
0 -0.0351278 -0.0674178 -0.0687948
0 -0.0355159 -0.0681901 -0.0696064
0 -0.0358349 -0.068926 -0.0704433
0 -0.0360769 -0.0696093 -0.0712939
0 -0.036247 -0.070235 -0.0721529
0 -0.0363593 -0.0708067 -0.073019
0 -0.0364293 -0.0713292 -0.0738871
0 -0.0364687 -0.0718043 -0.0747453
0 -0.0364851 -0.0722315 -0.0755749
0 -0.0364844 -0.0726096 -0.0763534
0 -0.0364727 -0.0729386 -0.0770582
0 -0.0364574 -0.073221 -0.0776701
0 -0.0364481 -0.0734619 -0.0781761
0 -0.0364585 -0.0736713 -0.0785728
0 -0.0365066 -0.0738651 -0.0788675
0 -0.0366103 -0.0740606 -0.0790757
0 -0.0367804 -0.0742707 -0.0792141
0 -0.0370162 -0.0744997 -0.0792965
0 -0.0373046 -0.0747423 -0.0793312
0 -0.0376215 -0.0749842 -0.0793212
0 -0.0379333 -0.0752018 -0.079262
0 -0.0382001 -0.0753641 -0.0791433
0 -0.0383891 -0.0754446 -0.0789586
0 -0.0384883 -0.0754346 -0.0787177
0 -0.0385085 -0.0753456 -0.0784468
0 -0.038472 -0.0751995 -0.0781782
0 -0.0383977 -0.0750154 -0.0779352
0 -0.0382905 -0.074799 -0.0777229
0 -0.0381378 -0.0745396 -0.0775239
0 -0.0379172 -0.074216 -0.0773064
0 -0.0376107 -0.073809 -0.0770378
0 -0.0372133 -0.0733095 -0.0766941
0 -0.0367304 -0.0727151 -0.0762572
0 -0.03617 -0.0720223 -0.0757089
0 -0.0355383 -0.0712233 -0.0750282
0 -0.0348431 -0.0703096 -0.0741957
0 -0.0340988 -0.0692785 -0.0731999
0 -0.0333293 -0.0681383 -0.0720429
0 -0.0325694 -0.0669117 -0.0707426
0 -0.0318652 -0.0656387 -0.069335
0 -0.0312737 -0.0643783 -0.067875
0 -0.0308523 -0.0631996 -0.0664279
0 -0.0306318 -0.0621561 -0.0650429
0 -0.0305905 -0.0612576 -0.0637279
0 -0.0306538 -0.0604657 -0.0624466
0 -0.0307228 -0.0597158 -0.0611429
0 -0.0307153 -0.0589529 -0.059778
0 -0.0305979 -0.0581597 -0.0583584
0 -0.0303928 -0.0573627 -0.0569424
0 -0.0301555 -0.0566132 -0.0556174
0 -0.0299392 -0.0559566 -0.054464
0 -0.0297717 -0.0554139 -0.0535323
0 -0.0296508 -0.0549804 -0.0528371
0 -0.0295546 -0.0546353 -0.0523667
0 -0.0294559 -0.0543562 -0.0520969
0 -0.0293344 -0.054128 -0.0520012
0 -0.0291792 -0.0539451 -0.0520546
0 -0.0289877 -0.0538075 -0.0522323
0 -0.0287658 -0.0537201 -0.0525117
0 -0.0285255 -0.0536898 -0.0528718
0 -0.0282706 -0.0537099 -0.0532807
0 -0.0279807 -0.0537442 -0.0536815
0 -0.0276219 -0.053736 -0.054003
0 -0.0271755 -0.0536373 -0.0541894
0 -0.0266586 -0.0534314 -0.0542209
0 -0.0261238 -0.0531355 -0.0541146
0 -0.0256416 -0.0527899 -0.0539111
0 -0.0252788 -0.0524405 -0.0536549
0 -0.0250829 -0.0521273 -0.0533811
0 -0.025076 -0.0518796 -0.0531115
0 -0.025258 -0.0517189 -0.0528583
0 -0.0256146 -0.0516643 -0.0526318
0 -0.0261241 -0.0517362 -0.0524473
0 -0.0267632 -0.0519569 -0.0523278
0 -0.0275133 -0.0523525 -0.052308
0 -0.0283632 -0.0529532 -0.0524364
0 -0.0293002 -0.0537809 -0.0527633
0 -0.0302916 -0.0548287 -0.0533192
0 -0.0312697 -0.0560444 -0.054095
0 -0.032133 -0.0573291 -0.0550363
0 -0.0327722 -0.0585616 -0.0560649
0 -0.0331118 -0.0596388 -0.0571151
0 -0.0331351 -0.0605023 -0.0581567
0 -0.0328838 -0.0611428 -0.0591941
0 -0.0324393 -0.0615883 -0.0602507
0 -0.0318983 -0.061887 -0.0613502
0 -0.0313501 -0.0620898 -0.0625005
0 -0.030856 -0.0622317 -0.0636819
0 -0.0304416 -0.0623248 -0.0648429
0 -0.0301054 -0.0623668 -0.0659103
0 -0.0298384 -0.0623591 -0.0668097
0 -0.0296426 -0.0623199 -0.0674864
0 -0.0295397 -0.0622886 -0.0679205
0 -0.0295711 -0.062321 -0.0681328
0 -0.0297875 -0.0624804 -0.0681784
0 -0.0302331 -0.0628228 -0.0681322
0 -0.03093 -0.0633839 -0.068072
0 -0.0318701 -0.0641719 -0.0680648
0 -0.0330132 -0.0651674 -0.0681581
0 -0.034289 -0.0663253 -0.0683746
0 -0.0356031 -0.0675781 -0.0687132
0 -0.0368492 -0.0688432 -0.0691543
0 -0.037927 -0.0700357 -0.0696728
0 -0.0387595 -0.0710828 -0.0702492
0 -0.0393035 -0.0719365 -0.070876
0 -0.0395566 -0.0725823 -0.0715621
0 -0.0395555 -0.073041 -0.0723313
0 -0.0393633 -0.0733578 -0.0732113
0 -0.0390474 -0.0735834 -0.0742162
0 -0.03866 -0.0737558 -0.0753319
0 -0.0382262 -0.0738886 -0.0765094
0 -0.0377465 -0.0739708 -0.0776677
0 -0.0372116 -0.0739791 -0.0787103
0 -0.0366207 -0.0738955 -0.0795484
0 -0.0359882 -0.0737128 -0.0801137
0 -0.0353402 -0.0734305 -0.0803614
0 -0.0347089 -0.0730494 -0.0802683
0 -0.0341258 -0.0725686 -0.0798298
0 -0.0336156 -0.0719822 -0.0790547
0 -0.0331893 -0.0712771 -0.0779587
0 -0.0328429 -0.0704346 -0.0765613
0 -0.0325638 -0.0694396 -0.0748901
0 -0.0323421 -0.0682929 -0.0729878
0 -0.0321766 -0.0670183 -0.070915
0 -0.0320755 -0.0656619 -0.0687458
0 -0.0320513 -0.0642838 -0.066559
0 -0.0321128 -0.0629469 -0.0644284
0 -0.0322553 -0.0617054 -0.0624153
0 -0.0324564 -0.0605961 -0.060564
0 -0.0326783 -0.059636 -0.0589027
0 -0.032875 -0.0588251 -0.0574476
0 -0.0330031 -0.0581538 -0.056208
0 -0.0330296 -0.0576091 -0.0551921
0 -0.0329379 -0.0571798 -0.0544101
0 -0.0327274 -0.0568572 -0.0538734
0 -0.0324045 -0.0566266 -0.0535837
0 -0.0319708 -0.0564578 -0.053522
0 -0.0314301 -0.0563149 -0.0536551
0 -0.03081 -0.0561823 -0.0539597
0 -0.0301708 -0.0560775 -0.0544341
0 -0.0295879 -0.0560387 -0.0550853
0 -0.0291244 -0.0561016 -0.0559073
0 -0.0288116 -0.0562813 -0.0568676
0 -0.0286468 -0.0565682 -0.0579092
0 -0.0286005 -0.0569331 -0.0589581
0 -0.0286281 -0.0573364 -0.0599339
0 -0.0286822 -0.0577353 -0.0607616
0 -0.0287243 -0.0580911 -0.0613831
0 -0.0287311 -0.058373 -0.0617628
0 -0.0286966 -0.0585602 -0.0618897
0 -0.0286334 -0.0586444 -0.0617782
0 -0.0285714 -0.0586337 -0.0614671
0 -0.0285528 -0.0585515 -0.0610138
0 -0.0286201 -0.0584303 -0.0604824
0 -0.0288037 -0.0583036 -0.0599324
0 -0.0291173 -0.0582022 -0.0594134
0 -0.0295602 -0.058156 -0.0589668
0 -0.0301243 -0.0581985 -0.0586319
0 -0.0307966 -0.0583651 -0.0584467
0 -0.0315526 -0.0586827 -0.0584406
0 -0.0323501 -0.0591578 -0.0586239
0 -0.0331293 -0.0597722 -0.0589849
0 -0.0338231 -0.0604884 -0.0594967
0 -0.0343711 -0.0612593 -0.0601278
0 -0.0347314 -0.062039 -0.0608514
0 -0.0348898 -0.062792 -0.0616526
0 -0.0348634 -0.0634994 -0.0625316
0 -0.0346938 -0.064157 -0.0634973
0 -0.034432 -0.0647661 -0.0645552
0 -0.0341248 -0.0653259 -0.0656982
0 -0.0338107 -0.0658342 -0.0669068
0 -0.033523 -0.0662926 -0.0681543
0 -0.0332934 -0.0667117 -0.0694122
0 -0.0331504 -0.0671096 -0.07065
0 -0.0331108 -0.0675046 -0.0718306
0 -0.0331738 -0.0679056 -0.0729058
0 -0.0333199 -0.0683089 -0.0738203
0 -0.0335193 -0.0687003 -0.0745226
0 -0.0337423 -0.069061 -0.0749757
0 -0.0339657 -0.0693724 -0.075164
0 -0.0341744 -0.0696158 -0.0750923
0 -0.0343576 -0.0697716 -0.0747805
0 -0.0345079 -0.0698199 -0.0742594
0 -0.0346201 -0.0697435 -0.0735659
0 -0.0346894 -0.0695292 -0.0727375
0 -0.0347088 -0.0691676 -0.0718065
0 -0.0346697 -0.0686538 -0.0707985
0 -0.034565 -0.0679908 -0.0697351
0 -0.0343926 -0.0671929 -0.068637
0 -0.0341585 -0.066287 -0.0675263
0 -0.0338765 -0.065311 -0.066427
0 -0.0335646 -0.0643084 -0.0653629
0 -0.0332403 -0.0633225 -0.0643542
0 -0.0329173 -0.0623912 -0.0634149
0 -0.0326056 -0.0615454 -0.0625546
0 -0.0323143 -0.06081 -0.0617814
0 -0.0320529 -0.060204 -0.0611039
0 -0.0318307 -0.0597399 -0.0605317
0 -0.0316582 -0.0594253 -0.0600768
0 -0.0315492 -0.0592666 -0.0597558
0 -0.0315191 -0.0592685 -0.0595891
0 -0.0315772 -0.0594287 -0.0595926
0 -0.0317182 -0.0597314 -0.0597687
0 -0.0319208 -0.0601459 -0.0601034
0 -0.0321534 -0.0606337 -0.0605711
0 -0.0323848 -0.0611571 -0.0611426
0 -0.0325917 -0.0616871 -0.0617927
0 -0.0327615 -0.0622052 -0.0625012
0 -0.0328895 -0.0627002 -0.0632515
0 -0.0329763 -0.0631659 -0.0640276
0 -0.0330271 -0.0636004 -0.0648147
0 -0.0330493 -0.0640044 -0.0655978
0 -0.0330497 -0.0643775 -0.0663596
0 -0.0330335 -0.0647183 -0.0670805
0 -0.0330087 -0.0650274 -0.067744
0 -0.0329872 -0.0653098 -0.0683394
0 -0.0329826 -0.0655732 -0.0688605
0 -0.0330059 -0.0658233 -0.0693032
0 -0.0330651 -0.0660646 -0.0696653
0 -0.0331679 -0.0663029 -0.0699508
0 -0.0333229 -0.066547 -0.0701707
0 -0.033537 -0.0668068 -0.070341
0 -0.0338121 -0.0670898 -0.0704786
0 -0.0341438 -0.0674003 -0.0705998
0 -0.0345216 -0.0677389 -0.0707188
0 -0.034928 -0.068101 -0.0708453
0 -0.0353369 -0.0684734 -0.0709813
0 -0.0357157 -0.0688351 -0.071121
0 -0.0360337 -0.0691639 -0.0712568
0 -0.0362703 -0.0694435 -0.0713867
0 -0.0364193 -0.0696678 -0.0715161
0 -0.0364855 -0.0698382 -0.0716553
0 -0.0364804 -0.06996 -0.0718144
0 -0.0364187 -0.0700405 -0.0720008
0 -0.0363152 -0.0700868 -0.0722164
0 -0.036181 -0.0701031 -0.0724553
0 -0.0360209 -0.0700877 -0.0727021
0 -0.0358343 -0.0700343 -0.0729334
0 -0.0356198 -0.069936 -0.0731238
0 -0.0353795 -0.0697888 -0.0732506
0 -0.03512 -0.0695932 -0.0732955
0 -0.0348481 -0.0693491 -0.0732428
0 -0.0345665 -0.0690521 -0.0730752
0 -0.0342733 -0.068693 -0.0727759
0 -0.0339703 -0.0682661 -0.0723358
0 -0.0336676 -0.0677748 -0.0717602
0 -0.033381 -0.0672303 -0.0710652
0 -0.0331232 -0.0666434 -0.0702696
0 -0.032898 -0.06602 -0.0693884
0 -0.0327012 -0.0653617 -0.0684324
0 -0.032524 -0.0646682 -0.0674109
0 -0.0323547 -0.0639397 -0.0663328
0 -0.0321812 -0.0631773 -0.0652076
0 -0.0319933 -0.0623845 -0.0640465
0 -0.0317854 -0.0615688 -0.0628644
0 -0.0315559 -0.0607408 -0.0616793
0 -0.0313049 -0.0599107 -0.0605087
0 -0.0310308 -0.0590859 -0.0593666
0 -0.0307305 -0.0582693 -0.0582631
0 -0.0304001 -0.057461 -0.0572051
0 -0.0300372 -0.0566599 -0.0561971
0 -0.0296411 -0.0558646 -0.0552412
0 -0.0292134 -0.0550741 -0.0543376
0 -0.0287585 -0.054289 -0.0534851
0 -0.0282852 -0.0535135 -0.0526835
0 -0.0278071 -0.0527562 -0.0519345
0 -0.0273402 -0.0520288 -0.0512408
0 -0.0268988 -0.0513418 -0.0506025
0 -0.0264908 -0.0507009 -0.0500142
0 -0.0261174 -0.0501058 -0.0494647
0 -0.0257768 -0.0495539 -0.0489421
0 -0.0254698 -0.0490447 -0.0484388
0 -0.0252006 -0.0485816 -0.0479533
0 -0.0249734 -0.0481676 -0.0474868
0 -0.0247882 -0.0478019 -0.0470395
0 -0.0246428 -0.0474813 -0.0466115
0 -0.0245366 -0.0472051 -0.0462073
0 -0.0244744 -0.0469782 -0.0458389
0 -0.0244669 -0.0468126 -0.0455261
0 -0.0245283 -0.0467265 -0.0452944
0 -0.0246721 -0.0467402 -0.0451712
0 -0.0249065 -0.0468722 -0.0451808
0 -0.0252319 -0.0471367 -0.0453418
0 -0.0256427 -0.0475439 -0.0456686
0 -0.0261295 -0.0481016 -0.0461722
0 -0.0266785 -0.0488124 -0.046859
0 -0.0272715 -0.0496723 -0.0477292
0 -0.0278861 -0.050669 -0.0487763
0 -0.0284992 -0.0517844 -0.0499885
0 -0.0290905 -0.0529963 -0.0513514
0 -0.0296479 -0.0542847 -0.0528521
0 -0.0301719 -0.0556365 -0.0544833
0 -0.030674 -0.0570457 -0.0562424
0 -0.0311717 -0.05851 -0.0581263
0 -0.0316819 -0.060027 -0.0601276
0 -0.0322183 -0.0615927 -0.0622335
0 -0.0327903 -0.0632018 -0.0644275
0 -0.0334026 -0.0648487 -0.0666895
0 -0.0340562 -0.0665276 -0.0689957
0 -0.0347489 -0.0682329 -0.0713203
0 -0.0354766 -0.0699587 -0.073636
0 -0.036233 -0.071698 -0.0759139
0 -0.0370097 -0.0734409 -0.0781254
0 -0.0377961 -0.0751734 -0.0802433
0 -0.0385821 -0.0768801 -0.0822464
0 -0.0393631 -0.078549 -0.0841237
0 -0.0401414 -0.0801732 -0.0858762
0 -0.0409229 -0.081749 -0.0875134
0 -0.041712 -0.0832721 -0.0890474
0 -0.0425077 -0.0847347 -0.0904887
0 -0.0433033 -0.0861259 -0.0918446
0 -0.0440873 -0.0874332 -0.0931184
0 -0.0448451 -0.0886444 -0.0943111
0 -0.0455623 -0.0897501 -0.095422
0 -0.0462259 -0.0907449 -0.0964502
0 -0.0468273 -0.0916293 -0.0973963
0 -0.0473636 -0.0924105 -0.098264
0 -0.0478364 -0.0931001 -0.0990587
0 -0.0482481 -0.0937099 -0.0997844
0 -0.0486 -0.0942499 -0.100442
0 -0.0488924 -0.0947266 -0.101031
0 -0.049126 -0.095145 -0.101548
0 -0.0493014 -0.0955069 -0.101991
0 -0.0494171 -0.0958095 -0.102354
0 -0.0494681 -0.0960432 -0.102628
0 -0.0494469 -0.0961929 -0.1028
0 -0.0493455 -0.0962398 -0.102856
0 -0.0491569 -0.0961636 -0.10278
0 -0.0488758 -0.0959431 -0.102556
0 -0.0485 -0.095559 -0.102169
0 -0.0480303 -0.0949952 -0.101604
0 -0.0474718 -0.094241 -0.100849
0 -0.0468336 -0.0932925 -0.0998957
0 -0.0461274 -0.0921528 -0.0987376
0 -0.0453642 -0.0908286 -0.0973699
0 -0.0445503 -0.0893273 -0.0957861
0 -0.0436882 -0.0876564 -0.0939796
0 -0.0427782 -0.0858243 -0.0919459
0 -0.0418214 -0.0838419 -0.0896866
0 -0.0408209 -0.0817223 -0.0872103
0 -0.0397816 -0.0794802 -0.0845322
0 -0.0387085 -0.0771302 -0.0816728
0 -0.0376062 -0.0746852 -0.0786552
0 -0.0364786 -0.0721576 -0.0755037
0 -0.035329 -0.0695585 -0.0722423
0 -0.034161 -0.0668992 -0.0688942
0 -0.0329775 -0.0641908 -0.0654835
0 -0.0317821 -0.0614452 -0.0620346
0 -0.0305777 -0.0586752 -0.0585735
0 -0.0293669 -0.0558933 -0.0551268
0 -0.0281501 -0.0531102 -0.0517192
0 -0.0269261 -0.050335 -0.0483714
0 -0.0256916 -0.0475752 -0.0450994
0 -0.024442 -0.0448366 -0.0419141
0 -0.0231722 -0.0421239 -0.0388217
0 -0.021877 -0.0394409 -0.0358249
0 -0.020553 -0.0367911 -0.0329245
0 -0.0191988 -0.0341787 -0.03012
0 -0.0178165 -0.0316091 -0.0274102
0 -0.016413 -0.0290907 -0.0247954
0 -0.0150004 -0.0266353 -0.0222778
0 -0.0135936 -0.0242564 -0.0198608
0 -0.0122073 -0.021966 -0.0175462
0 -0.0108553 -0.0197748 -0.0153348
0 -0.00955131 -0.0176924 -0.0132275
0 -0.00831007 -0.0157288 -0.0112278
0 -0.00714675 -0.0138942 -0.00934113
0 -0.00607657 -0.0121987 -0.00757519
0 -0.0051146 -0.0106527 -0.00593999
0 -0.00427605 -0.00926748 -0.00444836
0 -0.00357612 -0.00805534 -0.0031159
0 -0.00302838 -0.00702845 -0.00195937
0 -0.00264265 -0.00619725 -0.000994544
0 -0.00242483 -0.00557066 -0.000235929
0 -0.00237813 -0.00515818 0.000301664
0 -0.00250304 -0.0049707 0.000602868
0 -0.00279506 -0.00501864 0.000653752
0 -0.00324337 -0.00531063 0.00044298
0 -0.00383312 -0.00585453 -3.98987e-05
0 -0.0045489 -0.00665887 -0.000806787
0 -0.00537599 -0.00773188 -0.00187093
0 -0.00629934 -0.0090782 -0.00324427
0 -0.00730224 -0.0106954 -0.00493434
0 -0.00836681 -0.0125726 -0.00694275
0 -0.00947675 -0.0146923 -0.0092662
0 -0.0106206 -0.0170347 -0.0118983
0 -0.0117929 -0.0195798 -0.0148301
0 -0.0129917 -0.0223067 -0.0180477
0 -0.0142158 -0.025192 -0.0215308
0 -0.0154629 -0.0282102 -0.0252528
0 -0.0167321 -0.0313368 -0.0291822
0 -0.0180254 -0.0345512 -0.0332843
0 -0.0193473 -0.0378363 -0.0375218
0 -0.0207008 -0.0411759 -0.0418551
0 -0.0220856 -0.0445536 -0.0462446
0 -0.0235012 -0.0479553 -0.050652
0 -0.0249495 -0.0513724 -0.0550393
0 -0.0264336 -0.0548007 -0.059367
0 -0.027955 -0.0582359 -0.0635965
0 -0.0295119 -0.061669 -0.0676928
0 -0.0310995 -0.0650861 -0.0716272
0 -0.032711 -0.068469 -0.0753788
0 -0.0343379 -0.0717962 -0.0789338
0 -0.0359692 -0.0750431 -0.0822845
0 -0.0375905 -0.0781816 -0.0854274
0 -0.0391852 -0.0811817 -0.0883619
0 -0.040735 -0.0840134 -0.0910896
0 -0.0422212 -0.0866493 -0.0936127
0 -0.0436257 -0.0890662 -0.095934
0 -0.0449322 -0.0912459 -0.098056
0 -0.0461249 -0.0931749 -0.0999786
0 -0.0471871 -0.0948424 -0.101697
0 -0.0481014 -0.0962393 -0.1032
0 -0.0488527 -0.0973609 -0.104475
0 -0.0494304 -0.0982076 -0.10551
0 -0.0498288 -0.098784 -0.106293
0 -0.0500452 -0.0990963 -0.10681
0 -0.0500801 -0.0991513 -0.107051
0 -0.0499377 -0.0989562 -0.107005
0 -0.0496272 -0.0985192 -0.106665
0 -0.0491639 -0.0978504 -0.106031
0 -0.0485686 -0.0969612 -0.105107
0 -0.0478655 -0.0958639 -0.103904
0 -0.0470798 -0.0945709 -0.102435
0 -0.0462355 -0.0930948 -0.100717
0 -0.0453542 -0.0914502 -0.098769
0 -0.0444555 -0.0896538 -0.0966142
0 -0.0435557 -0.0877262 -0.0942783
0 -0.0426678 -0.0856906 -0.0917899
0 -0.0418003 -0.0835717 -0.0891783
0 -0.0409568 -0.0813942 -0.0864736
0 -0.0401372 -0.0791822 -0.0837054
0 -0.0393389 -0.076959 -0.0809031
0 -0.0385575 -0.0747463 -0.078095
0 -0.0377875 -0.0725633 -0.0753062
0 -0.0370221 -0.0704256 -0.0725577
0 -0.0362532 -0.0683439 -0.0698669
0 -0.0354719 -0.066323 -0.0672482
0 -0.0346689 -0.0643627 -0.0647137
0 -0.0338374 -0.0624598 -0.062275
0 -0.0329732 -0.0606092 -0.059943
0 -0.0320757 -0.0588054 -0.0577272
0 -0.0311465 -0.0570428 -0.0556335
0 -0.0301894 -0.0553163 -0.0536641
0 -0.0292098 -0.0536222 -0.0518169
0 -0.0282143 -0.0519588 -0.0500858
0 -0.0272109 -0.0503266 -0.0484608
0 -0.0262085 -0.0487288 -0.0469297
0 -0.0252166 -0.0471704 -0.0454784
0 -0.0242456 -0.0456582 -0.0440925
0 -0.0233056 -0.0441996 -0.0427581
0 -0.0224067 -0.0428021 -0.0414632
0 -0.0215595 -0.041474 -0.0401997
0 -0.0207754 -0.0402239 -0.038964
0 -0.0200655 -0.03906 -0.0377571
0 -0.0194396 -0.0379894 -0.0365838
0 -0.0189054 -0.0370175 -0.0354523
0 -0.0184678 -0.0361476 -0.0343731
0 -0.018128 -0.0353806 -0.0333578
0 -0.017883 -0.0347153 -0.0324186
0 -0.0177271 -0.0341496 -0.031568
0 -0.0176523 -0.033681 -0.0308185
0 -0.017648 -0.0333069 -0.0301812
0 -0.0177026 -0.0330248 -0.029666
0 -0.0178047 -0.0328336 -0.0292823
0 -0.0179455 -0.0327355 -0.0290399
0 -0.0181185 -0.0327347 -0.0289486
0 -0.0183179 -0.0328356 -0.0290152
0 -0.018537 -0.0330407 -0.0292417
0 -0.0187685 -0.0333498 -0.0296254
0 -0.0190061 -0.0337614 -0.0301603
0 -0.0192455 -0.034273 -0.0308386
0 -0.019485 -0.0348808 -0.031651
0 -0.0197246 -0.0355789 -0.0325866
0 -0.0199664 -0.0363599 -0.0336335
0 -0.0202153 -0.0372154 -0.0347799
0 -0.0204795 -0.0381381 -0.0360155
0 -0.0207703 -0.0391228 -0.0373316
0 -0.0210996 -0.0401656 -0.0387207
0 -0.0214779 -0.0412633 -0.0401743
0 -0.0219132 -0.0424134 -0.0416835
0 -0.0224109 -0.0436145 -0.0432395
0 -0.0229745 -0.0448671 -0.0448346
0 -0.0236063 -0.0461742 -0.046464
0 -0.0243073 -0.0475403 -0.0481262
0 -0.0250764 -0.0489706 -0.0498226
0 -0.0259099 -0.050469 -0.0515554
0 -0.0268001 -0.0520367 -0.053327
0 -0.0277363 -0.0536715 -0.0551384
0 -0.0287044 -0.0553674 -0.0569893
0 -0.0296886 -0.0571142 -0.0588779
0 -0.0306722 -0.0588987 -0.0608009
0 -0.031638 -0.0607042 -0.0627523
0 -0.0325685 -0.0625108 -0.0647232
0 -0.0334468 -0.0642959 -0.0667015
0 -0.0342575 -0.0660353 -0.0686723
0 -0.0349883 -0.067705 -0.0706176
0 -0.0356311 -0.0692838 -0.0725176
0 -0.0361827 -0.0707542 -0.0743512
0 -0.036643 -0.0721015 -0.0760956
0 -0.0370127 -0.0733123 -0.0777253
0 -0.0372928 -0.0743732 -0.0792115
0 -0.0374849 -0.0752728 -0.0805248
0 -0.037593 -0.076002 -0.0816378
0 -0.0376237 -0.0765551 -0.0825276
0 -0.0375854 -0.0769287 -0.0831755
0 -0.0374877 -0.0771217 -0.0835683
0 -0.0373408 -0.0771353 -0.0836986
0 -0.0371557 -0.0769741 -0.0835662
0 -0.0369443 -0.0766461 -0.0831782
0 -0.0367177 -0.0761624 -0.0825487
0 -0.0364863 -0.0755372 -0.0816981
0 -0.0362594 -0.0747884 -0.0806535
0 -0.0360459 -0.0739391 -0.0794478
0 -0.0358539 -0.0730167 -0.0781195
0 -0.0356907 -0.0720527 -0.0767114
0 -0.0355607 -0.0710793 -0.075267
0 -0.0354635 -0.0701258 -0.0738274
0 -0.0353948 -0.0692174 -0.0724295
0 -0.0353491 -0.0683765 -0.0711072
0 -0.0353218 -0.0676242 -0.0698916
0 -0.03531 -0.066979 -0.0688119
0 -0.0353119 -0.0664571 -0.0678952
0 -0.0353273 -0.0660705 -0.0671657
0 -0.0353537 -0.0658252 -0.0666409
0 -0.0353856 -0.0657184 -0.0663299
0 -0.0354146 -0.0657404 -0.0662334
0 -0.0354322 -0.0658763 -0.0663451
0 -0.0354308 -0.0661078 -0.0666523
0 -0.0354034 -0.0664137 -0.0671356
0 -0.035345 -0.0667715 -0.0677702
0 -0.0352526 -0.0671592 -0.0685271
0 -0.0351257 -0.0675556 -0.0693731
0 -0.0349639 -0.0679396 -0.0702696
0 -0.0347661 -0.0682895 -0.0711732
0 -0.0345318 -0.0685841 -0.0720369
0 -0.0342623 -0.0688043 -0.0728118
0 -0.0339597 -0.0689318 -0.0734499
0 -0.0336255 -0.0689482 -0.0739051
0 -0.0332591 -0.0688341 -0.0741346
0 -0.0328585 -0.0685692 -0.0741006
0 -0.0324225 -0.0681353 -0.0737746
0 -0.0319529 -0.0675194 -0.0731405
0 -0.0314564 -0.066716 -0.0721965
0 -0.0309422 -0.065727 -0.0709536
0 -0.0304203 -0.0645608 -0.0694332
0 -0.0299003 -0.0632328 -0.0676658
0 -0.0293909 -0.0617648 -0.0656888
0 -0.0288986 -0.0601833 -0.0635427
0 -0.0284262 -0.0585171 -0.0612673
0 -0.0279735 -0.0567963 -0.058901
0 -0.0275404 -0.0550535 -0.0564828
0 -0.0271285 -0.0533237 -0.0540552
0 -0.0267402 -0.0516417 -0.0516635
0 -0.0263769 -0.0500385 -0.0493542
0 -0.0260375 -0.0485385 -0.0471717
0 -0.0257185 -0.0471593 -0.0451556
0 -0.0254139 -0.0459124 -0.0433385
0 -0.0251182 -0.0448058 -0.0417476
0 -0.0248279 -0.0438453 -0.0404048
0 -0.024542 -0.0430358 -0.0393263
0 -0.0242626 -0.0423821 -0.038523
0 -0.0239947 -0.0418891 -0.038
0 -0.0237431 -0.0415587 -0.0377536
0 -0.0235109 -0.0413888 -0.0377709
0 -0.0233008 -0.0413736 -0.0380315
0 -0.0231174 -0.0415059 -0.0385109
0 -0.022968 -0.0417779 -0.039183
0 -0.0228618 -0.0421812 -0.0400209
0 -0.0228092 -0.0427066 -0.0409974
0 -0.0228203 -0.0433441 -0.042086
0 -0.022905 -0.0440839 -0.043262
0 -0.0230721 -0.0449167 -0.0445038
0 -0.0233283 -0.0458334 -0.0457929
0 -0.0236764 -0.0468245 -0.0471136
0 -0.0241149 -0.0478804 -0.0484526
0 -0.024638 -0.0489915 -0.0497994
0 -0.0252369 -0.0501494 -0.0511469
0 -0.0259004 -0.0513472 -0.0524913
0 -0.0266156 -0.0525783 -0.0538311
0 -0.0273673 -0.0538363 -0.0551664
0 -0.0281393 -0.0551129 -0.0564974
0 -0.0289145 -0.0563988 -0.0578241
0 -0.0296768 -0.057684 -0.0591474
0 -0.0304129 -0.0589602 -0.0604695
0 -0.031113 -0.0602204 -0.061794
0 -0.0317701 -0.0614585 -0.0631242
0 -0.0323783 -0.0626669 -0.0644606
0 -0.0329313 -0.0638356 -0.0657993
0 -0.0334218 -0.0649517 -0.0671308
0 -0.0338418 -0.0660005 -0.0684404
0 -0.0341846 -0.0669669 -0.0697099
0 -0.0344455 -0.0678365 -0.0709177
0 -0.0346222 -0.0685962 -0.0720395
0 -0.0347151 -0.0692348 -0.0730493
0 -0.034728 -0.0697434 -0.0739216
0 -0.0346678 -0.0701157 -0.0746337
0 -0.034544 -0.0703478 -0.0751658
0 -0.0343665 -0.0704364 -0.0755004
0 -0.0341441 -0.0703779 -0.0756222
0 -0.0338846 -0.0701695 -0.0755197
0 -0.0335952 -0.0698095 -0.075186
0 -0.0332823 -0.0692988 -0.0746203
0 -0.0329517 -0.0686406 -0.0738274
0 -0.0326082 -0.0678417 -0.0728183
0 -0.0322555 -0.0669125 -0.0716093
0 -0.0318951 -0.0658655 -0.0702209
0 -0.0315251 -0.0647139 -0.0686747
0 -0.0311398 -0.0634697 -0.0669925
0 -0.0307324 -0.0621447 -0.0651953
0 -0.0302976 -0.0607517 -0.0633045
0 -0.0298331 -0.0593063 -0.0613433
0 -0.0293407 -0.0578264 -0.0593381
0 -0.0288247 -0.0563307 -0.0573164
0 -0.0282907 -0.0548371 -0.0553057
0 -0.0277447 -0.053362 -0.053333
0 -0.0271941 -0.0519212 -0.0514257
0 -0.0266475 -0.0505306 -0.049611
0 -0.0261145 -0.0492056 -0.0479142
0 -0.0256044 -0.0479611 -0.0463572
0 -0.0251259 -0.0468117 -0.0449579
0 -0.0246879 -0.0457726 -0.0437317
0 -0.0243003 -0.0448601 -0.0426918
0 -0.0239739 -0.0440918 -0.0418497
0 -0.0237188 -0.043485 -0.0412151
0 -0.0235444 -0.0430562 -0.040795
0 -0.0234586 -0.0428196 -0.0405951
0 -0.0234683 -0.0427884 -0.0406201
0 -0.0235802 -0.0429738 -0.040875
0 -0.0238003 -0.0433848 -0.0413656
0 -0.0241333 -0.0440277 -0.042098
0 -0.0245821 -0.0449049 -0.0430778
0 -0.0251469 -0.0460148 -0.0443093
0 -0.0258246 -0.0473517 -0.0457949
0 -0.0266086 -0.0489059 -0.0475334
0 -0.0274889 -0.0506635 -0.04952
0 -0.0284528 -0.0526073 -0.051745
0 -0.029485 -0.0547171 -0.0541934
0 -0.030568 -0.0569697 -0.0568447
0 -0.0316819 -0.0593394 -0.0596739
0 -0.032806 -0.0617985 -0.0626526
0 -0.0339199 -0.0643176 -0.0657493
0 -0.035004 -0.0668651 -0.0689282
0 -0.0360391 -0.069407 -0.0721478
0 -0.0370072 -0.0719079 -0.0753598
0 -0.0378925 -0.0743319 -0.0785108
0 -0.0386824 -0.0766447 -0.0815451
0 -0.0393682 -0.0788141 -0.0844087
0 -0.0399455 -0.0808106 -0.0870508
0 -0.0404143 -0.0826081 -0.0894268
0 -0.0407797 -0.084185 -0.0915004
0 -0.0410516 -0.0855251 -0.0932446
0 -0.0412435 -0.0866171 -0.0946422
0 -0.0413722 -0.0874561 -0.0956864
0 -0.0414566 -0.088043 -0.0963805
0 -0.0415162 -0.0883849 -0.096737
0 -0.0415688 -0.0884937 -0.0967751
0 -0.0416272 -0.0883857 -0.0965189
0 -0.0416972 -0.088081 -0.0959946
0 -0.0417768 -0.0876028 -0.0952296
0 -0.0418575 -0.0869771 -0.0942528
0 -0.041927 -0.0862315 -0.0930954
0 -0.0419716 -0.0853948 -0.0917917
0 -0.041978 -0.0844947 -0.0903785
0 -0.0419333 -0.0835545 -0.0888926
0 -0.0418242 -0.0825906 -0.0873685
0 -0.0416368 -0.0816101 -0.0858351
0 -0.0413569 -0.0806116 -0.0843143
0 -0.0409723 -0.0795873 -0.082821
0 -0.0404745 -0.0785249 -0.0813636
0 -0.0398593 -0.0774103 -0.0799442
0 -0.0391279 -0.0762291 -0.0785592
0 -0.0382867 -0.0749682 -0.0771993
0 -0.0373459 -0.0736171 -0.0758497
0 -0.0363174 -0.0721672 -0.0744901
0 -0.0352134 -0.0706111 -0.0730941
0 -0.0340456 -0.0689428 -0.0716316
0 -0.0328261 -0.0671594 -0.0700709
0 -0.0315682 -0.0652622 -0.0683818
0 -0.0302868 -0.0632566 -0.0665383
0 -0.0289976 -0.0611524 -0.0645201
0 -0.0277163 -0.0589615 -0.0623139
0 -0.0264579 -0.0566976 -0.0599136
0 -0.0252354 -0.0543746 -0.0573209
0 -0.0240602 -0.0520062 -0.0545459
0 -0.0229419 -0.0496062 -0.0516073
0 -0.0218886 -0.0471881 -0.0485321
0 -0.0209056 -0.0447649 -0.0453549
0 -0.0199945 -0.0423489 -0.0421152
0 -0.0191535 -0.0399511 -0.0388556
0 -0.0183773 -0.0375821 -0.0356196
0 -0.017658 -0.0352513 -0.0324497
0 -0.016985 -0.032968 -0.0293856
0 -0.0163461 -0.0307412 -0.0264632
0 -0.0157277 -0.0285797 -0.0237141
0 -0.0151161 -0.0264931 -0.0211632
0 -0.0144993 -0.0244922 -0.0188283
0 -0.0138684 -0.0225902 -0.0167211
0 -0.0132194 -0.0208036 -0.014848
0 -0.012553 -0.0191506 -0.013211
0 -0.0118743 -0.0176507 -0.0118082
0 -0.0111924 -0.0163231 -0.010635
0 -0.0105202 -0.0151863 -0.00968583
0 -0.00987491 -0.0142578 -0.0089557
0 -0.00927736 -0.0135536 -0.00844175
0 -0.00875195 -0.0130872 -0.00814418
0 -0.00832593 -0.0128685 -0.00806671
0 -0.00802815 -0.0129028 -0.0082163
0 -0.00788716 -0.0131917 -0.00860235
0 -0.00792899 -0.013734 -0.00923572
0 -0.00817472 -0.0145277 -0.0101275
0 -0.00863822 -0.0155711 -0.0112878
0 -0.00932485 -0.0168639 -0.0127251
0 -0.0102313 -0.0184085 -0.0144461
0 -0.0113458 -0.0202085 -0.0164549
0 -0.0126492 -0.022268 -0.0187531
0 -0.0141159 -0.02459 -0.02134
0 -0.0157167 -0.0271739 -0.0242132
0 -0.0174202 -0.0300143 -0.0273674
0 -0.0191946 -0.0330987 -0.0307941
0 -0.02101 -0.0364076 -0.0344817
0 -0.0228413 -0.0399157 -0.0384157
0 -0.0246683 -0.0435933 -0.0425789
0 -0.0264751 -0.0474074 -0.0469496
0 -0.0282484 -0.0513222 -0.051502
0 -0.0299769 -0.0552998 -0.0562057
0 -0.0316519 -0.0593021 -0.0610249
0 -0.033268 -0.063293 -0.0659172
0 -0.0348233 -0.0672412 -0.0708323
0 -0.0363184 -0.0711203 -0.0757147
0 -0.0377551 -0.0749086 -0.0805063
0 -0.0391368 -0.0785886 -0.0851499
0 -0.0404675 -0.0821451 -0.0895918
0 -0.0417509 -0.0855634 -0.0937836
0 -0.0429905 -0.0888284 -0.0976846
0 -0.0441886 -0.091924 -0.101263
0 -0.0453464 -0.0948327 -0.104496
0 -0.0464632 -0.0975355 -0.10737
0 -0.0475369 -0.100013 -0.10988
0 -0.0485644 -0.102245 -0.11203
0 -0.0495429 -0.104216 -0.113831
0 -0.0504688 -0.105913 -0.115298
0 -0.0513362 -0.107323 -0.116452
0 -0.0521361 -0.108438 -0.117308
0 -0.0528562 -0.109253 -0.117883
0 -0.0534808 -0.109765 -0.118189
0 -0.0539919 -0.10998 -0.118236
0 -0.0543699 -0.109907 -0.11803
0 -0.0545956 -0.109564 -0.117576
0 -0.0546518 -0.108971 -0.116877
0 -0.0545244 -0.10815 -0.115936
0 -0.054204 -0.10712 -0.114756
0 -0.0536876 -0.105895 -0.113342
0 -0.0529805 -0.10449 -0.111702
0 -0.0520961 -0.102911 -0.109846
0 -0.0510543 -0.101164 -0.107788
0 -0.0498795 -0.0992504 -0.105542
0 -0.0485982 -0.0971714 -0.103122
0 -0.0472387 -0.0949298 -0.100543
0 -0.04583 -0.0925332 -0.0978181
0 -0.0444001 -0.0899944 -0.0949648
0 -0.0429736 -0.0873314 -0.0919977
0 -0.0415695 -0.0845657 -0.0889299
0 -0.0402006 -0.0817211 -0.0857725
0 -0.0388748 -0.0788235 -0.0825359
0 -0.0375961 -0.0758998 -0.0792303
0 -0.036366 -0.0729768 -0.0758669
0 -0.0351841 -0.0700801 -0.0724595
0 -0.0340484 -0.0672317 -0.0690252
0 -0.0329558 -0.0644499 -0.065585
0 -0.0319029 -0.061748 -0.0621646
0 -0.0308859 -0.0591348 -0.0587938
0 -0.0299006 -0.0566149 -0.0555039
0 -0.0289418 -0.0541889 -0.0523248
0 -0.0280033 -0.051854 -0.0492837
0 -0.0270771 -0.0496043 -0.0464022
0 -0.0261536 -0.047432 -0.0436959
0 -0.0252222 -0.0453287 -0.041173
0 -0.0242718 -0.0432854 -0.0388349
0 -0.0232912 -0.0412939 -0.0366752
0 -0.0222699 -0.0393467 -0.0346799
0 -0.0211992 -0.0374376 -0.0328283
0 -0.0200737 -0.0355624 -0.0310956
0 -0.0188929 -0.0337196 -0.0294557
0 -0.0176609 -0.0319099 -0.0278828
0 -0.0163862 -0.030135 -0.0263524
0 -0.0150801 -0.0283969 -0.0248427
0 -0.0137577 -0.0266984 -0.0233359
0 -0.0124373 -0.0250429 -0.0218204
0 -0.0111403 -0.0234351 -0.0202913
0 -0.00989033 -0.0218802 -0.0187501
0 -0.00871204 -0.0203847 -0.017205
0 -0.00763081 -0.0189572 -0.0156707
0 -0.0066725 -0.0176097 -0.0141683
0 -0.00586256 -0.0163577 -0.0127251
0 -0.00522456 -0.0152201 -0.0113718
0 -0.00477877 -0.014219 -0.0101422
0 -0.00454069 -0.013379 -0.00907069
0 -0.00451993 -0.0127271 -0.00819195
0 -0.00471942 -0.0122919 -0.00753979
0 -0.0051349 -0.012103 -0.00714671
0 -0.00575497 -0.01219 -0.00704361
0 -0.0065613 -0.0125797 -0.00725892
0 -0.00752879 -0.0132937 -0.00781711
0 -0.00862651 -0.0143459 -0.00873757
0 -0.00982048 -0.0157412 -0.0100348
0 -0.0110772 -0.0174756 -0.0117191
0 -0.0123668 -0.0195364 -0.0137964
0 -0.0136657 -0.021902 -0.0162677
0 -0.0149571 -0.024543 -0.0191277
0 -0.0162314 -0.0274237 -0.022364
0 -0.0174853 -0.030505 -0.0259564
0 -0.0187209 -0.0337464 -0.0298777
0 -0.0199454 -0.0371103 -0.0340942
0 -0.0211699 -0.0405642 -0.0385657
0 -0.022408 -0.0440826 -0.043245
0 -0.0236725 -0.0476463 -0.0480795
0 -0.0249743 -0.0512416 -0.0530146
0 -0.0263224 -0.0548595 -0.0579935
0 -0.0277244 -0.0584952 -0.0629546
0 -0.0291851 -0.0621463 -0.067833
0 -0.0307063 -0.0658097 -0.0725674
0 -0.0322877 -0.0694791 -0.0771063
0 -0.0339275 -0.0731432 -0.0814115
0 -0.0356221 -0.076786 -0.085459
0 -0.0373656 -0.080386 -0.0892375
0 -0.0391493 -0.0839169 -0.0927478
0 -0.0409613 -0.0873486 -0.0959999
0 -0.0427868 -0.0906486 -0.0990106
0 -0.0446075 -0.0937844 -0.1018
0 -0.0464013 -0.0967248 -0.104386
0 -0.0481436 -0.0994416 -0.106785
0 -0.0498084 -0.101911 -0.109009
0 -0.0513697 -0.104115 -0.111064
0 -0.0528029 -0.106043 -0.112952
0 -0.0540859 -0.10769 -0.114667
0 -0.0552001 -0.10906 -0.116202
0 -0.0561298 -0.11016 -0.117543
0 -0.0568618 -0.111003 -0.118673
0 -0.0573851 -0.111601 -0.119573
0 -0.057694 -0.111964 -0.120222
0 -0.0577899 -0.112106 -0.120606
0 -0.0576818 -0.112036 -0.120714
0 -0.057385 -0.111759 -0.120541
0 -0.0569197 -0.111279 -0.120086
0 -0.0563099 -0.110592 -0.119351
0 -0.0555832 -0.109699 -0.118346
0 -0.0547679 -0.108596 -0.117079
0 -0.0538908 -0.107284 -0.115563
0 -0.0529758 -0.105769 -0.113811
0 -0.0520413 -0.104059 -0.111836
0 -0.0510996 -0.102167 -0.109651
0 -0.0501551 -0.100107 -0.107265
0 -0.0492048 -0.0978971 -0.104687
0 -0.0482398 -0.0955527 -0.101926
0 -0.0472475 -0.09309 -0.0989909
0 -0.0462152 -0.0905238 -0.0958927
0 -0.045131 -0.0878669 -0.092647
0 -0.0439851 -0.0851296 -0.089272
0 -0.0427704 -0.0823198 -0.085787
0 -0.0414826 -0.0794433 -0.0822109
0 -0.0401216 -0.0765046 -0.0785623
0 -0.0386908 -0.073508 -0.0748604
0 -0.0371967 -0.0704577 -0.0711252
0 -0.0356485 -0.0673587 -0.0673777
0 -0.0340572 -0.0642178 -0.0636396
0 -0.0324355 -0.0610442 -0.0599324
0 -0.0307977 -0.0578505 -0.0562765
0 -0.0291592 -0.0546535 -0.0526909
0 -0.0275357 -0.0514737 -0.0491926
0 -0.0259428 -0.0483347 -0.0457963
0 -0.0243956 -0.0452622 -0.042515
0 -0.0229093 -0.0422834 -0.0393611
0 -0.021499 -0.0394268 -0.0363476
0 -0.0201803 -0.036721 -0.0334887
0 -0.0189683 -0.0341936 -0.0308005
0 -0.0178768 -0.03187 -0.0283007
0 -0.0169183 -0.0297731 -0.0260083
0 -0.0161038 -0.0279235 -0.0239436
0 -0.0154433 -0.02634 -0.0221284
0 -0.0149449 -0.0250387 -0.0205849
0 -0.0146139 -0.0240327 -0.0193354
0 -0.0144523 -0.0233325 -0.0184008
0 -0.0144578 -0.0229453 -0.0177999
0 -0.0146246 -0.022876 -0.0175484
0 -0.0149427 -0.023126 -0.0176583
0 -0.0153994 -0.0236928 -0.0181378
0 -0.0159796 -0.0245693 -0.0189911
0 -0.0166666 -0.0257433 -0.0202168
0 -0.0174432 -0.0271985 -0.0218085
0 -0.0182931 -0.0289148 -0.023754
0 -0.0192014 -0.0308695 -0.026036
0 -0.0201549 -0.033037 -0.0286309
0 -0.0211413 -0.0353887 -0.0315092
0 -0.0221481 -0.0378928 -0.0346359
0 -0.023163 -0.0405156 -0.0379708
0 -0.0241747 -0.0432228 -0.0414688
0 -0.025173 -0.0459804 -0.04508
0 -0.0261486 -0.0487545 -0.0487513
0 -0.0270932 -0.0515108 -0.0524285
0 -0.0279991 -0.0542158 -0.0560584
0 -0.0288598 -0.056837 -0.0595898
0 -0.0296704 -0.0593442 -0.062971
0 -0.0304274 -0.061711 -0.0661497
0 -0.0311285 -0.0639135 -0.069076
0 -0.0317719 -0.0659306 -0.0717059
0 -0.0323573 -0.067743 -0.0740038
0 -0.0328853 -0.0693335 -0.0759438
0 -0.0333572 -0.0706872 -0.0775102
0 -0.0337746 -0.0717911 -0.0786969
0 -0.0341387 -0.0726352 -0.0795068
0 -0.0344502 -0.0732127 -0.079951
0 -0.0347087 -0.0735216 -0.0800474
0 -0.0349123 -0.0735651 -0.0798191
0 -0.0350559 -0.0733513 -0.0792916
0 -0.0351326 -0.0728943 -0.0784919
0 -0.0351336 -0.0722132 -0.0774478
0 -0.0350513 -0.0713319 -0.0761884
0 -0.0348807 -0.0702789 -0.0747449
0 -0.034621 -0.0690855 -0.0731507
0 -0.0342758 -0.0677844 -0.0714404
0 -0.033852 -0.0664075 -0.0696487
0 -0.0333597 -0.064984 -0.0678083
0 -0.032811 -0.06354 -0.0659484
0 -0.0322204 -0.0620984 -0.0640967
0 -0.0316038 -0.0606791 -0.0622795
0 -0.0309783 -0.0592997 -0.0605218
0 -0.030361 -0.0579758 -0.0588469
0 -0.0297676 -0.056721 -0.0572749
0 -0.0292108 -0.0555463 -0.0558223
0 -0.0287 -0.0544601 -0.0545007
0 -0.028241 -0.0534688 -0.0533181
0 -0.0278378 -0.0525785 -0.0522802
0 -0.0274931 -0.0517959 -0.0513908
0 -0.0272082 -0.0511272 -0.0506518
0 -0.0269832 -0.0505783 -0.0500633
0 -0.0268172 -0.0501544 -0.049624
0 -0.0267086 -0.0498595 -0.0493317
0 -0.0266551 -0.049696 -0.0491833
0 -0.0266535 -0.0496637 -0.0491746
0 -0.0266999 -0.0497599 -0.0493004
0 -0.0267904 -0.0499794 -0.0495557
0 -0.0269218 -0.0503149 -0.0499351
0 -0.027092 -0.0507578 -0.0504344
0 -0.0273002 -0.0512993 -0.0510496
0 -0.0275464 -0.05193 -0.0517771
0 -0.0278306 -0.0526409 -0.0526124
0 -0.0281523 -0.0534232 -0.0535503
0 -0.0285104 -0.0542688 -0.0545846
0 -0.0289034 -0.0551709 -0.0557087
0 -0.0293285 -0.0561238 -0.0569146
0 -0.0297827 -0.057123 -0.0581937
0 -0.0302618 -0.0581649 -0.0595364
0 -0.0307612 -0.0592458 -0.0609323
0 -0.0312756 -0.0603621 -0.06237
0 -0.0317996 -0.0615094 -0.063838
0 -0.0323276 -0.0626819 -0.0653238
0 -0.0328529 -0.0638717 -0.0668142
0 -0.033369 -0.0650685 -0.0682953
0 -0.0338697 -0.0662608 -0.0697527
0 -0.0343509 -0.0674366 -0.0711731
0 -0.0348109 -0.0685843 -0.0725449
0 -0.0352495 -0.0696924 -0.0738588
0 -0.0356671 -0.0707494 -0.0751058
0 -0.036063 -0.0717436 -0.0762769
0 -0.0364346 -0.0726628 -0.0773616
0 -0.036777 -0.0734942 -0.0783481
0 -0.0370833 -0.0742248 -0.0792228
0 -0.0373447 -0.0748417 -0.0799711
0 -0.0375517 -0.0753325 -0.0805783
0 -0.0376948 -0.0756862 -0.0810299
0 -0.0377649 -0.0758926 -0.0813124
0 -0.0377544 -0.0759427 -0.0814138
0 -0.0376575 -0.0758294 -0.0813239
0 -0.0374705 -0.0755464 -0.0810347
0 -0.0371917 -0.0750892 -0.0805401
0 -0.0368221 -0.074455 -0.0798366
0 -0.0363651 -0.0736434 -0.0789234
0 -0.0358256 -0.072656 -0.077802
0 -0.0352081 -0.0714951 -0.0764741
0 -0.0345157 -0.0701629 -0.0749415
0 -0.0337512 -0.0686622 -0.0732065
0 -0.0329178 -0.0669983 -0.0712737
0 -0.0320211 -0.06518 -0.0691515
0 -0.0310689 -0.0632198 -0.0668523
0 -0.0300713 -0.0611336 -0.0643921
0 -0.029039 -0.0589387 -0.0617877
0 -0.027982 -0.0566531 -0.0590559
0 -0.0269091 -0.0542945 -0.0562129
0 -0.0258276 -0.05188 -0.0532753
0 -0.0247438 -0.0494264 -0.0502618
0 -0.0236644 -0.0469513 -0.0471944
0 -0.0225963 -0.0444722 -0.0440988
0 -0.0215463 -0.0420061 -0.0410042
0 -0.0205204 -0.0395682 -0.0379409
0 -0.0195224 -0.0371719 -0.0349381
0 -0.0185544 -0.0348287 -0.0320223
0 -0.0176168 -0.0325497 -0.0292176
0 -0.0167098 -0.0303458 -0.0265459
0 -0.0158342 -0.0282291 -0.0240279
0 -0.0149923 -0.0262132 -0.0216832
0 -0.0141887 -0.024314 -0.0195293
0 -0.0134289 -0.0225488 -0.0175806
0 -0.0127188 -0.0209344 -0.0158476
0 -0.0120637 -0.0194859 -0.0143362
0 -0.0114674 -0.0182163 -0.0130482
0 -0.0109333 -0.0171356 -0.0119822
0 -0.0104652 -0.0162523 -0.0111351
0 -0.0100675 -0.0155732 -0.0105034
0 -0.00974617 -0.0151035 -0.0100844
0 -0.00950796 -0.0148464 -0.00987597
0 -0.00936054 -0.0148024 -0.00987701
0 -0.00931204 -0.014968 -0.0100869
0 -0.00937027 -0.0153359 -0.0105052
0 -0.00954145 -0.0158962 -0.0111311
0 -0.0098291 -0.0166379 -0.0119632
0 -0.0102336 -0.0175503 -0.0129989
0 -0.0107522 -0.0186239 -0.0142342
0 -0.0113794 -0.0198508 -0.0156636
0 -0.0121065 -0.0212245 -0.0172801
0 -0.0129223 -0.0227394 -0.0190744
0 -0.0138133 -0.0243899 -0.0210359
0 -0.0147638 -0.0261692 -0.0231523
0 -0.0157573 -0.0280688 -0.0254097
0 -0.016778 -0.0300785 -0.0277938
0 -0.0178136 -0.0321875 -0.0302914
0 -0.0188562 -0.0343852 -0.0328919
0 -0.0199017 -0.036661 -0.0355856
0 -0.0209488 -0.0390025 -0.038363
0 -0.0219968 -0.0413957 -0.0412129
0 -0.0230456 -0.0438248 -0.0441233
0 -0.0240957 -0.0462743 -0.0470821
0 -0.0251478 -0.0487297 -0.0500768
0 -0.0262022 -0.051179 -0.0530932
0 -0.0272596 -0.0536132 -0.0561146
0 -0.0283211 -0.0560269 -0.059123
0 -0.0293891 -0.0584181 -0.0620992
0 -0.0304663 -0.0607868 -0.065023
0 -0.0315542 -0.0631329 -0.0678751
0 -0.032653 -0.0654552 -0.0706381
0 -0.0337619 -0.067751 -0.0732982
0 -0.034879 -0.0700154 -0.0758452
0 -0.0360007 -0.0722413 -0.0782729
0 -0.0371218 -0.0744186 -0.0805777
0 -0.0382355 -0.0765356 -0.0827593
0 -0.0393345 -0.0785799 -0.0848198
0 -0.0404116 -0.0805395 -0.086764
0 -0.0414601 -0.0824047 -0.0885983
0 -0.0424741 -0.0841673 -0.0903305
0 -0.0434483 -0.0858212 -0.0919682
0 -0.0443765 -0.0873618 -0.0935171
0 -0.0452519 -0.0887856 -0.0949801
0 -0.0460662 -0.0900896 -0.0963562
0 -0.0468093 -0.0912703 -0.0976399
0 -0.0474701 -0.0923243 -0.098822
0 -0.0480382 -0.0932484 -0.0998915
0 -0.0485049 -0.0940406 -0.100837
0 -0.0488639 -0.0946991 -0.101646
0 -0.0491107 -0.0952219 -0.102308
0 -0.0492431 -0.0956062 -0.102812
0 -0.0492613 -0.095848 -0.10315
0 -0.049168 -0.095942 -0.103314
0 -0.0489692 -0.0958826 -0.103297
0 -0.0486737 -0.0956633 -0.103096
0 -0.0482922 -0.0952785 -0.102706
0 -0.0478369 -0.0947235 -0.102126
0 -0.0473201 -0.0939966 -0.101355
0 -0.0467538 -0.0930989 -0.100391
0 -0.0461475 -0.0920346 -0.0992365
0 -0.0455079 -0.0908106 -0.0978903
0 -0.0448381 -0.0894355 -0.0963534
0 -0.0441377 -0.0879194 -0.0946275
0 -0.0434047 -0.0862729 -0.0927165
0 -0.0426359 -0.0845078 -0.0906275
0 -0.0418288 -0.0826361 -0.088372
0 -0.0409822 -0.0806702 -0.0859652
0 -0.0400956 -0.0786212 -0.083426
0 -0.0391699 -0.0764991 -0.0807751
0 -0.0382066 -0.0743129 -0.0780346
0 -0.037208 -0.0720709 -0.0752262
0 -0.036177 -0.0697815 -0.0723698
0 -0.0351169 -0.0674529 -0.0694827
0 -0.034032 -0.065094 -0.0665808
0 -0.0329272 -0.0627137 -0.0636791
0 -0.0318075 -0.0603213 -0.0607917
0 -0.0306779 -0.0579257 -0.0579319
0 -0.0295432 -0.0555358 -0.0551122
0 -0.0284083 -0.0531611 -0.0523449
0 -0.0272786 -0.0508118 -0.0496416
0 -0.0261606 -0.0485004 -0.0470135
0 -0.0250618 -0.0462409 -0.0444714
0 -0.02399 -0.0440476 -0.0420253
0 -0.0229521 -0.0419341 -0.0396836
0 -0.021954 -0.0399125 -0.0374531
0 -0.0210008 -0.0379934 -0.0353398
0 -0.020097 -0.0361863 -0.033349
0 -0.0192466 -0.034499 -0.0314859
0 -0.0184531 -0.0329378 -0.029755
0 -0.0177198 -0.0315077 -0.0281612
0 -0.0170497 -0.0302123 -0.0267098
0 -0.0164458 -0.0290546 -0.0254064
0 -0.0159112 -0.0280369 -0.024257
0 -0.0154486 -0.027161 -0.0232669
0 -0.0150604 -0.0264287 -0.0224406
0 -0.0147487 -0.0258412 -0.0217817
0 -0.0145154 -0.0254001 -0.0212933
0 -0.0143624 -0.0251072 -0.0209774
0 -0.014291 -0.024964 -0.0208355
0 -0.0143018 -0.0249717 -0.0208676
0 -0.0143943 -0.0251305 -0.0210727
0 -0.0145667 -0.0254398 -0.0214485
0 -0.0148153 -0.0258975 -0.0219917
0 -0.015135 -0.0264999 -0.0226975
0 -0.0155193 -0.0272418 -0.0235601
0 -0.015961 -0.0281164 -0.0245733
0 -0.016453 -0.0291159 -0.0257305
0 -0.0169885 -0.0302309 -0.0270252
0 -0.0175615 -0.0314518 -0.028451
0 -0.0181678 -0.0327696 -0.0300024
0 -0.018805 -0.0341755 -0.0316736
0 -0.019471 -0.035661 -0.0334577
0 -0.0201634 -0.0372172 -0.0353462
0 -0.0208792 -0.0388342 -0.0373277
0 -0.0216145 -0.0405022 -0.0393888
0 -0.0223652 -0.0422111 -0.0415144
0 -0.0231274 -0.0439515 -0.0436885
0 -0.0238976 -0.0457142 -0.045895
0 -0.0246723 -0.0474897 -0.0481183
0 -0.0254484 -0.0492687 -0.0503439
0 -0.0262231 -0.0510419 -0.0525583
0 -0.0269948 -0.0528012 -0.0547492
0 -0.0277621 -0.0545394 -0.0569048
0 -0.0285243 -0.0562502 -0.0590139
0 -0.0292801 -0.0579281 -0.0610653
0 -0.0300281 -0.0595678 -0.0630479
0 -0.030767 -0.0611644 -0.064951
0 -0.0314955 -0.0627131 -0.0667651
0 -0.0322114 -0.0642082 -0.0684829
0 -0.0329115 -0.0656426 -0.0700981
0 -0.0335909 -0.0670082 -0.0716051
0 -0.0342442 -0.068296 -0.0729998
0 -0.0348658 -0.0694979 -0.0742798
0 -0.0354506 -0.0706063 -0.0754442
0 -0.0359933 -0.0716145 -0.0764929
0 -0.0364897 -0.0725171 -0.0774269
0 -0.0369362 -0.073311 -0.0782481
0 -0.0373305 -0.0739948 -0.0789591
0 -0.0376709 -0.0745687 -0.0795625
0 -0.0379558 -0.0750339 -0.0800603
0 -0.0381839 -0.0753924 -0.0804534
0 -0.0383539 -0.0756467 -0.0807424
0 -0.0384655 -0.0758 -0.0809276
0 -0.0385191 -0.0758561 -0.0810094
0 -0.0385164 -0.0758193 -0.0809884
0 -0.03846 -0.0756942 -0.0808662
0 -0.0383535 -0.0754857 -0.080645
0 -0.0382016 -0.0751989 -0.0803277
0 -0.0380093 -0.0748385 -0.0799183
0 -0.0377816 -0.074409 -0.0794208
0 -0.037523 -0.0739139 -0.0788395
0 -0.0372373 -0.0733561 -0.0781784
0 -0.0369277 -0.0727385 -0.0774422
0 -0.0365976 -0.0720644 -0.0766357
0 -0.0362496 -0.0713376 -0.0757645
0 -0.035886 -0.0705622 -0.074834
0 -0.0355085 -0.0697425 -0.0738497
0 -0.0351177 -0.0688826 -0.0728169
0 -0.0347142 -0.0679869 -0.0717406
0 -0.034298 -0.0670597 -0.0706261
0 -0.0338694 -0.0661057 -0.0694785
0 -0.0334286 -0.0651291 -0.0683031
0 -0.0329758 -0.0641343 -0.0671047
0 -0.0325119 -0.0631251 -0.0658876
0 -0.0320373 -0.0621048 -0.0646551
0 -0.0315521 -0.0610752 -0.0634098
0 -0.0310563 -0.0600376 -0.0621538
0 -0.0305514 -0.0589936 -0.0608906
0 -0.0300414 -0.0579473 -0.0596253
0 -0.0295322 -0.0569041 -0.0583651
0 -0.0290297 -0.0558694 -0.0571167
0 -0.0285383 -0.054848 -0.0558861
0 -0.0280607 -0.0538434 -0.0546778
0 -0.0275988 -0.052859 -0.0534958
0 -0.0271535 -0.0518981 -0.0523436
0 -0.0267258 -0.0509646 -0.0512245
0 -0.0263159 -0.050062 -0.050142
0 -0.0259235 -0.0491935 -0.0490994
0 -0.0255482 -0.0483624 -0.0481001
0 -0.0251902 -0.0475719 -0.0471483
0 -0.0248501 -0.0468255 -0.0462484
0 -0.024529 -0.0461266 -0.0454056
0 -0.024228 -0.045478 -0.0446243
0 -0.0239483 -0.0448823 -0.0439089
0 -0.0236908 -0.0443416 -0.0432632
0 -0.0234569 -0.0438579 -0.0426903
0 -0.0232478 -0.0434331 -0.0421932
0 -0.0230648 -0.0430689 -0.041774
0 -0.0229089 -0.0427666 -0.0414338
0 -0.0227809 -0.042527 -0.0411729
0 -0.0226809 -0.0423501 -0.0409905
0 -0.0226087 -0.0422357 -0.0408849
0 -0.0225646 -0.0421835 -0.0408543
0 -0.0225491 -0.0421934 -0.0408973
0 -0.0225641 -0.0422664 -0.041013
0 -0.0226121 -0.0424039 -0.0412016
0 -0.0226956 -0.0426075 -0.0414634
0 -0.0228169 -0.0428785 -0.0417988
0 -0.022977 -0.0432172 -0.0422077
0 -0.0231759 -0.0436233 -0.0426895
0 -0.0234121 -0.0440953 -0.0432428
0 -0.023683 -0.0446307 -0.0438658
0 -0.0239852 -0.0452265 -0.0445561
0 -0.0243142 -0.0458783 -0.0453107
0 -0.024665 -0.046581 -0.0461256
0 -0.0250316 -0.0473279 -0.0469957
0 -0.0254069 -0.0481106 -0.047914
0 -0.0257836 -0.0489197 -0.0488724
0 -0.0261561 -0.0497462 -0.0498632
0 -0.0265221 -0.0505838 -0.0508808
0 -0.0268818 -0.0514279 -0.0519215
0 -0.0272366 -0.0522747 -0.0529813
0 -0.0275875 -0.0531204 -0.0540549
0 -0.0279355 -0.0539613 -0.0551366
0 -0.0282815 -0.0547946 -0.0562198
0 -0.0286264 -0.055618 -0.0572978
0 -0.0289701 -0.0564292 -0.0583629
0 -0.0293111 -0.057225 -0.0594058
0 -0.029647 -0.0580017 -0.0604173
0 -0.0299753 -0.0587559 -0.0613884
0 -0.0302945 -0.0594846 -0.0623117
0 -0.0306036 -0.0601853 -0.0631818
0 -0.0309025 -0.0608557 -0.0639944
0 -0.0311906 -0.0614927 -0.0647466
0 -0.0314675 -0.0620931 -0.065436
0 -0.0317326 -0.0626534 -0.0660616
0 -0.0319857 -0.0631706 -0.0666236
0 -0.0322264 -0.0636424 -0.0671236
0 -0.0324543 -0.0640669 -0.0675638
0 -0.0326685 -0.0644432 -0.0679469
0 -0.0328676 -0.0647705 -0.0682755
0 -0.0330498 -0.0650489 -0.0685521
0 -0.033213 -0.0652791 -0.0687792
0 -0.0333554 -0.0654627 -0.0689591
0 -0.0334751 -0.0656017 -0.069094
0 -0.0335705 -0.0656982 -0.0691858
0 -0.0336402 -0.0657549 -0.0692364
0 -0.0336837 -0.0657741 -0.0692474
0 -0.0337007 -0.0657582 -0.0692208
0 -0.0336918 -0.0657096 -0.0691582
0 -0.0336582 -0.0656302 -0.0690618
0 -0.033602 -0.0655221 -0.0689335
0 -0.0335253 -0.0653869 -0.0687755
0 -0.0334308 -0.0652258 -0.0685894
0 -0.0333207 -0.0650394 -0.0683766
0 -0.0331967 -0.0648279 -0.0681373
0 -0.0330605 -0.0645913 -0.0678718
0 -0.0329139 -0.06433 -0.0675801
0 -0.0327579 -0.0640442 -0.0672619
0 -0.0325934 -0.0637341 -0.0669164
0 -0.0324207 -0.0634003 -0.0665429
0 -0.0322406 -0.063044 -0.066141
0 -0.0320549 -0.0626677 -0.0657118
0 -0.0318656 -0.0622745 -0.0652569
0 -0.0316746 -0.0618676 -0.0647783
0 -0.0314833 -0.0614501 -0.0642783
0 -0.0312922 -0.0610241 -0.063759
0 -0.0311014 -0.0605913 -0.0632222
0 -0.03091 -0.0601527 -0.06267
0 -0.0307177 -0.0597092 -0.062105
0 -0.0305243 -0.0592622 -0.0615303
0 -0.0303306 -0.0588135 -0.0609502
0 -0.0301373 -0.0583649 -0.060369
0 -0.029945 -0.0579182 -0.059791
0 -0.0297538 -0.0574743 -0.0592194
0 -0.0295627 -0.0570336 -0.0586569
0 -0.0293708 -0.0565963 -0.0581054
0 -0.0291781 -0.0561636 -0.0575672
0 -0.0289858 -0.055738 -0.0570455
0 -0.0287959 -0.0553229 -0.0565438
0 -0.0286103 -0.0549217 -0.0560652
0 -0.0284304 -0.0545373 -0.0556118
0 -0.0282565 -0.0541714 -0.0551842
0 -0.0280882 -0.0538248 -0.054782
0 -0.0279249 -0.0534978 -0.0544042
0 -0.0277665 -0.0531904 -0.05405
0 -0.0276131 -0.0529027 -0.0537186
0 -0.0274652 -0.0526341 -0.0534092
0 -0.0273234 -0.0523841 -0.053121
0 -0.0271884 -0.0521517 -0.0528532
0 -0.0270608 -0.0519359 -0.052605
0 -0.0269418 -0.0517358 -0.0523761
0 -0.0268331 -0.0515516 -0.0521665
0 -0.0267371 -0.0513843 -0.0519774
0 -0.0266565 -0.0512358 -0.0518104
0 -0.0265931 -0.051108 -0.0516667
0 -0.0265474 -0.0510018 -0.0515464
0 -0.0265179 -0.0509169 -0.0514482
0 -0.0265022 -0.0508525 -0.0513706
0 -0.0264978 -0.0508076 -0.0513117
0 -0.0265025 -0.0507817 -0.0512708
0 -0.0265153 -0.0507751 -0.0512484
0 -0.0265366 -0.0507893 -0.0512463
0 -0.0265675 -0.0508259 -0.0512675
0 -0.0266094 -0.0508864 -0.0513147
0 -0.026663 -0.050972 -0.051391
0 -0.0267292 -0.0510831 -0.0514985
0 -0.0268076 -0.0512199 -0.051639
0 -0.0268968 -0.0513808 -0.0518124
0 -0.0269943 -0.0515635 -0.0520176
0 -0.0270976 -0.0517658 -0.0522529
0 -0.0272055 -0.0519863 -0.0525175
0 -0.0273176 -0.0522242 -0.0528104
0 -0.0274335 -0.0524789 -0.0531305
0 -0.0275524 -0.0527487 -0.0534755
0 -0.0276729 -0.0530315 -0.0538418
0 -0.0277936 -0.0533243 -0.0542254
0 -0.0279138 -0.0536252 -0.0546225
0 -0.0280348 -0.0539334 -0.0550308
0 -0.0281592 -0.0542498 -0.0554493
0 -0.0282897 -0.0545752 -0.0558769
0 -0.0284275 -0.0549092 -0.0563115
0 -0.0285722 -0.0552502 -0.0567498
0 -0.0287224 -0.0555956 -0.057188
0 -0.0288769 -0.0559433 -0.0576228
0 -0.0290344 -0.056291 -0.0580514
0 -0.0291934 -0.0566363 -0.0584709
0 -0.0293517 -0.0569762 -0.0588784
0 -0.0295061 -0.0573068 -0.0592703
0 -0.0296534 -0.0576235 -0.0596431
0 -0.0297905 -0.0579222 -0.0599934
0 -0.0299149 -0.058199 -0.0603185
0 -0.0300256 -0.0584514 -0.0606168
0 -0.0301233 -0.0586785 -0.0608884
0 -0.0302095 -0.0588805 -0.061134
0 -0.030286 -0.0590581 -0.0613543
0 -0.030354 -0.059212 -0.0615497
0 -0.030414 -0.0593428 -0.0617199
0 -0.0304662 -0.059451 -0.0618643
0 -0.0305104 -0.0595372 -0.0619821
0 -0.0305462 -0.0596023 -0.0620726
0 -0.0305734 -0.0596471 -0.0621356
0 -0.0305926 -0.0596735 -0.0621716
0 -0.0306055 -0.059684 -0.0621829
0 -0.0306148 -0.0596825 -0.0621731
0 -0.0306236 -0.059673 -0.0621465
0 -0.0306346 -0.0596592 -0.0621078
0 -0.0306499 -0.0596444 -0.0620613
0 -0.0306704 -0.0596312 -0.062011
0 -0.0306958 -0.0596209 -0.06196
0 -0.0307252 -0.0596147 -0.0619111
0 -0.0307576 -0.0596134 -0.061867
0 -0.0307917 -0.0596178 -0.0618304
0 -0.0308256 -0.0596277 -0.0618031
0 -0.0308571 -0.0596422 -0.0617858
0 -0.0308838 -0.0596604 -0.0617791
0 -0.0309044 -0.0596812 -0.0617833
0 -0.0309187 -0.0597046 -0.0617996
0 -0.0309275 -0.0597312 -0.061829
0 -0.030932 -0.0597613 -0.061872
0 -0.0309331 -0.0597949 -0.0619283
0 -0.0309313 -0.0598315 -0.0619965
0 -0.0309271 -0.0598703 -0.0620744
0 -0.0309205 -0.0599101 -0.0621592
0 -0.0309109 -0.0599488 -0.0622467
0 -0.030896 -0.0599827 -0.0623311
0 -0.0308728 -0.0600071 -0.0624055
0 -0.030839 -0.0600172 -0.0624632
0 -0.0307936 -0.0600098 -0.0624991
0 -0.0307377 -0.059983 -0.0625099
0 -0.0306733 -0.059936 -0.0624932
0 -0.0306027 -0.059868 -0.0624476
0 -0.0305281 -0.0597789 -0.0623716
0 -0.0304512 -0.0596685 -0.0622642
0 -0.0303728 -0.0595365 -0.0621244
0 -0.0302927 -0.0593822 -0.0619507
0 -0.0302099 -0.0592049 -0.0617421
0 -0.030123 -0.0590044 -0.0614979
0 -0.0300306 -0.0587803 -0.0612178
0 -0.029931 -0.0585327 -0.0609024
0 -0.0298225 -0.0582616 -0.0605524
0 -0.0297038 -0.0579672 -0.0601694
0 -0.0295737 -0.0576501 -0.0597555
0 -0.0294319 -0.0573109 -0.0593132
0 -0.0292788 -0.0569512 -0.0588462
0 -0.0291159 -0.0565734 -0.058359
0 -0.0289451 -0.0561803 -0.0578564
0 -0.0287684 -0.055775 -0.0573432
0 -0.0285876 -0.0553605 -0.0568235
0 -0.0284045 -0.0549401 -0.0563013
0 -0.0282204 -0.0545169 -0.05578
0 -0.0280364 -0.054094 -0.0552627
0 -0.0278536 -0.0536744 -0.0547518
0 -0.0276734 -0.0532618 -0.0542506
0 -0.0274984 -0.0528607 -0.0537628
0 -0.0273316 -0.0524763 -0.053293
0 -0.0271755 -0.0521128 -0.0528451
0 -0.0270315 -0.0517735 -0.0524221
0 -0.0268996 -0.05146 -0.0520261
0 -0.0267795 -0.0511732 -0.0516585
0 -0.0266715 -0.0509144 -0.0513218
0 -0.0265767 -0.0506854 -0.0510191
0 -0.0264964 -0.0504879 -0.0507538
0 -0.0264311 -0.0503231 -0.0505285
0 -0.0263807 -0.0501909 -0.0503449
0 -0.0263443 -0.0500909 -0.0502039
0 -0.0263211 -0.0500226 -0.0501062
0 -0.0263102 -0.0499854 -0.0500517
0 -0.0263104 -0.0499783 -0.0500399
0 -0.0263201 -0.0499998 -0.050069
0 -0.0263377 -0.0500479 -0.0501367
0 -0.0263617 -0.0501208 -0.0502402
0 -0.0263917 -0.0502168 -0.0503771
0 -0.026428 -0.0503353 -0.0505454
0 -0.0264722 -0.0504759 -0.0507436
0 -0.0265259 -0.0506388 -0.0509706
0 -0.0265907 -0.0508239 -0.0512248
0 -0.026668 -0.0510309 -0.0515047
0 -0.0267586 -0.0512594 -0.0518085
0 -0.0268632 -0.0515091 -0.0521346
0 -0.0269821 -0.0517796 -0.0524812
0 -0.0271149 -0.05207 -0.0528466
0 -0.0272607 -0.0523795 -0.0532292
0 -0.0274186 -0.052707 -0.0536275
0 -0.0275872 -0.0530513 -0.0540401
0 -0.0277649 -0.0534108 -0.0544657
0 -0.0279498 -0.0537836 -0.0549031
0 -0.02814 -0.0541679 -0.055351
0 -0.0283336 -0.0545612 -0.0558083
0 -0.0285283 -0.0549608 -0.0562733
0 -0.0287213 -0.055363 -0.0567435
0 -0.028909 -0.0557633 -0.0572155
0 -0.0290879 -0.0561568 -0.0576854
0 -0.0292556 -0.0565396 -0.0581497
0 -0.0294114 -0.0569089 -0.0586061
0 -0.0295562 -0.0572638 -0.059053
0 -0.0296914 -0.0576035 -0.059489
0 -0.0298178 -0.0579267 -0.0599114
0 -0.0299349 -0.0582313 -0.0603163
0 -0.0300412 -0.0585141 -0.0606986
0 -0.0301358 -0.0587729 -0.0610535
0 -0.0302192 -0.0590065 -0.0613776
0 -0.0302926 -0.0592149 -0.0616686
0 -0.0303576 -0.0593986 -0.0619248
0 -0.0304154 -0.0595578 -0.0621447
0 -0.0304667 -0.0596927 -0.0623271
0 -0.0305123 -0.0598035 -0.0624712
0 -0.0305526 -0.0598905 -0.0625771
0 -0.0305879 -0.0599542 -0.0626454
0 -0.0306183 -0.059995 -0.0626772
0 -0.030644 -0.0600138 -0.0626748
0 -0.0306657 -0.0600126 -0.0626413
0 -0.0306846 -0.0599938 -0.0625812
0 -0.0307016 -0.0599602 -0.0624991
0 -0.0307173 -0.0599146 -0.0623997
0 -0.0307311 -0.0598589 -0.0622868
0 -0.0307407 -0.0597936 -0.0621629
0 -0.030743 -0.0597182 -0.062029
0 -0.0307346 -0.0596316 -0.0618859
0 -0.0307128 -0.0595329 -0.0617342
0 -0.0306756 -0.0594215 -0.0615747
0 -0.0306232 -0.0592977 -0.0614091
0 -0.030557 -0.059163 -0.0612399
0 -0.0304805 -0.05902 -0.0610701
0 -0.0303972 -0.0588716 -0.0609028
0 -0.0303105 -0.0587203 -0.0607397
0 -0.0302226 -0.0585676 -0.0605813
0 -0.0301341 -0.0584137 -0.0604263
0 -0.0300447 -0.0582581 -0.0602722
0 -0.0299542 -0.0581003 -0.0601164
0 -0.0298624 -0.0579402 -0.0599566
0 -0.0297692 -0.0577773 -0.0597906
0 -0.0296746 -0.0576112 -0.0596163
0 -0.0295783 -0.0574411 -0.0594318
0 -0.0294803 -0.0572663 -0.0592356
0 -0.0293811 -0.0570861 -0.0590272
0 -0.0292818 -0.056901 -0.058807
0 -0.0291848 -0.0567122 -0.0585769
0 -0.0290925 -0.0565216 -0.0583397
0 -0.0290067 -0.0563311 -0.0580979
0 -0.0289286 -0.0561421 -0.0578541
0 -0.0288579 -0.0559555 -0.0576097
0 -0.0287933 -0.0557714 -0.0573658
0 -0.0287329 -0.0555898 -0.0571229
0 -0.0286746 -0.0554109 -0.0568818
0 -0.028617 -0.0552349 -0.0566435
0 -0.0285587 -0.0550626 -0.0564097
0 -0.0284993 -0.0548949 -0.0561823
0 -0.0284386 -0.0547328 -0.0559633
0 -0.0283766 -0.0545771 -0.0557549
0 -0.0283135 -0.0544284 -0.0555587
0 -0.0282496 -0.0542872 -0.0553762
0 -0.0281854 -0.0541537 -0.0552083
0 -0.0281208 -0.0540276 -0.0550554
0 -0.0280559 -0.0539085 -0.054917
0 -0.0279907 -0.0537957 -0.0547925
0 -0.0279258 -0.0536891 -0.0546811
0 -0.0278621 -0.0535889 -0.0545821
0 -0.0278009 -0.0534957 -0.0544949
0 -0.0277433 -0.05341 -0.0544187
0 -0.0276906 -0.0533324 -0.0543527
0 -0.0276438 -0.0532634 -0.0542957
0 -0.0276036 -0.0532038 -0.054247
0 -0.0275708 -0.0531539 -0.0542057
0 -0.0275459 -0.0531141 -0.0541713
0 -0.0275291 -0.0530848 -0.0541432
0 -0.0275205 -0.053066 -0.0541213
0 -0.0275199 -0.0530578 -0.0541057
0 -0.0275269 -0.0530598 -0.0540967
0 -0.027541 -0.0530719 -0.0540947
0 -0.0275615 -0.0530936 -0.0541005
0 -0.0275874 -0.053124 -0.0541145
0 -0.0276171 -0.0531621 -0.0541369
0 -0.0276488 -0.0532061 -0.0541675
0 -0.0276803 -0.0532542 -0.0542057
0 -0.0277099 -0.0533045 -0.0542508
0 -0.0277361 -0.0533554 -0.0543022
0 -0.0277584 -0.0534062 -0.0543596
0 -0.0277772 -0.0534567 -0.0544232
0 -0.0277933 -0.0535072 -0.0544932
0 -0.0278078 -0.0535582 -0.0545695
0 -0.0278217 -0.0536102 -0.0546518
0 -0.0278356 -0.0536635 -0.0547389
0 -0.0278496 -0.0537178 -0.0548293
0 -0.0278634 -0.0537724 -0.0549208
0 -0.0278764 -0.0538265 -0.0550109
0 -0.0278881 -0.053879 -0.0550973
0 -0.0278981 -0.0539289 -0.0551777
0 -0.0279065 -0.0539755 -0.0552506
0 -0.0279139 -0.0540185 -0.0553152
0 -0.0279215 -0.0540581 -0.0553714
0 -0.0279308 -0.0540949 -0.0554199
0 -0.0279431 -0.0541295 -0.0554615
0 -0.0279593 -0.0541625 -0.055497
0 -0.0279802 -0.0541946 -0.0555276
0 -0.0280061 -0.0542266 -0.0555547
0 -0.0280372 -0.0542595 -0.0555795
0 -0.028073 -0.0542941 -0.0556034
0 -0.0281124 -0.0543305 -0.0556272
0 -0.0281535 -0.0543688 -0.0556512
0 -0.0281946 -0.0544084 -0.0556759
0 -0.0282347 -0.0544499 -0.0557025
0 -0.0282737 -0.0544942 -0.0557329
0 -0.0283122 -0.0545427 -0.0557697
0 -0.0283504 -0.0545962 -0.0558145
0 -0.0283878 -0.0546546 -0.0558682
0 -0.0284233 -0.0547169 -0.0559308
0 -0.0284563 -0.0547823 -0.056002
0 -0.0284866 -0.0548505 -0.0560818
0 -0.0285148 -0.0549211 -0.0561703
0 -0.0285412 -0.0549943 -0.0562672
0 -0.0285663 -0.0550695 -0.0563716
0 -0.02859 -0.055146 -0.0564819
0 -0.0286121 -0.0552226 -0.0565963
0 -0.0286327 -0.055299 -0.0567128
0 -0.028654 -0.0553765 -0.0568316
0 -0.0286807 -0.0554591 -0.0569553
0 -0.0287186 -0.0555523 -0.0570881
0 -0.0287716 -0.0556606 -0.0572328
0 -0.028841 -0.055786 -0.0573905
0 -0.0289259 -0.0559291 -0.0575605
0 -0.0290239 -0.0560893 -0.0577419
0 -0.0291318 -0.056265 -0.057933
0 -0.0292453 -0.0564536 -0.0581321
0 -0.0293603 -0.0566518 -0.0583372
0 -0.0294741 -0.0568575 -0.0585482
0 -0.0295871 -0.0570705 -0.0587674
0 -0.0297015 -0.0572925 -0.0589991
0 -0.02982 -0.0575254 -0.0592477
0 -0.0299443 -0.0577699 -0.0595161
0 -0.0300744 -0.058026 -0.0598056
0 -0.0302095 -0.0582926 -0.0601162
0 -0.0303485 -0.058569 -0.060447
0 -0.0304902 -0.0588546 -0.060797
0 -0.0306331 -0.0591485 -0.0611639
0 -0.0307747 -0.0594488 -0.0615445
0 -0.0309116 -0.0597523 -0.0619335
0 -0.03104 -0.0600548 -0.0623251
0 -0.031157 -0.060352 -0.0627135
0 -0.0312607 -0.0606401 -0.0630934
0 -0.0313508 -0.0609157 -0.0634604
0 -0.0314284 -0.0611765 -0.0638113
0 -0.0314963 -0.061421 -0.0641441
0 -0.0315575 -0.0616485 -0.064457
0 -0.0316148 -0.0618581 -0.064748
0 -0.0316705 -0.0620492 -0.0650152
0 -0.0317263 -0.0622214 -0.0652565
0 -0.031783 -0.0623744 -0.0654695
0 -0.0318396 -0.062507 -0.0656514
0 -0.0318941 -0.0626176 -0.0657986
0 -0.0319436 -0.0627045 -0.065908
0 -0.0319856 -0.0627663 -0.0659776
0 -0.0320175 -0.0628018 -0.0660062
0 -0.0320375 -0.06281 -0.0659937
0 -0.0320433 -0.0627897 -0.0659405
0 -0.0320335 -0.0627398 -0.0658479
0 -0.032007 -0.0626594 -0.0657175
0 -0.0319631 -0.0625478 -0.0655512
0 -0.0319015 -0.0624043 -0.0653509
0 -0.0318217 -0.0622284 -0.0651181
0 -0.0317237 -0.0620197 -0.0648539
0 -0.0316073 -0.0617781 -0.0645593
0 -0.0314729 -0.061504 -0.0642346
0 -0.0313208 -0.061198 -0.06388
0 -0.0311519 -0.0608613 -0.0634955
0 -0.0309669 -0.0604952 -0.0630807
0 -0.0307672 -0.0601012 -0.0626355
0 -0.0305541 -0.0596811 -0.0621598
0 -0.0303301 -0.0592377 -0.0616544
0 -0.0300986 -0.0587746 -0.0611216
0 -0.0298637 -0.0582963 -0.0605645
0 -0.0296292 -0.0578073 -0.0599867
0 -0.0293974 -0.0573109 -0.059391
0 -0.029169 -0.056809 -0.0587794
0 -0.0289438 -0.0563028 -0.0581536
0 -0.0287213 -0.0557936 -0.057516
0 -0.028502 -0.0552838 -0.0568702
0 -0.0282871 -0.0547762 -0.0562209
0 -0.0280776 -0.0542738 -0.055573
0 -0.027874 -0.0537792 -0.0549314
0 -0.0276767 -0.053295 -0.0543009
0 -0.0274859 -0.0528237 -0.053686
0 -0.0273016 -0.0523674 -0.0530911
0 -0.0271238 -0.0519283 -0.0525204
0 -0.0269525 -0.0515086 -0.0519776
0 -0.0267877 -0.0511101 -0.0514661
0 -0.0266296 -0.0507347 -0.0509889
0 -0.026478 -0.0503837 -0.0505483
0 -0.0263325 -0.0500577 -0.0501452
0 -0.0261918 -0.0497563 -0.0497797
0 -0.0260551 -0.0494787 -0.0494511
0 -0.025922 -0.0492243 -0.0491584
0 -0.0257932 -0.0489932 -0.0489011
0 -0.0256708 -0.0487861 -0.048679
0 -0.0255576 -0.0486045 -0.0484922
0 -0.0254562 -0.0484494 -0.0483404
0 -0.025368 -0.0483209 -0.0482219
0 -0.0252933 -0.048218 -0.0481339
0 -0.0252321 -0.0481395 -0.0480732
0 -0.0251847 -0.0480846 -0.0480375
0 -0.0251527 -0.0480538 -0.0480257
0 -0.0251382 -0.0480486 -0.0480381
0 -0.0251428 -0.0480703 -0.0480749
0 -0.0251665 -0.0481185 -0.0481356
0 -0.0252074 -0.0481917 -0.0482183
0 -0.025263 -0.0482878 -0.0483214
0 -0.0253311 -0.048405 -0.0484438
0 -0.0254099 -0.0485419 -0.0485854
0 -0.0254983 -0.0486978 -0.0487469
0 -0.0255956 -0.0488723 -0.0489296
0 -0.0257014 -0.049065 -0.0491348
0 -0.0258147 -0.0492752 -0.0493634
0 -0.0259345 -0.049502 -0.049616
0 -0.0260596 -0.0497444 -0.0498925
0 -0.026189 -0.0500014 -0.0501927
0 -0.0263219 -0.0502722 -0.0505161
0 -0.0264578 -0.0505565 -0.0508623
0 -0.0265968 -0.0508539 -0.0512307
0 -0.0267392 -0.0511646 -0.0516206
0 -0.0268851 -0.0514884 -0.0520308
0 -0.0270349 -0.0518252 -0.0524601
0 -0.0271892 -0.0521747 -0.0529068
0 -0.0273483 -0.0525369 -0.0533694
0 -0.027513 -0.0529112 -0.0538462
0 -0.0276836 -0.0532974 -0.0543355
0 -0.0278606 -0.0536947 -0.0548356
0 -0.0280444 -0.0541028 -0.0553449
0 -0.0282353 -0.0545208 -0.0558621
0 -0.0284334 -0.0549482 -0.0563856
0 -0.0286386 -0.0553841 -0.0569144
0 -0.0288502 -0.0558273 -0.0574472
0 -0.0290676 -0.0562768 -0.0579829
0 -0.0292898 -0.0567314 -0.0585205
0 -0.0295156 -0.0571897 -0.059059
0 -0.0297433 -0.0576499 -0.059597
0 -0.0299703 -0.0581091 -0.0601327
0 -0.0301938 -0.0585643 -0.0606637
0 -0.0304109 -0.0590121 -0.0611876
0 -0.0306192 -0.0594493 -0.0617019
0 -0.0308168 -0.059873 -0.0622044
0 -0.0310022 -0.0602804 -0.0626929
0 -0.0311745 -0.060669 -0.0631652
0 -0.0313328 -0.0610362 -0.0636188
0 -0.0314764 -0.0613795 -0.0640507
0 -0.0316042 -0.0616962 -0.0644572
0 -0.0317152 -0.0619832 -0.0648338
0 -0.0318082 -0.0622378 -0.0651761
0 -0.0318832 -0.0624582 -0.0654801
0 -0.0319416 -0.0626438 -0.0657431
0 -0.0319852 -0.0627952 -0.0659631
0 -0.0320163 -0.0629128 -0.0661384
0 -0.032036 -0.0629968 -0.0662672
0 -0.0320452 -0.0630472 -0.0663477
0 -0.0320443 -0.0630638 -0.0663789
0 -0.0320337 -0.0630468 -0.0663605
0 -0.0320133 -0.0629963 -0.0662931
0 -0.0319831 -0.0629126 -0.0661777
0 -0.0319426 -0.0627963 -0.0660162
0 -0.031892 -0.0626486 -0.0658117
0 -0.0318316 -0.0624715 -0.0655678
0 -0.0317621 -0.0622675 -0.065289
0 -0.0316838 -0.062039 -0.0649795
0 -0.0315966 -0.0617884 -0.0646432
0 -0.0315001 -0.0615176 -0.0642836
0 -0.0313931 -0.0612282 -0.0639033
0 -0.0312745 -0.0609213 -0.0635049
0 -0.0311434 -0.0605982 -0.0630906
0 -0.0309995 -0.0602602 -0.0626627
0 -0.0308431 -0.0599088 -0.0622235
0 -0.0306751 -0.0595456 -0.0617754
0 -0.0304973 -0.0591725 -0.061321
0 -0.030312 -0.0587919 -0.0608631
0 -0.030122 -0.0584064 -0.0604043
0 -0.0299299 -0.0580186 -0.0599469
0 -0.0297383 -0.0576308 -0.059493
0 -0.0295493 -0.0572455 -0.059044
0 -0.0293643 -0.0568645 -0.0586008
0 -0.029184 -0.0564893 -0.058164
0 -0.0290092 -0.0561215 -0.0577337
0 -0.0288401 -0.0557622 -0.0573104
0 -0.0286771 -0.0554129 -0.0568947
0 -0.0285205 -0.0550747 -0.0564872
0 -0.0283704 -0.0547483 -0.0560888
0 -0.0282268 -0.0544345 -0.0557005
0 -0.0280895 -0.0541335 -0.0553234
0 -0.0279584 -0.0538456 -0.0549589
0 -0.0278335 -0.0535708 -0.0546085
0 -0.0277152 -0.0533096 -0.0542739
0 -0.0276042 -0.053063 -0.0539574
0 -0.0275019 -0.0528324 -0.0536618
0 -0.0274097 -0.0526198 -0.0533899
0 -0.0273282 -0.0524264 -0.0531437
0 -0.0272573 -0.0522529 -0.0529243
0 -0.0271956 -0.0520993 -0.0527316
0 -0.0271418 -0.0519652 -0.052565
0 -0.0270946 -0.0518501 -0.0524242
0 -0.0270533 -0.0517545 -0.052309
0 -0.0270187 -0.0516792 -0.0522199
0 -0.0269917 -0.0516256 -0.0521583
0 -0.026974 -0.051595 -0.0521251
0 -0.0269669 -0.0515887 -0.0521214
0 -0.0269716 -0.0516073 -0.0521477
0 -0.0269885 -0.0516511 -0.0522042
0 -0.0270178 -0.0517196 -0.0522903
0 -0.0270589 -0.0518122 -0.0524051
0 -0.027111 -0.0519275 -0.0525474
0 -0.0271734 -0.0520645 -0.052716
0 -0.0272454 -0.0522223 -0.0529097
0 -0.0273268 -0.0524 -0.0531277
0 -0.0274175 -0.0525972 -0.0533696
0 -0.027518 -0.0528139 -0.0536351
0 -0.0276284 -0.0530498 -0.0539239
0 -0.0277489 -0.0533046 -0.0542355
0 -0.0278791 -0.053578 -0.0545693
0 -0.0280184 -0.053869 -0.0549239
0 -0.0281652 -0.0541756 -0.0552972
0 -0.0283168 -0.0544951 -0.0556861
0 -0.0284707 -0.0548242 -0.0560871
0 -0.0286244 -0.0551599 -0.0564969
0 -0.0287762 -0.0554992 -0.0569124
0 -0.0289252 -0.05584 -0.0573316
0 -0.0290716 -0.0561807 -0.0577526
0 -0.0292157 -0.0565201 -0.0581743
0 -0.0293583 -0.0568572 -0.0585952
0 -0.0294999 -0.0571909 -0.0590134
0 -0.0296402 -0.0575195 -0.059427
0 -0.0297788 -0.0578414 -0.059833
0 -0.0299143 -0.0581541 -0.0602284
0 -0.0300455 -0.0584556 -0.0606099
0 -0.0301711 -0.0587438 -0.0609743
0 -0.0302902 -0.059017 -0.0613191
0 -0.0304022 -0.0592742 -0.0616423
0 -0.0305075 -0.0595145 -0.0619427
0 -0.0306061 -0.0597377 -0.0622192
0 -0.0306984 -0.0599432 -0.0624714
0 -0.0307844 -0.0601308 -0.0626986
0 -0.0308642 -0.0603 -0.0629008
0 -0.0309377 -0.0604507 -0.0630777
0 -0.0310049 -0.0605826 -0.0632297
0 -0.0310654 -0.0606958 -0.063357
0 -0.0311191 -0.0607903 -0.0634603
0 -0.0311655 -0.0608663 -0.0635401
0 -0.0312042 -0.0609239 -0.063597
0 -0.031234 -0.0609628 -0.0636314
0 -0.0312535 -0.0609822 -0.0636427
0 -0.0312606 -0.0609804 -0.06363
0 -0.0312533 -0.060956 -0.0635923
0 -0.0312304 -0.0609077 -0.0635289
0 -0.0311918 -0.0608351 -0.0634399
0 -0.0311381 -0.0607384 -0.0633258
0 -0.0310708 -0.0606183 -0.0631874
0 -0.0309914 -0.0604756 -0.0630255
0 -0.0309014 -0.0603111 -0.0628406
0 -0.0308024 -0.0601261 -0.0626333
0 -0.0306961 -0.059922 -0.0624043
0 -0.0305843 -0.0597007 -0.0621544
0 -0.0304692 -0.0594648 -0.0618851
0 -0.0303525 -0.0592168 -0.0615979
0 -0.0302353 -0.058959 -0.0612941
0 -0.0301176 -0.0586927 -0.0609743
0 -0.0299987 -0.0584186 -0.0606389
0 -0.0298778 -0.0581371 -0.0602884
0 -0.0297541 -0.0578489 -0.059924
0 -0.0296279 -0.0575551 -0.0595479
0 -0.0295004 -0.0572578 -0.0591637
0 -0.0293739 -0.0569601 -0.0587759
0 -0.0292505 -0.0566647 -0.0583894
0 -0.0291312 -0.0563739 -0.0580081
0 -0.0290167 -0.0560891 -0.0576352
0 -0.028907 -0.0558121 -0.0572736
0 -0.0288022 -0.0555444 -0.0569262
0 -0.0287019 -0.0552874 -0.056595
0 -0.0286051 -0.0550418 -0.0562813
0 -0.0285105 -0.054808 -0.0559859
0 -0.0284167 -0.054586 -0.0557091
0 -0.0283231 -0.0543762 -0.0554513
0 -0.0282293 -0.0541787 -0.0552127
0 -0.0281356 -0.0539939 -0.0549937
0 -0.0280427 -0.0538219 -0.0547944
0 -0.0279519 -0.0536632 -0.0546149
0 -0.0278644 -0.0535179 -0.0544554
0 -0.0277818 -0.0533864 -0.0543154
0 -0.0277055 -0.0532688 -0.0541945
0 -0.0276369 -0.0531651 -0.054092
0 -0.027577 -0.0530755 -0.054007
0 -0.0275265 -0.0529999 -0.0539382
0 -0.0274862 -0.0529386 -0.0538848
0 -0.0274561 -0.0528916 -0.0538454
0 -0.0274364 -0.0528589 -0.0538192
0 -0.0274267 -0.0528404 -0.0538051
0 -0.0274266 -0.052836 -0.0538026
0 -0.0274353 -0.0528454 -0.0538109
0 -0.027452 -0.052868 -0.0538298
0 -0.0274762 -0.0529035 -0.0538596
0 -0.0275076 -0.0529519 -0.053901
0 -0.0275462 -0.0530133 -0.0539554
0 -0.0275922 -0.0530879 -0.0540243
0 -0.0276449 -0.0531753 -0.0541084
0 -0.0277029 -0.0532743 -0.0542078
0 -0.0277643 -0.0533832 -0.0543219
0 -0.0278272 -0.0535002 -0.0544499
0 -0.0278901 -0.0536238 -0.0545909
0 -0.0279516 -0.0537524 -0.0547437
0 -0.0280107 -0.0538847 -0.0549069
0 -0.0280665 -0.0540189 -0.0550787
0 -0.0281184 -0.0541539 -0.0552574
0 -0.0281669 -0.0542889 -0.0554415
0 -0.0282131 -0.0544241 -0.0556299
0 -0.0282591 -0.0545602 -0.0558221
0 -0.0283068 -0.0546982 -0.0560177
0 -0.0283581 -0.0548391 -0.056216
0 -0.0284144 -0.0549837 -0.0564163
0 -0.028477 -0.0551329 -0.0566179
0 -0.0285467 -0.0552876 -0.0568205
0 -0.028624 -0.0554484 -0.0570235
0 -0.028709 -0.0556158 -0.0572269
0 -0.0288013 -0.0557902 -0.0574306
0 -0.0289006 -0.0559717 -0.0576352
0 -0.0290061 -0.0561603 -0.0578412
0 -0.0291171 -0.0563559 -0.0580495
0 -0.0292319 -0.0565574 -0.0582607
0 -0.0293485 -0.0567634 -0.0584751
0 -0.0294647 -0.0569719 -0.0586925
0 -0.0295783 -0.0571809 -0.0589129
0 -0.0296876 -0.0573885 -0.0591363
0 -0.029791 -0.0575929 -0.0593624
0 -0.0298873 -0.0577922 -0.0595906
0 -0.0299753 -0.0579849 -0.0598199
0 -0.0300546 -0.0581694 -0.0600489
0 -0.0301248 -0.0583445 -0.0602761
0 -0.030186 -0.0585096 -0.0604997
0 -0.0302389 -0.0586641 -0.0607177
0 -0.0302842 -0.0588077 -0.0609278
0 -0.0303228 -0.0589402 -0.0611279
0 -0.0303558 -0.0590617 -0.0613154
0 -0.0303846 -0.0591725 -0.0614887
0 -0.030411 -0.0592733 -0.0616461
0 -0.0304365 -0.059365 -0.0617867
0 -0.0304626 -0.0594483 -0.0619097
0 -0.0304902 -0.0595237 -0.0620144
0 -0.0305193 -0.0595909 -0.0621002
0 -0.0305494 -0.0596495 -0.0621665
0 -0.0305796 -0.0596986 -0.0622129
0 -0.0306087 -0.0597376 -0.0622398
0 -0.0306357 -0.0597656 -0.0622476
0 -0.0306592 -0.0597817 -0.0622374
0 -0.0306778 -0.0597853 -0.0622101
0 -0.0306901 -0.0597755 -0.0621668
0 -0.0306949 -0.0597516 -0.0621087
0 -0.0306909 -0.0597131 -0.0620369
0 -0.0306773 -0.0596596 -0.0619523
0 -0.0306534 -0.0595912 -0.0618558
0 -0.0306193 -0.059508 -0.0617484
0 -0.0305751 -0.0594109 -0.0616309
0 -0.0305216 -0.0593007 -0.061504
0 -0.0304595 -0.0591785 -0.0613681
0 -0.0303897 -0.0590453 -0.0612233
0 -0.0303128 -0.0589017 -0.0610694
0 -0.0302294 -0.0587483 -0.0609053
0 -0.0301397 -0.0585851 -0.0607303
0 -0.0300443 -0.0584125 -0.0605431
0 -0.029944 -0.0582307 -0.0603433
0 -0.0298403 -0.0580406 -0.060131
0 -0.0297349 -0.0578435 -0.0599068
0 -0.0296296 -0.0576408 -0.0596717
0 -0.0295262 -0.0574338 -0.0594269
0 -0.0294258 -0.0572239 -0.0591738
0 -0.0293295 -0.0570122 -0.0589139
0 -0.0292379 -0.0568003 -0.0586489
0 -0.0291514 -0.0565894 -0.0583806
0 -0.0290696 -0.0563805 -0.0581106
0 -0.0289913 -0.0561738 -0.0578401
0 -0.0289149 -0.0559693 -0.0575697
0 -0.0288386 -0.0557665 -0.0573002
0 -0.0287607 -0.0555651 -0.0570324
0 -0.0286799 -0.0553647 -0.056767
0 -0.0285953 -0.0551649 -0.0565051
0 -0.0285061 -0.0549654 -0.0562475
0 -0.0284124 -0.0547661 -0.0559952
0 -0.0283142 -0.0545668 -0.055749
0 -0.0282122 -0.0543676 -0.0555095
0 -0.028107 -0.0541684 -0.0552768
0 -0.0279995 -0.0539695 -0.0550509
0 -0.0278906 -0.0537712 -0.0548316
0 -0.0277815 -0.0535743 -0.0546183
0 -0.0276737 -0.0533796 -0.0544105
0 -0.0275684 -0.0531882 -0.0542076
0 -0.0274669 -0.0530012 -0.054009
0 -0.0273701 -0.0528195 -0.053814
0 -0.0272789 -0.0526443 -0.0536222
0 -0.0271942 -0.0524765 -0.0534333
0 -0.0271168 -0.0523173 -0.0532477
0 -0.0270476 -0.0521678 -0.0530663
0 -0.0269874 -0.0520291 -0.0528904
0 -0.0269367 -0.0519024 -0.0527215
0 -0.0268957 -0.0517882 -0.0525613
0 -0.0268642 -0.0516873 -0.0524118
0 -0.0268421 -0.0516001 -0.0522752
0 -0.0268287 -0.0515273 -0.0521535
0 -0.0268236 -0.051469 -0.052049
0 -0.026826 -0.0514259 -0.0519636
0 -0.026835 -0.0513981 -0.0518994
0 -0.0268498 -0.0513861 -0.051858
0 -0.0268696 -0.0513902 -0.0518409
0 -0.0268939 -0.0514107 -0.051849
0 -0.0269222 -0.0514478 -0.0518832
0 -0.0269541 -0.0515019 -0.0519439
0 -0.0269896 -0.0515732 -0.0520313
0 -0.0270288 -0.0516616 -0.0521451
0 -0.0270722 -0.0517674 -0.0522848
0 -0.0271202 -0.0518904 -0.0524496
0 -0.0271733 -0.0520302 -0.0526383
0 -0.0272318 -0.0521863 -0.0528492
0 -0.027296 -0.0523577 -0.0530803
0 -0.0273661 -0.0525434 -0.0533295
0 -0.0274423 -0.0527424 -0.0535947
0 -0.0275248 -0.0529536 -0.0538737
0 -0.0276137 -0.0531757 -0.0541643
0 -0.0277091 -0.0534077 -0.0544645
0 -0.027811 -0.0536487 -0.0547725
0 -0.0279198 -0.0538979 -0.055087
0 -0.0280357 -0.054155 -0.0554071
0 -0.0281591 -0.0544198 -0.0557321
0 -0.0282896 -0.0546918 -0.0560611
0 -0.0284264 -0.0549701 -0.0563933
0 -0.0285677 -0.0552528 -0.056727
0 -0.0287107 -0.0555375 -0.0570599
0 -0.0288525 -0.0558212 -0.0573898
0 -0.0289903 -0.0561011 -0.0577144
0 -0.0291218 -0.0563743 -0.0580317
0 -0.0292451 -0.0566383 -0.05834
0 -0.0293593 -0.056891 -0.0586382
0 -0.0294643 -0.0571313 -0.0589256
0 -0.029561 -0.0573586 -0.0592023
0 -0.0296501 -0.0575724 -0.0594678
0 -0.0297326 -0.0577725 -0.0597216
0 -0.0298092 -0.0579586 -0.059963
0 -0.0298806 -0.0581311 -0.0601909
0 -0.0299475 -0.0582902 -0.0604046
0 -0.0300106 -0.0584367 -0.0606029
0 -0.0300702 -0.0585712 -0.0607851
0 -0.0301267 -0.0586945 -0.0609503
0 -0.0301803 -0.0588072 -0.061098
0 -0.0302311 -0.0589101 -0.0612279
0 -0.0302794 -0.0590036 -0.0613402
0 -0.0303249 -0.0590881 -0.0614351
0 -0.0303675 -0.0591636 -0.0615131
0 -0.030407 -0.05923 -0.0615752
0 -0.0304429 -0.059287 -0.0616222
0 -0.0304751 -0.0593345 -0.0616556
0 -0.0305033 -0.0593721 -0.0616766
0 -0.030527 -0.0593998 -0.0616865
0 -0.0305462 -0.0594173 -0.0616868
0 -0.0305604 -0.0594248 -0.0616786
0 -0.0305693 -0.0594225 -0.0616629
0 -0.0305729 -0.0594109 -0.0616406
0 -0.0305709 -0.0593904 -0.0616124
0 -0.0305633 -0.0593618 -0.0615786
0 -0.0305499 -0.0593256 -0.0615394
0 -0.0305305 -0.0592823 -0.0614945
0 -0.030505 -0.059232 -0.0614434
0 -0.0304732 -0.0591748 -0.0613854
0 -0.0304353 -0.0591108 -0.06132
0 -0.0303918 -0.0590401 -0.0612466
0 -0.0303432 -0.0589625 -0.0611648
0 -0.0302901 -0.0588779 -0.0610741
0 -0.030233 -0.0587859 -0.0609738
0 -0.0301723 -0.0586859 -0.0608633
0 -0.0301084 -0.0585774 -0.0607419
0 -0.0300418 -0.05846 -0.0606092
0 -0.0299728 -0.0583334 -0.0604647
0 -0.0299016 -0.0581975 -0.060308
0 -0.0298284 -0.0580522 -0.0601391
0 -0.0297538 -0.0578982 -0.0599581
0 -0.0296784 -0.0577364 -0.0597658
0 -0.029603 -0.0575682 -0.0595633
0 -0.0295281 -0.0573949 -0.0593518
0 -0.029454 -0.0572178 -0.0591325
0 -0.0293809 -0.0570382 -0.0589067
0 -0.0293088 -0.0568573 -0.058676
0 -0.0292379 -0.0566762 -0.0584421
0 -0.0291679 -0.0564962 -0.0582069
0 -0.0290989 -0.0563183 -0.0579723
0 -0.029031 -0.0561436 -0.0577403
0 -0.0289644 -0.0559731 -0.0575133
0 -0.0288996 -0.0558081 -0.0572934
0 -0.0288368 -0.0556496 -0.0570828
0 -0.0287764 -0.0554987 -0.0568834
0 -0.0287188 -0.0553564 -0.0566972
0 -0.0286644 -0.0552237 -0.0565257
0 -0.0286136 -0.0551017 -0.0563704
0 -0.0285669 -0.0549913 -0.0562324
0 -0.0285246 -0.0548934 -0.0561128
0 -0.028487 -0.0548087 -0.0560119
0 -0.0284543 -0.054738 -0.0559303
0 -0.028427 -0.0546818 -0.055868
0 -0.0284053 -0.0546407 -0.0558252
0 -0.0283897 -0.054615 -0.0558017
0 -0.0283805 -0.0546049 -0.0557973
0 -0.0283778 -0.0546105 -0.0558114
0 -0.0283818 -0.0546313 -0.0558434
0 -0.0283923 -0.0546667 -0.0558925
0 -0.0284093 -0.0547162 -0.0559578
0 -0.0284327 -0.0547791 -0.0560385
0 -0.0284624 -0.0548545 -0.0561338
0 -0.0284983 -0.0549417 -0.0562428
0 -0.02854 -0.0550398 -0.0563646
0 -0.0285872 -0.055148 -0.0564982
0 -0.0286395 -0.0552652 -0.0566428
0 -0.0286963 -0.0553907 -0.0567972
0 -0.0287571 -0.0555235 -0.0569605
0 -0.0288213 -0.0556628 -0.0571316
0 -0.0288881 -0.0558075 -0.0573093
0 -0.028957 -0.0559569 -0.0574926
0 -0.0290271 -0.0561099 -0.0576803
0 -0.0290977 -0.0562653 -0.0578711
0 -0.029168 -0.056422 -0.0580636
0 -0.0292372 -0.0565787 -0.0582565
0 -0.0293046 -0.0567342 -0.0584485
0 -0.0293698 -0.0568872 -0.058638
0 -0.0294323 -0.0570366 -0.058824
0 -0.0294918 -0.0571811 -0.0590049
0 -0.0295479 -0.0573196 -0.0591795
0 -0.0296004 -0.0574509 -0.0593465
0 -0.0296493 -0.0575742 -0.0595047
0 -0.0296943 -0.0576886 -0.0596529
0 -0.0297356 -0.0577935 -0.05979
0 -0.0297731 -0.0578883 -0.0599149
0 -0.0298068 -0.0579727 -0.0600268
0 -0.0298366 -0.0580462 -0.0601247
0 -0.0298624 -0.0581086 -0.0602078
0 -0.029884 -0.0581597 -0.0602754
0 -0.0299012 -0.0581991 -0.060327
0 -0.0299139 -0.0582268 -0.0603622
0 -0.0299219 -0.0582426 -0.0603808
0 -0.0299249 -0.0582464 -0.0603828
0 -0.0299229 -0.0582381 -0.0603683
0 -0.0299155 -0.0582175 -0.0603376
0 -0.0299027 -0.0581846 -0.060291
0 -0.0298841 -0.0581391 -0.0602288
0 -0.0298595 -0.0580808 -0.0601513
0 -0.0298284 -0.0580095 -0.0600588
0 -0.0297906 -0.0579251 -0.0599516
0 -0.029746 -0.0578275 -0.05983
0 -0.0296941 -0.0577165 -0.0596939
0 -0.0296347 -0.057592 -0.0595435
0 -0.0295678 -0.0574539 -0.0593788
0 -0.0294934 -0.0573025 -0.0591999
0 -0.0294123 -0.0571385 -0.0590073
0 -0.0293256 -0.0569632 -0.0588022
0 -0.0292347 -0.0567778 -0.0585854
0 -0.0291407 -0.0565841 -0.0583583
0 -0.029045 -0.0563833 -0.0581218
0 -0.0289484 -0.056177 -0.0578772
0 -0.0288516 -0.0559665 -0.0576253
0 -0.0287551 -0.055753 -0.0573672
0 -0.028659 -0.0555372 -0.0571035
0 -0.0285632 -0.05532 -0.0568351
0 -0.0284677 -0.0551021 -0.056563
0 -0.0283726 -0.0548842 -0.0562884
0 -0.0282782 -0.0546675 -0.056013
0 -0.0281852 -0.0544529 -0.0557387
0 -0.0280942 -0.0542419 -0.0554678
0 -0.028006 -0.0540358 -0.0552026
0 -0.0279212 -0.0538357 -0.0549451
0 -0.0278403 -0.0536429 -0.0546973
0 -0.0277637 -0.0534588 -0.0544612
0 -0.0276917 -0.0532844 -0.0542384
0 -0.0276245 -0.0531208 -0.0540304
0 -0.0275619 -0.0529689 -0.0538381
0 -0.0275039 -0.0528293 -0.0536624
0 -0.0274501 -0.0527026 -0.0535039
0 -0.0274006 -0.0525893 -0.0533633
0 -0.0273556 -0.05249 -0.0532409
0 -0.0273153 -0.0524049 -0.0531373
0 -0.0272802 -0.0523347 -0.0530529
0 -0.0272511 -0.0522798 -0.0529882
0 -0.0272288 -0.0522408 -0.0529439
0 -0.0272142 -0.0522184 -0.0529205
0 -0.0272081 -0.0522129 -0.0529181
0 -0.0272111 -0.0522248 -0.052937
0 -0.0272235 -0.0522543 -0.0529771
0 -0.0272456 -0.0523016 -0.0530382
0 -0.0272771 -0.0523667 -0.0531201
0 -0.027318 -0.0524494 -0.0532222
0 -0.0273677 -0.0525496 -0.0533442
0 -0.0274258 -0.0526668 -0.0534855
0 -0.0274918 -0.0528007 -0.0536456
0 -0.0275652 -0.0529507 -0.0538242
0 -0.0276455 -0.0531163 -0.0540209
0 -0.0277324 -0.0532968 -0.0542353
0 -0.0278253 -0.0534914 -0.0544668
0 -0.0279237 -0.0536992 -0.0547149
0 -0.0280273 -0.0539191 -0.0549789
0 -0.0281353 -0.0541502 -0.0552578
0 -0.0282474 -0.0543913 -0.0555507
0 -0.0283629 -0.0546413 -0.0558562
0 -0.0284813 -0.0548991 -0.056173
0 -0.028602 -0.0551635 -0.0564995
0 -0.0287245 -0.0554334 -0.056834
0 -0.0288481 -0.0557075 -0.0571749
0 -0.0289721 -0.0559846 -0.0575203
0 -0.0290961 -0.0562634 -0.0578683
0 -0.0292194 -0.0565425 -0.0582169
0 -0.0293415 -0.0568208 -0.0585641
0 -0.029462 -0.0570967 -0.058908
0 -0.0295806 -0.0573691 -0.0592468
0 -0.0296968 -0.0576365 -0.0595787
0 -0.0298104 -0.0578975 -0.0599021
0 -0.029921 -0.0581509 -0.0602153
0 -0.0300282 -0.0583953 -0.0605168
0 -0.0301317 -0.0586296 -0.0608053
0 -0.0302311 -0.0588525 -0.0610793
0 -0.0303258 -0.059063 -0.0613376
0 -0.0304154 -0.0592601 -0.061579
0 -0.0304994 -0.0594428 -0.0618025
0 -0.0305771 -0.0596105 -0.062007
0 -0.0306482 -0.0597624 -0.0621917
0 -0.0307122 -0.0598979 -0.0623559
0 -0.0307685 -0.0600164 -0.062499
0 -0.0308168 -0.0601174 -0.0626205
0 -0.0308566 -0.0602006 -0.06272
0 -0.0308878 -0.0602656 -0.0627973
0 -0.0309102 -0.0603123 -0.0628523
0 -0.0309235 -0.0603403 -0.0628848
0 -0.0309279 -0.0603497 -0.062895
0 -0.0309232 -0.0603404 -0.062883
0 -0.0309098 -0.0603127 -0.062849
0 -0.0308877 -0.0602666 -0.0627934
0 -0.0308572 -0.0602026 -0.0627165
0 -0.0308186 -0.0601211 -0.0626188
0 -0.0307723 -0.0600226 -0.0625007
0 -0.0307186 -0.0599079 -0.062363
0 -0.0306581 -0.0597775 -0.0622062
0 -0.030591 -0.0596324 -0.0620312
0 -0.0305178 -0.0594734 -0.0618387
0 -0.0304391 -0.0593014 -0.0616297
0 -0.0303552 -0.0591173 -0.0614052
0 -0.0302666 -0.0589222 -0.0611664
0 -0.0301738 -0.0587171 -0.0609144
0 -0.0300772 -0.0585029 -0.0606505
0 -0.0299774 -0.0582808 -0.0603761
0 -0.0298748 -0.0580518 -0.0600925
0 -0.0297698 -0.0578169 -0.0598013
0 -0.0296628 -0.0575772 -0.0595039
0 -0.0295543 -0.0573338 -0.0592017
0 -0.0294446 -0.0570877 -0.0588965
0 -0.0293343 -0.0568402 -0.0585896
0 -0.0292236 -0.0565922 -0.0582825
0 -0.029113 -0.0563448 -0.0579769
0 -0.0290029 -0.0560992 -0.057674
0 -0.0288937 -0.0558564 -0.0573752
0 -0.0287858 -0.0556174 -0.0570817
0 -0.0286797 -0.0553833 -0.0567947
0 -0.0285757 -0.0551552 -0.0565154
0 -0.0284744 -0.0549339 -0.0562449
0 -0.0283761 -0.0547204 -0.0559842
0 -0.0282813 -0.0545156 -0.0557344
0 -0.0281904 -0.0543203 -0.0554964
0 -0.0281039 -0.0541352 -0.0552711
0 -0.0280223 -0.0539611 -0.0550593
0 -0.0279459 -0.0537987 -0.0548619
0 -0.0278751 -0.0536485 -0.0546794
0 -0.0278103 -0.0535112 -0.0545125
0 -0.0277519 -0.0533872 -0.0543617
0 -0.0277001 -0.053277 -0.0542275
0 -0.0276552 -0.053181 -0.0541102
0 -0.0276172 -0.0530994 -0.0540103
0 -0.0275865 -0.0530325 -0.053928
0 -0.027563 -0.0529805 -0.0538636
0 -0.0275466 -0.0529435 -0.0538171
0 -0.0275375 -0.0529215 -0.0537887
0 -0.0275354 -0.0529144 -0.0537783
0 -0.0275402 -0.0529222 -0.053786
0 -0.0275518 -0.0529446 -0.0538115
0 -0.0275698 -0.0529814 -0.0538548
0 -0.0275942 -0.0530323 -0.0539154
0 -0.0276245 -0.0530968 -0.0539932
0 -0.0276606 -0.0531746 -0.0540876
0 -0.0277021 -0.053265 -0.0541981
0 -0.0277487 -0.0533675 -0.0543241
0 -0.0278003 -0.0534815 -0.0544649
0 -0.0278564 -0.0536063 -0.0546197
0 -0.0279169 -0.0537414 -0.0547877
0 -0.0279814 -0.0538858 -0.054968
0 -0.0280496 -0.054039 -0.0551594
0 -0.0281215 -0.0542002 -0.0553611
0 -0.0281967 -0.0543687 -0.0555719
