0 -0.00644034 -0.0118984 -0.0119756
0 -0.00654815 -0.0121429 -0.0122752
0 -0.00665359 -0.0123851 -0.0125745
0 -0.00676053 -0.0126234 -0.0128701
0 -0.00686784 -0.0128532 -0.0131548
0 -0.00697268 -0.0130706 -0.0134212
0 -0.0070733 -0.0132737 -0.013665
0 -0.00716396 -0.0134568 -0.0138796
0 -0.00723754 -0.0136114 -0.0140578
0 -0.00729477 -0.013735 -0.0142003
0 -0.0073401 -0.0138294 -0.0143112
0 -0.00736873 -0.0138888 -0.0143852
0 -0.00737206 -0.0139047 -0.014412
0 -0.0073557 -0.013882 -0.0143943
0 -0.00733648 -0.0138384 -0.0143466
0 -0.00732356 -0.0137865 -0.0142796
0 -0.00731414 -0.0137301 -0.0141967
0 -0.00730266 -0.0136702 -0.014102
0 -0.0072807 -0.0136024 -0.0139977
0 -0.00723045 -0.0135084 -0.0138733
0 -0.00714357 -0.0133734 -0.0137203
0 -0.00703731 -0.0132063 -0.0135483
0 -0.00692206 -0.0130117 -0.0133552
0 -0.00678634 -0.0127762 -0.0131157
0 -0.00662962 -0.0124977 -0.0128159
0 -0.00646843 -0.0121906 -0.0124627
0 -0.00632034 -0.0118723 -0.0120719
0 -0.00620747 -0.0115708 -0.0116759
0 -0.00614759 -0.0113194 -0.0113167
0 -0.00613203 -0.0111335 -0.0110215
0 -0.00613313 -0.0110099 -0.0108017
0 -0.00613201 -0.0109452 -0.0106713
0 -0.00613371 -0.0109475 -0.0106539
0 -0.0061489 -0.0110217 -0.010761
0 -0.00616787 -0.0111482 -0.0109665
0 -0.00618257 -0.0113044 -0.0112318
0 -0.00620486 -0.0114841 -0.0115296
0 -0.00623805 -0.0116717 -0.0118237
0 -0.00628622 -0.0118543 -0.0120857
0 -0.00638461 -0.0120575 -0.0123333
0 -0.00655174 -0.0123043 -0.0125891
0 -0.00673703 -0.0125601 -0.012825
0 -0.00686188 -0.0127576 -0.0129908
0 -0.00689222 -0.0128569 -0.0130703
0 -0.00686069 -0.0128714 -0.0130965
0 -0.00682283 -0.0128416 -0.0131118
0 -0.00681037 -0.0128029 -0.0131315
0 -0.00684777 -0.0128026 -0.0131711
0 -0.00697987 -0.0129193 -0.0132839
0 -0.00723489 -0.0132192 -0.0135319
0 -0.00758783 -0.0137101 -0.0139472
0 -0.00797069 -0.0143408 -0.0145261
0 -0.00827934 -0.0149966 -0.0152102
0 -0.0084251 -0.0155456 -0.0159093
0 -0.00841371 -0.015927 -0.0165664
0 -0.00833051 -0.0161624 -0.0171546
0 -0.008259 -0.016299 -0.0176289
0 -0.00823393 -0.0163683 -0.0179182
0 -0.00825329 -0.0163837 -0.0179674
0 -0.00831775 -0.0163622 -0.0177901
0 -0.0084404 -0.0163318 -0.0174746
0 -0.00860744 -0.0163007 -0.0171237
0 -0.00875678 -0.016242 -0.0168011
0 -0.0088133 -0.0161206 -0.0165313
0 -0.00872511 -0.0159148 -0.0163091
0 -0.00846842 -0.0156033 -0.0160933
0 -0.00804837 -0.0151587 -0.015811
0 -0.00751239 -0.014567 -0.0153901
0 -0.00697386 -0.0138753 -0.0148164
0 -0.00659037 -0.0132063 -0.0141548
0 -0.00646074 -0.0126816 -0.0134864
0 -0.00655894 -0.0123506 -0.0128564
0 -0.00676604 -0.0121849 -0.0122861
0 -0.00693234 -0.0120988 -0.0117908
0 -0.00694414 -0.01199 -0.011394
0 -0.00677006 -0.0117909 -0.0111264
0 -0.00644045 -0.0114783 -0.0109825
0 -0.00599799 -0.0110489 -0.010883
0 -0.00549538 -0.010522 -0.0107107
0 -0.00501535 -0.00995086 -0.0103813
0 -0.00465188 -0.00940364 -0.00987141
0 -0.00446862 -0.0089325 -0.00921141
0 -0.00446617 -0.00855224 -0.00846284
0 -0.00458497 -0.00824677 -0.0077059
0 -0.00475033 -0.00800723 -0.00704691
0 -0.0048923 -0.00783644 -0.00658755
0 -0.00494088 -0.00772423 -0.00637242
0 -0.00486438 -0.00766574 -0.00639919
0 -0.00469649 -0.00767878 -0.00664411
0 -0.00450245 -0.00777679 -0.00705081
0 -0.00436325 -0.00797076 -0.00755278
0 -0.00439031 -0.00831009 -0.00813318
0 -0.00468176 -0.00886845 -0.00882245
0 -0.00523477 -0.00966904 -0.00963237
0 -0.00593 -0.0106495 -0.0105298
0 -0.00660394 -0.0116933 -0.0114688
0 -0.00712813 -0.0126757 -0.0124189
0 -0.00743877 -0.01349 -0.013353
0 -0.00753394 -0.0140666 -0.0142263
0 -0.007483 -0.0144118 -0.0149954
0 -0.00742738 -0.0146347 -0.0156566
0 -0.00752312 -0.0149039 -0.0162433
0 -0.00785461 -0.0153569 -0.0167922
0 -0.00841519 -0.0160568 -0.0173491
0 -0.00913536 -0.0169915 -0.0179856
0 -0.00987427 -0.0180462 -0.0187435
0 -0.0104496 -0.0190285 -0.0195977
0 -0.010742 -0.0197778 -0.0204954
0 -0.0107395 -0.0202247 -0.021365
0 -0.0104944 -0.0203596 -0.022081
0 -0.0100971 -0.0202135 -0.0224881
0 -0.00968915 -0.0198772 -0.0224926
0 -0.00940599 -0.0194545 -0.0220855
0 -0.0092411 -0.0189339 -0.0212528
0 -0.00904707 -0.0181822 -0.0199611
0 -0.00869125 -0.017089 -0.0182519
0 -0.00812581 -0.0156332 -0.0162413
0 -0.00735804 -0.0138584 -0.0140457
0 -0.00645944 -0.0118873 -0.0117847
0 -0.00558397 -0.00994483 -0.00962182
0 -0.00487483 -0.00826337 -0.00770973
0 -0.00435026 -0.00694793 -0.00610211
0 -0.00396127 -0.00600145 -0.00481318
0 -0.00371556 -0.00543439 -0.00392621
0 -0.00361399 -0.00521823 -0.00350864
0 -0.00350859 -0.00516234 -0.00343917
0 -0.00320202 -0.00500703 -0.0034689
0 -0.00267182 -0.00463801 -0.00342922
0 -0.00210274 -0.00414107 -0.00329779
0 -0.00173298 -0.00369626 -0.00312004
0 -0.00172671 -0.00348691 -0.00296194
0 -0.00212787 -0.00365255 -0.00291292
0 -0.00285623 -0.00424655 -0.00308056
0 -0.00374348 -0.00521823 -0.00357201
0 -0.00459408 -0.00643452 -0.00446461
0 -0.00529409 -0.00778063 -0.00582103
0 -0.00587007 -0.00924053 -0.00769151
0 -0.00642227 -0.010862 -0.0100526
0 -0.00703646 -0.0126849 -0.0127745
0 -0.00776521 -0.014716 -0.0156745
0 -0.00863503 -0.0169215 -0.0185798
0 -0.00962807 -0.0192028 -0.0213343
0 -0.010673 -0.0213972 -0.0238003
0 -0.0116612 -0.0233157 -0.0258702
0 -0.0124685 -0.0247864 -0.027458
0 -0.0129874 -0.0256929 -0.0284936
0 -0.0131932 -0.026031 -0.0289639
0 -0.0131805 -0.0259355 -0.0289537
0 -0.0131034 -0.0256177 -0.0286136
0 -0.0130424 -0.0252274 -0.0280588
0 -0.0129135 -0.0247393 -0.0272825
0 -0.0125578 -0.0240075 -0.0262132
0 -0.0119106 -0.0229216 -0.0248371
0 -0.0110221 -0.0214595 -0.023194
0 -0.00996496 -0.019643 -0.0212906
0 -0.00879318 -0.0175215 -0.0190876
0 -0.00755684 -0.0151729 -0.0165498
0 -0.00630206 -0.0126753 -0.0136748
0 -0.00505853 -0.0100784 -0.0104961
0 -0.00387079 -0.00743912 -0.00712117
0 -0.00285066 -0.00490163 -0.00379047
0 -0.00212939 -0.00268591 -0.000827515
0 -0.0017272 -0.000965013 0.00151184
0 -0.00150699 0.000222587 0.0031334
0 -0.00127968 0.000938505 0.00406502
0 -0.000923083 0.00128763 0.00439178
0 -0.00041878 0.00139814 0.00424123
0 0.000144078 0.00137905 0.00376232
0 0.000594699 0.00126772 0.00309197
0 0.000732698 0.000999494 0.00231554
0 0.000429275 0.000463386 0.00147602
0 -0.000283278 -0.000396716 0.000611624
0 -0.00127003 -0.00158022 -0.000296947
0 -0.00240115 -0.00307066 -0.001381
0 -0.00355926 -0.00481059 -0.00280952
0 -0.00460221 -0.00666798 -0.00465769
0 -0.00542782 -0.00851563 -0.00689481
0 -0.00607585 -0.0103452 -0.00946649
0 -0.00668027 -0.0122327 -0.0122917
0 -0.00735307 -0.0142307 -0.0152264
0 -0.00814152 -0.016324 -0.018088
0 -0.00904098 -0.018437 -0.0207037
0 -0.0100209 -0.0204607 -0.0229629
0 -0.0110232 -0.0222729 -0.0248241
0 -0.0119552 -0.0237571 -0.0262814
0 -0.0126987 -0.0248201 -0.0273281
0 -0.0131449 -0.0254089 -0.0279473
0 -0.0132495 -0.025532 -0.0281364
0 -0.0130413 -0.025241 -0.0279108
0 -0.0126049 -0.0246084 -0.0273015
0 -0.0120632 -0.0237283 -0.0263682
0 -0.011562 -0.022735 -0.0252206
0 -0.011237 -0.021801 -0.0240202
0 -0.0111293 -0.0210581 -0.0229099
0 -0.0111258 -0.0205049 -0.0219347
0 -0.0110461 -0.0200374 -0.0210744
0 -0.0108011 -0.0195707 -0.0203445
0 -0.0104159 -0.0190741 -0.0197889
0 -0.00991661 -0.0184986 -0.0193644
0 -0.00925903 -0.0177303 -0.0188823
0 -0.00838219 -0.016639 -0.0180848
0 -0.00731672 -0.0151754 -0.0167907
0 -0.00622502 -0.0134241 -0.0149872
0 -0.00529482 -0.011538 -0.0127791
0 -0.00460812 -0.00964209 -0.0102919
0 -0.00413368 -0.00781837 -0.0076627
0 -0.00379388 -0.00613593 -0.0050779
0 -0.00353421 -0.00468672 -0.00279287
0 -0.00335726 -0.0036006 -0.00110147
0 -0.0033051 -0.00302549 -0.000257972
0 -0.00339054 -0.00305681 -0.000369025
0 -0.00352223 -0.00363463 -0.00130537
0 -0.00354081 -0.00453175 -0.0027407
0 -0.00336623 -0.00547631 -0.00431957
0 -0.00308221 -0.00627679 -0.00578754
0 -0.00285356 -0.00683793 -0.00697417
0 -0.00278764 -0.00711978 -0.00772848
0 -0.00287617 -0.00711649 -0.00791413
0 -0.00303573 -0.00685667 -0.00746569
0 -0.00322274 -0.00644065 -0.00649239
0 -0.00351784 -0.0060767 -0.00533991
0 -0.00409862 -0.00606866 -0.00453372
0 -0.00506966 -0.00669038 -0.00456682
0 -0.00628908 -0.00801418 -0.005658
0 -0.00749028 -0.00995734 -0.00777791
0 -0.00853018 -0.0124302 -0.0108235
0 -0.00941846 -0.015322 -0.0146401
0 -0.0101916 -0.018411 -0.0189434
0 -0.0108633 -0.0213883 -0.0233188
0 -0.0114723 -0.0239865 -0.0273105
0 -0.0120709 -0.0260448 -0.0305034
0 -0.0126475 -0.0274605 -0.0325632
0 -0.0131097 -0.0281437 -0.0332848
0 -0.0133533 -0.028041 -0.0326628
0 -0.0133148 -0.0271673 -0.0308998
0 -0.012957 -0.0255919 -0.028312
0 -0.0122412 -0.0234093 -0.0252095
0 -0.0111716 -0.0207669 -0.0218581
0 -0.00984802 -0.017889 -0.0184887
0 -0.00842898 -0.0150205 -0.0152756
0 -0.00706299 -0.0123589 -0.0123237
0 -0.00585228 -0.0100261 -0.00968577
0 -0.00483818 -0.00806132 -0.00737745
0 -0.00399467 -0.00641957 -0.00537604
0 -0.00325271 -0.00500118 -0.00363139
0 -0.0025381 -0.00369456 -0.00208087
0 -0.00179655 -0.00240731 -0.000655011
0 -0.00101343 -0.00109131 0.000710188
0 -0.000215155 0.000251685 0.00206345
0 0.000520265 0.00155449 0.00340316
0 0.00105255 0.00266402 0.00463118
0 0.00125966 0.0034109 0.00560002
0 0.00113389 0.0037062 0.00619617
0 0.000772213 0.00355263 0.00635127
0 0.000288127 0.00298937 0.00600321
0 -0.00028589 0.00201516 0.00505245
0 -0.000998507 0.000580378 0.00339476
0 -0.00187735 -0.00132943 0.00102843
0 -0.00289124 -0.00365801 -0.00192121
0 -0.00400884 -0.00632394 -0.00528799
0 -0.00524016 -0.00925916 -0.00893919
0 -0.00661784 -0.0124058 -0.0127827
0 -0.00812885 -0.0156696 -0.0167142
0 -0.00968286 -0.0188981 -0.0205785
0 -0.0111754 -0.0219384 -0.0242123
0 -0.0125342 -0.0246762 -0.0274847
0 -0.0136988 -0.0270122 -0.0302792
0 -0.014615 -0.0288548 -0.0324902
0 -0.0152569 -0.030145 -0.0340476
0 -0.0156255 -0.0308638 -0.0349207
0 -0.0157366 -0.0310254 -0.0351126
0 -0.01563 -0.0306907 -0.0346769
0 -0.0153763 -0.0299747 -0.0337306
0 -0.0150461 -0.0290144 -0.0324276
0 -0.0146665 -0.0279158 -0.0309103
0 -0.0142153 -0.0267299 -0.0292848
0 -0.0136285 -0.0254388 -0.0275972
0 -0.0128129 -0.0239504 -0.0258101
0 -0.0116936 -0.0221409 -0.0238225
0 -0.0102692 -0.0199224 -0.0215209
0 -0.00862348 -0.0172867 -0.0188201
0 -0.00687944 -0.0142906 -0.0156695
0 -0.00514453 -0.0110173 -0.0120477
0 -0.00348722 -0.00755978 -0.00797746
0 -0.00195462 -0.00403256 -0.00356815
0 -0.000593715 -0.000580858 0.000952933
0 0.000567469 0.00264272 0.00527315
0 0.00152631 0.00548995 0.0090566
0 0.00229592 0.00781363 0.012019
0 0.00289705 0.00947763 0.0139851
0 0.00333797 0.0103795 0.0148938
0 0.00359934 0.0104787 0.014777
0 0.00363792 0.00981664 0.0137388
0 0.00340815 0.00851529 0.0119404
0 0.00288553 0.00673941 0.00958342
0 0.00209062 0.00465767 0.00689432
0 0.00110195 0.00242927 0.00410816
0 2.58865e-05 0.000190684 0.00142264
0 -0.00106127 -0.00197165 -0.00105953
0 -0.00212782 -0.0040198 -0.00332996
0 -0.00315948 -0.00593823 -0.00542707
0 -0.00415046 -0.00773353 -0.0074084
0 -0.00508603 -0.00941983 -0.00931643
0 -0.00591773 -0.010982 -0.0111399
0 -0.00659807 -0.0123895 -0.0128388
0 -0.00713149 -0.0136354 -0.014392
0 -0.00757476 -0.0147424 -0.015805
0 -0.00799475 -0.0157408 -0.0170844
0 -0.00843313 -0.0166514 -0.0182214
0 -0.00893941 -0.01753 -0.0192448
0 -0.00958014 -0.0184802 -0.020247
0 -0.0103393 -0.0195474 -0.0212887
0 -0.0110329 -0.0206017 -0.0222889
0 -0.0113964 -0.0213763 -0.0230565
0 -0.0112594 -0.0216144 -0.0234073
0 -0.0105822 -0.0211193 -0.0231676
0 -0.00940725 -0.0197592 -0.0221377
0 -0.0078549 -0.017521 -0.0201458
0 -0.00610517 -0.0145224 -0.0171164
0 -0.00432846 -0.0109463 -0.0130874
0 -0.00261472 -0.00696682 -0.0081849
0 -0.000953226 -0.00271504 -0.00259268
0 0.000732718 0.00172774 0.0034391
0 0.00253584 0.00631687 0.00958635
0 0.00453775 0.011008 0.0155244
0 0.00679062 0.0157194 0.0210304
0 0.00930918 0.0203484 0.0260316
0 0.0120521 0.0247942 0.0305685
0 0.0148339 0.0288858 0.0346435
0 0.0172946 0.0323383 0.0381112
0 0.0190285 0.0348465 0.0407358
0 0.0197071 0.0361409 0.0422484
0 0.019132 0.0359507 0.0423447
0 0.0172944 0.0340116 0.0407089
0 0.0144095 0.0301722 0.0370762
0 0.0108411 0.0244935 0.0312919
0 0.0069391 0.0172258 0.0233369
0 0.00292129 0.00871208 0.0133631
0 -0.00114898 -0.000704968 0.00173411
0 -0.00534153 -0.0107445 -0.011047
0 -0.00980897 -0.0211881 -0.0244281
0 -0.0147375 -0.0318751 -0.0378484
0 -0.0203041 -0.0427125 -0.050853
0 -0.0266025 -0.053656 -0.0631923
0 -0.0335744 -0.0646867 -0.0748258
0 -0.0409811 -0.0757415 -0.0858201
0 -0.0484754 -0.0866745 -0.0962572
0 -0.0557257 -0.0972825 -0.106239
0 -0.0624987 -0.107336 -0.11587
0 -0.0686505 -0.11663 -0.125169
0 -0.0739841 -0.124942 -0.133934
0 -0.0782011 -0.132019 -0.141759
0 -0.081004 -0.13764 -0.148194
0 -0.0822099 -0.141644 -0.152868
0 -0.0818877 -0.143956 -0.155593
0 -0.0803583 -0.14452 -0.156319
0 -0.0780331 -0.143208 -0.154996
0 -0.0753084 -0.139873 -0.15154
0 -0.0724883 -0.134549 -0.145896
0 -0.0697078 -0.127638 -0.138119
0 -0.0669096 -0.119751 -0.128425
0 -0.063981 -0.111453 -0.117303
0 -0.0610459 -0.103303 -0.105693
0 -0.0584742 -0.0958726 -0.0948668
0 -0.0564849 -0.0895215 -0.0859045
0 -0.0548026 -0.0841867 -0.07917
0 -0.0528607 -0.0795471 -0.0743774
0 -0.0504378 -0.0755612 -0.0711851
0 -0.0478277 -0.0725628 -0.0694288
0 -0.0452459 -0.0706077 -0.0686866
0 -0.0425168 -0.069126 -0.068117
0 -0.0395738 -0.067484 -0.0670565
0 -0.0368707 -0.0655729 -0.0654923
0 -0.0350337 -0.0636583 -0.0637505
0 -0.034349 -0.0619904 -0.0620194
0 -0.0346864 -0.0607333 -0.0603156
0 -0.0355522 -0.0598842 -0.0585398
0 -0.0362502 -0.0591956 -0.056547
0 -0.0363032 -0.0583829 -0.0544045
0 -0.0356799 -0.0573174 -0.0524547
0 -0.0346413 -0.0560225 -0.0510559
0 -0.0334921 -0.0546253 -0.0503252
0 -0.0323894 -0.0532595 -0.050039
0 -0.0313527 -0.0520214 -0.049784
0 -0.0304491 -0.051034 -0.0492786
0 -0.0298207 -0.0503954 -0.0484848
0 -0.0296194 -0.0501287 -0.0475696
0 -0.0300458 -0.0503225 -0.0469324
0 -0.031282 -0.051202 -0.0471086
0 -0.0332444 -0.0529508 -0.0484679
0 -0.0354132 -0.0554431 -0.0509309
0 -0.0370153 -0.058189 -0.0539986
0 -0.0374917 -0.0605757 -0.0570774
0 -0.0367979 -0.0621332 -0.0597345
0 -0.035385 -0.062703 -0.061759
0 -0.0339717 -0.0624881 -0.0631056
0 -0.0331808 -0.0618968 -0.0637486
0 -0.0332245 -0.0612726 -0.0635655
0 -0.0339557 -0.0608235 -0.0624931
0 -0.0350555 -0.0606166 -0.0606939
0 -0.0360409 -0.0604247 -0.0584156
0 -0.0364853 -0.0598875 -0.0559906
0 -0.0363267 -0.0588941 -0.0539306
0 -0.0357745 -0.057637 -0.0526905
0 -0.0350688 -0.0564589 -0.052403
0 -0.034453 -0.0557816 -0.0529587
0 -0.0342192 -0.0560347 -0.0542383
0 -0.0346735 -0.0575382 -0.05625
0 -0.0360698 -0.0604486 -0.0591699
0 -0.0384551 -0.0646937 -0.0632073
0 -0.0415538 -0.0699442 -0.0684116
0 -0.0449915 -0.0758614 -0.0747498
0 -0.048565 -0.0823257 -0.0822326
0 -0.0521883 -0.0893191 -0.0907898
0 -0.0557646 -0.0967272 -0.10014
0 -0.0591581 -0.104268 -0.109784
0 -0.0622362 -0.111553 -0.119104
0 -0.0649402 -0.118226 -0.127531
0 -0.0673107 -0.12405 -0.13467
0 -0.0694443 -0.128911 -0.140325
0 -0.0714531 -0.132806 -0.144496
0 -0.0733966 -0.135773 -0.147304
0 -0.0751918 -0.137791 -0.14887
0 -0.0766246 -0.138787 -0.149278
0 -0.0773782 -0.138664 -0.148538
0 -0.0770796 -0.137268 -0.146551
0 -0.0754553 -0.134399 -0.143154
0 -0.072488 -0.129877 -0.138188
0 -0.0684372 -0.123643 -0.131547
0 -0.063735 -0.115854 -0.123233
0 -0.058853 -0.106925 -0.113406
0 -0.0542029 -0.0974482 -0.102432
0 -0.0500564 -0.0880053 -0.0908273
0 -0.046508 -0.0790113 -0.0791902
0 -0.0435279 -0.0707077 -0.0681738
0 -0.0410132 -0.0632265 -0.0584072
0 -0.0387957 -0.0566396 -0.0503568
0 -0.0366904 -0.0510187 -0.0442375
0 -0.0345608 -0.0464668 -0.0400021
0 -0.0323483 -0.0430818 -0.0373965
0 -0.0300801 -0.0408878 -0.036058
0 -0.0278613 -0.0397545 -0.0356133
0 -0.0258433 -0.0393644 -0.0357346
0 -0.024203 -0.0393317 -0.0361749
0 -0.0231307 -0.0393862 -0.0367788
0 -0.0227926 -0.039484 -0.0374643
0 -0.0232706 -0.0398004 -0.0382042
0 -0.024497 -0.0406017 -0.0390203
0 -0.0262677 -0.042106 -0.0400261
0 -0.0283352 -0.0444047 -0.0414674
0 -0.0304921 -0.0474474 -0.0436882
0 -0.0326265 -0.0511129 -0.0470386
0 -0.0347182 -0.0552966 -0.0517378
0 -0.0367588 -0.0599127 -0.057732
0 -0.0386878 -0.0648406 -0.0646485
0 -0.0404225 -0.0698983 -0.0719092
0 -0.0419155 -0.074839 -0.0788894
0 -0.043166 -0.0793497 -0.0850103
0 -0.0442115 -0.0830969 -0.0898174
0 -0.0451167 -0.0858124 -0.0930525
0 -0.045943 -0.0873659 -0.0946604
0 -0.0467032 -0.0877844 -0.094742
0 -0.0473284 -0.0872238 -0.0934977
0 -0.0477016 -0.08593 -0.0912125
0 -0.0477269 -0.0841761 -0.0882554
0 -0.0473569 -0.0821771 -0.0850236
0 -0.0465984 -0.0800596 -0.0818683
0 -0.0455248 -0.0779006 -0.0790501
0 -0.0442675 -0.0757794 -0.0767187
0 -0.0429959 -0.0738115 -0.0749208
0 -0.0418938 -0.0721557 -0.0736331
0 -0.0411111 -0.0709682 -0.072788
0 -0.0406786 -0.0702948 -0.0722558
0 -0.0404577 -0.0699843 -0.0718248
0 -0.0402524 -0.0697696 -0.0712985
0 -0.0399527 -0.0694198 -0.0705992
0 -0.0395047 -0.0687583 -0.0696972
0 -0.038804 -0.067603 -0.0684735
0 -0.0377268 -0.0658061 -0.0667333
0 -0.0362733 -0.0633753 -0.0643566
0 -0.0345715 -0.0604556 -0.0613398
0 -0.0327733 -0.0572174 -0.0577426
0 -0.0309682 -0.0537675 -0.0536419
0 -0.0291316 -0.0500973 -0.049091
0 -0.027203 -0.0461639 -0.0441772
0 -0.0251808 -0.0419968 -0.0390773
0 -0.0230944 -0.0376856 -0.0339949
0 -0.0209919 -0.0333731 -0.0291248
0 -0.0189832 -0.0292871 -0.0246776
0 -0.0172269 -0.02571 -0.0208686
0 -0.0158873 -0.0229187 -0.0178968
0 -0.0151006 -0.0211374 -0.0159372
0 -0.0149434 -0.0205074 -0.0151272
0 -0.0154327 -0.0210975 -0.0155763
0 -0.0165582 -0.0229383 -0.0173963
0 -0.0182814 -0.0260162 -0.0206773
0 -0.0204827 -0.0302166 -0.0253931
0 -0.0229524 -0.0353011 -0.0313443
0 -0.0254801 -0.0409706 -0.0382156
0 -0.0279591 -0.0469564 -0.0456805
0 -0.0304188 -0.0530753 -0.0534566
0 -0.0329548 -0.0592141 -0.0612917
0 -0.0356223 -0.0652709 -0.0689152
0 -0.0384021 -0.071129 -0.0760344
0 -0.041228 -0.0766591 -0.0824058
0 -0.0440007 -0.0817084 -0.0878813
0 -0.0465929 -0.0861011 -0.0923957
0 -0.0488615 -0.0896621 -0.0959338
0 -0.0506515 -0.0922377 -0.0984817
0 -0.05181 -0.0937145 -0.0999958
0 -0.0522266 -0.0940455 -0.100414
0 -0.0518783 -0.0932698 -0.0996937
0 -0.0508439 -0.0914976 -0.0978389
0 -0.0492578 -0.0888433 -0.094885
0 -0.0472519 -0.0853753 -0.0908736
0 -0.0449394 -0.0811396 -0.085869
0 -0.0424165 -0.0762047 -0.0799796
0 -0.0397668 -0.0706914 -0.0733637
0 -0.0370806 -0.0647922 -0.0662373
0 -0.0344499 -0.0587539 -0.0588723
0 -0.031926 -0.0528048 -0.051558
0 -0.0294943 -0.0470968 -0.0445459
0 -0.0270951 -0.0416994 -0.0380301
0 -0.0246615 -0.0366303 -0.0321479
0 -0.0221609 -0.0319034 -0.0269745
0 -0.0196142 -0.0275585 -0.0225173
0 -0.0170924 -0.0236611 -0.0187283
0 -0.0146988 -0.0202827 -0.0155309
0 -0.0125308 -0.0174584 -0.0128335
0 -0.0106473 -0.0151556 -0.0105382
0 -0.00907136 -0.0132876 -0.0085632
0 -0.00781431 -0.0117595 -0.00686999
0 -0.00688892 -0.0105095 -0.00546626
0 -0.00629791 -0.00952087 -0.00437927
0 -0.00601914 -0.00881271 -0.00362907
0 -0.00600378 -0.00842187 -0.0032208
0 -0.00619935 -0.00839217 -0.0031661
0 -0.00661796 -0.00881415 -0.00355242
0 -0.00735216 -0.00983851 -0.00456392
0 -0.00849684 -0.0116176 -0.00640766
0 -0.0101055 -0.0142749 -0.00926338
0 -0.0121956 -0.0179062 -0.013272
0 -0.0147652 -0.0225802 -0.0185315
0 -0.0178118 -0.0283378 -0.0250992
0 -0.0213194 -0.0351592 -0.0329712
0 -0.025213 -0.0429145 -0.0420315
0 -0.0293587 -0.051368 -0.0520336
0 -0.0336309 -0.0602448 -0.0626464
0 -0.0379546 -0.0692758 -0.0734895
0 -0.0423052 -0.0782229 -0.0841667
0 -0.0466933 -0.0868971 -0.0943289
0 -0.0511238 -0.0951448 -0.103707
0 -0.0555612 -0.102836 -0.112124
0 -0.0599052 -0.109856 -0.119486
0 -0.0639815 -0.116084 -0.125751
0 -0.067569 -0.121379 -0.130899
0 -0.0704553 -0.125598 -0.134927
0 -0.0724932 -0.128638 -0.137861
0 -0.0736023 -0.13044 -0.139716
0 -0.0737363 -0.130962 -0.140442
0 -0.0729096 -0.130162 -0.139924
0 -0.0712532 -0.12803 -0.138028
0 -0.0689939 -0.124611 -0.134635
0 -0.0663596 -0.120009 -0.129661
0 -0.0635013 -0.114369 -0.123098
0 -0.0604749 -0.107859 -0.115058
0 -0.0572624 -0.100632 -0.105788
0 -0.053835 -0.0928377 -0.0956666
0 -0.0502165 -0.0846555 -0.0851729
0 -0.0464846 -0.0763052 -0.0748207
0 -0.0427279 -0.0680291 -0.065059
0 -0.0390233 -0.0600895 -0.0562085
0 -0.0354689 -0.0527896 -0.0484833
0 -0.0322037 -0.0464572 -0.0420245
0 -0.029349 -0.0413419 -0.0368812
0 -0.0269453 -0.0375214 -0.0329964
0 -0.0249676 -0.0349092 -0.0302532
0 -0.0233873 -0.0333212 -0.0285375
0 -0.0222241 -0.0325576 -0.0277732
0 -0.0215464 -0.032473 -0.0279111
0 -0.0214318 -0.0330123 -0.0288947
0 -0.0219344 -0.0342153 -0.0306531
0 -0.0230598 -0.0361754 -0.0331198
0 -0.0247567 -0.0389761 -0.0362666
0 -0.0269405 -0.0426539 -0.0401404
0 -0.0295252 -0.0471907 -0.0448598
0 -0.0324367 -0.0525227 -0.0505635
0 -0.0355785 -0.0585285 -0.0573066
0 -0.03877 -0.0649774 -0.0649344
0 -0.0417981 -0.0715692 -0.0730998
0 -0.0445358 -0.0780338 -0.0813849
0 -0.0469483 -0.084134 -0.0893355
0 -0.049044 -0.0896413 -0.0964883
0 -0.0508487 -0.0943456 -0.10244
0 -0.0523841 -0.098066 -0.106902
0 -0.0536559 -0.100663 -0.109729
0 -0.0546421 -0.102042 -0.11091
0 -0.0552838 -0.102172 -0.110532
0 -0.0554912 -0.101124 -0.108755
0 -0.0551711 -0.0990625 -0.10579
0 -0.0542565 -0.0961938 -0.101885
0 -0.0527303 -0.0926848 -0.0972903
0 -0.0506485 -0.0886366 -0.0922332
0 -0.0481354 -0.0841114 -0.0868858
0 -0.0453428 -0.0791699 -0.0813375
0 -0.0424045 -0.0738883 -0.0755879
0 -0.0394064 -0.068351 -0.0695777
0 -0.0363847 -0.0626326 -0.0632441
0 -0.0333375 -0.0567773 -0.0565604
0 -0.0302414 -0.0507909 -0.0495513
0 -0.0270685 -0.0446534 -0.042298
0 -0.0237872 -0.0383328 -0.0349175
0 -0.020359 -0.031803 -0.027524
0 -0.016757 -0.025078 -0.0202037
0 -0.0130064 -0.018255 -0.0130295
0 -0.00920208 -0.0115245 -0.00608595
0 -0.00546993 -0.00511433 0.000536755
0 -0.00193124 0.000781253 0.00674348
0 0.001303 0.00603165 0.0124163
0 0.00413701 0.0105655 0.0174145
0 0.00649182 0.0143446 0.0215915
0 0.00829348 0.0173223 0.0248098
0 0.00946589 0.019415 0.0269522
0 0.00994602 0.0205054 0.0279358
0 0.00970275 0.0204666 0.0277108
0 0.00874028 0.0191897 0.0262357
0 0.00709562 0.0166065 0.023449
0 0.0048222 0.0126965 0.0192565
0 0.00197178 0.0074927 0.0135563
0 -0.00138694 0.00109927 0.00631714
0 -0.00515716 -0.00632499 -0.00235724
0 -0.00925449 -0.0146234 -0.0122523
0 -0.0136504 -0.0236744 -0.0231251
0 -0.0183733 -0.0333831 -0.0347487
0 -0.0234677 -0.0436493 -0.0468764
0 -0.0289295 -0.0543158 -0.0591957
0 -0.0346917 -0.0651611 -0.0713777
0 -0.0406733 -0.0759573 -0.0831739
0 -0.0467838 -0.086492 -0.0944272
0 -0.0528899 -0.0965616 -0.105027
0 -0.058816 -0.106002 -0.11489
0 -0.0643772 -0.114713 -0.123956
0 -0.0694099 -0.122636 -0.132173
0 -0.073777 -0.129713 -0.139486
0 -0.0773693 -0.135865 -0.145842
0 -0.0801112 -0.141005 -0.151175
0 -0.081969 -0.145051 -0.15542
0 -0.0829635 -0.147955 -0.158536
0 -0.0831729 -0.149693 -0.160496
0 -0.0827247 -0.150246 -0.161267
0 -0.0817822 -0.149591 -0.160798
0 -0.0804963 -0.147723 -0.159013
0 -0.0789344 -0.144678 -0.155794
0 -0.0770621 -0.140549 -0.151037
0 -0.0747971 -0.135452 -0.144731
0 -0.0720666 -0.129476 -0.137006
0 -0.0688313 -0.122645 -0.128114
0 -0.0650859 -0.114956 -0.118348
0 -0.0608426 -0.106425 -0.107969
0 -0.0561126 -0.0971192 -0.0971686
0 -0.0509144 -0.087161 -0.0860775
0 -0.0452963 -0.0767246 -0.0747786
0 -0.0393254 -0.0659901 -0.0633187
0 -0.0330668 -0.0551008 -0.0517282
0 -0.0266023 -0.0441606 -0.0400663
0 -0.0200489 -0.0332543 -0.0284507
0 -0.0135471 -0.0224641 -0.0170335
0 -0.0072319 -0.0118904 -0.0059588
0 -0.00121415 -0.00167536 0.00465649
0 0.00441452 0.00801177 0.0147118
0 0.00956728 0.0170156 0.0241014
0 0.0141533 0.0252151 0.0327015
0 0.0180849 0.0325145 0.0403753
0 0.0212885 0.0388151 0.0469864
0 0.0237081 0.0439997 0.0524141
0 0.0253156 0.0479384 0.0565652
0 0.0261265 0.0505247 0.0593662
0 0.0261958 0.0517021 0.0607472
0 0.0256073 0.0514462 0.060643
0 0.0244626 0.0497633 0.0589973
0 0.0228531 0.0467234 0.0557631
0 0.0208316 0.0424645 0.0509279
0 0.0184129 0.0371562 0.0445613
0 0.0155981 0.0309589 0.0368497
0 0.0123916 0.0240024 0.0280883
0 0.00880738 0.0163954 0.0186255
0 0.0048747 0.00825342 0.00876841
0 0.00064362 -0.000288483 -0.00125505
0 -0.00381393 -0.00907743 -0.0112399
0 -0.00840774 -0.0179319 -0.0209896
0 -0.0130371 -0.0266381 -0.0303503
0 -0.0175887 -0.0349677 -0.0392023
0 -0.0219389 -0.0427149 -0.0474347
0 -0.0259661 -0.049722 -0.0549332
0 -0.0295563 -0.0558757 -0.0615741
0 -0.0326093 -0.0610925 -0.0672297
0 -0.0350473 -0.0653108 -0.071785
0 -0.0368281 -0.0684889 -0.0751611
0 -0.0379561 -0.0706049 -0.0773301
0 -0.0384742 -0.0716504 -0.0783083
0 -0.0384495 -0.0716384 -0.0781418
0 -0.0379697 -0.0706342 -0.0769079
0 -0.0371397 -0.06877 -0.0747195
0 -0.0360555 -0.0662193 -0.071711
0 -0.0347744 -0.0631542 -0.0680193
0 -0.0333097 -0.0597132 -0.0637801
0 -0.0316533 -0.0559907 -0.0591361
0 -0.0297987 -0.052043 -0.0542348
0 -0.0277516 -0.047901 -0.0492086
0 -0.0255345 -0.0435911 -0.0441487
0 -0.0231877 -0.0391517 -0.0390917
0 -0.0207705 -0.0346418 -0.0340412
0 -0.0183586 -0.0301405 -0.029011
0 -0.0160354 -0.0257393 -0.0240473
0 -0.0138817 -0.0215348 -0.0192338
0 -0.0119584 -0.0176171 -0.0146831
0 -0.0102875 -0.0140556 -0.010516
0 -0.00885433 -0.0109017 -0.00684298
0 -0.00763063 -0.00820547 -0.00375711
0 -0.00659247 -0.00601905 -0.00132752
0 -0.00572513 -0.00438489 0.000409329
0 -0.00502451 -0.00332317 0.00145222
0 -0.00450364 -0.0028308 0.00182471
0 -0.00419469 -0.00288562 0.00156464
0 -0.00413972 -0.00345053 0.000721509
0 -0.00437838 -0.0044819 -0.000645155
0 -0.00493396 -0.00593613 -0.00246759
0 -0.0058021 -0.00777217 -0.00467456
0 -0.00694505 -0.00994912 -0.00719893
0 -0.00829152 -0.0124163 -0.00998324
0 -0.00974408 -0.0150993 -0.0129757
0 -0.0111964 -0.0178959 -0.016118
0 -0.0125539 -0.0206863 -0.0193359
0 -0.0137519 -0.0233527 -0.0225383
0 -0.0147647 -0.0257997 -0.0256254
0 -0.0156028 -0.0279649 -0.0284954
0 -0.0163021 -0.0298229 -0.031043
0 -0.0169106 -0.031382 -0.033165
0 -0.0174735 -0.0326642 -0.0347858
0 -0.0180238 -0.0336884 -0.0358874
0 -0.0185762 -0.0344647 -0.0365167
0 -0.0191211 -0.0349989 -0.0367678
0 -0.0196196 -0.0352962 -0.0367476
0 -0.0199999 -0.0353554 -0.0365349
0 -0.0201715 -0.0351632 -0.0361581
0 -0.0200603 -0.0347051 -0.0356062
0 -0.0196414 -0.0339766 -0.0348543
0 -0.0189509 -0.0329863 -0.0338792
0 -0.0180786 -0.0317593 -0.0326699
0 -0.0171481 -0.030345 -0.0312334
0 -0.016284 -0.0288209 -0.0295982
0 -0.0155855 -0.027291 -0.0278192
0 -0.0151132 -0.0258776 -0.0259861
0 -0.014875 -0.0246894 -0.0242184
0 -0.0148217 -0.0237879 -0.0226509
0 -0.0148683 -0.02318 -0.0214198
0 -0.0149246 -0.0228341 -0.0206371
0 -0.0149213 -0.0227037 -0.0203617
0 -0.0148229 -0.0227471 -0.0205783
0 -0.0146374 -0.0229402 -0.0212007
0 -0.0144207 -0.0232814 -0.0221057
0 -0.0142656 -0.0237827 -0.0231734
0 -0.0142782 -0.0244607 -0.0243205
0 -0.0145502 -0.0253369 -0.0255153
0 -0.0151353 -0.0264399 -0.0267744
0 -0.016033 -0.0277998 -0.0281488
0 -0.0171842 -0.0294344 -0.0297062
0 -0.0184885 -0.0313369 -0.0315172
0 -0.0198285 -0.0334676 -0.0336385
0 -0.021078 -0.0357347 -0.0360745
0 -0.0221098 -0.0379884 -0.0387393
0 -0.0228355 -0.0400619 -0.0414647
0 -0.0232363 -0.041815 -0.0440318
0 -0.0233549 -0.0431458 -0.0462011
0 -0.0232763 -0.0439941 -0.0477521
0 -0.0231051 -0.0443405 -0.0485281
0 -0.0229328 -0.0442003 -0.0484642
0 -0.0228113 -0.0436185 -0.0475963
0 -0.0227345 -0.0426569 -0.0460464
0 -0.0226388 -0.0413808 -0.0439923
0 -0.0224256 -0.0398501 -0.0416316
0 -0.0219929 -0.0381126 -0.039143
0 -0.0212684 -0.0362026 -0.0366534
0 -0.0202363 -0.034149 -0.034228
0 -0.0189468 -0.0319837 -0.0318827
0 -0.0174973 -0.0297395 -0.0295939
0 -0.0159965 -0.0274409 -0.0273014
0 -0.0145383 -0.0251068 -0.0249255
0 -0.0131954 -0.022764 -0.022402
0 -0.0120201 -0.0204541 -0.0197187
0 -0.0110475 -0.0182346 -0.0169357
0 -0.0103002 -0.0161799 -0.0141876
0 -0.00978113 -0.0143723 -0.0116568
0 -0.00946031 -0.0128849 -0.00953229
0 -0.00928266 -0.0117818 -0.00797739
0 -0.00919863 -0.0111279 -0.00710946
0 -0.00918683 -0.0109842 -0.00698836
0 -0.00925517 -0.0113838 -0.00761129
0 -0.00942894 -0.0123091 -0.00891278
0 -0.00973436 -0.0136831 -0.0107705
0 -0.0101935 -0.0153901 -0.0130312
0 -0.0108323 -0.0173201 -0.01555
0 -0.0116704 -0.0193933 -0.0182045
0 -0.0126988 -0.0215569 -0.0208926
0 -0.0138719 -0.0237736 -0.0235372
0 -0.0151109 -0.0260036 -0.026085
0 -0.0163175 -0.0281869 -0.0284968
0 -0.0173932 -0.0302382 -0.030738
0 -0.0182624 -0.0320591 -0.032772
0 -0.0188874 -0.0335616 -0.034556
0 -0.0192759 -0.0346926 -0.0360416
0 -0.0194776 -0.035451 -0.0371824
0 -0.0195636 -0.0358802 -0.037939
0 -0.0195979 -0.0360417 -0.0382859
0 -0.0196264 -0.0359975 -0.0382302
0 -0.0196716 -0.0357968 -0.0378231
0 -0.0197251 -0.0354665 -0.0371475
0 -0.0197494 -0.0350128 -0.0362975
0 -0.019691 -0.0344326 -0.035356
0 -0.0195003 -0.0337263 -0.0343802
0 -0.0191494 -0.032904 -0.0333981
0 -0.0186389 -0.0319821 -0.0324101
0 -0.0179905 -0.0309692 -0.0313897
0 -0.0172371 -0.0298576 -0.0302863
0 -0.0164176 -0.0286294 -0.0290396
0 -0.0155753 -0.0272713 -0.0275976
0 -0.0147518 -0.0257868 -0.0259306
0 -0.0139801 -0.0242002 -0.0240405
0 -0.0132816 -0.0225563 -0.0219691
0 -0.0126693 -0.0209157 -0.0198034
0 -0.0121472 -0.0193468 -0.0176665
0 -0.0117046 -0.0179134 -0.0156932
0 -0.011312 -0.0166628 -0.0140001
0 -0.0109232 -0.0156147 -0.0126576
0 -0.0104935 -0.0147632 -0.0116816
0 -0.0100086 -0.0140935 -0.0110479
0 -0.00949675 -0.0135939 -0.0107068
0 -0.00902079 -0.0132595 -0.0105973
0 -0.00865822 -0.0130928 -0.0106608
0 -0.00847893 -0.0131028 -0.0108529
0 -0.00853019 -0.013306 -0.0111533
0 -0.00882637 -0.0137231 -0.0115709
0 -0.00934273 -0.0143694 -0.0121397
0 -0.0100212 -0.0152481 -0.0129094
0 -0.0107894 -0.0163489 -0.0139359
0 -0.011582 -0.0176513 -0.0152674
0 -0.0123583 -0.019131 -0.0169309
0 -0.0131062 -0.0207649 -0.0189187
0 -0.0138373 -0.0225304 -0.0211838
0 -0.0145814 -0.0244088 -0.023653
0 -0.0153785 -0.0263873 -0.0262486
0 -0.0162655 -0.0284561 -0.0289059
0 -0.0172637 -0.0306061 -0.0315723
0 -0.018372 -0.0328243 -0.0341995
0 -0.0195692 -0.0350873 -0.0367504
0 -0.0208194 -0.0373559 -0.0392089
0 -0.0220768 -0.0395773 -0.0415752
0 -0.0232902 -0.0416938 -0.0438506
0 -0.0244022 -0.0436471 -0.0460159
0 -0.0253477 -0.0453741 -0.0480143
0 -0.0260653 -0.0468096 -0.0497557
0 -0.0265186 -0.0478965 -0.0511417
0 -0.026706 -0.0485908 -0.0520868
0 -0.0266523 -0.0488581 -0.0525254
0 -0.0264031 -0.0486822 -0.052422
0 -0.0260194 -0.0480779 -0.0517791
0 -0.0255584 -0.0470939 -0.0506346
0 -0.0250548 -0.0458047 -0.0490539
0 -0.0245172 -0.0442964 -0.0471275
0 -0.0239407 -0.0426567 -0.0449722
0 -0.0233196 -0.0409654 -0.0427239
0 -0.0226489 -0.0392819 -0.0405131
0 -0.0219223 -0.0376386 -0.0384348
0 -0.0211341 -0.0360451 -0.0365317
0 -0.0202912 -0.0345048 -0.0348044
0 -0.0194199 -0.0330253 -0.0332292
0 -0.0185595 -0.0316187 -0.0317719
0 -0.0177516 -0.0302979 -0.0303964
0 -0.0170271 -0.0290693 -0.0290683
0 -0.0163992 -0.0279287 -0.0277595
0 -0.0158617 -0.0268609 -0.0264536
0 -0.0153924 -0.0258425 -0.0251479
0 -0.0149579 -0.0248453 -0.0238514
0 -0.0145172 -0.0238394 -0.0225737
0 -0.0140252 -0.0227931 -0.021311
0 -0.0134434 -0.0216772 -0.020042
0 -0.0127516 -0.0204705 -0.0187341
0 -0.0119536 -0.0191614 -0.0173503
0 -0.0110745 -0.0177476 -0.0158579
0 -0.0101522 -0.0162344 -0.0142338
0 -0.00922577 -0.014634 -0.0124696
0 -0.00833263 -0.0129703 -0.0105792
0 -0.00750955 -0.0112865 -0.0086086
0 -0.00678808 -0.00964259 -0.00663423
0 -0.00618557 -0.00810473 -0.00475056
0 -0.00570882 -0.00674312 -0.00306063
0 -0.00536611 -0.00563616 -0.00167263
0 -0.00516776 -0.00486196 -0.000687916
0 -0.00512104 -0.00448534 -0.000186563
0 -0.00523431 -0.0045559 -0.000225638
0 -0.00552389 -0.00510794 -0.000843933
0 -0.00601102 -0.00615372 -0.00206007
0 -0.00671297 -0.007682 -0.00386689
0 -0.00763636 -0.00966436 -0.00622997
0 -0.00877568 -0.0120629 -0.00909245
0 -0.0101173 -0.0148374 -0.0123899
0 -0.0116426 -0.0179478 -0.0160644
0 -0.0133273 -0.0213524 -0.0200652
0 -0.0151412 -0.025004 -0.0243438
0 -0.0170442 -0.0288428 -0.0288502
0 -0.018986 -0.0327945 -0.0335238
0 -0.0209145 -0.0367783 -0.038272
0 -0.0227891 -0.0407133 -0.0429688
0 -0.0245805 -0.0445157 -0.0474773
0 -0.0262646 -0.0480949 -0.051668
0 -0.0278196 -0.0513606 -0.0554299
0 -0.0292277 -0.0542337 -0.058681
0 -0.030473 -0.0566525 -0.0613702
0 -0.0315391 -0.0585781 -0.0634735
0 -0.0324081 -0.0599959 -0.0649889
0 -0.0330608 -0.0609124 -0.0659314
0 -0.0334793 -0.0613494 -0.0663295
0 -0.0336455 -0.061336 -0.0662187
0 -0.0335448 -0.0609032 -0.0656362
0 -0.0331761 -0.0600807 -0.0646214
0 -0.0325571 -0.058893 -0.0632128
0 -0.0317241 -0.0573629 -0.0614449
0 -0.0307246 -0.0555172 -0.0593463
0 -0.0296026 -0.0533884 -0.0569354
0 -0.0283871 -0.0510101 -0.054222
0 -0.0270902 -0.048413 -0.0512139
0 -0.0257168 -0.0456261 -0.0479319
0 -0.0242747 -0.0426798 -0.0444188
0 -0.0227768 -0.0396053 -0.0407344
0 -0.021238 -0.0364354 -0.0369369
0 -0.0196744 -0.0332076 -0.0330733
0 -0.0181008 -0.0299609 -0.0291892
0 -0.0165262 -0.0267297 -0.0253384
0 -0.0149534 -0.0235422 -0.0215785
0 -0.0133809 -0.0204214 -0.0179585
0 -0.0118042 -0.0173849 -0.0145098
0 -0.0102196 -0.0144447 -0.0112445
0 -0.00862997 -0.0116109 -0.00816093
0 -0.00705218 -0.00889636 -0.00525121
0 -0.00552034 -0.00632291 -0.00251152
0 -0.00408503 -0.00392477 4.65911e-05
0 -0.00280917 -0.00175443 0.00238822
0 -0.00175807 0.000118931 0.00445488
0 -0.000987381 0.00162094 0.00617034
0 -0.000533657 0.00268437 0.00744942
0 -0.000404693 0.00325757 0.00821201
0 -0.000576522 0.00330688 0.00839457
0 -0.00100113 0.0028185 0.0079554
0 -0.00162323 0.00180045 0.00687468
0 -0.00240105 0.000280181 0.00515222
0 -0.00331618 -0.00169859 0.00281201
0 -0.00436963 -0.00408282 -9.01445e-05
0 -0.00557289 -0.00682102 -0.00346648
0 -0.00693744 -0.00986582 -0.00720846
0 -0.00846863 -0.0131707 -0.011211
0 -0.0101629 -0.0166892 -0.0153931
0 -0.0120016 -0.0203719 -0.0196982
0 -0.0139453 -0.0241625 -0.0240851
0 -0.0159356 -0.0279991 -0.0285184
0 -0.0179116 -0.0318241 -0.0329534
0 -0.0198285 -0.0355903 -0.0373262
0 -0.0216647 -0.0392523 -0.0415651
0 -0.0234145 -0.0427599 -0.0456028
0 -0.025073 -0.0460553 -0.0493723
0 -0.0266244 -0.0490752 -0.0528022
0 -0.0280412 -0.0517581 -0.0558226
0 -0.0292916 -0.0540511 -0.0583747
0 -0.030346 -0.0559152 -0.0604178
0 -0.0311809 -0.0573252 -0.0619317
0 -0.0317749 -0.0582638 -0.0629087
0 -0.0321034 -0.0587134 -0.0633432
0 -0.0321429 -0.0586579 -0.0632293
0 -0.0318801 -0.0580904 -0.0625637
0 -0.031319 -0.0570179 -0.061348
0 -0.0304831 -0.0554608 -0.0595894
0 -0.0294132 -0.0534518 -0.057305
0 -0.0281657 -0.0510434 -0.054533
0 -0.0268126 -0.0483186 -0.0513472
0 -0.0254344 -0.0453931 -0.0478626
0 -0.0241066 -0.0424045 -0.0442297
0 -0.0228829 -0.0394904 -0.0406125
0 -0.0217864 -0.0367666 -0.0371594
0 -0.0208183 -0.0343216 -0.0339935
0 -0.0199644 -0.0322075 -0.031221
0 -0.0191956 -0.0304324 -0.0289246
0 -0.0184706 -0.0289641 -0.0271379
0 -0.0177423 -0.0277421 -0.0258248
0 -0.0169773 -0.0266985 -0.0248879
0 -0.0161757 -0.0257791 -0.0241992
0 -0.0153771 -0.0249514 -0.0236336
0 -0.0146503 -0.0242043 -0.0230945
0 -0.0140715 -0.023543 -0.0225279
0 -0.0137027 -0.022986 -0.0219261
0 -0.013575 -0.0225622 -0.0213235
0 -0.0136762 -0.022302 -0.0207842
0 -0.0139486 -0.0222248 -0.0203841
0 -0.0143014 -0.0223294 -0.0201939
0 -0.0146377 -0.0225936 -0.0202658
0 -0.0148856 -0.0229817 -0.0206228
0 -0.0150154 -0.0234538 -0.0212507
0 -0.015043 -0.0239735 -0.022095
0 -0.0150182 -0.0245133 -0.0230692
0 -0.015006 -0.0250565 -0.0240704
0 -0.0150661 -0.025596 -0.0250014
0 -0.0152371 -0.0261309 -0.0257906
0 -0.0155264 -0.0266586 -0.0264014
0 -0.01591 -0.0271702 -0.0268351
0 -0.0163432 -0.0276519 -0.0271271
0 -0.0167704 -0.0280861 -0.0273342
0 -0.0171334 -0.0284513 -0.0275136
0 -0.0173802 -0.0287246 -0.0277025
0 -0.0174756 -0.0288879 -0.0279064
0 -0.0174115 -0.0289329 -0.0281005
0 -0.0172137 -0.0288657 -0.0282438
0 -0.0169395 -0.028707 -0.0282981
0 -0.0166636 -0.0284895 -0.0282408
0 -0.0164558 -0.0282504 -0.028068
0 -0.0163616 -0.0280246 -0.0277934
0 -0.0163933 -0.0278416 -0.0274497
0 -0.0165336 -0.0277249 -0.0270899
0 -0.0167443 -0.0276907 -0.0267809
0 -0.0169746 -0.027743 -0.0265898
0 -0.0171721 -0.0278722 -0.0265672
0 -0.0172982 -0.0280612 -0.0267366
0 -0.0173398 -0.0282938 -0.0270912
0 -0.0173148 -0.0285626 -0.0275993
0 -0.017267 -0.0288715 -0.0282135
0 -0.0172526 -0.0292315 -0.0288836
0 -0.0173229 -0.0296548 -0.0295682
0 -0.0175105 -0.03015 -0.0302408
0 -0.0178212 -0.0307195 -0.0308909
0 -0.0182327 -0.0313555 -0.0315215
0 -0.0187027 -0.0320414 -0.0321479
0 -0.0191825 -0.0327546 -0.0327938
0 -0.0196286 -0.0334707 -0.0334848
0 -0.0200118 -0.0341689 -0.0342397
0 -0.0203204 -0.0348359 -0.0350624
0 -0.0205588 -0.0354672 -0.0359377
0 -0.0207437 -0.0360645 -0.036832
0 -0.0208996 -0.0366319 -0.0376998
0 -0.0210526 -0.0371713 -0.038492
0 -0.0212239 -0.037678 -0.0391675
0 -0.0214275 -0.0381428 -0.0397055
0 -0.02167 -0.0385585 -0.0401125
0 -0.0219471 -0.0389237 -0.0404164
0 -0.0222419 -0.0392433 -0.0406555
0 -0.0225242 -0.0395232 -0.0408637
0 -0.0227516 -0.039759 -0.041056
0 -0.0228803 -0.0399328 -0.0412255
0 -0.0228835 -0.0400196 -0.0413517
0 -0.0227601 -0.0399945 -0.0414062
0 -0.0225325 -0.0398382 -0.0413555
0 -0.0222392 -0.0395432 -0.0411652
0 -0.0219219 -0.0391154 -0.040805
0 -0.0216097 -0.0385686 -0.0402518
0 -0.0213127 -0.0379191 -0.0394972
0 -0.0210264 -0.0371844 -0.0385565
0 -0.0207392 -0.0363822 -0.0374691
0 -0.0204383 -0.0355291 -0.0362907
0 -0.0201144 -0.0346435 -0.0350808
0 -0.0197649 -0.0337476 -0.0338944
0 -0.0193925 -0.0328667 -0.0327756
0 -0.0190005 -0.0320217 -0.0317524
0 -0.0185926 -0.0312263 -0.030835
0 -0.0181769 -0.0304891 -0.0300211
0 -0.0177697 -0.0298166 -0.0293026
0 -0.017392 -0.0292135 -0.0286687
0 -0.0170655 -0.0286841 -0.0281089
0 -0.0168072 -0.0282333 -0.0276163
0 -0.0166233 -0.0278637 -0.0271863
0 -0.0165101 -0.0275767 -0.0268199
0 -0.0164589 -0.0273751 -0.0265271
0 -0.0164625 -0.0272659 -0.0263288
0 -0.0165175 -0.0272609 -0.0262536
0 -0.0166206 -0.027371 -0.0263286
0 -0.0167646 -0.0276007 -0.0265688
0 -0.0169405 -0.0279474 -0.0269759
0 -0.0171433 -0.0284039 -0.0275405
0 -0.0173729 -0.0289597 -0.0282442
0 -0.0176345 -0.029603 -0.0290644
0 -0.0179357 -0.0303222 -0.0299772
0 -0.0182806 -0.0311043 -0.0309581
0 -0.0186664 -0.0319338 -0.0319828
0 -0.0190824 -0.0327927 -0.0330273
0 -0.019514 -0.0336632 -0.0340706
0 -0.0199482 -0.0345311 -0.0350987
0 -0.020375 -0.035385 -0.0361036
0 -0.020783 -0.0362107 -0.0370755
0 -0.0211586 -0.0369895 -0.0379986
0 -0.0214889 -0.0377001 -0.0388518
0 -0.0217633 -0.0383202 -0.0396101
0 -0.0219737 -0.0388273 -0.0402443
0 -0.0221128 -0.039198 -0.0407229
0 -0.0221739 -0.0394098 -0.041014
0 -0.0221511 -0.0394428 -0.0410893
0 -0.0220388 -0.0392798 -0.0409254
0 -0.0218307 -0.0389065 -0.0405046
0 -0.021523 -0.0383147 -0.039818
0 -0.0211196 -0.0375084 -0.0388714
0 -0.0206368 -0.0365097 -0.0376887
0 -0.0200987 -0.0353558 -0.0363088
0 -0.019532 -0.0340947 -0.0347795
0 -0.0189653 -0.0327833 -0.0331574
0 -0.0184246 -0.0314809 -0.0315057
0 -0.0179277 -0.0302399 -0.029891
0 -0.0174793 -0.0290974 -0.0283792
0 -0.0170695 -0.0280709 -0.0270272
0 -0.0166753 -0.0271583 -0.025869
0 -0.0162681 -0.0263427 -0.024907
0 -0.0158305 -0.0256043 -0.0241184
0 -0.0153693 -0.0249313 -0.0234693
0 -0.0149183 -0.0243268 -0.0229272
0 -0.014532 -0.0238119 -0.0224732
0 -0.0142719 -0.0234244 -0.02211
0 -0.0141895 -0.023212 -0.0218631
0 -0.0143107 -0.0232216 -0.0217765
0 -0.0146254 -0.0234865 -0.0219041
0 -0.0150899 -0.0240167 -0.022298
0 -0.0156397 -0.0247945 -0.0229973
0 -0.0162091 -0.0257804 -0.0240188
0 -0.0167518 -0.0269253 -0.025351
0 -0.0172493 -0.0281809 -0.0269508
0 -0.0177074 -0.0295039 -0.028743
0 -0.0181484 -0.0308582 -0.030633
0 -0.0186002 -0.0322128 -0.0325255
0 -0.0190837 -0.033537 -0.0343331
0 -0.0196103 -0.0348061 -0.0359827
0 -0.0201832 -0.0360043 -0.0374254
0 -0.02079 -0.0371158 -0.0386412
0 -0.0213984 -0.0381158 -0.0396356
0 -0.0219608 -0.0389719 -0.0404301
0 -0.0224255 -0.0396508 -0.0410503
0 -0.022746 -0.0401248 -0.0415121
0 -0.0228881 -0.0403733 -0.0418112
0 -0.0228382 -0.0403855 -0.0419239
0 -0.022611 -0.040163 -0.0418179
0 -0.0222474 -0.0397194 -0.0414642
0 -0.021803 -0.0390768 -0.0408455
0 -0.0213301 -0.0382613 -0.039961
0 -0.0208634 -0.0373007 -0.0388277
0 -0.0204131 -0.0362223 -0.0374791
0 -0.0199663 -0.0350494 -0.0359582
0 -0.0194985 -0.0338022 -0.0343132
0 -0.0189879 -0.0324998 -0.0325936
0 -0.0184249 -0.0311626 -0.0308526
0 -0.0178133 -0.0298115 -0.0291453
0 -0.0171691 -0.0284701 -0.0275227
0 -0.0165198 -0.0271726 -0.0260268
0 -0.0158991 -0.0259635 -0.0246854
0 -0.0153377 -0.0248883 -0.0235106
0 -0.0148611 -0.0239851 -0.0225081
0 -0.014492 -0.0232819 -0.0216893
0 -0.0142532 -0.0228 -0.0210799
0 -0.014166 -0.022558 -0.0207199
0 -0.014241 -0.0225722 -0.0206515
0 -0.0144699 -0.0228525 -0.0209054
0 -0.0148265 -0.0233997 -0.0214939
0 -0.0152727 -0.0242004 -0.0224071
0 -0.0157661 -0.0252194 -0.0236113
0 -0.0162737 -0.0264056 -0.0250563
0 -0.0167821 -0.0277034 -0.0266836
0 -0.0172922 -0.0290595 -0.0284259
0 -0.0178124 -0.0304285 -0.0302127
0 -0.0183542 -0.0317788 -0.0319815
0 -0.0189263 -0.0330922 -0.0336813
0 -0.0195306 -0.0343616 -0.0352724
0 -0.0201593 -0.0355844 -0.0367267
0 -0.0207952 -0.0367538 -0.0380322
0 -0.0214193 -0.0378587 -0.0391987
0 -0.0220145 -0.0388864 -0.0402538
0 -0.0225629 -0.0398234 -0.0412281
0 -0.023045 -0.0406581 -0.0421404
0 -0.0234409 -0.0413824 -0.0429904
0 -0.023734 -0.0419887 -0.0437563
0 -0.0239148 -0.0424668 -0.0444013
0 -0.0239842 -0.0427997 -0.0448823
0 -0.0239515 -0.0429641 -0.0451567
0 -0.0238338 -0.0429369 -0.0451914
0 -0.0236529 -0.0427053 -0.0449678
0 -0.0234294 -0.0422741 -0.0444848
0 -0.0231769 -0.0416662 -0.0437587
0 -0.0228951 -0.0409131 -0.0428182
0 -0.0225688 -0.0400407 -0.0416984
0 -0.0221746 -0.0390633 -0.0404365
0 -0.0216928 -0.0379844 -0.0390679
0 -0.0211155 -0.036803 -0.0376212
0 -0.0204508 -0.035522 -0.0361147
0 -0.0197204 -0.0341529 -0.0345556
0 -0.0189516 -0.0327147 -0.0329421
0 -0.0181743 -0.0312346 -0.0312718
0 -0.0174225 -0.0297497 -0.0295539
0 -0.0167309 -0.0283035 -0.0278175
0 -0.016126 -0.0269381 -0.0261119
0 -0.015619 -0.0256899 -0.0245
0 -0.0152049 -0.0245881 -0.0230485
0 -0.0148682 -0.0236566 -0.021819
0 -0.0145908 -0.0229142 -0.0208608
0 -0.0143624 -0.0223777 -0.0202071
0 -0.0141897 -0.022066 -0.0198774
0 -0.0140948 -0.0219982 -0.0198761
0 -0.0141062 -0.0221873 -0.020193
0 -0.0142506 -0.0226364 -0.0208069
0 -0.014545 -0.023339 -0.021692
0 -0.0149905 -0.0242782 -0.0228203
0 -0.0155687 -0.0254264 -0.024162
0 -0.0162483 -0.0267492 -0.0256881
0 -0.0169923 -0.0282088 -0.0273709
0 -0.0177625 -0.0297629 -0.0291795
0 -0.018526 -0.0313658 -0.0310783
0 -0.019256 -0.0329684 -0.0330249
0 -0.01993 -0.0345195 -0.0349655
0 -0.0205301 -0.0359695 -0.036834
0 -0.0210466 -0.0372757 -0.0385525
0 -0.0214789 -0.0384046 -0.04004
0 -0.0218354 -0.0393306 -0.0412292
0 -0.0221285 -0.0400356 -0.0420805
0 -0.0223666 -0.0405062 -0.0425842
0 -0.0225471 -0.0407354 -0.0427553
0 -0.022656 -0.0407264 -0.0426261
0 -0.0226717 -0.0404928 -0.042238
0 -0.0225698 -0.040054 -0.0416316
0 -0.0223307 -0.0394287 -0.0408399
0 -0.0219473 -0.0386321 -0.0398874
0 -0.0214293 -0.0376748 -0.0387889
0 -0.0207999 -0.0365652 -0.0375495
0 -0.0200903 -0.0353128 -0.0361659
0 -0.0193325 -0.0339317 -0.0346303
0 -0.0185553 -0.0324424 -0.0329368
0 -0.0177842 -0.0308739 -0.031091
0 -0.0170391 -0.0292599 -0.0291162
0 -0.0163312 -0.0276331 -0.0270557
0 -0.0156639 -0.026024 -0.0249752
0 -0.0150383 -0.024468 -0.0229589
0 -0.0144536 -0.0230067 -0.0210947
0 -0.01391 -0.021686 -0.0194602
0 -0.0134139 -0.0205551 -0.0181164
0 -0.0129827 -0.0196628 -0.0171059
0 -0.0126453 -0.0190536 -0.0164556
0 -0.012438 -0.0187622 -0.0161809
0 -0.0123944 -0.018808 -0.0162861
0 -0.0125355 -0.0191914 -0.0167644
0 -0.0128626 -0.0198944 -0.0175968
0 -0.013355 -0.0208841 -0.0187522
0 -0.0139793 -0.0221205 -0.020194
0 -0.0147028 -0.0235663 -0.0218877
0 -0.0155013 -0.0251897 -0.0238044
0 -0.0163578 -0.0269625 -0.0259153
0 -0.0172564 -0.0288539 -0.0281847
0 -0.0181795 -0.0308278 -0.0305678
0 -0.0191094 -0.0328425 -0.0330164
0 -0.0200267 -0.0348513 -0.0354779
0 -0.0209099 -0.036805 -0.0378903
0 -0.021741 -0.0386581 -0.0401813
0 -0.0225073 -0.0403683 -0.042275
0 -0.0231996 -0.0418944 -0.0441052
0 -0.023811 -0.0431963 -0.0456244
0 -0.0243313 -0.0442374 -0.0468033
0 -0.0247441 -0.0449879 -0.0476262
0 -0.0250254 -0.045426 -0.0480846
0 -0.0251484 -0.0455392 -0.0481748
0 -0.0250902 -0.0453245 -0.0478975
0 -0.0248405 -0.0447884 -0.0472605
0 -0.0244079 -0.0439472 -0.046281
0 -0.023817 -0.0428245 -0.0449838
0 -0.0231034 -0.041452 -0.0434002
0 -0.0223068 -0.0398709 -0.041569
0 -0.0214633 -0.0381309 -0.0395343
0 -0.0206029 -0.0362879 -0.0373461
0 -0.0197497 -0.0344001 -0.0350586
0 -0.0189233 -0.0325233 -0.0327292
0 -0.01814 -0.0307082 -0.0304227
0 -0.0174112 -0.0289957 -0.0282143
0 -0.0167421 -0.0274169 -0.0261851
0 -0.016134 -0.0260002 -0.0244092
0 -0.0155905 -0.0247798 -0.0229437
0 -0.0151216 -0.0237952 -0.0218251
0 -0.0147423 -0.0230823 -0.0210674
0 -0.0144713 -0.0226662 -0.0206671
0 -0.0143301 -0.0225562 -0.0206112
0 -0.014339 -0.0227468 -0.0208832
0 -0.0145127 -0.023221 -0.0214662
0 -0.0148542 -0.0239572 -0.0223421
0 -0.0153505 -0.0249322 -0.0234897
0 -0.0159711 -0.0261195 -0.0248804
0 -0.0166722 -0.0274846 -0.0264769
0 -0.0174079 -0.0289836 -0.0282357
0 -0.0181395 -0.0305635 -0.0301094
0 -0.0188403 -0.0321652 -0.0320476
0 -0.0194957 -0.0337301 -0.033997
0 -0.0201 -0.0352084 -0.0358987
0 -0.0206539 -0.0365651 -0.037687
0 -0.0211637 -0.0377836 -0.0392936
0 -0.0216372 -0.0388579 -0.0406596
0 -0.0220775 -0.03978 -0.0417467
0 -0.0224794 -0.0405338 -0.042544
0 -0.02283 -0.0410998 -0.0430666
0 -0.0231093 -0.0414613 -0.0433448
0 -0.0232918 -0.0416097 -0.0434101
0 -0.0233546 -0.0415502 -0.0432883
0 -0.0232847 -0.0413009 -0.0429971
0 -0.0230805 -0.0408828 -0.0425439
0 -0.0227524 -0.0403125 -0.0419289
0 -0.0223217 -0.0395985 -0.0411491
0 -0.0218134 -0.0387418 -0.0401992
0 -0.0212512 -0.0377417 -0.0390747
0 -0.0206561 -0.0366054 -0.0377765
0 -0.0200459 -0.035353 -0.0363158
0 -0.0194358 -0.0340174 -0.0347156
0 -0.0188366 -0.0326373 -0.0330094
0 -0.0182545 -0.0312507 -0.0312406
0 -0.0176937 -0.0298914 -0.0294656
0 -0.0171578 -0.0285878 -0.0277526
0 -0.0166487 -0.0273647 -0.0261729
0 -0.0161667 -0.0262466 -0.0247854
0 -0.0157113 -0.0252595 -0.0236261
0 -0.0152856 -0.024428 -0.0227076
0 -0.0148987 -0.0237701 -0.0220235
0 -0.0145685 -0.0232952 -0.0215586
0 -0.0143215 -0.0230064 -0.021298
0 -0.0141846 -0.0229009 -0.0212295
0 -0.0141765 -0.022973 -0.0213432
0 -0.0143036 -0.0232185 -0.0216329
0 -0.0145582 -0.0236358 -0.0220964
0 -0.0149208 -0.0242241 -0.0227355
0 -0.0153652 -0.0249791 -0.0235553
0 -0.0158623 -0.0258871 -0.024558
0 -0.0163845 -0.0269228 -0.0257377
0 -0.0169134 -0.0280565 -0.0270786
0 -0.0174396 -0.0292564 -0.0285511
0 -0.0179589 -0.0304907 -0.0301112
0 -0.0184743 -0.0317329 -0.0317106
0 -0.0189946 -0.0329649 -0.0333046
0 -0.0195309 -0.0341777 -0.0348567
0 -0.0200898 -0.0353673 -0.0363369
0 -0.0206695 -0.0365291 -0.0377219
0 -0.021258 -0.0376517 -0.0389963
0 -0.0218303 -0.0387098 -0.0401492
0 -0.022353 -0.0396665 -0.0411721
0 -0.0227932 -0.0404826 -0.042056
0 -0.0231239 -0.0411241 -0.042787
0 -0.0233304 -0.0415702 -0.0433457
0 -0.023414 -0.0418161 -0.0437106
0 -0.0233859 -0.0418661 -0.0438586
0 -0.0232616 -0.0417263 -0.0437688
0 -0.0230548 -0.0413992 -0.043426
0 -0.022777 -0.0408858 -0.0428265
0 -0.0224368 -0.0401897 -0.0419817
0 -0.0220393 -0.039321 -0.0409159
0 -0.0215839 -0.0382957 -0.0396593
0 -0.0210682 -0.0371354 -0.0382448
0 -0.0204933 -0.0358672 -0.036706
0 -0.0198688 -0.0345226 -0.0350773
0 -0.0192146 -0.0331372 -0.0333954
0 -0.0185537 -0.0317453 -0.0316979
0 -0.0179069 -0.0303774 -0.030022
0 -0.017291 -0.0290598 -0.0284065
0 -0.0167214 -0.0278209 -0.0268944
0 -0.0162134 -0.0266946 -0.0255307
0 -0.0157769 -0.0257156 -0.0243544
0 -0.0154177 -0.0249153 -0.0233954
0 -0.015141 -0.0243186 -0.0226781
0 -0.014953 -0.0239403 -0.0222204
0 -0.014859 -0.0237842 -0.0220323
0 -0.0148618 -0.0238436 -0.0221125
0 -0.01496 -0.0241046 -0.0224476
0 -0.0151473 -0.0245486 -0.0230128
0 -0.0154122 -0.0251528 -0.023774
0 -0.0157419 -0.0258929 -0.0246938
0 -0.0161246 -0.0267432 -0.0257357
0 -0.0165499 -0.027678 -0.026867
0 -0.0170093 -0.0286724 -0.0280598
0 -0.0174916 -0.0296999 -0.0292879
0 -0.0179794 -0.0307302 -0.0305225
0 -0.0184529 -0.0317325 -0.0317338
0 -0.0188945 -0.0326786 -0.0328923
0 -0.0192925 -0.0335469 -0.0339712
0 -0.0196413 -0.0343229 -0.0349468
0 -0.0199391 -0.0349959 -0.0357972
0 -0.0201861 -0.0355573 -0.0365028
0 -0.0203831 -0.0359994 -0.0370478
0 -0.0205302 -0.0363155 -0.0374221
0 -0.0206262 -0.0364998 -0.0376228
0 -0.0206679 -0.036549 -0.0376532
0 -0.0206519 -0.0364633 -0.0375215
0 -0.0205774 -0.0362505 -0.0372423
0 -0.0204491 -0.0359264 -0.0368358
0 -0.0202749 -0.0355118 -0.0363249
0 -0.0200653 -0.0350296 -0.0357333
0 -0.0198329 -0.034504 -0.0350856
0 -0.0195928 -0.0339602 -0.0344087
0 -0.0193607 -0.0334235 -0.0337316
0 -0.0191465 -0.032914 -0.0330804
0 -0.0189535 -0.0324461 -0.0324761
0 -0.0187818 -0.0320305 -0.031937
0 -0.0186313 -0.0316759 -0.0314798
0 -0.0185044 -0.031391 -0.0311197
0 -0.0184079 -0.0311865 -0.030871
0 -0.0183509 -0.0310742 -0.0307453
0 -0.018341 -0.031064 -0.0307485
0 -0.0183824 -0.0311617 -0.0308807
0 -0.0184745 -0.0313668 -0.0311367
0 -0.0186124 -0.031672 -0.0315069
0 -0.0187885 -0.0320637 -0.0319784
0 -0.0189922 -0.0325227 -0.0325342
0 -0.0192112 -0.0330256 -0.0331531
0 -0.0194342 -0.0335491 -0.0338113
0 -0.0196535 -0.0340731 -0.0344838
0 -0.0198636 -0.0345809 -0.0351448
0 -0.0200584 -0.0350556 -0.0357661
0 -0.0202286 -0.0354773 -0.0363163
0 -0.0203614 -0.0358219 -0.036762
0 -0.0204403 -0.036059 -0.0370685
0 -0.0204518 -0.0361597 -0.0372064
0 -0.0203926 -0.0361046 -0.0371584
0 -0.0202678 -0.035888 -0.0369194
0 -0.0200876 -0.0355178 -0.0364943
0 -0.0198621 -0.0350114 -0.035895
0 -0.019595 -0.0343881 -0.0351357
0 -0.019288 -0.0336675 -0.0342352
0 -0.0189468 -0.0328712 -0.0332217
0 -0.0185783 -0.0320187 -0.0321275
0 -0.0181887 -0.0311274 -0.0309864
0 -0.0177869 -0.0302164 -0.0298342
0 -0.017381 -0.029306 -0.0287051
0 -0.0169787 -0.0284178 -0.027629
0 -0.0165912 -0.0275784 -0.0266332
0 -0.0162343 -0.0268191 -0.0257435
0 -0.0159262 -0.0261711 -0.0249842
0 -0.0156796 -0.025656 -0.0243725
0 -0.0154989 -0.0252823 -0.023918
0 -0.0153841 -0.0250499 -0.0236266
0 -0.0153352 -0.0249555 -0.0235029
0 -0.0153513 -0.0249951 -0.0235482
0 -0.0154299 -0.0251643 -0.0237588
0 -0.0155677 -0.025459 -0.0241263
0 -0.015763 -0.0258768 -0.0246413
0 -0.016016 -0.0264155 -0.0252949
0 -0.0163275 -0.0270715 -0.0260795
0 -0.0166984 -0.0278402 -0.0269891
0 -0.017129 -0.0287174 -0.0280205
0 -0.0176156 -0.0296962 -0.0291689
0 -0.0181498 -0.0307666 -0.030427
0 -0.0187205 -0.0319158 -0.0317848
0 -0.0193149 -0.0331277 -0.0332289
0 -0.0199196 -0.0343836 -0.0347417
0 -0.020523 -0.0356637 -0.0363014
0 -0.0211169 -0.0369489 -0.0378817
0 -0.0216988 -0.0382222 -0.039452
0 -0.0222688 -0.0394675 -0.0409774
0 -0.0228239 -0.0406638 -0.0424199
0 -0.023356 -0.0417843 -0.043743
0 -0.0238506 -0.0427969 -0.0449147
0 -0.0242904 -0.0436696 -0.0459099
0 -0.0246533 -0.0443705 -0.0467056
0 -0.0249146 -0.0448697 -0.047278
0 -0.0250563 -0.0451467 -0.0476075
0 -0.0250702 -0.0451916 -0.0476802
0 -0.0249555 -0.0450006 -0.0474853
0 -0.0247186 -0.044576 -0.0470173
0 -0.024372 -0.0439262 -0.0462783
0 -0.0239296 -0.0430631 -0.045277
0 -0.0234024 -0.0420009 -0.0440276
0 -0.0227957 -0.0407532 -0.042548
0 -0.0221124 -0.0393356 -0.0408607
0 -0.021355 -0.0377655 -0.0389909
0 -0.0205293 -0.0360627 -0.0369646
0 -0.0196483 -0.0342528 -0.0348084
0 -0.0187295 -0.032364 -0.0325475
0 -0.0177925 -0.0304263 -0.0302103
0 -0.0168568 -0.0284696 -0.0278344
0 -0.0159392 -0.0265234 -0.025468
0 -0.0150506 -0.024618 -0.0231633
0 -0.014197 -0.022787 -0.0209698
0 -0.0133857 -0.0210693 -0.0189352
0 -0.0126301 -0.019507 -0.017106
0 -0.0119487 -0.0181394 -0.015523
0 -0.0113632 -0.0170009 -0.0142202
0 -0.0108974 -0.016121 -0.0132258
0 -0.0105727 -0.0155221 -0.0125602
0 -0.0104039 -0.0152193 -0.0122345
0 -0.0103984 -0.0152206 -0.0122506
0 -0.0105557 -0.0155264 -0.0126045
0 -0.0108686 -0.0161289 -0.0132889
0 -0.011322 -0.0170109 -0.0142926
0 -0.0118967 -0.0181479 -0.0156004
0 -0.012573 -0.0195125 -0.0171937
0 -0.0133321 -0.0210744 -0.0190449
0 -0.0141539 -0.0227993 -0.0211144
0 -0.0150186 -0.0246476 -0.0233521
0 -0.0159074 -0.026577 -0.0257007
0 -0.0168048 -0.0285457 -0.0281017
0 -0.0177013 -0.0305141 -0.0305028
0 -0.0185888 -0.0324441 -0.0328581
0 -0.0194557 -0.0342999 -0.0351235
0 -0.0202865 -0.0360495 -0.0372512
0 -0.021065 -0.0376656 -0.0391916
0 -0.0217783 -0.0391235 -0.0409033
0 -0.022416 -0.0403984 -0.0423589
0 -0.022969 -0.0414663 -0.0435461
0 -0.0234303 -0.0423099 -0.0444667
0 -0.0237926 -0.0429223 -0.0451294
0 -0.0240476 -0.0433063 -0.0455444
0 -0.0241887 -0.043474 -0.0457225
0 -0.0242125 -0.0434418 -0.045675
0 -0.0241202 -0.0432252 -0.045414
0 -0.0239202 -0.0428379 -0.0449545
0 -0.0236305 -0.042295 -0.0443167
0 -0.0232762 -0.0416159 -0.0435256
0 -0.0228794 -0.0408229 -0.0426049
0 -0.022454 -0.0399388 -0.0415742
0 -0.0220073 -0.0389871 -0.0404521
0 -0.0215453 -0.0379926 -0.0392612
0 -0.0210743 -0.0369778 -0.0380283
0 -0.0206018 -0.0359624 -0.0367819
0 -0.0201364 -0.0349633 -0.0355499
0 -0.0196849 -0.0339938 -0.0343548
0 -0.0192523 -0.033066 -0.033216
0 -0.0188453 -0.0321946 -0.0321527
0 -0.018472 -0.0313977 -0.0311852
0 -0.0181418 -0.0306947 -0.0303346
0 -0.0178612 -0.030101 -0.0296181
0 -0.0176301 -0.0296231 -0.0290444
0 -0.0174441 -0.0292588 -0.0286136
0 -0.0172984 -0.0290015 -0.0283205
0 -0.01719 -0.0288414 -0.0281547
0 -0.0171172 -0.0287669 -0.028101
0 -0.0170803 -0.0287673 -0.0281418
0 -0.0170823 -0.0288348 -0.0282605
0 -0.0171234 -0.0289616 -0.0284406
0 -0.0172003 -0.029139 -0.0286665
0 -0.0173079 -0.0293589 -0.0289269
0 -0.0174401 -0.0296138 -0.0292156
0 -0.0175896 -0.0298958 -0.0295294
0 -0.0177474 -0.0301956 -0.0298652
0 -0.0179023 -0.0305008 -0.0302163
0 -0.0180438 -0.0307984 -0.030573
0 -0.0181646 -0.0310765 -0.030923
0 -0.0182619 -0.0313253 -0.0312526
0 -0.0183343 -0.0315355 -0.0315454
0 -0.0183808 -0.031697 -0.0317828
0 -0.0184013 -0.0318015 -0.0319474
0 -0.0183952 -0.0318405 -0.0320238
0 -0.0183597 -0.0318049 -0.0319979
0 -0.0182928 -0.0316877 -0.0318615
0 -0.0181973 -0.0314894 -0.031616
0 -0.0180802 -0.0312185 -0.0312725
0 -0.0179484 -0.0308882 -0.0308478
0 -0.0178072 -0.0305151 -0.0303629
0 -0.0176619 -0.0301192 -0.0298429
0 -0.0175163 -0.0297205 -0.0293155
0 -0.0173731 -0.029337 -0.0288085
0 -0.0172356 -0.0289846 -0.0283484
0 -0.0171108 -0.0286803 -0.0279611
0 -0.0170096 -0.0284431 -0.0276705
0 -0.0169432 -0.0282912 -0.0274944
0 -0.0169201 -0.0282388 -0.0274429
0 -0.0169438 -0.0282935 -0.0275182
0 -0.0170138 -0.0284549 -0.0277164
0 -0.0171259 -0.0287148 -0.0280284
0 -0.017274 -0.0290592 -0.0284421
0 -0.0174544 -0.0294742 -0.0289455
0 -0.0176672 -0.0299503 -0.0295288
0 -0.0179131 -0.0304813 -0.0301824
0 -0.0181919 -0.0310638 -0.0308971
0 -0.018503 -0.0316969 -0.0316655
0 -0.0188447 -0.0323802 -0.032483
0 -0.0192124 -0.0331104 -0.0333454
0 -0.0195964 -0.0338781 -0.0342464
0 -0.0199841 -0.0346683 -0.0351765
0 -0.0203608 -0.0354608 -0.0361217
0 -0.0207103 -0.0362293 -0.0370587
0 -0.0210169 -0.0369444 -0.0379551
0 -0.0212708 -0.0375791 -0.0387733
0 -0.0214686 -0.0381102 -0.039474
0 -0.0216097 -0.0385174 -0.040019
0 -0.0216944 -0.0387822 -0.0403755
0 -0.0217228 -0.0388904 -0.0405214
0 -0.0216951 -0.0388345 -0.0404485
0 -0.0216105 -0.0386145 -0.0401619
0 -0.0214684 -0.03824 -0.0396796
0 -0.0212693 -0.0377282 -0.0390287
0 -0.0210134 -0.0371 -0.03824
0 -0.0207008 -0.0363753 -0.0373418
0 -0.0203312 -0.035569 -0.0363562
0 -0.0199072 -0.0346922 -0.0352988
0 -0.019438 -0.033755 -0.0341823
0 -0.0189367 -0.032768 -0.0330165
0 -0.0184174 -0.0317424 -0.0318092
0 -0.0178945 -0.0306922 -0.0305685
0 -0.0173805 -0.0296341 -0.029306
0 -0.016888 -0.0285882 -0.0280414
0 -0.0164307 -0.0275798 -0.0268053
0 -0.01602 -0.0266364 -0.0256356
0 -0.0156613 -0.0257836 -0.0245701
0 -0.0153549 -0.0250445 -0.0236438
0 -0.0150999 -0.024439 -0.0228869
0 -0.0148951 -0.0239809 -0.0223217
0 -0.0147423 -0.0236785 -0.0219619
0 -0.0146494 -0.0235383 -0.0218152
0 -0.0146282 -0.0235646 -0.021882
0 -0.0146907 -0.0237604 -0.0221562
0 -0.0148484 -0.0241289 -0.0226292
0 -0.0151048 -0.0246683 -0.0232886
0 -0.0154519 -0.0253679 -0.0241174
0 -0.0158736 -0.0262091 -0.0250971
0 -0.0163512 -0.0271689 -0.0262101
0 -0.0168663 -0.0282221 -0.027439
0 -0.0174028 -0.0293425 -0.028764
0 -0.0179482 -0.030505 -0.0301622
0 -0.0184947 -0.031688 -0.0316087
0 -0.0190389 -0.0328736 -0.0330777
0 -0.0195775 -0.0340471 -0.0345423
0 -0.0201062 -0.0351953 -0.0359737
0 -0.0206185 -0.0363034 -0.0373408
0 -0.0211082 -0.0373549 -0.0386135
0 -0.0215705 -0.0383317 -0.0397674
0 -0.0220004 -0.0392147 -0.0407858
0 -0.0223911 -0.0399847 -0.0416579
0 -0.0227322 -0.040625 -0.0423769
0 -0.0230114 -0.0411238 -0.0429376
0 -0.0232142 -0.0414731 -0.0433336
0 -0.0233255 -0.0416647 -0.0435554
0 -0.0233326 -0.0416893 -0.0435912
0 -0.023229 -0.0415365 -0.0434292
0 -0.0230171 -0.0411979 -0.0430603
0 -0.0227068 -0.0406693 -0.042478
0 -0.0223125 -0.039954 -0.0416801
0 -0.0218523 -0.0390661 -0.0406725
0 -0.021343 -0.0380281 -0.0394689
0 -0.0207964 -0.0368666 -0.0380905
0 -0.0202222 -0.0356108 -0.0365673
0 -0.019629 -0.0342905 -0.0349362
0 -0.0190249 -0.0329337 -0.0332372
0 -0.0184177 -0.0315667 -0.0315128
0 -0.0178162 -0.0302156 -0.0298096
0 -0.0172312 -0.0289082 -0.028178
0 -0.0166753 -0.0276747 -0.0266688
0 -0.016161 -0.0265491 -0.0253249
0 -0.0156985 -0.0255648 -0.0241762
0 -0.0152966 -0.0247495 -0.0232392
0 -0.0149651 -0.0241225 -0.0225232
0 -0.0147154 -0.0236918 -0.0220325
0 -0.0145578 -0.0234551 -0.0217671
0 -0.0145012 -0.0234062 -0.021724
0 -0.0145533 -0.0235412 -0.0218995
0 -0.0147168 -0.0238594 -0.0222882
0 -0.0149851 -0.024359 -0.0228808
0 -0.0153434 -0.0250336 -0.0236656
0 -0.0157746 -0.0258708 -0.0246309
0 -0.0162619 -0.0268515 -0.0257651
0 -0.0167894 -0.0279505 -0.027052
0 -0.0173421 -0.0291374 -0.0284676
0 -0.0179047 -0.0303784 -0.0299773
0 -0.018463 -0.0316374 -0.0315382
0 -0.0190052 -0.0328802 -0.0331038
0 -0.019521 -0.0340746 -0.0346261
0 -0.0200008 -0.0351921 -0.0360555
0 -0.0204399 -0.0362096 -0.037346
0 -0.0208379 -0.0371094 -0.0384596
0 -0.0211936 -0.0378751 -0.0393692
0 -0.0215001 -0.0384873 -0.0400577
0 -0.0217438 -0.0389262 -0.0405184
0 -0.0219088 -0.039177 -0.0407541
0 -0.0219817 -0.0392341 -0.0407747
0 -0.0219543 -0.0391024 -0.0405945
0 -0.0218264 -0.0387962 -0.0402296
0 -0.0216057 -0.0383353 -0.0396966
0 -0.0213068 -0.0377418 -0.0390126
0 -0.0209481 -0.0370371 -0.0381952
0 -0.020549 -0.0362422 -0.0372629
0 -0.0201272 -0.0353773 -0.0362352
0 -0.0196958 -0.0344623 -0.0351318
0 -0.0192648 -0.0335171 -0.0339739
0 -0.0188404 -0.0325618 -0.0327849
0 -0.0184241 -0.0316129 -0.031589
0 -0.0180124 -0.030681 -0.0304089
0 -0.0175997 -0.0297714 -0.0292659
0 -0.0171835 -0.0288883 -0.0281812
0 -0.016767 -0.0280384 -0.0271727
0 -0.0163582 -0.0272332 -0.0262518
0 -0.0159717 -0.0264916 -0.025426
0 -0.0156297 -0.0258405 -0.0247054
0 -0.0153563 -0.0253087 -0.0241037
0 -0.0151691 -0.0249183 -0.0236361
0 -0.0150759 -0.0246818 -0.0233192
0 -0.0150753 -0.0246039 -0.02317
0 -0.0151578 -0.0246827 -0.0232033
0 -0.0153089 -0.0249119 -0.023428
0 -0.0155146 -0.0252845 -0.0238471
0 -0.0157647 -0.0257928 -0.0244554
0 -0.0160522 -0.026426 -0.0252373
0 -0.0163739 -0.02717 -0.0261684
0 -0.0167297 -0.0280082 -0.0272186
0 -0.0171204 -0.0289209 -0.0283555
0 -0.0175452 -0.0298872 -0.0295475
0 -0.0180003 -0.0308853 -0.0307666
0 -0.0184781 -0.0318941 -0.0319888
0 -0.0189686 -0.0328965 -0.0331955
0 -0.0194617 -0.0338812 -0.0343731
0 -0.0199477 -0.0348413 -0.0355129
0 -0.0204182 -0.0357712 -0.0366091
0 -0.0208643 -0.0366623 -0.037655
0 -0.0212769 -0.0375017 -0.0386403
0 -0.021646 -0.0382722 -0.0395501
0 -0.0219625 -0.0389541 -0.0403647
0 -0.0222189 -0.0395276 -0.0410617
0 -0.0224102 -0.0399754 -0.041618
0 -0.0225337 -0.0402837 -0.0420117
0 -0.0225877 -0.0404418 -0.0422243
0 -0.0225731 -0.0404441 -0.042244
0 -0.0224945 -0.040293 -0.0420701
0 -0.0223579 -0.039996 -0.0417109
0 -0.0221667 -0.0395636 -0.0411807
0 -0.0219216 -0.0390078 -0.0404977
0 -0.0216234 -0.0383425 -0.0396831
0 -0.0212741 -0.0375828 -0.0387601
0 -0.0208775 -0.0367436 -0.0377497
0 -0.0204402 -0.0358394 -0.03667
0 -0.0199717 -0.0348852 -0.0355359
0 -0.0194833 -0.0338954 -0.0343597
0 -0.0189864 -0.0328839 -0.0331528
0 -0.0184924 -0.0318658 -0.0319289
0 -0.0180108 -0.0308561 -0.0307039
0 -0.0175482 -0.0298687 -0.0294957
0 -0.0171088 -0.028916 -0.0283253
0 -0.0166935 -0.0280088 -0.0272142
0 -0.0163026 -0.0271585 -0.0261831
0 -0.0159388 -0.0263796 -0.0252517
0 -0.0156066 -0.0256875 -0.0244357
0 -0.0153126 -0.0250961 -0.0237466
0 -0.0150647 -0.0246163 -0.0231921
0 -0.0148716 -0.0242557 -0.0227778
0 -0.0147444 -0.0240218 -0.0225099
0 -0.0146919 -0.0239208 -0.0223938
0 -0.0147178 -0.0239562 -0.022432
0 -0.014821 -0.0241297 -0.0226258
0 -0.0149946 -0.0244395 -0.0229744
0 -0.0152278 -0.0248786 -0.0234739
0 -0.0155083 -0.0254349 -0.0241169
0 -0.015827 -0.0260945 -0.0248942
0 -0.0161794 -0.026845 -0.0257947
0 -0.0165637 -0.0276749 -0.0268034
0 -0.0169803 -0.0285751 -0.0279033
0 -0.0174306 -0.0295383 -0.0290771
0 -0.0179152 -0.0305572 -0.0303094
0 -0.0184317 -0.0316227 -0.0315872
0 -0.0189734 -0.0327229 -0.032899
0 -0.0195275 -0.0338423 -0.0342311
0 -0.0200749 -0.0349603 -0.0355647
0 -0.0205949 -0.0360511 -0.036875
0 -0.0210719 -0.0370887 -0.0381345
0 -0.0214997 -0.0380508 -0.0393149
0 -0.0218797 -0.03892 -0.0403882
0 -0.0222183 -0.0396848 -0.0413299
0 -0.0225199 -0.040336 -0.0421194
0 -0.0227822 -0.0408641 -0.0427397
0 -0.0229973 -0.04126 -0.0431813
0 -0.0231548 -0.0415167 -0.0434436
0 -0.0232446 -0.0416301 -0.0435332
0 -0.0232582 -0.041599 -0.0434609
0 -0.0231901 -0.0414255 -0.043238
0 -0.02304 -0.0411155 -0.0428742
0 -0.0228124 -0.040677 -0.0423762
0 -0.0225156 -0.0401192 -0.0417483
0 -0.0221633 -0.0394544 -0.0409961
0 -0.0217709 -0.0386969 -0.0401279
0 -0.0213504 -0.0378597 -0.0391526
0 -0.02091 -0.0369547 -0.038081
0 -0.0204545 -0.0359941 -0.0369269
0 -0.0199866 -0.0349899 -0.0357056
0 -0.0195084 -0.0339547 -0.0344345
0 -0.019024 -0.0329022 -0.033134
0 -0.0185404 -0.0318492 -0.0318298
0 -0.018069 -0.0308177 -0.0305528
0 -0.017623 -0.0298328 -0.0293377
0 -0.0172129 -0.0289185 -0.0282177
0 -0.0168447 -0.0280962 -0.0272208
0 -0.0165209 -0.0273839 -0.0263675
0 -0.0162422 -0.0267948 -0.0256701
0 -0.0160093 -0.0263358 -0.0251343
0 -0.0158263 -0.0260095 -0.0247618
0 -0.015702 -0.0258169 -0.0245532
0 -0.0156465 -0.0257579 -0.0245064
0 -0.015666 -0.025831 -0.0246155
0 -0.0157617 -0.0260336 -0.0248714
0 -0.0159285 -0.0263609 -0.0252633
0 -0.0161565 -0.0268048 -0.0257803
0 -0.0164302 -0.0273498 -0.0264087
0 -0.0167297 -0.0279715 -0.02713
0 -0.0170357 -0.0286406 -0.0279218
0 -0.0173317 -0.0293257 -0.0287565
0 -0.0176042 -0.0299947 -0.0295997
0 -0.0178449 -0.0306189 -0.0304142
0 -0.0180523 -0.0311773 -0.031165
0 -0.01823 -0.0316569 -0.0318219
0 -0.0183838 -0.0320518 -0.0323612
0 -0.0185192 -0.0323618 -0.032768
0 -0.0186396 -0.0325903 -0.0330377
0 -0.0187432 -0.0327399 -0.0331747
0 -0.0188237 -0.0328113 -0.0331913
0 -0.0188702 -0.0328028 -0.0331032
0 -0.0188696 -0.0327106 -0.0329254
0 -0.0188125 -0.0325333 -0.0326715
0 -0.0186968 -0.032275 -0.0323529
0 -0.0185277 -0.0319445 -0.0319772
0 -0.0183179 -0.0315553 -0.0315503
0 -0.0180847 -0.0311244 -0.0310774
0 -0.0178445 -0.0306678 -0.0305626
0 -0.0176105 -0.0301987 -0.0300112
0 -0.0173937 -0.0297305 -0.0294348
0 -0.0172029 -0.0292775 -0.0288531
0 -0.0170431 -0.0288544 -0.0282918
0 -0.0169174 -0.0284787 -0.0277819
0 -0.0168278 -0.0281699 -0.0273567
0 -0.016775 -0.0279485 -0.0270469
0 -0.0167609 -0.0278339 -0.026879
0 -0.0167885 -0.0278424 -0.0268728
0 -0.0168621 -0.027985 -0.0270397
0 -0.0169865 -0.0282655 -0.0273828
0 -0.0171649 -0.028681 -0.0278961
0 -0.0173971 -0.0292207 -0.0285642
0 -0.0176799 -0.0298691 -0.0293655
0 -0.0180084 -0.0306085 -0.0302762
0 -0.0183763 -0.0314197 -0.0312716
0 -0.0187747 -0.032282 -0.0323272
0 -0.019192 -0.0331745 -0.0334182
0 -0.0196166 -0.0340778 -0.0345215
0 -0.0200394 -0.0349768 -0.0356179
0 -0.0204536 -0.035858 -0.03669
0 -0.020853 -0.0367083 -0.0377206
0 -0.0212311 -0.0375133 -0.0386908
0 -0.0215808 -0.0382572 -0.0395814
0 -0.0218946 -0.0389238 -0.0403733
0 -0.0221615 -0.0394927 -0.0410459
0 -0.0223694 -0.0399421 -0.0415781
0 -0.0225087 -0.0402538 -0.0419521
0 -0.0225728 -0.0404135 -0.042153
0 -0.0225573 -0.0404111 -0.0421677
0 -0.0224614 -0.0402423 -0.0419878
0 -0.0222884 -0.0399091 -0.0416111
0 -0.0220444 -0.0394193 -0.0410421
0 -0.021737 -0.0387844 -0.0402921
0 -0.0213758 -0.0380215 -0.0393802
0 -0.0209716 -0.0371517 -0.038332
0 -0.0205338 -0.0361977 -0.0371752
0 -0.0200698 -0.0351817 -0.0359368
0 -0.0195859 -0.0341244 -0.0346414
0 -0.0190878 -0.0330437 -0.0333119
0 -0.0185818 -0.0319557 -0.031971
0 -0.0180755 -0.0308762 -0.030642
0 -0.0175784 -0.0298213 -0.0293508
0 -0.0171035 -0.0288114 -0.0281271
0 -0.016666 -0.0278717 -0.0270022
0 -0.0162787 -0.0270293 -0.0260033
0 -0.0159502 -0.0263096 -0.0251513
0 -0.0156854 -0.0257331 -0.0244628
0 -0.0154877 -0.0253129 -0.0239514
0 -0.0153595 -0.0250542 -0.0236277
0 -0.0153021 -0.0249545 -0.0234978
0 -0.0153149 -0.0250067 -0.0235611
0 -0.0153967 -0.0252028 -0.0238106
0 -0.0155453 -0.0255358 -0.0242337
0 -0.0157577 -0.0259992 -0.0248138
0 -0.0160302 -0.0265853 -0.025533
0 -0.0163567 -0.0272822 -0.026372
0 -0.0167282 -0.0280726 -0.0273111
0 -0.0171345 -0.0289354 -0.0283317
0 -0.0175648 -0.0298481 -0.029415
0 -0.0180085 -0.0307886 -0.0305421
0 -0.0184562 -0.0317375 -0.0316936
0 -0.0188997 -0.032678 -0.0328486
0 -0.0193295 -0.0335949 -0.0339841
0 -0.0197369 -0.0344744 -0.0350757
0 -0.0201152 -0.035303 -0.0361006
0 -0.0204596 -0.036066 -0.037037
0 -0.0207659 -0.036747 -0.037864
0 -0.0210312 -0.0373302 -0.0385641
0 -0.0212527 -0.0378026 -0.0391242
0 -0.021427 -0.0381544 -0.039535
0 -0.0215479 -0.0383788 -0.0397906
0 -0.0216089 -0.0384717 -0.0398881
0 -0.0216044 -0.0384323 -0.0398289
0 -0.0215315 -0.0382626 -0.0396176
0 -0.0213905 -0.0379662 -0.0392612
0 -0.021185 -0.0375493 -0.0387685
0 -0.0209228 -0.0370218 -0.0381502
0 -0.0206142 -0.0363968 -0.0374183
0 -0.0202698 -0.0356898 -0.0365853
0 -0.0199 -0.0349177 -0.0356653
0 -0.0195156 -0.0340988 -0.0346751
0 -0.0191269 -0.0332524 -0.0336349
0 -0.0187429 -0.0323973 -0.0325684
0 -0.0183692 -0.0315506 -0.031501
0 -0.0180088 -0.0307276 -0.0304591
0 -0.0176636 -0.0299425 -0.0294698
0 -0.0173354 -0.0292084 -0.0285593
0 -0.0170266 -0.0285379 -0.027749
0 -0.0167408 -0.0279437 -0.0270531
0 -0.016484 -0.0274381 -0.0264792
0 -0.0162645 -0.027032 -0.0260298
0 -0.016092 -0.0267334 -0.0257045
0 -0.015976 -0.0265462 -0.025502
0 -0.015924 -0.0264714 -0.0254212
0 -0.0159395 -0.0265077 -0.0254616
0 -0.0160208 -0.0266523 -0.0256219
0 -0.0161614 -0.026901 -0.0259003
0 -0.016351 -0.0272482 -0.0262935
0 -0.0165785 -0.0276859 -0.0267965
0 -0.0168338 -0.0282042 -0.0274022
0 -0.0171096 -0.0287909 -0.0281005
0 -0.0174013 -0.029433 -0.0288783
0 -0.0177065 -0.0301167 -0.0297187
0 -0.018023 -0.0308279 -0.0306019
0 -0.0183487 -0.0315532 -0.0315068
0 -0.0186806 -0.0322797 -0.0324126
0 -0.0190138 -0.0329954 -0.0332994
0 -0.0193416 -0.033689 -0.0341494
0 -0.0196567 -0.0343493 -0.0349471
0 -0.0199514 -0.0349639 -0.0356805
0 -0.0202187 -0.0355206 -0.0363399
0 -0.0204521 -0.0360073 -0.0369165
0 -0.0206463 -0.036414 -0.037402
0 -0.0207972 -0.036733 -0.0377884
0 -0.0209019 -0.0369593 -0.0380682
0 -0.0209593 -0.0370903 -0.0382352
0 -0.0209695 -0.0371249 -0.0382852
0 -0.0209344 -0.0370639 -0.0382173
0 -0.0208573 -0.0369101 -0.0380342
0 -0.0207418 -0.0366677 -0.0377416
0 -0.0205914 -0.0363431 -0.0373476
0 -0.0204093 -0.0359444 -0.0368624
0 -0.0201985 -0.0354814 -0.036298
0 -0.0199626 -0.0349652 -0.0356672
0 -0.0197058 -0.0344071 -0.0349833
0 -0.0194334 -0.0338189 -0.0342605
0 -0.0191514 -0.0332118 -0.0335136
0 -0.0188657 -0.032597 -0.0327577
0 -0.0185817 -0.0319858 -0.0320075
0 -0.0183044 -0.0313895 -0.0312771
0 -0.0180384 -0.0308192 -0.03058
0 -0.0177885 -0.0302855 -0.0299298
0 -0.0175593 -0.029798 -0.0293391
0 -0.0173553 -0.0293658 -0.028819
0 -0.0171807 -0.028997 -0.0283787
0 -0.0170391 -0.0286989 -0.0280251
0 -0.0169333 -0.0284773 -0.0277631
0 -0.0168654 -0.028336 -0.0275961
0 -0.0168366 -0.0282768 -0.0275253
0 -0.0168473 -0.0282995 -0.0275509
0 -0.0168968 -0.0284019 -0.027671
0 -0.0169829 -0.02858 -0.0278821
0 -0.0171025 -0.0288287 -0.0281786
0 -0.0172516 -0.0291416 -0.0285534
0 -0.017426 -0.029511 -0.0289977
0 -0.0176211 -0.0299283 -0.0295015
0 -0.0178328 -0.030384 -0.0300537
0 -0.018057 -0.0308678 -0.0306426
0 -0.0182896 -0.0313695 -0.0312558
0 -0.0185263 -0.0318787 -0.0318809
0 -0.0187623 -0.0323856 -0.0325052
0 -0.0189929 -0.0328809 -0.0331162
0 -0.0192133 -0.033356 -0.0337016
0 -0.0194188 -0.0338024 -0.0342499
0 -0.0196059 -0.0342121 -0.034751
0 -0.0197716 -0.034577 -0.0351964
0 -0.0199137 -0.0348901 -0.0355789
0 -0.0200303 -0.0351455 -0.0358923
0 -0.0201197 -0.0353391 -0.036131
0 -0.0201803 -0.0354686 -0.0362909
0 -0.0202111 -0.0355329 -0.0363698
0 -0.0202115 -0.0355319 -0.0363671
0 -0.0201818 -0.0354666 -0.0362846
0 -0.0201231 -0.035339 -0.036126
0 -0.020037 -0.0351524 -0.0358963
0 -0.0199257 -0.0349113 -0.0356017
0 -0.0197918 -0.0346216 -0.0352489
0 -0.0196385 -0.0342905 -0.0348456
0 -0.0194693 -0.0339255 -0.0343998
0 -0.019288 -0.0335346 -0.0339207
0 -0.0190988 -0.0331256 -0.033418
0 -0.0189056 -0.0327066 -0.0329025
0 -0.018712 -0.0322855 -0.0323844
0 -0.0185215 -0.0318709 -0.031874
0 -0.0183371 -0.0314706 -0.0313812
0 -0.0181621 -0.0310922 -0.0309158
0 -0.0179996 -0.0307426 -0.0304871
0 -0.0178528 -0.0304279 -0.0301035
0 -0.0177246 -0.0301538 -0.029772
0 -0.0176173 -0.0299255 -0.0294984
0 -0.0175332 -0.0297473 -0.0292864
0 -0.0174738 -0.0296225 -0.0291386
0 -0.0174405 -0.0295532 -0.0290563
0 -0.0174339 -0.0295398 -0.0290398
0 -0.0174538 -0.0295814 -0.0290883
