0 -0.0174945 -0.0296707 -0.0291949
0 -0.0175468 -0.0297953 -0.0293477
0 -0.0176112 -0.0299513 -0.0295424
0 -0.0176932 -0.0301394 -0.0297784
0 -0.0177924 -0.0303558 -0.0300489
0 -0.0179059 -0.0305962 -0.0303456
0 -0.0180326 -0.0308583 -0.0306635
0 -0.0181654 -0.031134 -0.0309933
0 -0.0182947 -0.0314107 -0.0313235
0 -0.0184204 -0.0316841 -0.0316519
0 -0.0185471 -0.0319544 -0.0319802
0 -0.0186668 -0.0322108 -0.0322971
0 -0.018766 -0.0324375 -0.0325845
0 -0.0188499 -0.0326364 -0.0328414
0 -0.0189384 -0.0328258 -0.0330818
0 -0.0190414 -0.0330172 -0.0333133
0 -0.0191533 -0.0332104 -0.033533
0 -0.0192646 -0.0334016 -0.0337384
0 -0.0193617 -0.03358 -0.0339245
0 -0.019418 -0.0337159 -0.0340706
0 -0.0194188 -0.0337843 -0.0341604
0 -0.0193838 -0.0337912 -0.0342028
0 -0.0193241 -0.0337371 -0.0341921
0 -0.0192224 -0.0335991 -0.0340914
0 -0.0190766 -0.0333713 -0.0338778
0 -0.0189075 -0.0330714 -0.033555
0 -0.0187387 -0.032722 -0.0331384
0 -0.0186013 -0.0323603 -0.0326656
0 -0.0185221 -0.0320303 -0.0321881
0 -0.0184939 -0.0317518 -0.0317392
0 -0.0184823 -0.0315204 -0.0313352
0 -0.0184612 -0.0313325 -0.030999
0 -0.0184325 -0.0312004 -0.0307702
0 -0.0184036 -0.0311334 -0.0306759
0 -0.0183552 -0.0311082 -0.0306943
0 -0.0182729 -0.0310989 -0.0307844
0 -0.0181732 -0.0311024 -0.0309178
0 -0.018066 -0.0311032 -0.031051
0 -0.0179662 -0.0310902 -0.0311471
0 -0.0179339 -0.0311048 -0.0312268
0 -0.0180076 -0.0311849 -0.031315
0 -0.0181319 -0.0312912 -0.0313709
0 -0.0182079 -0.0313408 -0.0313271
0 -0.0181887 -0.031286 -0.0311671
0 -0.0181103 -0.0311476 -0.0309461
0 -0.0180372 -0.030979 -0.0307377
0 -0.0180037 -0.0308239 -0.0305809
0 -0.0180374 -0.0307418 -0.0305102
0 -0.0181961 -0.0308378 -0.0306018
0 -0.0185189 -0.0312038 -0.0309336
0 -0.0189772 -0.0318564 -0.0315359
0 -0.0194871 -0.0327333 -0.03239
0 -0.0199152 -0.0336848 -0.033407
0 -0.0201443 -0.0345338 -0.0344643
0 -0.0201785 -0.035193 -0.0354933
0 -0.0201263 -0.0356806 -0.0364719
0 -0.0200956 -0.0360487 -0.03735
0 -0.0201323 -0.0363347 -0.0380282
0 -0.0202356 -0.0365585 -0.0384136
0 -0.0204093 -0.0367474 -0.0384998
0 -0.0206745 -0.0369396 -0.0383834
0 -0.0210166 -0.0371421 -0.0381898
0 -0.0213537 -0.0373098 -0.0380008
0 -0.0215821 -0.0373855 -0.0378527
0 -0.0216226 -0.0373293 -0.0377467
0 -0.0214259 -0.0371064 -0.0376376
0 -0.020978 -0.036678 -0.0374361
0 -0.0203251 -0.0360251 -0.0370501
0 -0.0196132 -0.0352102 -0.0364585
0 -0.0190616 -0.0343936 -0.0357395
0 -0.0188246 -0.0337329 -0.0349872
0 -0.0188953 -0.0332911 -0.0342427
0 -0.0191385 -0.0330351 -0.0335094
0 -0.0193666 -0.0328623 -0.0327809
0 -0.019424 -0.0326483 -0.0320731
0 -0.0192498 -0.0323056 -0.0314407
0 -0.0188574 -0.0317914 -0.0309209
0 -0.0182755 -0.031084 -0.0304654
0 -0.0175511 -0.0301967 -0.0299643
0 -0.016781 -0.0292026 -0.0293244
0 -0.0160924 -0.0282078 -0.0285039
0 -0.0155913 -0.0273044 -0.0275083
0 -0.0153178 -0.026533 -0.026374
0 -0.0152424 -0.0258831 -0.0251687
0 -0.0153113 -0.0253428 -0.024014
0 -0.015455 -0.0249098 -0.0230503
0 -0.0155696 -0.024565 -0.0223656
0 -0.0155718 -0.0243017 -0.0219995
0 -0.0154496 -0.0241498 -0.021965
0 -0.0152362 -0.0241347 -0.0222253
0 -0.0150073 -0.0242752 -0.0227189
0 -0.01491 -0.0246357 -0.0234347
0 -0.0151051 -0.0253092 -0.0244048
0 -0.0156408 -0.0263224 -0.0256173
0 -0.0164128 -0.0275944 -0.0269853
0 -0.0172417 -0.0289818 -0.0283991
0 -0.0179677 -0.0303357 -0.0297787
0 -0.0184937 -0.031526 -0.0310742
0 -0.01879 -0.0324572 -0.0322455
0 -0.0189156 -0.0331192 -0.0332833
0 -0.019027 -0.0336298 -0.0342413
0 -0.0193085 -0.0341905 -0.0352085
0 -0.0198601 -0.034978 -0.0362422
0 -0.0206729 -0.0360887 -0.0373728
0 -0.0216663 -0.0375288 -0.0386408
0 -0.0226754 -0.0391657 -0.0400456
0 -0.0234859 -0.0407493 -0.0415163
0 -0.0239633 -0.0420535 -0.0429763
0 -0.0241017 -0.04296 -0.0443524
0 -0.0239587 -0.0434302 -0.0455131
0 -0.0236232 -0.0434896 -0.0462828
0 -0.023247 -0.0432572 -0.0465517
0 -0.0229834 -0.0428789 -0.0463003
0 -0.0228172 -0.0423492 -0.0454827
0 -0.0225661 -0.041495 -0.0440216
0 -0.0220801 -0.0401633 -0.0419475
0 -0.0213208 -0.0383144 -0.0394063
0 -0.0203117 -0.0359988 -0.0365523
0 -0.0191485 -0.0333796 -0.0335403
0 -0.0180281 -0.0307591 -0.0305822
0 -0.0171298 -0.0284473 -0.0278802
0 -0.0164645 -0.0265827 -0.0255148
0 -0.0159524 -0.0251676 -0.0235203
0 -0.01559 -0.0242156 -0.0220256
0 -0.0153689 -0.0236898 -0.0211385
0 -0.0150876 -0.0233392 -0.0207112
0 -0.014482 -0.0228242 -0.0204197
0 -0.0135227 -0.0220011 -0.0200418
0 -0.0124591 -0.0209915 -0.0195478
0 -0.0116236 -0.0200369 -0.018998
0 -0.0112701 -0.0193784 -0.0184745
0 -0.01151 -0.0192017 -0.0180788
0 -0.0122844 -0.0195902 -0.0179252
0 -0.0133883 -0.0205017 -0.0181295
0 -0.0145444 -0.0217849 -0.0187914
0 -0.0155566 -0.0232992 -0.0200296
0 -0.0164044 -0.025019 -0.0219789
0 -0.0171701 -0.0269944 -0.0246839
0 -0.0179364 -0.0292668 -0.0280275
0 -0.0187688 -0.0318415 -0.0317903
0 -0.0197195 -0.0346798 -0.0357399
0 -0.0207978 -0.0376704 -0.0396393
0 -0.021958 -0.0406292 -0.0432437
0 -0.0231167 -0.0433328 -0.0463419
0 -0.0241661 -0.0455582 -0.0487792
0 -0.0250013 -0.0471343 -0.0504605
0 -0.0255943 -0.0480279 -0.0513984
0 -0.026038 -0.0483923 -0.0517487
0 -0.0264759 -0.048495 -0.0517487
0 -0.0269436 -0.0485349 -0.0515686
0 -0.0272671 -0.0484845 -0.051195
0 -0.0271912 -0.0481518 -0.0505135
0 -0.0266101 -0.0473796 -0.0494833
0 -0.0256032 -0.0461093 -0.0481378
0 -0.0243077 -0.0443281 -0.0464652
0 -0.0228472 -0.0420644 -0.0443815
0 -0.0213277 -0.039407 -0.0417906
0 -0.0198208 -0.0364703 -0.0386326
0 -0.0183482 -0.03334 -0.0349073
0 -0.0169414 -0.0301054 -0.0307294
0 -0.0157352 -0.026956 -0.0264027
0 -0.0149106 -0.0241583 -0.0223688
0 -0.0145068 -0.0218995 -0.0190092
0 -0.0143376 -0.0201951 -0.0165012
0 -0.0141203 -0.0189545 -0.0148497
0 -0.013637 -0.0180662 -0.0139552
0 -0.0128035 -0.0174099 -0.0136385
0 -0.0117009 -0.0168833 -0.0136932
0 -0.0105624 -0.0164486 -0.0139495
0 -0.00970819 -0.0161713 -0.014324
0 -0.00940261 -0.0161682 -0.0147816
0 -0.0097112 -0.016502 -0.0152599
0 -0.010542 -0.0171991 -0.0157351
0 -0.0117565 -0.0183024 -0.016315
0 -0.0131743 -0.0198099 -0.0171837
0 -0.014543 -0.0215903 -0.0184721
0 -0.0156515 -0.0234692 -0.0202511
0 -0.0164837 -0.0253989 -0.0225982
0 -0.0171681 -0.0274454 -0.0255319
0 -0.0178322 -0.029669 -0.0289211
0 -0.0185463 -0.0320655 -0.0325231
0 -0.0193358 -0.0345672 -0.0360713
0 -0.0202166 -0.0370792 -0.0393387
0 -0.0211929 -0.0394862 -0.0421631
0 -0.0222338 -0.0416484 -0.0444564
0 -0.02326 -0.0434199 -0.0461843
0 -0.0241625 -0.0446886 -0.0473469
0 -0.0248576 -0.0454294 -0.0479899
0 -0.0252992 -0.0456957 -0.0481846
0 -0.0254789 -0.045587 -0.0480105
0 -0.0254419 -0.0452346 -0.0475693
0 -0.0253049 -0.044806 -0.0470146
0 -0.0252359 -0.0444969 -0.0465522
0 -0.025336 -0.0444358 -0.0463374
0 -0.0255315 -0.0445812 -0.0463639
0 -0.025651 -0.0447785 -0.0465133
0 -0.0256108 -0.0449218 -0.0467086
0 -0.0254439 -0.0449845 -0.0469311
0 -0.0251619 -0.0449022 -0.0470885
0 -0.0246716 -0.0445006 -0.0469446
0 -0.0238538 -0.0435679 -0.0462085
0 -0.0227117 -0.0420009 -0.0447021
0 -0.0214279 -0.0398907 -0.0424575
0 -0.0202293 -0.0374378 -0.039635
0 -0.0192208 -0.0348178 -0.0363955
0 -0.0183801 -0.0321602 -0.032883
0 -0.0176487 -0.0295872 -0.0292717
0 -0.0170141 -0.0272476 -0.0258258
0 -0.0165306 -0.0253222 -0.0229046
0 -0.0162792 -0.0239962 -0.0208749
0 -0.0162664 -0.0233767 -0.0199561
0 -0.0163228 -0.0233776 -0.0200708
0 -0.0161613 -0.0237182 -0.0208631
0 -0.0155988 -0.0240814 -0.0219071
0 -0.0146992 -0.0242588 -0.0228851
0 -0.0136889 -0.0241493 -0.0235809
0 -0.0127795 -0.0236961 -0.0237998
0 -0.0120744 -0.022872 -0.0233556
0 -0.0115854 -0.0217065 -0.0221315
0 -0.011345 -0.0203585 -0.020213
0 -0.0114967 -0.0191606 -0.0179912
0 -0.0122571 -0.0185764 -0.0161264
0 -0.0137069 -0.0189984 -0.0153056
0 -0.0155844 -0.0205034 -0.0159293
0 -0.0174608 -0.0229351 -0.0181027
0 -0.0190739 -0.026142 -0.0218024
0 -0.020376 -0.0299851 -0.0268585
0 -0.0213823 -0.0342117 -0.0328537
0 -0.0221078 -0.0384523 -0.0391893
0 -0.0226336 -0.0423636 -0.0452454
0 -0.0231113 -0.0457167 -0.0504481
0 -0.0236506 -0.0483442 -0.0543033
0 -0.0242561 -0.0500919 -0.0564755
0 -0.0248821 -0.0508626 -0.0568852
0 -0.0254749 -0.0506639 -0.0557298
0 -0.0259372 -0.0495898 -0.0533774
0 -0.0260998 -0.0477714 -0.0502254
0 -0.0258129 -0.0453947 -0.0466613
0 -0.0250577 -0.0427231 -0.0430624
0 -0.0239356 -0.0400295 -0.0397356
0 -0.0225972 -0.0375179 -0.0368729
0 -0.0211937 -0.0353003 -0.0345497
0 -0.019842 -0.0334013 -0.0327277
0 -0.0185944 -0.0317628 -0.0312611
0 -0.0174475 -0.0302741 -0.029943
0 -0.0163755 -0.0288117 -0.0285659
0 -0.0153529 -0.0272651 -0.0269621
0 -0.0143719 -0.0255636 -0.0250374
0 -0.0134422 -0.0236867 -0.02278
0 -0.0126124 -0.021697 -0.0202842
0 -0.0119988 -0.01978 -0.0177801
0 -0.0116964 -0.0181602 -0.0155439
0 -0.0116666 -0.0169728 -0.013773
0 -0.0117616 -0.0162447 -0.0125713
0 -0.0118457 -0.0159633 -0.012007
0 -0.0119205 -0.0161709 -0.012186
0 -0.0121183 -0.0169638 -0.0132294
0 -0.0125528 -0.018376 -0.015143
0 -0.0132473 -0.0203417 -0.0177836
0 -0.0141939 -0.0227695 -0.0209634
0 -0.0154046 -0.0255991 -0.0245374
0 -0.0168937 -0.0287912 -0.0284126
0 -0.0186044 -0.0322556 -0.0324855
0 -0.0203831 -0.0358163 -0.0366023
0 -0.0220728 -0.039286 -0.040613
0 -0.0235804 -0.0425207 -0.0444019
0 -0.0248475 -0.0453927 -0.0478456
0 -0.0258363 -0.0477866 -0.0508053
0 -0.0265514 -0.0496342 -0.0531636
0 -0.0270324 -0.0509171 -0.0548401
0 -0.0273324 -0.0516529 -0.0557979
0 -0.0275242 -0.0519093 -0.0560739
0 -0.0277027 -0.0518165 -0.0557987
0 -0.0279393 -0.0515303 -0.0551592
0 -0.0282251 -0.0511668 -0.05433
0 -0.0284702 -0.0507713 -0.0534388
0 -0.0285225 -0.0502969 -0.052534
0 -0.0281939 -0.0495926 -0.0515545
0 -0.0273362 -0.0484567 -0.0503552
0 -0.0259268 -0.0467271 -0.0487687
0 -0.0240915 -0.044347 -0.046651
0 -0.0220324 -0.0413584 -0.0438823
0 -0.019934 -0.0378571 -0.0403655
0 -0.0179174 -0.0339625 -0.0360635
0 -0.0160629 -0.0298291 -0.0310592
0 -0.0144465 -0.0256595 -0.0255866
0 -0.0131214 -0.021662 -0.0200032
0 -0.0121001 -0.018016 -0.0147514
0 -0.0113488 -0.0148694 -0.0102831
0 -0.0107898 -0.0123471 -0.00694861
0 -0.0103314 -0.0105632 -0.00492477
0 -0.00990301 -0.00960746 -0.00420517
0 -0.00947679 -0.00950561 -0.00463602
0 -0.00907821 -0.0101774 -0.00597232
0 -0.00878801 -0.0114379 -0.00794072
0 -0.00870707 -0.0130402 -0.0102677
0 -0.00889544 -0.014729 -0.0126782
0 -0.00935448 -0.0163102 -0.0149218
0 -0.0100618 -0.0177169 -0.0168307
0 -0.0109777 -0.018994 -0.0183432
0 -0.012027 -0.0202214 -0.019488
0 -0.0131243 -0.0214688 -0.0203866
0 -0.0141814 -0.0227554 -0.0212153
0 -0.0150867 -0.0240164 -0.02212
0 -0.0157504 -0.0251614 -0.0231906
0 -0.0161664 -0.0261621 -0.0244739
0 -0.0164124 -0.0270733 -0.0259678
0 -0.016596 -0.0279869 -0.0276085
0 -0.0168138 -0.0289795 -0.0292949
0 -0.0171941 -0.0301494 -0.0309925
0 -0.0179001 -0.0316329 -0.0327751
0 -0.0189762 -0.033473 -0.0346931
0 -0.0202099 -0.0354751 -0.036628
0 -0.0212314 -0.0372679 -0.0383337
0 -0.0217475 -0.0384979 -0.0395907
0 -0.0216048 -0.0388889 -0.0402081
0 -0.0207557 -0.038235 -0.0399667
0 -0.0192893 -0.0364697 -0.0386705
0 -0.017425 -0.0336985 -0.036211
0 -0.0154125 -0.0301329 -0.0325725
0 -0.0134216 -0.0259912 -0.0278146
0 -0.0115014 -0.0214381 -0.0220593
0 -0.00960994 -0.0165759 -0.015509
0 -0.00766398 -0.0114555 -0.00847746
0 -0.00556352 -0.00609114 -0.00134695
0 -0.00320368 -0.000502733 0.00554435
0 -0.000479695 0.00525107 0.0120152
0 0.0026718 0.011066 0.01805
0 0.00612605 0.0167016 0.0236201
0 0.00950862 0.0217421 0.028541
0 0.0123537 0.0257435 0.0325372
0 0.0142322 0.0283357 0.035299
0 0.0147613 0.029192 0.0364524
0 0.0136732 0.028021 0.0355884
0 0.0109747 0.0246391 0.0323845
0 0.00699595 0.0190471 0.0266981
0 0.00222219 0.0114217 0.0185447
0 -0.00291756 0.00206707 0.00806569
0 -0.00816103 -0.00864541 -0.00444942
0 -0.0134452 -0.0203707 -0.0185892
0 -0.0188641 -0.0328279 -0.0338852
0 -0.0246067 -0.0458243 -0.049843
0 -0.0309157 -0.0593066 -0.065995
0 -0.0380255 -0.0733107 -0.082004
0 -0.0461055 -0.0878653 -0.0977389
0 -0.0551416 -0.102883 -0.113192
0 -0.0648607 -0.118136 -0.128374
0 -0.0748542 -0.133353 -0.143296
0 -0.0847552 -0.14827 -0.157953
0 -0.0942782 -0.162647 -0.172307
0 -0.103068 -0.176168 -0.186136
0 -0.110671 -0.188446 -0.198998
0 -0.116673 -0.199131 -0.210381
0 -0.120792 -0.207981 -0.219867
0 -0.122989 -0.214909 -0.227262
0 -0.123444 -0.219882 -0.232527
0 -0.122419 -0.222742 -0.235575
0 -0.120254 -0.223244 -0.236265
0 -0.117408 -0.221248 -0.234511
0 -0.114438 -0.216908 -0.230372
0 -0.111746 -0.210693 -0.223954
0 -0.109418 -0.203335 -0.215445
0 -0.107552 -0.195849 -0.205499
0 -0.106415 -0.189298 -0.195331
0 -0.106072 -0.184279 -0.18622
0 -0.105997 -0.180552 -0.178899
0 -0.105337 -0.177372 -0.17348
0 -0.103756 -0.174374 -0.170015
0 -0.10163 -0.171808 -0.168655
0 -0.0992069 -0.169763 -0.168932
0 -0.0961881 -0.167716 -0.169507
0 -0.0924435 -0.165158 -0.169106
0 -0.0886055 -0.162212 -0.167375
0 -0.0856057 -0.159319 -0.164609
0 -0.0839753 -0.156717 -0.161148
0 -0.0837133 -0.15442 -0.157253
0 -0.0842971 -0.152236 -0.153055
0 -0.0848379 -0.149769 -0.148514
0 -0.0846222 -0.146738 -0.1437
0 -0.0834493 -0.14317 -0.138942
0 -0.0814992 -0.139278 -0.134617
0 -0.0790672 -0.135296 -0.130923
0 -0.0763319 -0.131337 -0.127735
0 -0.0733451 -0.127412 -0.124701
0 -0.0702411 -0.123605 -0.121552
0 -0.0672511 -0.120056 -0.118206
0 -0.064625 -0.116874 -0.114737
0 -0.0627243 -0.114269 -0.111492
0 -0.0619841 -0.112589 -0.109035
0 -0.0625652 -0.112073 -0.107796
0 -0.064 -0.112534 -0.107701
0 -0.0653086 -0.113352 -0.108176
0 -0.0655881 -0.113813 -0.108558
0 -0.0644919 -0.113429 -0.10844
0 -0.0623206 -0.112087 -0.107756
0 -0.0597894 -0.110065 -0.106695
0 -0.0575954 -0.107836 -0.105454
0 -0.0560629 -0.105747 -0.103998
0 -0.0552254 -0.103981 -0.102208
0 -0.0549992 -0.102613 -0.100085
0 -0.0550595 -0.101427 -0.0976072
0 -0.0550345 -0.1001 -0.0948371
0 -0.0548989 -0.0986139 -0.0921851
0 -0.0548771 -0.0972421 -0.0902137
0 -0.0551491 -0.0963208 -0.0893077
0 -0.0558318 -0.0962271 -0.0896716
0 -0.0570538 -0.0973986 -0.0914594
0 -0.0589432 -0.100245 -0.0948367
0 -0.0616203 -0.105045 -0.10002
0 -0.0650839 -0.111777 -0.107159
0 -0.0690883 -0.120023 -0.116155
0 -0.073395 -0.129285 -0.12682
0 -0.0780317 -0.139347 -0.139042
0 -0.0831246 -0.150164 -0.15261
0 -0.0886725 -0.161625 -0.167047
0 -0.0944959 -0.173429 -0.181638
0 -0.100323 -0.185134 -0.195597
0 -0.105929 -0.196304 -0.208312
0 -0.111193 -0.206626 -0.219468
0 -0.116079 -0.215926 -0.229023
0 -0.120626 -0.224168 -0.237142
0 -0.124887 -0.231384 -0.244073
0 -0.128799 -0.237558 -0.249971
0 -0.132186 -0.242604 -0.254853
0 -0.134786 -0.246366 -0.2586
0 -0.13624 -0.24858 -0.260933
0 -0.136182 -0.248918 -0.261476
0 -0.134431 -0.247084 -0.259868
0 -0.131173 -0.242909 -0.255857
0 -0.126917 -0.236478 -0.249363
0 -0.122296 -0.228224 -0.24054
0 -0.117869 -0.218866 -0.229787
0 -0.11397 -0.20918 -0.217709
0 -0.110681 -0.199753 -0.205022
0 -0.107941 -0.190943 -0.192535
0 -0.105618 -0.182917 -0.18109
0 -0.103519 -0.175718 -0.171369
0 -0.101438 -0.169366 -0.163749
0 -0.099216 -0.163926 -0.158284
0 -0.0967547 -0.159492 -0.154746
0 -0.0940279 -0.15612 -0.152711
0 -0.0910794 -0.153744 -0.151651
0 -0.0880053 -0.152102 -0.151037
0 -0.0849803 -0.150815 -0.15046
0 -0.0822801 -0.14956 -0.149712
0 -0.0802386 -0.148208 -0.148766
0 -0.0791569 -0.146871 -0.147707
0 -0.0791674 -0.145813 -0.146644
0 -0.0801692 -0.145348 -0.145704
0 -0.0818908 -0.145753 -0.145091
0 -0.0840003 -0.147179 -0.145129
0 -0.0862261 -0.149644 -0.146256
0 -0.0884173 -0.153066 -0.148917
0 -0.0904777 -0.157258 -0.153356
0 -0.0922834 -0.161932 -0.15944
0 -0.0937099 -0.166765 -0.166657
0 -0.0946936 -0.171454 -0.174236
0 -0.0952434 -0.175695 -0.181323
0 -0.0954523 -0.179183 -0.187148
0 -0.0955068 -0.181684 -0.191154
0 -0.0956334 -0.183092 -0.193086
0 -0.0959997 -0.183421 -0.193
0 -0.0966224 -0.182793 -0.191185
0 -0.0973691 -0.181433 -0.188102
0 -0.0980407 -0.179634 -0.184323
0 -0.0984401 -0.17766 -0.180416
0 -0.098418 -0.175679 -0.17687
0 -0.097915 -0.173791 -0.174058
0 -0.0969848 -0.172092 -0.172197
0 -0.0958005 -0.170706 -0.171339
0 -0.0946309 -0.169804 -0.171403
0 -0.0937599 -0.169543 -0.172221
0 -0.0933381 -0.169938 -0.173517
0 -0.093281 -0.170755 -0.174896
0 -0.0933895 -0.171631 -0.17597
0 -0.0935292 -0.172269 -0.176532
0 -0.0935949 -0.172441 -0.17648
0 -0.0933844 -0.171891 -0.175659
0 -0.0926605 -0.170385 -0.173874
0 -0.0913607 -0.167884 -0.17106
0 -0.0896108 -0.164534 -0.167309
0 -0.0875849 -0.160538 -0.162764
0 -0.0853875 -0.15605 -0.157543
0 -0.0829841 -0.151096 -0.151679
0 -0.0803088 -0.145671 -0.14522
0 -0.0773904 -0.139851 -0.138326
0 -0.0743119 -0.13376 -0.131216
0 -0.0711845 -0.127564 -0.124133
0 -0.0681923 -0.121517 -0.117378
0 -0.0655652 -0.115945 -0.111281
0 -0.0635195 -0.111178 -0.10615
0 -0.0622162 -0.107512 -0.102237
0 -0.0617281 -0.105161 -0.0997082
0 -0.0620424 -0.104278 -0.0986736
0 -0.063097 -0.10499 -0.0992446
0 -0.0647881 -0.107372 -0.101537
0 -0.0669333 -0.111318 -0.10558
0 -0.0692827 -0.116489 -0.111251
0 -0.0716225 -0.12243 -0.118297
0 -0.0738777 -0.128748 -0.126409
0 -0.0761318 -0.135226 -0.135237
0 -0.0785413 -0.141805 -0.144369
0 -0.0812041 -0.148455 -0.153345
0 -0.0841134 -0.155096 -0.161732
0 -0.0871999 -0.161592 -0.169208
0 -0.0903518 -0.167741 -0.175611
0 -0.093418 -0.173282 -0.180925
0 -0.0962178 -0.177945 -0.185208
0 -0.098542 -0.181492 -0.188507
0 -0.100174 -0.183753 -0.190798
0 -0.100946 -0.18466 -0.191995
0 -0.100807 -0.184271 -0.192001
0 -0.0998445 -0.182739 -0.190753
0 -0.0982254 -0.180215 -0.188218
0 -0.0961133 -0.176773 -0.184378
0 -0.093647 -0.172436 -0.179265
0 -0.0909442 -0.167235 -0.172986
0 -0.0881024 -0.161268 -0.165731
0 -0.08522 -0.154733 -0.157765
0 -0.0823939 -0.147914 -0.149424
0 -0.0796645 -0.141086 -0.141055
0 -0.0769895 -0.134434 -0.132945
0 -0.0742754 -0.128051 -0.125285
0 -0.0714283 -0.121958 -0.118189
0 -0.0684036 -0.116161 -0.111724
0 -0.0652248 -0.110676 -0.105918
0 -0.0619751 -0.105546 -0.100761
0 -0.0587728 -0.100828 -0.0962102
0 -0.0557223 -0.096562 -0.0921689
0 -0.0528753 -0.0927248 -0.0884925
0 -0.0502411 -0.0892387 -0.0850279
0 -0.0478295 -0.0860136 -0.0816722
0 -0.0456743 -0.0829842 -0.0784013
0 -0.0438183 -0.0801175 -0.0752503
0 -0.0422897 -0.0774055 -0.0722769
0 -0.0410871 -0.0748595 -0.0695321
0 -0.040192 -0.0725229 -0.067063
0 -0.039646 -0.0705435 -0.0649879
0 -0.0395782 -0.069191 -0.063532
0 -0.040113 -0.068762 -0.0629559
0 -0.0413083 -0.0695177 -0.0635197
0 -0.0431556 -0.0716648 -0.0654865
0 -0.0456109 -0.0753434 -0.0691187
0 -0.0486396 -0.0806249 -0.0746601
0 -0.0522126 -0.0874811 -0.0822613
0 -0.0562458 -0.0957372 -0.0918728
0 -0.0605904 -0.105094 -0.103212
0 -0.0651112 -0.115237 -0.115821
0 -0.0697334 -0.125891 -0.129143
0 -0.0744474 -0.136815 -0.142608
0 -0.0793013 -0.147812 -0.155709
0 -0.0843505 -0.158705 -0.168068
0 -0.0896166 -0.169311 -0.179468
0 -0.0950636 -0.17943 -0.189837
0 -0.100573 -0.188837 -0.199177
0 -0.105941 -0.1973 -0.207503
0 -0.110912 -0.20462 -0.21481
0 -0.115237 -0.210701 -0.221075
0 -0.118709 -0.215534 -0.226238
0 -0.121145 -0.219111 -0.230179
0 -0.122397 -0.221387 -0.232751
0 -0.12241 -0.222293 -0.23383
0 -0.121286 -0.221753 -0.233341
0 -0.119268 -0.219693 -0.231237
0 -0.116667 -0.21607 -0.227475
0 -0.11375 -0.210944 -0.222006
0 -0.110652 -0.204497 -0.214803
0 -0.107393 -0.197026 -0.205946
0 -0.103981 -0.188899 -0.195732
0 -0.100477 -0.180474 -0.184678
0 -0.0969694 -0.172023 -0.173426
0 -0.093545 -0.163742 -0.162644
0 -0.0903092 -0.155849 -0.152944
0 -0.0873922 -0.148649 -0.144787
0 -0.0848598 -0.142451 -0.13838
0 -0.0826449 -0.137444 -0.133634
0 -0.0806006 -0.133667 -0.130267
0 -0.0786057 -0.131043 -0.127958
0 -0.0766576 -0.129425 -0.126481
0 -0.0749038 -0.128627 -0.125756
0 -0.0735891 -0.128477 -0.125808
0 -0.0729727 -0.128889 -0.126688
0 -0.073238 -0.129899 -0.128405
0 -0.074427 -0.131651 -0.130908
0 -0.0764481 -0.134343 -0.134147
0 -0.0791317 -0.138154 -0.13815
0 -0.0822939 -0.143158 -0.143061
0 -0.0857421 -0.149246 -0.149055
0 -0.0892121 -0.156058 -0.156155
0 -0.0924239 -0.163098 -0.164166
0 -0.0952114 -0.169943 -0.172756
0 -0.0975085 -0.176285 -0.181448
0 -0.0992999 -0.181909 -0.189622
0 -0.100613 -0.186666 -0.196633
0 -0.101515 -0.190439 -0.201942
0 -0.102098 -0.193107 -0.205229
0 -0.102453 -0.194534 -0.206416
0 -0.102637 -0.194596 -0.205638
0 -0.102635 -0.193269 -0.203164
0 -0.102359 -0.190692 -0.199324
0 -0.101656 -0.187133 -0.194441
0 -0.100375 -0.182866 -0.188802
0 -0.0984319 -0.17808 -0.182653
0 -0.0958492 -0.172877 -0.176202
0 -0.0927408 -0.167286 -0.169596
0 -0.0892579 -0.161304 -0.162909
0 -0.0855345 -0.154926 -0.15612
0 -0.081661 -0.148173 -0.149127
0 -0.0776776 -0.141083 -0.141784
0 -0.0735832 -0.133694 -0.133948
0 -0.0693613 -0.12603 -0.125538
0 -0.0649893 -0.118081 -0.116553
0 -0.0604394 -0.109797 -0.107063
0 -0.0556977 -0.101129 -0.0971995
0 -0.0508101 -0.0920962 -0.0871624
0 -0.0458991 -0.0828301 -0.0772033
0 -0.0411113 -0.0735351 -0.0675413
0 -0.0365671 -0.0644354 -0.0583103
0 -0.0323537 -0.0557449 -0.0495806
0 -0.0285284 -0.0476485 -0.0413968
0 -0.0251292 -0.0402948 -0.033816
0 -0.0222012 -0.0338102 -0.0269467
0 -0.0198127 -0.0283163 -0.0209637
0 -0.0180427 -0.0239322 -0.0160816
0 -0.0169621 -0.0207708 -0.0125155
0 -0.0166226 -0.0189493 -0.0104583
0 -0.0170496 -0.0186042 -0.0100719
0 -0.0182453 -0.0198888 -0.0114962
0 -0.0201912 -0.0229342 -0.0148532
0 -0.0228255 -0.0277682 -0.0202074
0 -0.0260486 -0.0342706 -0.0275303
0 -0.0297828 -0.0422304 -0.0367154
0 -0.0340205 -0.0514417 -0.0476114
0 -0.038808 -0.0617553 -0.0600322
0 -0.0441745 -0.0730632 -0.0737191
0 -0.0500594 -0.0852357 -0.0882719
0 -0.0563359 -0.0980919 -0.103186
0 -0.0629029 -0.111432 -0.118027
0 -0.0696894 -0.125022 -0.132526
0 -0.0766029 -0.138577 -0.146538
0 -0.0835324 -0.151817 -0.160014
0 -0.0903792 -0.164514 -0.172968
0 -0.097057 -0.176512 -0.185412
0 -0.103457 -0.187699 -0.197294
0 -0.109418 -0.198006 -0.208466
0 -0.114752 -0.207396 -0.218707
0 -0.119305 -0.215845 -0.227804
0 -0.123014 -0.22333 -0.235639
0 -0.125888 -0.229807 -0.242194
0 -0.127974 -0.235199 -0.247505
0 -0.129325 -0.239401 -0.251609
0 -0.129974 -0.242288 -0.254504
0 -0.129929 -0.243714 -0.256107
0 -0.129199 -0.243542 -0.25626
0 -0.12784 -0.241698 -0.254764
0 -0.125909 -0.238212 -0.251404
0 -0.123417 -0.2332 -0.245984
0 -0.120334 -0.226794 -0.238412
0 -0.116625 -0.219091 -0.228766
0 -0.11228 -0.210131 -0.2173
0 -0.107328 -0.199948 -0.204395
0 -0.10182 -0.188623 -0.190486
0 -0.0957919 -0.17628 -0.175987
0 -0.0892451 -0.163068 -0.161198
0 -0.0821897 -0.149183 -0.146285
0 -0.0746853 -0.134875 -0.131334
0 -0.0668433 -0.120408 -0.116402
0 -0.0588114 -0.106015 -0.101556
0 -0.0507612 -0.0918756 -0.0869008
0 -0.0428802 -0.0781267 -0.0725814
0 -0.0353564 -0.064884 -0.0587658
0 -0.0283593 -0.0522545 -0.0456201
0 -0.0220297 -0.0403507 -0.0332949
0 -0.0164828 -0.0293077 -0.0219284
0 -0.0118075 -0.0192905 -0.011649
0 -0.00805035 -0.010476 -0.00256961
0 -0.00519939 -0.00301472 0.00521783
0 -0.0031937 0.00299113 0.0116293
0 -0.00195283 0.00747499 0.0165647
0 -0.00138965 0.0103906 0.0199073
0 -0.00141171 0.0117089 0.0215467
0 -0.00193539 0.0114247 0.0213961
0 -0.00290849 0.00957666 0.0194029
0 -0.00432488 0.0062656 0.015566
0 -0.00621969 0.00164121 0.00995973
0 -0.00864227 -0.00413526 0.00275339
0 -0.0116215 -0.0109207 -0.00578669
0 -0.0151364 -0.018585 -0.0153312
0 -0.0190968 -0.0269725 -0.0255405
0 -0.0233587 -0.0358806 -0.0360991
0 -0.0277654 -0.0450788 -0.0467122
0 -0.032172 -0.0543201 -0.0570921
0 -0.0364563 -0.0633493 -0.0669859
0 -0.0405233 -0.0719205 -0.0762035
0 -0.0442936 -0.079808 -0.084602
0 -0.0476917 -0.0868164 -0.0920608
0 -0.0506476 -0.0927965 -0.0984686
0 -0.0531112 -0.0976599 -0.10373
0 -0.0550639 -0.10138 -0.107777
0 -0.0565109 -0.103972 -0.110577
0 -0.0574727 -0.105474 -0.112129
0 -0.0579959 -0.105969 -0.112495
0 -0.058155 -0.105592 -0.111809
0 -0.0580233 -0.104506 -0.110251
0 -0.0576356 -0.102857 -0.108002
0 -0.0569793 -0.100747 -0.105216
0 -0.056019 -0.0982408 -0.102021
0 -0.0547251 -0.0953742 -0.0985099
0 -0.0530913 -0.0921624 -0.0947432
0 -0.0511441 -0.088611 -0.0907418
0 -0.0489414 -0.0847276 -0.0864957
0 -0.0465695 -0.0805421 -0.0819834
0 -0.0441372 -0.0761255 -0.0771967
0 -0.0417592 -0.0715883 -0.0721549
0 -0.039539 -0.0670659 -0.0669202
0 -0.0375506 -0.0626896 -0.0616083
0 -0.0358175 -0.0585529 -0.0563797
0 -0.034317 -0.0547104 -0.0514181
0 -0.0330063 -0.0512042 -0.0469163
0 -0.0318377 -0.0480807 -0.0430536
0 -0.0307636 -0.0453929 -0.0399555
0 -0.0297435 -0.0431935 -0.0376635
0 -0.0287629 -0.0415315 -0.0361463
0 -0.0278484 -0.0404416 -0.0353322
0 -0.0270646 -0.03993 -0.0351383
0 -0.0265027 -0.039971 -0.0354916
0 -0.0262574 -0.0405126 -0.0363334
0 -0.0264002 -0.0414921 -0.037615
0 -0.0269558 -0.0428548 -0.0392897
0 -0.0278853 -0.0445581 -0.041304
0 -0.0290832 -0.0465566 -0.0435902
0 -0.0303978 -0.0487821 -0.0460694
0 -0.0316721 -0.0511327 -0.0486622
0 -0.0327875 -0.0534806 -0.0512982
0 -0.0336899 -0.0556991 -0.0539159
0 -0.0343883 -0.0576894 -0.0564519
0 -0.0349333 -0.059399 -0.0588314
0 -0.0353915 -0.0608257 -0.0609708
0 -0.0358231 -0.0620064 -0.0627868
0 -0.0362728 -0.0630012 -0.0642143
0 -0.0367684 -0.0638723 -0.0652322
0 -0.0373185 -0.0646613 -0.065882
0 -0.037906 -0.0653725 -0.0662559
0 -0.0384744 -0.0659664 -0.0664499
0 -0.0389307 -0.0663695 -0.0665207
0 -0.0391808 -0.0665083 -0.0664816
0 -0.0391669 -0.066343 -0.0663171
0 -0.038883 -0.0658778 -0.0659934
0 -0.0383757 -0.0651582 -0.0654738
0 -0.0377377 -0.0642624 -0.0647388
0 -0.0370911 -0.0632869 -0.0638022
0 -0.0365648 -0.0623374 -0.0627226
0 -0.0362721 -0.0615263 -0.0616086
0 -0.0362714 -0.0609525 -0.0605927
0 -0.0365375 -0.0606745 -0.0597989
0 -0.0369753 -0.0607047 -0.0593317
0 -0.037459 -0.0610152 -0.0592692
0 -0.0378742 -0.0615507 -0.0596513
0 -0.0381463 -0.0622406 -0.0604661
0 -0.0382582 -0.0630181 -0.0616498
0 -0.0382564 -0.0638434 -0.0631062
0 -0.0382368 -0.0647109 -0.0647301
0 -0.03832 -0.0656486 -0.0664247
0 -0.0386224 -0.0667173 -0.0681132
0 -0.0392289 -0.0679958 -0.0697568
0 -0.0401713 -0.0695497 -0.0713777
0 -0.0414178 -0.0714025 -0.0730567
0 -0.0428815 -0.073531 -0.0749086
0 -0.0444378 -0.0758731 -0.07704
0 -0.0459256 -0.078317 -0.0794838
0 -0.0471573 -0.0806935 -0.0821516
0 -0.0479791 -0.0828168 -0.0848544
0 -0.0483258 -0.0845279 -0.0873524
0 -0.0482258 -0.0857024 -0.0893867
0 -0.047788 -0.0862587 -0.0907181
0 -0.0471712 -0.086168 -0.0911693
0 -0.0465338 -0.0854569 -0.0906515
0 -0.0459873 -0.0842033 -0.0891786
0 -0.0455621 -0.082515 -0.0868613
0 -0.0452017 -0.0805003 -0.0838876
0 -0.0447893 -0.0782458 -0.0804939
0 -0.0441884 -0.0758059 -0.0769211
0 -0.0432882 -0.0732077 -0.0733632
0 -0.0420435 -0.0704692 -0.0699414
0 -0.0404903 -0.0676174 -0.0667092
0 -0.0387211 -0.0646879 -0.0636584
0 -0.0368432 -0.0617123 -0.0607173
0 -0.0349554 -0.0587164 -0.0577741
0 -0.0331476 -0.0557325 -0.054727
0 -0.0315056 -0.0528075 -0.05153
0 -0.0301092 -0.0500075 -0.0482205
0 -0.0290299 -0.0474209 -0.0449263
0 -0.0283109 -0.0451493 -0.0418392
0 -0.0279418 -0.0432842 -0.0391675
0 -0.0278617 -0.0419037 -0.0371075
0 -0.027991 -0.0410843 -0.0358279
0 -0.028258 -0.0408995 -0.0354484
0 -0.0286097 -0.0413934 -0.0360177
0 -0.0290145 -0.0425485 -0.0375002
0 -0.0294599 -0.0442687 -0.0397751
0 -0.0299608 -0.0464045 -0.0426623
0 -0.0305711 -0.0488112 -0.0459722
0 -0.0313637 -0.051385 -0.0495264
0 -0.0323881 -0.0540633 -0.0531539
0 -0.0336445 -0.0568093 -0.0567085
0 -0.0350763 -0.0595861 -0.0600801
0 -0.0365777 -0.0623341 -0.0631843
0 -0.0380197 -0.0649587 -0.0659605
0 -0.0392813 -0.0673365 -0.0683774
0 -0.0402777 -0.0693432 -0.070428
0 -0.0409768 -0.0708905 -0.0721185
0 -0.041403 -0.0719565 -0.0734591
0 -0.0416169 -0.0725848 -0.0744491
0 -0.0416836 -0.072857 -0.0750671
0 -0.041663 -0.0728696 -0.0752924
0 -0.0416058 -0.0727078 -0.0751333
0 -0.0415405 -0.07242 -0.0746344
0 -0.0414678 -0.0720119 -0.0738678
0 -0.0413627 -0.0714635 -0.0729153
0 -0.0411856 -0.0707536 -0.0718492
0 -0.0408968 -0.0698788 -0.0707192
0 -0.0404672 -0.0688542 -0.0695445
0 -0.0398772 -0.0676952 -0.0683065
0 -0.0391172 -0.0663978 -0.0669531
0 -0.0381971 -0.06494 -0.0654186
0 -0.0371543 -0.0632964 -0.0636478
0 -0.0360486 -0.0614565 -0.0616099
0 -0.0349485 -0.0594371 -0.0593028
0 -0.0339175 -0.05729 -0.0567576
0 -0.0330062 -0.055101 -0.054047
0 -0.0322449 -0.0529742 -0.0512872
0 -0.0316338 -0.0510073 -0.0486208
0 -0.0311381 -0.0492681 -0.0461878
0 -0.0306902 -0.0477768 -0.0440939
0 -0.030212 -0.0465115 -0.0423984
0 -0.0296531 -0.0454377 -0.0411238
0 -0.029012 -0.0445327 -0.0402568
0 -0.028336 -0.0437962 -0.0397507
0 -0.0277065 -0.0432483 -0.0395356
0 -0.0272176 -0.0429206 -0.0395399
0 -0.0269581 -0.0428506 -0.0397139
0 -0.0269935 -0.0430737 -0.0400437
0 -0.0273485 -0.0436124 -0.0405501
0 -0.0279978 -0.0444719 -0.0412813
0 -0.0288747 -0.0456437 -0.0423021
0 -0.0298907 -0.0471098 -0.043681
0 -0.0309621 -0.048849 -0.0454762
0 -0.0320274 -0.0508357 -0.047718
0 -0.033055 -0.0530391 -0.0503943
0 -0.0340494 -0.0554301 -0.0534513
0 -0.0350499 -0.0579885 -0.0568075
0 -0.036115 -0.0607015 -0.0603737
0 -0.0373 -0.063557 -0.0640675
0 -0.0386386 -0.0665404 -0.0678051
0 -0.0401366 -0.069634 -0.071499
0 -0.041773 -0.0728084 -0.0750814
0 -0.0435044 -0.0760126 -0.0785209
0 -0.0452722 -0.0791762 -0.0818169
0 -0.0470011 -0.0822126 -0.0849714
0 -0.0485958 -0.0850181 -0.0879559
0 -0.0499553 -0.0874861 -0.0906996
0 -0.0510018 -0.089532 -0.0931047
0 -0.0516974 -0.0911022 -0.0950656
0 -0.0520421 -0.0921646 -0.0964815
0 -0.0520747 -0.0927059 -0.0972782
0 -0.0518716 -0.0927392 -0.0974307
0 -0.0515271 -0.0923029 -0.0969632
0 -0.0511231 -0.0914568 -0.0959371
0 -0.0507073 -0.0902791 -0.0944401
0 -0.050291 -0.0888659 -0.0925843
0 -0.0498592 -0.0873207 -0.0905023
0 -0.0493782 -0.085727 -0.0883283
0 -0.0488023 -0.0841265 -0.0861746
0 -0.0480877 -0.0825166 -0.0841137
0 -0.0472176 -0.0808759 -0.0821795
0 -0.0462141 -0.0791905 -0.0803712
0 -0.0451294 -0.0774649 -0.0786555
0 -0.044027 -0.0757191 -0.0769748
0 -0.0429621 -0.0739768 -0.0752583
0 -0.0419676 -0.0722514 -0.0734399
0 -0.0410519 -0.070539 -0.0714749
0 -0.0402025 -0.0688179 -0.0693471
0 -0.0393911 -0.0670554 -0.0670649
0 -0.0385754 -0.0652117 -0.0646479
0 -0.0377003 -0.0632394 -0.0621145
0 -0.0367078 -0.0610919 -0.0594782
0 -0.0355526 -0.0587383 -0.0567418
0 -0.0342124 -0.0561724 -0.053892
0 -0.0326928 -0.0534107 -0.0509048
0 -0.0310237 -0.0504831 -0.0477559
0 -0.0292523 -0.047423 -0.0444317
0 -0.0274395 -0.0442698 -0.0409454
0 -0.0256598 -0.0410783 -0.0373526
0 -0.0239891 -0.0379188 -0.0337493
0 -0.0224863 -0.0348696 -0.030251
0 -0.0211919 -0.0320192 -0.0269798
0 -0.0201393 -0.029474 -0.0240629
0 -0.0193536 -0.0273471 -0.0216223
0 -0.0188449 -0.025739 -0.0197614
0 -0.0186155 -0.0247326 -0.0185661
0 -0.018668 -0.0243957 -0.018111
0 -0.0190003 -0.024775 -0.0184552
0 -0.0196035 -0.0258828 -0.0196363
0 -0.0204684 -0.027693 -0.0216678
0 -0.0215908 -0.0301525 -0.0245335
0 -0.0229733 -0.0332037 -0.0281878
0 -0.0246233 -0.0367996 -0.0325582
0 -0.0265427 -0.0409017 -0.0375531
0 -0.0287162 -0.0454671 -0.0430721
0 -0.0311083 -0.050435 -0.0490075
0 -0.0336661 -0.0557191 -0.0552513
0 -0.0363248 -0.0612095 -0.0617001
0 -0.0390225 -0.0667924 -0.0682354
0 -0.0417076 -0.0723639 -0.0747072
0 -0.0443345 -0.0778213 -0.0809548
0 -0.0468641 -0.083058 -0.086839
0 -0.0492679 -0.087971 -0.0922591
0 -0.0515259 -0.0924731 -0.0971532
0 -0.0536226 -0.0965033 -0.10149
0 -0.0555431 -0.100031 -0.10526
0 -0.0572731 -0.103051 -0.108468
0 -0.0587985 -0.105578 -0.11113
0 -0.0601029 -0.107633 -0.113267
0 -0.0611663 -0.109231 -0.1149
0 -0.0619699 -0.110383 -0.116051
0 -0.0624968 -0.111092 -0.116735
0 -0.0627358 -0.111351 -0.116962
0 -0.0626835 -0.111156 -0.11673
0 -0.0623392 -0.110502 -0.116027
0 -0.0617031 -0.109381 -0.11482
0 -0.0607823 -0.107781 -0.113072
0 -0.0595993 -0.105692 -0.110749
0 -0.0581947 -0.103118 -0.10784
0 -0.0566146 -0.100084 -0.104358
0 -0.0548957 -0.0966312 -0.100338
0 -0.0530595 -0.0928121 -0.0958332
0 -0.0511136 -0.0886841 -0.0909203
0 -0.0490553 -0.0843011 -0.0856866
0 -0.0468803 -0.0797135 -0.0802144
0 -0.044589 -0.0749687 -0.0745669
0 -0.0421839 -0.0701014 -0.0687978
0 -0.039667 -0.0651293 -0.0629668
0 -0.0370427 -0.0600642 -0.0571334
0 -0.0343241 -0.054929 -0.0513475
0 -0.031537 -0.0497676 -0.0456563
0 -0.0287253 -0.0446477 -0.0401144
0 -0.0259557 -0.0396632 -0.0347883
0 -0.0233124 -0.0349265 -0.0297548
0 -0.0208846 -0.0305536 -0.0250998
0 -0.0187525 -0.0266503 -0.0209135
0 -0.0169744 -0.0232994 -0.0172807
0 -0.015581 -0.0205565 -0.0142734
0 -0.0145777 -0.0184558 -0.0119476
0 -0.0139532 -0.0170184 -0.0103447
0 -0.0136894 -0.0162622 -0.00949612
0 -0.0137658 -0.0162014 -0.00942352
0 -0.0141585 -0.0168394 -0.0101362
0 -0.0148434 -0.0181628 -0.0116321
0 -0.0157995 -0.020138 -0.0138973
0 -0.0170151 -0.0227184 -0.0169069
0 -0.0184896 -0.0258571 -0.0206221
0 -0.0202211 -0.0295082 -0.024982
0 -0.0221912 -0.0336167 -0.0298964
0 -0.0243616 -0.0381129 -0.0352577
0 -0.0266853 -0.0429176 -0.0409611
0 -0.0291207 -0.0479507 -0.0469132
0 -0.0316337 -0.0531355 -0.0530365
0 -0.0341932 -0.0584017 -0.0592544
0 -0.036765 -0.0636853 -0.0654549
0 -0.0393109 -0.0689163 -0.0714945
0 -0.0417948 -0.0740094 -0.0772385
0 -0.0441888 -0.0788698 -0.0825876
0 -0.0464742 -0.0834054 -0.0874826
0 -0.0486356 -0.0875381 -0.0918958
0 -0.050648 -0.0912077 -0.0958084
0 -0.052466 -0.0943668 -0.0991905
0 -0.0540304 -0.0969799 -0.102
0 -0.0552832 -0.0990224 -0.104192
0 -0.0561791 -0.100476 -0.105732
0 -0.056692 -0.101323 -0.106598
0 -0.0568185 -0.101546 -0.106782
0 -0.0565852 -0.101143 -0.106298
0 -0.0560562 -0.100156 -0.105189
0 -0.0553263 -0.0986781 -0.103532
0 -0.0545009 -0.0968503 -0.101433
0 -0.0536648 -0.094827 -0.0990146
0 -0.0528609 -0.0927425 -0.0964046
0 -0.0520958 -0.0906962 -0.0937353
0 -0.0513512 -0.0887455 -0.0911357
0 -0.050588 -0.0868992 -0.0887058
0 -0.0497489 -0.0851187 -0.0864868
0 -0.048768 -0.0833276 -0.0844449
0 -0.0475974 -0.0814388 -0.0824847
0 -0.0462346 -0.0793866 -0.0804845
0 -0.0447305 -0.0771439 -0.0783286
0 -0.0431742 -0.0747254 -0.075931
0 -0.0416675 -0.0721796 -0.0732513
0 -0.0403001 -0.0695777 -0.0703025
0 -0.0391323 -0.0670022 -0.0671502
0 -0.0381808 -0.0645309 -0.0639019
0 -0.0374121 -0.0622161 -0.0606931
0 -0.0367504 -0.0600744 -0.0576699
0 -0.0361026 -0.0580966 -0.0549607
0 -0.0353873 -0.0562681 -0.0526516
0 -0.0345569 -0.054582 -0.0507734
0 -0.0336064 -0.0530427 -0.0492998
0 -0.0325735 -0.0516643 -0.0481598
0 -0.0315291 -0.050463 -0.0472598
0 -0.0305632 -0.0494514 -0.0465102
0 -0.0297668 -0.0486347 -0.0458464
0 -0.0292115 -0.0480087 -0.0452367
0 -0.0289337 -0.0475649 -0.0446813
0 -0.0289314 -0.0472999 -0.0442089
0 -0.0291623 -0.0472184 -0.0438667
0 -0.0295451 -0.0473243 -0.0437051
0 -0.0299776 -0.04761 -0.0437677
0 -0.0303667 -0.0480505 -0.0440837
0 -0.0306558 -0.0486094 -0.0446632
0 -0.0308427 -0.049253 -0.0454965
0 -0.0309762 -0.049967 -0.0465579
0 -0.0311356 -0.0507628 -0.0478087
0 -0.0314013 -0.0516709 -0.0492
0 -0.031829 -0.0527268 -0.050679
0 -0.0324402 -0.0539577 -0.052206
0 -0.0332262 -0.0553737 -0.0537715
0 -0.0341543 -0.0569626 -0.0553985
0 -0.0351723 -0.0586877 -0.0571266
0 -0.0362151 -0.0604927 -0.0589883
0 -0.0372175 -0.0623166 -0.0609927
0 -0.0381283 -0.0641089 -0.063119
0 -0.0389215 -0.0658395 -0.0653219
0 -0.0395996 -0.0674973 -0.0675435
0 -0.0401897 -0.0690829 -0.0697213
0 -0.0407343 -0.0706013 -0.0717906
0 -0.0412777 -0.0720567 -0.073688
0 -0.0418522 -0.0734442 -0.0753641
0 -0.0424674 -0.0747424 -0.0767938
0 -0.0431087 -0.0759176 -0.0779793
0 -0.0437427 -0.0769351 -0.0789434
0 -0.0443243 -0.0777686 -0.0797169
0 -0.044808 -0.078408 -0.0803282
0 -0.045157 -0.078859 -0.0807958
0 -0.0453503 -0.0791361 -0.0811264
0 -0.0453867 -0.0792547 -0.0813173
0 -0.0452843 -0.0792253 -0.0813607
0 -0.0450768 -0.079052 -0.0812469
0 -0.0448032 -0.0787355 -0.0809655
0 -0.0445014 -0.0782834 -0.0805119
0 -0.0442052 -0.0777191 -0.079895
0 -0.0439386 -0.0770801 -0.0791397
0 -0.0437117 -0.0764097 -0.0782857
0 -0.0435168 -0.0757426 -0.0773798
0 -0.0433238 -0.0750893 -0.0764606
0 -0.0430904 -0.0744347 -0.0755516
0 -0.0427825 -0.0737531 -0.074665
0 -0.0423861 -0.0730206 -0.0738024
0 -0.041909 -0.0722241 -0.0729531
0 -0.0413777 -0.0713665 -0.072098
0 -0.0408289 -0.0704655 -0.071214
0 -0.0402959 -0.069544 -0.0702761
0 -0.0398028 -0.0686227 -0.0692655
0 -0.0393662 -0.0677203 -0.068181
0 -0.0389974 -0.0668537 -0.0670449
0 -0.0387006 -0.066038 -0.0658991
0 -0.038472 -0.0652885 -0.0647985
0 -0.0383019 -0.064623 -0.0638046
0 -0.0381743 -0.0640599 -0.0629756
0 -0.0380658 -0.0636121 -0.0623517
0 -0.0379507 -0.0632835 -0.0619467
0 -0.0378134 -0.0630717 -0.0617516
0 -0.0376578 -0.0629706 -0.0617428
0 -0.0375048 -0.0629699 -0.0618866
0 -0.0373864 -0.0630575 -0.0621452
0 -0.0373347 -0.0632222 -0.0624816
0 -0.0373692 -0.0634523 -0.0628593
0 -0.0374931 -0.0637382 -0.0632488
0 -0.0376975 -0.0640757 -0.063635
0 -0.0379683 -0.0644682 -0.064023
0 -0.0382918 -0.0649246 -0.0644383
0 -0.0386514 -0.0654506 -0.0649157
0 -0.039024 -0.0660411 -0.0654855
0 -0.0393847 -0.0666827 -0.066166
0 -0.0397145 -0.0673601 -0.0669611
0 -0.0400048 -0.068059 -0.0678592
0 -0.0402598 -0.0687694 -0.0688361
0 -0.0404957 -0.0694859 -0.0698587
0 -0.0407325 -0.0702035 -0.0708876
0 -0.0409877 -0.0709156 -0.071879
0 -0.0412703 -0.0716116 -0.0727897
0 -0.041581 -0.0722784 -0.0735882
0 -0.0419164 -0.0729051 -0.0742654
0 -0.0422666 -0.0734824 -0.0748325
0 -0.0426098 -0.0739981 -0.0753086
0 -0.0429136 -0.074436 -0.075709
0 -0.0431435 -0.0747794 -0.076041
0 -0.0432719 -0.0750118 -0.0763004
0 -0.0432828 -0.0751168 -0.0764699
0 -0.0431732 -0.0750764 -0.0765187
0 -0.0429522 -0.0748717 -0.0764069
0 -0.0426377 -0.0744863 -0.0760915
0 -0.0422486 -0.0739067 -0.0755314
0 -0.0417976 -0.0731223 -0.0746926
0 -0.04129 -0.0721291 -0.0735564
0 -0.0407306 -0.0709363 -0.0721291
0 -0.0401312 -0.0695736 -0.0704478
0 -0.0395085 -0.0680869 -0.0685719
0 -0.0388816 -0.0665332 -0.0665736
0 -0.0382732 -0.0649782 -0.0645381
0 -0.0377053 -0.063488 -0.0625607
0 -0.0371921 -0.0621188 -0.0607387
0 -0.036735 -0.0609113 -0.0591561
0 -0.0363208 -0.0598874 -0.0578655
0 -0.0359246 -0.0590459 -0.0568764
0 -0.0355182 -0.0583629 -0.0561568
0 -0.0350884 -0.0578039 -0.0556505
0 -0.0346509 -0.0573396 -0.0552984
0 -0.0342508 -0.0569581 -0.0550532
0 -0.0339525 -0.0566727 -0.0548908
0 -0.0338241 -0.0565237 -0.0548153
0 -0.0339169 -0.0565694 -0.0548587
0 -0.0342489 -0.0568698 -0.0550746
0 -0.0347956 -0.0574668 -0.0555281
0 -0.0354955 -0.0583697 -0.056282
0 -0.0362668 -0.0595499 -0.0573832
0 -0.0370306 -0.0609496 -0.0588515
0 -0.037734 -0.062501 -0.0606718
0 -0.0383587 -0.0641414 -0.0627888
0 -0.0389157 -0.0658185 -0.0651074
0 -0.0394343 -0.0674911 -0.0675113
0 -0.0399512 -0.069126 -0.0698799
0 -0.0404966 -0.0706949 -0.0720915
0 -0.0410912 -0.0721781 -0.0740376
0 -0.041745 -0.0735616 -0.0756538
0 -0.0424484 -0.0748232 -0.0769315
0 -0.0431637 -0.0759266 -0.0779031
0 -0.0438291 -0.0768285 -0.0786202
0 -0.0443726 -0.0774916 -0.0791322
0 -0.0447265 -0.0778908 -0.0794682
0 -0.0448397 -0.0780107 -0.0796251
0 -0.044692 -0.077846 -0.0795732
0 -0.0443055 -0.0774029 -0.0792718
0 -0.0437418 -0.0766987 -0.0786845
0 -0.0430837 -0.0757603 -0.0777891
0 -0.0424085 -0.0746207 -0.0765809
0 -0.041767 -0.0733171 -0.0750757
0 -0.0411737 -0.0718874 -0.0733096
0 -0.0406088 -0.0703636 -0.0713336
0 -0.0400356 -0.0687716 -0.0692074
0 -0.0394206 -0.0671332 -0.0669965
0 -0.0387462 -0.0654691 -0.0647729
0 -0.0380131 -0.063799 -0.0626124
0 -0.0372367 -0.0621457 -0.0605845
0 -0.0364485 -0.0605483 -0.0587435
0 -0.0356884 -0.059061 -0.0571211
0 -0.0349937 -0.0577409 -0.0557253
0 -0.0343969 -0.0566377 -0.0545525
0 -0.0339284 -0.0557883 -0.0536054
0 -0.0336211 -0.0552203 -0.0529072
0 -0.0335078 -0.0549568 -0.0525029
0 -0.0336082 -0.055015 -0.0524461
0 -0.0339157 -0.0554032 -0.0527794
0 -0.0343963 -0.0561189 -0.0535245
0 -0.0349951 -0.0571436 -0.0546751
0 -0.0356468 -0.0584341 -0.0561924
0 -0.0362981 -0.0599284 -0.0580152
0 -0.0369246 -0.0615592 -0.0600713
0 -0.0375284 -0.0632591 -0.0622779
0 -0.0381282 -0.0649696 -0.0645479
0 -0.0387512 -0.0666503 -0.0668027
0 -0.0394203 -0.0682802 -0.0689744
0 -0.0401468 -0.0698563 -0.0710048
0 -0.0409264 -0.0713839 -0.0728488
0 -0.0417398 -0.0728631 -0.0744852
0 -0.0425627 -0.0742843 -0.0759302
0 -0.0433714 -0.0756319 -0.0772317
0 -0.0441394 -0.0768865 -0.078447
0 -0.0448367 -0.0780301 -0.0796193
0 -0.0454318 -0.0790508 -0.0807628
0 -0.0458963 -0.0799403 -0.0818576
0 -0.0462118 -0.0806893 -0.0828555
0 -0.0463745 -0.0812812 -0.0836929
0 -0.0463955 -0.0816882 -0.0843038
0 -0.0463012 -0.0818783 -0.0846342
0 -0.0461287 -0.0818266 -0.0846508
0 -0.0459164 -0.081527 -0.0843448
0 -0.0456916 -0.0809977 -0.0837289
0 -0.0454557 -0.0802716 -0.082829
0 -0.0451817 -0.0793804 -0.0816767
0 -0.044825 -0.0783425 -0.0803081
0 -0.0443432 -0.0771602 -0.0787637
0 -0.0437119 -0.075825 -0.0770832
0 -0.0429326 -0.0743295 -0.0752991
0 -0.0420309 -0.072677 -0.0734294
0 -0.0410456 -0.0708855 -0.0714723
0 -0.0400218 -0.0689892 -0.0694154
0 -0.0390095 -0.0670403 -0.0672545
0 -0.0380584 -0.0651019 -0.0650061
0 -0.0372088 -0.0632366 -0.0627123
0 -0.0364834 -0.0614938 -0.0604417
0 -0.0358831 -0.0599058 -0.0582853
0 -0.0353911 -0.0584926 -0.0563423
0 -0.0349798 -0.0572712 -0.0546997
0 -0.034623 -0.0562638 -0.0534203
0 -0.0343119 -0.0555044 -0.0525442
0 -0.0340578 -0.0550313 -0.0520878
0 -0.0338875 -0.0548762 -0.0520462
0 -0.033837 -0.0550549 -0.0523992
0 -0.0339447 -0.0555658 -0.0531198
0 -0.034239 -0.0563909 -0.0541764
0 -0.0347251 -0.0574979 -0.0555309
0 -0.0353854 -0.0588504 -0.0571434
0 -0.0361836 -0.0604112 -0.0589747
0 -0.0370704 -0.0621388 -0.0609843
0 -0.0379937 -0.0639854 -0.0631313
0 -0.0389057 -0.0658935 -0.0653725
0 -0.0397656 -0.0677958 -0.0676578
0 -0.0405425 -0.0696215 -0.0699259
0 -0.0412184 -0.0713068 -0.0721027
0 -0.0417891 -0.0728032 -0.0741004
0 -0.0422646 -0.0740831 -0.0758281
0 -0.0426643 -0.0751355 -0.0772112
0 -0.0430077 -0.0759555 -0.0782058
0 -0.043306 -0.0765372 -0.0788051
0 -0.0435586 -0.0768757 -0.0790364
0 -0.0437509 -0.0769703 -0.0789503
0 -0.043854 -0.0768265 -0.0786024
0 -0.0438288 -0.0764537 -0.078038
0 -0.0436394 -0.0758645 -0.0772864
0 -0.0432651 -0.0750699 -0.076361
0 -0.042708 -0.074076 -0.0752614
0 -0.0419927 -0.0728853 -0.0739772
0 -0.0411604 -0.0715006 -0.0724926
0 -0.0402593 -0.0699327 -0.0707919
0 -0.039337 -0.068207 -0.0688678
0 -0.0384319 -0.0663631 -0.0667268
0 -0.037567 -0.0644459 -0.0643921
0 -0.036753 -0.0625024 -0.061912
0 -0.0359966 -0.0605814 -0.0593704
0 -0.0352994 -0.0587297 -0.0568811
0 -0.0346584 -0.0569921 -0.054567
0 -0.0340705 -0.0554189 -0.0525386
0 -0.0335388 -0.0540679 -0.0508825
0 -0.033077 -0.0530014 -0.0496572
0 -0.0327109 -0.0522781 -0.0488961
0 -0.0324718 -0.0519405 -0.0486086
0 -0.0323896 -0.0520056 -0.048785
0 -0.0324863 -0.052461 -0.0493993
0 -0.0327695 -0.0532684 -0.050412
0 -0.0332345 -0.0543793 -0.0517775
0 -0.03387 -0.0557533 -0.0534531
0 -0.0346608 -0.0573646 -0.0554021
0 -0.0355853 -0.0591964 -0.0575923
0 -0.036612 -0.0612271 -0.0599898
0 -0.0377019 -0.0634214 -0.0625579
0 -0.0388162 -0.0657303 -0.0652601
0 -0.0399196 -0.0680928 -0.0680565
0 -0.040981 -0.0704409 -0.0708971
0 -0.0419782 -0.0727118 -0.0737154
0 -0.0428985 -0.0748548 -0.0764234
0 -0.0437372 -0.0768315 -0.0789209
0 -0.0444958 -0.0786099 -0.0811163
0 -0.0451769 -0.0801564 -0.0829416
0 -0.0457775 -0.0814326 -0.0843581
0 -0.0462839 -0.0823969 -0.0853521
0 -0.0466702 -0.0830118 -0.0859265
0 -0.0469023 -0.0832523 -0.0860919
0 -0.0469465 -0.0831116 -0.0858617
0 -0.0467794 -0.0826039 -0.0852518
0 -0.0463937 -0.0817564 -0.0842793
0 -0.0458049 -0.0806034 -0.0829667
0 -0.0450512 -0.0791831 -0.0813457
0 -0.0441846 -0.0775366 -0.0794566
0 -0.0432606 -0.0757122 -0.0773477
0 -0.0423266 -0.0737659 -0.075072
0 -0.0414172 -0.0717602 -0.0726854
0 -0.0405557 -0.0697617 -0.0702466
0 -0.0397546 -0.0678324 -0.0678166
0 -0.0390177 -0.066022 -0.0654623
0 -0.0383453 -0.0643647 -0.063262
0 -0.0377409 -0.0628869 -0.0613052
0 -0.0372123 -0.0616152 -0.0596762
0 -0.0367661 -0.0605791 -0.0584333
0 -0.0364066 -0.0598097 -0.0575992
0 -0.0361387 -0.0593346 -0.0571665
0 -0.0359727 -0.0591718 -0.0571097
0 -0.0359265 -0.0593242 -0.0573984
0 -0.0360235 -0.059779 -0.0580055
0 -0.0362835 -0.060511 -0.0589079
0 -0.03671 -0.0614859 -0.060079
0 -0.0372816 -0.0626626 -0.0614816
0 -0.0379558 -0.0639976 -0.0630691
0 -0.0386793 -0.0654443 -0.0647891
0 -0.0393991 -0.0669515 -0.0665882
0 -0.0400745 -0.0684633 -0.0684158
0 -0.0406828 -0.0699234 -0.0702238
0 -0.0412208 -0.0712842 -0.0719643
0 -0.0417008 -0.0725161 -0.0735882
0 -0.042142 -0.073609 -0.0750443
0 -0.0425574 -0.0745618 -0.0762826
0 -0.0429494 -0.0753742 -0.0772657
0 -0.0433124 -0.0760416 -0.0779808
0 -0.0436338 -0.0765541 -0.0784407
0 -0.0438945 -0.0768973 -0.0786751
0 -0.0440753 -0.077062 -0.0787229
0 -0.0441608 -0.0770505 -0.0786212
0 -0.0441368 -0.076872 -0.0783916
0 -0.0439926 -0.076538 -0.0780378
0 -0.0437247 -0.0760571 -0.0775481
0 -0.0433377 -0.075429 -0.0768999
0 -0.0428465 -0.0746462 -0.0760691
0 -0.0422777 -0.0737034 -0.0750398
0 -0.0416665 -0.0726067 -0.0738109
0 -0.0410482 -0.0713788 -0.0723971
0 -0.0404485 -0.070056 -0.0708242
0 -0.0398794 -0.0686818 -0.0691262
0 -0.0393428 -0.0673017 -0.0673482
0 -0.0388362 -0.0659574 -0.0655494
0 -0.0383549 -0.0646806 -0.0638009
0 -0.0378929 -0.0634912 -0.0621793
0 -0.0374439 -0.0624016 -0.0607524
0 -0.0370032 -0.0614233 -0.0595647
0 -0.0365694 -0.0605698 -0.0586289
0 -0.0361503 -0.0598575 -0.057932
0 -0.0357673 -0.0593055 -0.0574486
0 -0.0354517 -0.0589282 -0.0571506
0 -0.0352371 -0.0587315 -0.0570153
0 -0.0351536 -0.0587154 -0.0570324
0 -0.0352203 -0.0588775 -0.057204
0 -0.03544 -0.0592171 -0.0575418
0 -0.0357964 -0.059735 -0.0580623
0 -0.0362545 -0.0604279 -0.0587782
0 -0.0367685 -0.0612828 -0.0596936
0 -0.0372983 -0.0622789 -0.0608066
0 -0.0378163 -0.0633864 -0.0621046
0 -0.0383096 -0.0645691 -0.063559
0 -0.0387826 -0.0657942 -0.0651311
0 -0.0392551 -0.0670403 -0.0667788
0 -0.0397537 -0.0682988 -0.0684618
0 -0.0403018 -0.0695711 -0.0701425
0 -0.0409098 -0.0708612 -0.0717855
0 -0.0415715 -0.0721686 -0.0733583
0 -0.0422604 -0.073475 -0.0748317
0 -0.0429361 -0.0747406 -0.0761839
0 -0.0435573 -0.0759135 -0.0774051
0 -0.0440878 -0.0769391 -0.0784889
0 -0.0445046 -0.0777758 -0.0794276
0 -0.0447996 -0.0784042 -0.0802074
0 -0.044974 -0.0788224 -0.0808027
0 -0.0450318 -0.0790365 -0.0811772
0 -0.0449777 -0.0790494 -0.0812922
0 -0.0448196 -0.0788584 -0.0811194
0 -0.0445716 -0.0784576 -0.0806505
0 -0.0442498 -0.0778434 -0.0798969
0 -0.0438639 -0.0770172 -0.0788815
0 -0.0434149 -0.0759907 -0.0776327
0 -0.0428988 -0.0747879 -0.0761821
0 -0.0423143 -0.0734442 -0.0745656
0 -0.04167 -0.072003 -0.0728256
0 -0.0409827 -0.0705069 -0.071005
0 -0.0402729 -0.068992 -0.0691439
0 -0.0395622 -0.0674878 -0.0672817
0 -0.0388756 -0.0660239 -0.0654637
0 -0.0382406 -0.0646354 -0.0637431
0 -0.0376774 -0.0633583 -0.0621722
0 -0.0371959 -0.0622285 -0.060796
0 -0.0367993 -0.0612812 -0.059651
0 -0.0364866 -0.0605453 -0.0587635
0 -0.0362555 -0.0600375 -0.0581501
0 -0.0361039 -0.05976 -0.0578166
0 -0.0360312 -0.0597014 -0.0577584
0 -0.0360376 -0.0598413 -0.0579597
0 -0.0361217 -0.0601541 -0.0583923
0 -0.0362814 -0.0606154 -0.0590198
0 -0.0365136 -0.0612047 -0.0598021
0 -0.0368133 -0.0619048 -0.0607005
0 -0.0371748 -0.0627009 -0.0616836
0 -0.0375864 -0.0635729 -0.0627244
0 -0.0380276 -0.0644915 -0.0637971
0 -0.0384739 -0.0654218 -0.064878
0 -0.0389029 -0.0663292 -0.0659456
0 -0.0392994 -0.0671859 -0.0669813
0 -0.0396566 -0.0679741 -0.0679673
0 -0.0399717 -0.0686829 -0.068883
0 -0.0402437 -0.0693065 -0.0697055
0 -0.0404727 -0.0698408 -0.0704119
0 -0.0406594 -0.0702813 -0.0709828
0 -0.0408054 -0.0706228 -0.071405
0 -0.040912 -0.0708591 -0.0716733
0 -0.0409799 -0.070985 -0.0717902
0 -0.0410119 -0.0710018 -0.0717682
0 -0.0410134 -0.0709206 -0.0716284
0 -0.0409891 -0.0707596 -0.0713952
0 -0.040942 -0.070541 -0.0710934
0 -0.0408749 -0.0702889 -0.0707488
0 -0.0407949 -0.0700286 -0.0703899
0 -0.0407127 -0.0697841 -0.0700477
0 -0.0406361 -0.0695718 -0.0697477
0 -0.0405686 -0.0693998 -0.0695075
0 -0.0405123 -0.0692725 -0.0693387
0 -0.0404706 -0.0691941 -0.0692481
0 -0.0404491 -0.0691708 -0.0692397
0 -0.0404581 -0.0692134 -0.069318
0 -0.0405083 -0.0693344 -0.0694872
0 -0.0406074 -0.0695432 -0.0697501
0 -0.0407563 -0.0698433 -0.0701067
0 -0.040949 -0.0702297 -0.0705535
0 -0.0411744 -0.0706898 -0.071084
0 -0.0414174 -0.0712041 -0.0716866
0 -0.0416615 -0.0717481 -0.0723433
0 -0.0418902 -0.0722938 -0.073028
0 -0.0420915 -0.0728148 -0.0737091
0 -0.042261 -0.0732902 -0.0743526
0 -0.0423998 -0.0737037 -0.0749238
0 -0.0425079 -0.0740384 -0.0753872
0 -0.0425799 -0.0742737 -0.0757078
0 -0.0426025 -0.0743822 -0.0758521
0 -0.0425543 -0.0743295 -0.0757878
0 -0.0424155 -0.074084 -0.0754909
0 -0.0421781 -0.0736281 -0.0749525
0 -0.041847 -0.0729627 -0.0741779
0 -0.0414364 -0.0721062 -0.0731832
0 -0.040964 -0.0710889 -0.0719911
0 -0.0404421 -0.0699425 -0.0706232
0 -0.0398818 -0.0686991 -0.0691046
0 -0.039299 -0.0673925 -0.067471
0 -0.0387081 -0.0660525 -0.0657647
0 -0.0381205 -0.0647034 -0.0640324
0 -0.0375472 -0.0633703 -0.0623276
0 -0.036995 -0.0620783 -0.0607033
0 -0.036468 -0.0608558 -0.0592049
0 -0.0359738 -0.0597376 -0.0578708
0 -0.0355278 -0.058764 -0.056734
0 -0.0351511 -0.0579749 -0.0558225
0 -0.0348605 -0.0573961 -0.0551533
0 -0.0346644 -0.0570349 -0.054731
0 -0.0345669 -0.056887 -0.0545551
0 -0.0345713 -0.0569438 -0.054623
0 -0.0346781 -0.0571952 -0.0549292
0 -0.0348826 -0.0576308 -0.0554627
0 -0.0351766 -0.058241 -0.0562081
0 -0.0355514 -0.0590178 -0.0571499
0 -0.0360008 -0.0599542 -0.0582745
0 -0.0365195 -0.0610413 -0.0595695
0 -0.0371051 -0.0622689 -0.0610255
0 -0.037757 -0.0636274 -0.0626355
0 -0.0384718 -0.0651051 -0.0643905
0 -0.0392409 -0.0666877 -0.0662774
0 -0.0400518 -0.0683587 -0.0682805
0 -0.0408887 -0.0700978 -0.0703785
0 -0.0417354 -0.0718816 -0.072544
0 -0.0425797 -0.0736863 -0.0747422
0 -0.0434151 -0.0754895 -0.0769314
0 -0.0442422 -0.0772716 -0.0790693
0 -0.0450621 -0.0790108 -0.0811173
0 -0.045869 -0.0806786 -0.08304
0 -0.046647 -0.0822397 -0.0848061
0 -0.0473716 -0.0836548 -0.0863873
0 -0.0480147 -0.0848866 -0.0877593
0 -0.0485449 -0.0858981 -0.0888947
0 -0.0489301 -0.0866533 -0.0897614
0 -0.0491504 -0.0871267 -0.0903303
0 -0.0492008 -0.0873038 -0.0905782
0 -0.0490857 -0.0871761 -0.0904849
0 -0.0488183 -0.086743 -0.0900366
0 -0.0484168 -0.0860119 -0.0892283
0 -0.0478981 -0.084996 -0.0880638
0 -0.0472725 -0.083711 -0.0865554
0 -0.0465412 -0.0821709 -0.0847221
0 -0.0457015 -0.0803902 -0.0825915
0 -0.0447505 -0.0783852 -0.0801974
0 -0.0436901 -0.0761767 -0.077577
0 -0.0425329 -0.0737937 -0.0747689
0 -0.0412998 -0.0712725 -0.0718063
0 -0.0400172 -0.0686542 -0.068717
0 -0.0387148 -0.0659822 -0.0655321
0 -0.037421 -0.0632974 -0.0622949
0 -0.0361581 -0.0606358 -0.0590653
0 -0.0349407 -0.0580314 -0.0559127
0 -0.0337811 -0.055526 -0.0529091
0 -0.0326927 -0.0531711 -0.0501236
0 -0.0316888 -0.0510213 -0.0476154
0 -0.0307834 -0.0491276 -0.0454349
0 -0.0299949 -0.0475355 -0.0436265
0 -0.029344 -0.0462806 -0.0422254
0 -0.0288509 -0.0453873 -0.0412529
0 -0.0285341 -0.0448704 -0.0407174
0 -0.0284095 -0.0447367 -0.0406166
0 -0.0284886 -0.0449861 -0.0409418
0 -0.0287744 -0.0456085 -0.0416786
0 -0.0292586 -0.0465856 -0.0428102
0 -0.0299241 -0.0478948 -0.044319
0 -0.0307448 -0.049508 -0.0461851
0 -0.0316852 -0.0513874 -0.0483819
0 -0.0327058 -0.0534868 -0.0508716
0 -0.0337707 -0.0557543 -0.0536033
0 -0.0348543 -0.0581379 -0.0565147
0 -0.0359444 -0.06059 -0.059538
0 -0.0370366 -0.0630656 -0.0626035
0 -0.0381271 -0.0655197 -0.0656445
0 -0.0392079 -0.0679093 -0.0685982
0 -0.0402665 -0.0701972 -0.0714013
0 -0.0412913 -0.0723549 -0.0739915
0 -0.0422699 -0.0743575 -0.0763172
0 -0.0431898 -0.0761782 -0.0783483
0 -0.0440401 -0.0777913 -0.0800817
0 -0.0448098 -0.0791758 -0.0815328
0 -0.0454843 -0.0803186 -0.0827238
0 -0.0460476 -0.0812189 -0.0836755
0 -0.0464835 -0.0818853 -0.0844013
0 -0.0467777 -0.0823304 -0.0849054
0 -0.0469235 -0.0825666 -0.0851871
0 -0.0469281 -0.0826062 -0.0852491
0 -0.046813 -0.082462 -0.0851011
0 -0.0466047 -0.0821442 -0.0847539
0 -0.046326 -0.0816593 -0.084215
0 -0.0459936 -0.0810167 -0.0834908
0 -0.0456191 -0.0802337 -0.0825911
0 -0.045208 -0.0793324 -0.0815315
0 -0.0447617 -0.0783363 -0.080334
0 -0.0442803 -0.0772669 -0.0790282
0 -0.043763 -0.0761398 -0.0776458
0 -0.0432121 -0.0749685 -0.0762194
0 -0.0426378 -0.073771 -0.074782
0 -0.0420582 -0.0725723 -0.0733646
0 -0.0414949 -0.0714039 -0.0719938
0 -0.0409654 -0.0702959 -0.0706884
0 -0.0404762 -0.0692676 -0.0694576
0 -0.0400249 -0.0683259 -0.0683062
0 -0.0396073 -0.067469 -0.06724
0 -0.0392197 -0.0666892 -0.0662665
0 -0.0388588 -0.0659753 -0.0653911
0 -0.038524 -0.0653198 -0.0646167
0 -0.0382181 -0.0647229 -0.0639434
0 -0.0379432 -0.0641891 -0.0633644
0 -0.0377003 -0.0637243 -0.0628683
0 -0.0374929 -0.0633356 -0.0624458
0 -0.0373273 -0.0630287 -0.0620939
0 -0.0372099 -0.0628057 -0.0618153
0 -0.0371431 -0.062663 -0.0616155
0 -0.0371225 -0.0625922 -0.0614978
0 -0.0371375 -0.0625828 -0.0614615
0 -0.0371759 -0.062626 -0.0615024
0 -0.0372267 -0.0627151 -0.061613
0 -0.0372802 -0.0628415 -0.0617804
0 -0.0373284 -0.0629928 -0.0619869
0 -0.0373687 -0.0631554 -0.0622137
0 -0.0374007 -0.0633137 -0.0624405
0 -0.0374229 -0.0634497 -0.0626439
0 -0.0374351 -0.0635493 -0.0628033
0 -0.0374425 -0.0636084 -0.0629068
0 -0.0374541 -0.0636335 -0.0629533
0 -0.0374769 -0.0636362 -0.0629489
0 -0.0375144 -0.0636302 -0.0629068
0 -0.0375686 -0.0636311 -0.0628483
0 -0.0376387 -0.0636528 -0.0627998
0 -0.0377212 -0.0637058 -0.062788
0 -0.0378123 -0.0637983 -0.0628378
0 -0.037913 -0.0639413 -0.0629722
0 -0.0380302 -0.064149 -0.0632111
0 -0.0381724 -0.0644357 -0.0635664
0 -0.038346 -0.0648112 -0.0640404
0 -0.038553 -0.0652772 -0.0646261
0 -0.0387914 -0.0658265 -0.0653096
0 -0.0390554 -0.066443 -0.0660723
0 -0.0393371 -0.0671056 -0.0668927
0 -0.039632 -0.0677948 -0.0677516
0 -0.0399404 -0.0684986 -0.0686339
0 -0.0402641 -0.0692108 -0.0695274
0 -0.0406046 -0.0699296 -0.0704216
0 -0.0409627 -0.070657 -0.0713098
0 -0.0413382 -0.0713968 -0.0721899
0 -0.0417269 -0.0721491 -0.0730612
0 -0.0421186 -0.0729067 -0.0739214
0 -0.0424997 -0.0736554 -0.0747659
0 -0.0428544 -0.0743744 -0.0755852
0 -0.0431638 -0.0750359 -0.0763597
0 -0.0434093 -0.0756081 -0.0770593
0 -0.0435789 -0.0760625 -0.0776494
0 -0.0436681 -0.0763761 -0.0780929
0 -0.0436775 -0.0765299 -0.0783528
0 -0.0436093 -0.0765085 -0.0783953
0 -0.0434685 -0.0763023 -0.078197
0 -0.0432618 -0.0759098 -0.0777498
0 -0.0429963 -0.075338 -0.0770614
0 -0.0426796 -0.0746044 -0.0761567
0 -0.0423186 -0.0737351 -0.0750727
0 -0.0419166 -0.0727598 -0.0738519
0 -0.0414732 -0.0717055 -0.0725337
0 -0.0409848 -0.0705922 -0.0711485
0 -0.0404501 -0.0694332 -0.0697178
0 -0.039875 -0.0682394 -0.0682602
0 -0.039271 -0.06702 -0.0667909
0 -0.0386515 -0.0657838 -0.0653211
0 -0.0380315 -0.0645429 -0.0638609
0 -0.0374263 -0.0633139 -0.062421
0 -0.0368518 -0.0621198 -0.0610175
0 -0.0363266 -0.0609922 -0.0596762
0 -0.0358675 -0.0599652 -0.0584304
0 -0.0354845 -0.0590679 -0.0573158
0 -0.035181 -0.0583236 -0.0563679
0 -0.0349569 -0.05775 -0.0556212
0 -0.0348082 -0.0573575 -0.0551023
0 -0.0347301 -0.0571511 -0.054829
0 -0.0347229 -0.057136 -0.0548121
0 -0.0347908 -0.0573158 -0.0550532
0 -0.0349409 -0.0576927 -0.055546
0 -0.035184 -0.0582684 -0.0562806
0 -0.0355256 -0.0590387 -0.05724
0 -0.0359607 -0.0599884 -0.0583988
0 -0.0364764 -0.0610938 -0.0597274
0 -0.0370571 -0.0623272 -0.0611972
0 -0.0376865 -0.0636589 -0.0627812
0 -0.0383486 -0.0650596 -0.0644536
0 -0.0390281 -0.066501 -0.0661887
0 -0.0397124 -0.0679594 -0.0679624
0 -0.0403924 -0.0694151 -0.0697501
0 -0.0410613 -0.0708519 -0.0715252
0 -0.0417133 -0.0722547 -0.073257
0 -0.042342 -0.0736074 -0.0749095
0 -0.0429417 -0.0748922 -0.0764475
0 -0.0435085 -0.0760898 -0.0778438
0 -0.0440381 -0.0771794 -0.0790812
0 -0.0445232 -0.0781397 -0.0801502
0 -0.0449528 -0.0789522 -0.0810459
0 -0.0453133 -0.0796035 -0.081765
0 -0.0455881 -0.0800837 -0.0823015
0 -0.0457587 -0.0803824 -0.0826436
0 -0.0458079 -0.0804869 -0.0827747
0 -0.045725 -0.0803826 -0.0826767
0 -0.0455097 -0.0800563 -0.0823337
0 -0.0451712 -0.079499 -0.0817332
0 -0.044726 -0.0787098 -0.0808675
0 -0.0441961 -0.0777012 -0.0797389
0 -0.0436018 -0.076497 -0.0783596
0 -0.0429572 -0.0751269 -0.0767509
0 -0.0422726 -0.073625 -0.0749464
0 -0.0415564 -0.072027 -0.0729901
0 -0.0408171 -0.070367 -0.0709302
0 -0.040065 -0.0686782 -0.0688152
0 -0.0393131 -0.0669935 -0.0666958
0 -0.0385774 -0.0653468 -0.0646277
0 -0.0378755 -0.0637734 -0.0626707
0 -0.0372238 -0.0623109 -0.0608829
0 -0.0366334 -0.0609958 -0.0593104
0 -0.0361102 -0.0598605 -0.0579824
0 -0.035659 -0.0589315 -0.0569148
0 -0.0352865 -0.0582252 -0.0561136
0 -0.0350008 -0.0577456 -0.0555778
0 -0.0348144 -0.0574896 -0.0553042
0 -0.0347444 -0.0574541 -0.0552915
0 -0.0348068 -0.0576389 -0.0555382
0 -0.0350069 -0.0580433 -0.0560374
0 -0.035336 -0.0586635 -0.0567769
0 -0.0357762 -0.0594926 -0.0577436
0 -0.0363049 -0.060517 -0.0589245
0 -0.036898 -0.0617132 -0.0603053
0 -0.037532 -0.0630474 -0.0618658
0 -0.0381846 -0.0644775 -0.0635748
0 -0.0388362 -0.0659574 -0.0653894
0 -0.0394715 -0.067443 -0.0672583
0 -0.0400792 -0.0688943 -0.0691242
0 -0.0406512 -0.0702756 -0.0709259
0 -0.0411855 -0.07156 -0.0726032
0 -0.0416857 -0.0727304 -0.0741014
0 -0.0421537 -0.0737718 -0.0753758
0 -0.0425832 -0.0746636 -0.0763953
0 -0.0429591 -0.0753793 -0.0771467
0 -0.0432628 -0.0758938 -0.0776347
0 -0.0434758 -0.0761907 -0.0778768
0 -0.0435834 -0.0762673 -0.0778961
0 -0.0435766 -0.0761348 -0.0777145
0 -0.043454 -0.0758147 -0.0773497
0 -0.0432229 -0.0753331 -0.0768157
0 -0.0428993 -0.0747147 -0.0761246
0 -0.0425059 -0.0739808 -0.0752897
0 -0.042068 -0.0731492 -0.0743269
0 -0.041608 -0.0722365 -0.0732537
0 -0.0411428 -0.0712608 -0.0720893
0 -0.0406836 -0.0702436 -0.0708546
0 -0.0402325 -0.0692052 -0.069569
0 -0.0397829 -0.0681592 -0.0682495
0 -0.0393239 -0.0671121 -0.0669133
0 -0.0388485 -0.0660665 -0.0655811
0 -0.0383565 -0.0650248 -0.0642768
0 -0.0378548 -0.0639925 -0.0630247
0 -0.0373585 -0.0629853 -0.061848
0 -0.036892 -0.0620351 -0.0607706
0 -0.0364817 -0.0611831 -0.0598145
0 -0.0361473 -0.0604674 -0.0589971
0 -0.0358996 -0.0599158 -0.0583342
0 -0.0357428 -0.0595435 -0.0578443
0 -0.0356759 -0.0593533 -0.0575476
0 -0.0356938 -0.0593392 -0.0574621
0 -0.0357908 -0.059494 -0.0576022
0 -0.0359609 -0.0598126 -0.0579728
0 -0.0361948 -0.0602893 -0.0585654
0 -0.0364834 -0.060917 -0.0593593
0 -0.0368199 -0.0616849 -0.0603272
0 -0.0372007 -0.0625764 -0.0614381
0 -0.037625 -0.0635697 -0.0626619
0 -0.0380921 -0.0646399 -0.0639701
0 -0.0385986 -0.065762 -0.0653367
0 -0.0391394 -0.0669156 -0.0667403
0 -0.0397084 -0.0680882 -0.0681647
0 -0.0402986 -0.0692739 -0.0695984
0 -0.0409011 -0.0704698 -0.0710322
0 -0.0415041 -0.0716692 -0.0724557
0 -0.0420931 -0.0728583 -0.0738542
0 -0.0426522 -0.0740148 -0.0752078
0 -0.0431668 -0.0751102 -0.0764913
0 -0.0436248 -0.0761135 -0.0776764
0 -0.0440178 -0.0769953 -0.0787329
0 -0.0443395 -0.0777308 -0.0796299
0 -0.0445842 -0.0783001 -0.0803361
0 -0.0447491 -0.0786905 -0.0808265
0 -0.0448372 -0.078899 -0.081088
0 -0.0448527 -0.0789279 -0.0811188
0 -0.0447974 -0.0787812 -0.0809251
0 -0.0446696 -0.0784639 -0.0805191
0 -0.0444668 -0.0779838 -0.0799186
0 -0.044187 -0.0773511 -0.0791441
0 -0.0438293 -0.0765774 -0.0782154
0 -0.0433953 -0.0756752 -0.0771498
0 -0.0428917 -0.0746585 -0.075963
0 -0.0423291 -0.073542 -0.0746682
0 -0.0417217 -0.0723415 -0.0732769
0 -0.0410872 -0.0710763 -0.0718013
0 -0.0404435 -0.0697671 -0.0702543
0 -0.0398048 -0.0684339 -0.0686499
0 -0.0391807 -0.0670949 -0.0670069
0 -0.0385755 -0.0657651 -0.0653483
0 -0.037991 -0.064458 -0.063704
0 -0.0374298 -0.0631892 -0.0621126
0 -0.036894 -0.0619766 -0.0606138
0 -0.036385 -0.0608405 -0.0592415
0 -0.0359048 -0.0598031 -0.0580196
0 -0.0354594 -0.0588863 -0.0569632
0 -0.0350626 -0.0581132 -0.0560853
0 -0.0347332 -0.0575031 -0.0553966
0 -0.0344896 -0.0570689 -0.0549053
0 -0.0343481 -0.0568191 -0.054619
0 -0.0343184 -0.0567583 -0.0545433
0 -0.0344003 -0.0568863 -0.0546796
0 -0.0345837 -0.0571985 -0.0550255
0 -0.0348552 -0.057689 -0.0555787
0 -0.0352025 -0.0583512 -0.0563378
0 -0.0356154 -0.0591762 -0.0572998
0 -0.0360879 -0.0601544 -0.0584594
0 -0.0366187 -0.0612767 -0.0598076
0 -0.0372078 -0.0625338 -0.0613301
0 -0.0378545 -0.0639149 -0.063007
0 -0.038555 -0.0654057 -0.0648145
0 -0.0393002 -0.0669856 -0.0667257
0 -0.0400727 -0.0686251 -0.068709
0 -0.040849 -0.0702877 -0.0707271
0 -0.0416082 -0.0719366 -0.07274
0 -0.042338 -0.0735405 -0.0747059
0 -0.0430347 -0.075075 -0.0765811
0 -0.0437006 -0.0765219 -0.0783259
0 -0.0443362 -0.0778638 -0.0799068
0 -0.0449344 -0.079079 -0.0812972
0 -0.0454823 -0.0801447 -0.0824808
0 -0.0459638 -0.0810402 -0.0834517
0 -0.046362 -0.0817498 -0.0842105
0 -0.0466608 -0.0822634 -0.0847603
0 -0.0468466 -0.0825761 -0.0851025
0 -0.046911 -0.0826869 -0.0852359
0 -0.0468517 -0.0825968 -0.0851566
0 -0.0466725 -0.0823067 -0.084858
0 -0.0463881 -0.081822 -0.0843369
0 -0.0460174 -0.0811514 -0.0835944
0 -0.0455756 -0.080304 -0.0826328
0 -0.0450725 -0.0792903 -0.0814583
0 -0.0445134 -0.0781236 -0.080084
0 -0.0438999 -0.0768189 -0.0785292
0 -0.0432331 -0.0753939 -0.0768202
0 -0.0425182 -0.07387 -0.0749887
0 -0.0417677 -0.0722752 -0.0730714
0 -0.0410033 -0.0706459 -0.0711077
0 -0.0402506 -0.0690234 -0.069138
0 -0.0395315 -0.0674469 -0.0672025
0 -0.0388599 -0.0659486 -0.0653412
0 -0.0382423 -0.064553 -0.0635955
0 -0.0376787 -0.0632773 -0.0620052
0 -0.0371648 -0.0621337 -0.0606032
0 -0.0366981 -0.0611346 -0.059413
0 -0.0362831 -0.0602951 -0.0584495
0 -0.0359302 -0.0596312 -0.0577189
0 -0.0356533 -0.0591555 -0.0572193
0 -0.0354674 -0.0588759 -0.0569441
0 -0.0353858 -0.0587943 -0.0568848
0 -0.0354166 -0.058907 -0.0570331
0 -0.0355563 -0.0592013 -0.0573766
0 -0.0357864 -0.0596544 -0.0578966
0 -0.0360799 -0.0602375 -0.05857
0 -0.0364071 -0.0609176 -0.0593693
0 -0.0367385 -0.0616569 -0.0602601
0 -0.037053 -0.0624177 -0.0612046
0 -0.0373423 -0.0631687 -0.0621656
0 -0.0376091 -0.0638861 -0.0631075
0 -0.0378624 -0.0645556 -0.0639986
0 -0.0381123 -0.0651709 -0.0648136
0 -0.0383662 -0.0657317 -0.0655353
0 -0.0386239 -0.0662395 -0.0661538
0 -0.0388778 -0.0666936 -0.0666661
0 -0.0391138 -0.0670887 -0.0670742
0 -0.0393132 -0.0674134 -0.0673827
0 -0.0394609 -0.0676556 -0.0676003
0 -0.0395492 -0.0678069 -0.0677379
0 -0.0395772 -0.0678647 -0.0678034
0 -0.0395516 -0.0678346 -0.0678016
0 -0.0394837 -0.0677293 -0.0677332
0 -0.0393844 -0.0675627 -0.0675942
0 -0.0392632 -0.0673467 -0.0673792
0 -0.0391313 -0.0670936 -0.0670895
0 -0.0390019 -0.0668163 -0.0667368
0 -0.0388869 -0.0665279 -0.0663411
0 -0.038797 -0.0662452 -0.0659319
0 -0.0387403 -0.0659889 -0.0655444
0 -0.0387199 -0.0657822 -0.0652156
0 -0.0387357 -0.0656494 -0.0649813
0 -0.0387854 -0.0656123 -0.0648735
0 -0.0388666 -0.0656874 -0.064917
0 -0.0389781 -0.0658838 -0.0651279
0 -0.03912 -0.0662019 -0.0655108
0 -0.0392922 -0.0666333 -0.0660577
0 -0.0394954 -0.0671647 -0.0667499
0 -0.0397317 -0.0677814 -0.067563
0 -0.040003 -0.0684687 -0.0684683
0 -0.0403085 -0.0692108 -0.0694348
0 -0.0406436 -0.0699907 -0.0704313
0 -0.041003 -0.070792 -0.0714315
0 -0.0413826 -0.0716025 -0.0724172
0 -0.0417775 -0.0724116 -0.0733762
0 -0.0421793 -0.0732086 -0.0742997
0 -0.0425752 -0.0739801 -0.0751797
0 -0.0429497 -0.0747106 -0.0760077
0 -0.0432869 -0.0753825 -0.0767742
0 -0.0435691 -0.0759733 -0.0774623
0 -0.0437801 -0.0764579 -0.0780488
0 -0.0439116 -0.0768152 -0.078509
0 -0.0439621 -0.0770283 -0.0788165
0 -0.043934 -0.0770837 -0.0789449
0 -0.0438341 -0.076974 -0.0788726
0 -0.0436711 -0.0766985 -0.0785867
0 -0.0434529 -0.0762618 -0.0780852
0 -0.0431844 -0.0756733 -0.0773767
0 -0.0428692 -0.0749479 -0.0764826
0 -0.0425101 -0.0741055 -0.0754338
0 -0.042108 -0.073167 -0.0742647
0 -0.0416629 -0.0721525 -0.0730082
0 -0.0411767 -0.0710803 -0.0716917
0 -0.0406547 -0.0699669 -0.0703364
0 -0.0401061 -0.0688275 -0.0689595
0 -0.0395449 -0.0676773 -0.0675774
0 -0.0389871 -0.0665338 -0.0662071
0 -0.0384526 -0.0654199 -0.0648708
0 -0.037963 -0.0643651 -0.0635971
0 -0.0375345 -0.0633986 -0.062417
0 -0.0371749 -0.0625469 -0.0613612
0 -0.0368847 -0.0618313 -0.0604589
0 -0.0366597 -0.0612665 -0.0597355
0 -0.0364944 -0.0608603 -0.0592114
0 -0.0363835 -0.0606139 -0.0588981
0 -0.0363239 -0.060523 -0.0587977
0 -0.036317 -0.0605821 -0.0589035
0 -0.0363687 -0.060786 -0.0592021
0 -0.0364872 -0.0611303 -0.0596752
0 -0.0366798 -0.0616108 -0.0603027
0 -0.0369481 -0.0622195 -0.0610629
0 -0.037286 -0.0629427 -0.0619343
0 -0.0376819 -0.0637626 -0.0628989
0 -0.038121 -0.0646585 -0.0639418
0 -0.0385868 -0.0656085 -0.0650502
0 -0.0390648 -0.0665924 -0.0662124
0 -0.0395418 -0.0675914 -0.0674147
0 -0.0400058 -0.0685877 -0.0686382
0 -0.0404479 -0.0695647 -0.0698599
0 -0.0408637 -0.070508 -0.0710546
0 -0.0412507 -0.0714031 -0.0721939
0 -0.0416073 -0.0722342 -0.0732474
0 -0.0419326 -0.0729861 -0.0741859
0 -0.0422265 -0.0736454 -0.0749856
0 -0.042487 -0.0741992 -0.0756307
0 -0.0427082 -0.0746342 -0.0761125
0 -0.0428806 -0.0749386 -0.0764289
0 -0.0429932 -0.0751045 -0.0765828
0 -0.0430356 -0.075128 -0.0765794
0 -0.0429994 -0.075009 -0.0764241
0 -0.0428807 -0.074751 -0.0761215
0 -0.0426827 -0.0743615 -0.0756774
0 -0.0424155 -0.073851 -0.0750987
0 -0.0420926 -0.0732313 -0.0743927
0 -0.0417291 -0.0725166 -0.0735687
0 -0.0413406 -0.0717239 -0.0726395
0 -0.040941 -0.0708734 -0.0716218
0 -0.0405417 -0.0699871 -0.0705361
0 -0.0401492 -0.0690852 -0.069405
0 -0.0397662 -0.0681854 -0.0682542
0 -0.0393936 -0.0673032 -0.0671126
0 -0.0390313 -0.0664516 -0.0660104
0 -0.0386791 -0.0656416 -0.0649764
0 -0.0383376 -0.0648834 -0.064035
0 -0.03801 -0.064188 -0.0632046
0 -0.0377025 -0.0635683 -0.0624959
0 -0.037424 -0.0630379 -0.0619119
0 -0.0371853 -0.0626087 -0.0614511
0 -0.0369986 -0.0622898 -0.0611105
0 -0.036875 -0.0620865 -0.0608886
0 -0.0368223 -0.0620005 -0.0607858
0 -0.036843 -0.0620307 -0.0608047
0 -0.0369337 -0.062174 -0.060948
0 -0.0370857 -0.0624264 -0.0612179
0 -0.0372866 -0.0627826 -0.0616143
0 -0.0375242 -0.0632358 -0.0621346
0 -0.0377883 -0.0637772 -0.062773
0 -0.038072 -0.0643955 -0.0635192
0 -0.0383716 -0.0650772 -0.0643579
0 -0.0386863 -0.0658081 -0.0652704
0 -0.0390162 -0.066574 -0.0662357
0 -0.0393607 -0.0673612 -0.0672312
0 -0.0397176 -0.068157 -0.0682343
0 -0.040082 -0.0689498 -0.0692235
0 -0.040447 -0.0697274 -0.0701793
0 -0.040804 -0.0704769 -0.0710853
0 -0.0411439 -0.0711842 -0.0719278
0 -0.0414577 -0.0718348 -0.0726954
0 -0.0417376 -0.0724153 -0.0733783
0 -0.0419769 -0.072914 -0.0739672
0 -0.0421705 -0.0733213 -0.0744533
0 -0.0423145 -0.0736303 -0.074828
0 -0.0424074 -0.0738372 -0.075084
0 -0.0424493 -0.0739402 -0.0752164
0 -0.042442 -0.0739396 -0.0752228
0 -0.042388 -0.0738369 -0.0751039
0 -0.0422905 -0.0736354 -0.0748636
0 -0.0421528 -0.0733405 -0.0745089
0 -0.0419779 -0.0729594 -0.0740489
0 -0.0417687 -0.072501 -0.0734943
0 -0.0415284 -0.0719759 -0.0728577
0 -0.0412613 -0.0713958 -0.0721522
0 -0.0409724 -0.0707728 -0.0713917
0 -0.0406679 -0.0701191 -0.0705904
0 -0.0403547 -0.0694468 -0.0697632
0 -0.0400398 -0.0687679 -0.0689255
0 -0.0397297 -0.0680943 -0.0680931
0 -0.0394302 -0.0674376 -0.0672816
0 -0.0391457 -0.0668097 -0.066506
0 -0.0388798 -0.0662218 -0.0657808
0 -0.038636 -0.0656846 -0.0651191
0 -0.0384173 -0.065207 -0.0645332
0 -0.0382273 -0.064797 -0.064034
0 -0.0380692 -0.064461 -0.0636298
0 -0.0379463 -0.0642043 -0.0633263
0 -0.0378613 -0.0640311 -0.0631263
0 -0.0378163 -0.0639441 -0.0630302
0 -0.0378126 -0.0639443 -0.0630364
0 -0.0378507 -0.0640305 -0.0631422
0 -0.0379296 -0.0641994 -0.0633439
0 -0.0380469 -0.0644459 -0.0636366
0 -0.0381989 -0.0647634 -0.0640144
0 -0.0383809 -0.0651443 -0.06447
0 -0.0385875 -0.06558 -0.0649946
0 -0.0388132 -0.0660611 -0.0655783
0 -0.0390528 -0.0665775 -0.0662098
0 -0.0393014 -0.0671191 -0.0668769
0 -0.0395544 -0.0676754 -0.0675664
0 -0.0398077 -0.0682363 -0.0682644
0 -0.0400574 -0.0687918 -0.0689567
0 -0.0402998 -0.069332 -0.0696295
0 -0.0405312 -0.0698472 -0.0702698
0 -0.0407485 -0.0703284 -0.0708656
0 -0.0409483 -0.0707672 -0.071406
0 -0.0411275 -0.0711559 -0.0718817
0 -0.0412825 -0.0714881 -0.072285
0 -0.0414105 -0.0717583 -0.0726096
0 -0.0415084 -0.0719622 -0.0728516
0 -0.041574 -0.0720968 -0.0730085
0 -0.0416058 -0.0721601 -0.0730798
0 -0.0416031 -0.0721517 -0.0730665
0 -0.0415661 -0.0720728 -0.0729707
0 -0.0414962 -0.0719259 -0.0727955
0 -0.0413957 -0.0717155 -0.0725451
0 -0.0412676 -0.0714471 -0.0722245
0 -0.0411159 -0.0711271 -0.0718397
0 -0.0409449 -0.070763 -0.0713981
0 -0.0407589 -0.0703627 -0.0709082
0 -0.0405624 -0.0699345 -0.0703797
0 -0.0403592 -0.0694867 -0.0698235
0 -0.0401531 -0.0690279 -0.0692509
0 -0.0399472 -0.0685665 -0.0686741
0 -0.0397443 -0.068111 -0.0681049
0 -0.039547 -0.0676695 -0.0675549
0 -0.039358 -0.0672499 -0.0670347
0 -0.03918 -0.0668595 -0.0665541
0 -0.0390162 -0.0665053 -0.066121
0 -0.0388698 -0.0661934 -0.0657423
0 -0.0387442 -0.0659288 -0.0654233
0 -0.0386423 -0.0657158 -0.065168
