0 -0.0228733 -0.0438552 -0.0447275
0 -0.0229881 -0.0441148 -0.0450559
0 -0.0231066 -0.0443817 -0.0453928
0 -0.0232284 -0.0446548 -0.0457363
0 -0.0233531 -0.0449328 -0.0460847
0 -0.0234801 -0.0452146 -0.0464362
0 -0.023609 -0.0454992 -0.046789
0 -0.0237391 -0.0457851 -0.0471416
0 -0.0238698 -0.0460713 -0.0474924
0 -0.0240005 -0.0463564 -0.0478399
0 -0.0241304 -0.0466391 -0.0481828
0 -0.024259 -0.046918 -0.0485199
0 -0.0243855 -0.0471918 -0.0488499
0 -0.0245093 -0.0474591 -0.0491717
0 -0.0246297 -0.0477187 -0.0494843
0 -0.024746 -0.0479694 -0.0497865
0 -0.0248577 -0.0482098 -0.0500773
0 -0.0249641 -0.0484391 -0.0503557
0 -0.0250646 -0.0486561 -0.0506208
0 -0.0251587 -0.0488602 -0.0508714
0 -0.0252461 -0.0490504 -0.0511066
0 -0.0253262 -0.0492262 -0.0513254
0 -0.0253989 -0.049387 -0.0515267
0 -0.0254638 -0.0495323 -0.0517097
0 -0.0255207 -0.0496617 -0.0518735
0 -0.0255696 -0.0497747 -0.0520172
0 -0.0256104 -0.0498709 -0.0521401
0 -0.0256429 -0.0499501 -0.0522414
0 -0.0256675 -0.0500119 -0.0523208
0 -0.0256842 -0.0500562 -0.052378
0 -0.0256934 -0.0500831 -0.052413
0 -0.0256953 -0.0500925 -0.0524256
0 -0.02569 -0.0500844 -0.052416
0 -0.0256777 -0.0500588 -0.0523844
0 -0.0256585 -0.0500162 -0.0523311
0 -0.0256326 -0.0499567 -0.0522568
0 -0.0256003 -0.0498811 -0.052162
0 -0.0255616 -0.0497897 -0.0520475
0 -0.0255166 -0.0496832 -0.051914
0 -0.0254652 -0.0495622 -0.0517622
0 -0.0254078 -0.0494276 -0.0515934
0 -0.0253445 -0.0492803 -0.0514086
0 -0.0252756 -0.0491213 -0.051209
0 -0.0252014 -0.0489514 -0.0509959
0 -0.0251221 -0.0487715 -0.0507703
0 -0.0250383 -0.0485827 -0.0505339
0 -0.0249505 -0.0483861 -0.0502881
0 -0.0248592 -0.0481827 -0.0500343
0 -0.0247644 -0.0479729 -0.0497732
0 -0.0246659 -0.047757 -0.0495056
0 -0.0245637 -0.0475353 -0.0492321
0 -0.0244579 -0.0473084 -0.0489536
0 -0.0243489 -0.0470767 -0.0486709
0 -0.0242372 -0.0468411 -0.0483848
0 -0.0241234 -0.0466023 -0.0480964
0 -0.024008 -0.0463611 -0.0478063
0 -0.0238916 -0.0461182 -0.0475151
0 -0.0237755 -0.0458751 -0.0472242
0 -0.0236615 -0.045634 -0.0469358
0 -0.023552 -0.0453978 -0.0466524
0 -0.0234487 -0.045169 -0.0463761
0 -0.0233524 -0.0449493 -0.0461086
0 -0.0232636 -0.0447401 -0.045851
0 -0.0231821 -0.0445429 -0.0456046
0 -0.023108 -0.0443588 -0.0453707
0 -0.023041 -0.0441888 -0.0451505
0 -0.0229806 -0.0440334 -0.0449453
0 -0.0229262 -0.0438929 -0.044756
0 -0.0228771 -0.0437673 -0.0445838
0 -0.0228334 -0.0436571 -0.0444302
0 -0.0227959 -0.0435631 -0.0442974
0 -0.0227652 -0.0434861 -0.0441874
0 -0.0227417 -0.0434265 -0.0441015
0 -0.0227255 -0.0433842 -0.0440405
0 -0.0227164 -0.0433593 -0.0440048
0 -0.0227139 -0.0433511 -0.043994
0 -0.0227154 -0.0433573 -0.0440055
0 -0.0227167 -0.0433733 -0.0440345
0 -0.0227139 -0.0433945 -0.0440758
0 -0.0227059 -0.043419 -0.0441266
0 -0.0226962 -0.0434484 -0.0441878
0 -0.02269 -0.0434864 -0.0442622
0 -0.0226905 -0.0435345 -0.04435
0 -0.0226958 -0.0435894 -0.0444466
0 -0.0227023 -0.0436463 -0.0445458
0 -0.0227093 -0.0437035 -0.0446444
0 -0.0227219 -0.043765 -0.0447451
0 -0.0227478 -0.043838 -0.0448537
0 -0.0227922 -0.0439276 -0.0449744
0 -0.0228557 -0.0440356 -0.0451077
0 -0.0229361 -0.0441613 -0.0452522
0 -0.0230304 -0.0443038 -0.0454069
0 -0.0231342 -0.0444606 -0.0455694
0 -0.0232399 -0.0446261 -0.0457352
0 -0.023339 -0.0447925 -0.0458983
0 -0.0234268 -0.0449553 -0.0460566
0 -0.0235075 -0.0451175 -0.0462158
0 -0.0235912 -0.0452878 -0.0463876
0 -0.0236862 -0.0454735 -0.0465819
0 -0.0237939 -0.0456754 -0.0468011
0 -0.0239096 -0.0458891 -0.047042
0 -0.0240278 -0.04611 -0.0473003
0 -0.024145 -0.0463354 -0.047573
0 -0.0242583 -0.0465632 -0.0478571
0 -0.0243636 -0.0467899 -0.0481478
0 -0.0244559 -0.0470104 -0.0484387
0 -0.0245307 -0.0472191 -0.0487227
0 -0.0245846 -0.0474107 -0.0489929
0 -0.024615 -0.0475792 -0.0492424
0 -0.0246194 -0.0477178 -0.049463
0 -0.024595 -0.0478185 -0.0496455
0 -0.0245422 -0.0478757 -0.0497832
0 -0.0244683 -0.0478905 -0.0498756
0 -0.0243869 -0.0478709 -0.0499283
0 -0.0243104 -0.0478253 -0.0499472
0 -0.0242441 -0.0477569 -0.0499318
0 -0.0241874 -0.0476651 -0.0498774
0 -0.0241395 -0.0475513 -0.0497813
0 -0.0241026 -0.0474211 -0.0496454
0 -0.0240799 -0.0472822 -0.0494747
0 -0.0240724 -0.0471414 -0.0492745
0 -0.0240777 -0.047002 -0.0490484
0 -0.0240898 -0.0468638 -0.0487981
0 -0.0241003 -0.0467238 -0.0485245
0 -0.0241028 -0.0465792 -0.0482304
0 -0.0240956 -0.046431 -0.0479236
0 -0.0240806 -0.0462825 -0.0476154
0 -0.0240582 -0.0461346 -0.0473144
0 -0.0240243 -0.0459833 -0.0470242
0 -0.0239752 -0.0458242 -0.0467471
0 -0.0239108 -0.0456568 -0.0464875
0 -0.0238321 -0.0454814 -0.0462488
0 -0.0237353 -0.0452937 -0.0460277
0 -0.0236127 -0.0450851 -0.0458147
0 -0.0234578 -0.0448483 -0.0455994
0 -0.0232685 -0.0445789 -0.0453733
0 -0.0230434 -0.044273 -0.0451267
0 -0.0227796 -0.0439233 -0.0448461
0 -0.0224741 -0.0435217 -0.0445163
0 -0.0221295 -0.0430643 -0.0441266
0 -0.0217568 -0.0425544 -0.0436735
0 -0.021371 -0.042 -0.0431583
0 -0.020987 -0.0414096 -0.0425829
0 -0.0206165 -0.0407909 -0.0419489
0 -0.0202691 -0.0401515 -0.0412584
0 -0.0199552 -0.0395029 -0.0405181
0 -0.0196885 -0.0388625 -0.0397425
0 -0.0194856 -0.038254 -0.0389537
0 -0.0193608 -0.0377019 -0.0381766
0 -0.0193166 -0.037222 -0.0374298
0 -0.0193374 -0.0368144 -0.0367189
0 -0.0193955 -0.0364669 -0.0360407
0 -0.0194637 -0.0361665 -0.0353949
0 -0.0195242 -0.0359057 -0.0347904
0 -0.0195661 -0.03568 -0.0342414
0 -0.0195776 -0.0354801 -0.0337577
0 -0.0195436 -0.03529 -0.0333406
0 -0.0194513 -0.0350928 -0.0329871
0 -0.0192972 -0.0348781 -0.0326965
0 -0.0190877 -0.0346433 -0.0324699
0 -0.0188305 -0.0343867 -0.0323034
0 -0.0185286 -0.0341015 -0.0321813
0 -0.0181818 -0.0337781 -0.0320798
0 -0.0177969 -0.0334142 -0.0319777
0 -0.017395 -0.0330222 -0.0318658
0 -0.017009 -0.032628 -0.0317467
0 -0.0166733 -0.032261 -0.0316277
0 -0.0164159 -0.031947 -0.031515
0 -0.0162559 -0.0317068 -0.0314129
0 -0.0162057 -0.0315578 -0.0313269
0 -0.0162731 -0.0315163 -0.031266
0 -0.0164622 -0.031598 -0.0312447
0 -0.0167742 -0.0318171 -0.031283
0 -0.0172067 -0.0321867 -0.0314054
0 -0.0177544 -0.0327173 -0.0316406
0 -0.018408 -0.0334156 -0.0320187
0 -0.0191536 -0.0342828 -0.0325687
0 -0.0199725 -0.0353142 -0.0333153
0 -0.0208423 -0.0365001 -0.0342774
0 -0.0217394 -0.0378266 -0.0354675
0 -0.0226411 -0.0392782 -0.0368918
0 -0.0235297 -0.0408404 -0.0385512
0 -0.0243946 -0.042502 -0.0404432
0 -0.0252315 -0.0442557 -0.0425606
0 -0.0260376 -0.0460935 -0.0448877
0 -0.0268065 -0.0480006 -0.0473956
0 -0.0275274 -0.0499546 -0.0500442
0 -0.0281911 -0.05193 -0.0527903
0 -0.0287952 -0.0539039 -0.055592
0 -0.0293454 -0.0558589 -0.0584095
0 -0.0298527 -0.0577809 -0.0612013
0 -0.0303298 -0.059657 -0.0639227
0 -0.0307887 -0.0614742 -0.0665276
0 -0.0312395 -0.0632186 -0.0689722
0 -0.031689 -0.0648741 -0.0712157
0 -0.0321405 -0.066423 -0.0732234
0 -0.0325995 -0.0678509 -0.0749731
0 -0.033081 -0.0691563 -0.0764633
0 -0.0336106 -0.0703523 -0.0777153
0 -0.0342141 -0.0714585 -0.0787629
0 -0.0349041 -0.0724886 -0.0796382
0 -0.0356681 -0.0734391 -0.0803592
0 -0.0364692 -0.0742892 -0.080927
0 -0.0372577 -0.075011 -0.0813354
0 -0.037988 -0.0755839 -0.0815838
0 -0.0386322 -0.0760059 -0.0816882
0 -0.0391836 -0.0762961 -0.0816827
0 -0.0396494 -0.0764862 -0.0816115
0 -0.0400401 -0.0766093 -0.0815161
0 -0.0403571 -0.076687 -0.0814238
0 -0.0405897 -0.0767251 -0.081343
0 -0.0407217 -0.0767192 -0.0812697
0 -0.0407424 -0.0766646 -0.0811984
0 -0.0406534 -0.0765626 -0.0811278
0 -0.0404677 -0.0764196 -0.0810609
0 -0.0402047 -0.0762431 -0.0810007
0 -0.0398828 -0.0760352 -0.0809431
0 -0.0395142 -0.0757892 -0.0808737
0 -0.0391049 -0.0754911 -0.0807692
0 -0.0386583 -0.0751247 -0.0806022
0 -0.0381796 -0.0746767 -0.0803467
0 -0.0376775 -0.0741396 -0.0799818
0 -0.0371656 -0.0735138 -0.0794943
0 -0.0366619 -0.0728084 -0.0788794
0 -0.0361816 -0.0720341 -0.0781357
0 -0.0357237 -0.0711903 -0.077252
0 -0.0352666 -0.0702593 -0.0762039
0 -0.0347844 -0.0692207 -0.0749688
0 -0.0342686 -0.0680713 -0.0735466
0 -0.0337322 -0.0668298 -0.0719636
0 -0.0331954 -0.0655226 -0.0702576
0 -0.0326656 -0.0641647 -0.0684575
0 -0.0321271 -0.0627491 -0.0665718
0 -0.0315471 -0.0612524 -0.064592
0 -0.0308955 -0.059653 -0.0625106
0 -0.0301641 -0.0579501 -0.060338
0 -0.0293666 -0.0561631 -0.0581009
0 -0.0285194 -0.0543139 -0.0558253
0 -0.0276269 -0.0524113 -0.0535223
0 -0.0266845 -0.0504544 -0.0511911
0 -0.0256883 -0.0484414 -0.0488295
0 -0.0246415 -0.0463763 -0.0464399
0 -0.0235528 -0.0442685 -0.044029
0 -0.0224334 -0.042129 -0.0416049
0 -0.021292 -0.0399671 -0.0391732
0 -0.0201319 -0.0377869 -0.0367343
0 -0.0189529 -0.0355887 -0.0342846
0 -0.0177579 -0.0333759 -0.031824
0 -0.0165603 -0.0311625 -0.0293637
0 -0.0153866 -0.0289759 -0.0269284
0 -0.0142724 -0.0268541 -0.0245543
0 -0.0132521 -0.0248355 -0.0222787
0 -0.0123478 -0.022949 -0.0201299
0 -0.0115688 -0.0212129 -0.0181263
0 -0.0109175 -0.0196407 -0.0162825
0 -0.0103923 -0.0182433 -0.0146122
0 -0.00998402 -0.0170246 -0.013124
0 -0.00967353 -0.0159787 -0.0118179
0 -0.00943676 -0.0150936 -0.0106888
0 -0.00925278 -0.0143585 -0.00973329
0 -0.00911119 -0.0137706 -0.0089564
0 -0.00901357 -0.013337 -0.00837235
0 -0.00896683 -0.0130678 -0.00799749
0 -0.0089734 -0.0129666 -0.00784031
0 -0.0090278 -0.0130275 -0.00789793
0 -0.00912321 -0.0132411 -0.00816258
0 -0.00926049 -0.013604 -0.00863061
0 -0.00944854 -0.0141195 -0.00930322
0 -0.00969463 -0.0147881 -0.0101773
0 -0.00999482 -0.0155982 -0.0112362
0 -0.0103345 -0.0165263 -0.0124508
0 -0.0106969 -0.0175454 -0.0137878
0 -0.0110696 -0.0186311 -0.0152168
0 -0.0114466 -0.0197642 -0.0167129
0 -0.0118285 -0.0209309 -0.0182575
0 -0.0122249 -0.0221263 -0.01984
0 -0.0126523 -0.0233534 -0.0214572
0 -0.013128 -0.0246188 -0.023109
0 -0.0136659 -0.0259286 -0.0247941
0 -0.0142764 -0.02729 -0.0265121
0 -0.0149704 -0.0287144 -0.0282677
0 -0.0157594 -0.0302184 -0.0300719
0 -0.0166513 -0.0318187 -0.031938
0 -0.0176456 -0.0335273 -0.0338766
0 -0.0187306 -0.0353468 -0.0358921
0 -0.0198816 -0.037267 -0.0379787
0 -0.0210612 -0.0392631 -0.0401193
0 -0.0222269 -0.0413008 -0.0422905
0 -0.0233383 -0.0433429 -0.0444685
0 -0.0243631 -0.0453538 -0.0466333
0 -0.025282 -0.0473052 -0.048772
0 -0.0260933 -0.0491805 -0.0508819
0 -0.0268115 -0.0509761 -0.0529701
0 -0.0274609 -0.0526971 -0.0550471
0 -0.0280699 -0.0543541 -0.0571215
0 -0.0286637 -0.0559579 -0.0591943
0 -0.0292522 -0.0575086 -0.0612484
0 -0.0298205 -0.0589858 -0.0632412
0 -0.0303389 -0.0603568 -0.0651144
0 -0.030782 -0.0615937 -0.0668148
0 -0.0311398 -0.0626826 -0.0683057
0 -0.0314178 -0.063623 -0.0695686
0 -0.031634 -0.0644242 -0.0706015
0 -0.0318143 -0.0651017 -0.0714159
0 -0.0319871 -0.0656737 -0.0720326
0 -0.0321788 -0.0661578 -0.0724773
0 -0.032411 -0.0665703 -0.0727786
0 -0.0326977 -0.066925 -0.0729652
0 -0.0330433 -0.0672319 -0.0730625
0 -0.0334434 -0.0674986 -0.073093
0 -0.0338859 -0.0677306 -0.0730753
0 -0.0343493 -0.0679288 -0.0730213
0 -0.0348009 -0.0680856 -0.0729322
0 -0.0352007 -0.0681861 -0.0728003
0 -0.0355137 -0.0682169 -0.0726193
0 -0.0357238 -0.0681789 -0.0723961
0 -0.0358353 -0.0680872 -0.0721521
0 -0.0358617 -0.0679608 -0.0719113
0 -0.0358126 -0.0678096 -0.0716881
0 -0.0356854 -0.0676274 -0.0714788
0 -0.0354661 -0.0673919 -0.0712621
0 -0.0351386 -0.0670743 -0.0710083
0 -0.034696 -0.0666507 -0.0706897
0 -0.0341454 -0.0661069 -0.0702858
0 -0.0335083 -0.0654413 -0.0697859
0 -0.0328192 -0.0646662 -0.0691891
0 -0.0321192 -0.0638037 -0.0685017
0 -0.031448 -0.0628802 -0.0677317
0 -0.0308389 -0.0619235 -0.0668865
0 -0.0303158 -0.0609608 -0.0659726
0 -0.0298902 -0.060014 -0.0649936
0 -0.0295576 -0.0590953 -0.0639482
0 -0.029306 -0.0582125 -0.0628372
0 -0.0291276 -0.0573786 -0.0616756
0 -0.0290238 -0.056615 -0.0604954
0 -0.0289962 -0.0559421 -0.0593351
0 -0.0290312 -0.0553643 -0.058222
0 -0.029091 -0.0548596 -0.0571593
0 -0.029122 -0.054386 -0.0561316
0 -0.0290755 -0.0539006 -0.0551234
0 -0.0289273 -0.0533781 -0.054136
0 -0.0286834 -0.0528172 -0.0531925
0 -0.028368 -0.0522307 -0.0523258
0 -0.028002 -0.0516274 -0.0515576
0 -0.0275878 -0.0509984 -0.0508836
0 -0.0271129 -0.050322 -0.0502771
0 -0.0265628 -0.049576 -0.049702
0 -0.0259318 -0.0487472 -0.0491241
0 -0.0252312 -0.047839 -0.0485211
0 -0.0244955 -0.0468775 -0.04789
0 -0.0237778 -0.0459089 -0.0472468
0 -0.0231325 -0.0449837 -0.0466117
0 -0.0225915 -0.0441356 -0.0459889
0 -0.0221532 -0.0433686 -0.0453571
0 -0.0217921 -0.0426648 -0.0446792
0 -0.0214787 -0.0420016 -0.0439224
0 -0.0211928 -0.0413616 -0.0430701
0 -0.0209264 -0.0407362 -0.0421246
0 -0.0206846 -0.0401263 -0.0411071
0 -0.0204837 -0.0395426 -0.0400543
0 -0.0203437 -0.0390009 -0.0390108
0 -0.0202807 -0.038517 -0.0380206
0 -0.020301 -0.038101 -0.0371218
0 -0.020397 -0.0377542 -0.0363408
0 -0.0205467 -0.0374695 -0.0356901
0 -0.0207173 -0.0372329 -0.0351683
0 -0.0208686 -0.0370241 -0.0347612
0 -0.0209581 -0.0368192 -0.0344456
0 -0.0209514 -0.0365977 -0.0341968
0 -0.0208363 -0.0363543 -0.0340026
0 -0.0206283 -0.0361044 -0.033869
0 -0.0203609 -0.0358745 -0.0338114
0 -0.0200672 -0.0356866 -0.0338394
0 -0.0197695 -0.035549 -0.0339483
0 -0.0194799 -0.0354581 -0.0341206
0 -0.0192058 -0.0354047 -0.0343343
0 -0.0189573 -0.0353827 -0.0345705
0 -0.0187519 -0.0353948 -0.0348207
0 -0.018614 -0.035453 -0.0350867
0 -0.0185687 -0.0355744 -0.0353771
0 -0.0186361 -0.0357765 -0.0357025
0 -0.0188277 -0.036074 -0.0360729
0 -0.0191443 -0.0364767 -0.0364954
0 -0.0195775 -0.0369899 -0.0369759
0 -0.0201171 -0.0376208 -0.0375249
0 -0.0207571 -0.0383822 -0.0381632
0 -0.0214944 -0.0392903 -0.0389184
0 -0.0223199 -0.040355 -0.0398163
0 -0.0232112 -0.0415703 -0.0408702
0 -0.0241336 -0.0429148 -0.0420803
0 -0.0250514 -0.044361 -0.0434413
0 -0.0259357 -0.0458826 -0.044948
0 -0.0267618 -0.0474515 -0.0465904
0 -0.0275018 -0.0490307 -0.0483459
0 -0.0281282 -0.050578 -0.050182
0 -0.028629 -0.0520612 -0.0520711
0 -0.0290168 -0.0534696 -0.0540007
0 -0.0293214 -0.0548087 -0.0559673
0 -0.0295736 -0.0560864 -0.0579608
0 -0.0297956 -0.0573055 -0.0599566
0 -0.0300009 -0.0584636 -0.0619164
0 -0.0301984 -0.0595569 -0.0637947
0 -0.0303963 -0.0605846 -0.0655467
0 -0.0306042 -0.0615502 -0.0671347
0 -0.0308363 -0.0624622 -0.0685338
0 -0.0311152 -0.0633382 -0.0697398
0 -0.0314732 -0.064206 -0.070771
0 -0.031943 -0.0650959 -0.0716617
0 -0.0325447 -0.0660295 -0.0724484
0 -0.0332765 -0.0670114 -0.0731606
0 -0.0341137 -0.0680273 -0.0738161
0 -0.0350101 -0.0690456 -0.0744199
0 -0.0359005 -0.0700172 -0.0749606
0 -0.0367078 -0.0708806 -0.0754129
0 -0.0373678 -0.0715832 -0.0757579
0 -0.0378571 -0.0721089 -0.0760078
0 -0.0381966 -0.0724827 -0.0762078
0 -0.038429 -0.0727502 -0.0764142
0 -0.0385896 -0.0729507 -0.0766666
0 -0.0386855 -0.0730966 -0.0769677
0 -0.038689 -0.0731661 -0.0772775
0 -0.0385527 -0.073115 -0.0775277
0 -0.038238 -0.072902 -0.0776504
0 -0.0377343 -0.072504 -0.0775962
0 -0.0370518 -0.0719102 -0.0773301
0 -0.036206 -0.0711067 -0.0768174
0 -0.0352093 -0.0700711 -0.0760186
0 -0.0340768 -0.0687806 -0.0748966
0 -0.0328356 -0.0672251 -0.0734302
0 -0.0315323 -0.0654178 -0.0716235
0 -0.0302342 -0.0634024 -0.0695114
0 -0.0290306 -0.0612579 -0.0671649
0 -0.0280314 -0.0591024 -0.0646932
0 -0.0273464 -0.0570746 -0.0622271
0 -0.0270321 -0.0552811 -0.059867
0 -0.0270418 -0.0537406 -0.0576316
0 -0.0272262 -0.0523746 -0.0554498
0 -0.0273898 -0.0510534 -0.0532069
0 -0.0273725 -0.0496673 -0.0508181
0 -0.0271125 -0.0481832 -0.0482883
0 -0.026659 -0.0466569 -0.0457237
0 -0.0261273 -0.0451939 -0.0432889
0 -0.0256284 -0.0438879 -0.041137
0 -0.0252223 -0.0427828 -0.0393618
0 -0.0249092 -0.0418697 -0.0379894
0 -0.0246486 -0.0411071 -0.0369948
0 -0.024389 -0.0404492 -0.0363297
0 -0.0240905 -0.0398654 -0.0359437
0 -0.0237317 -0.0393427 -0.0357904
0 -0.023306 -0.0388801 -0.0358263
0 -0.0228226 -0.0384858 -0.0360129
0 -0.0223018 -0.0381725 -0.0363161
0 -0.0217457 -0.0379268 -0.0366794
0 -0.0211075 -0.0376774 -0.0369962
0 -0.020312 -0.0373127 -0.0371305
0 -0.019314 -0.0367393 -0.0369753
0 -0.0181397 -0.0359262 -0.0364954
0 -0.0168852 -0.0349111 -0.0357291
0 -0.0156838 -0.0337761 -0.0347607
0 -0.0146647 -0.0326142 -0.0336828
0 -0.0139219 -0.031504 -0.032569
0 -0.0135051 -0.0305027 -0.0314654
0 -0.0134251 -0.0296504 -0.0303979
0 -0.0136681 -0.0289825 -0.0293879
0 -0.0142075 -0.028538 -0.0284649
0 -0.0150126 -0.0283618 -0.0276724
0 -0.0160598 -0.0285082 -0.0270764
0 -0.0173389 -0.0290417 -0.0267684
0 -0.0188323 -0.0300134 -0.0268412
0 -0.0204784 -0.0314199 -0.0273473
0 -0.0221415 -0.0331682 -0.0282613
0 -0.0236148 -0.0350701 -0.0294702
0 -0.0246757 -0.0368918 -0.0308169
0 -0.0251681 -0.038433 -0.0321716
0 -0.0250543 -0.0395818 -0.033478
0 -0.0244138 -0.0403217 -0.0347516
0 -0.0234054 -0.0407082 -0.0360493
0 -0.0222189 -0.0408364 -0.0374328
0 -0.0210284 -0.0408054 -0.0389314
0 -0.0199516 -0.0406844 -0.040515
0 -0.0190333 -0.0404967 -0.0420902
0 -0.0182637 -0.0402348 -0.0435245
0 -0.0176194 -0.0398968 -0.0446837
0 -0.017101 -0.0395151 -0.0454713
0 -0.0167505 -0.0391631 -0.0458591
0 -0.0166511 -0.0389493 -0.0458974
0 -0.0169071 -0.0389989 -0.0456998
0 -0.017611 -0.0394255 -0.0454137
0 -0.0188114 -0.0403044 -0.0451879
0 -0.0204959 -0.0416575 -0.0451462
0 -0.022589 -0.0434514 -0.0453702
0 -0.0249578 -0.0456012 -0.0458921
0 -0.0274232 -0.0479765 -0.0466994
0 -0.029783 -0.0504147 -0.0477475
0 -0.0318477 -0.052749 -0.0489794
0 -0.0334727 -0.0548393 -0.0503459
0 -0.0345786 -0.0565959 -0.0518208
0 -0.0351632 -0.0579954 -0.0534118
0 -0.0352992 -0.0590828 -0.0551599
0 -0.035109 -0.0599498 -0.0571171
0 -0.0347222 -0.0606968 -0.0593125
0 -0.0342356 -0.0613961 -0.0617235
0 -0.0336919 -0.0620698 -0.0642602
0 -0.033083 -0.0626886 -0.0667706
0 -0.0323803 -0.063199 -0.0690736
0 -0.0315707 -0.0635566 -0.0710051
0 -0.0306722 -0.0637375 -0.0724445
0 -0.0297274 -0.063731 -0.0733173
0 -0.0287916 -0.0635309 -0.0735889
0 -0.0279202 -0.06313 -0.0732561
0 -0.0271573 -0.0625136 -0.0723368
0 -0.0265224 -0.0616545 -0.0708576
0 -0.0260086 -0.0605151 -0.0688482
0 -0.0255951 -0.0590661 -0.0663508
0 -0.0252685 -0.05731 -0.0634355
0 -0.0250346 -0.0552952 -0.0602076
0 -0.0249174 -0.0531142 -0.0568019
0 -0.0249485 -0.0508881 -0.0533644
0 -0.0251509 -0.0487434 -0.0500304
0 -0.0255244 -0.0467876 -0.046909
0 -0.0260343 -0.0450921 -0.0440772
0 -0.0266133 -0.0436881 -0.0415801
0 -0.0271772 -0.042574 -0.0394385
0 -0.027644 -0.0417291 -0.0376618
0 -0.02795 -0.0411258 -0.0362596
0 -0.0280604 -0.0407396 -0.0352505
0 -0.0279683 -0.0405507 -0.0346583
0 -0.0276774 -0.0405284 -0.0344899
0 -0.0271797 -0.0406114 -0.0347106
0 -0.0264711 -0.0407267 -0.0352587
0 -0.025596 -0.0408401 -0.0360938
0 -0.0246634 -0.0409832 -0.0372209
0 -0.0238132 -0.0412288 -0.0386646
0 -0.0231611 -0.0416439 -0.040423
0 -0.0227611 -0.042255 -0.0424407
0 -0.0226006 -0.0430395 -0.0446112
0 -0.022616 -0.0439372 -0.0467926
0 -0.0227164 -0.0448671 -0.0488257
0 -0.0228092 -0.0457435 -0.0505576
0 -0.0228221 -0.0464899 -0.0518658
0 -0.0227152 -0.0470449 -0.0526739
0 -0.0224844 -0.0473666 -0.0529556
0 -0.0221629 -0.0474383 -0.052736
0 -0.0218194 -0.047276 -0.0520899
0 -0.0215463 -0.0469262 -0.05113
0 -0.0214361 -0.0464542 -0.0499841
0 -0.0215566 -0.0459287 -0.0487696
0 -0.0219404 -0.0454152 -0.0475813
0 -0.0225908 -0.0449801 -0.0464954
0 -0.023496 -0.0446968 -0.0455815
0 -0.0246338 -0.0446434 -0.044907
0 -0.0259589 -0.0448806 -0.0445232
0 -0.0273881 -0.0454268 -0.044447
0 -0.0288029 -0.0462487 -0.0446559
0 -0.0300699 -0.0472727 -0.0451005
0 -0.0310673 -0.0484053 -0.0457251
0 -0.0317092 -0.0495536 -0.0464866
0 -0.0319627 -0.0506449 -0.0473686
0 -0.0318562 -0.0516388 -0.0483865
0 -0.0314666 -0.0525242 -0.0495743
0 -0.0308891 -0.0533017 -0.0509571
0 -0.0302108 -0.0539705 -0.0525308
0 -0.0295024 -0.0545295 -0.0542617
0 -0.0288236 -0.0549873 -0.0560995
0 -0.0282316 -0.0553705 -0.0579885
0 -0.0277791 -0.055721 -0.0598675
0 -0.0274991 -0.0560797 -0.0616608
0 -0.0273903 -0.056468 -0.0632726
0 -0.027418 -0.0568782 -0.0645962
0 -0.0275292 -0.057279 -0.065533
0 -0.0276735 -0.0576297 -0.0660136
0 -0.027815 -0.0578901 -0.0660088
0 -0.0279335 -0.0580216 -0.0655284
0 -0.0280172 -0.0579843 -0.0646109
0 -0.0280596 -0.0577394 -0.0633144
0 -0.0280567 -0.0572554 -0.061709
0 -0.0280023 -0.05651 -0.0598648
0 -0.0278829 -0.0554905 -0.0578408
0 -0.0276798 -0.0541947 -0.0556819
0 -0.0273765 -0.0526367 -0.0534235
0 -0.026967 -0.0508513 -0.0510993
0 -0.0264618 -0.0488968 -0.0487492
0 -0.0258867 -0.0468503 -0.0464212
0 -0.0252762 -0.0447978 -0.0441661
0 -0.0246642 -0.0428222 -0.0420297
0 -0.0240775 -0.0409944 -0.0400475
0 -0.0235357 -0.0393704 -0.0382468
0 -0.0230559 -0.0379931 -0.0366525
0 -0.0226542 -0.0368946 -0.0352903
0 -0.0223463 -0.0360953 -0.034187
0 -0.0221484 -0.0356077 -0.0333717
0 -0.0220825 -0.0354428 -0.0328808
0 -0.022174 -0.035611 -0.0327552
0 -0.0224356 -0.0361098 -0.033024
0 -0.0228515 -0.0369098 -0.0336874
0 -0.0233747 -0.0379532 -0.0347114
0 -0.0239398 -0.0391651 -0.036038
0 -0.0244834 -0.0404719 -0.0376019
0 -0.0249609 -0.041816 -0.0393452
0 -0.0253512 -0.0431594 -0.0412211
0 -0.0256507 -0.0444783 -0.0431885
0 -0.025868 -0.0457578 -0.0452085
0 -0.0260211 -0.0469906 -0.0472464
0 -0.0261321 -0.0481726 -0.0492704
0 -0.02622 -0.0492981 -0.0512459
0 -0.0262996 -0.0503598 -0.0531336
0 -0.0263886 -0.0513565 -0.0548971
0 -0.0265123 -0.0522981 -0.0565093
0 -0.0266971 -0.0531998 -0.057952
0 -0.0269625 -0.0540736 -0.0592125
0 -0.0273205 -0.0549277 -0.0602858
0 -0.0277808 -0.0557722 -0.0611807
0 -0.028354 -0.0566226 -0.0619232
0 -0.0290467 -0.0574956 -0.0625509
0 -0.0298549 -0.0584034 -0.0631049
0 -0.0307624 -0.059351 -0.0636248
0 -0.0317422 -0.060337 -0.0641459
0 -0.032755 -0.0613496 -0.0646929
0 -0.0337462 -0.0623616 -0.0652721
0 -0.03465 -0.0633317 -0.0658722
0 -0.0354048 -0.0642164 -0.0664758
0 -0.035971 -0.0649857 -0.0670742
0 -0.0363375 -0.06563 -0.0676732
0 -0.0365162 -0.0661546 -0.0682863
0 -0.0365327 -0.0665731 -0.0689261
0 -0.0364201 -0.066902 -0.0695993
0 -0.0362127 -0.0671567 -0.070302
0 -0.0359384 -0.0673455 -0.0710158
0 -0.0356132 -0.0674643 -0.0717043
0 -0.0352419 -0.0674987 -0.0723168
0 -0.0348265 -0.0674322 -0.0727995
0 -0.0343752 -0.0672549 -0.0731065
0 -0.0339025 -0.066964 -0.0732037
0 -0.0334219 -0.0665569 -0.0730637
0 -0.0329356 -0.0660212 -0.072658
0 -0.0324362 -0.0653367 -0.0719596
0 -0.0319212 -0.0644901 -0.0709578
0 -0.0314044 -0.0634879 -0.0696696
0 -0.03091 -0.0623525 -0.0681341
0 -0.0304562 -0.0611069 -0.0663945
0 -0.0300435 -0.0597648 -0.0644865
0 -0.0296564 -0.0583314 -0.0624368
0 -0.0292716 -0.0568091 -0.0602683
0 -0.0288633 -0.0552005 -0.058001
0 -0.0284075 -0.0535099 -0.055653
0 -0.0278866 -0.0517468 -0.0532432
0 -0.0272941 -0.0499281 -0.0507964
0 -0.0266334 -0.0480757 -0.048343
0 -0.025912 -0.0462107 -0.0459134
0 -0.0251354 -0.0443468 -0.0435322
0 -0.0243051 -0.042489 -0.0412159
0 -0.0234206 -0.0406375 -0.0389741
0 -0.0224825 -0.0387907 -0.0368104
0 -0.0214932 -0.0369469 -0.0347244
0 -0.0204572 -0.0351054 -0.0327124
0 -0.019383 -0.0332683 -0.0307694
0 -0.018286 -0.0314444 -0.0288939
0 -0.0171895 -0.0296512 -0.0270897
0 -0.0161208 -0.027911 -0.0253638
0 -0.015103 -0.0262436 -0.0237196
0 -0.014147 -0.0246582 -0.0221505
0 -0.0132502 -0.0231517 -0.020639
0 -0.0124047 -0.0217158 -0.0191658
0 -0.0116083 -0.0203476 -0.0177206
0 -0.0108666 -0.0190514 -0.0163045
0 -0.0101857 -0.0178315 -0.0149228
0 -0.00956518 -0.0166855 -0.0135778
0 -0.00900043 -0.0156069 -0.0122711
0 -0.00849159 -0.014594 -0.0110119
0 -0.00805047 -0.0136575 -0.00982335
0 -0.00770166 -0.0128229 -0.0087431
0 -0.00747917 -0.0121277 -0.00781961
0 -0.00741806 -0.011615 -0.00710417
0 -0.00754362 -0.011324 -0.00664127
0 -0.00786554 -0.0112862 -0.0064644
0 -0.00837965 -0.0115264 -0.0065979
0 -0.00907143 -0.0120646 -0.00705957
0 -0.00991566 -0.0129122 -0.00785904
0 -0.0108749 -0.0140669 -0.00899411
0 -0.0119025 -0.0155104 -0.010451
0 -0.0129492 -0.017211 -0.0122074
0 -0.0139714 -0.0191283 -0.0142383
0 -0.0149425 -0.0212238 -0.0165242
0 -0.0158611 -0.0234705 -0.0190591
0 -0.0167489 -0.0258546 -0.0218488
0 -0.0176372 -0.028368 -0.0249007
0 -0.0185566 -0.0310029 -0.0282133
0 -0.0195306 -0.0337494 -0.0317716
0 -0.0205757 -0.0365978 -0.0355476
0 -0.0217008 -0.0395385 -0.0395043
0 -0.0229069 -0.0425616 -0.0435998
0 -0.024189 -0.0456573 -0.0477892
0 -0.0255383 -0.0488161 -0.0520229
0 -0.0269433 -0.0520285 -0.056245
0 -0.0283883 -0.0552811 -0.0603959
0 -0.0298537 -0.0585531 -0.0644184
0 -0.0313226 -0.0618201 -0.068267
0 -0.03279 -0.0650634 -0.0719177
0 -0.0342653 -0.0682741 -0.0753708
0 -0.0357662 -0.0714489 -0.0786446
0 -0.0373076 -0.0745822 -0.0817632
0 -0.038895 -0.0776608 -0.0847488
0 -0.040522 -0.0806642 -0.0876176
0 -0.0421727 -0.0835673 -0.0903792
0 -0.0438257 -0.0863451 -0.0930384
0 -0.0454588 -0.0889773 -0.0955981
0 -0.0470518 -0.0914508 -0.0980608
0 -0.048592 -0.0937647 -0.100432
0 -0.0500764 -0.095932 -0.102723
0 -0.0515085 -0.0979755 -0.104947
0 -0.0528917 -0.0999198 -0.107114
0 -0.0542253 -0.101786 -0.109224
0 -0.0555048 -0.103592 -0.111276
0 -0.0567247 -0.105349 -0.113264
0 -0.0578781 -0.107066 -0.115179
0 -0.0589527 -0.108742 -0.11701
0 -0.0599281 -0.110361 -0.118735
0 -0.0607774 -0.111898 -0.120329
0 -0.0614717 -0.113316 -0.121762
0 -0.061982 -0.114577 -0.123005
0 -0.0622816 -0.115636 -0.124028
0 -0.0623498 -0.116449 -0.124804
0 -0.0621752 -0.116976 -0.125308
0 -0.0617595 -0.117184 -0.125521
0 -0.0611198 -0.117046 -0.125432
0 -0.0602859 -0.116549 -0.125031
0 -0.0592926 -0.115683 -0.124309
0 -0.0581709 -0.114442 -0.123248
0 -0.0569451 -0.112821 -0.121822
0 -0.0556343 -0.110826 -0.120003
0 -0.0542554 -0.108471 -0.117767
0 -0.0528236 -0.105787 -0.115099
0 -0.0513517 -0.102812 -0.111991
0 -0.0498481 -0.0995862 -0.108449
0 -0.0483161 -0.096148 -0.104487
0 -0.0467546 -0.0925297 -0.100131
0 -0.0451599 -0.0887562 -0.0954185
0 -0.0435273 -0.0848455 -0.0903992
0 -0.0418528 -0.0808105 -0.0851295
0 -0.0401348 -0.0766633 -0.0796693
0 -0.038375 -0.0724176 -0.0740772
0 -0.0365756 -0.068087 -0.0684094
0 -0.0347352 -0.0636817 -0.0627197
0 -0.032848 -0.0592071 -0.0570574
0 -0.0309037 -0.0546666 -0.051463
0 -0.0288887 -0.0500619 -0.0459652
0 -0.0267871 -0.0453945 -0.0405814
0 -0.024583 -0.040666 -0.0353205
0 -0.0222631 -0.0358806 -0.0301832
0 -0.0198187 -0.0310463 -0.0251628
0 -0.0172483 -0.0261761 -0.0202479
0 -0.0145603 -0.0212913 -0.0154279
0 -0.0117747 -0.0164216 -0.0106957
0 -0.00891774 -0.0116001 -0.00604543
0 -0.00601611 -0.00685679 -0.00146978
0 -0.00309511 -0.00221696 0.00303933
0 -0.000180801 0.00229766 0.00748634
0 0.00269812 0.0066669 0.0118688
0 0.00551057 0.0108723 0.0161764
0 0.00822417 0.0148978 0.0203915
0 0.0108055 0.0187288 0.0244894
0 0.0132198 0.0223499 0.0284375
0 0.0154315 0.0257435 0.0321972
0 0.0174075 0.0288917 0.0357278
0 0.0191212 0.0317794 0.0389913
0 0.0205526 0.0343935 0.0419541
0 0.0216845 0.0367185 0.0445837
0 0.0225016 0.0387352 0.0468482
0 0.0229938 0.0404233 0.0487203
0 0.02316 0.0417636 0.0501796
0 0.0230062 0.0427344 0.0512094
0 0.0225422 0.0433076 0.0517925
0 0.0217835 0.0434503 0.0519111
0 0.0207561 0.0431307 0.0515507
0 0.0195001 0.0423259 0.0507048
0 0.0180684 0.0410258 0.0493751
0 0.0165181 0.039233 0.0475663
0 0.0148996 0.0369601 0.0452799
0 0.01325 0.0342287 0.0425119
0 0.0115929 0.0310729 0.0392573
0 0.00994255 0.0275418 0.0355168
0 0.00830604 0.0236967 0.0313013
0 0.00668142 0.0196012 0.0266305
0 0.00505709 0.0153121 0.0215333
0 0.00341605 0.010876 0.0160492
0 0.00174348 0.00633197 0.0102308
0 2.98391e-05 0.00171236 0.00414337
0 -0.00173271 -0.00296097 -0.00214306
0 -0.0035538 -0.00767894 -0.00855953
0 -0.00544422 -0.012443 -0.0150338
0 -0.00741172 -0.0172592 -0.0214848
0 -0.00945755 -0.0221296 -0.0278283
0 -0.0115773 -0.0270487 -0.0339864
0 -0.0137636 -0.0320026 -0.0398948
0 -0.0160067 -0.0369682 -0.045506
0 -0.018293 -0.0419118 -0.0507877
0 -0.020604 -0.0467891 -0.0557215
0 -0.0229169 -0.0515477 -0.0603009
0 -0.0252063 -0.0561303 -0.0645301
0 -0.0274453 -0.0604796 -0.0684217
0 -0.0296081 -0.0645423 -0.0719943
0 -0.0316711 -0.0682734 -0.0752696
0 -0.033611 -0.0716352 -0.0782658
0 -0.0354009 -0.0745953 -0.0809911
0 -0.0370105 -0.0771259 -0.0834416
0 -0.0384117 -0.0792094 -0.0856055
0 -0.0395831 -0.0808417 -0.0874671
0 -0.040509 -0.0820303 -0.0890068
0 -0.0411765 -0.0827908 -0.0901992
0 -0.041574 -0.0831437 -0.0910141
0 -0.0416938 -0.0831131 -0.0914211
0 -0.0415366 -0.0827255 -0.0913947
0 -0.0411152 -0.0820096 -0.0909202
0 -0.0404548 -0.0809939 -0.0899965
0 -0.0395908 -0.0797031 -0.0886355
0 -0.0385646 -0.0781569 -0.0868599
0 -0.0374206 -0.0763702 -0.0847012
0 -0.0362032 -0.0743571 -0.0821984
0 -0.0349551 -0.0721342 -0.0793973
0 -0.0337157 -0.0697242 -0.0763493
0 -0.0325179 -0.0671561 -0.0731083
0 -0.031385 -0.0644643 -0.0697273
0 -0.0303297 -0.0616859 -0.0662559
0 -0.0293547 -0.0588605 -0.0627402
0 -0.0284555 -0.0560285 -0.0592223
0 -0.0276222 -0.0532303 -0.0557395
0 -0.0268404 -0.0505029 -0.0523217
0 -0.0260918 -0.0478773 -0.0489911
0 -0.0253548 -0.0453742 -0.0457638
0 -0.0246052 -0.0430013 -0.0426534
0 -0.023819 -0.0407549 -0.0396722
0 -0.0229763 -0.038624 -0.036833
0 -0.0220641 -0.0365938 -0.0341488
0 -0.0210768 -0.0346468 -0.031631
0 -0.0200138 -0.0327642 -0.0292876
0 -0.0188794 -0.0309266 -0.0271212
0 -0.0176815 -0.029117 -0.0251283
0 -0.0164309 -0.0273214 -0.0232983
0 -0.0151406 -0.0255311 -0.0216138
0 -0.0138258 -0.0237427 -0.020052
0 -0.0125032 -0.0219585 -0.0185861
0 -0.0111903 -0.0201852 -0.0171877
0 -0.00990429 -0.0184322 -0.0158274
0 -0.00866213 -0.0167116 -0.0144786
0 -0.00748192 -0.0150382 -0.0131203
0 -0.00638327 -0.0134292 -0.0117393
0 -0.00538582 -0.0119023 -0.0103304
0 -0.00450733 -0.0104732 -0.00889549
0 -0.00376227 -0.00915484 -0.0074435
0 -0.00316013 -0.00795563 -0.00598873
0 -0.00270371 -0.00687875 -0.00454902
0 -0.00238884 -0.0059226 -0.00314486
0 -0.00220572 -0.00508291 -0.00179957
0 -0.00213979 -0.00435396 -0.000538644
0 -0.00217211 -0.00372878 0.000612373
0 -0.00228076 -0.00320049 0.00162946
0 -0.00244464 -0.00276586 0.00248932
0 -0.00264723 -0.00242844 0.003168
0 -0.00287659 -0.00219759 0.0036426
0 -0.0031218 -0.00208383 0.00389608
0 -0.00337016 -0.00209447 0.00392103
0 -0.00360802 -0.00223269 0.00371975
0 -0.00382408 -0.00249909 0.00330135
0 -0.00401191 -0.00289285 0.00267923
0 -0.00417008 -0.00341118 0.00187023
0 -0.00430138 -0.00404812 0.000894388
0 -0.00441275 -0.00479424 -0.000226169
0 -0.00451672 -0.00563861 -0.00147009
0 -0.00463283 -0.00657216 -0.00282025
0 -0.0047862 -0.00758915 -0.00426523
0 -0.00500296 -0.00868592 -0.00579732
0 -0.00530599 -0.0098597 -0.00740906
0 -0.00571297 -0.0111091 -0.00909223
0 -0.00623612 -0.0124351 -0.0108389
0 -0.00688329 -0.0138431 -0.0126436
0 -0.00765952 -0.0153431 -0.0145055
0 -0.00856743 -0.01695 -0.0164293
0 -0.00960558 -0.0186794 -0.0184241
0 -0.0107668 -0.0205444 -0.0205007
0 -0.0120373 -0.0225531 -0.0226696
0 -0.0133967 -0.024706 -0.0249389
0 -0.0148191 -0.0269952 -0.0273134
0 -0.0162755 -0.0294054 -0.0297943
0 -0.0177358 -0.0319142 -0.0323795
0 -0.019169 -0.0344927 -0.035062
0 -0.020544 -0.0371051 -0.0378283
0 -0.0218312 -0.0397103 -0.0406587
0 -0.0230032 -0.0422641 -0.0435268
0 -0.024038 -0.0447233 -0.0463998
0 -0.0249213 -0.0470499 -0.0492409
0 -0.0256479 -0.0492133 -0.0520105
0 -0.0262181 -0.051189 -0.0546653
0 -0.0266335 -0.0529541 -0.0571551
0 -0.0268953 -0.0544862 -0.0594242
0 -0.0270069 -0.0557644 -0.061416
0 -0.0269765 -0.0567726 -0.0630786
0 -0.0268184 -0.0574994 -0.0643686
0 -0.0265513 -0.0579373 -0.0652527
0 -0.0261969 -0.0580819 -0.0657082
0 -0.0257791 -0.0579329 -0.065724
0 -0.0253234 -0.0574966 -0.0653027
0 -0.0248557 -0.0567867 -0.06446
0 -0.0243996 -0.0558241 -0.0632237
0 -0.0239755 -0.0546369 -0.0616327
0 -0.0236002 -0.0532626 -0.0597373
0 -0.023288 -0.0517482 -0.0575991
0 -0.0230516 -0.0501506 -0.0552903
0 -0.022902 -0.0485334 -0.0528915
0 -0.0228444 -0.0469605 -0.0504854
0 -0.0228757 -0.0454889 -0.0481494
0 -0.022986 -0.0441668 -0.0459521
0 -0.0231641 -0.0430367 -0.0439542
0 -0.0234009 -0.0421361 -0.0422134
0 -0.0236899 -0.0414967 -0.0407864
0 -0.0240276 -0.0411438 -0.0397284
0 -0.0244117 -0.0410946 -0.0390897
0 -0.0248361 -0.0413535 -0.038908
0 -0.0252871 -0.0419096 -0.0392012
0 -0.025746 -0.0427393 -0.0399682
0 -0.0261928 -0.0438102 -0.041191
0 -0.0266087 -0.0450848 -0.042836
0 -0.0269761 -0.0465209 -0.0448547
0 -0.0272802 -0.0480741 -0.0471872
0 -0.027511 -0.0497 -0.0497666
0 -0.0276631 -0.0513545 -0.0525206
0 -0.0277333 -0.0529928 -0.0553655
0 -0.0277191 -0.0545701 -0.0582032
0 -0.0276211 -0.0560427 -0.0609283
0 -0.0274427 -0.0573682 -0.0634363
0 -0.027189 -0.0585056 -0.065628
0 -0.0268631 -0.0594118 -0.0674117
0 -0.026464 -0.06004 -0.0687051
0 -0.0259875 -0.0603408 -0.0694384
0 -0.0254314 -0.0602684 -0.0695605
0 -0.0248008 -0.0597873 -0.0690449
0 -0.0241097 -0.0588777 -0.0678917
0 -0.0233781 -0.0575368 -0.0661242
0 -0.0226253 -0.0557789 -0.0637834
0 -0.0218675 -0.0536355 -0.0609246
0 -0.0211174 -0.0511546 -0.0576154
0 -0.0203808 -0.0483951 -0.0539306
0 -0.0196546 -0.0454197 -0.0499471
0 -0.0189297 -0.0422924 -0.0457429
0 -0.0181991 -0.0390794 -0.0413989
0 -0.0174639 -0.0358515 -0.0369965
0 -0.0167329 -0.0326792 -0.0326168
0 -0.0160156 -0.0296254 -0.0283415
0 -0.0153182 -0.0267379 -0.0242511
0 -0.0146419 -0.0240488 -0.0204185
0 -0.0139842 -0.021577 -0.016907
0 -0.0133415 -0.0193328 -0.0137718
0 -0.0127122 -0.0173231 -0.0110594
0 -0.0120974 -0.0155546 -0.00880497
0 -0.0115021 -0.0140366 -0.00703105
0 -0.0109335 -0.0127808 -0.00574659
0 -0.0103963 -0.0117963 -0.00494223
0 -0.00988943 -0.0110852 -0.00458873
0 -0.00940953 -0.0106444 -0.00464209
0 -0.00895664 -0.0104673 -0.00505169
0 -0.00853744 -0.0105451 -0.00576596
0 -0.008165 -0.0108648 -0.00673494
0 -0.00785697 -0.0114083 -0.00791196
0 -0.00763366 -0.0121526 -0.00925599
0 -0.00751665 -0.0130728 -0.010733
0 -0.0075274 -0.014144 -0.012315
0 -0.0076848 -0.0153432 -0.0139789
0 -0.00800151 -0.0166484 -0.0157044
0 -0.00848134 -0.018039 -0.0174728
0 -0.00911931 -0.0194979 -0.0192678
0 -0.00990325 -0.0210128 -0.0210768
0 -0.010815 -0.0225761 -0.0228908
0 -0.0118312 -0.0241841 -0.0247036
0 -0.0129237 -0.0258331 -0.0265105
0 -0.0140601 -0.0275177 -0.0283067
0 -0.0152068 -0.0292289 -0.0300874
0 -0.016333 -0.030956 -0.0318503
0 -0.0174141 -0.0326891 -0.033598
0 -0.0184337 -0.0344204 -0.0353379
0 -0.0193812 -0.036141 -0.0370795
0 -0.0202487 -0.0378374 -0.038829
0 -0.0210273 -0.0394897 -0.0405857
0 -0.0217059 -0.0410711 -0.0423399
0 -0.0222715 -0.0425501 -0.0440722
0 -0.022712 -0.0438948 -0.0457557
0 -0.0230178 -0.0450755 -0.0473565
0 -0.0231824 -0.0460658 -0.0488355
0 -0.0232028 -0.0468434 -0.0501493
0 -0.0230821 -0.0473917 -0.0512545
0 -0.02283 -0.0477009 -0.0521107
0 -0.0224614 -0.0477662 -0.0526806
0 -0.0219923 -0.0475849 -0.05293
0 -0.021438 -0.0471541 -0.0528279
0 -0.0208125 -0.0464712 -0.0523496
0 -0.0201297 -0.0455364 -0.0514794
0 -0.0194035 -0.0443531 -0.0502126
0 -0.0186475 -0.0429295 -0.0485563
0 -0.0178744 -0.041279 -0.04653
0 -0.0170956 -0.0394208 -0.0441641
0 -0.0163187 -0.0373776 -0.0414974
0 -0.0155447 -0.035172 -0.0385718
0 -0.0147675 -0.0328248 -0.0354278
0 -0.0139775 -0.030357 -0.0321029
0 -0.0131669 -0.0277928 -0.0286341
0 -0.0123327 -0.0251613 -0.0250634
0 -0.0114779 -0.0224956 -0.021441
0 -0.0106087 -0.0198292 -0.0178231
0 -0.00973241 -0.0171927 -0.0142669
0 -0.00885686 -0.0146144 -0.0108275
0 -0.00799154 -0.0121214 -0.00755835
0 -0.00714826 -0.00974128 -0.00451241
0 -0.00633992 -0.00750234 -0.00173719
0 -0.00557871 -0.00543227 0.00072897
0 -0.00487627 -0.00355885 0.00285685
0 -0.00424589 -0.00191198 0.00462425
0 -0.00370397 -0.000524927 0.00601383
0 -0.00326969 0.000566685 0.00701211
0 -0.00296325 0.00132744 0.00760937
0 -0.00280394 0.00172467 0.0077995
0 -0.00280916 0.00172975 0.00757876
0 -0.00299527 0.00131875 0.00694288
0 -0.00337896 0.00047377 0.00588451
0 -0.00397674 -0.000816175 0.00439274
0 -0.00480285 -0.00255505 0.00245472
0 -0.00586708 -0.00474011 5.78736e-05
0 -0.00717281 -0.00736216 -0.00280764
0 -0.00871545 -0.0104055 -0.00614647
0 -0.0104816 -0.0138479 -0.00995668
0 -0.0124492 -0.0176617 -0.0142288
0 -0.0145896 -0.0218141 -0.0189439
0 -0.0168687 -0.0262679 -0.0240717
0 -0.0192478 -0.0309821 -0.0295706
0 -0.0216858 -0.0359119 -0.0353899
0 -0.0241424 -0.0410086 -0.0414738
0 -0.0265798 -0.0462204 -0.0477598
0 -0.0289629 -0.0514947 -0.0541735
0 -0.0312573 -0.056777 -0.0606259
0 -0.0334285 -0.0620087 -0.067019
0 -0.0354438 -0.0671273 -0.0732518
0 -0.0372747 -0.07207 -0.0792264
0 -0.0388982 -0.076776 -0.0848524
0 -0.0402973 -0.081188 -0.0900506
0 -0.0414629 -0.0852545 -0.0947557
0 -0.0423956 -0.0889321 -0.0989197
0 -0.043106 -0.0921866 -0.102512
0 -0.0436138 -0.0949935 -0.105521
0 -0.0439478 -0.0973389 -0.107951
0 -0.0441456 -0.0992204 -0.109823
0 -0.0442509 -0.100647 -0.111169
0 -0.0443096 -0.101635 -0.112034
0 -0.0443649 -0.102208 -0.112463
0 -0.0444524 -0.102396 -0.1125
0 -0.0445952 -0.102232 -0.112188
0 -0.0448009 -0.101761 -0.11156
0 -0.045063 -0.10104 -0.11065
0 -0.0453648 -0.100135 -0.10949
0 -0.0456831 -0.0991133 -0.108118
0 -0.04599 -0.0980384 -0.10657
0 -0.0462519 -0.0969576 -0.104884
0 -0.0464308 -0.0958972 -0.103094
0 -0.0464861 -0.0948605 -0.101232
0 -0.0463791 -0.0938308 -0.0993245
0 -0.0460773 -0.0927768 -0.097398
0 -0.0455575 -0.0916569 -0.0954738
0 -0.0448082 -0.0904256 -0.0935666
0 -0.0438296 -0.089039 -0.0916814
0 -0.0426316 -0.0874574 -0.0898116
0 -0.0412295 -0.0856462 -0.0879367
0 -0.0396397 -0.0835764 -0.0860203
0 -0.037879 -0.0812259 -0.0840114
0 -0.0359651 -0.0785833 -0.0818496
0 -0.0339186 -0.0756495 -0.0794707
0 -0.0317638 -0.0724379 -0.0768131
0 -0.0295275 -0.0689714 -0.073823
0 -0.0272378 -0.0652798 -0.0704579
0 -0.024922 -0.0613949 -0.0666893
0 -0.0226054 -0.0573476 -0.0625064
0 -0.0203119 -0.053166 -0.0579168
0 -0.0180645 -0.0488763 -0.0529467
0 -0.0158855 -0.0445027 -0.0476388
0 -0.0137943 -0.0400671 -0.0420494
0 -0.0118056 -0.0355882 -0.0362459
0 -0.00992713 -0.0310817 -0.0303038
0 -0.00816009 -0.0265608 -0.0243024
0 -0.006499 -0.0220368 -0.0183213
0 -0.00493241 -0.0175187 -0.0124383
0 -0.00344423 -0.0130156 -0.00672513
0 -0.00201554 -0.00854013 -0.00124191
0 -0.00062647 -0.0041085 0.00396608
0 0.000741308 0.000258813 0.00886782
0 0.0021015 0.00453596 0.0134443
0 0.00346118 0.00869112 0.0176858
0 0.00482106 0.0126874 0.0215906
0 0.00617699 0.0164851 0.0251636
0 0.00752069 0.020043 0.0284141
0 0.00883916 0.0233193 0.0313522
0 0.0101142 0.0262727 0.0339851
0 0.0113228 0.0288634 0.0363149
0 0.0124374 0.0310545 0.0383368
0 0.013428 0.0328139 0.0400379
0 0.014263 0.0341156 0.0413975
0 0.0149104 0.0349412 0.0423873
0 0.0153365 0.0352802 0.0429717
0 0.0155056 0.0351315 0.0431094
0 0.0153824 0.0345009 0.0427567
0 0.0149367 0.0333976 0.0418707
0 0.0141475 0.0318298 0.0404122
0 0.0130065 0.0298024 0.0383501
0 0.0115205 0.0273176 0.0356651
0 0.00971059 0.0243747 0.0323511
0 0.00761036 0.0209721 0.0284159
0 0.00526326 0.0171112 0.0238807
0 0.00271931 0.0128007 0.0187802
0 2.99043e-05 0.00805862 0.0131594
0 -0.0027576 0.00291243 0.00706894
0 -0.0056029 -0.00260209 0.000560873
0 -0.00847279 -0.00844127 -0.00631098
0 -0.0113395 -0.0145525 -0.0134903
0 -0.0141789 -0.0208748 -0.0209194
0 -0.016971 -0.0273425 -0.028537
0 -0.0197016 -0.0338916 -0.0362745
0 -0.0223623 -0.0404637 -0.0440539
0 -0.0249478 -0.0470063 -0.0517933
0 -0.0274558 -0.0534726 -0.0594127
0 -0.029886 -0.0598215 -0.0668367
0 -0.0322393 -0.0660153 -0.0739972
0 -0.0345163 -0.072019 -0.0808345
0 -0.0367167 -0.0777995 -0.0872983
0 -0.038839 -0.0833251 -0.0933482
0 -0.0408802 -0.0885644 -0.0989538
0 -0.0428354 -0.0934864 -0.104094
0 -0.044699 -0.0980606 -0.108755
0 -0.0464664 -0.102261 -0.112936
0 -0.0481358 -0.106065 -0.116642
0 -0.0497069 -0.109457 -0.119888
0 -0.0511783 -0.112426 -0.122688
0 -0.0525449 -0.114958 -0.125058
0 -0.0537985 -0.117047 -0.127008
0 -0.0549273 -0.118687 -0.128547
0 -0.0559171 -0.119879 -0.12968
0 -0.0567525 -0.120633 -0.13041
0 -0.0574173 -0.120967 -0.130741
0 -0.0578938 -0.120907 -0.130674
0 -0.0581615 -0.12048 -0.13021
0 -0.0581995 -0.119716 -0.129349
0 -0.057991 -0.11864 -0.128093
0 -0.0575266 -0.117275 -0.12645
0 -0.0568065 -0.115639 -0.124434
0 -0.0558404 -0.113741 -0.122067
0 -0.0546456 -0.111583 -0.119372
0 -0.0532461 -0.109163 -0.116376
0 -0.0516726 -0.106481 -0.113107
0 -0.0499625 -0.103543 -0.109596
0 -0.048157 -0.100363 -0.105879
0 -0.0462961 -0.0969638 -0.101987
0 -0.0444137 -0.0933738 -0.0979486
0 -0.0425361 -0.0896255 -0.0937849
0 -0.040682 -0.085755 -0.0895143
0 -0.0388649 -0.0818016 -0.0851522
0 -0.0370952 -0.0778062 -0.0807137
0 -0.0353801 -0.073809 -0.0762143
0 -0.0337242 -0.0698471 -0.0716717
0 -0.0321293 -0.0659526 -0.0671072
0 -0.0305957 -0.0621516 -0.0625479
0 -0.0291219 -0.0584629 -0.0580267
0 -0.0277044 -0.0548976 -0.0535796
0 -0.026337 -0.0514597 -0.0492418
0 -0.0250097 -0.0481457 -0.0450452
0 -0.023708 -0.0449447 -0.0410159
0 -0.0224131 -0.0418395 -0.0371738
0 -0.0211031 -0.0388086 -0.0335303
0 -0.0197542 -0.0358291 -0.0300862
0 -0.0183414 -0.0328775 -0.0268304
0 -0.0168398 -0.0299312 -0.0237404
0 -0.0152266 -0.0269689 -0.0207843
0 -0.013484 -0.0239737 -0.0179242
0 -0.0116021 -0.0209351 -0.0151207
0 -0.00957965 -0.017849 -0.0123348
0 -0.00742238 -0.0147151 -0.00952932
0 -0.00514238 -0.0115353 -0.00667053
0 -0.00275858 -0.00831436 -0.00373089
0 -0.000297364 -0.00506067 -0.000691907
0 0.00220832 -0.00178619 0.00245426
0 0.00472069 0.00149473 0.00570442
0 0.00719812 0.00476519 0.00904392
0 0.00959504 0.00800416 0.0124458
0 0.011862 0.0111848 0.0158708
0 0.0139472 0.0142744 0.0192683
0 0.0157987 0.0172347 0.02258
0 0.0173669 0.0200234 0.0257428
0 0.0186065 0.0225945 0.0286912
0 0.0194777 0.0248988 0.0313596
0 0.0199472 0.0268853 0.0336841
0 0.0199908 0.0285014 0.035603
0 0.019597 0.0296931 0.0370586
0 0.0187717 0.0304079 0.0379992
0 0.0175416 0.0305988 0.038383
0 0.0159547 0.0302292 0.0381799
0 0.0140767 0.0292734 0.0373712
0 0.0119851 0.0277161 0.0359464
0 0.00976187 0.0255536 0.0339012
0 0.00748581 0.0227968 0.0312354
0 0.00522415 0.0194754 0.0279526
0 0.00302636 0.0156395 0.0240597
0 0.000921609 0.0113573 0.0195687
0 -0.00108014 0.00670885 0.0144986
0 -0.00298547 0.00177523 0.00887842
0 -0.00481423 -0.0033702 0.00274876
0 -0.00659481 -0.00866541 -0.00383797
0 -0.00835889 -0.0140607 -0.0108175
0 -0.0101378 -0.0195196 -0.0181148
0 -0.0119599 -0.0250184 -0.0256461
0 -0.0138497 -0.0305466 -0.0333133
0 -0.015826 -0.0361034 -0.0410025
0 -0.0179015 -0.0416927 -0.0485962
0 -0.0200839 -0.0473181 -0.0559859
0 -0.0223779 -0.0529787 -0.0630801
0 -0.0247846 -0.0586654 -0.0698109
0 -0.0273011 -0.0643572 -0.0761348
0 -0.0299193 -0.0700227 -0.0820307
0 -0.0326266 -0.0756218 -0.087497
0 -0.0354048 -0.0811069 -0.0925495
0 -0.0382301 -0.0864242 -0.0972163
0 -0.0410728 -0.0915159 -0.101532
0 -0.0438977 -0.096324 -0.105533
0 -0.0466672 -0.100795 -0.109254
0 -0.0493422 -0.104883 -0.112722
0 -0.0518852 -0.108553 -0.115958
0 -0.0542615 -0.111784 -0.118973
0 -0.0564414 -0.114569 -0.12177
0 -0.0583976 -0.116912 -0.12434
0 -0.0601033 -0.118829 -0.126662
0 -0.0615312 -0.120341 -0.128704
0 -0.0626575 -0.121476 -0.130427
0 -0.0634671 -0.122266 -0.131795
0 -0.0639545 -0.122744 -0.13278
0 -0.064123 -0.122935 -0.133355
0 -0.0639854 -0.122855 -0.133506
0 -0.0635651 -0.12251 -0.133226
0 -0.0628964 -0.121898 -0.132522
0 -0.0620219 -0.121009 -0.131412
0 -0.0609889 -0.119833 -0.129921
0 -0.0598446 -0.118359 -0.128076
0 -0.0586316 -0.116584 -0.125905
0 -0.0573834 -0.11451 -0.123435
0 -0.0561209 -0.112146 -0.120681
0 -0.0548502 -0.109505 -0.117656
0 -0.0535647 -0.106605 -0.114362
0 -0.0522481 -0.103468 -0.110799
0 -0.0508801 -0.100119 -0.106969
0 -0.0494399 -0.0965836 -0.102876
0 -0.0479078 -0.0928851 -0.09853
0 -0.0462669 -0.0890414 -0.0939437
0 -0.0445042 -0.085064 -0.0891359
0 -0.0426127 -0.0809606 -0.0841288
0 -0.0405923 -0.0767364 -0.0789473
0 -0.0384495 -0.0723957 -0.0736198
0 -0.0361957 -0.0679424 -0.0681798
0 -0.0338466 -0.063382 -0.0626645
0 -0.0314207 -0.0587235 -0.0571138
0 -0.0289401 -0.0539819 -0.0515685
0 -0.026429 -0.0491785 -0.046069
0 -0.0239137 -0.0443416 -0.0406538
0 -0.0214201 -0.0395051 -0.0353587
0 -0.0189737 -0.0347073 -0.0302169
0 -0.0166007 -0.0299907 -0.0252587
0 -0.0143282 -0.0254026 -0.0205131
0 -0.0121848 -0.0209937 -0.0160077
0 -0.010199 -0.0168165 -0.011769
0 -0.00839767 -0.0129227 -0.00782271
0 -0.00680614 -0.00936128 -0.00419408
0 -0.00544787 -0.00617809 -0.00090984
0 -0.00434457 -0.00341532 0.00200116
0 -0.00351521 -0.0011101 0.00450795
0 -0.00297474 0.000706659 0.00657823
0 -0.0027323 0.0020109 0.00817953
0 -0.00278894 0.00278529 0.00928048
0 -0.00313608 0.00301886 0.00985225
0 -0.00375507 0.00270693 0.00986994
0 -0.00461791 0.00185188 0.0093136
0 -0.00568957 0.000465082 0.00816876
0 -0.00693174 -0.00143055 0.00642699
0 -0.00830644 -0.00380044 0.00408706
0 -0.00977891 -0.00660087 0.00115609
0 -0.0113191 -0.00978232 -0.00234869
0 -0.0129015 -0.0132921 -0.00639675
0 -0.0145028 -0.0170752 -0.0109413
0 -0.0161016 -0.0210747 -0.0159184
0 -0.017677 -0.0252325 -0.0212505
0 -0.0192092 -0.0294907 -0.0268508
0 -0.0206798 -0.0337927 -0.0326253
0 -0.0220703 -0.0380822 -0.0384756
0 -0.0233635 -0.042303 -0.0443014
0 -0.0245456 -0.0464016 -0.0499976
0 -0.0256075 -0.0503308 -0.0554521
0 -0.0265429 -0.0540468 -0.0605546
0 -0.0273484 -0.0575066 -0.0652058
0 -0.0280228 -0.0606669 -0.0693213
0 -0.0285679 -0.0634845 -0.0728349
0 -0.0289889 -0.0659172 -0.0757005
0 -0.0292937 -0.0679257 -0.0778915
0 -0.0294926 -0.0694745 -0.0794004
0 -0.0295967 -0.0705331 -0.0802354
0 -0.0296174 -0.0710772 -0.0804186
0 -0.0295654 -0.0710915 -0.0799825
0 -0.0294483 -0.0705737 -0.0789667
0 -0.029267 -0.0695379 -0.0774131
0 -0.029013 -0.0680161 -0.0753628
0 -0.0286694 -0.0660545 -0.0728553
0 -0.0282153 -0.0637111 -0.0699306
0 -0.0276316 -0.0610513 -0.0666326
0 -0.0269067 -0.0581455 -0.0630127
0 -0.0260399 -0.055064 -0.0591318
0 -0.0250424 -0.0518734 -0.0550579
0 -0.0239354 -0.0486335 -0.0508613
0 -0.0227461 -0.0453961 -0.0466097
0 -0.0215043 -0.0422046 -0.042369
0 -0.0202415 -0.039094 -0.0382049
0 -0.0189902 -0.0360925 -0.0341846
0 -0.0177829 -0.0332239 -0.0303744
0 -0.016649 -0.0305097 -0.0268344
0 -0.0156123 -0.0279704 -0.0236149
0 -0.0146884 -0.0256244 -0.020754
0 -0.0138838 -0.023488 -0.0182761
0 -0.0131982 -0.0215772 -0.0161919
0 -0.0126279 -0.01991 -0.0145017
0 -0.0121683 -0.0185065 -0.0131982
0 -0.011814 -0.017387 -0.0122681
0 -0.0115596 -0.01657 -0.0116937
0 -0.0114009 -0.0160715 -0.011456
0 -0.0113349 -0.0159028 -0.0115363
0 -0.0113608 -0.0160684 -0.0119176
0 -0.011479 -0.0165632 -0.0125853
0 -0.011692 -0.0173717 -0.0135278
0 -0.0120041 -0.0184698 -0.0147365
0 -0.0124213 -0.0198277 -0.0162055
0 -0.01295 -0.0214133 -0.0179308
0 -0.013596 -0.0231953 -0.0199093
0 -0.0143625 -0.0251454 -0.022136
0 -0.0152486 -0.0272393 -0.0246015
0 -0.0162485 -0.0294581 -0.0272907
0 -0.017352 -0.0317883 -0.0301833
0 -0.0185458 -0.0342217 -0.033255
0 -0.0198142 -0.0367535 -0.0364796
0 -0.0211411 -0.0393807 -0.0398313
0 -0.0225099 -0.0421004 -0.0432852
0 -0.0239048 -0.0449086 -0.0468167
0 -0.0253114 -0.0477991 -0.0504009
0 -0.0267177 -0.0507632 -0.0540121
0 -0.0281141 -0.0537885 -0.0576233
0 -0.0294921 -0.0568571 -0.0612072
0 -0.030844 -0.0599445 -0.0647385
0 -0.0321637 -0.0630224 -0.0681953
0 -0.0334476 -0.066062 -0.0715597
0 -0.0346956 -0.0690366 -0.0748184
0 -0.0359087 -0.0719219 -0.0779607
0 -0.0370869 -0.0746953 -0.0809763
0 -0.0382272 -0.0773345 -0.0838524
0 -0.0393223 -0.0798169 -0.0865733
0 -0.0403602 -0.0821197 -0.0891186
0 -0.0413244 -0.0842192 -0.0914636
0 -0.0421955 -0.086092 -0.0935806
0 -0.0429531 -0.087716 -0.0954408
0 -0.0435767 -0.0890702 -0.0970149
0 -0.0440467 -0.0901352 -0.0982749
0 -0.0443465 -0.0908933 -0.0991951
0 -0.0444623 -0.0913289 -0.0997537
0 -0.0443843 -0.0914276 -0.0999319
0 -0.0441082 -0.0911764 -0.0997149
0 -0.043637 -0.0905656 -0.0990922
0 -0.04298 -0.0895903 -0.0980582
0 -0.0421499 -0.0882502 -0.0966101
0 -0.0411588 -0.086547 -0.0947455
0 -0.0400157 -0.0844836 -0.0924608
0 -0.0387276 -0.0820655 -0.0897533
0 -0.037302 -0.079303 -0.086625
0 -0.0357495 -0.0762132 -0.083086
0 -0.0340848 -0.0728204 -0.0791565
0 -0.0323255 -0.0691548 -0.0748655
0 -0.0304887 -0.0652488 -0.0702486
0 -0.0285885 -0.0611345 -0.0653445
0 -0.0266356 -0.0568414 -0.0601925
0 -0.0246387 -0.0523975 -0.0548303
0 -0.022607 -0.0478317 -0.0492941
0 -0.0205508 -0.0431744 -0.0436232
0 -0.0184817 -0.0384574 -0.0378624
0 -0.0164106 -0.033711 -0.0320623
0 -0.0143477 -0.028962 -0.0262758
0 -0.0122996 -0.0242324 -0.0205543
0 -0.01027 -0.0195397 -0.0149458
0 -0.00825999 -0.0148995 -0.00949541
0 -0.0062715 -0.0103289 -0.00424278
0 -0.00430875 -0.00584932 0.000778245
0 -0.0023799 -0.00148726 0.00553865
0 -0.000496949 0.00272602 0.0100141
0 0.00132604 0.00675689 0.014186
0 0.00307529 0.0105721 0.0180424
0 0.00473913 0.0141415 0.0215788
0 0.00630898 0.0174399 0.0247975
0 0.00777855 0.0204467 0.0277051
0 0.00914202 0.0231447 0.0303095
0 0.0103926 0.0255197 0.0326168
0 0.0115222 0.0275599 0.0346302
0 0.0125216 0.0292572 0.0363495
0 0.0133818 0.0306075 0.0377719
0 0.0140947 0.0316118 0.0388927
0 0.0146536 0.0322762 0.0397061
0 0.0150521 0.0326119 0.0402048
0 0.0152823 0.0326347 0.0403805
0 0.0153352 0.032363 0.0402241
0 0.0152027 0.0318153 0.0397276
0 0.0148794 0.0310075 0.0388855
0 0.0143655 0.0299515 0.0376971
0 0.0136683 0.0286558 0.0361679
0 0.0128025 0.0271264 0.0343102
0 0.01179 0.0253685 0.0321437
0 0.0106581 0.023389 0.0296943
0 0.00943554 0.0211958 0.0269905
0 0.00814734 0.0187973 0.0240592
0 0.00681143 0.016201 0.0209228
0 0.00543893 0.013416 0.0175991
0 0.00403712 0.0104561 0.0141042
0 0.00261195 0.00734154 0.0104533
0 0.00116815 0.00409755 0.00666186
0 -0.000292015 0.000750969 0.00274526
0 -0.00176901 -0.00267255 -0.00128086
0 -0.00326515 -0.00614894 -0.00540128
0 -0.00478372 -0.0096568 -0.00960182
0 -0.00632903 -0.0131804 -0.0138684
0 -0.00790642 -0.0167112 -0.0181849
0 -0.00952094 -0.0202471 -0.0225305
0 -0.0111757 -0.0237897 -0.026879
0 -0.0128714 -0.0273414 -0.0312006
0 -0.0146069 -0.0309046 -0.0354664
0 -0.0163798 -0.0344796 -0.039651
0 -0.0181851 -0.0380627 -0.0437322
0 -0.0200153 -0.0416452 -0.0476924
0 -0.0218611 -0.0452134 -0.0515188
0 -0.0237132 -0.0487513 -0.0552052
0 -0.0255634 -0.0522417 -0.0587522
0 -0.0274055 -0.0556685 -0.062167
0 -0.0292352 -0.0590176 -0.0654621
0 -0.031049 -0.0622763 -0.0686522
0 -0.032842 -0.065433 -0.071751
0 -0.0346075 -0.0684771 -0.074769
0 -0.0363346 -0.0713972 -0.0777106
0 -0.038008 -0.0741812 -0.0805722
0 -0.0396088 -0.0768162 -0.0833432
0 -0.0411178 -0.0792918 -0.0860081
0 -0.0425174 -0.0816 -0.0885491
0 -0.0437924 -0.0837356 -0.0909469
0 -0.0449295 -0.0856943 -0.0931808
0 -0.0459173 -0.0874721 -0.0952299
0 -0.0467465 -0.0890638 -0.0970735
0 -0.0474103 -0.0904636 -0.0986924
0 -0.0479045 -0.0916641 -0.10007
0 -0.0482279 -0.0926566 -0.101192
0 -0.0483824 -0.0934308 -0.102047
0 -0.0483741 -0.0939755 -0.102627
0 -0.0482134 -0.0942798 -0.10293
0 -0.0479143 -0.0943335 -0.102954
0 -0.0474936 -0.0941277 -0.102701
0 -0.0469683 -0.0936547 -0.102172
0 -0.046354 -0.0929092 -0.101366
0 -0.0456631 -0.0918896 -0.10028
0 -0.0449051 -0.0905987 -0.0989089
0 -0.0440873 -0.0890459 -0.0972502
0 -0.0432151 -0.0872473 -0.0953032
0 -0.0422918 -0.085225 -0.0930707
0 -0.0413183 -0.083004 -0.0905588
0 -0.0402935 -0.0806097 -0.0877781
0 -0.0392155 -0.0780658 -0.0847442
0 -0.0380818 -0.0753929 -0.0814782
0 -0.0368906 -0.072607 -0.0780065
0 -0.0356412 -0.0697199 -0.0743599
0 -0.0343344 -0.0667411 -0.070573
0 -0.0329734 -0.0636788 -0.0666812
0 -0.0315622 -0.0605416 -0.0627177
0 -0.0301059 -0.0573386 -0.0587105
0 -0.0286105 -0.0540805 -0.0546836
0 -0.0270827 -0.0507792 -0.0506596
0 -0.0255305 -0.0474488 -0.0466609
0 -0.0239644 -0.0441065 -0.0427119
0 -0.0223966 -0.0407724 -0.0388384
0 -0.0208395 -0.0374686 -0.0350639
0 -0.0193039 -0.0342172 -0.0314079
0 -0.0177979 -0.0310388 -0.027885
0 -0.0163285 -0.027953 -0.0245065
0 -0.0149013 -0.0249779 -0.0212813
0 -0.0135212 -0.0221296 -0.0182168
0 -0.0121921 -0.0194216 -0.0153193
0 -0.0109179 -0.0168655 -0.0125941
0 -0.00970288 -0.0144716 -0.0100461
0 -0.00855221 -0.0122489 -0.00768035
0 -0.00747168 -0.0102058 -0.00550223
0 -0.00646743 -0.00834938 -0.00351707
0 -0.0055456 -0.00668526 -0.00173013
0 -0.00471235 -0.00521808 -0.000146748
0 -0.00397415 -0.00395181 0.00122729
0 -0.00333776 -0.00288994 0.00238576
0 -0.00280964 -0.00203518 0.00332261
0 -0.00239525 -0.00138905 0.00403269
0 -0.00209864 -0.000951713 0.00451214
0 -0.00192236 -0.000721861 0.0047587
0 -0.00186685 -0.00069642 0.00477233
0 -0.00192994 -0.000870282 0.00455579
0 -0.00210679 -0.00123664 0.00411451
0 -0.00239036 -0.00178762 0.00345607
0 -0.00277161 -0.00251464 0.00258976
0 -0.00324014 -0.00340867 0.00152613
0 -0.00378561 -0.00446123 0.000275678
0 -0.00439948 -0.00566532 -0.00115254
0 -0.00507516 -0.00701501 -0.00275077
0 -0.0058068 -0.00850388 -0.00451106
0 -0.00658791 -0.0101235 -0.00642377
0 -0.00741064 -0.0118623 -0.00847737
0 -0.00826609 -0.013706 -0.0106591
0 -0.00914555 -0.0156384 -0.0129554
0 -0.0100414 -0.0176428 -0.0153519
0 -0.0109473 -0.0197025 -0.017833
0 -0.0118579 -0.0218012 -0.0203823
0 -0.0127688 -0.0239229 -0.0229817
0 -0.0136769 -0.0260532 -0.0256133
0 -0.0145804 -0.0281796 -0.0282602
0 -0.0154791 -0.0302916 -0.0309072
0 -0.016373 -0.0323805 -0.0335397
0 -0.0172621 -0.0344388 -0.0361431
0 -0.0181461 -0.0364602 -0.0387016
0 -0.0190247 -0.0384403 -0.0411987
0 -0.0198972 -0.0403761 -0.0436168
0 -0.0207622 -0.0422647 -0.0459379
0 -0.0216158 -0.0441008 -0.0481442
0 -0.0224517 -0.0458759 -0.0502191
0 -0.0232632 -0.047579 -0.0521491
0 -0.0240437 -0.0491985 -0.0539255
0 -0.0247878 -0.0507221 -0.0555438
0 -0.0254908 -0.0521378 -0.0570034
0 -0.026149 -0.0534343 -0.0583072
0 -0.0267604 -0.0546036 -0.0594613
0 -0.0273245 -0.0556404 -0.0604741
0 -0.0278412 -0.0565425 -0.0613543
0 -0.0283093 -0.0573093 -0.0621093
0 -0.0287267 -0.0579419 -0.0627449
0 -0.0290904 -0.0584436 -0.0632648
0 -0.0293972 -0.0588194 -0.0636713
0 -0.0296441 -0.0590764 -0.0639661
0 -0.0298293 -0.0592231 -0.0641506
0 -0.0299518 -0.0592692 -0.0642265
0 -0.0300124 -0.0592248 -0.0641964
0 -0.0300134 -0.0590998 -0.0640641
0 -0.0299583 -0.0589033 -0.0638344
0 -0.0298513 -0.0586424 -0.0635129
0 -0.0296962 -0.0583212 -0.0631051
0 -0.0294967 -0.0579418 -0.0626166
0 -0.029257 -0.0575047 -0.0620533
0 -0.0289821 -0.0570103 -0.061422
0 -0.0286775 -0.0564592 -0.06073
0 -0.0283486 -0.0558525 -0.059984
0 -0.028 -0.0551912 -0.0591893
0 -0.0276351 -0.054477 -0.05835
0 -0.027256 -0.0537121 -0.0574686
0 -0.0268641 -0.0529003 -0.0565464
0 -0.02646 -0.0520461 -0.0555844
0 -0.0260438 -0.0511546 -0.0545825
0 -0.0256148 -0.0502312 -0.0535408
0 -0.0251721 -0.0492807 -0.052459
0 -0.0247139 -0.0483063 -0.0513365
0 -0.024237 -0.0473085 -0.0501716
0 -0.0237384 -0.0462864 -0.0489629
0 -0.023218 -0.0452398 -0.0477115
0 -0.022681 -0.0441728 -0.0464236
0 -0.0221366 -0.043092 -0.0451091
0 -0.0215941 -0.0420041 -0.0437787
0 -0.0210603 -0.0409142 -0.0424407
0 -0.0205391 -0.0398253 -0.0411015
0 -0.0200323 -0.0387396 -0.0397657
0 -0.0195408 -0.0376601 -0.038438
0 -0.0190648 -0.0365902 -0.0371229
0 -0.0186034 -0.0355334 -0.0358247
0 -0.0181551 -0.0344933 -0.0345473
0 -0.0177182 -0.0334739 -0.0332946
0 -0.0172918 -0.03248 -0.0320719
0 -0.0168764 -0.0315174 -0.0308855
0 -0.016473 -0.0305917 -0.029743
0 -0.0160827 -0.0297081 -0.028652
0 -0.0157067 -0.0288709 -0.0276197
0 -0.0153464 -0.0280838 -0.026653
0 -0.0150035 -0.0273502 -0.0257587
0 -0.0146802 -0.0266732 -0.0249427
0 -0.0143787 -0.0260558 -0.0242102
0 -0.0141008 -0.0255006 -0.0235649
0 -0.0138476 -0.0250091 -0.0230086
0 -0.0136196 -0.0245817 -0.0225411
0 -0.0134167 -0.0242187 -0.0221608
0 -0.0132395 -0.0239202 -0.0218658
0 -0.01309 -0.0236878 -0.0216543
0 -0.0129722 -0.0235246 -0.0215267
0 -0.0128924 -0.0234359 -0.0214845
0 -0.0128569 -0.0234273 -0.0215304
0 -0.0128715 -0.023504 -0.0216666
0 -0.0129406 -0.02367 -0.0218948
0 -0.0130662 -0.0239279 -0.0222157
0 -0.0132481 -0.0242781 -0.0226291
0 -0.013484 -0.0247195 -0.023134
0 -0.0137696 -0.0252489 -0.0237287
0 -0.0140989 -0.0258618 -0.0244108
0 -0.0144643 -0.0265512 -0.0251766
0 -0.014856 -0.0273074 -0.0260202
0 -0.0152618 -0.0281172 -0.0269327
0 -0.0156686 -0.0289652 -0.0279027
0 -0.0160665 -0.0298373 -0.0289202
0 -0.016452 -0.0307247 -0.029979
0 -0.0168263 -0.0316221 -0.0310759
0 -0.0171926 -0.0325257 -0.0322077
0 -0.0175533 -0.0334314 -0.033369
0 -0.0179105 -0.0343353 -0.0345529
0 -0.0182665 -0.0352346 -0.0357518
0 -0.0186233 -0.0361272 -0.0369571
0 -0.0189813 -0.0370106 -0.0381588
0 -0.0193381 -0.0378804 -0.0393447
0 -0.0196901 -0.0387312 -0.040501
0 -0.0200336 -0.039558 -0.0416146
0 -0.0203668 -0.0403572 -0.0426748
0 -0.0206894 -0.0411267 -0.0436732
0 -0.0210021 -0.0418645 -0.0446037
0 -0.0213052 -0.0425681 -0.045461
0 -0.0215989 -0.043234 -0.0462415
0 -0.0218833 -0.0438586 -0.0469434
0 -0.0221588 -0.0444385 -0.0475673
0 -0.0224264 -0.0449714 -0.0481167
0 -0.0226867 -0.0454557 -0.0485964
0 -0.0229397 -0.0458903 -0.0490118
0 -0.0231841 -0.0462748 -0.0493686
0 -0.0234181 -0.0466096 -0.0496722
0 -0.0236391 -0.0468965 -0.0499279
0 -0.0238447 -0.0471381 -0.0501411
0 -0.024032 -0.0473378 -0.0503163
0 -0.0241986 -0.0474996 -0.0504577
0 -0.0243423 -0.0476275 -0.0505692
0 -0.0244612 -0.0477258 -0.0506542
0 -0.0245547 -0.0477986 -0.0507156
0 -0.0246227 -0.0478496 -0.0507567
0 -0.0246663 -0.0478821 -0.0507803
0 -0.0246874 -0.0478993 -0.0507895
0 -0.0246886 -0.0479034 -0.050787
0 -0.0246726 -0.0478957 -0.0507748
0 -0.0246412 -0.047876 -0.0507535
0 -0.0245954 -0.0478427 -0.0507221
0 -0.0245364 -0.047794 -0.0506792
0 -0.0244653 -0.0477278 -0.0506228
0 -0.0243829 -0.0476419 -0.0505504
0 -0.0242896 -0.0475335 -0.0504581
0 -0.0241854 -0.0474 -0.0503417
0 -0.0240714 -0.0472404 -0.0501983
0 -0.0239505 -0.047056 -0.0500265
0 -0.0238264 -0.0468499 -0.0498264
0 -0.0237026 -0.0466253 -0.0495987
0 -0.0235812 -0.0463854 -0.0493436
0 -0.0234626 -0.046132 -0.0490609
0 -0.0233457 -0.0458661 -0.0487501
0 -0.0232283 -0.0455877 -0.0484106
0 -0.0231082 -0.0452965 -0.0480431
0 -0.0229843 -0.0449933 -0.0476499
0 -0.0228566 -0.0446797 -0.0472351
0 -0.0227258 -0.0443577 -0.0468036
0 -0.0225923 -0.0440285 -0.04636
0 -0.0224549 -0.0436923 -0.0459078
0 -0.0223114 -0.0433477 -0.0454486
0 -0.0221594 -0.0429933 -0.0449835
0 -0.0219985 -0.0426293 -0.0445151
0 -0.0218306 -0.0422584 -0.0440475
0 -0.0216596 -0.0418852 -0.0435862
0 -0.0214893 -0.0415144 -0.0431361
0 -0.021322 -0.0411495 -0.0427003
0 -0.0211576 -0.0407921 -0.0422795
0 -0.0209942 -0.0404419 -0.041872
0 -0.0208296 -0.040098 -0.0414754
0 -0.0206617 -0.0397595 -0.0410872
0 -0.0204891 -0.0394257 -0.0407052
0 -0.020311 -0.0390954 -0.0403272
0 -0.0201267 -0.038767 -0.0399511
0 -0.0199363 -0.0384386 -0.0395748
0 -0.0197401 -0.0381083 -0.0391963
0 -0.0195395 -0.0377746 -0.0388146
0 -0.0193378 -0.0374376 -0.03843
0 -0.01914 -0.0370997 -0.038045
0 -0.0189521 -0.0367646 -0.0376633
0 -0.0187787 -0.0364361 -0.0372877
0 -0.018622 -0.0361161 -0.036919
0 -0.0184804 -0.0358046 -0.0365559
0 -0.0183508 -0.0355002 -0.0361954
0 -0.0182294 -0.035202 -0.0358352
0 -0.0181137 -0.03491 -0.0354744
0 -0.0180033 -0.0346262 -0.0351147
0 -0.0179003 -0.034355 -0.0347611
0 -0.0178081 -0.0341018 -0.03442
0 -0.0177301 -0.0338718 -0.0340985
0 -0.0176691 -0.0336696 -0.0338034
0 -0.017627 -0.0334991 -0.0335412
0 -0.0176039 -0.0333626 -0.0333171
0 -0.0175973 -0.0332598 -0.0331334
0 -0.0176025 -0.0331881 -0.0329905
0 -0.0176152 -0.0331452 -0.0328887
0 -0.0176335 -0.0331302 -0.0328295
0 -0.0176569 -0.0331435 -0.0328152
0 -0.0176854 -0.033185 -0.0328475
0 -0.0177178 -0.0332535 -0.0329258
0 -0.017752 -0.0333459 -0.0330471
0 -0.0177855 -0.0334583 -0.0332072
0 -0.0178176 -0.0335881 -0.0334022
0 -0.0178512 -0.0337358 -0.0336308
0 -0.0178922 -0.0339048 -0.0338937
0 -0.0179465 -0.0340987 -0.0341916
0 -0.0180173 -0.0343188 -0.0345225
0 -0.0181046 -0.0345638 -0.0348812
0 -0.0182068 -0.0348308 -0.0352615
0 -0.0183221 -0.0351175 -0.0356578
0 -0.0184493 -0.0354217 -0.0360653
0 -0.0185864 -0.0357405 -0.0364793
0 -0.0187301 -0.0360697 -0.0368943
0 -0.0188757 -0.0364031 -0.0373042
0 -0.0190179 -0.0367335 -0.0377023
0 -0.0191517 -0.0370533 -0.0380826
0 -0.0192736 -0.0373562 -0.0384404
0 -0.0193827 -0.0376377 -0.0387734
0 -0.0194811 -0.0378968 -0.0390825
0 -0.0195729 -0.0381344 -0.03937
0 -0.0196617 -0.038352 -0.0396385
0 -0.0197503 -0.0385512 -0.0398894
0 -0.0198397 -0.0387332 -0.0401231
0 -0.0199297 -0.0388991 -0.0403392
0 -0.0200192 -0.03905 -0.0405367
0 -0.0201068 -0.0391873 -0.0407147
0 -0.0201911 -0.0393127 -0.0408729
0 -0.0202721 -0.0394292 -0.0410127
0 -0.0203523 -0.0395421 -0.0411382
0 -0.0204359 -0.0396581 -0.0412561
0 -0.0205283 -0.0397847 -0.0413746
0 -0.0206339 -0.0399287 -0.0415019
0 -0.0207563 -0.0400957 -0.0416459
0 -0.0208968 -0.0402893 -0.0418131
0 -0.0210544 -0.0405113 -0.0420083
0 -0.0212275 -0.0407623 -0.0422357
0 -0.0214137 -0.0410426 -0.0424989
0 -0.0216105 -0.041352 -0.0428013
0 -0.0218143 -0.0416886 -0.0431443
0 -0.0220201 -0.0420492 -0.0435273
0 -0.0222233 -0.0424298 -0.0439487
0 -0.0224208 -0.0428273 -0.044407
0 -0.0226118 -0.0432399 -0.0449015
0 -0.0227973 -0.0436673 -0.0454318
0 -0.022979 -0.0441086 -0.0459966
0 -0.0231577 -0.0445623 -0.0465925
0 -0.0233339 -0.0450258 -0.047214
0 -0.0235076 -0.0454958 -0.0478544
0 -0.0236781 -0.0459686 -0.0485052
0 -0.0238434 -0.0464384 -0.0491551
0 -0.0239982 -0.0468962 -0.0497896
0 -0.0241362 -0.0473309 -0.0503923
0 -0.0242517 -0.0477315 -0.0509473
0 -0.0243423 -0.0480893 -0.0514425
0 -0.0244091 -0.0483986 -0.0518695
0 -0.0244554 -0.0486555 -0.0522228
0 -0.0244844 -0.0488568 -0.0524984
0 -0.0244991 -0.0489995 -0.0526936
0 -0.0245017 -0.0490815 -0.0528061
0 -0.024492 -0.0490999 -0.0528339
0 -0.0244682 -0.049052 -0.0527745
0 -0.0244267 -0.048935 -0.0526259
0 -0.0243632 -0.0487473 -0.0523865
0 -0.0242733 -0.0484877 -0.0520559
0 -0.0241523 -0.0481558 -0.0516345
0 -0.0239961 -0.0477519 -0.0511236
0 -0.0238016 -0.0472765 -0.0505255
0 -0.0235666 -0.0467309 -0.0498435
0 -0.0232905 -0.0461172 -0.0490821
0 -0.0229755 -0.045439 -0.0482475
0 -0.0226258 -0.0447018 -0.0473476
0 -0.0222473 -0.043912 -0.0463909
0 -0.0218463 -0.0430766 -0.0453855
0 -0.0214289 -0.0422025 -0.0443386
0 -0.0210008 -0.0412969 -0.043257
0 -0.0205671 -0.0403668 -0.0421467
0 -0.0201316 -0.039419 -0.0410131
0 -0.0196973 -0.0384603 -0.0398612
0 -0.0192681 -0.0374983 -0.0386973
0 -0.0188492 -0.0365428 -0.0375296
0 -0.0184465 -0.0356043 -0.036368
0 -0.0180649 -0.0346924 -0.0352221
0 -0.0177062 -0.033814 -0.0340998
0 -0.0173696 -0.0329729 -0.0330075
0 -0.0170534 -0.0321718 -0.0319512
0 -0.0167565 -0.0314138 -0.0309388
0 -0.0164799 -0.0307029 -0.02998
0 -0.0162247 -0.0300434 -0.0290855
0 -0.0159911 -0.0294376 -0.0282645
0 -0.0157777 -0.0288863 -0.0275238
0 -0.0155822 -0.0283892 -0.0268686
0 -0.0154029 -0.0279465 -0.0263023
0 -0.0152383 -0.0275585 -0.0258271
0 -0.0150866 -0.027225 -0.0254424
0 -0.0149457 -0.026945 -0.0251451
0 -0.0148134 -0.0267168 -0.0249303
0 -0.0146888 -0.0265392 -0.024792
0 -0.0145729 -0.0264114 -0.0247246
0 -0.0144689 -0.0263341 -0.0247233
0 -0.0143823 -0.0263089 -0.0247847
0 -0.0143193 -0.0263376 -0.024906
0 -0.0142861 -0.0264212 -0.0250843
0 -0.0142881 -0.0265601 -0.025317
0 -0.0143296 -0.0267544 -0.0256015
0 -0.0144141 -0.0270039 -0.0259361
0 -0.0145431 -0.027308 -0.0263191
0 -0.0147165 -0.0276657 -0.026749
0 -0.0149325 -0.0280757 -0.0272247
0 -0.015188 -0.0285364 -0.0277456
0 -0.0154784 -0.029046 -0.0283112
0 -0.0157985 -0.0296022 -0.0289213
0 -0.0161418 -0.0302018 -0.0295756
0 -0.016502 -0.0308413 -0.0302737
0 -0.0168727 -0.0315164 -0.0310152
0 -0.017247 -0.0322215 -0.0317986
0 -0.0176173 -0.0329491 -0.0326206
0 -0.0179753 -0.0336896 -0.0334755
0 -0.0183136 -0.0344327 -0.0343563
0 -0.0186278 -0.0351699 -0.0352565
0 -0.0189176 -0.0358956 -0.036171
0 -0.0191864 -0.0366072 -0.0370964
0 -0.0194386 -0.037303 -0.0380284
0 -0.0196776 -0.0379807 -0.0389604
0 -0.0199039 -0.0386361 -0.0398824
0 -0.0201164 -0.0392635 -0.0407817
0 -0.0203149 -0.0398588 -0.0416465
0 -0.020501 -0.0404201 -0.0424667
0 -0.0206785 -0.0409483 -0.0432348
0 -0.0208512 -0.0414444 -0.0439443
0 -0.0210222 -0.0419095 -0.0445891
0 -0.0211934 -0.0423436 -0.0451643
0 -0.0213664 -0.0427466 -0.0456668
0 -0.0215417 -0.0431182 -0.0460956
0 -0.0217194 -0.0434575 -0.0464518
0 -0.0218988 -0.0437635 -0.0467385
0 -0.0220788 -0.0440358 -0.0469615
0 -0.0222593 -0.0442757 -0.0471293
0 -0.0224405 -0.0444858 -0.0472522
0 -0.0226221 -0.0446698 -0.0473414
0 -0.0228024 -0.0448313 -0.0474073
0 -0.0229779 -0.0449727 -0.047458
0 -0.0231419 -0.0450941 -0.0474985
0 -0.0232858 -0.0451938 -0.04753
0 -0.023401 -0.0452692 -0.0475524
0 -0.0234803 -0.0453182 -0.0475649
0 -0.0235194 -0.0453394 -0.0475668
0 -0.0235175 -0.045333 -0.0475588
0 -0.0234781 -0.0453016 -0.0475431
0 -0.0234084 -0.0452495 -0.047523
0 -0.0233171 -0.0451817 -0.0475018
0 -0.0232124 -0.0451021 -0.0474807
0 -0.0231004 -0.0450124 -0.0474581
0 -0.0229843 -0.0449119 -0.0474288
0 -0.0228654 -0.0447984 -0.0473859
0 -0.0227447 -0.04467 -0.0473222
0 -0.0226229 -0.0445252 -0.0472312
0 -0.0225006 -0.0443627 -0.0471069
0 -0.0223778 -0.044181 -0.0469441
0 -0.0222536 -0.0439781 -0.0467384
0 -0.0221272 -0.0437522 -0.0464866
0 -0.0219979 -0.0435018 -0.0461875
0 -0.0218667 -0.0432275 -0.0458426
0 -0.0217362 -0.0429317 -0.0454567
0 -0.0216093 -0.042618 -0.0450362
0 -0.0214881 -0.04229 -0.0445877
0 -0.0213729 -0.0419505 -0.0441173
0 -0.0212619 -0.0416009 -0.0436296
0 -0.0211512 -0.0412415 -0.0431275
0 -0.0210364 -0.0408722 -0.0426137
0 -0.0209131 -0.040493 -0.0420905
0 -0.0207782 -0.0401046 -0.0415611
0 -0.0206301 -0.0397084 -0.041029
0 -0.0204686 -0.0393065 -0.0404983
0 -0.0202945 -0.0389009 -0.0399733
0 -0.0201092 -0.0384938 -0.0394577
0 -0.0199147 -0.038087 -0.0389545
0 -0.0197131 -0.0376824 -0.0384662
0 -0.0195063 -0.037281 -0.0379941
0 -0.0192959 -0.0368836 -0.0375383
0 -0.0190828 -0.0364902 -0.0370974
0 -0.0188681 -0.0361011 -0.03667
0 -0.0186535 -0.035717 -0.0362543
0 -0.0184416 -0.0353395 -0.0358495
0 -0.0182354 -0.0349709 -0.0354549
0 -0.0180375 -0.0346133 -0.0350699
0 -0.0178507 -0.0342687 -0.034694
0 -0.0176771 -0.0339392 -0.0343269
0 -0.0175182 -0.0336263 -0.0339687
0 -0.0173754 -0.0333318 -0.03362
0 -0.0172494 -0.0330568 -0.0332817
0 -0.0171405 -0.0328025 -0.0329555
0 -0.0170484 -0.0325696 -0.0326431
0 -0.0169724 -0.0323586 -0.0323469
0 -0.0169115 -0.0321698 -0.0320695
0 -0.0168644 -0.0320032 -0.0318138
0 -0.0168295 -0.0318588 -0.0315825
0 -0.0168047 -0.0317359 -0.0313782
0 -0.016787 -0.0316331 -0.0312022
0 -0.0167728 -0.0315479 -0.0310548
0 -0.0167585 -0.0314774 -0.0309353
0 -0.0167407 -0.0314191 -0.0308429
0 -0.0167174 -0.0313706 -0.0307766
0 -0.0166884 -0.0313313 -0.0307359
0 -0.0166553 -0.0313015 -0.0307208
0 -0.0166207 -0.0312828 -0.0307317
0 -0.0165878 -0.0312766 -0.0307681
0 -0.0165595 -0.0312845 -0.0308289
0 -0.016538 -0.0313073 -0.030912
0 -0.0165244 -0.0313449 -0.031014
0 -0.0165184 -0.031396 -0.0311306
0 -0.0165195 -0.0314588 -0.0312568
0 -0.0165267 -0.0315312 -0.0313882
0 -0.0165394 -0.0316113 -0.0315207
0 -0.0165576 -0.0316974 -0.0316514
0 -0.016582 -0.0317886 -0.0317787
0 -0.0166144 -0.0318852 -0.0319031
0 -0.016657 -0.0319883 -0.0320258
0 -0.0167116 -0.0320988 -0.0321487
0 -0.0167791 -0.0322176 -0.0322738
0 -0.01686 -0.0323457 -0.0324031
0 -0.0169542 -0.0324844 -0.0325393
0 -0.017061 -0.0326352 -0.032685
0 -0.017179 -0.0327988 -0.0328425
0 -0.0173051 -0.0329753 -0.0330131
0 -0.0174354 -0.0331633 -0.0331971
0 -0.0175661 -0.0333616 -0.0333947
0 -0.017695 -0.0335699 -0.0336075
0 -0.0178224 -0.0337894 -0.0338387
0 -0.0179493 -0.034022 -0.034092
0 -0.0180766 -0.0342686 -0.0343696
0 -0.0182034 -0.0345281 -0.0346717
0 -0.018328 -0.034798 -0.0349966
0 -0.0184493 -0.035076 -0.0353423
0 -0.0185673 -0.0353608 -0.0357071
0 -0.018683 -0.0356516 -0.0360893
0 -0.0187975 -0.0359479 -0.0364868
0 -0.0189114 -0.0362484 -0.0368965
0 -0.0190245 -0.036551 -0.0373139
0 -0.0191358 -0.0368531 -0.0377339
0 -0.0192456 -0.0371533 -0.0381522
0 -0.0193578 -0.0374536 -0.0385682
0 -0.019481 -0.0377616 -0.0389867
0 -0.0196262 -0.0380876 -0.0394154
0 -0.0198009 -0.0384397 -0.0398601
0 -0.020007 -0.0388215 -0.0403227
0 -0.0202419 -0.0392331 -0.0408021
0 -0.0205003 -0.0396726 -0.0412964
0 -0.0207751 -0.0401364 -0.0418026
0 -0.0210574 -0.0406184 -0.0423168
0 -0.0213383 -0.0411117 -0.0428354
0 -0.0216124 -0.0416115 -0.043358
0 -0.0218797 -0.0421173 -0.0438891
0 -0.0221445 -0.042632 -0.0444368
0 -0.0224119 -0.0431592 -0.0450097
0 -0.0226853 -0.0437006 -0.0456136
0 -0.0229651 -0.0442558 -0.0462504
0 -0.0232499 -0.044823 -0.0469196
0 -0.0235378 -0.0454007 -0.0476191
0 -0.023827 -0.0459878 -0.0483458
0 -0.0241154 -0.0465831 -0.0490949
0 -0.0243987 -0.0471831 -0.0498584
0 -0.0246708 -0.0477819 -0.050625
0 -0.0249251 -0.0483718 -0.0513821
0 -0.0251561 -0.048945 -0.0521174
0 -0.0253607 -0.0494939 -0.0528196
0 -0.0255383 -0.0500123 -0.0534802
0 -0.0256918 -0.0504958 -0.0540933
0 -0.0258264 -0.0509416 -0.0546556
0 -0.0259477 -0.0513477 -0.0551652
0 -0.026061 -0.0517124 -0.0556203
0 -0.0261699 -0.052034 -0.0560192
0 -0.0262771 -0.0523114 -0.0563605
0 -0.026383 -0.0525435 -0.0566423
0 -0.0264849 -0.052728 -0.0568614
0 -0.0265774 -0.0528616 -0.0570133
0 -0.026654 -0.0529411 -0.0570938
0 -0.0267084 -0.0529642 -0.0571001
0 -0.0267354 -0.0529297 -0.057031
0 -0.0267299 -0.0528366 -0.0568867
0 -0.0266879 -0.0526839 -0.0566678
0 -0.0266066 -0.0524706 -0.0563761
0 -0.0264845 -0.0521964 -0.0560144
0 -0.0263218 -0.0518607 -0.0555858
0 -0.0261191 -0.0514633 -0.0550933
0 -0.0258778 -0.0510038 -0.0545394
0 -0.0255997 -0.050482 -0.053926
0 -0.0252867 -0.0498982 -0.0532542
0 -0.0249415 -0.0492536 -0.0525245
0 -0.0245668 -0.0485499 -0.0517372
0 -0.0241653 -0.0477898 -0.0508922
0 -0.0237401 -0.0469764 -0.049989
0 -0.0232939 -0.0461132 -0.0490273
0 -0.02283 -0.0452045 -0.0480075
0 -0.0223528 -0.0442562 -0.046932
0 -0.0218689 -0.0432761 -0.0458054
0 -0.0213857 -0.0422737 -0.0446348
0 -0.0209097 -0.041258 -0.0434277
0 -0.0204448 -0.0402359 -0.0421902
0 -0.0199909 -0.0392113 -0.040927
0 -0.0195462 -0.0381864 -0.0396417
0 -0.0191092 -0.0371637 -0.0383394
0 -0.0186803 -0.0361473 -0.0370279
0 -0.0182614 -0.0351428 -0.035717
0 -0.0178541 -0.0341554 -0.0344172
0 -0.0174594 -0.0331896 -0.0331392
0 -0.017078 -0.0322495 -0.0318933
0 -0.01671 -0.0313387 -0.0306896
0 -0.016355 -0.0304607 -0.0295379
0 -0.0160126 -0.0296186 -0.0284472
0 -0.015682 -0.0288155 -0.0274258
0 -0.015363 -0.0280545 -0.0264803
0 -0.0150553 -0.0273392 -0.0256158
0 -0.0147584 -0.0266724 -0.0248351
0 -0.0144706 -0.0260557 -0.0241375
0 -0.0141898 -0.0254892 -0.02352
0 -0.013914 -0.0249726 -0.0229776
0 -0.0136428 -0.0245052 -0.0225053
0 -0.0133784 -0.0240877 -0.0220986
0 -0.0131253 -0.0237218 -0.0217549
0 -0.01289 -0.0234101 -0.0214727
0 -0.0126789 -0.0231537 -0.0212499
0 -0.0124961 -0.0229517 -0.0210828
0 -0.0123434 -0.0228005 -0.0209658
0 -0.0122218 -0.0226959 -0.0208934
0 -0.0121329 -0.0226349 -0.0208615
0 -0.0120803 -0.022617 -0.0208692
0 -0.0120685 -0.0226441 -0.020918
0 -0.0121003 -0.0227178 -0.0210093
0 -0.0121746 -0.0228374 -0.0211425
0 -0.0122864 -0.0230001 -0.0213146
0 -0.0124288 -0.0232021 -0.0215225
0 -0.0125951 -0.0234405 -0.0217642
0 -0.0127797 -0.0237137 -0.0220394
0 -0.0129786 -0.024021 -0.0223497
0 -0.0131888 -0.0243622 -0.0226979
0 -0.0134081 -0.024737 -0.0230869
0 -0.0136343 -0.0251442 -0.0235191
0 -0.0138652 -0.0255819 -0.023996
0 -0.014099 -0.0260477 -0.0245182
0 -0.0143347 -0.026539 -0.0250856
0 -0.0145719 -0.0270539 -0.0256977
0 -0.0148115 -0.0275911 -0.0263534
0 -0.0150553 -0.0281501 -0.0270514
0 -0.0153053 -0.0287307 -0.0277896
0 -0.0155635 -0.029333 -0.0285652
0 -0.0158317 -0.029957 -0.0293746
0 -0.0161116 -0.0306027 -0.0302145
0 -0.0164046 -0.0312703 -0.0310812
0 -0.0167114 -0.0319598 -0.0319713
0 -0.0170326 -0.0326711 -0.0328813
0 -0.0173684 -0.0334039 -0.0338079
0 -0.0177189 -0.0341575 -0.0347486
0 -0.0180838 -0.0349311 -0.0357009
0 -0.0184628 -0.0357235 -0.0366633
0 -0.0188552 -0.0365333 -0.0376344
0 -0.01926 -0.0373585 -0.0386127
0 -0.0196754 -0.0381969 -0.0395973
0 -0.0200996 -0.0390463 -0.0405874
0 -0.0205301 -0.0399041 -0.041582
0 -0.0209637 -0.0407668 -0.0425793
0 -0.0213957 -0.0416293 -0.043576
0 -0.0218208 -0.0424856 -0.0445681
0 -0.022234 -0.0433294 -0.0455507
0 -0.0226309 -0.0441549 -0.0465192
0 -0.0230085 -0.044957 -0.0474688
0 -0.0233648 -0.0457307 -0.0483945
0 -0.0236983 -0.046472 -0.0492908
0 -0.0240083 -0.0471768 -0.0501518
0 -0.024294 -0.0478408 -0.0509707
0 -0.0245538 -0.0484591 -0.0517396
0 -0.0247856 -0.0490258 -0.0524497
0 -0.0249873 -0.0495355 -0.0530922
0 -0.0251587 -0.0499843 -0.0536605
0 -0.0253019 -0.0503706 -0.0541505
0 -0.0254201 -0.0506946 -0.0545603
0 -0.0255163 -0.0509565 -0.0548887
0 -0.0255921 -0.0511559 -0.0551341
0 -0.0256476 -0.0512916 -0.0552954
0 -0.0256827 -0.051363 -0.0553719
0 -0.0256967 -0.0513698 -0.0553641
0 -0.0256886 -0.0513122 -0.0552733
0 -0.025657 -0.0511908 -0.0551016
0 -0.0256007 -0.0510071 -0.054852
0 -0.0255194 -0.050764 -0.0545292
0 -0.0254141 -0.0504659 -0.0541392
0 -0.0252862 -0.0501179 -0.0536893
0 -0.0251369 -0.0497253 -0.0531864
0 -0.0249672 -0.0492927 -0.0526373
0 -0.0247771 -0.0488239 -0.0520473
0 -0.0245657 -0.0483214 -0.0514209
0 -0.0243324 -0.0477873 -0.0507615
0 -0.024077 -0.0472237 -0.0500728
0 -0.0238001 -0.0466327 -0.0493581
0 -0.0235034 -0.0460169 -0.0486208
0 -0.0231895 -0.0453793 -0.0478647
0 -0.0228625 -0.0447239 -0.0470934
0 -0.0225274 -0.0440555 -0.0463112
0 -0.0221894 -0.0433792 -0.0455221
0 -0.0218533 -0.0427001 -0.0447299
0 -0.0215236 -0.0420232 -0.0439379
0 -0.0212033 -0.0413529 -0.0431489
0 -0.0208943 -0.0406924 -0.0423648
0 -0.0205969 -0.0400442 -0.0415868
0 -0.020311 -0.0394103 -0.0408163
0 -0.0200361 -0.0387924 -0.040055
0 -0.0197717 -0.038192 -0.039305
0 -0.0195172 -0.0376102 -0.038569
0 -0.0192716 -0.0370476 -0.0378495
0 -0.0190341 -0.0365047 -0.0371493
0 -0.0188036 -0.0359812 -0.036471
0 -0.0185795 -0.0354772 -0.0358176
0 -0.0183613 -0.0349924 -0.0351917
0 -0.0181496 -0.0345274 -0.0345965
0 -0.0179461 -0.0340841 -0.0340361
0 -0.0177537 -0.0336655 -0.033515
0 -0.0175755 -0.0332753 -0.0330376
0 -0.0174136 -0.0329167 -0.0326069
0 -0.017268 -0.0325913 -0.0322233
0 -0.0171371 -0.0322991 -0.0318857
0 -0.0170186 -0.0320397 -0.0315916
0 -0.0169109 -0.0318127 -0.0313388
0 -0.0168137 -0.0316188 -0.0311263
0 -0.0167286 -0.03146 -0.0309547
0 -0.0166587 -0.0313391 -0.030826
0 -0.0166075 -0.031259 -0.0307421
0 -0.016578 -0.0312218 -0.0307052
0 -0.0165726 -0.031229 -0.0307168
0 -0.0165926 -0.0312813 -0.0307777
0 -0.0166379 -0.0313777 -0.0308876
0 -0.016707 -0.0315166 -0.0310454
0 -0.0167981 -0.0316957 -0.0312498
0 -0.0169091 -0.0319131 -0.0314994
0 -0.017038 -0.0321668 -0.0317932
0 -0.0171836 -0.0324556 -0.0321307
0 -0.0173452 -0.0327789 -0.032512
0 -0.0175228 -0.0331367 -0.0329376
0 -0.0177164 -0.0335292 -0.0334078
0 -0.0179257 -0.0339561 -0.0339226
0 -0.0181502 -0.0344168 -0.0344812
0 -0.0183883 -0.0349099 -0.0350818
0 -0.0186368 -0.0354317 -0.0357203
0 -0.0188912 -0.0359771 -0.0363909
0 -0.0191467 -0.0365399 -0.0370871
0 -0.0193995 -0.0371142 -0.0378024
0 -0.0196469 -0.0376946 -0.0385309
0 -0.0198882 -0.0382771 -0.0392683
0 -0.0201245 -0.0388593 -0.040011
0 -0.0203576 -0.0394395 -0.0407563
0 -0.0205895 -0.0400161 -0.0415011
0 -0.0208215 -0.0405877 -0.0422419
0 -0.0210542 -0.0411518 -0.0429741
0 -0.0212866 -0.0417056 -0.0436921
0 -0.0215166 -0.0422454 -0.0443894
0 -0.0217418 -0.0427672 -0.0450595
0 -0.0219599 -0.0432678 -0.0456961
0 -0.022169 -0.0437442 -0.0462941
0 -0.0223684 -0.0441944 -0.0468499
0 -0.0225585 -0.0446173 -0.0473614
0 -0.0227398 -0.045012 -0.0478276
0 -0.0229128 -0.0453776 -0.0482481
0 -0.0230775 -0.0457129 -0.0486231
0 -0.0232338 -0.0460167 -0.0489534
0 -0.0233811 -0.0462884 -0.0492402
0 -0.0235189 -0.0465272 -0.0494853
0 -0.023646 -0.046733 -0.0496906
0 -0.0237611 -0.0469057 -0.0498579
0 -0.0238629 -0.0470457 -0.0499893
0 -0.0239495 -0.0471533 -0.0500865
0 -0.0240183 -0.0472284 -0.0501499
0 -0.0240656 -0.0472693 -0.0501787
0 -0.0240868 -0.0472736 -0.0501706
0 -0.0240779 -0.0472382 -0.0501229
0 -0.0240364 -0.047161 -0.0500337
0 -0.0239622 -0.0470414 -0.049902
0 -0.0238574 -0.0468798 -0.0497284
0 -0.0237253 -0.0466773 -0.0495136
0 -0.02357 -0.0464352 -0.0492583
0 -0.0233953 -0.0461551 -0.048963
0 -0.0232054 -0.0458387 -0.0486279
0 -0.0230046 -0.0454886 -0.0482538
0 -0.0227973 -0.0451084 -0.0478421
0 -0.022588 -0.0447025 -0.0473949
0 -0.0223804 -0.0442761 -0.0469148
0 -0.0221769 -0.0438332 -0.0464037
0 -0.021977 -0.0433764 -0.0458625
0 -0.021779 -0.042907 -0.0452913
0 -0.0215803 -0.0424259 -0.0446908
0 -0.0213789 -0.041934 -0.0440631
0 -0.0211744 -0.0414336 -0.0434122
0 -0.0209685 -0.0409287 -0.042745
0 -0.020765 -0.0404247 -0.0420706
0 -0.0205673 -0.0399271 -0.041398
0 -0.0203773 -0.0394397 -0.0407351
0 -0.0201954 -0.0389649 -0.0400883
0 -0.0200216 -0.0385052 -0.0394634
0 -0.0198559 -0.038063 -0.0388663
0 -0.0196973 -0.0376402 -0.0383011
0 -0.0195435 -0.0372375 -0.0377706
0 -0.0193917 -0.0368548 -0.0372759
0 -0.0192393 -0.0364919 -0.0368176
0 -0.0190849 -0.0361489 -0.0363962
0 -0.0189278 -0.0358259 -0.0360117
0 -0.0187685 -0.0355233 -0.0356639
0 -0.0186084 -0.0352416 -0.0353523
0 -0.0184499 -0.0349815 -0.0350764
0 -0.018296 -0.0347438 -0.0348353
0 -0.0181495 -0.0345289 -0.0346276
0 -0.0180136 -0.0343375 -0.0344515
0 -0.0178908 -0.0341696 -0.0343046
0 -0.0177835 -0.0340255 -0.0341847
0 -0.0176933 -0.0339052 -0.0340892
0 -0.0176214 -0.0338088 -0.0340156
0 -0.0175686 -0.0337362 -0.0339618
0 -0.017535 -0.0336872 -0.0339259
0 -0.0175201 -0.0336616 -0.0339062
0 -0.0175229 -0.0336586 -0.0339015
0 -0.0175419 -0.0336773 -0.0339113
0 -0.0175756 -0.0337168 -0.0339352
0 -0.0176225 -0.0337762 -0.0339741
0 -0.0176819 -0.0338555 -0.0340299
0 -0.0177537 -0.0339553 -0.0341057
0 -0.0178376 -0.0340762 -0.0342046
0 -0.0179321 -0.0342175 -0.0343288
0 -0.0180342 -0.034377 -0.0344785
0 -0.0181398 -0.0345517 -0.0346529
0 -0.0182451 -0.0347383 -0.0348506
0 -0.0183471 -0.034934 -0.03507
0 -0.0184433 -0.0351359 -0.0353092
0 -0.0185315 -0.0353414 -0.0355657
0 -0.0186104 -0.0355475 -0.0358362
0 -0.0186794 -0.0357519 -0.0361173
0 -0.0187395 -0.0359533 -0.0364064
0 -0.0187939 -0.0361522 -0.0367018
0 -0.0188469 -0.0363505 -0.0370029
0 -0.018903 -0.0365503 -0.0373088
0 -0.018966 -0.0367538 -0.0376186
0 -0.0190393 -0.0369633 -0.0379311
0 -0.0191257 -0.0371808 -0.0382453
0 -0.0192271 -0.0374087 -0.0385603
0 -0.0193445 -0.0376489 -0.0388754
0 -0.0194782 -0.0379028 -0.0391905
0 -0.0196279 -0.0381718 -0.0395057
0 -0.0197926 -0.0384567 -0.0398222
0 -0.0199711 -0.0387581 -0.0401417
0 -0.0201615 -0.0390757 -0.0404663
0 -0.0203608 -0.0394081 -0.0407975
0 -0.0205649 -0.0397524 -0.0411365
0 -0.0207694 -0.0401049 -0.041484
0 -0.0209702 -0.0404617 -0.0418406
0 -0.0211636 -0.040819 -0.0422069
0 -0.0213467 -0.0411729 -0.0425833
0 -0.021517 -0.0415199 -0.0429691
0 -0.0216725 -0.0418567 -0.0433631
0 -0.0218121 -0.0421803 -0.0437631
0 -0.0219352 -0.0424886 -0.0441662
0 -0.0220422 -0.0427801 -0.0445691
0 -0.0221342 -0.0430542 -0.044968
0 -0.0222126 -0.0433104 -0.0453583
0 -0.0222792 -0.0435489 -0.0457352
0 -0.0223361 -0.0437702 -0.0460935
0 -0.0223864 -0.0439754 -0.0464288
0 -0.0224332 -0.0441665 -0.0467373
0 -0.0224802 -0.0443454 -0.0470165
0 -0.0225305 -0.0445138 -0.0472643
0 -0.0225859 -0.0446724 -0.0474789
0 -0.0226471 -0.0448206 -0.047659
0 -0.0227131 -0.0449568 -0.0478036
0 -0.0227825 -0.0450788 -0.0479126
0 -0.0228532 -0.0451844 -0.0479873
0 -0.0229229 -0.0452713 -0.0480293
0 -0.0229886 -0.0453373 -0.0480411
0 -0.0230474 -0.0453804 -0.0480252
0 -0.0230959 -0.0453987 -0.0479839
0 -0.0231307 -0.045391 -0.0479195
0 -0.023149 -0.0453562 -0.0478339
0 -0.0231482 -0.0452939 -0.0477284
0 -0.0231264 -0.0452044 -0.0476041
0 -0.0230831 -0.0450885 -0.047462
0 -0.0230185 -0.044948 -0.047303
0 -0.0229338 -0.0447845 -0.0471275
0 -0.0228308 -0.0446 -0.0469359
0 -0.0227114 -0.0443962 -0.0467277
0 -0.0225776 -0.0441741 -0.0465018
0 -0.0224308 -0.0439339 -0.0462563
0 -0.0222724 -0.0436753 -0.0459888
0 -0.022104 -0.043398 -0.0456972
0 -0.0219276 -0.0431021 -0.04538
0 -0.0217465 -0.042789 -0.0450372
0 -0.0215644 -0.0424608 -0.0446698
0 -0.0213848 -0.0421199 -0.0442795
0 -0.0212107 -0.041769 -0.0438684
0 -0.0210442 -0.0414107 -0.0434385
0 -0.0208866 -0.0410478 -0.0429925
0 -0.0207387 -0.0406831 -0.0425334
0 -0.0206002 -0.0403194 -0.0420644
0 -0.0204698 -0.0399585 -0.0415884
0 -0.0203447 -0.039601 -0.0411073
0 -0.0202211 -0.0392465 -0.0406226
0 -0.0200952 -0.0388937 -0.0401357
0 -0.0199636 -0.0385416 -0.0396482
0 -0.0198235 -0.0381888 -0.0391624
0 -0.0196732 -0.0378339 -0.0386801
0 -0.0195114 -0.0374759 -0.0382035
0 -0.0193381 -0.0371137 -0.0377346
0 -0.0191538 -0.0367469 -0.0372752
0 -0.0189598 -0.0363752 -0.0368262
0 -0.0187574 -0.0359983 -0.036388
0 -0.0185485 -0.0356168 -0.0359603
0 -0.0183352 -0.0352316 -0.035542
0 -0.01812 -0.0348443 -0.0351319
0 -0.0179055 -0.034457 -0.0347283
0 -0.0176942 -0.0340723 -0.0343296
0 -0.0174884 -0.0336926 -0.0339341
0 -0.0172902 -0.0333203 -0.03354
0 -0.0171012 -0.0329578 -0.0331463
0 -0.0169233 -0.0326072 -0.0327524
0 -0.016758 -0.0322708 -0.0323591
0 -0.0166073 -0.031951 -0.0319684
0 -0.016473 -0.03165 -0.0315831
0 -0.0163562 -0.0313696 -0.0312066
0 -0.0162575 -0.031111 -0.0308431
0 -0.0161769 -0.0308754 -0.0304968
0 -0.0161142 -0.0306636 -0.0301726
0 -0.0160684 -0.0304766 -0.0298756
0 -0.0160383 -0.0303152 -0.0296105
0 -0.0160223 -0.0301804 -0.0293821
0 -0.0160189 -0.0300732 -0.0291944
0 -0.0160261 -0.0299947 -0.029051
0 -0.0160425 -0.0299463 -0.0289549
0 -0.0160665 -0.029929 -0.0289083
0 -0.0160973 -0.0299441 -0.0289126
0 -0.0161341 -0.0299927 -0.0289686
0 -0.0161771 -0.0300758 -0.0290766
0 -0.0162268 -0.0301941 -0.0292359
0 -0.0162842 -0.030348 -0.0294456
0 -0.0163509 -0.0305374 -0.0297043
0 -0.0164283 -0.0307619 -0.0300097
0 -0.0165176 -0.0310199 -0.0303591
0 -0.0166197 -0.0313098 -0.0307489
0 -0.0167355 -0.0316291 -0.0311755
0 -0.0168655 -0.0319758 -0.031635
0 -0.0170103 -0.0323476 -0.032124
0 -0.0171698 -0.0327422 -0.0326387
0 -0.0173437 -0.0331573 -0.0331755
0 -0.0175319 -0.0335913 -0.0337314
0 -0.0177343 -0.0340432 -0.0343041
0 -0.017951 -0.0345125 -0.0348919
0 -0.018182 -0.0349989 -0.0354935
0 -0.0184264 -0.0355018 -0.0361077
0 -0.0186821 -0.0360195 -0.0367324
0 -0.0189456 -0.0365487 -0.0373642
0 -0.0192117 -0.0370845 -0.0379988
0 -0.019475 -0.0376211 -0.0386313
0 -0.0197307 -0.0381529 -0.0392572
0 -0.0199746 -0.0386745 -0.0398722
0 -0.0202035 -0.0391808 -0.0404728
0 -0.0204161 -0.039668 -0.0410566
0 -0.0206128 -0.0401336 -0.0416224
0 -0.0207955 -0.0405766 -0.0421697
0 -0.0209663 -0.0409962 -0.042698
0 -0.0211272 -0.0413919 -0.0432057
0 -0.0212796 -0.0417634 -0.0436913
0 -0.0214251 -0.0421112 -0.0441529
0 -0.0215649 -0.0424362 -0.0445884
0 -0.0216999 -0.0427396 -0.0449959
0 -0.0218308 -0.0430231 -0.0453735
0 -0.0219578 -0.0432879 -0.0457194
0 -0.0220811 -0.0435356 -0.0460326
0 -0.0222006 -0.0437673 -0.0463127
0 -0.0223162 -0.0439838 -0.0465601
0 -0.0224275 -0.0441853 -0.0467757
0 -0.0225339 -0.0443716 -0.0469612
0 -0.0226345 -0.0445418 -0.0471185
0 -0.0227286 -0.0446951 -0.0472501
0 -0.0228154 -0.0448306 -0.0473587
0 -0.0228939 -0.0449474 -0.0474472
0 -0.0229636 -0.045045 -0.0475183
0 -0.0230235 -0.0451231 -0.0475743
0 -0.0230729 -0.0451818 -0.0476172
0 -0.0231113 -0.0452216 -0.0476484
0 -0.023138 -0.0452435 -0.0476689
0 -0.0231527 -0.0452486 -0.0476793
0 -0.0231555 -0.0452384 -0.0476796
0 -0.0231461 -0.0452139 -0.0476692
0 -0.0231243 -0.045176 -0.0476469
0 -0.0230899 -0.0451247 -0.0476111
0 -0.0230431 -0.0450602 -0.0475599
0 -0.0229845 -0.0449822 -0.0474917
0 -0.0229152 -0.0448903 -0.0474054
0 -0.0228367 -0.0447842 -0.0472998
0 -0.0227501 -0.0446629 -0.0471736
0 -0.0226566 -0.0445252 -0.0470258
0 -0.0225569 -0.0443698 -0.0468548
0 -0.0224517 -0.0441954 -0.0466596
0 -0.0223413 -0.044001 -0.0464391
0 -0.0222261 -0.0437859 -0.0461924
0 -0.022106 -0.0435497 -0.045919
0 -0.0219812 -0.0432927 -0.0456184
0 -0.0218519 -0.0430159 -0.0452913
0 -0.0217193 -0.0427215 -0.0449392
0 -0.0215844 -0.0424119 -0.0445642
0 -0.0214481 -0.0420901 -0.0441686
0 -0.0213109 -0.0417584 -0.043755
0 -0.0211732 -0.0414193 -0.0433259
0 -0.0210351 -0.0410753 -0.0428844
0 -0.0208969 -0.0407286 -0.042434
0 -0.0207587 -0.0403815 -0.0419781
0 -0.0206208 -0.0400358 -0.0415206
0 -0.0204838 -0.0396938 -0.0410653
0 -0.0203484 -0.0393575 -0.0406167
0 -0.0202158 -0.0390292 -0.040179
0 -0.0200869 -0.038711 -0.0397566
0 -0.0199625 -0.0384051 -0.0393534
0 -0.0198436 -0.0381135 -0.0389728
0 -0.0197309 -0.0378384 -0.0386182
0 -0.0196251 -0.0375821 -0.0382922
0 -0.0195271 -0.0373466 -0.0379973
0 -0.0194373 -0.037134 -0.0377352
0 -0.0193561 -0.0369458 -0.0375073
0 -0.0192839 -0.0367836 -0.0373145
0 -0.0192213 -0.0366486 -0.0371573
0 -0.0191688 -0.0365419 -0.0370363
0 -0.0191274 -0.0364644 -0.0369516
0 -0.0190975 -0.0364165 -0.0369032
0 -0.0190795 -0.036398 -0.0368904
0 -0.0190736 -0.0364082 -0.0369122
0 -0.0190797 -0.0364461 -0.0369675
0 -0.0190978 -0.0365105 -0.0370547
0 -0.0191279 -0.0366001 -0.0371727
0 -0.0191698 -0.0367136 -0.0373198
0 -0.0192233 -0.0368495 -0.0374945
0 -0.0192879 -0.0370063 -0.0376949
0 -0.0193631 -0.0371826 -0.0379193
0 -0.0194482 -0.0373768 -0.0381657
0 -0.0195422 -0.0375875 -0.0384321
0 -0.0196443 -0.0378132 -0.0387163
0 -0.0197532 -0.0380523 -0.0390163
0 -0.019868 -0.0383032 -0.0393299
0 -0.0199872 -0.0385643 -0.039655
0 -0.0201098 -0.0388338 -0.0399891
0 -0.020234 -0.0391095 -0.04033
0 -0.0203585 -0.0393892 -0.0406752
0 -0.0204818 -0.0396705 -0.041022
0 -0.0206027 -0.039951 -0.0413682
0 -0.0207201 -0.0402282 -0.0417115
0 -0.0208331 -0.0404997 -0.0420495
0 -0.020941 -0.0407631 -0.0423799
0 -0.0210432 -0.0410162 -0.0427002
0 -0.0211392 -0.0412568 -0.043008
0 -0.0212287 -0.0414831 -0.043301
0 -0.0213116 -0.0416937 -0.0435769
0 -0.0213878 -0.0418874 -0.0438336
0 -0.0214572 -0.0420632 -0.0440689
0 -0.0215197 -0.0422203 -0.0442811
0 -0.0215751 -0.0423582 -0.044468
0 -0.0216232 -0.0424763 -0.044628
0 -0.0216638 -0.0425742 -0.0447598
0 -0.0216965 -0.0426515 -0.044862
0 -0.021721 -0.0427078 -0.0449341
0 -0.0217371 -0.0427429 -0.0449755
0 -0.0217444 -0.0427562 -0.0449861
0 -0.0217427 -0.0427475 -0.0449663
0 -0.0217316 -0.0427164 -0.0449164
0 -0.0217108 -0.0426626 -0.0448372
0 -0.0216798 -0.0425856 -0.0447292
0 -0.0216378 -0.0424849 -0.0445929
0 -0.0215842 -0.0423599 -0.044429
0 -0.0215184 -0.0422105 -0.0442378
0 -0.0214397 -0.0420363 -0.0440197
0 -0.0213474 -0.0418369 -0.0437747
0 -0.021241 -0.0416122 -0.0435026
0 -0.02112 -0.0413619 -0.0432034
0 -0.0209848 -0.0410865 -0.0428772
0 -0.0208367 -0.0407874 -0.042525
0 -0.0206779 -0.0404668 -0.0421487
0 -0.0205109 -0.0401274 -0.0417503
0 -0.0203381 -0.0397721 -0.041332
0 -0.0201619 -0.0394035 -0.0408958
0 -0.0199842 -0.0390245 -0.0404437
0 -0.0198064 -0.0386376 -0.0399776
0 -0.0196293 -0.0382446 -0.0394992
0 -0.0194529 -0.0378472 -0.0390099
0 -0.019277 -0.0374466 -0.0385111
0 -0.0191014 -0.037044 -0.0380048
0 -0.0189264 -0.0366412 -0.0374932
0 -0.0187524 -0.0362398 -0.0369794
0 -0.0185808 -0.0358423 -0.0364671
0 -0.018413 -0.0354513 -0.0359604
0 -0.0182504 -0.0350692 -0.0354636
0 -0.0180943 -0.0346985 -0.0349809
0 -0.0179457 -0.0343414 -0.034516
0 -0.0178054 -0.0340004 -0.0340728
0 -0.0176742 -0.0336776 -0.0336546
0 -0.0175523 -0.0333751 -0.0332643
0 -0.0174394 -0.0330942 -0.0329039
0 -0.0173349 -0.0328363 -0.0325752
0 -0.0172386 -0.0326024 -0.0322793
0 -0.01715 -0.0323935 -0.0320174
0 -0.0170694 -0.0322106 -0.0317905
0 -0.0169971 -0.0320543 -0.0315994
0 -0.0169338 -0.0319257 -0.0314451
0 -0.016881 -0.0318259 -0.0313284
0 -0.0168405 -0.0317561 -0.0312507
0 -0.0168138 -0.0317175 -0.0312128
0 -0.0168025 -0.0317109 -0.0312151
0 -0.016808 -0.0317371 -0.0312578
0 -0.016831 -0.0317967 -0.0313408
0 -0.0168721 -0.03189 -0.0314636
0 -0.0169313 -0.0320169 -0.0316256
0 -0.0170083 -0.0321772 -0.0318258
0 -0.0171023 -0.0323704 -0.0320634
0 -0.0172125 -0.0325958 -0.0323373
0 -0.017338 -0.0328525 -0.0326466
0 -0.0174778 -0.0331396 -0.0329905
0 -0.017631 -0.033456 -0.0333682
0 -0.0177966 -0.0338005 -0.0337791
0 -0.0179737 -0.0341714 -0.0342221
0 -0.0181612 -0.0345671 -0.0346962
0 -0.0183579 -0.0349855 -0.0352
0 -0.0185627 -0.0354247 -0.0357318
0 -0.0187746 -0.0358824 -0.0362896
0 -0.0189924 -0.0363563 -0.0368712
0 -0.0192152 -0.0368443 -0.037474
0 -0.019442 -0.0373439 -0.0380952
0 -0.0196719 -0.0378531 -0.0387318
0 -0.0199038 -0.0383694 -0.0393804
0 -0.0201365 -0.0388906 -0.0400373
0 -0.020369 -0.0394144 -0.0406987
0 -0.0206001 -0.0399384 -0.0413608
0 -0.0208287 -0.0404604 -0.0420198
0 -0.021054 -0.0409779 -0.0426721
0 -0.0212753 -0.0414885 -0.0433139
0 -0.021492 -0.0419898 -0.0439417
0 -0.0217036 -0.0424792 -0.0445523
0 -0.0219094 -0.0429542 -0.0451426
0 -0.0221091 -0.0434126 -0.0457094
0 -0.022302 -0.043852 -0.04625
0 -0.0224876 -0.0442702 -0.0467616
0 -0.0226653 -0.0446652 -0.0472416
0 -0.0228343 -0.045035 -0.0476879
0 -0.0229938 -0.0453779 -0.0480982
0 -0.023143 -0.0456924 -0.0484709
0 -0.0232809 -0.045977 -0.0488044
0 -0.0234067 -0.0462304 -0.0490976
0 -0.0235193 -0.0464515 -0.0493497
0 -0.0236175 -0.0466393 -0.0495602
0 -0.0237006 -0.0467929 -0.0497289
0 -0.0237673 -0.0469117 -0.0498558
0 -0.023817 -0.0469951 -0.0499412
0 -0.0238489 -0.0470429 -0.0499855
0 -0.0238624 -0.0470549 -0.0499892
0 -0.0238573 -0.0470313 -0.049953
0 -0.0238333 -0.0469722 -0.0498776
0 -0.0237906 -0.0468783 -0.0497638
0 -0.0237295 -0.0467502 -0.0496125
0 -0.0236506 -0.046589 -0.0494244
0 -0.0235548 -0.0463958 -0.0492005
0 -0.0234431 -0.0461719 -0.0489419
0 -0.0233167 -0.0459188 -0.0486496
0 -0.023177 -0.0456381 -0.0483248
0 -0.0230253 -0.0453315 -0.0479689
0 -0.0228631 -0.045001 -0.0475832
0 -0.0226919 -0.0446486 -0.0471692
0 -0.0225132 -0.0442762 -0.0467286
0 -0.0223283 -0.043886 -0.0462632
0 -0.0221385 -0.0434801 -0.045775
0 -0.021945 -0.0430608 -0.0452661
0 -0.0217489 -0.0426301 -0.0447389
0 -0.0215511 -0.0421903 -0.044196
0 -0.0213524 -0.0417434 -0.0436399
0 -0.0211535 -0.0412914 -0.0430737
0 -0.0209549 -0.0408365 -0.0425003
0 -0.0207571 -0.0403806 -0.0419228
0 -0.0205605 -0.0399254 -0.0413444
0 -0.0203654 -0.0394729 -0.0407682
0 -0.0201722 -0.0390248 -0.0401972
0 -0.0199812 -0.0385827 -0.0396346
0 -0.0197926 -0.0381483 -0.0390834
0 -0.0196068 -0.0377232 -0.0385464
0 -0.0194241 -0.037309 -0.038026
0 -0.019245 -0.0369075 -0.0375246
0 -0.0190699 -0.0365202 -0.0370445
0 -0.0188994 -0.0361487 -0.0365876
0 -0.0187344 -0.0357944 -0.0361556
0 -0.0185756 -0.0354589 -0.0357499
0 -0.0184242 -0.0351436 -0.0353718
0 -0.0182811 -0.0348497 -0.0350223
0 -0.0181474 -0.0345785 -0.0347021
0 -0.0180241 -0.0343312 -0.0344119
0 -0.0179124 -0.0341087 -0.0341522
0 -0.0178132 -0.0339119 -0.0339233
0 -0.0177272 -0.0337417 -0.0337255
0 -0.0176551 -0.0335985 -0.0335589
0 -0.0175974 -0.0334829 -0.0334237
0 -0.0175544 -0.0333953 -0.0333199
0 -0.0175262 -0.0333357 -0.0332477
0 -0.0175128 -0.0333042 -0.0332071
0 -0.017514 -0.0333007 -0.033198
0 -0.0175292 -0.0333247 -0.0332205
0 -0.0175581 -0.033376 -0.0332744
0 -0.0175999 -0.0334538 -0.0333597
0 -0.0176538 -0.0335574 -0.033476
0 -0.017719 -0.0336858 -0.0336231
0 -0.0177946 -0.0338382 -0.0338005
0 -0.0178797 -0.0340133 -0.0340074
0 -0.0179735 -0.0342101 -0.0342431
0 -0.018075 -0.0344272 -0.0345064
0 -0.0181834 -0.0346633 -0.0347962
0 -0.0182982 -0.0349171 -0.0351108
0 -0.0184186 -0.0351872 -0.0354486
0 -0.0185441 -0.0354721 -0.0358077
0 -0.0186744 -0.0357706 -0.0361861
0 -0.0188093 -0.0360813 -0.0365818
