0 -0.0385605 -0.0655509 -0.0649726
0 -0.0384912 -0.0654252 -0.0648278
0 -0.0384385 -0.0653392 -0.0647337
0 -0.0384128 -0.0653002 -0.0646964
0 -0.038416 -0.0653084 -0.0647138
0 -0.0384469 -0.0653636 -0.0647828
0 -0.0385053 -0.0654677 -0.0649035
0 -0.0385834 -0.0656147 -0.06507
0 -0.0386697 -0.0657929 -0.0652731
0 -0.0387651 -0.0659996 -0.0655142
0 -0.038876 -0.0662372 -0.0657989
0 -0.0389932 -0.0664933 -0.0661156
0 -0.0391011 -0.0667487 -0.0664428
0 -0.0392067 -0.0670059 -0.0667789
0 -0.0393354 -0.0672873 -0.0671402
0 -0.0394993 -0.0676066 -0.0675338
0 -0.0396906 -0.0679618 -0.0679528
0 -0.039896 -0.0683463 -0.0683907
0 -0.0400969 -0.0687437 -0.068837
0 -0.040258 -0.0691132 -0.0692618
0 -0.040359 -0.0694192 -0.0696405
0 -0.0404223 -0.0696637 -0.0699804
0 -0.0404596 -0.0698419 -0.07027
0 -0.0404472 -0.0699199 -0.0704578
0 -0.04038 -0.0698854 -0.0705089
0 -0.0402819 -0.0697568 -0.0704204
0 -0.0401799 -0.0695588 -0.0702033
0 -0.0401111 -0.0693346 -0.0698966
0 -0.0401079 -0.0691353 -0.0695581
0 -0.0401603 -0.068981 -0.0692247
0 -0.0402248 -0.0688615 -0.0689128
0 -0.040268 -0.068768 -0.068648
0 -0.0402907 -0.068713 -0.0684776
0 -0.0402999 -0.0687057 -0.068435
0 -0.0402686 -0.0687152 -0.0684947
0 -0.0401757 -0.0687079 -0.0686093
0 -0.0400397 -0.0686803 -0.0687465
0 -0.0398721 -0.0686153 -0.0688533
0 -0.0396934 -0.0685023 -0.0688834
0 -0.0395818 -0.0683967 -0.0688616
0 -0.0395907 -0.0683504 -0.0688179
0 -0.039656 -0.0683181 -0.0687007
0 -0.0396596 -0.0682005 -0.0684267
0 -0.0395465 -0.0679415 -0.0679782
0 -0.0393639 -0.0675698 -0.0674303
0 -0.0391927 -0.0671537 -0.0668837
0 -0.0390745 -0.0667487 -0.066398
0 -0.039041 -0.0664316 -0.0660265
0 -0.0391612 -0.066338 -0.0658724
0 -0.0394814 -0.066589 -0.0660374
0 -0.0399654 -0.0672122 -0.0665624
0 -0.0405101 -0.0681356 -0.0674256
0 -0.0409538 -0.0691761 -0.0685182
0 -0.0411572 -0.0701137 -0.0696903
0 -0.041132 -0.0708397 -0.0708614
0 -0.0410183 -0.0713758 -0.0720097
0 -0.0409531 -0.0717868 -0.0730782
0 -0.0409932 -0.0721211 -0.0739439
0 -0.0411341 -0.0724097 -0.0744843
0 -0.0413769 -0.0726947 -0.0746792
0 -0.0417472 -0.0730279 -0.0746399
0 -0.0422284 -0.0734155 -0.0745191
0 -0.042722 -0.0737931 -0.0744212
0 -0.0431011 -0.074077 -0.0743982
0 -0.0432649 -0.0742056 -0.0744597
0 -0.0431437 -0.0741283 -0.0745524
0 -0.0427071 -0.0737947 -0.0745619
0 -0.0420006 -0.0731829 -0.0743638
0 -0.0412002 -0.0723712 -0.0739192
0 -0.0405815 -0.0715577 -0.0733123
0 -0.0403446 -0.0709346 -0.0726483
0 -0.0404894 -0.0705737 -0.07197
0 -0.0408525 -0.0704269 -0.0712776
0 -0.0412013 -0.0703621 -0.0705582
0 -0.0413406 -0.0702252 -0.0698204
0 -0.0411917 -0.069909 -0.0691217
0 -0.0407664 -0.0693571 -0.0685094
0 -0.0400952 -0.0685322 -0.0679388
0 -0.0392302 -0.0674388 -0.0672944
0 -0.0382831 -0.0661614 -0.0664749
0 -0.0374026 -0.0648361 -0.065429
0 -0.0367139 -0.0635913 -0.0641488
0 -0.0362689 -0.0624932 -0.0626576
0 -0.0360447 -0.0615398 -0.0610172
0 -0.035998 -0.0607183 -0.059365
0 -0.0360671 -0.0600168 -0.0578788
0 -0.0361408 -0.059398 -0.0566853
0 -0.0361167 -0.0588454 -0.0558565
0 -0.0359616 -0.0583983 -0.0554322
0 -0.0356853 -0.0581007 -0.0553882
0 -0.035348 -0.0579939 -0.0556642
0 -0.0351116 -0.0581749 -0.0562566
0 -0.0351775 -0.0587689 -0.0572117
0 -0.0356284 -0.059809 -0.0585166
0 -0.0363703 -0.0611904 -0.0600591
0 -0.0372156 -0.0627333 -0.0616923
0 -0.0379903 -0.0642575 -0.0633014
0 -0.0385809 -0.0656124 -0.0648093
0 -0.0389436 -0.0666911 -0.0661598
0 -0.0391378 -0.0674867 -0.0673477
0 -0.0393437 -0.0681428 -0.0684599
0 -0.0397774 -0.0689003 -0.0696356
0 -0.0405519 -0.069968 -0.0709724
0 -0.0416472 -0.0714625 -0.0725196
0 -0.0429591 -0.0733987 -0.0743184
0 -0.0442839 -0.075625 -0.0763443
0 -0.0453624 -0.0778402 -0.0784852
0 -0.0460389 -0.0797637 -0.0806332
0 -0.0463178 -0.0812379 -0.0826989
0 -0.0462785 -0.0821968 -0.0845304
0 -0.0460329 -0.0826521 -0.0859226
0 -0.045762 -0.0827397 -0.0867412
0 -0.0456425 -0.0826419 -0.0869453
0 -0.0456392 -0.0823595 -0.0864467
0 -0.0455139 -0.0816821 -0.0851159
0 -0.0450769 -0.0804124 -0.0829686
0 -0.0442854 -0.0784816 -0.0801808
0 -0.0431741 -0.0759247 -0.0769566
0 -0.0418618 -0.0729214 -0.0735061
0 -0.0405882 -0.0698391 -0.0700969
0 -0.0395681 -0.0670702 -0.0669616
0 -0.0388063 -0.0648019 -0.0641627
0 -0.0381983 -0.0630507 -0.0617079
0 -0.0377415 -0.0618378 -0.0597417
0 -0.0374325 -0.0611086 -0.0584061
0 -0.0370271 -0.0605318 -0.0575454
0 -0.0361962 -0.0596639 -0.056797
0 -0.0348918 -0.058317 -0.0559228
0 -0.0334074 -0.0566521 -0.0549073
0 -0.0321415 -0.0549945 -0.0538228
0 -0.0314072 -0.0536744 -0.0527518
0 -0.0313609 -0.0529471 -0.0517961
0 -0.0319693 -0.0529286 -0.051079
0 -0.0330257 -0.0535696 -0.050734
0 -0.0342229 -0.054684 -0.0508834
0 -0.0353306 -0.0560994 -0.0516922
0 -0.0363082 -0.0577844 -0.053373
0 -0.03722 -0.059802 -0.0560434
0 -0.0381194 -0.0622095 -0.05962
0 -0.0390444 -0.0650299 -0.0638662
0 -0.040041 -0.0682392 -0.0684964
0 -0.0411309 -0.0717151 -0.0732132
0 -0.0422914 -0.075238 -0.0777055
0 -0.0434687 -0.0785432 -0.0816803
0 -0.0445836 -0.0813664 -0.0849048
0 -0.0455529 -0.0834976 -0.0872333
0 -0.0463713 -0.0848875 -0.0886736
0 -0.0471606 -0.0857127 -0.0894296
0 -0.0480797 -0.0862927 -0.089816
0 -0.0491322 -0.0868682 -0.0900631
0 -0.0500504 -0.087404 -0.0901654
0 -0.0504648 -0.0876598 -0.0899833
0 -0.0501989 -0.0874328 -0.0894646
0 -0.0493211 -0.0866307 -0.0886475
0 -0.0479982 -0.0852048 -0.0875111
0 -0.0464059 -0.0831506 -0.0859334
0 -0.0447098 -0.0805473 -0.0837547
0 -0.0430305 -0.077526 -0.080835
0 -0.0414122 -0.0742001 -0.0770992
0 -0.0398923 -0.0706868 -0.0726396
0 -0.0386237 -0.0672195 -0.0678156
0 -0.0378228 -0.0641248 -0.063158
0 -0.0375402 -0.0616251 -0.0591258
0 -0.0375475 -0.0597164 -0.0559469
0 -0.0374847 -0.0582567 -0.0536613
0 -0.0370531 -0.0570801 -0.0522048
0 -0.0361028 -0.056028 -0.0514152
0 -0.0346865 -0.0549906 -0.0510728
0 -0.0330602 -0.0539552 -0.050978
0 -0.0316196 -0.0530397 -0.0510189
0 -0.0307263 -0.0524174 -0.0511283
0 -0.0305254 -0.0521817 -0.0511983
0 -0.0309849 -0.0523717 -0.0511718
0 -0.0320132 -0.0530464 -0.0511622
0 -0.0334391 -0.0542172 -0.0513858
0 -0.0349576 -0.0557435 -0.052007
0 -0.0362713 -0.0574304 -0.053148
0 -0.0372975 -0.0592275 -0.0549831
0 -0.0381249 -0.0612129 -0.0576407
0 -0.0388497 -0.0634546 -0.0610554
0 -0.0395238 -0.0659531 -0.0649756
0 -0.0401789 -0.0686406 -0.0690717
0 -0.0408686 -0.0714123 -0.0730473
0 -0.0416573 -0.0741437 -0.0766598
0 -0.0425787 -0.0766923 -0.0797198
0 -0.0436035 -0.078903 -0.0821044
0 -0.0446495 -0.0806426 -0.0837681
0 -0.0456383 -0.081864 -0.0847665
0 -0.0465041 -0.0826051 -0.0852246
0 -0.0471933 -0.0829605 -0.0852949
0 -0.0476938 -0.0830738 -0.0851542
0 -0.0480748 -0.083147 -0.0850243
0 -0.0484823 -0.0834258 -0.0851668
0 -0.0490078 -0.0840704 -0.0857597
0 -0.0495598 -0.0850207 -0.0867656
0 -0.0499522 -0.0860656 -0.0879998
0 -0.0501204 -0.0870503 -0.0893244
0 -0.0501439 -0.0879206 -0.0906709
0 -0.0500632 -0.0885792 -0.0918796
0 -0.0497698 -0.0887968 -0.0926172
0 -0.049104 -0.088299 -0.0924937
0 -0.0480461 -0.0869468 -0.0912741
0 -0.0467951 -0.0848414 -0.0889997
0 -0.045606 -0.0822175 -0.0858824
0 -0.0445867 -0.0792779 -0.0821387
0 -0.0436902 -0.0761688 -0.0779714
0 -0.0428295 -0.0730334 -0.0736164
0 -0.0419918 -0.0700643 -0.0693805
0 -0.0412673 -0.0675061 -0.0656532
0 -0.040787 -0.065603 -0.0628443
0 -0.0405882 -0.0644888 -0.0612144
0 -0.0404767 -0.0640461 -0.0606903
0 -0.0400898 -0.0639134 -0.0608817
0 -0.03917 -0.063697 -0.0613184
0 -0.0377545 -0.063158 -0.0616511
0 -0.0360884 -0.0622018 -0.0616358
0 -0.0344232 -0.0607834 -0.0610427
0 -0.0329059 -0.0588815 -0.0596423
0 -0.0315949 -0.0565376 -0.0572783
0 -0.0305888 -0.0539526 -0.054035
0 -0.03013 -0.0515482 -0.0503685
0 -0.0305528 -0.0499167 -0.0470663
0 -0.0320069 -0.049568 -0.0449582
0 -0.0341765 -0.050618 -0.0445474
0 -0.0364884 -0.0528844 -0.0460188
0 -0.0385333 -0.0561867 -0.0494392
0 -0.0401531 -0.0603584 -0.0547053
0 -0.0412871 -0.0650943 -0.0613834
0 -0.0419188 -0.0699525 -0.0687662
0 -0.0421649 -0.0745156 -0.0761029
0 -0.0422703 -0.0784953 -0.0826992
0 -0.0424563 -0.0816969 -0.0878973
0 -0.0428228 -0.0839617 -0.0911746
0 -0.0433962 -0.0851974 -0.092324
0 -0.0441708 -0.0854196 -0.0915143
0 -0.0450507 -0.084721 -0.0891761
0 -0.0458036 -0.0832211 -0.0858249
0 -0.0461772 -0.0811057 -0.0819886
0 -0.0460551 -0.0786679 -0.078181
0 -0.0454616 -0.0762216 -0.0748209
0 -0.0444899 -0.0740005 -0.0721739
0 -0.0432611 -0.0721298 -0.0703376
0 -0.041899 -0.0706278 -0.0692381
0 -0.0404947 -0.0694066 -0.0686434
0 -0.0391049 -0.0683083 -0.0682321
0 -0.0377726 -0.0671575 -0.0676779
0 -0.0365338 -0.065804 -0.0667007
0 -0.0354223 -0.0641617 -0.0651108
0 -0.0344626 -0.0622182 -0.0628358
0 -0.0336997 -0.0600636 -0.0599648
0 -0.0332455 -0.0579293 -0.0567984
0 -0.033178 -0.0560766 -0.053737
0 -0.0334089 -0.0546434 -0.0511046
0 -0.0337142 -0.0536348 -0.0491085
0 -0.0338852 -0.0530198 -0.047899
0 -0.0338909 -0.0528605 -0.047642
0 -0.0338772 -0.0533121 -0.0484834
0 -0.033992 -0.0544605 -0.0504007
0 -0.0343034 -0.0562556 -0.0531865
0 -0.034868 -0.0585986 -0.0565892
0 -0.0357789 -0.0614206 -0.0604193
0 -0.0371237 -0.0646806 -0.0645584
0 -0.0388728 -0.0682816 -0.0688805
0 -0.0408404 -0.0720321 -0.0731974
0 -0.0428065 -0.0757345 -0.0773338
0 -0.044613 -0.0792377 -0.0811845
0 -0.0461428 -0.0823939 -0.0846644
0 -0.047314 -0.0850545 -0.0876837
0 -0.0481117 -0.0871211 -0.0901711
0 -0.0485803 -0.0885606 -0.0920702
0 -0.0487958 -0.0893979 -0.0933336
0 -0.048873 -0.0897326 -0.0939643
0 -0.0489661 -0.0897462 -0.094057
0 -0.0492071 -0.0896441 -0.0937731
0 -0.0496255 -0.0895678 -0.0932764
0 -0.0501355 -0.0895569 -0.0926977
0 -0.0505501 -0.0895286 -0.0920953
0 -0.0506095 -0.0892704 -0.091409
0 -0.0500746 -0.0885111 -0.0904818
0 -0.0488449 -0.0870326 -0.0891301
0 -0.0470117 -0.0847455 -0.0871942
0 -0.0447893 -0.0816786 -0.0845311
0 -0.0424005 -0.0779295 -0.0810021
0 -0.0400147 -0.0736335 -0.0765155
0 -0.0377651 -0.0689721 -0.0711181
0 -0.035785 -0.0641889 -0.065046
0 -0.034179 -0.059546 -0.0586758
0 -0.0329978 -0.0552805 -0.0524775
0 -0.0322287 -0.0515808 -0.0469587
0 -0.0317865 -0.0485759 -0.0425719
0 -0.0315374 -0.0463575 -0.0396255
0 -0.0313366 -0.0449981 -0.0382201
0 -0.0310618 -0.0445307 -0.0382414
0 -0.0306471 -0.0449029 -0.0394116
0 -0.0301208 -0.0459513 -0.041383
0 -0.0295952 -0.0474139 -0.0438037
0 -0.0291997 -0.0489772 -0.0463308
0 -0.029041 -0.0503745 -0.0486583
0 -0.0292141 -0.0514957 -0.0505719
0 -0.0297754 -0.0523946 -0.0519661
0 -0.0306914 -0.0532038 -0.0528278
0 -0.0318583 -0.0540707 -0.0532558
0 -0.0331243 -0.0550791 -0.0534458
0 -0.0342889 -0.0561771 -0.0536118
0 -0.0351795 -0.0572378 -0.0539586
0 -0.0357407 -0.0581805 -0.0546757
0 -0.0360336 -0.0590245 -0.0558853
0 -0.0361693 -0.0598626 -0.0575786
0 -0.0362598 -0.0608102 -0.0596172
0 -0.0364783 -0.0620376 -0.0618808
0 -0.0370634 -0.0637587 -0.0643713
0 -0.0381241 -0.0660473 -0.0670832
0 -0.0394572 -0.0686603 -0.0698202
0 -0.0406553 -0.0711203 -0.0722489
0 -0.0413834 -0.0729654 -0.0740926
0 -0.0414489 -0.0738283 -0.0751315
0 -0.0407596 -0.0734307 -0.0751255
0 -0.0393677 -0.0716729 -0.0738688
0 -0.0374744 -0.0686809 -0.0712535
0 -0.0353253 -0.0647199 -0.0672644
0 -0.0330955 -0.0600589 -0.0619618
0 -0.0308463 -0.0548878 -0.0554726
0 -0.0285566 -0.0493097 -0.0480098
0 -0.0261701 -0.0433666 -0.0399022
0 -0.0236097 -0.0370578 -0.0315512
0 -0.0207794 -0.0303726 -0.0233255
0 -0.0175618 -0.0233179 -0.015436
0 -0.0138598 -0.015959 -0.00790345
0 -0.00977923 -0.00857293 -0.000756052
0 -0.00571829 -0.0017023 0.0058
0 -0.0021887 0.00405277 0.0114515
0 0.000326938 0.00819003 0.0158295
0 0.00137192 0.0102844 0.0184567
0 0.000586348 0.00997664 0.0187862
0 -0.00208854 0.00704583 0.0163651
0 -0.00631062 0.0014843 0.0109663
0 -0.0115202 -0.00652416 0.00256924
0 -0.0172032 -0.016658 -0.00868689
0 -0.0230343 -0.0285122 -0.0224889
0 -0.0289229 -0.0417032 -0.0383853
0 -0.0349618 -0.0559288 -0.0558654
0 -0.0413623 -0.0710093 -0.074387
0 -0.0484233 -0.0869409 -0.0934167
0 -0.0564526 -0.103825 -0.112567
0 -0.0656862 -0.121758 -0.131703
0 -0.0761553 -0.140675 -0.150852
0 -0.0876309 -0.160282 -0.170092
0 -0.0997042 -0.180185 -0.189525
0 -0.111914 -0.200028 -0.209207
0 -0.123862 -0.219541 -0.229036
0 -0.135076 -0.23835 -0.248626
0 -0.144974 -0.255963 -0.267355
0 -0.153022 -0.271948 -0.284545
0 -0.158894 -0.285997 -0.299626
0 -0.162606 -0.297966 -0.312335
0 -0.164408 -0.307769 -0.322632
0 -0.164569 -0.315188 -0.330436
0 -0.163377 -0.319901 -0.335562
0 -0.161234 -0.321712 -0.337874
0 -0.158715 -0.320737 -0.337445
0 -0.156407 -0.317324 -0.334454
0 -0.154685 -0.312071 -0.329116
0 -0.153843 -0.306126 -0.322019
0 -0.154145 -0.30097 -0.314268
0 -0.155461 -0.297595 -0.30703
0 -0.156917 -0.295855 -0.300931
0 -0.157341 -0.294751 -0.296127
0 -0.156328 -0.293527 -0.29301
0 -0.154431 -0.292155 -0.292168
0 -0.152034 -0.29054 -0.293267
0 -0.14876 -0.288036 -0.294663
0 -0.144381 -0.284198 -0.294623
0 -0.139623 -0.279458 -0.292458
0 -0.135617 -0.274627 -0.288302
0 -0.133021 -0.270149 -0.282478
0 -0.131882 -0.266039 -0.275389
0 -0.13166 -0.261944 -0.267395
0 -0.131376 -0.257206 -0.258713
0 -0.130228 -0.25134 -0.249693
0 -0.12798 -0.244346 -0.240885
0 -0.124788 -0.236577 -0.232742
0 -0.120904 -0.228473 -0.225399
0 -0.116433 -0.220328 -0.218568
0 -0.111367 -0.212255 -0.211724
0 -0.105855 -0.204399 -0.204512
0 -0.100207 -0.196911 -0.196873
0 -0.0947832 -0.189871 -0.188983
0 -0.0901023 -0.183475 -0.18135
0 -0.0867887 -0.178099 -0.174733
0 -0.0851781 -0.173983 -0.169683
0 -0.0848915 -0.170858 -0.166075
0 -0.0848967 -0.167967 -0.163116
0 -0.0841237 -0.164521 -0.159863
0 -0.08199 -0.160084 -0.155699
0 -0.0785364 -0.154689 -0.150508
0 -0.0742969 -0.148766 -0.14464
0 -0.0699374 -0.142831 -0.13859
0 -0.0658515 -0.137116 -0.132618
0 -0.0621878 -0.131635 -0.126792
0 -0.0590007 -0.126351 -0.121146
0 -0.0560641 -0.120996 -0.115471
0 -0.0530824 -0.115269 -0.109499
0 -0.0501557 -0.109297 -0.103356
0 -0.0476707 -0.103526 -0.0974487
0 -0.0459564 -0.0983858 -0.0921484
0 -0.0452574 -0.0942686 -0.0877929
0 -0.0457895 -0.091613 -0.0847915
0 -0.0476586 -0.0908715 -0.0836032
0 -0.0508011 -0.0924656 -0.084691
0 -0.0548636 -0.0965947 -0.0883408
0 -0.0591765 -0.103011 -0.0944993
0 -0.0632479 -0.111251 -0.103061
0 -0.0671662 -0.120999 -0.114121
0 -0.0713159 -0.132034 -0.127697
0 -0.0759606 -0.144089 -0.143384
0 -0.0810788 -0.156815 -0.16029
0 -0.0864506 -0.169834 -0.177248
0 -0.0918773 -0.18283 -0.193194
0 -0.0973218 -0.195569 -0.207486
0 -0.102885 -0.207863 -0.219986
0 -0.108747 -0.219582 -0.230981
0 -0.115037 -0.230616 -0.24096
0 -0.12166 -0.240782 -0.250303
0 -0.128315 -0.249875 -0.259162
0 -0.134539 -0.25769 -0.267411
0 -0.139715 -0.263974 -0.27462
0 -0.143188 -0.26845 -0.280171
0 -0.144458 -0.270862 -0.283464
0 -0.143383 -0.271007 -0.284097
0 -0.140361 -0.268809 -0.282
0 -0.136279 -0.264438 -0.277456
0 -0.132194 -0.258359 -0.270988
0 -0.128898 -0.251268 -0.263146
0 -0.126675 -0.243914 -0.254388
0 -0.125417 -0.236979 -0.245192
0 -0.124819 -0.230955 -0.236121
0 -0.124493 -0.226043 -0.227787
0 -0.124076 -0.222179 -0.220803
0 -0.123325 -0.219164 -0.215687
0 -0.122114 -0.216786 -0.212679
0 -0.12042 -0.214879 -0.211652
0 -0.118282 -0.213305 -0.212099
0 -0.115766 -0.211899 -0.213214
0 -0.113011 -0.210502 -0.214147
0 -0.110297 -0.209021 -0.21429
0 -0.108028 -0.207478 -0.213412
0 -0.106635 -0.206004 -0.211637
0 -0.106397 -0.204766 -0.209301
0 -0.107326 -0.203934 -0.206837
0 -0.109179 -0.203694 -0.204732
0 -0.111548 -0.204225 -0.203476
0 -0.114018 -0.205686 -0.203547
0 -0.116289 -0.208186 -0.20535
0 -0.118164 -0.211684 -0.209065
0 -0.119488 -0.215907 -0.214515
0 -0.12018 -0.220412 -0.221182
0 -0.120277 -0.224721 -0.22831
0 -0.119885 -0.228374 -0.235022
0 -0.119164 -0.230999 -0.240456
0 -0.118331 -0.232397 -0.243917
0 -0.11764 -0.232567 -0.245014
0 -0.117302 -0.231646 -0.243721
0 -0.117391 -0.229842 -0.240346
0 -0.117834 -0.227417 -0.23547
0 -0.118465 -0.224679 -0.229855
0 -0.119064 -0.221905 -0.224267
0 -0.119397 -0.219281 -0.219368
0 -0.119284 -0.21694 -0.21566
0 -0.11867 -0.215016 -0.21343
0 -0.117658 -0.213684 -0.212746
0 -0.116515 -0.213154 -0.213517
0 -0.115589 -0.213595 -0.21553
0 -0.115121 -0.214983 -0.218415
0 -0.115088 -0.216984 -0.221622
0 -0.115325 -0.219113 -0.224595
0 -0.115731 -0.220989 -0.226976
0 -0.11621 -0.222328 -0.22854
0 -0.116513 -0.22281 -0.229015
0 -0.116315 -0.222126 -0.228115
0 -0.11548 -0.220198 -0.225761
0 -0.114096 -0.217173 -0.222091
0 -0.112315 -0.213265 -0.217321
0 -0.110226 -0.208624 -0.211633
0 -0.107762 -0.203249 -0.205097
0 -0.10483 -0.197113 -0.197774
0 -0.101459 -0.190312 -0.189844
0 -0.0977475 -0.183018 -0.181537
0 -0.0938335 -0.175455 -0.173103
0 -0.0899517 -0.167956 -0.164868
0 -0.0864039 -0.160927 -0.157217
0 -0.0834843 -0.154769 -0.150526
0 -0.0814235 -0.149825 -0.145121
0 -0.0803458 -0.146335 -0.14124
0 -0.0802794 -0.14446 -0.13905
0 -0.0811947 -0.14435 -0.13871
0 -0.0829785 -0.146127 -0.140359
0 -0.0853622 -0.149742 -0.144011
0 -0.0879533 -0.154877 -0.149495
0 -0.0904163 -0.161034 -0.156532
0 -0.0926366 -0.167735 -0.164828
0 -0.0947409 -0.174676 -0.174084
0 -0.0969689 -0.181733 -0.183923
0 -0.0994893 -0.188852 -0.193862
0 -0.102333 -0.195967 -0.203371
0 -0.10544 -0.202992 -0.211989
0 -0.108685 -0.209774 -0.219407
0 -0.111895 -0.216065 -0.225516
0 -0.114875 -0.221556 -0.230358
0 -0.117405 -0.225922 -0.234025
0 -0.119259 -0.228885 -0.236573
0 -0.120255 -0.230277 -0.237997
0 -0.12032 -0.230108 -0.23825
0 -0.119512 -0.228559 -0.237272
0 -0.11795 -0.22586 -0.234967
0 -0.115755 -0.222163 -0.231218
0 -0.11305 -0.217535 -0.225968
0 -0.109983 -0.212001 -0.219286
0 -0.106717 -0.205617 -0.211388
0 -0.103431 -0.198542 -0.202611
0 -0.100296 -0.191053 -0.193372
0 -0.097384 -0.183449 -0.184074
0 -0.0946328 -0.175953 -0.175026
0 -0.0918887 -0.168687 -0.166415
0 -0.0889831 -0.1617 -0.158337
0 -0.0858076 -0.155011 -0.150849
0 -0.0823467 -0.148638 -0.143988
0 -0.0786706 -0.142614 -0.137777
0 -0.0749038 -0.136985 -0.132205
0 -0.071162 -0.131771 -0.127195
0 -0.0675039 -0.126928 -0.12259
0 -0.0639447 -0.122357 -0.118192
0 -0.0605081 -0.117955 -0.11384
0 -0.0572569 -0.113658 -0.109453
0 -0.0542756 -0.109439 -0.105026
0 -0.051637 -0.105292 -0.100594
0 -0.0493786 -0.101221 -0.0962064
0 -0.0475146 -0.0972609 -0.091932
0 -0.0461338 -0.0935683 -0.0879509
0 -0.0454301 -0.0904564 -0.0845828
0 -0.0455819 -0.0882898 -0.0821801
0 -0.0466677 -0.0874194 -0.081069
0 -0.048651 -0.0881676 -0.0815574
0 -0.0514059 -0.0908092 -0.0839493
0 -0.0547877 -0.0955426 -0.0885542
0 -0.058676 -0.102404 -0.095627
0 -0.0629488 -0.111174 -0.105238
0 -0.0674729 -0.121416 -0.117196
0 -0.0721608 -0.132663 -0.131083
0 -0.0769817 -0.144543 -0.146292
0 -0.08195 -0.15682 -0.162096
0 -0.0871328 -0.169365 -0.177772
0 -0.0926095 -0.182073 -0.192728
0 -0.0984284 -0.194797 -0.2066
0 -0.104575 -0.207316 -0.21927
0 -0.110941 -0.219332 -0.23079
0 -0.117318 -0.230501 -0.241267
0 -0.12345 -0.240506 -0.250799
0 -0.129102 -0.249156 -0.259452
0 -0.134064 -0.256397 -0.267214
0 -0.138098 -0.262234 -0.273924
0 -0.140967 -0.266678 -0.279306
0 -0.14251 -0.26973 -0.283081
0 -0.142694 -0.27136 -0.285062
0 -0.141631 -0.271483 -0.285159
0 -0.139576 -0.269964 -0.283347
0 -0.136874 -0.266691 -0.279647
0 -0.133835 -0.261648 -0.274089
0 -0.130665 -0.255014 -0.266733
0 -0.127477 -0.247208 -0.257752
0 -0.124328 -0.238783 -0.247496
0 -0.12125 -0.230249 -0.236466
0 -0.118273 -0.221975 -0.225282
0 -0.11549 -0.214235 -0.214678
0 -0.113051 -0.207281 -0.205419
0 -0.111041 -0.201309 -0.198055
0 -0.109357 -0.196396 -0.192742
0 -0.107769 -0.192521 -0.189277
0 -0.106052 -0.189627 -0.187261
0 -0.104124 -0.187662 -0.186274
0 -0.102106 -0.186571 -0.186014
0 -0.100295 -0.186274 -0.186338
0 -0.0990758 -0.186692 -0.187242
0 -0.0988055 -0.187795 -0.188795
0 -0.0996967 -0.189622 -0.191069
0 -0.101768 -0.192307 -0.194133
0 -0.104856 -0.196054 -0.198078
0 -0.108677 -0.201059 -0.203049
0 -0.112872 -0.207352 -0.20918
0 -0.116986 -0.214628 -0.216454
0 -0.120594 -0.222332 -0.224678
0 -0.123478 -0.229908 -0.233583
0 -0.1256 -0.2369 -0.242765
0 -0.126999 -0.242967 -0.251626
0 -0.127764 -0.2479 -0.259452
0 -0.128015 -0.251592 -0.26556
0 -0.127901 -0.253994 -0.269434
0 -0.12758 -0.255051 -0.270816
0 -0.127183 -0.254693 -0.269725
0 -0.126774 -0.252899 -0.26643
0 -0.126313 -0.24978 -0.261363
0 -0.125635 -0.24557 -0.255019
0 -0.124509 -0.24053 -0.247856
0 -0.122729 -0.234866 -0.24025
0 -0.120194 -0.228713 -0.232474
0 -0.11692 -0.222137 -0.224698
0 -0.112999 -0.215153 -0.216983
0 -0.108565 -0.207747 -0.209274
0 -0.103757 -0.199905 -0.201412
0 -0.098686 -0.191623 -0.193175
0 -0.0934209 -0.182898 -0.184337
0 -0.0879993 -0.173723 -0.17473
0 -0.0824298 -0.164071 -0.164269
0 -0.076694 -0.153889 -0.152958
0 -0.0707773 -0.143122 -0.140888
0 -0.0647309 -0.131797 -0.128269
0 -0.0586968 -0.120059 -0.115414
0 -0.0528421 -0.108127 -0.102647
0 -0.0472941 -0.0962321 -0.09022
0 -0.0421325 -0.0846001 -0.0783037
0 -0.0373974 -0.0734478 -0.0670005
0 -0.0331048 -0.0629765 -0.0563786
0 -0.0292808 -0.0533837 -0.0465278
0 -0.0259847 -0.0448702 -0.0376013
0 -0.0232975 -0.0376251 -0.0298104
0 -0.0213016 -0.0318112 -0.023395
0 -0.0200788 -0.0275743 -0.0186027
0 -0.0197077 -0.0250644 -0.0156768
0 -0.0202533 -0.0244596 -0.0148548
0 -0.021736 -0.0259499 -0.0163519
0 -0.0240813 -0.0296383 -0.0203005
0 -0.027139 -0.0354557 -0.0267142
0 -0.0307882 -0.0431996 -0.0355237
0 -0.0350156 -0.0526423 -0.0466136
0 -0.0398958 -0.0636031 -0.0598124
0 -0.0454946 -0.0759374 -0.0748489
0 -0.0517656 -0.0894674 -0.0912807
0 -0.0585674 -0.103971 -0.108513
0 -0.0657826 -0.119244 -0.125972
0 -0.0733348 -0.135072 -0.143234
0 -0.0811304 -0.15117 -0.160035
0 -0.0890644 -0.167218 -0.17627
0 -0.0970452 -0.182938 -0.191968
0 -0.104982 -0.198112 -0.207204
0 -0.112756 -0.212563 -0.222013
0 -0.120214 -0.226156 -0.236332
0 -0.127167 -0.238798 -0.250002
0 -0.133416 -0.250456 -0.262807
0 -0.138842 -0.261146 -0.274537
0 -0.143433 -0.270894 -0.285039
0 -0.147225 -0.279678 -0.294228
0 -0.150253 -0.287407 -0.302077
0 -0.152541 -0.293926 -0.308557
0 -0.15407 -0.299018 -0.313592
0 -0.154786 -0.302445 -0.317063
0 -0.154656 -0.304 -0.318832
0 -0.153698 -0.303527 -0.318732
0 -0.151971 -0.300951 -0.316543
0 -0.149505 -0.296311 -0.312009
0 -0.146284 -0.289752 -0.304906
0 -0.142273 -0.281456 -0.295154
0 -0.137478 -0.271592 -0.282902
0 -0.131979 -0.260294 -0.268545
0 -0.125874 -0.247659 -0.252613
0 -0.119209 -0.233752 -0.235639
0 -0.111998 -0.218667 -0.218108
0 -0.10427 -0.202597 -0.200402
0 -0.0960887 -0.185834 -0.182759
0 -0.0875473 -0.16872 -0.165287
0 -0.0787688 -0.151592 -0.148027
0 -0.0699121 -0.134754 -0.131018
0 -0.0611617 -0.118457 -0.11434
0 -0.0527111 -0.102887 -0.0981345
0 -0.0447498 -0.0881703 -0.082598
0 -0.0374631 -0.0744109 -0.0679762
0 -0.031023 -0.06172 -0.0545263
0 -0.0255599 -0.0502176 -0.0424641
0 -0.0211337 -0.0400147 -0.0319248
0 -0.0177346 -0.0312132 -0.0229658
0 -0.0153164 -0.0239225 -0.0156092
0 -0.0138177 -0.0182577 -0.0098758
0 -0.01316 -0.0143219 -0.0057974
0 -0.0132442 -0.0121921 -0.00342321
0 -0.0139518 -0.0119075 -0.00282026
0 -0.0151614 -0.0134423 -0.00407202
0 -0.0167882 -0.0166792 -0.00727116
0 -0.0188147 -0.0214203 -0.0124802
0 -0.0212778 -0.0274379 -0.0196596
0 -0.0242159 -0.0345279 -0.0286045
0 -0.0276085 -0.0425126 -0.0389328
0 -0.0313633 -0.0512149 -0.0501501
0 -0.0353525 -0.0604386 -0.0617468
0 -0.039445 -0.0699521 -0.0732455
0 -0.0435296 -0.0794932 -0.0842289
0 -0.0475249 -0.0887804 -0.0943909
0 -0.0513621 -0.0975214 -0.10355
0 -0.0549659 -0.105436 -0.111613
0 -0.0582503 -0.112284 -0.118539
0 -0.0611317 -0.117904 -0.124308
0 -0.063548 -0.12223 -0.128907
0 -0.0654553 -0.125281 -0.132313
0 -0.0668242 -0.127138 -0.134496
0 -0.0676671 -0.127943 -0.135465
0 -0.0680547 -0.127894 -0.135317
0 -0.0680866 -0.12719 -0.134219
0 -0.0678389 -0.125979 -0.132368
0 -0.0673361 -0.12433 -0.12995
0 -0.0665634 -0.122263 -0.12712
0 -0.0654886 -0.119777 -0.123986
0 -0.0640796 -0.116868 -0.120595
0 -0.0623243 -0.113539 -0.116935
0 -0.060243 -0.109802 -0.11295
0 -0.0579018 -0.10569 -0.108582
0 -0.0554147 -0.101273 -0.10381
0 -0.0529212 -0.0966503 -0.0986672
0 -0.0505597 -0.0919517 -0.0932424
0 -0.0484367 -0.0873178 -0.0876657
0 -0.0465944 -0.0828657 -0.0820882
0 -0.0450129 -0.0786757 -0.0766829
0 -0.0436447 -0.0748118 -0.0716449
0 -0.0424388 -0.0713352 -0.0671703
0 -0.041343 -0.0683002 -0.0634182
0 -0.0403052 -0.0657484 -0.060481
0 -0.0392903 -0.0637159 -0.0583826
0 -0.0383013 -0.062237 -0.0570884
0 -0.0373839 -0.0613329 -0.0565243
0 -0.0366218 -0.0610026 -0.0566017
0 -0.036117 -0.0612195 -0.0572372
0 -0.0359648 -0.061936 -0.0583597
0 -0.0362283 -0.0630975 -0.0599078
0 -0.0369141 -0.0646492 -0.0618188
0 -0.037952 -0.0665284 -0.0640155
0 -0.0392011 -0.0686519 -0.066404
0 -0.0404864 -0.07091 -0.0688861
0 -0.0416505 -0.0731741 -0.0713754
0 -0.0425975 -0.0753168 -0.0738078
0 -0.043305 -0.077234 -0.0761339
0 -0.0438105 -0.0788628 -0.0783049
0 -0.0441847 -0.0801906 -0.080266
0 -0.0445037 -0.0812481 -0.0819584
0 -0.0448323 -0.0820986 -0.083333
0 -0.0452162 -0.0828223 -0.0843681
0 -0.0456786 -0.0834936 -0.0850825
0 -0.0462116 -0.0841528 -0.0855327
0 -0.0467604 -0.0847784 -0.0857829
0 -0.047227 -0.0852851 -0.0858753
0 -0.0475099 -0.0855651 -0.0858299
0 -0.0475467 -0.0855374 -0.0856554
0 -0.0473278 -0.0851742 -0.0853469
0 -0.0468953 -0.08451 -0.0848876
0 -0.0463354 -0.0836378 -0.0842643
0 -0.045763 -0.0826899 -0.0834851
0 -0.0453057 -0.0818155 -0.0826
0 -0.0450882 -0.0811657 -0.0817173
0 -0.0451913 -0.0808591 -0.0809812
0 -0.0456116 -0.0809491 -0.0805326
0 -0.0462664 -0.0814253 -0.0804902
0 -0.0470255 -0.0822333 -0.0809381
0 -0.0477523 -0.0832966 -0.0819091
0 -0.0483388 -0.0845308 -0.0833716
0 -0.0487346 -0.0858585 -0.0852388
0 -0.0489661 -0.0872291 -0.0873988
0 -0.0491287 -0.0886281 -0.0897351
0 -0.0493619 -0.0900812 -0.0921351
0 -0.0498152 -0.0916538 -0.0945037
0 -0.0506082 -0.0934329 -0.0967937
0 -0.0517972 -0.0954955 -0.0990259
0 -0.053357 -0.0978789 -0.101282
0 -0.0551911 -0.10057 -0.10368
0 -0.0571539 -0.103507 -0.106338
0 -0.0590525 -0.106561 -0.109298
0 -0.0606556 -0.109524 -0.112468
0 -0.0617634 -0.112167 -0.115648
0 -0.0622732 -0.114287 -0.118583
0 -0.0621891 -0.115733 -0.120991
0 -0.0616192 -0.116408 -0.122601
0 -0.0607528 -0.116278 -0.123204
0 -0.0598049 -0.115377 -0.122682
0 -0.058953 -0.113799 -0.121024
0 -0.0582793 -0.111686 -0.118322
0 -0.0577496 -0.109182 -0.11476
0 -0.0572397 -0.106407 -0.110591
0 -0.0565826 -0.103429 -0.106101
0 -0.0556233 -0.10027 -0.101554
0 -0.0542712 -0.0969364 -0.0971458
0 -0.0525293 -0.0934475 -0.0929852
0 -0.0504747 -0.0898368 -0.0890951
0 -0.0482106 -0.0861361 -0.0854072
0 -0.0458425 -0.0823736 -0.0817878
0 -0.0434812 -0.0785889 -0.0780959
0 -0.0412477 -0.0748432 -0.0742431
0 -0.039268 -0.0712231 -0.0702307
0 -0.0376645 -0.0678435 -0.0661689
0 -0.0365287 -0.06483 -0.0622557
0 -0.0358851 -0.0622893 -0.0587228
0 -0.0356896 -0.0603081 -0.0558009
0 -0.0358551 -0.0589706 -0.0537086
0 -0.0362726 -0.0583617 -0.0526282
0 -0.0368229 -0.0585451 -0.0526628
0 -0.0373938 -0.0595233 -0.0538105
0 -0.0379039 -0.0612024 -0.0559622
0 -0.0383369 -0.0634092 -0.0589333
0 -0.0387668 -0.0659638 -0.0625194
0 -0.0393253 -0.0687301 -0.0665154
0 -0.0401353 -0.0716258 -0.0707064
0 -0.0412623 -0.0746097 -0.0748876
0 -0.0426872 -0.0776527 -0.0788826
0 -0.0443085 -0.0807085 -0.0825399
0 -0.0459731 -0.0836895 -0.0857456
0 -0.0475201 -0.0864617 -0.0884507
0 -0.0488215 -0.0888719 -0.0906719
0 -0.0498096 -0.090796 -0.0924689
0 -0.050486 -0.0921832 -0.0939184
0 -0.0508989 -0.0930635 -0.0950788
0 -0.0511064 -0.0935233 -0.0959613
0 -0.0511662 -0.0936827 -0.0965431
0 -0.0511338 -0.0936651 -0.0967981
0 -0.0510521 -0.093554 -0.0967187
0 -0.0509456 -0.0933714 -0.0963294
0 -0.0508209 -0.093087 -0.095685
0 -0.0506693 -0.0926492 -0.0948558
0 -0.0504712 -0.0920186 -0.0939057
0 -0.0501959 -0.091185 -0.0928709
0 -0.0497955 -0.0901529 -0.0917398
0 -0.049211 -0.0889191 -0.0904523
0 -0.0483987 -0.0874663 -0.0889266
0 -0.0473585 -0.0857702 -0.0870937
0 -0.0461416 -0.0838136 -0.0849186
0 -0.0448364 -0.0816014 -0.0824047
0 -0.0435457 -0.0791767 -0.0795914
0 -0.0423672 -0.0766308 -0.0765533
0 -0.0413733 -0.0740921 -0.0733985
0 -0.04059 -0.0716906 -0.070261
0 -0.0399868 -0.0695218 -0.0672817
0 -0.0394785 -0.0676189 -0.0645775
0 -0.0389551 -0.0659571 -0.0622282
0 -0.0383332 -0.0644897 -0.0602862
0 -0.0375854 -0.0631789 -0.0587768
0 -0.0367438 -0.0620134 -0.0576912
0 -0.0358862 -0.0610131 -0.0569853
0 -0.0351152 -0.0602232 -0.0565915
0 -0.0345405 -0.0597064 -0.056445
0 -0.0342594 -0.0595293 -0.0565064
0 -0.0343337 -0.0597421 -0.0567717
0 -0.0347762 -0.0603661 -0.0572759
0 -0.0355503 -0.0613964 -0.0580878
0 -0.0365808 -0.0628122 -0.059295
0 -0.0377759 -0.0645897 -0.0609846
0 -0.0390462 -0.0667034 -0.0632195
0 -0.0403202 -0.0691242 -0.0660165
0 -0.0415633 -0.0718238 -0.0693453
0 -0.0427893 -0.074781 -0.0731388
0 -0.044051 -0.077981 -0.0773078
0 -0.0454159 -0.0814089 -0.0817578
0 -0.0469385 -0.0850418 -0.0863947
0 -0.0486483 -0.0888524 -0.0911155
0 -0.0505473 -0.0928104 -0.0958143
0 -0.0526071 -0.0968729 -0.100405
0 -0.0547753 -0.100975 -0.104836
0 -0.0569745 -0.105022 -0.109079
0 -0.0590969 -0.108885 -0.113094
0 -0.0610209 -0.112415 -0.116819
0 -0.0626438 -0.115483 -0.120174
0 -0.0639019 -0.118001 -0.123073
0 -0.0647679 -0.119916 -0.125417
0 -0.0652548 -0.121219 -0.127117
0 -0.0654227 -0.121937 -0.128127
0 -0.0653615 -0.122129 -0.128449
0 -0.0651626 -0.121866 -0.128128
0 -0.0648978 -0.121223 -0.127248
0 -0.0646151 -0.120284 -0.125926
0 -0.0643351 -0.119141 -0.124303
0 -0.0640393 -0.117872 -0.122515
0 -0.0636693 -0.116525 -0.120663
0 -0.0631481 -0.115103 -0.118802
0 -0.0624216 -0.113588 -0.116954
0 -0.0614858 -0.111959 -0.115121
0 -0.0603836 -0.110204 -0.113285
0 -0.0591843 -0.108323 -0.111404
0 -0.0579548 -0.106326 -0.109417
0 -0.0567395 -0.104222 -0.107249
0 -0.055554 -0.102014 -0.104836
0 -0.0543877 -0.0996938 -0.102139
0 -0.0532118 -0.0972418 -0.0991507
0 -0.0519838 -0.094624 -0.0958847
0 -0.0506505 -0.0917934 -0.0923507
0 -0.0491596 -0.0887004 -0.0885505
0 -0.0474735 -0.0853061 -0.0844861
0 -0.0455754 -0.0815895 -0.0801668
0 -0.0434696 -0.077554 -0.0756065
0 -0.0411756 -0.0732268 -0.0708174
0 -0.038722 -0.0686538 -0.0658099
0 -0.0361512 -0.0639008 -0.0606082
0 -0.0335281 -0.0590567 -0.0552723
0 -0.0309336 -0.0542252 -0.0499043
0 -0.0284445 -0.0495071 -0.0446348
0 -0.0261306 -0.0450034 -0.0396109
0 -0.0240643 -0.0408314 -0.0349893
0 -0.0223117 -0.0371165 -0.0309174
0 -0.0209188 -0.033974 -0.0275128
0 -0.0199154 -0.0315084 -0.0248652
0 -0.0193259 -0.0298165 -0.0230486
0 -0.019167 -0.0289779 -0.0221225
0 -0.0194355 -0.0290438 -0.022131
0 -0.0201004 -0.0300302 -0.0231073
0 -0.0211185 -0.0319125 -0.0250791
0 -0.0224598 -0.0346346 -0.0280701
0 -0.0241153 -0.0381303 -0.0320875
0 -0.026086 -0.0423386 -0.0370987
0 -0.0283642 -0.0472045 -0.0430165
0 -0.0309194 -0.0526658 -0.0497018
0 -0.0337007 -0.0586406 -0.0569793
0 -0.0366489 -0.0650183 -0.0646677
0 -0.0397081 -0.0716656 -0.0726034
0 -0.0428307 -0.0784466 -0.0806152
0 -0.0459742 -0.0852304 -0.0885065
0 -0.0491014 -0.0918913 -0.0960883
0 -0.0521848 -0.0983153 -0.103216
0 -0.0552057 -0.104406 -0.109802
0 -0.0581483 -0.110087 -0.115813
0 -0.0609941 -0.115307 -0.121257
0 -0.063719 -0.120038 -0.126164
0 -0.0662938 -0.124284 -0.130575
0 -0.0686804 -0.128066 -0.134521
0 -0.070834 -0.131407 -0.138017
0 -0.0727112 -0.13433 -0.14107
0 -0.0742737 -0.136842 -0.143678
0 -0.0754936 -0.138934 -0.145837
0 -0.0763573 -0.140582 -0.147537
0 -0.0768607 -0.141746 -0.148755
0 -0.0770018 -0.14237 -0.149449
0 -0.0767775 -0.142386 -0.149551
0 -0.0761944 -0.141743 -0.148981
0 -0.0752815 -0.140414 -0.147663
0 -0.0740868 -0.138404 -0.145542
0 -0.0726594 -0.135738 -0.142585
0 -0.0710338 -0.132457 -0.138796
0 -0.0692247 -0.128614 -0.134218
0 -0.067229 -0.124265 -0.128933
0 -0.0650316 -0.119458 -0.123054
0 -0.0626125 -0.114234 -0.116704
0 -0.0599518 -0.108625 -0.109991
0 -0.0570391 -0.102667 -0.10298
0 -0.0538807 -0.0964001 -0.0957113
0 -0.0505016 -0.0898679 -0.0882335
0 -0.0469479 -0.0831251 -0.0806205
0 -0.0432876 -0.0762513 -0.0729664
0 -0.0396089 -0.0693605 -0.0653852
0 -0.0360104 -0.0625914 -0.0580118
0 -0.0325874 -0.0560902 -0.0509918
0 -0.0294218 -0.0499983 -0.0444605
0 -0.0265712 -0.0444374 -0.0385258
0 -0.0240663 -0.0394994 -0.0332663
0 -0.0219177 -0.0352451 -0.0287365
0 -0.0201255 -0.0317123 -0.0249749
0 -0.0186931 -0.0289285 -0.0220148
0 -0.0176305 -0.0269161 -0.0198862
0 -0.0169515 -0.0256899 -0.0186117
0 -0.0166724 -0.0252574 -0.0182067
0 -0.016807 -0.0256178 -0.018678
0 -0.0173635 -0.0267671 -0.020027
0 -0.0183436 -0.0287014 -0.0222554
0 -0.0197315 -0.0314059 -0.0253587
0 -0.021484 -0.0348403 -0.0293091
0 -0.0235353 -0.0389352 -0.0340487
0 -0.0258178 -0.0436028 -0.039497
0 -0.0282774 -0.048748 -0.0455628
0 -0.0308777 -0.054277 -0.052147
0 -0.0335943 -0.0601023 -0.0591375
0 -0.0363989 -0.0661312 -0.0664064
0 -0.0392485 -0.0722628 -0.0737973
0 -0.0420969 -0.078401 -0.0811167
0 -0.0449107 -0.0844561 -0.0881694
0 -0.0476759 -0.0903399 -0.094806
0 -0.050392 -0.0959668 -0.100939
0 -0.053052 -0.10125 -0.106529
0 -0.0556224 -0.106097 -0.111558
0 -0.0580426 -0.110417 -0.116013
0 -0.0602384 -0.114139 -0.119876
0 -0.062135 -0.117218 -0.123124
0 -0.0636652 -0.119632 -0.12572
0 -0.0647794 -0.121375 -0.127622
0 -0.0654643 -0.122459 -0.128808
0 -0.0657623 -0.12293 -0.129301
0 -0.06577 -0.122872 -0.129176
0 -0.0656122 -0.122406 -0.128557
0 -0.0653986 -0.121665 -0.12758
0 -0.0651881 -0.120765 -0.126369
0 -0.0649894 -0.119799 -0.125032
0 -0.064771 -0.118825 -0.123657
0 -0.0644687 -0.11785 -0.122296
0 -0.0639961 -0.116819 -0.120948
0 -0.0632624 -0.115617 -0.119545
0 -0.0622078 -0.114107 -0.117972
0 -0.0608327 -0.112177 -0.116096
0 -0.059201 -0.109776 -0.11379
0 -0.0574193 -0.106921 -0.110959
0 -0.0556055 -0.103688 -0.107557
0 -0.05386 -0.100188 -0.103609
0 -0.0522479 -0.0965496 -0.0992153
0 -0.0507889 -0.0928858 -0.0945333
0 -0.0494567 -0.0892797 -0.0897387
0 -0.0481875 -0.0857759 -0.0849923
0 -0.0468967 -0.0823806 -0.0804436
0 -0.0455068 -0.0790762 -0.0762275
0 -0.0439686 -0.0758478 -0.0724324
0 -0.042271 -0.0727016 -0.069077
0 -0.0404416 -0.0696667 -0.0661154
0 -0.0385417 -0.0667871 -0.0634587
0 -0.036658 -0.0641091 -0.0610077
0 -0.0348893 -0.0616699 -0.0586834
0 -0.0333267 -0.0594883 -0.0564443
0 -0.0320386 -0.057564 -0.0542917
0 -0.0310637 -0.0558901 -0.052268
0 -0.0304061 -0.0544606 -0.050442
0 -0.0300296 -0.053271 -0.0488845
0 -0.0298638 -0.0523181 -0.0476467
0 -0.0298213 -0.0516001 -0.0467503
0 -0.0298213 -0.0511198 -0.0461941
0 -0.0298162 -0.0508874 -0.0459708
0 -0.0298094 -0.0509236 -0.0460812
0 -0.0298523 -0.0512545 -0.0465394
0 -0.0300217 -0.0519013 -0.0473644
0 -0.0303888 -0.0528748 -0.0485678
0 -0.0309974 -0.0541807 -0.0501484
0 -0.0318553 -0.0558251 -0.0520964
0 -0.0329357 -0.0578104 -0.0543988
0 -0.0341821 -0.0601202 -0.0570365
0 -0.0355216 -0.0627082 -0.0599794
0 -0.0368846 -0.0655015 -0.0631863
0 -0.0382238 -0.0684154 -0.0666061
0 -0.0395244 -0.0713738 -0.0701795
0 -0.0408002 -0.0743211 -0.0738424
0 -0.0420773 -0.0772244 -0.0775318
0 -0.0433764 -0.0800718 -0.0811802
0 -0.0447036 -0.0828678 -0.084708
0 -0.0460503 -0.0856186 -0.0880331
0 -0.0473932 -0.0883101 -0.0910926
0 -0.048702 -0.0909006 -0.0938598
0 -0.0499472 -0.0933289 -0.096345
0 -0.0511021 -0.0955306 -0.0985793
0 -0.052145 -0.0974573 -0.100594
0 -0.0530574 -0.0990871 -0.102405
0 -0.0538241 -0.100425 -0.103998
0 -0.0544336 -0.101495 -0.10534
0 -0.0548811 -0.102321 -0.106393
0 -0.0551696 -0.10292 -0.107124
0 -0.0553082 -0.103289 -0.10752
0 -0.0553153 -0.103419 -0.107594
0 -0.0552211 -0.103306 -0.107382
0 -0.0550591 -0.102963 -0.106934
0 -0.0548542 -0.102427 -0.106298
0 -0.0546105 -0.101741 -0.105504
0 -0.0543033 -0.100936 -0.10456
0 -0.0538932 -0.100013 -0.103453
0 -0.0533525 -0.0989556 -0.102176
0 -0.0526796 -0.0977391 -0.100729
0 -0.0518964 -0.0963443 -0.0991196
0 -0.0510406 -0.0947722 -0.0973585
0 -0.0501519 -0.0930481 -0.0954531
0 -0.0492567 -0.0912127 -0.0934066
0 -0.048366 -0.0893112 -0.0912247
0 -0.0474858 -0.0873883 -0.0889297
0 -0.0466261 -0.0854862 -0.0865666
0 -0.0458022 -0.0836407 -0.0841981
0 -0.0450332 -0.0818832 -0.0818977
0 -0.0443392 -0.0802444 -0.0797441
0 -0.0437332 -0.0787543 -0.0778123
0 -0.0432119 -0.0774374 -0.0761582
0 -0.0427565 -0.0763094 -0.074808
0 -0.0423457 -0.0753824 -0.0737626
0 -0.0419691 -0.0746661 -0.0730077
0 -0.0416306 -0.0741628 -0.07252
0 -0.0413492 -0.0738674 -0.0722752
0 -0.0411532 -0.0737679 -0.0722503
0 -0.0410672 -0.0738448 -0.07242
0 -0.0411064 -0.0740784 -0.0727589
0 -0.0412764 -0.0744578 -0.0732472
0 -0.0415754 -0.0749862 -0.0738777
0 -0.0419968 -0.075679 -0.0746583
0 -0.0425239 -0.0765493 -0.075605
0 -0.0431265 -0.0775939 -0.0767302
0 -0.0437695 -0.0787922 -0.0780405
0 -0.044424 -0.0801128 -0.0795358
0 -0.0450712 -0.0815199 -0.0812067
0 -0.0457039 -0.0829812 -0.0830324
0 -0.0463246 -0.084473 -0.0849788
0 -0.0469389 -0.0859786 -0.0869948
0 -0.0475512 -0.0874842 -0.0890133
0 -0.0481633 -0.0889739 -0.0909589
0 -0.0487775 -0.0904274 -0.0927648
0 -0.0494015 -0.0918227 -0.0943916
0 -0.0500413 -0.0931356 -0.0958303
0 -0.0506875 -0.0943363 -0.0970872
0 -0.0513102 -0.0953917 -0.0981706
0 -0.0518647 -0.0962724 -0.0990825
0 -0.0523023 -0.0969551 -0.0998152
0 -0.0525789 -0.0974197 -0.100349
0 -0.0526623 -0.0976441 -0.100651
0 -0.0525389 -0.097602 -0.100684
0 -0.0522166 -0.0972658 -0.100407
0 -0.0517193 -0.0966091 -0.0997779
0 -0.0510762 -0.0956116 -0.0987564
0 -0.0503149 -0.0942669 -0.0973101
0 -0.0494634 -0.0925937 -0.09543
0 -0.0485534 -0.0906412 -0.0931448
0 -0.0476157 -0.0884803 -0.0905208
0 -0.0466764 -0.0861933 -0.0876537
0 -0.0457621 -0.083871 -0.084661
0 -0.0448978 -0.081605 -0.0816684
0 -0.0440998 -0.0794735 -0.0788016
0 -0.043369 -0.0775285 -0.0761793
0 -0.042687 -0.0757913 -0.0738958
0 -0.0420186 -0.0742551 -0.0719968
0 -0.0413202 -0.0728923 -0.0704681
0 -0.0405647 -0.0716713 -0.0692515
0 -0.0397634 -0.0705737 -0.0682734
0 -0.0389716 -0.0696013 -0.0674688
0 -0.0382808 -0.0687824 -0.0668016
0 -0.037798 -0.0681704 -0.0662735
0 -0.0376183 -0.0678364 -0.0659239
0 -0.037796 -0.0678534 -0.0658195
0 -0.0383232 -0.0682781 -0.0660391
0 -0.0391269 -0.0691339 -0.0666585
0 -0.0400896 -0.0704009 -0.0677366
0 -0.0410869 -0.072019 -0.0693079
0 -0.0420246 -0.0739042 -0.0713769
0 -0.0428578 -0.075968 -0.0739058
0 -0.0435872 -0.0781305 -0.0768024
0 -0.0442495 -0.0803291 -0.079931
0 -0.0448984 -0.0825166 -0.0831377
0 -0.0455817 -0.0846562 -0.0862608
0 -0.0463367 -0.0867271 -0.0891451
0 -0.047191 -0.0887227 -0.0916731
0 -0.0481486 -0.090628 -0.0937893
0 -0.0491772 -0.092402 -0.0954999
0 -0.0502107 -0.0939826 -0.0968557
0 -0.051162 -0.0953042 -0.0979265
0 -0.0519379 -0.0963119 -0.0987709
0 -0.0524518 -0.096968 -0.0994098
0 -0.0526444 -0.097255 -0.0998241
0 -0.052504 -0.0971778 -0.0999693
0 -0.0520727 -0.0967601 -0.0997934
0 -0.0514365 -0.0960352 -0.0992525
0 -0.0506985 -0.0950373 -0.0983197
0 -0.0499495 -0.0937991 -0.0969904
0 -0.0492441 -0.0923527 -0.0952843
0 -0.0485887 -0.0907268 -0.0932409
0 -0.0479514 -0.0889495 -0.0909197
0 -0.0472846 -0.0870511 -0.0883969
0 -0.0465497 -0.0850667 -0.0857568
0 -0.0457293 -0.0830333 -0.0830827
0 -0.0448283 -0.0809862 -0.0804531
0 -0.0438769 -0.078966 -0.0779475
0 -0.0429218 -0.0770203 -0.0756383
0 -0.042009 -0.0751992 -0.0735743
0 -0.041177 -0.073555 -0.0717781
0 -0.0404589 -0.0721419 -0.0702582
0 -0.039891 -0.0710174 -0.0690291
0 -0.0395139 -0.0702381 -0.068124
0 -0.0393613 -0.0698488 -0.0675903
0 -0.0394462 -0.069871 -0.0674762
0 -0.039755 -0.0703013 -0.0678197
0 -0.0402465 -0.0711111 -0.0686357
0 -0.0408539 -0.0722448 -0.0699018
0 -0.0415084 -0.0736328 -0.0715645
0 -0.0421624 -0.0752077 -0.0735507
0 -0.0427949 -0.0769052 -0.0757707
0 -0.0434103 -0.0786677 -0.0781278
0 -0.0440349 -0.0804524 -0.0805355
0 -0.0447022 -0.0822318 -0.0829234
0 -0.0454397 -0.0839951 -0.085235
0 -0.0462593 -0.0857423 -0.0874253
0 -0.0471537 -0.0874748 -0.0894635
0 -0.0481049 -0.0891939 -0.0913466
0 -0.0490902 -0.0908966 -0.0931036
0 -0.0500801 -0.0925699 -0.0947814
0 -0.0510383 -0.0941914 -0.0964251
0 -0.051925 -0.0957339 -0.0980618
0 -0.0527002 -0.0971683 -0.0996863
0 -0.0533305 -0.0984653 -0.101261
0 -0.0537938 -0.099594 -0.102719
0 -0.0540817 -0.10052 -0.103976
0 -0.0542056 -0.101209 -0.104952
0 -0.0541974 -0.101634 -0.105585
0 -0.0541042 -0.101784 -0.105843
0 -0.0539745 -0.101663 -0.105728
0 -0.053835 -0.10129 -0.105257
0 -0.0536754 -0.10068 -0.104455
0 -0.0534502 -0.0998473 -0.103343
0 -0.0530996 -0.0987929 -0.101946
0 -0.052572 -0.0975116 -0.100296
0 -0.0518433 -0.0959957 -0.0984256
0 -0.0509218 -0.0942432 -0.0963669
0 -0.0498403 -0.0922625 -0.0941379
0 -0.0486488 -0.0900809 -0.0917448
0 -0.047412 -0.0877523 -0.0891954
0 -0.0461989 -0.0853538 -0.0865088
0 -0.0450689 -0.0829695 -0.0837206
0 -0.0440615 -0.0806754 -0.0808846
0 -0.0431929 -0.0785286 -0.0780749
0 -0.042458 -0.0765654 -0.0753891
0 -0.0418356 -0.074803 -0.0729393
0 -0.0412997 -0.0732543 -0.0708352
0 -0.0408346 -0.0719468 -0.0691689
0 -0.0404371 -0.0709245 -0.0679987
0 -0.0401153 -0.0702369 -0.0673423
0 -0.0398876 -0.0699268 -0.0671842
0 -0.0397838 -0.07002 -0.0674907
0 -0.03984 -0.0705163 -0.0682215
0 -0.0400856 -0.0713853 -0.0693337
0 -0.040539 -0.07258 -0.0707876
0 -0.0411981 -0.0740499 -0.0725442
0 -0.0420333 -0.075745 -0.0745587
0 -0.042992 -0.0776168 -0.0767795
0 -0.0440066 -0.079613 -0.0791485
0 -0.0450061 -0.0816699 -0.0816018
0 -0.0459294 -0.0837124 -0.0840722
0 -0.0467379 -0.0856621 -0.0864895
0 -0.0474181 -0.0874476 -0.0887791
0 -0.0479804 -0.089018 -0.0908632
0 -0.0484523 -0.0903493 -0.0926664
0 -0.0488639 -0.0914381 -0.0941236
0 -0.0492367 -0.0922909 -0.0951923
0 -0.0495797 -0.0929169 -0.0958636
0 -0.0498878 -0.0933231 -0.0961633
0 -0.0501394 -0.0935092 -0.0961406
0 -0.0502974 -0.0934674 -0.0958507
0 -0.0503182 -0.0931878 -0.0953417
0 -0.0501621 -0.0926643 -0.0946426
0 -0.0498024 -0.0918945 -0.0937594
0 -0.049234 -0.0908791 -0.0926774
0 -0.0484762 -0.0896218 -0.0913692
0 -0.0475709 -0.0881316 -0.0898059
0 -0.0465765 -0.0864291 -0.0879696
0 -0.045555 -0.0845477 -0.0858596
0 -0.0445552 -0.0825283 -0.0834914
0 -0.0436106 -0.0804206 -0.0809025
0 -0.0427454 -0.078287 -0.0781611
0 -0.0419715 -0.0761945 -0.0753664
0 -0.0412866 -0.0742051 -0.0726446
0 -0.0406815 -0.0723753 -0.0701359
0 -0.0401479 -0.0707622 -0.0679738
0 -0.0396856 -0.069427 -0.0662688
0 -0.0393047 -0.0684331 -0.0650972
0 -0.0390218 -0.0678348 -0.0644934
0 -0.038856 -0.0676657 -0.064452
0 -0.0388253 -0.0679295 -0.064935
0 -0.0389447 -0.0685967 -0.0658821
0 -0.0392312 -0.0696175 -0.0672277
0 -0.0397071 -0.0709448 -0.0689162
0 -0.0403928 -0.0725464 -0.0709047
0 -0.0412918 -0.074404 -0.073159
0 -0.0423782 -0.0764998 -0.0756446
0 -0.0435982 -0.0788049 -0.0783256
0 -0.0448848 -0.0812759 -0.0811691
0 -0.0461703 -0.0838521 -0.0841418
0 -0.0473971 -0.0864579 -0.0872019
0 -0.0485282 -0.089016 -0.0902941
0 -0.0495462 -0.0914566 -0.0933404
0 -0.0504511 -0.0937248 -0.0962407
0 -0.0512543 -0.0957814 -0.0988865
0 -0.0519704 -0.0975951 -0.101178
0 -0.0526085 -0.0991346 -0.103036
0 -0.0531656 -0.100362 -0.104412
0 -0.0536245 -0.101237 -0.105287
0 -0.0539568 -0.101721 -0.105667
0 -0.0541294 -0.101789 -0.105577
0 -0.0541121 -0.10144 -0.105052
0 -0.0538804 -0.100695 -0.104127
0 -0.0534242 -0.0995929 -0.102834
0 -0.0527558 -0.0981842 -0.101209
0 -0.0519112 -0.0965221 -0.099294
0 -0.050946 -0.0946607 -0.0971398
0 -0.0499233 -0.0926555 -0.0948044
0 -0.0489018 -0.0905657 -0.0923486
0 -0.0479296 -0.0884569 -0.0898349
0 -0.0470382 -0.086396 -0.0873231
0 -0.0462414 -0.0844445 -0.0848705
0 -0.0455408 -0.0826545 -0.0825391
0 -0.0449366 -0.0810688 -0.0804055
0 -0.0444318 -0.079721 -0.0785599
0 -0.0440269 -0.078634 -0.0770868
0 -0.0437181 -0.0778245 -0.0760462
0 -0.0434996 -0.077307 -0.0754646
0 -0.0433679 -0.0770954 -0.0753344
0 -0.0433275 -0.0772 -0.0756244
0 -0.0433937 -0.0776224 -0.0762915
0 -0.0435887 -0.0783504 -0.077291
0 -0.04393 -0.0793529 -0.0785776
0 -0.0444185 -0.0805814 -0.0801018
0 -0.0450342 -0.0819782 -0.08181
0 -0.0457377 -0.0834832 -0.0836446
0 -0.046478 -0.0850368 -0.0855444
0 -0.0472034 -0.0865828 -0.0874463
0 -0.0478735 -0.0880703 -0.0892898
0 -0.0484664 -0.0894568 -0.0910209
0 -0.0489821 -0.0907132 -0.0925959
0 -0.049435 -0.0918226 -0.093982
0 -0.0498398 -0.092773 -0.0951525
0 -0.0502028 -0.0935556 -0.0960872
0 -0.0505229 -0.094166 -0.0967779
0 -0.0507916 -0.0946033 -0.0972282
0 -0.0509938 -0.0948666 -0.0974506
0 -0.0511166 -0.0949594 -0.0974679
0 -0.0511531 -0.0948912 -0.0973093
0 -0.0510975 -0.09467 -0.0969993
0 -0.0509432 -0.0943004 -0.0965506
0 -0.050684 -0.0937821 -0.0959627
0 -0.0503133 -0.0931072 -0.0952208
0 -0.0498306 -0.0922646 -0.0943026
0 -0.0492478 -0.091249 -0.0931897
0 -0.0485931 -0.0900692 -0.0918771
0 -0.0479048 -0.0887512 -0.0903765
0 -0.0472199 -0.0873327 -0.0887124
0 -0.0465651 -0.0858573 -0.0869191
0 -0.0459567 -0.0843722 -0.085042
0 -0.0454023 -0.0829244 -0.0831387
0 -0.0449013 -0.0815547 -0.0812762
0 -0.0444461 -0.0802916 -0.0795268
0 -0.0440234 -0.0791509 -0.0779609
0 -0.0436187 -0.0781401 -0.0766349
0 -0.0432202 -0.0772632 -0.0755792
0 -0.0428255 -0.0765271 -0.0747974
0 -0.0424486 -0.0759463 -0.0742738
0 -0.0421165 -0.0755367 -0.0739799
0 -0.041863 -0.0753104 -0.0738834
0 -0.0417248 -0.0752752 -0.0739591
0 -0.041733 -0.0754355 -0.0741952
0 -0.0419063 -0.0757936 -0.0745944
0 -0.0422448 -0.0763503 -0.0751703
0 -0.0427233 -0.0770992 -0.0759375
0 -0.0432961 -0.0780234 -0.0769038
0 -0.0439137 -0.0791012 -0.0780729
0 -0.0445324 -0.0803031 -0.0794379
0 -0.0451204 -0.081592 -0.0809771
0 -0.0456678 -0.0829322 -0.08266
0 -0.0461879 -0.0842984 -0.0844532
0 -0.0467112 -0.085681 -0.0863208
0 -0.0472718 -0.087083 -0.0882227
0 -0.047894 -0.0885127 -0.0901141
0 -0.0485847 -0.0899744 -0.0919482
0 -0.0493248 -0.0914523 -0.0936781
0 -0.0500753 -0.0929048 -0.095266
0 -0.0507914 -0.0942739 -0.0966918
0 -0.0514298 -0.0954948 -0.097948
0 -0.0519594 -0.0965149 -0.0990332
0 -0.0523645 -0.0973057 -0.0999446
0 -0.0526382 -0.0978599 -0.100666
0 -0.0527758 -0.0981813 -0.101164
0 -0.0527735 -0.0982738 -0.101397
0 -0.0526333 -0.0981362 -0.101324
0 -0.052369 -0.0977644 -0.100925
0 -0.0520038 -0.097154 -0.100203
0 -0.0515598 -0.0963023 -0.0991736
0 -0.0510507 -0.0952158 -0.0978622
0 -0.0504816 -0.0939157 -0.0963004
0 -0.0498536 -0.09244 -0.0945268
0 -0.0491719 -0.0908397 -0.0925893
0 -0.0484453 -0.089167 -0.0905396
0 -0.0476861 -0.0874654 -0.0884279
0 -0.0469108 -0.0857694 -0.0863024
0 -0.0461448 -0.0841129 -0.0842171
0 -0.0454214 -0.082535 -0.0822334
0 -0.0447691 -0.0810746 -0.0804104
0 -0.0442059 -0.0797686 -0.0788003
0 -0.0437406 -0.0786545 -0.0774461
0 -0.0433735 -0.077765 -0.0763783
0 -0.0430993 -0.0771227 -0.0756144
0 -0.0429099 -0.0767348 -0.0751584
0 -0.0427989 -0.0765921 -0.075003
0 -0.0427634 -0.0766722 -0.0751306
0 -0.0428026 -0.0769436 -0.0755122
0 -0.0429178 -0.0773744 -0.0761113
0 -0.0431112 -0.0779383 -0.0768865
0 -0.0433823 -0.0786163 -0.0777955
0 -0.0437279 -0.0793959 -0.0788015
0 -0.0441352 -0.0802619 -0.0798709
0 -0.0445799 -0.0811876 -0.0809716
0 -0.0450325 -0.0821374 -0.0820763
0 -0.0454666 -0.0830722 -0.0831637
0 -0.0458662 -0.0839586 -0.0842185
0 -0.0462257 -0.084774 -0.0852276
0 -0.0465441 -0.0855046 -0.0861733
0 -0.0468216 -0.0861442 -0.0870329
0 -0.0470583 -0.0866914 -0.0877802
0 -0.0472537 -0.0871455 -0.0883907
0 -0.0474083 -0.0875047 -0.0888471
0 -0.047523 -0.0877641 -0.0891417
0 -0.0475996 -0.0879172 -0.0892781
0 -0.0476435 -0.087964 -0.089273
0 -0.0476637 -0.0879154 -0.0891534
0 -0.047667 -0.0877907 -0.0889498
0 -0.0476572 -0.0876152 -0.0886917
0 -0.0476362 -0.0874174 -0.0884077
0 -0.0476096 -0.0872279 -0.0881292
0 -0.047587 -0.0870758 -0.0878898
0 -0.047575 -0.0869795 -0.0877172
0 -0.0475755 -0.0869454 -0.08763
0 -0.04759 -0.0869742 -0.0876402
0 -0.0476219 -0.0870655 -0.087754
0 -0.047678 -0.0872225 -0.0879735
0 -0.0477697 -0.0874547 -0.0883004
0 -0.0479095 -0.0877752 -0.0887347
0 -0.0481052 -0.0881945 -0.0892735
0 -0.048357 -0.088716 -0.0899106
0 -0.0486568 -0.0893323 -0.0906363
0 -0.0489906 -0.0900257 -0.091438
0 -0.0493404 -0.0907693 -0.0922989
0 -0.0496854 -0.0915295 -0.0931954
0 -0.0500046 -0.092269 -0.0940953
0 -0.0502812 -0.0929531 -0.0949601
0 -0.0505071 -0.0935548 -0.0957498
0 -0.0506805 -0.0940538 -0.0964244
0 -0.0507986 -0.09443 -0.0969432
0 -0.0508539 -0.0946586 -0.0972654
0 -0.0508308 -0.0947073 -0.097351
0 -0.0507058 -0.0945356 -0.0971602
0 -0.0504588 -0.0941064 -0.0966624
0 -0.0500851 -0.0934012 -0.095846
0 -0.0495955 -0.0924243 -0.0947178
0 -0.0490111 -0.0912018 -0.0933001
0 -0.0483544 -0.0897749 -0.0916248
0 -0.0476401 -0.0881861 -0.0897246
0 -0.0468795 -0.0864774 -0.0876368
0 -0.0460905 -0.0846942 -0.0854109
0 -0.0452901 -0.082876 -0.0831013
0 -0.044493 -0.0810558 -0.0807653
0 -0.0437152 -0.0792652 -0.0784691
0 -0.0429686 -0.0775338 -0.07628
0 -0.0422609 -0.0758934 -0.0742585
0 -0.0416027 -0.0743847 -0.072456
0 -0.0410112 -0.0730578 -0.0709153
0 -0.0405084 -0.0719641 -0.0696699
0 -0.0401108 -0.07114 -0.0687377
0 -0.0398251 -0.0705985 -0.0681209
0 -0.0396566 -0.070337 -0.0678166
0 -0.039613 -0.0703444 -0.0678226
0 -0.0397013 -0.070606 -0.0681347
0 -0.0399222 -0.0711061 -0.0687432
0 -0.0402697 -0.0718315 -0.0696315
0 -0.0407334 -0.0727741 -0.070781
0 -0.0413025 -0.0739291 -0.0721737
0 -0.0419659 -0.0752895 -0.0737934
0 -0.0427156 -0.076845 -0.0756286
0 -0.0435483 -0.0785827 -0.0776736
0 -0.0444596 -0.0804848 -0.0799222
0 -0.0454401 -0.0825291 -0.0823625
0 -0.0464764 -0.0846926 -0.0849762
0 -0.0475506 -0.0869508 -0.0877337
0 -0.0486448 -0.0892782 -0.0905932
0 -0.0497454 -0.09165 -0.0935025
0 -0.0508455 -0.0940422 -0.0964025
0 -0.0519469 -0.096431 -0.0992395
0 -0.0530525 -0.0987867 -0.10197
0 -0.054156 -0.10107 -0.104557
0 -0.0552381 -0.103232 -0.10697
0 -0.0562672 -0.105225 -0.109177
0 -0.0572066 -0.107004 -0.111149
0 -0.0580145 -0.108527 -0.112849
0 -0.0586488 -0.109752 -0.114235
0 -0.0590817 -0.110646 -0.115268
0 -0.0593042 -0.111187 -0.11592
0 -0.0593186 -0.111358 -0.116165
0 -0.0591378 -0.111148 -0.115983
0 -0.0587819 -0.11056 -0.115363
0 -0.0582707 -0.109601 -0.114297
0 -0.0576171 -0.108286 -0.112789
0 -0.0568233 -0.10663 -0.110845
0 -0.0558863 -0.104647 -0.108485
0 -0.0548023 -0.102354 -0.105741
0 -0.0535719 -0.0997729 -0.102655
0 -0.0522062 -0.0969324 -0.0992806
0 -0.0507238 -0.0938708 -0.09567
0 -0.0491507 -0.0906346 -0.0918698
0 -0.0475191 -0.0872776 -0.0879194
0 -0.0458639 -0.083856 -0.0838574
0 -0.0442172 -0.0804223 -0.0797332
0 -0.0426051 -0.0770209 -0.0756166
0 -0.0410509 -0.0736959 -0.0715981
0 -0.0395778 -0.0704993 -0.0677766
0 -0.0382027 -0.0674894 -0.064242
0 -0.0369375 -0.0647285 -0.0610667
0 -0.0357947 -0.0622803 -0.0583076
0 -0.0347875 -0.0602003 -0.0560068
0 -0.0339307 -0.0585303 -0.0541921
0 -0.0332422 -0.0572969 -0.0528788
0 -0.0327441 -0.056514 -0.0520718
0 -0.0324618 -0.0561856 -0.0517696
0 -0.0324177 -0.0563054 -0.0519635
0 -0.0326267 -0.0568605 -0.0526398
0 -0.0330932 -0.0578352 -0.0537841
0 -0.0338025 -0.0592102 -0.055378
0 -0.0347173 -0.0609571 -0.0573954
0 -0.035784 -0.0630356 -0.0598032
0 -0.0369461 -0.065393 -0.0625601
0 -0.0381577 -0.0679703 -0.065618
0 -0.0393924 -0.0707084 -0.0689216
0 -0.0406381 -0.0735487 -0.0724038
0 -0.0418907 -0.0764339 -0.0759861
0 -0.0431463 -0.0793098 -0.0795882
0 -0.0443972 -0.0821293 -0.0831313
0 -0.0456348 -0.0848587 -0.0865374
0 -0.0468495 -0.0874741 -0.0897289
0 -0.048032 -0.0899532 -0.0926407
0 -0.0491764 -0.0922726 -0.0952383
0 -0.0502772 -0.0944055 -0.097521
0 -0.051324 -0.096324 -0.0995115
0 -0.0523004 -0.0980078 -0.101243
0 -0.0531836 -0.0994475 -0.102746
0 -0.0539447 -0.100643 -0.104035
0 -0.0545558 -0.101604 -0.105111
0 -0.0550021 -0.102344 -0.105968
0 -0.0552864 -0.102882 -0.106603
0 -0.0554227 -0.103229 -0.107015
0 -0.055428 -0.103382 -0.1072
0 -0.0553217 -0.103332 -0.107155
0 -0.0551266 -0.103076 -0.106882
0 -0.0548636 -0.102617 -0.106384
0 -0.0545463 -0.101968 -0.105664
0 -0.0541795 -0.101152 -0.104729
0 -0.0537574 -0.100188 -0.103586
0 -0.053273 -0.0990967 -0.102255
0 -0.0527275 -0.0978978 -0.100772
0 -0.0521332 -0.0966139 -0.0991844
0 -0.0515098 -0.0952727 -0.0975468
0 -0.0508738 -0.0939024 -0.0959043
0 -0.0502306 -0.0925259 -0.0942829
0 -0.0495772 -0.0911597 -0.0926911
0 -0.0489113 -0.0898164 -0.0911299
0 -0.0482357 -0.0885033 -0.0895973
0 -0.0475577 -0.0872214 -0.0880907
0 -0.0468912 -0.0859705 -0.0866119
0 -0.0462551 -0.0847539 -0.0851685
0 -0.0456645 -0.0835769 -0.0837685
0 -0.045127 -0.0824471 -0.0824188
0 -0.0446449 -0.081378 -0.0811293
0 -0.0442175 -0.0803868 -0.0799155
0 -0.0438407 -0.0794897 -0.0787973
0 -0.0435076 -0.0786976 -0.077796
0 -0.0432083 -0.0780126 -0.0769286
0 -0.0429342 -0.0774311 -0.0762071
0 -0.0426822 -0.076948 -0.0756372
0 -0.042455 -0.0765603 -0.0752171
0 -0.0422576 -0.0762638 -0.0749341
0 -0.0420938 -0.0760516 -0.0747651
0 -0.0419691 -0.0759169 -0.0746846
0 -0.0418863 -0.0758496 -0.0746658
0 -0.0418423 -0.075834 -0.0746819
0 -0.0418324 -0.0758542 -0.074714
0 -0.0418571 -0.0759031 -0.0747575
0 -0.0419207 -0.0759836 -0.0748215
0 -0.042025 -0.0761036 -0.0749217
0 -0.042168 -0.0762749 -0.0750766
0 -0.0423474 -0.0765127 -0.075308
0 -0.0425593 -0.0768317 -0.0756369
0 -0.0427988 -0.0772414 -0.0760805
0 -0.0430634 -0.0777472 -0.0766519
0 -0.0433581 -0.0783545 -0.0773634
0 -0.0436946 -0.079071 -0.0782258
0 -0.0440844 -0.0799027 -0.0792429
0 -0.0445321 -0.0808508 -0.0804092
0 -0.0450332 -0.081908 -0.0817087
0 -0.0455749 -0.0830579 -0.0831182
0 -0.0461381 -0.0842748 -0.0846086
0 -0.0467023 -0.0855268 -0.0861473
0 -0.0472547 -0.0867845 -0.0877038
0 -0.0477935 -0.0880262 -0.0892529
0 -0.0483243 -0.0892379 -0.0907704
0 -0.0488542 -0.0904128 -0.0922321
0 -0.0493907 -0.0915505 -0.0936177
0 -0.0499384 -0.0926536 -0.0949149
0 -0.050494 -0.093721 -0.0961188
0 -0.0510437 -0.0947421 -0.0972285
0 -0.0515662 -0.0956984 -0.0982465
0 -0.0520353 -0.0965645 -0.0991719
0 -0.0524202 -0.097308 -0.0999923
0 -0.0526911 -0.0978933 -0.100681
0 -0.052829 -0.09829 -0.101204
0 -0.0528283 -0.0984749 -0.10152
0 -0.0526944 -0.098429 -0.101587
0 -0.0524409 -0.0981378 -0.101366
0 -0.0520869 -0.0975943 -0.100825
0 -0.0516545 -0.0968038 -0.0999521
0 -0.0511626 -0.0957828 -0.0987568
0 -0.0506269 -0.0945612 -0.0972708
0 -0.0500573 -0.0931788 -0.0955469
0 -0.0494556 -0.0916775 -0.0936488
0 -0.0488155 -0.0900952 -0.0916397
0 -0.0481256 -0.0884597 -0.0895706
0 -0.0473782 -0.0867898 -0.0874799
0 -0.0465775 -0.0851006 -0.085398
0 -0.0457374 -0.0834044 -0.0833479
0 -0.0448771 -0.0817126 -0.0813453
0 -0.0440204 -0.08004 -0.0794021
0 -0.0431918 -0.0784069 -0.0775286
0 -0.0424159 -0.0768429 -0.0757378
0 -0.04172 -0.0753882 -0.0740532
0 -0.0411275 -0.0740858 -0.0725074
0 -0.0406514 -0.0729711 -0.0711377
0 -0.0402953 -0.0720705 -0.0699848
0 -0.0400568 -0.0714021 -0.0690909
0 -0.0399266 -0.0709747 -0.0684915
0 -0.0398933 -0.0707908 -0.0682115
0 -0.0399509 -0.0708545 -0.0682674
0 -0.0400977 -0.0711686 -0.0686628
0 -0.0403378 -0.0717348 -0.06939
0 -0.0406818 -0.0725545 -0.070435
0 -0.0411375 -0.0736208 -0.0717736
0 -0.0417024 -0.0749126 -0.0733695
0 -0.0423658 -0.0763984 -0.0751805
0 -0.0431132 -0.0780417 -0.0771657
0 -0.0439282 -0.0798043 -0.0792881
0 -0.0447922 -0.0816487 -0.081514
0 -0.0456844 -0.0835403 -0.0838108
0 -0.046586 -0.085451 -0.0861468
0 -0.0474827 -0.0873588 -0.0884892
0 -0.048364 -0.089245 -0.0908026
0 -0.0492223 -0.0910914 -0.0930473
0 -0.0500501 -0.0928758 -0.0951811
0 -0.0508412 -0.0945724 -0.0971666
0 -0.0515909 -0.0961537 -0.0989775
0 -0.0522933 -0.0975925 -0.100598
0 -0.0529383 -0.0988644 -0.102017
0 -0.0535115 -0.0999498 -0.103226
0 -0.053996 -0.100836 -0.104217
0 -0.0543728 -0.101512 -0.10498
0 -0.0546212 -0.101967 -0.105497
0 -0.0547217 -0.102181 -0.105749
0 -0.0546616 -0.102134 -0.105712
0 -0.0544385 -0.101808 -0.105369
0 -0.0540609 -0.101189 -0.104704
0 -0.0535458 -0.100275 -0.103705
0 -0.0529181 -0.0990806 -0.102374
0 -0.052203 -0.0976348 -0.100722
0 -0.051419 -0.0959726 -0.0987749
0 -0.0505806 -0.0941351 -0.096571
0 -0.0496988 -0.092165 -0.094165
0 -0.0487827 -0.0901038 -0.0916184
0 -0.0478434 -0.087992 -0.0889935
0 -0.046897 -0.0858719 -0.0863507
0 -0.0459644 -0.0837884 -0.0837506
0 -0.0450699 -0.0817882 -0.0812574
0 -0.0442369 -0.0799164 -0.078938
0 -0.0434817 -0.0782125 -0.0768532
0 -0.0428115 -0.0767096 -0.0750495
0 -0.042229 -0.0754357 -0.0735574
0 -0.0417348 -0.0744121 -0.0723907
0 -0.0413298 -0.0736497 -0.071549
0 -0.0410224 -0.073153 -0.0710257
0 -0.0408317 -0.0729255 -0.0708167
0 -0.0407831 -0.0729705 -0.0709202
0 -0.0408953 -0.0732871 -0.0713305
0 -0.0411734 -0.0738695 -0.072037
0 -0.0416083 -0.0747095 -0.0730268
0 -0.0421786 -0.0757949 -0.0742856
0 -0.042853 -0.0771048 -0.0757963
0 -0.043596 -0.0786059 -0.0775364
0 -0.0443713 -0.0802522 -0.0794738
0 -0.045147 -0.081988 -0.0815659
0 -0.0459001 -0.0837558 -0.0837618
0 -0.0466161 -0.0855023 -0.0860012
0 -0.0472873 -0.0871813 -0.0882137
0 -0.0479153 -0.0887608 -0.0903242
0 -0.0485089 -0.0902229 -0.0922601
0 -0.0490752 -0.0915546 -0.0939549
0 -0.0496119 -0.0927353 -0.0953569
0 -0.0501059 -0.0937345 -0.0964384
0 -0.0505384 -0.0945185 -0.0972
0 -0.0508892 -0.095061 -0.0976642
0 -0.0511383 -0.0953502 -0.0978648
0 -0.0512687 -0.0953925 -0.0978355
0 -0.0512676 -0.0952092 -0.0976022
0 -0.0511308 -0.0948306 -0.0971822
0 -0.0508648 -0.0942869 -0.096587
0 -0.0504887 -0.0936031 -0.0958268
0 -0.0500319 -0.0927975 -0.0949143
0 -0.0495271 -0.091884 -0.0938641
0 -0.0490042 -0.0908772 -0.0926933
0 -0.0484852 -0.0897974 -0.0914208
0 -0.0479784 -0.0886658 -0.0900631
0 -0.047477 -0.0874996 -0.0886321
0 -0.0469663 -0.0863093 -0.0871386
0 -0.0464342 -0.0851017 -0.0855989
0 -0.0458763 -0.0838814 -0.0840368
0 -0.045297 -0.0826533 -0.0824805
0 -0.0447128 -0.0814302 -0.080965
0 -0.0441522 -0.0802414 -0.0795326
0 -0.0436458 -0.0791293 -0.0782251
0 -0.0432135 -0.0781387 -0.0770735
0 -0.0428635 -0.077309 -0.0760991
0 -0.0425967 -0.076669 -0.0753202
0 -0.0424109 -0.0762329 -0.0747549
0 -0.0423041 -0.0760013 -0.0744206
0 -0.0422793 -0.0759692 -0.0743352
0 -0.0423426 -0.0761301 -0.0745107
0 -0.0424953 -0.0764758 -0.0749449
0 -0.0427338 -0.0769991 -0.0756218
0 -0.0430504 -0.0776926 -0.0765145
0 -0.0434354 -0.0785452 -0.0775907
0 -0.0438797 -0.0795406 -0.0788192
0 -0.0443759 -0.0806559 -0.0801722
0 -0.0449173 -0.0818634 -0.0816265
0 -0.045499 -0.0831377 -0.0831648
0 -0.0461189 -0.0844611 -0.0847752
0 -0.0467752 -0.0858256 -0.0864473
0 -0.0474639 -0.0872292 -0.0881692
0 -0.0481751 -0.0886682 -0.0899236
0 -0.0488924 -0.0901314 -0.091686
0 -0.0495954 -0.0915965 -0.0934251
0 -0.050265 -0.0930303 -0.0951066
0 -0.0508853 -0.0943924 -0.0966955
0 -0.0514452 -0.0956413 -0.098158
0 -0.051936 -0.0967396 -0.0994599
0 -0.0523482 -0.0976566 -0.100566
0 -0.0526746 -0.0983726 -0.101443
0 -0.0529139 -0.0988822 -0.102071
0 -0.0530672 -0.0991877 -0.102439
0 -0.0531337 -0.0992918 -0.102543
0 -0.0531101 -0.0991959 -0.102392
0 -0.0529933 -0.0989018 -0.101998
0 -0.0527813 -0.0984137 -0.101382
0 -0.0524722 -0.0977376 -0.100562
0 -0.0520657 -0.0968822 -0.099552
0 -0.0515657 -0.0958606 -0.0983665
0 -0.0509797 -0.0946877 -0.0970157
0 -0.0503198 -0.0933808 -0.0955101
0 -0.0496038 -0.0919605 -0.0938639
0 -0.0488516 -0.090449 -0.0920945
0 -0.0480807 -0.0888683 -0.0902204
0 -0.0473056 -0.0872404 -0.0882619
0 -0.0465357 -0.0855857 -0.0862402
0 -0.0457779 -0.0839246 -0.0841815
0 -0.0450401 -0.0822802 -0.0821207
0 -0.0443293 -0.0806755 -0.0800998
0 -0.0436498 -0.079132 -0.0781651
0 -0.0430036 -0.0776708 -0.076361
0 -0.0423927 -0.0763142 -0.0747255
0 -0.0418253 -0.0750903 -0.0732916
0 -0.0413144 -0.0740293 -0.0720827
0 -0.040874 -0.0731576 -0.0711118
0 -0.0405217 -0.0724977 -0.0703869
0 -0.0402749 -0.0720648 -0.069913
0 -0.0401466 -0.0718645 -0.0696916
0 -0.0401443 -0.0718945 -0.0697222
0 -0.0402718 -0.0721507 -0.0700062
0 -0.0405288 -0.0726301 -0.0705477
0 -0.040908 -0.07333 -0.071349
0 -0.0413984 -0.0742491 -0.0724118
0 -0.0419875 -0.0753859 -0.0737358
0 -0.0426637 -0.0767353 -0.0753177
0 -0.0434164 -0.0782859 -0.0771488
0 -0.0442356 -0.0800186 -0.0792134
0 -0.04511 -0.0819045 -0.0814866
0 -0.0460233 -0.0839045 -0.0839304
0 -0.0469542 -0.0859737 -0.0864953
0 -0.0478839 -0.088069 -0.0891241
0 -0.0488021 -0.0901556 -0.0917558
0 -0.0497071 -0.0922074 -0.0943255
0 -0.0506041 -0.0942052 -0.0967717
0 -0.051496 -0.0961272 -0.0990431
0 -0.0523757 -0.0979422 -0.101103
0 -0.0532275 -0.0996133 -0.102931
0 -0.054029 -0.101106 -0.104525
0 -0.0547535 -0.102391 -0.105889
0 -0.0553724 -0.103451 -0.107028
0 -0.0558583 -0.104276 -0.107939
0 -0.05619 -0.104862 -0.108614
0 -0.0563556 -0.105208 -0.109041
0 -0.0563531 -0.105308 -0.109202
0 -0.0561959 -0.105158 -0.109085
0 -0.0559088 -0.104756 -0.108681
0 -0.0555157 -0.104101 -0.107982
0 -0.0550343 -0.103198 -0.10698
0 -0.0544741 -0.102057 -0.105674
0 -0.0538366 -0.100695 -0.104073
0 -0.0531198 -0.0991333 -0.102197
0 -0.0523245 -0.0973946 -0.100084
0 -0.0514592 -0.0955096 -0.0977877
0 -0.0505434 -0.0935187 -0.0953707
0 -0.0496027 -0.0914707 -0.0928971
0 -0.0486621 -0.0894167 -0.0904215
0 -0.0477421 -0.0874044 -0.0879867
0 -0.0468577 -0.0854735 -0.0856288
0 -0.046019 -0.083653 -0.083382
0 -0.0452322 -0.0819603 -0.0812814
0 -0.0445034 -0.0804068 -0.0793649
0 -0.0438421 -0.0790063 -0.0776704
0 -0.0432582 -0.077777 -0.0762281
0 -0.0427597 -0.0767397 -0.0750544
0 -0.042353 -0.0759156 -0.0741533
0 -0.0420447 -0.0753225 -0.0735211
0 -0.0418421 -0.0749704 -0.0731511
0 -0.041748 -0.0748551 -0.0730322
0 -0.0417569 -0.0749554 -0.0731472
0 -0.0418579 -0.0752394 -0.073475
0 -0.0420344 -0.0756702 -0.0739893
0 -0.0422622 -0.0762074 -0.0746537
0 -0.0425174 -0.0768145 -0.0754263
0 -0.0427837 -0.077464 -0.0762665
0 -0.0430538 -0.0781355 -0.0771384
0 -0.0433289 -0.0788149 -0.0780139
0 -0.0436153 -0.0794931 -0.0788735
0 -0.0439196 -0.0801653 -0.0797053
0 -0.0442428 -0.080828 -0.0805015
0 -0.0445779 -0.0814758 -0.081257
0 -0.0449102 -0.0820997 -0.0819674
0 -0.0452187 -0.0826845 -0.0826262
0 -0.0454861 -0.083215 -0.0832294
0 -0.0457039 -0.0836795 -0.0837756
0 -0.0458715 -0.0840708 -0.0842628
0 -0.0459963 -0.0843887 -0.0846889
0 -0.0460898 -0.0846395 -0.0850501
0 -0.046161 -0.0848302 -0.0853388
0 -0.0462143 -0.0849658 -0.0855453
0 -0.0462552 -0.0850537 -0.0856664
0 -0.0462914 -0.0851038 -0.0857092
0 -0.0463305 -0.085127 -0.0856897
0 -0.0463821 -0.0851387 -0.0856346
0 -0.0464553 -0.0851589 -0.0855779
0 -0.0465559 -0.0852102 -0.0855556
0 -0.046687 -0.0853166 -0.0856037
0 -0.0468486 -0.0855005 -0.0857542
0 -0.0470383 -0.0857789 -0.0860325
0 -0.0472526 -0.0861612 -0.0864552
0 -0.0474876 -0.0866473 -0.0870283
0 -0.0477381 -0.0872269 -0.0877447
0 -0.0480008 -0.0878833 -0.0885865
0 -0.0482766 -0.0885989 -0.0895286
0 -0.0485688 -0.0893567 -0.09054
0 -0.0488798 -0.0901408 -0.0915843
0 -0.0492091 -0.0909351 -0.0926219
0 -0.0495558 -0.0917266 -0.0936186
0 -0.0499207 -0.092506 -0.0945523
0 -0.0503026 -0.0932653 -0.0954141
0 -0.0506946 -0.0939942 -0.096204
0 -0.051082 -0.0946795 -0.0969265
0 -0.0514448 -0.0953064 -0.0975858
0 -0.051761 -0.0958598 -0.0981822
0 -0.0520056 -0.0963199 -0.0987043
0 -0.0521568 -0.0966643 -0.0991296
0 -0.0522053 -0.0968737 -0.0994319
0 -0.0521529 -0.0969317 -0.0995823
0 -0.0520094 -0.0968244 -0.0995506
0 -0.0517908 -0.096544 -0.099311
0 -0.0515155 -0.0960911 -0.0988468
0 -0.0511987 -0.0954736 -0.0981529
0 -0.0508486 -0.094705 -0.0972371
0 -0.050469 -0.0938054 -0.0961235
0 -0.0500603 -0.0927991 -0.0948497
0 -0.0496187 -0.0917101 -0.0934591
0 -0.049139 -0.0905595 -0.0919938
0 -0.0486179 -0.089365 -0.0904897
0 -0.0480563 -0.0881409 -0.0889741
0 -0.0474618 -0.0869004 -0.0874673
0 -0.0468481 -0.0856583 -0.085985
0 -0.0462341 -0.0844322 -0.0845407
0 -0.0456455 -0.083248 -0.0831514
0 -0.0451119 -0.0821391 -0.0818408
0 -0.0446566 -0.0811384 -0.0806355
0 -0.0442923 -0.0802742 -0.0795631
0 -0.0440205 -0.079568 -0.078652
0 -0.0438345 -0.0790336 -0.0779295
0 -0.043723 -0.0786763 -0.07742
0 -0.0436729 -0.0784937 -0.0771408
0 -0.0436727 -0.0784773 -0.0770981
0 -0.0437169 -0.0786179 -0.0772879
0 -0.0438077 -0.0789083 -0.0776965
0 -0.0439533 -0.0793429 -0.0783026
0 -0.0441645 -0.0799169 -0.0790811
0 -0.0444481 -0.0806222 -0.080004
0 -0.0448038 -0.0814449 -0.081042
0 -0.0452245 -0.0823676 -0.0821694
0 -0.0456982 -0.0833696 -0.0833663
0 -0.0462088 -0.0844283 -0.0846176
0 -0.0467401 -0.0855222 -0.0859115
0 -0.0472763 -0.0866313 -0.0872358
0 -0.0478016 -0.0877353 -0.0885736
0 -0.0483037 -0.0888155 -0.0899042
0 -0.0487748 -0.089856 -0.0912039
0 -0.0492094 -0.0908412 -0.0924438
0 -0.049603 -0.0917543 -0.0935916
0 -0.049954 -0.0925786 -0.0946161
0 -0.050263 -0.0932987 -0.0954922
0 -0.0505305 -0.0938999 -0.0962022
0 -0.0507531 -0.0943679 -0.0967346
0 -0.0509236 -0.0946903 -0.0970837
0 -0.0510329 -0.0948591 -0.0972495
0 -0.0510714 -0.0948713 -0.0972351
0 -0.0510299 -0.094727 -0.0970453
0 -0.0509031 -0.0944299 -0.096686
0 -0.0506921 -0.093988 -0.0961661
0 -0.050405 -0.0934124 -0.0954964
0 -0.0500533 -0.0927158 -0.0946884
0 -0.0496514 -0.0919133 -0.0937549
0 -0.0492154 -0.0910236 -0.0927114
0 -0.0487615 -0.0900689 -0.0915772
0 -0.0483039 -0.0890736 -0.090374
0 -0.0478525 -0.088061 -0.0891251
0 -0.0474134 -0.0870515 -0.0878551
0 -0.04699 -0.0860636 -0.0865915
0 -0.0465846 -0.0851128 -0.0853634
0 -0.0461978 -0.0842119 -0.0841993
0 -0.0458305 -0.0833712 -0.083125
0 -0.0454845 -0.0826006 -0.0821625
0 -0.0451637 -0.0819105 -0.081329
0 -0.0448736 -0.0813121 -0.0806348
0 -0.0446208 -0.0808167 -0.0800832
0 -0.0444139 -0.0804349 -0.0796735
0 -0.0442621 -0.080175 -0.0794026
0 -0.0441741 -0.080042 -0.0792679
0 -0.0441566 -0.0800371 -0.0792676
0 -0.0442125 -0.080158 -0.0794013
0 -0.0443398 -0.0804002 -0.0796693
0 -0.0445319 -0.0807576 -0.0800711
0 -0.0447788 -0.0812235 -0.0806049
0 -0.0450686 -0.0817899 -0.0812662
0 -0.0453898 -0.0824468 -0.0820474
0 -0.045732 -0.0831811 -0.0829366
0 -0.0460877 -0.0839781 -0.0839191
0 -0.0464529 -0.0848218 -0.084977
0 -0.0468255 -0.0856962 -0.086089
0 -0.0472051 -0.0865866 -0.0872306
0 -0.0475911 -0.0874794 -0.0883761
0 -0.0479816 -0.0883619 -0.0894994
0 -0.0483724 -0.0892214 -0.0905754
0 -0.0487566 -0.0900448 -0.0915815
0 -0.0491259 -0.0908178 -0.0924993
0 -0.049471 -0.0915252 -0.0933159
0 -0.0497827 -0.0921513 -0.0940233
0 -0.0500516 -0.0926818 -0.0946171
0 -0.0502686 -0.0931045 -0.0950939
0 -0.0504264 -0.0934122 -0.0954502
0 -0.0505207 -0.0936017 -0.0956823
0 -0.0505498 -0.0936734 -0.0957857
0 -0.0505155 -0.0936297 -0.0957565
0 -0.0504231 -0.0934743 -0.0955933
0 -0.0502804 -0.0932123 -0.0952976
0 -0.050096 -0.0928499 -0.0948747
0 -0.0498773 -0.0923949 -0.094333
0 -0.0496301 -0.0918574 -0.0936844
0 -0.0493581 -0.0912492 -0.0929431
0 -0.0490637 -0.0905837 -0.0921256
0 -0.0487491 -0.0898746 -0.0912492
0 -0.0484173 -0.0891355 -0.0903324
0 -0.0480732 -0.08838 -0.0893939
0 -0.0477233 -0.0876208 -0.0884518
0 -0.0473752 -0.0868708 -0.0875239
0 -0.0470368 -0.0861423 -0.0866266
0 -0.0467155 -0.0854479 -0.0857749
0 -0.0464177 -0.0847997 -0.0849823
0 -0.0461484 -0.0842095 -0.0842603
0 -0.0459118 -0.083688 -0.0836195
0 -0.0457112 -0.083244 -0.0830694
0 -0.0455492 -0.0828838 -0.082619
0 -0.0454274 -0.0826117 -0.0822763
0 -0.0453469 -0.0824303 -0.0820472
0 -0.0453081 -0.0823407 -0.0819352
0 -0.0453106 -0.0823433 -0.0819406
0 -0.0453535 -0.0824372 -0.082061
0 -0.0454353 -0.08262 -0.0822913
0 -0.0455542 -0.0828872 -0.0826244
0 -0.0457081 -0.0832326 -0.0830522
0 -0.0458941 -0.0836483 -0.0835654
0 -0.0461088 -0.0841248 -0.0841538
0 -0.0463479 -0.0846518 -0.0848062
0 -0.0466065 -0.0852189 -0.0855099
0 -0.0468791 -0.0858155 -0.0862511
0 -0.0471602 -0.0864309 -0.0870155
0 -0.0474442 -0.0870542 -0.0877887
0 -0.0477258 -0.0876741 -0.0885566
0 -0.0480003 -0.0882794 -0.0893056
0 -0.0482632 -0.0888592 -0.0900223
0 -0.0485104 -0.0894035 -0.0906939
0 -0.048738 -0.0899031 -0.0913084
0 -0.0489425 -0.0903499 -0.0918546
0 -0.0491206 -0.0907365 -0.0923233
0 -0.0492695 -0.0910566 -0.0927072
0 -0.0493866 -0.0913049 -0.0930012
0 -0.0494697 -0.0914774 -0.0932023
0 -0.0495171 -0.0915715 -0.0933093
0 -0.0495276 -0.0915865 -0.0933229
0 -0.0495008 -0.0915232 -0.0932449
0 -0.0494371 -0.0913845 -0.0930784
0 -0.0493381 -0.0911745 -0.0928278
0 -0.049207 -0.0908987 -0.0924984
0 -0.0490475 -0.0905638 -0.0920972
0 -0.0488645 -0.0901772 -0.091632
0 -0.0486628 -0.0897473 -0.0911117
0 -0.0484473 -0.089283 -0.0905464
0 -0.0482229 -0.088794 -0.0899465
0 -0.0479937 -0.0882897 -0.0893233
0 -0.0477638 -0.0877799 -0.0886888
0 -0.0475368 -0.0872739 -0.0880553
0 -0.0473162 -0.0867803 -0.0874354
0 -0.0471051 -0.0863075 -0.0868411
0 -0.0469068 -0.0858629 -0.086284
0 -0.0467239 -0.0854539 -0.0857744
0 -0.0465591 -0.0850871 -0.0853209
0 -0.0464144 -0.0847685 -0.0849301
